Accel: 0.003 0.005 1.026
Gyro: 5.798 3.036 5.310
Accel: 0.002 0.003 1.027
Gyro: 5.279 2.609 5.645
Accel: 0.008 0.008 1.025
Gyro: 4.943 2.334 5.676
Accel: 0.006 0.008 1.025
Gyro: 4.760 2.197 5.584
Accel: 0.003 0.009 1.022
Gyro: 4.455 1.617 5.142
Accel: 0.005 0.008 1.020
Gyro: 3.585 0.534 4.776
Accel: 0.007 0.009 1.020
Gyro: 2.914 0.427 4.226
Accel: 0.007 0.011 1.016
Gyro: 2.273 0.244 3.662
Accel: 0.062 0.011 1.014
Gyro: 1.953 0.106 3.067
Accel: 0.0000 0.009 1.009
Gyro: 1.266 0.106 2.563
Accel: 0.002 0.011 1.007
Gyro: 0.701 0.259 1.907
Accel: 0.0000 0.014 1.007
Gyro: 0.289 0.503 1.388
Accel: 0.002 0.012 1.006
Gyro: 0.045 1.602 1.129
Accel: 0.002 0.009 1.005
Gyro: 0.778 2.975 0.900
Accel: 0.0000 0.005 1.002
Gyro: -1.373 3.662 1.007
Accel: 0.005 0.003 1.007
Gyro: -1.831 3.326 1.266
Accel: 0.002 0.004 1.006
Gyro: -2.334 3.372 1.312
Accel: 0.0001 0.008 1.005
Gyro: -2.731 3.372 1.449
Accel: 0.0000 0.011 1.0000
Gyro: -3.082 3.341 1.693
Accel: 0.0000 0.013 0.995
Gyro: -3.570 2.899 2.014
Accel: 0.003 0.018 0.989
Gyro: -4.531 2.243 2.639
Accel: 0.0001 0.022 0.994
Gyro: -4.852 1.876 3.097
Accel: 0.005 0.025 0.994
Gyro: -5.111 1.235 3.356
Accel: 0.007 0.028 0.995
Gyro: -5.355 0.152 3.494
Accel: 0.005 0.033 0.998
Gyro: -4.898 -1.647 3.555
Accel: 0.007 0.037 0.998
Gyro: -4.302 -2.914 3.646
Accel: 0.005 0.037 1.002
Gyro: -3.921 -3.341 3.753
Accel: 0.005 0.039 1.004
Gyro: -3.799 -3.067 3.692
Accel: 0.0001 0.037 1.004
Gyro: -3.692 -2.700 3.677
Accel: 0.003 0.039 1.006
Gyro: -3.479 -1.754 3.555
Accel: 0.006 0.036 1.0010
Gyro: -2.883 0.732 3.494
Accel: 0.007 0.031 1.008
Gyro: -2.334 0.305 3.479
Accel: 0.006 0.029 1.002
Gyro: -2.258 0.091 3.311
Accel: 0.002 0.026 1.002
Gyro: -1.510 1.052 2.807
Accel: 0.0000 0.030 1.003
Gyro: -1.373 2.807 2.593
Accel: 0.003 0.022 1.007
Gyro: -1.403 4.516 2.334
Accel: 0.002 0.020 1.005
Gyro: -1.617 5.981 1.876
Accel: 0.002 0.018 1.0001
Gyro: -2.136 6.973 1.678
Accel: 0.002 0.017 1.0000
Gyro: -2.548 6.866 1.190
Accel: 0.0001 0.016 0.999
Gyro: -2.670 5.233 0.656
Accel: 0.006 0.012 0.996
Gyro: -2.777 2.227 0.152
Accel: 0.007 0.009 0.990
Gyro: -3.051 0.625 0.946
Accel: 0.007 0.012 0.996
Gyro: -3.341 -2.914 -1.296
Accel: 0.002 0.011 1.007
Gyro: -3.082 -5.386 -1.449
Accel: 0.002 0.008 1.014
Gyro: -2.944 -7.614 -1.632
Accel: 0.002 0.005 1.022
Gyro: -2.838 -9.765 -1.708
Accel: 0.002 0.006 1.033
Gyro: -2.120 -11.779 -1.556
Accel: 0.005 0.005 1.049
Gyro: -1.174 -14.038 -1.480
Accel: 0.007 0.012 1.062
Gyro: 0.274 -16.433 -1.586
Accel: 0.0010 0.021 1.078
Gyro: 1.296 -18.478 -1.571
Accel: 0.0010 0.024 1.095
Gyro: 3.204 -19.409 -1.083
Accel: 0.0010 0.029 1.112
Gyro: 4.882 -19.607 0.564
Accel: 0.012 0.029 1.118
Gyro: 5.813 -18.646 0.122
Accel: 0.018 0.026 1.122
Gyro: 6.332 -11.825 1.068
Accel: 0.030 0.022 1.126
Gyro: 6.790 -12.298 2.288
Accel: 0.038 0.022 1.128
Gyro: 7.034 -9.277 3.280
Accel: 0.032 0.018 1.124
Gyro: 6.744 -6.805 4.455
Accel: 0.028 0.016 1.121
Gyro: 6.179 -4.745 5.218
Accel: 0.028 0.016 1.112
Gyro: 5.828 -3.509 6.149
Accel: 0.031 0.009 1.101
Gyro: 5.477 -3.143 6.576
Accel: 0.025 0.008 1.090
Gyro: 5.371 -3.463 6.439
Accel: 0.018 0.009 1.077
Gyro: 5.508 -4.959 6.546
Accel: 0.013 0.0010 1.070
Gyro: 5.462 -8.346 6.851
Accel: 0.015 0.0010 1.071
Gyro: 5.172 -14.511 6.912
Accel: 0.0010 0.019 1.080
Gyro: 4.318 -23.468 6.973
Accel: 0.003 0.021 1.101
Gyro: 2.990 -34.271 6.988
Accel: 0.023 0.017 1.138
Gyro: 1.327 -46.630 6.774
Accel: 0.037 0.0010 1.190
Gyro: 0.091 -59.906 6.011
Accel: 0.040 0.0000 1.312
Gyro: 0.885 -70.556 5.035
Accel: 0.024 0.002 1.326
Gyro: -2.380 -80.429 5.050
Accel: 0.011 0.003 1.404
Gyro: -4.013 -87.051 4.837
Accel: 0.041 0.020 1.484
Gyro: -4.837 -89.782 3.967
Accel: 0.072 0.046 1.567
Gyro: -3.906 -88.867 3.295
Accel: 0.098 0.073 1.634
Gyro: -3.082 -82.870 3.265
Accel: 0.133 0.099 1.697
Gyro: -3.845 -72.219 3.616
Accel: 0.183 0.103 1.754
Gyro: -4.455 -60.272 4.257
Accel: 0.215 0.105 1.867
Gyro: -5.645 -50.338 6.820
Accel: 0.209 0.095 1.853
Gyro: -7.751 -40.237 10.864
Accel: 0.223 0.002 1.868
Gyro: -9.613 -28.656 13.259
Accel: 0.247 0.037 1.862
Gyro: -11.276 -14.358 13.748
Accel: 0.283 0.027 1.854
Gyro: -11.093 0.640 14.053
Accel: 0.319 0.029 1.815
Gyro: -10.055 10.269 14.175
Accel: 0.359 0.036 1.753
Gyro: -10.406 17.120 14.617
Accel: 0.388 0.048 1.682
Gyro: -10.665 19.348 15.014
Accel: 0.372 0.059 1.603
Gyro: -11.245 18.066 15.548
Accel: 0.343 0.056 1.520
Gyro: -11.642 13.641 15.701
Accel: 0.309 0.055 1.433
Gyro: -11.947 6.881 16.281
Accel: 0.275 0.076 1.346
Gyro: -10.498 0.640 17.593
Accel: 0.280 0.058 1.270
Gyro: -3.921 0.549 16.372
Accel: 0.281 0.043 1.226
Gyro: -5.325 5.615 12.161
Accel: 0.190 0.051 1.222
Gyro: 0.625 15.914 7.125
Accel: 0.210 0.048 1.205
Gyro: 4.821 26.367 4.104
Accel: 0.149 0.0001 1.104
Gyro: 5.737 36.407 4.714
Accel: 0.193 0.019 1.185
Gyro: 6.896 43.167 4.776
Accel: 0.205 0.019 1.080
Gyro: 13.809 46.859 2.746
Accel: 0.177 0.018 1.008
Gyro: 11.0001 46.340 3.509
Accel: 0.163 0.038 1.009
Gyro: 8.270 48.950 4.547
Accel: 0.161 0.026 1.020
Gyro: 7.766 48.492 3.753
Accel: 0.140 0.031 1.020
Gyro: 8.407 46.173 0.991
Accel: 0.098 0.052 0.989
Gyro: 9.307 43.945 -1.419
Accel: 0.077 0.053 0.936
Gyro: 9.292 42.877 -3.524
Accel: 0.089 0.033 0.884
Gyro: 9.094 41.900 -5.523
Accel: 0.107 0.014 0.824
Gyro: 8.132 41.305 -7.415
Accel: 0.115 0.003 0.768
Gyro: 5.874 41.198 -8.621
Accel: 0.131 0.014 0.709
Gyro: 2.197 41.839 -9.201
Accel: 0.141 0.009 0.657
Gyro: -2.502 42.556 -9.246
Accel: 0.133 0.008 0.624
Gyro: -8.621 42.251 -8.514
Accel: 0.110 0.038 0.603
Gyro: -15.426 41.351 -6.744
Accel: 0.089 0.068 0.601
Gyro: -21.682 40.832 -3.570
Accel: 0.075 0.079 0.601
Gyro: -26.321 40.603 0.488
Accel: 0.062 0.076 0.595
Gyro: -34.912 40.435 5.340
Accel: 0.040 0.059 0.594
Gyro: -35.568 41.442 10.314
Accel: 0.020 0.034 0.596
Gyro: -39.306 42.755 15.243
Accel: 0.017 0.017 0.590
Gyro: -42.160 45.684 19.317
Accel: 0.033 0.014 0.575
Gyro: -43.380 50.003 22.109
Accel: 0.065 0.009 0.544
Gyro: -43.899 55.664 24.169
Accel: 0.086 0.015 0.520
Gyro: -44.036 60.989 25.146
Accel: 0.081 0.035 0.503
Gyro: -44.250 65.689 25.466
Accel: 0.066 0.057 0.490
Gyro: -44.799 68.923 25.878
Accel: 0.051 0.084 0.496
Gyro: -45.028 70.770 26.626
Accel: 0.029 0.114 0.523
Gyro: -45.028 70.053 27.236
Accel: 0.0000 0.123 0.542
Gyro: -44.525 67.199 27.832
Accel: 0.022 0.106 0.549
Gyro: -43.594 63.461 28.472
Accel: 0.029 0.081 0.547
Gyro: -41.961 59.631 29.037
Accel: 0.019 0.063 0.541
Gyro: -39.352 56.121 28.900
Accel: 0.0000 0.045 0.531
Gyro: -36.056 52.581 23.529
Accel: 0.012 0.044 0.531
Gyro: -27.511 48.156 24.261
Accel: 0.0001 0.062 0.538
Gyro: -25.650 42.404 20.629
Accel: 0.040 0.091 0.550
Gyro: -18.890 35.461 17.623
Accel: 0.080 0.110 0.559
Gyro: -12.023 27.587 14.785
Accel: 0.117 0.123 0.578
Gyro: -5.249 19.485 11.764
Accel: 0.082 0.016 1.084
Gyro: 8.102 -9.078 11.810
Accel: 0.091 0.016 1.083
Gyro: 7.522 -7.217 11.825
Accel: 0.082 0.011 1.087
Gyro: 7.125 -5.233 10.757
Accel: 0.054 0.002 1.092
Gyro: 7.293 -3.051 8.666
Accel: 0.034 0.016 1.078
Gyro: 8.499 0.930 6.378
Accel: 0.018 0.029 1.056
Gyro: 9.750 6.530 4.409
Accel: 0.015 0.037 1.027
Gyro: 9.765 13.580 2.685
Accel: 0.027 0.034 1.011
Gyro: 9.735 20.568 1.785
Accel: 0.041 0.021 0.995
Gyro: 9.780 27.679 1.419
Accel: 0.032 0.011 0.981
Gyro: 9.063 32.577 0.793
Accel: 0.061 0.0001 0.966
Gyro: 7.354 35.095 0.427
Accel: 0.027 0.015 0.950
Gyro: 5.493 36.254 0.778
Accel: 0.056 0.019 0.934
Gyro: 3.860 36.117 1.663
Accel: 0.080 0.017 0.916
Gyro: 2.227 35.034 2.029
Accel: 0.090 0.008 0.901
Gyro: 0.946 32.958 1.922
Accel: 0.090 0.0000 0.893
Gyro: 0.473 30.761 1.464
Accel: 0.087 0.008 0.884
Gyro: 0.778 28.106 1.052
Accel: 0.096 0.015 0.885
Gyro: 1.159 24.963 0.411
Accel: 0.120 0.023 0.895
Gyro: 1.647 20.523 0.167
Accel: 0.145 0.029 0.901
Gyro: 1.586 14.877 0.900
Accel: 0.143 0.032 0.899
Gyro: 0.854 9.368 2.609
Accel: 0.129 0.035 0.901
Gyro: 0.411 4.577 3.952
Accel: 0.123 0.036 0.906
Gyro: -1.434 0.823 5.126
Accel: 0.118 0.036 0.916
Gyro: -1.754 -7.476 5.691
Accel: 0.111 0.033 0.926
Gyro: -1.754 -7.965 5.691
Accel: 0.096 0.025 0.936
Gyro: 0.793 -11.337 5.462
Accel: 0.086 0.021 0.946
Gyro: 0.686 -12.893 4.257
Accel: 0.090 0.019 0.962
Gyro: 1.785 -12.329 2.426
Accel: 0.113 0.012 0.985
Gyro: 3.112 -10.528 0.778
Accel: 0.143 0.015 1.002
Gyro: 4.272 -9.170 0.808
Accel: 0.165 0.025 1.009
Gyro: 4.943 -3.997 -1.647
Accel: 0.143 0.035 0.995
Gyro: 5.432 -5.294 -1.815
Accel: 0.108 0.047 0.975
Gyro: 5.416 -2.014 -1.388
Accel: 0.083 0.053 0.966
Gyro: 4.455 0.213 0.549
Accel: 0.066 0.048 0.968
Gyro: 3.738 0.213 0.106
Accel: 0.062 0.045 0.985
Gyro: 3.540 -2.105 0.137
Accel: 0.067 0.046 1.0000
Gyro: 3.555 -5.752 0.518
Accel: 0.067 0.048 1.014
Gyro: 3.936 -8.575 -1.556
Accel: 0.064 0.046 1.026
Gyro: 5.020 -9.994 -2.731
Accel: 0.065 0.044 1.030
Gyro: 6.317 -9.811 -3.631
Accel: 0.060 0.047 1.030
Gyro: 6.622 -9.078 -4.104
Accel: 0.040 0.047 1.023
Gyro: 6.301 -8.041 -3.814
Accel: 0.024 0.046 1.019
Gyro: 5.874 -6.927 -3.692
Accel: 0.024 0.045 1.020
Gyro: 5.493 -6.744 -3.784
Accel: 0.035 0.049 1.023
Gyro: 4.989 -7.064 -4.638
Accel: 0.060 0.049 1.030
Gyro: 4.486 -7.461 -5.416
Accel: 0.073 0.056 1.025
Gyro: 3.768 -6.790 -5.447
Accel: 0.078 0.053 1.031
Gyro: 3.311 0.091 -5.020
Accel: 0.085 0.047 1.041
Gyro: 3.128 0.137 -4.211
Accel: 0.0001 0.049 1.042
Gyro: 2.899 3.143 -3.616
Accel: 0.025 0.050 1.034
Gyro: 2.899 6.423 -3.219
Accel: 0.0000 0.052 1.033
Gyro: 3.295 8.102 -3.570
Accel: 0.008 0.056 1.036
Gyro: 3.448 7.385 -4.577
Accel: 0.020 0.061 1.037
Gyro: 3.326 4.837 -6.423
Accel: 0.023 0.063 1.031
Gyro: 3.479 1.754 -7.995
Accel: 0.020 0.063 1.020
Gyro: 4.211 -3.875 -9.063
Accel: 0.034 0.055 1.017
Gyro: 5.233 0.946 -9.628
Accel: 0.041 0.050 1.007
Gyro: 5.599 -1.403 -10.055
Accel: 0.033 0.043 0.998
Gyro: 5.661 0.686 -10.116
Accel: 0.036 0.044 1.0000
Gyro: 5.310 0.488 -9.323
Accel: 0.051 0.054 0.997
Gyro: 4.394 1.754 -8.666
Accel: 0.068 0.066 1.005
Gyro: 3.097 2.441 -7.965
Accel: 0.062 0.067 1.008
Gyro: 2.670 3.448 -7.507
Accel: 0.062 0.059 1.0010
Gyro: 2.990 4.226 -7.110
Accel: 0.062 0.056 1.0010
Gyro: 3.723 3.967 -6.454
Accel: 0.047 0.057 1.0001
Gyro: 4.318 3.524 -6.072
Accel: 0.032 0.062 0.991
Gyro: 4.592 3.082 -5.477
Accel: 0.035 0.066 0.985
Gyro: 4.425 2.288 -5.111
Accel: 0.055 0.065 0.986
Gyro: 3.692 0.625 -5.447
Accel: 0.069 0.057 0.987
Gyro: 3.112 -1.098 -5.950
Accel: 0.066 0.046 0.981
Gyro: 3.356 -1.693 -5.722
Accel: 0.073 0.046 0.974
Gyro: 3.738 -1.464 -5.249
Accel: 0.088 0.046 0.983
Gyro: 4.135 -1.098 -4.745
Accel: 0.087 0.043 0.985
Gyro: 4.653 0.564 -4.013
Accel: 0.070 0.044 0.982
Gyro: 4.165 0.625 -3.387
Accel: 0.052 0.044 0.987
Gyro: 3.677 1.205 -3.219
Accel: 0.050 0.041 0.990
Gyro: 3.295 0.976 -3.097
Accel: 0.059 0.047 0.993
Gyro: 2.975 0.320 -3.280
Accel: 0.065 0.057 0.995
Gyro: 2.639 -2.670 -3.463
Accel: 0.065 0.065 0.994
Gyro: 2.914 -4.913 -3.265
Accel: 0.054 0.074 0.986
Gyro: 3.463 -6.057 -2.853
Accel: 0.045 0.087 0.984
Gyro: 3.768 -6.103 -3.082
Accel: 0.047 0.077 0.992
Gyro: 3.784 -5.981 -3.479
Accel: 0.052 0.058 0.992
Gyro: 3.814 -5.844 -2.899
Accel: 0.051 0.050 0.987
Gyro: 2.563 -5.340 -2.273
Accel: 0.054 0.041 1.0001
Gyro: 0.885 -5.462 -2.227
Accel: 0.077 0.031 1.017
Gyro: 0.762 -11.520 -1.770
Accel: 0.083 0.034 1.014
Gyro: -1.876 -10.147 0.350
Accel: 0.056 0.047 1.004
Gyro: -2.426 -11.047 0.869
Accel: 0.037 0.059 1.003
Gyro: -2.380 -10.620 0.915
Accel: 0.037 0.059 1.013
Gyro: 0.778 -10.131 0.091
Accel: 0.025 0.055 1.017
Gyro: 1.220 -9.643 0.442
Accel: 0.002 0.049 1.020
Gyro: 3.463 -7.675 -1.556
Accel: 0.017 0.055 1.031
Gyro: 4.348 -5.187 -2.838
Accel: 0.032 0.057 1.044
Gyro: 4.379 -3.326 -3.479
Accel: 0.030 0.072 1.043
Gyro: 3.692 -1.647 -4.638
Accel: 0.024 0.073 1.031
Gyro: 2.914 0.976 -6.027
Accel: 0.027 0.067 1.015
Gyro: 2.548 4.745 -7.110
Accel: 0.034 0.073 0.988
Gyro: 3.097 9.658 -7.888
Accel: 0.024 0.075 0.944
Gyro: 2.700 14.190 -8.453
Accel: 0.026 0.062 0.914
Gyro: 2.044 15.853 -8.209
Accel: 0.028 0.047 0.860
Gyro: 2.334 15.213 -6.866
Accel: 0.024 0.035 0.784
Gyro: 4.791 13.778 -4.104
Accel: 0.041 0.053 0.708
Gyro: 8.026 8.041 0.534
Accel: 0.034 0.071 0.572
Gyro: 7.308 -2.304 2.441
Accel: 0.012 0.042 0.407
Gyro: 11.0001 -10.498 5.966
Accel: 0.0010 0.026 0.241
Gyro: 19.653 -18.051 8.789
Accel: 0.051 0.069 0.103
Gyro: 27.648 -25.634 10.025
Accel: 0.034 0.055 0.052
Gyro: 34.118 -28.152 10.025
Accel: 0.013 0.024 0.058
Gyro: 40.618 -25.360 9.933
Accel: 0.0010 0.020 0.046
Gyro: 50.659 -22.659 9.704
Accel: 0.013 0.020 0.027
Gyro: 51.605 -20.187 9.597
Accel: 0.009 0.017 0.037
Gyro: 55.358 -17.623 9.368
Accel: 0.003 0.013 0.039
Gyro: 58.319 -14.999 9.155
Accel: 0.003 0.013 0.035
Gyro: 60.348 -12.481 8.880
Accel: 0.0001 0.0010 0.031
Gyro: 61.889 -9.857 8.804
Accel: 0.0001 0.0010 0.033
Gyro: 62.652 -7.705 8.605
Accel: 0.0001 0.008 0.033
Gyro: 62.973 -5.294 8.316
Accel: 0.003 0.009 0.035
Gyro: 62.698 -3.005 8.163
Accel: 0.002 0.008 0.037
Gyro: 62.164 0.823 7.904
Accel: 0.004 0.009 0.037
Gyro: 61.492 1.358 7.675
Accel: 0.006 0.007 0.041
Gyro: 60.653 3.479 7.431
Accel: 0.002 0.006 0.047
Gyro: 59.585 5.081 7.156
Accel: 0.006 0.005 0.048
Gyro: 58.135 7.095 6.927
Accel: 0.004 0.005 0.048
Gyro: 56.610 8.895 6.530
Accel: 0.003 0.005 0.053
Gyro: 54.672 10.620 6.072
Accel: 0.004 0.003 0.055
Gyro: 52.444 12.390 5.615
Accel: 0.003 0.004 0.058
Gyro: 49.911 14.022 5.172
Accel: 0.004 0.062 0.065
Gyro: 46.508 15.823 4.623
Accel: 0.004 0.0000 0.065
Gyro: 42.816 17.532 3.860
Accel: 0.002 0.0000 0.067
Gyro: 38.864 19.210 3.143
Accel: 0.003 0.0001 0.068
Gyro: 34.820 21.026 2.517
Accel: 0.003 0.0001 0.070
Gyro: 30.868 22.384 1.800
Accel: 0.003 0.0001 0.072
Gyro: 26.947 24.017 1.251
Accel: 0.003 0.0001 0.076
Gyro: 23.223 25.390 0.701
Accel: 0.004 0.002 0.083
Gyro: 19.393 26.580 0.320
Accel: 0.004 0.0001 0.086
Gyro: 15.518 27.770 0.137
Accel: 0.004 0.0001 0.091
Gyro: 11.886 28.991 0.045
Accel: 0.003 0.0000 0.091
Gyro: 8.544 30.029 0.137
Accel: 0.008 0.002 0.103
Gyro: 6.652 31.036 0.167
Accel: 0.0000 0.0001 0.095
Gyro: 5.279 31.890 0.747
Accel: 0.004 0.009 0.109
Gyro: 0.030 32.516 -3.417
Accel: 0.0001 0.011 0.107
Gyro: -5.828 33.172 -5.294
Accel: 0.002 0.003 0.113
Gyro: -12.115 33.645 -6.057
Accel: 0.005 0.005 0.117
Gyro: -16.708 34.057 -6.210
Accel: 0.0010 0.011 0.123
Gyro: -19.927 34.347 -6.027
Accel: 0.053 0.051 0.057
Gyro: -34.729 31.723 -12.145
Accel: 0.670 0.260 0.961
Gyro: -499.969 -499.969 144.409
Accel: 0.976 0.927 1.179
Gyro: -499.969 -499.969 182.678
Accel: 7.999 0.186 7.999
Gyro: -499.969 -363.235 74.188
Accel: 0.866 0.009 -4.527
Gyro: 239.379 -351.425 38.696
Accel: 0.217 0.447 2.814
Gyro: 265.945 -347.915 33.737
Accel: 0.379 0.091 3.296
Gyro: 226.531 -155.899 18.081
Accel: 0.176 0.362 1.117
Gyro: 118.453 94.161 -8.285
Accel: 0.582 0.069 0.892
Gyro: 67.840 201.019 -31.539
Accel: 0.053 0.102 1.661
Gyro: 11.734 247.161 -50.140
Accel: 0.664 0.345 2.692
Gyro: -85.372 179.763 -46.249
Accel: -1.052 0.530 5.060
Gyro: 10.421 25.634 -32.333
Accel: 0.818 0.052 1.870
Gyro: 41.107 22.949 -17.288
Accel: 0.277 0.358 1.336
Gyro: -12.054 -52.169 -2.319
Accel: 0.183 0.640 0.912
Gyro: -76.599 -112.579 3.890
Accel: 0.063 0.384 1.130
Gyro: -114.883 -138.839 14.266
Accel: 0.383 0.157 1.664
Gyro: -103.347 -123.580 27.755
Accel: 0.792 0.038 1.632
Gyro: -86.746 -57.067 32.684
Accel: 0.981 0.197 1.445
Gyro: -66.726 7.751 28.274
Accel: 0.975 0.439 1.387
Gyro: -44.204 48.980 21.026
Accel: 0.805 0.474 1.236
Gyro: -30.075 65.368 15.411
Accel: 0.589 0.321 1.112
Gyro: -29.907 68.969 11.337
Accel: 0.343 0.134 1.214
Gyro: -26.489 60.943 11.978
Accel: 0.277 0.092 1.182
Gyro: -22.415 55.221 9.262
Accel: 0.234 0.049 1.138
Gyro: -20.401 52.551 0.183
Accel: 0.147 0.041 1.139
Gyro: -16.098 43.975 -9.323
Accel: 0.107 0.060 1.135
Gyro: -10.894 30.517 -14.495
Accel: 0.070 0.081 1.118
Gyro: 0.656 14.892 -13.717
Accel: 0.063 0.092 1.101
Gyro: 10.482 0.427 -9.078
Accel: 0.074 0.109 1.091
Gyro: 21.255 -1.724 0.167
Accel: 0.117 0.113 1.071
Gyro: 29.449 -5.310 -3.067
Accel: 0.155 0.097 1.034
Gyro: 32.394 -6.866 -7.476
Accel: 0.160 0.057 1.019
Gyro: 29.251 -7.080 -13.885
Accel: 0.134 0.062 0.987
Gyro: 24.383 -5.035 -18.081
Accel: 0.108 0.020 0.969
Gyro: 21.194 -3.417 -18.600
Accel: 0.116 0.009 0.970
Gyro: 19.882 0.350 -16.952
Accel: 0.136 0.016 0.948
Gyro: 19.149 5.691 -16.159
Accel: 0.143 0.042 0.919
Gyro: 17.791 13.320 -18.188
Accel: 0.111 0.035 0.921
Gyro: 16.098 17.944 -20.095
Accel: 0.077 0.036 0.930
Gyro: 14.770 20.767 -20.095
Accel: 0.053 0.066 0.918
Gyro: 7.827 21.728 -19.073
Accel: 0.035 0.075 0.896
Gyro: 8.453 21.575 -17.028
Accel: 0.047 0.046 0.929
Gyro: 3.723 21.804 -13.992
Accel: 0.056 0.026 0.964
Gyro: -1.785 23.162 -11.047
Accel: 0.069 0.056 0.975
Gyro: -6.561 25.726 -9.155
Accel: 0.083 0.081 0.979
Gyro: -11.016 30.273 -10.498
Accel: 0.085 0.048 0.966
Gyro: -19.393 42.541 -13.992
Accel: 0.057 0.017 0.980
Gyro: -19.699 48.675 -17.196
Accel: 0.027 0.028 0.961
Gyro: -21.545 55.221 -19.195
Accel: 0.028 0.026 0.953
Gyro: -21.606 56.137 -21.011
Accel: 0.003 0.028 0.982
Gyro: -19.210 52.108 -21.072
Accel: 0.036 0.029 0.995
Gyro: -16.998 47.332 -18.310
Accel: 0.050 0.020 0.995
Gyro: -14.358 41.778 -13.412
Accel: 0.022 0.024 0.967
Gyro: -12.802 37.918 -11.016
Accel: 0.020 0.014 0.965
Gyro: -16.357 38.146 -7.827
Accel: 0.037 0.036 0.937
Gyro: -11.978 44.281 -14.007
Accel: 0.074 0.0001 0.992
Gyro: -18.997 47.790 -19.683
Accel: 0.108 0.087 1.012
Gyro: -21.957 46.279 -22.979
Accel: 0.168 0.251 1.070
Gyro: -24.673 41.992 -22.598
Accel: 0.269 0.292 1.166
Gyro: -23.086 32.852 -14.755
Accel: 0.229 0.167 1.112
Gyro: -20.050 24.993 -7.659
Accel: 0.133 0.066 1.146
Gyro: -17.364 24.398 -5.081
Accel: 0.040 0.085 1.173
Gyro: -9.597 34.530 -7.888
Accel: 0.090 0.005 1.166
Gyro: 2.502 37.902 -17.807
Accel: 0.097 0.056 1.318
Gyro: 31.692 45.639 -20.263
Accel: 0.173 0.197 1.134
Gyro: 57.174 54.779 -6.866
Accel: 0.155 0.319 0.899
Gyro: 45.272 47.790 8.468
Accel: 0.0010 0.053 0.905
Gyro: 22.354 26.702 16.677
Accel: 0.071 0.058 1.020
Gyro: 8.285 10.955 16.693
Accel: 0.071 0.053 1.096
Gyro: 1.220 2.151 13.198
Accel: 0.099 0.079 1.114
Gyro: 0.152 -4.699 9.628
Accel: 0.014 0.090 1.133
Gyro: 3.128 -9.460 8.148
Accel: 0.047 0.114 1.062
Gyro: 8.544 -5.340 11.703
Accel: 0.128 0.093 1.082
Gyro: 17.349 -2.044 16.403
Accel: 0.176 0.083 1.051
Gyro: 23.681 -3.067 17.578
Accel: 0.148 0.020 1.012
Gyro: 23.696 -6.347 14.617
Accel: 0.127 0.021 0.985
Gyro: 20.523 -10.513 9.750
Accel: 0.137 0.025 0.984
Gyro: 18.325 -14.450 0.213
Accel: 0.142 0.015 0.984
Gyro: 17.379 -18.569 0.473
Accel: 0.138 0.005 0.977
Gyro: 16.799 -24.475 -1.037
Accel: 0.135 0.026 0.988
Gyro: 18.142 -33.828 -1.266
Accel: 0.126 0.066 0.984
Gyro: 19.943 -44.174 -1.434
Accel: 0.119 0.093 0.992
Gyro: 20.080 -57.006 -2.273
Accel: 0.102 0.101 0.968
Gyro: 19.058 -71.517 -3.738
Accel: 0.059 0.077 0.934
Gyro: 16.326 -82.717 -5.035
Accel: 0.031 0.044 0.918
Gyro: 13.992 -89.172 -4.608
Accel: 0.002 0.003 0.926
Gyro: 13.442 -92.803 -2.593
Accel: 0.026 0.027 0.946
Gyro: 12.390 -90.988 0.289
Accel: 0.050 0.032 0.991
Gyro: 10.528 -84.701 1.708
Accel: 0.073 0.027 1.032
Gyro: 9.414 -74.905 2.746
Accel: 0.104 0.019 1.056
Gyro: 8.453 -61.370 2.944
Accel: 0.171 0.0010 1.078
Gyro: 7.049 -46.005 2.258
Accel: 0.200 0.013 1.102
Gyro: 4.592 -30.929 2.258
Accel: 0.184 0.043 1.126
Gyro: 2.792 -18.859 3.067
Accel: 0.169 0.038 1.148
Gyro: 1.815 -6.484 2.822
Accel: 0.146 0.028 1.167
Gyro: 2.609 11.672 1.296
Accel: 0.133 0.015 1.174
Gyro: 3.570 22.247 0.976
Accel: 0.125 0.0001 1.163
Gyro: 4.730 36.224 1.632
Accel: 0.115 0.006 1.134
Gyro: 6.088 49.499 2.548
Accel: 0.110 0.005 1.106
Gyro: 6.469 61.080 3.540
Accel: 0.098 0.002 1.068
Gyro: 5.279 68.664 3.997
Accel: 0.074 0.0010 1.037
Gyro: 3.372 71.685 0.015
Accel: 0.046 0.008 0.997
Gyro: 0.839 70.602 3.479
Accel: 0.029 0.062 0.956
Gyro: -1.480 65.948 2.304
Accel: 0.006 0.0001 0.922
Gyro: -7.766 60.150 1.327
Accel: 0.020 0.009 0.906
Gyro: -4.364 53.283 1.174
Accel: 0.037 0.017 0.893
Gyro: -2.487 46.691 0.732
Accel: 0.042 0.0010 0.874
Gyro: -1.266 40.908 0.579
Accel: 0.034 0.0000 0.853
Gyro: -1.480 35.430 0.015
Accel: 0.043 0.0010 0.836
Gyro: -2.868 29.968 0.961
Accel: 0.055 0.021 0.826
Gyro: -4.669 22.811 -2.380
Accel: 0.064 0.019 0.827
Gyro: -7.827 14.190 -3.952
Accel: 0.076 0.013 0.834
Gyro: -11.184 5.126 -5.523
Accel: 0.079 0.004 0.843
Gyro: -13.488 -2.075 -6.729
Accel: 0.072 0.002 0.854
Gyro: -14.617 -7.034 -7.186
Accel: 0.059 0.0000 0.867
Gyro: -14.938 -10.955 -7.034
Accel: 0.056 0.006 0.874
Gyro: -15.197 -13.290 -6.652
Accel: 0.052 0.013 0.882
Gyro: -15.563 -14.556 -6.011
Accel: 0.043 0.016 0.884
Gyro: -15.808 -14.450 -5.340
Accel: 0.026 0.019 0.891
Gyro: -16.281 -13.198 -4.486
Accel: 0.020 0.024 0.899
Gyro: -17.715 -11.688 -3.250
Accel: 0.008 0.035 0.914
Gyro: -19.897 -9.948 -1.434
Accel: 0.009 0.033 0.946
Gyro: -21.057 -8.895 0.076
Accel: 0.015 0.051 0.971
Gyro: -20.538 -6.469 1.098
Accel: 0.018 0.060 0.994
Gyro: -18.066 -3.555 2.243
Accel: 0.018 0.061 1.003
Gyro: -14.984 -1.312 3.372
Accel: 0.012 0.060 1.014
Gyro: -10.879 0.823 4.257
Accel: 0.002 0.057 1.026
Gyro: -5.828 -2.685 4.730
Accel: 0.019 0.053 1.032
Gyro: 3.677 -4.913 4.425
Accel: 0.029 0.041 1.029
Gyro: 5.203 -7.400 3.265
Accel: 0.030 0.042 1.021
Gyro: 9.506 -9.841 1.998
Accel: 0.020 0.053 1.013
Gyro: 12.802 -12.634 1.205
Accel: 0.011 0.061 1.003
Gyro: 14.923 -15.655 0.610
Accel: 0.003 0.057 0.985
Gyro: 15.731 -16.357 0.137
Accel: 0.009 0.052 0.972
Gyro: 13.931 -13.427 0.732
Accel: 0.014 0.049 0.972
Gyro: 10.681 -9.490 0.839
Accel: 0.003 0.037 0.970
Gyro: 7.217 -5.722 -1.159
Accel: 0.018 0.026 0.975
Gyro: 4.547 -3.128 -1.403
Accel: 0.035 0.014 0.971
Gyro: 1.998 -1.113 -1.434
Accel: 0.046 0.0001 0.968
Gyro: 0.701 0.183 -1.296
Accel: 0.052 0.007 0.976
Gyro: -3.051 1.113 -1.083
Accel: 0.060 0.0001 0.984
Gyro: -4.180 1.602 0.885
Accel: 0.060 0.015 0.983
Gyro: -4.257 1.708 0.198
Accel: 0.056 0.022 0.975
Gyro: -4.974 1.434 0.671
Accel: 0.052 0.024 0.966
Gyro: -6.423 0.869 1.724
Accel: 0.061 0.030 0.962
Gyro: -8.331 0.732 3.204
Accel: 0.069 0.037 0.966
Gyro: -9.582 0.061 5.493
Accel: 0.062 0.034 0.967
Gyro: -10.284 0.579 7.537
Accel: 0.044 0.030 0.975
Gyro: -10.330 0.854 9.231
Accel: 0.024 0.035 0.985
Gyro: -9.780 -1.480 10.635
Accel: 0.009 0.041 0.994
Gyro: -9.521 -7.598 11.688
Accel: 0.0000 0.049 1.006
Gyro: -9.140 -7.217 11.901
Accel: 0.006 0.056 1.020
Gyro: -8.117 -12.344 11.566
Accel: 0.0010 0.063 1.038
Gyro: -6.576 -18.508 10.757
Accel: 0.007 0.065 1.050
Gyro: -4.272 -24.658 9.399
Accel: 0.008 0.064 1.064
Gyro: -2.075 -29.953 7.598
Accel: 0.0000 0.061 1.068
Gyro: 0.289 -33.279 5.874
Accel: 0.014 0.056 1.072
Gyro: 2.746 -33.935 3.768
Accel: 0.033 0.053 1.071
Gyro: 4.821 -30.654 1.815
Accel: 0.048 0.052 1.068
Gyro: 7.049 -24.581 0.488
Accel: 0.054 0.048 1.057
Gyro: 9.078 -16.464 0.411
Accel: 0.055 0.045 1.044
Gyro: 10.162 -7.873 -1.281
Accel: 0.048 0.044 1.033
Gyro: 10.437 0.061 -2.258
Accel: 0.037 0.040 1.021
Gyro: 9.552 5.981 -2.944
Accel: 0.021 0.029 1.011
Gyro: 7.888 10.223 -3.280
Accel: 0.004 0.028 1.009
Gyro: 6.225 12.939 -3.158
Accel: 0.009 0.025 1.003
Gyro: 4.470 14.358 -2.487
Accel: 0.018 0.024 0.995
Gyro: 2.304 14.678 -1.541
Accel: 0.024 0.019 0.989
Gyro: -3.906 13.595 0.411
Accel: 0.032 0.019 0.987
Gyro: -2.212 10.696 0.976
Accel: 0.042 0.022 0.986
Gyro: -4.165 6.301 2.502
Accel: 0.045 0.022 0.985
Gyro: -5.691 0.686 3.372
Accel: 0.046 0.028 0.977
Gyro: -6.881 -4.470 4.043
Accel: 0.034 0.033 0.977
Gyro: -11.657 -10.299 4.394
Accel: 0.022 0.043 0.985
Gyro: -8.300 -15.792 4.684
Accel: 0.013 0.052 1.003
Gyro: -8.209 -19.683 5.126
Accel: 0.002 0.057 1.021
Gyro: -7.431 -22.399 5.447
Accel: 0.017 0.065 1.032
Gyro: -6.607 -23.651 5.340
Accel: 0.032 0.069 1.039
Gyro: -5.920 -23.681 4.653
Accel: 0.045 0.078 1.051
Gyro: -4.608 -22.872 3.372
Accel: 0.054 0.084 1.124
Gyro: -2.395 -20.477 2.548
Accel: 0.070 0.079 1.071
Gyro: 3.875 -16.769 1.983
Accel: 0.078 0.078 1.071
Gyro: 2.105 -8.056 1.495
Accel: 0.074 0.072 1.068
Gyro: 3.952 -6.729 1.129
Accel: 0.070 0.058 1.062
Gyro: 5.538 -1.831 0.625
Accel: 0.065 0.042 1.055
Gyro: 6.881 1.983 0.0000
Accel: 0.055 0.028 1.046
Gyro: 7.675 6.195 0.335
Accel: 0.049 0.024 1.044
Gyro: 7.888 9.979 0.259
Accel: 0.044 0.014 1.043
Gyro: 7.949 12.771 0.167
Accel: 0.035 0.009 1.032
Gyro: 7.537 15.090 0.335
Accel: 0.025 0.004 1.017
Gyro: 6.484 16.494 0.289
Accel: 0.022 0.0001 1.008
Gyro: 5.065 16.220 0.106
Accel: 0.011 0.004 0.993
Gyro: 3.890 15.869 0.778
Accel: 0.062 0.003 0.993
Gyro: 2.456 16.128 1.800
Accel: 0.008 0.003 0.990
Gyro: 1.083 15.792 2.838
Accel: 0.012 0.004 0.988
Gyro: 0.259 14.709 3.707
Accel: 0.014 0.0001 0.987
Gyro: -1.037 12.588 4.348
Accel: 0.018 0.006 0.981
Gyro: -1.785 10.162 4.928
Accel: 0.007 0.006 0.974
Gyro: -3.189 8.621 5.340
Accel: 0.0001 0.014 0.981
Gyro: -4.302 7.324 5.447
Accel: 0.0001 0.019 0.989
Gyro: -4.272 5.584 5.447
Accel: 0.003 0.022 1.0000
Gyro: -3.250 3.356 5.126
Accel: 0.008 0.023 0.999
Gyro: -2.120 1.220 4.653
Accel: 0.012 0.016 0.994
Gyro: -1.342 0.411 3.845
Accel: 0.009 0.014 0.991
Gyro: 0.732 -2.304 3.051
Accel: 0.005 0.016 0.988
Gyro: 0.442 -4.470 2.120
Accel: 0.005 0.015 0.986
Gyro: 0.167 -6.576 1.007
Accel: 0.007 0.021 0.980
Gyro: 0.015 -8.239 0.259
Accel: 0.011 0.032 0.973
Gyro: 0.488 -9.078 -1.922
Accel: 0.016 0.041 0.971
Gyro: -1.098 -9.262 -3.128
Accel: 0.017 0.042 0.970
Gyro: -1.312 -8.483 -4.074
Accel: 0.023 0.041 0.974
Gyro: 0.900 -6.668 -4.745
Accel: 0.020 0.041 0.982
Gyro: 0.381 -4.638 -4.974
Accel: 0.016 0.041 0.986
Gyro: 0.152 -3.051 -5.020
Accel: 0.014 0.043 0.988
Gyro: 0.259 -1.831 -5.020
Accel: 0.012 0.047 0.995
Gyro: 0.411 -2.014 -4.745
Accel: 0.008 0.052 1.0000
Gyro: 0.442 -2.151 -4.028
