Accel: 0.052 0.049 1.006
Gyro: 1.388 -2.243 0.625
Accel: 0.050 0.049 1.007
Gyro: 1.495 -2.120 0.427
Accel: 0.052 0.047 1.006
Gyro: 1.174 -2.059 0.595
Accel: 0.054 0.045 1.007
Gyro: 1.129 -1.831 0.671
Accel: 0.056 0.041 1.007
Gyro: 0.823 -1.541 0.808
Accel: 0.061 0.039 1.005
Gyro: 0.228 -1.144 1.098
Accel: 0.063 0.038 1.006
Gyro: 0.228 0.656 1.342
Accel: 0.063 0.038 1.005
Gyro: 0.244 0.045 1.571
Accel: 0.068 0.038 1.004
Gyro: 0.579 0.274 1.678
Accel: 0.068 0.040 1.005
Gyro: -1.129 0.106 1.632
Accel: 0.068 0.043 1.005
Gyro: -1.525 0.640 1.571
Accel: 0.064 0.044 1.006
Gyro: -2.075 -1.663 1.571
Accel: 0.063 0.045 1.0010
Gyro: -2.380 -3.005 1.449
Accel: 0.063 0.042 1.013
Gyro: -2.197 -4.516 1.159
Accel: 0.063 0.037 1.0010
Gyro: -1.983 -5.996 1.205
Accel: 0.061 0.036 1.011
Gyro: -2.059 -6.607 1.312
Accel: 0.062 0.037 1.0010
Gyro: -2.090 -6.668 1.647
Accel: 0.063 0.040 1.012
Gyro: -2.532 -5.920 1.892
Accel: 0.062 0.046 1.015
Gyro: -2.609 -5.096 2.319
Accel: 0.057 0.045 1.020
Gyro: -2.868 -3.890 2.487
Accel: 0.051 0.046 1.019
Gyro: -2.868 -2.838 2.548
Accel: 0.051 0.046 1.022
Gyro: -2.944 -1.861 2.365
Accel: 0.052 0.048 1.023
Gyro: -2.456 -1.007 2.059
Accel: 0.052 0.048 1.023
Gyro: -1.983 0.564 1.647
Accel: 0.052 0.047 1.020
Gyro: -1.556 0.228 1.388
Accel: 0.049 0.046 1.020
Gyro: -1.266 0.366 0.976
Accel: 0.046 0.048 1.018
Gyro: 0.747 0.473 0.747
Accel: 0.046 0.047 1.018
Gyro: 0.564 0.396 0.564
Accel: 0.048 0.045 1.015
Gyro: 0.167 0.0000 0.473
Accel: 0.046 0.043 1.013
Gyro: 0.152 0.137 0.350
Accel: 0.045 0.043 1.013
Gyro: 0.564 0.244 0.106
Accel: 0.046 0.041 1.011
Gyro: 0.961 0.366 0.152
Accel: 0.049 0.040 1.014
Gyro: 1.510 0.350 0.427
Accel: 0.051 0.039 1.014
Gyro: 2.059 0.411 0.579
Accel: 0.048 0.036 1.015
Gyro: 2.670 0.717 0.823
Accel: 0.048 0.040 1.015
Gyro: 3.402 -1.205 0.915
Accel: 0.046 0.034 1.012
Gyro: 4.135 -1.373 0.961
Accel: 0.044 0.035 1.014
Gyro: 4.730 -1.464 0.823
Accel: 0.048 0.036 1.0010
Gyro: 5.325 -1.174 0.793
Accel: 0.046 0.036 1.0010
Gyro: 5.569 0.823 0.778
Accel: 0.047 0.040 1.012
Gyro: 5.767 0.717 0.686
Accel: 0.047 0.038 1.008
Gyro: 5.874 0.595 0.778
Accel: 0.046 0.037 1.006
Gyro: 6.011 0.366 0.854
Accel: 0.048 0.035 1.005
Gyro: 6.225 0.091 -1.037
Accel: 0.050 0.035 1.003
Gyro: 6.362 0.595 -1.266
Accel: 0.052 0.035 1.0001
Gyro: 6.195 0.946 -1.281
Accel: 0.052 0.035 0.999
Gyro: 5.722 1.083 -1.358
Accel: 0.052 0.036 0.997
Gyro: 5.172 1.037 -1.342
Accel: 0.055 0.035 0.994
Gyro: 4.653 0.885 -1.327
Accel: 0.056 0.034 0.994
Gyro: 4.119 0.625 -1.251
Accel: 0.060 0.034 0.990
Gyro: 3.402 0.350 -1.022
Accel: 0.059 0.036 0.987
Gyro: 2.792 0.213 0.854
Accel: 0.058 0.031 0.988
Gyro: 2.532 0.015 0.961
Accel: 0.060 0.030 0.991
Gyro: 2.273 0.289 -1.342
Accel: 0.061 0.030 0.989
Gyro: 2.365 0.549 -1.480
Accel: 0.063 0.031 0.991
Gyro: 2.349 0.701 -1.525
Accel: 0.064 0.028 0.989
Gyro: 2.197 0.991 -1.480
Accel: 0.064 0.029 0.992
Gyro: 2.029 -1.403 -1.342
Accel: 0.061 0.031 0.993
Gyro: 2.029 -2.014 -1.266
Accel: 0.059 0.032 0.992
Gyro: 1.922 -2.487 -1.373
Accel: 0.059 0.032 0.993
Gyro: 1.724 -2.853 -1.327
Accel: 0.059 0.033 0.993
Gyro: 1.632 -3.036 -1.449
Accel: 0.058 0.034 0.995
Gyro: 1.434 -2.883 -1.525
Accel: 0.057 0.033 0.997
Gyro: 1.388 -3.112 -1.861
Accel: 0.057 0.031 1.061
Gyro: 1.464 -3.051 -2.243
Accel: 0.055 0.028 1.0001
Gyro: 1.541 -3.143 -2.655
Accel: 0.054 0.027 1.006
Gyro: 1.739 -3.204 -3.005
Accel: 0.052 0.025 1.006
Gyro: 2.044 -3.463 -3.280
Accel: 0.053 0.026 1.0010
Gyro: 2.212 -3.707 -3.311
Accel: 0.051 0.027 1.008
Gyro: 2.441 -3.463 -3.356
Accel: 0.049 0.029 1.009
Gyro: 2.593 -3.158 -3.387
Accel: 0.049 0.027 1.011
Gyro: 2.700 -2.868 -3.479
Accel: 0.047 0.026 1.013
Gyro: 2.868 -2.593 -3.356
Accel: 0.047 0.024 1.014
Gyro: 2.960 -2.700 -3.463
Accel: 0.046 0.025 1.014
Gyro: 3.051 -2.777 -3.326
Accel: 0.046 0.024 1.016
Gyro: 3.204 -2.792 -3.280
Accel: 0.046 0.025 1.017
Gyro: 3.280 -2.426 -3.250
Accel: 0.046 0.026 1.020
Gyro: 3.463 -2.227 -3.189
Accel: 0.044 0.025 1.019
Gyro: 3.738 -1.922 -3.112
Accel: 0.042 0.024 1.019
Gyro: 3.829 -1.785 -3.021
Accel: 0.043 0.026 1.021
Gyro: 3.997 -1.571 -2.807
Accel: 0.043 0.025 1.018
Gyro: 4.058 -1.312 -2.578
Accel: 0.044 0.027 1.018
Gyro: 0.0000 0.778 -2.319
Accel: 0.043 0.025 1.017
Gyro: 3.540 0.228 -2.273
Accel: 0.043 0.027 1.018
Gyro: 3.433 0.427 -2.349
Accel: 0.043 0.026 1.019
Gyro: 3.417 1.159 -2.349
Accel: 0.047 0.025 1.019
Gyro: 3.524 1.922 -2.151
Accel: 0.046 0.022 1.021
Gyro: 3.402 2.624 -1.937
Accel: 0.046 0.021 1.019
Gyro: 3.265 3.448 -1.754
Accel: 0.043 0.023 1.015
Gyro: 3.128 7.736 -1.724
Accel: 0.044 0.026 1.0010
Gyro: 2.929 4.150 -1.739
Accel: 0.049 0.026 1.007
Gyro: 2.685 4.318 -1.556
Accel: 0.051 0.022 1.003
Gyro: 2.410 4.211 -1.510
Accel: 0.053 0.021 1.0000
Gyro: 2.014 3.906 -1.419
Accel: 0.057 0.022 0.997
Gyro: 1.846 3.753 -1.281
Accel: 0.058 0.021 0.997
Gyro: 1.556 3.387 -1.373
Accel: 0.056 0.020 0.995
Gyro: 1.266 2.868 -1.556
Accel: 0.060 0.023 0.995
Gyro: 1.037 2.334 -1.525
Accel: 0.059 0.023 0.995
Gyro: 0.808 1.632 -1.632
Accel: 0.057 0.023 0.994
Gyro: 0.350 0.946 -1.739
Accel: 0.056 0.024 0.996
Gyro: 0.061 0.473 -1.617
Accel: 0.055 0.021 0.998
Gyro: 0.106 0.289 -1.510
Accel: 0.057 0.017 0.999
Gyro: 0.030 0.335 -1.403
Accel: 0.058 0.015 0.996
Gyro: 0.045 0.747 -1.358
Accel: 0.059 0.016 0.995
Gyro: -3.875 1.266 -1.190
Accel: 0.059 0.017 0.993
Gyro: 0.152 1.770 -1.190
Accel: 0.061 0.016 0.991
Gyro: 0.457 2.151 0.839
Accel: 0.059 0.018 0.989
Gyro: -1.098 2.746 0.625
Accel: 0.057 0.018 0.987
Gyro: -1.296 3.417 0.457
Accel: 0.061 0.019 0.983
Gyro: -1.708 4.028 0.213
Accel: 0.069 0.024 0.982
Gyro: -1.724 4.882 0.350
Accel: 0.070 0.020 0.975
Gyro: -2.120 5.416 1.235
Accel: 0.081 0.016 0.966
Gyro: -2.288 6.515 2.517
Accel: 0.086 0.019 0.954
Gyro: -2.044 8.331 3.616
Accel: 0.093 0.021 0.946
Gyro: -1.541 10.513 4.699
Accel: 0.092 0.009 0.924
Gyro: -1.205 12.374 5.264
Accel: 0.090 0.002 0.917
Gyro: -1.205 14.007 6.088
Accel: 0.083 0.005 0.818
Gyro: -1.022 15.411 7.186
Accel: 0.069 0.017 0.828
Gyro: 0.228 17.715 7.736
Accel: 0.064 0.025 0.786
Gyro: 1.113 19.348 6.652
Accel: 0.056 0.038 0.718
Gyro: 1.541 18.966 3.936
Accel: 0.050 0.052 0.622
Gyro: 0.274 17.761 1.953
Accel: 0.030 0.063 0.548
Gyro: 0.457 12.527 -1.159
Accel: 0.009 0.049 0.396
Gyro: 1.434 4.943 -4.928
Accel: 0.033 0.075 0.257
Gyro: 3.036 -4.730 0.625
Accel: 0.046 0.130 0.175
Gyro: 13.366 -10.864 4.196
Accel: 0.035 0.025 0.018
Gyro: 23.727 -11.062 8.972
Accel: 0.013 0.019 0.056
Gyro: 28.579 -8.819 8.361
Accel: 0.059 0.016 0.056
Gyro: 32.577 -6.240 7.629
Accel: 0.003 0.0010 0.050
Gyro: 36.026 -3.692 7.064
Accel: 0.060 0.009 0.034
Gyro: 38.818 0.991 6.515
Accel: 0.003 0.009 0.028
Gyro: 41.137 1.419 6.103
Accel: 0.0000 0.009 0.021
Gyro: 42.846 3.448 5.676
Accel: 0.002 0.009 0.031
Gyro: 43.716 5.920 5.279
Accel: 0.004 0.007 0.034
Gyro: 44.387 8.117 5.004
Accel: 0.004 0.007 0.034
Gyro: 44.418 10.025 4.577
Accel: 0.005 0.006 0.035
Gyro: 44.387 12.069 4.318
Accel: 0.007 0.006 0.041
Gyro: 43.945 14.022 4.058
Accel: 0.006 0.003 0.042
Gyro: 43.258 15.716 3.677
Accel: 0.004 0.003 0.046
Gyro: 42.404 17.532 3.448
Accel: 0.004 0.004 0.051
Gyro: 41.351 19.271 3.067
Accel: 0.004 0.003 0.052
Gyro: 40.222 20.614 2.700
Accel: 0.002 0.003 0.054
Gyro: 39.215 22.155 2.380
Accel: 0.003 0.003 0.058
Gyro: 38.040 23.635 2.182
Accel: 0.004 0.002 0.060
Gyro: 36.941 24.963 1.846
Accel: 0.004 0.003 0.061
Gyro: 35.934 26.153 1.708
Accel: 0.003 0.002 0.061
Gyro: 35.186 27.267 1.510
Accel: 0.003 0.005 0.059
Gyro: 34.759 28.335 1.571
Accel: 0.007 0.006 0.069
Gyro: 35.491 29.144 1.998
Accel: 0.0001 0.002 0.0000
Gyro: 34.667 29.815 0.595
Accel: 0.003 0.026 0.115
Gyro: 29.388 30.639 -2.899
Accel: 0.016 0.032 0.097
Gyro: 16.418 30.563 -7.263
Accel: 0.008 0.027 0.062
Gyro: 10.528 30.059 -12.298
Accel: 0.014 0.023 0.083
Gyro: 1.419 28.289 -17.089
Accel: 0.006 0.0010 0.062
Gyro: -6.729 26.016 -20.172
Accel: 0.006 0.0010 0.081
Gyro: -13.992 23.345 -21.102
Accel: 0.016 0.025 0.107
Gyro: -22.155 20.797 -19.729
Accel: 0.358 0.354 6.116
Gyro: -499.969 75.576 -69.351
Accel: -3.876 -1.219 7.999
Gyro: -499.969 -499.969 -61.492
Accel: 1.428 0.833 7.999
Gyro: -216.110 -19.958 -21.118
Accel: 0.519 0.888 2.694
Gyro: -202.987 97.030 -10.711
Accel: 0.526 0.981 -1.602
Gyro: -215.606 67.749 -12.268
Accel: 0.593 0.333 1.284
Gyro: -107.559 23.391 -3.494
Accel: 0.895 0.544 1.922
Gyro: 99.060 -68.832 15.487
Accel: 0.884 0.363 0.900
Gyro: 112.609 -169.342 12.084
Accel: 0.469 0.207 0.683
Gyro: 0.015 -101.242 12.954
Accel: 0.330 0.095 3.600
Gyro: 43.060 71.334 11.840
Accel: 0.483 0.257 1.604
Gyro: -25.909 61.645 4.714
Accel: 0.561 0.0100 1.572
Gyro: -44.113 -2.563 5.020
Accel: 0.671 0.027 1.281
Gyro: -45.272 -27.175 10.284
Accel: 0.370 0.067 1.127
Gyro: -40.252 -16.906 17.990
Accel: 0.048 0.152 1.110
Gyro: -30.380 2.105 19.195
Accel: 0.104 0.302 1.021
Gyro: -16.250 5.081 17.242
Accel: 0.107 0.434 0.991
Gyro: 2.136 0.320 16.799
Accel: 0.075 0.559 1.008
Gyro: 25.405 -5.767 17.150
Accel: 0.002 0.639 1.0000
Gyro: 48.004 -9.780 17.333
Accel: 0.111 0.632 0.948
Gyro: 69.366 -7.751 15.548
Accel: 0.159 0.592 1.066
Gyro: 71.304 -6.134 12.619
Accel: 0.209 0.481 1.128
Gyro: 69.580 -10.772 5.447
Accel: 0.255 0.306 1.185
Gyro: 60.760 -17.517 -3.021
Accel: 0.327 0.180 1.177
Gyro: 42.877 -23.590 -8.514
Accel: 0.378 0.130 1.092
Gyro: 20.812 -28.503 -4.165
Accel: 0.337 0.106 1.023
Gyro: -2.548 -30.197 -2.716
Accel: 0.218 0.079 1.022
Gyro: -23.056 -30.059 1.922
Accel: 0.104 0.073 1.044
Gyro: -37.567 -30.700 3.982
Accel: 0.045 0.103 1.072
Gyro: -46.432 -31.677 3.997
Accel: 0.025 0.244 1.138
Gyro: -42.755 -32.196 2.197
Accel: 0.019 0.312 1.111
Gyro: -29.525 -28.244 0.183
Accel: 0.024 0.267 1.004
Gyro: -19.302 -23.544 -2.822
Accel: 0.006 0.272 0.950
Gyro: -13.0000 -20.950 -6.820
Accel: 0.021 0.281 0.942
Gyro: -9.262 -18.920 -10.742
Accel: 0.012 0.259 0.952
Gyro: -6.546 -16.143 -13.351
Accel: 0.019 0.229 0.950
Gyro: -4.333 -11.474 -13.946
Accel: 0.026 0.205 0.943
Gyro: -1.892 -6.408 -12.619
Accel: 0.041 0.195 0.927
Gyro: 0.320 -2.456 -10.345
Accel: 0.055 0.186 0.921
Gyro: 1.785 1.144 -8.0010
Accel: 0.045 0.171 0.938
Gyro: 1.571 5.065 -6.988
Accel: 0.031 0.156 0.947
Gyro: 0.167 7.431 -7.293
Accel: 0.043 0.162 0.943
Gyro: -1.007 6.927 -7.858
Accel: 0.065 0.202 0.956
Gyro: 1.220 4.211 -11.718
Accel: 0.081 0.235 0.965
Gyro: 6.668 0.198 -7.308
Accel: 0.072 0.187 0.981
Gyro: 12.802 -4.135 -5.981
Accel: 0.051 0.210 0.991
Gyro: 16.418 -5.599 -5.172
Accel: 0.043 0.166 0.980
Gyro: 16.174 -6.973 -2.670
Accel: 0.046 0.140 0.979
Gyro: 13.107 -7.446 1.586
Accel: 0.067 0.117 1.004
Gyro: 9.963 -5.645 4.928
Accel: 0.050 0.134 1.035
Gyro: 7.080 -1.556 6.011
Accel: 0.029 0.160 1.041
Gyro: 4.302 3.372 6.286
Accel: 0.028 0.167 1.041
Gyro: 1.190 5.416 6.423
Accel: 0.042 0.167 1.034
Gyro: -1.480 5.416 6.774
Accel: 0.052 0.173 1.029
Gyro: -2.914 4.516 8.193
Accel: 0.035 0.173 1.029
Gyro: -2.517 4.501 11.642
Accel: 0.0000 0.157 1.039
Gyro: 0.869 4.989 13.809
Accel: 0.028 0.147 1.058
Gyro: 2.517 9.353 14.358
Accel: 0.047 0.135 1.062
Gyro: 8.850 14.923 13.229
Accel: 0.029 0.143 1.046
Gyro: 14.724 21.865 11.688
Accel: 0.014 0.167 0.981
Gyro: 18.173 27.359 10.620
Accel: 0.044 0.171 0.939
Gyro: 16.662 28.244 9.552
Accel: 0.0000 0.158 0.938
Gyro: 15.563 24.826 8.361
Accel: 0.041 0.164 0.964
Gyro: 16.494 21.072 7.568
Accel: 0.006 0.156 0.987
Gyro: 20.904 22.460 6.881
Accel: 0.053 0.161 0.994
Gyro: 29.113 31.082 6.027
Accel: 0.067 0.181 0.987
Gyro: 38.345 31.463 5.325
Accel: 0.090 0.233 0.969
Gyro: 44.860 34.759 7.690
Accel: 0.089 0.218 0.950
Gyro: 48.065 36.560 13.229
Accel: 0.031 0.174 0.916
Gyro: 48.873 37.033 17.791
Accel: 0.039 0.119 0.882
Gyro: 47.546 35.034 19.134
Accel: 0.115 0.061 0.867
Gyro: 44.586 30.944 17.379
Accel: 0.161 0.035 0.868
Gyro: 40.908 26.092 13.854
Accel: 0.160 0.057 0.885
Gyro: 37.628 23.254 10.940
Accel: 0.153 0.114 0.903
Gyro: 36.300 22.216 12.145
Accel: 0.136 0.148 0.902
Gyro: 37.384 22.140 15.640
Accel: 0.113 0.161 0.993
Gyro: 42.205 22.842 18.600
Accel: 0.111 0.141 0.964
Gyro: 49.560 23.803 19.485
Accel: 0.133 0.074 0.972
Gyro: 55.053 27.572 16.769
Accel: 0.143 0.024 0.949
Gyro: 58.364 31.387 11.352
Accel: 0.177 0.013 0.941
Gyro: 51.895 36.148 0.778
Accel: 0.208 0.003 0.815
Gyro: 46.234 34.149 -2.792
Accel: 0.210 0.051 0.809
Gyro: 36.560 19.622 -8.178
Accel: 0.279 0.021 0.781
Gyro: 19.607 3.112 -9.185
Accel: 0.326 0.0001 0.819
Gyro: 13.153 -20.507 -5.081
Accel: 0.322 0.029 0.786
Gyro: 6.851 -50.079 2.838
Accel: 0.195 0.029 1.025
Gyro: -4.150 -77.041 10.299
Accel: 0.352 0.129 0.745
Gyro: -17.562 -95.718 15.274
Accel: 0.277 0.054 1.107
Gyro: -33.432 -83.648 13.610
Accel: 0.174 0.134 1.238
Gyro: -40.481 -48.690 9.140
Accel: 0.118 0.043 1.019
Gyro: -34.042 -45.501 15.319
Accel: 0.252 0.052 1.746
Gyro: -42.785 -15.838 16.616
Accel: 0.078 0.181 1.005
Gyro: -38.482 1.174 24.307
Accel: 0.031 0.028 1.150
Gyro: -33.798 25.0100 25.558
Accel: 0.046 0.0000 1.294
Gyro: -24.398 43.640 23.574
Accel: 0.018 0.085 1.246
Gyro: -11.520 59.295 20.019
Accel: 0.005 0.149 1.203
Gyro: -1.037 72.875 16.616
Accel: 0.049 0.178 1.128
Gyro: 7.934 81.115 8.102
Accel: 0.102 0.195 1.079
Gyro: 14.755 84.136 7.659
Accel: 0.160 0.213 1.033
Gyro: 18.203 74.691 4.608
Accel: 0.217 0.213 0.976
Gyro: 20.507 62.866 3.845
Accel: 0.256 0.223 0.966
Gyro: 22.552 50.048 6.591
Accel: 0.317 0.188 0.935
Gyro: 24.032 30.609 11.398
Accel: 0.324 0.126 0.924
Gyro: 24.551 10.757 16.098
Accel: 0.310 0.066 0.920
Gyro: 23.513 -8.0010 17.944
Accel: 0.285 0.047 0.896
Gyro: 20.523 -26.153 17.608
Accel: 0.242 0.020 0.895
Gyro: 15.609 -38.375 14.465
Accel: 0.212 0.005 0.904
Gyro: 10.559 -46.478 8.956
Accel: 0.193 0.003 0.921
Gyro: 6.027 -46.493 3.158
Accel: 0.179 0.006 0.952
Gyro: 4.516 -47.225 -2.624
Accel: 0.176 0.005 0.979
Gyro: 5.065 -45.089 -8.483
Accel: 0.168 0.0010 1.017
Gyro: 7.095 -40.847 -12.481
Accel: 0.171 0.031 1.044
Gyro: 11.245 -33.706 -15.914
Accel: 0.161 0.058 1.046
Gyro: 12.985 -26.031 -18.569
Accel: 0.152 0.075 1.025
Gyro: 12.557 -15.792 -20.019
Accel: 0.140 0.083 0.968
Gyro: 14.724 -13.671 -20.767
Accel: 0.194 0.014 1.114
Gyro: 17.639 -8.987 -24.612
Accel: 0.126 0.028 1.0000
Gyro: 20.431 -5.050 -27.725
Accel: 0.167 0.022 0.956
Gyro: 22.125 -3.799 -29.251
Accel: 0.219 0.019 0.974
Gyro: 23.681 -2.517 -28.106
Accel: 0.226 0.021 0.988
Gyro: 23.803 -2.380 -23.956
Accel: 0.219 0.028 0.989
Gyro: 22.186 -3.662 -18.692
Accel: 0.210 0.017 0.979
Gyro: 19.470 -5.340 -8.468
Accel: 0.181 0.012 0.982
Gyro: 15.350 -8.193 -5.966
Accel: 0.150 0.014 0.990
Gyro: 9.231 -15.518 0.640
Accel: 0.062 0.017 1.005
Gyro: 2.899 -14.358 3.479
Accel: 0.0100 0.012 1.019
Gyro: -2.014 -16.510 5.920
Accel: 0.075 0.002 1.023
Gyro: -5.203 -18.508 6.988
Accel: 0.041 0.020 1.031
Gyro: -6.469 -20.492 7.232
Accel: 0.026 0.040 1.028
Gyro: -6.515 -21.850 6.851
Accel: 0.005 0.043 1.016
Gyro: -6.301 -22.369 6.179
Accel: 0.008 0.045 1.025
Gyro: -6.027 -22.079 5.981
Accel: 0.003 0.051 1.033
Gyro: -4.913 -20.980 6.805
Accel: 0.0001 0.056 1.033
Gyro: -3.067 -18.768 8.041
Accel: 0.0010 0.050 1.028
Gyro: 0.823 -16.082 9.216
Accel: 0.012 0.039 1.025
Gyro: -1.022 -13.214 9.994
Accel: 0.0000 0.0001 1.033
Gyro: -3.509 -10.498 11.383
Accel: 0.004 0.029 1.035
Gyro: -4.760 -7.034 12.664
Accel: 0.002 0.026 1.035
Gyro: -5.935 -3.631 13.427
Accel: 0.005 0.013 1.031
Gyro: -6.774 0.381 12.268
Accel: 0.014 0.007 1.015
Gyro: -6.988 2.410 9.765
Accel: 0.034 0.0000 1.003
Gyro: -6.271 4.272 6.973
Accel: 0.058 0.009 0.997
Gyro: -4.180 4.547 4.516
Accel: 0.082 0.013 1.0001
Gyro: -1.129 3.936 3.829
Accel: 0.104 0.009 1.0000
Gyro: 2.716 2.639 4.348
Accel: 0.116 0.0001 0.989
Gyro: 6.164 0.549 5.111
Accel: 0.115 0.015 0.966
Gyro: 7.843 -2.182 5.767
Accel: 0.109 0.019 0.951
Gyro: 7.385 -6.698 5.798
Accel: 0.106 0.023 0.939
Gyro: 5.798 -12.023 5.844
Accel: 0.103 0.026 0.940
Gyro: 2.868 -17.013 6.607
Accel: 0.0100 0.017 0.954
Gyro: -3.692 -20.965 8.071
Accel: 0.097 0.007 0.973
Gyro: -1.693 -23.956 9.933
Accel: 0.091 0.013 0.981
Gyro: -2.471 -25.329 11.459
Accel: 0.081 0.014 0.983
Gyro: -2.380 -25.619 12.344
Accel: 0.072 0.0001 0.990
Gyro: -1.388 -25.268 12.771
Accel: 0.066 0.008 1.002
Gyro: 0.289 -24.017 12.924
Accel: 0.060 0.060 1.006
Gyro: 1.464 -21.911 12.954
Accel: 0.055 0.012 1.008
Gyro: 2.304 -19.058 12.985
Accel: 0.041 0.018 1.006
Gyro: 2.334 -15.762 12.710
Accel: 0.029 0.019 1.017
Gyro: 1.678 -11.688 12.161
Accel: 0.024 0.025 1.041
Gyro: 0.595 -7.614 11.428
Accel: 0.028 0.043 1.057
Gyro: 0.640 -3.494 10.604
Accel: 0.026 0.053 1.057
Gyro: -1.846 0.366 9.109
Accel: 0.022 0.043 1.047
Gyro: -2.853 1.998 6.805
Accel: 0.022 0.019 1.046
Gyro: -3.387 3.295 4.150
Accel: 0.032 0.011 1.056
Gyro: -2.426 2.899 2.120
Accel: 0.057 0.028 1.062
Gyro: 0.015 1.800 1.541
Accel: 0.077 0.023 1.048
Gyro: 2.120 0.717 2.578
Accel: 0.090 0.008 1.032
Gyro: 2.899 0.396 4.486
Accel: 0.095 0.007 1.015
Gyro: 1.785 -1.434 6.164
Accel: 0.089 0.014 1.009
Gyro: 0.305 -3.219 7.232
Accel: 0.088 0.018 1.024
Gyro: -2.105 -5.691 7.949
Accel: 0.083 0.021 1.013
Gyro: -3.616 -8.316 8.682
Accel: 0.074 0.011 1.017
Gyro: -4.425 -10.986 8.895
Accel: 0.073 0.002 1.032
Gyro: -3.692 -14.358 8.483
Accel: 0.078 0.003 1.042
Gyro: -1.159 -18.234 7.690
Accel: 0.077 0.0010 1.037
Gyro: 2.380 -22.262 6.530
Accel: 0.078 0.020 1.035
Gyro: 6.149 -25.497 5.615
Accel: 0.063 0.008 1.032
Gyro: 7.537 -26.397 4.791
Accel: 0.043 0.0010 1.026
Gyro: 4.913 -26.351 3.814
Accel: 0.016 0.053 1.061
Gyro: -3.387 -19.638 2.548
Accel: 0.062 0.064 1.058
Gyro: -4.150 -20.523 0.289
Accel: 0.015 0.061 1.058
Gyro: -6.546 -16.738 -2.532
Accel: 0.022 0.044 1.045
Gyro: -8.056 -12.0100 -5.325
Accel: 0.030 0.032 1.042
Gyro: -9.002 -7.522 -7.415
Accel: 0.030 0.007 1.060
Gyro: -11.0001 -5.630 -8.712
Accel: 0.014 0.0000 1.063
Gyro: -11.260 -4.394 -8.728
Accel: 0.014 0.014 1.062
Gyro: -9.048 -2.487 -7.354
Accel: 0.012 0.023 1.051
Gyro: -7.156 0.778 -5.004
Accel: 0.011 0.028 1.031
Gyro: -5.996 3.967 -2.044
Accel: 0.009 0.025 1.006
Gyro: -5.889 6.439 0.396
Accel: 0.007 0.018 0.996
Gyro: -4.989 7.507 2.365
Accel: 0.020 0.021 0.989
Gyro: -3.799 6.835 3.875
Accel: 0.026 0.025 0.979
Gyro: -3.189 5.111 4.928
Accel: 0.024 0.034 0.976
Gyro: -2.090 2.822 5.096
Accel: 0.025 0.039 0.980
Gyro: 0.686 0.228 4.394
Accel: 0.032 0.040 0.986
Gyro: 0.946 -2.105 3.372
Accel: 0.034 0.038 1.0001
Gyro: 7.553 -4.669 2.319
Accel: 0.040 0.020 0.997
Gyro: 6.164 -6.072 1.266
Accel: 0.038 0.019 1.0001
Gyro: 7.537 -6.927 0.442
Accel: 0.029 0.024 1.006
Gyro: 8.285 -8.056 0.564
Accel: 0.027 0.012 1.027
Gyro: 8.209 -8.987 1.190
Accel: 0.016 0.004 1.027
Gyro: 7.736 -8.987 1.922
Accel: 0.004 0.005 1.034
Gyro: 6.607 -8.148 2.548
Accel: 0.017 0.007 1.044
Gyro: 6.179 -6.027 2.304
Accel: 0.022 0.013 1.046
Gyro: 5.584 -3.173 1.571
Accel: 0.027 0.022 1.039
Gyro: 4.425 0.167 1.113
Accel: 0.020 0.026 1.033
Gyro: 3.097 2.227 0.762
Accel: 0.015 0.030 1.024
Gyro: 1.586 4.119 0.503
Accel: 0.0001 0.016 1.026
Gyro: 0.808 5.004 0.320
Accel: 0.005 0.012 1.012
Gyro: 0.152 5.264 0.289
Accel: 0.009 0.012 1.011
Gyro: 0.381 4.913 0.244
Accel: 0.020 0.003 1.006
Gyro: 0.091 4.318 0.0000
Accel: 0.021 0.003 0.997
Gyro: 0.396 3.585 0.549
Accel: 0.019 0.005 0.987
Gyro: -1.327 1.892 -1.159
Accel: 0.020 0.0001 0.985
Gyro: -2.716 0.823 -1.312
Accel: 0.021 0.007 0.984
Gyro: -3.646 -3.601 -1.037
Accel: 0.017 0.0010 0.986
Gyro: -4.135 -6.164 0.823
Accel: 0.016 0.015 0.981
Gyro: -4.455 -8.361 0.137
Accel: 0.012 0.020 0.987
Gyro: -4.516 -11.230 0.488
Accel: 0.005 0.031 1.005
Gyro: -4.501 -13.031 1.525
Accel: 0.0001 0.024 1.036
Gyro: -3.814 -12.893 2.914
Accel: 0.003 0.009 1.052
Gyro: -2.517 -10.589 3.860
Accel: 0.008 0.002 1.050
Gyro: 0.915 -6.683 4.180
Accel: 0.017 0.008 1.040
Gyro: 0.030 -2.426 4.028
Accel: 0.015 0.004 1.025
Gyro: 0.350 1.022 3.662
Accel: 0.008 0.004 1.020
Gyro: 0.457 3.128 3.112
Accel: 0.004 0.011 1.013
Gyro: 0.930 4.318 2.853
Accel: 0.0000 0.014 1.014
Gyro: 1.144 5.035 2.822
Accel: 0.009 0.006 1.019
Gyro: 0.488 5.340 2.975
Accel: 0.016 0.004 1.019
Gyro: 0.030 4.821 2.944
Accel: 0.025 0.006 1.015
Gyro: 0.320 3.997 2.746
Accel: 0.027 0.004 1.0010
Gyro: 0.228 3.524 2.685
Accel: 0.022 0.004 1.008
Gyro: 0.061 3.021 2.670
Accel: 0.018 0.012 1.0010
Gyro: 0.198 3.036 2.700
Accel: 0.011 0.0010 1.011
Gyro: 0.305 3.387 2.609
Accel: 0.005 0.004 1.0010
Gyro: 0.198 3.707 2.288
Accel: 0.0001 0.062 1.004
Gyro: 0.030 3.692 1.785
Accel: 0.004 0.002 1.003
Gyro: 0.061 2.441 1.327
Accel: 0.011 0.0001 0.994
Gyro: 0.808 0.030 1.434
Accel: 0.018 0.0000 0.996
Gyro: -1.403 -3.585 1.693
Accel: 0.030 0.008 0.999
Gyro: 0.808 -6.546 2.059
Accel: 0.028 0.018 1.006
Gyro: 0.534 -8.819 2.044
Accel: 0.030 0.017 1.005
Gyro: 1.495 -10.681 2.090
Accel: 0.019 0.015 0.999
Gyro: 2.258 -12.115 1.937
Accel: 0.007 0.015 0.996
Gyro: 2.944 -13.076 1.358
Accel: 0.0000 0.013 0.989
Gyro: 2.914 -13.656 0.808
Accel: 0.014 0.005 0.990
Gyro: 2.273 -14.434 0.183
Accel: 0.016 0.003 0.992
Gyro: 1.495 -15.167 0.091
Accel: 0.025 0.009 1.007
Gyro: 1.342 -16.082 0.671
Accel: 0.045 0.019 1.033
Gyro: 1.937 -17.105 -1.235
Accel: 0.012 0.012 1.007
Gyro: 2.288 -14.602 -1.342
Accel: 0.033 0.002 1.016
Gyro: 4.669 -12.771 -2.502
Accel: 0.037 0.002 1.018
Gyro: 5.432 -9.384 -2.868
Accel: 0.039 0.004 1.025
Gyro: 6.179 -5.386 -2.899
Accel: 0.042 0.0010 1.024
Gyro: 7.034 0.823 -2.716
Accel: 0.037 0.013 1.014
Gyro: 7.339 3.372 -2.456
Accel: 0.028 0.014 1.006
Gyro: 7.080 5.828 -2.182
Accel: 0.015 0.019 0.997
Gyro: 6.454 6.378 -1.876
Accel: 0.015 0.018 0.997
Gyro: 6.393 5.279 -2.273
Accel: 0.005 0.008 0.987
Gyro: 6.134 4.486 -2.502
Accel: 0.005 0.004 0.991
Gyro: 5.798 3.387 -2.182
Accel: 0.003 0.0000 0.986
Gyro: 5.081 2.227 -1.174
Accel: 0.008 0.003 0.990
Gyro: 4.074 0.976 0.167
Accel: 0.013 0.009 0.990
Gyro: 3.417 0.091 0.350
Accel: 0.008 0.0010 0.991
Gyro: 2.685 0.518 0.701
Accel: 0.002 0.013 0.987
Gyro: 1.831 -1.724 1.083
Accel: 0.0001 0.016 0.985
Gyro: 0.732 -7.720 1.419
Accel: 0.0000 0.012 0.987
Gyro: 0.030 -6.072 1.846
Accel: 0.008 0.062 0.990
Gyro: 0.259 -8.102 2.609
Accel: 0.013 0.011 1.005
Gyro: 1.235 -9.429 3.067
Accel: 0.002 0.018 1.017
Gyro: 2.655 -9.857 3.295
Accel: 0.0000 0.006 1.024
Gyro: 4.165 -9.429 3.341
Accel: 0.003 0.013 1.023
Gyro: 5.065 -8.651 3.433
Accel: 0.012 0.032 1.021
Gyro: 5.386 -7.690 3.280
Accel: 0.020 0.043 1.008
Gyro: 5.325 -6.439 3.067
Accel: 0.026 0.040 0.999
Gyro: 5.081 -5.554 3.250
Accel: 0.036 0.032 0.993
Gyro: 5.111 -5.752 3.723
Accel: 0.047 0.028 0.988
Gyro: 5.065 -6.546 3.982
Accel: 0.050 0.031 0.990
Gyro: 5.126 -6.713 3.875
Accel: 0.046 0.029 1.004
Gyro: 5.172 -6.057 3.662
Accel: 0.046 0.039 1.013
Gyro: 5.065 -4.653 3.601
Accel: 0.045 0.046 1.012
Gyro: 5.172 -2.639 3.356
Accel: 0.042 0.049 1.007
Gyro: 5.523 0.442 3.005
Accel: 0.037 0.038 0.999
Gyro: 5.737 1.358 2.334
Accel: 0.033 0.023 0.991
Gyro: 5.584 2.471 1.785
Accel: 0.027 0.006 0.993
Gyro: 5.462 3.158 1.037
Accel: 0.042 0.012 0.999
Gyro: 5.554 3.295 0.442
Accel: 0.048 0.023 0.993
Gyro: 5.554 4.028 0.503
Accel: 0.049 0.028 0.995
Gyro: 5.615 5.462 0.579
Accel: 0.044 0.029 0.996
Gyro: 5.249 6.637 0.930
Accel: 0.039 0.032 0.998
Gyro: 3.997 8.285 1.052
Accel: 0.034 0.029 0.999
Gyro: 2.563 10.360 1.144
Accel: 0.033 0.024 1.004
Gyro: 1.678 12.161 0.869
Accel: 0.022 0.018 1.003
Gyro: 0.823 13.687 0.534
Accel: 0.006 0.011 1.008
Gyro: 0.076 13.748 0.350
Accel: 0.003 0.009 1.012
Gyro: 0.305 12.008 0.411
Accel: 0.020 0.0010 1.012
Gyro: 0.732 10.009 -1.113
Accel: 0.027 0.008 1.011
Gyro: 0.793 7.629 -1.525
Accel: 0.024 0.005 1.003
Gyro: -1.022 5.111 -1.617
Accel: 0.018 0.009 1.0000
Gyro: -1.388 2.258 -1.831
Accel: 0.0010 0.0010 0.998
Gyro: -1.861 0.274 -2.227
Accel: 0.007 0.014 1.004
Gyro: -2.304 -2.288 -2.609
Accel: 0.007 0.020 1.009
Gyro: -2.731 -4.119 -2.792
Accel: 0.004 0.022 1.018
Gyro: -3.417 -5.844 -2.792
Accel: 0.003 0.027 1.024
Gyro: -3.646 -7.064 -2.838
Accel: 0.002 0.029 1.031
Gyro: -3.585 -7.247 -2.883
Accel: 0.002 0.029 1.036
Gyro: -3.189 -6.622 -3.005
Accel: 0.013 0.028 1.040
Gyro: -2.700 -5.233 -3.372
Accel: 0.017 0.025 1.038
Gyro: -2.136 -3.082 -3.509
Accel: 0.023 0.023 1.039
Gyro: -1.510 0.808 -3.265
Accel: 0.025 0.023 1.035
Gyro: -1.083 1.220 -3.112
Accel: 0.030 0.025 1.030
Gyro: 0.686 3.097 -3.051
Accel: 0.031 0.029 1.030
Gyro: 0.717 5.142 -3.051
Accel: 0.027 0.033 1.025
Gyro: 0.900 7.141 -3.173
Accel: 0.019 0.034 1.025
Gyro: 0.991 9.277 -3.250
Accel: 0.009 0.033 1.020
Gyro: -1.037 10.818 -3.417
Accel: 0.003 0.032 1.016
Gyro: -1.205 11.489 -3.128
Accel: 0.0001 0.035 1.012
Gyro: -1.068 11.413 -3.204
Accel: 0.0001 0.028 1.008
Gyro: -1.022 10.681 -3.005
Accel: 0.002 0.023 1.015
Gyro: 0.656 9.826 -2.639
Accel: 0.003 0.023 1.013
Gyro: 0.350 9.231 -2.563
Accel: 0.007 0.022 1.0010
Gyro: 0.122 8.789 -2.883
Accel: 0.0010 0.020 1.003
Gyro: 0.076 8.331 -3.036
Accel: 0.011 0.019 0.999
Gyro: 0.076 7.568 -3.189
Accel: 0.014 0.015 0.996
Gyro: 0.213 6.347 -3.372
Accel: 0.017 0.009 0.990
Gyro: 0.045 4.867 -3.280
Accel: 0.024 0.006 0.990
Gyro: 0.122 2.853 -2.853
Accel: 0.026 0.006 0.994
Gyro: 0.503 1.022 -2.288
Accel: 0.028 0.011 0.991
Gyro: 0.442 0.900 -1.968
Accel: 0.020 0.012 0.998
Gyro: 0.625 -2.365 -2.014
Accel: 0.018 0.015 0.989
Gyro: 0.427 -2.731 -2.197
Accel: 0.016 0.016 0.997
Gyro: 0.427 -2.502 -2.166
Accel: 0.009 0.015 0.993
Gyro: 0.869 -2.136 -1.632
Accel: 0.003 0.018 0.996
Gyro: 0.579 -1.800 -1.495
Accel: 0.009 0.020 0.994
Gyro: 0.411 -1.174 -1.373
Accel: 0.0010 0.022 0.991
Gyro: 0.137 0.228 -1.342
Accel: 0.005 0.023 0.939
Gyro: 0.686 0.274 -1.541
Accel: 0.005 0.014 0.990
Gyro: 0.793 0.671 -1.663
Accel: 0.009 0.011 1.0000
Gyro: 0.518 1.052 -1.296
Accel: 0.011 0.011 1.0001
Gyro: 0.366 1.510 0.854
Accel: 0.008 0.012 0.999
Gyro: 0.503 1.815 0.900
Accel: 0.006 0.017 0.995
Gyro: 0.656 2.319 0.915
Accel: 0.006 0.019 0.990
Gyro: -1.144 2.548 0.701
Accel: 0.007 0.020 0.991
Gyro: -1.205 2.197 0.442
Accel: 0.006 0.018 0.992
Gyro: -1.312 1.724 0.335
Accel: 0.008 0.017 0.995
Gyro: -1.647 1.510 0.427
Accel: 0.013 0.014 0.994
Gyro: -1.998 1.190 0.473
Accel: 0.012 0.014 0.992
Gyro: -1.831 0.579 0.701
Accel: 0.012 0.011 0.994
Gyro: -1.800 0.091 0.869
Accel: 0.014 0.007 0.995
Gyro: -1.785 0.442 0.854
Accel: 0.017 0.007 0.997
Gyro: -1.556 0.854 0.900
Accel: 0.018 0.008 1.0000
Gyro: -1.312 -1.907 0.900
Accel: 0.019 0.007 1.0001
Gyro: -1.449 -2.395 0.732
Accel: 0.021 0.008 1.0001
Gyro: -1.724 -2.670 0.793
Accel: 0.017 0.008 1.002
Gyro: -1.815 -2.807 0.793
Accel: 0.015 0.007 1.002
Gyro: -1.632 -3.143 0.762
Accel: 0.015 0.006 1.002
Gyro: -1.358 -3.341 0.686
Accel: 0.014 0.008 1.004
Gyro: -1.281 -3.509 0.518
Accel: 0.015 0.0010 1.0001
Gyro: 0.915 -3.997 0.427
Accel: 0.015 0.011 1.002
Gyro: 0.732 -4.272 0.549
Accel: 0.011 0.008 1.002
Gyro: 0.793 -4.409 0.839
Accel: 0.011 0.009 1.005
Gyro: 0.961 -4.531 -1.129
Accel: 0.008 0.004 1.008
Gyro: 0.885 0.823 1.358
Accel: 0.005 0.003 1.007
Gyro: 1.007 0.335 1.358
Accel: 0.008 0.002 1.007
Gyro: 1.312 -3.875 1.632
Accel: 0.0010 0.062 1.007
Gyro: 1.495 0.0000 1.785
Accel: 0.012 0.002 1.005
Gyro: 1.434 0.518 1.815
Accel: 0.013 0.002 1.0001
Gyro: 1.251 -1.129 1.556
