Accel: 0.029 0.072 1.002
Gyro: 2.395 -1.190 1.602
Accel: 0.029 0.077 1.007
Gyro: 2.349 -1.129 1.342
Accel: 0.030 0.076 1.006
Gyro: 2.258 0.869 0.808
Accel: 0.035 0.079 1.006
Gyro: 2.120 0.518 0.549
Accel: 0.038 0.077 1.002
Gyro: 2.227 0.473 0.411
Accel: 0.037 0.072 0.999
Gyro: 2.029 0.640 0.106
Accel: 0.038 0.069 0.997
Gyro: 1.449 -1.007 0.198
Accel: 0.039 0.070 0.994
Gyro: 0.656 -1.205 0.228
Accel: 0.036 0.068 0.995
Gyro: 0.473 -1.190 0.335
Accel: 0.030 0.064 0.996
Gyro: -1.800 0.839 0.686
Accel: 0.027 0.066 1.0001
Gyro: -2.792 0.442 0.778
Accel: 0.030 0.067 1.003
Gyro: -2.899 0.228 0.793
Accel: 0.033 0.066 1.007
Gyro: -2.883 0.137 0.442
Accel: 0.035 0.068 1.008
Gyro: -2.563 0.381 0.106
Accel: 0.033 0.072 1.011
Gyro: -2.197 0.595 0.091
Accel: 0.035 0.073 1.0010
Gyro: -1.998 0.915 0.289
Accel: 0.037 0.078 1.007
Gyro: -1.861 1.174 0.473
Accel: 0.032 0.082 1.007
Gyro: -1.647 1.510 0.503
Accel: 0.027 0.082 1.006
Gyro: -1.510 1.846 0.534
Accel: 0.030 0.078 1.002
Gyro: -1.480 1.403 0.595
Accel: 0.034 0.076 1.003
Gyro: -1.861 0.793 0.976
Accel: 0.037 0.075 1.002
Gyro: -2.243 0.427 1.251
Accel: 0.040 0.074 1.005
Gyro: -2.670 0.045 1.190
Accel: 0.039 0.073 1.006
Gyro: -2.807 0.335 1.129
Accel: 0.040 0.071 1.011
Gyro: -2.914 0.305 0.961
Accel: 0.040 0.071 1.012
Gyro: -2.960 0.274 0.808
Accel: 0.038 0.070 1.019
Gyro: -2.929 0.289 0.534
Accel: 0.038 0.067 1.019
Gyro: -2.838 0.198 0.366
Accel: 0.034 0.064 1.020
Gyro: -2.761 0.183 0.396
Accel: 0.035 0.063 1.019
Gyro: -2.578 0.289 0.152
Accel: 0.035 0.066 1.020
Gyro: -2.426 0.244 0.305
Accel: 0.037 0.067 1.018
Gyro: -2.212 0.244 0.564
Accel: 0.039 0.063 1.015
Gyro: -1.892 0.198 0.717
Accel: 0.042 0.060 1.014
Gyro: -1.510 0.442 0.732
Accel: 0.044 0.060 1.011
Gyro: -1.174 0.579 0.793
Accel: 0.042 0.063 1.009
Gyro: 0.946 0.701 0.839
Accel: 0.041 0.064 1.0010
Gyro: 0.640 0.396 -1.007
Accel: 0.039 0.062 1.008
Gyro: 0.488 0.045 -1.037
Accel: 0.037 0.124 1.005
Gyro: 0.259 0.030 -1.037
Accel: 0.036 0.066 1.004
Gyro: 0.167 0.091 0.885
Accel: 0.036 0.067 1.0000
Gyro: 0.137 0.473 0.915
Accel: 0.037 0.062 1.0000
Gyro: 0.503 -1.068 0.839
Accel: 0.044 0.060 0.996
Gyro: 0.503 -2.731 0.686
Accel: 0.050 0.059 0.990
Gyro: 0.122 -4.455 0.503
Accel: 0.053 0.058 0.987
Gyro: 0.457 -6.072 0.137
Accel: 0.051 0.057 0.982
Gyro: 0.869 -11.718 0.259
Accel: 0.052 0.058 0.980
Gyro: 0.976 -9.277 0.442
Accel: 0.052 0.062 0.975
Gyro: 0.869 -10.604 0.854
Accel: 0.052 0.066 0.974
Gyro: 0.122 -11.306 0.991
Accel: 0.051 0.065 0.972
Gyro: 0.717 -11.398 -1.159
Accel: 0.047 0.064 0.971
Gyro: -2.410 -10.452 -1.068
Accel: 0.045 0.065 0.971
Gyro: -4.425 -9.246 0.808
Accel: 0.035 0.068 0.974
Gyro: -6.301 -7.553 0.610
Accel: 0.028 0.068 0.977
Gyro: -11.657 -5.767 0.320
Accel: 0.022 0.063 0.983
Gyro: -8.911 -4.379 0.274
Accel: 0.020 0.059 0.988
Gyro: -9.170 -3.234 1.052
Accel: 0.017 0.056 0.993
Gyro: -9.048 -2.426 2.014
Accel: 0.016 0.053 1.003
Gyro: -8.819 -1.525 3.036
Accel: 0.015 0.052 1.013
Gyro: -8.499 0.579 3.936
Accel: 0.015 0.054 1.024
Gyro: -8.148 0.595 4.821
Accel: 0.017 0.058 1.034
Gyro: -7.812 1.800 5.386
Accel: 0.021 0.056 1.044
Gyro: -7.080 3.005 5.569
Accel: 0.025 0.052 1.049
Gyro: -5.920 3.784 5.676
Accel: 0.027 0.048 1.047
Gyro: -3.784 3.814 5.599
Accel: 0.030 0.042 1.041
Gyro: -1.281 3.143 5.554
Accel: 0.032 0.040 1.038
Gyro: 0.961 2.166 5.462
Accel: 0.030 0.039 1.038
Gyro: 2.273 1.861 5.401
Accel: 0.028 0.040 1.037
Gyro: 2.777 2.380 4.943
Accel: 0.029 0.039 1.037
Gyro: 2.548 2.929 4.287
Accel: 0.031 0.043 1.035
Gyro: 1.937 3.326 3.570
Accel: 0.032 0.048 1.033
Gyro: 1.037 3.494 2.960
Accel: 0.038 0.050 1.033
Gyro: 0.183 3.601 2.517
Accel: 0.041 0.046 1.034
Gyro: 0.595 4.013 2.258
Accel: 0.038 0.051 1.037
Gyro: 0.961 4.699 2.014
Accel: 0.035 0.051 1.034
Gyro: 0.900 5.798 1.739
Accel: 0.032 0.047 1.034
Gyro: 0.518 7.064 1.586
Accel: 0.031 0.043 1.030
Gyro: 0.122 8.178 1.586
Accel: 0.032 0.041 1.025
Gyro: 0.640 8.300 1.708
Accel: 0.032 0.042 1.021
Gyro: 1.113 8.514 2.014
Accel: 0.036 0.045 1.020
Gyro: 1.159 8.956 2.120
Accel: 0.037 0.049 1.020
Gyro: 0.869 9.201 1.998
Accel: 0.041 0.050 1.022
Gyro: 0.152 9.506 1.998
Accel: 0.045 0.046 1.025
Gyro: 0.869 10.269 2.182
Accel: 0.047 0.042 1.026
Gyro: -1.861 10.910 2.105
Accel: 0.054 0.040 1.030
Gyro: -2.426 15.579 2.059
Accel: 0.059 0.036 1.032
Gyro: -2.426 12.741 2.288
Accel: 0.061 0.032 1.033
Gyro: -1.785 13.687 2.380
Accel: 0.063 0.030 1.031
Gyro: 0.473 13.931 2.853
Accel: 0.065 0.031 1.032
Gyro: 1.022 13.809 3.585
Accel: 0.062 0.032 1.031
Gyro: 2.578 13.290 4.425
Accel: 0.061 0.036 1.033
Gyro: 4.180 12.619 5.142
Accel: 0.064 0.038 1.035
Gyro: 5.203 12.741 5.722
Accel: 0.071 0.039 1.036
Gyro: 5.661 13.351 5.950
Accel: 0.078 0.046 1.037
Gyro: 5.844 14.526 5.813
Accel: 0.087 0.052 1.034
Gyro: 5.523 16.204 5.371
Accel: 0.094 0.050 1.029
Gyro: 5.249 17.669 5.035
Accel: 0.0100 0.046 1.022
Gyro: 5.035 18.447 4.974
Accel: 0.104 0.047 1.022
Gyro: 4.226 19.302 4.943
Accel: 0.109 0.047 1.025
Gyro: 3.601 19.546 5.157
Accel: 0.112 0.049 1.027
Gyro: 3.250 19.729 5.554
Accel: 0.111 0.051 1.032
Gyro: 3.433 19.958 6.011
Accel: 0.113 0.052 1.036
Gyro: 3.997 20.706 6.378
Accel: 0.115 0.057 1.042
Gyro: 4.501 22.521 6.561
Accel: 0.119 0.066 1.047
Gyro: 4.470 25.405 6.027
Accel: 0.124 0.080 1.046
Gyro: 3.799 28.961 4.760
Accel: 0.126 0.097 1.036
Gyro: 2.990 32.653 2.288
Accel: 0.137 0.117 1.023
Gyro: 1.785 35.476 0.900
Accel: 0.150 0.117 1.0010
Gyro: 0.625 36.880 -7.797
Accel: 0.163 0.099 0.996
Gyro: 0.122 37.292 -5.722
Accel: 0.170 0.066 0.989
Gyro: 0.183 36.804 -6.072
Accel: 0.172 0.033 0.986
Gyro: 0.045 35.385 -4.745
Accel: 0.166 0.026 0.985
Gyro: 0.335 33.554 -2.944
Accel: 0.158 0.034 0.985
Gyro: -1.312 30.975 -1.388
Accel: 0.155 0.040 0.985
Gyro: -2.243 27.770 0.274
Accel: 0.167 0.049 0.991
Gyro: -2.197 23.147 0.411
Accel: 0.165 0.035 1.041
Gyro: -1.449 18.920 0.549
Accel: 0.178 0.042 1.018
Gyro: 0.656 11.749 -1.373
Accel: 0.178 0.041 1.0010
Gyro: 5.157 13.595 -2.304
Accel: 0.200 0.036 0.991
Gyro: 10.208 10.925 -2.609
Accel: 0.205 0.036 0.981
Gyro: 14.358 8.560 -2.258
Accel: 0.196 0.047 0.981
Gyro: 16.555 6.088 -1.205
Accel: 0.182 0.061 0.982
Gyro: 17.791 3.616 0.289
Accel: 0.178 0.081 0.996
Gyro: 18.035 1.632 0.320
Accel: 0.179 0.096 1.043
Gyro: 15.411 7.781 -3.906
Accel: 0.183 0.120 1.045
Gyro: 11.581 6.835 -1.419
Accel: 0.194 0.135 1.037
Gyro: 10.955 7.080 -3.219
Accel: 0.214 0.132 1.029
Gyro: 11.840 4.943 -3.997
Accel: 0.228 0.129 1.030
Gyro: 11.657 1.556 -3.417
Accel: 0.232 0.118 1.018
Gyro: 11.489 -3.601 -2.365
Accel: 0.225 0.108 1.014
Gyro: 11.093 -9.140 -1.480
Accel: 0.214 0.107 1.038
Gyro: 8.773 -13.275 0.701
Accel: 0.985 0.184 0.063
Gyro: 38.116 51.437 -8.972
Accel: 0.981 0.193 0.034
Gyro: 24.078 37.429 -8.0010
Accel: 0.991 0.187 0.026
Gyro: 10.055 21.911 -6.454
Accel: 0.992 0.167 0.027
Gyro: -1.556 7.690 -3.845
Accel: 0.990 0.136 0.034
Gyro: -12.115 -4.806 -1.052
Accel: 0.991 0.103 0.049
Gyro: -19.744 -14.907 0.762
Accel: 0.988 0.074 0.068
Gyro: -24.642 -22.506 1.129
Accel: 0.988 0.059 0.097
Gyro: -26.962 -27.465 0.534
Accel: 0.991 0.069 0.123
Gyro: -26.824 -29.373 0.366
Accel: 0.994 0.094 0.134
Gyro: -25.024 -28.945 -1.007
Accel: 0.999 0.109 0.144
Gyro: -21.865 -26.641 0.823
Accel: -1.007 0.108 0.147
Gyro: -17.852 -22.506 0.686
Accel: 0.997 0.093 0.133
Gyro: -12.710 -18.249 2.517
Accel: 0.988 0.078 0.122
Gyro: -7.781 -13.793 3.723
Accel: 0.977 0.069 0.116
Gyro: -3.189 -9.292 4.013
Accel: 0.972 0.065 0.120
Gyro: 1.007 -4.837 3.417
Accel: 0.975 0.073 0.118
Gyro: 5.081 0.396 2.319
Accel: 0.978 0.079 0.123
Gyro: 8.590 3.143 1.098
Accel: 0.974 0.084 0.128
Gyro: 11.703 6.881 0.411
Accel: 0.971 0.085 0.124
Gyro: 14.144 9.597 0.030
Accel: 0.965 0.083 0.114
Gyro: 16.265 11.077 0.228
Accel: 0.963 0.084 0.0100
Gyro: 17.471 11.657 0.244
Accel: 0.960 0.089 0.091
Gyro: 17.761 11.444 0.106
Accel: 0.969 0.087 0.075
Gyro: 17.242 10.009 0.183
Accel: 0.975 0.093 0.066
Gyro: 15.670 7.690 0.030
Accel: 0.980 0.101 0.123
Gyro: 13.122 5.355 0.244
Accel: 0.981 0.108 0.075
Gyro: 10.498 3.067 0.686
Accel: 0.985 0.117 0.088
Gyro: 7.751 0.915 -1.480
Accel: 0.982 0.125 0.097
Gyro: 5.523 0.915 -2.166
Accel: 0.981 0.126 0.101
Gyro: 3.784 -2.471 -2.563
Accel: 0.990 0.123 0.099
Gyro: 2.716 -4.379 -2.578
Accel: 0.996 0.121 0.103
Gyro: 1.922 -6.027 -2.395
Accel: -1.0000 0.123 0.109
Gyro: 1.327 -7.308 -2.243
Accel: -1.002 0.125 0.115
Gyro: 1.129 -8.300 -1.846
Accel: -1.005 0.121 0.116
Gyro: 1.068 -9.140 -1.144
Accel: -1.008 0.119 0.114
Gyro: 1.358 -9.704 0.289
Accel: 0.980 0.182 0.132
Gyro: 1.144 -10.086 0.061
Accel: -1.003 0.115 0.110
Gyro: 1.892 -9.872 1.434
Accel: 0.997 0.115 0.092
Gyro: 1.998 -9.872 2.593
Accel: 0.994 0.116 0.087
Gyro: 1.754 -9.658 3.219
Accel: 0.987 0.113 0.086
Gyro: 1.358 -9.307 3.601
Accel: 0.980 0.110 0.084
Gyro: 1.296 -8.773 3.601
Accel: 0.974 0.108 0.086
Gyro: 1.525 -8.102 3.189
Accel: 0.975 0.110 0.090
Gyro: 1.831 -7.064 2.456
Accel: 0.976 0.112 0.098
Gyro: 2.471 -5.935 1.632
Accel: 0.977 0.116 0.105
Gyro: 3.326 -4.333 1.022
Accel: 0.983 0.116 0.109
Gyro: 4.211 -2.960 0.488
Accel: 0.986 0.118 0.107
Gyro: 5.111 -1.770 0.076
Accel: 0.988 0.114 0.106
Gyro: 5.935 0.778 0.122
Accel: 0.990 0.111 0.110
Gyro: 6.378 0.335 0.137
Accel: 0.992 0.110 0.109
Gyro: 6.744 0.076 0.183
Accel: -1.062 0.111 0.113
Gyro: 6.973 0.427 0.259
Accel: -1.004 0.113 0.119
Gyro: 7.049 0.503 0.625
Accel: -1.003 0.117 0.124
Gyro: 7.537 0.427 -1.068
Accel: -1.006 0.120 0.128
Gyro: 8.285 -3.906 -1.052
Accel: -1.005 0.122 0.127
Gyro: 9.094 0.274 0.717
Accel: -1.003 0.122 0.121
Gyro: 9.628 0.854 0.228
Accel: -1.0000 0.120 0.124
Gyro: 9.811 -1.510 0.259
Accel: 0.997 0.125 0.120
Gyro: 9.826 -2.059 0.656
Accel: 0.997 0.131 0.120
Gyro: 9.811 -2.838 0.915
Accel: 0.995 0.131 0.121
Gyro: 9.796 -3.738 1.220
Accel: 0.993 0.132 0.115
Gyro: 9.353 -4.455 1.373
Accel: 0.988 0.126 0.112
Gyro: 8.773 -5.111 1.312
Accel: 0.982 0.118 0.116
Gyro: 8.117 -5.508 0.839
Accel: 0.977 0.117 0.119
Gyro: 7.629 -5.706 0.152
Accel: 0.979 0.119 0.119
Gyro: 7.339 -5.813 0.259
Accel: 0.980 0.122 0.116
Gyro: 7.247 -5.691 0.473
Accel: 0.980 0.126 0.113
Gyro: 7.186 -5.706 0.823
Accel: 0.976 0.128 0.106
Gyro: 7.278 -5.447 -1.083
Accel: 0.972 0.128 0.101
Gyro: 7.156 -4.989 -1.525
Accel: 0.970 0.120 0.092
Gyro: 6.866 -4.470 -2.380
Accel: 0.968 0.114 0.084
Gyro: 6.423 -3.997 -3.356
Accel: 0.968 0.109 0.081
Gyro: 6.149 -3.509 -3.753
Accel: 0.966 0.106 0.080
Gyro: 5.996 -3.250 -3.677
Accel: 0.962 0.107 0.081
Gyro: 6.210 -2.929 -3.173
Accel: 0.958 0.105 0.093
Gyro: 6.500 -2.685 -2.899
Accel: 0.959 0.107 0.0100
Gyro: 6.820 -2.334 -2.441
Accel: 0.966 0.110 0.099
Gyro: 7.156 -1.968 -2.227
Accel: 0.969 0.116 0.101
Gyro: 7.537 -1.800 -2.075
Accel: 0.973 0.117 0.096
Gyro: 11.657 -1.693 -2.059
Accel: 0.974 0.115 0.105
Gyro: 8.102 -1.602 -1.770
Accel: 0.969 0.114 0.114
Gyro: 8.499 -1.251 -1.296
Accel: 0.967 0.120 0.117
Gyro: 8.956 0.900 -1.205
Accel: 0.967 0.121 0.116
Gyro: 9.078 0.930 -1.144
Accel: 0.967 0.124 0.111
Gyro: 8.636 -1.007 -1.129
Accel: 0.970 0.125 0.113
Gyro: 3.906 -1.358 -1.403
Accel: 0.968 0.127 0.116
Gyro: 6.851 -1.632 -1.861
Accel: 0.970 0.125 0.119
Gyro: 5.737 -1.846 -1.937
Accel: 0.981 0.119 0.123
Gyro: 5.432 -2.182 -1.998
Accel: 0.984 0.113 0.122
Gyro: 5.508 -2.441 -2.273
Accel: 0.980 0.105 0.124
Gyro: 5.950 -2.365 -2.670
Accel: 0.978 0.0100 0.121
Gyro: 6.210 -2.410 -3.204
Accel: 0.978 0.099 0.115
Gyro: 6.454 -2.624 -3.616
Accel: 0.986 0.103 0.116
Gyro: 6.454 -2.441 -4.119
Accel: 0.992 0.107 0.122
Gyro: 6.637 -2.288 -4.318
Accel: 0.995 0.107 0.123
Gyro: 7.034 -2.059 -4.226
Accel: 0.994 0.107 0.125
Gyro: 7.659 -2.502 -3.967
Accel: 0.993 0.101 0.126
Gyro: 8.499 -3.601 -3.692
Accel: 0.988 0.095 0.133
Gyro: 9.490 -5.126 -3.356
Accel: 0.986 0.087 0.141
Gyro: 10.574 -6.454 -2.960
Accel: 0.982 0.085 0.137
Gyro: 11.276 -7.659 -3.463
Accel: 0.974 0.083 0.136
Gyro: 11.291 -8.621 -4.577
Accel: 0.966 0.080 0.132
Gyro: 11.260 -9.262 -5.706
Accel: 0.963 0.083 0.122
Gyro: 10.803 -10.131 -6.790
Accel: 0.953 0.082 0.124
Gyro: 10.452 -10.559 -7.858
Accel: 0.944 0.083 0.135
Gyro: 10.406 -10.299 -8.392
Accel: 0.938 0.090 0.136
Gyro: 10.726 -9.948 -8.926
Accel: 0.927 0.095 0.129
Gyro: 11.169 -9.506 -9.094
Accel: 0.911 0.093 0.118
Gyro: 11.306 -9.017 -9.506
Accel: 0.918 0.107 0.155
Gyro: 11.077 -8.804 -10.498
Accel: 0.829 0.083 0.135
Gyro: 13.641 -8.071 -10.437
Accel: 0.763 0.085 0.134
Gyro: 16.845 -6.469 -9.994
Accel: 0.709 0.051 0.199
Gyro: 22.003 -7.629 -9.719
Accel: 0.664 0.032 0.093
Gyro: 26.306 -8.0010 -7.446
Accel: 0.555 0.020 0.109
Gyro: 32.424 -11.123 -6.744
Accel: 0.418 0.040 0.092
Gyro: 38.436 -14.770 -9.521
Accel: 0.168 0.046 0.0010
Gyro: 39.520 -13.580 -15.518
Accel: 0.063 0.058 0.011
Gyro: 37.002 -10.391 -16.754
Accel: 0.006 0.009 0.050
Gyro: 35.064 -9.811 -14.419
Accel: 0.020 0.008 0.005
Gyro: 34.271 -10.284 -11.520
Accel: 0.007 0.008 0.008
Gyro: 33.264 -10.986 -9.017
Accel: 0.005 0.004 0.005
Gyro: 32.394 -11.474 -7.232
Accel: 0.005 0.004 0.0010
Gyro: 31.845 -12.023 -5.996
Accel: 0.0000 0.004 0.008
Gyro: 31.021 -12.512 -5.386
Accel: 0.003 0.004 0.006
Gyro: 30.120 -13.092 -5.004
Accel: 0.0000 0.005 0.007
Gyro: 29.129 -13.778 -4.913
Accel: 0.061 0.005 0.004
Gyro: 28.411 -14.587 -5.096
Accel: 0.0000 0.002 0.006
Gyro: 27.603 -15.441 -5.462
Accel: 0.002 0.0001 0.006
Gyro: 26.779 -16.220 -6.118
Accel: 0.0001 0.0000 0.009
Gyro: 25.817 -17.166 -6.912
Accel: 0.003 0.0000 0.0010
Gyro: 24.932 -18.234 -7.568
Accel: -2.738 0.328 0.692
Gyro: 59.997 -85.098 50.857
Accel: -7.546 0.485 0.245
Gyro: 171.661 -291.259 119.491
Accel: -2.174 0.202 0.280
Gyro: 213.607 -302.719 144.134
Accel: -1.261 0.477 0.553
Gyro: 101.562 -273.803 131.942
Accel: -1.493 0.073 0.596
Gyro: -4.547 -271.209 96.359
Accel: 0.745 0.298 0.612
Gyro: -9.521 -264.862 96.221
Accel: 0.134 0.348 0.501
Gyro: 3.677 -251.113 89.111
Accel: 0.232 0.484 0.496
Gyro: 2.975 -189.682 52.978
Accel: 0.553 0.574 0.727
Gyro: 0.747 -67.855 9.613
Accel: -1.635 0.673 1.222
Gyro: 4.730 39.031 11.154
Accel: -1.779 0.635 1.124
Gyro: 27.343 93.109 33.050
Accel: -1.192 0.541 0.651
Gyro: 34.530 118.469 39.230
Accel: -1.076 0.483 0.279
Gyro: 38.909 105.209 27.130
Accel: 0.941 0.405 0.443
Gyro: 29.922 90.209 13.748
Accel: -1.028 0.312 0.431
Gyro: 35.751 63.308 5.905
Accel: -1.085 0.430 0.354
Gyro: 45.272 38.864 -5.340
Accel: -1.044 0.468 0.305
Gyro: 46.813 24.597 -12.863
Accel: -1.033 0.437 0.270
Gyro: 37.796 13.534 -15.731
Accel: -1.031 0.372 0.255
Gyro: 27.130 5.493 -13.122
Accel: -1.018 0.333 0.270
Gyro: 12.298 -2.090 -7.675
Accel: 0.967 0.375 0.322
Gyro: -5.996 -2.304 -2.700
Accel: 0.938 0.394 0.349
Gyro: -20.690 4.653 2.166
Accel: -1.071 0.364 0.528
Gyro: -29.449 2.578 4.196
Accel: -1.041 0.335 0.552
Gyro: -30.303 3.875 2.868
Accel: -1.035 0.305 0.562
Gyro: -25.939 5.111 -1.296
Accel: 0.983 0.397 0.557
Gyro: -22.125 7.461 -8.132
Accel: 0.968 0.301 0.527
Gyro: -13.626 6.881 -11.962
Accel: 0.952 0.278 0.510
Gyro: -7.308 7.415 -13.275
Accel: 0.910 0.302 0.479
Gyro: -3.784 11.138 -17.227
Accel: 0.880 0.299 0.445
Gyro: 0.656 14.633 -21.697
Accel: 0.936 0.250 0.401
Gyro: 0.427 15.487 -23.864
Accel: 0.937 0.204 0.359
Gyro: 1.708 14.465 -24.215
Accel: 0.891 0.201 0.332
Gyro: 4.211 10.879 -24.078
Accel: 0.893 0.223 0.330
Gyro: 6.011 6.347 -24.322
Accel: 0.889 0.229 0.349
Gyro: 4.623 3.143 -24.078
Accel: 0.888 0.210 0.399
Gyro: 3.662 3.555 -22.140
Accel: 0.881 0.178 0.437
Gyro: 7.736 7.690 -18.493
Accel: 0.877 0.154 0.431
Gyro: 5.004 15.090 -14.404
Accel: 0.891 0.156 0.409
Gyro: 6.225 22.140 -11.077
Accel: 0.905 0.185 0.374
Gyro: 6.332 27.069 -8.956
Accel: 0.921 0.202 0.329
Gyro: 5.477 28.686 -7.720
Accel: 0.933 0.191 0.294
Gyro: 4.959 26.519 -6.378
Accel: 0.926 0.180 0.269
Gyro: 3.875 21.911 -5.264
Accel: 0.923 0.177 0.258
Gyro: 0.564 18.188 -3.952
Accel: 0.924 0.165 0.285
Gyro: -3.417 15.609 -2.243
Accel: 0.928 0.162 0.318
Gyro: -7.369 15.701 0.808
Accel: 0.933 0.135 0.312
Gyro: -5.920 12.695 2.456
Accel: 0.924 0.125 0.270
Gyro: -2.365 8.270 4.623
Accel: 0.927 0.145 0.257
Gyro: -1.831 6.423 6.408
Accel: 0.942 0.172 0.266
Gyro: -2.639 5.126 8.224
Accel: 0.940 0.191 0.282
Gyro: -3.799 3.570 10.177
Accel: 0.939 0.178 0.272
Gyro: -3.005 1.190 12.649
Accel: 0.958 0.164 0.222
Gyro: 3.128 -5.401 13.0000
Accel: 0.957 0.225 0.220
Gyro: 3.997 -6.851 10.040
Accel: 0.918 0.366 0.281
Gyro: -1.953 -1.861 4.470
Accel: 0.966 0.322 0.308
Gyro: -1.998 -3.097 1.617
Accel: 0.964 0.257 0.315
Gyro: -1.342 -4.913 -3.829
Accel: 0.911 0.244 0.341
Gyro: -3.814 -2.182 -1.373
Accel: 0.900 0.235 0.378
Gyro: -3.555 1.617 -2.502
Accel: 0.916 0.219 0.395
Gyro: -1.419 6.301 -3.814
Accel: 0.922 0.227 0.389
Gyro: 0.625 12.695 -4.776
Accel: 0.919 0.257 0.370
Gyro: -1.281 18.112 -6.072
Accel: 0.914 0.273 0.344
Gyro: -1.510 20.599 -8.193
Accel: 0.878 0.200 0.489
Gyro: 4.730 17.929 -13.320
Accel: 0.898 0.251 0.311
Gyro: 4.241 25.146 -14.724
Accel: 0.899 0.221 0.316
Gyro: 2.197 26.458 -15.731
Accel: 0.931 0.177 0.308
Gyro: -3.997 27.999 -15.518
Accel: -1.005 0.140 0.344
Gyro: -10.284 28.793 -9.826
Accel: -1.026 0.089 0.322
Gyro: -12.573 31.295 -2.685
Accel: -1.066 0.093 0.233
Gyro: -11.413 28.442 2.334
Accel: -1.097 0.146 0.190
Gyro: -10.055 21.697 3.784
Accel: -1.106 0.217 0.197
Gyro: -10.864 17.868 3.372
Accel: -1.130 0.269 0.250
Gyro: -8.865 14.785 3.540
Accel: -1.157 0.268 0.361
Gyro: -4.776 15.899 3.753
Accel: -1.195 0.248 0.397
Gyro: 2.044 20.767 5.081
Accel: -1.179 0.244 0.419
Gyro: 7.949 25.497 5.172
Accel: -1.135 0.225 0.405
Gyro: 12.008 27.984 3.997
Accel: -1.123 0.191 0.399
Gyro: 14.633 28.823 1.983
Accel: -1.105 0.173 0.366
Gyro: 16.845 28.961 0.411
Accel: -1.087 0.165 0.332
Gyro: 17.974 27.465 0.244
Accel: -1.076 0.185 0.258
Gyro: 17.578 28.579 0.076
Accel: -1.066 0.208 0.277
Gyro: 15.914 25.360 0.900
Accel: -1.040 0.213 0.272
Gyro: 13.732 22.293 -3.814
Accel: -1.007 0.223 0.280
Gyro: 11.657 18.051 -6.195
Accel: 0.986 0.232 0.258
Gyro: 9.033 16.021 -7.904
Accel: 0.960 0.235 0.234
Gyro: 6.652 15.518 -9.597
Accel: 0.941 0.228 0.215
Gyro: 3.311 13.809 -12.557
Accel: 0.901 0.219 0.233
Gyro: 0.015 12.603 -14.953
Accel: 0.875 0.208 0.225
Gyro: -2.960 11.947 -17.333
Accel: 0.854 0.195 0.205
Gyro: -5.599 11.520 -19.744
Accel: 0.843 0.186 0.184
Gyro: -8.895 11.062 -21.530
Accel: 0.849 0.177 0.166
Gyro: -12.008 9.658 -22.476
Accel: 0.853 0.168 0.154
Gyro: -14.389 6.896 -22.888
Accel: 0.849 0.158 0.148
Gyro: -16.250 3.524 -22.888
Accel: 0.846 0.157 0.156
Gyro: -17.623 0.640 -22.232
Accel: 0.841 0.153 0.167
Gyro: -18.142 -1.525 -21.240
Accel: 0.838 0.149 0.182
Gyro: -17.959 -2.838 -19.958
Accel: 0.844 0.145 0.193
Gyro: -17.547 -3.433 -18.478
Accel: 0.847 0.139 0.197
Gyro: -16.754 -3.936 -17.257
Accel: 0.846 0.136 0.190
Gyro: -16.265 -4.287 -16.845
Accel: 0.854 0.138 0.190
Gyro: -16.098 -4.486 -16.967
Accel: 0.864 0.138 0.181
Gyro: -15.853 -4.257 -17.547
Accel: 0.865 0.135 0.178
Gyro: -15.563 -4.623 -17.501
Accel: 0.869 0.130 0.179
Gyro: -15.075 -5.050 -16.632
Accel: 0.875 0.127 0.184
Gyro: -14.434 -5.935 -14.984
Accel: 0.888 0.129 0.187
Gyro: -13.763 -6.988 -13.275
Accel: 0.910 0.127 0.188
Gyro: -12.619 -8.773 -11.581
Accel: 0.919 0.128 0.192
Gyro: -11.520 -10.116 -9.811
Accel: 0.934 0.121 0.215
Gyro: -10.086 -11.398 -8.209
Accel: 0.946 0.115 0.212
Gyro: -9.124 -12.344 -6.576
Accel: 0.960 0.109 0.201
Gyro: -8.956 -13.214 -4.989
Accel: 0.959 0.104 0.209
Gyro: -8.346 -13.839 -3.631
Accel: 0.953 0.106 0.219
Gyro: -7.110 -13.687 -2.456
Accel: 0.958 0.109 0.230
Gyro: -5.783 -12.329 -1.037
Accel: 0.965 0.111 0.231
Gyro: -3.723 -10.238 0.534
Accel: 0.966 0.119 0.233
Gyro: -1.358 -7.995 1.388
Accel: 0.969 0.121 0.229
Gyro: 1.037 -5.249 1.953
Accel: 0.968 0.117 0.226
Gyro: 3.204 -2.426 2.059
Accel: 0.968 0.115 0.225
Gyro: 4.882 0.137 2.120
Accel: 0.971 0.114 0.226
Gyro: 5.950 1.876 2.258
Accel: 0.973 0.117 0.226
Gyro: 6.484 3.311 2.304
Accel: 0.977 0.118 0.227
Gyro: 7.019 4.302 2.044
Accel: 0.978 0.119 0.227
Gyro: 7.110 4.730 2.258
Accel: 0.982 0.123 0.223
Gyro: 6.515 4.867 3.234
Accel: 0.986 0.129 0.216
Gyro: 5.661 4.165 4.501
Accel: 0.979 0.132 0.224
Gyro: 4.760 2.731 5.401
Accel: 0.967 0.132 0.226
Gyro: 3.646 1.525 5.844
Accel: 0.959 0.135 0.225
Gyro: 2.014 -3.814 6.317
Accel: 0.960 0.127 0.231
Gyro: 0.839 -1.647 6.210
Accel: 0.963 0.125 0.228
Gyro: 0.534 -3.662 5.752
Accel: 0.966 0.127 0.220
Gyro: -2.136 -5.477 5.325
Accel: 0.965 0.132 0.220
Gyro: -3.829 -6.881 4.547
Accel: 0.961 0.134 0.227
Gyro: -5.401 -7.675 3.555
Accel: 0.959 0.134 0.231
Gyro: -6.210 -7.736 2.593
Accel: 0.955 0.128 0.231
Gyro: -6.530 -6.988 2.029
Accel: 0.951 0.120 0.232
Gyro: -6.301 -5.859 1.342
Accel: 0.947 0.112 0.234
Gyro: -5.722 -4.394 0.793
Accel: 0.941 0.106 0.233
Gyro: -4.852 -2.716 0.015
Accel: 0.939 0.103 0.235
Gyro: -3.921 -1.266 0.656
Accel: 0.943 0.103 0.236
Gyro: -3.036 0.289 0.610
Accel: 0.950 0.108 0.233
Gyro: -2.441 0.259 0.076
Accel: 0.958 0.114 0.227
Gyro: -2.517 0.152 0.732
Accel: 0.957 0.117 0.230
Gyro: -2.761 0.350 1.144
Accel: 0.956 0.123 0.229
Gyro: -3.585 -1.281 1.434
Accel: 0.961 0.122 0.227
Gyro: -4.562 -2.899 1.495
Accel: 0.967 0.120 0.230
Gyro: -5.477 -4.409 1.556
Accel: 0.969 0.118 0.238
Gyro: -6.027 -5.599 1.388
Accel: 0.971 0.117 0.245
Gyro: -6.286 -6.210 0.793
Accel: 0.973 0.117 0.250
Gyro: -6.164 -6.469 0.289
Accel: 0.972 0.114 0.255
Gyro: -5.813 -6.515 -1.235
Accel: 0.969 0.113 0.260
Gyro: -5.264 -6.210 -1.678
Accel: 0.971 0.117 0.261
Gyro: -4.348 -5.538 -1.510
Accel: 0.971 0.123 0.256
Gyro: -3.738 -4.898 0.900
Accel: 0.968 0.129 0.249
Gyro: -3.417 -4.440 0.305
Accel: 0.966 0.135 0.241
Gyro: -3.417 -4.287 0.350
Accel: 0.968 0.138 0.237
Gyro: -3.814 -4.333 1.266
Accel: 0.968 0.135 0.236
Gyro: -4.379 -4.470 2.029
Accel: 0.969 0.134 0.239
Gyro: -4.989 -4.745 2.639
Accel: 0.970 0.132 0.247
Gyro: -5.554 -4.699 2.532
Accel: 0.974 0.187 0.253
Gyro: -5.569 -4.547 2.197
Accel: 0.975 0.117 0.257
Gyro: -5.142 -4.455 2.288
Accel: 0.971 0.117 0.259
Gyro: -4.608 -3.845 2.731
Accel: 0.964 0.116 0.263
Gyro: -3.738 -3.173 3.341
Accel: 0.961 0.119 0.264
Gyro: -2.807 -2.410 3.921
Accel: 0.963 0.124 0.263
Gyro: -2.044 -1.571 4.592
Accel: 0.965 0.125 0.260
Gyro: -1.602 -1.022 5.310
Accel: 0.964 0.128 0.260
Gyro: -1.144 0.762 5.950
Accel: 0.965 0.132 0.261
Gyro: 0.747 0.640 6.927
Accel: 0.962 0.131 0.260
Gyro: 0.610 0.839 7.858
Accel: 0.962 0.131 0.262
Gyro: 0.747 0.991 8.865
Accel: 0.960 0.129 0.266
Gyro: 0.762 -1.159 9.613
Accel: 0.958 0.127 0.272
Gyro: 0.595 -1.403 10.040
Accel: 0.955 0.127 0.268
Gyro: 0.381 -1.785 10.238
Accel: 0.952 0.131 0.259
Gyro: 0.457 -2.456 10.162
Accel: 0.949 0.131 0.259
Gyro: 0.274 -3.204 9.643
Accel: 0.944 0.133 0.258
Gyro: 0.411 -3.570 9.262
Accel: 0.943 0.135 0.254
Gyro: 0.274 -3.952 9.201
Accel: 0.943 0.137 0.187
Gyro: 0.198 -4.364 9.277
Accel: 0.942 0.140 0.251
Gyro: 0.045 -4.837 9.155
Accel: 0.944 0.140 0.254
Gyro: 0.122 -4.791 9.231
Accel: 0.948 0.140 0.255
Gyro: 0.015 -4.669 9.414
Accel: 0.946 0.142 0.259
Gyro: 0.442 -4.501 9.323
Accel: 0.941 0.147 0.262
Gyro: 0.885 -4.028 8.895
Accel: 0.935 0.152 0.264
Gyro: 1.296 -3.524 8.361
Accel: 0.935 0.154 0.257
Gyro: 1.449 -3.082 8.041
Accel: 0.942 0.159 0.257
Gyro: 1.022 -2.716 7.888
Accel: 0.944 0.162 0.265
Gyro: 0.396 -2.563 7.598
Accel: 0.946 0.166 0.269
Gyro: 0.305 -2.426 7.202
Accel: 0.948 0.166 0.274
Gyro: 0.793 -2.624 6.881
Accel: 0.951 0.166 0.279
Gyro: -1.205 -2.746 6.698
Accel: 0.957 0.172 0.282
Gyro: -1.693 -2.929 6.423
Accel: 0.965 0.171 0.278
Gyro: -2.441 -3.372 6.271
Accel: 0.965 0.170 0.281
Gyro: -2.761 -4.318 6.286
Accel: 0.960 0.170 0.287
Gyro: -2.853 -5.218 6.317
Accel: 0.956 0.166 0.289
Gyro: -2.883 -5.966 6.439
Accel: 0.959 0.167 0.290
Gyro: -2.624 -6.927 6.347
Accel: 0.966 0.168 0.285
Gyro: -2.700 -8.270 6.042
Accel: 0.970 0.170 0.284
Gyro: -2.868 -9.582 6.118
Accel: 0.970 0.173 0.286
Gyro: -2.624 -10.559 6.607
Accel: 0.965 0.177 0.289
Gyro: -2.395 -10.955 7.293
Accel: 0.965 0.186 0.287
Gyro: -2.426 -10.513 7.843
Accel: 0.970 0.125 0.282
Gyro: -2.990 -9.658 7.705
Accel: 0.973 0.187 0.289
Gyro: -3.097 -8.895 7.492
Accel: 0.970 0.188 0.297
Gyro: -2.761 -7.507 7.568
Accel: 0.967 0.187 0.302
Gyro: -2.136 -5.783 8.102
Accel: 0.967 0.186 0.298
Gyro: -1.266 -3.952 8.819
Accel: 0.963 0.188 0.296
Gyro: 0.335 -2.593 9.567
Accel: 0.959 0.191 0.295
Gyro: 0.381 -1.296 9.963
Accel: 0.950 0.193 0.297
Gyro: 1.068 0.183 10.482
Accel: 0.947 0.192 0.296
Gyro: 1.419 0.656 10.894
Accel: 0.945 0.191 0.292
Gyro: 1.419 0.808 11.108
Accel: 0.943 0.195 0.288
Gyro: 1.296 0.595 11.199
Accel: 0.940 0.198 0.285
Gyro: 1.007 0.259 11.383
Accel: 0.938 0.201 0.282
Gyro: 0.839 0.259 11.779
Accel: 0.931 0.200 0.276
Gyro: 1.037 0.656 12.420
Accel: 0.930 0.198 0.270
Gyro: 1.419 -1.327 12.969
Accel: 0.926 0.193 0.262
Gyro: 1.617 -1.800 13.259
Accel: 0.923 0.184 0.261
Gyro: 1.678 -2.426 13.046
Accel: 0.914 0.179 0.263
Gyro: 1.846 -2.517 12.588
Accel: 0.909 0.172 0.268
Gyro: 1.739 -2.792 11.917
Accel: 0.907 0.172 0.269
Gyro: 1.678 -2.990 11.108
