Accel: 0.057 0.005 1.006
Gyro: 0.869 -3.189 -1.052
Accel: 0.058 0.002 1.005
Gyro: 0.579 -3.021 0.854
Accel: 0.061 0.003 1.007
Gyro: 0.396 -2.838 0.671
Accel: 0.061 0.002 1.009
Gyro: 0.381 -2.609 0.305
Accel: 0.061 0.0000 1.009
Gyro: 0.381 -2.319 0.015
Accel: 0.060 0.0000 1.009
Gyro: 0.289 -1.907 0.244
Accel: 0.061 0.002 1.012
Gyro: 0.488 -1.510 0.366
Accel: 0.061 0.0001 1.013
Gyro: 0.579 -1.159 0.396
Accel: 0.064 0.003 1.011
Gyro: 0.579 0.671 0.473
Accel: 0.066 0.006 1.0010
Gyro: 0.457 0.381 0.457
Accel: 0.066 0.005 1.009
Gyro: 0.442 0.183 0.350
Accel: 0.063 0.007 1.012
Gyro: 0.534 0.167 -3.906
Accel: 0.062 0.004 1.012
Gyro: 1.037 0.183 0.366
Accel: 0.060 0.002 1.012
Gyro: 1.754 0.167 0.717
Accel: 0.060 0.0001 1.013
Gyro: 2.304 0.152 0.976
Accel: 0.060 0.0001 1.014
Gyro: 2.609 0.228 -1.098
Accel: 0.058 0.0001 1.013
Gyro: 2.670 0.656 -1.205
Accel: 0.061 0.003 1.013
Gyro: 2.838 0.991 -1.144
Accel: 0.061 0.002 1.012
Gyro: 2.822 -1.480 0.991
Accel: 0.062 0.004 1.011
Gyro: 2.685 -2.059 0.747
Accel: 0.062 0.007 1.011
Gyro: 2.426 -2.700 0.396
Accel: 0.063 0.007 1.0010
Gyro: 2.243 -3.143 0.167
Accel: 0.061 0.009 1.011
Gyro: 1.998 -3.677 0.152
Accel: 0.061 0.008 1.0010
Gyro: 1.724 -3.967 0.259
Accel: 0.060 0.007 1.008
Gyro: 1.571 -3.845 0.335
Accel: 0.062 0.007 1.009
Gyro: 1.144 -3.463 0.549
Accel: 0.064 0.009 1.0010
Gyro: 0.717 -2.548 0.656
Accel: 0.063 0.007 1.0010
Gyro: 0.289 -1.403 0.930
Accel: 0.063 0.006 1.014
Gyro: 0.061 0.122 0.885
Accel: 0.064 0.003 1.016
Gyro: 0.213 0.823 0.839
Accel: 0.064 0.0001 1.017
Gyro: 0.350 1.876 0.610
Accel: 0.066 0.003 1.015
Gyro: 0.305 2.624 0.442
Accel: 0.063 0.002 1.013
Gyro: 0.289 3.356 0.259
Accel: 0.061 0.0001 1.012
Gyro: 0.228 3.646 0.137
Accel: 0.060 0.0001 1.008
Gyro: 0.198 3.692 -3.890
Accel: 0.056 0.003 1.007
Gyro: 0.152 3.845 0.091
Accel: 0.055 0.002 1.005
Gyro: 0.198 3.479 0.198
Accel: 0.052 0.003 1.003
Gyro: 0.137 3.265 0.320
Accel: 0.052 0.006 1.003
Gyro: 0.167 2.517 0.366
Accel: 0.053 0.007 1.003
Gyro: 0.091 1.907 0.335
Accel: 0.053 0.005 1.002
Gyro: 0.396 1.022 0.442
Accel: 0.053 0.004 1.0000
Gyro: 0.625 0.106 0.640
Accel: 0.054 0.005 0.999
Gyro: 0.885 0.823 0.961
Accel: 0.055 0.004 0.998
Gyro: 1.068 -1.678 -1.083
Accel: 0.054 0.005 0.998
Gyro: 1.251 -2.136 -1.129
Accel: 0.055 0.004 0.998
Gyro: 1.403 -2.532 -1.159
Accel: 0.056 0.006 0.996
Gyro: 1.235 -2.655 0.885
Accel: 0.058 0.0010 0.997
Gyro: 1.022 -2.426 0.610
Accel: 0.061 0.0010 0.937
Gyro: 0.717 -2.288 0.442
Accel: 0.061 0.0010 1.0001
Gyro: 0.411 -1.998 0.381
Accel: 0.060 0.007 1.002
Gyro: 0.366 -1.739 0.122
Accel: 0.063 0.006 1.0001
Gyro: 0.244 -1.449 0.183
Accel: 0.064 0.005 1.0001
Gyro: 0.061 -1.281 0.289
Accel: 0.065 0.004 1.003
Gyro: 0.091 -1.403 0.320
Accel: 0.065 0.006 1.006
Gyro: 0.045 -1.266 0.320
Accel: 0.065 0.008 1.007
Gyro: 0.274 -1.068 0.396
Accel: 0.066 0.008 1.008
Gyro: 0.396 0.793 0.457
Accel: 0.063 0.004 1.007
Gyro: 0.381 0.305 0.396
Accel: 0.062 0.004 1.005
Gyro: 0.274 0.015 0.473
Accel: 0.061 0.005 1.006
Gyro: 0.045 0.259 0.518
Accel: 0.060 0.003 1.006
Gyro: 0.259 0.534 0.762
Accel: 0.058 0.006 1.007
Gyro: 0.335 0.183 0.961
Accel: 0.059 0.003 1.006
Gyro: 0.762 0.137 -1.174
Accel: 0.059 0.004 1.005
Gyro: 0.976 0.686 -1.220
Accel: 0.060 0.006 1.007
Gyro: 1.235 0.991 -1.327
Accel: 0.058 0.007 1.006
Gyro: 1.556 -1.220 -1.358
Accel: 0.058 0.009 1.004
Gyro: 1.770 -1.190 -1.220
Accel: 0.058 0.009 0.999
Gyro: 1.388 -1.007 0.930
Accel: 0.059 0.011 0.997
Gyro: 0.885 0.228 0.640
Accel: 0.059 0.0010 1.0000
Gyro: 0.671 0.549 0.183
Accel: 0.056 0.007 1.002
Gyro: 0.427 1.052 0.106
Accel: 0.055 0.005 1.0001
Gyro: 0.076 1.251 0.503
Accel: 0.053 0.006 0.998
Gyro: 0.350 1.556 0.610
Accel: 0.054 0.007 0.994
Gyro: 0.640 1.922 0.564
Accel: 0.055 0.005 0.996
Gyro: 0.473 2.090 0.564
Accel: 0.050 0.0010 0.993
Gyro: 0.717 2.014 0.656
Accel: 0.054 0.007 0.997
Gyro: 0.793 1.480 0.610
Accel: 0.049 0.002 0.997
Gyro: 0.091 0.671 0.839
Accel: 0.048 0.0001 0.992
Gyro: 0.564 0.167 1.251
Accel: 0.050 0.005 0.988
Gyro: 0.289 -1.403 1.327
Accel: 0.048 0.006 0.984
Gyro: 0.015 -2.609 1.296
Accel: 0.051 0.002 0.976
Gyro: 0.320 -3.784 1.220
Accel: 0.049 0.002 0.976
Gyro: 0.106 -5.172 1.068
Accel: 0.045 0.006 0.973
Gyro: 0.244 -7.064 0.747
Accel: 0.046 0.005 0.967
Gyro: 1.495 -8.773 0.244
Accel: 0.048 0.003 0.957
Gyro: 3.036 -10.299 0.427
Accel: 0.051 0.018 0.940
Gyro: 4.348 -11.825 -1.785
Accel: 0.050 0.016 0.916
Gyro: 6.011 -12.893 -4.180
Accel: 0.047 0.029 0.907
Gyro: 8.163 -15.365 -6.973
Accel: 0.045 0.038 0.867
Gyro: 9.536 -20.828 -10.635
Accel: 0.040 0.054 0.811
Gyro: 8.331 -28.167 -14.877
Accel: 0.021 0.052 0.744
Gyro: 3.479 -36.407 -17.562
Accel: 0.017 0.174 0.709
Gyro: -4.684 -46.035 -14.038
Accel: 0.031 0.192 0.509
Gyro: -13.214 -53.604 -5.538
Accel: 0.036 0.206 0.406
Gyro: -21.331 -55.114 2.914
Accel: 0.013 0.041 0.291
Gyro: -25.054 -58.120 7.110
Accel: 0.041 0.101 0.374
Gyro: -19.058 -58.792 5.004
Accel: 0.035 0.029 0.032
Gyro: -14.556 -60.058 4.318
Accel: 0.016 0.013 0.089
Gyro: -8.804 -57.418 3.158
Accel: 0.002 0.007 0.070
Gyro: -4.089 -53.649 2.120
Accel: 0.0000 0.011 0.058
Gyro: 0.320 -49.743 1.281
Accel: 0.0001 0.004 0.038
Gyro: 2.426 -46.798 0.396
Accel: 0.0000 0.007 0.005
Gyro: 4.547 -39.230 0.305
Accel: 0.004 0.005 0.024
Gyro: 6.042 -39.672 0.961
Accel: 0.002 0.008 0.030
Gyro: 7.232 -36.285 -1.510
Accel: 0.007 0.007 0.036
Gyro: 8.102 -33.111 -1.861
Accel: 0.007 0.005 0.041
Gyro: 8.422 -29.998 -2.182
Accel: 0.006 0.004 0.042
Gyro: 8.560 -26.901 -2.593
Accel: 0.005 0.004 0.045
Gyro: 8.499 -23.941 -2.838
Accel: 0.003 0.003 0.046
Gyro: 8.132 -21.148 -3.173
Accel: 0.004 0.003 0.047
Gyro: 7.949 -18.051 -3.341
Accel: 0.003 0.003 0.052
Gyro: 7.537 -14.923 -3.509
Accel: 0.0000 0.004 0.040
Gyro: 7.217 -11.871 -3.662
Accel: 0.003 0.002 0.063
Gyro: 6.790 -8.682 -3.860
Accel: 0.004 0.004 0.062
Gyro: 6.317 -5.538 -4.058
Accel: 0.006 0.005 0.062
Gyro: 6.134 -2.655 -3.982
Accel: 0.006 0.005 0.067
Gyro: 6.179 0.427 -3.814
Accel: 0.006 0.006 0.071
Gyro: 6.500 2.990 -3.524
Accel: 0.006 0.005 0.080
Gyro: 7.049 6.179 -3.128
Accel: 0.007 0.008 0.096
Gyro: 8.087 9.521 -2.670
Accel: 0.0010 0.006 0.141
Gyro: 9.506 13.641 1.205
Accel: 3.460 -6.917 7.237
Gyro: -215.133 499.984 48.248
Accel: 1.512 0.824 -5.695
Gyro: 499.984 173.751 -70.785
Accel: 0.434 0.346 -3.630
Gyro: 499.984 87.173 -60.089
Accel: 0.226 0.538 1.512
Gyro: 499.984 143.753 -65.002
Accel: 0.104 1.252 1.673
Gyro: 408.142 132.492 -75.805
Accel: 0.277 1.875 0.892
Gyro: 263.656 113.449 -71.853
Accel: 0.197 2.174 0.681
Gyro: 129.364 113.616 -75.759
Accel: 0.151 2.150 0.464
Gyro: 14.343 133.056 -83.557
Accel: 0.135 2.018 0.755
Gyro: -95.245 151.306 -89.614
Accel: 0.071 1.703 0.837
Gyro: -190.628 162.124 -100.143
Accel: 0.077 1.368 0.718
Gyro: -280.059 172.714 -113.357
Accel: 0.029 0.832 0.541
Gyro: -353.134 173.568 -120.483
Accel: 0.085 0.277 0.735
Gyro: -411.605 132.583 -111.450
Accel: -1.081 0.681 2.337
Gyro: -315.414 -87.722 -70.007
Accel: 0.284 0.858 1.0100
Gyro: -277.648 -169.982 -27.359
Accel: 0.160 0.382 0.502
Gyro: -258.865 -200.012 -4.425
Accel: 0.323 0.626 0.707
Gyro: -222.274 -244.491 12.451
Accel: 0.326 0.874 0.816
Gyro: -177.764 -292.053 37.750
Accel: 0.029 0.980 1.903
Gyro: -131.912 -232.727 59.478
Accel: 0.177 0.710 2.959
Gyro: 0.198 -28.335 49.087
Accel: 0.113 0.200 0.956
Gyro: 37.628 0.671 28.030
Accel: 0.085 0.083 0.585
Gyro: 25.619 -31.280 5.142
Accel: 0.029 0.210 0.732
Gyro: -4.028 -48.263 -8.865
Accel: 0.108 0.195 1.003
Gyro: -30.807 -39.703 -17.013
Accel: 0.128 0.0100 1.479
Gyro: -29.510 -19.134 -18.692
Accel: 0.087 0.081 1.364
Gyro: -16.052 -2.807 -19.180
Accel: 0.052 0.151 1.087
Gyro: -27.206 -3.875 -20.690
Accel: 0.069 0.190 0.943
Gyro: -38.024 -12.908 -23.071
Accel: 0.082 0.135 0.939
Gyro: -52.703 -24.368 -24.124
Accel: 0.088 0.030 1.004
Gyro: -61.279 -32.485 -22.598
Accel: 0.092 0.060 1.053
Gyro: -61.401 -33.355 -18.676
Accel: 0.106 0.104 1.046
Gyro: -55.999 -23.696 -14.663
Accel: 0.101 0.125 0.991
Gyro: -48.721 -20.584 -12.145
Accel: 0.075 0.134 0.931
Gyro: -41.442 -15.335 -10.375
Accel: 0.075 0.156 0.917
Gyro: -31.509 -10.528 -9.460
Accel: 0.084 0.165 0.952
Gyro: -28.152 -5.508 -9.338
Accel: 0.067 0.145 0.976
Gyro: -18.798 -1.586 -7.934
Accel: 0.057 0.108 0.947
Gyro: -11.413 1.480 -5.111
Accel: 0.083 0.082 0.911
Gyro: -9.536 5.249 -2.731
Accel: 0.104 0.071 0.917
Gyro: -10.879 10.971 -1.724
Accel: 0.129 0.071 0.922
Gyro: -13.580 16.159 -1.739
Accel: 0.099 0.080 0.925
Gyro: -19.531 17.517 0.503
Accel: 0.054 0.090 0.921
Gyro: -16.387 14.709 1.495
Accel: 0.082 0.0100 0.935
Gyro: -15.823 9.719 2.014
Accel: 0.0100 0.079 0.939
Gyro: -13.305 6.744 2.639
Accel: 0.026 0.119 0.971
Gyro: -10.055 7.324 4.043
Accel: 0.083 0.132 0.978
Gyro: -7.003 8.651 1.937
Accel: 0.044 0.138 0.987
Gyro: 0.305 9.368 0.625
Accel: 0.035 0.139 0.990
Gyro: 3.692 8.514 -2.410
Accel: 0.051 0.134 0.985
Gyro: 3.372 6.408 -3.616
Accel: 0.054 0.129 0.979
Gyro: 5.187 5.432 -3.326
Accel: 0.046 0.119 0.982
Gyro: 7.003 5.004 -2.731
Accel: 0.043 0.113 0.986
Gyro: 8.544 4.592 -2.349
Accel: 0.037 0.107 0.986
Gyro: 9.323 4.211 -1.937
Accel: 0.033 0.104 0.992
Gyro: 9.307 2.822 -1.190
Accel: 0.041 0.103 0.990
Gyro: 9.460 0.137 0.411
Accel: 0.011 0.048 0.999
Gyro: 2.609 -8.987 2.670
Accel: 0.038 0.076 1.048
Gyro: -4.638 -14.862 3.173
Accel: 0.059 0.066 1.060
Gyro: -8.972 -14.556 2.944
Accel: 0.061 0.087 1.075
Gyro: -8.392 -13.092 2.288
Accel: 0.075 0.117 1.057
Gyro: -5.599 -10.665 2.426
Accel: 0.084 0.123 1.029
Gyro: -4.501 -8.926 3.051
Accel: 0.082 0.116 1.023
Gyro: -4.592 -7.598 4.119
Accel: 0.089 0.186 1.024
Gyro: -4.608 -5.493 4.760
Accel: 0.092 0.126 1.018
Gyro: -3.494 -2.044 4.470
Accel: 0.092 0.125 1.003
Gyro: -2.380 2.029 3.234
Accel: 0.089 0.134 0.978
Gyro: -1.708 5.310 1.495
Accel: 0.085 0.145 0.968
Gyro: 0.564 5.966 0.701
Accel: 0.086 0.152 0.960
Gyro: 1.815 5.126 0.152
Accel: 0.084 0.145 0.947
Gyro: 4.211 4.852 0.518
Accel: 0.074 0.140 0.943
Gyro: 6.927 4.882 -1.098
Accel: 0.065 0.137 0.947
Gyro: 9.262 4.684 -1.281
Accel: 0.057 0.129 0.945
Gyro: 11.062 3.448 -1.281
Accel: 0.043 0.111 0.943
Gyro: 11.047 1.388 0.610
Accel: 0.031 0.075 0.950
Gyro: 9.017 -1.022 0.991
Accel: 0.053 0.164 0.806
Gyro: 2.212 -1.266 0.427
Accel: 0.016 0.117 1.034
Gyro: 0.305 -2.395 0.579
Accel: 0.0010 0.107 1.013
Gyro: 3.097 -3.448 1.846
Accel: 0.027 0.150 0.960
Gyro: 5.020 -2.685 0.350
Accel: 0.012 0.121 0.974
Gyro: 4.364 -2.075 0.610
Accel: 0.009 0.093 1.033
Gyro: 3.433 -2.975 0.366
Accel: 0.006 0.074 1.076
Gyro: 1.831 -5.401 0.885
Accel: 0.016 0.104 1.124
Gyro: 2.899 -8.117 1.617
Accel: 0.035 0.116 1.116
Gyro: 4.898 -10.711 1.510
Accel: 0.049 0.126 1.090
Gyro: 2.441 -14.358 0.869
Accel: 0.067 0.131 1.128
Gyro: 0.564 -17.776 0.167
Accel: 0.098 0.122 1.106
Gyro: -4.562 -18.676 0.579
Accel: 0.113 0.123 1.146
Gyro: -4.348 -18.524 0.549
Accel: 0.212 0.124 1.149
Gyro: -2.685 -18.936 -2.136
Accel: 0.095 0.125 1.107
Gyro: -2.593 -18.005 0.259
Accel: 0.047 0.126 1.106
Gyro: -3.799 -17.074 2.838
Accel: 0.056 0.139 1.105
Gyro: -5.249 -16.189 4.150
Accel: 0.079 0.159 1.125
Gyro: -3.067 -15.151 4.257
Accel: 0.102 0.171 1.080
Gyro: 0.381 -12.847 3.585
Accel: 0.122 0.159 1.044
Gyro: 3.067 -9.109 3.097
Accel: 0.137 0.156 1.023
Gyro: 4.974 -5.676 2.197
Accel: 0.140 0.151 1.017
Gyro: 6.683 -3.356 1.296
Accel: 0.124 0.148 1.016
Gyro: 9.155 -2.838 1.388
Accel: 0.101 0.138 0.999
Gyro: 11.749 -3.158 2.853
Accel: 0.080 0.122 1.002
Gyro: 14.083 -3.738 4.135
Accel: 0.074 0.120 0.976
Gyro: 16.662 -3.372 4.821
Accel: 0.071 0.125 0.993
Gyro: 18.539 -2.059 5.340
Accel: 0.084 0.104 0.998
Gyro: 20.065 0.366 6.240
Accel: 0.083 0.090 0.984
Gyro: 20.324 2.670 6.484
Accel: 0.059 0.082 0.981
Gyro: 19.363 8.132 5.462
Accel: 0.095 0.081 0.973
Gyro: 17.196 9.567 2.655
Accel: 0.109 0.094 0.968
Gyro: 14.495 9.384 1.083
Accel: 0.102 0.102 0.971
Gyro: 13.504 4.104 0.137
Accel: 0.073 0.116 0.976
Gyro: 13.977 4.821 0.427
Accel: 0.044 0.122 0.991
Gyro: 16.067 1.556 0.473
Accel: 0.013 0.129 1.038
Gyro: 21.163 0.946 2.578
Accel: 0.003 0.109 1.012
Gyro: 26.397 -4.119 5.279
Accel: 0.018 0.088 1.020
Gyro: 29.663 -6.332 6.637
Accel: 0.063 0.078 1.012
Gyro: 31.234 -7.095 6.698
Accel: 0.096 0.049 0.982
Gyro: 30.990 -6.637 4.821
Accel: 0.116 0.028 0.984
Gyro: 28.472 0.274 1.953
Accel: 0.136 0.019 0.974
Gyro: 25.070 0.152 0.167
Accel: 0.148 0.006 0.968
Gyro: 20.843 5.584 0.717
Accel: 0.146 0.007 0.986
Gyro: 17.868 10.162 -1.129
Accel: 0.102 0.018 0.980
Gyro: 14.984 15.563 -1.144
Accel: 0.066 0.016 1.005
Gyro: 12.115 19.805 -2.319
Accel: 0.056 0.018 1.006
Gyro: 9.857 23.101 -1.449
Accel: 0.050 0.018 1.005
Gyro: 7.644 24.307 -1.007
Accel: 0.051 0.015 0.998
Gyro: 5.310 26.123 -1.281
Accel: 0.060 0.021 0.994
Gyro: 3.173 28.305 -1.495
Accel: 0.061 0.044 1.016
Gyro: 1.754 31.906 -1.388
Accel: 0.067 0.056 0.997
Gyro: 0.625 34.896 -1.281
Accel: 0.067 0.059 0.986
Gyro: 0.259 36.788 -1.174
Accel: 0.054 0.059 0.979
Gyro: 1.022 36.590 0.747
Accel: 0.029 0.057 0.969
Gyro: 1.953 34.057 0.137
Accel: 0.0010 0.055 0.967
Gyro: 3.128 29.708 0.823
Accel: 0.0000 0.044 0.964
Gyro: 4.959 24.108 0.823
Accel: 0.012 0.034 0.961
Gyro: 7.080 17.898 0.350
Accel: 0.026 0.030 0.956
Gyro: 8.697 11.230 0.259
Accel: 0.022 0.029 0.951
Gyro: 9.872 4.150 -1.007
Accel: 0.021 0.027 0.954
Gyro: 10.620 -2.273 -1.785
Accel: 0.015 0.022 0.954
Gyro: 10.910 -9.368 -2.624
Accel: 0.0000 0.016 0.948
Gyro: 10.635 -16.372 -3.646
Accel: 0.008 0.0010 0.940
Gyro: 9.857 -26.916 -4.638
Accel: 0.0010 0.009 0.946
Gyro: 9.231 -28.259 -5.172
Accel: 0.012 0.0010 0.953
Gyro: 8.605 -31.494 -5.386
Accel: 0.027 0.007 0.967
Gyro: 8.071 -33.126 -5.462
Accel: 0.042 0.012 0.982
Gyro: 7.446 -32.836 -5.294
Accel: 0.053 0.003 0.985
Gyro: 5.706 -30.288 -5.081
Accel: 0.064 0.015 0.943
Gyro: 4.623 -26.245 -4.745
Accel: 0.072 0.011 1.0010
Gyro: 1.678 -20.812 -4.745
Accel: 0.084 0.002 1.002
Gyro: -1.022 -14.114 -5.767
Accel: 0.086 0.0000 1.011
Gyro: -4.043 -7.797 -6.301
Accel: 0.081 0.003 1.013
Gyro: -6.896 -2.487 -6.118
Accel: 0.079 0.003 1.011
Gyro: -9.353 1.571 -5.767
Accel: 0.070 0.0010 1.009
Gyro: -10.681 4.516 -5.462
Accel: 0.062 0.020 1.0001
Gyro: -11.337 6.072 -5.233
Accel: 0.062 0.025 0.998
Gyro: -11.886 6.469 -4.989
Accel: 0.054 0.029 0.987
Gyro: -11.947 6.164 -4.684
Accel: 0.052 0.031 0.984
Gyro: -12.130 5.462 -4.089
Accel: 0.053 0.029 0.980
Gyro: -12.466 4.776 -3.875
Accel: 0.050 0.026 0.984
Gyro: -12.939 4.302 -3.707
Accel: 0.046 0.030 0.984
Gyro: -12.939 3.311 -3.570
Accel: 0.045 0.031 0.985
Gyro: -12.634 2.288 -3.509
Accel: 0.046 0.030 0.984
Gyro: -12.176 1.098 -3.555
Accel: 0.044 0.033 0.987
Gyro: -11.596 0.717 -3.646
Accel: 0.043 0.040 0.989
Gyro: -10.559 -3.173 -3.524
Accel: 0.040 0.048 0.994
Gyro: -9.353 -6.057 -3.219
Accel: 0.041 0.052 1.0000
Gyro: -7.553 -8.438 -2.761
Accel: 0.040 0.059 1.0001
Gyro: -5.844 -9.902 -2.212
Accel: 0.046 0.061 1.006
Gyro: -4.226 -9.933 -1.693
Accel: 0.054 0.062 1.0010
Gyro: -3.112 -8.804 -1.525
Accel: 0.060 0.062 1.013
Gyro: -2.365 -7.064 -1.586
Accel: 0.063 0.065 1.018
Gyro: -1.693 -4.638 -1.480
Accel: 0.065 0.065 1.019
Gyro: -1.159 -2.136 -1.235
Accel: 0.062 0.064 1.022
Gyro: 0.534 0.061 0.732
Accel: 0.061 0.059 1.021
Gyro: 0.015 1.739 0.091
Accel: 0.0000 0.054 1.020
Gyro: 0.274 3.128 0.396
Accel: 0.058 0.052 1.018
Gyro: 0.488 4.241 0.823
Accel: 0.056 0.052 1.017
Gyro: 0.747 4.714 1.266
Accel: 0.054 0.052 1.014
Gyro: 0.762 4.684 1.541
Accel: 0.055 0.050 1.0010
Gyro: 0.717 4.364 1.708
Accel: 0.053 0.047 1.007
Gyro: 0.900 4.058 1.907
Accel: 0.052 0.051 1.003
Gyro: 0.930 4.272 1.815
Accel: 0.050 0.052 1.002
Gyro: 0.900 4.257 1.708
Accel: 0.055 0.053 1.0000
Gyro: 1.098 4.241 1.556
Accel: 0.052 0.053 0.998
Gyro: 1.144 3.997 1.632
Accel: 0.054 0.053 0.996
Gyro: 1.144 3.906 1.403
Accel: 0.051 0.053 0.994
Gyro: 1.174 3.524 1.480
Accel: 0.049 0.052 0.994
Gyro: 1.266 3.051 1.281
Accel: 0.047 0.052 0.990
Gyro: 1.312 2.548 1.037
Accel: 0.049 0.049 0.988
Gyro: 1.525 2.029 0.671
Accel: 0.049 0.052 0.988
Gyro: 2.059 1.785 0.503
Accel: 0.049 0.051 0.987
Gyro: 2.471 1.251 0.564
Accel: 0.051 0.051 0.989
Gyro: 2.914 0.656 0.595
Accel: 0.052 0.046 0.992
Gyro: 2.914 0.152 0.579
Accel: 0.046 0.042 0.995
Gyro: 2.868 0.991 0.488
Accel: 0.044 0.037 0.996
Gyro: 2.624 -1.480 0.488
Accel: 0.042 0.036 0.998
Gyro: 2.380 -1.770 0.518
Accel: 0.043 0.038 1.002
Gyro: 2.182 -2.059 0.549
Accel: 0.044 0.039 1.002
Gyro: 2.029 -2.319 0.579
Accel: 0.045 0.039 1.007
Gyro: 1.800 -2.456 0.457
Accel: 0.045 0.038 1.011
Gyro: 2.029 -2.777 0.610
Accel: 0.052 0.042 1.014
Gyro: 1.968 -2.593 0.762
Accel: 0.054 0.043 1.011
Gyro: 1.907 -2.014 0.976
Accel: 0.056 0.043 1.011
Gyro: 1.678 -1.190 0.930
Accel: 0.057 0.043 1.0010
Gyro: 1.007 0.366 0.946
Accel: 0.054 0.046 1.013
Gyro: 0.701 0.549 1.083
Accel: 0.052 0.046 1.014
Gyro: 0.305 1.296 1.358
Accel: 0.051 0.046 1.017
Gyro: 0.122 1.998 1.556
Accel: 0.049 0.043 1.019
Gyro: 0.762 2.548 1.785
Accel: 0.042 0.046 1.020
Gyro: -1.190 3.128 1.922
Accel: 0.038 0.047 1.020
Gyro: -1.647 3.753 1.861
Accel: 0.036 0.048 1.017
Gyro: -1.998 4.226 1.632
Accel: 0.039 0.047 1.012
Gyro: -2.380 4.760 1.205
Accel: 0.043 0.049 1.008
Gyro: -2.563 5.142 0.976
Accel: 0.043 0.049 1.007
Gyro: -2.441 4.959 0.991
Accel: 0.043 0.051 1.0001
Gyro: -1.953 4.577 0.991
Accel: 0.042 0.051 0.999
Gyro: -1.342 3.784 1.266
Accel: 0.037 0.053 0.998
Gyro: 0.579 3.005 1.663
Accel: 0.038 0.054 1.002
Gyro: 0.381 1.754 2.120
Accel: 0.033 0.058 1.0001
Gyro: 1.678 0.366 2.563
Accel: 0.033 0.059 1.0000
Gyro: 2.899 0.640 2.929
Accel: 0.035 0.056 0.999
Gyro: 4.089 -1.434 2.975
Accel: 0.037 0.055 1.002
Gyro: 5.233 -1.647 3.021
Accel: 0.042 0.053 1.0001
Gyro: 6.088 -1.754 3.051
Accel: 0.045 0.049 1.0000
Gyro: 6.393 -1.663 3.021
Accel: 0.049 0.046 1.062
Gyro: 6.576 -1.434 2.853
Accel: 0.046 0.043 1.0000
Gyro: 6.713 -1.037 2.777
Accel: 0.046 0.044 1.002
Gyro: 6.698 0.366 2.792
Accel: 0.045 0.045 1.005
Gyro: 6.774 0.442 2.761
Accel: 0.046 0.044 1.002
Gyro: 6.790 1.007 2.716
Accel: 0.052 0.042 0.999
Gyro: 6.713 1.632 2.609
Accel: 0.051 0.039 1.002
Gyro: 6.851 2.151 2.716
Accel: 0.049 0.036 0.999
Gyro: 6.988 2.731 2.853
Accel: 0.046 0.035 1.003
Gyro: 7.171 2.914 3.021
Accel: 0.042 0.029 0.991
Gyro: 7.293 2.548 3.250
Accel: 0.038 0.029 0.996
Gyro: 7.369 2.426 3.112
Accel: 0.039 0.034 0.996
Gyro: 7.553 2.716 2.990
Accel: 0.035 0.050 1.013
Gyro: 8.300 2.639 3.097
Accel: 0.027 0.039 0.990
Gyro: 8.026 2.593 3.402
Accel: 0.037 0.037 0.999
Gyro: 8.0010 2.609 2.899
Accel: 0.027 0.046 1.022
Gyro: 8.453 1.815 2.548
Accel: 0.017 0.034 1.006
Gyro: 8.422 0.183 2.929
Accel: 0.020 0.022 1.004
Gyro: 8.529 -1.129 2.563
Accel: 0.026 0.011 1.005
Gyro: 8.132 -2.700 2.136
Accel: 0.022 0.0000 1.007
Gyro: 7.431 -4.440 1.953
Accel: 0.022 0.007 1.005
Gyro: 6.729 -5.966 2.075
Accel: 0.026 0.0010 1.002
Gyro: 6.210 -6.698 2.334
Accel: 0.033 0.011 1.008
Gyro: 5.813 -6.622 2.639
Accel: 0.038 0.005 1.011
Gyro: 5.416 -6.134 2.960
Accel: 0.042 0.006 1.002
Gyro: 5.905 -5.783 3.509
Accel: 0.040 0.0000 1.014
Gyro: 5.416 -4.699 3.814
Accel: 0.048 0.002 1.021
Gyro: 5.172 -3.707 3.448
Accel: 0.045 0.0001 1.025
Gyro: 4.455 -2.761 3.280
Accel: 0.046 0.0001 1.025
Gyro: 3.967 -1.892 3.067
Accel: 0.044 0.0000 1.023
Gyro: 3.021 0.976 2.716
Accel: 0.046 0.0000 1.024
Gyro: 2.273 3.845 2.227
Accel: 0.046 0.0001 1.020
Gyro: 1.480 1.068 1.754
Accel: 0.043 0.0001 1.018
Gyro: 0.823 2.075 1.464
Accel: 0.043 0.002 1.012
Gyro: 0.335 2.883 1.251
Accel: 0.041 0.002 1.0010
Gyro: 0.061 3.295 1.251
Accel: 0.040 0.0001 1.006
Gyro: 0.259 3.341 1.144
Accel: 0.036 0.0000 1.006
Gyro: 0.488 3.128 0.991
Accel: 0.031 0.0001 1.005
Gyro: 0.534 2.716 0.946
Accel: 0.031 0.0000 1.007
Gyro: 0.564 2.212 1.083
Accel: 0.031 0.0000 1.008
Gyro: 0.534 1.647 1.083
Accel: 0.031 0.002 1.009
Gyro: 0.488 1.129 1.113
Accel: 0.033 0.004 1.011
Gyro: 0.473 0.808 1.113
Accel: 0.030 0.006 1.011
Gyro: 0.503 0.396 1.144
Accel: 0.030 0.007 1.013
Gyro: 0.534 0.198 1.159
Accel: 0.028 0.008 1.014
Gyro: 0.747 0.0000 1.007
Accel: 0.029 0.009 1.013
Gyro: 0.747 0.045 0.778
Accel: 0.031 0.012 1.014
Gyro: 0.808 0.488 0.732
Accel: 0.034 0.011 1.017
Gyro: 0.442 1.205 0.671
Accel: 0.041 0.011 1.019
Gyro: 0.442 2.334 0.595
Accel: 0.047 0.024 1.014
Gyro: 0.793 3.189 0.579
Accel: 0.033 0.029 1.017
Gyro: 1.022 4.974 0.701
Accel: 0.040 0.029 1.025
Gyro: 1.739 6.912 0.411
Accel: 0.033 0.029 1.020
Gyro: 1.968 8.666 0.350
Accel: 0.032 0.027 1.014
Gyro: 2.258 10.543 0.030
Accel: 0.033 0.024 1.008
Gyro: 2.120 12.542 0.442
Accel: 0.031 0.023 1.005
Gyro: 2.182 14.282 0.595
Accel: 0.028 0.016 1.002
Gyro: 2.532 15.258 0.457
Accel: 0.021 0.007 0.996
Gyro: 2.670 15.869 0.061
Accel: 0.012 0.0000 0.995
Gyro: 2.471 15.213 0.427
Accel: 0.0000 0.011 0.991
Gyro: 2.441 13.793 0.747
Accel: 0.003 0.016 0.998
Gyro: 2.410 12.069 1.037
Accel: 0.0010 0.019 1.0001
Gyro: 2.090 9.170 1.586
Accel: 0.017 0.021 1.008
Gyro: 1.892 6.454 2.075
Accel: 0.016 0.017 0.937
Gyro: 2.380 3.875 2.395
Accel: 0.016 0.012 1.007
Gyro: 1.892 2.090 2.761
Accel: 0.006 0.007 1.008
Gyro: 2.151 0.793 2.746
Accel: 0.0001 0.004 1.005
Gyro: 1.815 0.183 2.883
Accel: 0.013 0.0000 0.991
Gyro: 1.785 -1.037 2.868
Accel: 0.013 0.0001 0.999
Gyro: 1.327 -1.235 2.746
Accel: 0.019 0.002 0.992
Gyro: 0.457 -1.327 2.334
Accel: 0.019 0.006 0.992
Gyro: 0.289 0.991 1.922
Accel: 0.019 0.006 0.994
Gyro: 0.930 0.900 1.327
Accel: 0.016 0.0010 0.995
Gyro: -1.403 -1.144 0.976
Accel: 0.014 0.0010 0.999
Gyro: -1.968 -1.556 0.671
Accel: 0.013 0.009 1.002
Gyro: -2.090 -2.273 0.320
Accel: 0.008 0.011 1.007
Gyro: -2.075 -3.097 -3.890
Accel: 0.007 0.011 1.006
Gyro: -2.166 -3.936 0.442
Accel: 0.009 0.012 1.008
Gyro: -2.395 -4.638 0.717
Accel: 0.011 0.011 1.0010
Gyro: -2.456 -4.562 0.701
Accel: 0.019 0.018 1.0010
Gyro: -2.365 -4.699 0.564
Accel: 0.005 0.012 1.013
Gyro: -3.067 -4.669 0.595
Accel: 0.011 0.013 1.016
Gyro: -3.707 -3.692 -1.113
Accel: 0.008 0.017 1.0010
Gyro: -4.486 -2.639 -1.556
Accel: 0.006 0.014 1.009
Gyro: -5.096 -2.059 -2.029
Accel: 0.012 0.016 1.009
Gyro: -5.432 -1.968 -2.624
Accel: 0.0010 0.018 1.004
Gyro: -5.279 -2.426 -3.265
Accel: 0.007 0.019 1.002
Gyro: -4.959 -3.631 -3.631
Accel: 0.006 0.026 1.006
Gyro: -4.043 -5.325 -3.906
Accel: 0.005 0.034 1.0001
Gyro: -2.807 -7.522 -3.967
Accel: 0.003 0.038 1.005
Gyro: -1.373 -9.506 -3.555
Accel: 0.012 0.036 1.007
Gyro: 0.183 -10.650 -3.494
Accel: 0.020 0.038 1.006
Gyro: 1.403 -10.528 -3.982
Accel: 0.027 0.034 0.998
Gyro: 2.456 -9.826 -4.257
Accel: 0.029 0.023 1.011
Gyro: 2.899 -7.812 -4.318
Accel: 0.040 0.025 0.938
Gyro: 3.601 -6.179 -4.074
Accel: 0.036 0.020 1.021
Gyro: 2.853 -5.035 -3.723
Accel: 0.039 0.011 1.012
Gyro: 2.639 -3.768 -3.784
Accel: 0.025 0.012 1.029
Gyro: 2.853 -3.448 -3.494
Accel: 0.036 0.008 1.012
Gyro: 2.456 -3.158 -3.326
Accel: 0.032 0.012 1.020
Gyro: 2.746 -3.067 -2.868
Accel: 0.026 0.012 0.942
Gyro: 2.990 -3.189 -1.937
Accel: 0.026 0.013 1.013
Gyro: 3.326 -2.807 -1.312
Accel: 0.031 0.011 1.0010
Gyro: 3.631 -2.365 -1.022
Accel: 0.028 0.008 1.0010
Gyro: 3.463 -1.678 -1.007
Accel: 0.025 0.004 1.012
Gyro: 3.509 0.656 0.762
Accel: 0.029 0.0001 1.011
Gyro: 3.173 0.839 0.701
Accel: 0.027 0.002 1.015
Gyro: 2.502 2.136 0.320
Accel: 0.031 0.0001 1.015
Gyro: 1.846 3.509 0.015
Accel: 0.036 0.003 1.016
Gyro: 0.885 4.577 0.381
Accel: 0.031 0.006 1.017
Gyro: 0.381 5.798 0.900
Accel: 0.026 0.009 1.014
Gyro: 0.076 6.790 1.388
Accel: 0.017 0.008 1.014
Gyro: -3.906 7.003 1.693
Accel: 0.024 0.004 1.009
Gyro: 0.030 6.835 1.800
Accel: 0.018 0.005 1.003
Gyro: 0.167 6.179 2.029
Accel: 0.016 0.006 0.998
Gyro: 0.488 5.355 2.410
Accel: 0.013 0.005 0.996
Gyro: 0.839 4.379 2.685
Accel: 0.013 0.0000 0.993
Gyro: 1.358 3.570 3.051
Accel: 0.0010 0.002 0.993
Gyro: 1.724 2.441 3.158
Accel: 0.0010 0.003 0.993
Gyro: 2.044 1.647 3.173
Accel: 0.011 0.004 0.994
Gyro: 2.593 0.732 3.173
Accel: 0.012 0.009 0.998
Gyro: 3.234 0.061 3.173
Accel: 0.015 0.013 0.998
Gyro: 3.860 0.869 2.914
Accel: 0.015 0.020 1.0000
Gyro: 4.196 -1.998 2.700
Accel: 0.016 0.020 1.0000
Gyro: 4.486 -2.700 2.578
Accel: 0.025 0.020 0.984
Gyro: 4.592 -4.241 2.517
Accel: 0.020 0.009 1.002
Gyro: 4.180 -5.401 2.410
Accel: 0.022 0.006 0.985
Gyro: 3.829 -6.210 2.258
Accel: 0.015 0.002 1.002
Gyro: 2.883 -6.240 1.693
Accel: 0.0010 0.003 1.002
Gyro: 2.258 -5.981 0.869
Accel: 0.004 0.002 1.006
Gyro: 1.953 -5.050 0.183
Accel: 0.007 0.003 1.0010
Gyro: 1.571 -4.257 3.890
Accel: 0.017 0.005 1.016
Gyro: 1.266 -3.814 0.244
Accel: 0.019 0.007 1.007
Gyro: 1.098 -2.838 0.854
Accel: 0.031 0.006 1.019
Gyro: 0.778 -1.159 1.235
Accel: 0.032 0.003 1.022
Gyro: 0.289 0.732 1.586
Accel: 0.030 0.008 1.026
Gyro: -3.875 2.578 1.907
Accel: 0.028 0.012 1.022
Gyro: 0.091 4.806 1.968
Accel: 0.026 0.014 1.028
Gyro: 0.381 7.049 1.937
Accel: 0.023 0.009 1.029
Gyro: 0.961 8.712 2.120
Accel: 0.027 0.003 1.032
Gyro: -1.724 10.040 2.517
Accel: 0.026 0.002 1.026
Gyro: -2.075 11.154 3.082
Accel: 0.020 0.007 1.020
Gyro: -2.792 12.527 3.265
Accel: 0.016 0.002 1.015
Gyro: -3.387 13.427 3.158
Accel: 0.013 0.0000 1.011
Gyro: -3.799 13.702 3.204
Accel: 0.0010 0.0001 1.007
Gyro: -3.799 13.473 3.173
Accel: 0.0001 0.006 1.005
Gyro: -3.372 12.847 3.341
Accel: 0.005 0.0010 1.002
Gyro: -2.456 12.222 3.326
Accel: 0.008 0.015 1.002
Gyro: -1.358 11.627 3.509
Accel: 0.009 0.014 1.0000
Gyro: 0.381 10.818 3.616
Accel: 0.014 0.012 1.003
Gyro: 0.244 9.414 3.753
Accel: 0.011 0.011 1.005
Gyro: 0.900 7.675 4.241
Accel: 0.007 0.0010 1.0001
Gyro: 1.556 5.813 5.065
Accel: 0.002 0.008 0.999
Gyro: 1.968 3.753 5.859
Accel: 0.003 0.005 0.992
Gyro: 2.075 2.136 6.179
Accel: 0.011 0.005 0.990
Gyro: 2.304 0.808 5.752
Accel: 0.021 0.009 0.990
Gyro: 2.868 -3.906 4.760
Accel: 0.032 0.007 0.993
Gyro: 3.540 0.854 3.631
Accel: 0.035 0.005 0.993
Gyro: 4.013 -1.647 2.334
Accel: 0.031 0.002 0.996
Gyro: 4.547 -2.166 1.251
Accel: 0.024 0.002 0.998
Gyro: 4.837 -2.624 0.457
Accel: 0.014 0.0000 1.006
Gyro: 4.714 -3.601 0.259
Accel: 0.003 0.003 1.008
Gyro: 4.379 -4.562 0.549
Accel: 0.0000 0.005 1.0010
Gyro: 3.890 -4.440 1.037
Accel: 0.0010 0.009 1.013
Gyro: 3.067 -3.845 1.678
Accel: 0.013 0.012 1.014
Gyro: 2.182 -2.883 2.349
Accel: 0.011 0.013 1.011
Gyro: 1.220 -1.724 2.670
Accel: 0.003 0.0010 1.011
Gyro: 0.411 0.625 2.502
Accel: 0.008 0.011 1.009
Gyro: 0.335 0.732 1.617
Accel: 0.014 0.011 1.014
Gyro: -1.266 2.151 0.457
Accel: 0.020 0.007 1.019
Gyro: -2.212 3.204 0.671
Accel: 0.023 0.006 1.021
Gyro: -2.853 3.662 -1.525
Accel: 0.019 0.003 1.024
Gyro: -3.356 3.585 -1.815
Accel: 0.013 0.005 1.022
Gyro: -3.540 3.570 -1.541
Accel: 0.004 0.005 1.017
Gyro: -3.814 3.128 0.762
Accel: 0.062 0.006 1.015
Gyro: -4.013 2.197 0.076
Accel: 0.004 0.008 1.006
Gyro: -3.829 2.532 0.457
Accel: 0.014 0.006 1.0001
Gyro: -3.509 2.990 0.274
Accel: 0.020 0.004 1.0001
Gyro: -3.311 2.609 0.167
Accel: 0.028 0.004 1.0001
Gyro: -3.021 1.571 0.778
Accel: 0.034 0.002 0.998
Gyro: -2.624 -3.906 -1.281
Accel: 0.035 0.002 0.997
Gyro: -2.182 -1.922 -1.831
Accel: 0.031 0.004 1.061
Gyro: -1.602 -4.089 -2.166
Accel: 0.026 0.005 1.003
Gyro: 0.885 -5.996 -2.105
Accel: 0.018 0.003 1.006
Gyro: 0.244 -7.293 -1.876
Accel: 0.009 0.0001 1.008
Gyro: 0.061 -8.132 -1.556
Accel: 0.0000 0.0001 1.007
Gyro: 0.106 -8.438 0.885
Accel: 0.0000 0.005 1.005
Gyro: 0.473 -8.163 0.640
Accel: 0.0000 0.007 1.009
Gyro: 0.747 -7.720 0.549
Accel: 0.0001 0.007 1.011
Gyro: 1.113 -6.790 0.625
Accel: 0.004 0.0010 1.013
Gyro: 1.358 -5.691 0.686
Accel: 0.0000 0.006 1.017
Gyro: 1.510 -4.623 0.701
Accel: 0.004 0.006 1.020
Gyro: 1.495 -3.158 0.488
Accel: 0.008 0.003 1.020
Gyro: 1.388 -1.403 0.320
Accel: 0.006 0.003 1.017
Gyro: 1.113 0.274 0.152
Accel: 0.002 0.003 1.017
Gyro: 0.915 1.846 0.320
Accel: 0.0000 0.008 1.018
Gyro: 0.854 2.853 0.335
Accel: 0.0001 0.0010 1.019
Gyro: 0.946 3.555 0.137
Accel: 0.002 0.008 1.014
Gyro: 0.808 3.784 0.259
Accel: 0.004 0.006 1.0010
Gyro: 0.595 3.784 0.518
Accel: 0.004 0.002 1.006
Gyro: 0.381 3.433 0.671
Accel: 0.0000 0.004 1.002
Gyro: 0.152 2.853 0.473
Accel: 0.007 0.007 1.0000
Gyro: 0.030 2.273 0.244
Accel: 0.009 0.0010 1.0001
Gyro: 0.076 1.419 0.167
Accel: 0.011 0.011 1.002
Gyro: 0.289 0.564 0.457
Accel: 0.007 0.0010 1.003
Gyro: 0.335 0.015 0.564
Accel: 0.002 0.009 1.003
Gyro: 0.381 0.411 0.579
Accel: 0.002 0.005 1.004
Gyro: 0.259 0.457 0.396
Accel: 0.002 0.0000 1.0000
Gyro: 0.030 0.289 0.656
Accel: 0.005 0.0001 1.003
Gyro: 0.518 0.274 0.961
Accel: 0.004 0.002 1.006
Gyro: -1.235 0.656 -1.129
Accel: 0.0000 0.006 1.007
Gyro: -1.525 1.159 -1.312
Accel: 0.0001 0.008 1.007
Gyro: -1.480 1.617 -1.342
Accel: 0.002 0.008 1.007
Gyro: -1.617 2.166 -1.342
Accel: 0.005 0.009 1.005
Gyro: -1.419 2.273 -1.449
Accel: 0.0010 0.013 1.005
Gyro: -1.083 1.815 -1.495
Accel: 0.015 0.013 1.004
Gyro: 0.396 1.129 -1.663
Accel: 0.016 0.013 1.005
Gyro: 0.274 0.640 -1.663
Accel: 0.015 0.011 1.007
Gyro: 0.671 0.244 -1.724
Accel: 0.017 0.013 1.006
Gyro: 0.930 0.122 -1.617
Accel: 0.016 0.0010 1.009
Gyro: 1.312 0.442 -1.327
Accel: 0.018 0.009 1.008
Gyro: 1.907 -1.281 -1.068
Accel: 0.019 0.006 1.0010
Gyro: 2.426 -2.029 0.854
Accel: 0.015 0.006 1.006
Gyro: 2.990 -2.700 0.930
Accel: 0.011 0.0010 1.009
Gyro: 3.479 -3.067 0.717
Accel: 0.012 0.009 1.0010
Gyro: 3.936 -3.173 0.381
Accel: 0.006 0.0010 1.012
Gyro: 3.936 -3.326 0.030
Accel: 0.004 0.0010 1.013
Gyro: 3.952 -3.097 0.289
Accel: 0.003 0.009 1.012
Gyro: 4.165 -2.380 0.488
Accel: 0.012 0.006 1.011
Gyro: 4.608 -1.480 0.411
Accel: 0.022 0.003 1.011
Gyro: 5.126 0.152 0.335
Accel: 0.037 0.005 1.014
Gyro: 5.737 0.183 -1.098
Accel: 0.047 0.016 1.013
Gyro: 6.164 0.625 -1.892
Accel: 0.044 0.028 1.007
Gyro: 6.362 -2.136 -2.517
Accel: 0.034 0.028 1.003
Gyro: 6.072 -4.104 -2.990
Accel: 0.018 0.023 1.0001
Gyro: 5.538 -6.286 -3.189
Accel: 0.002 0.019 0.998
Gyro: 4.791 -8.651 -2.792
Accel: 0.002 0.012 0.993
Gyro: 4.409 -10.253 -2.212
Accel: 0.006 0.009 0.993
Gyro: 4.119 -11.077 -1.617
Accel: 0.006 0.007 0.996
Gyro: 3.829 -12.023 -1.281
Accel: 0.0000 0.006 0.986
Gyro: 3.433 -12.466 -1.220
Accel: 0.0001 0.004 0.985
Gyro: 3.997 -13.351 -1.419
Accel: 0.007 0.005 0.995
Gyro: 3.921 -14.862 -1.419
Accel: 0.0001 0.0000 0.990
Gyro: 4.745 -16.601 -1.510
Accel: 0.0000 0.003 0.998
Gyro: 5.035 -18.341 -1.617
Accel: 0.009 0.004 1.003
Gyro: 5.554 -20.034 -1.663
Accel: 0.014 0.004 1.003
Gyro: 6.042 -21.102 -1.480
Accel: 0.025 0.006 1.003
Gyro: 6.713 -21.209 -1.129
Accel: 0.032 0.009 1.003
Gyro: 7.186 -20.477 0.579
Accel: 0.045 0.009 1.0001
Gyro: 7.644 -19.348 0.137
Accel: 0.055 0.005 1.0000
Gyro: 7.675 -18.737 0.900
Accel: 0.060 0.006 0.994
Gyro: 7.247 -17.669 1.266
Accel: 0.050 0.011 1.022
Gyro: 6.866 -15.930 1.251
Accel: 0.041 0.0000 1.011
Gyro: 6.286 -14.358 1.358
Accel: 0.043 0.005 1.020
Gyro: 5.615 -12.374 1.068
Accel: 0.046 0.005 1.004
Gyro: 5.493 -10.665 1.022
Accel: 0.051 0.015 1.017
Gyro: 4.928 -8.361 0.778
Accel: 0.056 0.019 1.008
Gyro: 4.669 -6.332 0.885
Accel: 0.054 0.026 1.025
Gyro: 3.952 -3.860 1.007
Accel: 0.057 0.027 1.021
Gyro: 3.158 0.961 1.159
Accel: 0.058 0.023 1.024
Gyro: 2.029 1.617 1.205
Accel: 0.057 0.024 1.018
Gyro: 0.732 3.341 1.205
Accel: 0.055 0.024 1.013
Gyro: 0.411 4.394 1.113
Accel: 0.053 0.024 1.006
Gyro: -1.266 4.608 0.747
Accel: 0.052 0.028 1.003
Gyro: -1.663 4.425 0.717
Accel: 0.055 0.025 1.0000
Gyro: -1.831 4.058 0.869
Accel: 0.050 0.022 1.0000
Gyro: -1.586 3.524 1.022
Accel: 0.042 0.016 1.004
Gyro: -1.449 5.905 0.091
Accel: 0.035 0.014 1.007
Gyro: -1.419 4.745 0.167
Accel: 0.035 0.011 1.005
Gyro: -1.022 3.677 0.381
Accel: 0.037 0.012 1.004
Gyro: 0.823 2.731 0.518
Accel: 0.039 0.013 1.005
Gyro: 0.839 1.785 0.808
Accel: 0.042 0.011 1.005
Gyro: 0.625 0.747 1.388
Accel: 0.043 0.012 1.0001
Gyro: 0.427 0.0000 1.968
