Accel: 0.024 0.047 1.023
Gyro: -2.868 0.442 1.113
Accel: 0.028 0.044 1.027
Gyro: -1.937 0.061 0.778
Accel: 0.029 0.035 1.027
Gyro: 0.991 0.381 0.732
Accel: 0.027 0.031 1.024
Gyro: 0.0000 0.900 0.610
Accel: 0.026 0.027 1.023
Gyro: 0.595 -1.358 0.427
Accel: 0.028 0.026 1.020
Gyro: 0.915 -1.281 0.503
Accel: 0.040 0.022 1.021
Gyro: 1.022 -1.388 0.930
Accel: 0.057 0.011 1.024
Gyro: 0.869 0.656 1.708
Accel: 0.065 0.007 1.025
Gyro: 0.961 0.122 2.868
Accel: 0.056 0.011 1.028
Gyro: 1.617 0.122 3.967
Accel: 0.036 0.022 1.031
Gyro: 2.563 0.122 4.455
Accel: 0.018 0.031 1.030
Gyro: 3.677 0.335 4.592
Accel: 0.007 0.040 1.032
Gyro: 4.516 0.228 4.638
Accel: 0.0010 0.046 1.032
Gyro: 5.508 0.015 4.302
Accel: 0.012 0.048 1.033
Gyro: 6.134 0.854 3.814
Accel: 0.023 0.046 1.029
Gyro: 6.576 1.693 3.173
Accel: 0.026 0.046 1.026
Gyro: 7.125 2.441 2.441
Accel: 0.029 0.050 1.023
Gyro: 11.657 2.822 1.739
Accel: 0.031 0.059 1.021
Gyro: 8.483 2.822 0.991
Accel: 0.029 0.059 1.017
Gyro: 8.880 2.380 0.411
Accel: 0.027 0.061 1.012
Gyro: 9.170 2.059 0.076
Accel: 0.020 0.065 1.009
Gyro: 8.850 1.449 0.518
Accel: 0.017 0.073 1.004
Gyro: 8.682 1.480 0.762
Accel: 0.020 0.076 1.0000
Gyro: 8.285 1.327 -1.144
Accel: 0.026 0.076 0.997
Gyro: 3.936 0.762 -1.235
Accel: 0.031 0.072 0.993
Gyro: 6.851 0.183 -1.205
Accel: 0.030 0.071 0.991
Gyro: 5.432 0.457 -1.174
Accel: 0.028 0.068 0.989
Gyro: 3.738 0.885 -1.174
Accel: 0.027 0.068 0.987
Gyro: 1.785 -1.068 -1.159
Accel: 0.028 0.069 0.987
Gyro: 0.030 -1.312 0.991
Accel: 0.028 0.065 0.988
Gyro: -1.281 -1.480 0.900
Accel: 0.028 0.0000 0.990
Gyro: -2.532 -1.449 -1.022
Accel: 0.028 0.058 0.993
Gyro: -3.662 -1.296 -1.052
Accel: 0.031 0.056 0.996
Gyro: -4.501 -1.220 -1.068
Accel: 0.029 0.055 1.0000
Gyro: -4.455 -1.586 0.961
Accel: 0.025 0.057 1.006
Gyro: -4.165 -1.831 0.900
Accel: 0.022 0.057 1.009
Gyro: -3.631 -2.304 -1.037
Accel: 0.023 0.056 1.0010
Gyro: -3.005 -2.899 -1.113
Accel: 0.021 0.055 1.0010
Gyro: -2.075 -3.509 -1.022
Accel: 0.020 0.056 1.012
Gyro: -1.129 -3.723 -1.068
Accel: 0.022 0.055 1.011
Gyro: 0.167 -3.631 -1.052
Accel: 0.027 0.055 1.009
Gyro: 1.449 -3.616 0.961
Accel: 0.029 0.057 1.009
Gyro: 2.609 -3.112 0.976
Accel: 0.029 0.057 1.006
Gyro: 3.387 -2.563 -1.052
Accel: 0.028 0.058 1.0001
Gyro: 3.784 -1.953 -1.235
Accel: 0.026 0.060 0.995
Gyro: 3.845 -1.510 -1.419
Accel: 0.028 0.063 0.989
Gyro: 3.372 -1.113 -1.449
Accel: 0.026 0.066 0.985
Gyro: 2.685 0.610 -1.342
Accel: 0.027 0.068 0.981
Gyro: 1.434 0.198 -1.296
Accel: 0.027 0.063 0.980
Gyro: 0.061 0.259 -1.129
Accel: 0.028 0.063 0.981
Gyro: -1.602 0.427 -1.007
Accel: 0.029 0.064 0.985
Gyro: -2.914 0.488 0.930
Accel: 0.028 0.062 0.988
Gyro: -3.952 0.350 -1.174
Accel: 0.024 0.065 0.993
Gyro: -4.608 0.152 -1.296
Accel: 0.023 0.066 0.997
Gyro: -4.943 3.860 -1.419
Accel: 0.022 0.066 1.0000
Gyro: -4.913 0.549 -1.724
Accel: 0.018 0.062 1.0001
Gyro: -4.440 -1.235 -1.907
Accel: 0.019 0.061 1.007
Gyro: -3.860 -1.876 -2.029
Accel: 0.020 0.061 1.008
Gyro: -3.189 -2.456 -2.182
Accel: 0.023 0.056 1.009
Gyro: -2.426 -3.005 -2.258
Accel: 0.025 0.054 1.009
Gyro: -1.541 -3.387 -2.197
Accel: 0.025 0.053 1.008
Gyro: 0.762 -3.768 -2.120
Accel: 0.028 0.051 1.004
Gyro: 0.305 -7.797 -1.922
Accel: 0.032 0.050 0.938
Gyro: 0.122 -3.768 -1.525
Accel: 0.032 0.051 0.994
Gyro: 0.183 -3.677 -1.190
Accel: 0.029 0.053 0.993
Gyro: 0.137 -3.509 0.854
Accel: 0.027 0.052 0.990
Gyro: 0.579 -3.097 0.610
Accel: 0.022 0.052 0.989
Gyro: -1.342 -2.670 0.503
Accel: 0.019 0.052 0.989
Gyro: -2.319 -2.166 0.610
Accel: 0.019 0.053 0.989
Gyro: -3.326 -1.754 0.823
Accel: 0.022 0.053 0.993
Gyro: -4.333 -1.037 0.885
Accel: 0.020 0.055 1.0000
Gyro: -5.218 0.747 -1.037
Accel: 0.018 0.056 1.003
Gyro: -5.783 0.198 -1.327
Accel: 0.019 0.049 1.003
Gyro: -6.057 0.335 -1.525
Accel: 0.018 0.046 1.007
Gyro: -6.271 0.564 -1.586
Accel: 0.019 0.045 1.011
Gyro: -6.210 0.671 -1.541
Accel: 0.015 0.043 1.018
Gyro: -6.103 0.793 -1.373
Accel: 0.012 0.041 1.022
Gyro: -5.813 0.900 -1.205
Accel: 0.013 0.041 1.026
Gyro: -5.432 -1.098 -1.098
Accel: 0.015 0.039 1.026
Gyro: -5.035 -1.480 0.991
Accel: 0.014 0.035 1.027
Gyro: -4.272 -1.586 0.900
Accel: 0.011 0.038 1.025
Gyro: -3.524 -1.724 0.762
Accel: 0.011 0.040 1.026
Gyro: -2.578 -1.663 0.823
Accel: 0.009 0.036 1.023
Gyro: -2.014 -1.480 -1.068
Accel: 0.011 0.032 1.020
Gyro: -1.663 -1.464 -1.312
Accel: 0.012 0.032 1.020
Gyro: -1.129 -1.602 -1.617
Accel: 0.014 0.033 1.018
Gyro: 0.930 -1.556 -1.602
Accel: 0.014 0.032 1.015
Gyro: 0.579 -1.281 -1.571
Accel: 0.013 0.031 1.014
Gyro: 0.030 0.885 -1.480
Accel: 0.012 0.032 1.013
Gyro: 0.503 0.518 -1.510
Accel: 0.0010 0.027 1.0010
Gyro: 0.381 0.213 -1.419
Accel: 0.0010 0.021 1.009
Gyro: 0.137 0.106 -1.312
Accel: 0.0010 0.021 1.006
Gyro: 0.030 0.595 -1.068
Accel: 0.012 0.025 1.006
Gyro: 0.045 1.068 0.930
Accel: 0.009 0.030 1.003
Gyro: 0.167 1.846 -1.052
Accel: 0.011 0.031 0.997
Gyro: 0.183 2.273 -1.129
Accel: 0.011 0.030 0.992
Gyro: 0.213 2.349 -1.144
Accel: 0.015 0.037 0.991
Gyro: 0.213 2.410 -1.602
Accel: 0.014 0.042 0.992
Gyro: 0.579 2.716 -2.014
Accel: 0.017 0.044 0.991
Gyro: -1.144 2.700 -2.288
Accel: 0.019 0.046 0.993
Gyro: -1.220 2.258 -2.426
Accel: 0.016 0.052 0.995
Gyro: -1.663 2.151 -2.716
Accel: 0.019 0.053 0.993
Gyro: -2.059 2.243 -2.716
Accel: 0.025 0.054 0.989
Gyro: -2.105 2.410 -2.471
Accel: 0.026 0.054 0.987
Gyro: -2.639 2.471 -2.090
Accel: 0.024 0.053 0.985
Gyro: -3.387 2.700 -1.815
Accel: 0.022 0.050 0.987
Gyro: -3.982 2.990 -1.037
Accel: 0.022 0.048 0.991
Gyro: -4.302 3.082 0.854
Accel: 0.014 0.043 0.992
Gyro: -4.974 2.944 -1.235
Accel: 0.012 0.039 0.992
Gyro: -5.218 2.578 -2.105
Accel: 0.014 0.042 0.990
Gyro: -4.867 1.602 -2.944
Accel: 0.013 0.045 0.988
Gyro: -4.226 0.457 -3.982
Accel: 0.007 0.048 0.980
Gyro: -3.631 0.274 -4.867
Accel: 0.003 0.051 0.971
Gyro: -2.838 -1.510 -5.325
Accel: 0.002 0.058 0.964
Gyro: -2.471 -2.944 -5.722
Accel: 0.002 0.054 0.955
Gyro: -2.944 -3.768 -6.256
Accel: 0.0001 0.044 0.945
Gyro: -3.707 -3.814 -6.622
Accel: 0.0010 0.045 0.937
Gyro: -3.875 -3.631 -6.759
Accel: 0.007 0.055 0.931
Gyro: -4.165 -3.433 -7.232
Accel: 0.003 0.048 0.918
Gyro: -3.936 -2.929 -7.369
Accel: 0.004 0.052 0.905
Gyro: -3.143 -3.005 -7.614
Accel: 0.0001 0.060 0.891
Gyro: -2.655 -3.341 -7.965
Accel: 0.0010 0.071 0.872
Gyro: -2.334 -3.326 -8.499
Accel: 0.016 0.075 0.848
Gyro: -2.059 -2.929 -8.956
Accel: 0.014 0.082 0.827
Gyro: -1.815 -3.372 -9.109
Accel: 0.012 0.087 0.805
Gyro: -2.456 -4.287 -9.506
Accel: 0.016 0.084 0.779
Gyro: -3.952 -4.379 -10.223
Accel: 0.003 0.084 0.757
Gyro: -5.706 -4.302 -10.192
Accel: 0.0000 0.082 0.728
Gyro: -7.919 -2.700 -10.131
Accel: 0.006 0.086 0.703
Gyro: -10.742 3.875 -10.040
Accel: 0.012 0.081 0.670
Gyro: -13.336 4.241 -9.353
Accel: 0.002 0.066 0.633
Gyro: -16.265 10.101 -7.583
Accel: 0.018 0.034 0.591
Gyro: -18.371 18.157 -5.661
Accel: 0.047 0.060 0.534
Gyro: -19.989 27.404 -4.394
Accel: 0.066 0.027 0.482
Gyro: -20.690 37.246 -4.898
Accel: 0.062 0.062 0.419
Gyro: -20.782 48.355 -7.324
Accel: 0.060 0.103 0.358
Gyro: -21.148 59.860 -12.145
Accel: 0.006 0.051 0.247
Gyro: -21.728 71.151 -16.876
Accel: 0.031 0.128 0.206
Gyro: -21.499 85.815 -21.865
Accel: 0.168 0.104 0.164
Gyro: -25.085 91.644 -13.580
Accel: 0.019 0.035 0.130
Gyro: -30.319 94.329 -8.316
Accel: 0.013 0.021 0.097
Gyro: -34.393 94.345 -6.515
Accel: 0.006 0.009 0.051
Gyro: -32.104 90.377 -5.996
Accel: 0.0010 0.0010 0.004
Gyro: -27.526 92.407 -6.042
Accel: 0.004 0.012 0.050
Gyro: -24.032 94.314 -6.149
Accel: 0.004 0.006 0.017
Gyro: -21.072 96.008 -6.195
Accel: 0.011 0.007 0.036
Gyro: -18.814 101.516 -6.149
Accel: 0.006 0.007 0.035
Gyro: -16.632 99.044 -6.149
Accel: 0.0010 0.005 0.039
Gyro: -14.770 100.311 -6.240
Accel: 0.006 0.004 0.048
Gyro: -13.320 101.516 -6.134
Accel: 0.007 0.004 0.048
Gyro: -12.008 102.584 -6.134
Accel: 0.004 0.002 0.055
Gyro: -10.955 103.485 -6.240
Accel: 0.002 0.002 0.052
Gyro: -10.284 104.354 -6.301
Accel: 0.002 0.002 0.057
Gyro: -9.323 105.0010 -6.362
Accel: 0.002 0.003 0.056
Gyro: -8.819 105.468 -6.439
Accel: 0.002 0.002 0.058
Gyro: -8.377 105.850 -6.713
Accel: 0.003 0.002 0.0000
Gyro: -7.965 105.957 -6.896
Accel: 0.002 0.005 0.067
Gyro: -7.415 106.109 -6.896
Accel: 0.002 0.004 0.078
Gyro: -6.332 105.468 -6.973
Accel: -3.171 -1.452 5.119
Gyro: -12.084 -331.222 -58.074
Accel: 0.712 -1.439 5.560
Gyro: 116.363 -499.969 -92.819
Accel: -3.333 -4.289 7.999
Gyro: 101.531 -114.562 63.186
Accel: -1.368 0.147 0.752
Gyro: 469.192 27.450 55.130
Accel: 0.181 0.017 0.927
Gyro: 453.521 21.911 25.863
Accel: 0.005 0.479 1.153
Gyro: 347.625 59.631 1.129
Accel: 0.623 0.797 1.213
Gyro: 278.335 102.828 -19.821
Accel: 0.719 1.368 0.808
Gyro: 214.385 143.371 -34.790
Accel: 0.409 1.262 0.854
Gyro: 143.127 166.915 -45.913
Accel: 0.075 1.152 1.230
Gyro: 65.948 179.519 -43.869
Accel: 0.619 1.059 1.517
Gyro: 3.616 172.225 -27.893
Accel: 0.945 0.812 1.642
Gyro: -37.841 151.718 -11.901
Accel: -1.062 0.609 1.604
Gyro: -64.834 115.463 -9.155
Accel: 0.959 0.368 1.328
Gyro: -83.251 70.907 -13.961
Accel: 0.806 0.268 1.070
Gyro: -105.972 20.156 -19.760
Accel: 0.665 0.241 0.907
Gyro: -138.702 -21.194 -26.580
Accel: 0.607 0.197 0.765
Gyro: -164.367 -69.747 -26.855
Accel: 0.652 0.140 0.783
Gyro: -193.328 -113.098 -18.676
Accel: 0.794 0.004 0.848
Gyro: -217.224 -144.897 -6.622
Accel: 0.737 0.538 3.082
Gyro: -104.003 -93.139 9.017
Accel: 0.865 0.412 1.707
Gyro: -12.466 -84.304 18.737
Accel: 0.652 0.0001 1.089
Gyro: -4.821 -101.196 4.791
Accel: 0.517 0.062 0.843
Gyro: -32.882 -106.994 -5.386
Accel: 0.472 0.186 0.986
Gyro: -45.532 -116.973 -14.175
Accel: 0.448 0.282 1.222
Gyro: -40.512 -105.972 -19.454
Accel: 0.315 0.192 1.175
Gyro: -33.691 -83.587 -23.056
Accel: 0.268 0.260 1.062
Gyro: -31.692 -63.888 -26.123
Accel: 0.197 0.312 0.977
Gyro: -34.896 -45.242 -29.785
Accel: 0.219 0.252 0.962
Gyro: -38.589 -30.212 -31.799
Accel: 0.264 0.151 1.061
Gyro: -39.154 -20.690 -27.359
Accel: 0.297 0.054 1.048
Gyro: -34.591 -17.211 -27.847
Accel: 0.260 0.016 1.086
Gyro: -25.146 -16.494 -23.193
Accel: 0.240 0.049 1.044
Gyro: -7.843 -16.326 -15.625
Accel: 0.246 0.132 0.967
Gyro: 0.488 -16.418 -2.609
Accel: 0.263 0.181 0.860
Gyro: 5.798 -19.760 13.580
Accel: 0.248 0.160 0.777
Gyro: 2.853 -28.594 27.023
Accel: 0.203 0.104 0.769
Gyro: -3.982 -39.245 33.889
Accel: 0.156 0.075 0.805
Gyro: -8.804 -50.582 36.499
Accel: 0.141 0.036 0.866
Gyro: -10.162 -51.208 35.385
Accel: 0.149 0.013 0.898
Gyro: -7.629 -49.850 33.050
Accel: 0.146 0.009 0.944
Gyro: -2.029 -45.776 28.808
Accel: 0.114 0.062 1.028
Gyro: 4.791 -38.558 22.979
Accel: 0.154 0.016 0.996
Gyro: 11.642 -35.476 18.905
Accel: 0.297 0.055 0.951
Gyro: 14.602 -33.020 24.581
Accel: 0.126 0.137 0.954
Gyro: 7.263 -23.056 31.372
Accel: 0.051 0.162 0.981
Gyro: -1.571 -12.725 31.158
Accel: 0.022 0.175 0.939
Gyro: -11.642 0.915 24.459
Accel: 0.007 0.164 1.0010
Gyro: -16.433 4.898 16.036
Accel: 0.071 0.138 1.031
Gyro: -15.625 15.167 8.224
Accel: 0.185 0.089 1.055
Gyro: -4.852 14.404 1.831
Accel: 0.138 0.042 1.085
Gyro: 2.685 14.282 -3.799
Accel: 0.131 0.013 1.063
Gyro: 15.411 14.892 -8.697
Accel: 0.124 0.006 1.044
Gyro: 24.612 12.557 -15.625
Accel: 0.240 0.042 0.901
Gyro: 21.026 -7.965 -12.954
Accel: 0.231 0.113 0.895
Gyro: 0.595 -16.601 -14.694
Accel: 0.207 0.168 0.914
Gyro: -29.052 -21.667 -16.036
Accel: 0.182 0.173 0.965
Gyro: -48.431 -31.188 -14.312
Accel: 0.171 0.115 1.020
Gyro: -68.542 -31.936 -12.0100
Accel: 0.168 0.077 1.025
Gyro: -82.214 -34.011 -7.507
Accel: 0.141 0.062 1.047
Gyro: -92.376 -33.889 -2.685
Accel: 0.105 0.038 1.059
Gyro: -99.838 -31.692 0.671
Accel: 0.081 0.002 1.068
Gyro: -103.515 -29.434 -1.144
Accel: 0.053 0.121 1.031
Gyro: -94.726 -35.110 0.534
Accel: 0.094 0.197 1.071
Gyro: -82.153 -32.943 7.751
Accel: 0.077 0.241 1.064
Gyro: -74.508 -35.446 7.751
Accel: 0.062 0.243 1.056
Gyro: -69.046 -36.956 11.795
Accel: 0.042 0.261 1.062
Gyro: -61.889 -39.108 15.075
Accel: 0.124 0.259 1.073
Gyro: -57.342 -42.480 18.600
Accel: 0.091 0.216 1.106
Gyro: -58.609 -45.043 22.888
Accel: 0.079 0.177 1.154
Gyro: -64.376 -42.739 25.588
Accel: 0.037 0.156 1.194
Gyro: -67.916 -36.605 25.573
Accel: 0.008 0.147 1.184
Gyro: -64.926 -30.715 22.888
Accel: 0.012 0.167 1.152
Gyro: -57.647 -26.901 19.866
Accel: 0.003 0.181 1.148
Gyro: -50.704 -19.485 17.425
Accel: 0.046 0.130 1.157
Gyro: -48.950 -9.674 14.511
Accel: 0.046 0.159 1.104
Gyro: -42.404 -11.718 13.748
Accel: 0.089 0.200 1.132
Gyro: -36.682 -10.574 14.160
Accel: 0.110 0.214 1.132
Gyro: -29.754 -7.904 13.793
Accel: 0.096 0.231 1.121
Gyro: -23.300 -4.425 12.771
Accel: 0.073 0.245 1.117
Gyro: -18.264 0.946 12.985
Accel: 0.055 0.236 1.111
Gyro: -13.824 2.914 13.595
Accel: 0.048 0.234 1.096
Gyro: -9.216 6.500 13.351
Accel: 0.040 0.239 1.072
Gyro: -4.547 9.109 11.672
Accel: 0.037 0.234 1.048
Gyro: 0.122 9.689 8.712
Accel: 0.047 0.238 1.021
Gyro: 4.196 7.797 5.584
Accel: 0.054 0.248 0.995
Gyro: 7.156 4.730 3.189
Accel: 0.054 0.264 0.979
Gyro: 9.353 2.792 1.892
Accel: 0.039 0.274 0.970
Gyro: 10.848 0.839 2.365
Accel: 0.027 0.286 0.965
Gyro: 12.252 0.747 4.241
Accel: 0.036 0.295 0.965
Gyro: 14.770 0.823 7.339
Accel: 0.068 0.302 0.971
Gyro: 18.371 0.228 11.459
Accel: 0.068 0.270 0.972
Gyro: 22.644 0.473 14.923
Accel: 0.075 0.245 0.966
Gyro: 26.184 0.976 17.501
Accel: 0.066 0.229 0.955
Gyro: 28.350 0.854 19.363
Accel: 0.048 0.214 0.945
Gyro: 28.915 1.083 20.355
Accel: 0.032 0.201 0.929
Gyro: 28.762 1.876 20.538
Accel: 0.020 0.199 0.915
Gyro: 27.679 1.983 20.584
Accel: 0.008 0.203 0.915
Gyro: 25.955 1.037 20.095
Accel: 0.0001 0.198 0.920
Gyro: 24.688 1.007 19.561
Accel: 0.003 0.190 0.927
Gyro: 24.673 1.876 19.119
Accel: 0.024 0.178 0.922
Gyro: 25.527 1.998 18.707
Accel: 0.042 0.166 0.918
Gyro: 26.947 2.044 18.386
Accel: 0.051 0.160 0.915
Gyro: 27.923 2.593 18.081
Accel: 0.056 0.158 0.906
Gyro: 27.877 3.204 17.608
Accel: 0.051 0.159 0.897
Gyro: 26.870 3.295 16.815
Accel: 0.045 0.150 0.895
Gyro: 25.085 2.807 15.823
Accel: 0.037 0.153 0.894
Gyro: 22.277 1.800 14.862
Accel: 0.026 0.163 0.899
Gyro: 18.569 0.045 14.221
Accel: 0.025 0.168 0.909
Gyro: 14.862 -2.120 13.839
Accel: 0.032 0.162 0.920
Gyro: 12.207 -3.189 13.702
Accel: 0.044 0.151 0.935
Gyro: 10.299 -3.311 13.824
Accel: 0.058 0.133 0.942
Gyro: 4.119 -3.311 13.534
Accel: 0.064 0.128 0.943
Gyro: 5.920 -3.570 12.710
Accel: 0.060 0.120 0.948
Gyro: 4.135 -4.745 11.016
Accel: 0.051 0.114 0.957
Gyro: 2.944 -6.820 9.201
Accel: 0.041 0.111 0.974
Gyro: 2.395 -8.316 8.331
Accel: 0.028 0.122 0.987
Gyro: 3.097 -9.201 8.666
Accel: 0.028 0.130 1.061
Gyro: 5.325 -10.086 9.918
Accel: 0.028 0.129 1.006
Gyro: 8.117 -11.474 11.0001
Accel: 0.029 0.116 1.009
Gyro: 11.230 -12.680 11.291
Accel: 0.030 0.106 1.005
Gyro: 14.114 -13.290 11.0001
Accel: 0.030 0.101 0.994
Gyro: 16.311 -13.687 10.406
Accel: 0.026 0.102 0.987
Gyro: 17.807 -14.022 10.070
Accel: 0.018 0.096 0.980
Gyro: 19.042 -14.694 9.643
Accel: 0.011 0.086 0.981
Gyro: 19.943 -15.777 8.712
Accel: 0.006 0.079 0.982
Gyro: 20.645 -16.433 7.644
Accel: 0.0000 0.079 0.987
Gyro: 21.697 -16.677 6.881
Accel: 0.004 0.085 0.986
Gyro: 23.666 -16.311 6.774
Accel: 0.008 0.091 0.975
Gyro: 25.665 -15.487 6.896
Accel: 0.008 0.089 0.961
Gyro: 26.779 -14.343 7.308
Accel: 0.007 0.090 0.943
Gyro: 26.870 -13.351 7.827
Accel: 0.008 0.092 0.927
Gyro: 25.360 -12.756 8.056
Accel: 0.011 0.091 0.920
Gyro: 22.857 -12.649 7.690
Accel: 0.013 0.083 0.918
Gyro: 19.744 -12.664 6.393
Accel: 0.014 0.076 0.920
Gyro: 16.845 -12.145 5.050
Accel: 0.016 0.073 0.921
Gyro: 13.809 -11.245 4.028
Accel: 0.014 0.068 0.926
Gyro: 11.016 -10.589 3.448
Accel: 0.009 0.124 0.929
Gyro: 8.712 -9.994 3.372
Accel: 0.007 0.056 0.928
Gyro: 6.835 -9.277 3.479
Accel: 0.006 0.052 0.925
Gyro: 4.867 -8.285 3.433
Accel: 0.0001 0.051 0.924
Gyro: 2.990 -7.232 3.479
Accel: 0.0001 0.047 0.922
Gyro: 1.296 -5.706 3.692
Accel: 0.004 0.047 0.928
Gyro: 0.305 -5.401 3.707
Accel: 0.0001 0.048 0.999
Gyro: -2.716 -4.974 3.479
Accel: 0.0001 0.055 0.951
Gyro: -5.233 -4.501 2.990
Accel: 0.007 0.064 0.965
Gyro: -7.308 -3.768 2.822
Accel: 0.0010 0.069 0.978
Gyro: -8.911 -3.082 2.731
Accel: 0.007 0.075 0.988
Gyro: -10.055 -2.578 2.777
Accel: 0.005 0.081 0.992
Gyro: -10.604 -2.670 2.929
Accel: 0.006 0.082 0.998
Gyro: -10.116 -2.380 3.082
Accel: 0.006 0.082 1.006
Gyro: -9.338 -2.136 3.265
Accel: 0.002 0.083 1.009
Gyro: -8.880 -2.243 3.479
Accel: 0.0001 0.085 1.011
Gyro: -7.934 -1.968 3.768
Accel: 0.006 0.088 1.019
Gyro: -6.225 -1.464 4.058
Accel: 0.006 0.084 1.024
Gyro: -4.608 -1.617 4.272
Accel: 0.002 0.086 1.028
Gyro: -2.716 -1.602 4.211
Accel: 0.007 0.089 1.030
Gyro: -1.113 -1.708 4.211
Accel: 0.009 0.088 1.031
Gyro: 0.503 -1.541 4.165
Accel: 0.009 0.088 1.025
Gyro: 1.525 -1.968 3.784
Accel: 0.006 0.083 1.018
Gyro: 2.471 -2.822 3.402
Accel: 0.0000 0.080 1.013
Gyro: 3.021 -3.692 2.960
Accel: 0.0001 0.074 1.007
Gyro: 3.646 -4.318 2.304
Accel: 0.0000 0.067 1.003
Gyro: 4.165 -4.608 1.739
Accel: 0.0000 0.067 1.0001
Gyro: 4.211 -4.638 1.022
Accel: 0.003 0.070 0.999
Gyro: 4.287 -4.211 0.274
Accel: 0.003 0.069 1.0001
Gyro: 4.455 -3.784 0.244
Accel: 0.002 0.069 1.003
Gyro: 3.967 -3.158 0.457
Accel: 0.006 0.075 1.002
Gyro: 2.929 -2.822 0.595
Accel: 0.008 0.076 0.998
Gyro: 1.937 -2.151 0.473
Accel: 0.012 0.071 0.995
Gyro: 1.052 -1.373 0.411
Accel: 0.015 0.070 0.990
Gyro: 0.091 0.839 0.305
Accel: 0.009 0.069 0.987
Gyro: 0.747 0.152 0.473
Accel: 0.005 0.067 0.986
Gyro: 0.991 0.747 0.808
Accel: 0.004 0.063 0.986
Gyro: -1.190 0.900 -1.174
Accel: 0.002 0.064 0.988
Gyro: -1.281 1.129 -1.434
Accel: 0.0001 0.066 0.989
Gyro: -1.541 1.159 -1.632
Accel: 0.0001 0.073 0.992
Gyro: -1.922 1.266 -1.632
Accel: 0.0001 0.075 0.993
Gyro: -1.998 1.708 -1.281
Accel: 0.0001 0.076 0.993
Gyro: -1.785 2.014 -1.281
