Accel: 0.152 0.0001 1.012
Gyro: 2.761 -14.389 1.785
Accel: 0.155 0.0001 1.017
Gyro: 1.235 -14.434 1.358
Accel: 0.163 0.0000 1.021
Gyro: 0.152 -12.908 0.839
Accel: 0.168 0.007 1.028
Gyro: 0.045 -10.421 0.152
Accel: 0.169 0.011 1.025
Gyro: 0.030 -6.484 0.198
Accel: 0.170 0.011 1.020
Gyro: 0.778 -1.480 0.289
Accel: 0.169 0.009 1.017
Gyro: -1.968 7.598 0.640
Accel: 0.168 0.003 1.012
Gyro: -2.883 8.605 -1.144
Accel: 0.156 0.0000 1.013
Gyro: -4.043 12.878 -1.632
Accel: 0.148 0.0001 1.013
Gyro: -4.959 15.884 -1.739
Accel: 0.145 0.005 1.012
Gyro: -5.523 17.456 -1.937
Accel: 0.139 0.0000 1.011
Gyro: -5.294 17.120 -2.304
Accel: 0.128 0.0001 1.007
Gyro: -4.669 15.533 -2.319
Accel: 0.128 0.0001 1.0001
Gyro: -4.669 13.687 -2.441
Accel: 0.124 0.0001 0.997
Gyro: -4.470 7.888 -2.380
Accel: 0.119 0.002 0.995
Gyro: -4.272 9.307 -2.105
Accel: 0.113 0.007 0.997
Gyro: -3.601 6.561 -1.861
Accel: 0.103 0.007 0.997
Gyro: -2.639 3.692 -1.556
Accel: 0.102 0.011 0.997
Gyro: -1.525 0.915 -1.480
Accel: 0.106 0.013 1.0001
Gyro: 0.259 -1.678 -1.480
Accel: 0.104 0.008 1.004
Gyro: 0.762 -3.738 -1.266
Accel: 0.102 0.005 1.011
Gyro: 1.495 -5.325 0.915
Accel: 0.101 0.009 1.012
Gyro: 2.014 -6.484 0.579
Accel: 0.101 0.0010 1.0010
Gyro: 2.471 -7.263 0.091
Accel: 0.102 0.016 1.012
Gyro: 3.051 -8.026 0.442
Accel: 0.107 0.020 1.013
Gyro: 4.013 -9.094 1.022
Accel: 0.113 0.018 1.016
Gyro: 4.974 -10.025 1.434
Accel: 0.114 0.020 1.023
Gyro: 5.783 -10.986 1.922
Accel: 0.117 0.018 1.032
Gyro: 6.530 -11.505 2.548
Accel: 0.121 0.023 1.037
Gyro: 7.064 -12.115 3.128
Accel: 0.121 0.026 1.040
Gyro: 7.690 -12.466 3.829
Accel: 0.131 0.028 1.037
Gyro: 7.965 -12.283 4.867
Accel: 0.131 0.026 1.042
Gyro: 8.178 -11.962 5.920
Accel: 0.134 0.032 1.042
Gyro: 8.132 -10.925 6.774
Accel: 0.141 0.031 1.043
Gyro: 7.705 -9.140 7.568
Accel: 0.144 0.029 1.043
Gyro: 6.835 -7.186 8.392
Accel: 0.140 0.035 1.044
Gyro: 5.905 0.183 8.956
Accel: 0.142 0.037 1.043
Gyro: 5.096 3.540 9.597
Accel: 0.149 0.039 1.041
Gyro: 4.501 3.479 10.101
Accel: 0.155 0.041 1.036
Gyro: 4.104 6.835 10.192
Accel: 0.158 0.038 1.042
Gyro: 4.791 9.063 9.292
Accel: 0.158 0.027 1.037
Gyro: 5.661 11.0001 8.773
Accel: 0.162 0.026 1.031
Gyro: 5.828 13.397 8.361
Accel: 0.159 0.035 1.025
Gyro: 5.264 15.182 7.675
Accel: 0.155 0.038 1.022
Gyro: 4.974 16.510 6.896
Accel: 0.153 0.037 1.017
Gyro: 4.974 17.501 6.088
Accel: 0.149 0.039 1.008
Gyro: 4.867 18.615 5.340
Accel: 0.142 0.049 1.0001
Gyro: 4.440 20.477 4.226
Accel: 0.128 0.052 0.996
Gyro: 3.997 22.033 3.158
Accel: 0.121 0.052 0.987
Gyro: 3.799 22.918 2.029
Accel: 0.114 0.055 0.977
Gyro: 3.677 23.590 1.159
Accel: 0.107 0.047 0.970
Gyro: 3.372 23.696 0.625
Accel: 0.102 0.043 0.968
Gyro: 3.173 22.750 0.701
Accel: 0.099 0.043 0.963
Gyro: 2.807 19.927 1.190
Accel: 0.092 0.045 0.963
Gyro: 2.334 16.403 1.647
Accel: 0.083 0.040 0.961
Gyro: 2.105 12.969 2.670
Accel: 0.083 0.041 0.958
Gyro: 1.388 10.345 4.119
Accel: 0.079 0.040 0.956
Gyro: 0.381 7.675 5.462
Accel: 0.079 0.043 0.953
Gyro: 0.823 4.837 7.019
Accel: 0.082 0.042 0.954
Gyro: -1.632 2.151 8.514
Accel: 0.088 0.039 0.956
Gyro: -2.090 0.091 9.521
Accel: 0.094 0.027 0.963
Gyro: -2.044 -2.044 10.025
Accel: 0.099 0.023 0.968
Gyro: -1.556 -3.707 10.528
Accel: 0.104 0.020 0.970
Gyro: 0.869 -4.821 10.589
Accel: 0.108 0.018 0.977
Gyro: 0.473 -5.096 10.772
Accel: 0.112 0.018 0.983
Gyro: 0.411 -5.340 10.543
Accel: 0.111 0.020 0.991
Gyro: 0.686 -5.493 9.933
Accel: 0.114 0.022 0.994
Gyro: -1.007 -5.371 9.185
Accel: 0.107 0.027 1.062
Gyro: 0.915 -5.218 8.407
Accel: 0.107 0.034 0.996
Gyro: 0.335 -3.936 7.598
Accel: 0.105 0.038 0.993
Gyro: 0.198 -1.617 6.881
Accel: 0.101 0.039 0.991
Gyro: 1.022 0.976 6.118
Accel: 0.094 0.043 0.985
Gyro: 1.647 2.960 5.111
Accel: 0.091 0.044 0.979
Gyro: 2.304 4.074 4.104
Accel: 0.082 0.049 0.977
Gyro: 2.365 5.569 3.479
Accel: 0.082 0.056 0.975
Gyro: 2.151 6.500 3.097
Accel: 0.076 0.060 0.975
Gyro: 1.724 6.317 2.944
Accel: 0.070 0.067 0.971
Gyro: 1.571 5.111 2.899
Accel: 0.070 0.068 0.972
Gyro: 1.602 3.631 2.517
Accel: 0.062 0.062 0.970
Gyro: 1.358 2.563 2.319
Accel: 0.067 0.061 0.969
Gyro: 0.930 1.571 1.861
Accel: 0.070 0.061 0.971
Gyro: 0.427 0.381 1.068
Accel: 0.070 0.061 0.979
Gyro: 0.595 -1.205 0.259
Accel: 0.072 0.057 0.980
Gyro: 1.190 -2.914 -1.739
Accel: 0.068 0.052 0.980
Gyro: 1.434 -4.425 -2.792
Accel: 0.067 0.055 0.977
Gyro: 1.434 -5.889 -3.677
Accel: 0.063 0.057 0.979
Gyro: 1.266 -6.759 -4.013
Accel: 0.067 0.058 0.979
Gyro: 0.839 -7.385 -4.043
Accel: 0.070 0.056 0.979
Gyro: 0.244 -7.965 -3.494
Accel: 0.067 0.059 0.981
Gyro: 0.366 -8.468 -3.128
Accel: 0.069 0.055 0.988
Gyro: 0.625 -9.231 -2.243
Accel: 0.072 0.050 0.991
Gyro: 0.961 -9.933 -1.296
Accel: 0.075 0.052 0.994
Gyro: -1.312 -10.742 0.717
Accel: 0.078 0.054 0.999
Gyro: -1.998 -11.901 0.442
Accel: 0.093 0.055 1.0000
Gyro: -2.151 -13.092 0.305
Accel: 0.096 0.047 1.006
Gyro: -2.136 -14.053 0.457
Accel: 0.101 0.042 1.013
Gyro: -1.419 -15.457 0.381
Accel: 0.109 0.034 1.017
Gyro: 0.381 -16.647 0.137
Accel: 0.113 0.032 1.021
Gyro: 0.747 -17.333 1.022
Accel: 0.186 0.034 1.024
Gyro: 1.373 -17.089 1.663
Accel: 0.128 0.030 1.032
Gyro: 1.739 -16.372 1.876
Accel: 0.132 0.028 1.037
Gyro: 2.151 -15.335 1.770
Accel: 0.135 0.024 1.038
Gyro: 2.532 -13.656 1.190
Accel: 0.142 0.019 1.036
Gyro: 3.097 -8.0010 0.610
Accel: 0.144 0.017 1.035
Gyro: 3.540 -10.040 0.122
Accel: 0.143 0.016 1.034
Gyro: 4.058 -8.071 0.701
Accel: 0.141 0.017 1.031
Gyro: 4.730 -6.317 -1.296
Accel: 0.139 0.015 1.033
Gyro: 5.538 -4.470 -1.724
Accel: 0.131 0.012 1.035
Gyro: 6.530 -2.075 -1.983
Accel: 0.130 0.014 1.031
Gyro: 7.522 0.396 -1.831
Accel: 0.132 0.012 1.028
Gyro: 8.117 2.563 -1.571
Accel: 0.125 0.013 1.024
Gyro: 8.529 3.906 -1.266
Accel: 0.120 0.012 1.022
Gyro: 8.468 4.837 0.991
Accel: 0.118 0.016 1.018
Gyro: 8.285 5.279 0.701
Accel: 0.117 0.019 1.016
Gyro: 8.346 5.828 0.320
Accel: 0.115 0.020 1.012
Gyro: 8.712 6.256 0.015
Accel: 0.115 0.021 1.012
Gyro: 9.277 6.423 0.213
Accel: 0.112 0.019 1.014
Gyro: 10.299 6.439 0.534
Accel: 0.109 0.017 1.013
Gyro: 10.986 6.591 1.251
Accel: 0.110 0.019 1.014
Gyro: 11.123 6.835 1.968
Accel: 0.108 0.021 1.0010
Gyro: 10.635 7.110 2.761
Accel: 0.111 0.019 1.007
Gyro: 9.552 6.515 3.540
Accel: 0.101 0.027 1.003
Gyro: 8.209 6.042 4.577
Accel: 0.101 0.032 0.999
Gyro: 6.301 5.630 5.004
Accel: 0.104 0.035 0.996
Gyro: 4.150 5.386 5.599
Accel: 0.104 0.038 0.996
Gyro: 2.105 4.959 6.362
Accel: 0.095 0.045 0.997
Gyro: 0.350 4.440 6.820
Accel: 0.093 0.050 1.003
Gyro: 0.961 3.616 7.064
Accel: 0.096 0.048 1.006
Gyro: -1.998 3.204 7.110
Accel: 0.092 0.049 1.0010
Gyro: -2.868 2.288 6.958
Accel: 0.084 0.050 1.013
Gyro: -3.982 0.701 6.530
Accel: 0.086 0.054 1.015
Gyro: -5.142 -1.266 5.889
Accel: 0.118 0.005 1.026
Gyro: 0.839 4.028 0.427
Accel: 0.118 0.005 1.023
Gyro: 0.778 6.271 0.793
Accel: 0.117 0.013 1.018
Gyro: 0.457 8.255 1.220
Accel: 0.121 0.013 1.013
Gyro: 0.244 9.796 1.358
Accel: 0.122 0.014 1.0010
Gyro: 0.015 10.665 1.373
Accel: 0.124 0.021 1.005
Gyro: 0.183 11.093 1.312
Accel: 0.130 0.023 0.998
Gyro: 0.335 10.910 1.052
Accel: 0.129 0.024 0.996
Gyro: 0.366 9.948 0.930
Accel: 0.121 0.021 0.991
Gyro: 0.457 9.002 1.266
Accel: 0.122 0.019 0.984
Gyro: 0.427 8.438 1.525
Accel: 0.119 0.020 0.983
Gyro: 0.488 8.102 1.892
Accel: 0.117 0.016 0.982
Gyro: 0.885 8.0010 1.983
Accel: 0.114 0.018 0.977
Gyro: 0.823 8.758 2.197
Accel: 0.112 0.021 0.974
Gyro: 0.885 9.475 2.304
Accel: 0.110 0.022 0.970
Gyro: 0.427 10.360 2.380
Accel: 0.106 0.021 0.970
Gyro: 0.122 11.367 2.090
Accel: 0.104 0.020 0.967
Gyro: 0.503 12.191 1.602
Accel: 0.104 0.016 0.967
Gyro: 0.518 12.939 1.190
Accel: 0.104 0.009 0.969
Gyro: 0.350 13.031 0.839
Accel: 0.098 0.0010 0.968
Gyro: 0.015 12.374 0.701
Accel: 0.096 0.008 0.969
Gyro: 0.305 11.169 0.778
Accel: 0.096 0.004 0.965
Gyro: 0.198 9.506 0.762
Accel: 0.096 0.007 0.964
Gyro: 0.045 7.263 0.640
Accel: 0.098 0.008 0.967
Gyro: 0.793 4.470 0.625
Accel: 0.0100 0.007 0.969
Gyro: -1.205 1.327 0.518
Accel: 0.102 0.006 0.973
Gyro: -1.174 -1.449 0.320
Accel: 0.103 0.008 0.979
Gyro: -1.037 -3.433 0.259
Accel: 0.098 0.007 0.986
Gyro: 0.976 -5.081 0.015
Accel: 0.090 0.011 0.988
Gyro: 0.915 -5.325 0.015
Accel: 0.087 0.007 0.992
Gyro: -1.022 -5.371 0.076
Accel: 0.084 0.002 0.993
Gyro: -1.190 -5.157 0.091
Accel: 0.084 0.006 0.999
Gyro: -1.235 -4.669 0.442
Accel: 0.079 0.0010 1.0000
Gyro: -1.556 -3.875 1.235
Accel: 0.080 0.014 1.007
Gyro: -2.197 -2.655 2.166
Accel: 0.092 0.007 1.011
Gyro: -3.417 -1.449 2.670
Accel: 0.096 0.011 1.016
Gyro: -4.821 -1.571 3.128
Accel: 0.0100 0.014 1.015
Gyro: -6.225 -2.380 3.555
Accel: 0.103 0.016 1.013
Gyro: -7.339 -3.982 3.829
Accel: 0.101 0.019 1.012
Gyro: -7.888 -5.630 3.967
Accel: 0.101 0.020 1.007
Gyro: -7.690 -7.247 3.967
Accel: 0.103 0.023 0.998
Gyro: -7.766 -8.636 3.707
Accel: 0.099 0.025 1.0000
Gyro: -8.132 -8.895 3.540
Accel: 0.102 0.029 1.008
Gyro: -8.087 -8.956 3.097
Accel: 0.102 0.028 1.013
Gyro: -7.476 -8.926 2.227
Accel: 0.107 0.027 1.016
Gyro: -6.835 -8.041 1.480
Accel: 0.110 0.033 1.024
Gyro: -6.149 -6.744 0.839
Accel: 0.109 0.035 1.026
Gyro: -5.325 -5.462 0.045
Accel: 0.111 0.036 1.021
Gyro: -4.562 -3.906 0.885
Accel: 0.115 0.037 1.020
Gyro: -3.616 -2.090 -1.419
Accel: 0.111 0.034 1.020
Gyro: -2.593 0.564 -1.693
Accel: 0.107 0.029 1.019
Gyro: -1.754 0.473 -1.754
Accel: 0.110 0.023 1.017
Gyro: 0.793 0.885 -1.693
Accel: 0.107 0.017 1.016
Gyro: 0.396 0.671 -1.480
Accel: 0.107 0.0010 1.008
Gyro: 1.113 0.564 -1.098
Accel: 0.104 0.007 1.0010
Gyro: 1.708 0.946 0.442
Accel: 0.101 0.006 1.0010
Gyro: 1.770 1.480 0.091
Accel: 0.102 0.012 1.012
Gyro: 2.304 2.014 0.289
Accel: 0.106 0.013 1.007
Gyro: 2.548 2.487 0.625
Accel: 0.103 0.012 1.005
Gyro: 2.578 2.960 0.808
Accel: 0.101 0.011 1.003
Gyro: 2.670 3.616 1.144
Accel: 0.102 0.012 1.005
Gyro: 2.807 4.516 1.037
Accel: 0.099 0.015 1.008
Gyro: 2.883 5.157 0.915
Accel: 0.0100 0.016 1.006
Gyro: 2.975 5.462 0.762
Accel: 0.101 0.019 1.003
Gyro: 2.792 5.447 0.671
Accel: 0.096 0.018 0.997
Gyro: 2.456 5.142 0.534
Accel: 0.094 0.021 0.997
Gyro: 2.029 4.577 0.106
Accel: 0.0100 0.020 0.994
Gyro: 2.014 3.509 0.350
Accel: 0.096 0.023 0.992
Gyro: 2.166 2.471 0.808
Accel: 0.094 0.023 0.990
Gyro: 2.059 1.602 -1.296
Accel: 0.091 0.023 0.991
Gyro: 1.632 1.144 -1.647
Accel: 0.087 0.023 0.995
Gyro: 1.327 0.381 -1.968
Accel: 0.088 0.023 0.992
Gyro: 0.640 0.076 -2.273
Accel: 0.083 0.022 0.985
Gyro: 0.061 0.488 -2.334
Accel: 0.083 0.020 0.980
Gyro: -1.098 0.915 -2.120
Accel: 0.081 0.025 0.979
Gyro: -2.288 1.327 -1.739
Accel: 0.084 0.027 0.981
Gyro: -3.356 2.044 -1.235
Accel: 0.082 0.031 0.984
Gyro: -4.226 2.273 0.839
Accel: 0.085 0.030 0.989
Gyro: -4.531 1.968 0.747
Accel: 0.086 0.031 0.988
Gyro: -4.608 1.571 0.762
Accel: 0.083 0.034 0.990
Gyro: -4.409 1.220 0.762
Accel: 0.083 0.031 0.988
Gyro: -4.013 0.518 -1.113
Accel: 0.081 0.035 0.986
Gyro: -3.143 0.381 -1.693
Accel: 0.087 0.034 0.980
Gyro: -2.655 -1.144 -2.243
Accel: 0.086 0.037 0.986
Gyro: -2.075 -2.426 -2.792
Accel: 0.085 0.037 0.987
Gyro: -1.586 -3.707 -3.326
Accel: 0.090 0.036 0.986
Gyro: 0.961 -4.928 -3.768
Accel: 0.087 0.032 0.989
Gyro: 0.411 -6.332 -3.860
Accel: 0.082 0.027 0.994
Gyro: 0.045 -7.919 -3.677
Accel: 0.083 0.026 0.996
Gyro: 0.152 -8.468 -3.814
Accel: 0.092 0.026 0.996
Gyro: 0.228 -8.514 -3.723
Accel: 0.096 0.025 1.0000
Gyro: 0.259 -7.995 -3.601
Accel: 0.098 0.020 0.997
Gyro: 0.091 -6.683 -3.005
Accel: 0.098 0.0010 0.998
Gyro: 0.610 -5.096 -2.685
Accel: 0.093 0.011 1.006
Gyro: 0.686 -4.074 -2.441
Accel: 0.090 0.015 1.0010
Gyro: 0.457 -3.326 -2.319
Accel: 0.093 0.015 1.008
Gyro: 0.595 -2.288 -2.273
Accel: 0.092 0.018 1.004
Gyro: -1.205 -1.281 -2.075
Accel: 0.095 0.025 1.002
Gyro: -1.953 0.320 -2.105
Accel: 0.090 0.027 1.004
Gyro: -2.593 0.701 -2.197
Accel: 0.096 0.026 1.005
Gyro: -2.883 1.281 -2.517
Accel: 0.097 0.028 1.0000
Gyro: -2.746 1.632 -2.655
Accel: 0.093 0.026 0.996
Gyro: -2.639 1.602 -2.716
Accel: 0.092 0.024 0.987
Gyro: -2.502 1.174 -2.731
Accel: 0.087 0.027 0.985
Gyro: -2.700 1.510 -2.807
Accel: 0.083 0.028 0.987
Gyro: -2.563 1.693 -3.265
Accel: 0.082 0.024 0.981
Gyro: -2.166 1.464 -7.781
Accel: 0.082 0.022 0.973
Gyro: -2.166 1.388 -4.348
Accel: 0.074 0.021 0.970
Gyro: -2.273 0.549 -4.501
Accel: 0.068 0.025 0.968
Gyro: -2.456 0.488 -4.531
Accel: 0.067 0.028 0.957
Gyro: -2.990 -1.602 -4.287
Accel: 0.062 0.033 0.948
Gyro: -3.265 -3.494 -4.196
Accel: 0.058 0.034 0.937
Gyro: -3.768 -6.072 0.015
Accel: 0.047 0.036 0.932
Gyro: -4.440 -8.255 -3.387
Accel: 0.049 0.032 0.922
Gyro: -5.340 -11.199 -3.295
Accel: 0.051 0.033 0.904
Gyro: -6.607 -13.946 -3.372
Accel: 0.047 0.031 0.886
Gyro: -8.529 -17.196 -3.585
Accel: 0.049 0.031 0.856
Gyro: -10.681 -20.843 -4.287
Accel: 0.052 0.040 0.808
Gyro: -13.610 -23.315 -4.699
Accel: 0.064 0.061 0.745
Gyro: -16.738 -23.910 -4.257
Accel: 0.074 0.084 0.662
Gyro: -19.973 -22.888 -2.700
Accel: 0.081 0.103 0.573
Gyro: -23.544 -20.401 0.427
Accel: 0.107 0.097 0.482
Gyro: -27.160 -18.310 0.457
Accel: 0.080 0.069 0.373
Gyro: -33.645 -16.952 1.663
Accel: 0.104 0.038 0.279
Gyro: -36.758 -14.816 1.068
Accel: 0.107 0.019 0.191
Gyro: -36.621 -12.771 -1.739
Accel: 0.076 0.016 0.128
Gyro: -34.667 -10.757 -4.333
Accel: 0.032 0.006 0.0010
Gyro: -32.470 -4.074 -4.470
Accel: 0.015 0.013 0.026
Gyro: -36.697 3.051 -3.601
Accel: 0.047 0.032 0.081
Gyro: -35.156 5.859 2.868
Accel: 0.053 0.033 0.041
Gyro: -25.863 4.425 10.543
Accel: 0.008 0.013 0.015
Gyro: -17.791 2.044 13.946
Accel: 0.006 0.013 0.002
Gyro: -14.190 3.234 13.809
Accel: 0.004 0.0010 0.073
Gyro: -12.481 5.737 13.275
Accel: 0.005 0.004 0.038
Gyro: -11.444 8.316 12.939
Accel: 0.004 0.008 0.039
Gyro: -10.543 10.742 12.557
Accel: 0.004 0.006 0.038
Gyro: -9.658 13.275 12.435
Accel: 0.003 0.005 0.040
Gyro: -9.048 15.213 12.313
Accel: 0.004 0.008 0.049
Gyro: -8.636 17.532 12.176
Accel: 0.003 0.005 0.057
Gyro: -8.422 19.683 12.084
Accel: 0.003 0.006 0.0000
Gyro: -8.255 22.033 11.932
Accel: 0.030 0.066 0.125
Gyro: -6.195 24.291 13.931
Accel: 0.039 0.005 0.126
Gyro: -12.527 27.130 9.597
Accel: 2.967 -3.014 7.999
Gyro: 481.628 85.952 1.434
Accel: 1.275 -1.642 4.638
Gyro: 350.128 499.389 23.040
Accel: 0.244 0.226 1.645
Gyro: 239.151 360.153 15.136
Accel: 0.392 0.173 0.047
Gyro: 221.069 250.823 16.525
Accel: 0.822 0.206 0.155
Gyro: 190.628 137.863 14.633
Accel: -1.361 0.477 0.571
Gyro: 148.086 23.834 12.908
Accel: -1.591 0.600 0.648
Gyro: 115.905 -76.889 19.851
Accel: -1.251 0.550 0.701
Gyro: 79.910 -166.976 24.627
Accel: 0.815 0.520 0.792
Gyro: 22.003 -261.383 27.801
Accel: 0.458 0.532 0.789
Gyro: -41.885 -335.906 26.382
Accel: 0.671 0.554 3.299
Gyro: -146.453 -180.816 11.444
Accel: 0.845 0.194 3.247
Gyro: -123.504 -66.085 -36.727
Accel: 0.468 0.106 1.643
Gyro: 14.465 -38.574 -55.557
Accel: 0.150 0.263 0.878
Gyro: 10.330 -52.429 -43.777
Accel: 0.049 0.041 0.727
Gyro: -21.255 -54.672 -23.605
Accel: 0.263 0.002 1.108
Gyro: -45.364 -33.889 -2.044
Accel: 0.621 0.067 1.306
Gyro: -52.871 0.289 -3.921
Accel: 0.524 0.155 1.161
Gyro: -55.206 15.228 -11.642
Accel: 0.329 0.130 1.045
Gyro: -61.141 20.263 -11.917
Accel: 0.223 0.085 1.071
Gyro: -66.650 25.299 -4.135
Accel: 0.202 0.070 1.130
Gyro: -65.505 30.487 -2.716
Accel: 0.164 0.0100 1.135
Gyro: -60.668 33.447 1.495
Accel: 0.093 0.108 1.102
Gyro: -56.274 30.563 2.456
Accel: 0.035 0.075 1.091
Gyro: -52.108 24.215 2.502
Accel: 0.002 0.047 1.102
Gyro: -46.813 16.403 2.075
Accel: 0.029 0.043 1.107
Gyro: -40.847 8.438 1.968
Accel: 0.083 0.085 1.0100
Gyro: -34.912 1.922 4.318
Accel: 0.056 0.066 1.059
Gyro: -28.808 -3.250 5.630
Accel: 0.032 0.005 1.009
Gyro: -23.590 -5.844 6.774
Accel: 0.006 0.068 0.988
Gyro: -17.898 -5.294 5.905
Accel: 0.023 0.115 0.968
Gyro: -12.817 -3.051 2.792
Accel: 0.040 0.090 0.936
Gyro: -8.560 1.022 0.091
Accel: 0.063 0.058 0.942
Gyro: 0.167 6.042 -3.265
Accel: 0.081 0.030 0.932
Gyro: 0.747 14.068 -7.995
Accel: 0.095 0.021 0.894
Gyro: 3.463 25.421 -11.688
Accel: 0.176 0.042 0.913
Gyro: 3.906 33.905 -11.886
Accel: 0.127 0.034 0.871
Gyro: 5.630 40.573 -11.322
Accel: 0.034 0.030 0.862
Gyro: 8.117 46.051 -12.207
Accel: 0.020 0.019 0.881
Gyro: 8.682 47.500 -15.151
Accel: 0.020 0.016 1.023
Gyro: 6.927 35.919 -17.959
Accel: 0.097 0.021 1.023
Gyro: 7.186 30.242 -18.478
Accel: 0.145 0.074 1.052
Gyro: 6.484 21.820 -18.295
Accel: 0.124 0.078 1.089
Gyro: 3.662 13.244 -19.561
Accel: 0.099 0.053 1.122
Gyro: 0.030 8.346 -17.852
Accel: 0.112 0.038 1.111
Gyro: 0.885 0.228 -14.770
Accel: 0.127 0.053 1.102
Gyro: -5.340 -5.004 -11.642
Accel: 0.114 0.038 1.103
Gyro: -15.243 -14.495 -8.758
Accel: 0.045 0.041 1.080
Gyro: -22.689 -20.629 -6.011
Accel: 0.012 0.023 1.031
Gyro: -26.321 -19.897 -2.761
Accel: 0.038 0.041 1.012
Gyro: -28.625 -14.389 0.869
Accel: 0.070 0.050 1.018
Gyro: -29.312 -7.003 -1.419
Accel: 0.061 0.083 1.026
Gyro: -23.132 0.122 -2.212
Accel: 0.037 0.098 1.009
Gyro: -17.990 5.950 -2.059
Accel: 0.044 0.079 1.002
Gyro: -15.319 9.735 -2.212
Accel: 0.036 0.068 0.982
Gyro: -14.816 12.588 -2.731
Accel: 0.021 0.065 0.967
Gyro: -14.953 13.061 -3.372
Accel: 0.006 0.059 1.008
Gyro: -12.847 10.879 -2.624
Accel: 0.020 0.064 1.083
Gyro: -6.301 6.744 0.900
Accel: 0.032 0.053 1.126
Gyro: 3.067 5.599 0.091
Accel: 0.072 0.073 1.074
Gyro: 12.252 3.997 0.946
Accel: 0.083 0.053 1.009
Gyro: 17.807 1.007 2.502
Accel: 0.052 0.020 0.964
Gyro: 19.454 0.122 2.990
Accel: 0.022 0.020 0.943
Gyro: 18.066 1.983 2.746
Accel: 0.011 0.034 0.917
Gyro: 17.181 5.142 1.739
Accel: 0.045 0.057 0.951
Gyro: 16.174 9.094 0.808
Accel: 0.033 0.072 0.980
Gyro: 15.548 11.489 0.442
Accel: 0.013 0.068 0.998
Gyro: 15.441 11.199 0.473
Accel: 0.047 0.052 1.002
Gyro: 14.617 8.682 1.251
Accel: 0.051 0.027 1.007
Gyro: 14.465 6.027 2.105
Accel: 0.048 0.014 1.007
Gyro: 14.022 4.440 3.387
Accel: 0.042 0.011 1.0010
Gyro: 12.939 3.784 4.180
Accel: 0.028 0.006 1.027
Gyro: 11.306 4.241 4.699
Accel: 0.039 0.004 1.032
Gyro: 8.895 5.447 5.264
Accel: 0.050 0.008 1.031
Gyro: 6.011 5.508 5.416
Accel: 0.050 0.008 1.030
Gyro: 3.280 4.928 5.111
Accel: 0.046 0.005 1.023
Gyro: 1.602 4.699 4.318
Accel: 0.037 0.012 1.009
Gyro: 0.732 5.279 3.784
Accel: 0.026 0.025 1.0001
Gyro: 0.320 5.218 3.295
Accel: 0.030 0.031 1.0000
Gyro: 0.442 4.852 2.853
Accel: 0.021 0.032 1.002
Gyro: 1.022 4.837 2.563
Accel: 0.003 0.042 1.028
Gyro: 1.281 5.004 3.646
Accel: 0.021 0.022 1.030
Gyro: 2.517 6.057 3.845
Accel: 0.022 0.015 1.041
Gyro: 3.570 7.720 4.287
Accel: 0.019 0.0001 1.046
Gyro: 4.547 11.093 4.867
Accel: 0.014 0.0001 1.027
Gyro: 6.484 14.816 5.798
Accel: 0.013 0.013 0.998
Gyro: 8.316 17.532 7.217
Accel: 0.012 0.020 0.968
Gyro: 9.613 18.539 7.904
Accel: 0.032 0.020 0.955
Gyro: 10.543 17.745 7.644
Accel: 0.064 0.030 0.954
Gyro: 10.559 14.495 7.568
Accel: 0.070 0.037 0.946
Gyro: 11.138 9.399 7.980
Accel: 0.104 0.021 0.937
Gyro: 11.520 3.128 7.537
Accel: 0.119 0.009 0.941
Gyro: 11.459 -4.562 6.896
Accel: 0.120 0.003 0.957
Gyro: 11.276 -11.383 6.698
Accel: 0.119 0.002 0.977
Gyro: 11.718 -16.448 6.881
Accel: 0.110 0.0001 0.975
Gyro: 12.084 -20.446 7.202
Accel: 0.088 0.002 0.963
Gyro: 11.871 -27.236 7.080
Accel: 0.096 0.008 0.944
Gyro: 11.520 -30.960 5.905
Accel: 0.037 0.102 0.900
Gyro: 11.352 -33.630 3.067
Accel: 0.078 0.040 0.848
Gyro: 7.141 -38.940 3.189
Accel: 0.060 0.053 0.905
Gyro: 4.043 -45.059 2.349
Accel: 0.038 0.065 0.917
Gyro: 1.983 -49.987 0.961
Accel: 0.020 0.062 0.947
Gyro: -1.312 -52.139 0.045
Accel: 0.0001 0.053 0.973
Gyro: -2.746 -52.703 0.869
Accel: 0.018 0.053 0.995
Gyro: -4.287 -46.936 -1.770
Accel: 0.042 0.042 1.007
Gyro: -5.859 -47.775 -2.548
Accel: 0.076 0.038 1.012
Gyro: -11.657 -43.121 -3.601
Accel: 0.093 0.029 1.022
Gyro: -10.604 -37.246 -4.501
Accel: 0.105 0.018 1.041
Gyro: -12.908 -30.212 -4.730
Accel: 0.123 0.008 1.060
Gyro: -14.526 -22.491 -3.204
Accel: 0.131 0.009 1.088
Gyro: -15.106 -13.961 0.396
Accel: 0.124 0.014 1.115
Gyro: -13.229 0.946 1.861
Accel: 0.116 0.017 1.132
Gyro: -10.421 10.986 2.014
Accel: 0.106 0.006 1.134
Gyro: -8.529 23.361 0.946
Accel: 0.104 0.003 1.127
Gyro: -7.568 30.944 0.747
Accel: 0.082 0.004 1.111
Gyro: -6.591 40.115 -2.426
Accel: 0.042 0.005 1.086
Gyro: -6.393 46.249 -3.967
Accel: 0.005 0.009 1.059
Gyro: -6.484 49.011 -5.249
Accel: 0.004 0.002 1.031
Gyro: -6.454 47.439 -4.913
Accel: 0.009 0.008 1.0010
Gyro: -6.072 44.189 -3.646
Accel: 0.034 0.012 0.992
Gyro: -5.310 39.779 -3.128
Accel: 0.050 0.006 0.977
Gyro: -4.745 34.194 -3.295
Accel: 0.054 0.0001 0.965
Gyro: 0.122 27.832 -3.494
Accel: 0.056 0.002 0.952
Gyro: -3.479 21.453 -3.723
Accel: 0.064 0.003 0.944
Gyro: -2.838 14.694 -4.058
Accel: 0.063 0.0001 0.945
Gyro: -2.578 8.819 -4.470
Accel: 0.066 0.002 0.948
Gyro: -1.602 3.677 -4.501
Accel: 0.060 0.007 0.950
Gyro: 0.762 0.228 -4.135
Accel: 0.054 0.013 0.957
Gyro: 0.610 -3.311 -3.784
Accel: 0.053 0.015 0.965
Gyro: 0.305 -5.737 -3.540
Accel: 0.050 0.012 0.972
Gyro: 0.183 -7.949 -3.280
Accel: 0.043 0.0010 0.978
Gyro: 0.076 -10.559 -3.112
Accel: 0.043 0.006 0.987
Gyro: 0.259 -12.237 -2.700
Accel: 0.033 0.004 0.996
Gyro: 0.640 -13.198 -2.151
Accel: 0.028 0.005 1.006
Gyro: 1.037 -13.168 -1.861
Accel: 0.024 0.002 1.009
Gyro: 1.663 -12.573 -1.708
Accel: 0.015 0.0001 1.012
Gyro: 2.059 -11.505 -1.342
Accel: 0.009 0.006 1.013
Gyro: 2.243 -10.528 0.488
Accel: 0.008 0.009 1.016
Gyro: 2.593 -9.368 0.137
Accel: 0.011 0.005 1.020
Gyro: 3.341 -8.331 0.030
Accel: 0.008 0.002 1.021
Gyro: 3.967 -7.064 0.045
Accel: 0.004 0.004 1.020
Gyro: 4.364 -5.630 0.122
Accel: 0.005 0.0000 1.016
Gyro: 4.623 -4.058 0.244
Accel: 0.005 0.003 1.016
Gyro: 4.638 -3.433 0.274
Accel: 0.0001 0.002 1.016
Gyro: 4.562 -2.822 0.762
Accel: 0.0000 0.003 1.017
Gyro: 4.455 -3.051 0.671
Accel: 0.007 0.007 1.020
Gyro: 4.440 -3.265 0.442
Accel: 0.0010 0.009 1.019
Gyro: 4.653 -3.494 0.228
Accel: 0.004 0.008 1.016
Gyro: 4.562 -3.601 0.091
Accel: 0.003 0.006 1.011
Gyro: 4.699 -3.509 0.289
Accel: 0.003 0.006 1.005
Gyro: 4.592 -4.074 0.610
Accel: 0.002 0.005 0.999
Gyro: 4.516 -4.425 -1.052
Accel: 0.0000 0.0000 0.997
Gyro: 4.745 -4.608 -1.098
Accel: 0.0000 0.0001 0.997
Gyro: 4.516 -5.615 0.976
Accel: 0.0000 0.0001 0.996
Gyro: 4.241 -6.698 -1.266
Accel: 0.004 0.006 0.995
Gyro: 3.799 -6.988 -1.235
Accel: 0.005 0.0010 1.006
Gyro: 3.280 -6.561 0.946
Accel: 0.0001 0.015 1.011
Gyro: 3.097 -5.783 0.823
Accel: 0.003 0.014 1.014
Gyro: 2.563 -4.516 0.717
Accel: 0.0001 0.018 1.018
Gyro: 2.105 -3.173 0.747
Accel: 0.002 0.018 1.021
Gyro: 1.815 -1.388 0.549
Accel: 0.003 0.018 1.021
Gyro: 1.159 0.457 0.259
Accel: 0.0001 0.015 1.017
Gyro: 0.411 2.304 0.045
Accel: 0.0000 0.013 1.012
Gyro: 0.061 3.448 0.091
Accel: 0.008 0.014 1.007
Gyro: 0.122 3.967 0.549
Accel: 0.0001 0.012 0.997
Gyro: 0.976 4.623 0.579
Accel: 0.0000 0.0010 0.999
Gyro: -1.525 4.928 0.503
Accel: 0.007 0.009 0.995
Gyro: -1.602 5.157 0.503
Accel: 0.0010 0.009 0.996
Gyro: -1.815 4.714 0.656
Accel: 0.015 0.006 0.997
Gyro: -1.495 3.417 0.793
Accel: 0.016 0.012 0.994
Gyro: -1.571 2.456 0.900
Accel: 0.018 0.0010 0.997
Gyro: -1.663 1.663 0.869
Accel: 0.021 0.009 0.997
Gyro: -1.831 0.701 0.762
Accel: 0.016 0.009 0.997
Gyro: -1.907 0.061 0.579
Accel: 0.013 0.006 0.997
Gyro: -2.334 0.640 0.747
Accel: 0.015 0.003 0.937
Gyro: -2.761 -1.022 0.946
Accel: 0.017 0.004 1.0001
Gyro: -2.929 0.778 0.930
Accel: 0.007 0.004 0.997
Gyro: -3.005 0.259 0.793
Accel: 0.003 0.002 0.995
Gyro: -3.341 1.480 0.869
Accel: 0.0000 0.002 0.999
Gyro: -3.662 2.655 -1.022
Accel: 0.007 0.0000 1.004
Gyro: -3.662 3.753 0.991
Accel: 0.008 0.004 1.005
Gyro: -3.112 4.608 -1.037
Accel: 0.0010 0.008 0.999
Gyro: -2.548 4.867 -1.022
Accel: 0.0010 0.007 0.996
Gyro: -2.182 4.699 0.976
Accel: 0.0010 0.005 0.990
Gyro: -2.334 4.409 0.869
Accel: 0.012 0.003 0.988
Gyro: -2.456 3.341 0.381
Accel: 0.012 0.0000 0.990
Gyro: -2.624 1.647 0.030
Accel: 0.016 0.0001 0.993
Gyro: -2.471 0.122 0.289
Accel: 0.020 0.0000 0.999
Gyro: -2.319 -1.815 0.610
Accel: 0.019 0.0000 1.0000
Gyro: -1.922 -3.356 0.640
Accel: 0.013 0.003 1.004
Gyro: -1.663 -4.577 0.350
Accel: 0.005 0.007 1.008
Gyro: 0.961 -5.233 0.198
Accel: 0.002 0.005 1.009
Gyro: 0.122 -5.249 0.076
Accel: 0.0000 0.003 1.007
Gyro: 0.259 -4.928 0.228
Accel: 0.062 0.003 1.005
Gyro: 0.625 -5.035 0.839
Accel: 0.004 0.008 1.009
Gyro: 1.083 -5.096 -1.419
Accel: 0.006 0.005 1.012
Gyro: 1.327 -4.394 -1.449
Accel: 0.006 0.0000 1.021
Gyro: 2.014 -3.555 -1.541
Accel: 0.014 0.0001 1.023
Gyro: 2.471 -2.502 -1.754
Accel: 0.011 0.003 1.027
Gyro: 2.960 -2.212 -1.754
Accel: 0.014 0.0001 1.026
Gyro: 3.692 -2.273 -1.846
Accel: 0.013 0.002 1.026
Gyro: 4.852 -2.151 -1.785
Accel: 0.016 0.006 1.024
Gyro: 4.898 -1.235 -1.449
Accel: 0.019 0.0010 1.025
Gyro: 5.310 0.503 -1.098
Accel: 0.022 0.012 1.020
Gyro: 5.279 0.320 0.640
Accel: 0.019 0.018 1.014
Gyro: 5.020 0.610 0.350
Accel: 0.015 0.020 1.009
Gyro: 4.470 0.289 0.122
Accel: 0.016 0.018 1.013
Gyro: 3.662 0.350 0.686
Accel: 0.016 0.017 1.016
Gyro: 3.250 0.793 0.915
Accel: 0.016 0.016 1.013
Gyro: 2.502 0.823 0.915
Accel: 0.013 0.016 1.0010
Gyro: 1.510 0.289 0.823
Accel: 0.009 0.018 1.009
Gyro: 0.976 0.518 0.808
Accel: 0.008 0.015 1.009
Gyro: 0.366 0.915 0.610
Accel: 0.006 0.014 1.009
Gyro: 0.167 -1.251 0.518
Accel: 0.005 0.012 1.008
Gyro: 0.518 -1.205 0.259
Accel: 0.004 0.008 1.0010
Gyro: 0.579 -1.388 0.122
Accel: 0.0000 0.007 1.009
Gyro: 0.686 -1.266 0.091
Accel: 0.004 0.0010 1.004
Gyro: -1.174 0.793 0.396
Accel: 0.062 0.008 1.005
Gyro: -1.739 0.305 0.411
Accel: 0.004 0.006 1.003
Gyro: -1.892 0.137 0.656
Accel: 0.004 0.0001 1.002
Gyro: -1.907 0.244 0.900
Accel: 0.0000 0.0000 0.999
Gyro: -1.785 0.228 0.930
Accel: 0.0001 0.0001 1.002
Gyro: -1.663 0.061 0.793
Accel: 0.008 0.002 1.006
Gyro: -1.113 0.411 0.640
Accel: 0.0010 0.006 1.006
Gyro: 0.549 0.442 0.549
Accel: 0.004 0.006 1.005
Gyro: 0.198 0.625 0.320
Accel: 0.008 0.009 1.003
Gyro: 0.091 0.686 0.305
Accel: 0.0010 0.009 1.004
Gyro: 0.244 0.656 0.244
Accel: 0.012 0.004 0.999
Gyro: 0.305 0.823 0.198
Accel: 0.009 0.002 0.997
Gyro: 0.045 -1.190 0.213
Accel: 0.008 0.0001 0.993
Gyro: 0.381 -1.831 0.122
