Accel: 0.014 0.0001 1.002
Gyro: 0.686 0.686 0.549
Accel: 0.014 0.0000 1.002
Gyro: 0.350 -1.037 0.488
Accel: 0.016 0.0001 1.005
Gyro: 0.213 -1.617 0.411
Accel: 0.015 0.002 1.0010
Gyro: 0.045 -2.059 0.381
Accel: 0.013 0.0001 1.0010
Gyro: 0.656 -2.532 0.457
Accel: 0.013 0.0001 1.012
Gyro: 1.266 -2.944 0.640
Accel: 0.012 0.0000 1.011
Gyro: 1.953 -3.417 0.686
Accel: 0.0010 0.0001 1.006
Gyro: 2.578 -3.265 0.762
Accel: 0.009 0.0001 1.004
Gyro: 3.021 -3.143 0.701
Accel: 0.007 0.0001 1.0001
Gyro: 3.173 -3.082 0.671
Accel: 0.008 0.0001 1.062
Gyro: 3.311 -2.624 0.640
Accel: 0.008 0.0001 1.003
Gyro: 3.509 -2.319 0.564
Accel: 0.008 0.005 1.005
Gyro: 3.784 -1.892 0.717
Accel: 0.007 0.005 1.007
Gyro: 3.829 -1.449 0.823
Accel: 0.009 0.003 1.006
Gyro: 3.784 -1.144 0.915
Accel: 0.0010 0.002 1.005
Gyro: 3.616 0.915 0.915
Accel: 0.014 0.003 1.002
Gyro: 3.433 0.869 0.961
Accel: 0.015 0.004 1.0000
Gyro: 3.112 0.793 0.823
Accel: 0.014 0.002 0.999
Gyro: 2.792 0.762 0.762
Accel: 0.012 0.003 0.999
Gyro: 2.639 0.823 0.640
Accel: 0.012 0.004 1.004
Gyro: 2.655 -1.068 0.518
Accel: 0.0010 0.008 1.007
Gyro: 2.532 -1.281 0.259
Accel: 0.009 0.006 1.012
Gyro: 2.365 -1.739 0.274
Accel: 0.0010 0.006 1.014
Gyro: 2.349 -2.349 0.137
Accel: 0.009 0.003 1.017
Gyro: 2.288 -2.731 0.015
Accel: 0.006 0.003 1.015
Gyro: 2.258 -3.219 0.015
Accel: 0.004 0.003 1.015
Gyro: 2.029 -3.616 0.091
Accel: 0.003 0.002 1.014
Gyro: 1.998 -3.967 0.213
Accel: 0.0000 0.002 1.017
Gyro: 1.815 -4.150 0.335
Accel: 0.002 0.005 1.017
Gyro: 1.678 -4.287 0.381
Accel: 0.004 0.007 1.018
Gyro: 1.373 -4.470 0.320
Accel: 0.005 0.007 1.018
Gyro: 1.144 -4.364 0.167
Accel: 0.007 0.007 1.020
Gyro: 0.991 -4.257 0.091
Accel: 0.006 0.0010 1.019
Gyro: 0.473 -4.013 0.076
Accel: 0.007 0.0010 1.018
Gyro: 0.274 -3.540 0.076
Accel: 0.008 0.011 1.015
Gyro: 0.091 -2.960 0.015
Accel: 0.008 0.012 1.013
Gyro: 0.152 -2.197 0.076
Accel: 0.0010 0.014 1.014
Gyro: 0.335 -1.617 0.106
Accel: 0.007 0.014 1.012
Gyro: 0.595 -1.037 0.320
Accel: 0.008 0.017 1.014
Gyro: 0.701 0.488 0.396
Accel: 0.0010 0.018 1.012
Gyro: 0.747 0.259 0.488
Accel: 0.009 0.017 1.009
Gyro: 0.701 0.640 0.518
Accel: 0.007 0.017 1.006
Gyro: -1.037 1.022 0.747
Accel: 0.009 0.014 1.011
Gyro: 0.915 1.159 0.762
Accel: 0.007 0.015 1.011
Gyro: 0.640 1.190 0.808
Accel: 0.004 0.016 1.011
Gyro: 0.442 1.159 0.976
Accel: 0.0001 0.018 1.011
Gyro: 0.244 0.946 1.251
Accel: 0.0000 0.015 1.009
Gyro: 0.320 0.808 1.480
Accel: 0.0001 0.015 1.008
Gyro: 0.167 0.366 1.708
Accel: 0.002 0.013 1.007
Gyro: 0.305 0.106 1.846
Accel: 0.0001 0.012 1.007
Gyro: 0.335 0.411 1.907
Accel: 0.061 0.009 1.008
Gyro: 0.320 0.747 1.983
Accel: 0.0000 0.012 1.007
Gyro: 0.396 -1.068 1.861
Accel: 0.0001 0.012 1.008
Gyro: 0.381 -1.373 1.815
Accel: 0.0001 0.011 1.009
Gyro: 0.274 -1.586 1.647
Accel: 0.003 0.0010 1.0010
Gyro: 0.259 -1.647 1.586
Accel: 0.003 0.013 1.015
Gyro: 0.305 -1.617 1.586
Accel: 0.002 0.014 1.018
Gyro: 0.335 -1.510 1.602
Accel: 0.061 0.015 1.016
Gyro: 0.213 -1.129 1.434
Accel: 0.0000 0.013 1.015
Gyro: 0.091 0.579 1.266
Accel: 0.0000 0.009 1.014
Gyro: 0.213 0.045 0.946
Accel: 0.004 0.007 1.015
Gyro: 0.427 0.564 0.762
Accel: 0.0001 0.0010 1.014
Gyro: 0.457 0.732 0.778
Accel: 0.003 0.015 1.011
Gyro: 0.473 1.144 0.808
Accel: 0.003 0.015 1.011
Gyro: 0.411 1.464 0.839
Accel: 0.0000 0.014 1.013
Gyro: 0.411 1.861 0.701
Accel: 0.0000 0.009 1.013
Gyro: 0.473 2.120 0.564
Accel: 0.0000 0.007 1.013
Gyro: 0.381 2.212 0.411
Accel: 0.006 0.008 1.0010
Gyro: 0.305 2.243 0.244
Accel: 0.005 0.0010 1.009
Gyro: 0.137 2.334 0.030
Accel: 0.008 0.009 1.009
Gyro: 0.076 2.456 0.411
Accel: 0.009 0.011 1.013
Gyro: 0.305 2.426 0.732
Accel: 0.012 0.0010 1.020
Gyro: 0.534 2.090 0.854
Accel: 0.011 0.013 1.024
Gyro: 0.656 1.312 0.946
Accel: 0.0010 0.012 1.029
Gyro: 0.534 0.518 -1.235
Accel: 0.011 0.008 1.030
Gyro: 0.015 0.350 -1.434
Accel: 0.007 0.009 1.024
Gyro: 0.640 -1.220 -1.602
Accel: 0.003 0.0010 1.017
Gyro: 1.022 -1.800 -1.663
Accel: 0.0000 0.006 1.007
Gyro: 1.495 -2.532 -1.693
Accel: 0.004 0.006 1.004
Gyro: 1.556 -2.914 -1.525
Accel: 0.006 0.009 1.006
Gyro: 1.739 -2.868 -1.525
Accel: 0.005 0.013 1.013
Gyro: 1.953 -2.731 -1.556
Accel: 0.005 0.014 1.014
Gyro: 2.609 -2.365 -1.495
Accel: 0.008 0.015 1.015
Gyro: 3.051 -1.586 -1.434
Accel: 0.007 0.011 1.0010
Gyro: 3.250 0.534 -1.586
Accel: 0.005 0.011 1.005
Gyro: 3.128 0.320 -1.708
Accel: 0.002 0.009 1.061
Gyro: 2.593 1.266 -1.861
Accel: 0.0000 0.0010 0.993
Gyro: 1.892 2.029 -2.014
Accel: 0.062 0.012 0.989
Gyro: 1.235 2.899 -2.243
Accel: 0.0000 0.015 0.988
Gyro: 0.534 3.341 -2.380
Accel: 0.0000 0.018 0.983
Gyro: 0.061 3.936 -2.517
Accel: 0.004 0.021 0.977
Gyro: -1.007 4.028 -2.395
Accel: 0.013 0.024 0.964
Gyro: -2.014 4.226 -2.136
Accel: 0.023 0.024 0.948
Gyro: -3.005 4.333 -1.754
Accel: 0.033 0.019 0.935
Gyro: -4.226 4.409 -1.235
Accel: 0.044 0.016 0.922
Gyro: -5.538 4.302 0.610
Accel: 0.051 0.021 0.908
Gyro: -6.988 3.829 0.167
Accel: 0.059 0.030 0.891
Gyro: -8.544 2.761 0.854
Accel: 0.058 0.037 0.875
Gyro: -9.368 1.495 1.663
Accel: 0.056 0.033 0.863
Gyro: -9.033 0.137 2.441
Accel: 0.061 0.035 0.841
Gyro: -8.026 0.991 3.982
Accel: 0.055 0.065 0.810
Gyro: -6.195 -2.029 4.180
Accel: 0.054 0.087 0.777
Gyro: -3.082 -2.899 3.021
Accel: 0.124 0.101 0.742
Gyro: 2.883 -3.356 0.900
Accel: 0.077 0.101 0.653
Gyro: 10.681 -2.532 -2.136
Accel: 0.124 0.132 0.528
Gyro: 20.324 0.396 -3.738
Accel: 0.048 0.098 0.366
Gyro: 27.847 3.875 -7.949
Accel: 0.057 0.032 0.133
Gyro: 36.666 11.611 -9.979
Accel: 0.059 0.045 0.101
Gyro: 49.468 12.390 -3.997
Accel: 0.026 0.074 0.038
Gyro: 56.777 15.731 -6.027
Accel: 0.008 0.029 0.020
Gyro: 63.491 18.493 -5.676
Accel: 0.056 0.023 0.016
Gyro: 68.145 21.453 -6.286
Accel: 0.013 0.017 0.007
Gyro: 71.395 24.047 -7.247
Accel: 0.002 0.018 0.034
Gyro: 73.715 26.779 -8.071
Accel: 0.005 0.017 0.026
Gyro: 75.729 29.495 -8.712
Accel: 0.005 0.013 0.039
Gyro: 76.553 31.784 -9.460
Accel: 0.004 0.014 0.032
Gyro: 77.087 34.332 -9.979
Accel: 0.006 0.013 0.032
Gyro: 77.026 36.468 -10.513
Accel: 0.004 0.012 0.037
Gyro: 76.736 42.846 -10.925
Accel: 0.006 0.0010 0.038
Gyro: 76.248 41.061 -11.291
Accel: 0.005 0.008 0.042
Gyro: 75.653 43.167 -11.581
Accel: 0.007 0.008 0.044
Gyro: 74.554 45.120 -11.734
Accel: 0.006 0.005 0.041
Gyro: 73.440 46.890 -11.856
Accel: 0.0000 0.003 0.052
Gyro: 72.235 48.538 -12.115
Accel: 0.006 0.003 0.053
Gyro: 70.648 49.774 -12.237
Accel: 0.007 0.003 0.049
Gyro: 69.122 51.437 -12.466
Accel: 0.008 0.006 0.052
Gyro: 67.474 52.841 -12.619
Accel: 0.007 0.004 0.053
Gyro: 65.902 54.046 -12.908
Accel: 0.006 0.005 0.056
Gyro: 64.346 55.252 -13.031
Accel: 0.006 0.007 0.057
Gyro: 63.156 56.198 -13.076
Accel: 0.007 0.008 0.058
Gyro: 62.164 56.961 -13.0000
Accel: 0.006 0.008 0.062
Gyro: 61.477 57.785 -12.786
Accel: 0.006 0.007 0.064
Gyro: 61.080 58.380 -12.496
Accel: 0.006 0.005 0.065
Gyro: 60.348 59.020 -12.130
Accel: 0.005 0.007 0.067
Gyro: 59.112 59.646 -11.886
Accel: 0.005 0.006 0.070
Gyro: 57.540 60.226 -11.779
Accel: 0.007 0.009 0.075
Gyro: 56.091 60.577 -11.230
Accel: 0.061 0.056 0.103
Gyro: 55.450 61.523 -9.155
Accel: 0.054 0.008 0.0100
Gyro: 53.192 61.080 -16.708
Accel: -2.142 2.433 3.048
Gyro: -371.505 -335.784 -19.958
Accel: 0.377 0.451 2.490
Gyro: -499.969 -499.969 -16.296
Accel: 0.750 0.350 1.943
Gyro: -499.969 -445.281 -20.950
Accel: -5.808 0.430 5.755
Gyro: -274.047 147.857 33.889
Accel: 0.135 0.375 0.236
Gyro: -178.375 46.844 45.532
Accel: 0.180 0.246 0.898
Gyro: -206.939 -17.135 45.303
Accel: 0.004 0.158 1.005
Gyro: -203.414 -31.829 51.071
Accel: -1.002 0.077 0.547
Gyro: -131.088 -164.398 79.223
Accel: 0.684 0.306 0.254
Gyro: -78.796 -231.887 88.989
Accel: 0.512 0.655 5.475
Gyro: 56.442 -45.394 80.886
Accel: 0.096 0.509 2.087
Gyro: 232.467 36.392 65.063
Accel: 0.138 0.426 1.726
Gyro: 157.684 -17.761 58.135
Accel: 0.237 0.128 1.767
Gyro: 47.256 -73.745 45.211
Accel: 0.116 0.038 1.704
Gyro: -15.747 -41.534 30.349
Accel: 0.031 0.050 1.073
Gyro: -60.119 -28.640 22.430
Accel: 0.081 0.198 0.878
Gyro: -92.269 -32.699 18.280
Accel: 0.087 0.319 1.115
Gyro: -102.401 -21.835 14.190
Accel: 0.189 0.410 1.230
Gyro: -92.453 1.480 8.224
Accel: 0.193 0.384 1.214
Gyro: -62.805 17.959 -4.455
Accel: 0.148 0.404 1.217
Gyro: -26.306 24.688 -18.203
Accel: 0.029 0.437 1.177
Gyro: 7.263 19.821 -22.140
Accel: 0.079 0.377 1.123
Gyro: 28.976 18.096 -13.992
Accel: 0.092 0.366 1.080
Gyro: 29.693 16.174 0.030
Accel: 0.099 0.178 0.992
Gyro: 20.767 6.149 8.346
Accel: 0.0000 0.031 0.893
Gyro: 8.255 -6.164 7.598
Accel: 0.024 0.082 0.911
Gyro: -6.576 -14.526 4.043
Accel: 0.027 0.183 0.965
Gyro: -19.683 -15.441 1.556
Accel: 0.045 0.247 0.987
Gyro: -27.145 -13.229 0.701
Accel: 0.019 0.263 0.986
Gyro: -27.252 -11.932 0.503
Accel: 0.013 0.268 1.0000
Gyro: -20.568 -10.681 -1.510
Accel: 0.021 0.279 0.939
Gyro: -9.918 -7.339 -1.892
Accel: 0.021 0.308 0.986
Gyro: 0.091 -3.738 -1.235
Accel: 0.009 0.295 0.963
Gyro: 6.210 -1.586 0.152
Accel: 0.021 0.232 0.950
Gyro: 7.888 0.717 0.625
Accel: 0.034 0.170 0.930
Gyro: 5.233 0.915 0.167
Accel: 0.030 0.133 0.908
Gyro: 0.427 -1.144 -1.281
Accel: 0.019 0.126 0.902
Gyro: -4.638 0.900 -3.952
Accel: 0.013 0.141 0.907
Gyro: -9.750 0.518 -6.774
Accel: 0.008 0.156 0.910
Gyro: -12.161 0.854 -8.758
Accel: 0.0010 0.173 0.914
Gyro: -11.154 -1.373 -9.979
Accel: 0.013 0.191 0.931
Gyro: -6.134 -1.281 -10.147
Accel: 0.021 0.204 0.950
Gyro: 2.288 0.488 -9.429
Accel: 0.033 0.220 0.947
Gyro: 11.337 1.068 -8.300
Accel: 0.036 0.227 0.930
Gyro: 16.998 2.136 -7.171
Accel: 0.034 0.215 0.925
Gyro: 20.339 1.846 -5.737
Accel: 0.025 0.194 0.933
Gyro: 21.545 0.885 -3.402
Accel: 0.016 0.171 0.940
Gyro: 21.041 -4.272 0.473
Accel: 0.013 0.153 0.947
Gyro: 18.707 -7.751 2.395
Accel: 0.016 0.141 0.953
Gyro: 15.197 -10.559 4.348
Accel: 0.016 0.141 0.955
Gyro: 12.039 -11.322 5.249
Accel: 0.025 0.149 0.950
Gyro: 9.155 -10.009 4.577
Accel: 0.037 0.163 0.956
Gyro: 7.507 -7.720 3.280
Accel: 0.039 0.175 0.972
Gyro: 8.956 -5.340 2.807
Accel: 0.042 0.193 0.982
Gyro: 11.871 -2.914 3.128
Accel: 0.043 0.197 0.987
Gyro: 14.343 -1.342 3.662
Accel: 0.038 0.185 0.991
Gyro: 15.243 0.579 3.753
Accel: 0.031 0.167 0.987
Gyro: 13.519 0.152 3.585
Accel: 0.022 0.152 0.983
Gyro: 10.299 0.579 3.417
Accel: 0.020 0.145 0.979
Gyro: 5.401 1.098 2.670
Accel: 0.021 0.153 0.974
Gyro: -3.646 1.739 1.754
Accel: 0.022 0.173 0.973
Gyro: -3.585 2.609 1.373
Accel: 0.026 0.193 0.984
Gyro: -5.233 3.753 1.296
Accel: 0.029 0.216 0.997
Gyro: -3.967 5.371 1.510
Accel: 0.027 0.228 1.002
Gyro: -1.022 7.156 2.105
Accel: 0.027 0.232 1.004
Gyro: 2.090 7.980 2.502
Accel: 0.016 0.228 1.0000
Gyro: 4.119 8.346 3.173
Accel: 0.014 0.221 0.993
Gyro: 4.776 8.026 3.616
Accel: 0.006 0.212 0.987
Gyro: 3.692 7.263 3.662
Accel: 0.005 0.208 0.992
Gyro: 2.517 6.149 3.219
Accel: 0.004 0.214 0.997
Gyro: 2.365 5.218 2.990
Accel: 0.0001 0.218 0.991
Gyro: 3.097 4.684 3.082
Accel: 0.003 0.218 0.978
Gyro: 3.479 4.623 2.960
Accel: 0.003 0.216 0.977
Gyro: 3.204 4.653 2.685
Accel: 0.011 0.214 1.0001
Gyro: 3.952 4.684 1.586
Accel: 0.0010 0.230 0.938
Gyro: 3.356 3.326 3.067
Accel: 0.091 0.229 1.053
Gyro: 0.991 0.503 7.629
Accel: 0.026 0.184 1.020
Gyro: 1.007 -4.104 6.820
Accel: 0.038 0.203 1.075
Gyro: 4.776 -4.943 7.049
Accel: 0.029 0.230 1.024
Gyro: 9.094 -5.371 6.881
Accel: 0.019 0.227 0.995
Gyro: 10.620 -7.232 5.615
Accel: 0.014 0.235 1.0001
Gyro: 12.344 -8.728 5.218
Accel: 0.015 0.190 1.013
Gyro: 15.899 -9.429 3.967
Accel: 0.025 0.217 1.026
Gyro: 20.919 -7.965 1.327
Accel: 0.042 0.235 0.995
Gyro: 24.734 -3.829 -2.288
Accel: 0.046 0.177 1.039
Gyro: 29.388 0.534 -4.318
Accel: 0.073 0.231 1.020
Gyro: 35.003 3.204 -5.584
Accel: 0.066 0.228 1.035
Gyro: 42.831 7.003 -5.401
Accel: 0.040 0.208 1.028
Gyro: 50.460 10.238 -3.509
Accel: 0.041 0.126 1.045
Gyro: 58.563 11.428 2.532
Accel: 0.013 0.141 0.921
Gyro: 50.323 14.465 5.310
Accel: 0.060 0.079 0.904
Gyro: 42.160 16.265 2.456
Accel: 0.058 0.065 0.927
Gyro: 34.713 17.272 0.320
Accel: 0.124 0.085 0.953
Gyro: 30.258 18.005 -2.166
Accel: 0.087 0.134 0.989
Gyro: 26.672 17.211 -6.484
Accel: 0.009 0.029 0.949
Gyro: 22.308 16.128 -3.280
Accel: 0.029 0.088 1.004
Gyro: 20.401 13.946 -1.525
Accel: 0.004 0.135 0.985
Gyro: 21.102 11.978 1.800
Accel: 0.037 0.094 0.954
Gyro: 20.889 12.222 5.828
Accel: 0.039 0.057 0.905
Gyro: 17.257 11.932 7.843
Accel: 0.022 0.014 0.897
Gyro: 11.810 10.482 8.163
Accel: 0.018 0.005 0.966
Gyro: 6.881 9.277 7.934
Accel: 0.026 0.052 1.015
Gyro: 3.311 6.408 7.751
Accel: 0.066 0.061 1.026
Gyro: 2.868 3.128 8.621
Accel: 0.056 0.067 1.055
Gyro: 3.707 -2.761 7.888
Accel: 0.059 0.076 1.050
Gyro: 4.379 -8.911 7.614
Accel: 0.049 0.048 1.044
Gyro: 2.838 -12.298 6.286
Accel: 0.058 0.012 1.045
Gyro: 0.198 -13.763 2.960
Accel: 0.015 0.006 1.055
Gyro: -5.508 -14.144 0.137
Accel: 0.034 0.027 1.084
Gyro: -10.711 -14.831 -1.892
Accel: 0.036 0.047 1.106
Gyro: -14.465 -17.074 -2.349
Accel: 0.009 0.089 1.153
Gyro: -13.839 -20.477 -1.266
Accel: 0.048 0.132 1.204
Gyro: -9.735 -24.047 2.166
Accel: 0.066 0.145 1.190
Gyro: 0.244 -25.405 4.577
Accel: 0.053 0.141 1.167
Gyro: 0.228 -26.107 4.638
Accel: 0.014 0.063 1.154
Gyro: 0.762 -27.786 4.806
Accel: 0.003 0.107 1.139
Gyro: 0.808 -27.069 4.409
Accel: 0.019 0.110 1.096
Gyro: 0.183 -23.468 3.723
Accel: 0.033 0.105 1.078
Gyro: 0.183 -19.836 2.899
Accel: 0.026 0.102 1.060
Gyro: 0.167 -16.708 3.112
Accel: 0.013 0.107 1.056
Gyro: 2.578 -13.854 4.486
Accel: 0.022 0.117 1.022
Gyro: 5.477 -9.735 5.203
Accel: 0.029 0.086 1.039
Gyro: 5.310 -4.989 5.203
Accel: 0.035 0.086 1.046
Gyro: 3.784 -1.266 4.531
Accel: 0.024 0.087 1.039
Gyro: 2.349 1.937 3.433
Accel: 0.022 0.077 1.035
Gyro: 2.197 3.570 2.380
Accel: 0.033 0.082 1.017
Gyro: 2.288 3.707 1.235
Accel: 0.023 0.093 1.009
Gyro: 3.402 2.288 0.839
Accel: 0.021 0.085 1.015
Gyro: 5.966 0.869 1.113
Accel: 0.033 0.094 1.021
Gyro: 8.392 0.640 1.480
Accel: 0.038 0.097 1.011
Gyro: 10.406 0.411 1.693
Accel: 0.033 0.102 1.0000
Gyro: 12.252 0.976 1.373
Accel: 0.017 0.093 1.018
Gyro: 15.029 1.541 0.259
Accel: 0.005 0.085 0.998
Gyro: 17.486 7.751 -1.083
Accel: 0.024 0.084 0.985
Gyro: 18.722 13.031 -2.944
Accel: 0.026 0.088 0.978
Gyro: 19.241 16.036 -3.234
Accel: 0.025 0.091 0.981
Gyro: 19.454 11.749 -2.243
Accel: 0.021 0.072 0.982
Gyro: 18.051 14.068 -1.663
Accel: 0.029 0.064 0.972
Gyro: 15.350 10.848 -1.220
Accel: 0.031 0.076 0.968
Gyro: 13.885 9.536 0.701
Accel: 0.044 0.073 0.951
Gyro: 12.420 11.383 0.061
Accel: 0.059 0.085 0.939
Gyro: 10.055 13.031 0.961
Accel: 0.056 0.073 0.941
Gyro: 6.088 13.519 2.883
Accel: 0.042 0.057 0.936
Gyro: 2.639 14.404 4.379
Accel: 0.014 0.042 0.921
Gyro: 0.305 14.404 5.233
Accel: 0.017 0.039 0.922
Gyro: -1.907 12.557 5.172
Accel: 0.044 0.040 0.924
Gyro: -2.593 9.857 4.409
Accel: 0.049 0.041 0.938
Gyro: -3.784 6.118 2.761
Accel: 0.051 0.049 0.953
Gyro: -4.516 3.936 0.869
Accel: 0.043 0.053 0.972
Gyro: -4.882 3.311 0.595
Accel: 0.035 0.048 0.987
Gyro: -4.302 5.355 -1.129
Accel: 0.032 0.047 1.0001
Gyro: -4.165 8.285 -1.068
Accel: 0.030 0.047 1.011
Gyro: -3.463 10.833 0.610
Accel: 0.029 0.052 1.012
Gyro: -2.197 12.802 0.213
Accel: 0.022 0.056 1.025
Gyro: 0.946 13.458 1.403
Accel: 0.018 0.061 1.032
Gyro: 0.213 12.710 2.273
Accel: 0.009 0.074 1.111
Gyro: 0.473 14.328 2.792
Accel: 0.014 0.088 1.062
Gyro: 0.991 17.501 3.265
Accel: 0.0001 0.089 1.118
Gyro: 1.739 20.233 3.372
Accel: 0.014 0.084 1.054
Gyro: 1.678 20.996 3.463
Accel: 0.048 0.086 1.030
Gyro: 1.770 19.439 4.257
Accel: 0.087 0.097 1.030
Gyro: 2.502 14.358 4.852
Accel: 0.092 0.089 0.993
Gyro: 3.051 9.048 4.730
Accel: 0.094 0.077 0.990
Gyro: 3.234 4.898 4.272
Accel: 0.097 0.063 0.992
Gyro: 4.196 1.922 4.455
Accel: 0.091 0.045 0.988
Gyro: 4.837 0.137 4.699
Accel: 0.080 0.033 0.984
Gyro: 4.821 0.885 5.020
Accel: 0.076 0.023 0.983
Gyro: 4.455 0.732 5.599
Accel: 0.067 0.022 0.986
Gyro: 4.470 0.671 6.179
Accel: 0.068 0.029 0.993
Gyro: 4.989 -1.419 7.095
Accel: 0.062 0.029 1.0000
Gyro: 6.149 -2.838 7.965
Accel: 0.055 0.030 1.005
Gyro: 7.278 -3.067 8.407
Accel: 0.040 0.035 1.006
Gyro: 7.598 -1.342 8.041
Accel: 0.025 0.041 1.006
Gyro: 7.507 1.510 7.125
Accel: 0.014 0.048 1.009
Gyro: 7.537 5.111 6.164
Accel: 0.002 0.058 1.011
Gyro: 7.385 8.682 5.126
Accel: 0.005 0.064 0.995
Gyro: 6.439 11.337 3.692
Accel: 0.004 0.066 0.983
Gyro: 5.508 11.871 2.380
Accel: 0.008 0.062 0.968
Gyro: 4.516 9.979 1.251
Accel: 0.013 0.055 0.959
Gyro: 3.616 6.423 0.274
Accel: 0.026 0.055 0.946
Gyro: 2.853 2.029 -2.212
Accel: 0.034 0.050 0.937
Gyro: 1.815 -4.013 -3.967
Accel: 0.033 0.043 0.945
Gyro: 1.312 -10.742 -6.271
Accel: 0.037 0.037 0.956
Gyro: 1.693 -17.150 -7.949
Accel: 0.024 0.040 0.956
Gyro: 1.434 -22.354 -9.963
Accel: 0.011 0.039 0.953
Gyro: 0.869 -25.787 -11.947
Accel: 0.023 0.043 0.960
Gyro: 0.625 -28.121 -12.817
Accel: 0.007 0.035 0.963
Gyro: 0.701 -29.876 -14.038
Accel: 0.0000 0.040 0.981
Gyro: 1.449 -30.242 -13.717
Accel: 0.0001 0.041 0.984
Gyro: 2.609 -29.830 -12.527
Accel: 0.024 0.029 0.990
Gyro: 1.739 -28.076 -12.466
Accel: 0.014 0.031 1.009
Gyro: 0.595 -24.810 -10.940
Accel: 0.031 0.023 1.017
Gyro: 0.457 -19.958 -10.604
Accel: 0.021 0.028 1.029
Gyro: -2.105 -13.320 -10.223
Accel: 0.024 0.034 1.028
Gyro: -3.585 -6.820 -10.086
Accel: 0.016 0.041 1.032
Gyro: -4.913 -1.586 -9.613
Accel: 0.0010 0.045 1.032
Gyro: -5.661 2.212 -8.834
Accel: 0.0000 0.049 1.026
Gyro: -5.950 4.333 -7.736
Accel: 0.003 0.046 1.020
Gyro: -5.828 5.981 -6.744
Accel: 0.008 0.043 1.012
Gyro: -5.752 6.866 -5.645
Accel: 0.0010 0.042 1.008
Gyro: -4.898 6.927 -4.669
Accel: 0.017 0.044 1.006
Gyro: -3.845 6.332 -3.890
Accel: 0.031 0.050 1.007
Gyro: -2.441 4.196 -3.662
Accel: 0.040 0.058 1.006
Gyro: -1.144 0.305 0.045
Accel: 0.054 0.079 1.007
Gyro: 0.198 -5.020 0.030
Accel: 0.044 0.097 1.006
Gyro: 2.960 -9.567 -3.067
Accel: 0.042 0.093 1.004
Gyro: 6.027 -13.107 -1.449
Accel: 0.035 0.085 1.059
Gyro: 9.994 -14.251 0.183
Accel: 0.035 0.061 1.003
Gyro: 11.062 -14.511 0.396
Accel: 0.036 0.050 1.012
Gyro: 11.505 -13.381 0.717
Accel: 0.025 0.043 1.011
Gyro: 11.352 -11.596 0.045
Accel: 0.028 0.045 1.007
Gyro: 10.620 -9.674 0.823
Accel: 0.023 0.048 1.008
Gyro: 10.086 -8.621 -1.678
Accel: 0.016 0.046 1.020
Gyro: 9.826 -8.895 -2.502
Accel: 0.019 0.044 1.020
Gyro: 10.589 -10.330 -2.471
Accel: 0.0001 0.053 1.015
Gyro: 12.161 -11.657 -1.617
Accel: 0.020 0.051 1.004
Gyro: 14.556 -11.993 0.289
Accel: 0.031 0.037 1.014
Gyro: 15.060 -11.688 0.595
Accel: 0.024 0.018 1.029
Gyro: 13.427 -11.795 1.251
Accel: 0.019 0.0001 1.043
Gyro: 10.086 -11.840 0.946
Accel: 0.0010 0.0001 1.037
Gyro: 5.889 -11.245 -3.860
Accel: 0.002 0.002 1.030
Gyro: 2.685 -9.857 -1.098
Accel: 0.005 0.0001 1.015
Gyro: 1.251 -7.354 -2.273
Accel: 0.014 0.0000 0.998
Gyro: 1.220 -3.799 -3.479
Accel: 0.017 0.0010 0.996
Gyro: 1.403 0.671 -4.348
Accel: 0.020 0.021 1.006
Gyro: 1.007 0.671 -4.333
Accel: 0.023 0.023 1.012
Gyro: 0.122 0.167 -4.043
Accel: 0.025 0.020 1.0010
Gyro: -1.312 -1.419 -3.280
Accel: 0.026 0.015 1.009
Gyro: -3.036 -1.998 -2.914
Accel: 0.025 0.014 1.017
Gyro: -4.913 -2.014 -2.578
Accel: 0.026 0.005 1.008
Gyro: -5.722 0.762 -2.365
Accel: 0.039 0.016 0.990
Gyro: -5.676 1.647 -1.922
Accel: 0.045 0.017 0.970
Gyro: -5.416 4.379 -1.129
Accel: 0.045 0.016 0.964
Gyro: -4.516 7.049 0.198
Accel: 0.041 0.018 0.966
Gyro: -3.173 8.682 0.732
Accel: 0.035 0.017 0.970
Gyro: -2.502 8.392 1.281
Accel: 0.026 0.018 0.971
Gyro: -2.731 6.576 1.739
Accel: 0.021 0.014 0.973
Gyro: -3.097 3.784 2.105
Accel: 0.016 0.012 0.974
Gyro: -4.119 -3.707 2.304
Accel: 0.011 0.013 0.978
Gyro: -4.867 -3.524 2.212
Accel: 0.008 0.015 0.983
Gyro: -5.645 -6.622 1.678
Accel: 0.005 0.020 0.986
Gyro: -5.630 -8.880 0.885
Accel: 0.008 0.020 0.990
Gyro: -5.111 -9.887 0.0000
Accel: 0.009 0.017 0.996
Gyro: -4.135 -9.765 -1.190
Accel: 0.009 0.020 1.0000
Gyro: -2.838 -8.636 -2.380
Accel: 0.012 0.028 1.004
Gyro: -1.098 -6.973 -3.753
Accel: 0.016 0.032 1.009
Gyro: 0.488 -4.394 -4.760
Accel: 0.023 0.032 1.012
Gyro: 1.556 -1.541 -5.706
Accel: 0.025 0.030 1.017
Gyro: 2.456 0.473 -6.134
Accel: 0.028 0.024 1.024
Gyro: 3.005 1.846 -5.935
Accel: 0.027 0.026 1.029
Gyro: 3.158 2.563 -5.310
Accel: 0.027 0.030 1.031
Gyro: 3.234 2.777 -4.318
Accel: 0.030 0.035 1.026
Gyro: 2.853 3.204 -3.173
Accel: 0.032 0.038 1.023
Gyro: 2.456 3.753 -1.922
Accel: 0.032 0.041 1.013
Gyro: 2.075 4.699 0.747
Accel: 0.029 0.041 1.008
Gyro: 1.724 6.286 0.045
Accel: 0.022 0.041 1.005
Gyro: 1.861 8.071 0.366
Accel: 0.013 0.038 1.003
Gyro: 2.517 10.025 0.457
Accel: 0.006 0.035 1.002
Gyro: 3.250 11.276 0.442
Accel: 0.003 0.033 1.004
Gyro: 4.013 11.505 0.259
Accel: 0.011 0.029 1.003
Gyro: 4.699 11.245 0.152
Accel: 0.008 0.028 0.996
Gyro: 5.249 10.650 0.091
Accel: 0.0010 0.025 0.993
Gyro: 5.447 9.658 3.890
Accel: 0.014 0.024 0.984
Gyro: 5.523 8.682 0.411
Accel: 0.013 0.024 0.980
Gyro: 5.447 7.736 0.961
Accel: 0.013 0.024 0.979
Gyro: 5.508 6.637 1.800
Accel: 0.015 0.020 0.979
Gyro: 5.462 4.776 3.067
Accel: 0.013 0.021 0.981
Gyro: 5.111 2.136 7.781
Accel: 0.016 0.022 0.989
Gyro: 4.623 0.900 4.348
Accel: 0.020 0.023 0.993
Gyro: 3.967 -7.553 4.455
Accel: 0.023 0.021 0.996
Gyro: 3.067 -6.195 3.921
Accel: 0.022 0.019 1.0000
Gyro: 2.334 -11.657 2.960
Accel: 0.017 0.020 1.006
Gyro: 1.571 -9.017 1.815
Accel: 0.009 0.025 1.006
Gyro: 0.350 -9.109 0.717
Accel: 0.002 0.027 1.0010
Gyro: 0.778 -8.392 0.335
Accel: 0.0010 0.027 1.015
Gyro: -1.998 -7.141 0.640
Accel: 0.020 0.032 1.017
Gyro: -2.517 -5.783 0.961
Accel: 0.025 0.037 1.016
Gyro: -3.128 -4.211 0.946
Accel: 0.027 0.034 1.023
Gyro: -3.524 -2.746 0.793
Accel: 0.021 0.031 1.024
Gyro: -3.631 -1.007 0.518
Accel: 0.018 0.031 1.024
Gyro: -3.311 1.113 0.549
Accel: 0.014 0.031 1.021
Gyro: -2.990 2.212 0.854
Accel: 0.009 0.034 1.028
Gyro: -2.182 2.746 -1.235
Accel: 0.004 0.035 1.017
Gyro: -1.586 2.609 -1.403
Accel: 0.008 0.033 1.015
Gyro: -1.129 2.304 -1.449
Accel: 0.004 0.035 1.013
Gyro: 0.595 1.678 -1.068
Accel: 0.0000 0.036 1.013
Gyro: 0.076 0.701 0.656
Accel: 0.061 0.037 1.011
Gyro: 0.564 0.579 0.350
Accel: 0.0001 0.031 1.009
Gyro: 0.930 -2.075 0.122
Accel: 0.002 0.026 1.004
Gyro: 1.220 -3.311 0.183
Accel: 0.006 0.026 1.002
Gyro: 0.839 -4.074 0.228
Accel: 0.006 0.019 1.0010
Gyro: 0.762 -4.180 0.076
Accel: 0.006 0.020 1.013
Gyro: 0.854 -3.692 0.350
Accel: 0.005 0.021 1.015
Gyro: 0.900 -2.685 0.625
Accel: 0.002 0.024 1.013
Gyro: 0.762 -1.556 0.808
Accel: 0.0000 0.021 1.008
Gyro: 0.396 0.228 0.839
Accel: 0.0001 0.020 1.002
Gyro: 0.289 0.427 0.457
Accel: 0.002 0.021 0.995
Gyro: 0.122 0.808 0.106
Accel: 0.003 0.020 0.993
Gyro: 0.381 0.595 0.076
Accel: 0.002 0.020 0.996
Gyro: 0.961 0.106 3.875
Accel: 0.003 0.020 0.995
Gyro: 1.983 0.366 0.122
Accel: 0.004 0.022 0.997
Gyro: 3.097 0.747 0.167
Accel: 0.003 0.021 0.999
Gyro: 4.058 0.747 0.030
Accel: 0.0000 0.021 1.0001
Gyro: 4.547 -1.113 0.015
Accel: 0.0001 0.019 1.005
Gyro: 4.638 -1.510 0.015
Accel: 0.002 0.016 1.006
Gyro: 4.699 -2.288 0.228
Accel: 0.009 0.013 1.0010
Gyro: 4.287 -3.021 0.381
Accel: 0.005 0.014 1.017
Gyro: 3.326 -7.812 0.793
Accel: 0.008 0.013 1.019
Gyro: 2.792 -4.959 1.083
Accel: 0.008 0.012 1.018
Gyro: 2.166 -5.523 1.419
Accel: 0.011 0.011 1.016
Gyro: 1.708 -5.615 1.480
Accel: 0.013 0.009 1.014
Gyro: 1.235 -5.187 1.434
Accel: 0.016 0.006 1.013
Gyro: 0.808 -4.455 1.220
Accel: 0.021 0.009 1.020
Gyro: 0.427 -3.051 1.083
Accel: 0.024 0.012 1.021
Gyro: 0.244 -1.647 0.900
Accel: 0.029 0.017 1.023
Gyro: 0.0000 0.305 0.564
Accel: 0.029 0.019 1.023
Gyro: 0.030 0.823 0.427
Accel: 0.024 0.020 1.022
Gyro: -3.906 1.159 0.381
Accel: 0.022 0.015 1.020
Gyro: 0.152 1.296 0.457
Accel: 0.019 0.014 1.018
Gyro: 0.045 0.701 0.579
Accel: 0.017 0.008 1.014
Gyro: 0.122 0.259 0.595
Accel: 0.016 0.008 1.009
Gyro: 0.961 0.579 0.457
Accel: 0.015 0.009 1.0010
Gyro: -1.235 0.473 0.167
Accel: 0.013 0.013 1.011
Gyro: -1.464 3.784 0.183
Accel: 0.0010 0.014 1.011
Gyro: -1.419 0.244 0.076
Accel: 0.0010 0.016 1.0010
Gyro: -1.556 0.427 0.122
Accel: 0.015 0.013 1.012
Gyro: -1.754 0.015 0.015
Accel: 0.013 0.016 1.005
Gyro: -2.395 0.732 0.106
Accel: 0.011 0.014 1.007
Gyro: -2.761 -1.266 0.183
Accel: 0.007 0.015 1.006
Gyro: -2.517 -1.388 0.350
Accel: 0.009 0.016 1.007
Gyro: -1.937 -1.480 0.381
Accel: 0.0010 0.017 1.009
Gyro: -1.464 -1.785 0.366
Accel: 0.0010 0.019 1.006
Gyro: -1.022 -1.998 0.488
Accel: 0.011 0.018 1.004
Gyro: 0.930 -1.953 0.488
Accel: 0.012 0.017 1.007
Gyro: 0.686 -2.197 0.381
Accel: 0.013 0.020 1.006
Gyro: 0.335 -2.426 0.442
Accel: 0.018 0.019 1.007
Gyro: 0.640 -2.380 0.106
Accel: 0.021 0.019 1.011
Gyro: -1.342 -2.136 0.183
Accel: 0.021 0.020 1.016
Gyro: -1.708 -1.434 0.137
Accel: 0.022 0.021 1.016
Gyro: -1.892 0.579 0.274
Accel: 0.023 0.025 1.012
Gyro: -2.182 0.366 0.595
Accel: 0.021 0.027 1.009
Gyro: -2.441 1.251 0.869
Accel: 0.018 0.028 1.008
Gyro: -2.319 1.647 0.961
Accel: 0.019 0.024 1.006
Gyro: -1.968 1.495 -1.022
Accel: 0.016 0.023 1.002
Gyro: -1.937 0.930 -1.129
Accel: 0.017 0.025 1.0001
Gyro: -2.136 0.427 -1.419
Accel: 0.013 0.028 1.003
Gyro: -2.029 0.335 -1.693
Accel: 0.0010 0.026 1.008
Gyro: -1.876 0.762 -1.785
Accel: 0.012 0.026 1.008
Gyro: -1.800 -1.342 -1.876
Accel: 0.013 0.027 1.007
Gyro: -1.785 -1.571 -1.800
Accel: 0.011 0.026 1.003
Gyro: -1.739 -1.617 -1.754
Accel: 0.012 0.021 1.0001
Gyro: -1.831 -1.602 -1.708
Accel: 0.014 0.023 1.003
Gyro: -1.892 -1.846 -1.861
Accel: 0.013 0.026 1.0001
Gyro: -2.212 -2.166 -1.693
Accel: 0.014 0.028 1.007
Gyro: -2.182 -2.426 -1.632
Accel: 0.015 0.026 1.005
Gyro: -2.014 -2.487 -1.663
Accel: 0.013 0.028 1.007
Gyro: -1.754 -2.258 -1.647
Accel: 0.015 0.027 1.007
Gyro: -1.556 -1.953 -1.617
Accel: 0.013 0.027 1.008
Gyro: -1.556 -1.251 -1.495
Accel: 0.011 0.029 1.0010
Gyro: -1.419 0.442 -1.342
Accel: 0.014 0.029 1.012
Gyro: -1.159 0.244 -1.388
Accel: 0.013 0.033 1.008
Gyro: 0.976 0.885 -1.403
Accel: 0.015 0.032 1.006
Gyro: 0.747 1.388 -1.480
Accel: 0.014 0.035 1.005
Gyro: 0.640 1.632 -1.205
Accel: 0.015 0.035 1.008
Gyro: 0.442 1.434 0.991
Accel: 0.016 0.034 1.006
Gyro: 0.686 0.854 0.762
Accel: 0.016 0.035 1.0010
Gyro: 0.885 0.305 0.762
Accel: 0.014 0.034 1.011
Gyro: 0.900 0.228 0.473
Accel: 0.014 0.032 1.015
Gyro: 0.534 0.534 0.442
Accel: 0.012 0.032 1.017
Gyro: 0.183 0.503 0.122
Accel: 0.013 0.035 1.020
Gyro: 0.259 0.015 0.030
Accel: 0.013 0.035 1.021
Gyro: 0.686 0.488 0.076
Accel: 0.015 0.036 1.014
Gyro: 0.808 1.113 0.045
Accel: 0.015 0.040 1.011
Gyro: 0.762 1.861 0.167
Accel: 0.013 0.039 1.011
Gyro: 0.885 2.487 0.091
Accel: 0.016 0.034 1.008
Gyro: 0.946 2.899 0.091
Accel: 0.018 0.032 1.008
Gyro: 0.839 2.914 0.045
Accel: 0.012 0.032 1.006
Gyro: 0.701 2.578 0.015
Accel: 0.011 0.034 1.005
Gyro: 0.488 2.517 0.106
Accel: 0.009 0.035 1.006
Gyro: 0.259 2.090 0.030
Accel: 0.009 0.034 1.002
Gyro: 0.152 1.724 0.015
Accel: 0.008 0.031 0.997
Gyro: 0.793 1.296 0.213
Accel: 0.007 0.031 0.997
Gyro: -1.281 1.007 0.396
Accel: 0.005 0.031 0.995
Gyro: -1.953 0.778 0.442
Accel: 0.008 0.034 0.996
Gyro: -2.273 0.350 0.656
Accel: 0.007 0.037 0.997
Gyro: -2.624 0.045 0.640
Accel: 0.008 0.038 0.998
Gyro: -2.777 0.320 0.640
Accel: 0.008 0.038 1.003
Gyro: -2.578 0.701 0.518
Accel: 0.007 0.038 1.002
Gyro: -2.182 0.915 0.442
Accel: 0.006 0.040 1.005
Gyro: -1.647 -1.251 0.305
Accel: 0.006 0.041 1.006
Gyro: -1.358 -1.541 0.381
Accel: 0.005 0.042 1.006
Gyro: -1.022 -1.724 0.442
Accel: 0.005 0.043 1.009
Gyro: 0.671 -1.754 0.488
Accel: 0.005 0.045 1.0010
Gyro: 0.442 -1.724 0.686
Accel: 0.0010 0.045 1.011
Gyro: 0.274 -1.373 0.656
Accel: 0.011 0.043 1.014
Gyro: 0.091 0.885 0.442
Accel: 0.011 0.041 1.016
Gyro: 0.030 0.213 0.274
Accel: 0.012 0.041 1.016
Gyro: 0.183 0.457 3.890
Accel: 0.007 0.040 1.014
Gyro: 0.076 0.823 0.183
Accel: 0.006 0.035 1.015
Gyro: 0.183 0.915 0.564
Accel: 0.003 0.031 1.013
Gyro: 0.320 0.839 0.732
Accel: 0.004 0.032 1.011
Gyro: 0.427 0.396 0.595
Accel: 0.0001 0.032 1.007
Gyro: 0.411 0.244 0.595
Accel: 0.003 0.034 1.009
Gyro: 0.457 0.0000 0.442
Accel: 0.007 0.034 1.0010
Gyro: 0.778 0.228 0.396
Accel: 0.004 0.036 1.0010
Gyro: 0.717 0.411 0.488
Accel: 0.007 0.035 1.013
Gyro: 0.732 0.518 0.488
Accel: 0.005 0.034 1.014
Gyro: 0.549 0.473 0.656
Accel: 0.006 0.033 1.013
Gyro: 0.579 0.183 0.595
Accel: 0.004 0.034 1.014
Gyro: 0.671 0.274 0.595
Accel: 0.002 0.033 1.011
Gyro: 0.579 0.625 0.473
Accel: 0.003 0.032 1.0010
Gyro: 0.320 0.686 0.320
Accel: 0.003 0.032 1.007
Gyro: 0.122 0.488 0.305
Accel: 0.002 0.034 1.004
Gyro: 0.152 0.183 0.122
Accel: 0.003 0.035 1.003
Gyro: 0.061 -3.890 0.106
Accel: 0.007 0.035 1.005
Gyro: 0.381 0.244 0.0000
Accel: 0.007 0.033 1.006
Gyro: 0.473 0.503 0.076
Accel: 0.006 0.034 1.007
Gyro: 0.717 0.442 0.076
Accel: 0.005 0.034 1.007
Gyro: 0.885 0.106 0.030
Accel: 0.004 0.035 1.0010
Gyro: 0.885 0.686 0.045
Accel: 0.005 0.035 1.013
Gyro: 0.671 0.915 0.061
Accel: 0.005 0.038 1.0010
Gyro: 0.549 0.869 0.030
Accel: 0.005 0.037 1.009
Gyro: 0.457 0.732 0.061
Accel: 0.006 0.036 1.007
Gyro: 0.518 0.289 0.198
Accel: 0.003 0.041 1.007
Gyro: 0.396 0.366 0.411
Accel: 0.007 0.040 1.005
Gyro: 0.091 -1.190 0.686
Accel: 0.007 0.040 1.003
Gyro: 0.320 -1.708 0.885
Accel: 0.0010 0.038 1.003
Gyro: 0.396 -1.800 0.885
Accel: 0.008 0.038 1.006
Gyro: 0.183 -1.510 0.823
Accel: 0.0010 0.037 1.006
Gyro: 0.015 -1.052 0.747
Accel: 0.0010 0.039 1.008
Gyro: -3.890 0.625 0.747
Accel: 0.011 0.037 1.006
Gyro: 0.106 0.473 0.671
Accel: 0.011 0.033 1.005
Gyro: 0.335 0.183 0.595
Accel: 0.009 0.031 1.006
Gyro: 0.503 0.122 0.457
Accel: 0.008 0.030 1.0010
Gyro: 0.366 0.213 0.488
Accel: 0.007 0.032 1.008
Gyro: 0.030 0.030 0.610
Accel: 0.009 0.034 1.004
Gyro: 0.061 0.350 0.686
Accel: 0.009 0.034 1.007
Gyro: 0.076 0.640 0.778
Accel: 0.005 0.033 1.007
Gyro: 0.259 0.610 0.915
Accel: 0.004 0.034 1.0010
Gyro: 0.564 0.732 0.549
Accel: 0.006 0.033 1.009
Gyro: 0.885 0.671 0.808
Accel: 0.003 0.035 1.006
Gyro: 0.778 0.549 0.885
Accel: 0.0001 0.034 1.008
Gyro: 0.915 0.396 0.793
Accel: 0.0001 0.035 1.008
Gyro: 1.083 0.320 0.778
Accel: 0.0001 0.036 1.009
Gyro: 0.946 0.274 0.686
Accel: 0.0001 0.036 1.0010
Gyro: 1.129 0.259 0.747
Accel: 0.0000 0.036 1.009
Gyro: 1.129 0.305 0.656
Accel: 0.062 0.034 1.0010
Gyro: 1.144 0.488 0.686
Accel: 0.0000 0.030 1.012
Gyro: 1.083 0.778 0.640
Accel: 0.0000 0.031 1.013
Gyro: 1.434 -1.083 0.747
Accel: 0.0000 0.035 1.0010
Gyro: 1.312 -1.403 0.762
Accel: 0.004 0.033 1.014
Gyro: 1.571 -1.373 0.717
Accel: 0.002 0.032 1.014
Gyro: 1.571 0.946 0.610
Accel: 0.003 0.034 1.013
Gyro: 1.724 0.213 0.457
Accel: 0.007 0.033 1.012
Gyro: 1.419 0.457 0.442
Accel: 0.006 0.033 1.012
Gyro: 0.854 1.098 0.244
Accel: 0.009 0.031 1.0010
Gyro: 0.228 1.571 0.198
Accel: 0.004 0.035 1.0010
Gyro: 0.213 1.800 0.045
Accel: 0.004 0.039 1.0010
Gyro: 0.244 1.739 0.122
Accel: 0.003 0.039 1.005
Gyro: 0.350 1.266 0.320
Accel: 0.005 0.040 1.006
Gyro: 0.396 0.808 0.595
Accel: 0.006 0.041 1.004
Gyro: 0.305 0.274 0.808
Accel: 0.007 0.043 1.004
Gyro: 0.045 0.122 -1.144
Accel: 0.007 0.043 0.999
Gyro: 0.198 0.457 -1.495
Accel: 0.008 0.044 1.002
Gyro: 0.457 0.778 -1.876
Accel: 0.008 0.046 1.002
Gyro: 1.083 0.671 -1.983
Accel: 0.006 0.044 1.0001
Gyro: 1.327 0.595 -1.968
Accel: 0.006 0.044 1.0000
Gyro: 1.663 0.762 -2.029
Accel: 0.003 0.042 1.004
Gyro: 1.770 0.839 -1.937
Accel: 0.003 0.035 1.007
Gyro: 2.044 0.595 -1.571
Accel: 0.061 0.030 1.0010
Gyro: 1.922 0.061 -1.144
Accel: 0.0001 0.029 1.014
Gyro: 2.059 0.595 0.686
Accel: 0.003 0.029 1.016
Gyro: 2.258 0.778 0.381
Accel: 0.004 0.029 1.015
Gyro: 2.273 -1.037 0.137
Accel: 0.0000 0.028 1.015
Gyro: 2.410 0.808 0.030
Accel: 0.0000 0.031 1.017
Gyro: 2.365 0.320 0.198
Accel: 0.0000 0.030 1.016
Gyro: 2.365 0.244 0.488
Accel: 0.0000 0.031 1.015
Gyro: 2.304 0.930 0.732
Accel: 0.003 0.031 1.012
Gyro: 2.059 1.739 1.022
Accel: 0.002 0.031 1.014
Gyro: 1.892 2.426 1.220
Accel: 0.003 0.031 1.014
Gyro: 1.846 2.761 1.251
Accel: 0.0001 0.030 1.011
Gyro: 1.617 2.883 1.022
Accel: 0.007 0.033 1.012
Gyro: 1.480 2.731 0.885
Accel: 0.008 0.034 1.012
Gyro: 1.373 2.487 0.717
Accel: 0.007 0.035 1.012
Gyro: 1.220 1.815 0.564
Accel: 0.007 0.036 1.011
Gyro: 1.083 1.434 0.320
Accel: 0.006 0.036 1.013
Gyro: 0.900 0.839 0.335
Accel: 0.006 0.030 1.003
Gyro: 0.701 0.411 0.152
Accel: 0.002 0.033 1.011
Gyro: 0.488 0.198 0.213
Accel: 0.007 0.035 1.012
Gyro: 0.289 0.122 0.183
Accel: 0.004 0.033 1.0010
Gyro: 0.152 0.305 0.274
Accel: 0.004 0.031 1.0010
Gyro: 0.091 0.411 0.442
Accel: 0.002 0.034 1.004
Gyro: 0.228 0.732 0.656
Accel: 0.002 0.036 1.004
Gyro: 0.473 1.251 0.808
Accel: 0.003 0.035 1.006
Gyro: 0.427 1.846 0.854
Accel: 0.003 0.034 1.004
Gyro: 0.061 2.410 0.976
Accel: 0.002 0.038 1.0001
Gyro: 0.076 2.365 0.976
Accel: 0.002 0.037 1.002
Gyro: 0.061 2.471 0.946
Accel: 0.007 0.035 1.0001
Gyro: -3.890 2.151 0.717
Accel: 0.009 0.034 1.002
Gyro: 0.213 1.495 0.671
Accel: 0.0010 0.032 0.998
Gyro: 0.228 0.701 0.579
Accel: 0.013 0.033 0.997
Gyro: 0.122 0.198 0.579
Accel: 0.011 0.032 0.996
Gyro: 0.122 -1.022 0.793
Accel: 0.0010 0.029 0.995
Gyro: 0.061 -1.892 0.823
Accel: 0.009 0.028 0.995
Gyro: 0.335 -2.624 0.961
Accel: 0.009 0.027 1.0000
Gyro: 0.457 -3.067 0.885
Accel: 0.008 0.028 1.002
Gyro: 0.366 -3.158 0.778
Accel: 0.006 0.029 1.004
Gyro: 0.305 -2.929 0.671
Accel: 0.005 0.030 1.003
Gyro: 0.427 -2.227 0.579
Accel: 0.003 0.032 1.004
Gyro: 0.564 -1.739 0.411
Accel: 0.002 0.032 1.006
Gyro: 0.473 -1.251 0.381
Accel: 0.002 0.033 1.007
Gyro: 0.534 -1.129 0.427
Accel: 0.002 0.035 1.007
Gyro: 0.396 -1.235 0.595
Accel: 0.002 0.035 1.0010
Gyro: 0.198 -1.800 0.656
Accel: 0.003 0.038 1.009
Gyro: 0.152 -2.471 0.564
Accel: 0.0001 0.036 1.009
Gyro: 0.488 -3.158 0.640
Accel: 0.005 0.035 1.009
Gyro: 0.610 -3.662 0.549
Accel: 0.003 0.030 1.006
Gyro: 0.793 -3.845 0.534
Accel: 0.003 0.032 1.005
Gyro: 1.113 -3.601 0.442
Accel: 0.0001 0.034 1.006
Gyro: 1.342 -3.417 0.366
Accel: 0.002 0.035 1.002
Gyro: 1.571 -3.326 0.091
Accel: 0.0000 0.033 1.002
Gyro: 1.632 -2.792 0.015
Accel: 0.062 0.032 1.005
Gyro: 2.029 -2.258 0.305
Accel: 0.0001 0.033 1.005
Gyro: 2.166 -1.907 0.564
Accel: 0.0000 0.031 1.006
Gyro: 2.288 -1.571 0.839
Accel: 0.0000 0.029 1.008
Gyro: 2.182 -1.312 0.991
Accel: 0.0001 0.027 1.008
Gyro: 1.922 -1.251 1.159
Accel: 0.003 0.028 1.0010
Gyro: 1.586 -1.113 1.220
Accel: 0.003 0.027 1.0010
Gyro: 1.052 0.915 1.266
Accel: 0.0001 0.027 1.0010
Gyro: 0.503 0.900 1.312
Accel: 0.003 0.028 1.013
Gyro: 0.259 -1.098 1.312
Accel: 0.005 0.033 1.013
Gyro: 0.213 -1.449 1.312
Accel: 0.004 0.037 1.015
Gyro: 0.381 -1.708 1.266
Accel: 0.002 0.035 1.017
Gyro: 0.320 -2.212 1.174
Accel: 0.003 0.035 1.014
Gyro: 0.564 -2.548 1.113
Accel: 0.002 0.034 1.014
Gyro: 0.503 -2.105 1.007
Accel: 0.0000 0.034 1.013
Gyro: 0.701 -1.571 0.915
Accel: 0.060 0.035 1.013
Gyro: 0.747 0.869 0.839
Accel: 0.0000 0.033 1.011
Gyro: 0.549 0.198 0.946
Accel: 0.0000 0.033 1.012
Gyro: 0.656 0.335 0.839
Accel: 0.0001 0.032 1.0010
Gyro: 0.350 0.762 0.839
Accel: 0.0001 0.031 1.013
Gyro: 0.106 0.930 0.854
Accel: 0.007 0.031 1.011
Gyro: 0.137 0.732 0.839
Accel: 0.005 0.025 1.014
Gyro: 0.167 0.396 0.778
Accel: 0.003 0.027 1.015
Gyro: 0.122 0.076 0.595
Accel: 0.002 0.030 1.014
Gyro: 0.045 0.228 0.381
Accel: 0.003 0.031 1.015
Gyro: 0.122 0.579 0.396
Accel: 0.003 0.029 1.016
Gyro: 0.320 0.686 0.396
Accel: 0.0000 0.031 1.013
Gyro: 0.518 0.762 0.350
Accel: 0.0000 0.028 1.013
Gyro: 0.488 0.549 0.534
Accel: 0.0000 0.024 1.011
Gyro: 0.411 0.152 0.488
Accel: 0.0000 0.027 1.0010
Gyro: 0.167 0.061 0.518
Accel: 0.0001 0.025 1.008
Gyro: 0.091 0.183 0.442
Accel: 0.0001 0.026 1.005
Gyro: 0.045 0.106 0.411
Accel: 0.0000 0.028 1.005
Gyro: 0.122 0.091 0.320
Accel: 0.0001 0.029 1.005
Gyro: 0.198 0.167 0.457
Accel: 0.004 0.028 1.007
Gyro: 3.814 0.671 0.579
Accel: 0.003 0.029 1.007
Gyro: 0.076 -1.251 0.564
Accel: 0.0000 0.031 1.006
Gyro: 0.045 -1.510 0.610
Accel: 0.003 0.028 1.006
Gyro: 0.0000 -1.358 0.595
Accel: 0.003 0.027 1.006
Gyro: 0.045 -1.373 0.534
Accel: 0.003 0.027 1.007
Gyro: 0.183 -1.220 0.518
Accel: 0.004 0.027 1.006
Gyro: 0.350 0.976 0.503
Accel: 0.004 0.030 1.007
Gyro: 0.320 -1.022 0.732
Accel: 0.002 0.033 1.0010
Gyro: 0.228 -1.068 0.885
Accel: 0.002 0.033 1.009
Gyro: 0.076 -1.037 1.159
Accel: 0.0001 0.031 1.008
Gyro: 0.152 0.778 1.403
Accel: 0.004 0.030 1.008
Gyro: 0.137 0.503 1.464
Accel: 0.006 0.031 1.004
Gyro: 0.061 0.122 1.419
Accel: 0.005 0.034 1.002
Gyro: 0.350 0.0000 1.312
Accel: 0.0001 0.034 1.008
Gyro: 0.213 0.045 1.403
Accel: 0.0001 0.036 1.006
Gyro: 0.061 0.320 1.266
Accel: 0.0000 0.037 1.006
Gyro: 0.335 0.503 1.220
Accel: 0.0001 0.038 1.008
Gyro: 0.564 0.778 1.174
Accel: 0.002 0.037 1.0010
Gyro: 0.869 -1.037 1.068
Accel: 0.0001 0.035 1.0010
Gyro: 1.083 0.961 1.068
Accel: 0.0001 0.033 1.0010
Gyro: 1.449 -1.113 1.037
Accel: 0.003 0.032 1.009
Gyro: 1.327 -1.022 0.930
Accel: 0.003 0.031 1.0010
Gyro: 1.312 -1.281 0.762
Accel: 0.002 0.032 1.009
Gyro: 1.052 -1.281 0.534
Accel: 0.004 0.031 1.006
Gyro: 0.793 -1.327 0.366
Accel: 0.005 0.029 1.005
Gyro: 0.473 -1.251 0.213
Accel: 0.005 0.030 1.007
Gyro: 0.320 -1.190 0.030
Accel: 0.004 0.031 1.005
Gyro: 0.0000 -1.525 0.091
Accel: 0.004 0.030 1.007
Gyro: 0.381 -1.724 0.167
Accel: 0.002 0.027 1.007
Gyro: 0.518 -1.983 0.152
Accel: 0.0001 0.024 1.009
Gyro: 0.747 -2.136 0.076
Accel: 0.0000 0.023 1.0010
Gyro: -1.113 -2.441 0.167
Accel: 0.0000 0.024 1.009
Gyro: -1.251 -2.410 0.061
Accel: 0.0000 0.024 1.009
Gyro: -1.434 -2.182 0.015
Accel: 0.0001 0.025 1.0010
Gyro: -1.510 -2.075 0.0000
Accel: 0.0000 0.028 1.008
Gyro: -1.541 -1.724 0.0000
Accel: 0.004 0.056 1.004
Gyro: 0.656 -1.083 0.152
Accel: 0.006 0.054 1.002
Gyro: 0.793 0.793 0.152
Accel: 0.003 0.050 1.0001
Gyro: 0.961 0.518 0.198
Accel: 0.005 0.049 1.062
Gyro: -1.342 0.289 0.274
Accel: 0.006 0.048 0.999
Gyro: -1.510 0.259 0.167
Accel: 0.003 0.053 1.0001
Gyro: -1.800 0.320 0.198
