Accel: 0.072 0.015 1.017
Gyro: 1.113 -2.838 -1.220
Accel: 0.0000 0.016 1.022
Gyro: 1.312 -3.677 -1.495
Accel: 0.052 0.019 1.027
Gyro: 1.724 -4.486 -1.647
Accel: 0.049 0.022 1.028
Gyro: 2.136 -5.096 -1.647
Accel: 0.044 0.022 1.031
Gyro: 2.410 -5.218 -1.647
Accel: 0.036 0.023 1.034
Gyro: 2.883 -4.943 -1.434
Accel: 0.032 0.022 1.033
Gyro: 2.929 -4.470 -1.007
Accel: 0.029 0.026 1.032
Gyro: 2.670 -3.723 0.228
Accel: 0.029 0.030 1.033
Gyro: 2.105 -3.051 0.503
Accel: 0.032 0.032 1.037
Gyro: 0.885 -2.532 1.052
Accel: 0.040 0.028 1.043
Gyro: 0.442 -2.090 1.403
Accel: 0.043 0.023 1.048
Gyro: -1.724 -1.800 1.571
Accel: 0.046 0.017 1.054
Gyro: -2.655 -1.602 1.541
Accel: 0.044 0.012 1.055
Gyro: -3.570 -1.220 1.251
Accel: 0.043 0.009 1.049
Gyro: -4.287 0.488 0.946
Accel: 0.042 0.009 1.043
Gyro: -5.065 0.595 0.625
Accel: 0.042 0.009 1.039
Gyro: -6.011 1.846 0.442
Accel: 0.044 0.0010 1.036
Gyro: -6.927 3.143 0.320
Accel: 0.050 0.012 1.040
Gyro: -7.659 4.394 0.350
Accel: 0.059 0.013 1.046
Gyro: -8.056 4.974 0.427
Accel: 0.065 0.0010 1.047
Gyro: -8.117 5.081 0.610
Accel: 0.063 0.012 1.042
Gyro: -7.827 5.157 0.732
Accel: 0.062 0.012 1.030
Gyro: -7.415 5.294 1.022
Accel: 0.058 0.015 1.016
Gyro: -7.125 5.813 1.403
Accel: 0.055 0.016 1.004
Gyro: -7.034 6.637 1.693
Accel: 0.053 0.015 0.995
Gyro: -7.049 7.522 1.876
Accel: 0.053 0.012 0.992
Gyro: -6.805 8.300 1.678
Accel: 0.054 0.008 0.989
Gyro: -6.378 8.514 1.541
Accel: 0.055 0.0000 0.987
Gyro: -5.706 8.300 1.190
Accel: 0.054 0.004 0.981
Gyro: -4.821 7.354 0.869
Accel: 0.050 0.006 0.977
Gyro: -4.089 6.134 0.610
Accel: 0.045 0.005 0.970
Gyro: -3.250 4.730 0.488
Accel: 0.042 0.004 0.966
Gyro: -3.021 3.097 0.457
Accel: 0.042 0.003 0.967
Gyro: -2.929 1.983 0.396
Accel: 0.045 0.003 0.969
Gyro: -2.700 1.113 0.366
Accel: 0.045 0.002 0.973
Gyro: -2.487 0.503 0.091
Accel: 0.050 0.004 0.979
Gyro: -1.998 0.045 0.122
Accel: 0.057 0.008 0.983
Gyro: -1.800 0.289 0.442
Accel: 0.058 0.0010 0.986
Gyro: -1.449 0.549 0.579
Accel: 0.058 0.008 0.986
Gyro: -1.144 0.198 0.823
Accel: 0.058 0.006 0.983
Gyro: 0.701 0.228 0.991
Accel: 0.057 0.004 0.984
Gyro: 0.198 0.595 -1.037
Accel: 0.059 0.002 0.987
Gyro: 0.045 0.656 -1.113
Accel: 0.065 0.0001 0.992
Gyro: 0.457 0.396 -1.144
Accel: 0.072 0.003 0.995
Gyro: 0.946 0.061 -1.159
Accel: 0.072 0.005 0.999
Gyro: 1.571 0.686 -1.098
Accel: 0.073 0.004 1.002
Gyro: 2.182 -1.388 -1.083
Accel: 0.072 0.003 1.005
Gyro: 2.822 -1.815 0.961
Accel: 0.071 0.0001 1.009
Gyro: 3.479 -2.304 0.839
Accel: 0.068 0.0000 1.013
Gyro: 4.180 -2.471 0.747
Accel: 0.068 0.0001 1.018
Gyro: 4.867 -2.456 0.640
Accel: 0.069 0.0000 1.024
Gyro: 5.462 -2.487 0.579
Accel: 0.072 0.0001 1.025
Gyro: 5.859 -2.349 0.442
Accel: 0.068 0.0001 1.028
Gyro: 6.286 -1.968 0.686
Accel: 0.068 0.062 1.029
Gyro: 6.423 -1.449 0.411
Accel: 0.069 0.0001 1.031
Gyro: 6.591 -1.083 0.411
Accel: 0.068 0.0000 1.028
Gyro: 6.164 0.167 0.473
Accel: 0.068 0.0000 1.025
Gyro: 5.401 0.427 0.488
Accel: 0.066 0.0001 1.021
Gyro: 4.699 1.358 0.778
Accel: 0.063 0.0001 1.019
Gyro: 3.982 2.014 0.930
Accel: 0.065 0.002 1.016
Gyro: 3.646 2.853 -1.174
Accel: 0.065 0.003 1.0010
Gyro: 3.250 3.692 -1.327
Accel: 0.069 0.061 1.003
Gyro: 2.731 4.165 -1.464
Accel: 0.070 0.0000 0.998
Gyro: 1.907 4.470 -1.586
Accel: 0.072 0.0000 0.997
Gyro: 1.296 4.409 -1.678
Accel: 0.075 0.0000 0.995
Gyro: 0.991 4.013 -1.724
Accel: 0.078 0.003 0.993
Gyro: 0.686 3.295 -1.754
Accel: 0.079 0.0001 0.993
Gyro: 0.122 2.410 -1.525
Accel: 0.080 0.0001 0.992
Gyro: 0.198 1.342 -1.251
Accel: 0.078 0.002 0.993
Gyro: 0.595 0.457 0.991
Accel: 0.077 0.0000 0.995
Gyro: 0.961 0.473 0.747
Accel: 0.077 0.0000 0.998
Gyro: 0.900 0.915 0.366
Accel: 0.077 0.002 1.0001
Gyro: 0.656 -1.373 0.0000
Accel: 0.074 0.007 1.002
Gyro: 0.518 -1.403 0.183
Accel: 0.074 0.008 1.005
Gyro: 0.411 -1.312 0.381
Accel: 0.071 0.006 1.003
Gyro: 0.366 0.900 0.579
Accel: 0.071 0.004 1.002
Gyro: 0.274 0.350 0.839
Accel: 0.073 0.0001 1.006
Gyro: 0.137 0.259 0.839
Accel: 0.075 0.0000 1.0010
Gyro: 0.030 0.762 0.885
Accel: 0.077 0.0000 1.009
Gyro: 0.061 1.007 0.869
Accel: 0.079 0.0000 1.007
Gyro: 0.183 1.358 0.732
Accel: 0.080 0.0000 1.004
Gyro: 0.289 1.602 0.762
Accel: 0.083 0.003 1.004
Gyro: 0.076 1.739 0.595
Accel: 0.086 0.062 1.004
Gyro: 0.091 1.617 0.427
Accel: 0.083 0.0001 1.005
Gyro: 0.228 1.174 0.213
Accel: 0.083 0.003 1.008
Gyro: 0.015 0.457 0.0000
Accel: 0.082 0.002 1.008
Gyro: 0.411 0.061 0.228
Accel: 0.083 0.0000 1.005
Gyro: 0.869 0.152 0.274
Accel: 0.084 0.002 0.999
Gyro: 1.113 0.045 0.411
Accel: 0.082 0.006 0.992
Gyro: 1.052 0.427 0.396
Accel: 0.081 0.006 0.992
Gyro: 0.747 1.098 0.366
Accel: 0.084 0.008 0.989
Gyro: 0.396 1.541 0.259
Accel: 0.085 0.006 0.989
Gyro: 0.122 1.678 0.381
Accel: 0.085 0.0001 0.991
Gyro: 0.366 1.678 0.411
Accel: 0.085 0.0001 0.985
Gyro: 0.625 1.358 0.259
Accel: 0.086 0.002 0.979
Gyro: 0.961 0.930 0.106
Accel: 0.087 0.005 0.974
Gyro: 1.052 0.915 0.076
Accel: 0.089 0.004 0.973
Gyro: 1.144 0.488 0.228
Accel: 0.087 0.004 0.975
Gyro: 1.296 0.137 0.503
Accel: 0.088 0.0001 0.978
Gyro: 1.632 -1.083 0.625
Accel: 0.090 0.0001 0.978
Gyro: 2.212 -2.029 0.518
Accel: 0.087 0.0000 0.980
Gyro: 2.914 -3.005 0.213
Accel: 0.084 0.0001 0.983
Gyro: 3.890 -3.692 0.289
Accel: 0.082 0.0000 0.987
Gyro: 5.035 -4.364 0.701
Accel: 0.077 0.061 0.990
Gyro: 5.935 -5.081 -1.327
Accel: 0.077 0.002 0.993
Gyro: 6.942 -5.767 -1.510
Accel: 0.078 0.003 0.995
Gyro: 7.629 -5.920 -1.785
Accel: 0.078 0.008 0.995
Gyro: 8.102 -5.523 -1.846
Accel: 0.080 0.012 0.996
Gyro: 8.239 -4.745 -1.937
Accel: 0.077 0.011 0.998
Gyro: 8.148 -3.799 -1.953
Accel: 0.073 0.012 1.002
Gyro: 8.117 -3.234 -1.922
Accel: 0.074 0.014 1.003
Gyro: 7.919 -2.899 -1.983
Accel: 0.070 0.012 1.0001
Gyro: 7.736 -2.914 -1.953
Accel: 0.066 0.013 0.998
Gyro: 7.217 -3.036 -2.029
Accel: 0.063 0.017 0.999
Gyro: 6.515 -3.387 -1.800
Accel: 0.124 0.017 1.002
Gyro: 5.661 -3.952 -1.525
Accel: 0.065 0.015 1.003
Gyro: 4.592 -4.470 -1.037
Accel: 0.059 0.020 1.005
Gyro: 3.524 -4.989 0.488
Accel: 0.057 0.026 1.005
Gyro: 2.868 -5.050 0.152
Accel: 0.054 0.026 1.006
Gyro: 2.304 -5.020 0.564
Accel: 0.054 0.027 1.008
Gyro: 2.182 -4.699 0.854
Accel: 0.053 0.026 1.007
Gyro: 2.243 -4.165 1.144
Accel: 0.056 0.030 1.006
Gyro: 1.998 -3.479 1.419
Accel: 0.057 0.030 1.0001
Gyro: 1.693 -2.456 1.403
Accel: 0.055 0.031 0.998
Gyro: 1.632 -1.113 0.885
Accel: 0.054 0.030 0.995
Gyro: 2.090 0.686 0.610
Accel: 0.053 0.029 0.993
Gyro: 2.426 2.151 0.473
Accel: 0.054 0.029 0.982
Gyro: 2.761 3.997 0.350
Accel: 0.057 0.032 0.958
Gyro: 3.509 6.744 0.869
Accel: 0.056 0.049 0.928
Gyro: 4.241 10.620 2.014
Accel: 0.042 0.078 0.861
Gyro: 4.959 17.120 2.609
Accel: 0.006 0.083 0.791
Gyro: 6.988 27.130 2.182
Accel: 0.033 0.059 0.737
Gyro: 8.041 39.505 0.793
Accel: 0.045 0.094 0.657
Gyro: 11.840 51.071 0.717
Accel: 0.012 0.086 0.506
Gyro: 17.105 62.667 5.920
Accel: 0.144 0.046 0.397
Gyro: 12.008 73.410 19.088
Accel: 0.005 0.0010 0.083
Gyro: 8.728 73.242 19.531
Accel: 0.048 0.011 0.0000
Gyro: 1.159 73.745 18.814
Accel: 0.0000 0.022 0.011
Gyro: 2.227 75.027 18.600
Accel: 0.007 0.030 0.014
Gyro: 7.843 77.224 18.035
Accel: 0.020 0.022 0.029
Gyro: 12.222 79.116 17.715
Accel: 0.012 0.013 0.019
Gyro: 15.228 80.963 17.242
Accel: 0.024 0.033 0.0010
Gyro: 18.142 82.962 17.456
Accel: 0.003 0.011 0.039
Gyro: 21.270 84.411 16.876
Accel: 0.005 0.0010 0.014
Gyro: 22.048 86.318 16.235
Accel: 0.011 0.006 0.036
Gyro: 22.735 87.585 15.487
Accel: 0.0000 0.006 0.026
Gyro: 22.766 89.096 14.785
Accel: 0.003 0.006 0.034
Gyro: 22.735 90.423 14.236
Accel: 0.0001 0.007 0.039
Gyro: 22.399 91.674 13.717
Accel: 0.006 0.005 0.033
Gyro: 21.972 92.498 13.366
Accel: 0.007 0.005 0.037
Gyro: 21.453 93.444 12.985
Accel: 0.007 0.004 0.036
Gyro: 20.858 94.131 12.741
Accel: 0.007 0.0001 0.037
Gyro: 20.309 94.604 12.466
Accel: 0.005 0.002 0.045
Gyro: 19.470 94.924 12.222
Accel: 0.006 0.0001 0.046
Gyro: 18.630 95.092 12.0100
Accel: 0.006 0.0000 0.050
Gyro: 17.593 95.016 11.932
Accel: 0.003 0.0001 0.052
Gyro: 16.510 94.802 11.795
Accel: 0.005 0.003 0.055
Gyro: 15.533 94.314 11.734
Accel: 0.002 0.003 0.056
Gyro: 14.404 93.963 11.657
Accel: 0.004 0.0001 0.057
Gyro: 13.473 93.353 11.535
Accel: 0.004 0.062 0.062
Gyro: 12.878 92.712 11.520
Accel: 0.003 0.0001 0.061
Gyro: 12.420 92.056 11.535
Accel: 0.005 0.0001 0.065
Gyro: 12.191 91.110 11.657
Accel: 0.002 0.0000 0.067
Gyro: 11.596 90.286 11.276
Accel: 0.004 0.002 0.068
Gyro: 11.520 89.035 11.291
Accel: 0.006 0.002 0.070
Gyro: 12.008 87.875 11.383
Accel: 0.005 0.006 0.080
Gyro: 12.359 86.669 11.566
Accel: 0.006 0.005 0.074
Gyro: 12.802 85.220 11.856
Accel: 0.012 0.050 0.006
Gyro: 13.977 84.014 13.946
Accel: -1.771 0.262 2.749
Gyro: -51.239 -31.448 -97.961
Accel: -4.112 0.229 -1.750
Gyro: -480.987 -499.969 -245.727
Accel: -4.050 -1.579 4.097
Gyro: -499.969 -499.969 -117.324
Accel: 0.580 -3.504 7.999
Gyro: -499.969 -499.969 82.0000
Accel: 2.233 0.635 -4.130
Gyro: 255.584 2.700 12.0100
Accel: 1.124 0.062 1.835
Gyro: 234.512 24.047 14.129
Accel: 0.438 0.081 0.601
Gyro: 217.346 19.989 12.710
Accel: 0.141 0.716 1.103
Gyro: 148.803 104.904 -14.755
Accel: 0.588 1.232 1.555
Gyro: 103.256 38.970 -33.523
Accel: -1.199 1.338 1.939
Gyro: 73.165 -151.382 -14.587
Accel: 0.465 1.257 1.248
Gyro: -49.407 -178.115 -3.036
Accel: 0.071 1.082 1.397
Gyro: -156.173 -101.852 7.553
Accel: 0.255 0.389 3.561
Gyro: -163.528 12.939 13.870
Accel: 0.052 0.0000 2.232
Gyro: -120.910 18.737 20.370
Accel: 0.059 0.014 1.017
Gyro: -130.462 -5.432 20.187
Accel: 0.034 0.134 0.683
Gyro: -157.669 -12.481 13.885
Accel: 0.065 0.530 0.975
Gyro: -166.046 -14.831 7.217
Accel: 0.150 0.895 1.745
Gyro: -122.528 -4.440 4.272
Accel: 0.236 0.982 1.760
Gyro: -54.840 0.396 2.319
Accel: 0.209 0.703 1.209
Gyro: -21.133 5.493 0.885
Accel: 0.146 0.572 0.958
Gyro: -7.324 11.734 -5.355
Accel: 0.154 0.457 1.051
Gyro: -1.068 15.136 -7.354
Accel: 0.166 0.388 1.220
Gyro: 5.722 16.769 -5.111
Accel: 0.172 0.301 1.228
Gyro: 8.987 16.937 3.509
Accel: 0.157 0.136 1.107
Gyro: 0.534 15.411 4.287
Accel: 0.158 0.109 1.012
Gyro: -11.383 13.885 7.614
Accel: 0.247 0.099 0.978
Gyro: -20.248 11.795 9.841
Accel: 0.195 0.135 0.990
Gyro: -29.129 6.774 9.887
Accel: 0.173 0.177 1.009
Gyro: -34.332 0.198 7.675
Accel: 0.155 0.196 0.988
Gyro: -36.376 -7.400 4.837
Accel: 0.146 0.192 0.954
Gyro: -36.468 -13.061 1.083
Accel: 0.135 0.186 0.926
Gyro: -35.385 -17.059 -2.731
Accel: 0.133 0.202 0.997
Gyro: -32.379 -23.315 -5.447
Accel: 0.137 0.221 0.949
Gyro: -27.008 -21.743 -7.125
Accel: 0.144 0.221 0.943
Gyro: -21.072 -23.696 -8.773
Accel: 0.160 0.201 0.931
Gyro: -16.098 -23.956 -10.253
Accel: 0.135 0.191 0.932
Gyro: -12.176 -21.987 -11.291
Accel: 0.138 0.200 0.891
Gyro: -9.597 -22.430 -10.253
Accel: 0.137 0.205 0.846
Gyro: -9.826 -25.512 -7.720
Accel: 0.111 0.191 0.857
Gyro: -11.306 -26.473 -5.645
Accel: 0.087 0.189 0.897
Gyro: -10.223 -23.269 -4.776
Accel: 0.072 0.189 0.923
Gyro: -6.744 -17.669 -5.065
Accel: 0.072 0.200 0.927
Gyro: -3.021 -12.954 -5.050
Accel: 0.075 0.207 0.926
Gyro: 0.076 -11.138 -4.699
Accel: 0.058 0.205 0.902
Gyro: 1.266 -10.910 -5.889
Accel: 0.049 0.202 0.903
Gyro: 0.198 -8.529 -8.026
Accel: 0.060 0.208 0.939
Gyro: 0.930 -6.088 -10.269
Accel: 0.068 0.226 0.994
Gyro: 1.434 -5.828 -11.367
Accel: 0.052 0.243 1.006
Gyro: 6.546 -7.369 -11.062
Accel: 0.032 0.245 0.980
Gyro: 10.543 -8.087 -10.910
Accel: 0.025 0.240 0.981
Gyro: 13.549 -7.217 -11.489
Accel: 0.052 0.222 0.986
Gyro: 15.625 -6.469 -11.169
Accel: 0.080 0.200 0.981
Gyro: 17.150 -7.522 -9.506
Accel: 0.105 0.178 0.985
Gyro: 18.234 -10.345 -6.713
Accel: 0.110 0.164 1.011
Gyro: 19.439 -13.580 -4.608
Accel: 0.094 0.174 1.019
Gyro: 20.050 -16.403 -4.150
Accel: 0.047 0.174 0.996
Gyro: 18.234 -15.319 -6.439
Accel: 0.024 0.159 0.990
Gyro: 13.671 -11.764 -9.796
Accel: 0.020 0.152 0.979
Gyro: 8.483 -10.299 -11.917
Accel: 0.014 0.104 1.011
Gyro: 0.244 -10.437 -12.329
Accel: 0.015 0.125 0.955
Gyro: -6.500 -11.917 -12.695
Accel: 0.045 0.156 1.011
Gyro: -7.934 -12.680 -11.306
Accel: 0.062 0.184 1.027
Gyro: -4.714 -14.404 -8.941
Accel: 0.055 0.200 1.024
Gyro: 3.707 -16.983 -6.896
Accel: 0.004 0.195 0.988
Gyro: 2.929 -17.318 -6.301
Accel: 0.029 0.206 0.978
Gyro: 5.355 -14.907 -7.064
Accel: 0.030 0.231 0.977
Gyro: 7.751 -12.832 -7.705
Accel: 0.034 0.234 0.965
Gyro: 9.201 -10.864 -9.185
Accel: 0.028 0.233 0.951
Gyro: 10.498 -8.041 -10.574
Accel: 0.014 0.238 0.952
Gyro: 11.764 -4.806 -15.625
Accel: 0.011 0.221 0.954
Gyro: 13.214 -1.708 -12.069
Accel: 0.038 0.202 0.958
Gyro: 14.160 0.167 -11.383
Accel: 0.053 0.194 0.969
Gyro: 19.378 0.503 -9.567
Accel: 0.069 0.250 0.980
Gyro: 23.086 1.510 -8.239
Accel: 0.059 0.215 0.976
Gyro: 24.002 1.846 -8.438
Accel: 0.047 0.236 0.973
Gyro: 29.312 0.900 -8.270
Accel: 0.034 0.223 0.988
Gyro: 36.239 -2.304 -6.896
Accel: 0.069 0.184 1.025
Gyro: 41.961 -5.920 -5.798
Accel: 0.094 0.144 0.990
Gyro: 42.480 -12.084 -8.270
Accel: 0.066 0.096 0.959
Gyro: 35.156 -20.721 -10.391
Accel: 0.092 0.080 0.973
Gyro: 32.791 -26.947 -9.628
Accel: 0.104 0.054 0.963
Gyro: 28.579 -28.396 -8.346
Accel: 0.122 0.075 1.012
Gyro: 26.824 -31.173 -3.692
Accel: 0.036 0.110 1.069
Gyro: 26.779 -38.269 -2.349
Accel: 0.083 0.126 1.062
Gyro: 27.496 -46.371 -1.220
Accel: 0.077 0.098 1.055
Gyro: 28.564 -48.660 7.476
Accel: 0.006 0.071 1.0001
Gyro: 29.907 -44.570 7.553
Accel: 0.154 0.110 1.103
Gyro: 33.676 -43.609 4.577
Accel: 0.168 0.132 1.050
Gyro: 34.744 -41.427 5.142
Accel: 0.222 0.107 0.975
Gyro: 29.281 -33.218 1.831
Accel: 0.241 0.089 0.934
Gyro: 18.585 -17.623 -3.784
Accel: 0.222 0.075 0.933
Gyro: 9.246 -2.044 -7.019
Accel: 0.138 0.043 0.952
Gyro: 4.867 8.636 -8.712
Accel: 0.074 0.051 1.135
Gyro: 0.900 23.788 -13.0000
Accel: 0.296 0.021 0.945
Gyro: -11.535 42.404 -7.919
Accel: 0.050 0.125 0.998
Gyro: -7.369 44.891 -1.220
Accel: 0.239 0.142 1.012
Gyro: -2.517 48.553 -7.705
Accel: 0.185 0.190 1.033
Gyro: 0.457 47.698 -14.434
Accel: 0.004 0.134 1.022
Gyro: 1.647 47.943 -13.397
Accel: 0.044 0.045 1.052
Gyro: -2.990 40.344 0.015
Accel: 0.015 0.122 1.086
Gyro: 4.913 38.909 0.823
Accel: 0.045 0.142 1.077
Gyro: 11.108 32.257 2.212
Accel: 0.026 0.150 1.068
Gyro: 16.784 25.848 6.301
Accel: 0.016 0.110 1.026
Gyro: 17.990 20.980 5.935
Accel: 0.031 0.075 1.0010
Gyro: 13.854 18.905 4.074
Accel: 0.052 0.092 1.015
Gyro: 5.691 17.211 5.706
Accel: 0.058 0.099 1.021
Gyro: -1.861 13.702 8.987
Accel: 0.047 0.103 1.038
Gyro: -6.835 6.927 11.825
Accel: 0.058 0.111 1.032
Gyro: -2.334 -1.312 13.534
Accel: 0.081 0.092 1.012
Gyro: 3.509 -8.132 12.298
Accel: 0.089 0.120 1.034
Gyro: 8.514 -13.870 9.963
Accel: 0.052 0.157 1.092
Gyro: 13.748 -10.757 9.872
Accel: 0.020 0.149 1.075
Gyro: 16.372 -5.355 12.069
Accel: 0.016 0.118 1.013
Gyro: 15.625 -8.239 15.609
Accel: 0.003 0.057 1.028
Gyro: 12.329 -16.220 16.647
Accel: 0.006 0.109 1.056
Gyro: -3.036 -21.499 18.951
Accel: 0.065 0.095 1.082
Gyro: -4.455 -40.634 22.506
Accel: 0.093 0.110 1.035
Gyro: -4.013 -52.917 25.222
Accel: 0.002 0.122 0.977
Gyro: -2.624 -54.168 23.178
Accel: 0.047 0.118 1.035
Gyro: 1.815 -44.586 14.556
Accel: 0.016 0.099 1.114
Gyro: 8.651 -31.005 5.294
Accel: 0.171 0.056 1.363
Gyro: 5.599 9.445 -3.692
Accel: 0.165 0.071 1.124
Gyro: 2.212 26.367 -7.080
Accel: 0.002 0.077 1.274
Gyro: -3.036 40.679 -4.898
Accel: 0.038 0.023 1.215
Gyro: -5.584 53.146 -2.761
Accel: 0.027 0.012 1.150
Gyro: -8.178 59.600 -3.219
Accel: 0.003 0.014 1.157
Gyro: -11.154 62.332 -4.425
Accel: 0.030 0.042 1.087
Gyro: -13.687 62.225 -3.768
Accel: 0.056 0.076 1.106
Gyro: -14.114 59.860 -2.349
Accel: 0.086 0.072 1.088
Gyro: -12.283 56.640 -1.159
Accel: 0.076 0.075 1.070
Gyro: -14.038 49.606 0.106
Accel: 0.092 0.075 1.007
Gyro: -13.824 47.866 -3.082
Accel: 0.090 0.091 0.972
Gyro: -12.741 45.578 -5.569
Accel: 0.104 0.132 0.948
Gyro: -10.696 41.061 -11.505
Accel: 0.112 0.137 0.928
Gyro: -8.468 35.049 -9.323
Accel: 0.116 0.134 0.919
Gyro: -5.813 27.267 -11.0001
Accel: 0.125 0.131 0.921
Gyro: -2.517 17.425 -11.886
Accel: 0.136 0.128 0.922
Gyro: 0.946 7.522 -11.474
Accel: 0.131 0.131 0.951
Gyro: 4.837 -2.029 -10.299
Accel: 0.125 0.121 0.955
Gyro: 8.193 -11.108 -9.475
Accel: 0.129 0.090 0.952
Gyro: 9.933 -18.966 -9.475
Accel: 0.114 0.074 0.949
Gyro: 10.726 -24.871 -10.360
Accel: 0.083 0.072 0.945
Gyro: 10.864 -30.410 -11.581
Accel: 0.055 0.092 0.942
Gyro: 10.620 -35.339 -12.664
Accel: 0.037 0.110 0.941
Gyro: 9.994 -39.886 -12.725
Accel: 0.053 0.125 0.943
Gyro: 9.384 -43.548 -12.115
Accel: 0.051 0.131 0.964
Gyro: 9.506 -45.043 -12.207
Accel: 0.025 0.133 0.982
Gyro: 8.926 -44.067 -12.588
Accel: 0.0000 0.120 0.999
Gyro: 7.919 -40.649 -12.481
Accel: 0.024 0.133 1.004
Gyro: 6.149 -37.094 -11.367
Accel: 0.049 0.112 1.013
Gyro: 4.745 -32.180 -11.138
Accel: 0.049 0.081 0.997
Gyro: 3.128 -25.817 -11.230
Accel: 0.041 0.069 1.004
Gyro: 1.159 -19.454 -11.062
Accel: 0.026 0.064 1.006
Gyro: 0.976 -14.007 -10.238
Accel: 0.026 0.062 1.006
Gyro: -2.120 -10.437 -10.009
Accel: 0.021 0.071 0.996
Gyro: -2.471 -7.995 -9.811
Accel: 0.0010 0.071 0.985
Gyro: -2.639 -5.813 -9.140
Accel: 0.013 0.072 0.979
Gyro: -2.319 -5.325 -8.407
Accel: 0.015 0.078 0.985
Gyro: -1.022 -6.805 -7.369
Accel: 0.016 0.081 0.979
Gyro: 1.190 -9.643 -6.042
Accel: 0.019 0.079 0.977
Gyro: 4.318 -13.748 -5.432
Accel: 0.017 0.075 0.970
Gyro: 7.431 -19.149 -5.676
Accel: 0.006 0.098 0.955
Gyro: 10.192 -25.482 -5.096
Accel: 0.012 0.111 0.943
Gyro: 13.198 -32.791 -4.989
Accel: 0.003 0.106 0.921
Gyro: 15.716 -39.215 -5.279
Accel: 0.0000 0.098 0.920
Gyro: 17.868 -44.082 -6.332
Accel: 0.003 0.090 0.921
Gyro: 18.920 -49.270 -7.095
Accel: 0.014 0.093 0.938
Gyro: 20.294 -53.192 -6.790
Accel: 0.023 0.057 0.966
Gyro: 21.713 -54.382 -4.974
Accel: 0.121 0.044 0.987
Gyro: 22.323 -52.429 -2.975
Accel: 0.096 0.014 0.996
Gyro: 21.301 -47.622 -2.716
Accel: 0.111 0.006 1.0000
Gyro: 19.439 -40.695 -3.112
Accel: 0.119 0.0000 1.002
Gyro: 16.403 -32.348 -3.646
Accel: 0.119 0.0000 1.006
Gyro: 12.786 -25.024 -4.302
Accel: 0.112 0.002 1.011
Gyro: 8.895 -16.952 -4.638
Accel: 0.103 0.004 1.018
Gyro: 6.011 -9.460 -4.638
Accel: 0.097 0.014 1.013
Gyro: 3.112 -1.693 -3.768
Accel: 0.097 0.0010 1.021
Gyro: 0.396 7.339 -2.548
Accel: 0.096 0.008 1.029
Gyro: -2.075 16.830 -1.480
Accel: 0.081 0.016 1.024
Gyro: -4.928 26.046 0.030
Accel: 0.074 0.016 1.009
Gyro: -8.117 34.515 0.869
Accel: 0.060 0.025 0.991
Gyro: -11.474 40.512 0.991
Accel: 0.040 0.035 0.969
Gyro: -15.228 45.516 1.327
Accel: 0.033 0.031 0.953
Gyro: -18.783 48.431 1.251
Accel: 0.023 0.033 0.947
Gyro: -21.575 48.217 1.144
Accel: 0.013 0.031 0.942
Gyro: -27.252 45.318 1.129
Accel: 0.002 0.033 0.941
Gyro: -23.742 40.222 1.174
Accel: 0.008 0.035 0.936
Gyro: -23.193 33.203 1.602
Accel: 0.018 0.037 0.930
Gyro: -21.820 25.939 1.495
Accel: 0.028 0.041 0.927
Gyro: -20.187 19.012 0.961
Accel: 0.034 0.050 0.922
Gyro: -18.417 10.650 0.167
Accel: 0.034 0.062 0.926
Gyro: -16.571 1.953 0.930
Accel: 0.041 0.073 0.937
Gyro: -13.992 -7.064 -1.831
Accel: 0.042 0.081 0.944
Gyro: -10.787 -14.770 -2.243
Accel: 0.032 0.085 0.953
Gyro: -7.492 -21.301 -2.792
Accel: 0.012 0.086 0.962
Gyro: -4.653 -26.077 -3.219
Accel: 0.004 0.086 0.969
Gyro: -2.120 -28.564 -3.082
Accel: 0.022 0.086 0.977
Gyro: 0.305 -28.869 -3.036
Accel: 0.037 0.086 0.981
Gyro: 0.793 -27.130 -3.250
Accel: 0.052 0.089 0.992
Gyro: 1.373 -24.368 -3.662
Accel: 0.035 0.081 0.986
Gyro: 1.785 -20.385 -2.807
Accel: 0.072 0.087 1.026
Gyro: 2.914 -16.494 -3.555
Accel: 0.049 0.103 0.998
Gyro: 3.356 -12.527 -3.570
Accel: 0.059 0.099 1.007
Gyro: 3.311 -8.651 -4.058
Accel: 0.053 0.097 1.006
Gyro: 3.433 -5.325 -4.333
Accel: 0.052 0.097 1.008
Gyro: 3.219 -2.822 -3.997
Accel: 0.056 0.092 1.006
Gyro: 3.417 0.335 -3.707
Accel: 0.055 0.088 0.999
Gyro: 3.341 1.358 -3.128
Accel: 0.058 0.088 0.994
Gyro: 2.685 1.983 -2.670
Accel: 0.057 0.093 0.999
Gyro: 2.395 1.495 -2.349
Accel: 0.044 0.0100 1.002
Gyro: 2.548 0.076 -2.029
Accel: 0.038 0.101 1.003
Gyro: 3.097 -2.166 -1.846
Accel: 0.035 0.106 1.006
Gyro: 3.967 -4.653 -1.861
Accel: 0.034 0.107 1.009
Gyro: 5.447 -11.535 -1.846
Accel: 0.036 0.104 1.0010
Gyro: 6.530 -10.192 -1.922
Accel: 0.043 0.102 1.013
Gyro: 8.056 -12.817 -2.029
Accel: 0.047 0.097 1.019
Gyro: 9.918 -15.136 -1.907
Accel: 0.054 0.091 1.022
Gyro: 11.520 -17.395 -1.480
Accel: 0.055 0.083 1.023
Gyro: 13.0000 -18.997 -1.144
Accel: 0.055 0.080 1.023
Gyro: 13.946 -20.141 0.823
Accel: 0.060 0.075 1.021
Gyro: 14.465 -21.240 0.946
Accel: 0.067 0.068 1.020
Gyro: 14.587 -21.728 -1.159
Accel: 0.073 0.061 1.012
Gyro: 14.129 -21.774 -1.007
Accel: 0.078 0.053 1.006
Gyro: 12.939 -20.812 0.503
Accel: 0.093 0.048 1.004
Gyro: 11.627 -17.990 0.488
Accel: 0.095 0.049 1.008
Gyro: 10.757 -13.641 0.518
Accel: 0.095 0.044 1.008
Gyro: 9.399 -9.353 0.228
Accel: 0.0100 0.042 1.007
Gyro: 7.781 -5.126 0.839
Accel: 0.0100 0.042 1.002
Gyro: 6.118 0.976 1.266
Accel: 0.091 0.040 1.004
Gyro: 4.562 2.639 1.846
Accel: 0.085 0.038 1.008
Gyro: 3.494 5.645 2.456
Accel: 0.080 0.039 1.006
Gyro: 2.716 7.583 3.250
Accel: 0.076 0.038 0.999
Gyro: 1.922 9.033 3.524
Accel: 0.069 0.036 0.992
Gyro: 1.480 10.711 3.540
Accel: 0.065 0.035 0.991
Gyro: 0.854 11.962 3.265
Accel: 0.063 0.036 0.990
Gyro: 0.640 12.008 3.067
Accel: 0.055 0.041 0.990
Gyro: 0.869 11.215 3.097
Accel: 0.051 0.046 0.994
Gyro: 1.770 9.826 3.341
Accel: 0.046 0.049 0.994
Gyro: 2.700 7.431 3.570
Accel: 0.042 0.049 0.992
Gyro: 7.736 4.409 3.906
Accel: 0.045 0.044 0.993
Gyro: 5.004 1.434 4.211
Accel: 0.046 0.041 0.995
Gyro: 6.042 -1.403 4.486
Accel: 0.046 0.037 0.993
Gyro: 6.805 -3.692 4.547
Accel: 0.048 0.037 0.995
Gyro: 7.186 -5.554 4.455
Accel: 0.054 0.035 0.998
Gyro: 7.629 -6.652 4.058
Accel: 0.056 0.035 1.0000
Gyro: 7.904 -7.720 3.753
Accel: 0.063 0.036 1.005
Gyro: 7.858 -8.422 3.646
Accel: 0.072 0.037 1.008
Gyro: 8.148 -8.987 3.768
Accel: 0.072 0.032 1.007
Gyro: 8.071 -8.804 4.196
Accel: 0.075 0.028 1.007
Gyro: 7.873 -8.087 4.348
Accel: 0.076 0.024 1.009
Gyro: 7.354 -6.973 4.409
Accel: 0.077 0.019 1.012
Gyro: 6.484 -5.966 4.333
Accel: 0.077 0.015 1.013
Gyro: 5.737 -4.989 4.074
Accel: 0.080 0.012 1.013
Gyro: 4.745 -3.097 3.982
Accel: 0.086 0.013 1.014
Gyro: 0.045 0.656 3.784
Accel: 0.090 0.016 1.012
Gyro: 2.868 1.663 3.967
Accel: 0.096 0.021 1.009
Gyro: 2.288 3.417 3.875
Accel: 0.093 0.024 1.006
Gyro: 1.724 4.959 3.814
Accel: 0.087 0.023 1.0001
Gyro: 1.098 6.332 3.936
Accel: 0.086 0.022 1.0000
Gyro: 0.427 7.156 3.860
Accel: 0.084 0.021 1.0000
Gyro: 0.198 7.827 3.784
Accel: 0.078 0.020 0.998
Gyro: 0.839 7.736 3.540
Accel: 0.073 0.018 0.995
Gyro: -1.647 7.003 3.433
Accel: 0.073 0.016 0.993
Gyro: -2.365 5.630 3.051
Accel: 0.071 0.014 0.991
Gyro: -3.021 3.906 2.563
Accel: 0.073 0.019 0.997
Gyro: -2.914 1.770 2.273
Accel: 0.069 0.028 1.002
Gyro: -2.243 0.686 2.197
Accel: 0.065 0.032 1.003
Gyro: -1.190 -3.051 2.014
Accel: 0.064 0.031 0.997
Gyro: 0.747 -4.791 1.861
Accel: 0.070 0.032 0.998
Gyro: 0.671 -6.439 1.495
Accel: 0.072 0.034 1.003
Gyro: 0.473 -7.339 1.296
Accel: 0.073 0.037 1.009
Gyro: 0.259 -7.247 1.266
Accel: 0.081 0.037 1.009
Gyro: 0.305 -6.851 1.037
Accel: 0.083 0.036 1.014
Gyro: 0.579 -5.599 0.946
Accel: 0.085 0.036 1.016
Gyro: 0.610 -4.592 0.946
Accel: 0.084 0.032 1.016
Gyro: 0.747 -3.265 1.022
Accel: 0.081 0.031 1.016
Gyro: 0.976 -2.197 0.778
Accel: 0.081 0.030 1.016
Gyro: -1.205 -1.403 0.701
Accel: 0.081 0.028 1.016
Gyro: -1.190 0.778 0.671
Accel: 0.082 0.028 1.017
Gyro: -1.510 0.411 0.717
Accel: 0.082 0.031 1.018
Gyro: -1.602 0.213 0.732
Accel: 0.079 0.037 1.014
Gyro: -1.388 0.015 1.052
Accel: 0.083 0.036 1.016
Gyro: -1.358 0.015 1.144
Accel: 0.082 0.037 1.0010
Gyro: -1.388 0.488 1.068
Accel: 0.079 0.039 1.012
Gyro: -1.358 0.991 1.190
Accel: 0.077 0.039 1.013
Gyro: -1.052 1.632 1.144
Accel: 0.074 0.040 1.011
Gyro: 0.885 2.273 1.144
Accel: 0.074 0.037 1.007
Gyro: 0.579 2.670 1.251
Accel: 0.072 0.039 1.004
Gyro: 0.274 3.082 1.113
Accel: 0.072 0.038 1.002
Gyro: 0.061 3.387 0.930
Accel: 0.072 0.036 1.0000
Gyro: 0.061 3.448 0.640
Accel: 0.074 0.036 0.997
Gyro: 0.335 3.433 0.579
Accel: 0.077 0.035 0.997
Gyro: 0.640 3.555 0.518
Accel: 0.076 0.034 0.996
Gyro: 1.068 3.417 0.518
Accel: 0.076 0.034 0.993
Gyro: 1.449 3.112 0.610
Accel: 0.073 0.035 0.993
Gyro: 1.724 2.410 0.564
Accel: 0.070 0.037 0.995
Gyro: 2.349 1.495 0.747
Accel: 0.066 0.033 0.997
Gyro: 3.082 0.259 0.946
Accel: 0.063 0.033 0.998
Gyro: 3.585 0.900 1.251
Accel: 0.064 0.031 0.998
Gyro: 3.738 -1.739 1.144
Accel: 0.068 0.030 0.998
Gyro: 3.677 -2.685 1.083
Accel: 0.072 0.031 1.0001
Gyro: 3.280 -3.158 1.037
Accel: 0.075 0.030 1.002
Gyro: 3.036 -3.250 0.976
Accel: 0.079 0.030 1.006
Gyro: 2.838 -3.189 1.159
Accel: 0.080 0.032 1.008
Gyro: 3.051 -2.700 1.434
Accel: 0.080 0.031 1.0010
Gyro: 2.761 -2.288 1.571
Accel: 0.078 0.032 1.0010
Gyro: 2.502 -1.708 1.586
Accel: 0.080 0.031 1.009
Gyro: 2.227 -1.052 1.541
Accel: 0.076 0.032 1.008
Gyro: 1.876 0.350 1.403
Accel: 0.072 0.031 1.009
Gyro: 1.190 0.045 1.251
Accel: 0.072 0.031 1.0010
Gyro: 0.961 0.671 1.159
Accel: 0.066 0.032 1.0010
Gyro: 0.991 0.946 1.327
Accel: 0.068 0.028 1.008
Gyro: 0.885 0.885 1.449
Accel: 0.073 0.028 1.008
Gyro: 1.190 0.839 1.449
Accel: 0.068 0.031 1.003
Gyro: 1.007 0.686 1.525
Accel: 0.070 0.030 1.004
Gyro: 0.747 0.289 1.434
Accel: 0.067 0.031 1.006
Gyro: 0.778 0.045 1.205
Accel: 0.066 0.034 1.007
Gyro: 0.915 0.167 0.961
Accel: 0.068 0.034 1.0010
Gyro: 0.976 0.640 0.915
Accel: 0.070 0.035 1.008
Gyro: 1.266 0.595 0.930
Accel: 0.072 0.032 1.012
Gyro: 1.434 0.350 0.854
Accel: 0.074 0.031 1.014
Gyro: 1.007 0.366 0.976
Accel: 0.071 0.030 1.017
Gyro: 1.007 0.442 0.946
Accel: 0.070 0.029 1.018
Gyro: 0.762 0.320 1.098
Accel: 0.071 0.027 1.016
Gyro: 0.488 0.183 0.900
Accel: 0.071 0.030 1.014
Gyro: 0.015 0.106 0.793
Accel: 0.070 0.030 1.011
Gyro: 0.335 0.473 0.595
Accel: 0.076 0.028 1.0010
Gyro: 0.427 0.732 0.289
Accel: 0.071 0.028 1.009
Gyro: 0.976 1.205 0.488
Accel: 0.075 0.028 1.011
Gyro: -1.022 1.647 0.381
Accel: 0.069 0.027 1.0010
Gyro: -1.342 2.273 0.259
Accel: 0.070 0.030 1.013
Gyro: -1.663 2.548 0.106
Accel: 0.069 0.029 1.013
Gyro: -1.754 2.532 0.0000
Accel: 0.066 0.029 1.011
Gyro: -1.846 2.609 0.061
Accel: 0.066 0.031 1.0010
Gyro: -2.105 2.761 0.061
Accel: 0.063 0.032 1.007
Gyro: -2.426 2.929 0.015
Accel: 0.063 0.028 1.005
Gyro: -2.655 3.250 0.198
Accel: 0.067 0.029 1.003
Gyro: -2.670 3.524 0.366
Accel: 0.065 0.035 1.0001
Gyro: -2.639 3.433 0.503
Accel: 0.064 0.032 0.994
Gyro: -2.700 3.280 0.885
Accel: 0.066 0.033 0.993
Gyro: -3.021 2.990 -1.266
Accel: 0.0000 0.040 0.997
Gyro: -2.883 2.746 -1.312
Accel: 0.060 0.040 1.0000
Gyro: -2.670 2.258 0.976
Accel: 0.059 0.037 1.002
Gyro: -2.593 1.419 0.747
Accel: 0.055 0.035 1.003
Gyro: -2.487 0.564 0.640
Accel: 0.056 0.035 1.002
Gyro: -2.441 0.137 0.534
Accel: 0.058 0.034 1.0001
Gyro: -2.532 0.381 0.442
Accel: 0.056 0.036 1.061
Gyro: -2.563 0.549 0.564
Accel: 0.060 0.039 1.0000
Gyro: -2.243 0.625 0.488
Accel: 0.061 0.042 1.0000
Gyro: -1.846 0.457 0.305
Accel: 0.060 0.047 0.999
Gyro: -1.541 0.885 0.122
Accel: 0.060 0.045 0.999
Gyro: 0.930 -1.190 0.091
Accel: 0.060 0.043 1.0000
Gyro: 0.610 -1.556 0.015
Accel: 0.061 0.042 1.0001
Gyro: 0.473 -2.304 0.0000
Accel: 0.060 0.041 1.006
Gyro: 0.289 -3.112 0.152
Accel: 0.060 0.043 1.013
Gyro: 0.122 -3.936 0.305
Accel: 0.055 0.045 1.0010
Gyro: 0.762 -4.699 0.534
Accel: 0.057 0.045 1.0010
Gyro: 1.159 -4.852 0.457
Accel: 0.061 0.047 1.008
Gyro: 1.541 -5.020 0.503
Accel: 0.064 0.049 1.007
Gyro: 1.953 -4.852 0.595
Accel: 0.066 0.044 1.008
Gyro: 2.166 -4.577 0.778
Accel: 0.068 0.040 1.006
Gyro: 1.998 -4.043 0.900
Accel: 0.065 0.037 1.006
Gyro: 1.800 -3.189 0.808
Accel: 0.065 0.038 1.009
Gyro: 1.846 -2.212 0.778
Accel: 0.064 0.037 1.0010
Gyro: 1.708 -1.190 0.854
Accel: 0.070 0.036 1.011
Gyro: 1.449 0.473 0.640
Accel: 0.068 0.036 1.013
Gyro: 1.556 0.335 0.503
Accel: 0.066 0.037 1.017
Gyro: 1.800 1.113 0.701
Accel: 0.066 0.036 0.994
Gyro: 0.717 0.625 0.152
Accel: 0.065 0.038 0.993
Gyro: 0.946 -3.875 0.045
Accel: 0.062 0.039 0.997
Gyro: -1.052 0.701 0.061
Accel: 0.0000 0.039 1.002
Gyro: 0.915 -1.571 0.228
Accel: 0.061 0.041 1.002
Gyro: 0.610 -2.502 0.289
Accel: 0.063 0.038 1.0000
Gyro: 0.579 -3.158 0.411
