Accel: 0.107 0.013 1.007
Gyro: -4.043 9.048 -1.998
Accel: 0.105 0.013 1.011
Gyro: -4.150 8.132 -1.312
Accel: 0.103 0.014 1.017
Gyro: -3.768 7.110 0.198
Accel: 0.101 0.015 1.020
Gyro: -3.280 5.752 0.900
Accel: 0.098 0.016 1.025
Gyro: -3.250 4.592 1.739
Accel: 0.097 0.013 1.026
Gyro: -2.883 3.250 2.471
Accel: 0.097 0.005 1.031
Gyro: -2.105 1.403 3.082
Accel: 0.096 0.0001 1.034
Gyro: 0.915 0.579 3.646
Accel: 0.098 0.002 1.035
Gyro: 0.289 -2.441 3.707
Accel: 0.102 0.003 1.033
Gyro: 1.113 -3.997 3.555
Accel: 0.107 0.0001 1.026
Gyro: 1.739 -5.371 3.540
Accel: 0.112 0.003 1.019
Gyro: 1.907 -6.408 3.173
Accel: 0.117 0.006 1.018
Gyro: 1.907 -7.125 2.914
Accel: 0.118 0.009 1.016
Gyro: 2.090 -7.568 2.426
Accel: 0.118 0.011 1.017
Gyro: 2.380 -7.064 2.151
Accel: 0.119 0.011 1.015
Gyro: 3.158 -5.722 2.029
Accel: 0.123 0.016 1.011
Gyro: 4.028 -4.394 2.227
Accel: 0.126 0.018 1.005
Gyro: 4.837 -2.853 2.655
Accel: 0.129 0.023 0.996
Gyro: 5.126 -1.510 3.097
Accel: 0.129 0.026 0.989
Gyro: 5.126 0.579 3.341
Accel: 0.129 0.027 0.979
Gyro: 4.608 0.152 3.143
Accel: 0.127 0.028 0.972
Gyro: 3.540 0.076 2.777
Accel: 0.126 0.026 0.969
Gyro: 2.548 0.762 2.532
Accel: 0.124 0.025 0.967
Gyro: 1.434 -1.296 2.075
Accel: 0.118 0.022 0.969
Gyro: 0.274 -1.556 1.464
Accel: 0.117 0.024 0.972
Gyro: -1.525 -1.815 1.327
Accel: 0.119 0.027 0.975
Gyro: -2.700 -1.724 1.525
Accel: 0.120 0.031 0.979
Gyro: -7.781 -1.205 1.846
Accel: 0.121 0.028 0.984
Gyro: -4.394 0.518 2.273
Accel: 0.117 0.021 0.985
Gyro: -4.440 0.183 3.082
Accel: 0.116 0.015 0.989
Gyro: -4.119 0.488 3.601
Accel: 0.115 0.006 0.992
Gyro: -3.219 0.534 3.829
Accel: 0.114 0.003 0.995
Gyro: -2.487 0.411 3.692
Accel: 0.114 0.006 0.995
Gyro: -1.754 0.549 3.311
Accel: 0.113 0.006 0.998
Gyro: -1.220 0.549 3.005
Accel: 0.115 0.007 0.998
Gyro: -1.007 0.885 2.777
Accel: 0.115 0.0000 1.0000
Gyro: 0.930 1.190 2.685
Accel: 0.116 0.0001 1.0001
Gyro: 0.671 1.510 2.624
Accel: 0.115 0.0000 1.002
Gyro: 0.442 1.815 2.899
Accel: 0.116 0.0000 1.0001
Gyro: 0.061 1.800 3.204
Accel: 0.117 0.0001 1.002
Gyro: 0.457 1.464 3.448
Accel: 0.118 0.0000 1.003
Gyro: 0.946 0.350 3.234
Accel: 0.119 0.0000 1.0001
Gyro: 1.129 0.747 2.395
Accel: 0.113 0.0000 0.998
Gyro: 0.946 -2.426 1.525
Accel: 0.113 0.0000 0.996
Gyro: 0.595 -4.119 0.701
Accel: 0.116 0.004 0.993
Gyro: 0.015 -5.325 0.320
Accel: 0.118 0.008 0.993
Gyro: 0.717 -6.179 0.122
Accel: 0.119 0.0010 0.992
Gyro: -1.678 -6.652 0.320
Accel: 0.122 0.016 0.993
Gyro: -2.395 -6.668 0.503
Accel: 0.123 0.016 0.996
Gyro: -2.777 -6.378 1.052
Accel: 0.062 0.013 0.999
Gyro: -2.349 -5.844 1.556
Accel: 0.127 0.009 1.0001
Gyro: -1.449 -4.928 1.770
Accel: 0.128 0.005 1.004
Gyro: 0.488 -3.845 1.739
Accel: 0.124 0.0001 1.002
Gyro: 0.335 -2.532 1.403
Accel: 0.122 0.002 1.0000
Gyro: 0.732 -1.281 0.976
Accel: 0.124 0.0000 0.997
Gyro: 1.205 3.829 0.808
Accel: 0.126 0.0000 0.995
Gyro: 1.403 1.205 0.564
Accel: 0.126 0.004 0.992
Gyro: 1.449 2.151 0.427
Accel: 0.128 0.004 0.990
Gyro: 1.358 2.792 0.381
Accel: 0.062 0.004 0.989
Gyro: 0.991 3.067 0.473
Accel: 0.122 0.004 0.990
Gyro: 0.793 2.563 0.396
Accel: 0.119 0.0001 0.991
Gyro: 0.305 2.166 0.289
Accel: 0.119 0.003 0.992
Gyro: 0.015 1.464 0.289
Accel: 0.121 0.0001 0.996
Gyro: 0.167 0.701 0.213
Accel: 0.122 0.003 0.996
Gyro: 0.579 -3.829 0.045
Accel: 0.121 0.0000 1.0000
Gyro: -1.312 0.244 0.228
Accel: 0.120 0.0001 1.0001
Gyro: -2.487 0.305 0.396
Accel: 0.118 0.0001 1.005
Gyro: -3.646 0.366 0.198
Accel: 0.117 0.0001 1.009
Gyro: -4.913 0.076 0.106
Accel: 0.115 0.003 1.014
Gyro: -5.920 1.007 0.137
Accel: 0.114 0.0010 1.019
Gyro: -6.271 1.968 0.061
Accel: 0.114 0.012 1.023
Gyro: -5.889 3.021 0.061
Accel: 0.114 0.014 1.028
Gyro: -4.776 3.860 0.411
Accel: 0.107 0.022 1.033
Gyro: -3.097 4.486 -1.022
Accel: 0.102 0.028 1.035
Gyro: -1.419 4.898 -1.693
Accel: 0.097 0.031 1.031
Gyro: 0.427 4.806 -2.166
Accel: 0.093 0.031 1.033
Gyro: 2.227 4.455 -2.487
Accel: 0.093 0.024 1.035
Gyro: 3.799 4.150 -2.777
Accel: 0.092 0.020 1.033
Gyro: 5.096 3.402 -2.960
Accel: 0.089 0.019 1.031
Gyro: 5.706 2.624 -3.173
Accel: 0.085 0.017 1.028
Gyro: 6.042 1.968 -3.326
Accel: 0.083 0.018 1.023
Gyro: 6.027 1.144 -3.295
Accel: 0.081 0.014 1.019
Gyro: 5.599 0.396 -3.097
Accel: 0.083 0.008 1.016
Gyro: 5.477 0.930 -2.655
Accel: 0.083 0.006 1.015
Gyro: 5.264 -1.525 -2.105
Accel: 0.081 0.004 1.013
Gyro: 5.111 -2.243 -1.342
Accel: 0.081 0.002 1.0010
Gyro: 5.020 -2.792 0.427
Accel: 0.083 0.0000 1.008
Gyro: 4.913 -3.387 0.595
Accel: 0.087 0.0000 1.007
Gyro: 4.852 -4.028 1.632
Accel: 0.092 0.002 1.006
Gyro: 5.111 -4.699 2.044
Accel: 0.094 0.003 1.005
Gyro: 5.401 -5.096 2.273
Accel: 0.096 0.003 1.002
Gyro: 5.889 -5.599 2.243
Accel: 0.097 0.0001 1.0000
Gyro: 6.179 -6.011 2.288
Accel: 0.0100 0.002 0.995
Gyro: 6.347 -6.484 2.365
Accel: 0.105 0.0010 0.993
Gyro: 6.072 -7.141 2.349
Accel: 0.109 0.013 0.992
Gyro: 5.599 -7.614 1.983
Accel: 0.111 0.014 0.988
Gyro: 5.172 -7.934 1.541
Accel: 0.110 0.011 0.984
Gyro: 4.623 -8.0010 1.251
Accel: 0.109 0.013 0.979
Gyro: 3.936 -7.614 1.129
Accel: 0.109 0.015 0.977
Gyro: 3.707 -6.942 1.159
Accel: 0.112 0.018 0.976
Gyro: 3.768 -5.889 1.281
Accel: 0.113 0.021 0.972
Gyro: 3.753 -4.425 1.770
Accel: 0.115 0.028 0.967
Gyro: 3.387 -3.280 2.578
Accel: 0.123 0.033 0.973
Gyro: 3.265 -3.082 7.751
Accel: 0.124 0.037 0.978
Gyro: 2.838 -2.212 4.394
Accel: 0.124 0.030 0.979
Gyro: 2.441 -1.907 4.989
Accel: 0.122 0.026 0.980
Gyro: 2.090 -1.525 5.294
Accel: 0.119 0.021 0.979
Gyro: 1.388 0.976 5.279
Accel: 0.121 0.022 0.977
Gyro: 0.122 0.366 5.523
Accel: 0.127 0.023 0.981
Gyro: -1.159 0.778 5.889
Accel: 0.131 0.020 0.989
Gyro: -1.724 -1.159 5.828
Accel: 0.128 0.016 0.995
Gyro: -1.876 -1.724 5.325
Accel: 0.124 0.011 0.997
Gyro: -1.876 -2.258 4.501
Accel: 0.123 0.0010 0.996
Gyro: -1.907 -2.349 3.784
Accel: 0.123 0.011 0.989
Gyro: -2.502 -1.968 3.326
Accel: 0.126 0.015 0.983
Gyro: -3.356 -2.120 3.265
Accel: 0.126 0.013 0.987
Gyro: -3.448 -2.731 3.234
Accel: 0.131 0.012 0.994
Gyro: -2.929 -2.563 2.792
Accel: 0.126 0.008 0.998
Gyro: -1.953 -1.968 2.227
Accel: 0.123 0.012 0.999
Gyro: -1.174 -1.022 1.464
Accel: 0.121 0.011 0.995
Gyro: 0.930 0.244 1.266
Accel: 0.122 0.018 0.990
Gyro: -1.022 0.930 1.876
Accel: 0.062 0.025 0.987
Gyro: -1.937 1.358 2.365
Accel: 0.123 0.022 0.989
Gyro: -2.883 1.144 3.082
Accel: 0.125 0.023 0.990
Gyro: -3.890 0.427 3.372
Accel: 0.121 0.015 0.994
Gyro: -5.035 0.411 3.555
Accel: 0.120 0.008 0.997
Gyro: -6.103 -1.144 3.204
Accel: 0.123 0.009 1.0000
Gyro: -7.003 -2.502 2.883
Accel: 0.063 0.003 1.006
Gyro: -7.507 -3.601 2.517
Accel: 0.126 0.002 1.011
Gyro: -7.232 -4.486 2.166
Accel: 0.125 0.002 1.014
Gyro: -6.759 -4.913 1.678
Accel: 0.128 0.003 1.018
Gyro: -6.271 -4.867 1.358
Accel: 0.081 0.182 0.783
Gyro: 23.559 31.768 17.715
Accel: 0.119 0.190 0.788
Gyro: 18.951 30.929 10.879
Accel: 0.117 0.191 0.801
Gyro: 14.297 28.747 0.030
Accel: 0.079 0.181 0.828
Gyro: 9.780 25.421 -7.644
Accel: 0.018 0.149 0.843
Gyro: 5.523 21.224 -8.972
Accel: 0.035 0.116 0.849
Gyro: 2.395 15.075 -10.925
Accel: 0.062 0.083 0.845
Gyro: 0.457 9.597 -10.925
Accel: 0.060 0.080 0.844
Gyro: -1.174 7.003 -10.009
Accel: 0.053 0.107 0.851
Gyro: -3.601 7.263 -8.132
Accel: 0.044 0.113 0.855
Gyro: -7.232 8.392 -5.859
Accel: 0.044 0.099 0.851
Gyro: -10.086 8.407 -3.631
Accel: 0.046 0.087 0.854
Gyro: -11.810 8.926 -1.159
Accel: 0.048 0.085 0.859
Gyro: -13.427 10.437 0.289
Accel: 0.059 0.093 0.863
Gyro: -15.014 11.306 0.534
Accel: 0.073 0.103 0.877
Gyro: -17.303 11.962 0.091
Accel: 0.105 0.104 0.884
Gyro: -19.378 11.795 0.900
Accel: 0.119 0.097 0.879
Gyro: -19.683 10.986 -1.083
Accel: 0.113 0.089 0.869
Gyro: -17.990 10.223 0.839
Accel: 0.091 0.091 0.864
Gyro: -14.938 9.582 0.686
Accel: 0.066 0.108 0.861
Gyro: -12.084 9.780 0.656
Accel: 0.038 0.130 0.854
Gyro: -10.009 10.025 -1.281
Accel: 0.017 0.142 0.847
Gyro: -8.422 10.833 -2.349
Accel: 0.0010 0.148 0.840
Gyro: -7.522 11.581 -3.616
Accel: 0.031 0.138 0.845
Gyro: -7.949 11.672 -4.974
Accel: 0.124 0.111 0.856
Gyro: -9.994 10.726 -5.615
Accel: 0.094 0.082 0.864
Gyro: -12.832 8.728 -5.004
Accel: 0.111 0.066 0.868
Gyro: -15.014 5.203 -3.631
Accel: 0.107 0.067 0.873
Gyro: -16.387 2.044 -1.892
Accel: 0.078 0.067 0.878
Gyro: -17.578 0.213 -1.068
Accel: 0.049 0.052 0.876
Gyro: -17.745 -1.556 -1.907
Accel: 0.034 0.048 0.883
Gyro: -16.815 -4.272 -4.013
Accel: 0.020 0.067 0.902
Gyro: -15.762 -6.652 -7.675
Accel: 0.032 0.101 0.920
Gyro: -15.380 -9.216 -12.115
Accel: 0.055 0.119 0.936
Gyro: -14.602 -12.969 -16.235
Accel: 0.075 0.092 0.945
Gyro: -13.0000 -17.013 -18.508
Accel: 0.084 0.051 0.949
Gyro: -11.108 -19.851 -19.332
Accel: 0.080 0.024 0.954
Gyro: -9.750 -21.514 -19.546
Accel: 0.081 0.017 0.964
Gyro: -9.017 -22.735 -19.271
Accel: 0.077 0.022 0.979
Gyro: -8.239 -23.788 -18.722
Accel: 0.074 0.033 0.992
Gyro: -6.683 -24.383 -18.310
Accel: 0.073 0.043 0.998
Gyro: -4.028 -24.475 -17.288
Accel: 0.073 0.062 1.0001
Gyro: 0.946 -24.169 -15.975
Accel: 0.069 0.082 1.0001
Gyro: 1.861 -23.223 -14.907
Accel: 0.069 0.072 0.996
Gyro: 4.989 -23.681 -14.007
Accel: 0.053 0.050 0.993
Gyro: 8.605 -23.742 -13.320
Accel: 0.033 0.036 0.989
Gyro: 11.520 -23.773 -13.504
Accel: 0.013 0.039 0.989
Gyro: 13.381 -19.546 -14.999
Accel: 0.005 0.049 0.985
Gyro: 13.854 -23.147 -16.876
Accel: 0.013 0.124 0.982
Gyro: 13.092 -23.696 -18.264
Accel: 0.035 0.069 0.978
Gyro: 11.764 -24.368 -18.676
Accel: 0.043 0.061 0.977
Gyro: 10.650 -24.597 -18.096
Accel: 0.045 0.033 0.973
Gyro: 10.162 -23.483 -16.250
Accel: 0.039 0.006 0.970
Gyro: 9.979 -21.942 -12.847
Accel: 0.021 0.005 0.972
Gyro: 9.078 -20.050 -9.048
Accel: 0.0000 0.039 0.981
Gyro: 7.369 -18.905 -5.996
Accel: 0.013 0.071 0.989
Gyro: 5.523 -18.920 -4.150
Accel: 0.029 0.079 0.986
Gyro: 5.096 -18.875 -4.364
Accel: 0.042 0.075 0.982
Gyro: 6.088 -17.639 -6.088
Accel: 0.032 0.066 0.972
Gyro: 7.873 -15.380 -7.766
Accel: 0.004 0.067 0.967
Gyro: 8.911 -13.244 -7.904
Accel: 0.016 0.066 0.965
Gyro: 8.117 -11.535 -7.003
Accel: 0.019 0.057 0.965
Gyro: 6.301 -9.506 -5.630
Accel: 0.0010 0.054 0.964
Gyro: 4.745 -4.089 -4.959
Accel: 0.004 0.061 0.971
Gyro: 2.914 -6.164 -4.623
Accel: 0.011 0.061 0.972
Gyro: 1.464 -4.943 -4.165
Accel: 0.011 0.060 0.971
Gyro: 0.686 -4.379 -2.777
Accel: 0.019 0.078 0.977
Gyro: 0.350 -2.792 -1.647
Accel: 0.022 0.101 0.981
Gyro: -2.029 0.823 -1.647
Accel: 0.013 0.099 0.984
Gyro: -3.662 0.579 -2.456
Accel: 0.008 0.077 0.979
Gyro: -4.287 -1.617 -3.189
Accel: 0.0010 0.052 0.979
Gyro: -3.753 -2.426 -3.555
Accel: 0.007 0.044 0.984
Gyro: -2.410 -2.517 -3.494
Accel: 0.002 0.050 0.991
Gyro: 0.961 -2.410 -3.494
Accel: 0.003 0.059 1.0000
Gyro: 0.503 -3.005 -3.677
Accel: 0.014 0.076 1.006
Gyro: 2.227 -3.952 -4.196
Accel: 0.030 0.095 1.009
Gyro: 3.387 -4.196 -5.081
Accel: 0.031 0.096 1.002
Gyro: 4.241 -4.989 -6.164
Accel: 0.024 0.096 0.994
Gyro: 4.531 -5.874 -6.973
Accel: 0.019 0.091 0.986
Gyro: 4.241 -6.210 -7.553
Accel: 0.0010 0.092 0.986
Gyro: 3.433 -5.859 -7.415
Accel: 0.004 0.099 0.988
Gyro: 2.929 -5.630 -6.713
Accel: 0.0001 0.101 0.990
Gyro: 3.311 -5.432 -5.737
Accel: 0.019 0.102 0.985
Gyro: 4.867 -5.172 -5.065
Accel: 0.035 0.117 0.985
Gyro: 6.317 -4.364 -5.798
Accel: 0.034 0.124 0.983
Gyro: 7.095 -4.653 -7.339
Accel: 0.030 0.122 0.974
Gyro: 7.202 -5.813 -8.773
Accel: 0.027 0.116 0.962
Gyro: 6.820 -6.790 -9.475
Accel: 0.022 0.106 0.948
Gyro: 6.622 -7.247 -8.850
Accel: 0.021 0.111 0.944
Gyro: 6.042 -6.668 -7.354
Accel: 0.018 0.122 0.945
Gyro: 4.806 -5.310 -5.233
Accel: 0.016 0.121 0.942
Gyro: 3.936 -4.074 -2.761
Accel: 0.016 0.125 0.940
Gyro: 3.189 -3.173 0.503
Accel: 0.016 0.133 0.938
Gyro: 1.892 -2.410 0.717
Accel: 0.012 0.135 0.934
Gyro: 0.503 -2.349 1.068
Accel: 0.006 0.121 0.930
Gyro: -3.479 -2.731 0.549
Accel: 0.0001 0.106 0.931
Gyro: -5.615 -2.914 0.320
Accel: 0.008 0.108 0.948
Gyro: -7.904 -1.708 -1.449
Accel: 0.013 0.104 0.956
Gyro: -9.674 -1.342 -2.014
Accel: 0.028 0.105 0.971
Gyro: -8.880 -2.044 -2.410
Accel: 0.040 0.134 1.0000
Gyro: -7.308 -1.861 -2.883
Accel: 0.051 0.145 1.016
Gyro: -5.752 -1.358 -3.860
Accel: 0.051 0.140 1.019
Gyro: -3.829 -1.663 -4.608
Accel: 0.036 0.120 1.012
Gyro: -1.937 -2.639 -4.837
Accel: 0.026 0.092 1.004
Gyro: -1.174 -3.082 -4.302
Accel: 0.018 0.057 1.009
Gyro: -2.243 -3.097 -3.768
Accel: 0.018 0.027 1.016
Gyro: -4.196 -3.463 -3.631
Accel: 0.026 0.013 1.019
Gyro: -5.630 -4.196 -3.295
Accel: 0.041 0.022 1.020
Gyro: -6.500 0.122 -3.250
Accel: 0.041 0.037 1.020
Gyro: -7.034 -2.899 -7.751
Accel: 0.017 0.064 1.027
Gyro: -8.132 -2.548 -4.699
Accel: 0.012 0.082 1.035
Gyro: -10.040 -2.944 -4.074
Accel: 0.037 0.086 1.040
Gyro: -10.437 -3.677 -2.059
Accel: 0.019 0.074 1.045
Gyro: -8.132 -2.807 0.793
Accel: 0.005 0.063 1.055
Gyro: -2.914 -1.831 -1.022
Accel: 0.027 0.055 1.072
Gyro: 2.471 -1.754 -2.059
Accel: 0.042 0.045 1.081
Gyro: 6.195 -2.471 -3.509
Accel: 0.053 0.038 1.083
Gyro: 8.483 -2.929 -4.943
Accel: 0.051 0.027 1.070
Gyro: 10.040 -2.899 -6.423
Accel: 0.039 0.017 1.056
Gyro: 11.276 -3.051 -7.507
Accel: 0.026 0.0010 1.043
Gyro: 11.459 -2.502 -7.720
Accel: 0.006 0.012 1.032
Gyro: 11.062 -1.358 -6.622
Accel: 0.006 0.007 1.020
Gyro: 10.223 -1.083 -5.157
Accel: 0.012 0.020 1.019
Gyro: 9.002 -1.281 -4.196
Accel: 0.012 0.047 1.020
Gyro: 6.713 0.885 -2.975
Accel: 0.011 0.073 1.021
Gyro: 4.028 -1.068 -2.243
Accel: 0.002 0.084 1.022
Gyro: 1.739 -1.602 -2.136
Accel: 0.004 0.078 1.021
Gyro: 0.106 -1.678 -1.861
Accel: 0.017 0.061 1.017
Gyro: 0.473 -1.525 -1.739
Accel: 0.025 0.056 1.012
Gyro: 0.213 -1.235 -2.105
Accel: 0.028 0.052 1.008
Gyro: 0.961 0.579 -2.258
Accel: 0.015 0.063 1.0010
Gyro: 0.640 0.579 -1.678
Accel: 0.0001 0.099 1.021
Gyro: -2.136 0.961 -1.052
Accel: 0.0010 0.103 1.016
Gyro: -5.142 -1.327 0.335
Accel: 0.011 0.080 0.996
Gyro: -5.828 -1.892 0.854
Accel: 0.0001 0.073 0.989
Gyro: 0.167 -1.861 1.693
Accel: 0.012 0.083 0.983
Gyro: -2.151 0.793 1.876
Accel: 0.016 0.077 0.971
Gyro: 0.854 0.106 2.197
Accel: 0.0010 0.063 0.956
Gyro: 0.503 0.595 3.265
Accel: 0.004 0.070 0.946
Gyro: 1.876 1.678 7.797
Accel: 0.011 0.078 0.938
Gyro: 2.059 2.853 4.089
Accel: 0.015 0.102 0.939
Gyro: -3.616 4.043 3.189
Accel: 0.008 0.129 0.938
Gyro: -3.417 3.585 2.105
Accel: 0.0001 0.147 0.940
Gyro: -6.713 1.922 1.907
Accel: 0.007 0.151 0.939
Gyro: -7.751 2.029 1.541
Accel: 0.026 0.137 0.933
Gyro: -6.042 4.745 1.525
Accel: 0.026 0.125 0.922
Gyro: -2.319 7.400 2.227
Accel: 0.033 0.139 0.911
Gyro: 1.296 9.155 2.868
Accel: 0.052 0.145 0.893
Gyro: 7.644 11.062 2.990
Accel: 0.063 0.132 0.863
Gyro: 5.935 11.627 3.463
Accel: 0.073 0.129 0.821
Gyro: 8.209 10.131 3.677
Accel: 0.099 0.137 0.774
Gyro: 10.238 8.972 3.250
Accel: 0.120 0.149 0.717
Gyro: 11.154 10.192 3.021
Accel: 0.122 0.156 0.652
Gyro: 11.734 13.061 2.838
Accel: 0.111 0.138 0.568
Gyro: 12.802 17.333 2.853
Accel: 0.099 0.107 0.470
Gyro: 14.373 21.514 2.426
Accel: 0.094 0.076 0.354
Gyro: 16.967 24.963 1.754
Accel: 0.034 0.054 0.208
Gyro: 22.277 20.965 0.778
Accel: 0.017 0.057 0.114
Gyro: 30.075 12.985 -6.668
Accel: 0.039 0.071 0.045
Gyro: 35.095 12.008 -13.259
Accel: 0.003 0.013 0.033
Gyro: 40.985 10.940 -13.015
Accel: 0.022 0.019 0.031
Gyro: 45.822 12.847 -13.778
Accel: 0.002 0.019 0.037
Gyro: 50.430 16.036 -14.694
Accel: 0.006 0.012 0.028
Gyro: 54.168 18.692 -15.441
Accel: 0.0001 0.012 0.041
Gyro: 56.884 21.621 -16.067
Accel: 0.002 0.011 0.036
Gyro: 59.249 24.688 -16.769
Accel: 0.0001 0.0010 0.039
Gyro: 61.019 27.572 -17.517
Accel: 0.0001 0.011 0.039
Gyro: 62.210 30.242 -18.081
Accel: 0.004 0.0010 0.041
Gyro: 62.988 32.852 -18.585
Accel: 0.005 0.011 0.042
Gyro: 63.400 35.522 -19.226
Accel: 0.007 0.009 0.045
Gyro: 63.339 37.734 -19.714
Accel: 0.008 0.008 0.049
Gyro: 63.064 40.069 -20.233
Accel: 0.008 0.008 0.051
Gyro: 62.561 42.053 -20.812
Accel: 0.006 0.006 0.054
Gyro: 61.767 44.281 -21.453
Accel: 0.005 0.006 0.049
Gyro: 61.035 45.989 -21.835
Accel: 0.008 0.005 0.057
Gyro: 59.738 48.049 -22.430
Accel: 0.005 0.006 0.057
Gyro: 58.364 50.064 -22.811
Accel: 0.006 0.003 0.059
Gyro: 56.976 51.712 -23.361
Accel: 0.007 0.004 0.059
Gyro: 55.297 53.512 -23.742
Accel: 0.006 0.003 0.064
Gyro: 53.604 55.038 -24.215
Accel: 0.006 0.003 0.057
Gyro: 51.666 56.228 -24.795
Accel: 0.005 0.0000 0.062
Gyro: 49.285 57.540 -25.405
Accel: 0.006 0.002 0.065
Gyro: 43.106 58.822 -26.168
Accel: 0.006 0.0000 0.070
Gyro: 44.540 59.844 -26.855
Accel: 0.005 0.0001 0.072
Gyro: 41.870 60.760 -27.450
Accel: 0.005 0.002 0.073
Gyro: 39.367 61.569 -27.984
Accel: 0.007 0.002 0.077
Gyro: 37.033 62.332 -28.381
Accel: 0.006 0.003 0.082
Gyro: 34.881 63.064 -28.549
Accel: 0.006 0.005 0.085
Gyro: 33.203 63.583 -28.640
Accel: 0.006 0.006 0.088
Gyro: 31.982 64.102 -28.396
Accel: 0.005 0.006 0.095
Gyro: 31.188 64.483 -27.969
Accel: 0.005 0.008 0.095
Gyro: 30.319 65.017 -27.725
Accel: 0.006 0.0010 0.107
Gyro: 30.044 65.399 -26.718
Accel: 0.012 0.0010 0.105
Gyro: 31.387 65.963 -25.588
Accel: 0.005 0.002 0.111
Gyro: 32.211 66.650 -25.650
Accel: 0.006 0.0001 0.113
Gyro: 32.440 67.230 -26.351
Accel: 0.0001 0.0010 0.119
Gyro: 31.234 67.871 -28.274
Accel: 0.0001 0.003 0.126
Gyro: 30.609 68.099 -31.295
Accel: 0.0001 0.0001 0.132
Gyro: 30.380 67.962 -33.752
Accel: 0.031 0.038 0.160
Gyro: 30.471 67.230 -32.974
Accel: 0.905 1.191 -2.643
Gyro: -315.307 68.893 -109.359
Accel: -4.528 3.852 0.086
Gyro: -499.969 20.599 -336.074
Accel: -5.360 0.433 7.999
Gyro: -499.969 -184.494 -315.414
Accel: 0.033 -7.999 7.999
Gyro: -387.603 -178.085 19.042
Accel: 0.543 0.461 6.320
Gyro: 499.984 59.753 37.521
Accel: -1.514 0.354 -2.725
Gyro: 499.984 -47.210 1.327
Accel: -1.849 0.416 0.927
Gyro: 327.575 -176.284 -78.063
Accel: -1.293 0.232 0.499
Gyro: 185.897 -158.996 -87.158
Accel: 0.701 0.830 0.736
Gyro: -15.457 -76.828 -34.759
Accel: 0.487 1.225 0.432
Gyro: -167.144 -47.500 9.582
Accel: -1.125 0.882 0.541
Gyro: -237.655 -51.773 13.763
Accel: 0.723 0.406 2.566
Gyro: -277.114 -93.170 43.136
Accel: 0.668 0.939 1.688
Gyro: -269.439 -122.390 57.174
Accel: 0.220 -1.333 3.487
Gyro: -155.181 -115.997 85.144
Accel: 0.818 0.791 2.710
Gyro: 26.596 -65.261 86.212
Accel: 0.339 0.221 0.689
Gyro: 34.179 -50.445 71.075
Accel: 0.124 0.276 0.247
Gyro: -9.475 -65.704 80.581
Accel: 0.268 0.518 0.420
Gyro: -27.618 -69.656 98.846
Accel: 0.468 0.612 0.982
Gyro: 4.455 -41.076 95.077
Accel: 0.525 0.622 1.671
Gyro: 34.744 25.970 57.846
Accel: 0.408 0.662 1.538
Gyro: 38.177 48.950 17.105
Accel: 0.185 0.195 1.193
Gyro: 19.317 41.473 -4.119
Accel: 0.011 0.038 0.941
Gyro: 0.061 34.271 -14.968
Accel: 0.006 0.033 1.072
Gyro: -8.865 33.126 -16.113
Accel: 0.156 0.166 1.198
Gyro: -7.873 31.692 -10.742
Accel: 0.243 0.195 1.170
Gyro: 0.076 26.779 -6.378
Accel: 0.278 0.248 1.082
Gyro: 4.318 15.686 -5.371
Accel: 0.303 0.220 1.032
Gyro: 1.632 13.748 -4.104
Accel: 0.316 0.256 1.107
Gyro: -7.629 11.383 2.258
Accel: 0.335 0.229 1.217
Gyro: -4.074 9.826 12.725
Accel: 0.307 0.165 1.277
Gyro: 0.808 3.707 19.454
Accel: 0.238 0.104 1.257
Gyro: 0.152 -6.103 18.997
Accel: 0.167 0.096 1.214
Gyro: -3.189 -14.495 12.710
Accel: 0.126 0.127 1.180
Gyro: -6.408 -18.753 3.799
Accel: 0.135 0.174 1.145
Gyro: -6.698 -18.722 -4.104
Accel: 0.176 0.227 1.118
Gyro: -2.563 -17.395 -8.209
Accel: 0.223 0.258 1.087
Gyro: 4.974 -16.464 -8.483
Accel: 0.243 0.253 1.059
Gyro: 12.573 -15.960 -6.576
Accel: 0.228 0.196 1.034
Gyro: 17.395 -13.366 -5.661
Accel: 0.063 0.031 1.197
Gyro: 13.977 -2.517 -8.0010
Accel: 0.193 0.109 1.144
Gyro: 14.450 0.183 -5.355
Accel: 0.142 0.069 1.149
Gyro: 16.479 0.350 0.427
Accel: 0.138 0.029 1.092
Gyro: 22.033 -5.096 0.747
Accel: 0.145 0.014 1.068
Gyro: 23.910 -8.285 -3.509
Accel: 0.190 0.042 1.114
Gyro: 22.506 -7.339 -5.569
Accel: 0.225 0.050 1.155
Gyro: 20.675 -3.982 -2.838
Accel: 0.204 0.026 1.157
Gyro: 17.745 0.396 3.372
Accel: 0.195 0.054 1.143
Gyro: 12.390 4.318 9.170
Accel: 0.204 0.148 1.136
Gyro: 11.749 4.608 12.237
Accel: 0.193 0.206 1.141
Gyro: 14.801 1.861 7.888
Accel: 0.162 0.206 1.152
Gyro: 18.600 -1.571 9.963
Accel: 0.139 0.150 1.160
Gyro: 20.523 -3.799 8.880
Accel: 0.120 0.073 1.142
Gyro: 15.792 -6.881 9.963
Accel: 0.117 0.011 1.109
Gyro: 17.456 -10.848 11.199
Accel: 0.140 0.066 1.078
Gyro: 14.434 -12.649 10.101
Accel: 0.197 0.057 1.054
Gyro: 13.305 -12.313 7.461
Accel: 0.241 0.013 1.031
Gyro: 16.174 -13.580 4.837
Accel: 0.242 0.045 1.004
Gyro: 20.233 -19.515 3.952
Accel: 0.217 0.099 0.983
Gyro: 24.978 -21.957 3.921
Accel: 0.167 0.124 0.967
Gyro: 31.280 -37.734 3.173
Accel: 0.128 0.107 0.997
Gyro: 42.541 -49.041 0.793
Accel: 0.064 0.111 0.944
Gyro: 42.312 -64.361 0.900
Accel: 0.099 0.032 0.945
Gyro: 39.016 -73.654 -1.831
Accel: 0.077 0.053 1.011
Gyro: 31.494 -72.509 -2.883
Accel: 0.069 0.042 1.269
Gyro: 25.009 -48.370 -1.068
Accel: 0.124 0.034 1.233
Gyro: 17.837 -27.221 1.617
Accel: 0.070 0.053 1.181
Gyro: 6.652 -7.904 3.341
Accel: 0.006 0.053 1.132
Gyro: -14.328 2.975 4.241
Accel: 0.128 0.041 1.248
Gyro: -30.426 15.960 8.255
Accel: 0.144 0.024 1.330
Gyro: -13.351 -6.774 1.846
Accel: 0.067 0.0010 1.095
Gyro: 17.089 -19.668 -8.575
Accel: 0.126 0.107 0.935
Gyro: 1.663 -5.294 -9.643
Accel: 0.222 0.174 0.923
Gyro: -16.754 0.762 -6.713
Accel: 0.243 0.172 1.057
Gyro: -27.877 1.388 0.427
Accel: 0.171 0.091 1.109
Gyro: -27.999 4.989 5.722
Accel: 0.101 0.024 1.155
Gyro: -26.245 11.993 4.547
Accel: 0.074 0.033 1.183
Gyro: -22.140 15.243 1.388
Accel: 0.047 0.050 1.159
Gyro: -20.080 13.595 0.198
Accel: 0.043 0.092 1.114
Gyro: -19.180 8.514 0.350
Accel: 0.047 0.092 1.068
Gyro: -17.684 0.122 0.381
Accel: 0.059 0.102 1.029
Gyro: -17.074 -5.920 0.564
Accel: 0.084 0.095 1.019
Gyro: -24.581 -7.049 0.274
Accel: 0.128 0.083 1.0010
Gyro: -30.212 -10.391 1.251
Accel: 0.124 0.045 1.034
Gyro: -42.465 -6.103 2.670
Accel: 0.137 0.003 1.092
Gyro: -44.281 -2.044 3.875
Accel: 0.144 0.014 1.131
Gyro: -50.659 1.434 6.103
Accel: 0.156 0.007 1.134
Gyro: -56.716 -1.068 7.583
Accel: 0.165 0.053 1.124
Gyro: -61.935 -4.806 8.468
Accel: 0.170 0.138 1.134
Gyro: -64.041 -8.819 9.384
Accel: 0.195 0.239 1.151
Gyro: -60.577 -11.398 10.482
Accel: 0.196 0.298 1.175
Gyro: -53.390 -10.391 11.871
Accel: 0.179 0.320 1.191
Gyro: -36.041 -7.064 13.336
Accel: 0.120 0.304 1.206
Gyro: -19.836 0.106 12.390
Accel: 0.089 0.289 1.182
Gyro: -4.104 12.0100 8.850
Accel: 0.052 0.281 1.181
Gyro: 8.529 22.857 6.103
Accel: 0.044 0.255 1.168
Gyro: 22.964 30.990 3.448
Accel: 0.058 0.220 1.138
Gyro: 32.730 35.537 0.167
Accel: 0.083 0.189 1.096
Gyro: 35.858 35.964 -4.791
Accel: 0.099 0.155 1.060
Gyro: 35.491 27.618 -10.437
Accel: 0.105 0.136 1.044
Gyro: 32.882 25.390 -16.754
Accel: 0.110 0.118 1.041
Gyro: 29.098 17.257 -21.697
Accel: 0.110 0.108 1.014
Gyro: 25.985 5.157 -24.353
Accel: 0.117 0.087 1.040
Gyro: 22.003 -6.256 -24.536
Accel: 0.109 0.075 1.048
Gyro: 19.439 -18.493 -22.888
Accel: 0.111 0.082 1.045
Gyro: 18.554 -31.646 -19.912
Accel: 0.110 0.079 1.049
Gyro: 19.653 -45.974 -17.868
Accel: 0.118 0.088 1.043
Gyro: 21.667 -61.599 -18.035
Accel: 0.125 0.085 1.022
Gyro: 24.978 -71.365 -19.271
Accel: 0.127 0.070 0.990
Gyro: 28.213 -82.885 -21.011
Accel: 0.117 0.036 0.942
Gyro: 28.793 -91.995 -21.621
Accel: 0.078 0.031 0.893
Gyro: 26.428 -99.639 -21.759
Accel: 0.052 0.044 0.873
Gyro: 21.453 -102.157 -19.454
Accel: 0.038 0.066 0.851
Gyro: 16.281 -101.776 -16.098
Accel: 0.007 0.085 0.844
Gyro: 10.818 -97.351 -13.397
Accel: 0.031 0.096 0.845
Gyro: 6.149 -89.294 -7.858
Accel: 0.070 0.101 0.853
Gyro: 2.700 -73.730 -9.597
Accel: 0.107 0.112 0.847
Gyro: 1.724 -53.527 -7.080
Accel: 0.125 0.114 0.841
Gyro: 3.448 -31.677 -4.898
Accel: 0.125 0.098 0.836
Gyro: 11.611 -10.986 -3.326
Accel: 0.111 0.057 0.829
Gyro: 12.237 8.331 -1.937
Accel: 0.096 0.031 0.828
Gyro: 17.486 23.712 -1.296
Accel: 0.088 0.009 0.828
Gyro: 21.896 36.071 -2.029
Accel: 0.081 0.0001 0.831
Gyro: 26.245 44.494 -4.791
Accel: 0.062 0.011 0.832
Gyro: 29.281 51.559 -8.499
Accel: 0.045 0.017 0.833
Gyro: 31.250 55.282 -13.122
Accel: 0.019 0.038 0.833
Gyro: 32.806 56.015 -16.738
Accel: 0.006 0.025 0.834
Gyro: 32.913 52.734 -19.439
Accel: 0.013 0.032 0.837
Gyro: 31.295 44.952 -23.0010
Accel: 0.019 0.077 0.847
Gyro: 27.389 33.828 -26.901
Accel: 0.017 0.110 0.860
Gyro: 22.201 20.294 -30.654
Accel: 0.0000 0.099 0.880
Gyro: 17.517 7.431 -33.584
Accel: 0.022 0.077 0.895
Gyro: 14.907 -10.940 -35.049
Accel: 0.048 0.051 0.912
Gyro: 14.770 -21.560 -34.988
Accel: 0.063 0.037 0.930
Gyro: 16.433 -38.833 -33.660
Accel: 0.064 0.030 0.942
Gyro: 23.223 -46.035 -30.532
Accel: 0.057 0.035 0.948
Gyro: 22.720 -55.191 -26.733
Accel: 0.052 0.034 0.944
Gyro: 24.414 -61.431 -22.216
Accel: 0.051 0.036 0.942
Gyro: 24.291 -65.353 -18.203
Accel: 0.039 0.045 0.946
Gyro: 22.247 -66.390 -15.289
Accel: 0.020 0.050 0.951
Gyro: 18.875 -64.971 -12.573
Accel: 0.006 0.060 0.955
Gyro: 14.633 -60.592 -10.055
Accel: 0.028 0.053 0.958
Gyro: 10.040 -54.443 -6.393
Accel: 0.049 0.057 0.966
Gyro: 8.041 -47.607 -2.670
Accel: 0.067 0.054 0.975
Gyro: 7.644 -38.619 0.122
Accel: 0.073 0.043 0.977
Gyro: 9.231 -29.678 2.365
Accel: 0.073 0.020 0.974
Gyro: 10.971 -20.919 4.837
Accel: 0.078 0.019 0.976
Gyro: 13.946 -13.290 5.889
Accel: 0.085 0.015 0.976
Gyro: 16.143 -6.347 5.432
Accel: 0.087 0.005 0.968
Gyro: 18.035 3.753 4.608
Accel: 0.091 0.003 0.961
Gyro: 19.622 4.989 3.509
Accel: 0.095 0.0010 0.952
Gyro: 19.760 8.682 1.983
Accel: 0.096 0.026 0.937
Gyro: 18.600 10.574 0.167
Accel: 0.090 0.037 0.925
Gyro: 15.411 12.527 -2.944
Accel: 0.085 0.041 0.912
Gyro: 10.650 13.900 -5.111
Accel: 0.076 0.043 0.909
Gyro: 6.210 14.114 -7.019
Accel: 0.072 0.046 0.922
Gyro: 2.487 14.846 -9.552
Accel: 0.068 0.047 0.927
Gyro: 0.350 15.029 -11.535
Accel: 0.061 0.045 0.938
Gyro: 0.854 14.007 -12.390
Accel: 0.056 0.059 0.946
Gyro: -1.281 11.566 -12.802
Accel: 0.050 0.072 0.951
Gyro: -1.556 8.712 -12.817
Accel: 0.044 0.079 0.953
Gyro: -1.770 5.233 -12.481
Accel: 0.040 0.088 0.951
Gyro: -2.517 2.288 -11.703
Accel: 0.046 0.0100 0.947
Gyro: -3.570 0.198 -10.314
Accel: 0.054 0.109 0.946
Gyro: -4.653 -1.617 -9.078
Accel: 0.061 0.113 0.947
Gyro: -5.264 -2.700 -7.812
Accel: 0.066 0.108 0.945
Gyro: -5.233 -4.776 -5.661
Accel: 0.073 0.121 0.949
Gyro: -4.806 -7.476 -3.570
Accel: 0.083 0.139 0.951
Gyro: -4.745 -10.803 -2.883
Accel: 0.085 0.149 0.949
Gyro: -5.737 -14.541 -2.838
Accel: 0.087 0.150 0.949
Gyro: -6.866 -17.608 -3.524
Accel: 0.087 0.139 0.946
Gyro: -8.087 -18.707 -4.119
Accel: 0.090 0.127 0.946
Gyro: -8.712 -18.569 -4.196
Accel: 0.098 0.119 0.953
Gyro: -8.377 -17.456 -3.036
Accel: 0.112 0.121 0.962
Gyro: -6.942 -15.060 -2.273
Accel: 0.118 0.113 0.966
Gyro: -5.538 -12.176 -2.014
Accel: 0.122 0.105 0.970
Gyro: -4.470 -8.499 -2.807
Accel: 0.114 0.098 0.974
Gyro: -4.058 -3.875 -4.699
Accel: 0.110 0.090 0.974
Gyro: -3.585 1.159 -6.835
Accel: 0.107 0.085 0.973
Gyro: -2.624 5.996 -9.109
Accel: 0.102 0.078 0.969
Gyro: -1.480 10.864 -10.391
Accel: 0.097 0.075 0.961
Gyro: 3.707 14.282 -10.360
Accel: 0.090 0.073 0.959
Gyro: 1.190 16.693 -9.399
Accel: 0.085 0.075 0.958
Gyro: 1.815 17.852 -7.980
Accel: 0.082 0.078 0.955
Gyro: 1.647 18.173 -5.996
Accel: 0.080 0.085 0.957
Gyro: 0.076 18.081 -4.257
Accel: 0.079 0.089 0.954
Gyro: -2.166 17.379 -3.005
Accel: 0.078 0.085 0.955
Gyro: -4.882 16.479 -1.739
Accel: 0.075 0.078 0.959
Gyro: -6.927 15.258 0.885
Accel: 0.074 0.072 0.964
Gyro: -8.590 13.610 0.015
Accel: 0.071 0.064 0.966
Gyro: -9.689 11.627 0.823
Accel: 0.067 0.058 0.969
Gyro: -10.391 9.689 1.251
Accel: 0.063 0.050 0.972
Gyro: -11.245 8.575 1.785
Accel: 0.064 0.046 0.977
Gyro: -11.611 8.041 1.922
Accel: 0.063 0.038 0.982
Gyro: -11.566 8.056 1.541
Accel: 0.060 0.030 0.983
Gyro: -10.772 8.804 0.762
Accel: 0.049 0.020 0.989
Gyro: -10.101 8.499 0.762
Accel: 0.038 0.028 1.0001
Gyro: -10.223 6.042 1.312
Accel: 0.031 0.040 1.015
Gyro: -11.245 1.235 2.502
Accel: 0.022 0.055 1.028
Gyro: -12.512 -4.837 4.013
Accel: 0.011 0.045 1.031
Gyro: -13.244 -10.604 6.057
Accel: 0.015 0.046 1.037
Gyro: -12.588 -15.151 7.461
Accel: 0.018 0.046 1.048
Gyro: -11.566 -17.837 7.736
Accel: 0.025 0.040 1.048
Gyro: -9.109 -19.012 7.385
Accel: 0.034 0.022 1.052
Gyro: -5.645 -19.088 6.637
Accel: 0.044 0.013 1.050
Gyro: -1.449 -18.554 5.859
Accel: 0.058 0.012 1.040
Gyro: 2.853 -17.272 5.249
Accel: 0.075 0.020 1.032
Gyro: 6.256 -14.923 4.745
Accel: 0.088 0.031 1.018
Gyro: 8.666 -12.924 4.791
Accel: 0.103 0.044 1.012
Gyro: 10.269 -10.559 4.608
Accel: 0.112 0.050 1.003
Gyro: 10.620 -7.308 4.074
Accel: 0.116 0.059 1.004
Gyro: 10.879 -5.081 3.250
Accel: 0.109 0.061 1.007
Gyro: 10.223 -2.883 1.708
Accel: 0.104 0.056 1.007
Gyro: 9.857 -1.647 0.259
Accel: 0.096 0.053 1.011
Gyro: 9.613 -1.205 0.869
Accel: 0.091 0.053 1.012
Gyro: 9.979 0.839 -1.800
Accel: 0.086 0.055 1.011
Gyro: 10.330 0.839 -2.365
Accel: 0.085 0.058 1.006
Gyro: 10.559 0.640 -2.349
Accel: 0.092 0.068 0.995
Gyro: 10.345 0.0000 -1.663
