Accel: 0.023 0.005 1.112
Gyro: 11.0001 -1.937 -1.235
Accel: 0.028 0.003 1.149
Gyro: 12.664 -13.992 -2.624
Accel: 0.033 0.011 1.197
Gyro: 13.977 -33.798 -4.058
Accel: 0.044 0.011 1.249
Gyro: 14.343 -45.120 -4.806
Accel: 0.053 0.011 1.289
Gyro: 12.878 -54.779 -4.409
Accel: 0.079 0.002 1.346
Gyro: 10.681 -56.503 -3.677
Accel: 0.099 0.014 1.389
Gyro: 7.354 -49.545 -1.815
Accel: 0.102 0.0010 1.432
Gyro: 3.341 -36.788 0.686
Accel: 0.093 0.006 1.451
Gyro: -1.281 -20.187 3.341
Accel: 0.088 0.029 1.466
Gyro: -4.928 -11.0001 5.386
Accel: 0.084 0.040 1.483
Gyro: -5.371 -1.296 6.805
Accel: 0.078 0.046 1.560
Gyro: -2.563 4.760 8.392
Accel: 0.086 0.053 1.505
Gyro: 2.929 7.644 9.826
Accel: 0.089 0.057 1.503
Gyro: 8.209 9.536 12.008
Accel: 0.086 0.047 1.485
Gyro: 11.550 14.221 14.801
Accel: 0.078 0.027 1.452
Gyro: 12.542 23.391 17.822
Accel: 0.065 0.006 1.405
Gyro: 11.566 36.026 21.316
Accel: 0.055 0.008 1.359
Gyro: 10.543 47.515 24.291
Accel: 0.050 0.013 1.294
Gyro: 10.162 62.149 25.802
Accel: 0.032 0.006 1.218
Gyro: 10.147 65.551 26.580
Accel: 0.007 0.004 1.130
Gyro: 9.689 68.527 27.404
Accel: 0.0001 0.006 1.048
Gyro: 9.338 66.513 26.947
Accel: 0.011 0.004 0.967
Gyro: 8.636 60.882 25.360
Accel: 0.035 0.002 0.889
Gyro: 7.369 52.124 23.635
Accel: 0.040 0.0010 0.825
Gyro: 6.042 40.435 20.721
Accel: 0.037 0.018 0.780
Gyro: 5.233 24.429 16.784
Accel: 0.033 0.035 0.741
Gyro: 5.142 13.473 12.634
Accel: 0.019 0.056 0.711
Gyro: 5.187 -1.449 8.453
Accel: 0.013 0.078 0.707
Gyro: 5.523 -16.250 3.845
Accel: 0.048 0.082 0.703
Gyro: 5.798 -27.908 0.503
Accel: 0.064 0.068 0.704
Gyro: 4.470 -35.888 -3.219
Accel: 0.068 0.045 0.705
Gyro: 1.922 -39.184 -3.555
Accel: 0.065 0.035 0.698
Gyro: -3.128 -38.818 -2.182
Accel: 0.073 0.039 0.701
Gyro: -8.422 -37.902 0.335
Accel: 0.084 0.043 0.700
Gyro: -13.305 -37.902 1.129
Accel: 0.088 0.050 0.701
Gyro: -16.616 -39.169 1.998
Accel: 0.085 0.042 0.709
Gyro: -18.997 -40.725 1.953
Accel: 0.088 0.037 0.724
Gyro: -20.095 -42.999 0.518
Accel: 0.085 0.022 0.749
Gyro: -19.546 -45.959 -1.358
Accel: 0.067 0.0000 0.768
Gyro: -18.646 -48.858 -3.387
Accel: 0.057 0.020 0.783
Gyro: -18.020 -51.391 -5.096
Accel: 0.062 0.034 0.814
Gyro: -16.952 -58.578 -7.247
Accel: 0.043 0.048 0.839
Gyro: -14.663 -56.243 -7.049
Accel: 0.051 0.037 0.860
Gyro: -13.580 -55.053 -5.538
Accel: 0.087 0.025 0.897
Gyro: -12.0100 -51.742 -3.707
Accel: 0.101 0.027 0.942
Gyro: -9.796 -45.837 0.427
Accel: 0.0100 0.023 0.977
Gyro: -7.003 -37.124 4.272
Accel: 0.127 0.006 1.003
Gyro: -5.203 -27.832 6.866
Accel: 0.117 0.023 1.024
Gyro: -3.356 -21.179 8.651
Accel: 0.091 0.039 1.047
Gyro: 3.707 -16.998 9.796
Accel: 0.091 0.037 1.057
Gyro: 3.051 -13.229 9.399
Accel: 0.133 0.006 1.029
Gyro: 4.196 -6.622 6.423
Accel: 0.106 0.002 1.062
Gyro: 5.050 0.564 5.813
Accel: 0.089 0.0000 1.083
Gyro: 6.668 6.576 6.393
Accel: 0.109 0.004 1.0100
Gyro: 8.422 12.313 6.698
Accel: 0.111 0.0010 1.106
Gyro: 9.078 18.264 7.492
Accel: 0.112 0.009 1.111
Gyro: 8.178 22.216 8.422
Accel: 0.119 0.0001 1.115
Gyro: 7.415 23.361 8.590
Accel: 0.119 0.006 1.118
Gyro: 7.415 22.476 8.239
Accel: 0.120 0.013 1.122
Gyro: 8.239 21.606 8.193
Accel: 0.116 0.016 1.124
Gyro: 8.987 22.521 8.468
Accel: 0.106 0.014 1.131
Gyro: 9.262 25.039 9.231
Accel: 0.095 0.006 1.132
Gyro: 9.063 28.396 10.025
Accel: 0.077 0.002 1.133
Gyro: 8.026 31.784 11.108
Accel: 0.062 0.008 1.117
Gyro: 5.981 35.171 12.390
Accel: 0.045 0.006 1.105
Gyro: 3.341 38.528 13.763
Accel: 0.025 0.003 1.086
Gyro: 0.305 40.191 15.197
Accel: 0.015 0.002 1.064
Gyro: -2.182 39.550 15.960
Accel: 0.011 0.006 1.045
Gyro: -4.165 36.773 16.265
Accel: 0.0001 0.005 1.022
Gyro: -6.072 32.974 16.479
Accel: 0.004 0.005 1.006
Gyro: -7.751 28.503 16.510
Accel: 0.005 0.009 0.989
Gyro: -8.926 23.818 16.143
Accel: 0.0000 0.012 0.975
Gyro: -9.765 15.930 15.182
Accel: 0.002 0.014 0.969
Gyro: -9.933 15.396 13.961
Accel: 0.008 0.017 0.955
Gyro: -9.887 11.520 12.573
Accel: 0.007 0.014 0.944
Gyro: -10.025 8.209 11.352
Accel: 0.007 0.009 0.936
Gyro: -10.345 5.706 10.604
Accel: 0.014 0.015 0.930
Gyro: -9.994 4.501 9.719
Accel: 0.025 0.015 0.934
Gyro: -8.422 5.294 8.590
Accel: 0.018 0.006 0.937
Gyro: -6.454 9.338 7.965
Accel: 0.002 0.008 0.926
Gyro: -5.310 14.389 8.422
Accel: 0.021 0.023 0.897
Gyro: -2.426 17.181 9.078
Accel: 0.073 0.045 0.925
Gyro: -3.952 20.202 4.669
Accel: 0.017 0.020 0.892
Gyro: -3.631 21.163 3.387
Accel: 0.024 0.026 0.863
Gyro: -3.540 20.568 2.593
Accel: 0.062 0.034 0.856
Gyro: -4.592 19.409 0.228
Accel: 0.058 0.012 0.866
Gyro: -4.776 17.883 -1.098
Accel: 0.062 0.0010 0.870
Gyro: -4.058 17.074 -1.724
Accel: 0.062 0.026 0.878
Gyro: -4.013 16.754 -1.296
Accel: 0.056 0.036 0.890
Gyro: -7.797 11.886 0.350
Accel: 0.051 0.041 0.891
Gyro: -4.577 13.534 2.700
Accel: 0.044 0.043 0.893
Gyro: -5.416 10.787 5.691
Accel: 0.028 0.037 0.895
Gyro: -5.950 6.973 8.789
Accel: 0.013 0.025 0.895
Gyro: -6.408 3.097 10.986
Accel: 0.007 0.013 0.900
Gyro: -7.019 0.381 12.313
Accel: 0.0001 0.005 0.909
Gyro: -7.934 0.473 12.176
Accel: 0.003 0.0010 0.920
Gyro: -9.094 0.274 11.093
Accel: 0.003 0.022 0.930
Gyro: -10.467 0.350 9.597
Accel: 0.007 0.037 0.933
Gyro: -12.405 0.335 7.614
Accel: 0.012 0.059 0.935
Gyro: -13.885 0.778 5.599
Accel: 0.021 0.078 0.941
Gyro: -14.862 -1.953 3.829
Accel: 0.030 0.087 0.947
Gyro: -14.923 -2.944 2.243
Accel: 0.029 0.092 0.956
Gyro: -14.465 -2.532 1.144
Accel: 0.020 0.089 0.966
Gyro: -13.336 0.930 0.595
Accel: 0.007 0.079 0.975
Gyro: -12.496 2.044 0.671
Accel: 0.006 0.067 0.980
Gyro: -11.611 5.355 1.113
Accel: 0.020 0.054 0.985
Gyro: -10.955 7.522 1.495
Accel: 0.022 0.045 0.984
Gyro: -10.360 8.544 1.296
Accel: 0.024 0.047 0.979
Gyro: -10.055 9.170 0.610
Accel: 0.024 0.051 0.971
Gyro: -9.323 9.368 0.061
Accel: 0.022 0.057 0.967
Gyro: -8.026 9.780 0.381
Accel: 0.021 0.062 0.963
Gyro: -6.240 9.338 0.305
Accel: 0.019 0.064 0.965
Gyro: 0.076 8.117 0.122
Accel: 0.018 0.066 0.967
Gyro: -1.861 6.820 0.747
Accel: 0.019 0.070 0.976
Gyro: 0.122 5.615 1.632
Accel: 0.020 0.070 0.985
Gyro: 1.693 4.486 2.365
Accel: 0.020 0.066 0.989
Gyro: 2.929 3.677 3.128
Accel: 0.021 0.065 0.991
Gyro: 3.402 3.723 0.0000
Accel: 0.024 0.064 0.994
Gyro: 3.829 4.287 4.653
Accel: 0.027 0.069 0.993
Gyro: 3.921 5.508 5.218
Accel: 0.034 0.073 0.991
Gyro: 3.585 6.591 5.386
Accel: 0.037 0.078 0.989
Gyro: 2.578 6.866 5.264
Accel: 0.038 0.083 0.987
Gyro: 1.770 6.546 4.913
Accel: 0.038 0.087 0.984
Gyro: 0.915 6.164 4.592
Accel: 0.035 0.088 0.983
Gyro: 0.549 5.447 4.684
Accel: 0.031 0.090 0.982
Gyro: 0.274 5.157 4.867
Accel: 0.032 0.091 0.983
Gyro: 0.137 4.714 4.943
Accel: 0.032 0.087 0.981
Gyro: 0.305 4.302 5.126
Accel: 0.040 0.084 0.980
Gyro: 0.381 3.814 5.493
Accel: 0.043 0.082 0.983
Gyro: 0.473 2.655 5.584
Accel: 0.092 0.035 0.833
Gyro: 10.559 35.995 -4.745
Accel: 0.103 0.030 0.827
Gyro: 11.703 33.172 -4.714
Accel: 0.120 0.023 0.826
Gyro: 12.969 29.113 -4.852
Accel: 0.136 0.018 0.830
Gyro: 14.297 24.078 -5.157
Accel: 0.148 0.017 0.836
Gyro: 15.716 18.844 -5.783
Accel: 0.156 0.020 0.844
Gyro: 17.028 13.046 -6.668
Accel: 0.164 0.018 0.855
Gyro: 18.005 7.247 -7.202
Accel: 0.168 0.018 0.863
Gyro: 18.218 2.288 -7.446
Accel: 0.180 0.023 0.875
Gyro: 17.608 -1.235 -6.927
Accel: 0.176 0.020 0.877
Gyro: 16.265 -3.982 -6.500
Accel: 0.180 0.023 0.886
Gyro: 14.251 -5.752 -5.676
Accel: 0.197 0.037 0.896
Gyro: 12.756 -7.400 -4.531
Accel: 0.181 0.013 0.892
Gyro: 11.703 -8.514 -4.226
Accel: 0.189 0.004 0.897
Gyro: 9.902 -8.544 -4.684
Accel: 0.209 0.0001 0.911
Gyro: 8.850 -9.414 -5.004
Accel: 0.215 0.0001 0.925
Gyro: 4.013 -10.467 -5.737
Accel: 0.213 0.004 0.937
Gyro: 6.958 -11.474 -6.240
Accel: 0.213 0.0001 0.954
Gyro: 5.752 -11.795 -6.240
Accel: 0.215 0.006 0.969
Gyro: 4.653 -12.039 -5.920
Accel: 0.214 0.012 0.980
Gyro: 3.585 -12.207 -5.661
Accel: 0.211 0.012 0.992
Gyro: 2.395 -12.359 -5.447
Accel: 0.208 0.009 1.0001
Gyro: 1.449 -12.542 -5.477
Accel: 0.206 0.004 1.006
Gyro: 0.488 -12.420 -5.462
Accel: 0.201 0.002 1.012
Gyro: 0.411 -12.313 -5.310
Accel: 0.196 0.0000 1.017
Gyro: 0.915 -12.298 -5.126
Accel: 0.189 0.0000 1.016
Gyro: -1.708 -12.481 -4.791
Accel: 0.178 0.0001 1.017
Gyro: -2.624 -12.405 -4.455
Accel: 0.169 0.0001 1.019
Gyro: -3.219 -12.649 -4.257
Accel: 0.164 0.008 1.022
Gyro: -3.250 -12.893 -3.936
Accel: 0.156 0.0010 1.024
Gyro: -3.280 -12.969 -3.997
Accel: 0.146 0.008 1.027
Gyro: -3.494 -12.557 -4.150
Accel: 0.139 0.014 1.036
Gyro: -3.677 -12.390 -4.486
Accel: 0.131 0.021 1.040
Gyro: -3.768 -12.329 -4.653
Accel: 0.118 0.023 1.041
Gyro: -3.921 -11.489 -4.776
Accel: 0.108 0.025 1.041
Gyro: -4.150 -9.948 -4.669
Accel: 0.102 0.030 1.036
Gyro: -4.531 -7.583 -4.592
Accel: 0.096 0.027 1.031
Gyro: -4.745 -4.806 -4.623
Accel: 0.093 0.025 1.023
Gyro: -5.065 -2.349 -4.867
Accel: 0.089 0.025 1.013
Gyro: -5.050 3.860 -5.340
Accel: 0.091 0.026 1.003
Gyro: -5.294 2.075 -6.011
Accel: 0.097 0.029 1.002
Gyro: -5.477 3.845 -6.393
Accel: 0.106 0.034 0.999
Gyro: -5.355 5.035 -6.820
Accel: 0.113 0.038 0.999
Gyro: -5.172 5.447 -7.278
Accel: 0.114 0.039 0.997
Gyro: -4.669 5.050 -7.476
Accel: 0.111 0.037 0.992
Gyro: -4.226 3.814 -7.705
Accel: 0.106 0.034 0.988
Gyro: -3.997 2.807 -7.659
Accel: 0.104 0.032 0.983
Gyro: -3.463 2.014 -7.278
Accel: 0.103 0.030 0.976
Gyro: -2.471 1.922 -6.759
Accel: 0.103 0.029 0.973
Gyro: -1.159 1.785 -6.164
Accel: 0.104 0.032 0.975
Gyro: 1.190 1.541 -5.813
Accel: 0.111 0.029 0.973
Gyro: 2.914 1.312 -5.615
Accel: 0.117 0.025 0.973
Gyro: 4.058 0.976 -5.630
Accel: 0.128 0.019 0.972
Gyro: 4.394 0.930 -5.783
Accel: 0.138 0.018 0.973
Gyro: 4.302 0.717 -5.859
Accel: 0.142 0.015 0.973
Gyro: 4.180 0.686 -5.905
Accel: 0.144 0.016 0.972
Gyro: 3.784 0.991 -5.859
Accel: 0.145 0.021 0.974
Gyro: 3.738 0.946 -5.538
Accel: 0.145 0.022 0.972
Gyro: 3.814 0.213 -5.096
Accel: 0.146 0.023 0.969
Gyro: 3.738 -1.022 -4.501
Accel: 0.145 0.024 0.965
Gyro: 3.295 -2.319 -3.494
Accel: 0.144 0.025 0.961
Gyro: 2.777 -3.601 -2.395
Accel: 0.142 0.025 0.957
Gyro: 2.151 -4.714 -1.342
Accel: 0.149 0.028 0.954
Gyro: 1.220 -5.569 0.381
Accel: 0.142 0.021 0.947
Gyro: 0.213 -5.676 0.045
Accel: 0.140 0.028 0.949
Gyro: 0.823 -5.233 0.625
Accel: 0.136 0.031 0.952
Gyro: -1.480 -4.913 1.098
Accel: 0.130 0.031 0.950
Gyro: -1.831 -4.821 1.312
Accel: 0.121 0.027 0.943
Gyro: -1.831 -4.409 1.281
Accel: 0.115 0.022 0.932
Gyro: -2.655 -3.479 0.778
Accel: 0.112 0.020 0.927
Gyro: -3.921 -1.327 0.091
Accel: 0.117 0.016 0.924
Gyro: -5.020 1.190 0.335
Accel: 0.114 0.011 0.913
Gyro: -6.713 4.501 0.808
Accel: 0.110 0.002 0.897
Gyro: -8.682 8.0010 -1.403
Accel: 0.095 0.0010 0.872
Gyro: -10.803 10.757 -2.380
Accel: 0.079 0.012 0.838
Gyro: -13.366 12.130 -3.524
Accel: 0.068 0.005 0.791
Gyro: -16.006 12.771 -4.837
Accel: 0.062 0.0001 0.731
Gyro: -20.050 11.962 -6.484
Accel: 0.073 0.008 0.660
Gyro: -25.466 10.437 -8.026
Accel: 0.088 0.011 0.588
Gyro: -30.059 9.933 -9.368
Accel: 0.096 0.0010 0.504
Gyro: -33.386 11.489 -10.421
Accel: 0.089 0.019 0.417
Gyro: -35.568 13.519 -10.940
Accel: 0.132 0.021 0.378
Gyro: -37.200 15.609 -9.292
Accel: 0.122 0.018 0.329
Gyro: -36.300 14.572 -8.132
Accel: 0.131 0.0010 0.272
Gyro: -36.163 9.963 -6.652
Accel: 0.149 0.052 0.237
Gyro: -31.677 -3.417 -4.714
Accel: 0.103 0.014 0.163
Gyro: -30.136 -10.284 -4.638
Accel: 0.082 0.017 0.113
Gyro: -29.037 -20.858 -5.477
Accel: 0.051 0.017 0.061
Gyro: -27.938 -28.869 -7.507
Accel: 0.032 0.016 0.031
Gyro: -28.289 -34.149 -9.872
Accel: 0.028 0.015 0.004
Gyro: -22.247 -30.242 -7.751
Accel: 0.034 0.016 0.023
Gyro: -14.495 -24.475 -6.515
Accel: 0.002 0.0000 0.116
Gyro: -7.888 -22.079 -6.393
Accel: 0.006 0.0001 0.051
Gyro: -9.674 -19.989 -6.393
Accel: 0.0000 0.002 0.027
Gyro: -3.997 -18.051 -6.484
Accel: 0.0000 0.006 0.041
Gyro: -6.393 -15.914 -6.561
Accel: 0.059 0.007 0.049
Gyro: -5.233 -14.114 -6.652
Accel: 0.003 0.007 0.055
Gyro: -4.318 -12.268 -6.805
Accel: 0.005 0.006 0.054
Gyro: -3.463 -10.437 -6.896
Accel: 0.005 0.007 0.057
Gyro: -2.502 -9.155 -6.973
Accel: 0.007 0.008 0.058
Gyro: -1.724 -7.629 -7.095
Accel: 0.005 0.005 0.061
Gyro: -1.235 -6.225 -7.247
Accel: 0.002 0.007 0.066
Gyro: 0.427 -4.943 -7.369
Accel: 0.0001 0.006 0.076
Gyro: 0.137 -3.540 -7.766
Accel: 0.002 0.005 0.077
Gyro: 0.595 -2.410 -8.132
Accel: 0.002 0.005 0.078
Gyro: 1.052 -1.251 -8.499
Accel: 0.0000 0.005 0.080
Gyro: 1.525 0.244 -8.895
Accel: 0.0001 0.007 0.083
Gyro: 2.273 0.564 -9.368
Accel: 0.0001 0.008 0.085
Gyro: 2.975 1.525 -9.750
Accel: 0.003 0.007 0.091
Gyro: 4.257 2.182 -9.933
Accel: 0.0001 0.008 0.0100
Gyro: 5.859 3.036 -10.101
Accel: 0.002 0.0010 0.120
Gyro: 8.056 3.692 -10.040
Accel: 0.167 0.410 2.933
Gyro: 89.080 -322.723 -65.811
Accel: 4.435 -4.360 7.999
Gyro: 333.251 -499.969 18.173
Accel: 1.446 0.935 5.648
Gyro: 491.714 269.851 -17.745
Accel: 0.604 0.277 2.312
Gyro: 302.719 333.053 -4.180
Accel: 0.864 0.146 0.574
Gyro: 195.571 193.832 38.970
Accel: -1.685 0.835 0.127
Gyro: 71.640 78.491 44.281
Accel: -1.679 0.761 0.174
Gyro: 5.523 0.564 30.136
Accel: -1.535 0.467 0.996
Gyro: -5.081 -69.427 9.429
Accel: -1.252 0.405 0.779
Gyro: -24.597 -137.649 -18.264
Accel: 0.684 0.395 1.078
Gyro: -90.957 -214.096 -24.581
Accel: 0.343 0.409 1.418
Gyro: -157.669 -286.224 -15.716
Accel: 0.805 0.143 5.574
Gyro: -143.188 -119.430 -24.459
Accel: 0.837 0.148 1.981
Gyro: -2.380 26.351 -26.718
Accel: 0.019 0.306 0.577
Gyro: -35.217 1.358 -13.488
Accel: 0.078 0.147 0.715
Gyro: -81.466 -39.901 -2.319
Accel: 0.125 0.037 1.197
Gyro: -94.055 -69.824 4.547
Accel: 0.519 0.102 1.996
Gyro: -56.701 -41.091 4.928
Accel: 0.479 0.014 1.394
Gyro: -50.964 -6.271 6.454
Accel: 0.313 0.046 1.129
Gyro: -79.0010 4.928 3.677
Accel: 0.212 0.007 1.383
Gyro: -87.570 16.326 -3.738
Accel: 0.125 0.081 1.353
Gyro: -76.705 23.193 -1.235
Accel: 0.093 0.065 1.198
Gyro: -68.511 18.951 -3.463
Accel: 0.060 0.069 1.204
Gyro: -60.440 11.550 -5.813
Accel: 0.015 0.104 1.220
Gyro: -46.661 6.118 -6.149
Accel: 0.030 0.106 1.136
Gyro: -32.791 -2.792 -5.538
Accel: 0.042 0.086 1.052
Gyro: -21.347 -16.235 -5.874
Accel: 0.015 0.089 1.002
Gyro: -12.161 -28.671 -6.820
Accel: 0.026 0.087 0.968
Gyro: -5.783 -37.063 -6.057
Accel: 0.063 0.057 0.951
Gyro: -1.647 -35.171 -3.799
Accel: 0.086 0.038 0.930
Gyro: 1.953 -35.964 -1.815
Accel: 0.102 0.041 0.869
Gyro: 5.920 -29.953 -1.068
Accel: 0.127 0.122 0.824
Gyro: 9.887 -22.766 0.549
Accel: 0.156 0.081 0.811
Gyro: 13.153 -14.389 0.823
Accel: 0.169 0.097 0.767
Gyro: 13.076 -2.471 -2.426
Accel: 0.125 0.115 0.730
Gyro: -3.494 19.607 -3.845
Accel: 0.237 0.092 0.846
Gyro: -1.617 30.151 -10.223
Accel: 0.118 0.096 0.755
Gyro: -5.264 36.727 -11.459
Accel: 0.107 0.079 0.807
Gyro: 0.030 38.055 -13.732
Accel: 0.079 0.082 0.851
Gyro: 0.686 38.009 -14.266
Accel: 0.051 0.023 0.896
Gyro: 3.158 35.308 -9.979
Accel: 0.002 0.038 0.966
Gyro: 9.445 33.615 -6.927
Accel: 0.009 0.136 1.270
Gyro: 38.024 19.683 0.778
Accel: 0.088 0.097 1.057
Gyro: 53.497 13.885 7.934
Accel: 0.002 0.069 1.146
Gyro: 67.199 10.620 12.359
Accel: 0.068 0.017 1.191
Gyro: 70.983 11.581 12.252
Accel: 0.031 0.058 1.081
Gyro: 61.706 0.534 9.109
Accel: 0.093 0.056 0.953
Gyro: 28.121 -7.827 8.407
Accel: 0.015 0.030 1.020
Gyro: 8.453 -19.241 4.058
Accel: 0.021 0.003 1.086
Gyro: -5.340 -28.091 -1.342
Accel: 0.050 0.014 1.158
Gyro: -16.387 -28.503 -4.577
Accel: 0.114 0.027 1.224
Gyro: -18.569 -16.754 -6.317
Accel: 0.137 0.027 1.149
Gyro: -18.264 -4.776 -7.125
Accel: 0.152 0.047 1.090
Gyro: -14.099 2.502 -7.095
Accel: 0.106 0.052 1.0100
Gyro: 0.564 11.077 -6.668
Accel: 0.086 0.051 1.109
Gyro: 2.120 11.535 -3.387
Accel: 0.075 0.014 1.113
Gyro: 6.881 11.932 -1.968
Accel: 0.098 0.005 1.093
Gyro: 10.101 15.014 -1.174
Accel: 0.094 0.011 1.050
Gyro: 8.499 15.533 0.579
Accel: 0.063 0.034 1.019
Gyro: 3.768 10.818 0.442
Accel: 0.037 0.041 1.004
Gyro: 0.335 4.638 1.571
Accel: 0.033 0.042 1.009
Gyro: -2.731 1.312 2.593
Accel: 0.047 0.056 1.047
Gyro: -2.655 1.007 3.997
Accel: 0.070 0.056 1.074
Gyro: 3.723 2.029 6.256
Accel: 0.111 0.067 1.074
Gyro: 2.624 2.960 10.101
Accel: 0.057 0.060 1.069
Gyro: 5.172 4.104 11.947
Accel: 0.029 0.054 1.031
Gyro: 9.017 2.761 12.496
Accel: 0.009 0.043 1.008
Gyro: 11.505 1.739 10.925
Accel: 0.013 0.044 1.012
Gyro: 11.932 1.647 8.529
Accel: 0.030 0.048 1.025
Gyro: 11.795 2.838 6.164
Accel: 0.058 0.047 1.023
Gyro: 11.291 5.783 5.264
Accel: 0.067 0.036 1.012
Gyro: 10.772 8.911 6.347
Accel: 0.072 0.024 1.0000
Gyro: 11.016 10.299 8.071
Accel: 0.054 0.029 1.002
Gyro: 11.734 10.391 9.201
Accel: 0.040 0.035 1.015
Gyro: 13.778 8.850 9.597
Accel: 0.031 0.030 1.0010
Gyro: 15.411 6.500 9.246
Accel: 0.015 0.015 0.987
Gyro: 15.853 3.692 8.087
Accel: 0.006 0.008 0.966
Gyro: 15.609 0.274 5.661
Accel: 0.007 0.0000 0.950
Gyro: 15.518 -6.027 3.219
Accel: 0.0010 0.009 0.945
Gyro: 14.846 -12.191 0.259
Accel: 0.007 0.030 0.890
Gyro: 14.495 -20.111 -2.838
Accel: 0.043 0.013 0.864
Gyro: 14.480 -29.479 -1.235
Accel: 0.039 0.052 0.886
Gyro: 11.840 -33.523 2.792
Accel: 0.068 0.068 0.917
Gyro: 8.422 -34.988 4.302
Accel: 0.062 0.060 0.958
Gyro: 4.989 -34.713 5.996
Accel: 0.075 0.063 0.987
Gyro: 0.778 -32.302 7.049
Accel: 0.102 0.067 1.014
Gyro: -2.517 -28.686 6.820
Accel: 0.111 0.061 1.040
Gyro: -5.233 -19.760 6.179
Accel: 0.120 0.056 1.049
Gyro: -7.125 -16.571 5.081
Accel: 0.130 0.042 1.067
Gyro: -9.094 -7.614 4.058
Accel: 0.136 0.031 1.074
Gyro: -10.223 1.937 3.219
Accel: 0.139 0.022 1.069
Gyro: -10.879 10.498 2.548
Accel: 0.131 0.017 1.056
Gyro: -11.520 18.066 1.983
Accel: 0.122 0.012 1.045
Gyro: -12.603 23.880 1.846
Accel: 0.110 0.013 1.026
Gyro: -13.336 28.869 1.770
Accel: 0.0100 0.012 1.015
Gyro: -13.916 31.570 1.861
Accel: 0.091 0.011 1.004
Gyro: -14.114 32.516 1.907
Accel: 0.079 0.003 0.998
Gyro: -13.641 31.982 1.632
Accel: 0.0000 0.0000 0.992
Gyro: -12.725 29.693 0.915
Accel: 0.046 0.006 0.991
Gyro: -10.925 26.062 0.061
Accel: 0.037 0.0010 0.979
Gyro: -8.911 22.705 0.640
Accel: 0.035 0.015 0.968
Gyro: -7.186 15.640 -1.144
Accel: 0.029 0.022 0.957
Gyro: -5.844 15.396 -1.266
Accel: 0.026 0.025 0.944
Gyro: -4.318 10.147 -1.480
Accel: 0.023 0.026 0.937
Gyro: -3.005 4.211 -1.541
Accel: 0.017 0.020 0.940
Gyro: -1.831 0.625 -1.388
Accel: 0.019 0.014 0.940
Gyro: 0.885 -3.814 -1.235
Accel: 0.021 0.014 0.939
Gyro: 0.595 -6.484 0.839
Accel: 0.026 0.017 0.935
Gyro: -1.266 -8.666 0.457
Accel: 0.026 0.013 0.940
Gyro: -1.892 -10.208 0.610
Accel: 0.031 0.0010 0.953
Gyro: -1.861 -11.993 0.701
Accel: 0.042 0.007 0.977
Gyro: -1.007 -13.198 0.595
Accel: 0.056 0.006 0.985
Gyro: 0.198 -13.107 0.473
Accel: 0.062 0.007 0.993
Gyro: 0.152 -11.535 0.167
Accel: 0.072 0.0010 1.008
Gyro: 0.305 -8.819 0.213
Accel: 0.071 0.012 1.018
Gyro: 0.518 -6.072 0.259
Accel: 0.065 0.015 1.018
Gyro: 0.839 -3.356 0.411
Accel: 0.062 0.011 1.011
Gyro: -1.281 0.122 0.564
Accel: 0.061 0.012 1.004
Gyro: -1.815 3.601 0.869
Accel: 0.064 0.013 1.0000
Gyro: -2.105 6.378 1.312
Accel: 0.062 0.009 0.993
Gyro: -2.365 8.773 1.434
Accel: 0.057 0.0010 1.0000
Gyro: -1.831 10.391 1.098
Accel: 0.052 0.016 1.002
Gyro: 0.442 10.986 1.007
Accel: 0.052 0.015 1.0001
Gyro: 0.839 10.421 1.052
Accel: 0.045 0.017 0.997
Gyro: 1.708 9.155 0.732
Accel: 0.037 0.018 0.991
Gyro: 2.304 6.942 0.457
Accel: 0.033 0.021 0.987
Gyro: 2.868 0.305 0.213
Accel: 0.031 0.019 0.980
Gyro: 3.311 0.793 0.244
Accel: 0.030 0.016 0.971
Gyro: 3.448 -2.212 0.244
Accel: 0.033 0.014 0.972
Gyro: 3.723 -4.806 0.274
Accel: 0.029 0.015 0.973
Gyro: 3.982 -6.530 0.259
Accel: 0.041 0.0010 0.981
Gyro: 3.890 -7.858 0.076
Accel: 0.042 0.007 0.988
Gyro: 4.028 -8.834 0.137
Accel: 0.045 0.005 0.993
Gyro: 3.723 -9.384 0.305
Accel: 0.048 0.003 1.0001
Gyro: 3.570 -10.360 0.549
Accel: 0.050 0.005 1.005
Gyro: 3.372 -11.123 0.518
Accel: 0.053 0.005 1.011
Gyro: 3.097 -12.283 0.579
Accel: 0.054 0.005 1.015
Gyro: 2.838 -13.275 0.778
Accel: 0.054 0.009 1.019
Gyro: 2.655 -14.007 -1.144
Accel: 0.058 0.011 1.021
Gyro: 2.014 -13.717 -1.388
Accel: 0.067 0.009 1.025
Gyro: 1.586 -12.252 -1.358
Accel: 0.071 0.012 1.032
Gyro: 1.571 -9.582 -1.327
Accel: 0.073 0.017 1.038
Gyro: 1.754 -6.652 -1.556
Accel: 0.071 0.022 1.036
Gyro: 1.388 -3.631 -1.678
Accel: 0.072 0.022 1.041
Gyro: 1.113 0.442 -1.678
Accel: 0.074 0.020 1.041
Gyro: 1.144 2.471 -1.556
Accel: 0.071 0.016 1.038
Gyro: 0.823 4.653 -1.037
Accel: 0.065 0.013 1.033
Gyro: 0.183 6.011 0.610
Accel: 0.057 0.007 1.032
Gyro: 0.152 6.820 0.350
Accel: 0.051 0.006 1.029
Gyro: 0.106 6.927 0.198
Accel: 0.048 0.011 1.023
Gyro: 0.320 6.484 0.0000
Accel: 0.046 0.018 1.012
Gyro: 0.228 5.813 0.244
Accel: 0.046 0.018 1.004
Gyro: 0.137 5.462 0.762
Accel: 0.048 0.017 1.012
Gyro: 0.198 5.157 1.205
Accel: 0.045 0.019 1.012
Gyro: 0.228 4.287 1.327
Accel: 0.041 0.020 1.004
Gyro: 0.167 3.417 1.205
Accel: 0.042 0.022 0.996
Gyro: 0.106 2.410 0.946
Accel: 0.044 0.026 0.993
Gyro: 0.549 0.762 0.701
Accel: 0.037 0.026 0.995
Gyro: 0.381 0.427 0.701
Accel: 0.046 0.019 1.0001
Gyro: 0.442 0.305 0.503
Accel: 0.054 0.019 1.006
Gyro: 0.305 1.464 0.289
Accel: 0.055 0.022 1.005
Gyro: 0.808 2.548 0.518
Accel: 0.057 0.016 1.008
Gyro: -1.586 3.784 0.411
Accel: 0.056 0.016 1.014
Gyro: -1.892 4.455 0.183
Accel: 0.055 0.018 1.014
Gyro: -1.480 4.058 0.518
Accel: 0.055 0.018 1.008
Gyro: -1.342 3.280 -1.022
Accel: 0.048 0.020 1.004
Gyro: -1.419 1.922 -1.174
Accel: 0.042 0.022 0.999
Gyro: -1.419 0.442 -1.510
Accel: 0.044 0.020 0.992
Gyro: -1.098 -1.037 -1.953
Accel: 0.045 0.018 0.986
Gyro: -1.266 -1.892 -2.151
Accel: 0.041 0.021 0.992
Gyro: -1.480 -2.273 -2.075
Accel: 0.043 0.015 0.992
Gyro: -1.770 -1.724 -1.861
Accel: 0.047 0.013 0.993
Gyro: -2.075 0.961 -1.968
Accel: 0.046 0.0010 0.994
Gyro: -1.968 0.259 -2.227
Accel: 0.049 0.009 0.994
Gyro: -1.342 1.083 -2.563
Accel: 0.051 0.009 0.994
Gyro: 0.732 2.578 -2.883
Accel: 0.050 0.008 0.990
Gyro: 0.686 3.128 -3.021
Accel: 0.049 0.006 0.993
Gyro: 0.442 3.051 -3.219
Accel: 0.050 0.004 0.998
Gyro: 0.0000 2.227 -3.356
Accel: 0.051 0.005 1.0000
Gyro: 0.137 1.037 -3.601
Accel: 0.051 0.008 1.009
Gyro: 0.122 0.015 -3.906
Accel: 0.052 0.005 1.013
Gyro: 0.335 0.473 -4.333
Accel: 0.054 0.009 1.018
Gyro: 0.259 -1.174 -4.760
Accel: 0.051 0.011 1.017
Gyro: 0.045 -1.693 -4.714
Accel: 0.047 0.013 1.013
Gyro: 0.259 -1.846 -4.669
Accel: 0.044 0.014 1.011
Gyro: 0.457 -1.785 -4.531
Accel: 0.037 0.017 1.006
Gyro: 0.640 -1.617 -4.196
Accel: 0.038 0.015 0.937
Gyro: -1.113 0.854 -3.250
Accel: 0.035 0.012 0.999
Gyro: -1.724 0.259 -2.243
Accel: 0.030 0.008 0.995
Gyro: -2.624 1.007 -1.266
Accel: 0.024 0.009 1.0000
Gyro: -2.975 1.678 0.457
Accel: 0.026 0.014 1.004
Gyro: -2.777 3.097 0.549
Accel: 0.034 0.015 1.011
Gyro: -2.624 3.997 1.541
Accel: 0.031 0.026 1.013
Gyro: -2.182 4.302 2.319
Accel: 0.028 0.033 1.008
Gyro: -1.846 4.211 2.822
Accel: 0.028 0.039 1.008
Gyro: -1.358 3.372 2.899
Accel: 0.025 0.043 1.007
Gyro: -1.083 2.960 3.234
Accel: 0.036 0.044 1.0010
Gyro: 0.656 2.655 3.433
Accel: 0.039 0.046 1.0010
Gyro: 0.030 1.846 3.616
Accel: 0.039 0.050 1.009
Gyro: 0.671 0.701 3.692
Accel: 0.040 0.051 1.008
Gyro: 1.708 0.854 3.417
Accel: 0.041 0.050 1.008
Gyro: 2.471 -2.166 3.356
Accel: 0.046 0.046 1.0010
Gyro: 2.716 -2.899 3.265
Accel: 0.050 0.044 1.013
Gyro: 3.143 -3.280 3.097
Accel: 0.052 0.040 1.013
Gyro: 3.463 -3.570 2.929
Accel: 0.053 0.036 1.011
Gyro: 3.585 -3.936 2.471
Accel: 0.052 0.033 1.009
Gyro: 3.784 -3.555 2.227
Accel: 0.053 0.027 1.008
Gyro: 3.524 -1.403 2.258
Accel: 0.059 0.025 1.012
Gyro: 2.670 1.388 2.075
Accel: 0.060 0.026 1.015
Gyro: 2.105 4.501 1.708
Accel: 0.060 0.024 1.011
Gyro: 1.861 11.489 1.525
Accel: 0.055 0.020 1.008
Gyro: 1.678 9.963 1.251
Accel: 0.049 0.013 1.0000
Gyro: 1.846 11.291 1.144
Accel: 0.042 0.012 0.991
Gyro: 1.907 11.123 1.220
Accel: 0.030 0.0010 0.984
Gyro: 1.846 10.086 1.296
Accel: 0.025 0.009 0.978
Gyro: 1.556 8.499 1.220
