Accel: 0.012 0.0001 0.932
Gyro: -2.731 10.177 0.030
Accel: 0.013 0.004 0.937
Gyro: -1.800 7.095 0.045
Accel: 0.017 0.007 0.940
Gyro: 0.717 4.455 0.183
Accel: 0.013 0.003 0.944
Gyro: 0.183 1.678 0.167
Accel: 0.014 0.0001 0.956
Gyro: 1.144 -1.327 0.366
Accel: 0.020 0.002 0.963
Gyro: 2.090 -4.287 0.488
Accel: 0.020 0.003 0.966
Gyro: 2.746 -6.515 0.381
Accel: 0.019 0.003 0.970
Gyro: 3.265 -7.827 0.076
Accel: 0.019 0.0001 0.973
Gyro: 3.768 -7.644 0.534
Accel: 0.012 0.008 0.973
Gyro: 3.875 -5.538 0.793
Accel: 0.009 0.009 0.971
Gyro: 3.555 -3.219 1.129
Accel: 0.011 0.0010 0.974
Gyro: 3.112 0.534 1.327
Accel: 0.012 0.012 0.977
Gyro: 2.578 1.358 1.602
Accel: 0.013 0.015 0.979
Gyro: 1.495 2.410 1.541
Accel: 0.019 0.012 0.985
Gyro: 0.869 2.807 1.663
Accel: 0.024 0.008 0.994
Gyro: 0.595 2.822 1.785
Accel: 0.019 0.009 1.0001
Gyro: 1.312 2.716 1.495
Accel: 0.016 0.013 1.007
Gyro: 1.495 2.502 1.266
Accel: 0.015 0.018 1.006
Gyro: 1.342 2.380 1.388
Accel: 0.013 0.022 1.0010
Gyro: 0.534 2.548 1.358
Accel: 0.018 0.027 1.018
Gyro: 0.366 3.433 1.342
Accel: 0.023 0.024 1.018
Gyro: -1.235 5.325 1.296
Accel: 0.024 0.011 1.026
Gyro: -1.785 8.377 0.869
Accel: 0.029 0.007 1.023
Gyro: -1.678 12.451 0.167
Accel: 0.028 0.014 1.020
Gyro: -1.876 16.860 0.991
Accel: 0.025 0.020 1.015
Gyro: -2.273 20.401 -2.273
Accel: 0.028 0.022 1.011
Gyro: -2.777 22.506 -2.883
Accel: 0.027 0.030 1.011
Gyro: -3.494 22.445 -2.929
Accel: 0.030 0.036 1.013
Gyro: -3.845 20.462 -2.731
Accel: 0.047 0.035 1.013
Gyro: -3.341 17.364 -1.922
Accel: 0.059 0.034 1.006
Gyro: -2.792 14.160 -1.373
Accel: 0.066 0.031 0.995
Gyro: -2.044 11.169 -1.296
Accel: 0.068 0.017 0.980
Gyro: -1.403 8.453 -1.174
Accel: 0.068 0.012 0.973
Gyro: -1.037 5.554 -1.098
Accel: 0.069 0.007 0.965
Gyro: -1.068 1.922 0.717
Accel: 0.078 0.062 0.963
Gyro: -1.083 -2.090 0.457
Accel: 0.081 0.003 0.966
Gyro: -1.373 -6.393 1.678
Accel: 0.073 0.002 0.967
Gyro: -2.456 -10.055 2.105
Accel: 0.055 0.004 0.970
Gyro: -3.585 -12.619 1.693
Accel: 0.040 0.0001 0.973
Gyro: -3.677 -14.114 0.671
Accel: 0.025 0.0001 0.987
Gyro: -2.639 -15.563 0.396
Accel: 0.015 0.002 0.996
Gyro: -1.022 -17.227 -1.342
Accel: 0.011 0.0000 1.004
Gyro: 0.091 -23.422 -1.800
Accel: 0.009 0.006 1.017
Gyro: 0.991 -22.171 -2.044
Accel: 0.006 0.007 1.023
Gyro: 1.754 -25.054 -2.487
Accel: 0.0000 0.006 1.031
Gyro: 2.410 -27.526 -3.250
Accel: 0.007 0.009 1.038
Gyro: 3.219 -29.479 -3.448
Accel: 0.016 0.003 1.043
Gyro: 4.333 -30.960 -3.540
Accel: 0.020 0.004 1.047
Gyro: 5.447 -32.012 -3.707
Accel: 0.017 0.004 1.042
Gyro: 6.088 -32.012 -3.387
Accel: 0.002 0.0000 1.039
Gyro: 6.393 -30.303 -2.243
Accel: 0.011 0.0001 1.041
Gyro: 6.500 -26.550 -1.556
Accel: 0.029 0.003 1.043
Gyro: 6.439 -21.636 -1.480
Accel: 0.037 0.003 1.046
Gyro: 5.935 -16.662 -1.220
Accel: 0.035 0.009 1.050
Gyro: 5.279 -12.054 0.259
Accel: 0.033 0.015 1.052
Gyro: 4.257 -7.873 0.625
Accel: 0.036 0.018 1.051
Gyro: 3.555 -4.623 0.885
Accel: 0.037 0.021 1.052
Gyro: 3.448 -2.548 0.961
Accel: 0.032 0.021 1.047
Gyro: 3.997 0.991 0.747
Accel: 0.019 0.016 1.036
Gyro: 4.364 0.625 0.854
Accel: 0.013 0.016 1.025
Gyro: 4.455 2.441 1.007
Accel: 0.013 0.017 1.013
Gyro: 4.302 4.470 0.732
Accel: 0.006 0.017 0.997
Gyro: 4.043 6.607 0.579
Accel: 0.0000 0.015 0.986
Gyro: 3.723 8.468 0.595
Accel: 0.0001 0.014 0.977
Gyro: 3.128 9.643 0.381
Accel: 0.003 0.009 0.973
Gyro: 2.563 9.933 0.442
Accel: 0.002 0.012 0.969
Gyro: 2.120 9.475 0.198
Accel: 0.0001 0.018 0.966
Gyro: 1.541 7.537 0.015
Accel: 0.0001 0.019 0.969
Gyro: 1.144 4.486 0.350
Accel: 0.006 0.019 0.968
Gyro: 0.518 0.778 0.442
Accel: 0.012 0.019 0.966
Gyro: 0.045 -2.624 0.473
Accel: 0.027 0.013 0.966
Gyro: 0.885 -3.997 0.274
Accel: 0.016 0.015 0.968
Gyro: -1.464 -4.119 0.411
Accel: 0.0010 0.014 0.964
Gyro: -2.044 -2.563 0.350
Accel: 0.0001 0.017 0.962
Gyro: -3.158 3.738 0.213
Accel: 0.015 0.023 0.968
Gyro: -4.608 1.968 0.411
Accel: 0.018 0.022 0.985
Gyro: -5.264 2.914 0.518
Accel: 0.016 0.022 1.007
Gyro: -5.187 3.036 0.396
Accel: 0.024 0.026 1.012
Gyro: -5.203 3.250 0.717
Accel: 0.029 0.025 1.016
Gyro: -5.630 3.097 -1.373
Accel: 0.035 0.023 1.019
Gyro: -6.057 2.624 -1.892
Accel: 0.035 0.022 1.017
Gyro: -6.439 1.663 -1.892
Accel: 0.032 0.022 1.016
Gyro: -7.019 0.427 -1.876
Accel: 0.027 0.020 1.017
Gyro: -7.278 -1.007 -2.029
Accel: 0.023 0.018 1.019
Gyro: -7.186 -2.639 -1.907
Accel: 0.020 0.011 1.017
Gyro: -6.637 -4.425 -1.800
Accel: 0.016 0.013 1.018
Gyro: -6.149 -6.088 -1.480
Accel: 0.015 0.011 1.021
Gyro: -5.523 -7.736 -1.388
Accel: 0.020 0.007 1.021
Gyro: -5.126 -8.926 -1.266
Accel: 0.025 0.0010 1.022
Gyro: -4.837 -9.765 -1.312
Accel: 0.032 0.014 1.021
Gyro: -4.928 -10.253 -1.464
Accel: 0.029 0.011 1.027
Gyro: -4.852 -10.360 -1.434
Accel: 0.022 0.007 1.034
Gyro: -4.180 -9.567 -1.113
Accel: 0.021 0.006 1.038
Gyro: -3.097 -7.614 0.885
Accel: 0.029 0.005 1.038
Gyro: -2.319 -5.767 0.747
Accel: 0.029 0.0001 1.034
Gyro: -1.937 -3.417 0.717
Accel: 0.030 0.0000 1.035
Gyro: -1.739 -1.724 0.854
Accel: 0.030 0.0000 1.036
Gyro: -1.434 0.793 0.946
Accel: 0.027 0.061 1.036
Gyro: 0.915 0.610 -1.052
Accel: 0.024 0.002 1.038
Gyro: 3.799 0.717 -1.037
Accel: 0.026 0.0000 1.034
Gyro: 0.869 0.930 -1.190
Accel: 0.029 0.0000 1.031
Gyro: 1.602 0.991 -1.281
Accel: 0.024 0.003 1.029
Gyro: 2.288 0.686 0.961
Accel: 0.025 0.0001 1.031
Gyro: 2.212 0.549 0.701
Accel: 0.026 0.0000 1.032
Gyro: 1.892 2.502 0.610
Accel: 0.022 0.004 1.034
Gyro: 1.495 4.272 0.381
Accel: 0.019 0.004 1.030
Gyro: 1.373 6.042 0.274
Accel: 0.020 0.062 1.034
Gyro: 1.296 6.820 0.396
Accel: 0.018 0.003 1.036
Gyro: 1.541 6.439 0.442
Accel: 0.016 0.002 1.036
Gyro: 1.953 5.386 0.244
Accel: 0.019 0.0000 1.034
Gyro: 2.014 4.089 0.335
Accel: 0.019 0.0000 1.036
Gyro: 2.044 3.051 3.753
Accel: 0.017 0.004 1.038
Gyro: 1.968 2.761 0.366
Accel: 0.027 0.002 1.039
Gyro: 1.632 2.990 0.213
Accel: 0.025 0.062 1.039
Gyro: 1.190 3.570 0.198
Accel: 0.022 0.004 1.033
Gyro: 0.518 4.592 0.503
Accel: 0.022 0.009 1.028
Gyro: 0.152 6.072 -1.205
Accel: 0.012 0.007 1.017
Gyro: 0.122 7.873 -1.525
Accel: 0.0000 0.012 1.003
Gyro: 0.137 10.421 -1.678
Accel: 0.005 0.028 0.983
Gyro: 0.091 13.702 -2.456
Accel: 0.013 0.048 0.948
Gyro: -1.373 18.325 -3.723
Accel: 0.017 0.071 0.893
Gyro: -4.104 27.130 -4.272
Accel: 0.025 0.084 0.830
Gyro: -7.965 27.587 -4.013
Accel: 0.028 0.077 0.769
Gyro: -9.552 29.968 -1.495
Accel: 0.044 0.071 0.708
Gyro: -5.813 28.121 2.258
Accel: 0.029 0.088 0.618
Gyro: 2.426 21.850 6.393
Accel: 0.005 0.122 0.477
Gyro: 9.613 12.771 15.457
Accel: 0.051 0.121 0.307
Gyro: 12.893 3.189 18.325
Accel: 0.035 0.027 0.242
Gyro: 26.992 -5.401 25.894
Accel: 0.044 0.051 0.052
Gyro: 32.989 -3.936 33.187
Accel: 0.005 0.006 0.030
Gyro: 37.170 -4.837 32.440
Accel: 0.017 0.013 0.025
Gyro: 39.916 -2.426 31.600
Accel: 0.014 0.022 0.030
Gyro: 43.457 0.595 31.158
Accel: 0.005 0.004 0.046
Gyro: 45.242 3.387 30.151
Accel: 0.002 0.007 0.024
Gyro: 45.883 6.027 29.327
Accel: 0.0001 0.007 0.024
Gyro: 46.401 8.758 28.335
Accel: 0.0000 0.004 0.032
Gyro: 46.035 11.383 27.511
Accel: 0.006 0.006 0.028
Gyro: 45.654 14.038 26.824
Accel: 0.003 0.006 0.034
Gyro: 45.135 16.510 26.092
Accel: 0.006 0.007 0.031
Gyro: 44.601 18.768 25.573
Accel: 0.007 0.007 0.036
Gyro: 43.731 20.751 25.024
Accel: 0.007 0.006 0.040
Gyro: 42.694 22.796 24.627
Accel: 0.009 0.003 0.045
Gyro: 41.503 24.505 24.154
Accel: 0.007 0.003 0.046
Gyro: 40.420 26.107 23.803
Accel: 0.006 0.003 0.053
Gyro: 39.581 27.740 23.605
Accel: 0.006 0.002 0.059
Gyro: 39.016 29.159 23.468
Accel: 0.006 0.006 0.072
Gyro: 38.543 30.548 23.529
Accel: 0.008 0.445 1.687
Gyro: -90.423 -81.253 3.433
Accel: 0.062 -1.923 4.770
Gyro: -499.969 0.366 0.122
Accel: 2.416 -3.608 7.999
Gyro: -43.609 45.791 -16.723
Accel: 0.499 0.207 0.842
Gyro: 248.779 273.193 -16.265
Accel: 0.042 0.567 0.774
Gyro: 202.529 256.210 -32.409
Accel: 0.110 0.690 0.443
Gyro: 115.371 158.706 -37.063
Accel: 0.395 0.927 0.714
Gyro: 42.221 116.653 -36.087
Accel: 0.037 1.070 0.500
Gyro: -32.989 111.923 -29.220
Accel: 0.109 1.046 0.631
Gyro: -111.602 99.273 -15.640
Accel: 0.354 0.849 0.835
Gyro: -196.044 62.057 0.411
Accel: 0.553 0.575 0.953
Gyro: -278.518 14.175 9.796
Accel: 0.346 0.154 4.021
Gyro: -257.934 52.291 7.568
Accel: 0.249 0.388 2.426
Gyro: -95.321 87.539 -9.796
Accel: 0.831 0.012 0.981
Gyro: -66.390 23.559 -25.527
Accel: 0.547 0.031 0.618
Gyro: -67.626 -35.675 -44.067
Accel: 0.459 0.221 0.543
Gyro: -89.523 -86.456 -55.648
Accel: 0.459 0.559 0.825
Gyro: -101.837 -106.323 -52.490
Accel: 0.391 0.927 1.777
Gyro: -60.531 -69.0000 -36.193
Accel: 0.428 0.733 1.353
Gyro: -18.234 -48.919 -25.161
Accel: 0.395 0.402 0.921
Gyro: 0.091 -73.059 -21.423
Accel: 0.405 0.246 0.900
Gyro: 8.468 -93.750 -15.838
Accel: 0.297 0.229 1.114
Gyro: 19.134 -89.279 -18.920
Accel: 0.170 0.226 1.148
Gyro: 27.481 -69.320 -19.546
Accel: 0.166 0.176 0.995
Gyro: 27.908 -56.991 -19.287
Accel: 0.176 0.113 0.934
Gyro: 22.888 -52.429 -16.586
Accel: 0.164 0.086 0.963
Gyro: 12.420 -46.279 -11.398
Accel: 0.117 0.086 1.009
Gyro: 8.789 -36.026 -2.532
Accel: 0.088 0.081 0.998
Gyro: 1.708 -24.978 4.669
Accel: 0.066 0.082 0.972
Gyro: -4.257 -16.983 9.002
Accel: 0.026 0.065 0.982
Gyro: -9.918 -9.948 11.367
Accel: 0.035 0.073 0.960
Gyro: -12.222 -8.377 10.894
Accel: 0.072 0.089 0.955
Gyro: -11.337 -10.345 8.728
Accel: 0.092 0.104 0.966
Gyro: -10.726 -9.841 6.286
Accel: 0.086 0.103 0.961
Gyro: -10.467 -7.980 3.875
Accel: 0.083 0.087 0.952
Gyro: -10.223 -6.866 0.793
Accel: 0.091 0.083 0.943
Gyro: -9.841 -7.247 -1.403
Accel: 0.103 0.086 0.952
Gyro: -9.307 -9.628 -1.983
Accel: 0.117 0.084 0.966
Gyro: -8.346 -12.435 -1.861
Accel: 0.122 0.083 0.977
Gyro: -7.690 -14.282 -1.724
Accel: 0.116 0.084 0.980
Gyro: -7.064 -14.419 -2.243
Accel: 0.102 0.094 0.981
Gyro: -6.500 -13.153 -3.570
Accel: 0.079 0.105 0.988
Gyro: -6.164 -11.428 -5.706
Accel: 0.063 0.114 0.992
Gyro: -5.035 -10.070 -6.927
Accel: 0.052 0.123 0.991
Gyro: -3.173 -9.841 -6.927
Accel: 0.061 0.142 0.975
Gyro: -1.083 -10.772 -4.989
Accel: 0.063 0.150 0.970
Gyro: 0.656 -12.268 -2.197
Accel: 0.048 0.147 0.989
Gyro: 2.548 -12.130 3.784
Accel: 0.028 0.142 1.003
Gyro: 4.989 -9.490 0.534
Accel: 0.026 0.142 0.994
Gyro: 6.713 -6.256 0.259
Accel: 0.032 0.143 0.981
Gyro: 7.293 -4.333 0.076
Accel: 0.035 0.131 0.986
Gyro: 7.598 -3.524 0.411
Accel: 0.040 0.103 0.990
Gyro: 7.369 -3.738 0.564
Accel: 0.041 0.076 1.004
Gyro: 4.821 -4.119 2.502
Accel: 0.044 0.092 1.009
Gyro: 1.251 -3.814 1.968
Accel: 0.051 0.093 0.995
Gyro: -3.097 -4.379 1.205
Accel: 0.057 0.096 0.998
Gyro: -11.489 -6.439 0.640
Accel: 0.057 0.183 1.013
Gyro: -9.399 -7.720 0.030
Accel: 0.065 0.186 1.033
Gyro: -6.683 -10.269 -1.235
Accel: 0.080 0.179 0.993
Gyro: -3.173 -12.725 -1.998
Accel: 0.073 0.157 0.999
Gyro: -1.159 -14.221 -2.868
Accel: 0.053 0.139 1.012
Gyro: 1.754 -14.724 -2.593
Accel: 0.033 0.161 1.009
Gyro: 2.593 -14.175 -1.983
Accel: 0.031 0.165 0.996
Gyro: 1.663 -14.312 -1.922
Accel: 0.031 0.148 1.019
Gyro: 0.442 -14.663 -2.731
Accel: 0.028 0.143 1.030
Gyro: 0.015 -11.825 -3.082
Accel: 0.030 0.139 1.029
Gyro: 0.167 -10.940 -2.258
Accel: 0.036 0.158 1.027
Gyro: 0.732 -11.123 -2.212
Accel: 0.050 0.181 1.051
Gyro: 0.732 -13.076 -2.182
Accel: 0.070 0.189 1.057
Gyro: 4.974 -16.372 -1.571
Accel: 0.080 0.177 1.069
Gyro: 6.469 -20.843 0.946
Accel: 0.058 0.167 1.065
Gyro: 6.271 -25.726 -1.617
Accel: 0.028 0.157 1.070
Gyro: 3.601 -29.251 -3.799
Accel: 0.024 0.168 1.091
Gyro: 1.525 -32.409 -6.057
Accel: 0.022 0.167 1.118
Gyro: 3.021 -35.324 -5.279
Accel: 0.007 0.160 1.102
Gyro: 13.610 -33.355 -4.638
Accel: 0.0010 0.192 1.066
Gyro: 22.827 -35.385 -4.760
Accel: 0.017 0.218 1.068
Gyro: 31.326 -40.115 -6.546
Accel: 0.024 0.239 1.115
Gyro: 39.306 -47.607 -10.070
Accel: 0.065 0.124 0.762
Gyro: 29.464 -36.148 -6.378
Accel: 0.070 0.0000 0.838
Gyro: 6.103 -26.443 -4.272
Accel: 0.066 0.074 1.086
Gyro: 4.776 -26.321 -8.300
Accel: 0.097 0.150 1.108
Gyro: 8.102 -22.506 -8.880
Accel: 0.061 0.119 1.044
Gyro: 9.658 -20.782 -7.553
Accel: 0.099 0.134 1.029
Gyro: 7.247 -23.956 -6.057
Accel: 0.108 0.092 1.067
Gyro: 6.103 -26.550 -3.463
Accel: 0.106 0.073 1.079
Gyro: 5.523 -26.428 -1.510
Accel: 0.086 0.062 1.071
Gyro: 3.463 -19.729 0.900
Accel: 0.052 0.053 1.059
Gyro: 1.678 -17.883 -1.831
Accel: 0.055 0.037 1.041
Gyro: 0.732 -12.283 -5.111
Accel: 0.063 0.123 1.025
Gyro: 0.259 -7.064 -7.888
Accel: 0.082 0.078 1.027
Gyro: 0.183 -2.273 -9.094
Accel: 0.098 0.093 1.022
Gyro: 1.358 2.243 -9.002
Accel: 0.110 0.106 1.034
Gyro: 3.112 6.500 -7.507
Accel: 0.104 0.109 1.024
Gyro: 5.249 9.643 -5.081
Accel: 0.094 0.109 1.020
Gyro: 11.367 13.259 -3.265
Accel: 0.087 0.096 1.017
Gyro: 9.262 17.837 -2.944
Accel: 0.076 0.085 0.993
Gyro: 9.399 20.797 -3.723
Accel: 0.069 0.076 0.976
Gyro: 9.277 22.613 -5.126
Accel: 0.045 0.077 0.973
Gyro: 9.582 22.964 -6.668
Accel: 0.032 0.083 0.987
Gyro: 10.314 22.979 -8.087
Accel: 0.039 0.091 0.978
Gyro: 11.383 22.277 -8.560
Accel: 0.045 0.115 0.970
Gyro: 12.710 21.240 -7.034
Accel: 0.055 0.098 0.962
Gyro: 13.961 19.287 -5.493
Accel: 0.042 0.089 0.963
Gyro: 14.923 16.387 -4.318
Accel: 0.026 0.094 0.967
Gyro: 15.365 13.839 -3.280
Accel: 0.045 0.093 0.973
Gyro: 14.373 12.664 -1.708
Accel: 0.033 0.071 0.976
Gyro: 14.114 13.092 -1.586
Accel: 0.022 0.061 0.976
Gyro: 13.153 13.778 -2.288
Accel: 0.014 0.059 0.973
Gyro: 12.634 13.671 -3.204
Accel: 0.007 0.059 0.968
Gyro: 12.161 12.603 -3.387
Accel: 0.003 0.060 0.962
Gyro: 11.459 11.138 -3.189
Accel: 0.004 0.058 0.967
Gyro: 11.245 10.131 -2.731
Accel: 0.0001 0.058 0.971
Gyro: 10.894 8.972 -1.434
Accel: 0.007 0.057 0.976
Gyro: 10.696 8.300 0.183
Accel: 0.006 0.064 0.975
Gyro: 10.223 9.155 1.159
Accel: 0.019 0.060 0.980
Gyro: 8.789 10.452 1.922
Accel: 0.022 0.051 0.972
Gyro: 7.064 12.039 1.953
Accel: 0.019 0.044 0.964
Gyro: 0.335 13.687 1.220
Accel: 0.0000 0.043 0.958
Gyro: 1.129 14.266 0.198
Accel: 0.008 0.039 0.953
Gyro: -2.319 13.183 -1.266
Accel: 0.007 0.047 0.948
Gyro: -5.371 11.032 -2.059
Accel: 0.021 0.043 0.959
Gyro: -7.965 7.659 -2.563
Accel: 0.031 0.052 0.960
Gyro: -9.872 3.479 -2.777
Accel: 0.043 0.065 0.981
Gyro: -10.681 -1.022 -3.143
Accel: 0.048 0.080 0.987
Gyro: -11.413 -4.455 -3.051
Accel: 0.035 0.085 0.996
Gyro: -11.322 -7.003 -3.417
Accel: 0.025 0.087 0.996
Gyro: -11.566 -7.995 -3.860
Accel: 0.016 0.087 0.997
Gyro: -11.703 -8.453 -4.455
Accel: 0.011 0.085 0.990
Gyro: -11.703 -8.392 -5.371
Accel: 0.008 0.083 0.991
Gyro: -11.032 -8.087 -6.301
Accel: 0.004 0.081 0.991
Gyro: -9.841 -7.415 -6.683
Accel: 0.009 0.084 0.991
Gyro: -8.377 -6.652 -6.729
Accel: 0.008 0.084 0.991
Gyro: -6.500 -5.966 -7.095
Accel: 0.013 0.088 0.988
Gyro: -5.218 -5.386 -7.232
Accel: 0.0010 0.090 0.985
Gyro: -3.890 -5.447 -7.034
Accel: 0.002 0.088 0.980
Gyro: -2.593 -5.554 -6.866
Accel: 0.006 0.089 0.980
Gyro: -1.678 -5.722 -6.546
Accel: 0.009 0.091 0.978
Gyro: -1.129 -6.225 -5.584
Accel: 0.012 0.083 0.976
Gyro: -1.037 -7.049 -4.699
Accel: 0.006 0.077 0.980
Gyro: -1.388 -8.087 0.076
Accel: 0.004 0.062 0.982
Gyro: -1.556 -9.231 -3.463
Accel: 0.005 0.062 0.985
Gyro: -1.739 -10.314 -3.036
Accel: 0.015 0.066 0.990
Gyro: -1.754 -10.925 -2.899
Accel: 0.022 0.075 0.999
Gyro: -1.129 -11.245 -2.731
Accel: 0.026 0.085 1.002
Gyro: 0.289 -11.169 -2.059
Accel: 0.030 0.091 1.007
Gyro: 1.144 -10.269 -1.129
Accel: 0.038 0.092 1.002
Gyro: 1.693 -8.834 0.396
Accel: 0.042 0.092 1.002
Gyro: 1.983 -7.568 0.167
Accel: 0.041 0.082 1.003
Gyro: 1.693 -6.347 0.793
Accel: 0.042 0.069 1.0001
Gyro: 1.403 -4.669 1.052
Accel: 0.038 0.065 1.062
Gyro: 0.457 -2.990 0.946
Accel: 0.032 0.065 0.998
Gyro: 0.305 -1.159 0.579
Accel: 0.027 0.070 0.997
Gyro: 0.411 0.869 0.106
Accel: 0.025 0.073 0.993
Gyro: 0.106 2.777 0.503
Accel: 0.018 0.085 0.984
Gyro: 0.671 4.531 0.762
Accel: 0.020 0.090 0.973
Gyro: 1.281 6.011 0.671
Accel: 0.030 0.086 0.962
Gyro: 1.388 7.049 0.762
Accel: 0.019 0.087 0.963
Gyro: 1.693 7.385 0.030
Accel: 0.017 0.085 0.962
Gyro: 2.670 6.515 0.885
Accel: 0.005 0.083 0.963
Gyro: 3.646 4.714 1.663
Accel: 0.003 0.079 0.966
Gyro: 4.180 1.953 2.517
Accel: 0.003 0.077 0.971
Gyro: 4.608 -1.464 2.960
Accel: 0.0000 0.071 0.972
Gyro: 4.180 -5.096 3.128
Accel: 0.002 0.065 0.980
Gyro: 3.311 -8.071 3.005
Accel: 0.006 0.066 0.988
Gyro: 2.624 -10.543 2.639
Accel: 0.009 0.071 0.996
Gyro: 2.273 -12.802 2.548
Accel: 0.015 0.076 1.0001
Gyro: 2.151 -14.602 2.395
Accel: 0.027 0.079 1.0001
Gyro: 2.441 -15.457 2.136
Accel: 0.038 0.081 1.007
Gyro: 2.883 -15.609 2.029
Accel: 0.042 0.081 1.013
Gyro: 3.540 -15.151 1.800
Accel: 0.043 0.080 1.020
Gyro: 4.135 -14.236 1.358
Accel: 0.045 0.082 1.030
Gyro: 4.837 -13.305 1.083
Accel: 0.052 0.078 1.030
Gyro: 4.821 -11.154 1.007
Accel: 0.061 0.074 1.038
Gyro: 4.486 -4.196 0.686
Accel: 0.056 0.072 1.044
Gyro: 3.890 0.289 0.534
Accel: 0.058 0.068 1.043
Gyro: 3.189 0.289 0.320
Accel: 0.059 0.065 1.041
Gyro: 2.212 2.883 0.335
Accel: 0.056 0.064 1.043
Gyro: 1.464 6.210 0.671
Accel: 0.053 0.066 1.039
Gyro: 0.808 8.773 0.701
Accel: 0.036 0.063 1.033
Gyro: 0.213 10.803 0.793
Accel: 0.028 0.061 1.028
Gyro: 0.122 11.901 0.839
Accel: 0.020 0.064 1.016
Gyro: 0.289 12.039 0.976
Accel: 0.016 0.066 1.011
Gyro: 0.350 11.444 0.961
Accel: 0.014 0.071 0.999
Gyro: 0.488 10.574 1.281
Accel: 0.014 0.070 0.993
Gyro: 0.701 9.719 1.647
Accel: 0.013 0.069 0.989
Gyro: 0.885 8.224 1.647
Accel: 0.006 0.067 0.983
Gyro: 0.610 7.293 1.495
Accel: 0.0001 0.065 0.985
Gyro: 0.442 5.889 1.358
Accel: 0.006 0.065 0.982
Gyro: 0.549 3.890 1.388
Accel: 0.004 0.063 0.979
Gyro: 0.457 1.403 1.464
Accel: 0.004 0.058 0.978
Gyro: 0.381 -1.174 1.358
Accel: 0.003 0.060 0.981
Gyro: 0.488 -3.692 1.403
Accel: 0.0001 0.059 0.986
Gyro: 0.747 -5.783 1.388
Accel: 0.007 0.063 0.986
Gyro: 0.762 -7.369 1.022
Accel: 0.011 0.062 0.989
Gyro: 0.869 -8.132 0.793
Accel: 0.021 0.067 0.993
Gyro: 0.732 -8.560 0.717
Accel: 0.027 0.067 0.999
Gyro: 0.656 -8.819 0.732
Accel: 0.032 0.067 1.0000
Gyro: 0.488 -8.361 0.717
Accel: 0.032 0.064 1.005
Gyro: 0.106 -7.904 0.579
Accel: 0.031 0.062 1.006
Gyro: 0.137 -7.232 0.106
Accel: 0.036 0.064 1.006
Gyro: 0.869 -6.179 0.396
Accel: 0.046 0.070 1.012
Gyro: -1.510 -5.096 0.701
Accel: 0.046 0.073 1.015
Gyro: -1.876 -3.417 0.579
Accel: 0.045 0.071 1.018
Gyro: -2.227 -1.892 0.228
Accel: 0.045 0.067 1.017
Gyro: -2.471 0.381 0.183
Accel: 0.040 0.068 1.019
Gyro: -2.990 1.052 0.030
Accel: 0.039 0.068 1.021
Gyro: -3.143 2.227 0.137
Accel: 0.034 0.072 1.022
Gyro: -2.548 2.914 0.244
Accel: 0.030 0.075 1.019
Gyro: -1.785 2.868 0.198
Accel: 0.023 0.079 1.017
Gyro: -1.083 2.716 0.457
Accel: 0.020 0.081 1.014
Gyro: 0.305 1.861 0.534
Accel: 0.016 0.079 1.007
Gyro: 0.350 0.839 0.686
Accel: 0.021 0.076 1.003
Gyro: 1.022 0.549 0.625
Accel: 0.028 0.076 0.996
Gyro: 0.900 0.961 0.488
Accel: 0.029 0.078 1.0001
Gyro: 0.717 0.991 0.610
Accel: 0.021 0.077 1.003
Gyro: 0.778 -1.037 1.098
Accel: 0.022 0.077 1.008
Gyro: 0.885 -1.266 1.525
Accel: 0.023 0.075 1.006
Gyro: 1.510 -1.388 2.090
Accel: 0.031 0.075 1.006
Gyro: 1.846 -1.647 2.166
Accel: 0.029 0.074 1.009
Gyro: 1.892 -1.098 2.380
Accel: 0.023 0.077 1.016
Gyro: 2.349 -1.068 2.655
Accel: 0.019 0.075 1.012
Gyro: 2.716 0.930 2.822
Accel: 0.022 0.069 1.008
Gyro: 2.777 -1.144 2.975
Accel: 0.029 0.066 1.0000
Gyro: 2.349 -1.281 2.990
Accel: 0.032 0.065 1.0001
Gyro: 2.197 -1.525 3.112
Accel: 0.028 0.062 0.999
Gyro: 2.273 -2.014 3.295
Accel: 0.022 0.124 0.993
Gyro: 2.166 -2.761 3.112
Accel: 0.025 0.063 0.988
Gyro: 1.754 -3.417 2.716
Accel: 0.030 0.062 0.992
Gyro: 1.144 -3.982 2.395
Accel: 0.036 0.057 0.995
Gyro: 0.732 -4.348 2.258
Accel: 0.033 0.059 1.0001
Gyro: 0.213 -4.547 1.968
Accel: 0.033 0.058 1.002
Gyro: 0.015 -4.623 1.647
Accel: 0.032 0.061 1.006
Gyro: 0.167 -4.364 1.205
Accel: 0.035 0.067 1.009
Gyro: 0.045 -4.089 1.007
Accel: 0.039 0.069 1.008
Gyro: 0.061 -3.692 1.052
Accel: 0.041 0.065 1.013
Gyro: 0.061 -2.838 1.174
Accel: 0.042 0.062 1.015
Gyro: 0.061 -1.892 1.190
Accel: 0.038 0.061 1.017
Gyro: 0.122 0.839 0.961
Accel: 0.035 0.062 1.017
Gyro: 0.198 0.061 0.732
Accel: 0.036 0.064 1.014
Gyro: 0.335 0.396 0.808
Accel: 0.038 0.065 1.015
Gyro: 0.167 0.457 1.480
Accel: 0.036 0.064 1.011
Gyro: 0.198 1.052 1.937
Accel: 0.034 0.061 1.012
Gyro: 0.213 1.434 1.770
Accel: 0.030 0.062 1.013
Gyro: 0.564 1.907 1.159
Accel: 0.025 0.063 1.012
Gyro: 0.656 2.334 0.778
Accel: 0.023 0.066 1.0010
Gyro: 0.350 2.548 0.686
Accel: 0.028 0.066 1.008
Gyro: 0.106 2.227 0.473
Accel: 0.030 0.071 1.005
Gyro: 0.701 1.876 0.350
Accel: 0.032 0.075 1.009
Gyro: 1.052 2.029 0.350
Accel: 0.026 0.072 1.008
Gyro: 1.617 2.227 0.228
Accel: 0.020 0.068 1.005
Gyro: 1.754 2.227 0.122
Accel: 0.021 0.065 1.005
Gyro: 1.846 1.983 0.274
Accel: 0.024 0.066 1.004
Gyro: 1.831 1.373 0.518
Accel: 0.031 0.062 1.004
Gyro: 1.510 1.235 0.579
Accel: 0.031 0.064 1.008
Gyro: 1.098 1.571 0.640
Accel: 0.028 0.065 1.009
Gyro: 0.686 1.525 0.640
Accel: 0.027 0.067 1.009
Gyro: 0.259 1.571 0.747
Accel: 0.023 0.072 1.009
Gyro: 0.167 1.510 0.900
Accel: 0.020 0.072 1.007
Gyro: 0.076 1.388 -1.037
Accel: 0.023 0.071 1.005
Gyro: 0.076 1.251 -1.022
Accel: 0.030 0.069 1.0001
Gyro: 0.167 1.541 -1.113
Accel: 0.027 0.071 0.999
Gyro: 0.167 1.632 -1.098
Accel: 0.025 0.070 0.999
Gyro: 0.244 1.434 0.900
Accel: 0.025 0.069 0.997
Gyro: 0.335 1.037 0.701
Accel: 0.028 0.067 0.994
Gyro: 0.091 0.854 0.564
Accel: 0.026 0.068 0.996
Gyro: 0.289 0.457 0.701
Accel: 0.022 0.068 0.996
Gyro: 0.488 0.152 0.732
Accel: 0.021 0.070 0.997
Gyro: 0.518 0.854 0.778
Accel: 0.026 0.071 0.995
Gyro: 0.091 -1.419 0.823
Accel: 0.027 0.073 0.997
Gyro: 0.137 -1.815 0.778
Accel: 0.029 0.073 0.995
Gyro: 0.671 -2.319 0.701
Accel: 0.030 0.074 0.994
Gyro: 0.930 -2.685 0.747
Accel: 0.037 0.070 0.995
Gyro: 1.296 -2.624 0.823
Accel: 0.036 0.072 1.0001
Gyro: 1.510 -2.670 0.839
Accel: 0.031 0.072 1.003
Gyro: 1.846 -2.624 0.671
Accel: 0.032 0.071 1.003
Gyro: 1.693 -2.441 0.640
Accel: 0.038 0.070 1.003
Gyro: 1.617 -2.670 0.473
Accel: 0.039 0.066 1.005
Gyro: 1.770 -2.639 0.0000
Accel: 0.038 0.065 1.008
Gyro: 1.525 -2.288 0.366
Accel: 0.035 0.063 1.0010
Gyro: 1.510 -1.678 0.350
Accel: 0.028 0.063 1.007
Gyro: 1.434 0.961 0.381
Accel: 0.028 0.063 1.005
Gyro: 1.327 0.747 0.289
Accel: 0.033 0.062 1.002
Gyro: 1.220 0.930 0.442
Accel: 0.039 0.061 0.999
Gyro: 1.327 0.732 0.732
Accel: 0.037 0.060 1.002
Gyro: 0.991 0.366 0.701
Accel: 0.023 0.060 1.004
Gyro: 0.717 0.0000 0.564
Accel: 0.016 0.058 1.004
Gyro: 0.518 0.183 0.274
Accel: 0.016 0.059 1.003
Gyro: 0.564 0.946 0.122
Accel: 0.018 0.064 0.999
Gyro: 0.823 -2.243 0.228
Accel: 0.024 0.064 0.995
Gyro: 0.823 -2.822 0.122
Accel: 0.027 0.067 1.0000
Gyro: 0.640 -2.899 0.183
Accel: 0.023 0.067 1.007
Gyro: 0.640 -2.868 0.122
Accel: 0.018 0.063 1.007
Gyro: 0.732 -2.960 0.167
Accel: 0.021 0.063 1.0010
Gyro: 0.991 -3.051 0.198
Accel: 0.030 0.065 1.008
Gyro: 0.946 -2.929 0.274
Accel: 0.035 0.063 1.009
Gyro: 0.762 -2.548 0.381
Accel: 0.031 0.125 1.012
Gyro: 0.625 -1.907 0.503
Accel: 0.027 0.062 1.012
Gyro: 0.427 -1.480 0.732
Accel: 0.026 0.064 1.013
Gyro: 0.396 -1.007 -1.083
Accel: 0.029 0.063 1.0010
Gyro: 0.564 -1.174 -1.235
Accel: 0.030 0.065 1.0010
Gyro: 0.442 -1.373 -1.159
Accel: 0.031 0.067 1.0010
Gyro: 0.427 -1.235 0.915
Accel: 0.031 0.067 1.0010
Gyro: 0.411 -1.235 0.549
Accel: 0.030 0.067 1.009
Gyro: 0.213 -1.037 0.518
Accel: 0.034 0.064 1.007
Gyro: 0.137 0.579 0.549
Accel: 0.037 0.062 1.003
Gyro: 0.656 0.396 0.610
Accel: 0.039 0.064 1.004
Gyro: -1.113 0.076 0.381
Accel: 0.042 0.066 1.006
Gyro: -1.251 0.152 0.106
Accel: 0.039 0.069 1.007
Gyro: -1.190 0.015 0.091
Accel: 0.031 0.070 1.007
Gyro: -1.098 0.244 0.213
Accel: 0.027 0.072 1.0010
Gyro: 0.793 0.442 0.335
Accel: 0.025 0.071 1.012
Gyro: 0.503 0.396 0.625
Accel: 0.028 0.071 1.0010
Gyro: 0.076 0.213 0.793
Accel: 0.032 0.071 1.009
Gyro: 0.106 0.427 -1.022
Accel: 0.032 0.072 1.014
Gyro: 0.122 0.778 0.930
Accel: 0.024 0.073 1.013
Gyro: 0.473 1.022 0.686
Accel: 0.028 0.072 1.011
Gyro: 0.839 1.037 0.503
Accel: 0.026 0.069 1.011
Gyro: 1.037 1.113 0.167
Accel: 0.027 0.071 1.013
Gyro: 1.098 1.251 0.289
Accel: 0.028 0.067 1.009
Gyro: 0.946 0.961 0.488
Accel: 0.024 0.066 1.009
Gyro: 0.885 0.610 0.579
Accel: 0.023 0.065 1.003
Gyro: 0.625 0.488 0.534
Accel: 0.029 0.065 1.002
Gyro: 0.045 0.289 0.549
Accel: 0.030 0.063 1.002
Gyro: 0.350 0.335 0.656
Accel: 0.031 0.124 1.0000
Gyro: 0.625 0.457 0.518
Accel: 0.029 0.061 1.062
Gyro: 0.762 0.701 0.274
Accel: 0.031 0.066 1.0000
Gyro: -1.190 0.946 0.122
Accel: 0.034 0.066 1.0000
Gyro: -1.403 1.098 0.320
Accel: 0.035 0.069 1.0000
Gyro: -1.678 0.885 0.442
Accel: 0.035 0.070 1.0001
Gyro: -1.434 0.549 0.152
Accel: 0.025 0.072 1.002
Gyro: -1.235 0.061 0.061
Accel: 0.020 0.077 1.004
Gyro: 0.778 0.473 0.198
Accel: 0.020 0.080 1.006
Gyro: 0.381 -1.220 0.045
Accel: 0.025 0.075 1.008
Gyro: 0.122 -1.251 0.213
Accel: 0.023 0.073 1.007
Gyro: 0.183 0.854 0.259
Accel: 0.022 0.067 1.011
Gyro: 0.167 0.015 0.061
Accel: 0.021 0.066 1.011
Gyro: 0.076 0.701 0.183
Accel: 0.022 0.065 1.0010
Gyro: 0.030 1.190 0.152
Accel: 0.026 0.065 1.005
Gyro: 0.015 1.770 0.274
Accel: 0.030 0.068 1.005
Gyro: 0.289 2.319 0.030
Accel: 0.024 0.069 1.005
Gyro: 0.152 2.716 0.015
Accel: 0.018 0.069 1.004
Gyro: 0.274 2.548 0.091
Accel: 0.014 0.069 1.0001
Gyro: 0.442 1.602 0.030
Accel: 0.015 0.069 1.0001
Gyro: 0.717 1.098 0.183
Accel: 0.019 0.068 1.002
Gyro: 0.762 0.473 0.152
Accel: 0.020 0.071 1.004
Gyro: 0.900 0.183 0.061
Accel: 0.018 0.073 1.005
Gyro: 0.671 0.778 0.366
Accel: 0.019 0.074 1.006
Gyro: 0.747 -1.159 0.381
Accel: 0.020 0.074 1.008
Gyro: 0.473 -1.586 0.579
Accel: 0.021 0.072 1.008
Gyro: 0.411 -1.678 0.579
Accel: 0.025 0.070 1.008
Gyro: 0.305 -1.571 0.610
Accel: 0.024 0.071 1.012
Gyro: 0.244 -1.251 0.442
Accel: 0.025 0.069 1.011
Gyro: 0.274 -1.083 0.289
Accel: 0.027 0.067 1.013
Gyro: 0.366 0.762 0.213
Accel: 0.027 0.067 1.013
Gyro: 0.503 0.411 0.137
Accel: 0.027 0.071 1.017
Gyro: 0.686 0.061 0.030
Accel: 0.023 0.070 1.016
Gyro: 0.488 0.289 0.259
Accel: 0.023 0.066 1.017
Gyro: 0.381 0.244 0.411
Accel: 0.022 0.067 1.019
Gyro: 0.152 0.244 0.534
Accel: 0.019 0.070 1.019
Gyro: 0.915 0.747 0.839
Accel: 0.022 0.069 1.020
Gyro: 1.815 -1.403 1.098
Accel: 0.020 0.068 1.019
Gyro: 2.929 -1.739 1.205
Accel: 0.021 0.068 1.020
Gyro: 7.736 -1.525 1.541
Accel: 0.025 0.073 1.025
Gyro: 4.989 -1.144 2.059
Accel: 0.026 0.069 1.025
Gyro: 5.920 0.350 2.578
Accel: 0.029 0.063 1.027
Gyro: 6.652 0.503 2.822
Accel: 0.027 0.061 1.023
Gyro: 6.927 1.586 2.807
Accel: 0.029 0.060 1.021
Gyro: 6.561 2.777 2.716
Accel: 0.027 0.057 1.017
Gyro: 6.057 3.952 2.502
Accel: 0.027 0.054 1.013
Gyro: 5.355 4.959 2.288
Accel: 0.028 0.054 1.009
Gyro: 4.348 6.042 2.197
Accel: 0.028 0.055 1.0001
Gyro: 3.341 6.698 1.846
Accel: 0.026 0.056 0.994
Gyro: 2.059 6.912 1.464
Accel: 0.023 0.057 0.989
Gyro: 0.991 6.851 0.991
Accel: 0.023 0.058 0.986
Gyro: 0.213 6.134 0.503
Accel: 0.023 0.064 0.982
Gyro: 0.503 5.325 0.152
Accel: 0.025 0.066 0.981
Gyro: 0.885 4.562 0.274
Accel: 0.020 0.068 0.979
Gyro: -1.190 3.479 0.671
Accel: 0.019 0.067 0.979
Gyro: -1.205 2.273 -1.190
Accel: 0.019 0.068 0.978
Gyro: -1.342 0.976 -1.495
Accel: 0.021 0.065 0.982
Gyro: -1.724 0.274 -1.556
Accel: 0.025 0.062 0.989
Gyro: -1.800 0.122 -1.678
Accel: 0.020 0.064 0.992
Gyro: -1.876 0.259 -1.632
Accel: 0.021 0.064 0.994
Gyro: -1.754 0.579 -1.647
Accel: 0.016 0.064 0.998
Gyro: -1.510 -1.144 -1.525
Accel: 0.014 0.063 1.002
Gyro: -1.037 -2.075 -1.525
Accel: 0.011 0.065 1.003
Gyro: 0.305 -2.960 -1.434
Accel: 0.011 0.069 1.002
Gyro: 0.457 -4.150 -1.068
Accel: 0.017 0.071 1.004
Gyro: 1.068 -4.837 0.427
Accel: 0.018 0.067 1.004
Gyro: 1.754 -4.867 0.122
Accel: 0.022 0.059 1.003
Gyro: 1.892 -4.257 0.259
Accel: 0.023 0.057 1.005
Gyro: 1.846 -3.433 0.381
Accel: 0.021 0.055 1.007
Gyro: 1.907 -2.426 0.457
Accel: 0.019 0.054 1.005
Gyro: 1.754 -1.464 0.930
Accel: 0.024 0.052 1.004
Gyro: 1.708 0.244 1.480
Accel: 0.031 0.053 1.003
Gyro: 1.495 1.113 1.983
Accel: 0.026 0.054 1.005
Gyro: 0.976 2.700 2.410
Accel: 0.018 0.053 1.008
Gyro: 0.762 3.753 2.395
Accel: 0.011 0.054 1.0010
Gyro: 0.274 4.165 2.273
Accel: 0.005 0.058 1.009
Gyro: 0.045 3.784 1.831
Accel: 0.0001 0.059 1.008
Gyro: 0.106 2.929 1.510
Accel: 0.0001 0.061 1.004
Gyro: 0.228 1.678 1.144
Accel: 0.004 0.065 1.003
Gyro: 0.259 0.320 0.747
Accel: 0.006 0.067 1.0001
Gyro: 0.366 0.869 0.320
Accel: 0.006 0.069 1.0001
Gyro: 0.335 -1.892 0.0000
Accel: 0.005 0.070 1.002
Gyro: 0.259 -3.036 0.305
Accel: 0.005 0.070 1.003
Gyro: 0.045 -4.196 0.167
Accel: 0.011 0.067 1.005
Gyro: 0.061 -5.020 0.183
Accel: 0.015 0.062 1.007
Gyro: 0.244 -5.661 0.320
Accel: 0.014 0.062 1.0010
Gyro: 0.381 -6.164 0.305
Accel: 0.014 0.060 1.0010
Gyro: 0.640 -6.118 0.167
Accel: 0.015 0.059 1.011
Gyro: 0.671 -5.722 0.015
Accel: 0.017 0.061 1.012
Gyro: 0.686 -5.249 0.045
Accel: 0.020 0.063 1.0010
Gyro: 0.701 -4.257 0.244
Accel: 0.026 0.063 1.013
Gyro: 0.778 -3.036 0.488
Accel: 0.028 0.063 1.011
Gyro: 0.671 -1.983 0.579
Accel: 0.027 0.062 1.007
Gyro: 0.442 0.717 0.595
Accel: 0.026 0.062 1.008
Gyro: 0.320 0.0000 0.457
Accel: 0.020 0.060 1.005
Gyro: 0.061 0.427 0.564
Accel: 0.019 0.061 1.004
Gyro: 0.152 0.274 0.518
Accel: 0.017 0.060 1.003
Gyro: 0.228 0.213 0.381
Accel: 0.016 0.062 1.004
Gyro: 0.518 0.900 0.396
Accel: 0.013 0.063 1.0001
Gyro: 0.732 -1.434 0.030
Accel: 0.013 0.065 1.0001
Gyro: -1.388 -1.892 0.411
