Accel: 0.102 0.052 1.023
Gyro: 3.784 4.409 1.312
Accel: 0.103 0.048 1.023
Gyro: 4.058 6.805 1.510
Accel: 0.099 0.049 1.024
Gyro: 3.753 8.773 1.861
Accel: 0.096 0.045 1.023
Gyro: 3.585 10.116 2.502
Accel: 0.094 0.039 1.008
Gyro: 2.716 10.009 3.021
Accel: 0.088 0.041 1.0001
Gyro: 1.113 8.804 3.448
Accel: 0.078 0.047 0.999
Gyro: 0.152 6.530 3.646
Accel: 0.074 0.049 0.998
Gyro: 0.961 3.845 3.402
Accel: 0.072 0.054 0.994
Gyro: -1.770 1.434 2.777
Accel: 0.071 0.051 0.998
Gyro: -2.410 0.137 2.258
Accel: 0.075 0.047 0.995
Gyro: -2.944 0.473 1.800
Accel: 0.080 0.041 1.0001
Gyro: -2.975 0.259 1.113
Accel: 0.083 0.043 1.009
Gyro: -2.487 0.900 0.045
Accel: 0.077 0.052 1.008
Gyro: -2.151 -1.998 -1.358
Accel: 0.075 0.059 1.018
Gyro: -2.212 -2.548 -2.853
Accel: 0.084 0.058 1.024
Gyro: -2.212 -2.624 -3.906
Accel: 0.087 0.055 1.026
Gyro: -2.487 -1.968 -4.165
Accel: 0.093 0.056 1.020
Gyro: -2.944 0.671 -3.860
Accel: 0.101 0.050 1.016
Gyro: -3.524 0.396 -3.112
Accel: 0.104 0.050 1.008
Gyro: -4.058 1.220 -1.983
Accel: 0.097 0.053 0.937
Gyro: -4.791 1.251 0.656
Accel: 0.0100 0.052 0.999
Gyro: -5.187 0.610 0.427
Accel: 0.095 0.052 1.002
Gyro: -4.882 0.610 1.327
Accel: 0.097 0.058 1.006
Gyro: -4.226 -1.556 1.419
Accel: 0.095 0.069 1.014
Gyro: -3.143 -1.724 1.007
Accel: 0.094 0.078 1.018
Gyro: -1.556 0.915 0.274
Accel: 0.095 0.075 1.022
Gyro: 0.061 0.640 0.137
Accel: 0.102 0.068 1.021
Gyro: 0.823 2.975 0.152
Accel: 0.102 0.066 1.019
Gyro: 1.235 5.767 0.350
Accel: 0.108 0.066 1.017
Gyro: 1.296 8.148 0.778
Accel: 0.099 0.068 1.016
Gyro: 1.098 9.719 1.647
Accel: 0.097 0.072 1.008
Gyro: 0.885 10.421 2.517
Accel: 0.092 0.072 1.005
Gyro: 0.289 10.070 3.158
Accel: 0.083 0.079 0.999
Gyro: 0.305 8.697 3.936
Accel: 0.077 0.081 0.995
Gyro: -1.312 6.713 4.776
Accel: 0.077 0.076 0.990
Gyro: -2.319 4.730 6.042
Accel: 0.081 0.071 0.986
Gyro: -3.570 3.372 7.202
Accel: 0.083 0.072 0.988
Gyro: -4.745 2.548 8.270
Accel: 0.083 0.069 0.987
Gyro: -5.447 1.739 9.140
Accel: 0.085 0.068 0.981
Gyro: -5.996 1.556 9.765
Accel: 0.081 0.077 0.977
Gyro: -6.790 1.815 9.872
Accel: 0.081 0.079 0.971
Gyro: -7.308 1.785 9.735
Accel: 0.081 0.083 0.966
Gyro: -7.827 1.388 9.216
Accel: 0.073 0.090 0.977
Gyro: -7.217 0.549 8.346
Accel: 0.073 0.083 0.993
Gyro: -4.501 -4.394 7.995
Accel: 0.084 0.061 0.995
Gyro: -1.693 -7.446 8.285
Accel: 0.097 0.052 0.999
Gyro: 0.228 -7.965 8.255
Accel: 0.096 0.055 1.003
Gyro: 0.961 -6.576 8.346
Accel: 0.098 0.053 1.002
Gyro: 1.708 -4.318 8.056
Accel: 0.094 0.056 0.997
Gyro: 2.059 -1.159 8.285
Accel: 0.088 0.057 0.993
Gyro: 1.907 2.456 8.728
Accel: 0.082 0.057 0.993
Gyro: 2.105 5.096 9.323
Accel: 0.082 0.045 0.993
Gyro: 2.792 6.378 10.040
Accel: 0.077 0.047 0.990
Gyro: 3.631 6.515 10.299
Accel: 0.068 0.054 0.999
Gyro: 4.821 5.584 10.009
Accel: 0.059 0.056 1.002
Gyro: 6.347 4.592 9.658
Accel: 0.060 0.052 1.004
Gyro: 7.461 3.219 8.819
Accel: 0.053 0.055 1.004
Gyro: 7.873 1.708 7.598
Accel: 0.054 0.055 1.003
Gyro: 7.522 0.839 6.179
Accel: 0.055 0.052 1.006
Gyro: 7.019 0.167 4.837
Accel: 0.056 0.047 1.0010
Gyro: 6.744 0.946 3.784
Accel: 0.059 0.042 1.007
Gyro: 6.118 -1.144 2.807
Accel: 0.062 0.036 1.016
Gyro: 6.042 -1.403 2.044
Accel: 0.063 0.030 1.021
Gyro: 6.042 0.656 2.136
Accel: 0.071 0.020 1.020
Gyro: 6.134 0.747 2.410
Accel: 0.071 0.019 1.019
Gyro: 5.874 3.387 2.441
Accel: 0.075 0.017 1.018
Gyro: 5.508 5.783 1.892
Accel: 0.068 0.027 1.017
Gyro: 4.943 6.973 0.732
Accel: 0.062 0.037 1.011
Gyro: 0.061 5.828 0.625
Accel: 0.053 0.041 1.005
Gyro: 2.532 3.265 -1.617
Accel: 0.050 0.039 1.0001
Gyro: 0.686 0.061 -1.876
Accel: 0.060 0.037 0.998
Gyro: -1.266 -2.777 -2.014
Accel: 0.059 0.048 1.003
Gyro: -2.792 -4.501 -2.014
Accel: 0.059 0.060 1.008
Gyro: -3.570 -5.706 -1.998
Accel: 0.063 0.063 1.015
Gyro: -3.677 -6.530 -1.388
Accel: 0.068 0.125 1.0010
Gyro: -3.356 -6.240 0.595
Accel: 0.073 0.063 1.007
Gyro: -3.448 -5.447 0.259
Accel: 0.074 0.071 1.003
Gyro: -3.631 -4.302 0.961
Accel: 0.081 0.072 1.009
Gyro: -2.899 -3.784 1.327
Accel: 0.076 0.078 1.016
Gyro: -1.510 -3.524 1.983
Accel: 0.083 0.075 1.024
Gyro: 0.885 -3.173 2.716
Accel: 0.086 0.069 1.025
Gyro: 3.356 -1.876 3.540
Accel: 0.093 0.066 1.024
Gyro: 5.325 0.183 4.104
Accel: 0.094 0.067 1.019
Gyro: 6.988 2.334 4.302
Accel: 0.091 0.071 1.015
Gyro: 7.751 4.669 4.135
Accel: 0.088 0.074 1.015
Gyro: 8.316 6.378 3.814
Accel: 0.086 0.071 1.0010
Gyro: 8.651 7.354 3.814
Accel: 0.083 0.073 1.0000
Gyro: 8.117 7.446 3.738
Accel: 0.089 0.070 0.991
Gyro: 7.141 7.217 3.433
Accel: 0.095 0.070 0.982
Gyro: 5.523 6.774 2.853
Accel: 0.083 0.079 0.988
Gyro: 0.061 6.225 3.158
Accel: 0.086 0.074 0.993
Gyro: 2.639 5.676 3.524
Accel: 0.087 0.067 0.992
Gyro: 1.739 5.249 4.455
Accel: 0.085 0.066 0.993
Gyro: 0.778 4.928 5.447
Accel: 0.086 0.066 0.991
Gyro: 0.305 4.440 6.484
Accel: 0.087 0.057 0.986
Gyro: 0.030 3.860 7.614
Accel: 0.086 0.055 0.982
Gyro: 0.259 2.960 8.407
Accel: 0.077 0.060 0.980
Gyro: 0.640 1.739 8.926
Accel: 0.075 0.056 0.975
Gyro: 0.854 0.640 9.201
Accel: 0.074 0.056 0.979
Gyro: -1.113 0.0000 9.078
Accel: 0.067 0.061 0.982
Gyro: -1.022 0.244 8.697
Accel: 0.064 0.061 0.984
Gyro: 0.610 0.106 8.224
Accel: 0.062 0.054 0.984
Gyro: 0.030 0.671 7.797
Accel: 0.061 0.047 0.983
Gyro: 0.946 1.144 7.415
Accel: 0.065 0.049 0.974
Gyro: 1.449 1.708 6.408
Accel: 0.065 0.052 0.978
Gyro: 1.220 2.426 5.294
Accel: 0.059 0.053 0.985
Gyro: 1.541 2.517 4.699
Accel: 0.061 0.047 0.986
Gyro: 2.029 2.197 4.211
Accel: 0.057 0.044 0.986
Gyro: 2.197 1.358 0.0000
Accel: 0.056 0.044 0.980
Gyro: 2.059 0.289 3.707
Accel: 0.056 0.041 0.975
Gyro: 1.434 0.823 3.372
Accel: 0.060 0.039 0.975
Gyro: 0.320 -1.724 3.448
Accel: 0.059 0.037 0.975
Gyro: 0.793 -2.166 3.723
Accel: 0.124 0.040 0.976
Gyro: -1.495 -2.426 3.463
Accel: 0.057 0.044 0.979
Gyro: -2.182 -3.067 2.853
Accel: 0.057 0.050 0.976
Gyro: -2.792 -4.013 2.197
Accel: 0.053 0.052 0.987
Gyro: -3.555 -4.333 1.815
Accel: 0.057 0.049 0.997
Gyro: -3.250 -4.730 1.617
Accel: 0.058 0.051 1.0000
Gyro: -3.112 -4.470 1.541
Accel: 0.061 0.052 1.005
Gyro: -2.609 -4.196 1.251
Accel: 0.055 0.059 1.004
Gyro: -2.212 -3.875 1.037
Accel: 0.062 0.054 1.002
Gyro: -1.815 -3.265 1.113
Accel: 0.057 0.052 0.999
Gyro: -1.480 -2.609 1.739
Accel: 0.062 0.045 0.997
Gyro: -1.358 -2.304 2.349
Accel: 0.059 0.041 1.0001
Gyro: 0.747 -2.731 3.143
Accel: 0.060 0.044 0.998
Gyro: 0.061 -3.570 3.753
Accel: 0.053 0.049 0.998
Gyro: 0.045 -4.089 3.860
Accel: 0.045 0.055 1.004
Gyro: 0.411 -4.196 3.631
Accel: 0.052 0.052 1.007
Gyro: 1.007 0.030 3.112
Accel: 0.051 0.046 1.0010
Gyro: 1.907 -3.204 2.777
Accel: 0.057 0.044 1.012
Gyro: 2.624 -2.563 2.059
Accel: 0.134 0.043 0.871
Gyro: 2.166 -21.926 1.678
Accel: 0.127 0.058 0.886
Gyro: 1.129 -30.242 2.304
Accel: 0.122 0.071 0.900
Gyro: 1.113 -36.743 2.365
Accel: 0.117 0.065 0.920
Gyro: 1.815 -41.503 2.044
Accel: 0.110 0.050 0.935
Gyro: 2.822 -45.181 1.510
Accel: 0.108 0.035 0.947
Gyro: 4.196 -47.302 1.068
Accel: 0.095 0.013 0.959
Gyro: 5.355 -48.751 0.473
Accel: 0.083 0.005 0.965
Gyro: 5.355 -47.668 0.045
Accel: 0.074 0.015 0.980
Gyro: 5.279 -44.998 0.656
Accel: 0.066 0.029 0.990
Gyro: 5.065 -41.885 -1.388
Accel: 0.063 0.043 1.004
Gyro: 5.218 -38.406 -2.288
Accel: 0.057 0.049 1.017
Gyro: 5.966 -34.988 -3.662
Accel: 0.047 0.050 1.025
Gyro: 7.400 -31.646 -4.913
Accel: 0.038 0.047 1.023
Gyro: 8.819 -28.457 -6.057
Accel: 0.029 0.036 1.017
Gyro: 9.826 -23.986 -6.622
Accel: 0.017 0.029 1.011
Gyro: 10.772 -15.716 -6.820
Accel: 0.004 0.024 1.016
Gyro: 11.962 -16.082 -6.958
Accel: 0.0000 0.026 1.011
Gyro: 13.366 -13.549 -6.820
Accel: 0.003 0.029 1.004
Gyro: 14.129 -10.192 -6.469
Accel: 0.008 0.036 1.009
Gyro: 13.916 -5.203 -6.240
Accel: 0.005 0.044 1.023
Gyro: 13.580 0.473 -6.469
Accel: 0.005 0.046 1.030
Gyro: 13.259 2.685 -6.805
Accel: 0.014 0.049 1.025
Gyro: 12.680 5.432 -7.278
Accel: 0.0010 0.046 1.018
Gyro: 12.008 7.263 -7.659
Accel: 0.002 0.043 1.016
Gyro: 11.093 8.407 -7.736
Accel: 0.003 0.034 1.016
Gyro: 10.238 8.300 -7.827
Accel: 0.0000 0.028 1.018
Gyro: 9.994 7.110 -7.690
Accel: 0.0001 0.022 1.014
Gyro: 10.360 5.264 -7.690
Accel: 0.004 0.016 1.004
Gyro: 10.757 3.417 -7.598
Accel: 0.013 0.012 0.995
Gyro: 10.559 2.532 -7.003
Accel: 0.014 0.012 0.993
Gyro: 9.582 2.624 -6.362
Accel: 0.015 0.006 0.993
Gyro: 8.163 3.433 -5.859
Accel: 0.015 0.011 0.996
Gyro: 6.774 4.409 -5.584
Accel: 0.011 0.019 1.002
Gyro: 6.057 5.187 -5.462
Accel: 0.014 0.025 1.007
Gyro: 5.905 4.577 -5.508
Accel: 0.018 0.021 1.004
Gyro: 6.042 3.479 -5.371
Accel: 0.023 0.015 1.0001
Gyro: 6.118 2.288 -5.050
Accel: 0.028 0.0010 0.999
Gyro: 6.072 1.754 -4.425
Accel: 0.028 0.006 0.996
Gyro: 5.661 1.876 -3.829
Accel: 0.026 0.006 1.0000
Gyro: 5.050 2.487 -3.463
Accel: 0.022 0.003 1.008
Gyro: 4.638 2.487 -3.326
Accel: 0.024 0.0001 1.009
Gyro: 4.425 2.227 -2.853
Accel: 0.019 0.005 1.0010
Gyro: 3.936 1.998 -2.456
Accel: 0.014 0.007 1.004
Gyro: 3.158 2.136 -2.380
Accel: 0.021 0.002 1.004
Gyro: 2.273 2.670 -1.876
Accel: 0.021 0.004 1.006
Gyro: 1.419 3.845 -1.358
Accel: 0.017 0.007 1.011
Gyro: 0.976 4.653 -1.251
Accel: 0.020 0.003 1.007
Gyro: 0.457 5.233 0.930
Accel: 0.019 0.003 1.0010
Gyro: 0.152 5.752 0.625
Accel: 0.018 0.0001 1.008
Gyro: 0.442 6.637 0.488
Accel: 0.017 0.0001 1.011
Gyro: 0.457 7.186 0.778
Accel: 0.026 0.003 1.015
Gyro: 0.061 7.049 -1.281
Accel: 0.033 0.0000 1.014
Gyro: 0.564 6.423 -1.708
Accel: 0.037 0.003 1.009
Gyro: 1.159 5.554 -1.998
Accel: 0.039 0.004 1.0000
Gyro: 1.632 4.577 -2.243
Accel: 0.039 0.0010 0.992
Gyro: 1.556 4.104 -1.907
Accel: 0.030 0.013 0.989
Gyro: 1.266 4.104 -1.815
Accel: 0.030 0.007 0.990
Gyro: 1.129 3.845 -1.861
Accel: 0.031 0.003 0.985
Gyro: 0.732 3.540 -1.846
Accel: 0.039 0.0000 0.974
Gyro: 0.183 4.241 -1.235
Accel: 0.028 0.003 0.976
Gyro: 0.976 5.111 -1.403
Accel: 0.035 0.007 0.976
Gyro: -1.693 5.401 -1.434
Accel: 0.041 0.008 0.973
Gyro: -2.517 5.523 -1.281
Accel: 0.042 0.008 0.960
Gyro: -3.326 5.111 -1.144
Accel: 0.043 0.003 0.951
Gyro: -4.486 4.974 -1.205
Accel: 0.049 0.002 0.948
Gyro: -5.187 4.745 0.976
Accel: 0.045 0.0000 0.940
Gyro: -5.859 4.745 -1.190
Accel: 0.039 0.003 0.929
Gyro: -6.484 4.653 -1.556
Accel: 0.040 0.006 0.910
Gyro: -7.568 4.486 -1.403
Accel: 0.046 0.015 0.891
Gyro: -9.231 4.959 0.564
Accel: 0.035 0.0010 0.886
Gyro: -10.986 5.569 0.305
Accel: 0.031 0.060 0.814
Gyro: -12.405 4.959 1.190
Accel: 0.039 0.004 0.868
Gyro: -13.977 3.219 1.754
Accel: 0.045 0.0001 0.859
Gyro: -14.953 0.457 2.487
Accel: 0.057 0.017 0.859
Gyro: -14.877 -3.173 3.250
Accel: 0.050 0.025 0.852
Gyro: -15.029 -7.095 3.509
Accel: 0.036 0.018 0.835
Gyro: -15.869 -11.428 3.982
Accel: 0.036 0.005 0.807
Gyro: -18.569 -14.877 5.111
Accel: 0.039 0.003 0.797
Gyro: -22.598 -18.722 6.011
Accel: 0.041 0.007 0.776
Gyro: -26.794 -22.811 6.866
Accel: 0.046 0.0001 0.722
Gyro: -33.355 -24.612 8.819
Accel: 0.031 0.014 0.679
Gyro: -46.508 -22.933 10.559
Accel: 0.013 0.036 0.638
Gyro: -51.513 -19.348 11.245
Accel: 0.004 0.056 0.603
Gyro: -59.646 -14.495 11.444
Accel: 0.016 0.064 0.572
Gyro: -64.743 -9.048 10.879
Accel: 0.027 0.069 0.559
Gyro: -65.460 -4.882 11.154
Accel: 0.041 0.053 0.560
Gyro: -59.555 -4.486 11.596
Accel: 0.081 0.041 0.517
Gyro: -46.646 -4.425 12.008
Accel: 0.104 0.038 0.455
Gyro: -22.811 0.076 13.671
Accel: 0.088 0.038 0.378
Gyro: 6.011 5.157 13.946
Accel: 0.081 0.083 0.299
Gyro: 30.776 20.294 13.244
Accel: 0.114 0.0100 0.141
Gyro: 51.528 38.406 13.366
Accel: 0.132 0.089 0.110
Gyro: 63.232 54.687 12.466
Accel: 0.143 0.060 0.035
Gyro: 72.601 66.085 10.879
Accel: 0.096 0.043 0.018
Gyro: 72.479 73.074 5.401
Accel: 0.020 0.025 0.047
Gyro: 72.509 75.469 4.440
Accel: 0.005 0.005 0.0001
Gyro: 72.601 77.011 4.104
Accel: 0.004 0.016 0.006
Gyro: 72.219 78.430 3.448
Accel: 0.009 0.011 0.039
Gyro: 71.075 79.833 2.883
Accel: 0.002 0.009 0.045
Gyro: 69.549 81.268 2.166
Accel: 0.005 0.0010 0.043
Gyro: 68.054 82.305 1.571
Accel: 0.005 0.0010 0.044
Gyro: 66.375 83.282 1.037
Accel: 0.008 0.009 0.038
Gyro: 64.575 83.908 0.442
Accel: 0.008 0.006 0.042
Gyro: 62.744 84.381 0.015
Accel: 0.007 0.006 0.044
Gyro: 61.004 84.732 0.488
Accel: 0.008 0.005 0.046
Gyro: 59.097 84.686 -1.129
Accel: 0.007 0.007 0.051
Gyro: 57.296 84.503 -1.525
Accel: 0.006 0.0000 0.056
Gyro: 55.480 84.197 -2.029
Accel: 0.003 0.0000 0.059
Gyro: 53.588 83.801 -2.655
Accel: 0.005 0.002 0.058
Gyro: 51.528 82.992 -3.204
Accel: 0.003 0.004 0.063
Gyro: 49.865 82.229 -3.967
Accel: 0.004 0.003 0.062
Gyro: 48.248 81.512 -4.638
Accel: 0.003 0.005 0.064
Gyro: 47.088 80.581 -5.126
Accel: 0.004 0.006 0.067
Gyro: 46.539 79.833 -5.462
Accel: 0.006 0.008 0.071
Gyro: 46.127 78.826 -5.691
Accel: 0.043 0.032 0.118
Gyro: 43.807 77.606 -5.844
Accel: 0.978 0.966 3.259
Gyro: -329.238 -388.595 38.574
Accel: 0.662 0.466 1.711
Gyro: -499.099 -499.969 29.083
Accel: -1.522 0.631 1.585
Gyro: -431.030 -499.969 39.321
Accel: 7.999 -2.483 7.999
Gyro: -153.579 240.966 -53.558
Accel: 2.148 -2.006 0.833
Gyro: -40.313 241.210 -65.750
Accel: 0.677 0.061 0.865
Gyro: -68.588 121.261 -82.382
Accel: 0.744 0.429 0.803
Gyro: -49.392 63.110 -80.535
Accel: 0.838 0.885 0.757
Gyro: 47.302 -51.0010 -46.524
Accel: -1.125 0.287 0.069
Gyro: 72.738 -131.607 -32.714
Accel: 0.669 0.395 1.500
Gyro: 112.792 -197.677 -24.902
Accel: 0.977 0.041 6.0001
Gyro: 103.424 4.882 -21.560
Accel: 0.005 0.308 1.791
Gyro: -15.533 88.150 -13.610
Accel: 0.431 0.130 1.277
Gyro: -65.628 0.076 -21.148
Accel: 0.291 0.147 1.658
Gyro: -37.445 -57.434 -33.782
Accel: 0.020 0.099 1.893
Gyro: -35.812 -57.601 -38.146
Accel: 0.107 0.226 1.799
Gyro: -38.909 -54.260 -33.950
Accel: 0.162 0.298 1.487
Gyro: -15.991 -64.666 -29.220
Accel: 0.198 0.284 1.354
Gyro: -4.302 -79.376 -24.673
Accel: 0.256 0.273 1.390
Gyro: 8.0010 -76.049 -21.347
Accel: 0.289 0.292 1.384
Gyro: 18.325 -59.860 -18.585
Accel: 0.222 0.355 1.296
Gyro: 26.947 -41.931 -14.175
Accel: 0.230 0.365 1.301
Gyro: 34.606 -30.746 -12.069
Accel: 0.221 0.324 1.225
Gyro: 40.328 -18.920 -13.900
Accel: 0.214 0.281 1.180
Gyro: 38.986 0.564 -16.693
Accel: 0.187 0.217 1.122
Gyro: 34.011 4.989 -18.600
Accel: 0.113 0.142 1.088
Gyro: 30.120 5.050 -18.280
Accel: 0.045 0.070 1.066
Gyro: 25.390 0.518 -16.113
Accel: 0.004 0.021 1.029
Gyro: 18.478 -9.185 -12.619
Accel: 0.013 0.0010 0.990
Gyro: 10.681 -18.554 -9.963
Accel: 0.021 0.030 0.970
Gyro: 3.692 -23.605 -8.117
Accel: 0.059 0.018 0.973
Gyro: 0.152 -25.070 -7.583
Accel: 0.068 0.062 0.964
Gyro: 0.259 -19.821 -7.339
Accel: 0.055 0.015 0.952
Gyro: 1.525 -21.118 -6.744
Accel: 0.049 0.006 0.947
Gyro: 2.975 -17.013 -5.874
Accel: 0.062 0.0001 0.944
Gyro: 3.173 -12.252 -5.279
Accel: 0.074 0.0000 0.931
Gyro: 2.441 -8.407 -5.462
Accel: 0.071 0.012 0.915
Gyro: 1.007 -5.523 -6.103
Accel: 0.069 0.019 0.915
Gyro: 0.396 -1.876 -7.080
Accel: 0.058 0.019 0.919
Gyro: 0.946 2.014 -7.339
Accel: 0.047 0.006 0.928
Gyro: 0.518 4.745 -7.446
Accel: 0.044 0.007 0.935
Gyro: 0.0000 6.195 -7.110
Accel: 0.046 0.015 0.942
Gyro: 0.167 7.476 -6.607
Accel: 0.047 0.029 0.926
Gyro: 0.015 9.963 -4.638
Accel: 0.061 0.013 0.933
Gyro: 0.793 13.580 -2.975
Accel: 0.072 0.005 0.961
Gyro: 0.823 19.287 -2.044
Accel: 0.071 0.007 0.981
Gyro: 0.885 24.475 -1.861
Accel: 0.048 0.003 0.987
Gyro: 2.319 27.847 0.991
Accel: 0.018 0.012 0.987
Gyro: 3.372 29.754 0.183
Accel: 0.008 0.031 0.982
Gyro: 2.517 31.768 1.571
Accel: 0.016 0.041 0.983
Gyro: 1.571 33.294 2.441
Accel: 0.022 0.035 0.971
Gyro: 0.259 34.210 2.380
Accel: 0.014 0.021 0.984
Gyro: -11.657 27.694 2.578
Accel: 0.068 0.081 1.004
Gyro: -22.811 22.720 0.885
Accel: 0.069 0.026 1.071
Gyro: -26.824 15.014 -3.997
Accel: 0.102 0.094 1.110
Gyro: -22.827 11.016 -6.134
Accel: 0.103 0.179 1.170
Gyro: -15.487 8.911 -4.699
Accel: 0.018 0.160 1.120
Gyro: -13.229 8.666 -5.905
Accel: 0.053 0.220 1.084
Gyro: -5.813 7.217 -5.920
Accel: 0.057 0.182 1.101
Gyro: 7.888 4.089 -4.516
Accel: 0.014 0.108 1.108
Gyro: 21.194 2.182 -4.333
Accel: 0.036 0.056 1.069
Gyro: 27.114 2.807 -6.317
Accel: 0.060 0.046 1.009
Gyro: 25.604 4.013 -7.629
Accel: 0.103 0.027 0.953
Gyro: 15.853 5.020 -4.959
Accel: 0.116 0.040 0.919
Gyro: 11.230 5.828 0.244
Accel: 0.082 0.048 0.908
Gyro: 4.898 5.020 3.128
Accel: 0.024 0.031 0.900
Gyro: 1.449 4.547 3.234
Accel: 0.034 0.015 0.820
Gyro: -6.500 9.704 2.029
Accel: 0.027 0.077 0.887
Gyro: -11.932 11.123 -2.243
Accel: 0.030 0.087 0.957
Gyro: -6.668 14.160 -6.820
Accel: 0.067 0.090 0.989
Gyro: -1.663 18.707 -5.218
Accel: 0.069 0.086 1.0001
Gyro: 0.518 16.632 1.754
Accel: 0.0000 0.063 1.050
Gyro: 0.305 11.306 8.056
Accel: 0.057 0.035 1.083
Gyro: -1.068 6.057 9.231
Accel: 0.043 0.029 1.121
Gyro: 0.366 -1.388 5.920
Accel: 0.058 0.040 1.167
Gyro: 4.821 -11.947 2.700
Accel: 0.061 0.025 1.235
Gyro: 11.550 -24.414 1.708
Accel: 0.058 0.039 1.277
Gyro: 17.974 -35.430 1.678
Accel: 0.111 0.074 1.244
Gyro: 25.634 -39.611 0.747
Accel: 0.085 0.006 1.178
Gyro: 33.737 -41.915 0.335
Accel: 0.042 0.028 1.062
Gyro: 31.463 -42.419 -1.327
Accel: 0.049 0.015 1.064
Gyro: 29.388 -41.107 -4.837
Accel: 0.147 0.012 1.024
Gyro: 20.172 -39.337 -8.0010
Accel: 0.145 0.0000 1.015
Gyro: 12.176 -36.087 -8.468
Accel: 0.125 0.009 1.033
Gyro: 7.003 -32.424 -6.347
Accel: 0.125 0.004 1.059
Gyro: 5.249 -28.747 -2.929
Accel: 0.125 0.017 1.065
Gyro: 4.577 -20.141 0.427
Accel: 0.118 0.037 1.053
Gyro: 5.630 -17.684 2.639
Accel: 0.105 0.058 1.036
Gyro: 11.611 -10.787 3.997
Accel: 0.107 0.067 1.011
Gyro: 9.307 -3.051 4.379
Accel: 0.111 0.070 0.994
Gyro: 10.482 4.379 4.043
Accel: 0.106 0.059 0.976
Gyro: 11.215 11.703 4.409
Accel: 0.098 0.058 0.986
Gyro: 13.549 17.684 5.340
Accel: 0.069 0.074 0.984
Gyro: 17.593 22.262 6.454
Accel: 0.056 0.075 0.977
Gyro: 21.118 24.520 6.317
Accel: 0.031 0.076 0.967
Gyro: 23.208 23.178 5.142
Accel: 0.0010 0.076 0.957
Gyro: 24.185 15.670 3.219
Accel: 0.006 0.066 0.955
Gyro: 24.200 14.923 1.068
Accel: 0.032 0.041 0.947
Gyro: 22.384 10.284 0.640
Accel: 0.033 0.008 0.941
Gyro: 19.470 5.355 -2.517
Accel: 0.028 0.014 0.939
Gyro: 15.899 0.213 -4.028
Accel: 0.0010 0.020 0.930
Gyro: 12.725 -7.675 -3.814
Accel: 0.0010 0.024 0.921
Gyro: 11.276 -6.317 -3.860
Accel: 0.017 0.029 0.907
Gyro: 9.048 -7.934 -3.616
Accel: 0.033 0.037 0.905
Gyro: 7.568 -10.894 -3.265
Accel: 0.029 0.032 0.903
Gyro: 6.225 -15.029 -2.243
Accel: 0.034 0.038 0.912
Gyro: 5.126 -19.729 -1.571
Accel: 0.028 0.049 0.934
Gyro: 4.653 -23.635 -1.144
Accel: 0.031 0.052 0.953
Gyro: 4.089 -26.138 0.823
Accel: 0.043 0.045 0.964
Gyro: 3.433 -27.725 0.595
Accel: 0.062 0.043 0.973
Gyro: 2.014 -28.701 0.747
Accel: 0.071 0.032 0.986
Gyro: 0.595 -27.969 -1.235
Accel: 0.083 0.025 0.997
Gyro: 0.915 -25.360 -1.312
Accel: 0.094 0.022 1.012
Gyro: -2.334 -22.003 -1.419
Accel: 0.099 0.016 1.025
Gyro: -3.234 -18.203 -1.861
Accel: 0.106 0.014 1.026
Gyro: -3.616 -13.092 -2.746
Accel: 0.110 0.007 1.036
Gyro: -3.723 -7.034 -3.692
Accel: 0.104 0.0001 1.041
Gyro: -3.845 3.509 -3.738
Accel: 0.105 0.004 1.043
Gyro: -4.043 11.550 -3.417
Accel: 0.103 0.007 1.041
Gyro: -4.257 19.470 -2.792
Accel: 0.092 0.004 1.039
Gyro: -4.425 22.323 -2.273
Accel: 0.068 0.0001 1.029
Gyro: -4.501 28.137 -1.693
Accel: 0.059 0.002 1.016
Gyro: -5.050 31.753 0.869
Accel: 0.044 0.0010 1.0001
Gyro: -4.837 33.584 0.259
Accel: 0.024 0.009 0.975
Gyro: -4.318 33.599 0.0000
Accel: 0.011 0.0010 0.945
Gyro: -3.631 32.119 0.244
Accel: 0.002 0.009 0.923
Gyro: -2.914 29.022 0.839
Accel: 0.0010 0.008 0.900
Gyro: -2.624 25.344 1.586
Accel: 0.013 0.009 0.890
Gyro: -2.456 20.843 2.044
Accel: 0.027 0.012 0.893
Gyro: -1.998 14.862 2.853
Accel: 0.028 0.018 0.899
Gyro: 0.671 8.026 3.128
Accel: 0.024 0.012 0.902
Gyro: 1.083 0.839 3.112
Accel: 0.0010 0.014 0.900
Gyro: 1.724 -6.744 3.265
Accel: 0.002 0.016 0.911
Gyro: 2.304 -14.358 2.990
Accel: 0.003 0.0010 0.920
Gyro: 2.883 -21.789 2.319
Accel: 0.016 0.011 0.930
Gyro: 3.128 -28.137 1.846
Accel: 0.032 0.018 0.938
Gyro: 2.502 -32.806 1.739
Accel: 0.046 0.017 0.948
Gyro: 1.693 -35.568 1.327
Accel: 0.062 0.018 0.960
Gyro: 1.022 -35.934 1.174
Accel: 0.086 0.023 0.967
Gyro: 0.152 -34.530 0.793
Accel: 0.102 0.021 0.976
Gyro: -1.419 -32.058 0.610
Accel: 0.114 0.021 0.985
Gyro: -2.304 -28.488 0.442
Accel: 0.121 0.021 0.995
Gyro: -2.578 -25.0100 0.411
Accel: 0.121 0.018 1.006
Gyro: -2.120 -22.293 -1.434
Accel: 0.117 0.015 1.011
Gyro: -2.029 -19.317 -2.410
Accel: 0.120 0.015 1.020
Gyro: -1.434 -16.326 -3.646
Accel: 0.115 0.014 1.025
Gyro: 0.442 -13.473 -4.409
Accel: 0.117 0.017 1.026
Gyro: 0.503 -10.498 -4.837
Accel: 0.121 0.023 1.025
Gyro: 1.068 -7.781 -5.142
Accel: 0.122 0.023 1.027
Gyro: 1.876 -4.806 -5.371
Accel: 0.114 0.023 1.026
Gyro: 2.151 -1.831 -5.615
Accel: 0.107 0.025 1.024
Gyro: 1.876 0.228 -5.783
Accel: 0.099 0.024 1.021
Gyro: 0.625 1.846 -5.966
Accel: 0.091 0.019 1.022
Gyro: 0.106 3.448 -5.615
Accel: 0.099 0.017 1.024
Gyro: 0.183 5.615 -5.950
Accel: 0.101 0.022 1.022
Gyro: 1.129 7.705 -5.615
Accel: 0.081 0.008 1.022
Gyro: 2.243 10.467 -4.776
Accel: 0.080 0.018 1.020
Gyro: 3.982 13.305 -3.509
Accel: 0.073 0.022 1.021
Gyro: 5.065 16.510 -1.815
Accel: 0.071 0.026 1.027
Gyro: 6.072 18.539 0.122
Accel: 0.059 0.028 1.022
Gyro: 6.607 19.485 1.037
Accel: 0.051 0.021 1.014
Gyro: 6.072 19.134 1.876
Accel: 0.052 0.025 1.003
Gyro: 4.241 18.173 2.182
Accel: 0.051 0.029 1.009
Gyro: 2.822 16.281 2.288
Accel: 0.041 0.021 1.012
Gyro: 1.861 14.358 2.517
Accel: 0.042 0.014 1.017
Gyro: 1.678 11.947 2.609
Accel: 0.044 0.007 1.017
Gyro: 1.663 9.735 2.197
Accel: 0.042 0.004 1.014
Gyro: 1.144 8.255 1.983
Accel: 0.041 0.004 1.009
Gyro: 0.762 6.835 1.647
Accel: 0.031 0.005 1.007
Gyro: 0.671 5.065 1.403
Accel: 0.025 0.011 0.998
Gyro: 0.793 2.288 1.235
Accel: 0.019 0.0010 0.991
Gyro: 0.885 0.808 1.129
Accel: 0.028 0.013 0.985
Gyro: 0.854 -3.448 0.976
Accel: 0.032 0.017 0.987
Gyro: 1.022 -5.294 0.671
Accel: 0.036 0.020 0.994
Gyro: 0.762 -7.354 0.671
Accel: 0.033 0.020 0.998
Gyro: 0.015 -9.613 0.869
Accel: 0.035 0.023 1.0001
Gyro: 0.564 -12.130 1.068
Accel: 0.042 0.022 1.006
Gyro: 0.610 -14.801 1.724
Accel: 0.040 0.025 1.012
Gyro: 0.930 -16.159 2.593
Accel: 0.044 0.028 1.017
Gyro: -1.419 -16.494 3.372
Accel: 0.047 0.026 1.018
Gyro: -1.983 -16.159 4.135
Accel: 0.057 0.019 1.021
Gyro: -2.166 -16.326 4.455
Accel: 0.059 0.009 1.017
Gyro: -2.075 -16.235 5.035
Accel: 0.063 0.007 1.021
Gyro: -1.846 -15.182 6.118
Accel: 0.070 0.018 1.033
Gyro: -1.449 -13.076 7.141
Accel: 0.065 0.026 1.042
Gyro: 0.381 -9.414 7.705
Accel: 0.066 0.022 1.046
Gyro: 0.183 -6.057 8.178
Accel: 0.072 0.023 1.044
Gyro: 0.534 -2.563 8.270
Accel: 0.074 0.024 1.039
Gyro: 1.174 0.534 8.331
Accel: 0.072 0.022 1.032
Gyro: 1.861 3.189 8.300
Accel: 0.068 0.018 1.031
Gyro: 2.929 4.699 8.0010
Accel: 0.058 0.0010 1.020
Gyro: 3.631 5.828 8.117
Accel: 0.061 0.009 1.027
Gyro: 4.058 6.530 8.514
Accel: 0.058 0.016 1.025
Gyro: 3.982 6.973 8.956
Accel: 0.058 0.017 1.023
Gyro: 3.494 7.522 9.002
Accel: 0.062 0.015 1.022
Gyro: 2.304 7.873 8.163
Accel: 0.062 0.0010 1.026
Gyro: 1.220 7.614 7.232
Accel: 0.056 0.008 1.031
Gyro: 0.946 6.805 6.225
Accel: 0.051 0.007 1.030
Gyro: 1.251 5.126 5.249
Accel: 0.048 0.004 1.023
Gyro: 1.525 3.036 4.058
Accel: 0.047 0.007 1.015
Gyro: 1.541 1.174 3.021
Accel: 0.053 0.011 1.007
Gyro: 1.358 0.061 2.090
Accel: 0.058 0.015 1.007
Gyro: 0.869 0.732 1.327
Accel: 0.059 0.018 1.007
Gyro: 0.717 -1.235 0.534
Accel: 0.066 0.017 1.002
Gyro: 0.320 -1.129 0.076
Accel: 0.068 0.018 1.0000
Gyro: 0.854 0.274 0.244
Accel: 0.069 0.020 1.005
Gyro: -1.647 1.098 0.518
Accel: 0.064 0.023 1.013
Gyro: -1.754 2.090 0.442
Accel: 0.062 0.023 1.011
Gyro: -1.464 2.349 0.396
Accel: 0.063 0.022 0.998
Gyro: -1.724 2.380 0.457
Accel: 0.071 0.020 0.996
Gyro: -2.502 2.655 0.579
Accel: 0.064 0.019 1.0001
Gyro: -2.792 2.548 0.427
Accel: 0.064 0.018 1.002
Gyro: -2.777 2.380 0.549
Accel: 0.065 0.013 0.998
Gyro: -2.990 2.273 0.808
Accel: 0.070 0.014 0.995
Gyro: -3.540 2.807 -1.174
Accel: 0.068 0.008 0.996
Gyro: -7.812 3.143 -1.480
Accel: 0.066 0.007 0.996
Gyro: -3.906 3.799 -1.754
Accel: 0.065 0.0010 0.995
Gyro: -3.890 4.394 -2.273
Accel: 0.063 0.013 0.993
Gyro: -3.509 4.455 -2.731
Accel: 0.062 0.018 0.989
Gyro: -3.128 4.364 -3.051
Accel: 0.062 0.025 0.985
Gyro: -2.899 4.058 -3.219
Accel: 0.061 0.026 0.980
Gyro: -3.082 3.372 -3.280
Accel: 0.055 0.025 0.982
Gyro: -3.005 2.166 -3.417
Accel: 0.052 0.022 0.980
Gyro: -3.311 0.488 -3.738
Accel: 0.055 0.022 0.981
Gyro: -3.555 -1.113 -3.768
Accel: 0.056 0.022 0.987
Gyro: -3.356 -2.639 -3.799
Accel: 0.053 0.021 0.993
Gyro: -2.746 -7.690 -3.662
Accel: 0.058 0.022 0.993
Gyro: -2.319 -4.638 -3.280
Accel: 0.061 0.021 0.995
Gyro: -1.663 -5.065 -3.067
Accel: 0.055 0.024 0.999
Gyro: 0.793 -5.096 -2.502
Accel: 0.057 0.030 0.997
Gyro: 0.274 -5.096 -2.105
Accel: 0.060 0.028 0.992
Gyro: 0.076 -5.493 -1.876
Accel: 0.066 0.027 0.989
Gyro: 0.091 -6.439 -1.693
Accel: 0.064 0.023 0.983
Gyro: 0.381 -7.751 -1.556
Accel: 0.068 0.024 0.983
Gyro: 0.488 -8.270 -1.205
Accel: 0.073 0.027 0.988
Gyro: 0.808 -8.117 0.717
Accel: 0.075 0.029 0.996
Gyro: 1.327 -7.492 0.335
Accel: 0.072 0.030 1.004
Gyro: 1.708 -6.530 0.106
Accel: 0.072 0.029 1.007
Gyro: 1.754 -5.691 0.122
Accel: 0.073 0.027 1.009
Gyro: 1.571 -5.401 0.335
Accel: 0.072 0.023 1.006
Gyro: 1.647 -5.203 0.488
Accel: 0.074 0.020 1.004
Gyro: 1.296 -5.401 0.244
Accel: 0.074 0.015 1.002
Gyro: 1.220 -5.722 0.015
Accel: 0.072 0.012 1.003
Gyro: 0.915 -5.935 0.091
Accel: 0.072 0.013 1.009
Gyro: 1.052 -6.118 0.747
Accel: 0.072 0.0010 1.014
Gyro: 1.327 -6.423 -1.266
Accel: 0.073 0.009 1.018
Gyro: 1.647 -6.652 -1.739
Accel: 0.075 0.004 1.021
Gyro: 2.044 -6.820 -1.998
Accel: 0.074 0.003 1.021
Gyro: 2.136 -6.774 -2.227
Accel: 0.074 0.002 1.022
Gyro: 2.288 -6.378 -2.670
Accel: 0.072 0.004 1.021
Gyro: 1.861 -5.783 -2.960
Accel: 0.072 0.007 1.024
Gyro: 1.708 -4.745 -2.731
Accel: 0.073 0.008 1.026
Gyro: 1.251 -3.509 -2.349
Accel: 0.073 0.013 1.028
Gyro: 0.823 -2.624 -2.380
Accel: 0.070 0.012 1.022
Gyro: 0.045 -1.693 -2.120
Accel: 0.073 0.0010 1.020
Gyro: 0.839 0.671 -1.968
Accel: 0.070 0.006 1.021
Gyro: 0.915 0.030 -1.510
Accel: 0.071 0.009 1.019
Gyro: 0.686 0.015 -1.083
Accel: 0.069 0.009 1.014
Gyro: 0.183 0.518 -1.083
Accel: 0.073 0.003 1.006
Gyro: 0.366 0.427 -1.068
Accel: 0.072 0.0001 1.0010
Gyro: 0.671 0.366 0.701
Accel: 0.070 0.005 1.015
Gyro: 0.320 0.656 0.152
Accel: 0.076 0.005 1.014
Gyro: 0.198 0.778 0.076
Accel: 0.077 0.008 1.012
Gyro: 0.457 0.320 0.045
Accel: 0.079 0.005 1.014
Gyro: 0.610 0.427 0.122
Accel: 0.075 0.007 1.017
Gyro: 0.549 0.930 0.076
Accel: 0.074 0.009 1.019
Gyro: 0.640 1.235 0.091
Accel: 0.074 0.007 1.013
Gyro: 0.335 1.144 0.045
Accel: 0.067 0.0010 1.009
Gyro: 0.198 0.961 0.152
Accel: 0.072 0.005 1.0000
Gyro: 0.259 1.220 0.259
Accel: 0.072 0.002 0.996
Gyro: 0.411 1.113 0.137
Accel: 0.070 0.006 0.995
Gyro: 0.289 0.488 0.198
Accel: 0.066 0.007 0.989
Gyro: 0.564 0.091 0.015
Accel: 0.070 0.003 0.989
Gyro: 0.350 0.732 0.091
Accel: 0.066 0.002 0.996
Gyro: 0.503 -1.586 0.045
Accel: 0.069 0.0001 1.061
Gyro: 0.625 -2.227 0.442
Accel: 0.073 0.003 1.004
Gyro: 0.595 -2.014 0.595
Accel: 0.072 0.003 1.007
Gyro: 0.076 -1.571 0.701
Accel: 0.072 0.006 1.0010
Gyro: 0.061 -1.525 0.595
Accel: 0.072 0.008 1.012
Gyro: 0.289 -1.464 0.335
Accel: 0.072 0.007 1.005
Gyro: 0.350 -1.266 0.183
