Accel: 0.057 0.023 1.008
Gyro: 1.052 5.386 0.381
Accel: 0.056 0.018 1.007
Gyro: 0.717 4.837 -3.875
Accel: 0.059 0.009 1.002
Gyro: 0.366 0.015 0.457
Accel: 0.060 0.007 1.0001
Gyro: 0.366 3.585 0.793
Accel: 0.058 0.0010 1.002
Gyro: 0.915 3.540 0.839
Accel: 0.053 0.0010 1.006
Gyro: -1.525 3.082 -1.113
Accel: 0.052 0.011 1.003
Gyro: -1.510 2.334 -1.434
Accel: 0.050 0.0010 1.004
Gyro: -1.434 2.014 -1.510
Accel: 0.050 0.009 1.0001
Gyro: -1.022 1.693 -1.647
Accel: 0.049 0.008 1.061
Gyro: 0.900 1.846 -1.510
Accel: 0.052 0.003 1.003
Gyro: 0.656 1.678 -1.342
Accel: 0.049 0.0000 1.006
Gyro: 0.366 1.327 -1.373
Accel: 0.049 0.002 1.003
Gyro: 0.534 0.488 -1.296
Accel: 0.050 0.0000 1.0010
Gyro: 0.640 0.198 -1.327
Accel: 0.051 0.0001 1.011
Gyro: 0.701 -1.022 -1.266
Accel: 0.055 0.002 1.015
Gyro: 0.518 -1.724 -1.205
Accel: 0.052 0.005 1.014
Gyro: 0.442 -2.365 -1.129
Accel: 0.050 0.004 1.013
Gyro: 0.457 -2.822 -1.235
Accel: 0.051 0.004 1.014
Gyro: 0.762 -3.448 -1.434
Accel: 0.051 0.007 1.019
Gyro: 0.808 -4.272 -1.953
Accel: 0.054 0.008 1.018
Gyro: 0.793 -4.837 -2.395
Accel: 0.058 0.007 1.024
Gyro: 0.122 -5.477 -2.929
Accel: 0.059 0.006 1.028
Gyro: 0.625 -5.584 -3.509
Accel: 0.062 0.008 1.031
Gyro: 1.831 -5.737 -7.812
Accel: 0.061 0.0010 1.031
Gyro: 2.563 -5.264 -4.135
Accel: 0.061 0.011 1.032
Gyro: 2.792 -3.784 -4.196
Accel: 0.061 0.0010 1.034
Gyro: 3.204 -1.770 -4.364
Accel: 0.0000 0.014 1.033
Gyro: 3.051 0.076 -4.425
Accel: 0.058 0.015 1.026
Gyro: 2.502 2.502 -4.074
Accel: 0.058 0.012 1.022
Gyro: 1.647 5.081 -3.723
Accel: 0.056 0.0010 1.021
Gyro: 0.717 6.973 -3.311
Accel: 0.054 0.013 1.013
Gyro: 0.122 8.956 -2.975
Accel: 0.048 0.014 1.008
Gyro: -1.037 10.696 -2.197
Accel: 0.047 0.015 1.005
Gyro: -1.586 11.474 -1.754
Accel: 0.041 0.018 0.998
Gyro: -2.014 11.291 -1.235
Accel: 0.033 0.020 0.991
Gyro: -2.456 10.131 0.900
Accel: 0.031 0.021 0.983
Gyro: -2.853 8.773 0.686
Accel: 0.025 0.022 0.985
Gyro: -3.189 7.324 0.137
Accel: 0.026 0.024 0.986
Gyro: -3.067 5.859 0.152
Accel: 0.024 0.027 0.981
Gyro: -3.112 0.152 0.656
Accel: 0.023 0.029 0.976
Gyro: -3.631 1.571 0.762
Accel: 0.025 0.031 0.985
Gyro: -3.341 0.823 0.427
Accel: 0.024 0.038 0.988
Gyro: -2.349 -2.243 0.350
Accel: 0.033 0.041 0.993
Gyro: -1.510 -2.334 0.396
Accel: 0.038 0.044 1.002
Gyro: 0.473 -1.876 0.305
Accel: 0.038 0.047 1.004
Gyro: 0.564 -1.403 0.076
Accel: 0.037 0.046 1.0001
Gyro: 0.915 -1.113 0.183
Accel: 0.036 0.044 1.003
Gyro: 1.205 -1.281 0.396
Accel: 0.037 0.039 1.006
Gyro: 1.602 0.854 0.366
Accel: 0.041 0.037 1.016
Gyro: 2.334 0.381 0.564
Accel: 0.039 0.038 1.019
Gyro: 3.234 0.122 0.717
Accel: 0.039 0.037 1.015
Gyro: 3.570 0.488 0.961
Accel: 0.036 0.036 1.0010
Gyro: 3.646 0.976 -1.220
Accel: 0.038 0.033 1.012
Gyro: 3.768 2.349 -1.220
Accel: 0.044 0.026 1.018
Gyro: 4.074 3.967 -1.068
Accel: 0.044 0.025 1.024
Gyro: 4.653 5.783 -1.098
Accel: 0.041 0.024 1.021
Gyro: 4.745 7.247 0.991
Accel: 0.038 0.024 1.015
Gyro: 4.287 8.087 0.946
Accel: 0.031 0.021 1.005
Gyro: 3.295 9.246 0.869
Accel: 0.031 0.015 1.005
Gyro: 2.090 10.375 0.534
Accel: 0.032 0.011 1.014
Gyro: 1.663 9.994 0.640
Accel: 0.025 0.011 1.012
Gyro: 1.541 8.605 0.701
Accel: 0.018 0.011 1.003
Gyro: 1.098 7.080 -1.007
Accel: 0.014 0.013 0.999
Gyro: 0.625 5.340 -1.342
Accel: 0.0010 0.0010 0.992
Gyro: 0.183 4.272 -1.235
Accel: 0.016 0.005 0.998
Gyro: -3.860 3.509 -1.327
Accel: 0.015 0.005 1.0000
Gyro: 0.442 2.639 -1.480
Accel: 0.012 0.005 0.996
Gyro: 0.503 2.105 -1.770
Accel: 0.011 0.008 0.995
Gyro: 0.335 1.953 -1.983
Accel: 0.009 0.011 0.995
Gyro: 0.152 1.937 -1.907
Accel: 0.012 0.0010 0.997
Gyro: 0.091 2.059 -1.983
Accel: 0.008 0.008 1.062
Gyro: 0.045 2.166 -1.861
Accel: 0.011 0.006 0.999
Gyro: 0.137 1.876 -1.556
Accel: 0.009 0.004 0.995
Gyro: 0.442 1.434 -1.373
Accel: 0.003 0.005 0.997
Gyro: 0.869 0.930 -1.312
Accel: 0.006 0.005 0.998
Gyro: 0.930 1.144 -1.144
Accel: 0.014 0.006 1.0001
Gyro: 0.808 1.266 -1.052
Accel: 0.0010 0.008 1.002
Gyro: 0.885 1.251 0.885
Accel: 0.011 0.0010 0.999
Gyro: -1.251 1.052 0.900
Accel: 0.013 0.009 0.998
Gyro: 0.961 0.183 -1.068
Accel: 0.015 0.0010 0.999
Gyro: 0.991 0.640 0.823
Accel: 0.015 0.011 1.002
Gyro: 0.930 -1.495 0.747
Accel: 0.016 0.012 1.002
Gyro: 0.961 -2.319 0.717
Accel: 0.018 0.016 1.0000
Gyro: 0.976 -2.960 -1.022
Accel: 0.017 0.020 0.999
Gyro: -1.434 -2.975 0.991
Accel: 0.019 0.021 1.003
Gyro: -1.892 -2.777 0.885
Accel: 0.019 0.019 1.007
Gyro: -2.075 -2.593 0.930
Accel: 0.022 0.021 1.005
Gyro: -2.075 -2.700 -1.190
Accel: 0.021 0.025 1.007
Gyro: -1.846 -3.555 -1.235
Accel: 0.019 0.027 1.007
Gyro: -1.800 -3.570 -1.022
Accel: 0.024 0.021 1.013
Gyro: -2.090 -2.853 0.885
Accel: 0.022 0.022 1.015
Gyro: -1.693 -2.105 0.671
Accel: 0.022 0.029 1.0010
Gyro: -1.144 -1.220 0.808
Accel: 0.024 0.038 1.0010
Gyro: 0.549 0.915 0.823
Accel: 0.020 0.038 1.007
Gyro: 0.503 0.366 0.579
Accel: 0.019 0.033 1.004
Gyro: 0.396 0.0000 0.320
Accel: 0.021 0.028 1.004
Gyro: 0.030 0.0000 0.091
Accel: 0.020 0.024 1.005
Gyro: 0.610 0.366 0.015
Accel: 0.016 0.026 1.002
Gyro: 0.686 0.396 0.244
Accel: 0.017 0.023 1.006
Gyro: 0.579 0.442 0.473
Accel: 0.018 0.027 1.007
Gyro: 0.671 0.793 0.747
Accel: 0.021 0.030 1.005
Gyro: 1.052 -1.113 0.946
Accel: 0.019 0.033 1.0001
Gyro: 1.113 -1.281 1.464
Accel: 0.017 0.032 1.0000
Gyro: 0.869 -1.174 1.846
Accel: 0.014 0.030 1.005
Gyro: 0.762 -1.205 2.014
Accel: 0.015 0.028 1.008
Gyro: 1.296 -1.434 2.029
Accel: 0.016 0.026 1.003
Gyro: 1.571 0.793 2.365
Accel: 0.021 0.028 1.006
Gyro: 1.251 0.244 2.822
Accel: 0.020 0.026 1.013
Gyro: 1.220 0.274 2.990
Accel: 0.018 0.026 1.011
Gyro: 1.464 0.930 2.975
Accel: 0.015 0.028 1.009
Gyro: 1.586 -1.220 2.883
Accel: 0.017 0.031 1.009
Gyro: 1.373 -1.373 3.067
Accel: 0.022 0.030 1.012
Gyro: 1.235 -1.586 3.112
Accel: 0.019 0.031 1.013
Gyro: 1.190 -2.227 2.807
Accel: 0.014 0.032 1.009
Gyro: 1.083 -2.212 2.471
Accel: 0.019 0.030 1.008
Gyro: 0.335 -1.480 2.532
Accel: 0.023 0.028 1.018
Gyro: 0.152 0.869 2.426
Accel: 0.021 0.027 1.020
Gyro: 0.396 0.579 2.319
Accel: 0.021 0.025 1.019
Gyro: 0.656 0.335 1.770
Accel: 0.019 0.023 1.021
Gyro: 1.144 0.213 1.419
Accel: 0.023 0.022 1.025
Gyro: 1.541 0.823 1.190
Accel: 0.020 0.022 1.025
Gyro: 2.014 1.007 1.083
Accel: 0.017 0.019 1.020
Gyro: 2.151 1.037 0.701
Accel: 0.016 0.020 1.018
Gyro: 2.151 0.915 0.778
Accel: 0.014 0.016 1.013
Gyro: 1.724 1.647 1.174
Accel: 0.019 0.0010 1.015
Gyro: 1.342 2.426 1.480
Accel: 0.016 0.006 1.017
Gyro: 1.052 2.700 1.617
Accel: 0.016 0.005 1.018
Gyro: 1.129 1.907 1.525
Accel: 0.016 0.008 1.017
Gyro: 1.388 0.640 1.281
Accel: 0.0010 0.004 1.012
Gyro: 0.823 0.595 1.525
Accel: 0.018 0.002 1.014
Gyro: 0.091 1.403 1.754
Accel: 0.034 0.013 0.736
Gyro: -12.0100 2.319 7.827
Accel: 0.015 0.003 0.720
Gyro: -11.245 -2.090 8.285
Accel: 0.009 0.031 0.697
Gyro: -12.222 -3.219 8.316
Accel: 0.024 0.053 0.670
Gyro: -16.174 2.716 7.980
Accel: 0.014 0.060 0.661
Gyro: -21.316 12.908 7.400
Accel: 0.0000 0.046 0.644
Gyro: -25.695 24.353 6.774
Accel: 0.012 0.017 0.614
Gyro: -28.656 35.217 6.912
Accel: 0.0010 0.009 0.577
Gyro: -30.105 44.799 7.705
Accel: 0.003 0.022 0.544
Gyro: -30.120 51.971 8.148
Accel: 0.011 0.019 0.527
Gyro: -28.457 55.358 7.843
Accel: 0.020 0.002 0.515
Gyro: -26.016 55.084 7.247
Accel: 0.030 0.009 0.499
Gyro: -23.757 51.818 5.905
Accel: 0.045 0.017 0.496
Gyro: -20.828 45.471 4.226
Accel: 0.060 0.033 0.497
Gyro: -17.028 38.131 1.449
Accel: 0.072 0.052 0.489
Gyro: -13.565 30.014 -2.151
Accel: 0.074 0.030 0.484
Gyro: -11.672 21.133 -5.996
Accel: 0.081 0.011 0.485
Gyro: -10.848 11.734 -8.255
Accel: 0.092 0.049 0.503
Gyro: -9.780 1.281 -9.979
Accel: 0.106 0.068 0.523
Gyro: -7.980 -11.032 -12.176
Accel: 0.133 0.071 0.564
Gyro: -5.142 -18.829 -13.732
Accel: 0.147 0.056 0.602
Gyro: -2.059 -21.881 -14.541
Accel: 0.150 0.044 0.642
Gyro: 0.701 -27.709 -14.862
Accel: 0.151 0.028 0.670
Gyro: 2.700 -32.089 -14.938
Accel: 0.143 0.021 0.689
Gyro: 2.883 -34.301 -15.075
Accel: 0.137 0.039 0.708
Gyro: 1.495 -34.362 -14.724
Accel: 0.130 0.061 0.735
Gyro: -1.190 -32.028 -12.710
Accel: 0.109 0.067 0.772
Gyro: -2.517 -28.060 -10.650
Accel: 0.089 0.059 0.806
Gyro: -2.365 -21.804 -9.429
Accel: 0.098 0.049 0.835
Gyro: -1.419 -14.175 -8.789
Accel: 0.118 0.042 0.854
Gyro: -1.037 -6.256 -8.728
Accel: 0.136 0.053 0.870
Gyro: -1.296 0.213 -9.048
Accel: 0.139 0.077 0.877
Gyro: 0.976 3.890 -8.956
Accel: 0.145 0.097 0.884
Gyro: 0.061 7.522 -8.392
Accel: 0.155 0.102 0.889
Gyro: 0.686 15.487 -7.217
Accel: 0.153 0.104 0.906
Gyro: 0.991 19.271 -6.225
Accel: 0.156 0.101 0.917
Gyro: 1.174 17.471 -5.569
Accel: 0.160 0.091 0.920
Gyro: 0.564 18.646 -5.050
Accel: 0.166 0.087 0.923
Gyro: 0.122 18.402 -5.142
Accel: 0.164 0.090 0.926
Gyro: 0.061 16.632 -5.752
Accel: 0.162 0.0100 0.922
Gyro: 0.885 12.710 -6.469
Accel: 0.160 0.111 0.917
Gyro: 2.548 6.973 -7.110
Accel: 0.167 0.115 0.916
Gyro: 4.043 0.823 -6.988
Accel: 0.183 0.118 0.919
Gyro: 5.203 -5.264 -5.935
Accel: 0.192 0.115 0.938
Gyro: 6.561 -10.192 -4.837
Accel: 0.198 0.101 0.951
Gyro: 7.492 -13.626 -4.104
Accel: 0.205 0.084 0.962
Gyro: 8.0010 -15.518 -4.089
Accel: 0.211 0.074 0.971
Gyro: 8.300 -16.357 -4.562
Accel: 0.206 0.072 0.973
Gyro: 8.529 -16.281 -5.294
Accel: 0.201 0.077 0.977
Gyro: 9.109 -16.098 -5.996
Accel: 0.194 0.081 0.982
Gyro: 10.421 -15.869 -6.423
Accel: 0.183 0.080 0.981
Gyro: 11.199 -14.907 -6.439
Accel: 0.174 0.072 0.982
Gyro: 12.069 -13.961 -6.286
Accel: 0.170 0.061 0.983
Gyro: 12.847 -13.198 -5.615
Accel: 0.165 0.046 0.981
Gyro: 13.015 -12.145 -5.035
Accel: 0.157 0.036 0.974
Gyro: 12.0100 -11.230 -4.562
Accel: 0.150 0.036 0.961
Gyro: 9.963 -10.635 -4.501
Accel: 0.147 0.041 0.957
Gyro: 7.431 -10.101 -4.730
Accel: 0.143 0.047 0.947
Gyro: 5.355 -9.384 -4.760
Accel: 0.121 0.056 0.938
Gyro: 3.311 -9.429 -4.776
Accel: 0.107 0.066 0.921
Gyro: 1.739 -10.589 -4.150
Accel: 0.108 0.064 0.903
Gyro: 0.122 -12.680 -2.838
Accel: 0.103 0.058 0.886
Gyro: -1.403 -16.067 -1.693
Accel: 0.092 0.054 0.866
Gyro: -3.417 -19.790 0.381
Accel: 0.077 0.052 0.844
Gyro: -5.813 -24.063 1.220
Accel: 0.065 0.049 0.827
Gyro: -8.0010 -28.366 3.173
Accel: 0.064 0.042 0.811
Gyro: -9.506 -34.317 4.943
Accel: 0.057 0.039 0.784
Gyro: -11.047 -41.397 6.378
Accel: 0.041 0.045 0.750
Gyro: -12.527 -49.224 7.354
Accel: 0.031 0.049 0.716
Gyro: -13.076 -57.312 7.934
Accel: 0.017 0.041 0.676
Gyro: -13.305 -66.207 7.965
Accel: 0.008 0.043 0.632
Gyro: -12.680 -75.454 8.255
Accel: 0.021 0.052 0.577
Gyro: -13.229 -82.382 10.208
Accel: 0.008 0.055 0.553
Gyro: -13.610 -87.036 12.329
Accel: 0.005 0.062 0.521
Gyro: -12.0100 -91.766 12.710
Accel: 0.015 0.051 0.478
Gyro: -10.192 -95.947 11.016
Accel: 0.0010 0.041 0.379
Gyro: -8.087 -100.173 8.438
Accel: 0.025 0.054 0.386
Gyro: -5.172 -104.782 6.408
Accel: 0.007 0.017 0.334
Gyro: 2.471 -110.321 5.218
Accel: 0.074 0.007 0.219
Gyro: 9.796 -107.498 3.158
Accel: 0.156 0.008 0.116
Gyro: 18.356 -95.046 0.579
Accel: 0.117 0.0100 0.015
Gyro: 26.885 -75.775 -4.837
Accel: 0.107 0.108 0.025
Gyro: 29.006 -64.514 -10.086
Accel: 0.083 0.082 0.038
Gyro: 32.043 -55.755 -14.373
Accel: 0.045 0.060 0.115
Gyro: 33.142 -50.170 -15.472
Accel: 0.050 0.005 0.046
Gyro: 35.278 -47.042 -15.945
Accel: 0.004 0.008 0.022
Gyro: 37.200 -43.960 -16.311
Accel: 0.061 0.005 0.020
Gyro: 38.543 -40.878 -16.571
Accel: 0.002 0.008 0.033
Gyro: 39.657 -37.979 -16.906
Accel: 0.006 0.009 0.045
Gyro: 40.496 -35.049 -17.028
Accel: 0.005 0.009 0.053
Gyro: 40.985 -32.546 -17.364
Accel: 0.005 0.009 0.055
Gyro: 41.107 -29.785 -17.639
Accel: 0.006 0.007 0.056
Gyro: 41.275 -26.931 -17.837
Accel: 0.006 0.007 0.123
Gyro: 41.061 -24.139 -18.218
Accel: 0.004 0.007 0.065
Gyro: 40.893 -21.530 -18.402
Accel: 0.005 0.006 0.071
Gyro: 40.512 -18.829 -18.783
Accel: 0.003 0.005 0.069
Gyro: 40.145 -15.975 -19.073
Accel: 0.006 0.006 0.071
Gyro: 39.886 -13.275 -19.302
Accel: 0.005 0.008 0.072
Gyro: 39.443 -10.772 -19.592
Accel: 0.005 0.008 0.074
Gyro: 39.169 -4.104 -19.851
Accel: 0.007 0.006 0.079
Gyro: 39.123 -5.538 -19.958
Accel: 0.005 0.009 0.081
Gyro: 39.321 -2.838 -20.034
Accel: 0.005 0.008 0.083
Gyro: 39.749 0.411 -19.866
Accel: 0.007 0.008 0.088
Gyro: 40.252 2.304 -19.760
Accel: 0.002 0.013 0.104
Gyro: 41.488 5.447 -17.791
Accel: 0.032 0.002 0.104
Gyro: 37.612 7.751 -18.005
Accel: 0.056 0.048 0.146
Gyro: 10.803 12.115 -25.955
Accel: 4.833 0.442 7.999
Gyro: -499.969 355.453 2.105
Accel: 1.244 -2.544 7.999
Gyro: -81.756 495.986 -22.506
Accel: 0.531 1.093 0.620
Gyro: -15.243 378.967 -31.402
Accel: 0.347 0.361 -2.932
Gyro: -35.736 323.440 -20.492
Accel: -1.601 0.176 2.481
Gyro: -22.628 139.755 -26.245
Accel: -1.661 0.112 2.408
Gyro: 8.682 -21.713 -25.146
Accel: -1.892 0.241 1.375
Gyro: -23.910 -134.506 -40.0100
Accel: -1.783 0.348 0.596
Gyro: -73.303 -263.458 -51.589
Accel: 0.964 0.391 3.097
Gyro: -76.309 -314.971 -53.466
Accel: 0.632 0.718 3.244
Gyro: -97.625 -19.302 -24.780
Accel: 0.130 0.460 0.651
Gyro: -103.439 -67.108 -2.746
Accel: 0.073 0.285 1.452
Gyro: -69.458 -106.170 -11.505
Accel: 0.129 0.359 1.911
Gyro: -3.768 -104.187 -15.518
Accel: 0.611 0.329 1.911
Gyro: 18.188 -55.145 -7.019
Accel: 0.605 0.361 1.387
Gyro: 7.888 -21.682 1.647
Accel: 0.402 0.351 1.269
Gyro: 20.355 -20.553 4.516
Accel: 0.343 0.362 1.365
Gyro: 48.706 -10.711 4.257
Accel: 0.385 0.341 1.278
Gyro: 65.628 4.348 4.074
Accel: 0.414 0.319 1.162
Gyro: 68.038 17.272 3.051
Accel: 0.351 0.287 1.104
Gyro: 64.727 22.994 1.144
Accel: 0.191 0.205 1.097
Gyro: 57.800 22.857 0.778
Accel: 0.175 0.117 1.072
Gyro: 48.385 19.424 -3.250
Accel: 0.138 0.063 1.036
Gyro: 38.040 14.190 -5.050
Accel: 0.127 0.047 1.019
Gyro: 27.969 8.331 -5.218
Accel: 0.112 0.052 1.043
Gyro: 20.217 2.105 -4.776
Accel: 0.083 0.051 1.037
Gyro: 14.541 -3.295 -5.020
Accel: 0.056 0.037 0.938
Gyro: 9.536 -11.566 -6.256
Accel: 0.054 0.008 0.946
Gyro: 4.699 -10.391 -8.239
Accel: 0.072 0.022 0.919
Gyro: 0.747 -4.058 -9.353
Accel: 0.105 0.034 0.916
Gyro: 0.122 0.457 -9.933
Accel: 0.117 0.022 0.904
Gyro: 0.656 7.583 -9.643
Accel: 0.099 0.008 0.883
Gyro: 1.541 14.068 -8.026
Accel: 0.081 0.026 0.869
Gyro: 2.029 19.012 -5.996
Accel: 0.073 0.024 0.846
Gyro: 1.663 27.130 -3.524
Accel: 0.120 0.048 0.822
Gyro: 0.320 26.565 0.869
Accel: 0.122 0.049 0.829
Gyro: -3.005 29.159 2.395
Accel: 0.095 0.006 0.835
Gyro: -7.064 31.845 4.425
Accel: 0.061 0.004 0.863
Gyro: -9.017 34.759 4.699
Accel: 0.037 0.0010 0.875
Gyro: -7.614 37.307 3.799
Accel: 0.007 0.012 0.877
Gyro: -3.082 36.926 2.212
Accel: 0.026 0.043 0.912
Gyro: 1.892 35.980 -3.890
Accel: 0.048 0.140 1.022
Gyro: 13.931 29.907 -4.425
Accel: 0.131 0.210 1.185
Gyro: 22.705 25.955 -5.676
Accel: 0.130 0.183 1.128
Gyro: 27.816 18.920 -5.554
Accel: 0.096 0.122 1.069
Gyro: 28.778 10.772 -4.547
Accel: 0.074 0.090 1.033
Gyro: 23.498 3.616 0.152
Accel: 0.054 0.065 1.029
Gyro: 26.794 -2.136 5.920
Accel: 0.027 0.051 1.050
Gyro: 28.625 -5.264 8.865
Accel: 0.020 0.044 1.095
Gyro: 33.538 -8.285 7.598
Accel: 0.084 0.023 1.088
Gyro: 27.236 -22.918 3.128
Accel: 0.094 0.016 1.136
Gyro: 21.820 -29.342 -7.217
Accel: 0.045 0.032 1.157
Gyro: 22.644 -35.339 -8.148
Accel: 0.054 0.023 1.135
Gyro: 24.612 -34.530 -8.865
Accel: 0.049 0.030 0.991
Gyro: 12.924 -28.228 -10.498
Accel: 0.057 0.027 1.016
Gyro: 5.493 -26.199 -9.628
Accel: 0.072 0.012 1.081
Gyro: 0.518 -24.200 -6.668
Accel: 0.044 0.004 1.156
Gyro: -2.166 -22.872 -2.609
Accel: 0.016 0.015 1.150
Gyro: -1.296 -23.132 1.449
Accel: 0.016 0.041 1.130
Gyro: 2.548 -23.742 3.738
Accel: 0.036 0.045 1.122
Gyro: 8.361 -20.828 4.653
Accel: 0.054 0.034 1.098
Gyro: 13.656 -12.832 5.187
Accel: 0.074 0.006 1.073
Gyro: 22.705 -2.593 6.958
Accel: 0.059 0.016 1.102
Gyro: 25.878 8.621 6.469
Accel: 0.065 0.093 1.146
Gyro: 25.695 12.298 5.416
Accel: 0.014 0.006 1.135
Gyro: 21.270 13.183 5.996
Accel: 0.041 0.015 1.093
Gyro: 15.808 14.160 5.950
Accel: 0.065 0.006 1.045
Gyro: 11.550 16.128 5.371
Accel: 0.056 0.005 1.004
Gyro: 9.628 18.569 5.340
Accel: 0.050 0.004 0.978
Gyro: 8.789 20.187 4.562
Accel: 0.040 0.0010 0.973
Gyro: 9.094 20.721 2.731
Accel: 0.031 0.023 0.971
Gyro: 8.636 19.363 0.854
Accel: 0.027 0.038 0.968
Gyro: 6.484 15.960 0.381
Accel: 0.023 0.033 0.976
Gyro: 3.921 10.543 0.823
Accel: 0.020 0.027 0.986
Gyro: 1.510 0.259 0.946
Accel: 0.0000 0.019 0.989
Gyro: 0.854 -2.822 0.503
Accel: 0.003 0.061 0.972
Gyro: -4.318 -8.651 0.091
Accel: 0.011 0.014 0.948
Gyro: -8.026 -14.312 0.183
Accel: 0.017 0.036 0.926
Gyro: -11.154 -20.202 0.335
Accel: 0.0010 0.063 0.918
Gyro: -13.320 -26.153 -1.480
Accel: 0.006 0.051 0.930
Gyro: -14.343 -31.127 0.549
Accel: 0.025 0.021 0.926
Gyro: -13.992 -35.049 0.946
Accel: 0.052 0.005 0.997
Gyro: -13.778 -36.941 0.610
Accel: 0.047 0.030 0.959
Gyro: -13.610 -37.414 0.274
Accel: 0.062 0.044 0.990
Gyro: -13.168 -37.246 -2.380
Accel: 0.080 0.045 1.005
Gyro: -12.588 -35.171 -4.470
Accel: 0.101 0.037 1.019
Gyro: -12.0100 -31.402 -5.905
Accel: 0.115 0.026 1.026
Gyro: -10.391 -26.306 -6.622
Accel: 0.136 0.021 1.039
Gyro: -7.766 -21.545 -6.866
Accel: 0.147 0.018 1.052
Gyro: -5.081 -14.572 -6.576
Accel: 0.118 0.007 1.064
Gyro: -2.655 -6.439 -6.210
Accel: 0.105 0.0001 1.066
Gyro: -1.785 7.003 -6.820
Accel: 0.085 0.005 1.051
Gyro: -2.166 13.092 -7.171
Accel: 0.096 0.017 1.028
Gyro: -3.707 23.864 -7.400
Accel: 0.0100 0.026 1.006
Gyro: -6.103 34.805 -6.439
Accel: 0.098 0.032 0.993
Gyro: -8.560 43.746 -4.135
Accel: 0.096 0.028 0.984
Gyro: -10.604 49.713 -1.861
Accel: 0.081 0.021 0.980
Gyro: -10.955 52.322 0.061
Accel: 0.063 0.014 0.977
Gyro: -9.613 51.910 2.182
Accel: 0.043 0.009 0.966
Gyro: -8.804 49.987 3.997
Accel: 0.030 0.008 0.954
Gyro: -8.285 46.661 5.783
Accel: 0.011 0.009 0.944
Gyro: -7.690 42.770 7.080
Accel: 0.009 0.015 0.933
Gyro: -7.110 37.872 7.675
Accel: 0.006 0.031 0.924
Gyro: -6.210 31.112 8.148
Accel: 0.002 0.041 0.917
Gyro: -5.096 22.720 8.407
Accel: 0.005 0.047 0.910
Gyro: -3.326 12.725 8.651
Accel: 0.008 0.045 0.901
Gyro: -1.495 3.234 8.880
Accel: 0.006 0.041 0.898
Gyro: 0.091 -6.484 8.697
Accel: 0.003 0.045 0.914
Gyro: 1.419 -13.809 8.209
Accel: 0.0001 0.052 0.935
Gyro: 7.751 -18.920 7.217
Accel: 0.005 0.052 0.944
Gyro: 6.072 -22.079 6.057
Accel: 0.015 0.054 0.948
Gyro: 7.232 -23.574 4.730
Accel: 0.019 0.049 0.953
Gyro: 6.774 -22.171 3.143
Accel: 0.018 0.039 0.965
Gyro: 6.378 -18.844 1.419
Accel: 0.020 0.033 0.976
Gyro: 6.134 -11.871 -3.875
Accel: 0.024 0.025 0.986
Gyro: 5.935 -12.466 -1.098
Accel: 0.027 0.023 0.989
Gyro: 6.164 -8.666 -1.953
Accel: 0.024 0.025 0.994
Gyro: 5.691 -2.685 -1.831
Accel: 0.024 0.026 1.006
Gyro: 4.898 3.540 0.885
Accel: 0.018 0.024 1.0010
Gyro: 4.470 8.804 0.137
Accel: 0.009 0.027 1.0000
Gyro: 3.707 13.061 1.068
Accel: 0.003 0.025 0.990
Gyro: 3.112 16.036 1.739
Accel: 0.013 0.025 0.978
Gyro: 2.136 17.074 2.548
Accel: 0.021 0.022 0.971
Gyro: 1.403 17.242 3.387
Accel: 0.028 0.016 0.967
Gyro: 1.159 16.510 4.272
Accel: 0.031 0.007 0.969
Gyro: 1.312 14.465 5.233
Accel: 0.026 0.004 0.973
Gyro: 2.166 11.764 6.347
Accel: 0.024 0.008 0.977
Gyro: 3.601 9.277 7.705
Accel: 0.017 0.012 0.983
Gyro: 5.462 6.530 8.956
Accel: 0.012 0.015 0.983
Gyro: 6.988 3.402 9.933
Accel: 0.012 0.022 0.985
Gyro: 7.873 -3.890 10.253
Accel: 0.0010 0.026 0.991
Gyro: 8.163 -7.720 10.177
Accel: 0.007 0.024 1.004
Gyro: 8.743 -7.995 9.536
Accel: 0.004 0.019 1.017
Gyro: 9.582 -12.252 8.926
Accel: 0.005 0.011 1.025
Gyro: 10.360 -16.311 8.102
Accel: 0.013 0.006 1.036
Gyro: 11.215 -19.454 7.476
Accel: 0.023 0.0001 1.044
Gyro: 11.871 -21.148 6.607
Accel: 0.032 0.0001 1.047
Gyro: 11.947 -21.179 5.462
Accel: 0.040 0.003 1.049
Gyro: 11.581 -19.989 4.302
Accel: 0.047 0.003 1.049
Gyro: 10.635 -17.089 3.356
Accel: 0.046 0.006 1.052
Gyro: 8.850 -12.725 2.426
Accel: 0.048 0.013 1.056
Gyro: 6.942 -7.034 1.159
Accel: 0.048 0.017 1.052
Gyro: 4.821 -1.068 0.289
Accel: 0.052 0.021 1.052
Gyro: 3.280 4.608 0.244
Accel: 0.051 0.022 1.051
Gyro: 1.876 9.811 0.411
Accel: 0.045 0.024 1.046
Gyro: 0.289 13.763 0.122
Accel: 0.036 0.033 1.038
Gyro: 0.946 17.364 0.061
Accel: 0.026 0.036 1.031
Gyro: -1.983 20.034 0.152
Accel: 0.021 0.031 1.022
Gyro: -2.716 21.087 0.183
Accel: 0.013 0.028 1.007
Gyro: -7.690 21.133 0.640
Accel: 0.007 0.024 0.994
Gyro: -5.355 19.927 1.083
Accel: 0.062 0.023 0.987
Gyro: -6.820 17.303 1.464
Accel: 0.006 0.022 0.976
Gyro: -7.949 13.641 1.632
Accel: 0.008 0.020 0.964
Gyro: -8.865 9.567 1.907
Accel: 0.004 0.019 0.962
Gyro: -9.384 5.905 2.166
Accel: 0.003 0.015 0.964
Gyro: -9.445 2.227 2.456
Accel: 0.007 0.017 0.973
Gyro: -8.758 0.656 2.120
Accel: 0.006 0.012 0.984
Gyro: -7.736 -3.280 1.556
Accel: 0.003 0.003 0.988
Gyro: -6.134 -5.752 1.296
Accel: 0.0000 0.003 0.987
Gyro: -4.669 -7.781 1.159
Accel: 0.003 0.0010 0.985
Gyro: -3.631 -8.819 0.900
Accel: 0.005 0.015 0.991
Gyro: -2.624 -9.796 0.671
Accel: 0.006 0.022 0.992
Gyro: -1.800 -11.047 0.350
Accel: 0.011 0.025 0.991
Gyro: -1.174 -12.023 0.122
Accel: 0.015 0.023 0.996
Gyro: 0.808 -12.542 0.259
Accel: 0.017 0.018 1.004
Gyro: 0.106 -13.137 0.305
Accel: 0.015 0.014 1.008
Gyro: 0.885 -13.595 0.015
Accel: 0.017 0.004 1.013
Gyro: 1.068 -12.969 0.137
Accel: 0.020 0.0001 1.018
Gyro: 0.579 -11.215 0.320
Accel: 0.023 0.002 1.023
Gyro: 0.595 -9.002 0.671
Accel: 0.027 0.007 1.024
Gyro: 0.534 -6.027 0.946
Accel: 0.030 0.0010 1.025
Gyro: 0.778 -2.395 1.266
Accel: 0.033 0.016 1.022
Gyro: 0.564 0.946 1.602
Accel: 0.032 0.023 1.022
Gyro: 0.473 3.677 1.983
Accel: 0.028 0.025 1.020
Gyro: 0.396 5.447 2.258
Accel: 0.022 0.024 1.014
Gyro: 0.183 6.515 2.624
Accel: 0.015 0.022 1.006
Gyro: 0.610 6.912 2.624
Accel: 0.011 0.021 1.0000
Gyro: -1.403 7.064 2.426
Accel: 0.009 0.021 0.995
Gyro: -1.785 6.759 2.258
Accel: 0.008 0.020 0.985
Gyro: -2.487 6.164 1.907
Accel: 0.009 0.021 0.980
Gyro: -2.944 5.081 1.602
Accel: 0.007 0.025 0.976
Gyro: -3.265 3.585 1.235
Accel: 0.003 0.024 0.971
Gyro: -3.250 1.632 0.839
Accel: 0.003 0.021 0.976
Gyro: -3.311 0.854 0.427
Accel: 0.0000 0.021 0.973
Gyro: -3.067 -2.716 0.015
Accel: 0.0001 0.019 0.981
Gyro: -2.838 -5.294 0.259
Accel: 0.0001 0.018 0.983
Gyro: -2.380 -7.431 0.610
Accel: 0.0001 0.018 0.988
Gyro: -1.953 -9.033 -1.022
Accel: 0.004 0.022 0.994
Gyro: -1.708 -9.902 0.946
Accel: 0.011 0.022 1.007
Gyro: 0.991 -10.574 -1.068
Accel: 0.014 0.021 1.012
Gyro: 0.091 -11.398 -1.358
Accel: 0.016 0.021 1.018
Gyro: 0.671 -12.161 -1.632
Accel: 0.021 0.023 1.022
Gyro: 1.434 -12.207 -1.892
Accel: 0.021 0.022 1.027
Gyro: 1.861 -11.566 -1.754
Accel: 0.029 0.017 1.033
Gyro: 2.243 -10.635 -1.510
Accel: 0.028 0.013 1.034
Gyro: 2.548 -9.796 -1.495
Accel: 0.027 0.011 1.031
Gyro: 2.670 -8.819 -1.571
Accel: 0.028 0.011 1.027
Gyro: 2.655 -7.369 -1.525
Accel: 0.030 0.002 1.032
Gyro: 2.029 -4.699 -1.113
Accel: 0.035 0.0001 1.042
Gyro: 2.349 -2.090 0.625
Accel: 0.033 0.004 1.041
Gyro: 2.655 3.845 0.045
Accel: 0.029 0.002 1.036
Gyro: 2.120 1.876 0.198
Accel: 0.026 0.004 1.031
Gyro: 1.388 3.616 0.091
Accel: 0.023 0.007 1.025
Gyro: 0.885 4.318 0.076
Accel: 0.022 0.005 1.012
Gyro: 0.289 4.837 0.549
Accel: 0.020 0.0000 1.018
Gyro: 0.457 5.462 1.113
Accel: 0.019 0.002 1.027
Gyro: 0.503 4.882 1.251
Accel: 0.014 0.006 1.028
Gyro: 0.274 3.860 1.373
Accel: 0.015 0.0010 1.025
Gyro: 0.137 2.807 1.144
Accel: 0.017 0.015 1.021
Gyro: 0.015 1.388 0.762
Accel: 0.012 0.019 1.017
Gyro: 0.167 0.045 0.778
Accel: 0.013 0.014 1.012
Gyro: 0.518 0.656 1.037
Accel: 0.014 0.011 1.013
Gyro: 0.610 -1.556 1.083
Accel: 0.013 0.014 1.013
Gyro: 0.289 -2.212 1.022
Accel: 0.012 0.015 1.008
Gyro: 0.305 -2.304 0.839
Accel: 0.015 0.014 1.0010
Gyro: 0.686 -1.846 0.732
Accel: 0.020 0.013 1.016
Gyro: -1.037 0.854 0.930
Accel: 0.025 0.017 1.016
Gyro: -1.083 0.503 0.946
Accel: 0.030 0.021 1.025
Gyro: 0.946 2.090 0.701
Accel: 0.029 0.027 1.025
Gyro: 0.793 3.372 0.457
