Accel: 0.075 0.019 0.971
Gyro: 0.946 0.488 3.067
Accel: 0.073 0.0010 0.974
Gyro: 1.678 -2.563 2.792
Accel: 0.076 0.006 0.980
Gyro: 2.243 -4.150 2.777
Accel: 0.069 0.004 0.990
Gyro: 2.914 -5.432 2.716
Accel: 0.071 0.005 0.997
Gyro: 3.326 -6.332 2.578
Accel: 0.064 0.004 1.004
Gyro: 3.601 -6.790 2.105
Accel: 0.064 0.0001 1.005
Gyro: 3.555 -7.064 1.968
Accel: 0.061 0.004 1.007
Gyro: 3.067 -7.247 1.770
Accel: 0.063 0.015 1.0010
Gyro: 2.304 -6.683 1.113
Accel: 0.059 0.019 1.012
Gyro: 1.007 -5.874 0.457
Accel: 0.053 0.014 1.016
Gyro: 0.122 -4.547 0.244
Accel: 0.047 0.013 1.018
Gyro: 0.579 -2.899 0.015
Accel: 0.044 0.0010 1.019
Gyro: -1.159 -1.464 0.106
Accel: 0.048 0.0010 1.019
Gyro: -1.617 0.244 0.106
Accel: 0.056 0.007 1.021
Gyro: -1.739 2.059 0.396
Accel: 0.059 0.002 1.019
Gyro: -1.861 3.417 0.503
Accel: 0.062 0.0001 1.014
Gyro: -2.349 4.196 0.762
Accel: 0.067 0.0001 1.013
Gyro: -2.502 4.196 0.717
Accel: 0.072 0.0001 1.007
Gyro: -2.548 3.753 0.778
Accel: 0.076 0.003 1.009
Gyro: -2.044 2.014 0.686
Accel: 0.078 0.0001 1.006
Gyro: -1.556 0.381 0.305
Accel: 0.078 0.0000 1.0010
Gyro: -1.327 -3.601 0.061
Accel: 0.083 0.0001 1.011
Gyro: 0.839 -6.576 0.030
Accel: 0.078 0.004 1.016
Gyro: 0.595 -9.323 0.106
Accel: 0.075 0.008 1.026
Gyro: 0.274 -11.581 0.366
Accel: 0.068 0.014 1.036
Gyro: 0.183 -13.473 0.595
Accel: 0.055 0.012 1.049
Gyro: 0.183 -19.363 0.885
Accel: 0.046 0.005 1.058
Gyro: 0.442 -16.342 -1.235
Accel: 0.042 0.003 1.066
Gyro: 0.473 -15.609 -1.449
Accel: 0.034 0.0000 1.073
Gyro: 0.778 -13.198 -1.663
Accel: 0.031 0.005 1.082
Gyro: 0.610 -9.658 -1.785
Accel: 0.028 0.004 1.083
Gyro: 0.228 -5.981 -1.785
Accel: 0.025 0.006 1.082
Gyro: 0.122 -2.441 -1.968
Accel: 0.027 0.005 1.079
Gyro: 0.289 0.106 -1.861
Accel: 0.033 0.006 1.077
Gyro: 0.534 1.052 -2.166
Accel: 0.046 0.006 1.069
Gyro: 0.976 0.564 -2.532
Accel: 0.054 0.005 1.066
Gyro: 0.869 0.0000 -2.716
Accel: 0.054 0.004 1.067
Gyro: 0.411 0.946 -2.502
Accel: 0.058 0.004 1.066
Gyro: 0.030 -2.365 -2.243
Accel: 0.062 0.004 1.064
Gyro: 0.488 -3.112 -1.937
Accel: 0.062 0.006 1.062
Gyro: -1.312 -3.814 -1.556
Accel: 0.061 0.003 1.062
Gyro: -2.349 -4.470 0.869
Accel: 0.065 0.0001 1.064
Gyro: -2.883 -5.142 0.610
Accel: 0.067 0.0000 1.069
Gyro: -2.838 -6.286 0.473
Accel: 0.065 0.002 1.071
Gyro: -2.166 -7.568 0.366
Accel: 0.059 0.011 1.072
Gyro: -1.037 -8.453 0.0000
Accel: 0.047 0.0010 1.073
Gyro: 0.167 -9.094 0.274
Accel: 0.040 0.014 1.083
Gyro: 0.762 -10.299 0.747
Accel: 0.038 0.019 1.103
Gyro: 1.312 -12.222 1.007
Accel: 0.041 0.021 1.185
Gyro: 2.075 -15.243 1.098
Accel: 0.046 0.025 1.136
Gyro: 2.120 -19.546 0.747
Accel: 0.050 0.026 1.148
Gyro: 1.159 -23.651 0.213
Accel: 0.054 0.022 1.160
Gyro: 0.457 -26.412 0.274
Accel: 0.044 0.015 1.164
Gyro: -3.890 -26.748 0.213
Accel: 0.018 0.007 1.166
Gyro: 0.503 -25.161 0.183
Accel: 0.004 0.007 1.169
Gyro: 0.701 -22.628 0.396
Accel: 0.004 0.013 1.169
Gyro: 0.885 -20.233 0.854
Accel: 0.015 0.022 1.172
Gyro: 0.640 -19.439 1.647
Accel: 0.019 0.021 1.177
Gyro: 0.549 -20.202 2.822
Accel: 0.019 0.021 1.184
Gyro: 0.915 -22.918 3.158
Accel: 0.0001 0.017 1.196
Gyro: -1.022 -27.252 2.807
Accel: 0.011 0.013 1.208
Gyro: 0.640 -31.829 2.456
Accel: 0.014 0.003 1.222
Gyro: 0.656 -35.079 1.235
Accel: 0.013 0.008 1.234
Gyro: 0.564 -36.621 0.442
Accel: 0.012 0.009 1.250
Gyro: 0.183 -38.177 0.244
Accel: 0.028 0.009 1.256
Gyro: 0.137 -39.352 0.289
Accel: 0.039 0.060 1.261
Gyro: 0.152 -39.840 0.411
Accel: 0.047 0.011 1.265
Gyro: -1.007 -38.848 1.007
Accel: 0.057 0.013 1.266
Gyro: -2.563 -37.002 1.083
Accel: 0.072 0.021 1.260
Gyro: -3.784 -35.842 0.442
Accel: 0.002 0.035 1.253
Gyro: -4.364 -35.018 0.549
Accel: 0.031 0.028 1.251
Gyro: -3.890 -31.784 -2.670
Accel: 0.025 0.027 1.239
Gyro: -3.585 -28.625 -5.462
Accel: 0.047 0.020 1.226
Gyro: -3.982 -24.703 -7.629
Accel: 0.067 0.021 1.232
Gyro: -3.692 -19.241 -9.109
Accel: 0.077 0.016 1.254
Gyro: -2.136 -13.092 -9.933
Accel: 0.096 0.018 1.262
Gyro: 0.350 -7.232 -9.735
Accel: 0.125 0.016 1.255
Gyro: 2.243 -1.815 -9.384
Accel: 0.128 0.025 1.234
Gyro: 3.402 4.241 -8.514
Accel: 0.130 0.030 1.198
Gyro: 3.295 10.833 -7.308
Accel: 0.145 0.018 1.157
Gyro: 2.532 16.036 -6.164
Accel: 0.158 0.005 1.115
Gyro: 3.005 18.325 -5.935
Accel: 0.148 0.0001 1.002
Gyro: 4.638 17.639 -5.584
Accel: 0.119 0.004 1.018
Gyro: 5.386 17.410 -3.128
Accel: 0.166 0.002 0.997
Gyro: 6.683 17.929 -1.586
Accel: 0.124 0.011 0.996
Gyro: 7.537 19.866 1.312
Accel: 0.120 0.014 1.0000
Gyro: 8.392 22.125 3.204
Accel: 0.105 0.006 0.989
Gyro: 8.193 25.177 4.714
Accel: 0.111 0.0000 0.965
Gyro: 6.927 28.671 6.240
Accel: 0.117 0.002 0.944
Gyro: 4.516 30.715 8.377
Accel: 0.090 0.002 0.929
Gyro: 1.327 28.213 10.314
Accel: 0.044 0.007 0.913
Gyro: -2.380 20.156 11.352
Accel: 0.0001 0.016 0.904
Gyro: -4.821 8.132 10.726
Accel: 0.020 0.047 0.868
Gyro: -7.217 -1.541 10.833
Accel: 0.020 0.078 0.889
Gyro: -11.398 -4.165 11.337
Accel: 0.0000 0.070 0.911
Gyro: -15.228 -1.327 10.879
Accel: 0.022 0.073 0.928
Gyro: -17.395 4.135 10.437
Accel: 0.015 0.065 0.930
Gyro: -18.966 15.258 10.543
Accel: 0.011 0.044 0.930
Gyro: -20.324 17.791 9.735
Accel: 0.036 0.015 0.934
Gyro: -20.812 21.606 6.515
Accel: 0.015 0.020 0.933
Gyro: -19.088 22.888 6.088
Accel: 0.0010 0.006 0.938
Gyro: -16.296 20.721 5.096
Accel: 0.042 0.012 0.938
Gyro: -12.680 16.036 4.486
Accel: 0.040 0.017 0.945
Gyro: -9.674 11.138 4.241
Accel: 0.033 0.007 0.936
Gyro: -8.209 7.553 3.662
Accel: 0.040 0.009 0.919
Gyro: -7.369 5.187 2.212
Accel: 0.043 0.022 0.905
Gyro: -6.439 4.104 0.381
Accel: 0.026 0.011 0.890
Gyro: -5.722 5.004 -1.831
Accel: 0.006 0.007 0.893
Gyro: -4.898 7.736 -4.989
Accel: 0.0001 0.018 0.897
Gyro: -3.417 10.848 -7.690
Accel: 0.022 0.006 0.904
Gyro: 0.656 13.107 -8.712
Accel: 0.044 0.0001 0.901
Gyro: 2.426 14.083 -8.865
Accel: 0.054 0.0000 0.898
Gyro: 5.264 13.366 -9.658
Accel: 0.059 0.011 0.889
Gyro: 7.217 10.238 -10.986
Accel: 0.066 0.030 0.869
Gyro: 8.514 5.203 -11.993
Accel: 0.063 0.044 0.843
Gyro: 6.240 1.861 -11.047
Accel: 0.043 0.055 0.850
Gyro: 2.044 0.091 -8.407
Accel: 0.034 0.055 0.856
Gyro: -2.700 -1.342 -4.577
Accel: 0.044 0.032 0.856
Gyro: -7.873 -1.342 -1.266
Accel: 0.046 0.020 0.867
Gyro: -12.466 0.198 2.044
Accel: 0.046 0.012 0.878
Gyro: -15.838 1.373 4.577
Accel: 0.050 0.015 0.887
Gyro: -17.745 2.731 6.088
Accel: 0.058 0.028 0.893
Gyro: -17.929 3.646 6.393
Accel: 0.073 0.041 0.895
Gyro: -16.632 3.860 5.355
Accel: 0.078 0.053 0.891
Gyro: -14.343 3.356 3.417
Accel: 0.073 0.066 0.879
Gyro: -12.237 2.059 1.068
Accel: 0.071 0.077 0.855
Gyro: -11.459 0.701 0.762
Accel: 0.071 0.085 0.838
Gyro: -12.359 0.488 -1.586
Accel: 0.070 0.089 0.829
Gyro: -13.641 0.076 -1.739
Accel: 0.058 0.088 0.827
Gyro: -14.389 0.183 -1.754
Accel: 0.118 0.029 0.948
Gyro: 10.284 2.716 -3.646
Accel: 0.122 0.031 0.951
Gyro: 9.216 -1.510 -2.853
Accel: 0.126 0.035 0.952
Gyro: 7.827 -5.050 -2.014
Accel: 0.128 0.036 0.959
Gyro: 6.500 -8.361 -1.617
Accel: 0.125 0.036 0.959
Gyro: 5.462 -10.925 -1.068
Accel: 0.118 0.031 0.966
Gyro: 4.226 -12.496 0.717
Accel: 0.115 0.027 0.970
Gyro: 3.311 -13.458 0.198
Accel: 0.114 0.027 0.980
Gyro: 2.471 -13.946 0.579
Accel: 0.108 0.025 0.987
Gyro: 1.739 -14.053 0.747
Accel: 0.0100 0.026 0.994
Gyro: 1.419 -14.007 0.457
Accel: 0.093 0.027 0.996
Gyro: 1.251 -13.381 0.198
Accel: 0.088 0.028 0.996
Gyro: 0.808 -12.176 0.015
Accel: 0.083 0.026 0.992
Gyro: -3.860 -10.284 0.106
Accel: 0.082 0.026 0.992
Gyro: 0.579 -7.797 0.350
Accel: 0.082 0.024 0.994
Gyro: 0.976 -5.294 0.579
Accel: 0.077 0.030 0.992
Gyro: 0.885 -2.868 0.656
Accel: 0.074 0.029 0.992
Gyro: 0.534 -1.251 0.503
Accel: 0.073 0.028 0.992
Gyro: 0.213 0.518 0.106
Accel: 0.073 0.030 0.988
Gyro: 0.976 0.762 0.686
Accel: 0.074 0.025 0.983
Gyro: 2.029 -1.327 -1.693
Accel: 0.073 0.019 0.978
Gyro: 3.036 -2.105 -2.548
Accel: 0.075 0.020 0.973
Gyro: 3.784 -2.532 -3.128
Accel: 0.082 0.020 0.976
Gyro: 4.409 -2.685 -3.417
Accel: 0.084 0.022 0.981
Gyro: 5.035 -2.670 -3.723
Accel: 0.087 0.021 0.983
Gyro: 5.828 -2.410 -3.768
Accel: 0.086 0.021 0.984
Gyro: 6.774 -2.182 -3.494
Accel: 0.084 0.015 0.986
Gyro: 7.568 -2.182 -3.173
Accel: 0.092 0.015 0.989
Gyro: 8.544 -2.914 -2.975
Accel: 0.094 0.014 0.989
Gyro: 9.506 -4.562 -2.792
Accel: 0.101 0.014 0.987
Gyro: 9.704 -6.439 -2.410
Accel: 0.105 0.016 0.991
Gyro: 9.567 -7.629 -1.937
Accel: 0.105 0.020 1.0001
Gyro: 9.262 -8.743 -1.403
Accel: 0.0100 0.018 1.009
Gyro: 9.063 -9.353 0.885
Accel: 0.094 0.015 1.017
Gyro: 8.773 -10.101 0.793
Accel: 0.091 0.016 1.023
Gyro: 8.682 -10.589 0.671
Accel: 0.089 0.011 1.028
Gyro: 8.712 -10.681 0.305
Accel: 0.081 0.062 1.031
Gyro: 8.422 -10.742 0.122
Accel: 0.075 0.005 1.035
Gyro: 8.102 -11.016 0.152
Accel: 0.072 0.003 1.034
Gyro: 7.919 -11.627 0.076
Accel: 0.065 0.004 1.033
Gyro: 7.598 -12.0100 -3.906
Accel: 0.059 0.005 1.032
Gyro: 6.988 -12.176 0.061
Accel: 0.059 0.003 1.030
Gyro: 6.057 -11.108 0.457
Accel: 0.051 0.007 1.032
Gyro: 5.096 -9.017 0.457
Accel: 0.044 0.006 1.039
Gyro: 4.577 -7.064 0.137
Accel: 0.039 0.006 1.036
Gyro: 4.348 -5.218 0.793
Accel: 0.037 0.005 1.034
Gyro: 4.165 -3.738 -1.770
Accel: 0.037 0.008 1.027
Gyro: 3.662 -2.960 -2.899
Accel: 0.041 0.011 1.017
Gyro: 3.036 -2.105 -3.692
Accel: 0.045 0.009 1.009
Gyro: 1.937 0.900 -3.982
Accel: 0.043 0.008 1.004
Gyro: 1.007 0.778 -4.135
Accel: 0.043 0.0010 0.996
Gyro: 0.244 2.197 -4.562
Accel: 0.044 0.012 0.987
Gyro: 0.152 3.448 -4.776
Accel: 0.051 0.017 0.978
Gyro: 0.930 4.409 -4.928
Accel: 0.053 0.016 0.968
Gyro: -1.541 4.928 -5.020
Accel: 0.058 0.015 0.957
Gyro: -2.166 4.974 -4.867
Accel: 0.060 0.015 0.948
Gyro: -3.051 5.279 -4.592
Accel: 0.060 0.018 0.940
Gyro: -3.845 5.554 -4.196
Accel: 0.062 0.020 0.932
Gyro: -4.333 4.928 -4.043
Accel: 0.061 0.021 0.925
Gyro: -4.791 3.875 -4.074
Accel: 0.058 0.016 0.913
Gyro: -5.447 2.471 -4.257
Accel: 0.051 0.013 0.901
Gyro: -6.500 0.640 -4.196
Accel: 0.042 0.009 0.889
Gyro: -7.720 -1.235 -3.662
Accel: 0.029 0.003 0.873
Gyro: -9.216 -2.990 -3.021
Accel: 0.015 0.002 0.862
Gyro: -10.681 -4.806 -2.349
Accel: 0.014 0.0000 0.857
Gyro: -12.405 -6.866 -1.937
Accel: 0.020 0.003 0.854
Gyro: -13.900 -9.460 -1.953
Accel: 0.025 0.0010 0.859
Gyro: -14.450 -12.557 -2.166
Accel: 0.030 0.013 0.864
Gyro: -13.290 -16.494 -2.349
Accel: 0.018 0.020 0.866
Gyro: -10.818 -20.843 -2.258
Accel: 0.003 0.019 0.863
Gyro: -8.575 -25.405 -2.212
Accel: 0.016 0.027 0.853
Gyro: -6.927 -30.105 -1.739
Accel: 0.038 0.036 0.835
Gyro: -5.920 -33.615 0.747
Accel: 0.053 0.042 0.812
Gyro: -6.072 -36.087 0.473
Accel: 0.054 0.040 0.770
Gyro: -8.666 -36.163 1.434
Accel: 0.045 0.040 0.737
Gyro: -13.412 -34.301 2.227
Accel: 0.036 0.026 0.697
Gyro: -23.406 -32.730 2.807
Accel: 0.050 0.013 0.640
Gyro: -26.916 -31.387 1.983
Accel: 0.068 0.008 0.570
Gyro: -34.530 -29.327 0.320
Accel: 0.082 0.015 0.502
Gyro: -41.046 -27.389 -7.553
Accel: 0.079 0.024 0.432
Gyro: -45.562 -26.153 -7.843
Accel: 0.078 0.020 0.365
Gyro: -48.721 -24.078 -11.337
Accel: 0.082 0.026 0.272
Gyro: -48.324 -18.875 -13.580
Accel: 0.074 0.014 0.131
Gyro: -47.195 -10.696 -14.068
Accel: 0.067 0.008 0.092
Gyro: -46.035 0.0000 -14.450
Accel: 0.121 0.0010 0.034
Gyro: -45.104 13.748 -15.640
Accel: 0.044 0.047 0.0010
Gyro: -42.938 25.878 -14.282
Accel: 0.0000 0.009 0.013
Gyro: -39.291 32.409 -11.581
Accel: 0.013 0.0001 0.020
Gyro: -37.506 36.819 -8.728
Accel: 0.0000 0.012 0.053
Gyro: -34.652 38.650 -8.758
Accel: 0.003 0.009 0.047
Gyro: -32.440 40.451 -8.621
Accel: 0.0000 0.007 0.048
Gyro: -30.471 42.205 -8.514
Accel: 0.0001 0.006 0.042
Gyro: -28.793 43.869 -8.407
Accel: 0.0001 0.006 0.045
Gyro: -23.513 45.516 -8.270
Accel: 0.0001 0.005 0.047
Gyro: -26.321 46.981 -8.316
Accel: 0.0001 0.006 0.049
Gyro: -25.405 48.202 -8.285
Accel: 0.002 0.006 0.053
Gyro: -24.887 49.362 -8.468
Accel: 0.003 0.006 0.058
Gyro: -24.612 50.521 -8.804
Accel: 0.002 0.007 0.121
Gyro: -24.612 51.345 -9.094
Accel: 0.004 0.005 0.121
Gyro: -24.398 51.986 -9.521
Accel: 0.0001 0.005 0.065
Gyro: -24.230 52.810 -10.055
Accel: 0.0001 0.006 0.072
Gyro: -24.093 53.512 -10.498
Accel: 0.002 0.007 0.080
Gyro: -23.529 54.153 -10.910
Accel: 0.002 0.008 0.094
Gyro: -22.491 54.473 -11.322
Accel: 0.002 0.412 2.920
Gyro: 45.715 -106.933 -29.937
Accel: 0.635 -2.344 7.332
Gyro: 158.020 -499.969 -45.074
Accel: 1.021 -2.435 7.999
Gyro: 499.984 -340.957 18.814
Accel: 0.249 0.319 3.037
Gyro: 387.161 368.728 41.870
Accel: 0.551 0.045 3.336
Gyro: 356.124 300.369 53.741
Accel: 0.030 0.161 1.143
Gyro: 301.742 161.926 71.212
Accel: 0.396 0.654 0.607
Gyro: 206.954 92.361 62.850
Accel: -1.087 0.643 0.859
Gyro: 145.721 29.220 49.118
Accel: -1.193 0.488 0.874
Gyro: 121.459 -26.458 33.676
Accel: -1.109 0.585 0.993
Gyro: 74.462 -82.809 18.371
Accel: 0.908 0.651 1.159
Gyro: -6.515 -143.493 18.173
Accel: 0.468 0.859 1.687
Gyro: -93.460 -161.193 8.346
Accel: 0.079 0.680 1.878
Gyro: -161.331 -133.346 -5.187
Accel: 0.395 0.560 1.852
Gyro: -185.684 -102.539 -25.863
Accel: 0.183 0.407 1.592
Gyro: -186.630 -79.940 -32.363
Accel: 0.123 0.184 1.482
Gyro: -182.601 -63.491 -23.330
Accel: 0.421 0.145 2.165
Gyro: -123.703 -7.476 -14.282
Accel: 0.349 0.119 1.190
Gyro: -86.059 14.953 -6.179
Accel: 0.327 0.035 0.856
Gyro: -107.635 7.064 0.488
Accel: 0.417 0.039 1.220
Gyro: -126.022 11.0001 -2.502
Accel: 0.392 0.023 1.520
Gyro: -113.052 28.244 -2.334
Accel: 0.241 0.022 1.291
Gyro: -96.450 33.676 7.308
Accel: 0.066 0.022 1.160
Gyro: -87.310 22.659 11.123
Accel: 0.052 0.093 1.229
Gyro: -67.352 13.183 19.393
Accel: 0.096 0.120 1.235
Gyro: -50.537 7.217 24.093
Accel: 0.083 0.117 1.165
Gyro: -35.003 0.762 22.827
Accel: 0.080 0.125 1.134
Gyro: -24.017 -10.330 17.364
Accel: 0.092 0.131 1.114
Gyro: -14.694 -18.264 10.940
Accel: 0.093 0.128 1.076
Gyro: -7.659 -22.888 3.479
Accel: 0.080 0.123 1.033
Gyro: -2.853 -28.060 -2.471
Accel: 0.056 0.105 0.998
Gyro: 1.861 -33.752 -6.622
Accel: 0.040 0.104 0.960
Gyro: 8.422 -37.948 -8.560
Accel: 0.005 0.113 0.928
Gyro: 19.317 -38.833 -7.949
Accel: 0.034 0.124 0.899
Gyro: 20.858 -36.392 -5.996
Accel: 0.022 0.157 0.625
Gyro: 2.029 -16.815 -1.342
Accel: 0.226 0.073 0.867
Gyro: 1.571 -8.102 -8.514
Accel: 0.145 0.088 0.734
Gyro: -1.998 0.839 -11.489
Accel: 0.106 0.047 0.748
Gyro: -7.888 11.428 -15.579
Accel: 0.145 0.020 0.791
Gyro: -10.574 11.184 -13.031
Accel: 0.085 0.024 0.837
Gyro: -12.481 15.548 -11.413
Accel: 0.088 0.025 0.900
Gyro: -10.269 19.134 -10.665
Accel: 0.019 0.075 0.979
Gyro: -13.717 10.665 -8.422
Accel: 0.0001 0.019 1.089
Gyro: -16.860 5.157 -7.553
Accel: 0.063 0.064 1.219
Gyro: -14.282 -2.456 -5.142
Accel: 0.096 0.176 1.206
Gyro: 3.005 -12.420 -1.449
Accel: 0.036 0.132 1.087
Gyro: 9.201 -13.442 0.350
Accel: 0.026 0.109 1.025
Gyro: 21.087 2.853 0.061
Accel: 0.088 0.062 1.005
Gyro: 38.269 6.271 0.030
Accel: 0.162 0.047 1.044
Gyro: 51.712 18.524 -2.380
Accel: 0.064 0.206 1.061
Gyro: 71.762 32.623 -2.166
Accel: 0.040 0.194 1.156
Gyro: 73.837 31.280 -3.494
Accel: 0.081 0.093 0.996
Gyro: 56.686 16.281 -5.950
Accel: 0.005 0.029 1.087
Gyro: 44.479 0.640 -7.324
Accel: 0.0001 0.046 1.141
Gyro: 28.350 -6.744 -7.553
Accel: 0.0010 0.081 1.163
Gyro: 16.754 -8.865 -4.943
Accel: 0.002 0.109 1.137
Gyro: 10.498 -5.508 -2.090
Accel: 0.0010 0.118 1.107
Gyro: 8.819 -1.174 1.602
Accel: 0.028 0.092 1.116
Gyro: 8.255 2.578 5.508
Accel: 0.036 0.053 1.131
Gyro: 6.011 4.150 8.666
Accel: 0.008 0.029 1.115
Gyro: 2.304 3.982 10.116
Accel: 0.0000 0.007 1.111
Gyro: 0.244 3.036 10.269
Accel: 0.007 0.011 1.090
Gyro: 0.885 7.415 10.070
Accel: 0.0000 0.003 1.084
Gyro: 4.974 5.538 7.766
Accel: 0.011 0.014 1.067
Gyro: 0.015 2.883 7.171
Accel: 0.012 0.018 1.052
Gyro: 0.885 0.183 7.125
Accel: 0.0000 0.014 1.060
Gyro: 0.701 0.991 6.820
Accel: 0.024 0.002 1.055
Gyro: -1.312 0.122 6.668
Accel: 0.047 0.012 1.067
Gyro: 0.823 2.838 6.652
Accel: 0.078 0.025 1.079
Gyro: 0.122 11.627 6.607
Accel: 0.096 0.044 1.0000
Gyro: 0.457 12.008 8.041
Accel: 0.069 0.044 1.042
Gyro: 0.289 14.373 9.201
Accel: 0.031 0.059 1.049
Gyro: 0.961 15.960 7.736
Accel: 0.015 0.002 1.025
Gyro: -1.342 14.434 7.049
Accel: 0.005 0.002 0.993
Gyro: -1.632 11.398 6.179
Accel: 0.024 0.008 0.970
Gyro: -1.831 8.422 5.142
Accel: 0.047 0.015 0.964
Gyro: -1.235 6.408 3.845
Accel: 0.040 0.014 0.959
Gyro: 0.137 4.318 2.670
Accel: 0.026 0.060 0.960
Gyro: 1.403 1.754 2.044
Accel: 0.008 0.019 0.963
Gyro: 2.029 0.122 1.998
Accel: 0.012 0.032 0.977
Gyro: 2.471 -1.876 2.182
Accel: 0.021 0.038 0.993
Gyro: 2.395 -3.051 3.555
Accel: 0.034 0.027 1.013
Gyro: 2.685 -2.670 4.974
Accel: 0.037 0.0010 1.019
Gyro: 2.014 0.045 6.393
Accel: 0.031 0.0001 1.023
Gyro: 1.083 3.097 11.627
Accel: 0.023 0.011 1.024
Gyro: 0.320 5.828 8.239
Accel: 0.012 0.014 1.012
Gyro: 0.335 8.438 7.659
Accel: 0.005 0.009 0.989
Gyro: -2.182 11.734 6.362
Accel: 0.0001 0.0001 1.0000
Gyro: -4.272 15.609 3.952
Accel: 0.003 0.009 1.0010
Gyro: -3.952 17.807 1.174
Accel: 0.009 0.020 1.0010
Gyro: -2.777 19.683 -1.205
Accel: 0.011 0.020 1.007
Gyro: -1.556 22.232 -1.342
Accel: 0.025 0.011 0.997
Gyro: -1.434 24.765 0.625
Accel: 0.020 0.003 0.986
Gyro: -2.532 27.343 0.549
Accel: 0.0010 0.0000 0.979
Gyro: -3.509 28.579 1.571
Accel: 0.005 0.003 0.965
Gyro: -4.318 28.884 2.120
Accel: 0.022 0.0000 0.949
Gyro: -5.493 28.762 2.166
Accel: 0.032 0.0000 0.932
Gyro: -6.622 26.672 1.525
Accel: 0.044 0.006 0.919
Gyro: -7.614 22.140 0.381
Accel: 0.055 0.0010 0.910
Gyro: -8.743 16.494 0.976
Accel: 0.062 0.012 0.911
Gyro: -8.483 10.726 -2.716
Accel: 0.066 0.0010 0.911
Gyro: -3.967 4.470 -3.784
Accel: 0.062 0.005 0.914
Gyro: -7.385 0.610 -4.074
Accel: 0.057 0.0000 0.914
Gyro: -6.927 -5.203 -3.860
Accel: 0.052 0.0001 0.916
Gyro: -6.591 -9.353 -3.555
Accel: 0.044 0.004 0.918
Gyro: -6.378 -12.725 -3.311
Accel: 0.036 0.004 0.921
Gyro: -6.042 -14.907 -3.128
Accel: 0.033 0.008 0.929
Gyro: -5.783 -16.952 -2.899
Accel: 0.030 0.012 0.933
Gyro: -5.920 -23.254 -2.731
Accel: 0.023 0.016 0.938
Gyro: -5.920 -21.484 -2.670
Accel: 0.029 0.023 0.950
Gyro: -6.347 -20.172 -2.136
Accel: 0.020 0.018 0.964
Gyro: -6.378 -16.921 -1.480
Accel: 0.007 0.014 0.977
Gyro: -5.874 -13.183 -1.190
Accel: 0.004 0.019 0.989
Gyro: -4.272 -9.307 -1.037
Accel: 0.004 0.024 0.991
Gyro: -1.846 -4.562 -1.190
Accel: 0.009 0.025 0.987
Gyro: 0.717 2.029 0.854
Accel: 0.0010 0.022 0.996
Gyro: 0.427 8.193 0.244
Accel: 0.007 0.022 1.0001
Gyro: 0.289 13.275 1.235
Accel: 0.011 0.028 0.999
Gyro: 1.358 17.227 1.983
Accel: 0.017 0.035 0.995
Gyro: 2.716 18.905 2.456
Accel: 0.025 0.038 0.979
Gyro: 3.021 19.699 3.341
Accel: 0.027 0.039 0.973
Gyro: 1.403 20.477 4.684
Accel: 0.028 0.039 0.979
Gyro: 0.259 19.607 5.325
Accel: 0.033 0.040 0.982
Gyro: 0.076 16.510 5.538
Accel: 0.036 0.038 0.980
Gyro: 0.076 11.077 5.157
Accel: 0.047 0.036 0.977
Gyro: 0.106 0.061 4.547
Accel: 0.055 0.030 0.973
Gyro: 0.045 -2.777 4.104
Accel: 0.055 0.026 0.980
Gyro: 0.213 -7.949 3.311
Accel: 0.041 0.015 0.984
Gyro: 0.564 -10.803 1.785
Accel: 0.034 0.012 0.988
Gyro: 1.068 -11.352 -3.860
Accel: 0.028 0.012 0.990
Gyro: 1.785 -10.345 -1.876
Accel: 0.023 0.012 0.992
Gyro: 2.410 -9.078 -3.723
Accel: 0.021 0.018 0.988
Gyro: 2.410 -7.156 -4.913
Accel: 0.019 0.021 0.984
Gyro: 1.632 -4.943 -5.294
Accel: 0.017 0.027 0.986
Gyro: 0.381 -2.914 -5.218
Accel: 0.028 0.034 0.987
Gyro: -1.098 0.946 -4.486
Accel: 0.032 0.029 0.990
Gyro: -2.944 0.854 -3.662
Accel: 0.037 0.024 0.989
Gyro: -4.531 2.166 -2.685
Accel: 0.049 0.021 0.988
Gyro: -6.240 3.433 -1.190
Accel: 0.052 0.019 0.995
Gyro: -7.186 3.585 0.152
Accel: 0.057 0.025 1.0001
Gyro: -7.125 3.051 1.434
Accel: 0.056 0.027 1.005
Gyro: -6.652 1.113 2.563
Accel: 0.056 0.033 1.0010
Gyro: -6.225 -2.700 3.707
Accel: 0.054 0.041 1.019
Gyro: -5.386 -7.492 4.409
Accel: 0.057 0.046 1.022
Gyro: -4.882 -10.910 5.355
Accel: 0.043 0.044 1.032
Gyro: -4.287 -13.488 5.828
Accel: 0.034 0.049 1.040
Gyro: -3.524 -15.701 6.423
Accel: 0.018 0.051 1.049
Gyro: -2.517 -18.035 6.973
Accel: 0.008 0.052 1.056
Gyro: 0.946 -17.868 7.904
Accel: 0.0001 0.046 1.074
Gyro: 0.457 -14.999 8.132
Accel: 0.003 0.047 1.082
Gyro: 1.617 -10.910 7.492
Accel: 0.005 0.048 1.077
Gyro: 2.120 -6.378 6.484
Accel: 0.006 0.048 1.071
Gyro: 2.288 -2.151 5.294
Accel: 0.008 0.047 1.068
Gyro: 3.219 0.106 3.875
Accel: 0.0000 0.051 1.052
Gyro: 4.089 1.785 2.685
Accel: 0.0010 0.045 1.033
Gyro: 3.326 5.630 2.182
Accel: 0.007 0.037 1.035
Gyro: 2.868 9.323 1.678
Accel: 0.011 0.029 1.034
Gyro: 3.173 11.505 1.342
Accel: 0.023 0.027 1.023
Gyro: 3.295 12.969 1.327
Accel: 0.032 0.023 1.016
Gyro: 3.097 13.290 1.083
Accel: 0.043 0.016 1.006
Gyro: 3.204 12.390 0.900
Accel: 0.052 0.009 1.0000
Gyro: 2.853 10.360 0.900
Accel: 0.062 0.0000 0.995
Gyro: 2.227 7.995 1.266
Accel: 0.068 0.006 0.992
Gyro: 1.403 5.432 1.785
Accel: 0.067 0.006 0.990
Gyro: 0.976 2.777 1.922
Accel: 0.072 0.0000 0.991
Gyro: 0.488 0.885 2.395
Accel: 0.058 0.003 0.996
Gyro: 0.015 0.610 2.777
Accel: 0.053 0.014 0.998
Gyro: 0.228 -1.876 3.051
Accel: 0.049 0.018 0.992
Gyro: 0.625 -2.670 3.158
Accel: 0.048 0.017 0.993
Gyro: -1.037 -3.616 2.960
Accel: 0.047 0.014 0.996
Gyro: 0.610 -4.776 2.395
Accel: 0.050 0.015 0.989
Gyro: 0.320 -5.950 1.937
Accel: 0.050 0.012 0.985
Gyro: 0.259 -6.942 1.449
Accel: 0.044 0.011 0.986
Gyro: 0.274 -7.720 1.220
Accel: 0.040 0.012 0.986
Gyro: 0.106 -8.758 0.946
Accel: 0.035 0.013 0.981
Gyro: 0.289 -10.162 0.686
Accel: 0.036 0.016 0.975
Gyro: 0.213 -11.672 0.381
Accel: 0.032 0.023 0.979
Gyro: 0.244 -13.412 0.167
Accel: 0.031 0.023 0.985
Gyro: 0.671 -15.289 0.930
Accel: 0.027 0.021 0.987
Gyro: 0.656 -16.952 -1.464
Accel: 0.022 0.015 0.995
Gyro: 0.503 -17.517 -2.136
Accel: 0.016 0.020 1.013
Gyro: 0.900 -17.227 -2.670
Accel: 0.008 0.018 1.018
Gyro: 1.434 -15.747 -2.944
Accel: 0.003 0.020 1.025
Gyro: 1.464 -13.809 -3.356
Accel: 0.005 0.027 1.033
Gyro: 1.571 -11.535 -3.662
Accel: 0.008 0.027 1.037
Gyro: 1.541 -8.941 -3.814
Accel: 0.006 0.026 1.035
Gyro: 1.235 -6.744 -3.814
Accel: 0.005 0.025 1.038
Gyro: 1.266 -4.852 -3.616
Accel: 0.002 0.020 1.037
Gyro: 1.159 -3.326 -3.509
Accel: 0.062 0.021 1.031
Gyro: 0.915 -1.785 -3.417
Accel: 0.002 0.025 1.026
Gyro: 0.457 0.579 -3.189
Accel: 0.007 0.025 1.022
Gyro: 0.106 0.427 -3.128
Accel: 0.015 0.027 1.024
Gyro: 0.198 1.602 -3.219
Accel: 0.015 0.024 1.022
Gyro: 0.442 3.128 -3.280
Accel: 0.015 0.028 1.024
Gyro: 0.411 3.784 -3.402
Accel: 0.017 0.032 1.026
Gyro: 0.305 4.180 -3.356
Accel: 0.017 0.032 1.023
Gyro: 0.885 4.653 -3.051
Accel: 0.019 0.028 1.023
Gyro: 1.434 5.462 -2.807
Accel: 0.022 0.023 1.018
Gyro: 1.480 6.256 -2.410
Accel: 0.020 0.018 1.018
Gyro: 1.632 7.217 -2.014
Accel: 0.022 0.014 1.013
Gyro: 1.495 9.170 -1.449
Accel: 0.021 0.017 1.008
Gyro: 1.358 11.367 -1.281
Accel: 0.022 0.021 1.006
Gyro: 1.281 12.527 -1.266
Accel: 0.027 0.028 0.997
Gyro: 1.098 12.954 -1.358
Accel: 0.028 0.033 0.987
Gyro: 0.534 12.771 -1.358
Accel: 0.024 0.034 0.982
Gyro: 0.305 11.566 -1.403
Accel: 0.027 0.033 0.977
Gyro: 0.427 9.307 -1.144
Accel: 0.028 0.028 0.974
Gyro: 0.0000 6.713 -1.144
Accel: 0.029 0.027 0.977
Gyro: 0.045 2.685 -1.556
Accel: 0.034 0.026 0.983
Gyro: 0.381 -2.304 -2.075
Accel: 0.037 0.031 0.991
Gyro: 0.701 -7.888 -2.685
Accel: 0.039 0.037 1.0000
Gyro: 0.579 -13.595 -2.609
Accel: 0.035 0.035 1.013
Gyro: 0.259 -18.173 -1.876
Accel: 0.032 0.034 1.035
Gyro: 0.534 -21.469 -1.373
Accel: 0.032 0.038 1.050
Gyro: 0.503 -23.590 0.503
Accel: 0.036 0.041 1.073
Gyro: 1.022 -25.939 0.106
Accel: 0.038 0.050 1.095
Gyro: 1.846 -28.701 0.534
Accel: 0.043 0.065 1.124
Gyro: 1.907 -31.707 1.403
Accel: 0.043 0.065 1.167
Gyro: 2.349 -35.675 2.090
Accel: 0.044 0.062 1.211
Gyro: 4.013 -40.344 2.441
Accel: 0.049 0.058 1.256
Gyro: 6.484 -45.059 2.990
Accel: 0.042 0.052 1.300
Gyro: 10.726 -48.965 3.524
Accel: 0.029 0.052 1.342
Gyro: 15.533 -52.291 4.302
Accel: 0.002 0.058 1.388
Gyro: 20.736 -56.274 4.867
Accel: 0.017 0.063 1.424
Gyro: 26.306 -59.326 5.584
Accel: 0.037 0.068 1.447
Gyro: 30.273 -60.974 6.591
Accel: 0.050 0.064 1.458
Gyro: 30.868 -61.523 8.255
Accel: 0.058 0.051 1.480
Gyro: 27.053 -61.752 10.681
Accel: 0.060 0.032 1.507
Gyro: 20.339 -60.592 13.442
Accel: 0.068 0.0000 1.530
Gyro: 13.534 -56.381 15.213
Accel: 0.071 0.026 1.544
Gyro: 6.958 -49.331 15.930
Accel: 0.071 0.042 1.546
Gyro: 2.288 -35.308 15.869
Accel: 0.087 0.039 1.524
Gyro: -2.212 -23.727 14.572
Accel: 0.104 0.018 1.509
Gyro: -5.401 -16.738 12.252
Accel: 0.121 0.011 1.487
Gyro: -7.507 -7.705 9.826
Accel: 0.133 0.032 1.468
Gyro: -8.438 0.503 7.278
Accel: 0.139 0.043 1.443
Gyro: -8.575 5.569 5.218
Accel: 0.148 0.042 1.416
Gyro: -8.728 10.513 3.524
Accel: 0.161 0.047 1.388
Gyro: -8.041 13.687 2.548
Accel: 0.172 0.042 1.347
Gyro: -6.179 19.409 2.197
Accel: 0.172 0.032 1.294
Gyro: -5.477 22.994 3.219
Accel: 0.163 0.025 1.252
Gyro: -5.798 24.200 5.249
Accel: 0.160 0.014 1.224
Gyro: -4.882 27.481 6.210
Accel: 0.145 0.020 1.198
Gyro: -1.892 28.350 5.874
Accel: 0.120 0.028 1.166
Gyro: 1.037 28.533 5.279
Accel: 0.109 0.023 1.127
Gyro: 2.960 27.572 3.845
Accel: 0.118 0.005 1.093
Gyro: 4.135 24.993 1.708
Accel: 0.127 0.061 1.060
Gyro: 4.653 22.186 0.305
Accel: 0.119 0.013 1.050
Gyro: 4.776 21.118 1.220
Accel: 0.118 0.011 1.030
Gyro: 4.196 20.751 2.639
Accel: 0.120 0.002 1.004
Gyro: 2.960 19.821 2.960
Accel: 0.112 0.0001 0.987
Gyro: 2.441 16.891 2.426
Accel: 0.103 0.009 0.965
Gyro: 2.807 11.520 1.358
Accel: 0.098 0.029 0.944
Gyro: 3.463 0.747 0.228
Accel: 0.089 0.037 0.911
Gyro: 3.097 -1.205 -1.052
Accel: 0.099 0.029 0.912
Gyro: 0.335 0.686 -1.495
Accel: 0.105 0.022 0.919
Gyro: -2.151 3.631 -1.708
Accel: 0.091 0.0010 0.921
Gyro: -4.074 9.170 -1.342
Accel: 0.077 0.005 0.910
Gyro: -6.484 14.968 0.549
Accel: 0.065 0.026 0.900
Gyro: -8.850 19.256 0.457
Accel: 0.063 0.031 0.884
Gyro: -10.665 21.163 1.602
Accel: 0.085 0.016 0.877
Gyro: -11.367 20.263 2.288
Accel: 0.124 0.006 0.858
Gyro: -10.787 19.073 3.067
Accel: 0.151 0.061 0.836
Gyro: -10.391 19.821 4.211
Accel: 0.158 0.008 0.816
Gyro: -11.947 25.466 5.279
Accel: 0.140 0.012 0.827
Gyro: -15.151 37.414 6.866
Accel: 0.134 0.018 0.842
Gyro: -17.700 50.262 6.713
Accel: 0.135 0.013 0.843
Gyro: -19.302 60.791 4.913
Accel: 0.125 0.009 0.828
Gyro: -19.439 66.848 2.380
Accel: 0.112 0.031 0.807
Gyro: -18.783 70.816 -3.860
Accel: 0.109 0.038 0.776
Gyro: -17.547 72.219 -1.922
Accel: 0.096 0.036 0.748
Gyro: -11.856 72.250 -3.204
Accel: 0.072 0.017 0.718
Gyro: -13.839 72.143 -4.348
Accel: 0.039 0.0000 0.696
Gyro: -12.207 72.143 -5.020
Accel: 0.012 0.0010 0.678
Gyro: -10.543 70.938 -4.882
Accel: 0.0010 0.025 0.655
Gyro: -8.666 67.596 -4.501
Accel: 0.006 0.028 0.633
Gyro: -7.369 63.293 -4.379
Accel: 0.002 0.016 0.620
Gyro: -5.783 57.601 -4.257
Accel: 0.0010 0.003 0.614
Gyro: -3.875 47.332 -4.470
Accel: 0.019 0.0010 0.615
Gyro: -1.510 43.991 -4.989
Accel: 0.036 0.030 0.622
Gyro: 1.007 35.263 -5.218
Accel: 0.055 0.044 0.626
Gyro: 3.448 25.711 -4.516
Accel: 0.060 0.048 0.627
Gyro: 5.416 15.853 -3.387
Accel: 0.069 0.045 0.628
Gyro: 5.966 6.286 -1.907
Accel: 0.085 0.030 0.625
Gyro: 4.974 -2.456 3.875
Accel: 0.103 0.019 0.629
Gyro: 3.860 -12.390 1.892
Accel: 0.121 0.009 0.633
Gyro: 2.731 -21.957 4.364
Accel: 0.128 0.0010 0.651
Gyro: 2.304 -30.303 7.476
Accel: 0.121 0.009 0.684
Gyro: 3.158 -37.673 9.399
Accel: 0.114 0.007 0.718
Gyro: 4.089 -43.869 9.689
