Accel: 0.040 0.106 0.896
Gyro: -29.327 8.605 -2.426
Accel: 0.041 0.094 0.908
Gyro: -29.067 8.743 -1.846
Accel: 0.040 0.082 0.923
Gyro: -28.656 8.789 -1.708
Accel: 0.041 0.070 0.941
Gyro: -27.679 8.422 -1.785
Accel: 0.035 0.067 0.963
Gyro: -26.016 6.866 -2.029
Accel: 0.024 0.062 0.978
Gyro: -23.925 5.050 -2.365
Accel: 0.012 0.057 0.987
Gyro: -21.697 3.585 -2.502
Accel: 0.004 0.053 0.989
Gyro: -19.454 1.983 -2.349
Accel: 0.003 0.053 0.993
Gyro: -17.807 1.098 -2.761
Accel: 0.007 0.054 0.997
Gyro: -16.754 0.839 -3.204
Accel: 0.009 0.059 1.005
Gyro: -16.143 0.564 -3.143
Accel: 0.009 0.066 1.015
Gyro: -15.151 0.167 -3.204
Accel: 0.003 0.061 1.024
Gyro: -13.687 0.457 -2.853
Accel: 0.002 0.050 1.026
Gyro: -11.672 0.396 -2.380
Accel: 0.003 0.047 1.026
Gyro: -9.613 -3.906 -1.586
Accel: 0.003 0.052 1.029
Gyro: -7.308 0.686 0.610
Accel: 0.0000 0.057 1.034
Gyro: -5.401 -1.663 0.213
Accel: 0.005 0.062 1.035
Gyro: -3.509 -2.624 0.686
Accel: 0.0010 0.060 1.038
Gyro: -1.617 -3.768 1.495
Accel: 0.012 0.053 1.042
Gyro: -1.052 -4.180 2.944
Accel: 0.002 0.065 1.041
Gyro: -1.144 -4.867 3.906
Accel: 0.002 0.071 1.046
Gyro: 0.930 -5.676 4.394
Accel: 0.006 0.072 1.047
Gyro: 0.900 -5.615 4.241
Accel: 0.008 0.067 1.046
Gyro: 0.457 -5.477 4.180
Accel: 0.004 0.062 1.045
Gyro: 0.396 -5.218 4.501
Accel: 0.007 0.065 1.047
Gyro: -1.022 -4.837 4.364
Accel: 0.012 0.071 1.050
Gyro: -2.410 -4.226 3.723
Accel: 0.0010 0.074 1.052
Gyro: -3.417 -4.501 3.570
Accel: 0.007 0.070 1.052
Gyro: -3.692 -4.425 3.234
Accel: 0.009 0.063 1.051
Gyro: -3.356 -3.723 2.807
Accel: 0.0010 0.056 1.049
Gyro: -2.288 -2.868 2.502
Accel: 0.012 0.056 1.046
Gyro: -1.403 -1.876 2.334
Accel: 0.018 0.060 1.042
Gyro: 0.747 -1.007 1.983
Accel: 0.021 0.063 1.033
Gyro: 0.228 0.686 1.434
Accel: 0.016 0.060 1.025
Gyro: 0.167 0.305 0.930
Accel: 0.016 0.057 1.022
Gyro: 0.106 2.029 0.427
Accel: 0.0010 0.055 1.017
Gyro: 0.122 3.616 0.091
Accel: 0.0001 0.055 1.015
Gyro: 0.396 5.203 0.350
Accel: 0.003 0.049 1.008
Gyro: 0.946 6.637 0.137
Accel: 0.002 0.051 1.004
Gyro: -1.464 8.255 0.152
Accel: 0.008 0.051 1.002
Gyro: -2.243 9.689 0.930
Accel: 0.007 0.042 1.002
Gyro: -2.593 11.047 0.915
Accel: 0.008 0.043 1.002
Gyro: -1.449 12.481 0.411
Accel: 0.015 0.042 1.006
Gyro: 0.320 14.221 0.839
Accel: 0.032 0.028 1.006
Gyro: 2.197 16.036 -1.190
Accel: 0.043 0.018 1.004
Gyro: 4.928 17.456 -1.678
Accel: 0.068 0.015 1.002
Gyro: 7.537 19.180 -2.761
Accel: 0.077 0.012 0.990
Gyro: 9.445 22.171 -4.531
Accel: 0.063 0.012 0.977
Gyro: 11.474 23.986 -6.835
Accel: 0.048 0.012 0.984
Gyro: 12.008 24.795 -9.429
Accel: 0.024 0.030 0.971
Gyro: 12.344 24.810 -11.810
Accel: 0.014 0.046 0.974
Gyro: 11.886 23.132 -13.961
Accel: 0.005 0.057 0.979
Gyro: 10.757 20.507 -15.731
Accel: 0.003 0.062 0.980
Gyro: 8.880 17.349 -17.379
Accel: 0.0000 0.071 0.979
Gyro: 6.210 14.694 -18.264
Accel: 0.004 0.085 0.979
Gyro: 3.463 7.965 -18.295
Accel: 0.003 0.099 0.985
Gyro: 0.457 9.124 -17.532
Accel: 0.004 0.115 0.992
Gyro: -2.838 6.332 -15.533
Accel: 0.018 0.126 1.0001
Gyro: -5.722 2.944 -12.771
Accel: 0.026 0.124 1.004
Gyro: -8.346 0.625 -10.055
Accel: 0.027 0.113 1.011
Gyro: -10.803 0.549 -8.285
Accel: 0.032 0.097 1.019
Gyro: -13.244 0.946 -7.308
Accel: 0.036 0.079 1.028
Gyro: -15.899 -1.266 -6.942
Accel: 0.041 0.0001 1.047
Gyro: -18.890 -2.593 -7.141
Accel: 0.048 0.062 1.065
Gyro: -21.896 -4.562 -7.415
Accel: 0.059 0.064 1.091
Gyro: -24.108 -6.393 -7.034
Accel: 0.061 0.124 1.105
Gyro: -25.115 -8.255 -5.508
Accel: 0.044 0.056 1.121
Gyro: -25.924 -10.391 -4.333
Accel: 0.055 0.041 1.145
Gyro: -25.451 -12.542 -3.723
Accel: 0.056 0.016 1.162
Gyro: -24.002 -13.473 -2.685
Accel: 0.048 0.002 1.171
Gyro: -20.919 -13.793 -1.602
Accel: 0.049 0.0001 1.184
Gyro: -17.501 -13.214 0.411
Accel: 0.041 0.062 1.188
Gyro: -13.198 -11.337 0.350
Accel: 0.039 0.005 1.183
Gyro: -4.318 -8.026 0.564
Accel: 0.031 0.005 1.170
Gyro: -2.670 -3.463 0.015
Accel: 0.017 0.007 1.144
Gyro: 3.433 1.846 0.991
Accel: 0.014 0.013 1.121
Gyro: 9.597 7.339 -2.243
Accel: 0.019 0.007 1.097
Gyro: 15.609 11.978 -2.914
Accel: 0.019 0.0000 1.069
Gyro: 21.179 16.036 -3.601
Accel: 0.030 0.016 1.043
Gyro: 25.573 19.836 -3.677
Accel: 0.048 0.034 1.020
Gyro: 28.610 27.252 -3.402
Accel: 0.061 0.056 0.938
Gyro: 30.319 25.817 -2.899
Accel: 0.065 0.071 0.985
Gyro: 30.715 26.947 -2.761
Accel: 0.065 0.081 0.960
Gyro: 29.663 27.511 -2.868
Accel: 0.063 0.082 0.946
Gyro: 27.389 27.648 -2.990
Accel: 0.070 0.084 0.935
Gyro: 25.390 26.458 -3.051
Accel: 0.079 0.080 0.927
Gyro: 23.361 25.497 -2.777
Accel: 0.082 0.078 0.919
Gyro: 21.575 24.948 -2.487
Accel: 0.079 0.081 0.912
Gyro: 15.670 24.414 -2.456
Accel: 0.072 0.083 0.907
Gyro: 17.593 23.483 -2.761
Accel: 0.069 0.083 0.903
Gyro: 15.197 22.399 -3.250
Accel: 0.070 0.085 0.899
Gyro: 12.481 21.102 -3.814
Accel: 0.077 0.091 0.892
Gyro: 9.689 19.577 -4.013
Accel: 0.084 0.088 0.883
Gyro: 6.896 17.898 -4.135
Accel: 0.0100 0.090 0.882
Gyro: 4.302 16.250 -3.372
Accel: 0.108 0.087 0.879
Gyro: 2.182 13.992 -2.593
Accel: 0.106 0.082 0.884
Gyro: 0.686 10.986 -2.090
Accel: 0.105 0.080 0.888
Gyro: -7.812 7.873 -2.243
Accel: 0.105 0.080 0.891
Gyro: -7.308 4.653 -2.426
Accel: 0.102 0.078 0.896
Gyro: -11.260 1.846 -2.655
Accel: 0.099 0.082 0.907
Gyro: -14.938 -1.266 -2.838
Accel: 0.094 0.086 0.918
Gyro: -18.142 -7.720 -3.097
Accel: 0.087 0.077 0.930
Gyro: -20.889 -5.859 -3.585
Accel: 0.079 0.067 0.940
Gyro: -22.735 -7.919 -3.860
Accel: 0.085 0.0000 0.953
Gyro: -23.559 -9.704 -3.601
Accel: 0.086 0.052 0.962
Gyro: -23.544 -11.108 -3.433
Accel: 0.079 0.035 0.975
Gyro: -23.468 -12.161 -3.402
Accel: 0.078 0.029 0.985
Gyro: -23.239 -13.351 -3.524
Accel: 0.077 0.029 1.0000
Gyro: -22.872 -14.755 -3.631
Accel: 0.078 0.025 1.0010
Gyro: -22.460 -16.281 -3.646
Accel: 0.076 0.021 1.018
Gyro: -22.415 -17.105 -3.494
Accel: 0.087 0.023 1.029
Gyro: -21.835 -16.952 -2.655
Accel: 0.085 0.014 1.042
Gyro: -21.179 -16.754 -2.288
Accel: 0.074 0.0010 1.052
Gyro: -21.392 -16.952 -2.502
Accel: 0.050 0.022 1.067
Gyro: -21.560 -18.020 -3.341
Accel: 0.035 0.031 1.091
Gyro: -22.842 -20.309 -5.279
Accel: 0.034 0.039 1.116
Gyro: -25.177 -23.574 -7.507
Accel: 0.048 0.033 1.141
Gyro: -27.755 -27.603 -9.521
Accel: 0.073 0.025 1.165
Gyro: -29.144 -31.112 -10.696
Accel: 0.095 0.022 1.195
Gyro: -28.289 -32.669 -10.498
Accel: 0.096 0.030 1.221
Gyro: -25.955 -33.752 -9.704
Accel: 0.089 0.050 1.245
Gyro: -22.323 -34.149 -8.880
Accel: 0.084 0.069 1.258
Gyro: -18.188 -33.355 -8.483
Accel: 0.062 0.083 1.262
Gyro: -13.916 -31.127 -7.858
Accel: 0.046 0.085 1.270
Gyro: -9.765 -28.549 -6.866
Accel: 0.039 0.073 1.289
Gyro: -7.202 -25.421 -5.676
Accel: 0.041 0.052 1.319
Gyro: -6.713 -22.811 -4.699
Accel: 0.060 0.026 1.354
Gyro: -7.385 -21.652 -4.226
Accel: 0.059 0.011 1.387
Gyro: -9.353 -20.904 -3.524
Accel: 0.015 0.118 1.013
Gyro: -2.182 -2.273 2.532
Accel: 0.015 0.118 1.017
Gyro: -2.639 -2.761 2.700
Accel: 0.020 0.119 1.020
Gyro: -2.975 -3.265 3.051
Accel: 0.018 0.121 1.022
Gyro: -3.402 -7.751 3.219
Accel: 0.020 0.118 1.024
Gyro: -3.875 -4.714 3.402
Accel: 0.024 0.114 1.023
Gyro: -4.196 -5.599 3.555
Accel: 0.026 0.108 1.024
Gyro: -4.516 -6.271 3.616
Accel: 0.029 0.105 1.024
Gyro: -4.379 -7.064 3.524
Accel: 0.030 0.104 1.024
Gyro: -4.058 -7.308 3.311
Accel: 0.031 0.104 1.025
Gyro: -3.677 -7.247 3.189
Accel: 0.030 0.098 1.023
Gyro: -3.143 -6.698 2.883
Accel: 0.030 0.093 1.025
Gyro: -2.563 -6.225 2.655
Accel: 0.032 0.090 1.024
Gyro: -1.907 -5.554 2.685
Accel: 0.033 0.089 1.024
Gyro: -1.144 -4.776 2.639
Accel: 0.034 0.093 1.024
Gyro: 0.442 -3.875 2.548
Accel: 0.035 0.094 1.021
Gyro: 0.305 -2.761 2.426
Accel: 0.032 0.094 1.017
Gyro: 1.007 -1.419 2.288
Accel: 0.029 0.094 1.014
Gyro: 1.831 0.061 2.151
Accel: 0.030 0.099 1.011
Gyro: 3.051 1.434 1.785
Accel: 0.038 0.101 1.008
Gyro: 3.921 2.655 1.113
Accel: 0.040 0.106 1.005
Gyro: 4.440 3.677 0.137
Accel: 0.037 0.107 1.004
Gyro: 4.959 4.272 0.885
Accel: 0.034 0.108 0.999
Gyro: 5.172 4.379 -1.708
Accel: 0.032 0.109 0.998
Gyro: 5.020 4.379 -2.182
Accel: 0.032 0.108 0.990
Gyro: 4.821 4.165 -2.639
Accel: 0.032 0.109 0.986
Gyro: 4.608 3.997 -3.051
Accel: 0.035 0.112 0.986
Gyro: 4.318 3.540 -3.616
Accel: 0.033 0.113 0.989
Gyro: 3.829 3.173 -3.982
Accel: 0.029 0.116 0.990
Gyro: 3.051 2.792 -4.043
Accel: 0.026 0.114 0.990
Gyro: 2.029 2.487 -3.814
Accel: 0.022 0.111 0.989
Gyro: 0.808 2.059 -3.265
Accel: 0.020 0.110 0.989
Gyro: 0.656 1.434 -2.548
Accel: 0.015 0.110 0.988
Gyro: -2.212 0.869 -1.968
Accel: 0.019 0.109 0.990
Gyro: -3.860 0.457 -1.373
Accel: 0.018 0.113 0.991
Gyro: -5.432 0.061 -1.068
Accel: 0.018 0.114 0.994
Gyro: -6.988 0.595 0.656
Accel: 0.016 0.114 0.998
Gyro: -8.224 -1.403 0.305
Accel: 0.017 0.116 1.0000
Gyro: -9.002 -2.273 0.061
Accel: 0.021 0.118 1.002
Gyro: -9.597 -2.563 0.289
Accel: 0.026 0.118 1.004
Gyro: -9.872 -2.868 0.473
Accel: 0.030 0.116 1.005
Gyro: -10.055 -3.097 0.427
Accel: 0.034 0.112 1.008
Gyro: -10.223 -3.341 0.335
Accel: 0.036 0.110 1.014
Gyro: -10.208 -4.028 0.015
Accel: 0.037 0.113 1.018
Gyro: -10.055 -4.791 0.564
Accel: 0.041 0.110 1.018
Gyro: -9.918 -5.279 -1.419
Accel: 0.042 0.106 1.018
Gyro: -9.704 -5.432 -2.288
Accel: 0.043 0.098 1.019
Gyro: -9.246 -5.340 -3.036
Accel: 0.041 0.090 1.016
Gyro: -8.605 -5.325 -3.417
Accel: 0.038 0.085 1.017
Gyro: -7.583 -4.745 -3.433
Accel: 0.034 0.084 1.021
Gyro: -5.905 -3.890 -3.265
Accel: 0.039 0.081 1.024
Gyro: -4.241 -2.944 -3.051
Accel: 0.039 0.075 1.029
Gyro: -2.441 -1.876 -3.051
Accel: 0.035 0.072 1.028
Gyro: 0.854 0.961 -3.219
Accel: 0.034 0.068 1.028
Gyro: 0.701 0.381 -3.463
Accel: 0.034 0.067 1.028
Gyro: 2.044 0.045 -4.074
Accel: 0.035 0.067 1.026
Gyro: 3.234 0.122 -4.806
Accel: 0.036 0.073 1.020
Gyro: 4.425 0.473 -5.523
Accel: 0.038 0.077 1.015
Gyro: 5.493 1.007 -5.905
Accel: 0.040 0.080 1.009
Gyro: 6.546 1.495 -6.103
Accel: 0.046 0.083 1.007
Gyro: 7.400 1.571 -6.484
Accel: 0.046 0.086 1.008
Gyro: 7.873 1.525 -6.927
Accel: 0.040 0.089 1.007
Gyro: 8.163 1.480 -7.247
Accel: 0.035 0.088 1.006
Gyro: 8.148 1.190 -7.690
Accel: 0.032 0.087 1.0001
Gyro: 7.949 0.610 -8.529
Accel: 0.031 0.088 0.996
Gyro: 7.537 0.091 -9.246
Accel: 0.027 0.092 0.989
Gyro: 7.186 0.320 -10.345
Accel: 0.022 0.092 0.984
Gyro: 6.851 0.595 -11.245
Accel: 0.018 0.087 0.979
Gyro: 6.393 -1.098 -11.932
Accel: 0.020 0.089 0.976
Gyro: 5.950 -1.922 -12.420
Accel: 0.024 0.086 0.973
Gyro: 5.355 -2.929 -12.619
Accel: 0.026 0.088 0.971
Gyro: 4.577 -3.784 -12.863
Accel: 0.031 0.092 0.969
Gyro: 3.799 -4.806 -12.969
Accel: 0.026 0.093 0.967
Gyro: 3.036 -5.630 -12.893
Accel: 0.029 0.093 0.964
Gyro: 2.227 -6.011 -12.969
Accel: 0.025 0.094 0.961
Gyro: 1.586 -6.515 -12.863
Accel: 0.020 0.094 0.959
Gyro: 0.610 -6.637 -12.588
Accel: 0.015 0.096 0.958
Gyro: 0.366 -6.744 -12.207
Accel: 0.014 0.098 0.956
Gyro: -1.739 -6.790 -11.718
Accel: 0.015 0.0100 0.957
Gyro: -2.944 -6.927 -11.260
Accel: 0.019 0.104 0.953
Gyro: -3.952 -7.217 -11.062
Accel: 0.025 0.108 0.954
Gyro: -4.608 -7.629 -10.711
Accel: 0.029 0.110 0.953
Gyro: -5.050 -8.239 -10.543
Accel: 0.030 0.111 0.955
Gyro: -5.584 -8.529 -10.406
Accel: 0.028 0.110 0.958
Gyro: -5.844 -8.453 -10.086
Accel: 0.029 0.110 0.958
Gyro: -6.347 -8.0010 -9.536
Accel: 0.025 0.111 0.958
Gyro: -6.607 -7.354 -8.865
Accel: 0.027 0.114 0.964
Gyro: -7.034 -7.034 -8.316
Accel: 0.025 0.116 0.966
Gyro: -7.415 -6.851 -7.659
Accel: 0.028 0.116 0.967
Gyro: -7.553 -6.835 -7.156
Accel: 0.022 0.118 0.970
Gyro: -7.385 -6.744 -6.439
Accel: 0.021 0.118 0.973
Gyro: -7.186 -6.469 -5.615
Accel: 0.020 0.117 0.975
Gyro: -7.064 -6.103 -4.684
Accel: 0.020 0.116 0.974
Gyro: -6.851 -5.615 -4.135
Accel: 0.024 0.113 0.975
Gyro: -6.790 -5.081 -3.875
Accel: 0.029 0.111 0.977
Gyro: -6.652 -4.776 -3.814
Accel: 0.034 0.111 0.978
Gyro: -6.622 -4.928 -4.013
Accel: 0.036 0.108 0.986
Gyro: -6.668 -5.187 -4.257
Accel: 0.034 0.105 0.992
Gyro: -6.576 -5.630 -4.638
Accel: 0.034 0.0100 0.992
Gyro: -6.378 -5.859 -5.096
Accel: 0.036 0.096 0.990
Gyro: -6.011 -5.798 -5.538
Accel: 0.034 0.093 0.992
Gyro: -5.081 -5.187 -5.920
Accel: 0.033 0.088 0.985
Gyro: -3.936 -4.714 -6.515
Accel: 0.042 0.086 0.992
Gyro: -2.975 -4.348 -7.171
Accel: 0.044 0.085 0.997
Gyro: -2.380 -3.952 -7.583
Accel: 0.039 0.087 1.062
Gyro: -2.517 -3.738 -7.827
Accel: 0.039 0.084 1.061
Gyro: -2.639 -3.616 -7.720
Accel: 0.038 0.083 1.062
Gyro: -2.975 -3.814 -7.553
Accel: 0.040 0.080 0.999
Gyro: -2.944 -3.952 -7.614
Accel: 0.043 0.074 0.997
Gyro: -2.563 -3.417 -7.675
Accel: 0.043 0.073 0.999
Gyro: -1.846 -2.777 -7.720
Accel: 0.046 0.072 1.003
Gyro: 0.946 -1.983 -7.904
Accel: 0.044 0.073 1.006
Gyro: 0.076 -1.724 -8.041
Accel: 0.049 0.075 1.013
Gyro: 0.839 -1.785 -8.087
Accel: 0.050 0.075 1.011
Gyro: 1.037 -1.800 -7.934
Accel: 0.052 0.076 1.0010
Gyro: 1.068 -2.044 -7.904
Accel: 0.051 0.077 1.002
Gyro: 1.007 -2.258 -7.751
Accel: 0.051 0.076 0.999
Gyro: 1.037 -2.578 -7.720
Accel: 0.050 0.077 0.996
Gyro: 1.281 -3.387 -7.781
Accel: 0.052 0.080 0.993
Gyro: 1.571 -4.043 -7.736
Accel: 0.058 0.087 0.993
Gyro: 1.846 -4.440 -7.720
Accel: 0.062 0.091 0.989
Gyro: 2.166 -4.425 -7.888
Accel: 0.062 0.095 0.991
Gyro: 2.319 0.045 -7.888
Accel: 0.061 0.093 0.990
Gyro: 2.426 -3.555 -7.522
Accel: 0.059 0.089 0.990
Gyro: 2.319 -3.250 -6.805
Accel: 0.055 0.093 0.991
Gyro: 2.044 -3.356 -6.027
Accel: 0.054 0.098 0.995
Gyro: 1.403 -3.631 -5.477
Accel: 0.051 0.104 0.997
Gyro: 0.396 -3.997 -4.760
Accel: 0.053 0.106 0.998
Gyro: -1.129 -4.364 -4.089
Accel: 0.059 0.108 1.0000
Gyro: -2.868 -4.714 -3.463
Accel: 0.065 0.110 1.0001
Gyro: -4.669 -5.157 -3.005
Accel: 0.070 0.103 1.008
Gyro: -6.301 -6.011 -2.655
Accel: 0.069 0.105 1.030
Gyro: -6.759 -7.827 -3.112
Accel: 0.074 0.106 1.053
Gyro: -6.072 -8.636 -4.013
Accel: 0.070 0.094 1.070
Gyro: -5.187 -7.461 -3.662
Accel: 0.065 0.083 1.079
Gyro: -3.997 -4.837 -2.426
Accel: 0.062 0.074 1.082
Gyro: -2.853 -2.563 0.427
Accel: 0.054 0.074 1.086
Gyro: -1.678 0.396 1.098
Accel: 0.047 0.078 1.093
Gyro: -1.296 1.968 2.548
Accel: 0.044 0.075 1.096
Gyro: -2.182 4.730 4.104
Accel: 0.043 0.066 1.098
Gyro: -4.425 7.522 5.767
Accel: 0.046 0.048 1.093
Gyro: -6.942 9.902 7.324
Accel: 0.041 0.031 1.110
Gyro: -8.728 10.437 8.483
Accel: 0.043 0.023 1.129
Gyro: -10.055 9.735 8.956
Accel: 0.043 0.025 1.147
Gyro: -11.520 8.636 9.048
Accel: 0.033 0.043 1.168
Gyro: -12.725 6.637 8.819
Accel: 0.026 0.063 1.185
Gyro: -13.961 3.051 8.468
Accel: 0.032 0.079 1.196
Gyro: -15.228 -1.525 7.354
Accel: 0.051 0.081 1.191
Gyro: -16.448 -5.950 5.538
Accel: 0.071 0.066 1.174
Gyro: -16.937 -9.475 3.082
Accel: 0.090 0.040 1.155
Gyro: -16.006 -12.283 0.335
Accel: 0.103 0.024 1.141
Gyro: -13.565 -14.083 -2.334
Accel: 0.111 0.014 1.137
Gyro: -10.177 -14.801 -5.340
Accel: 0.107 0.013 1.139
Gyro: -7.232 -14.999 -7.965
Accel: 0.097 0.023 1.140
Gyro: -5.294 -14.495 -9.979
Accel: 0.092 0.042 1.133
Gyro: -3.494 -14.404 -11.596
Accel: 0.093 0.053 1.106
Gyro: -1.998 -14.190 -12.817
Accel: 0.093 0.049 1.069
Gyro: 0.473 -13.183 -13.656
Accel: 0.090 0.043 1.023
Gyro: 1.205 -11.566 -14.022
Accel: 0.091 0.042 0.979
Gyro: 3.219 -9.399 -13.946
Accel: 0.0100 0.052 0.956
Gyro: 5.279 -6.988 -13.580
Accel: 0.096 0.078 0.962
Gyro: 7.369 -3.540 -13.427
Accel: 0.081 0.101 0.975
Gyro: 8.483 0.213 -13.626
Accel: 0.070 0.115 0.981
Gyro: 9.033 4.364 -14.038
Accel: 0.064 0.114 0.967
Gyro: 9.353 8.697 -14.816
Accel: 0.061 0.097 0.939
Gyro: 10.513 12.939 -15.228
Accel: 0.062 0.082 0.905
Gyro: 12.649 16.433 -15.045
Accel: 0.062 0.072 0.871
Gyro: 15.502 19.546 -14.007
Accel: 0.056 0.061 0.848
Gyro: 17.883 22.171 -12.207
Accel: 0.058 0.054 0.827
Gyro: 18.997 24.505 -10.314
Accel: 0.060 0.051 0.815
Gyro: 18.524 25.848 -8.102
Accel: 0.060 0.048 0.806
Gyro: 16.372 26.535 -5.752
Accel: 0.059 0.046 0.796
Gyro: 13.275 26.153 -3.234
Accel: 0.061 0.046 0.783
Gyro: 9.719 24.673 0.534
Accel: 0.059 0.049 0.760
Gyro: 6.057 23.315 2.029
Accel: 0.058 0.051 0.733
Gyro: 2.716 22.140 4.684
Accel: 0.052 0.054 0.708
Gyro: 0.228 20.782 6.835
Accel: 0.044 0.054 0.682
Gyro: -2.227 17.990 8.163
Accel: 0.042 0.062 0.646
Gyro: -7.751 14.434 8.407
Accel: 0.038 0.062 0.613
Gyro: -4.974 10.009 7.690
Accel: 0.033 0.062 0.573
Gyro: -5.752 5.569 5.996
Accel: 0.025 0.077 0.527
Gyro: -6.286 0.976 3.540
Accel: 0.015 0.089 0.486
Gyro: -6.576 -3.982 0.457
Accel: 0.025 0.076 0.437
Gyro: -7.171 -9.307 -5.874
Accel: 0.009 0.088 0.373
Gyro: -8.102 -14.602 -13.702
Accel: 0.031 0.094 0.305
Gyro: -9.140 -18.569 -21.133
Accel: 0.0000 0.074 0.241
Gyro: -4.898 -25.436 -26.077
Accel: 0.012 0.0001 0.088
Gyro: 0.900 -25.512 -31.326
Accel: 0.025 0.008 0.028
Gyro: 1.678 -18.905 -34.988
Accel: 0.019 0.022 0.012
Gyro: 6.668 -15.808 -35.354
Accel: 0.006 0.019 0.095
Gyro: 10.498 -13.717 -35.842
Accel: 0.004 0.008 0.040
Gyro: 13.778 -10.940 -36.193
Accel: 0.0000 0.008 0.029
Gyro: 16.235 -8.544 -36.621
Accel: 0.007 0.007 0.040
Gyro: 18.081 -5.783 -36.956
Accel: 0.0000 0.008 0.037
Gyro: 19.760 -3.021 -37.399
Accel: 0.0000 0.008 0.048
Gyro: 21.041 0.366 -37.658
Accel: 0.061 0.008 0.041
Gyro: 21.957 2.227 -38.024
Accel: 0.005 0.009 0.044
Gyro: 22.766 5.004 -38.406
Accel: 0.003 0.009 0.041
Gyro: 23.147 7.629 -38.604
Accel: 0.007 0.006 0.046
Gyro: 23.132 10.116 -38.909
Accel: 0.006 0.005 0.055
Gyro: 23.132 12.313 -39.291
Accel: 0.007 0.005 0.054
Gyro: 23.071 14.709 -39.520
Accel: 0.005 0.006 0.057
Gyro: 23.086 17.059 -39.642
Accel: 0.006 0.006 0.054
Gyro: 23.239 19.149 -39.733
Accel: 0.003 0.005 0.061
Gyro: 23.132 21.148 -39.840
Accel: 0.004 0.006 0.064
Gyro: 23.056 23.162 -39.932
Accel: 0.003 0.006 0.067
Gyro: 22.994 25.238 -40.039
Accel: 0.003 0.007 0.070
Gyro: 22.766 27.023 -40.115
Accel: 0.004 0.006 0.071
Gyro: 22.796 28.793 -40.191
Accel: 0.003 0.008 0.070
Gyro: 22.933 30.670 -40.115
Accel: 0.005 0.009 0.073
Gyro: 23.300 32.424 -39.886
Accel: 0.005 0.009 0.079
Gyro: 23.986 34.332 -39.443
Accel: 0.005 0.009 0.082
Gyro: 24.948 36.209 -39.062
Accel: 0.006 0.008 0.084
Gyro: 26.184 38.070 -38.497
Accel: 0.006 0.0010 0.087
Gyro: 27.435 39.947 -37.826
Accel: 0.008 0.0010 0.087
Gyro: 28.869 41.839 -36.987
Accel: 0.007 0.0010 0.089
Gyro: 30.059 43.609 -36.178
Accel: 0.008 0.011 0.091
Gyro: 31.204 45.227 -35.491
Accel: 0.007 0.012 0.093
Gyro: 31.906 47.073 -34.484
Accel: 0.008 0.0010 0.096
Gyro: 32.394 48.843 -33.767
Accel: 0.009 0.011 0.101
Gyro: 32.836 50.399 -32.989
Accel: 0.008 0.012 0.105
Gyro: 32.760 52.200 -32.241
Accel: 0.008 0.011 0.111
Gyro: 32.531 53.665 -31.524
Accel: 0.007 0.012 0.126
Gyro: 32.073 54.931 -30.929
Accel: 0.020 0.862 1.655
Gyro: -128.860 -156.295 -108.612
Accel: 1.319 -2.174 2.913
Gyro: -499.969 -499.969 -10.910
Accel: 5.449 0.685 7.999
Gyro: 123.550 -429.656 43.502
Accel: 0.102 0.927 2.437
Gyro: 417.419 -112.594 7.736
Accel: 0.868 0.986 2.258
Gyro: 370.574 -132.247 -4.653
Accel: 0.172 1.649 0.116
Gyro: 261.871 -160.614 -13.626
Accel: 0.510 2.248 0.201
Gyro: 161.865 -200.942 -10.986
Accel: 0.119 2.115 1.568
Gyro: 68.267 -161.376 -25.558
Accel: 1.271 1.326 4.085
Gyro: 29.266 69.549 -67.932
Accel: 0.934 1.325 2.143
Gyro: -73.852 154.098 -104.843
Accel: 0.343 1.401 1.487
Gyro: -201.553 168.579 -101.150
Accel: 0.563 0.701 2.678
Gyro: -263.549 112.091 -47.225
Accel: 0.038 0.306 1.751
Gyro: -259.628 64.712 -26.336
Accel: 0.176 0.003 1.643
Gyro: -250.579 32.684 -13.305
Accel: 0.008 0.290 1.652
Gyro: -213.470 0.473 14.785
Accel: 0.234 0.267 1.390
Gyro: -169.494 3.021 34.347
Accel: 0.320 0.361 1.107
Gyro: -130.844 16.998 39.291
Accel: 0.361 0.324 1.0001
Gyro: -99.594 27.038 36.270
Accel: 0.387 0.286 1.044
Gyro: -72.738 32.775 28.762
Accel: 0.370 0.249 1.184
Gyro: -47.988 26.565 16.281
Accel: 0.300 0.121 1.197
Gyro: -23.803 9.613 13.504
Accel: 0.187 0.035 1.186
Gyro: -10.452 -5.966 10.910
Accel: 0.087 0.165 1.156
Gyro: -3.982 -17.166 11.138
Accel: 0.060 0.197 1.132
Gyro: -8.148 -24.047 10.162
Accel: 0.067 0.126 1.132
Gyro: -19.012 -26.702 7.324
Accel: 0.109 0.040 1.148
Gyro: -31.372 -22.155 5.432
Accel: 0.099 0.034 1.176
Gyro: -41.015 -10.406 5.218
Accel: 0.049 0.075 1.198
Gyro: -45.898 2.441 4.913
Accel: 0.011 0.080 1.205
Gyro: -45.822 13.778 4.257
Accel: 0.083 0.070 1.198
Gyro: -41.473 21.789 3.173
Accel: 0.130 0.054 1.208
Gyro: -33.050 24.810 1.358
Accel: 0.148 0.037 1.203
Gyro: -21.835 21.347 -1.296
Accel: 0.137 0.022 1.194
Gyro: -10.833 10.574 -3.845
Accel: 0.112 0.009 1.187
Gyro: -3.234 -3.417 -5.065
Accel: 0.087 0.014 1.157
Gyro: 0.488 -16.937 -4.531
Accel: 0.074 0.024 1.143
Gyro: -5.203 -30.975 -4.089
Accel: 0.081 0.015 1.152
Gyro: -13.473 -38.955 -4.821
Accel: 0.091 0.021 1.169
Gyro: -26.824 -39.077 -6.027
Accel: 0.114 0.052 1.152
Gyro: -31.509 -37.185 -6.256
Accel: 0.149 0.089 1.125
Gyro: -36.926 -30.029 -4.028
Accel: 0.195 0.130 1.111
Gyro: -37.658 -20.217 0.869
Accel: 0.231 0.157 1.104
Gyro: -34.362 -9.567 1.846
Accel: 0.243 0.159 1.103
Gyro: -28.961 0.427 7.705
Accel: 0.235 0.139 1.087
Gyro: -23.605 6.317 5.554
Accel: 0.224 0.127 1.093
Gyro: -19.287 8.590 6.774
Accel: 0.217 0.116 1.081
Gyro: -16.418 7.705 7.247
Accel: 0.211 0.095 1.051
Gyro: -14.587 5.325 7.217
Accel: 0.183 0.079 1.042
Gyro: -13.198 1.358 7.461
Accel: 0.136 0.070 1.049
Gyro: -12.374 -1.663 7.766
Accel: 0.091 0.079 1.036
Gyro: -12.191 -4.180 7.980
Accel: 0.079 0.091 1.030
Gyro: -12.908 -5.584 8.178
Accel: 0.095 0.097 1.022
Gyro: -14.358 -5.386 3.936
Accel: 0.108 0.105 1.002
Gyro: -16.036 -3.326 5.966
Accel: 0.014 0.0100 0.990
Gyro: -17.440 1.770 -6.301
Accel: 0.042 0.179 0.999
Gyro: -13.275 8.209 -6.195
Accel: 0.057 0.146 0.980
Gyro: -4.226 6.790 -5.386
Accel: 0.053 0.128 0.997
Gyro: -3.326 2.914 -3.601
Accel: 0.040 0.104 1.016
Gyro: -1.556 -1.113 -1.525
Accel: 0.026 0.078 1.024
Gyro: -2.426 -5.508 0.411
Accel: 0.007 0.077 1.024
Gyro: -5.706 -10.406 -1.388
Accel: 0.0010 0.091 1.022
Gyro: -9.109 -16.189 -3.326
Accel: 0.027 0.105 1.040
Gyro: -10.620 -20.690 -4.852
Accel: 0.073 0.107 1.063
Gyro: -9.658 -21.896 -5.813
Accel: 0.119 0.091 1.083
Gyro: -8.743 -22.735 -6.164
Accel: 0.158 0.0100 1.082
Gyro: -7.446 -22.583 -5.294
Accel: 0.189 0.132 1.075
Gyro: -6.378 -20.523 -2.990
Accel: 0.204 0.153 1.082
Gyro: -6.210 -16.845 0.503
Accel: 0.227 0.143 1.094
Gyro: -6.042 -11.169 4.608
Accel: 0.250 0.131 1.106
Gyro: -6.393 -3.219 7.186
Accel: 0.260 0.120 1.097
Gyro: -7.659 7.736 7.827
Accel: 0.243 0.120 1.074
Gyro: -9.094 10.070 7.720
Accel: 0.215 0.136 1.045
Gyro: -9.506 14.785 7.781
Accel: 0.198 0.156 1.009
Gyro: -8.819 16.906 7.598
Accel: 0.181 0.158 0.982
Gyro: -6.652 17.639 7.629
Accel: 0.169 0.161 0.976
Gyro: -3.189 16.967 8.132
Accel: 0.165 0.166 0.983
Gyro: 0.534 15.182 8.789
Accel: 0.164 0.165 0.983
Gyro: 3.234 13.275 9.460
Accel: 0.172 0.174 0.985
Gyro: 5.859 12.207 10.070
Accel: 0.152 0.171 0.987
Gyro: 7.186 9.963 9.475
Accel: 0.020 0.149 1.020
Gyro: 4.714 5.966 4.226
Accel: 0.030 0.170 1.020
Gyro: 5.111 9.094 2.639
Accel: 0.020 0.166 1.022
Gyro: 6.286 7.980 0.518
Accel: 0.004 0.158 1.026
Gyro: 8.361 6.286 -2.822
Accel: 0.077 0.142 1.019
Gyro: 12.802 4.623 -1.098
Accel: 0.052 0.096 1.036
Gyro: 16.143 0.747 -2.487
Accel: 0.101 0.030 1.108
Gyro: 8.117 13.351 -11.840
Accel: 0.021 0.157 1.071
Gyro: 15.411 12.207 -13.061
Accel: 0.035 0.124 1.069
Gyro: 12.084 18.356 -13.717
Accel: 0.136 0.024 1.200
Gyro: 6.088 32.211 -12.466
Accel: 0.073 0.157 1.079
Gyro: 17.700 19.287 -5.477
Accel: 0.132 0.126 1.016
Gyro: 19.958 8.056 2.990
Accel: 0.120 0.085 1.088
Gyro: 8.575 3.875 15.090
Accel: 0.142 0.0001 1.249
Gyro: -2.670 -2.700 18.096
Accel: 0.211 0.160 1.241
Gyro: -13.031 -8.987 18.814
Accel: 0.144 0.182 1.289
Gyro: -20.797 -13.854 17.303
Accel: 0.026 0.123 1.185
Gyro: -10.284 -34.088 13.046
Accel: 0.176 0.152 1.235
Gyro: -9.872 -39.215 12.130
Accel: 0.177 0.119 1.303
Gyro: -13.671 -34.469 11.718
Accel: 0.229 0.090 1.298
Gyro: -13.198 -27.313 11.795
Accel: 0.275 0.092 1.196
Gyro: -14.022 -22.201 13.595
Accel: 0.317 0.191 1.214
Gyro: -14.480 -18.585 17.471
Accel: 0.300 0.337 1.194
Gyro: -15.151 -16.128 22.338
Accel: 0.217 0.182 1.161
Gyro: -13.412 -13.702 19.393
Accel: 0.146 0.212 1.133
Gyro: -14.785 -9.490 21.926
Accel: 0.112 0.219 1.142
Gyro: -15.991 -4.394 26.855
Accel: 0.118 0.196 1.083
Gyro: -15.060 -1.953 30.563
Accel: 0.107 0.247 1.069
Gyro: -14.877 -2.792 35.781
Accel: 0.069 0.282 1.077
Gyro: -17.089 -4.211 41.290
Accel: 0.060 0.298 1.093
Gyro: -21.270 -4.776 45.944
Accel: 0.070 0.339 1.105
Gyro: -25.192 -5.508 49.133
Accel: 0.162 0.392 1.112
Gyro: -29.281 -10.848 47.607
Accel: 0.161 0.378 1.155
Gyro: -31.860 -14.053 43.914
Accel: 0.169 0.384 1.199
Gyro: -31.692 -16.693 39.855
Accel: 0.196 0.398 1.230
Gyro: -28.152 -18.920 36.361
Accel: 0.214 0.397 1.262
Gyro: -20.568 -20.690 33.859
Accel: 0.213 0.392 1.295
Gyro: -10.025 -20.919 32.241
Accel: 0.205 0.387 1.318
Gyro: 2.685 -19.424 30.868
Accel: 0.211 0.388 1.321
Gyro: 19.134 -17.120 29.556
Accel: 0.234 0.393 1.312
Gyro: 28.900 -15.106 27.221
Accel: 0.243 0.380 1.298
Gyro: 40.145 -12.023 23.956
Accel: 0.232 0.358 1.273
Gyro: 48.782 -6.317 21.408
Accel: 0.223 0.344 1.239
Gyro: 55.465 0.518 20.202
Accel: 0.213 0.315 1.201
Gyro: 61.660 8.071 20.309
Accel: 0.208 0.287 1.160
Gyro: 67.291 15.441 21.133
Accel: 0.202 0.250 1.121
Gyro: 71.823 20.675 21.713
Accel: 0.189 0.226 1.085
Gyro: 74.234 23.849 22.552
Accel: 0.180 0.206 1.046
Gyro: 74.813 25.177 24.414
Accel: 0.175 0.183 1.011
Gyro: 73.638 25.680 26.138
Accel: 0.175 0.164 0.973
Gyro: 70.571 26.580 27.191
Accel: 0.178 0.162 0.932
Gyro: 66.406 26.702 26.977
Accel: 0.168 0.157 0.902
Gyro: 60.134 25.222 25.573
Accel: 0.145 0.145 0.876
Gyro: 52.505 23.559 22.994
Accel: 0.126 0.130 0.859
Gyro: 44.311 21.713 19.317
Accel: 0.116 0.115 0.843
Gyro: 36.941 19.088 14.526
Accel: 0.101 0.107 0.828
Gyro: 28.396 17.135 9.262
Accel: 0.077 0.090 0.821
Gyro: 20.324 15.228 4.837
Accel: 0.058 0.071 0.822
Gyro: 13.992 13.198 1.495
Accel: 0.047 0.063 0.815
Gyro: 10.238 11.108 0.350
Accel: 0.035 0.039 0.811
Gyro: 9.384 9.124 0.427
Accel: 0.032 0.016 0.807
Gyro: 10.833 4.043 1.708
Accel: 0.033 0.004 0.802
Gyro: 13.671 6.561 4.989
Accel: 0.033 0.017 0.797
Gyro: 17.074 3.738 8.117
Accel: 0.039 0.037 0.784
Gyro: 19.927 1.907 10.131
Accel: 0.051 0.040 0.770
Gyro: 21.697 1.159 10.650
Accel: 0.052 0.042 0.759
Gyro: 22.094 1.083 9.567
Accel: 0.039 0.051 0.754
Gyro: 21.072 1.617 7.781
Accel: 0.020 0.060 0.758
Gyro: 20.263 3.067 6.439
Accel: 0.007 0.060 0.768
Gyro: 21.163 4.409 4.714
Accel: 0.017 0.052 0.779
Gyro: 23.834 6.500 2.914
Accel: 0.026 0.040 0.785
Gyro: 30.990 8.697 1.373
Accel: 0.027 0.038 0.791
Gyro: 30.715 9.231 1.052
Accel: 0.022 0.052 0.799
Gyro: 34.866 9.811 2.334
Accel: 0.024 0.073 0.800
Gyro: 39.459 10.726 4.379
Accel: 0.028 0.088 0.797
Gyro: 43.746 11.642 6.988
Accel: 0.020 0.094 0.795
Gyro: 46.615 11.627 9.582
Accel: 0.011 0.095 0.791
Gyro: 48.538 11.077 11.718
Accel: 0.0001 0.088 0.786
Gyro: 50.842 10.772 13.214
Accel: 0.004 0.079 0.781
Gyro: 53.527 12.527 14.511
Accel: 0.011 0.083 0.775
Gyro: 55.435 16.433 15.350
Accel: 0.014 0.093 0.768
Gyro: 56.472 20.858 15.335
Accel: 0.020 0.103 0.761
Gyro: 56.198 24.307 14.678
Accel: 0.032 0.128 0.765
Gyro: 54.550 26.397 14.160
Accel: 0.030 0.139 0.767
Gyro: 51.696 28.579 13.519
Accel: 0.018 0.152 0.769
Gyro: 49.072 29.541 12.557
Accel: 0.006 0.160 0.770
Gyro: 46.340 27.755 10.742
Accel: 0.011 0.178 0.777
Gyro: 42.724 24.932 8.453
Accel: 0.013 0.195 0.779
Gyro: 38.543 21.545 6.134
Accel: 0.005 0.213 0.777
Gyro: 33.935 19.500 4.058
Accel: 0.009 0.227 0.772
Gyro: 28.472 17.944 2.639
Accel: 0.006 0.240 0.771
Gyro: 21.697 16.052 1.342
Accel: 0.009 0.247 0.783
Gyro: 14.190 13.427 0.137
Accel: 0.015 0.260 0.796
Gyro: 6.515 9.963 0.961
Accel: 0.003 0.268 0.808
Gyro: -1.892 6.835 0.518
Accel: 0.014 0.271 0.819
Gyro: -9.582 4.043 0.396
Accel: 0.036 0.263 0.828
Gyro: -16.998 1.953 1.266
Accel: 0.055 0.256 0.830
Gyro: -24.398 1.251 1.220
Accel: 0.061 0.257 0.837
Gyro: -32.470 0.396 0.564
Accel: 0.051 0.262 0.856
Gyro: -40.283 -7.461 0.717
Accel: 0.047 0.254 0.878
Gyro: -47.637 -9.155 -2.517
Accel: 0.054 0.235 0.906
Gyro: -53.894 -14.328 -4.592
Accel: 0.061 0.204 0.998
Gyro: -59.738 -17.608 -6.271
Accel: 0.069 0.174 0.962
Gyro: -63.796 -18.524 -7.705
Accel: 0.096 0.176 0.978
Gyro: -66.177 -16.693 -8.972
Accel: 0.128 0.182 0.987
Gyro: -67.367 -11.016 -10.864
Accel: 0.123 0.134 0.989
Gyro: -67.153 -4.226 -12.145
Accel: 0.089 0.107 0.996
Gyro: -65.109 0.076 -13.381
Accel: 0.091 0.123 1.060
Gyro: -60.272 0.320 -15.075
Accel: 0.095 0.144 1.016
Gyro: -53.985 1.632 -20.843
Accel: 0.0100 0.091 1.020
Gyro: -49.835 2.548 -25.924
Accel: 0.061 0.083 1.027
Gyro: -45.806 4.272 -29.006
Accel: 0.041 0.084 1.020
Gyro: -43.029 9.552 -29.647
Accel: 0.036 0.125 1.058
Gyro: -44.799 20.294 -28.625
Accel: 0.021 0.108 1.057
Gyro: -45.043 29.571 -25.939
Accel: 0.003 0.099 1.069
Gyro: -42.724 37.704 -22.354
Accel: 0.019 0.085 1.055
Gyro: -38.711 43.258 -19.348
Accel: 0.020 0.053 1.037
Gyro: -33.309 46.722 -17.501
Accel: 0.027 0.024 1.028
Gyro: -23.803 44.281 -17.303
Accel: 0.068 0.027 1.034
Gyro: -20.584 37.094 -18.447
Accel: 0.086 0.0010 1.035
Gyro: -10.986 26.245 -19.058
Accel: 0.095 0.005 1.029
Gyro: 0.656 14.617 -18.646
Accel: 0.108 0.011 1.019
Gyro: 12.969 2.700 -17.089
Accel: 0.116 0.006 1.002
Gyro: 24.703 -7.827 -14.801
Accel: 0.109 0.008 0.979
Gyro: 33.645 -15.335 -12.359
Accel: 0.0100 0.011 0.958
Gyro: 38.223 -23.193 -10.879
Accel: 0.093 0.011 0.937
Gyro: 38.360 -21.789 -10.498
Accel: 0.093 0.014 0.921
Gyro: 34.423 -22.552 -10.940
Accel: 0.101 0.006 0.912
Gyro: 27.221 -21.286 -10.833
Accel: 0.108 0.002 0.909
Gyro: 18.981 -19.439 -9.216
Accel: 0.115 0.006 0.912
Gyro: 10.543 -16.708 -5.752
Accel: 0.114 0.003 0.914
Gyro: 3.204 -13.336 -1.525
Accel: 0.103 0.009 0.913
Gyro: -3.524 -8.850 2.960
Accel: 0.090 0.016 0.914
Gyro: -9.857 -4.684 6.912
Accel: 0.083 0.029 0.918
Gyro: -19.149 0.732 9.643
Accel: 0.077 0.041 0.922
Gyro: -21.591 2.090 10.818
Accel: 0.079 0.050 0.930
Gyro: -30.975 3.829 11.199
Accel: 0.079 0.055 0.943
Gyro: -30.364 4.348 11.947
Accel: 0.084 0.063 0.955
Gyro: -30.807 3.494 12.802
Accel: 0.084 0.073 0.966
Gyro: -28.656 1.541 13.778
Accel: 0.080 0.081 0.970
Gyro: -24.749 -1.449 14.450
Accel: 0.074 0.091 0.967
Gyro: -19.668 -5.386 14.770
Accel: 0.080 0.090 0.972
Gyro: -15.014 -10.742 14.984
Accel: 0.081 0.088 0.973
Gyro: -9.918 -17.120 15.502
Accel: 0.083 0.079 0.977
Gyro: -5.554 -23.834 16.464
Accel: 0.081 0.072 0.973
Gyro: -2.243 -29.739 17.410
Accel: 0.067 0.075 0.972
Gyro: -1.251 -35.064 17.807
Accel: 0.067 0.062 0.977
Gyro: -1.724 -39.291 17.929
Accel: 0.053 0.067 0.984
Gyro: -3.265 -46.478 18.280
Accel: 0.040 0.069 0.990
Gyro: -4.821 -45.135 18.829
Accel: 0.022 0.070 0.998
Gyro: -6.240 -46.066 20.065
Accel: 0.009 0.0000 1.004
Gyro: -8.377 -45.471 21.667
Accel: 0.004 0.055 1.008
Gyro: -11.978 -42.755 22.979
Accel: 0.025 0.057 1.012
Gyro: -16.708 -38.223 23.757
Accel: 0.044 0.062 1.015
Gyro: -22.155 -33.187 24.490
Accel: 0.056 0.054 1.024
Gyro: -27.252 -28.411 25.543
Accel: 0.065 0.056 1.033
Gyro: -31.051 -22.338 25.955
Accel: 0.092 0.069 1.039
Gyro: -33.050 -12.039 25.741
Accel: 0.105 0.071 1.044
Gyro: -33.599 -8.682 24.688
Accel: 0.115 0.072 1.048
Gyro: -32.699 -3.021 23.086
Accel: 0.114 0.067 1.049
Gyro: -30.944 0.518 20.751
Accel: 0.112 0.063 1.052
Gyro: -28.244 2.349 17.440
Accel: 0.113 0.063 1.052
Gyro: -24.902 2.700 13.412
Accel: 0.114 0.070 1.052
Gyro: -21.362 1.266 9.277
Accel: 0.106 0.073 1.055
Gyro: -17.395 -2.166 5.767
Accel: 0.0100 0.084 1.061
Gyro: -12.741 -6.866 2.502
Accel: 0.094 0.090 1.065
Gyro: -7.461 -10.467 0.488
Accel: 0.092 0.095 1.070
Gyro: -2.044 -13.381 0.427
Accel: 0.091 0.095 1.071
Gyro: 7.614 -14.801 0.167
Accel: 0.086 0.092 1.070
Gyro: 8.438 -14.938 1.495
Accel: 0.082 0.076 1.068
Gyro: 11.657 -13.870 4.516
Accel: 0.080 0.066 1.067
Gyro: 13.610 -11.138 8.193
Accel: 0.087 0.066 1.061
Gyro: 14.450 -7.003 15.502
Accel: 0.094 0.063 1.062
Gyro: 14.984 -2.822 19.195
Accel: 0.095 0.056 1.060
Gyro: 15.655 1.022 18.463
Accel: 0.098 0.054 1.059
Gyro: 16.983 5.493 20.797
Accel: 0.104 0.048 1.052
Gyro: 19.012 9.201 22.766
Accel: 0.104 0.040 1.043
Gyro: 21.392 11.901 24.108
Accel: 0.102 0.030 1.032
Gyro: 27.267 13.412 24.612
Accel: 0.104 0.025 1.021
Gyro: 23.773 12.695 23.986
Accel: 0.0100 0.017 1.011
Gyro: 22.903 10.711 21.697
Accel: 0.101 0.022 1.007
Gyro: 20.599 7.659 18.249
Accel: 0.096 0.020 1.005
Gyro: 17.883 5.035 14.572
Accel: 0.080 0.012 1.002
Gyro: 15.533 2.700 12.176
Accel: 0.067 0.005 1.0000
Gyro: 14.038 1.388 11.886
Accel: 0.061 0.0000 0.937
Gyro: 12.588 0.885 12.832
Accel: 0.056 0.003 0.996
Gyro: 10.803 0.030 14.862
Accel: 0.052 0.002 0.995
Gyro: 8.483 -1.663 16.525
Accel: 0.056 0.004 0.996
Gyro: 5.416 -3.311 16.983
Accel: 0.065 0.014 0.998
Gyro: 1.876 -4.028 16.754
Accel: 0.069 0.022 1.0001
Gyro: -1.190 -3.631 16.448
Accel: 0.069 0.026 1.005
Gyro: -3.936 -2.685 16.433
Accel: 0.061 0.032 1.012
Gyro: -5.462 -1.281 16.876
Accel: 0.057 0.036 1.020
Gyro: -6.118 0.671 18.173
Accel: 0.045 0.033 1.023
Gyro: -5.355 0.473 20.126
Accel: 0.040 0.032 1.023
Gyro: -3.463 -1.174 22.781
Accel: 0.044 0.033 1.021
Gyro: -1.403 -2.288 25.802
Accel: 0.044 0.033 1.019
Gyro: 0.427 -3.448 28.106
Accel: 0.049 0.040 1.020
Gyro: 1.586 -4.562 30.639
Accel: 0.049 0.033 1.019
Gyro: 2.838 -6.134 33.004
Accel: 0.051 0.030 1.028
Gyro: 4.348 -7.247 35.385
Accel: 0.062 0.036 1.029
Gyro: 6.668 -7.965 37.200
Accel: 0.071 0.039 1.031
Gyro: 9.918 -8.316 38.421
Accel: 0.083 0.042 1.031
Gyro: 13.946 -8.132 38.681
Accel: 0.094 0.043 1.024
Gyro: 17.944 -7.705 38.192
Accel: 0.097 0.039 1.019
Gyro: 21.163 -6.790 37.139
Accel: 0.096 0.037 1.011
Gyro: 22.811 -6.408 35.140
Accel: 0.103 0.044 1.004
Gyro: 22.720 -5.798 32.775
Accel: 0.103 0.048 0.998
Gyro: 22.003 -3.814 30.776
Accel: 0.092 0.041 0.993
Gyro: 20.263 -1.327 29.693
Accel: 0.082 0.042 0.992
Gyro: 18.203 1.312 29.617
Accel: 0.079 0.042 0.990
Gyro: 16.189 3.631 31.005
Accel: 0.062 0.032 0.989
Gyro: 14.678 5.065 33.096
Accel: 0.060 0.038 0.987
Gyro: 13.168 5.432 38.940
Accel: 0.059 0.035 0.982
Gyro: 11.779 5.722 36.972
Accel: 0.056 0.031 0.980
Gyro: 10.269 6.057 38.619
Accel: 0.057 0.034 0.978
Gyro: 8.361 5.996 39.718
Accel: 0.061 0.035 0.981
Gyro: 5.569 5.249 40.161
Accel: 0.059 0.033 0.982
Gyro: 2.548 4.455 39.794
Accel: 0.063 0.038 0.985
Gyro: 0.305 4.333 38.986
Accel: 0.068 0.038 0.985
Gyro: 0.854 4.745 38.208
Accel: 0.066 0.040 0.986
Gyro: -1.235 4.669 38.024
Accel: 0.060 0.037 0.986
Gyro: 0.930 3.845 38.146
Accel: 0.058 0.035 0.984
Gyro: 0.045 2.532 38.558
Accel: 0.059 0.041 0.985
Gyro: 1.770 1.007 38.848
Accel: 0.056 0.044 0.990
Gyro: 4.211 0.732 39.230
Accel: 0.055 0.046 0.993
Gyro: 7.064 -1.953 39.657
Accel: 0.059 0.045 0.994
Gyro: 9.658 -2.151 39.978
Accel: 0.058 0.041 0.995
Gyro: 11.489 -1.525 40.176
Accel: 0.053 0.034 0.992
Gyro: 12.405 0.442 39.855
Accel: 0.053 0.030 0.990
Gyro: 12.680 0.503 39.321
Accel: 0.052 0.031 0.986
Gyro: 12.466 1.159 38.223
Accel: 0.050 0.034 0.983
Gyro: 11.901 1.693 36.697
Accel: 0.047 0.035 0.986
Gyro: 11.306 2.014 35.293
Accel: 0.041 0.035 0.985
Gyro: 10.833 2.395 34.378
Accel: 0.039 0.035 0.985
Gyro: 10.299 2.105 33.996
Accel: 0.025 0.026 0.991
Gyro: 9.536 0.701 34.103
Accel: 0.017 0.022 0.992
Gyro: 9.094 0.854 34.820
Accel: 0.015 0.025 0.992
Gyro: 9.063 -2.685 35.705
Accel: 0.020 0.032 0.992
Gyro: 9.002 -4.272 36.209
Accel: 0.018 0.035 0.996
Gyro: 8.926 -5.218 36.804
Accel: 0.019 0.039 0.999
Gyro: 9.262 -5.264 37.811
Accel: 0.015 0.037 1.004
Gyro: 9.078 -4.867 39.306
Accel: 0.004 0.030 1.0010
Gyro: 8.834 -4.165 41.351
Accel: 0.002 0.024 1.018
Gyro: 8.926 -3.204 43.594
Accel: 0.006 0.023 1.021
Gyro: 9.994 -1.693 46.371
Accel: 0.012 0.018 1.021
Gyro: 11.108 0.106 48.568
Accel: 0.016 0.017 1.020
Gyro: 11.840 1.464 49.743
Accel: 0.023 0.017 1.019
Gyro: 12.634 2.120 50.354
Accel: 0.034 0.022 1.019
Gyro: 13.305 2.166 50.094
Accel: 0.035 0.016 1.018
Gyro: 13.809 2.456 49.682
Accel: 0.036 0.008 1.016
Gyro: 14.343 2.990 49.743
Accel: 0.039 0.003 1.013
Gyro: 14.694 3.326 50.231
Accel: 0.041 0.002 1.0010
Gyro: 14.755 3.738 50.857
Accel: 0.043 0.005 1.008
Gyro: 14.419 3.402 51.956
Accel: 0.048 0.011 1.008
Gyro: 14.022 2.807 52.795
Accel: 0.056 0.0010 1.007
Gyro: 13.916 1.846 53.115
Accel: 0.068 0.009 1.006
Gyro: 13.534 1.419 53.0100
Accel: 0.080 0.006 1.005
Gyro: 13.198 1.525 52.520
Accel: 0.087 0.0010 1.005
Gyro: 12.954 2.334 52.108
Accel: 0.089 0.016 1.0001
Gyro: 12.802 2.975 51.925
Accel: 0.089 0.023 0.998
Gyro: 12.710 2.929 51.574
Accel: 0.090 0.028 0.995
Gyro: 12.710 2.044 50.613
Accel: 0.097 0.020 0.992
Gyro: 12.588 0.213 48.721
Accel: 0.101 0.015 0.993
Gyro: 12.359 -2.899 46.020
Accel: 0.103 0.019 0.994
Gyro: 12.161 -5.340 43.624
Accel: 0.0100 0.023 0.999
Gyro: 12.0100 -7.339 41.961
Accel: 0.098 0.029 0.999
Gyro: 12.390 -8.255 40.893
Accel: 0.102 0.025 0.998
Gyro: 12.771 -7.812 39.962
Accel: 0.106 0.023 0.996
Gyro: 12.313 -7.812 39.428
Accel: 0.093 0.028 1.002
Gyro: 11.642 -8.178 38.940
Accel: 0.091 0.027 1.007
Gyro: 11.245 -8.224 39.123
Accel: 0.086 0.031 1.012
Gyro: 11.550 -7.751 40.084
Accel: 0.086 0.034 1.013
Gyro: 11.886 -6.790 41.763
Accel: 0.084 0.044 1.014
Gyro: 11.459 -6.042 43.472
Accel: 0.084 0.055 1.016
Gyro: 10.879 -4.394 44.631
Accel: 0.090 0.059 1.016
Gyro: 10.086 -2.792 45.211
Accel: 0.093 0.062 1.014
Gyro: 9.399 -1.296 45.333
Accel: 0.098 0.062 1.008
Gyro: 8.316 0.869 44.754
Accel: 0.0100 0.058 1.0010
Gyro: 6.958 -1.678 39.215
Accel: 0.090 0.068 1.018
Gyro: 6.652 -2.807 41.748
Accel: 0.091 0.069 1.023
Gyro: 7.492 -3.494 41.0000
Accel: 0.094 0.070 1.024
Gyro: 8.956 -3.341 40.313
Accel: 0.098 0.071 1.021
Gyro: 10.269 -2.792 39.550
Accel: 0.094 0.082 1.015
Gyro: 11.108 -2.059 38.391
Accel: 0.093 0.085 1.0010
Gyro: 11.459 -2.120 37.185
Accel: 0.097 0.079 1.009
Gyro: 11.260 -2.563 35.491
Accel: 0.096 0.078 1.009
Gyro: 10.757 -2.349 33.187
Accel: 0.098 0.080 1.008
Gyro: 9.841 -1.022 31.738
Accel: 0.094 0.084 1.008
Gyro: 8.544 0.335 30.715
Accel: 0.089 0.082 1.009
Gyro: 7.461 1.846 30.258
Accel: 0.084 0.080 1.014
Gyro: 6.942 3.112 30.120
Accel: 0.075 0.082 1.016
Gyro: 7.614 3.295 30.242
Accel: 0.075 0.084 1.015
Gyro: 8.926 3.005 30.181
Accel: 0.077 0.086 1.0010
Gyro: 10.391 2.883 29.785
Accel: 0.080 0.089 1.003
Gyro: 11.383 2.883 28.854
Accel: 0.083 0.089 0.999
Gyro: 11.093 3.143 27.221
Accel: 0.088 0.088 0.993
Gyro: 9.948 3.616 25.131
Accel: 0.088 0.091 0.991
Gyro: 8.377 5.081 23.117
Accel: 0.089 0.088 0.989
Gyro: 6.698 6.484 21.438
Accel: 0.080 0.093 0.986
Gyro: 4.898 7.980 20.187
Accel: 0.073 0.096 0.985
Gyro: 3.646 9.094 19.409
Accel: 0.067 0.097 0.982
Gyro: 2.853 9.674 19.332
Accel: 0.068 0.094 0.980
Gyro: 2.441 9.811 18.722
Accel: 0.071 0.084 0.982
Gyro: 2.166 9.338 17.654
Accel: 0.068 0.082 0.982
Gyro: 2.197 8.544 16.403
Accel: 0.065 0.088 0.982
Gyro: 2.655 7.904 15.991
Accel: 0.057 0.092 0.987
Gyro: 3.417 6.866 15.884
Accel: 0.060 0.090 0.985
Gyro: 4.028 5.599 15.731
Accel: 0.059 0.091 0.987
Gyro: 4.241 3.662 15.060
Accel: 0.060 0.093 0.991
Gyro: 3.982 1.434 13.793
Accel: 0.062 0.093 0.991
Gyro: 3.616 0.213 12.359
Accel: 0.067 0.091 0.996
Gyro: 3.097 -1.174 11.138
Accel: 0.067 0.096 0.996
Gyro: 2.532 -1.129 10.040
Accel: 0.069 0.098 0.996
Gyro: 1.693 0.106 9.689
Accel: 0.073 0.098 0.998
Gyro: 0.778 2.075 9.689
Accel: 0.072 0.104 1.0000
Gyro: 0.106 3.723 9.811
Accel: 0.077 0.0100 1.0000
Gyro: -1.037 4.837 9.658
Accel: 0.082 0.097 1.002
Gyro: -1.876 5.783 8.758
Accel: 0.080 0.098 1.003
Gyro: -2.105 6.317 7.751
Accel: 0.079 0.101 1.006
Gyro: -1.937 6.210 6.988
Accel: 0.079 0.102 1.002
Gyro: -1.266 6.256 5.844
Accel: 0.084 0.093 1.0000
Gyro: -1.068 5.920 4.043
Accel: 0.082 0.096 0.999
Gyro: -1.342 5.371 2.014
Accel: 0.077 0.093 0.997
Gyro: -1.770 4.867 0.122
Accel: 0.072 0.090 0.998
Gyro: -2.075 4.592 -1.174
Accel: 0.063 0.092 1.0001
Gyro: -2.029 4.394 -1.739
Accel: 0.060 0.088 1.0001
Gyro: -1.342 4.623 -1.800
Accel: 0.058 0.082 1.061
Gyro: 0.473 5.249 -1.724
Accel: 0.056 0.080 0.997
Gyro: 0.396 5.477 -1.724
Accel: 0.052 0.075 0.996
Gyro: 0.747 4.913 -1.770
Accel: 0.045 0.079 0.993
Gyro: 0.503 3.814 -1.907
Accel: 0.038 0.080 0.993
Gyro: 0.320 2.319 -1.770
Accel: 0.032 0.079 0.996
Gyro: -1.403 0.076 -1.464
Accel: 0.030 0.076 0.996
Gyro: -2.319 -1.434 -1.205
Accel: 0.032 0.068 1.005
Gyro: -2.670 -2.517 0.701
Accel: 0.029 0.066 1.011
Gyro: -2.395 -3.234 0.076
Accel: 0.032 0.062 1.014
Gyro: -1.541 -3.387 1.220
Accel: 0.035 0.064 1.014
Gyro: 0.213 -3.189 2.639
Accel: 0.039 0.063 1.015
Gyro: 0.808 -3.051 4.013
Accel: 0.046 0.067 1.0010
Gyro: 1.144 -2.655 4.577
Accel: 0.018 0.081 1.007
Gyro: 1.815 0.274 0.976
Accel: 0.017 0.081 1.0010
Gyro: 2.288 0.045 0.488
Accel: 0.020 0.082 1.006
Gyro: 2.532 0.152 0.030
