Accel: 0.021 0.0010 0.973
Gyro: -3.875 2.563 1.541
Accel: 0.020 0.004 0.978
Gyro: 0.198 0.564 1.724
Accel: 0.020 0.004 0.981
Gyro: 0.076 -1.678 1.708
Accel: 0.023 0.004 0.984
Gyro: 0.732 -4.104 1.647
Accel: 0.024 0.005 0.989
Gyro: 1.281 -6.622 1.525
Accel: 0.025 0.006 0.991
Gyro: 1.419 -8.529 1.327
Accel: 0.030 0.006 1.0000
Gyro: 1.541 -9.902 0.976
Accel: 0.033 0.009 1.006
Gyro: 1.693 -10.757 0.671
Accel: 0.038 0.0010 1.008
Gyro: 1.815 -11.138 0.457
Accel: 0.042 0.009 1.012
Gyro: 1.556 -11.428 0.381
Accel: 0.045 0.009 1.018
Gyro: 1.205 -11.016 0.396
Accel: 0.048 0.0010 1.030
Gyro: 0.747 -10.772 0.534
Accel: 0.050 0.0010 1.032
Gyro: 0.640 -10.879 0.534
Accel: 0.051 0.012 1.038
Gyro: 0.305 -10.513 0.701
Accel: 0.052 0.013 1.038
Gyro: 0.228 -9.658 0.915
Accel: 0.049 0.011 1.042
Gyro: 0.717 -8.560 0.930
Accel: 0.044 0.011 1.043
Gyro: -1.052 -6.866 0.732
Accel: 0.044 0.015 1.047
Gyro: -1.174 -4.974 0.564
Accel: 0.043 0.018 1.053
Gyro: 0.900 -3.097 0.350
Accel: 0.047 0.021 1.056
Gyro: 0.137 -1.510 0.137
Accel: 0.046 0.026 1.060
Gyro: 0.869 0.549 0.167
Accel: 0.043 0.025 1.059
Gyro: 1.922 0.503 0.137
Accel: 0.040 0.025 1.057
Gyro: 2.609 1.510 0.091
Accel: 0.038 0.027 1.051
Gyro: 2.944 2.426 0.106
Accel: 0.035 0.028 1.047
Gyro: 3.143 3.341 0.030
Accel: 0.034 0.026 1.040
Gyro: 2.990 3.814 0.198
Accel: 0.032 0.024 1.035
Gyro: 3.097 3.952 0.244
Accel: 0.028 0.022 1.031
Gyro: 2.990 3.906 0.350
Accel: 0.030 0.016 1.028
Gyro: 2.914 3.189 0.152
Accel: 0.028 0.013 1.021
Gyro: 2.792 2.197 0.015
Accel: 0.028 0.014 1.019
Gyro: 2.868 1.388 0.183
Accel: 0.032 0.015 1.018
Gyro: 3.356 0.366 0.198
Accel: 0.033 0.013 1.017
Gyro: 3.524 0.930 0.106
Accel: 0.033 0.009 1.013
Gyro: 3.906 -1.907 0.106
Accel: 0.037 0.007 1.0010
Gyro: 4.318 -2.822 0.183
Accel: 0.040 0.006 1.004
Gyro: 4.547 -3.784 0.305
Accel: 0.044 0.002 1.002
Gyro: 4.882 -5.325 0.579
Accel: 0.046 0.0000 0.993
Gyro: 4.638 -6.896 0.747
Accel: 0.048 0.002 0.984
Gyro: 4.058 -8.239 0.885
Accel: 0.051 0.005 0.983
Gyro: 2.929 -9.536 0.900
Accel: 0.056 0.007 0.983
Gyro: 2.059 -11.169 -1.235
Accel: 0.055 0.006 0.988
Gyro: 1.724 -12.725 -1.419
Accel: 0.058 0.008 0.991
Gyro: 1.510 -13.061 -1.663
Accel: 0.065 0.011 0.996
Gyro: 1.525 -12.390 -1.983
Accel: 0.067 0.011 0.999
Gyro: 1.678 -11.184 -1.983
Accel: 0.067 0.012 0.999
Gyro: 1.739 -9.262 -1.953
Accel: 0.071 0.012 0.998
Gyro: 1.373 -6.622 -1.831
Accel: 0.074 0.015 1.0000
Gyro: 1.022 -4.104 -1.586
Accel: 0.074 0.019 1.007
Gyro: 1.052 -2.044 -1.510
Accel: 0.071 0.016 1.003
Gyro: 0.869 0.030 -1.388
Accel: 0.067 0.012 0.994
Gyro: 0.335 2.105 0.747
Accel: 0.065 0.0010 0.992
Gyro: 0.152 3.662 3.875
Accel: 0.058 0.013 0.991
Gyro: 0.274 4.379 0.350
Accel: 0.051 0.008 0.986
Gyro: 0.122 4.547 0.549
Accel: 0.049 0.007 0.979
Gyro: 0.320 4.241 0.869
Accel: 0.048 0.005 0.971
Gyro: 0.289 3.112 1.266
Accel: 0.048 0.006 0.976
Gyro: 0.656 0.717 1.296
Accel: 0.043 0.003 0.975
Gyro: 1.052 -2.197 1.083
Accel: 0.040 0.003 0.968
Gyro: 0.808 -5.081 1.037
Accel: 0.044 0.0001 0.972
Gyro: 0.366 -7.400 0.885
Accel: 0.047 0.003 0.978
Gyro: 0.335 -9.078 0.808
Accel: 0.049 0.005 0.980
Gyro: 0.045 -10.040 0.640
Accel: 0.052 0.005 0.981
Gyro: 0.183 -10.574 0.534
Accel: 0.055 0.005 0.991
Gyro: 0.198 -10.818 0.320
Accel: 0.060 0.005 0.994
Gyro: 0.137 -10.681 0.152
Accel: 0.067 0.006 0.993
Gyro: 0.106 -10.482 0.198
Accel: 0.071 0.008 0.992
Gyro: 0.183 -10.650 0.259
Accel: 0.074 0.005 0.998
Gyro: 0.518 -11.032 0.228
Accel: 0.078 0.005 0.999
Gyro: 0.686 -11.184 0.411
Accel: 0.080 0.008 1.004
Gyro: 0.976 -10.604 0.442
Accel: 0.082 0.007 1.005
Gyro: -1.144 -9.597 0.366
Accel: 0.088 0.008 1.011
Gyro: -1.220 -8.300 0.335
Accel: 0.091 0.006 1.0010
Gyro: 0.991 -6.896 0.198
Accel: 0.089 0.009 1.008
Gyro: 0.640 -5.004 0.0000
Accel: 0.091 0.009 1.003
Gyro: 0.503 -3.219 0.427
Accel: 0.095 0.004 1.0010
Gyro: 0.534 -1.861 0.488
Accel: 0.094 0.004 1.012
Gyro: 3.890 -1.464 0.366
Accel: 0.088 0.004 1.012
Gyro: 0.289 0.442 0.656
Accel: 0.090 0.003 1.014
Gyro: 0.289 1.129 0.686
Accel: 0.093 0.002 1.017
Gyro: 0.503 2.304 0.686
Accel: 0.088 0.003 1.016
Gyro: 0.778 2.960 0.732
Accel: 0.086 0.004 1.008
Gyro: 0.900 3.738 0.778
Accel: 0.084 0.003 1.007
Gyro: 0.854 3.768 0.701
Accel: 0.079 0.002 1.006
Gyro: 1.174 3.799 0.640
Accel: 0.078 0.0000 1.004
Gyro: 1.220 3.219 0.671
Accel: 0.074 0.003 1.003
Gyro: 1.159 2.014 0.701
Accel: 0.070 0.002 0.998
Gyro: 0.915 0.671 0.778
Accel: 0.068 0.003 0.996
Gyro: 0.427 -1.083 0.900
Accel: 0.067 0.002 0.998
Gyro: -3.829 -2.868 1.083
Accel: 0.071 0.062 1.002
Gyro: 0.381 -4.333 1.144
Accel: 0.071 0.003 1.005
Gyro: 0.717 -5.599 1.083
Accel: 0.072 0.009 1.0001
Gyro: -1.251 -6.439 1.129
Accel: 0.076 0.013 1.005
Gyro: -2.044 -6.225 1.083
Accel: 0.080 0.012 1.012
Gyro: -2.059 -5.783 0.778
Accel: 0.080 0.015 1.016
Gyro: -1.907 -5.203 0.488
Accel: 0.081 0.016 1.012
Gyro: -2.120 -4.669 0.152
Accel: 0.079 0.018 1.0010
Gyro: -2.502 -4.470 0.106
Accel: 0.082 0.018 1.014
Gyro: -2.593 -4.989 0.137
Accel: 0.080 0.015 1.014
Gyro: -2.685 -5.828 0.228
Accel: 0.076 0.014 1.017
Gyro: -3.311 -5.401 0.198
Accel: 0.080 0.014 1.020
Gyro: -3.524 -4.913 0.488
Accel: 0.082 0.014 1.020
Gyro: -3.601 -4.150 0.823
Accel: 0.085 0.019 1.021
Gyro: -3.433 -3.662 0.915
Accel: 0.081 0.023 1.024
Gyro: -3.021 -2.929 1.296
Accel: 0.084 0.018 1.027
Gyro: -2.685 -1.602 1.831
Accel: 0.092 0.014 1.031
Gyro: -2.197 0.106 1.892
Accel: 0.087 0.018 1.034
Gyro: -2.090 0.900 1.968
Accel: 0.085 0.019 1.031
Gyro: -2.090 1.785 1.770
Accel: 0.086 0.020 1.027
Gyro: -1.861 2.807 1.602
Accel: 0.084 0.020 1.023
Gyro: -1.586 3.829 1.922
Accel: 0.085 0.0010 1.022
Gyro: -1.296 4.135 1.983
Accel: 0.081 0.011 1.023
Gyro: 0.442 4.241 1.586
Accel: 0.078 0.013 1.017
Gyro: 0.167 4.333 1.312
Accel: 0.081 0.014 1.0010
Gyro: 0.503 5.081 1.266
Accel: 0.083 0.016 1.009
Gyro: 0.656 5.752 1.205
Accel: 0.080 0.015 1.009
Gyro: 0.823 5.767 1.144
Accel: 0.078 0.013 1.006
Gyro: 0.915 5.187 0.808
Accel: 0.076 0.0010 1.0001
Gyro: 1.113 4.821 0.762
Accel: 0.079 0.005 0.996
Gyro: 1.129 4.928 0.885
Accel: 0.083 0.0001 0.996
Gyro: 1.174 4.882 0.808
Accel: 0.080 0.0001 0.999
Gyro: 1.358 0.122 0.671
Accel: 0.078 0.0001 0.994
Gyro: 1.632 2.761 0.427
Accel: 0.078 0.003 0.994
Gyro: 1.464 1.617 0.167
Accel: 0.076 0.002 0.996
Gyro: 1.205 0.396 0.137
Accel: 0.076 0.0001 0.998
Gyro: 0.854 0.640 -3.875
Accel: 0.076 0.003 0.998
Gyro: 0.625 0.244 0.076
Accel: 0.078 0.0000 1.061
Gyro: 0.045 0.610 0.427
Accel: 0.080 0.0001 0.998
Gyro: 0.137 1.876 0.518
Accel: 0.080 0.0001 0.999
Gyro: 0.320 2.761 0.350
Accel: 0.076 0.006 0.993
Gyro: 0.457 3.677 0.289
Accel: 0.078 0.006 0.992
Gyro: 0.518 3.417 0.396
Accel: 0.077 0.003 0.989
Gyro: 0.900 2.120 0.411
Accel: 0.240 0.021 1.460
Gyro: -14.022 11.0001 19.485
Accel: 0.263 0.014 1.418
Gyro: -18.447 13.595 17.150
Accel: 0.287 0.013 1.314
Gyro: -21.255 16.204 18.722
Accel: 0.307 0.015 1.328
Gyro: -21.728 19.241 20.568
Accel: 0.322 0.015 1.278
Gyro: -20.553 21.743 21.453
Accel: 0.321 0.0010 1.219
Gyro: -18.432 21.911 21.331
Accel: 0.316 0.0000 1.151
Gyro: -16.006 18.981 20.080
Accel: 0.319 0.007 1.081
Gyro: -13.214 12.451 17.669
Accel: 0.307 0.013 1.017
Gyro: -10.055 0.350 14.831
Accel: 0.280 0.059 0.931
Gyro: -8.087 -3.311 12.222
Accel: 0.232 0.002 0.847
Gyro: -9.811 -4.257 12.023
Accel: 0.205 0.003 0.807
Gyro: -12.191 0.442 12.603
Accel: 0.185 0.016 0.789
Gyro: -15.457 7.537 13.809
Accel: 0.174 0.039 0.778
Gyro: -17.150 17.623 14.724
Accel: 0.175 0.044 0.759
Gyro: -17.578 29.022 14.465
Accel: 0.164 0.027 0.743
Gyro: -18.005 41.397 13.458
Accel: 0.179 0.009 0.729
Gyro: -17.852 57.846 11.230
Accel: 0.198 0.008 0.710
Gyro: -17.929 67.611 7.507
Accel: 0.191 0.031 0.684
Gyro: -17.761 80.322 3.479
Accel: 0.172 0.034 0.650
Gyro: -17.807 92.117 0.213
Accel: 0.151 0.024 0.610
Gyro: -17.837 102.294 -2.655
Accel: 0.135 0.015 0.571
Gyro: -17.623 109.130 -5.477
Accel: 0.112 0.003 0.522
Gyro: -17.700 113.021 -7.415
Accel: 0.092 0.0000 0.473
Gyro: -18.829 114.028 -8.712
Accel: 0.083 0.014 0.377
Gyro: -20.797 112.228 -8.590
Accel: 0.081 0.019 0.455
Gyro: -22.521 104.095 -3.952
Accel: 0.087 0.016 0.476
Gyro: -22.811 85.937 -6.042
Accel: 0.094 0.017 0.482
Gyro: -21.255 74.188 -4.043
Accel: 0.091 0.017 0.481
Gyro: -18.249 59.097 -1.419
Accel: 0.090 0.0010 0.475
Gyro: -14.999 45.715 0.442
Accel: 0.087 0.016 0.469
Gyro: -12.603 35.018 1.464
Accel: 0.076 0.034 0.478
Gyro: -10.528 26.214 2.868
Accel: 0.064 0.045 0.493
Gyro: -8.666 19.180 4.699
Accel: 0.053 0.042 0.525
Gyro: -6.958 10.238 5.630
Accel: 0.033 0.046 0.562
Gyro: -4.943 -3.265 5.218
Accel: 0.013 0.123 0.611
Gyro: -2.548 -9.338 3.143
Accel: 0.007 0.072 0.657
Gyro: 0.595 -19.744 0.076
Accel: 0.014 0.074 0.688
Gyro: 2.655 -29.251 -3.219
Accel: 0.008 0.079 0.704
Gyro: 4.058 -35.263 -4.959
Accel: 0.004 0.072 0.711
Gyro: 4.592 -36.300 -4.730
Accel: 0.013 0.052 0.723
Gyro: 3.845 -32.699 -2.334
Accel: 0.013 0.024 0.754
Gyro: 2.349 -24.459 0.961
Accel: 0.009 0.003 0.872
Gyro: 2.059 -14.999 3.479
Accel: 0.005 0.0010 0.850
Gyro: 3.494 -7.263 3.829
Accel: 0.003 0.018 0.879
Gyro: 5.950 0.671 2.944
Accel: 0.009 0.055 0.901
Gyro: 9.155 9.475 1.281
Accel: 0.013 0.076 0.914
Gyro: 11.108 17.807 -1.235
Accel: 0.022 0.087 0.915
Gyro: 11.566 24.505 -3.143
Accel: 0.016 0.080 0.900
Gyro: 11.398 30.502 -3.890
Accel: 0.013 0.065 0.885
Gyro: 10.986 34.866 -3.799
Accel: 0.026 0.052 0.872
Gyro: 11.184 36.621 -3.311
Accel: 0.040 0.045 0.869
Gyro: 11.962 35.705 -2.700
Accel: 0.049 0.043 0.860
Gyro: 13.015 31.814 -2.288
Accel: 0.066 0.050 0.850
Gyro: 13.809 26.306 -1.907
Accel: 0.079 0.059 0.851
Gyro: 14.526 20.385 -1.754
Accel: 0.089 0.073 0.850
Gyro: 14.602 12.863 -2.868
Accel: 0.097 0.086 0.850
Gyro: 14.022 0.518 -4.806
Accel: 0.112 0.085 0.853
Gyro: 12.374 -4.684 -7.278
Accel: 0.125 0.084 0.862
Gyro: 10.162 -13.320 -9.307
Accel: 0.129 0.072 0.875
Gyro: 8.636 -20.599 -10.437
Accel: 0.131 0.052 0.879
Gyro: 7.431 -24.932 -10.711
Accel: 0.135 0.044 0.895
Gyro: 6.225 -25.939 -10.086
Accel: 0.140 0.050 0.911
Gyro: 5.187 -25.436 -9.155
Accel: 0.132 0.056 0.924
Gyro: 0.015 -23.818 -8.0010
Accel: 0.121 0.068 0.941
Gyro: 2.990 -22.491 -7.781
Accel: 0.107 0.066 0.876
Gyro: 2.105 -22.018 -8.377
Accel: 0.095 0.061 0.934
Gyro: 0.152 -21.606 -8.773
Accel: 0.085 0.057 0.937
Gyro: -1.220 -19.744 -8.468
Accel: 0.080 0.041 0.951
Gyro: -2.166 -15.914 -7.659
Accel: 0.071 0.039 0.967
Gyro: -1.739 -12.313 -6.347
Accel: 0.062 0.051 0.976
Gyro: 0.595 -10.803 -4.852
Accel: 0.043 0.053 0.987
Gyro: 0.610 -15.609 -4.241
Accel: 0.018 0.057 0.997
Gyro: 1.480 -14.633 -3.601
Accel: 0.002 0.058 0.994
Gyro: 1.571 -17.608 -2.731
Accel: 0.018 0.056 0.985
Gyro: 1.083 -20.385 -1.785
Accel: 0.023 0.051 0.980
Gyro: 0.427 -21.469 0.930
Accel: 0.031 0.049 0.986
Gyro: -1.632 -20.782 0.473
Accel: 0.049 0.045 0.981
Gyro: -2.410 -19.439 0.244
Accel: 0.067 0.041 0.973
Gyro: -3.067 -17.669 0.259
Accel: 0.070 0.045 0.964
Gyro: -3.341 -16.571 0.747
Accel: 0.074 0.038 0.951
Gyro: -7.659 -17.105 -2.304
Accel: 0.075 0.027 0.945
Gyro: -4.638 -18.295 -5.462
Accel: 0.072 0.037 0.936
Gyro: -4.226 -18.035 -8.529
Accel: 0.072 0.047 0.912
Gyro: -4.013 -15.457 -10.665
Accel: 0.069 0.058 0.895
Gyro: -4.760 -11.138 -11.779
Accel: 0.054 0.070 0.895
Gyro: -5.691 -7.598 -12.145
Accel: 0.040 0.058 0.883
Gyro: -5.844 -5.172 -11.810
Accel: 0.031 0.030 0.851
Gyro: -5.050 -3.326 -11.383
Accel: 0.021 0.005 0.813
Gyro: -5.065 -3.204 -10.910
Accel: 0.013 0.014 0.765
Gyro: -7.141 -6.408 -10.116
Accel: 0.013 0.035 0.708
Gyro: -12.268 -12.115 -9.185
Accel: 0.015 0.038 0.653
Gyro: -18.051 -19.577 -3.982
Accel: 0.0000 0.014 0.612
Gyro: -23.391 -29.006 -6.027
Accel: 0.017 0.026 0.500
Gyro: -28.976 -42.800 -3.173
Accel: 0.026 0.050 0.521
Gyro: -33.004 -54.321 3.829
Accel: 0.024 0.064 0.464
Gyro: -36.026 -63.507 2.105
Accel: 0.003 0.065 0.319
Gyro: -36.849 -74.279 3.509
Accel: 0.057 0.0000 0.252
Gyro: -36.788 -82.412 7.736
Accel: 0.014 0.104 0.182
Gyro: -30.334 -80.413 12.115
Accel: 0.037 0.107 0.065
Gyro: -19.271 -70.617 13.687
Accel: 0.018 0.122 0.027
Gyro: -12.268 -61.386 14.785
Accel: 0.013 0.118 0.004
Gyro: -8.880 -56.030 16.006
Accel: 0.019 0.096 0.008
Gyro: -7.171 -51.330 16.128
Accel: 0.005 0.0010 0.086
Gyro: -4.425 -47.683 15.380
Accel: 0.0001 0.008 0.022
Gyro: -1.480 -44.265 14.846
Accel: 0.007 0.009 0.029
Gyro: 0.869 -41.229 14.465
Accel: 0.005 0.008 0.041
Gyro: 2.822 -37.933 14.129
Accel: 0.002 0.008 0.050
Gyro: 4.287 -34.851 13.824
Accel: 0.003 0.005 0.056
Gyro: 5.493 -31.890 13.656
Accel: 0.003 0.005 0.054
Gyro: 6.362 -29.159 13.458
Accel: 0.005 0.006 0.055
Gyro: 7.049 -26.046 13.153
Accel: 0.003 0.005 0.058
Gyro: 7.492 -23.254 12.939
Accel: 0.004 0.004 0.062
Gyro: 7.904 -20.050 12.680
Accel: 0.005 0.006 0.067
Gyro: 8.132 -17.135 12.374
Accel: 0.004 0.006 0.067
Gyro: 8.697 -14.541 12.039
Accel: 0.006 0.004 0.071
Gyro: 8.682 -11.581 11.734
Accel: 0.004 0.006 0.074
Gyro: 8.651 -8.560 11.276
Accel: 0.005 0.005 0.082
Gyro: 8.773 -6.027 11.0001
Accel: 0.003 0.006 0.081
Gyro: 9.124 -3.219 10.696
Accel: 0.008 0.006 0.093
Gyro: 9.536 0.579 10.452
Accel: 0.004 0.007 0.091
Gyro: 10.421 2.349 10.299
Accel: 0.005 0.007 0.101
Gyro: 15.487 5.157 10.208
Accel: 0.005 0.009 0.124
Gyro: 13.183 8.178 10.375
Accel: 0.087 0.093 0.238
Gyro: -38.040 -27.267 50.415
Accel: 2.971 -2.334 7.999
Gyro: -273.117 210.754 70.098
Accel: 1.852 -2.008 6.197
Gyro: 76.965 373.092 35.598
Accel: 0.981 0.343 5.602
Gyro: 68.527 301.0010 38.986
Accel: 0.900 0.419 0.153
Gyro: 27.343 237.182 26.702
Accel: -1.026 0.115 0.643
Gyro: 27.648 124.282 11.566
Accel: -1.096 0.141 0.093
Gyro: 51.040 13.671 -16.860
Accel: 0.856 0.119 1.436
Gyro: 67.916 -76.660 -43.380
Accel: 0.891 0.062 1.008
Gyro: 56.564 -137.802 -49.972
Accel: 0.293 0.422 4.310
Gyro: -64.712 150.588 -32.516
Accel: 0.320 0.485 1.139
Gyro: -11.505 77.270 -15.075
Accel: 0.635 0.371 0.952
Gyro: 22.857 -28.488 -1.724
Accel: 0.390 0.120 1.549
Gyro: 0.152 -61.523 6.469
Accel: 0.024 0.066 1.696
Gyro: -39.505 -45.349 12.207
Accel: 0.037 0.184 1.349
Gyro: -51.467 -61.920 14.160
Accel: 0.0000 0.229 1.278
Gyro: -48.889 -65.994 12.924
Accel: 0.165 0.235 1.368
Gyro: -45.730 -51.986 8.529
Accel: 0.203 0.287 1.289
Gyro: -39.764 -33.370 3.173
Accel: 0.260 0.356 1.181
Gyro: -31.997 -21.743 -2.349
Accel: 0.228 0.358 1.154
Gyro: -23.193 -12.908 -9.796
Accel: 0.220 0.328 1.145
Gyro: -11.856 -3.875 -16.250
Accel: 0.213 0.283 1.117
Gyro: 2.761 4.394 -19.241
Accel: 0.169 0.237 1.091
Gyro: 9.185 9.780 -18.447
Accel: 0.121 0.208 1.079
Gyro: 17.929 11.901 -15.289
Accel: 0.071 0.199 1.079
Gyro: 23.239 10.421 -12.603
Accel: 0.024 0.187 1.076
Gyro: 24.917 3.509 -11.993
Accel: 0.036 0.158 1.046
Gyro: 24.322 0.854 -13.488
Accel: 0.042 0.138 1.026
Gyro: 23.986 -3.860 -14.953
Accel: 0.064 0.144 1.020
Gyro: 24.810 -4.379 -15.533
Accel: 0.090 0.143 0.994
Gyro: 25.268 0.534 -15.502
Accel: 0.103 0.128 0.955
Gyro: 24.337 11.444 -14.770
Accel: 0.107 0.122 0.923
Gyro: 22.567 13.198 -13.610
Accel: 0.093 0.131 0.921
Gyro: 20.690 16.571 -12.252
Accel: 0.076 0.121 0.927
Gyro: 18.341 20.614 -11.123
Accel: 0.071 0.101 0.914
Gyro: 16.403 25.329 -10.620
Accel: 0.080 0.103 0.898
Gyro: 14.663 28.686 -9.887
Accel: 0.089 0.104 0.889
Gyro: 11.520 32.913 -9.674
Accel: 0.076 0.081 0.900
Gyro: 9.552 38.452 -10.269
Accel: 0.057 0.061 0.926
Gyro: 8.560 41.870 -12.252
Accel: 0.026 0.059 0.937
Gyro: 7.888 43.319 -14.862
Accel: 0.011 0.053 0.947
Gyro: 6.423 45.257 -15.716
Accel: 0.004 0.069 0.942
Gyro: 5.203 47.302 -13.595
Accel: 0.038 0.114 1.004
Gyro: 14.434 41.534 -4.333
Accel: 0.058 0.176 1.171
Gyro: 28.106 36.346 2.426
Accel: 0.140 0.140 1.075
Gyro: 40.817 27.069 10.131
Accel: 0.241 0.053 0.950
Gyro: 27.465 -3.814 9.552
Accel: 0.227 0.061 1.017
Gyro: 21.652 -21.911 4.379
Accel: 0.176 0.047 1.104
Gyro: 16.418 -34.347 -2.288
Accel: 0.132 0.057 1.086
Gyro: 11.047 -38.360 -9.277
Accel: 0.009 0.057 1.079
Gyro: 7.904 -34.149 -12.573
Accel: 0.004 0.038 0.986
Gyro: 2.197 -22.155 -7.904
Accel: 0.036 0.086 1.031
Gyro: -3.219 -14.862 -8.636
Accel: 0.078 0.112 1.0100
Gyro: -4.531 -8.819 -6.408
Accel: 0.039 0.114 1.244
Gyro: 3.097 -5.889 -3.311
Accel: 0.020 0.108 1.213
Gyro: 8.163 -5.554 0.656
Accel: 0.110 0.097 1.164
Gyro: 22.766 -2.075 2.075
Accel: 0.026 0.035 1.125
Gyro: 40.451 10.864 -1.525
Accel: 0.020 0.037 1.087
Gyro: 43.045 10.131 -3.952
Accel: 0.066 0.030 1.065
Gyro: 39.840 7.324 -5.783
Accel: 0.043 0.075 1.047
Gyro: 34.286 2.426 -4.837
Accel: 0.071 0.062 1.040
Gyro: 26.855 -5.355 -5.096
Accel: 0.061 0.041 1.050
Gyro: 20.629 -11.184 -6.912
Accel: 0.051 0.047 1.044
Gyro: 15.594 -13.229 -8.132
Accel: 0.026 0.056 1.013
Gyro: 11.215 -12.313 -8.209
Accel: 0.002 0.069 0.988
Gyro: 8.514 -10.574 -7.659
Accel: 0.011 0.084 0.973
Gyro: 8.132 -9.216 -7.125
Accel: 0.009 0.102 0.961
Gyro: 9.277 -8.407 -6.896
Accel: 0.0001 0.105 0.951
Gyro: 10.543 -8.239 -7.522
Accel: 0.009 0.093 0.944
Gyro: 11.062 -8.865 -8.651
Accel: 0.018 0.072 0.931
Gyro: 10.284 -9.887 -9.918
Accel: 0.018 0.039 0.924
Gyro: 7.751 -11.810 -11.108
Accel: 0.024 0.016 0.925
Gyro: 5.523 -15.167 -12.115
Accel: 0.031 0.0001 0.918
Gyro: 4.104 -19.668 -12.847
Accel: 0.033 0.0010 0.895
Gyro: 3.173 -25.695 -9.475
Accel: 0.036 0.007 0.894
Gyro: 1.708 -29.190 -6.256
Accel: 0.030 0.012 0.899
Gyro: 1.251 -29.785 -5.615
Accel: 0.022 0.012 0.918
Gyro: 1.007 -28.564 -6.332
Accel: 0.036 0.005 0.924
Gyro: 0.518 -25.863 -5.813
Accel: 0.064 0.003 0.935
Gyro: -3.173 -22.003 -4.837
Accel: 0.077 0.008 0.947
Gyro: -5.096 -17.471 -3.494
Accel: 0.099 0.008 0.967
Gyro: -5.966 -12.710 -2.990
Accel: 0.101 0.009 0.984
Gyro: -5.874 -8.804 -3.234
Accel: 0.103 0.009 1.020
Gyro: -3.707 -5.676 -3.662
Accel: 0.097 0.005 1.034
Gyro: -1.846 -2.075 -3.631
Accel: 0.096 0.003 1.040
Gyro: -1.449 2.532 -3.799
Accel: 0.085 0.002 1.043
Gyro: -2.227 7.034 -4.318
Accel: 0.070 0.0000 1.047
Gyro: -2.944 11.0001 -5.493
Accel: 0.056 0.0000 1.033
Gyro: -7.690 13.854 -6.286
Accel: 0.052 0.0001 1.018
Gyro: -5.523 15.777 -6.713
Accel: 0.047 0.0000 1.011
Gyro: -7.476 17.074 -6.973
Accel: 0.039 0.0001 1.0010
Gyro: -8.621 18.966 -6.759
Accel: 0.049 0.009 1.018
Gyro: -8.544 20.431 -5.996
Accel: 0.053 0.016 1.011
Gyro: -7.644 21.438 -5.187
Accel: 0.047 0.026 1.006
Gyro: -6.500 22.308 -4.409
Accel: 0.030 0.036 0.998
Gyro: -4.943 22.186 -3.662
Accel: 0.022 0.044 0.985
Gyro: -3.662 20.217 -2.960
Accel: 0.015 0.048 0.973
Gyro: -2.944 15.899 -2.548
Accel: 0.0000 0.043 0.964
Gyro: -2.441 9.521 -2.548
Accel: 0.005 0.036 0.962
Gyro: -2.182 1.419 -3.005
Accel: 0.0010 0.030 0.959
Gyro: -1.495 -6.484 -3.219
Accel: 0.0000 0.017 0.950
Gyro: 0.976 -12.237 -3.280
Accel: 0.014 0.002 0.954
Gyro: 0.793 -17.120 -2.868
Accel: 0.025 0.002 0.963
Gyro: 0.579 -19.989 -2.090
Accel: 0.035 0.0001 0.973
Gyro: 0.015 -21.560 -1.174
Accel: 0.037 0.005 0.981
Gyro: 0.701 -22.689 0.366
Accel: 0.045 0.005 0.983
Gyro: 0.732 -23.0010 0.061
Accel: 0.053 0.012 0.991
Gyro: 0.045 -22.903 0.106
Accel: 0.056 0.013 0.996
Gyro: 0.381 -22.918 0.045
Accel: 0.067 0.015 0.999
Gyro: 0.869 -21.789 0.152
Accel: 0.078 0.019 1.0010
Gyro: -1.205 -20.050 0.366
Accel: 0.086 0.023 1.017
Gyro: 0.885 -18.692 0.289
Accel: 0.090 0.026 1.022
Gyro: 0.381 -16.860 0.106
Accel: 0.087 0.024 1.025
Gyro: 0.244 -14.312 0.732
Accel: 0.086 0.018 1.029
Gyro: 1.022 -11.138 1.510
Accel: 0.086 0.014 1.029
Gyro: 1.632 -7.644 2.151
Accel: 0.080 0.012 1.034
Gyro: 2.319 -4.821 2.807
Accel: 0.075 0.013 1.032
Gyro: 2.822 -1.480 3.387
Accel: 0.074 0.013 1.031
Gyro: 2.975 2.700 3.692
Accel: 0.074 0.015 1.030
Gyro: 3.021 7.644 3.829
Accel: 0.074 0.016 1.028
Gyro: 3.005 12.313 4.028
Accel: 0.073 0.012 1.024
Gyro: 2.639 16.479 4.196
Accel: 0.067 0.017 1.020
Gyro: 2.395 20.034 4.135
Accel: 0.064 0.022 1.0010
Gyro: 2.151 22.140 4.211
Accel: 0.059 0.024 1.0001
Gyro: 1.480 22.323 3.997
Accel: 0.048 0.020 0.992
Gyro: 0.732 21.255 3.463
Accel: 0.039 0.019 0.985
Gyro: 0.091 18.905 2.532
Accel: 0.034 0.023 0.976
Gyro: 0.640 15.335 1.739
Accel: 0.031 0.030 0.969
Gyro: -1.235 11.474 1.144
Accel: 0.031 0.036 0.968
Gyro: -1.205 7.522 0.488
Accel: 0.029 0.041 0.971
Gyro: 0.671 2.929 0.183
Accel: 0.031 0.042 0.973
Gyro: 0.106 0.930 0.228
Accel: 0.038 0.041 0.985
Gyro: 0.762 -5.783 0.167
Accel: 0.031 0.040 0.996
Gyro: 1.510 -10.955 0.274
Accel: 0.031 0.039 1.005
Gyro: 2.243 -16.143 0.274
Accel: 0.027 0.039 1.007
Gyro: 2.731 -19.577 0.488
Accel: 0.030 0.040 1.012
Gyro: 2.471 -21.072 0.106
Accel: 0.035 0.036 1.018
Gyro: 2.685 -20.797 0.625
Accel: 0.030 0.036 1.020
Gyro: 3.341 -18.508 1.342
Accel: 0.031 0.030 1.023
Gyro: 4.440 -11.749 1.876
Accel: 0.027 0.031 1.015
Gyro: 5.111 -10.833 3.189
Accel: 0.032 0.028 1.015
Gyro: 5.538 -4.928 4.837
Accel: 0.032 0.018 1.016
Gyro: 6.118 1.419 6.256
Accel: 0.028 0.011 1.018
Gyro: 6.851 7.400 7.217
Accel: 0.028 0.015 1.020
Gyro: 7.934 11.215 7.751
Accel: 0.024 0.016 1.013
Gyro: 8.834 14.160 8.361
Accel: 0.026 0.011 1.012
Gyro: 9.643 17.395 9.048
Accel: 0.027 0.0010 1.011
Gyro: 10.482 23.269 9.445
Accel: 0.018 0.012 1.003
Gyro: 10.650 20.370 9.735
Accel: 0.016 0.015 0.996
Gyro: 10.498 19.699 9.170
Accel: 0.015 0.016 0.991
Gyro: 10.665 17.364 8.300
Accel: 0.020 0.024 0.987
Gyro: 11.108 13.092 7.263
Accel: 0.020 0.023 0.973
Gyro: 11.383 8.041 6.072
Accel: 0.017 0.018 0.964
Gyro: 10.391 4.425 5.447
Accel: 0.021 0.003 0.977
Gyro: 9.109 1.037 4.592
Accel: 0.027 0.004 0.990
Gyro: 8.743 -7.324 3.646
Accel: 0.028 0.008 0.993
Gyro: 8.438 -8.270 2.365
Accel: 0.031 0.012 0.997
Gyro: 7.507 -13.351 1.113
Accel: 0.036 0.014 1.002
Gyro: 6.607 -18.096 0.030
Accel: 0.043 0.017 1.004
Gyro: 5.874 -22.430 0.961
Accel: 0.048 0.016 1.003
Gyro: 4.486 -25.802 -1.693
Accel: 0.048 0.017 1.004
Gyro: 3.067 -28.182 -2.182
Accel: 0.052 0.016 1.002
Gyro: 1.861 -29.418 -2.532
Accel: 0.056 0.023 1.0000
Gyro: 0.289 -28.488 -2.380
Accel: 0.065 0.022 1.011
Gyro: -1.144 -25.207 -1.907
Accel: 0.072 0.023 1.026
Gyro: -1.846 -20.629 -1.739
Accel: 0.074 0.020 1.028
Gyro: -2.639 -15.487 -1.327
Accel: 0.077 0.012 1.030
Gyro: -3.280 -9.704 0.900
Accel: 0.078 0.008 1.029
Gyro: -3.799 -3.936 0.366
Accel: 0.072 0.009 1.030
Gyro: -4.516 1.129 0.320
Accel: 0.066 0.007 1.028
Gyro: -4.913 5.172 0.778
Accel: 0.065 0.006 1.023
Gyro: -5.218 8.773 1.464
Accel: 0.066 0.002 1.018
Gyro: -5.340 15.441 1.846
Accel: 0.057 0.005 1.012
Gyro: -5.111 13.290 2.136
Accel: 0.053 0.0010 1.006
Gyro: -5.004 13.748 2.593
Accel: 0.050 0.012 0.995
Gyro: -4.837 13.198 2.746
Accel: 0.044 0.015 0.990
Gyro: -4.852 11.642 2.960
Accel: 0.042 0.022 0.984
Gyro: -5.020 9.719 3.021
Accel: 0.044 0.028 0.980
Gyro: -5.126 6.805 3.021
Accel: 0.043 0.026 0.981
Gyro: -4.852 3.067 2.761
Accel: 0.040 0.024 0.983
Gyro: -4.562 0.564 2.441
Accel: 0.044 0.020 0.984
Gyro: -4.425 -7.751 2.014
Accel: 0.051 0.023 0.991
Gyro: -3.875 -7.156 1.464
Accel: 0.055 0.030 0.994
Gyro: -3.250 -10.528 1.022
Accel: 0.058 0.035 1.0001
Gyro: -3.219 -12.924 0.976
Accel: 0.059 0.034 1.009
Gyro: -2.883 -13.992 0.579
Accel: 0.060 0.036 1.014
Gyro: -2.548 -13.870 0.061
Accel: 0.068 0.038 1.018
Gyro: -2.105 -13.565 0.244
Accel: 0.071 0.033 1.022
Gyro: -1.571 -12.161 0.106
Accel: 0.073 0.026 1.021
Gyro: -1.495 -8.972 0.244
Accel: 0.074 0.024 1.026
Gyro: -1.754 -5.477 0.839
Accel: 0.074 0.018 1.029
Gyro: -2.243 -3.036 1.403
Accel: 0.070 0.018 1.035
Gyro: -2.105 0.274 1.510
Accel: 0.069 0.020 1.037
Gyro: -1.754 2.700 1.907
Accel: 0.067 0.023 1.036
Gyro: -1.617 4.608 2.548
Accel: 0.060 0.027 1.032
Gyro: -1.098 5.966 2.914
Accel: 0.057 0.031 1.022
Gyro: 0.610 6.530 3.067
Accel: 0.049 0.033 1.0010
Gyro: 0.335 6.881 3.479
Accel: 0.050 0.035 1.009
Gyro: 0.228 6.530 3.814
Accel: 0.044 0.035 1.005
Gyro: 0.289 5.508 3.875
Accel: 0.041 0.035 1.0001
Gyro: 0.869 3.936 3.555
Accel: 0.041 0.034 0.997
Gyro: 0.869 2.670 3.784
Accel: 0.047 0.028 1.002
Gyro: 0.518 1.953 3.692
Accel: 0.047 0.025 1.005
Gyro: 0.381 1.358 3.555
Accel: 0.050 0.025 1.005
Gyro: 0.228 1.205 3.067
Accel: 0.053 0.025 1.006
Gyro: 0.213 1.937 2.471
Accel: 0.055 0.031 1.008
Gyro: 0.183 2.731 1.998
Accel: 0.056 0.031 1.0010
Gyro: 0.396 4.028 1.449
