Accel: 0.040 0.037 1.035
Gyro: -1.647 -6.393 -2.868
Accel: 0.034 0.039 1.039
Gyro: 0.625 -6.225 -2.548
Accel: 0.028 0.042 1.038
Gyro: 1.205 -5.767 -1.663
Accel: 0.024 0.044 1.037
Gyro: 3.036 -5.279 0.503
Accel: 0.020 0.048 1.031
Gyro: 5.172 -4.791 0.671
Accel: 0.017 0.056 1.027
Gyro: 6.927 -3.967 1.541
Accel: 0.020 0.065 1.019
Gyro: 8.621 -2.609 2.212
Accel: 0.021 0.071 1.011
Gyro: 10.360 -1.251 2.777
Accel: 0.026 0.075 1.005
Gyro: 11.688 0.701 3.387
Accel: 0.026 0.078 0.998
Gyro: 12.405 1.708 3.448
Accel: 0.026 0.086 0.995
Gyro: 12.893 2.365 3.753
Accel: 0.025 0.093 0.993
Gyro: 12.573 2.014 3.845
Accel: 0.021 0.095 0.991
Gyro: 11.840 1.480 3.768
Accel: 0.016 0.098 0.987
Gyro: 11.108 1.678 3.051
Accel: 0.012 0.095 0.984
Gyro: 10.116 2.166 2.090
Accel: 0.013 0.094 0.980
Gyro: 8.956 3.036 1.327
Accel: 0.014 0.0100 0.979
Gyro: 7.537 4.028 0.503
Accel: 0.011 0.106 0.977
Gyro: 5.523 4.745 0.427
Accel: 0.016 0.108 0.975
Gyro: 3.616 5.081 -1.159
Accel: 0.019 0.106 0.975
Gyro: 0.747 5.279 -1.602
Accel: 0.020 0.107 0.975
Gyro: -2.243 4.882 -1.937
Accel: 0.024 0.106 0.978
Gyro: -4.913 3.890 -1.968
Accel: 0.024 0.101 0.982
Gyro: -7.369 3.021 -1.968
Accel: 0.021 0.095 0.987
Gyro: -9.567 1.831 -2.075
Accel: 0.018 0.093 0.996
Gyro: -11.474 1.205 -2.502
Accel: 0.0010 0.086 1.0001
Gyro: -12.817 1.068 -2.944
Accel: 0.008 0.082 1.004
Gyro: -13.549 0.442 -3.463
Accel: 0.006 0.076 1.005
Gyro: -13.885 0.457 -4.074
Accel: 0.014 0.070 1.008
Gyro: -14.556 -2.044 -4.379
Accel: 0.025 0.065 1.012
Gyro: -14.831 -4.180 -4.562
Accel: 0.032 0.056 1.016
Gyro: -14.266 -6.408 -4.379
Accel: 0.027 0.045 1.023
Gyro: -13.107 -8.392 -3.799
Accel: 0.019 0.037 1.033
Gyro: -11.917 -9.979 -3.326
Accel: 0.006 0.036 1.043
Gyro: -10.162 -10.437 -2.624
Accel: 0.002 0.033 1.048
Gyro: -7.583 -10.269 -1.785
Accel: 0.007 0.035 1.053
Gyro: -5.081 -8.529 0.640
Accel: 0.015 0.030 1.048
Gyro: -1.983 -6.057 0.411
Accel: 0.015 0.037 1.045
Gyro: 1.022 -3.921 1.525
Accel: 0.006 0.040 1.040
Gyro: 3.784 -1.556 2.365
Accel: 0.003 0.043 1.030
Gyro: 6.317 0.579 3.372
Accel: 0.002 0.048 1.020
Gyro: 8.0010 2.685 3.997
Accel: 0.002 0.054 1.0010
Gyro: 8.712 3.753 4.501
Accel: 0.002 0.056 1.002
Gyro: 8.621 4.501 4.409
Accel: 0.002 0.061 0.996
Gyro: 7.980 5.157 3.997
Accel: 0.006 0.067 0.990
Gyro: 6.530 6.011 3.479
Accel: 0.003 0.071 0.986
Gyro: 4.547 6.423 2.975
Accel: 0.008 0.074 0.988
Gyro: 2.365 6.225 2.639
Accel: 0.011 0.075 0.991
Gyro: 0.854 6.607 2.655
Accel: 0.007 0.070 0.995
Gyro: 0.411 7.247 2.746
Accel: 0.003 0.064 0.996
Gyro: -1.770 8.087 2.685
Accel: 0.006 0.061 1.061
Gyro: -3.097 8.316 2.365
Accel: 0.016 0.061 1.003
Gyro: -4.104 7.949 1.983
Accel: 0.023 0.059 1.009
Gyro: -4.318 7.278 1.861
Accel: 0.027 0.056 1.012
Gyro: -4.348 7.156 1.846
Accel: 0.025 0.053 1.011
Gyro: -4.196 7.232 1.724
Accel: 0.023 0.053 1.0010
Gyro: -3.662 6.942 1.525
Accel: 0.025 0.054 1.014
Gyro: -3.097 6.454 1.159
Accel: 0.025 0.056 1.019
Gyro: -2.243 6.072 1.159
Accel: 0.024 0.058 1.017
Gyro: -1.281 6.027 1.129
Accel: 0.025 0.057 1.016
Gyro: 0.335 6.118 1.235
Accel: 0.029 0.052 1.0010
Gyro: 0.595 5.554 1.403
Accel: 0.034 0.051 1.009
Gyro: 1.678 4.928 1.556
Accel: 0.040 0.051 1.005
Gyro: 2.792 4.837 1.678
Accel: 0.040 0.052 1.002
Gyro: 3.509 3.982 1.800
Accel: 0.042 0.057 0.994
Gyro: 3.784 2.792 1.922
Accel: 0.041 0.061 0.989
Gyro: 3.479 2.304 2.044
Accel: 0.043 0.063 0.986
Gyro: 2.700 1.220 1.831
Accel: 0.043 0.068 0.984
Gyro: 1.953 0.427 1.525
Accel: 0.044 0.069 0.983
Gyro: 1.770 0.335 1.510
Accel: 0.039 0.067 0.983
Gyro: 1.419 0.625 1.617
Accel: 0.037 0.068 0.986
Gyro: 0.839 -1.129 1.693
Accel: 0.038 0.067 0.989
Gyro: 0.106 -1.007 1.785
Accel: 0.038 0.070 0.988
Gyro: -1.098 0.396 1.831
Accel: 0.037 0.066 0.990
Gyro: -2.456 0.213 1.770
Accel: 0.035 0.063 0.989
Gyro: -7.629 0.213 1.785
Accel: 0.036 0.058 0.994
Gyro: -5.294 0.091 2.029
Accel: 0.032 0.057 0.995
Gyro: -6.729 0.427 1.953
Accel: 0.033 0.057 1.002
Gyro: -8.666 1.251 1.708
Accel: 0.037 0.055 1.007
Gyro: -10.086 1.647 1.708
Accel: 0.037 0.055 1.011
Gyro: -11.062 1.480 1.754
Accel: 0.037 0.055 1.017
Gyro: -11.215 1.174 1.907
Accel: 0.035 0.047 1.020
Gyro: -10.971 0.869 2.136
Accel: 0.037 0.046 1.022
Gyro: -10.406 0.549 2.304
Accel: 0.040 0.043 1.022
Gyro: -9.735 0.030 2.120
Accel: 0.041 0.041 1.020
Gyro: -9.536 0.610 1.663
Accel: 0.042 0.039 1.021
Gyro: -9.506 0.976 1.510
Accel: 0.046 0.037 1.018
Gyro: -9.658 -1.220 1.571
Accel: 0.044 0.036 1.022
Gyro: -9.796 0.946 1.495
Accel: 0.042 0.038 1.027
Gyro: -10.025 0.808 1.525
Accel: 0.042 0.035 1.032
Gyro: -9.857 -1.190 1.937
Accel: 0.040 0.032 1.035
Gyro: -8.941 -1.663 2.151
Accel: 0.037 0.031 1.039
Gyro: -7.415 -2.334 2.105
Accel: 0.038 0.025 1.042
Gyro: -5.249 -2.563 1.861
Accel: 0.040 0.020 1.041
Gyro: -2.777 -2.395 1.586
Accel: 0.041 0.022 1.037
Gyro: 0.091 -2.487 1.327
Accel: 0.044 0.022 1.032
Gyro: 2.502 -2.532 1.083
Accel: 0.045 0.022 1.028
Gyro: 4.165 -2.685 1.113
Accel: 0.044 0.024 1.021
Gyro: 4.989 -2.731 1.113
Accel: 0.048 0.026 1.013
Gyro: 5.325 -2.716 1.266
Accel: 0.050 0.023 1.007
Gyro: 5.111 -2.395 1.770
Accel: 0.048 0.024 1.002
Gyro: 4.943 -1.480 2.349
Accel: 0.043 0.030 1.0000
Gyro: 4.501 0.488 2.609
Accel: 0.038 0.037 1.002
Gyro: 4.180 0.625 2.593
Accel: 0.031 0.038 1.002
Gyro: 3.326 2.456 2.548
Accel: 0.034 0.036 1.002
Gyro: 1.953 3.753 2.471
Accel: 0.037 0.036 1.006
Gyro: 0.427 4.669 2.426
Accel: 0.037 0.036 1.007
Gyro: 0.976 5.645 2.395
Accel: 0.034 0.043 1.011
Gyro: -2.868 5.950 2.227
Accel: 0.031 0.049 1.016
Gyro: -5.004 5.569 2.059
Accel: 0.032 0.054 1.023
Gyro: -7.385 5.142 1.983
Accel: 0.036 0.062 1.033
Gyro: -9.918 4.486 1.647
Accel: 0.033 0.071 1.043
Gyro: -12.771 3.387 1.205
Accel: 0.038 0.072 1.056
Gyro: -15.792 1.693 0.701
Accel: 0.047 0.075 1.067
Gyro: -18.875 0.350 0.595
Accel: 0.061 0.073 1.080
Gyro: -21.728 0.946 1.052
Accel: 0.073 0.069 1.095
Gyro: -24.398 -2.609 1.632
Accel: 0.075 0.064 1.110
Gyro: -25.955 -3.982 2.136
Accel: 0.075 0.052 1.126
Gyro: -26.794 -5.432 2.441
Accel: 0.074 0.045 1.137
Gyro: -27.175 -6.866 2.624
Accel: 0.074 0.040 1.148
Gyro: -26.672 -8.880 2.990
Accel: 0.074 0.036 1.155
Gyro: -25.009 -11.138 3.555
Accel: 0.076 0.033 1.159
Gyro: -21.972 -13.137 4.379
Accel: 0.072 0.027 1.162
Gyro: -18.249 -14.572 5.584
Accel: 0.068 0.020 1.159
Gyro: -13.336 -15.045 7.247
Accel: 0.060 0.0010 1.148
Gyro: -4.058 -15.380 9.017
Accel: 0.053 0.0001 1.130
Gyro: -2.517 -16.067 10.848
Accel: 0.044 0.0000 1.109
Gyro: 2.883 -17.135 12.176
Accel: 0.032 0.007 1.089
Gyro: 6.912 -17.227 12.985
Accel: 0.017 0.013 1.070
Gyro: 9.063 -15.289 13.610
Accel: 0.004 0.017 1.050
Gyro: 10.131 -12.969 13.916
Accel: 0.0001 0.0010 1.035
Gyro: 9.613 -11.337 13.885
Accel: 0.003 0.002 1.022
Gyro: 7.217 -15.548 13.427
Accel: 0.012 0.142 1.062
Gyro: -12.649 -2.105 -1.831
Accel: 0.008 0.137 1.008
Gyro: -13.732 3.738 -2.029
Accel: 0.0010 0.134 1.014
Gyro: -13.412 1.632 -2.212
Accel: 0.016 0.135 1.022
Gyro: -12.863 2.532 -2.243
Accel: 0.019 0.136 1.024
Gyro: -12.542 2.609 -1.892
Accel: 0.014 0.121 1.023
Gyro: -12.130 1.739 -1.495
Accel: 0.0010 0.114 1.027
Gyro: -11.138 0.686 -1.068
Accel: 0.0000 0.116 1.033
Gyro: -9.613 -3.021 -1.007
Accel: 0.0000 0.115 1.038
Gyro: -8.514 -5.905 -1.190
Accel: 0.0000 0.111 1.041
Gyro: -7.614 -11.703 -1.373
Accel: 0.003 0.109 1.046
Gyro: -6.805 -8.514 -1.403
Accel: 0.005 0.105 1.047
Gyro: -5.950 -8.865 -1.724
Accel: 0.006 0.102 1.046
Gyro: -4.577 -9.246 -2.014
Accel: 0.0010 0.101 1.043
Gyro: -2.899 -10.192 -2.441
Accel: 0.014 0.102 1.041
Gyro: 0.930 -11.566 -2.716
Accel: 0.013 0.104 1.036
Gyro: 1.205 -13.122 -3.356
Accel: 0.003 0.108 1.034
Gyro: 2.929 -14.663 -4.089
Accel: 0.005 0.114 1.033
Gyro: 3.845 -15.426 -4.791
Accel: 0.009 0.116 1.030
Gyro: 4.058 -14.968 -5.035
Accel: 0.006 0.111 1.024
Gyro: 3.555 -13.717 -4.745
Accel: 0.002 0.111 1.024
Gyro: 2.975 -11.550 -4.409
Accel: 0.0000 0.115 1.025
Gyro: 2.349 -8.972 -4.241
Accel: 0.003 0.117 1.027
Gyro: 1.937 -6.179 -4.241
Accel: 0.002 0.124 1.032
Gyro: 1.388 0.167 -4.043
Accel: 0.002 0.131 1.033
Gyro: 0.579 -1.617 -3.402
Accel: 0.009 0.131 1.031
Gyro: 0.030 0.717 -2.578
Accel: 0.0010 0.134 1.031
Gyro: 0.625 2.746 -1.708
Accel: 0.007 0.138 1.029
Gyro: 0.747 4.440 0.610
Accel: 0.0001 0.139 1.026
Gyro: 0.259 4.821 0.213
Accel: 0.002 0.141 1.026
Gyro: 0.778 4.592 0.778
Accel: 0.008 0.142 1.025
Gyro: 1.434 4.364 1.312
Accel: 0.012 0.139 1.023
Gyro: 1.754 4.028 1.495
Accel: 0.0010 0.132 1.023
Gyro: 1.968 3.585 1.754
Accel: 0.007 0.062 1.026
Gyro: 1.800 2.883 1.678
Accel: 0.006 0.123 1.030
Gyro: 1.419 2.288 1.312
Accel: 0.004 0.123 1.030
Gyro: 1.388 1.144 0.595
Accel: 0.004 0.125 1.034
Gyro: 2.304 0.427 0.015
Accel: 0.007 0.128 1.032
Gyro: 3.677 -2.319 0.717
Accel: 0.0010 0.131 1.029
Gyro: 5.386 -4.623 -1.586
Accel: 0.015 0.132 1.024
Gyro: 6.713 -6.484 -2.319
Accel: 0.015 0.128 1.015
Gyro: 7.354 -9.124 -2.777
Accel: 0.0010 0.131 1.006
Gyro: 7.293 -12.512 -3.189
Accel: 0.0010 0.135 0.998
Gyro: 6.988 -16.540 -3.372
Accel: 0.0010 0.138 0.993
Gyro: 6.118 -21.133 -3.250
Accel: 0.014 0.135 0.985
Gyro: 5.310 -26.153 -2.639
Accel: 0.030 0.136 0.976
Gyro: 4.089 -31.478 -2.227
Accel: 0.052 0.139 0.970
Gyro: 2.868 -36.148 -2.090
Accel: 0.065 0.145 0.964
Gyro: 1.968 -41.748 -2.517
Accel: 0.074 0.153 0.960
Gyro: 1.968 -48.812 -3.387
Accel: 0.082 0.153 0.955
Gyro: 2.609 -57.617 -4.486
Accel: 0.089 0.144 0.944
Gyro: 3.143 -68.023 -5.218
Accel: 0.103 0.142 0.926
Gyro: 3.555 -80.108 -5.538
Accel: 0.118 0.142 0.905
Gyro: 4.379 -94.070 -5.523
Accel: 0.138 0.138 0.876
Gyro: 6.896 -109.649 -5.050
Accel: 0.159 0.128 0.833
Gyro: 11.474 -125.015 -4.180
Accel: 0.176 0.116 0.802
Gyro: 16.296 -148.117 -3.189
Accel: 0.187 0.112 0.758
Gyro: 19.912 -170.272 -1.724
Accel: 0.187 0.101 0.711
Gyro: 22.125 -193.054 0.946
Accel: 0.178 0.002 0.663
Gyro: 23.941 -221.771 5.432
Accel: 0.157 0.022 0.619
Gyro: 27.633 -250.015 12.008
Accel: 0.199 0.098 0.594
Gyro: 32.089 -276.321 16.281
Accel: 0.267 0.069 0.595
Gyro: 30.975 -294.174 26.214
Accel: 0.385 0.005 0.506
Gyro: 31.463 -305.511 28.717
Accel: 0.374 0.0000 0.380
Gyro: 19.851 -321.197 28.747
Accel: 0.388 0.006 0.465
Gyro: 6.729 -332.153 34.881
Accel: 0.441 0.029 0.484
Gyro: -6.195 -330.688 35.827
Accel: 0.491 0.181 0.532
Gyro: -17.379 -322.235 41.442
Accel: 0.554 0.209 0.579
Gyro: -27.770 -308.563 46.630
Accel: 0.633 0.239 0.614
Gyro: -35.720 -287.826 49.667
Accel: 0.689 0.272 0.655
Gyro: -41.397 -265.060 50.537
Accel: 0.738 0.329 0.698
Gyro: -47.943 -242.309 51.147
Accel: 0.779 0.412 0.717
Gyro: -55.435 -219.421 51.0010
Accel: 0.845 0.403 0.722
Gyro: -60.592 -196.670 47.805
Accel: 0.908 0.354 0.715
Gyro: -61.737 -174.942 42.297
Accel: 0.948 0.268 0.712
Gyro: -61.553 -151.016 38.131
Accel: 0.975 0.186 0.702
Gyro: -60.165 -131.179 35.812
Accel: 1.006 0.113 0.684
Gyro: -56.610 -113.967 35.156
Accel: 1.017 0.066 0.664
Gyro: -52.413 -100.067 35.583
Accel: 1.003 0.026 0.634
Gyro: -48.904 -88.546 35.629
Accel: 0.996 0.007 0.613
Gyro: -43.350 -75.653 33.798
Accel: 0.979 0.015 0.607
Gyro: -34.988 -59.783 30.105
Accel: 0.963 0.0010 0.616
Gyro: -28.015 -53.955 26.947
Accel: 0.962 0.014 0.619
Gyro: -21.514 -43.502 25.680
Accel: 0.966 0.028 0.608
Gyro: -15.075 -41.656 25.573
Accel: 0.968 0.043 0.592
Gyro: -9.613 -36.300 25.833
Accel: 0.987 0.067 0.571
Gyro: -5.538 -31.784 26.016
Accel: 1.009 0.083 0.547
Gyro: -3.738 -28.381 26.611
Accel: 1.039 0.083 0.522
Gyro: -3.341 -25.314 26.397
Accel: 1.066 0.077 0.498
Gyro: -3.219 -21.728 23.971
Accel: 1.063 0.071 0.482
Gyro: -2.395 -17.166 20.416
Accel: 1.040 0.060 0.471
Gyro: 3.814 -8.148 17.044
Accel: 0.999 0.059 0.473
Gyro: 0.930 -9.109 15.609
Accel: 0.980 0.086 0.465
Gyro: 0.427 -8.438 15.945
Accel: 0.973 0.114 0.451
Gyro: 0.152 -10.025 15.716
Accel: 0.982 0.135 0.436
Gyro: -1.663 -13.580 14.434
Accel: 0.995 0.136 0.424
Gyro: -4.226 -17.471 12.298
Accel: 1.009 0.124 0.417
Gyro: -7.125 -19.134 9.170
Accel: 1.011 0.096 0.412
Gyro: -10.086 -19.409 5.828
Accel: 0.999 0.069 0.411
Gyro: -13.412 -18.630 3.509
Accel: 0.987 0.123 0.406
Gyro: -16.891 -17.059 1.754
Accel: 0.963 0.059 0.412
Gyro: -18.371 -14.633 0.015
Accel: 0.938 0.061 0.419
Gyro: -18.630 -13.610 0.701
Accel: 0.922 0.069 0.425
Gyro: -18.844 -14.480 0.259
Accel: 0.920 0.079 0.427
Gyro: -18.142 -16.952 0.137
Accel: 0.924 0.079 0.424
Gyro: -15.594 -18.356 0.610
Accel: 0.920 0.071 0.418
Gyro: -13.076 -19.958 0.991
Accel: 0.907 0.0000 0.411
Gyro: -11.276 -22.155 0.839
Accel: 0.891 0.057 0.404
Gyro: -9.780 -24.612 0.061
Accel: 0.880 0.057 0.391
Gyro: -8.209 -26.123 1.098
Accel: 0.877 0.051 0.386
Gyro: -7.293 -25.161 1.998
Accel: 0.888 0.036 0.373
Gyro: -6.347 -24.444 2.609
Accel: 0.905 0.024 0.364
Gyro: -5.004 -23.468 2.944
Accel: 0.924 0.014 0.356
Gyro: -3.768 -22.460 2.487
Accel: 0.938 0.007 0.358
Gyro: -2.624 -20.370 1.586
Accel: 0.933 0.008 0.356
Gyro: -2.716 -17.761 0.854
Accel: 0.924 0.009 0.357
Gyro: -2.273 -14.678 0.808
Accel: 0.908 0.003 0.360
Gyro: -2.365 -12.115 1.724
Accel: 0.896 0.011 0.352
Gyro: -2.151 -10.726 3.479
Accel: 0.884 0.024 0.343
Gyro: 0.900 -11.154 5.447
Accel: 0.873 0.038 0.333
Gyro: 0.0000 -11.184 7.278
Accel: 0.863 0.048 0.320
Gyro: 0.091 -11.184 9.124
Accel: 0.865 0.044 0.302
Gyro: 0.656 -11.581 9.765
Accel: 0.869 0.038 0.288
Gyro: -2.105 -11.581 10.299
Accel: 0.864 0.031 0.270
Gyro: -3.707 -12.191 11.367
Accel: 0.858 0.034 0.252
Gyro: -4.669 -11.749 11.306
Accel: 0.840 0.039 0.237
Gyro: -5.401 -11.718 10.345
Accel: 0.811 0.050 0.217
Gyro: -7.202 -14.877 9.277
Accel: 0.771 0.051 0.210
Gyro: -11.215 -18.341 6.195
Accel: 0.720 0.057 0.181
Gyro: -14.572 -20.629 1.495
Accel: 0.654 0.077 0.138
Gyro: -13.977 -30.975 0.671
Accel: 0.522 0.089 0.111
Gyro: -9.536 -41.702 0.732
Accel: 0.374 0.083 0.063
Gyro: -6.439 -52.978 -3.067
Accel: 0.282 0.053 0.073
Gyro: -3.097 -59.356 -8.0010
Accel: 0.175 0.059 0.076
Gyro: -5.187 -55.953 -9.323
Accel: 0.125 0.055 0.002
Gyro: -8.514 -50.308 -9.323
Accel: 0.033 0.011 0.008
Gyro: -18.997 -57.312 -12.390
Accel: 0.0010 0.003 0.091
Gyro: -24.154 -57.281 -16.281
Accel: 0.015 0.008 0.024
Gyro: -24.261 -50.537 -19.729
Accel: 0.017 0.061 0.022
Gyro: -24.658 -44.235 -22.781
Accel: 0.054 0.0010 0.035
Gyro: -25.482 -37.765 -25.192
Accel: 0.005 0.007 0.018
Gyro: -26.397 -31.600 -27.435
Accel: 0.0001 0.005 0.027
Gyro: -27.343 -25.833 -29.174
Accel: 0.061 0.004 0.019
Gyro: -28.091 -20.172 -30.700
Accel: 0.003 0.002 0.020
Gyro: -28.762 -15.029 -31.768
Accel: 0.005 0.0000 0.015
Gyro: -29.495 -10.086 -32.867
Accel: 0.009 0.003 0.011
Gyro: -29.937 -5.966 -33.889
Accel: 0.007 0.003 0.017
Gyro: -30.364 -1.617 -34.606
Accel: 0.008 0.003 0.016
Gyro: -30.609 2.685 -35.125
Accel: 0.009 0.003 0.020
Gyro: -31.097 6.790 -35.537
Accel: 0.0010 0.005 0.022
Gyro: -31.433 10.803 -35.827
Accel: 0.0010 0.002 0.023
Gyro: -31.631 14.953 -36.0010
Accel: 0.007 0.003 0.025
Gyro: -31.814 18.737 -36.102
Accel: 0.008 0.003 0.026
Gyro: -31.585 22.598 -35.888
Accel: 0.038 0.027 0.379
Gyro: -42.480 20.431 -22.293
Accel: 0.459 0.381 0.447
Gyro: -88.592 3.814 10.009
Accel: 2.095 0.267 3.532
Gyro: -171.844 -216.430 -3.326
Accel: 1.604 0.161 1.026
Gyro: -7.049 -402.481 -70.129
Accel: 6.245 0.374 -1.114
Gyro: 20.080 -164.367 -62.347
Accel: 6.047 0.099 0.782
Gyro: 38.696 -91.873 -68.862
Accel: 4.017 0.281 0.137
Gyro: 67.352 -94.772 -98.876
Accel: 2.737 0.580 0.316
Gyro: 110.031 -47.882 -106.460
Accel: 0.716 1.116 -1.408
Gyro: 20.538 -51.422 -88.668
Accel: 1.003 0.781 0.383
Gyro: -57.968 -106.445 -96.572
Accel: 1.634 0.747 0.348
Gyro: -69.961 -121.215 -124.511
Accel: 1.531 0.551 0.231
Gyro: -45.364 -130.889 -157.852
Accel: 1.535 0.265 0.052
Gyro: -35.537 -131.484 -163.848
Accel: 1.536 0.048 0.221
Gyro: -36.575 -116.226 -145.843
Accel: 1.604 0.059 0.375
Gyro: -36.727 -89.645 -124.969
Accel: 1.702 0.121 0.312
Gyro: -36.0010 -54.809 -109.024
Accel: 1.638 0.122 0.165
Gyro: -40.420 -18.661 -96.939
Accel: 1.516 0.167 0.029
Gyro: -51.498 10.726 -81.420
Accel: 1.393 0.205 0.038
Gyro: -60.897 35.598 -62.103
Accel: 1.373 0.214 0.065
Gyro: -65.734 55.206 -38.696
Accel: 1.466 0.291 0.053
Gyro: -55.755 71.197 -17.913
Accel: 1.497 0.340 0.026
Gyro: -32.638 83.923 -3.005
Accel: 1.465 0.394 0.015
Gyro: -19.332 88.912 1.876
Accel: 1.372 0.380 0.019
Gyro: -9.094 84.701 1.113
Accel: 1.195 0.355 0.054
Gyro: -5.432 72.738 -1.754
Accel: 1.162 0.313 0.079
Gyro: -5.920 57.510 -5.569
Accel: 1.082 0.255 0.095
Gyro: -6.271 42.053 -6.301
Accel: 1.069 0.206 0.095
Gyro: -6.637 28.121 -2.471
Accel: 1.075 0.154 0.073
Gyro: -3.936 12.802 2.990
Accel: 1.082 0.131 0.070
Gyro: 0.244 5.340 8.605
Accel: 1.070 0.144 0.056
Gyro: 3.906 -4.791 14.572
Accel: 1.049 0.244 0.034
Gyro: 8.026 -13.198 18.951
Accel: 1.123 0.190 0.011
Gyro: 10.650 -18.646 24.917
Accel: 1.060 0.207 0.018
Gyro: 11.810 -23.193 30.776
Accel: 1.059 0.241 0.027
Gyro: 12.313 -26.962 34.225
Accel: 1.057 0.291 0.038
Gyro: 10.574 -28.839 36.605
Accel: 1.043 0.319 0.043
Gyro: 6.164 -28.594 38.345
Accel: 1.037 0.311 0.067
Gyro: 2.593 -25.634 42.892
Accel: 1.015 0.309 0.073
Gyro: 0.839 -19.256 39.352
Accel: 0.994 0.310 0.081
Gyro: 0.015 -9.887 38.543
Accel: 0.988 0.302 0.088
Gyro: 1.876 0.411 35.873
Accel: 0.984 0.305 0.081
Gyro: 4.409 8.728 31.845
Accel: 0.983 0.309 0.058
Gyro: 5.630 12.176 27.984
Accel: 0.990 0.302 0.0010
Gyro: 3.906 11.245 23.818
Accel: 1.006 0.273 0.007
Gyro: 0.167 7.644 21.133
Accel: 1.009 0.248 0.0010
Gyro: -4.364 0.015 20.431
Accel: 1.003 0.226 0.004
Gyro: -7.522 1.953 20.721
Accel: 1.002 0.210 0.0000
Gyro: -10.192 1.876 21.972
Accel: 1.0010 0.126 0.0000
Gyro: -12.786 4.547 23.910
Accel: 1.0001 0.158 0.004
Gyro: -12.344 8.193 25.573
Accel: 0.990 0.151 0.004
Gyro: -6.958 10.543 25.848
Accel: 0.993 0.154 0.0001
Gyro: 0.167 11.138 25.421
Accel: 0.987 0.155 0.012
Gyro: 4.409 9.307 25.527
Accel: 0.980 0.167 0.032
Gyro: 4.653 4.791 26.214
Accel: 0.980 0.184 0.030
Gyro: 1.678 -1.419 26.107
Accel: 0.980 0.184 0.022
Gyro: -1.968 -6.927 26.168
Accel: 0.967 0.174 0.009
Gyro: -5.249 -10.330 26.794
Accel: 0.962 0.165 0.008
Gyro: -6.805 -11.154 27.099
Accel: 0.958 0.162 0.023
Gyro: -4.623 -9.689 27.694
Accel: 0.964 0.142 0.030
Gyro: 0.030 -6.179 28.625
Accel: 0.977 0.123 0.037
Gyro: 5.874 -2.334 29.266
Accel: 0.966 0.123 0.033
Gyro: 10.772 2.227 28.610
Accel: 0.952 0.130 0.019
Gyro: 13.916 5.203 26.351
Accel: 0.952 0.138 0.005
Gyro: 14.785 6.286 23.040
Accel: 0.948 0.145 0.006
Gyro: 13.137 4.348 19.393
Accel: 0.941 0.153 0.013
Gyro: 8.422 0.076 15.579
Accel: 1.035 0.228 0.203
Gyro: 5.935 -17.929 9.918
Accel: 0.916 0.164 0.016
Gyro: 0.061 -22.048 4.974
Accel: 1.098 0.231 0.061
Gyro: 0.122 -22.064 -1.373
Accel: 0.994 0.179 0.180
Gyro: -2.914 -2.960 -8.850
Accel: 1.032 0.159 0.183
Gyro: -3.234 17.028 -9.582
Accel: 1.081 0.061 0.0100
Gyro: 0.061 26.916 -1.678
Accel: 1.032 0.049 0.086
Gyro: 0.366 36.254 3.021
Accel: 1.005 0.036 0.109
Gyro: 0.320 44.998 11.993
Accel: 1.009 0.028 0.077
Gyro: -1.510 50.155 20.126
Accel: 0.977 0.020 0.095
Gyro: -3.677 54.077 25.268
Accel: 0.970 0.072 0.111
Gyro: -6.301 57.235 29.678
Accel: 0.982 0.105 0.112
Gyro: -10.742 58.319 31.143
Accel: 1.0000 0.145 0.011
Gyro: -14.999 51.177 28.579
Accel: 1.006 0.172 0.040
Gyro: -17.089 49.652 22.491
Accel: 1.017 0.171 0.025
Gyro: -17.333 44.570 15.289
Accel: 1.0010 0.124 0.050
Gyro: -17.059 41.381 9.841
Accel: 0.983 0.097 0.092
Gyro: -13.961 38.375 8.255
Accel: 0.965 0.039 0.095
Gyro: -9.826 37.155 8.697
Accel: 0.970 0.020 0.109
Gyro: -6.484 36.0010 10.742
Accel: 0.981 0.016 0.094
Gyro: -4.791 33.660 12.847
Accel: 0.963 0.026 0.078
Gyro: -3.784 28.961 13.885
Accel: 0.971 0.033 0.144
Gyro: -4.638 27.465 13.839
Accel: 0.971 0.016 0.161
Gyro: -7.171 28.900 14.434
Accel: 0.955 0.006 0.153
Gyro: -10.375 30.456 16.845
Accel: 0.964 0.020 0.183
Gyro: -11.917 32.043 18.600
Accel: 0.961 0.077 0.194
Gyro: -10.848 34.774 17.822
Accel: 0.945 0.126 0.179
Gyro: -7.156 36.590 15.274
Accel: 0.945 0.149 0.145
Gyro: -3.143 36.758 10.162
Accel: 0.952 0.166 0.152
Gyro: 0.381 37.185 3.250
Accel: 0.956 0.149 0.147
Gyro: 0.915 37.918 -3.341
Accel: 0.972 0.118 0.142
Gyro: 2.258 37.216 -7.675
Accel: 0.977 0.073 0.147
Gyro: 2.777 37.368 -9.323
Accel: 0.952 0.027 0.202
Gyro: 2.639 40.161 -8.407
Accel: 0.953 0.013 0.206
Gyro: 3.967 43.121 -5.966
Accel: 0.941 0.020 0.162
Gyro: 5.523 42.968 -1.968
Accel: 0.954 0.015 0.156
Gyro: 6.256 42.404 2.670
Accel: 0.914 0.034 0.137
Gyro: 5.325 37.109 7.232
Accel: 0.946 0.064 0.135
Gyro: 1.708 28.396 9.475
Accel: 0.995 0.090 0.164
Gyro: -4.104 20.797 10.177
Accel: 1.006 0.104 0.193
Gyro: -8.499 16.372 10.620
Accel: 1.024 0.093 0.248
Gyro: -10.055 17.944 10.711
Accel: 1.030 0.061 0.283
Gyro: -8.483 23.880 10.726
Accel: 1.011 0.036 0.285
Gyro: -5.142 34.820 10.971
Accel: 0.991 0.025 0.268
Gyro: 3.723 35.980 11.032
Accel: 0.956 0.003 0.241
Gyro: 5.264 36.758 10.513
Accel: 0.953 0.008 0.235
Gyro: 9.826 34.652 10.787
Accel: 0.961 0.003 0.248
Gyro: 12.680 30.807 12.573
Accel: 0.985 0.025 0.265
Gyro: 12.496 28.091 13.870
Accel: 0.993 0.042 0.281
Gyro: 9.613 27.404 13.626
Accel: 0.986 0.062 0.283
Gyro: 4.760 29.510 7.995
Accel: 0.973 0.047 0.292
Gyro: 1.464 33.752 9.689
Accel: 0.975 0.017 0.321
Gyro: 1.678 39.581 7.400
Accel: 0.980 0.0010 0.316
Gyro: 4.119 46.051 5.737
Accel: 0.997 0.003 0.309
Gyro: 8.026 52.078 3.784
Accel: 0.971 0.021 0.307
Gyro: 12.222 56.732 1.998
Accel: 0.957 0.015 0.308
Gyro: 14.862 60.150 0.671
Accel: 0.939 0.0010 0.320
Gyro: 16.754 62.530 0.473
Accel: 0.932 0.020 0.329
Gyro: 17.639 62.942 -1.281
Accel: 0.936 0.020 0.348
Gyro: 17.196 62.423 -1.968
Accel: 0.945 0.022 0.365
Gyro: 15.090 61.630 -2.426
Accel: 0.958 0.030 0.382
Gyro: 12.878 60.012 -2.517
Accel: 0.935 0.039 0.393
Gyro: 10.345 57.022 -1.388
Accel: 0.917 0.046 0.402
Gyro: 7.904 54.473 3.768
Accel: 0.899 0.031 0.414
Gyro: 7.171 53.375 2.349
Accel: 0.894 0.018 0.423
Gyro: 7.614 53.283 3.616
Accel: 0.882 0.023 0.421
Gyro: 8.605 53.771 6.057
Accel: 0.870 0.026 0.423
Gyro: 9.613 54.580 9.155
Accel: 0.875 0.037 0.449
Gyro: 10.635 54.916 11.627
Accel: 0.886 0.045 0.463
Gyro: 10.589 56.106 13.504
Accel: 0.892 0.040 0.468
Gyro: 9.323 57.235 14.389
Accel: 0.891 0.029 0.479
Gyro: 7.873 57.937 14.923
Accel: 0.883 0.028 0.491
Gyro: 6.866 58.990 15.625
Accel: 0.883 0.026 0.497
Gyro: 6.454 60.897 16.220
Accel: 0.874 0.021 0.515
Gyro: 6.698 63.110 16.433
Accel: 0.854 0.029 0.529
Gyro: 7.537 64.727 16.082
Accel: 0.834 0.027 0.530
Gyro: 8.773 65.811 15.197
Accel: 0.750 0.015 0.534
Gyro: 10.040 66.619 14.266
Accel: 0.804 0.0001 0.535
Gyro: 12.344 66.497 13.595
Accel: 0.813 0.0000 0.511
Gyro: 14.587 64.376 13.153
Accel: 0.825 0.009 0.486
Gyro: 15.502 60.653 13.015
Accel: 0.831 0.023 0.474
Gyro: 13.534 55.389 13.092
Accel: 0.831 0.056 0.489
Gyro: 9.826 49.209 13.214
Accel: 0.820 0.077 0.526
Gyro: 4.989 39.413 13.549
Accel: 0.807 0.060 0.549
Gyro: 1.129 38.650 13.702
Accel: 0.792 0.036 0.575
Gyro: 0.122 35.034 13.092
Accel: 0.780 0.027 0.598
Gyro: 0.671 32.852 11.840
Accel: 0.771 0.026 0.623
Gyro: 1.525 31.433 10.238
Accel: 0.758 0.029 0.641
Gyro: 2.410 30.838 8.682
Accel: 0.762 0.045 0.647
Gyro: 2.883 31.784 7.186
Accel: 0.771 0.056 0.650
Gyro: 3.265 32.577 5.874
Accel: 0.785 0.063 0.643
Gyro: 3.448 33.447 4.257
Accel: 0.799 0.067 0.635
Gyro: 3.265 33.462 2.716
Accel: 0.804 0.067 0.629
Gyro: 2.227 32.348 1.571
Accel: 0.798 0.055 0.637
Gyro: 0.213 30.532 1.251
Accel: 0.795 0.038 0.651
Gyro: -2.883 29.006 1.968
Accel: 0.789 0.031 0.643
Gyro: -6.317 27.603 2.548
Accel: 0.772 0.030 0.635
Gyro: -9.216 26.275 2.334
Accel: 0.753 0.032 0.633
Gyro: -11.0001 25.192 2.227
Accel: 0.755 0.061 0.644
Gyro: -12.481 24.383 1.922
Accel: 0.687 0.003 0.651
Gyro: -13.809 24.597 1.586
Accel: 0.732 0.011 0.678
Gyro: -13.031 25.070 1.037
Accel: 0.733 0.008 0.677
Gyro: -10.299 26.916 0.183
Accel: 0.734 0.003 0.671
Gyro: -6.408 28.549 -1.174
Accel: 0.734 0.007 0.684
Gyro: -1.571 30.563 -2.258
Accel: 0.726 0.014 0.678
Gyro: 1.953 32.623 -2.395
Accel: 0.723 0.014 0.664
Gyro: 4.333 32.653 -1.098
Accel: 0.726 0.015 0.654
Gyro: 3.799 30.059 0.839
Accel: 0.735 0.032 0.655
Gyro: 1.083 25.909 2.700
Accel: 0.732 0.036 0.665
Gyro: -1.831 21.408 4.196
Accel: 0.723 0.035 0.665
Gyro: -4.180 17.593 5.004
Accel: 0.716 0.030 0.664
Gyro: -4.852 15.090 4.776
Accel: 0.713 0.013 0.678
Gyro: -3.784 14.221 4.440
Accel: 0.715 0.008 0.691
Gyro: -1.754 14.663 3.997
Accel: 0.724 0.012 0.690
Gyro: 0.152 15.182 3.280
Accel: 0.730 0.0010 0.700
Gyro: 1.495 15.380 2.807
Accel: 0.732 0.0010 0.710
Gyro: 1.937 15.029 2.670
Accel: 0.736 0.009 0.716
Gyro: 2.166 14.419 2.502
Accel: 0.726 0.0000 0.718
Gyro: 2.319 13.977 2.258
Accel: 0.706 0.009 0.714
Gyro: 2.792 14.404 2.029
Accel: 0.685 0.018 0.719
Gyro: 4.257 14.938 1.754
Accel: 0.685 0.018 0.716
Gyro: 5.035 15.747 0.961
Accel: 0.611 0.011 0.707
Gyro: 5.966 17.074 -3.051
Accel: 0.684 0.020 0.725
Gyro: 8.224 16.540 0.762
Accel: 0.674 0.009 0.750
Gyro: 9.902 15.213 2.273
Accel: 0.677 0.020 0.739
Gyro: 10.299 12.390 0.930
Accel: 0.662 0.036 0.734
Gyro: 10.757 8.026 2.365
Accel: 0.657 0.064 0.713
Gyro: 10.086 5.157 4.302
Accel: 0.723 0.048 0.709
Gyro: 3.936 2.288 3.326
Accel: 0.740 0.053 0.737
Gyro: 5.569 -3.799 0.991
Accel: 0.718 0.059 0.750
Gyro: 0.015 -1.907 0.778
Accel: 0.635 0.031 0.729
Gyro: 4.425 -3.555 -1.617
Accel: 0.640 0.006 0.744
Gyro: 5.615 -3.158 -1.022
Accel: 0.649 0.009 0.744
Gyro: 7.980 -2.807 0.381
Accel: 0.678 0.018 0.741
Gyro: 10.070 -2.273 0.686
Accel: 0.693 0.013 0.749
Gyro: 12.619 -1.449 0.976
Accel: 0.708 0.027 0.736
Gyro: 14.556 -1.037 -1.403
Accel: 0.713 0.040 0.731
Gyro: 16.021 0.778 -1.770
Accel: 0.723 0.044 0.739
Gyro: 17.471 0.244 -2.685
Accel: 0.777 0.036 0.753
Gyro: 18.218 0.793 -5.844
Accel: 0.764 0.044 0.757
Gyro: 17.898 3.265 -7.400
Accel: 0.753 0.043 0.755
Gyro: 17.501 6.958 -7.995
Accel: 0.739 0.029 0.752
Gyro: 17.913 11.062 -8.560
Accel: 0.717 0.018 0.741
Gyro: 18.783 19.393 -9.201
Accel: 0.702 0.013 0.746
Gyro: 20.126 19.973 -9.826
Accel: 0.690 0.013 0.759
Gyro: 20.919 23.910 -9.841
Accel: 0.677 0.019 0.773
Gyro: 21.820 26.702 -9.628
Accel: 0.671 0.027 0.768
Gyro: 22.094 28.869 -9.857
Accel: 0.658 0.023 0.742
Gyro: 22.064 30.029 -10.360
Accel: 0.647 0.024 0.715
Gyro: 21.881 29.708 -10.772
Accel: 0.630 0.046 0.703
Gyro: 21.469 28.091 -11.535
Accel: 0.624 0.046 0.695
Gyro: 20.462 25.588 -7.843
Accel: 0.625 0.050 0.702
Gyro: 19.699 22.003 -11.032
Accel: 0.622 0.070 0.717
Gyro: 18.737 18.814 -10.147
Accel: 0.616 0.083 0.726
Gyro: 17.150 16.220 -8.758
Accel: 0.613 0.093 0.728
Gyro: 14.541 14.129 -7.217
Accel: 0.611 0.0100 0.721
Gyro: 11.0001 11.886 -5.783
Accel: 0.609 0.102 0.719
Gyro: 6.713 9.201 -4.287
Accel: 0.612 0.0100 0.721
Gyro: 2.548 7.034 -2.563
Accel: 0.612 0.090 0.737
Gyro: 0.640 5.828 0.854
Accel: 0.605 0.076 0.811
Gyro: -1.937 5.172 0.961
Accel: 0.594 0.058 0.758
Gyro: 3.875 5.401 2.914
Accel: 0.578 0.050 0.762
Gyro: 3.860 5.096 4.577
Accel: 0.588 0.061 0.752
Gyro: 6.729 5.050 5.661
Accel: 0.621 0.085 0.744
Gyro: 6.896 5.386 6.225
Accel: 0.657 0.0100 0.745
Gyro: 4.974 6.362 6.652
Accel: 0.666 0.099 0.747
Gyro: 3.143 8.285 7.034
Accel: 0.658 0.088 0.750
Gyro: 2.944 10.559 7.293
Accel: 0.645 0.076 0.757
Gyro: 4.531 13.107 7.705
Accel: 0.638 0.075 0.762
Gyro: 6.546 15.594 8.209
Accel: 0.635 0.076 0.764
Gyro: 7.202 17.303 8.758
Accel: 0.630 0.082 0.762
Gyro: 6.134 18.051 9.399
Accel: 0.627 0.083 0.757
Gyro: 3.356 18.310 9.780
Accel: 0.625 0.078 0.754
Gyro: 0.0000 18.814 10.070
Accel: 0.630 0.075 0.761
Gyro: -2.517 20.156 10.604
Accel: 0.638 0.073 0.783
Gyro: -3.662 20.935 11.840
Accel: 0.653 0.075 0.803
Gyro: -3.662 20.629 12.863
Accel: 0.659 0.077 0.817
Gyro: -3.417 18.966 13.259
Accel: 0.653 0.075 0.823
Gyro: -2.807 16.494 13.107
Accel: 0.640 0.063 0.824
Gyro: -1.647 13.534 12.207
Accel: 0.622 0.058 0.823
Gyro: 0.213 10.375 10.269
Accel: 0.613 0.058 0.815
Gyro: 1.647 7.598 8.087
Accel: 0.606 0.056 0.800
Gyro: 2.822 4.791 5.645
Accel: 0.594 0.056 0.784
Gyro: 3.341 2.731 3.341
Accel: 0.579 0.051 0.789
Gyro: 3.753 1.419 2.227
Accel: 0.559 0.055 0.807
Gyro: 4.302 0.869 2.273
Accel: 0.557 0.056 0.822
Gyro: 4.898 1.403 3.372
Accel: 0.573 0.060 0.814
Gyro: 5.187 3.189 3.784
Accel: 0.593 0.069 0.789
Gyro: 4.516 5.111 3.494
Accel: 0.603 0.085 0.754
Gyro: 3.128 8.377 3.067
Accel: 0.603 0.099 0.739
Gyro: 1.296 12.039 3.540
Accel: 0.599 0.106 0.746
Gyro: 0.656 15.747 5.554
Accel: 0.602 0.103 0.768
Gyro: 0.930 19.638 8.331
Accel: 0.614 0.096 0.795
Gyro: 1.449 22.293 10.681
Accel: 0.614 0.087 0.815
Gyro: 1.998 23.101 12.329
Accel: 0.615 0.070 0.836
Gyro: 2.578 22.903 13.839
Accel: 0.614 0.067 0.846
Gyro: 2.105 21.530 15.319
Accel: 0.615 0.070 0.847
Gyro: 0.717 19.393 16.326
Accel: 0.615 0.078 0.841
Gyro: -1.663 17.471 17.028
Accel: 0.615 0.082 0.818
Gyro: -4.455 15.853 17.288
Accel: 0.617 0.083 0.796
Gyro: -7.888 15.426 17.181
Accel: 0.617 0.081 0.776
Gyro: -11.444 16.723 16.403
Accel: 0.657 0.035 0.777
Gyro: -14.831 18.325 7.949
Accel: 0.626 0.052 0.812
Gyro: -15.441 18.417 9.063
Accel: 0.587 0.045 0.842
Gyro: -13.763 18.386 9.887
Accel: 0.574 0.032 0.848
Gyro: -10.757 17.913 10.589
Accel: 0.575 0.028 0.842
Gyro: -7.766 17.089 9.429
Accel: 0.570 0.030 0.838
Gyro: -5.477 16.601 7.949
Accel: 0.565 0.030 0.837
Gyro: -3.982 16.647 7.354
Accel: 0.564 0.038 0.831
Gyro: -3.311 17.120 7.141
Accel: 0.568 0.042 0.824
Gyro: -3.524 17.684 6.805
Accel: 0.569 0.036 0.821
Gyro: -4.455 17.578 5.828
Accel: 0.561 0.026 0.822
Gyro: -5.432 16.525 4.730
Accel: 0.543 0.016 0.826
Gyro: -6.042 14.328 4.196
Accel: 0.530 0.0010 0.833
Gyro: -6.408 12.298 4.745
Accel: 0.525 0.012 0.841
Gyro: -6.866 10.955 6.179
Accel: 0.534 0.020 0.848
Gyro: -6.652 10.787 7.781
Accel: 0.552 0.035 0.851
Gyro: -5.462 11.489 8.773
Accel: 0.567 0.036 0.850
Gyro: -4.119 13.214 9.689
Accel: 0.574 0.032 0.849
Gyro: -2.914 14.892 10.482
Accel: 0.570 0.026 0.854
Gyro: -1.998 15.060 11.444
Accel: 0.559 0.032 0.860
Gyro: -2.090 12.954 12.008
Accel: 0.554 0.028 0.862
Gyro: -3.189 9.445 12.039
Accel: 0.558 0.028 0.867
Gyro: -5.096 5.874 11.306
Accel: 0.562 0.028 0.875
Gyro: -7.110 3.326 10.360
Accel: 0.570 0.022 0.883
Gyro: -7.995 1.815 9.277
Accel: 0.583 0.020 0.894
Gyro: -7.141 1.434 7.568
Accel: 0.585 0.015 0.906
Gyro: -4.882 1.800 6.072
Accel: 0.572 0.011 0.911
Gyro: -1.068 2.502 4.730
Accel: 0.561 0.013 0.899
Gyro: 3.204 2.929 3.509
Accel: 0.544 0.012 0.891
Gyro: 6.958 3.555 2.120
Accel: 0.533 0.015 0.883
Gyro: 9.857 4.302 1.190
Accel: 0.527 0.0000 0.875
Gyro: 11.840 5.355 0.289
Accel: 0.518 0.021 0.866
Gyro: 13.885 6.942 -1.022
Accel: 0.498 0.034 0.860
Gyro: 16.220 8.605 -2.243
Accel: 0.480 0.037 0.851
Gyro: 18.753 10.177 -3.036
Accel: 0.472 0.029 0.845
Gyro: 18.173 7.125 -4.684
Accel: 0.479 0.011 0.848
Gyro: 10.070 -4.867 -7.553
Accel: 0.484 0.004 0.864
Gyro: 1.525 -18.142 -9.155
Accel: 0.479 0.017 0.900
Gyro: -1.922 -26.794 -8.087
Accel: 0.477 0.024 0.933
Gyro: -1.861 -31.692 -6.103
Accel: 0.486 0.018 0.953
Gyro: 0.488 -34.164 0.152
Accel: 0.514 0.007 0.961
Gyro: 4.257 -34.500 -2.944
Accel: 0.561 0.007 0.957
Gyro: 9.124 -32.089 -3.189
Accel: 0.598 0.016 0.953
Gyro: 19.241 -28.289 -4.409
Accel: 0.615 0.030 0.934
Gyro: 21.484 -24.230 -5.477
Accel: 0.617 0.037 0.904
Gyro: 27.236 -20.355 -5.813
Accel: 0.618 0.044 0.874
Gyro: 31.448 -16.067 -6.134
Accel: 0.614 0.056 0.851
Gyro: 33.813 -10.879 -6.271
Accel: 0.606 0.071 0.832
Gyro: 35.034 -5.630 -5.371
Accel: 0.607 0.087 0.750
Gyro: 34.744 0.030 -4.180
Accel: 0.606 0.096 0.797
Gyro: 33.111 4.608 -3.463
Accel: 0.595 0.116 0.774
Gyro: 30.990 7.598 -3.494
Accel: 0.576 0.129 0.759
Gyro: 27.999 8.041 -3.433
Accel: 0.560 0.123 0.750
Gyro: 23.773 6.668 -3.540
Accel: 0.543 0.118 0.755
Gyro: 19.241 3.448 -3.005
Accel: 0.535 0.107 0.766
Gyro: 15.838 0.717 -1.876
Accel: 0.526 0.095 0.776
Gyro: 15.029 -3.433 0.381
Accel: 0.530 0.093 0.791
Gyro: 15.823 -4.272 1.190
Accel: 0.543 0.097 0.800
Gyro: 17.135 -3.799 2.380
Accel: 0.560 0.118 0.806
Gyro: 18.371 -2.273 3.479
Accel: 0.574 0.132 0.810
Gyro: 18.035 0.518 4.928
Accel: 0.589 0.133 0.807
Gyro: 15.777 1.052 5.935
Accel: 0.612 0.135 0.819
Gyro: 12.405 3.417 6.072
Accel: 0.638 0.137 0.832
Gyro: 8.712 6.668 5.340
Accel: 0.642 0.125 0.836
Gyro: 6.881 9.796 4.486
Accel: 0.636 0.120 0.836
Gyro: 7.293 12.054 3.402
Accel: 0.622 0.114 0.829
Gyro: 9.124 14.633 2.670
Accel: 0.604 0.111 0.821
Gyro: 11.337 17.013 2.441
Accel: 0.583 0.111 0.812
Gyro: 12.527 18.386 2.288
Accel: 0.566 0.107 0.804
Gyro: 12.0100 18.951 2.014
Accel: 0.548 0.110 0.804
Gyro: 10.833 18.203 1.907
Accel: 0.534 0.107 0.809
Gyro: 9.521 16.479 1.647
Accel: 0.518 0.106 0.815
Gyro: 8.178 14.068 1.632
Accel: 0.509 0.103 0.825
Gyro: 6.607 10.101 2.166
Accel: 0.507 0.101 0.834
Gyro: 5.798 5.966 3.372
Accel: 0.438 0.104 0.843
Gyro: 6.011 3.036 4.806
Accel: 0.486 0.103 0.823
Gyro: 6.042 1.617 6.210
Accel: 0.489 0.111 0.825
Gyro: 6.774 -1.342 8.285
Accel: 0.473 0.115 0.824
Gyro: 6.881 -7.690 10.299
Accel: 0.489 0.108 0.819
Gyro: 6.347 -7.019 12.603
Accel: 0.530 0.119 0.836
Gyro: 5.157 -9.231 14.999
Accel: 0.558 0.126 0.842
Gyro: 4.013 -9.918 16.128
Accel: 0.554 0.121 0.841
Gyro: 3.799 -10.772 15.670
Accel: 0.546 0.116 0.839
Gyro: 3.479 -10.711 14.877
Accel: 0.539 0.114 0.833
Gyro: 3.402 -10.330 14.312
Accel: 0.531 0.114 0.829
Gyro: 3.509 -9.948 14.053
Accel: 0.508 0.109 0.816
Gyro: 3.875 -10.086 13.687
Accel: 0.518 0.102 0.825
Gyro: 3.372 -10.528 15.304
Accel: 0.551 0.0100 0.833
Gyro: 1.037 -8.407 17.974
Accel: 0.546 0.116 0.832
Gyro: 0.579 -7.980 19.195
Accel: 0.546 0.097 0.825
Gyro: -2.655 -6.210 19.348
Accel: 0.546 0.086 0.823
Gyro: -4.776 -2.700 18.997
Accel: 0.550 0.086 0.828
Gyro: -6.973 2.456 19.287
Accel: 0.551 0.083 0.837
Gyro: -8.041 7.949 20.446
Accel: 0.568 0.064 0.868
Gyro: -7.781 18.051 21.499
Accel: 0.571 0.056 0.871
Gyro: -5.340 23.483 22.735
Accel: 0.558 0.057 0.866
Gyro: -1.083 24.734 23.0010
Accel: 0.562 0.050 0.863
Gyro: 1.831 25.070 22.384
Accel: 0.561 0.048 0.861
Gyro: 3.692 24.566 21.438
Accel: 0.553 0.054 0.856
Gyro: 5.096 24.276 20.004
Accel: 0.549 0.057 0.852
Gyro: 6.622 24.429 18.630
Accel: 0.540 0.059 0.849
Gyro: 8.071 25.268 17.257
Accel: 0.527 0.070 0.859
Gyro: 8.361 25.588 15.487
Accel: 0.518 0.072 0.850
Gyro: 7.781 24.185 13.626
Accel: 0.504 0.069 0.840
Gyro: 7.614 20.050 11.260
Accel: 0.495 0.066 0.840
Gyro: 7.598 14.007 8.636
Accel: 0.497 0.065 0.838
Gyro: 6.912 6.866 6.240
Accel: 0.507 0.059 0.836
Gyro: 5.905 0.900 4.287
Accel: 0.524 0.054 0.840
Gyro: 4.684 -7.965 2.014
Accel: 0.554 0.064 0.848
Gyro: 4.638 -15.625 -1.037
Accel: 0.576 0.079 0.857
Gyro: 6.103 -11.657 -5.004
Accel: 0.558 0.083 0.844
Gyro: 9.277 -10.513 -7.980
Accel: 0.553 0.095 0.836
Gyro: 13.290 -8.255 -9.002
Accel: 0.554 0.112 0.829
Gyro: 16.189 -6.210 -8.316
Accel: 0.559 0.124 0.822
Gyro: 16.693 -4.913 -7.125
Accel: 0.564 0.130 0.814
Gyro: 14.678 -3.829 -6.057
Accel: 0.566 0.132 0.809
Gyro: 10.604 -3.738 -5.401
Accel: 0.568 0.124 0.807
Gyro: 5.935 -4.592 -5.432
Accel: 0.566 0.120 0.810
Gyro: 2.395 -6.179 -5.798
Accel: 0.564 0.115 0.819
Gyro: -3.890 -7.537 -5.859
Accel: 0.557 0.105 0.825
Gyro: 0.747 -8.178 -5.752
Accel: 0.546 0.096 0.830
Gyro: 0.091 -7.965 -5.111
Accel: 0.535 0.093 0.836
Gyro: 1.632 -6.454 -3.372
Accel: 0.527 0.0100 0.837
Gyro: 3.524 -3.890 0.732
Accel: 0.515 0.104 0.833
Gyro: 5.126 -1.037 2.944
Accel: 0.509 0.107 0.826
Gyro: 5.676 1.876 6.698
Accel: 0.506 0.111 0.818
Gyro: 4.699 3.723 9.445
Accel: 0.517 0.111 0.820
Gyro: 2.075 3.646 10.650
Accel: 0.527 0.108 0.821
Gyro: -1.525 2.090 9.582
Accel: 0.534 0.103 0.825
Gyro: -4.989 0.030 7.125
Accel: 0.534 0.0100 0.833
Gyro: -7.263 -2.059 4.333
Accel: 0.535 0.093 0.843
Gyro: -8.178 -3.326 1.663
Accel: 0.537 0.086 0.854
Gyro: -8.453 -3.982 -3.906
Accel: 0.546 0.083 0.867
Gyro: -8.163 -4.135 0.640
Accel: 0.557 0.083 0.879
Gyro: -7.705 -4.379 0.976
Accel: 0.568 0.086 0.885
Gyro: -6.713 -4.470 -1.663
Accel: 0.579 0.087 0.889
Gyro: -4.898 -3.952 -3.311
Accel: 0.578 0.090 0.885
Gyro: -1.785 -3.112 -5.172
