Accel: 0.900 0.110 0.486
Gyro: 0.503 -1.327 -4.852
Accel: 0.897 0.111 0.483
Gyro: 0.442 0.625 -4.364
Accel: 0.895 0.111 0.482
Gyro: 0.396 0.137 -3.906
Accel: 0.892 0.108 0.482
Gyro: 0.534 0.503 -3.128
Accel: 0.892 0.107 0.476
Gyro: 0.503 0.885 -2.395
Accel: 0.889 0.108 0.471
Gyro: 0.473 1.220 -1.770
Accel: 0.884 0.109 0.470
Gyro: 0.396 1.174 -1.205
Accel: 0.884 0.103 0.472
Gyro: 0.274 0.778 0.473
Accel: 0.884 0.104 0.473
Gyro: 0.183 0.305 0.579
Accel: 0.886 0.101 0.475
Gyro: 0.106 0.244 1.373
Accel: 0.881 0.096 0.476
Gyro: 0.167 0.717 2.029
Accel: 0.881 0.095 0.477
Gyro: 0.106 -1.144 2.456
Accel: 0.890 0.088 0.483
Gyro: 0.701 -1.800 3.158
Accel: 0.900 0.085 0.480
Gyro: 1.281 -2.319 7.751
Accel: 0.897 0.082 0.475
Gyro: 1.907 -3.097 4.272
Accel: 0.886 0.080 0.471
Gyro: 2.273 -3.738 4.119
Accel: 0.813 0.081 0.465
Gyro: 2.395 -4.043 3.601
Accel: 0.864 0.086 0.466
Gyro: 1.770 -4.089 2.929
Accel: 0.863 0.090 0.474
Gyro: 1.632 -4.043 2.410
Accel: 0.872 0.088 0.477
Gyro: 1.785 -3.707 2.258
Accel: 0.881 0.088 0.483
Gyro: 2.014 -3.295 2.120
Accel: 0.880 0.087 0.487
Gyro: 2.212 -2.532 1.770
Accel: 0.880 0.090 0.482
Gyro: 2.075 -1.663 1.068
Accel: 0.813 0.092 0.480
Gyro: 1.800 -1.037 0.503
Accel: 0.871 0.092 0.483
Gyro: 1.678 0.595 0.091
Accel: 0.878 0.091 0.479
Gyro: 1.953 0.411 0.167
Accel: 0.889 0.094 0.477
Gyro: 2.059 0.457 0.503
Accel: 0.886 0.098 0.479
Gyro: 1.846 0.930 0.640
Accel: 0.879 0.096 0.484
Gyro: 1.327 -1.235 0.564
Accel: 0.875 0.097 0.485
Gyro: 0.885 -1.235 0.549
Accel: 0.877 0.103 0.484
Gyro: 0.396 -1.174 0.869
Accel: 0.883 0.107 0.475
Gyro: 0.015 -1.190 1.419
Accel: 0.887 0.109 0.478
Gyro: 0.350 -1.312 2.166
Accel: 0.889 0.101 0.476
Gyro: 0.305 -1.312 3.234
Accel: 0.883 0.097 0.471
Gyro: 0.122 -1.083 4.135
Accel: 0.878 0.092 0.465
Gyro: 0.091 0.579 4.821
Accel: 0.876 0.093 0.462
Gyro: 0.091 0.106 5.157
Accel: 0.873 0.092 0.460
Gyro: 0.274 1.144 5.203
Accel: 0.871 0.093 0.459
Gyro: 0.411 2.014 5.035
Accel: 0.872 0.095 0.462
Gyro: 0.671 2.761 4.776
Accel: 0.875 0.094 0.467
Gyro: 1.144 3.448 4.806
Accel: 0.881 0.092 0.472
Gyro: 1.968 3.616 5.081
Accel: 0.888 0.093 0.477
Gyro: 2.929 3.356 5.584
Accel: 0.895 0.089 0.495
Gyro: 3.753 2.578 6.210
Accel: 0.899 0.085 0.516
Gyro: 4.577 1.358 7.431
Accel: 0.905 0.092 0.536
Gyro: 4.791 0.091 8.590
Accel: 0.917 0.095 0.548
Gyro: 4.531 -1.510 9.490
Accel: 0.925 0.097 0.551
Gyro: 4.226 -2.792 10.192
Accel: 0.923 0.102 0.542
Gyro: 3.921 -3.936 10.437
Accel: 0.915 0.103 0.530
Gyro: 3.555 -4.425 10.742
Accel: 0.899 0.105 0.520
Gyro: 3.311 -4.577 10.726
Accel: 0.880 0.105 0.511
Gyro: 3.234 -3.692 10.681
Accel: 0.871 0.106 0.502
Gyro: 3.356 -2.288 10.437
Accel: 0.937 0.106 0.488
Gyro: 3.509 -1.235 10.299
Accel: 0.885 0.109 0.486
Gyro: 3.524 -1.205 9.979
Accel: 0.898 0.109 0.489
Gyro: 3.128 -2.502 9.750
Accel: 0.915 0.113 0.493
Gyro: 1.968 -4.791 9.704
Accel: 0.926 0.116 0.499
Gyro: 0.457 -11.657 9.780
Accel: 0.937 0.116 0.504
Gyro: 0.717 -11.108 10.269
Accel: 0.945 0.117 0.510
Gyro: -1.556 -13.961 11.062
Accel: 0.953 0.122 0.512
Gyro: -2.227 -15.472 12.039
Accel: 0.961 0.125 0.521
Gyro: -1.586 -16.937 13.336
Accel: 0.971 0.127 0.533
Gyro: 0.366 -18.356 15.319
Accel: 0.978 0.134 0.551
Gyro: 1.419 -20.324 17.883
Accel: 0.983 0.140 0.578
Gyro: 2.777 -22.018 21.682
Accel: 0.990 0.149 0.601
Gyro: 3.189 -22.048 24.978
Accel: 0.992 0.169 0.625
Gyro: 3.524 -20.523 27.648
Accel: 0.975 0.126 0.649
Gyro: 3.936 -18.310 30.441
Accel: 0.986 0.164 0.617
Gyro: 4.440 -16.586 35.278
Accel: 0.958 0.203 0.635
Gyro: 5.920 -16.113 39.321
Accel: 0.968 0.190 0.624
Gyro: 7.919 -16.937 43.685
Accel: 0.976 0.173 0.640
Gyro: 9.262 -17.684 49.468
Accel: 0.974 0.185 0.655
Gyro: 10.604 -17.349 53.146
Accel: 0.977 0.175 0.656
Gyro: 10.833 -17.608 56.655
Accel: 0.982 0.169 0.663
Gyro: 10.070 -19.546 60.363
Accel: 0.992 0.172 0.665
Gyro: 8.468 -23.529 63.552
Accel: -1.009 0.192 0.665
Gyro: 6.332 -28.457 65.093
Accel: -1.024 0.212 0.658
Gyro: 4.592 -34.255 65.277
Accel: -1.015 0.234 0.659
Gyro: 3.723 -40.191 65.124
Accel: 0.997 0.250 0.648
Gyro: 3.952 -46.508 65.551
Accel: 0.981 0.261 0.649
Gyro: 4.440 -51.895 70.297
Accel: 0.970 0.267 0.649
Gyro: 4.119 -55.923 66.757
Accel: 0.962 0.274 0.645
Gyro: 3.021 -57.861 65.887
Accel: 0.961 0.286 0.641
Gyro: 0.900 -58.044 63.125
Accel: 0.962 0.295 0.637
Gyro: -1.617 -58.624 59.310
Accel: 0.950 0.325 0.644
Gyro: -5.065 -61.645 55.557
Accel: 0.934 0.349 0.637
Gyro: -8.682 -70.220 53.253
Accel: 0.899 0.386 0.603
Gyro: -12.695 -85.739 47.119
Accel: 0.875 0.405 0.597
Gyro: -15.991 -95.947 47.821
Accel: 0.855 0.417 0.597
Gyro: -23.193 -112.945 43.685
Accel: 0.834 0.417 0.622
Gyro: -23.727 -124.298 40.817
Accel: 0.793 0.437 0.652
Gyro: -28.961 -130.722 39.978
Accel: 0.687 0.455 0.667
Gyro: -35.873 -142.242 41.351
Accel: 0.698 0.454 0.672
Gyro: -44.616 -155.380 44.860
Accel: 0.664 0.406 0.670
Gyro: -53.710 -169.692 49.026
Accel: 0.607 0.442 0.649
Gyro: -61.340 -184.738 52.749
Accel: 0.559 0.396 0.669
Gyro: -66.787 -197.143 55.770
Accel: 0.552 0.361 0.702
Gyro: -69.702 -207.870 60.607
Accel: 0.495 0.333 0.729
Gyro: -71.289 -218.490 62.530
Accel: 0.454 0.289 0.754
Gyro: -70.907 -217.391 63.430
Accel: 0.496 0.252 0.755
Gyro: -69.427 -215.713 67.520
Accel: 0.483 0.250 0.760
Gyro: -65.002 -211.898 69.366
Accel: 0.458 0.225 0.768
Gyro: -57.098 -205.535 70.373
Accel: 0.433 0.201 0.767
Gyro: -48.690 -196.609 72.219
Accel: 0.406 0.203 0.771
Gyro: -39.566 -187.332 74.539
Accel: 0.366 0.211 0.743
Gyro: -33.386 -174.041 75.775
Accel: 0.320 0.211 0.714
Gyro: -28.808 -159.927 76.263
Accel: 0.267 0.196 0.671
Gyro: -26.550 -145.355 75.515
Accel: 0.274 0.154 0.709
Gyro: -23.223 -131.149 76.782
Accel: 0.269 0.179 0.800
Gyro: -11.215 -116.668 78.903
Accel: 0.260 0.215 0.790
Gyro: 0.381 -99.548 81.024
Accel: 0.213 0.234 0.766
Gyro: 10.543 -82.153 83.786
Accel: 0.188 0.248 0.807
Gyro: 19.393 -63.217 87.448
Accel: 0.161 0.270 0.731
Gyro: 24.475 -47.195 90.270
Accel: 0.140 0.285 0.723
Gyro: 27.435 -36.880 92.590
Accel: 0.123 0.288 0.713
Gyro: 28.503 -26.458 95.932
Accel: 0.096 0.299 0.711
Gyro: 28.579 -18.981 99.807
Accel: 0.070 0.312 0.713
Gyro: 27.511 -12.542 103.515
Accel: 0.034 0.319 0.712
Gyro: 26.489 -6.866 106.597
Accel: 0.006 0.316 0.708
Gyro: 25.558 -1.235 107.955
Accel: 0.003 0.296 0.695
Gyro: 24.169 2.685 108.367
Accel: 0.004 0.280 0.675
Gyro: 21.484 5.722 107.345
Accel: 0.007 0.276 0.659
Gyro: 16.616 8.0010 104.766
Accel: 0.021 0.284 0.649
Gyro: 9.643 10.482 101.226
Accel: 0.042 0.299 0.645
Gyro: 1.998 12.451 97.763
Accel: 0.060 0.312 0.649
Gyro: -6.134 14.572 94.299
Accel: 0.069 0.309 0.668
Gyro: -14.556 17.364 91.140
Accel: 0.091 0.306 0.700
Gyro: -21.224 21.865 87.600
Accel: 0.112 0.302 0.731
Gyro: -24.307 27.648 83.358
Accel: 0.130 0.294 0.765
Gyro: -19.683 35.171 78.521
Accel: 0.123 0.272 0.796
Gyro: -18.890 41.198 74.218
Accel: 0.047 0.054 1.026
Gyro: -3.433 4.531 3.875
Accel: 0.049 0.045 1.035
Gyro: -4.425 0.030 3.982
Accel: 0.046 0.037 1.042
Gyro: -4.852 2.960 4.379
Accel: 0.046 0.022 1.052
Gyro: -4.745 2.365 4.928
Accel: 0.040 0.006 1.068
Gyro: -4.150 2.014 5.508
Accel: 0.035 0.002 1.081
Gyro: -3.280 2.304 5.844
Accel: 0.034 0.007 1.092
Gyro: -2.731 2.838 6.134
Accel: 0.029 0.007 1.098
Gyro: -1.693 3.128 6.225
Accel: 0.026 0.009 1.099
Gyro: 0.411 3.204 5.905
Accel: 0.019 0.014 1.096
Gyro: 1.403 3.280 5.691
Accel: 0.013 0.019 1.096
Gyro: 3.265 3.860 5.279
Accel: 0.009 0.023 1.086
Gyro: 4.989 4.959 4.623
Accel: 0.0010 0.024 1.077
Gyro: 6.713 6.042 3.799
Accel: 0.013 0.023 1.071
Gyro: 8.850 6.912 3.067
Accel: 0.012 0.018 1.065
Gyro: 11.0001 7.080 1.754
Accel: 0.0010 0.009 1.059
Gyro: 12.771 6.591 0.259
Accel: 0.002 0.061 1.061
Gyro: 13.427 5.844 -1.205
Accel: 0.005 0.006 1.061
Gyro: 13.290 4.943 -2.426
Accel: 0.014 0.012 1.058
Gyro: 12.405 4.333 -3.036
Accel: 0.016 0.018 1.054
Gyro: 11.306 4.043 -3.250
Accel: 0.017 0.017 1.050
Gyro: 10.177 3.463 -2.944
Accel: 0.011 0.020 1.046
Gyro: 9.246 2.883 -2.593
Accel: 0.008 0.025 1.042
Gyro: 8.331 2.487 -2.471
Accel: 0.007 0.033 1.038
Gyro: 7.720 1.968 -2.716
Accel: 0.007 0.039 1.034
Gyro: 7.507 1.678 -3.524
Accel: 0.002 0.042 1.030
Gyro: 7.217 1.419 -4.943
Accel: 0.004 0.037 1.031
Gyro: 6.774 1.480 -6.301
Accel: 0.011 0.031 1.036
Gyro: 5.798 1.907 -7.064
Accel: 0.015 0.031 1.040
Gyro: 4.348 2.258 -7.202
Accel: 0.016 0.031 1.047
Gyro: 2.441 2.578 -6.729
Accel: 0.017 0.026 1.047
Gyro: 0.869 2.593 -5.813
Accel: 0.018 0.021 1.041
Gyro: 0.793 2.334 -4.714
Accel: 0.013 0.017 1.031
Gyro: -1.998 2.044 -3.952
Accel: 0.011 0.013 1.023
Gyro: -2.899 1.907 -3.387
Accel: 0.011 0.0010 1.012
Gyro: -3.158 1.647 -3.082
Accel: 0.0010 0.005 1.003
Gyro: -3.356 1.083 -2.899
Accel: 0.008 0.007 0.996
Gyro: -3.570 0.320 -2.975
Accel: 0.012 0.0010 0.993
Gyro: -3.631 0.762 -3.311
Accel: 0.016 0.020 0.990
Gyro: -3.753 -2.349 -3.692
Accel: 0.013 0.027 0.989
Gyro: -3.845 -7.629 -4.089
Accel: 0.0010 0.032 0.987
Gyro: -3.555 -5.950 -4.470
Accel: 0.003 0.037 0.985
Gyro: -3.036 -8.071 -4.989
Accel: 0.004 0.040 0.981
Gyro: -2.578 -9.445 -5.722
Accel: 0.007 0.035 0.978
Gyro: -2.044 -10.101 -6.362
Accel: 0.0010 0.032 0.976
Gyro: -1.495 -9.948 -6.683
Accel: 0.006 0.030 0.974
Gyro: 0.991 -9.521 -6.500
Accel: 0.002 0.028 0.971
Gyro: 0.747 -8.804 -5.981
Accel: 0.003 0.026 0.971
Gyro: 0.488 -7.995 -5.096
Accel: 0.0001 0.029 0.970
Gyro: 0.228 -7.003 -4.119
Accel: 0.005 0.036 0.972
Gyro: 0.213 -5.569 -3.463
Accel: 0.009 0.035 0.971
Gyro: 0.061 -3.692 -2.761
Accel: 0.011 0.031 0.969
Gyro: 0.259 -2.700 -2.243
Accel: 0.014 0.028 0.972
Gyro: 0.457 -2.136 -2.029
Accel: 0.012 0.027 0.981
Gyro: 0.198 -2.487 -2.197
Accel: 0.014 0.027 0.984
Gyro: 0.640 -2.685 -2.578
Accel: 0.0010 0.025 0.983
Gyro: -1.556 -2.807 -3.189
Accel: 0.008 0.024 0.979
Gyro: -2.349 -3.509 -3.509
Accel: 0.007 0.026 0.981
Gyro: -2.822 -4.150 -4.089
Accel: 0.017 0.028 0.980
Gyro: -3.173 -4.425 -4.959
Accel: 0.022 0.028 0.979
Gyro: -3.387 -4.394 -5.889
Accel: 0.022 0.027 0.979
Gyro: -3.524 -4.623 -6.408
Accel: 0.023 0.030 0.982
Gyro: -3.753 -4.745 -6.683
Accel: 0.022 0.030 0.984
Gyro: -3.875 -4.943 -6.896
Accel: 0.021 0.027 0.985
Gyro: -4.287 -4.943 -6.851
Accel: 0.022 0.025 0.988
Gyro: -4.882 -4.989 -6.774
Accel: 0.020 0.023 0.988
Gyro: -5.416 -4.837 -6.927
Accel: 0.020 0.027 0.991
Gyro: -5.355 -5.035 -7.308
Accel: 0.024 0.031 0.992
Gyro: -4.837 -5.050 -8.087
Accel: 0.029 0.036 0.995
Gyro: -4.226 -4.669 -8.956
Accel: 0.025 0.043 0.994
Gyro: -3.616 -4.226 -9.613
Accel: 0.022 0.048 0.997
Gyro: -3.417 -3.936 -9.841
Accel: 0.021 0.047 0.994
Gyro: -3.540 0.045 -9.857
Accel: 0.023 0.043 0.996
Gyro: -4.180 -3.662 -9.765
Accel: 0.029 0.036 1.0000
Gyro: -4.943 -2.685 -9.246
Accel: 0.029 0.030 1.0010
Gyro: -5.569 -2.380 -8.651
Accel: 0.025 0.026 1.017
Gyro: -5.599 -2.502 -8.102
Accel: 0.027 0.019 1.020
Gyro: -5.203 -2.014 -8.026
Accel: 0.030 0.014 1.015
Gyro: -4.547 0.915 -8.209
Accel: 0.025 0.008 1.006
Gyro: -3.646 0.686 -8.392
Accel: 0.022 0.002 0.995
Gyro: -2.380 2.639 -8.239
Accel: 0.025 0.002 0.980
Gyro: -1.083 4.928 -7.858
Accel: 0.022 0.0001 0.965
Gyro: 0.259 7.080 -7.354
Accel: 0.018 0.0000 0.949
Gyro: 0.198 8.987 -6.820
Accel: 0.017 0.0001 0.935
Gyro: 0.213 10.650 -6.210
Accel: 0.016 0.0001 0.922
Gyro: 0.640 12.176 -5.447
Accel: 0.013 0.004 0.906
Gyro: -1.480 13.183 -4.409
Accel: 0.018 0.009 0.883
Gyro: -2.212 13.229 -3.479
Accel: 0.021 0.020 0.858
Gyro: -3.173 13.259 -2.532
Accel: 0.021 0.041 0.828
Gyro: -4.104 13.183 -2.090
Accel: 0.016 0.043 0.784
Gyro: -5.187 13.092 -1.586
Accel: 0.008 0.034 0.732
Gyro: -6.469 12.908 -1.129
Accel: 0.0010 0.032 0.669
Gyro: -8.544 13.473 -1.647
Accel: 0.005 0.027 0.596
Gyro: -10.818 13.885 -3.509
Accel: 0.003 0.014 0.518
Gyro: -12.268 13.137 -6.301
Accel: 0.0001 0.002 0.425
Gyro: -12.451 13.336 -10.192
Accel: 0.005 0.016 0.253
Gyro: -11.215 13.381 -13.244
Accel: 0.013 0.029 0.261
Gyro: -9.826 14.236 -15.121
Accel: 0.011 0.037 0.188
Gyro: -7.278 14.602 -15.884
Accel: 0.017 0.088 0.119
Gyro: -3.417 14.846 -10.818
Accel: 0.078 0.016 0.091
Gyro: 2.380 13.534 -9.445
Accel: 0.009 0.016 0.068
Gyro: 6.683 18.264 -6.988
Accel: 0.005 0.016 0.024
Gyro: 11.138 22.628 -4.302
Accel: 0.007 0.011 0.026
Gyro: 14.175 25.451 -4.547
Accel: 0.002 0.006 0.039
Gyro: 16.830 28.671 -5.355
Accel: 0.003 0.005 0.036
Gyro: 19.165 31.631 -6.042
Accel: 0.004 0.007 0.045
Gyro: 20.950 34.362 -6.698
Accel: 0.005 0.005 0.042
Gyro: 22.338 37.109 -7.232
Accel: 0.003 0.005 0.043
Gyro: 23.040 39.642 -7.690
Accel: 0.007 0.005 0.050
Gyro: 23.422 41.702 -8.102
Accel: 0.005 0.004 0.047
Gyro: 23.620 44.296 -8.483
Accel: 0.019 0.019 0.123
Gyro: 24.078 50.552 -8.346
Accel: 0.007 0.006 0.040
Gyro: 21.697 48.690 -11.947
Accel: 0.0010 0.007 0.051
Gyro: 8.590 50.949 -14.480
Accel: 0.003 0.004 0.058
Gyro: 0.381 52.780 -17.196
Accel: 0.122 0.112 0.063
Gyro: -16.067 55.114 -22.811
Accel: 0.152 0.457 0.243
Gyro: -102.813 33.355 -25.115
Accel: 0.250 -2.118 2.825
Gyro: -499.969 96.755 -98.617
Accel: 0.436 -5.306 7.999
Gyro: -282.119 137.237 -34.484
Accel: 0.178 0.214 -1.520
Gyro: 159.088 226.806 2.288
Accel: 0.431 0.341 0.943
Gyro: 147.369 192.657 -3.280
Accel: 0.275 0.271 0.316
Gyro: 122.955 137.771 -12.023
Accel: 0.324 0.267 0.307
Gyro: 61.264 102.447 -20.751
Accel: 0.222 0.394 0.358
Gyro: -13.809 101.928 -28.884
Accel: 0.244 0.680 0.319
Gyro: -47.973 103.103 -38.604
Accel: 0.118 0.630 1.226
Gyro: -107.986 88.165 -45.272
Accel: 0.546 0.122 2.611
Gyro: -129.577 22.521 -35.308
Accel: 0.880 0.435 3.658
Gyro: 3.112 58.685 4.257
Accel: -1.312 0.007 1.200
Gyro: 27.191 49.667 32.775
Accel: 0.723 0.046 1.0000
Gyro: 0.076 0.320 36.132
Accel: 0.375 0.093 1.012
Gyro: -17.074 -40.603 23.376
Accel: 0.342 0.156 1.073
Gyro: -27.145 -81.176 14.175
Accel: 0.361 0.344 1.629
Gyro: -2.410 -83.892 13.031
Accel: 0.503 0.357 1.256
Gyro: 21.377 -66.787 9.689
Accel: 0.416 0.188 0.989
Gyro: 18.157 -60.684 2.014
Accel: 0.364 0.190 1.108
Gyro: 16.296 -56.579 -3.021
Accel: 0.414 0.179 1.069
Gyro: 18.234 -46.920 -1.708
Accel: 0.426 0.175 1.112
Gyro: 17.623 -48.873 4.058
Accel: 0.427 0.165 1.085
Gyro: 14.114 -49.163 3.616
Accel: 0.368 0.145 1.093
Gyro: 12.771 -46.035 -1.342
Accel: 0.283 0.127 1.075
Gyro: 11.322 -40.664 -6.240
Accel: 0.219 0.108 1.040
Gyro: 4.028 -39.535 -9.216
Accel: 0.205 0.079 1.059
Gyro: -4.013 -37.841 -10.345
Accel: 0.211 0.087 1.048
Gyro: -8.514 -32.745 -9.521
Accel: 0.190 0.119 1.013
Gyro: -10.894 -23.452 -6.698
Accel: 0.176 0.145 0.984
Gyro: -10.528 -25.253 -2.838
Accel: 0.166 0.160 0.984
Gyro: -6.668 -26.290 1.113
Accel: 0.157 0.163 0.973
Gyro: 0.564 -27.618 3.112
Accel: 0.062 0.137 1.0000
Gyro: 1.785 -21.118 2.487
Accel: 0.112 0.107 0.971
Gyro: 2.304 -14.633 0.244
Accel: 0.090 0.076 0.981
Gyro: 0.961 -6.347 -1.235
Accel: 0.083 0.051 0.994
Gyro: -6.484 7.720 -2.624
Accel: 0.097 0.043 0.982
Gyro: -9.292 11.825 -7.720
Accel: 0.121 0.073 0.978
Gyro: -8.865 19.348 -4.577
Accel: 0.150 0.109 0.983
Gyro: -6.256 16.510 -3.601
Accel: 0.249 0.132 0.978
Gyro: -2.349 14.160 -1.922
Accel: 0.218 0.146 0.983
Gyro: 3.585 7.614 0.137
Accel: 0.236 0.154 0.978
Gyro: 9.628 -1.831 2.090
Accel: 0.237 0.146 0.960
Gyro: 13.122 -9.918 3.952
Accel: 0.220 0.122 0.948
Gyro: 13.031 -19.500 4.882
Accel: 0.187 0.094 0.882
Gyro: 11.901 -19.851 5.325
Accel: 0.153 0.050 0.958
Gyro: 13.427 -25.558 3.250
Accel: 0.150 0.064 0.995
Gyro: 12.603 -22.399 1.296
Accel: 0.143 0.051 0.974
Gyro: 10.513 -17.196 -1.464
Accel: 0.148 0.035 0.958
Gyro: 8.026 -14.038 -4.989
Accel: 0.152 0.044 0.982
Gyro: 4.394 -7.369 -11.535
Accel: 0.194 0.065 0.998
Gyro: -1.098 -6.805 -12.451
Accel: 0.217 0.021 1.002
Gyro: -5.538 -2.548 -14.587
Accel: 0.257 0.0010 1.102
Gyro: -9.857 -6.134 -12.161
Accel: 0.239 0.040 1.094
Gyro: -10.681 -7.202 -7.644
Accel: 0.252 0.097 1.113
Gyro: -11.917 -11.474 0.991
Accel: 0.258 0.148 1.119
Gyro: -12.084 -16.113 6.576
Accel: 0.215 0.134 1.113
Gyro: -11.398 -21.240 11.886
Accel: 0.177 0.130 1.082
Gyro: -11.413 -25.588 14.648
Accel: 0.138 0.133 1.046
Gyro: -12.084 -26.870 16.204
Accel: 0.105 0.130 1.026
Gyro: -14.099 -26.687 15.747
Accel: 0.073 0.145 1.0001
Gyro: -15.930 -25.344 13.488
Accel: 0.077 0.160 1.019
Gyro: -18.646 -24.536 9.201
Accel: 0.086 0.168 1.031
Gyro: -19.714 -23.391 4.837
Accel: 0.112 0.166 1.056
Gyro: -19.027 -23.605 1.419
Accel: 0.132 0.215 1.072
Gyro: -17.227 -24.917 0.946
Accel: 0.124 0.167 1.099
Gyro: -13.656 -25.375 0.717
Accel: 0.122 0.124 1.108
Gyro: -9.750 -23.178 0.549
Accel: 0.121 0.131 1.110
Gyro: -7.110 -18.997 -1.281
Accel: 0.106 0.134 1.102
Gyro: -5.050 -13.519 -1.403
Accel: 0.093 0.134 1.085
Gyro: -2.120 -3.921 -1.907
Accel: 0.099 0.137 1.072
Gyro: 1.876 -3.051 -2.914
Accel: 0.102 0.139 1.051
Gyro: 5.737 0.122 -4.119
Accel: 0.106 0.135 1.033
Gyro: 9.063 2.441 -5.233
Accel: 0.108 0.127 1.016
Gyro: 11.444 3.494 -5.737
Accel: 0.114 0.123 0.995
Gyro: 12.557 4.211 -6.439
Accel: 0.124 0.122 0.974
Gyro: 12.329 4.287 -6.713
Accel: 0.126 0.119 0.964
Gyro: 11.215 4.455 -5.523
Accel: 0.138 0.113 0.965
Gyro: 9.414 4.974 -3.341
Accel: 0.140 0.099 0.971
Gyro: 8.453 5.767 -1.510
Accel: 0.141 0.103 0.977
Gyro: 8.728 6.546 0.411
Accel: 0.150 0.115 0.980
Gyro: 9.719 6.744 1.571
Accel: 0.153 0.116 0.987
Gyro: 11.978 6.713 2.456
Accel: 0.161 0.114 0.992
Gyro: 15.655 5.905 2.838
Accel: 0.142 0.117 1.009
Gyro: 19.775 2.807 2.838
Accel: 0.151 0.118 1.007
Gyro: 23.757 -1.251 3.524
Accel: 0.146 0.106 1.0010
Gyro: 25.909 -6.210 6.637
Accel: 0.094 0.077 1.009
Gyro: 28.091 -10.833 10.848
Accel: 0.118 0.096 1.0001
Gyro: 29.861 -11.947 12.359
Accel: 0.110 0.095 0.988
Gyro: 31.066 -11.367 13.534
Accel: 0.106 0.087 0.987
Gyro: 32.211 -10.482 13.870
Accel: 0.099 0.092 0.976
Gyro: 32.821 -9.918 13.351
Accel: 0.092 0.092 0.964
Gyro: 33.340 -8.987 12.451
Accel: 0.090 0.086 0.959
Gyro: 34.164 -8.316 11.627
Accel: 0.096 0.079 0.949
Gyro: 34.378 -8.483 10.726
Accel: 0.101 0.070 0.942
Gyro: 33.294 -8.621 9.948
Accel: 0.102 0.055 0.937
Gyro: 31.005 -8.560 9.170
Accel: 0.102 0.041 0.933
Gyro: 27.923 -8.529 8.438
Accel: 0.090 0.035 0.932
Gyro: 24.276 -7.904 7.766
Accel: 0.084 0.027 0.932
Gyro: 21.423 -6.973 7.080
Accel: 0.080 0.026 0.927
Gyro: 18.905 -6.042 6.591
Accel: 0.081 0.023 0.916
Gyro: 15.487 -5.859 6.057
Accel: 0.084 0.018 0.903
Gyro: 11.459 -6.057 5.554
Accel: 0.089 0.013 0.892
Gyro: 6.988 -6.454 4.821
Accel: 0.091 0.008 0.877
Gyro: 1.907 -6.927 4.470
Accel: 0.090 0.003 0.864
Gyro: -4.440 -6.820 4.226
Accel: 0.088 0.003 0.857
Gyro: -12.481 -5.966 4.180
Accel: 0.082 0.003 0.866
Gyro: -21.392 -5.203 3.829
Accel: 0.069 0.008 0.897
Gyro: -26.718 -6.164 2.975
Accel: 0.072 0.013 0.929
Gyro: -30.639 -6.942 3.372
Accel: 0.076 0.025 0.948
Gyro: -32.424 -7.766 4.348
Accel: 0.076 0.032 0.955
Gyro: -32.257 -8.895 5.157
Accel: 0.077 0.047 0.959
Gyro: -31.021 -9.979 5.874
Accel: 0.080 0.070 0.967
Gyro: -30.014 -10.101 7.324
Accel: 0.077 0.075 0.982
Gyro: -28.762 -9.567 8.773
Accel: 0.061 0.070 1.012
Gyro: -26.306 -8.407 9.414
Accel: 0.058 0.081 1.041
Gyro: -21.926 -6.149 9.674
Accel: 0.061 0.097 1.057
Gyro: -11.901 -4.104 10.238
Accel: 0.062 0.0100 1.066
Gyro: -9.033 -2.548 10.589
Accel: 0.059 0.102 1.067
Gyro: -2.273 -2.380 10.375
Accel: 0.063 0.102 1.062
Gyro: 3.860 -2.380 9.887
Accel: 0.069 0.097 1.048
Gyro: 8.895 -1.983 9.445
Accel: 0.073 0.090 1.031
Gyro: 12.176 -1.312 9.231
Accel: 0.077 0.084 1.014
Gyro: 13.519 0.091 9.185
Accel: 0.076 0.070 0.990
Gyro: 12.725 1.083 9.582
Accel: 0.075 0.055 0.972
Gyro: 10.513 2.655 10.375
Accel: 0.074 0.041 0.963
Gyro: 7.553 3.356 10.650
Accel: 0.070 0.037 0.959
Gyro: 3.814 2.914 10.192
Accel: 0.075 0.038 0.972
Gyro: -1.449 0.381 8.926
Accel: 0.075 0.048 0.981
Gyro: -7.110 -2.914 7.339
Accel: 0.076 0.063 0.993
Gyro: -12.313 -5.828 5.737
Accel: 0.071 0.069 1.004
Gyro: -16.098 -8.209 3.646
Accel: 0.069 0.077 1.016
Gyro: -19.302 -10.345 0.793
Accel: 0.067 0.094 1.028
Gyro: -20.904 -11.856 -2.136
Accel: 0.066 0.104 1.037
Gyro: -20.248 -11.734 -4.653
Accel: 0.070 0.104 1.043
Gyro: -17.700 -10.803 -6.332
Accel: 0.072 0.0100 1.044
Gyro: -14.633 -10.375 -7.202
Accel: 0.074 0.093 1.044
Gyro: -11.383 -10.360 -7.369
Accel: 0.078 0.085 1.043
Gyro: -7.476 -10.162 -6.698
Accel: 0.079 0.081 1.037
Gyro: -3.417 -9.460 -5.050
Accel: 0.079 0.080 1.031
Gyro: 0.030 -8.178 -2.944
Accel: 0.075 0.073 1.026
Gyro: 3.341 -6.790 0.640
Accel: 0.075 0.069 1.023
Gyro: 6.286 -6.164 1.403
Accel: 0.075 0.069 1.024
Gyro: 9.201 -6.149 3.128
Accel: 0.078 0.072 1.021
Gyro: 11.657 -6.286 4.516
Accel: 0.076 0.070 1.016
Gyro: 13.534 -6.286 5.462
Accel: 0.074 0.067 1.008
Gyro: 14.404 -5.615 6.072
Accel: 0.074 0.066 1.0001
Gyro: 14.236 -4.974 6.286
Accel: 0.074 0.0000 0.993
Gyro: 13.336 -4.257 6.774
Accel: 0.072 0.058 0.990
Gyro: 7.934 -3.723 7.110
Accel: 0.064 0.052 0.990
Gyro: 10.009 -4.302 7.202
Accel: 0.064 0.049 0.994
Gyro: 7.751 -5.203 7.110
Accel: 0.067 0.052 0.991
Gyro: 5.722 -5.889 6.561
Accel: 0.067 0.057 0.991
Gyro: 3.509 -6.469 5.828
Accel: 0.063 0.057 0.992
Gyro: 1.281 -7.217 4.501
Accel: 0.059 0.059 0.996
Gyro: 0.061 -7.919 3.051
Accel: 0.058 0.061 0.993
Gyro: 0.534 -8.071 2.258
Accel: 0.057 0.060 0.991
Gyro: -1.129 -8.0010 1.754
Accel: 0.059 0.060 0.989
Gyro: -2.014 -7.629 1.495
Accel: 0.061 0.061 0.987
Gyro: -3.356 -6.927 1.571
Accel: 0.060 0.060 0.989
Gyro: -4.653 -6.332 1.876
Accel: 0.055 0.058 0.991
Gyro: -5.645 -5.676 2.365
Accel: 0.051 0.059 0.995
Gyro: -6.118 -4.928 2.899
Accel: 0.046 0.066 0.998
Gyro: -6.103 -4.089 3.463
Accel: 0.044 0.073 1.002
Gyro: -5.966 -3.280 3.906
Accel: 0.046 0.078 1.007
Gyro: -5.645 -2.639 4.135
Accel: 0.046 0.079 1.0010
Gyro: -4.669 -2.944 4.043
Accel: 0.046 0.080 1.011
Gyro: -3.479 -2.929 3.601
Accel: 0.045 0.086 1.016
Gyro: -1.617 -3.051 3.219
Accel: 0.044 0.088 1.020
Gyro: 0.350 -3.005 3.265
Accel: 0.042 0.085 1.023
Gyro: 2.593 -2.792 3.112
Accel: 0.041 0.089 1.025
Gyro: 4.806 -2.532 2.975
Accel: 0.041 0.088 1.023
Gyro: 5.523 -2.700 2.822
Accel: 0.044 0.087 1.020
Gyro: 6.149 -2.670 2.471
Accel: 0.046 0.086 1.015
Gyro: 6.362 -1.693 2.334
Accel: 0.044 0.083 1.009
Gyro: 5.737 0.213 2.380
Accel: 0.044 0.076 1.003
Gyro: 4.623 1.007 2.288
Accel: 0.043 0.071 0.999
Gyro: 3.814 1.693 1.937
Accel: 0.044 0.069 0.995
Gyro: 2.914 2.243 1.388
Accel: 0.045 0.068 0.992
Gyro: 2.120 2.548 0.747
Accel: 0.043 0.068 0.992
Gyro: 1.144 1.937 0.137
Accel: 0.045 0.063 0.992
Gyro: 0.534 0.869 0.793
Accel: 0.045 0.065 0.994
Gyro: 0.473 0.503 -1.129
Accel: 0.043 0.063 0.997
Gyro: 0.137 0.335 -1.281
Accel: 0.044 0.061 1.0001
Gyro: 0.976 0.244 -1.388
Accel: 0.048 0.062 1.007
Gyro: -1.373 0.915 -1.327
Accel: 0.051 0.064 1.0010
Gyro: -1.037 -1.098 -1.312
Accel: 0.047 0.067 1.011
Gyro: 0.350 -1.205 -1.464
Accel: 0.044 0.069 1.009
Gyro: 0.350 -1.327 -1.953
Accel: 0.046 0.068 1.007
Gyro: 1.220 -1.342 -1.953
Accel: 0.041 0.060 1.007
Gyro: 2.197 -1.251 -1.831
Accel: 0.036 0.058 1.008
Gyro: 3.173 -1.220 -1.617
Accel: 0.036 0.057 1.014
Gyro: 3.097 -1.556 -1.510
Accel: 0.034 0.057 1.016
Gyro: 3.005 -1.892 -1.251
Accel: 0.035 0.059 1.018
Gyro: 2.929 -1.892 0.961
Accel: 0.031 0.058 1.018
Gyro: 2.700 -1.724 0.701
Accel: 0.033 0.058 1.017
Gyro: 1.754 -1.724 0.640
Accel: 0.035 0.058 1.019
Gyro: 0.961 -1.632 0.518
Accel: 0.037 0.060 1.023
Gyro: 0.625 -2.075 0.473
Accel: 0.036 0.062 1.027
Gyro: 0.732 -2.548 0.854
Accel: 0.035 0.065 1.028
Gyro: 1.388 -3.097 -1.129
Accel: 0.033 0.067 1.028
Gyro: 2.273 -3.234 -1.403
Accel: 0.034 0.065 1.028
Gyro: 3.448 -3.540 -1.754
Accel: 0.033 0.065 1.029
Gyro: 4.928 -7.797 -1.724
Accel: 0.033 0.0000 1.029
Gyro: 6.820 -3.952 -1.541
Accel: 0.032 0.058 1.028
Gyro: 8.239 -3.433 -1.129
Accel: 0.032 0.059 1.020
Gyro: 9.185 -2.792 0.473
Accel: 0.036 0.059 1.019
Gyro: 9.506 -2.655 0.152
Accel: 0.038 0.058 1.020
Gyro: 9.811 -2.807 0.595
