Accel: 0.027 0.026 1.020
Gyro: -2.151 6.851 0.228
Accel: 0.026 0.026 1.020
Gyro: -1.373 6.866 0.152
Accel: 0.025 0.026 1.015
Gyro: 0.732 6.973 0.0000
Accel: 0.020 0.024 1.0010
Gyro: 0.579 6.256 0.045
Accel: 0.016 0.025 1.006
Gyro: 0.640 5.172 0.030
Accel: 0.016 0.023 1.0000
Gyro: 0.534 4.257 0.015
Accel: 0.016 0.017 0.999
Gyro: 0.0000 3.738 0.244
Accel: 0.020 0.018 0.997
Gyro: 0.793 3.509 0.595
Accel: 0.018 0.021 0.992
Gyro: 1.281 3.616 0.869
Accel: 0.016 0.019 0.988
Gyro: 0.717 4.089 0.946
Accel: 0.014 0.018 1.061
Gyro: 0.106 3.860 1.281
Accel: 0.008 0.018 1.004
Gyro: 0.274 2.563 1.525
Accel: 0.007 0.014 0.998
Gyro: -1.022 0.473 1.617
Accel: 0.003 0.012 0.994
Gyro: -2.044 -1.419 1.602
Accel: 0.003 0.013 1.003
Gyro: -2.624 -3.402 1.510
Accel: 0.006 0.018 1.006
Gyro: -2.105 -5.325 1.190
Accel: 0.008 0.024 1.002
Gyro: -1.449 -6.866 0.869
Accel: 0.009 0.026 1.0001
Gyro: -1.235 -11.672 0.640
Accel: 0.0010 0.023 1.005
Gyro: -1.312 -7.461 0.793
Accel: 0.018 0.018 1.022
Gyro: -1.358 -7.003 0.808
Accel: 0.018 0.020 1.032
Gyro: -1.312 -6.698 0.885
Accel: 0.017 0.023 1.036
Gyro: -1.205 -6.271 0.686
Accel: 0.018 0.022 1.035
Gyro: -1.205 -6.057 0.488
Accel: 0.017 0.026 1.040
Gyro: 0.823 -6.042 0.320
Accel: 0.018 0.026 1.038
Gyro: 0.122 -6.378 0.167
Accel: 0.016 0.026 1.037
Gyro: 0.808 -7.308 0.152
Accel: 0.014 0.033 1.038
Gyro: 1.861 -9.307 0.762
Accel: 0.016 0.036 1.034
Gyro: 3.082 -12.680 0.915
Accel: 0.014 0.034 1.027
Gyro: 3.433 -14.785 -1.022
Accel: 0.016 0.029 1.035
Gyro: 3.128 -15.502 0.686
Accel: 0.020 0.023 1.046
Gyro: 3.311 -15.075 0.198
Accel: 0.027 0.019 1.048
Gyro: 3.356 -13.153 0.259
Accel: 0.035 0.018 1.049
Gyro: 3.036 -10.986 0.671
Accel: 0.040 0.014 1.050
Gyro: 2.990 -8.560 0.930
Accel: 0.034 0.014 1.047
Gyro: 3.234 -5.462 1.266
Accel: 0.039 0.016 1.038
Gyro: 3.158 -2.288 1.647
Accel: 0.040 0.013 1.028
Gyro: 3.143 0.305 1.846
Accel: 0.038 0.016 1.016
Gyro: 3.128 2.227 1.800
Accel: 0.032 0.019 0.999
Gyro: 2.548 4.043 1.907
Accel: 0.032 0.016 0.992
Gyro: 1.617 5.767 2.120
Accel: 0.030 0.011 0.987
Gyro: 0.671 7.125 2.212
Accel: 0.028 0.009 0.978
Gyro: -3.906 8.361 2.288
Accel: 0.028 0.007 0.968
Gyro: 0.701 9.262 2.014
Accel: 0.029 0.007 0.963
Gyro: 0.854 9.857 1.602
Accel: 0.026 0.014 0.961
Gyro: 0.320 9.658 1.174
Accel: 0.025 0.017 0.958
Gyro: 0.640 8.270 0.564
Accel: 0.020 0.020 0.953
Gyro: 1.327 6.011 0.350
Accel: 0.025 0.014 0.955
Gyro: 1.602 0.167 0.198
Accel: 0.022 0.0010 0.961
Gyro: 1.708 2.029 0.198
Accel: 0.022 0.003 0.964
Gyro: 1.602 0.503 0.198
Accel: 0.027 0.005 0.966
Gyro: 0.976 0.305 0.518
Accel: 0.025 0.009 0.976
Gyro: 0.885 0.411 0.747
Accel: 0.027 0.0010 0.982
Gyro: 1.190 0.137 -1.159
Accel: 0.025 0.012 0.984
Gyro: 2.166 0.213 -1.846
Accel: 0.022 0.015 0.989
Gyro: 4.119 0.289 -2.853
Accel: 0.021 0.018 0.988
Gyro: 6.454 0.122 -3.814
Accel: 0.023 0.025 0.984
Gyro: 8.544 0.991 -4.882
Accel: 0.024 0.036 0.984
Gyro: 10.406 -1.571 -5.325
Accel: 0.030 0.034 0.988
Gyro: 11.596 0.656 -4.989
Accel: 0.040 0.024 0.997
Gyro: 12.252 0.808 -4.333
Accel: 0.034 0.013 1.0001
Gyro: 12.176 2.151 -3.204
Accel: 0.029 0.0000 1.005
Gyro: 11.322 3.753 -2.273
Accel: 0.025 0.006 1.0010
Gyro: 10.421 4.745 -1.403
Accel: 0.022 0.011 1.011
Gyro: 9.536 5.523 0.320
Accel: 0.027 0.015 1.009
Gyro: 8.453 5.661 0.152
Accel: 0.023 0.014 1.007
Gyro: 7.247 4.730 0.595
Accel: 0.019 0.014 1.0000
Gyro: 6.011 3.616 0.793
Accel: 0.020 0.016 0.995
Gyro: 4.333 2.029 0.930
Accel: 0.020 0.015 0.990
Gyro: 2.899 0.289 1.190
Accel: 0.016 0.016 0.993
Gyro: 1.144 -1.373 1.525
Accel: 0.016 0.015 0.995
Gyro: 0.625 -2.441 1.708
Accel: 0.019 0.012 1.062
Gyro: -1.480 -7.781 1.831
Accel: 0.019 0.005 1.002
Gyro: -1.983 -5.279 1.800
Accel: 0.020 0.002 1.002
Gyro: -2.639 -5.676 1.541
Accel: 0.019 0.002 1.0010
Gyro: -3.463 -5.401 1.419
Accel: 0.022 0.005 1.014
Gyro: -3.738 -4.943 1.159
Accel: 0.026 0.007 1.016
Gyro: -3.707 -4.501 0.732
Accel: 0.026 0.0010 1.018
Gyro: -3.356 -4.074 0.106
Accel: 0.024 0.0010 1.019
Gyro: -3.494 -3.341 0.350
Accel: 0.025 0.007 1.025
Gyro: -3.723 -2.426 0.335
Accel: 0.025 0.004 1.027
Gyro: -3.433 -1.876 0.335
Accel: 0.025 0.005 1.028
Gyro: -2.685 -2.288 0.106
Accel: 0.022 0.007 1.027
Gyro: -1.922 -2.792 0.061
Accel: 0.017 0.008 1.029
Gyro: 0.930 -3.570 0.228
Accel: 0.016 0.011 1.027
Gyro: 0.015 -4.714 0.305
Accel: 0.018 0.0010 1.022
Gyro: 0.350 -6.149 0.045
Accel: 0.015 0.006 1.018
Gyro: 0.701 -7.263 0.122
Accel: 0.018 0.004 1.009
Gyro: 0.900 -8.300 0.183
Accel: 0.018 0.062 1.0010
Gyro: 0.015 -6.927 0.427
Accel: 0.025 0.0000 1.030
Gyro: 0.030 -5.508 0.671
Accel: 0.031 0.002 1.040
Gyro: 0.289 -4.486 0.930
Accel: 0.034 0.003 1.041
Gyro: 0.427 -3.128 0.839
Accel: 0.037 0.0001 1.040
Gyro: 0.534 -1.754 0.747
Accel: 0.036 0.004 1.040
Gyro: 0.488 0.411 0.869
Accel: 0.036 0.005 1.037
Gyro: 0.335 0.839 0.778
Accel: 0.032 0.002 1.030
Gyro: 0.366 1.754 0.549
Accel: 0.028 0.002 1.023
Gyro: 0.717 2.471 0.289
Accel: 0.023 0.006 1.0010
Gyro: 0.946 3.952 0.198
Accel: 0.024 0.0001 1.004
Gyro: 1.022 6.042 0.061
Accel: 0.020 0.003 1.0001
Gyro: 1.647 7.705 0.381
Accel: 0.016 0.008 0.992
Gyro: 2.548 8.758 0.518
Accel: 0.016 0.004 0.982
Gyro: 3.646 9.567 0.823
Accel: 0.0010 0.002 0.970
Gyro: 4.409 11.169 0.625
Accel: 0.007 0.062 0.969
Gyro: 4.974 12.390 0.411
Accel: 0.004 0.0000 0.961
Gyro: 5.630 12.695 0.259
Accel: 0.0001 0.002 0.957
Gyro: 5.981 11.978 0.106
Accel: 0.062 0.0001 0.948
Gyro: 5.737 11.108 0.518
Accel: 0.005 0.005 0.951
Gyro: 4.669 9.063 1.510
Accel: 0.011 0.0010 0.963
Gyro: 3.433 5.752 2.716
Accel: 0.008 0.020 0.972
Gyro: 2.685 1.037 3.295
Accel: 0.005 0.021 0.979
Gyro: 1.632 -4.119 3.494
Accel: 0.0010 0.024 0.984
Gyro: 0.320 -8.773 3.555
Accel: 0.012 0.021 0.989
Gyro: 0.930 -12.542 3.402
Accel: 0.021 0.017 0.999
Gyro: -1.968 -15.136 3.036
Accel: 0.025 0.016 1.0000
Gyro: -2.761 -16.250 2.471
Accel: 0.032 0.008 1.008
Gyro: -3.738 -14.984 2.136
Accel: 0.038 0.004 1.018
Gyro: -4.562 -12.924 1.419
Accel: 0.043 0.003 1.029
Gyro: -5.157 -10.147 0.961
Accel: 0.045 0.002 1.034
Gyro: -5.661 -7.171 0.381
Accel: 0.043 0.0001 1.035
Gyro: -6.164 -3.616 0.198
Accel: 0.047 0.002 1.043
Gyro: -6.729 0.549 0.183
Accel: 0.040 0.0000 1.048
Gyro: -6.469 2.304 0.137
Accel: 0.033 0.006 1.045
Gyro: -6.286 4.425 0.259
Accel: 0.032 0.008 1.042
Gyro: -6.027 5.386 0.305
Accel: 0.024 0.007 1.037
Gyro: -5.477 5.813 0.045
Accel: 0.017 0.007 1.033
Gyro: -4.592 5.905 0.305
Accel: 0.012 0.005 1.025
Gyro: -3.860 4.928 0.595
Accel: 0.007 0.009 1.021
Gyro: -2.807 3.707 0.701
Accel: 0.005 0.011 1.015
Gyro: -2.929 3.219 1.007
Accel: 0.008 0.0010 1.018
Gyro: -2.975 2.655 1.434
Accel: 0.002 0.011 1.016
Gyro: -3.082 1.770 1.815
Accel: 0.007 0.012 1.016
Gyro: -2.792 0.549 1.876
Accel: 0.033 0.0001 1.034
Gyro: -1.235 0.473 1.770
Accel: 0.029 0.0000 1.029
Gyro: -1.647 0.442 1.968
Accel: 0.031 0.003 1.021
Gyro: -1.861 1.159 2.227
Accel: 0.032 0.009 1.019
Gyro: -1.922 1.403 2.334
Accel: 0.031 0.011 1.019
Gyro: -1.892 0.823 2.639
Accel: 0.030 0.015 1.021
Gyro: -1.861 0.747 2.746
Accel: 0.024 0.019 1.022
Gyro: -1.632 -2.868 2.761
Accel: 0.022 0.021 1.020
Gyro: -1.403 -5.126 2.777
Accel: 0.022 0.024 1.020
Gyro: -1.373 -7.141 2.868
Accel: 0.020 0.025 1.021
Gyro: -1.403 -9.140 3.097
Accel: 0.024 0.025 1.025
Gyro: -1.403 -15.579 3.311
Accel: 0.025 0.021 1.026
Gyro: -1.739 -13.977 3.601
Accel: 0.026 0.014 1.034
Gyro: -1.831 -15.853 3.601
Accel: 0.029 0.017 1.049
Gyro: -1.388 -17.608 3.692
Accel: 0.032 0.017 1.070
Gyro: 0.366 -18.234 3.494
Accel: 0.037 0.018 1.098
Gyro: 1.541 -18.539 3.540
Accel: 0.049 0.026 1.125
Gyro: 3.585 -19.699 3.921
Accel: 0.054 0.027 1.150
Gyro: 5.523 -20.690 4.394
Accel: 0.062 0.023 1.248
Gyro: 7.446 -22.216 4.852
Accel: 0.071 0.019 1.214
Gyro: 9.292 -24.200 5.401
Accel: 0.065 0.015 1.235
Gyro: 9.902 -25.314 5.859
Accel: 0.054 0.014 1.246
Gyro: 8.666 -23.803 6.286
Accel: 0.058 0.015 1.252
Gyro: 5.981 -20.690 6.698
Accel: 0.063 0.026 1.276
Gyro: 3.158 -17.883 7.431
Accel: 0.047 0.027 1.307
Gyro: 2.151 -17.074 8.361
Accel: 0.046 0.015 1.333
Gyro: 3.021 -18.615 8.377
Accel: 0.041 0.0001 1.369
Gyro: 5.523 -21.484 8.0010
Accel: 0.036 0.005 1.395
Gyro: 8.605 -23.773 7.995
Accel: 0.039 0.015 1.411
Gyro: 10.955 -25.0100 8.438
Accel: 0.048 0.021 1.419
Gyro: 12.237 -25.421 8.865
Accel: 0.062 0.022 1.425
Gyro: 12.985 -25.970 9.475
Accel: 0.088 0.020 1.422
Gyro: 13.641 -27.938 10.070
Accel: 0.0100 0.013 1.410
Gyro: 13.900 -30.578 10.925
Accel: 0.116 0.009 1.395
Gyro: 13.778 -33.386 11.337
Accel: 0.131 0.013 1.374
Gyro: 13.015 -33.569 10.726
Accel: 0.146 0.016 1.361
Gyro: 12.344 -30.746 9.643
Accel: 0.166 0.016 1.348
Gyro: 11.169 -20.309 8.468
Accel: 0.175 0.007 1.339
Gyro: 9.750 -15.182 7.431
Accel: 0.191 0.004 1.309
Gyro: 8.575 -4.714 5.905
Accel: 0.178 0.0001 1.266
Gyro: 5.615 6.042 5.844
Accel: 0.189 0.004 1.216
Gyro: 2.349 15.899 5.554
Accel: 0.197 0.0001 1.163
Gyro: 0.610 24.581 5.386
Accel: 0.197 0.002 1.123
Gyro: -2.807 30.502 5.233
Accel: 0.208 0.0010 1.077
Gyro: -3.463 38.848 4.241
Accel: 0.212 0.0010 1.043
Gyro: -1.861 37.490 1.953
Accel: 0.207 0.014 0.978
Gyro: 0.930 41.107 0.381
Accel: 0.194 0.005 0.945
Gyro: -1.876 47.576 -1.342
Accel: 0.178 0.002 0.927
Gyro: -3.219 54.306 -1.586
Accel: 0.168 0.006 0.886
Gyro: -5.096 59.234 -1.708
Accel: 0.153 0.012 0.837
Gyro: -8.163 62.805 -1.739
Accel: 0.135 0.0010 0.799
Gyro: -11.734 65.170 -1.495
Accel: 0.111 0.011 0.759
Gyro: -14.221 65.307 0.778
Accel: 0.095 0.008 0.716
Gyro: -16.540 63.613 0.152
Accel: 0.088 0.0010 0.685
Gyro: -17.364 60.256 0.213
Accel: 0.093 0.024 0.680
Gyro: -14.938 53.970 0.427
Accel: 0.071 0.033 0.666
Gyro: -10.192 47.439 1.602
Accel: 0.042 0.037 0.662
Gyro: -7.202 43.960 2.502
Accel: 0.027 0.029 0.666
Gyro: -6.210 42.221 1.831
Accel: 0.004 0.014 0.674
Gyro: -6.347 40.115 1.205
Accel: 0.0001 0.0010 0.684
Gyro: -7.446 36.972 1.220
Accel: 0.003 0.024 0.694
Gyro: -8.865 32.501 1.480
Accel: 0.008 0.024 0.699
Gyro: -10.040 26.947 1.617
Accel: 0.002 0.012 0.707
Gyro: -10.391 21.011 2.059
Accel: 0.011 0.004 0.715
Gyro: -9.674 15.991 3.051
Accel: 0.018 0.006 0.720
Gyro: -9.048 12.786 7.736
Accel: 0.016 0.0000 0.738
Gyro: -9.185 11.978 4.013
Accel: 0.015 0.015 0.759
Gyro: -9.048 11.734 2.929
Accel: 0.017 0.030 0.782
Gyro: -3.997 11.764 0.808
Accel: 0.020 0.041 0.791
Gyro: -6.362 11.627 -1.770
Accel: 0.028 0.042 0.796
Gyro: -5.096 11.047 -4.211
Accel: 0.040 0.036 0.798
Gyro: -4.364 9.780 -6.225
Accel: 0.047 0.021 0.795
Gyro: -3.982 7.476 -7.629
Accel: 0.059 0.008 0.783
Gyro: -4.135 5.340 -8.392
Accel: 0.071 0.0000 0.776
Gyro: -4.562 4.257 -8.773
Accel: 0.088 0.002 0.776
Gyro: -5.126 4.272 -3.921
Accel: 0.102 0.0001 0.764
Gyro: -7.156 11.383 -5.767
Accel: 0.087 0.014 0.754
Gyro: -10.040 12.649 -4.837
Accel: 0.073 0.009 0.734
Gyro: -12.908 17.776 -4.333
Accel: 0.065 0.005 0.718
Gyro: -15.594 21.057 -3.204
Accel: 0.062 0.014 0.689
Gyro: -18.371 21.560 -1.586
Accel: 0.066 0.025 0.660
Gyro: -21.789 19.256 0.076
Accel: 0.057 0.038 0.627
Gyro: -25.299 15.243 1.388
Accel: 0.072 0.034 0.599
Gyro: -26.687 9.750 2.944
Accel: 0.075 0.007 0.558
Gyro: -27.572 0.366 4.180
Accel: 0.0000 0.029 0.446
Gyro: -26.321 0.717 4.318
Accel: 0.039 0.049 0.425
Gyro: -23.895 -3.799 3.463
Accel: 0.008 0.044 0.363
Gyro: -20.065 -6.622 0.946
Accel: 0.009 0.062 0.299
Gyro: -11.962 -10.253 -2.212
Accel: 0.036 0.045 0.195
Gyro: 0.640 -7.766 -4.241
Accel: 0.087 0.041 0.092
Gyro: 9.323 -1.083 -6.454
Accel: 0.134 0.027 0.018
Gyro: 13.092 6.546 -10.131
Accel: 0.077 0.012 0.051
Gyro: 13.778 15.075 -13.427
Accel: 0.092 0.029 0.096
Gyro: 4.669 16.601 -19.790
Accel: 0.116 0.022 0.030
Gyro: 0.946 21.713 -28.167
Accel: 0.047 0.0001 0.092
Gyro: 2.929 23.315 -27.801
Accel: 0.002 0.007 0.044
Gyro: 5.035 24.490 -27.420
Accel: 0.006 0.006 0.034
Gyro: 6.561 25.497 -27.206
Accel: 0.0001 0.002 0.024
Gyro: 7.675 26.504 -27.038
Accel: 0.0000 0.006 0.043
Gyro: 8.468 27.664 -27.206
Accel: 0.0000 0.006 0.054
Gyro: 9.231 28.442 -27.252
Accel: 0.0001 0.007 0.053
Gyro: 9.857 29.220 -27.313
Accel: 0.002 0.008 0.051
Gyro: 10.452 30.151 -27.435
Accel: 0.003 0.007 0.050
Gyro: 10.589 30.792 -27.465
Accel: 0.003 0.007 0.051
Gyro: 10.787 31.372 -27.633
Accel: 0.003 0.007 0.054
Gyro: 10.955 31.753 -27.740
Accel: 0.002 0.008 0.060
Gyro: 11.260 31.951 -27.832
Accel: 0.003 0.008 0.063
Gyro: 11.703 32.226 -27.801
Accel: 0.003 0.008 0.067
Gyro: 12.207 32.363 -27.709
Accel: 0.0001 0.008 0.073
Gyro: 12.817 32.485 -27.679
Accel: 0.0001 0.008 0.086
Gyro: 13.565 32.333 -27.587
Accel: 0.002 0.009 0.126
Gyro: 14.572 27.877 -24.810
Accel: 2.212 0.074 0.462
Gyro: -163.650 -499.969 50.659
Accel: 3.161 -3.704 7.999
Gyro: 240.997 -499.969 29.617
Accel: -1.340 -1.382 7.999
Gyro: 287.918 270.004 25.222
Accel: 0.715 0.500 1.846
Gyro: 154.785 251.953 40.863
Accel: 0.114 0.065 0.809
Gyro: 124.221 150.070 31.784
Accel: 0.063 0.282 0.604
Gyro: 43.945 92.895 16.128
Accel: 0.536 0.127 0.686
Gyro: 3.219 -2.716 -13.412
Accel: 0.759 0.219 0.720
Gyro: -21.621 -59.921 -34.515
Accel: 0.736 0.182 0.727
Gyro: -53.146 -135.192 -39.184
Accel: 0.315 0.036 1.823
Gyro: -161.422 -119.918 -23.345
Accel: 0.162 0.142 5.317
Gyro: -96.328 15.518 -31.402
Accel: 0.031 0.241 1.580
Gyro: 0.946 27.053 -33.126
Accel: 0.273 0.070 0.758
Gyro: -12.298 -29.846 -20.187
Accel: 0.210 0.095 0.954
Gyro: -49.423 -65.567 -7.217
Accel: 0.033 0.042 1.333
Gyro: -47.973 -83.267 5.905
Accel: 0.279 0.108 1.617
Gyro: -37.368 -67.077 10.543
Accel: 0.384 0.0100 1.430
Gyro: -30.685 -44.891 10.208
Accel: 0.310 0.029 1.230
Gyro: -29.006 -32.806 9.262
Accel: 0.275 0.046 1.135
Gyro: -25.070 -23.971 9.170
Accel: 0.310 0.078 1.096
Gyro: -20.980 -12.130 4.028
Accel: 0.347 0.088 1.094
Gyro: -18.234 2.487 3.677
Accel: 0.330 0.095 1.186
Gyro: -14.892 13.992 -1.831
Accel: 0.244 0.112 1.143
Gyro: -11.138 20.843 -6.332
Accel: 0.126 0.134 1.128
Gyro: -8.178 21.209 -9.109
Accel: 0.042 0.159 1.112
Gyro: -6.546 14.846 -10.284
Accel: 0.016 0.165 1.109
Gyro: -6.088 3.494 -10.528
Accel: 0.049 0.140 1.098
Gyro: -5.661 -10.437 -9.628
Accel: 0.061 0.111 1.078
Gyro: -3.524 -22.415 -3.982
Accel: 0.053 0.091 1.042
Gyro: 1.281 -29.037 -5.264
Accel: 0.017 0.088 1.007
Gyro: 8.071 -28.396 -2.883
Accel: 0.027 0.094 0.968
Gyro: 14.785 -22.140 -1.892
Accel: 0.057 0.092 0.877
Gyro: 21.331 -13.473 -1.739
Accel: 0.074 0.076 0.926
Gyro: 26.611 -5.249 -1.602
Accel: 0.078 0.050 0.906
Gyro: 30.838 0.534 -2.212
Accel: 0.064 0.026 0.875
Gyro: 32.852 3.570 -3.067
Accel: 0.056 0.016 0.854
Gyro: 32.333 3.555 -3.524
Accel: 0.052 0.018 0.845
Gyro: 30.242 0.915 -3.845
Accel: 0.058 0.023 0.847
Gyro: 26.641 -1.525 -4.577
Accel: 0.078 0.030 0.857
Gyro: 22.766 3.463 -6.454
Accel: 0.065 0.095 0.751
Gyro: 11.413 8.392 -8.819
Accel: 0.133 0.078 0.856
Gyro: 3.173 13.656 -13.854
Accel: 0.153 0.040 0.899
Gyro: 3.189 19.561 -17.700
Accel: 0.105 0.040 0.924
Gyro: 3.387 26.809 -17.913
Accel: 0.052 0.0100 0.934
Gyro: -2.731 22.003 -13.275
Accel: 0.004 0.115 0.957
Gyro: -18.508 8.438 -11.657
Accel: 0.036 0.120 1.073
Gyro: -35.110 1.495 -9.048
Accel: 0.0000 0.060 1.416
Gyro: -30.410 -2.197 -6.973
Accel: 0.052 0.032 1.077
Gyro: -26.580 -1.937 -6.393
Accel: 0.038 0.102 1.235
Gyro: -18.707 -3.860 -8.224
Accel: 0.022 0.083 1.206
Gyro: -6.027 -4.989 -6.790
Accel: 0.024 0.133 1.196
Gyro: 6.103 -4.318 -3.417
Accel: 0.044 0.166 1.152
Gyro: 7.339 2.395 7.446
Accel: 0.046 0.0100 1.127
Gyro: 18.447 2.380 6.683
Accel: 0.114 0.018 1.115
Gyro: 20.950 0.793 5.844
Accel: 0.110 0.002 1.089
Gyro: 19.088 0.610 3.295
Accel: 0.110 0.007 1.081
Gyro: 15.258 1.693 0.762
Accel: 0.145 0.029 1.092
Gyro: 11.413 2.243 0.015
Accel: 0.184 0.035 1.104
Gyro: 10.131 2.593 0.625
Accel: 0.142 0.044 1.122
Gyro: 10.833 2.563 0.808
Accel: 0.091 0.018 1.124
Gyro: 12.725 3.158 1.983
Accel: 0.109 0.023 1.090
Gyro: 12.878 1.602 4.730
Accel: 0.062 0.013 1.059
Gyro: 10.910 -1.815 4.623
Accel: 0.006 0.017 1.052
Gyro: 9.094 -3.219 3.189
Accel: 0.006 0.008 1.053
Gyro: 4.013 -2.792 1.510
Accel: 0.004 0.006 1.031
Gyro: 5.905 0.457 0.122
Accel: 0.025 0.013 1.0010
Gyro: 3.829 5.081 -1.052
Accel: 0.032 0.018 0.997
Gyro: 3.051 7.934 -1.281
Accel: 0.005 0.031 0.981
Gyro: 4.241 8.575 -1.022
Accel: 0.017 0.027 0.962
Gyro: 5.218 7.431 3.860
Accel: 0.005 0.0010 0.876
Gyro: 4.150 5.279 0.808
Accel: 0.002 0.007 0.918
Gyro: 2.136 2.395 0.885
Accel: 0.015 0.022 0.903
Gyro: 0.442 0.122 0.503
Accel: 0.0010 0.022 0.898
Gyro: -3.723 -3.082 3.311
Accel: 0.077 0.006 0.888
Gyro: -5.081 -10.330 11.642
Accel: 0.074 0.004 0.879
Gyro: -5.187 -14.419 19.256
Accel: 0.016 0.016 0.912
Gyro: -5.508 -18.859 17.181
Accel: 0.006 0.011 0.937
Gyro: -5.233 -25.985 17.257
Accel: 0.0010 0.020 0.959
Gyro: -4.730 -33.905 16.494
Accel: 0.003 0.020 0.972
Gyro: -4.623 -40.222 14.999
Accel: 0.052 0.025 0.992
Gyro: -4.638 -43.380 12.329
Accel: 0.083 0.027 1.017
Gyro: -4.425 -43.869 9.811
Accel: 0.105 0.030 1.041
Gyro: -3.967 -41.122 7.339
Accel: 0.126 0.030 1.059
Gyro: -2.349 -35.598 4.623
Accel: 0.141 0.031 1.064
Gyro: 0.442 -29.327 2.227
Accel: 0.148 0.027 1.060
Gyro: 0.930 -21.697 0.473
Accel: 0.149 0.024 1.044
Gyro: 1.403 -13.351 0.244
Accel: 0.140 0.028 1.031
Gyro: 0.717 -3.280 0.152
Accel: 0.142 0.032 1.027
Gyro: -3.997 6.652 0.305
Accel: 0.137 0.042 1.024
Gyro: -7.522 14.053 0.228
Accel: 0.129 0.055 1.033
Gyro: -11.093 20.629 0.244
Accel: 0.121 0.059 1.032
Gyro: -13.305 26.596 0.427
Accel: 0.113 0.055 1.027
Gyro: -14.770 31.265 0.396
Accel: 0.102 0.042 1.022
Gyro: -15.106 34.210 0.198
Accel: 0.089 0.030 1.016
Gyro: -13.748 34.759 0.030
Accel: 0.073 0.024 1.0000
Gyro: -11.581 33.370 0.595
Accel: 0.064 0.021 0.980
Gyro: -9.552 29.678 1.358
Accel: 0.053 0.015 0.965
Gyro: -8.346 25.146 2.029
Accel: 0.040 0.021 0.962
Gyro: -7.858 19.195 2.349
Accel: 0.037 0.025 0.966
Gyro: -7.553 11.947 2.258
Accel: 0.041 0.032 0.965
Gyro: -7.034 0.671 1.693
Accel: 0.048 0.039 0.971
Gyro: -5.981 -7.324 1.022
Accel: 0.061 0.037 0.980
Gyro: -4.302 -9.887 0.198
Accel: 0.071 0.036 0.991
Gyro: -2.410 -15.045 0.579
Accel: 0.077 0.038 1.005
Gyro: 0.122 -19.363 -1.342
Accel: 0.078 0.041 1.011
Gyro: 1.831 -22.598 -2.273
Accel: 0.080 0.044 1.011
Gyro: 2.914 -23.391 -3.051
Accel: 0.082 0.045 1.013
Gyro: 3.479 -21.728 -3.784
Accel: 0.085 0.046 1.021
Gyro: 4.241 -18.005 -4.318
Accel: 0.092 0.049 1.020
Gyro: 5.249 -13.504 -4.364
Accel: 0.097 0.049 1.009
Gyro: 5.493 -4.333 -3.829
Accel: 0.093 0.047 0.999
Gyro: 3.890 -1.205 -2.593
Accel: 0.087 0.039 1.002
Gyro: 2.014 6.576 -1.129
Accel: 0.082 0.036 1.006
Gyro: 0.900 12.985 0.839
Accel: 0.077 0.031 1.012
Gyro: 0.427 16.983 2.365
Accel: 0.063 0.028 1.015
Gyro: 1.266 18.981 3.585
Accel: 0.050 0.027 1.0010
Gyro: 2.502 20.065 4.760
Accel: 0.042 0.031 0.991
Gyro: 3.311 20.645 6.469
Accel: 0.039 0.033 0.977
Gyro: 3.158 21.270 8.438
Accel: 0.036 0.031 0.981
Gyro: 2.716 21.545 9.231
Accel: 0.027 0.044 0.985
Gyro: 3.112 20.629 9.246
Accel: 0.029 0.062 0.984
Gyro: 4.287 19.042 8.972
Accel: 0.036 0.073 0.976
Gyro: 5.966 16.921 8.422
Accel: 0.033 0.083 0.970
Gyro: 7.568 14.022 7.934
Accel: 0.029 0.083 0.969
Gyro: 9.552 9.399 7.278
Accel: 0.019 0.073 0.965
Gyro: 10.635 5.020 6.607
Accel: 0.020 0.057 0.969
Gyro: 10.971 1.892 5.508
Accel: 0.019 0.049 0.974
Gyro: 10.772 0.900 4.409
Accel: 0.022 0.042 0.972
Gyro: 10.375 -3.845 3.112
Accel: 0.028 0.033 0.972
Gyro: 9.536 -5.767 1.937
Accel: 0.030 0.024 0.982
Gyro: 8.804 -6.362 0.961
Accel: 0.031 0.015 0.993
Gyro: 8.605 -6.530 0.106
Accel: 0.032 0.011 0.993
Gyro: 8.239 -6.362 0.488
Accel: 0.034 0.006 0.991
Gyro: 7.751 -6.027 0.823
Accel: 0.037 0.003 0.994
Gyro: 6.942 -5.874 0.961
Accel: 0.043 0.015 1.0000
Gyro: 6.927 -4.699 0.976
Accel: 0.051 0.023 1.002
Gyro: 6.866 -2.487 0.717
Accel: 0.056 0.020 1.0000
Gyro: 6.057 0.213 0.228
Accel: 0.053 0.023 1.003
Gyro: 5.386 2.685 0.503
Accel: 0.053 0.020 1.002
Gyro: 4.699 5.081 0.946
Accel: 0.053 0.013 0.997
Gyro: 3.494 7.507 1.586
Accel: 0.048 0.012 0.998
Gyro: 2.197 8.743 2.746
Accel: 0.043 0.009 0.994
Gyro: 1.174 9.124 3.524
Accel: 0.036 0.006 0.988
Gyro: 0.122 8.941 4.135
Accel: 0.032 0.0001 0.989
Gyro: 0.656 8.163 4.623
Accel: 0.034 0.0001 0.989
Gyro: 0.839 7.125 4.882
Accel: 0.025 0.006 0.987
Gyro: 0.793 6.134 5.111
Accel: 0.022 0.002 0.983
Gyro: 0.885 5.630 5.142
Accel: 0.017 0.004 0.987
Gyro: -1.052 6.347 5.004
Accel: 0.019 0.017 0.990
Gyro: -1.113 6.851 5.111
Accel: 0.020 0.026 0.989
Gyro: -1.373 7.369 5.142
Accel: 0.020 0.027 0.991
Gyro: -1.205 7.415 5.065
Accel: 0.019 0.028 0.990
Gyro: -1.159 6.500 4.882
Accel: 0.017 0.024 0.986
Gyro: -1.419 5.966 4.470
Accel: 0.018 0.022 0.988
Gyro: -2.197 5.386 4.058
Accel: 0.020 0.020 0.997
Gyro: -2.258 4.333 3.738
Accel: 0.022 0.013 0.997
Gyro: -1.983 3.234 3.128
Accel: 0.020 0.006 0.989
Gyro: -2.761 3.494 2.487
Accel: 0.022 0.004 0.997
Gyro: -3.845 3.936 1.739
Accel: 0.027 0.007 1.002
Gyro: -4.028 3.723 0.595
Accel: 0.029 0.009 1.0000
Gyro: -4.272 2.929 0.473
Accel: 0.032 0.008 0.995
Gyro: -4.867 2.059 -1.480
Accel: 0.024 0.003 0.997
Gyro: -5.218 0.717 -2.899
Accel: 0.023 0.0000 1.0001
Gyro: -5.065 0.381 -3.982
Accel: 0.027 0.002 1.0001
Gyro: -5.386 -1.800 -4.608
Accel: 0.028 0.0000 1.002
Gyro: -5.615 -3.082 -5.172
Accel: 0.029 0.003 1.006
Gyro: -5.706 -4.669 -5.615
Accel: 0.031 0.008 1.014
Gyro: -5.279 -6.301 -5.996
Accel: 0.036 0.015 1.020
Gyro: -4.562 -7.339 -6.240
Accel: 0.036 0.020 1.022
Gyro: -3.524 -8.178 -6.042
Accel: 0.036 0.029 1.024
Gyro: -2.517 -9.017 -5.477
Accel: 0.037 0.030 1.029
Gyro: -1.434 -10.604 -4.714
Accel: 0.032 0.032 1.027
Gyro: 0.869 -11.474 -3.814
Accel: 0.031 0.028 1.029
Gyro: 0.488 -11.535 -2.731
Accel: 0.034 0.024 1.035
Gyro: 0.122 -11.291 -1.022
Accel: 0.035 0.014 1.038
Gyro: 0.244 -11.108 0.625
Accel: 0.030 0.008 1.043
Gyro: 0.915 -10.253 1.892
Accel: 0.031 0.005 1.046
Gyro: 1.251 -7.415 3.311
Accel: 0.035 0.008 1.050
Gyro: 1.449 0.045 4.486
Accel: 0.038 0.012 1.048
Gyro: 1.525 0.198 5.416
Accel: 0.042 0.017 1.049
Gyro: 1.800 4.150 5.767
Accel: 0.041 0.023 1.050
Gyro: 2.410 7.934 5.813
Accel: 0.043 0.023 1.047
Gyro: 2.883 11.978 5.798
Accel: 0.042 0.026 1.041
Gyro: 2.960 15.274 5.538
Accel: 0.032 0.024 1.029
Gyro: 2.746 17.440 5.081
Accel: 0.030 0.023 1.016
Gyro: 2.059 18.524 4.455
Accel: 0.026 0.019 1.004
Gyro: 1.495 18.569 3.585
Accel: 0.021 0.018 1.002
Gyro: 1.190 18.295 2.746
Accel: 0.019 0.017 1.0010
Gyro: 1.907 16.937 1.739
Accel: 0.017 0.017 1.012
Gyro: 3.128 14.755 0.534
Accel: 0.011 0.017 1.0010
Gyro: 3.814 12.222 0.549
Accel: 0.0010 0.019 1.005
Gyro: 4.058 8.956 -1.663
Accel: 0.007 0.018 1.0001
Gyro: 4.104 5.096 -2.471
Accel: 0.0001 0.015 0.997
Gyro: 3.448 1.358 -2.990
Accel: 0.0001 0.008 0.995
Gyro: 2.777 -1.922 -3.173
Accel: 0.0000 0.008 0.994
Gyro: 1.937 -5.264 -3.173
Accel: 0.003 0.0010 0.991
Gyro: 1.007 -8.316 -3.005
Accel: 0.006 0.013 0.993
Gyro: 0.381 -10.986 -2.868
Accel: 0.017 0.017 0.998
Gyro: 0.198 -12.954 -2.471
Accel: 0.023 0.020 1.003
Gyro: 0.228 -13.458 -1.770
Accel: 0.026 0.020 1.015
Gyro: -1.129 -13.397 0.671
Accel: 0.029 0.021 1.026
Gyro: -1.663 -12.451 0.015
Accel: 0.034 0.015 1.031
Gyro: -2.258 -10.986 0.411
