Accel: 0.062 0.126 1.006
Gyro: 1.037 -1.281 1.464
Accel: 0.071 0.126 1.008
Gyro: 1.007 0.991 1.220
Accel: 0.075 0.127 1.007
Gyro: 0.503 0.808 1.144
Accel: 0.074 0.131 1.005
Gyro: 0.183 0.473 1.159
Accel: 0.071 0.137 1.004
Gyro: 0.061 0.076 1.083
Accel: 0.061 0.149 1.0001
Gyro: 0.259 0.488 0.732
Accel: 0.052 0.147 1.004
Gyro: 0.625 -1.113 0.061
Accel: 0.050 0.138 1.012
Gyro: 0.488 -4.318 -1.251
Accel: 0.050 0.132 1.016
Gyro: 0.305 -7.171 -2.273
Accel: 0.050 0.126 1.017
Gyro: 0.534 -9.170 -2.624
Accel: 0.050 0.120 1.015
Gyro: 1.251 -9.933 -2.685
Accel: 0.049 0.116 1.011
Gyro: 2.532 -10.223 -2.380
Accel: 0.048 0.118 1.006
Gyro: 3.540 -9.033 -1.815
Accel: 0.053 0.121 1.061
Gyro: 4.501 -7.095 -1.068
Accel: 0.052 0.134 0.999
Gyro: 5.630 -5.249 0.778
Accel: 0.044 0.146 1.003
Gyro: 6.866 -3.601 -1.174
Accel: 0.038 0.135 1.0000
Gyro: 8.514 -1.785 -1.525
Accel: 0.047 0.122 0.997
Gyro: 10.314 0.015 -1.525
Accel: 0.052 0.120 0.992
Gyro: 12.054 1.754 -1.403
Accel: 0.054 0.126 0.988
Gyro: 13.412 3.707 -1.281
Accel: 0.051 0.130 0.984
Gyro: 14.434 5.401 -1.068
Accel: 0.050 0.135 0.976
Gyro: 14.892 6.973 -1.266
Accel: 0.050 0.145 0.968
Gyro: 15.197 7.705 -1.617
Accel: 0.052 0.156 0.960
Gyro: 15.182 8.224 -2.166
Accel: 0.052 0.160 0.954
Gyro: 14.877 8.087 -2.868
Accel: 0.060 0.163 0.949
Gyro: 13.381 7.568 -3.585
Accel: 0.070 0.165 0.945
Gyro: 11.459 6.912 -3.921
Accel: 0.077 0.167 0.942
Gyro: 9.689 5.981 -4.089
Accel: 0.077 0.170 0.941
Gyro: 7.507 4.974 -4.089
Accel: 0.081 0.169 0.944
Gyro: 0.167 3.189 -4.150
Accel: 0.083 0.169 0.946
Gyro: 0.030 1.296 -4.226
Accel: 0.083 0.170 0.947
Gyro: -4.364 0.228 -4.226
Accel: 0.080 0.169 0.952
Gyro: -8.316 -1.129 -4.013
Accel: 0.076 0.167 0.958
Gyro: -11.398 -1.724 -3.906
Accel: 0.076 0.165 0.966
Gyro: -13.320 -2.624 -3.631
Accel: 0.077 0.161 0.975
Gyro: -14.572 -3.417 -2.731
Accel: 0.079 0.158 0.987
Gyro: -15.075 -3.921 -1.754
Accel: 0.078 0.158 0.997
Gyro: -14.633 -3.890 0.595
Accel: 0.078 0.162 1.007
Gyro: -13.717 -3.555 0.854
Accel: 0.083 0.161 1.014
Gyro: -12.268 -2.593 2.502
Accel: 0.088 0.158 1.017
Gyro: -10.604 -1.312 4.882
Accel: 0.093 0.157 1.019
Gyro: -8.926 0.503 7.110
Accel: 0.092 0.155 1.020
Gyro: -7.705 0.274 8.895
Accel: 0.091 0.156 1.019
Gyro: -7.202 0.457 10.253
Accel: 0.092 0.149 1.017
Gyro: -7.888 0.885 11.0001
Accel: 0.081 0.146 1.020
Gyro: -9.735 -2.517 10.559
Accel: 0.070 0.149 1.028
Gyro: -11.642 -4.577 9.033
Accel: 0.064 0.148 1.037
Gyro: -12.954 -6.149 7.522
Accel: 0.069 0.152 1.046
Gyro: -13.717 -7.568 5.798
Accel: 0.081 0.160 1.053
Gyro: -13.916 -8.743 4.516
Accel: 0.088 0.161 1.062
Gyro: -13.763 -9.033 3.616
Accel: 0.096 0.154 1.066
Gyro: -14.663 -8.850 2.929
Accel: 0.104 0.149 1.075
Gyro: -16.052 -9.277 2.517
Accel: 0.096 0.159 1.089
Gyro: -17.868 -9.277 2.029
Accel: 0.082 0.173 1.107
Gyro: -19.302 -8.621 1.190
Accel: 0.067 0.174 1.127
Gyro: -20.111 -7.583 -3.890
Accel: 0.069 0.162 1.139
Gyro: -20.217 -6.866 -1.022
Accel: 0.073 0.142 1.148
Gyro: -19.897 -6.607 -1.907
Accel: 0.073 0.126 1.157
Gyro: -19.897 -6.744 -2.868
Accel: 0.067 0.108 1.163
Gyro: -20.172 -7.369 -3.753
Accel: 0.059 0.087 1.173
Gyro: -19.958 -7.659 -4.669
Accel: 0.047 0.078 1.188
Gyro: -18.966 -7.232 -6.011
Accel: 0.036 0.088 1.215
Gyro: -15.991 -6.484 -7.385
Accel: 0.043 0.113 1.259
Gyro: -10.528 -6.744 -8.697
Accel: 0.031 0.135 1.303
Gyro: -3.173 -9.078 -9.735
Accel: 0.014 0.156 1.335
Gyro: 4.592 -12.924 -11.062
Accel: 0.013 0.156 1.349
Gyro: 12.0100 -17.333 -12.664
Accel: 0.018 0.151 1.343
Gyro: 20.950 -19.897 -13.809
Accel: 0.034 0.163 1.318
Gyro: 28.747 -21.148 -13.931
Accel: 0.049 0.167 1.283
Gyro: 34.530 -21.499 -13.305
Accel: 0.045 0.135 1.245
Gyro: 37.399 -20.782 -12.359
Accel: 0.042 0.078 1.215
Gyro: 39.535 -20.721 -12.161
Accel: 0.008 0.055 1.199
Gyro: 39.474 -20.263 -13.442
Accel: 0.0010 0.055 1.190
Gyro: 37.124 -19.302 -16.204
Accel: 0.018 0.065 1.174
Gyro: 33.691 -18.035 -19.042
Accel: 0.013 0.079 1.165
Gyro: 30.120 -17.654 -20.996
Accel: 0.005 0.094 1.150
Gyro: 25.375 -17.669 -21.789
Accel: 0.003 0.110 1.139
Gyro: 21.102 -17.822 -22.079
Accel: 0.016 0.122 1.133
Gyro: 17.547 -17.593 -22.674
Accel: 0.007 0.108 1.121
Gyro: 14.678 -16.677 -23.849
Accel: 0.012 0.096 1.111
Gyro: 12.283 -14.556 -25.573
Accel: 0.017 0.107 1.101
Gyro: 10.391 -7.965 -28.167
Accel: 0.003 0.127 1.091
Gyro: 8.575 -8.544 -30.273
Accel: 0.012 0.149 1.087
Gyro: 7.019 -5.630 -31.158
Accel: 0.036 0.166 1.084
Gyro: 0.015 -4.669 -31.326
Accel: 0.040 0.167 1.078
Gyro: 0.442 -5.325 -30.960
Accel: 0.032 0.173 1.078
Gyro: -5.126 -7.034 -30.715
Accel: 0.0010 0.181 1.079
Gyro: -10.528 -7.888 -31.204
Accel: 0.009 0.178 1.081
Gyro: -16.311 -8.728 -32.058
Accel: 0.017 0.144 1.089
Gyro: -22.064 -9.338 -32.577
Accel: 0.021 0.093 1.096
Gyro: -27.450 -8.804 -32.287
Accel: 0.022 0.055 1.091
Gyro: -30.410 -6.652 -30.822
Accel: 0.031 0.051 1.079
Gyro: -30.853 -2.990 -28.289
Accel: 0.039 0.070 1.064
Gyro: -28.961 1.083 -24.826
Accel: 0.031 0.091 1.054
Gyro: -25.024 4.196 -21.362
Accel: 0.024 0.125 1.058
Gyro: -20.004 6.134 -19.454
Accel: 0.011 0.132 1.069
Gyro: -15.335 9.994 -17.929
Accel: 0.0010 0.114 1.076
Gyro: -10.833 13.763 -16.326
Accel: 0.027 0.0100 1.082
Gyro: -6.317 15.838 -14.266
Accel: 0.049 0.105 1.081
Gyro: -2.212 11.810 -11.367
Accel: 0.071 0.186 1.072
Gyro: 1.190 14.251 -7.705
Accel: 0.081 0.146 1.048
Gyro: 4.531 13.153 -3.997
Accel: 0.088 0.178 1.017
Gyro: 5.813 10.971 0.564
Accel: 0.094 0.204 0.996
Gyro: 3.280 8.224 2.136
Accel: 0.082 0.199 0.981
Gyro: -1.586 6.225 3.463
Accel: 0.051 0.168 0.974
Gyro: -7.293 5.203 2.868
Accel: 0.003 0.105 0.975
Gyro: -12.115 6.851 0.595
Accel: 0.028 0.0001 0.980
Gyro: -16.052 9.445 -5.996
Accel: 0.003 0.124 0.993
Gyro: -20.095 10.665 -10.437
Accel: 0.036 0.085 1.003
Gyro: -23.483 10.360 -11.825
Accel: 0.067 0.111 1.008
Gyro: -26.458 8.666 -10.177
Accel: 0.086 0.142 1.003
Gyro: -29.388 5.020 -6.820
Accel: 0.083 0.155 0.990
Gyro: -32.196 0.640 -3.005
Accel: 0.037 0.107 0.981
Gyro: -32.989 0.320 0.823
Accel: 0.014 0.069 0.980
Gyro: -32.623 1.678 -1.541
Accel: 0.007 0.056 0.976
Gyro: -31.646 7.797 -7.751
Accel: 0.021 0.124 0.970
Gyro: -29.968 6.576 -6.439
Accel: 0.038 0.087 0.957
Gyro: -28.717 9.002 -8.132
Accel: 0.041 0.115 0.946
Gyro: -31.280 11.795 -8.132
Accel: 0.056 0.091 0.916
Gyro: -34.393 9.429 -6.027
Accel: 0.044 0.073 0.937
Gyro: -37.063 3.219 -3.860
Accel: 0.017 0.062 0.957
Gyro: -38.085 -1.220 -3.204
Accel: 0.013 0.043 0.963
Gyro: -35.293 -2.029 -4.577
Accel: 0.031 0.027 0.969
Gyro: -29.922 -1.068 -7.186
Accel: 0.023 0.040 0.956
Gyro: -22.460 0.091 -9.979
Accel: 0.006 0.065 0.938
Gyro: -14.816 -1.296 -12.390
Accel: 0.004 0.086 0.911
Gyro: -7.858 -1.739 -14.144
Accel: 0.015 0.097 0.888
Gyro: -1.953 0.930 -15.579
Accel: 0.030 0.091 0.879
Gyro: 2.532 0.289 -16.494
Accel: 0.083 0.008 1.015
Gyro: -8.895 8.468 0.762
Accel: 0.080 0.009 1.018
Gyro: -8.636 8.560 -1.235
Accel: 0.081 0.012 1.022
Gyro: -8.682 8.468 -1.739
Accel: 0.085 0.0010 1.025
Gyro: -8.819 8.255 -1.983
Accel: 0.087 0.007 1.024
Gyro: -8.712 7.873 -2.197
Accel: 0.087 0.005 1.026
Gyro: -8.163 8.148 -1.861
Accel: 0.088 0.007 1.024
Gyro: -7.095 8.361 -1.525
Accel: 0.089 0.007 1.021
Gyro: -5.752 8.377 0.961
Accel: 0.084 0.005 1.017
Gyro: -4.425 7.873 0.595
Accel: 0.080 0.005 1.014
Gyro: -3.326 7.156 0.137
Accel: 0.077 0.009 1.015
Gyro: -2.227 6.271 0.350
Accel: 0.073 0.012 1.014
Gyro: -1.083 4.989 0.564
Accel: 0.064 0.016 1.012
Gyro: 0.244 3.646 0.549
Accel: 0.062 0.017 1.009
Gyro: 1.739 2.471 0.244
Accel: 0.062 0.014 1.002
Gyro: 2.822 1.495 0.305
Accel: 0.064 0.009 0.996
Gyro: 3.555 0.534 0.747
Accel: 0.065 0.006 0.990
Gyro: 3.814 0.610 -1.098
Accel: 0.063 0.062 0.988
Gyro: 4.104 -1.785 -1.434
Accel: 0.063 0.004 0.983
Gyro: 3.829 -3.509 -1.983
Accel: 0.065 0.012 0.983
Gyro: 3.585 -5.355 -2.624
Accel: 0.063 0.016 0.981
Gyro: 3.097 -7.354 -3.387
Accel: 0.065 0.008 0.982
Gyro: 2.365 -9.262 -4.058
Accel: 0.067 0.002 0.983
Gyro: 1.388 -10.665 -4.592
Accel: 0.070 0.0000 0.983
Gyro: 0.457 -15.579 -5.065
Accel: 0.077 0.002 0.985
Gyro: 0.320 -12.557 -5.035
Accel: 0.080 0.004 0.989
Gyro: 0.900 -12.924 -4.745
Accel: 0.078 0.005 0.993
Gyro: -1.235 -13.488 -4.272
Accel: 0.072 0.005 0.999
Gyro: -1.785 -14.083 -3.906
Accel: 0.066 0.006 1.003
Gyro: -2.044 -14.251 -3.723
Accel: 0.063 0.0010 1.007
Gyro: -2.243 -14.358 -3.601
Accel: 0.061 0.018 1.012
Gyro: -2.288 -14.205 -3.448
Accel: 0.057 0.025 1.012
Gyro: -2.319 -13.381 -3.204
Accel: 0.053 0.030 1.014
Gyro: -1.846 -12.145 -2.944
Accel: 0.055 0.034 1.016
Gyro: -1.174 -11.169 -2.731
Accel: 0.054 0.036 1.019
Gyro: 0.091 -10.192 -2.578
Accel: 0.048 0.030 1.022
Gyro: 0.762 -8.941 -2.593
Accel: 0.039 0.028 1.019
Gyro: 1.693 -7.629 -2.914
Accel: 0.032 0.029 1.015
Gyro: 2.212 -6.332 -3.417
Accel: 0.027 0.030 1.009
Gyro: 2.441 -5.096 -3.631
Accel: 0.024 0.030 1.004
Gyro: 2.517 0.045 0.030
Accel: 0.023 0.031 0.997
Gyro: 2.365 -3.250 -4.028
Accel: 0.022 0.032 0.996
Gyro: 2.029 -2.883 -4.104
Accel: 0.019 0.034 0.993
Gyro: 1.663 -2.639 -3.952
Accel: 0.019 0.034 0.990
Gyro: 1.052 -2.487 -4.043
Accel: 0.022 0.030 0.989
Gyro: 0.030 -2.807 -3.860
Accel: 0.025 0.030 0.986
Gyro: -1.083 -3.051 -3.753
Accel: 0.028 0.029 0.986
Gyro: -2.120 -3.433 -3.707
Accel: 0.032 0.023 0.981
Gyro: -3.143 -4.104 -3.555
Accel: 0.031 0.021 0.977
Gyro: -4.119 -4.653 -3.433
Accel: 0.030 0.022 0.979
Gyro: -5.218 -5.325 -3.662
Accel: 0.028 0.019 0.979
Gyro: -6.072 -5.966 -3.845
Accel: 0.023 0.017 0.983
Gyro: -6.668 -6.454 -4.043
Accel: 0.020 0.015 0.987
Gyro: -6.820 -7.141 -4.074
Accel: 0.016 0.015 0.991
Gyro: -6.683 -8.255 -3.860
Accel: 0.015 0.017 0.995
Gyro: -6.103 -9.201 -3.479
Accel: 0.012 0.020 0.995
Gyro: -5.416 -10.208 -3.189
Accel: 0.006 0.022 0.996
Gyro: -4.699 -10.696 -3.173
Accel: 0.004 0.022 0.995
Gyro: -3.982 -10.604 -3.387
Accel: 0.007 0.022 0.991
Gyro: -3.479 -10.757 -3.601
Accel: 0.005 0.021 0.986
Gyro: -3.005 -11.077 -3.768
Accel: 0.002 0.023 0.982
Gyro: -2.365 -10.986 -3.997
Accel: 0.006 0.030 0.982
Gyro: -1.754 -10.787 -4.302
Accel: 0.014 0.036 0.981
Gyro: -1.113 -10.620 -4.470
Accel: 0.021 0.035 0.979
Gyro: 0.686 -10.238 -4.501
Accel: 0.026 0.035 0.973
Gyro: 3.845 -9.780 -4.394
Accel: 0.031 0.040 0.968
Gyro: 0.030 -9.170 -4.501
Accel: 0.035 0.040 0.961
Gyro: 0.045 -8.743 -4.730
Accel: 0.038 0.036 0.950
Gyro: 0.350 -8.422 -5.050
Accel: 0.037 0.036 0.943
Gyro: 0.961 -8.178 -5.615
Accel: 0.041 0.036 0.935
Gyro: -1.419 -7.843 -6.134
Accel: 0.041 0.029 0.929
Gyro: -1.922 -7.751 -6.271
Accel: 0.041 0.020 0.922
Gyro: -2.700 -8.026 -5.859
Accel: 0.041 0.0010 0.916
Gyro: -3.326 -8.834 -5.157
Accel: 0.040 0.002 0.901
Gyro: -3.692 -9.170 -4.638
Accel: 0.038 0.002 0.887
Gyro: -3.967 -8.743 -4.150
Accel: 0.032 0.004 0.866
Gyro: -4.089 -7.919 0.076
Accel: 0.022 0.006 0.841
Gyro: -3.829 -7.125 -3.692
Accel: 0.013 0.007 0.815
Gyro: -3.463 -6.561 -2.929
Accel: 0.006 0.009 0.787
Gyro: -3.356 -5.722 -1.693
Accel: 0.003 0.008 0.753
Gyro: -3.128 -4.531 0.015
Accel: 0.005 0.014 0.715
Gyro: -3.326 -3.250 1.846
Accel: 0.007 0.019 0.673
Gyro: -3.417 -1.922 3.540
Accel: 0.004 0.020 0.629
Gyro: -3.723 0.762 5.081
Accel: 0.014 0.015 0.581
Gyro: -4.348 3.952 6.317
Accel: 0.011 0.011 0.528
Gyro: -4.745 5.493 7.049
Accel: 0.002 0.008 0.478
Gyro: -4.562 6.271 7.064
Accel: 0.022 0.015 0.427
Gyro: -4.669 7.278 7.003
Accel: 0.016 0.018 0.374
Gyro: -4.394 10.940 7.659
Accel: 0.007 0.030 0.321
Gyro: 0.045 17.074 7.278
Accel: 0.060 0.047 0.262
Gyro: -3.448 23.803 5.203
Accel: 0.007 0.067 0.203
Gyro: -2.395 28.045 2.075
Accel: 0.0010 0.083 0.143
Gyro: -1.510 28.640 0.854
Accel: 0.016 0.075 0.085
Gyro: 0.198 27.313 -4.226
Accel: 0.024 0.050 0.120
Gyro: 1.037 25.924 -6.744
Accel: 0.047 0.043 0.034
Gyro: 3.479 22.537 -5.599
Accel: 0.034 0.024 0.009
Gyro: 4.302 21.347 -4.257
Accel: 0.009 0.005 0.035
Gyro: 4.714 20.950 -2.929
Accel: 0.009 0.0010 0.044
Gyro: 7.263 23.239 -3.189
Accel: 0.012 0.009 0.050
Gyro: 9.933 25.711 -3.601
Accel: 0.005 0.004 0.062
Gyro: 12.023 28.137 -3.768
Accel: 0.003 0.005 0.051
Gyro: 13.320 30.303 -3.829
Accel: 0.003 0.003 0.051
Gyro: 14.328 32.531 -4.119
Accel: 0.002 0.002 0.057
Gyro: 15.060 34.851 -4.257
Accel: 0.002 0.002 0.056
Gyro: 19.485 37.017 -4.608
Accel: 0.002 0.003 0.062
Gyro: 15.869 39.093 -4.852
Accel: 0.0001 0.005 0.062
Gyro: 16.128 41.152 -5.218
Accel: 0.002 0.004 0.066
Gyro: 16.403 43.106 -5.737
Accel: 0.004 0.003 0.067
Gyro: 16.525 45.059 -6.057
Accel: 0.005 0.002 0.070
Gyro: 16.738 46.600 -6.530
Accel: 0.005 0.002 0.076
Gyro: 16.998 48.324 -6.881
Accel: 0.004 0.003 0.079
Gyro: 17.333 50.018 -7.186
Accel: 0.045 0.087 0.121
Gyro: 20.324 51.147 -4.638
Accel: 0.026 0.029 0.069
Gyro: 3.982 54.153 -11.138
Accel: -1.103 0.910 5.187
Gyro: -161.285 -46.051 -98.968
Accel: 0.087 -2.084 4.782
Gyro: -499.969 63.232 -140.808
Accel: -6.260 -7.104 7.999
Gyro: -319.152 -283.325 -17.944
Accel: 0.098 0.543 -1.745
Gyro: 205.078 -82.275 -9.002
Accel: 0.450 0.065 1.481
Gyro: 155.960 -76.095 -10.559
Accel: 0.441 0.234 0.333
Gyro: 125.961 -77.865 -11.566
Accel: 0.236 0.271 0.210
Gyro: 50.079 -16.784 -16.647
Accel: 0.452 0.678 0.074
Gyro: -29.876 51.132 -30.364
Accel: 0.561 0.851 0.640
Gyro: -104.812 134.918 -48.446
Accel: 0.393 0.181 3.539
Gyro: -47.073 294.708 -45.181
Accel: -1.443 0.379 3.995
Gyro: 58.837 47.042 -35.980
Accel: 0.973 0.138 1.108
Gyro: 27.053 -27.847 1.296
Accel: 0.492 0.201 0.876
Gyro: -40.191 -15.243 20.675
Accel: 0.184 0.238 1.953
Gyro: -40.039 7.904 31.234
Accel: 0.285 0.407 1.905
Gyro: 7.629 5.859 29.174
Accel: 0.329 0.289 1.364
Gyro: 7.431 -25.695 25.772
Accel: 0.102 0.181 1.282
Gyro: -22.811 -25.558 17.883
Accel: 0.142 0.132 1.441
Gyro: -30.029 -22.140 6.164
Accel: 0.245 0.170 1.540
Gyro: -29.769 -15.335 1.953
Accel: 0.213 0.212 1.446
Gyro: -25.054 -14.404 -2.838
Accel: 0.193 0.235 1.337
Gyro: -23.147 -15.289 -15.106
Accel: 0.159 0.306 1.352
Gyro: -15.670 -16.525 -18.173
Accel: 0.096 0.310 1.306
Gyro: -6.225 -17.089 -19.927
Accel: 0.099 0.245 1.225
Gyro: 0.091 -20.080 -19.821
Accel: 0.119 0.268 1.148
Gyro: 5.950 -19.561 -17.471
Accel: 0.128 0.243 1.099
Gyro: 9.796 -16.738 -12.710
Accel: 0.128 0.199 1.094
Gyro: 9.521 -17.486 -8.636
Accel: 0.142 0.188 1.084
Gyro: 9.658 -20.797 -5.142
Accel: 0.122 0.189 1.036
Gyro: 9.979 -23.620 -1.907
Accel: 0.092 0.174 0.984
Gyro: 10.192 -25.253 0.625
Accel: 0.068 0.140 0.950
Gyro: 10.757 -25.741 0.915
Accel: 0.049 0.123 0.959
Gyro: 12.054 -24.795 -1.022
Accel: 0.051 0.115 0.960
Gyro: 13.748 -23.147 -2.426
Accel: 0.060 0.115 0.958
Gyro: 15.777 -23.132 -2.838
Accel: 0.053 0.129 0.977
Gyro: 18.127 -22.811 -3.067
Accel: 0.015 0.111 0.999
Gyro: 22.750 -21.713 -4.165
Accel: 0.006 0.106 0.978
Gyro: 27.633 -19.348 -5.661
Accel: 0.015 0.121 0.946
Gyro: 28.900 -15.289 -5.523
Accel: 0.0010 0.129 0.950
Gyro: 27.893 -4.470 -4.287
Accel: 0.003 0.122 0.980
Gyro: 28.274 -3.112 -1.556
Accel: 0.003 0.143 1.002
Gyro: 29.937 -1.968 3.845
Accel: 0.025 0.127 1.016
Gyro: 31.646 0.381 8.880
Accel: 0.020 0.147 1.013
Gyro: 33.035 4.669 13.778
Accel: 0.003 0.120 0.995
Gyro: 32.501 9.857 16.799
Accel: 0.004 0.049 0.986
Gyro: 30.624 10.971 17.227
Accel: 0.014 0.024 0.995
Gyro: 27.908 9.353 14.755
Accel: 0.064 0.049 0.957
Gyro: 24.337 -3.158 7.690
Accel: 0.078 0.097 0.983
Gyro: 20.233 -5.508 0.228
Accel: 0.072 0.092 1.025
Gyro: 13.961 -3.112 -4.318
Accel: 0.121 0.059 1.042
Gyro: 2.655 1.922 -5.401
Accel: 0.113 0.025 1.116
Gyro: -7.598 4.226 -4.028
Accel: 0.073 0.089 1.130
Gyro: -11.856 7.858 3.601
Accel: 0.072 0.094 1.132
Gyro: -14.328 6.393 4.714
Accel: 0.107 0.063 1.121
Gyro: -16.006 2.441 10.314
Accel: 0.116 0.035 1.094
Gyro: -17.547 -3.250 16.220
Accel: 0.0100 0.019 1.058
Gyro: -20.965 -8.270 19.607
Accel: 0.068 0.033 1.052
Gyro: -27.389 -12.054 19.378
Accel: 0.060 0.067 1.087
Gyro: -34.072 -12.939 16.159
Accel: 0.072 0.101 1.107
Gyro: -39.245 -12.847 11.825
Accel: 0.077 0.097 1.096
Gyro: -41.564 -13.549 9.292
Accel: 0.035 0.118 1.083
Gyro: -40.847 -13.107 8.331
Accel: 0.018 0.158 1.052
Gyro: -40.603 -13.504 6.896
Accel: 0.023 0.187 1.051
Gyro: -39.916 -13.885 6.134
Accel: 0.049 0.299 1.054
Gyro: -37.979 -15.655 9.048
Accel: 0.055 0.274 1.052
Gyro: -32.394 -17.852 11.871
Accel: 0.059 0.130 1.033
Gyro: -26.489 -18.264 11.566
Accel: 0.060 0.158 1.031
Gyro: -20.126 -14.587 11.0001
Accel: 0.0000 0.143 1.028
Gyro: -15.975 -12.252 7.492
Accel: 0.029 0.129 1.038
Gyro: -12.0100 -9.902 4.394
Accel: 0.007 0.182 1.052
Gyro: -7.415 -8.926 -3.204
Accel: 0.034 0.215 1.097
Gyro: -2.899 -10.513 -6.622
Accel: 0.027 0.166 1.186
Gyro: 4.928 -9.750 -6.881
Accel: 0.042 0.156 1.136
Gyro: 13.961 -9.643 -4.562
Accel: 0.024 0.168 1.133
Gyro: 21.972 -9.384 -3.738
Accel: 0.018 0.173 1.124
Gyro: 29.525 -7.995 -5.187
Accel: 0.015 0.169 1.106
Gyro: 36.849 -5.081 -7.812
Accel: 0.012 0.170 1.081
Gyro: 43.869 -3.829 -10.116
Accel: 0.018 0.170 1.069
Gyro: 51.498 -4.287 -12.145
Accel: 0.030 0.152 1.071
Gyro: 60.058 -5.599 -12.985
Accel: 0.026 0.135 1.090
Gyro: 67.626 -5.172 -12.847
Accel: 0.037 0.063 1.004
Gyro: 71.762 -7.995 -16.082
Accel: 0.050 0.108 1.029
Gyro: 77.346 -7.568 -15.045
Accel: 0.045 0.119 1.0001
Gyro: 80.230 -7.812 -12.680
Accel: 0.027 0.089 0.989
Gyro: 81.008 -8.316 -11.215
Accel: 0.005 0.070 0.962
Gyro: 80.749 -8.026 -10.833
Accel: 0.041 0.068 0.953
Gyro: 77.407 -7.949 -11.886
Accel: 0.012 0.034 0.938
Gyro: 72.921 -6.072 -13.305
Accel: 0.027 0.007 0.915
Gyro: 69.305 -3.082 -12.680
Accel: 0.022 0.014 0.905
Gyro: 66.253 -1.403 -11.642
Accel: 0.0010 0.035 0.908
Gyro: 62.194 0.534 -10.604
Accel: 0.0000 0.046 0.901
Gyro: 58.578 3.524 -9.567
Accel: 0.016 0.053 0.893
Gyro: 55.007 6.896 -8.407
Accel: 0.027 0.057 0.885
Gyro: 50.399 10.940 -7.385
Accel: 0.029 0.081 0.880
Gyro: 43.914 13.580 -6.896
Accel: 0.026 0.104 0.874
Gyro: 36.834 14.251 -6.576
Accel: 0.018 0.113 0.875
Gyro: 30.822 14.648 -5.371
Accel: 0.007 0.127 0.881
Gyro: 24.810 15.945 -3.952
Accel: 0.0000 0.141 0.887
Gyro: 20.889 17.868 -2.197
Accel: 0.002 0.134 0.886
Gyro: 18.218 19.317 0.137
Accel: 0.004 0.126 0.883
Gyro: 15.884 20.584 2.090
Accel: 0.004 0.117 0.872
Gyro: 13.412 22.430 3.295
Accel: 0.013 0.116 0.865
Gyro: 10.498 24.459 3.356
Accel: 0.009 0.114 0.861
Gyro: 7.537 25.878 2.258
Accel: 0.009 0.111 0.866
Gyro: 4.577 26.321 0.808
Accel: 0.042 0.113 0.879
Gyro: 0.946 24.200 0.320
Accel: 0.075 0.114 0.899
Gyro: -2.334 19.607 0.869
Accel: 0.089 0.105 0.915
Gyro: -3.814 14.221 0.244
Accel: 0.087 0.094 0.930
Gyro: -4.318 8.590 1.083
Accel: 0.081 0.102 0.941
Gyro: -4.501 2.914 2.227
Accel: 0.071 0.108 0.950
Gyro: -4.714 -1.220 3.387
Accel: 0.060 0.117 0.957
Gyro: -5.096 -4.577 4.501
Accel: 0.048 0.123 0.961
Gyro: -5.294 -6.958 5.355
Accel: 0.042 0.124 0.968
Gyro: -4.882 -8.682 6.027
Accel: 0.045 0.112 0.973
Gyro: -3.707 -10.330 6.607
Accel: 0.048 0.099 0.969
Gyro: -1.907 -11.505 7.232
Accel: 0.047 0.093 0.969
Gyro: 0.076 -12.344 7.644
Accel: 0.039 0.096 0.967
Gyro: 1.083 -13.214 7.781
Accel: 0.036 0.107 0.967
Gyro: 0.961 -19.531 7.568
Accel: 0.041 0.187 0.977
Gyro: 0.686 -16.540 7.919
Accel: 0.032 0.134 0.987
Gyro: 0.457 -15.228 8.422
Accel: 0.005 0.131 0.993
Gyro: 0.305 -12.817 8.621
Accel: 0.014 0.125 0.992
Gyro: 0.045 -10.360 8.377
Accel: 0.019 0.118 0.994
Gyro: 0.610 -8.895 7.995
Accel: 0.014 0.117 0.995
Gyro: -2.517 -9.216 7.476
Accel: 0.003 0.121 0.998
Gyro: -3.616 -9.384 7.141
Accel: 0.009 0.124 1.062
Gyro: -3.982 -9.353 7.034
Accel: 0.021 0.126 0.999
Gyro: -4.318 -9.002 6.927
Accel: 0.018 0.119 0.992
Gyro: -4.699 -8.407 6.637
Accel: 0.011 0.116 0.987
Gyro: -5.294 -7.492 6.149
Accel: 0.012 0.121 0.995
Gyro: -6.225 -6.256 5.477
Accel: 0.009 0.127 1.003
Gyro: -6.118 -4.745 5.279
Accel: 0.0001 0.120 1.007
Gyro: -5.386 -3.387 4.959
Accel: 0.002 0.105 1.007
Gyro: -4.211 -1.708 4.501
Accel: 0.005 0.098 1.005
Gyro: -2.990 0.213 3.540
Accel: 0.008 0.092 1.004
Gyro: -2.212 0.869 2.487
Accel: 0.0001 0.091 1.003
Gyro: -2.151 0.106 1.022
Accel: 0.017 0.089 1.003
Gyro: -1.785 -1.007 0.411
Accel: 0.023 0.084 1.0000
Gyro: 0.656 0.671 0.0000
Accel: 0.016 0.084 0.994
Gyro: 0.289 0.335 0.396
Accel: 0.008 0.081 0.996
Gyro: 0.411 1.388 0.961
Accel: 0.007 0.086 1.003
Gyro: 0.488 2.990 -1.205
Accel: 0.0010 0.093 1.008
Gyro: 0.808 4.592 0.976
Accel: 0.009 0.090 1.015
Gyro: 0.701 5.920 0.259
Accel: 0.0010 0.084 1.021
Gyro: 0.900 6.118 0.732
Accel: 0.014 0.083 1.023
Gyro: -1.739 5.645 1.632
Accel: 0.021 0.083 1.028
Gyro: -2.761 4.302 2.166
Accel: 0.024 0.083 1.027
Gyro: -2.960 3.036 2.700
Accel: 0.021 0.078 1.023
Gyro: -2.914 2.059 3.509
Accel: 0.019 0.073 1.019
Gyro: -2.380 1.266 3.860
Accel: 0.019 0.070 1.015
Gyro: -1.754 0.640 3.784
Accel: 0.022 0.070 1.0010
Gyro: 0.717 0.0000 3.814
Accel: 0.026 0.073 1.006
Gyro: 0.091 0.686 3.646
Accel: 0.022 0.076 1.004
Gyro: 0.885 -1.708 3.311
Accel: 0.023 0.079 1.005
Gyro: 2.349 -2.578 2.822
Accel: 0.029 0.074 1.005
Gyro: 3.967 -2.807 3.021
Accel: 0.026 0.077 1.0000
Gyro: 4.898 -2.685 3.326
Accel: 0.020 0.085 0.998
Gyro: 4.867 -2.792 3.326
Accel: 0.012 0.093 0.993
Gyro: 4.119 -2.990 2.944
Accel: 0.011 0.097 0.991
Gyro: 2.883 -3.189 2.304
Accel: 0.011 0.096 0.989
Gyro: 2.243 -2.319 2.151
Accel: 0.008 0.094 0.985
Gyro: 2.059 -1.373 2.105
Accel: 0.005 0.093 0.980
Gyro: 1.541 0.534 1.953
Accel: 0.009 0.094 0.979
Gyro: 0.106 0.076 1.464
Accel: 0.0010 0.101 0.982
Gyro: -2.059 0.259 0.549
Accel: 0.014 0.101 0.986
Gyro: -3.005 0.762 0.366
Accel: 0.017 0.094 0.990
Gyro: -3.799 1.281 0.579
Accel: 0.013 0.091 0.994
Gyro: -4.745 1.235 0.549
Accel: 0.0010 0.094 0.995
Gyro: -5.493 1.068 0.823
Accel: 0.0010 0.090 0.996
Gyro: -5.584 1.007 0.991
Accel: 0.011 0.083 0.996
Gyro: -5.630 0.747 -1.129
Accel: 0.014 0.079 0.996
Gyro: -5.752 0.167 -1.373
Accel: 0.021 0.081 0.995
Gyro: -6.134 -1.251 -1.663
Accel: 0.023 0.079 0.993
Gyro: -6.576 -2.426 -1.556
Accel: 0.029 0.075 0.992
Gyro: -7.827 -3.433 -1.144
Accel: 0.025 0.084 1.0000
Gyro: -8.529 -3.814 0.823
Accel: 0.020 0.083 1.004
Gyro: -8.148 -3.570 0.442
Accel: 0.011 0.071 1.006
Gyro: -7.385 -3.051 0.015
Accel: 0.008 0.062 1.0010
Gyro: -7.019 -2.670 0.320
Accel: 0.0010 0.064 1.013
Gyro: -6.607 -2.288 0.106
Accel: 0.013 0.068 1.017
Gyro: -6.072 -1.617 0.030
Accel: 0.022 0.067 1.014
Gyro: -5.401 -1.251 0.091
Accel: 0.023 0.0000 1.013
Gyro: -4.699 -1.480 0.549
Accel: 0.028 0.066 1.013
Gyro: -4.150 -2.380 0.961
Accel: 0.028 0.065 1.011
Gyro: -3.143 -2.700 1.388
Accel: 0.025 0.057 1.011
Gyro: -2.304 -2.685 1.358
Accel: 0.014 0.058 1.014
Gyro: -1.708 -3.005 0.991
Accel: 0.013 0.060 1.017
Gyro: 0.762 -2.914 0.213
Accel: 0.016 0.058 1.015
Gyro: 3.890 -2.716 0.244
Accel: 0.021 0.055 1.013
Gyro: 0.488 -2.700 0.259
Accel: 0.027 0.062 1.016
Gyro: 0.045 -2.883 0.152
Accel: 0.026 0.068 1.017
Gyro: 0.122 -3.173 0.320
Accel: 0.023 0.062 1.015
Gyro: 0.289 -3.494 0.503
Accel: 0.020 0.056 1.011
Gyro: 0.320 -3.982 0.564
Accel: 0.018 0.053 1.007
Gyro: 0.030 -4.074 0.869
Accel: 0.019 0.056 1.007
Gyro: 0.427 -3.341 0.839
Accel: 0.017 0.064 1.009
Gyro: 0.976 -2.685 0.762
Accel: 0.0010 0.066 1.0010
Gyro: -1.861 -1.892 0.854
Accel: 0.0010 0.067 1.011
Gyro: -2.975 -1.068 -1.052
Accel: 0.0010 0.066 1.015
Gyro: -3.814 0.030 -1.235
Accel: 0.007 0.058 1.017
Gyro: -4.364 0.137 -1.205
Accel: 0.002 0.057 1.019
Gyro: -4.623 0.122 -1.251
Accel: 0.0000 0.057 1.019
Gyro: -4.516 0.366 -1.312
Accel: 0.002 0.053 1.021
Gyro: -4.043 0.167 -1.205
Accel: 0.009 0.046 1.023
Gyro: -3.128 0.289 0.793
Accel: 0.011 0.045 1.023
Gyro: -2.380 0.640 0.579
Accel: 0.019 0.046 1.023
Gyro: -1.724 -2.136 0.900
