Accel: 0.078 0.918 0.478
Gyro: 1.739 1.251 19.805
Accel: 0.080 0.908 0.483
Gyro: 0.122 0.640 21.072
Accel: 0.075 0.900 0.487
Gyro: -1.617 -2.380 21.987
Accel: 0.065 0.891 0.496
Gyro: -2.075 -3.875 22.583
Accel: 0.051 0.886 0.501
Gyro: -1.678 -5.279 23.056
Accel: 0.038 0.883 0.503
Gyro: -1.022 -6.820 22.964
Accel: 0.032 0.877 0.508
Gyro: 0.671 -8.270 22.705
Accel: 0.027 0.936 0.506
Gyro: 0.183 -10.070 22.323
Accel: 0.020 0.874 0.505
Gyro: 0.167 -11.901 21.835
Accel: 0.013 0.871 0.503
Gyro: 0.305 -13.580 21.224
Accel: 0.0000 0.871 0.499
Gyro: 0.259 -15.106 20.858
Accel: 0.017 0.873 0.502
Gyro: 0.305 -16.311 20.675
Accel: 0.028 0.870 0.499
Gyro: 0.289 -17.227 20.507
Accel: 0.041 0.867 0.500
Gyro: -3.890 -17.684 20.202
Accel: 0.043 0.866 0.506
Gyro: 0.961 -17.715 19.470
Accel: 0.042 0.863 0.504
Gyro: 2.838 -17.501 18.264
Accel: 0.047 0.867 0.500
Gyro: 4.989 -17.425 16.830
Accel: 0.058 0.869 0.490
Gyro: 5.828 -16.494 15.426
Accel: 0.067 0.880 0.478
Gyro: 5.081 -15.472 14.450
Accel: 0.066 0.888 0.466
Gyro: 3.128 -14.205 13.504
Accel: 0.064 0.888 0.466
Gyro: 0.976 -12.649 13.183
Accel: 0.071 0.887 0.462
Gyro: 0.473 -11.505 13.076
Accel: 0.079 0.881 0.462
Gyro: -1.602 -9.979 13.412
Accel: 0.087 0.812 0.461
Gyro: -1.983 -8.666 14.022
Accel: 0.095 0.870 0.459
Gyro: -2.243 -7.827 14.266
Accel: 0.0100 0.862 0.454
Gyro: -2.456 -7.110 14.373
Accel: 0.109 0.858 0.448
Gyro: -3.585 -6.576 14.114
Accel: 0.111 0.854 0.447
Gyro: -5.783 -5.661 13.641
Accel: 0.109 0.844 0.461
Gyro: -6.729 -4.196 12.130
Accel: 0.099 0.809 0.488
Gyro: -5.538 -3.494 9.719
Accel: 0.084 0.838 0.507
Gyro: -1.708 -3.921 7.186
Accel: 0.120 0.829 0.488
Gyro: 1.907 -2.944 4.608
Accel: 0.110 0.833 0.494
Gyro: 3.738 -2.243 1.525
Accel: 0.101 0.833 0.488
Gyro: 3.982 -2.090 -1.251
Accel: 0.079 0.818 0.503
Gyro: 2.746 -3.463 -4.928
Accel: 0.085 0.814 0.507
Gyro: 0.595 -6.088 -8.377
Accel: 0.077 0.816 0.520
Gyro: -7.431 -8.987 -11.749
Accel: 0.073 0.824 0.522
Gyro: -6.469 -11.611 -13.626
Accel: 0.069 0.854 0.525
Gyro: -5.599 -12.863 -13.351
Accel: 0.073 0.882 0.514
Gyro: -3.326 -13.122 -11.154
Accel: 0.073 0.908 0.508
Gyro: -2.166 -12.908 -8.270
Accel: 0.067 0.922 0.508
Gyro: -4.058 -13.702 -5.355
Accel: 0.051 0.919 0.505
Gyro: -6.973 -14.495 -2.288
Accel: 0.038 0.904 0.498
Gyro: -8.285 -14.266 0.396
Accel: 0.039 0.902 0.500
Gyro: -7.247 -8.056 2.365
Accel: 0.045 0.900 0.500
Gyro: -3.509 -8.972 3.417
Accel: 0.050 0.894 0.497
Gyro: 0.976 -5.966 3.402
Accel: 0.051 0.885 0.486
Gyro: 4.150 -3.448 3.051
Accel: 0.052 0.884 0.474
Gyro: 5.386 -1.754 2.243
Accel: 0.057 0.875 0.474
Gyro: 4.318 -1.205 1.831
Accel: 0.055 0.880 0.473
Gyro: 2.609 0.656 1.922
Accel: 0.046 0.875 0.454
Gyro: 1.144 0.518 1.953
Accel: 0.038 0.873 0.458
Gyro: 0.854 1.937 2.365
Accel: 0.038 0.883 0.468
Gyro: -2.395 3.295 2.807
Accel: 0.041 0.882 0.483
Gyro: -2.105 2.960 4.058
Accel: 0.052 0.885 0.487
Gyro: 0.564 1.617 5.111
Accel: 0.061 0.885 0.486
Gyro: 0.564 0.549 6.011
Accel: 0.064 0.883 0.478
Gyro: 0.503 -2.517 6.347
Accel: 0.063 0.812 0.468
Gyro: 0.411 -5.203 6.729
Accel: 0.0000 0.871 0.457
Gyro: -2.532 -7.431 6.774
Accel: 0.062 0.872 0.447
Gyro: -5.386 -8.956 6.652
Accel: 0.062 0.870 0.443
Gyro: -8.850 -10.086 6.652
Accel: 0.058 0.870 0.446
Gyro: -12.054 -9.826 6.790
Accel: 0.053 0.878 0.457
Gyro: -12.924 -8.605 7.049
Accel: 0.057 0.881 0.473
Gyro: -10.742 -7.415 7.492
Accel: 0.062 0.879 0.486
Gyro: -7.415 -6.256 11.657
Accel: 0.067 0.877 0.485
Gyro: 0.228 -5.889 7.736
Accel: 0.070 0.872 0.477
Gyro: -2.212 -5.630 7.232
Accel: 0.071 0.863 0.470
Gyro: -2.151 -5.508 6.896
Accel: 0.071 0.859 0.461
Gyro: -3.005 -5.233 6.942
Accel: 0.072 0.862 0.460
Gyro: -4.470 -5.187 6.713
Accel: 0.075 0.861 0.459
Gyro: -5.996 -5.203 6.896
Accel: 0.082 0.859 0.461
Gyro: -7.492 -5.538 7.247
Accel: 0.087 0.864 0.463
Gyro: -9.628 -5.844 7.522
Accel: 0.089 0.865 0.468
Gyro: -11.749 -5.645 7.553
Accel: 0.093 0.865 0.485
Gyro: -12.710 -4.516 7.064
Accel: 0.093 0.856 0.506
Gyro: -11.703 -3.433 6.362
Accel: 0.092 0.847 0.521
Gyro: -9.017 -2.700 5.599
Accel: 0.094 0.852 0.527
Gyro: -5.844 -2.471 5.081
Accel: 0.093 0.857 0.526
Gyro: -3.433 -2.212 4.409
Accel: 0.091 0.859 0.522
Gyro: -2.182 -1.708 0.0000
Accel: 0.090 0.859 0.516
Gyro: -1.907 -1.617 3.784
Accel: 0.093 0.859 0.512
Gyro: -2.517 -1.312 3.860
Accel: 0.096 0.859 0.511
Gyro: -3.051 -1.358 3.753
Accel: 0.101 0.861 0.511
Gyro: -3.204 -1.525 3.189
Accel: 0.0100 0.862 0.510
Gyro: -3.234 -1.449 2.578
Accel: 0.098 0.865 0.510
Gyro: -3.219 -1.251 1.785
Accel: 0.092 0.865 0.510
Gyro: -2.838 0.717 0.808
Accel: 0.090 0.867 0.513
Gyro: -1.968 0.228 0.0000
Accel: 0.089 0.868 0.518
Gyro: 0.442 0.259 0.625
Accel: 0.089 0.869 0.523
Gyro: 1.541 0.289 0.778
Accel: 0.094 0.875 0.521
Gyro: 2.777 0.228 0.747
Accel: 0.097 0.879 0.515
Gyro: 2.822 0.228 0.534
Accel: 0.098 0.876 0.510
Gyro: 1.846 0.137 3.860
Accel: 0.101 0.873 0.509
Gyro: 0.488 0.183 0.961
Accel: 0.107 0.936 0.513
Gyro: -1.007 0.122 2.166
Accel: 0.112 0.876 0.511
Gyro: -2.716 0.167 3.219
Accel: 0.116 0.877 0.516
Gyro: -3.982 0.0000 3.692
Accel: 0.118 0.868 0.519
Gyro: -4.302 0.076 4.089
Accel: 0.114 0.864 0.518
Gyro: -3.997 0.671 4.074
Accel: 0.115 0.862 0.518
Gyro: -3.601 -1.052 3.723
Accel: 0.111 0.857 0.517
Gyro: -2.944 -1.510 3.189
Accel: 0.106 0.859 0.517
Gyro: -2.349 -2.075 2.807
Accel: 0.102 0.857 0.516
Gyro: -1.892 -2.502 2.258
Accel: 0.098 0.858 0.515
Gyro: -1.632 -2.685 1.876
Accel: 0.098 0.861 0.516
Gyro: -1.831 -2.655 1.754
Accel: 0.097 0.863 0.516
Gyro: -2.212 -2.502 1.800
Accel: 0.099 0.862 0.520
Gyro: -2.731 -2.685 1.876
Accel: 0.101 0.860 0.522
Gyro: -2.792 -2.975 1.922
Accel: 0.106 0.857 0.526
Gyro: -2.258 -3.494 1.708
Accel: 0.106 0.855 0.532
Gyro: -1.007 -4.760 1.525
Accel: 0.104 0.848 0.533
Gyro: 0.640 -6.393 1.358
Accel: 0.0100 0.846 0.529
Gyro: 1.983 -8.209 1.419
Accel: 0.097 0.853 0.520
Gyro: 2.151 -9.780 1.663
Accel: 0.096 0.857 0.513
Gyro: 1.419 -10.833 2.349
Accel: 0.096 0.856 0.510
Gyro: 0.625 -11.611 3.173
Accel: 0.097 0.855 0.507
Gyro: 0.396 -12.023 4.287
Accel: 0.104 0.858 0.506
Gyro: -1.464 -12.161 5.187
Accel: 0.112 0.855 0.504
Gyro: -2.426 -12.222 6.011
Accel: 0.114 0.850 0.510
Gyro: -3.005 -12.557 6.713
Accel: 0.122 0.845 0.513
Gyro: -3.082 -13.473 7.308
Accel: 0.123 0.843 0.517
Gyro: -2.853 -14.648 7.751
Accel: 0.123 0.842 0.518
Gyro: -2.655 -15.930 8.148
Accel: 0.122 0.842 0.512
Gyro: -2.944 -17.089 8.789
Accel: 0.122 0.844 0.509
Gyro: -3.524 -17.913 9.185
Accel: 0.123 0.845 0.502
Gyro: -4.257 -18.417 9.643
Accel: 0.125 0.843 0.498
Gyro: -5.187 -18.569 10.009
Accel: 0.128 0.840 0.496
Gyro: -5.706 -18.814 10.391
Accel: 0.133 0.841 0.496
Gyro: -6.103 -18.646 10.421
Accel: 0.143 0.839 0.500
Gyro: -6.576 -18.280 10.086
Accel: 0.150 0.835 0.503
Gyro: -6.362 -18.157 9.887
Accel: 0.473 0.162 0.890
Gyro: 3.738 -44.281 11.688
Accel: 0.486 0.167 0.888
Gyro: 1.312 -42.190 10.818
Accel: 0.486 0.167 0.889
Gyro: -1.144 -41.168 9.262
Accel: 0.479 0.163 0.891
Gyro: -3.234 -41.610 7.125
Accel: 0.476 0.159 0.895
Gyro: -4.531 -46.752 4.974
Accel: 0.475 0.152 0.905
Gyro: -4.821 -44.235 3.372
Accel: 0.476 0.144 0.905
Gyro: -4.577 -45.684 2.807
Accel: 0.481 0.141 0.901
Gyro: -3.677 -46.951 2.883
Accel: 0.495 0.140 0.906
Gyro: -2.532 -46.600 3.555
Accel: 0.511 0.149 0.910
Gyro: -1.098 -44.219 4.104
Accel: 0.528 0.159 0.919
Gyro: 0.488 -40.435 4.470
Accel: 0.542 0.168 0.917
Gyro: 3.051 -37.353 4.394
Accel: 0.556 0.173 0.913
Gyro: 6.195 -34.469 3.433
Accel: 0.561 0.179 0.903
Gyro: 8.850 -32.531 2.090
Accel: 0.564 0.188 0.895
Gyro: 10.940 -31.494 0.625
Accel: 0.581 0.208 0.888
Gyro: 11.154 -30.410 -1.235
Accel: 0.596 0.227 0.892
Gyro: 9.719 -27.923 -3.082
Accel: 0.592 0.241 0.900
Gyro: 7.278 -23.925 -4.135
Accel: 0.587 0.257 0.913
Gyro: 3.997 -18.386 -4.852
Accel: 0.586 0.272 0.926
Gyro: 0.076 -8.544 -5.813
Accel: 0.591 0.274 0.946
Gyro: -3.341 -5.249 -7.064
Accel: 0.595 0.267 0.960
Gyro: -6.286 2.075 -8.514
Accel: 0.600 0.256 0.973
Gyro: -7.720 8.712 -9.872
Accel: 0.609 0.243 0.985
Gyro: -7.720 13.977 -11.154
Accel: 0.615 0.226 0.997
Gyro: -5.966 17.776 -11.886
Accel: 0.614 0.203 0.997
Gyro: -2.883 19.561 -12.084
Accel: 0.605 0.180 0.997
Gyro: 1.083 19.592 -12.145
Accel: 0.586 0.165 0.991
Gyro: 4.806 18.447 -11.978
Accel: 0.565 0.152 0.982
Gyro: 7.904 16.754 -11.688
Accel: 0.548 0.150 0.970
Gyro: 10.070 14.877 -11.657
Accel: 0.530 0.161 0.958
Gyro: 11.566 12.756 -11.856
Accel: 0.515 0.184 0.951
Gyro: 12.222 11.215 -12.207
Accel: 0.510 0.223 0.946
Gyro: 11.566 10.055 -12.908
Accel: 0.514 0.258 0.954
Gyro: 10.116 9.689 -13.916
Accel: 0.517 0.287 0.977
Gyro: 8.163 10.833 -14.801
Accel: 0.511 0.306 0.983
Gyro: 6.118 11.734 -15.319
Accel: 0.517 0.320 0.998
Gyro: 4.180 12.344 -15.563
Accel: 0.535 0.333 1.009
Gyro: 1.953 13.565 -16.220
Accel: 0.623 0.343 1.025
Gyro: -1.022 15.640 -17.044
Accel: 0.580 0.354 1.042
Gyro: -5.371 17.929 -17.150
Accel: 0.620 0.382 1.064
Gyro: -11.703 20.584 -17.196
Accel: 0.666 0.415 1.102
Gyro: -20.126 25.146 -18.753
Accel: 0.699 0.427 1.148
Gyro: -29.373 32.714 -21.484
Accel: 0.712 0.403 1.192
Gyro: -38.177 46.630 -23.223
Accel: 0.697 0.364 1.241
Gyro: -44.891 61.630 -23.086
Accel: 0.672 0.327 1.277
Gyro: -54.336 74.432 -22.644
Accel: 0.640 0.307 1.310
Gyro: -53.161 89.996 -23.605
Accel: 0.551 0.237 1.278
Gyro: -52.322 102.416 -22.735
Accel: 0.518 0.208 1.323
Gyro: -50.537 116.241 -19.714
Accel: 0.476 0.203 1.273
Gyro: -47.851 131.591 -18.417
Accel: 0.315 0.112 1.178
Gyro: -42.938 137.847 -8.697
Accel: 0.277 0.089 1.156
Gyro: -38.864 144.973 -3.051
Accel: 0.282 0.111 1.011
Gyro: -37.551 155.944 3.341
Accel: 0.231 0.127 0.991
Gyro: -38.940 157.257 5.416
Accel: 0.239 0.134 0.956
Gyro: -31.723 157.012 5.081
Accel: 0.181 0.083 0.906
Gyro: -29.830 153.274 6.942
Accel: 0.153 0.049 0.850
Gyro: -23.513 146.575 9.628
Accel: 0.151 0.030 0.787
Gyro: -17.440 136.962 11.047
Accel: 0.145 0.028 0.731
Gyro: -12.435 125.091 11.199
Accel: 0.125 0.023 0.684
Gyro: -9.445 111.938 10.726
Accel: 0.106 0.015 0.650
Gyro: -8.453 99.533 10.452
Accel: 0.094 0.007 0.615
Gyro: -9.521 85.342 10.681
Accel: 0.084 0.005 0.596
Gyro: -12.527 71.762 11.901
Accel: 0.075 0.006 0.604
Gyro: -16.906 60.485 13.717
Accel: 0.048 0.0000 0.634
Gyro: -22.201 51.559 15.487
Accel: 0.030 0.016 0.660
Gyro: -27.709 42.587 16.555
Accel: 0.035 0.014 0.682
Gyro: -31.906 34.759 16.677
Accel: 0.037 0.007 0.695
Gyro: -34.667 29.571 16.006
Accel: 0.040 0.037 0.703
Gyro: -36.209 26.382 14.709
Accel: 0.044 0.055 0.710
Gyro: -37.002 25.283 12.634
Accel: 0.039 0.068 0.720
Gyro: -37.506 25.878 10.559
Accel: 0.022 0.068 0.737
Gyro: -37.765 27.023 9.094
Accel: 0.002 0.067 0.759
Gyro: -37.307 28.594 9.033
Accel: 0.023 0.063 0.786
Gyro: -35.797 30.746 10.025
Accel: 0.042 0.047 0.805
Gyro: -32.958 31.784 11.062
Accel: 0.044 0.035 0.816
Gyro: -28.747 30.532 11.230
Accel: 0.035 0.037 0.828
Gyro: -23.849 23.605 10.635
Accel: 0.025 0.043 0.837
Gyro: -18.966 23.208 9.567
Accel: 0.021 0.050 0.836
Gyro: -12.817 19.042 8.834
Accel: 0.020 0.054 0.838
Gyro: -6.607 15.762 8.132
Accel: 0.031 0.062 0.841
Gyro: 0.656 13.305 7.904
Accel: 0.038 0.066 0.848
Gyro: 4.104 11.566 7.629
Accel: 0.041 0.064 0.864
Gyro: 7.629 10.543 7.080
Accel: 0.043 0.053 0.874
Gyro: 10.726 10.360 6.042
Accel: 0.039 0.035 0.879
Gyro: 13.748 10.437 0.152
Accel: 0.042 0.020 0.874
Gyro: 16.815 10.375 1.815
Accel: 0.049 0.007 0.870
Gyro: 20.477 9.506 0.076
Accel: 0.053 0.007 0.867
Gyro: 23.620 7.476 -1.342
Accel: 0.051 0.028 0.865
Gyro: 26.199 5.050 -2.914
Accel: 0.049 0.048 0.872
Gyro: 27.542 2.471 -4.348
Accel: 0.040 0.065 0.870
Gyro: 27.267 0.442 -5.325
Accel: 0.031 0.079 0.866
Gyro: 25.558 -2.777 -5.981
Accel: 0.030 0.088 0.858
Gyro: 22.338 -5.035 -6.225
Accel: 0.027 0.093 0.852
Gyro: 18.524 -5.905 -6.057
Accel: 0.028 0.103 0.845
Gyro: 14.083 -5.508 -5.645
Accel: 0.024 0.115 0.844
Gyro: 9.231 -4.257 -5.157
Accel: 0.021 0.132 0.849
Gyro: 3.890 -1.998 -5.065
Accel: 0.034 0.145 0.857
Gyro: -1.861 0.762 -4.745
Accel: 0.044 0.147 0.856
Gyro: -7.827 3.448 -4.241
Accel: 0.052 0.142 0.848
Gyro: -13.229 5.996 -3.585
Accel: 0.061 0.128 0.829
Gyro: -17.593 8.224 -3.097
Accel: 0.050 0.124 0.803
Gyro: -21.652 9.155 -3.723
Accel: 0.026 0.111 0.782
Gyro: -24.200 10.665 -4.898
Accel: 0.031 0.127 0.750
Gyro: -25.268 11.947 -7.797
Accel: 0.052 0.128 0.674
Gyro: -24.093 11.657 -11.886
Accel: 0.046 0.069 0.595
Gyro: -22.018 13.824 -13.656
Accel: 0.028 0.039 0.425
Gyro: -20.553 12.008 -14.724
Accel: 0.027 0.009 0.327
Gyro: -18.997 10.452 -17.059
Accel: 0.014 0.017 0.063
Gyro: -17.257 -4.745 -19.592
Accel: 0.006 0.029 0.047
Gyro: -13.931 -12.969 -22.735
Accel: 0.0001 0.014 0.049
Gyro: -8.758 -12.664 -25.131
Accel: 0.003 0.0010 0.036
Gyro: 0.198 -11.734 -26.412
Accel: 0.0001 0.011 0.047
Gyro: -1.373 -12.451 -27.557
Accel: 0.062 0.012 0.080
Gyro: 2.532 -9.857 -28.259
Accel: 0.002 0.0000 0.015
Gyro: 5.950 -6.912 -28.747
Accel: 0.007 0.002 0.044
Gyro: 8.895 -4.669 -29.342
Accel: 0.005 0.002 0.049
Gyro: 11.230 -2.182 -29.937
Accel: 0.0000 0.0001 0.038
Gyro: 13.259 0.381 -30.334
Accel: 0.004 0.004 0.048
Gyro: 15.014 2.685 -30.792
Accel: 0.0001 0.003 0.052
Gyro: 16.418 4.928 -31.234
Accel: 0.003 0.003 0.053
Gyro: 17.654 7.171 -31.585
Accel: 0.004 0.004 0.057
Gyro: 18.814 9.262 -31.997
Accel: 0.005 0.0001 0.063
Gyro: 20.004 11.276 -32.180
Accel: 0.016 0.024 0.036
Gyro: 20.919 13.076 -33.355
Accel: 0.002 0.014 0.078
Gyro: 9.323 19.424 -37.658
Accel: 0.004 0.004 0.091
Gyro: -5.538 18.569 -42.022
Accel: 0.346 -1.602 3.624
Gyro: -330.154 317.413 -37.918
Accel: -2.358 -1.128 7.958
Gyro: -480.438 -145.278 -41.809
Accel: 0.661 0.996 6.448
Gyro: 227.981 -59.936 -17.608
Accel: -1.199 0.639 0.566
Gyro: 110.595 18.753 -15.869
Accel: 0.491 0.380 0.365
Gyro: 84.762 41.030 -23.956
Accel: 0.115 0.348 0.292
Gyro: 32.501 112.136 -27.465
Accel: 0.183 0.418 0.168
Gyro: -24.429 176.422 -41.091
Accel: 0.179 0.609 0.778
Gyro: -69.580 185.791 -49.133
Accel: 0.282 0.276 1.970
Gyro: -92.269 34.851 -52.0001
Accel: 0.622 0.167 1.372
Gyro: -130.096 -29.159 -27.267
Accel: 0.761 0.026 1.541
Gyro: -174.087 -15.106 11.016
Accel: 0.493 0.515 3.460
Gyro: -46.371 42.007 38.848
Accel: 0.432 0.102 1.150
Gyro: -13.687 57.998 43.655
Accel: 0.234 0.122 0.898
Gyro: -27.832 21.102 33.645
Accel: 0.270 0.285 0.995
Gyro: -36.361 -16.525 19.973
Accel: 0.339 0.499 1.456
Gyro: -10.650 -27.572 19.973
Accel: 0.426 0.452 1.430
Gyro: 39.627 -15.899 19.363
Accel: 0.449 0.287 1.059
Gyro: 62.301 -22.354 14.617
Accel: 0.408 0.180 1.066
Gyro: 53.497 -30.609 2.822
Accel: 0.390 0.157 1.167
Gyro: 33.203 -31.707 -10.833
Accel: 0.330 0.163 1.143
Gyro: 30.715 -27.603 -14.831
Accel: 0.266 0.124 1.101
Gyro: 27.847 -23.574 -16.891
Accel: 0.225 0.120 1.041
Gyro: 21.148 -29.098 -18.127
Accel: 0.225 0.126 1.018
Gyro: 15.090 -36.422 -16.845
Accel: 0.222 0.116 0.987
Gyro: 10.681 -37.719 -14.160
Accel: 0.203 0.080 0.976
Gyro: 7.461 -34.423 -12.466
Accel: 0.201 0.047 0.989
Gyro: 3.128 -30.075 -11.550
Accel: 0.202 0.048 0.995
Gyro: 0.915 -27.359 -9.918
Accel: 0.174 0.074 0.981
Gyro: -4.302 -25.924 -8.514
Accel: 0.136 0.095 0.967
Gyro: -6.149 -25.543 -7.659
Accel: 0.125 0.107 0.954
Gyro: -3.707 -26.077 -7.186
Accel: 0.130 0.110 0.943
Gyro: 3.738 -28.259 -6.332
Accel: 0.142 0.114 0.926
Gyro: 13.565 -31.616 -5.371
Accel: 0.135 0.127 0.911
Gyro: 21.133 -34.301 -4.837
Accel: 0.113 0.119 0.910
Gyro: 25.848 -32.867 -5.096
Accel: 0.101 0.082 0.938
Gyro: 26.870 -28.366 -6.469
Accel: 0.102 0.042 0.962
Gyro: 27.114 -23.651 -8.621
Accel: 0.085 0.019 0.973
Gyro: 26.824 -19.836 -11.474
Accel: 0.062 0.009 0.981
Gyro: 28.442 -16.708 -14.160
Accel: 0.076 0.025 0.975
Gyro: 33.676 -12.802 -16.403
Accel: 0.104 0.035 0.981
Gyro: 40.008 -15.625 -16.891
Accel: 0.127 0.027 0.983
Gyro: 43.167 -13.870 -14.862
Accel: 0.120 0.0010 1.061
Gyro: 41.442 -14.663 -12.451
Accel: 0.120 0.016 1.018
Gyro: 36.514 -12.756 -10.467
Accel: 0.114 0.048 1.018
Gyro: 30.593 -9.628 -8.956
Accel: 0.090 0.045 1.0010
Gyro: 25.878 -7.537 -7.690
Accel: 0.109 0.038 1.052
Gyro: 23.849 -8.895 -7.034
Accel: 0.104 0.014 1.053
Gyro: 25.192 -9.933 -6.393
Accel: 0.163 0.054 1.119
Gyro: 23.666 -16.662 -5.783
Accel: 0.197 0.050 1.021
Gyro: 25.527 -20.538 0.656
Accel: 0.176 0.036 1.057
Gyro: 15.655 -27.465 4.119
Accel: 0.082 0.152 1.104
Gyro: 0.015 -24.185 2.731
Accel: 0.049 0.144 1.133
Gyro: -12.084 -15.655 2.319
Accel: 0.005 0.065 1.127
Gyro: -28.228 -5.371 4.135
Accel: 0.014 0.012 1.120
Gyro: -38.497 4.592 6.591
Accel: 0.021 0.028 1.002
Gyro: -32.409 -3.387 9.094
Accel: 0.033 0.042 1.126
Gyro: -26.092 1.434 5.722
Accel: 0.073 0.025 1.183
Gyro: -21.240 3.295 1.541
Accel: 0.095 0.009 1.172
Gyro: -7.064 7.751 -3.433
Accel: 0.136 0.104 1.0100
Gyro: -2.197 -3.753 -4.730
Accel: 0.124 0.147 1.047
Gyro: -1.098 -7.904 -1.083
Accel: 0.105 0.104 1.038
Gyro: -2.243 -8.499 6.072
Accel: 0.073 0.042 1.060
Gyro: -8.422 -6.546 11.611
Accel: 0.062 0.0000 1.083
Gyro: -15.396 -3.784 14.175
Accel: 0.070 0.004 1.095
Gyro: -20.553 0.106 15.731
Accel: 0.076 0.022 1.101
Gyro: -24.230 2.578 16.128
Accel: 0.083 0.049 1.095
Gyro: -26.626 3.890 15.762
Accel: 0.077 0.080 1.083
Gyro: -29.022 3.189 15.014
Accel: 0.052 0.152 1.069
Gyro: -33.264 0.381 14.068
Accel: 0.093 0.133 1.049
Gyro: -40.573 -2.548 14.419
Accel: 0.126 0.088 1.023
Gyro: -50.003 -5.264 15.365
Accel: 0.131 0.073 1.022
Gyro: -56.747 -8.728 16.647
Accel: 0.134 0.050 1.048
Gyro: -59.570 -11.550 17.288
Accel: 0.105 0.052 1.077
Gyro: -58.502 -12.939 17.501
Accel: 0.069 0.085 1.095
Gyro: -53.558 -13.244 17.257
Accel: 0.057 0.107 1.101
Gyro: -45.959 -11.703 16.433
Accel: 0.048 0.134 1.0100
Gyro: -34.912 -7.736 15.350
Accel: 0.050 0.162 1.080
Gyro: -21.484 -2.655 13.977
Accel: 0.124 0.186 1.054
Gyro: -7.751 3.387 12.771
Accel: 0.067 0.184 1.035
Gyro: 4.516 9.796 12.207
Accel: 0.066 0.161 1.013
Gyro: 13.214 17.272 12.420
Accel: 0.014 0.187 0.979
Gyro: 19.104 23.406 9.948
Accel: 0.014 0.145 0.963
Gyro: 23.651 26.290 5.661
Accel: 0.060 0.090 0.941
Gyro: 27.450 27.770 3.631
Accel: 0.104 0.046 0.921
Gyro: 35.095 27.816 3.097
Accel: 0.122 0.051 0.912
Gyro: 34.072 26.367 4.150
Accel: 0.114 0.039 0.911
Gyro: 35.934 24.200 5.218
Accel: 0.092 0.037 0.908
Gyro: 37.918 22.918 6.088
Accel: 0.075 0.033 0.902
Gyro: 39.474 21.377 5.798
Accel: 0.074 0.035 0.895
Gyro: 39.688 19.256 5.310
Accel: 0.086 0.034 0.888
Gyro: 38.681 16.311 5.676
Accel: 0.085 0.029 0.885
Gyro: 36.590 13.351 6.881
Accel: 0.083 0.015 0.892
Gyro: 32.196 10.040 8.071
Accel: 0.084 0.011 0.899
Gyro: 23.559 6.317 9.506
Accel: 0.083 0.0010 0.907
Gyro: 22.933 2.609 10.803
Accel: 0.086 0.013 0.910
Gyro: 18.600 0.030 11.428
Accel: 0.090 0.020 0.914
Gyro: 13.839 -2.197 11.169
Accel: 0.102 0.030 0.917
Gyro: 8.300 -3.677 10.208
Accel: 0.110 0.033 0.927
Gyro: 3.280 -5.310 8.728
Accel: 0.125 0.042 0.940
Gyro: -1.647 -7.385 7.369
Accel: 0.133 0.038 0.964
Gyro: -5.416 -9.460 5.889
Accel: 0.135 0.029 0.988
Gyro: -7.904 -11.260 4.440
Accel: 0.128 0.032 1.012
Gyro: -8.621 -12.329 3.677
Accel: 0.115 0.038 1.031
Gyro: -7.446 -12.008 3.128
Accel: 0.102 0.050 1.040
Gyro: -4.531 -10.925 2.624
Accel: 0.098 0.063 1.044
Gyro: 0.732 -9.704 2.197
Accel: 0.110 0.066 1.044
Gyro: 3.021 -8.850 2.807
Accel: 0.127 0.056 1.047
Gyro: 7.125 -7.659 4.348
Accel: 0.132 0.046 1.045
Gyro: 11.291 -5.950 6.271
Accel: 0.129 0.031 1.043
Gyro: 19.241 -4.043 8.117
Accel: 0.126 0.023 1.034
Gyro: 18.524 -3.021 9.719
Accel: 0.118 0.016 1.027
Gyro: 20.996 -3.250 10.955
Accel: 0.105 0.0000 1.026
Gyro: 22.445 -3.753 11.566
Accel: 0.095 0.006 1.020
Gyro: 23.834 -4.089 11.535
Accel: 0.088 0.003 1.012
Gyro: 25.009 -4.119 11.474
Accel: 0.095 0.003 1.0001
Gyro: 25.741 -4.028 11.672
Accel: 0.105 0.011 0.992
Gyro: 26.184 -4.226 12.207
Accel: 0.109 0.023 0.981
Gyro: 25.802 -4.806 12.695
Accel: 0.113 0.029 0.970
Gyro: 24.185 -5.950 13.397
Accel: 0.118 0.036 0.961
Gyro: 21.331 -7.431 14.068
Accel: 0.122 0.043 0.957
Gyro: 17.120 -8.590 14.404
Accel: 0.123 0.045 0.958
Gyro: 12.283 -9.628 14.541
Accel: 0.115 0.039 0.958
Gyro: 7.369 -10.818 14.190
Accel: 0.0100 0.035 0.965
Gyro: 3.448 -12.695 13.412
Accel: 0.083 0.032 0.969
Gyro: -3.784 -13.931 11.993
Accel: 0.063 0.031 0.971
Gyro: -1.693 -14.190 10.101
Accel: 0.054 0.029 0.971
Gyro: -2.395 -13.412 7.995
Accel: 0.063 0.030 0.972
Gyro: -2.426 -12.542 6.500
Accel: 0.064 0.028 0.973
Gyro: -2.517 -11.337 5.584
Accel: 0.070 0.034 0.979
Gyro: -3.097 -9.979 4.165
Accel: 0.074 0.037 0.982
Gyro: -3.555 -8.941 4.684
Accel: 0.065 0.034 0.984
Gyro: -4.394 -7.720 4.791
Accel: 0.071 0.046 0.993
Gyro: -5.386 -6.408 6.225
Accel: 0.068 0.047 0.994
Gyro: -6.378 -5.691 7.843
Accel: 0.054 0.033 0.991
Gyro: -7.003 -5.477 7.980
Accel: 0.069 0.035 0.997
Gyro: -7.202 -6.118 8.529
Accel: 0.076 0.025 0.998
Gyro: -7.171 -6.576 9.002
Accel: 0.080 0.022 1.002
Gyro: -6.500 -6.607 9.185
Accel: 0.076 0.025 1.004
Gyro: -5.249 -6.179 8.789
Accel: 0.058 0.021 0.938
Gyro: -2.731 -5.172 8.407
Accel: 0.054 0.026 0.995
Gyro: 0.305 -3.555 6.881
Accel: 0.064 0.049 0.997
Gyro: 3.479 -2.212 7.095
Accel: 0.039 0.050 1.0000
Gyro: 6.179 0.930 7.034
Accel: 0.070 0.074 0.991
Gyro: 7.736 0.411 6.835
Accel: 0.082 0.073 0.987
Gyro: 8.987 0.457 7.812
Accel: 0.061 0.057 0.978
Gyro: 9.277 0.762 4.074
Accel: 0.079 0.068 0.982
Gyro: 9.338 0.854 6.500
Accel: 0.098 0.068 0.979
Gyro: 8.911 0.976 6.607
Accel: 0.076 0.049 0.977
Gyro: 8.605 0.381 6.271
Accel: 0.078 0.062 0.976
Gyro: 7.766 0.503 5.020
Accel: 0.068 0.063 0.973
Gyro: 6.652 1.525 4.135
Accel: 0.061 0.054 0.965
Gyro: 5.569 3.677 2.578
Accel: 0.055 0.049 0.955
Gyro: 4.379 5.599 -3.662
Accel: 0.060 0.052 0.951
Gyro: 3.707 8.636 -2.517
Accel: 0.066 0.052 0.949
Gyro: 3.295 11.169 -4.943
Accel: 0.073 0.052 0.949
Gyro: 2.334 13.748 -6.851
Accel: 0.079 0.041 0.950
Gyro: 1.113 16.632 -8.819
Accel: 0.092 0.022 0.959
Gyro: 0.640 19.332 -10.833
Accel: 0.096 0.015 0.968
Gyro: 0.762 22.064 -12.329
Accel: 0.094 0.023 0.981
Gyro: 1.434 24.154 -13.580
Accel: 0.084 0.027 0.989
Gyro: 2.563 25.711 -14.205
Accel: 0.028 0.060 0.986
Gyro: 4.592 26.702 -15.579
Accel: 0.121 0.017 1.013
Gyro: 6.622 26.672 -18.737
Accel: 0.083 0.043 1.012
Gyro: 8.346 24.856 -18.692
Accel: 0.090 0.056 1.024
Gyro: 10.192 22.933 -18.508
Accel: 0.120 0.062 1.025
Gyro: 11.947 20.477 -20.034
Accel: 0.114 0.046 1.040
Gyro: 14.297 17.654 -19.622
Accel: 0.158 0.064 1.049
Gyro: 16.250 14.801 -15.777
Accel: 0.142 0.055 1.123
Gyro: 17.333 10.665 -17.044
Accel: 0.135 0.045 1.076
Gyro: 17.410 3.967 -16.525
Accel: 0.142 0.046 1.087
Gyro: 17.639 5.722 -14.190
Accel: 0.142 0.052 1.101
Gyro: 18.600 3.479 -10.940
Accel: 0.142 0.064 1.109
Gyro: 19.805 0.137 -7.202
Accel: 0.143 0.060 1.112
Gyro: 21.057 -4.119 -3.555
Accel: 0.137 0.049 1.103
Gyro: 22.247 -7.553 3.585
Accel: 0.120 0.043 1.093
Gyro: 24.215 -8.834 3.173
Accel: 0.093 0.028 1.079
Gyro: 26.733 -9.216 5.798
Accel: 0.061 0.014 1.063
Gyro: 28.686 -8.834 7.781
Accel: 0.035 0.014 1.055
Gyro: 29.785 -8.193 9.017
Accel: 0.026 0.025 1.051
Gyro: 29.479 -8.361 9.536
Accel: 0.028 0.032 1.044
Gyro: 28.610 -9.429 9.780
Accel: 0.043 0.043 1.039
Gyro: 27.160 -10.284 10.131
Accel: 0.066 0.054 1.035
Gyro: 25.283 -11.138 10.726
Accel: 0.083 0.061 1.026
Gyro: 23.666 -11.627 11.428
Accel: 0.099 0.072 1.020
Gyro: 22.613 -11.428 12.176
Accel: 0.108 0.082 1.0010
Gyro: 22.003 -11.077 12.908
Accel: 0.115 0.089 1.0000
Gyro: 21.377 -10.513 13.351
Accel: 0.113 0.089 0.988
Gyro: 20.690 -9.674 13.244
Accel: 0.102 0.092 0.979
Gyro: 19.668 -8.483 12.420
Accel: 0.087 0.097 0.972
Gyro: 18.096 -7.659 11.047
Accel: 0.079 0.106 0.964
Gyro: 16.067 -7.202 9.384
Accel: 0.083 0.116 0.956
Gyro: 13.381 -7.446 7.583
Accel: 0.086 0.124 0.960
Gyro: 10.101 -7.781 6.149
Accel: 0.094 0.129 0.961
Gyro: 7.507 -7.476 5.218
Accel: 0.099 0.133 0.965
Gyro: 5.691 -6.225 4.684
Accel: 0.096 0.131 0.968
Gyro: 5.081 -4.272 4.364
Accel: 0.091 0.138 0.969
Gyro: 5.157 -2.502 3.677
Accel: 0.093 0.145 0.967
Gyro: 5.981 -1.770 2.365
Accel: 0.092 0.146 0.968
Gyro: 6.896 -1.266 1.007
Accel: 0.089 0.145 0.967
Gyro: 7.827 0.381 0.274
Accel: 0.081 0.137 0.967
Gyro: 8.789 0.839 -1.525
Accel: 0.063 0.142 0.972
Gyro: 10.345 2.899 -1.968
Accel: 0.076 0.155 0.974
Gyro: 11.047 4.089 -2.639
Accel: 0.079 0.158 0.971
Gyro: 12.161 5.508 -2.197
Accel: 0.085 0.160 0.968
Gyro: 13.397 6.210 -1.235
Accel: 0.080 0.165 0.968
Gyro: 14.862 6.729 0.549
Accel: 0.086 0.165 0.965
Gyro: 15.487 6.912 0.198
Accel: 0.085 0.165 0.963
Gyro: 15.548 6.820 -3.875
Accel: 0.090 0.162 0.956
Gyro: 15.151 6.011 0.015
Accel: 0.089 0.162 0.949
Gyro: 14.022 5.401 0.152
Accel: 0.089 0.160 0.942
Gyro: 7.995 4.486 0.183
Accel: 0.094 0.159 0.945
Gyro: 8.300 2.563 0.152
Accel: 0.099 0.153 0.949
Gyro: 3.463 0.198 0.274
Accel: 0.102 0.144 0.954
Gyro: -1.571 -1.922 0.381
Accel: 0.095 0.133 0.957
Gyro: -6.042 -3.601 0.518
Accel: 0.092 0.127 0.963
Gyro: -9.231 -4.852 0.869
Accel: 0.091 0.128 0.967
Gyro: -12.0100 -5.722 0.915
Accel: 0.088 0.129 0.974
Gyro: -14.175 -6.118 0.427
Accel: 0.084 0.129 0.979
Gyro: -14.999 -6.805 0.061
Accel: 0.084 0.127 0.988
Gyro: -15.380 -7.431 0.534
Accel: 0.086 0.116 0.992
Gyro: -15.472 -6.927 1.098
Accel: 0.088 0.109 1.003
Gyro: -14.877 -6.744 1.449
Accel: 0.090 0.107 1.016
Gyro: -14.236 -6.958 1.434
Accel: 0.085 0.103 1.024
Gyro: -13.031 -11.718 1.052
Accel: 0.085 0.098 1.034
Gyro: -11.352 -8.865 0.579
Accel: 0.080 0.098 1.036
Gyro: -9.353 -9.033 0.457
Accel: 0.073 0.098 1.037
Gyro: -6.805 -8.0010 0.839
Accel: 0.068 0.101 1.036
Gyro: -3.967 -6.942 1.296
Accel: 0.066 0.113 1.037
Gyro: 0.946 -6.118 1.815
Accel: 0.067 0.122 1.031
Gyro: 1.693 -5.599 2.670
Accel: 0.067 0.124 1.027
Gyro: 3.433 -5.371 3.738
Accel: 0.066 0.128 1.022
Gyro: 4.241 -5.844 3.967
Accel: 0.064 0.128 1.020
Gyro: 4.058 -6.851 3.875
Accel: 0.057 0.124 1.015
Gyro: 3.173 -8.026 3.692
Accel: 0.057 0.116 1.012
Gyro: 1.510 -8.514 3.433
Accel: 0.055 0.121 1.011
Gyro: 0.625 -8.941 2.975
Accel: 0.052 0.126 1.011
Gyro: -1.876 -9.643 2.777
Accel: 0.054 0.129 1.015
Gyro: -2.441 -10.498 2.609
Accel: 0.056 0.133 1.018
Gyro: -2.487 -11.077 2.471
Accel: 0.056 0.135 1.018
Gyro: -2.151 -11.428 2.380
Accel: 0.049 0.130 1.016
Gyro: -1.647 -11.215 2.410
Accel: 0.051 0.130 1.017
Gyro: -1.785 -10.772 2.288
Accel: 0.052 0.127 1.017
Gyro: -2.243 -9.552 2.334
Accel: 0.051 0.126 1.015
Gyro: -2.365 -8.148 2.517
Accel: 0.047 0.127 1.011
Gyro: -2.120 -5.981 2.365
Accel: 0.047 0.122 1.012
Gyro: -1.785 -4.776 1.693
Accel: 0.049 0.117 1.016
Gyro: -1.861 -4.592 1.159
Accel: 0.054 0.121 1.017
Gyro: -1.907 -4.257 0.885
