Accel: 0.033 0.104 0.997
Gyro: 0.762 -3.997 -6.118
Accel: 0.035 0.107 0.996
Gyro: 0.061 -4.684 -6.851
Accel: 0.036 0.108 1.0001
Gyro: 0.152 -4.562 -7.415
Accel: 0.038 0.107 1.0001
Gyro: 0.152 -3.875 -7.629
Accel: 0.040 0.104 0.996
Gyro: 0.427 -3.524 -7.904
Accel: 0.041 0.101 0.994
Gyro: 0.152 -3.021 -8.163
Accel: 0.043 0.095 0.992
Gyro: 0.289 -1.724 -8.529
Accel: 0.036 0.098 0.995
Gyro: 0.228 0.061 -8.422
Accel: 0.032 0.105 0.997
Gyro: 0.183 1.388 -7.888
Accel: 0.034 0.106 0.996
Gyro: 0.961 2.929 -7.232
Accel: 0.040 0.106 0.990
Gyro: 1.678 3.814 -6.759
Accel: 0.040 0.104 0.987
Gyro: 2.151 3.509 -6.668
Accel: 0.032 0.104 0.990
Gyro: 1.846 2.380 -7.003
Accel: 0.030 0.106 0.991
Gyro: 1.373 0.885 -7.278
Accel: 0.036 0.105 0.990
Gyro: 1.342 0.183 -7.614
Accel: 0.042 0.106 0.991
Gyro: 1.190 0.823 -7.553
Accel: 0.045 0.106 0.992
Gyro: 0.946 0.671 -7.110
Accel: 0.043 0.109 0.993
Gyro: 0.885 0.503 -6.500
Accel: 0.041 0.106 0.994
Gyro: 1.342 0.259 -5.859
Accel: 0.036 0.106 0.994
Gyro: 2.685 1.419 -5.218
Accel: 0.033 0.106 0.994
Gyro: 4.058 2.838 -4.608
Accel: 0.025 0.104 0.994
Gyro: 4.867 3.677 -4.074
Accel: 0.022 0.109 0.993
Gyro: 5.035 4.089 -3.662
Accel: 0.021 0.115 0.993
Gyro: 5.035 4.577 -3.631
Accel: 0.018 0.124 0.992
Gyro: 4.211 4.364 -4.043
Accel: 0.013 0.123 0.994
Gyro: 2.807 3.219 -4.470
Accel: 0.015 0.118 0.997
Gyro: 1.831 2.059 -4.730
Accel: 0.020 0.113 0.996
Gyro: 1.510 1.800 -4.959
Accel: 0.028 0.110 1.0000
Gyro: 1.602 2.288 -5.004
Accel: 0.029 0.108 1.005
Gyro: 1.495 2.151 -5.325
Accel: 0.022 0.107 1.009
Gyro: 0.625 1.571 -5.615
Accel: 0.017 0.110 1.020
Gyro: 0.595 0.839 -5.340
Accel: 0.016 0.120 1.020
Gyro: -1.480 0.625 -4.943
Accel: 0.0010 0.0100 1.013
Gyro: 0.671 1.678 -5.233
Accel: 0.005 0.096 1.016
Gyro: 0.442 2.319 -5.310
Accel: 0.005 0.0100 1.018
Gyro: 1.129 2.166 -4.943
Accel: 0.006 0.106 1.018
Gyro: 1.525 2.044 -4.776
Accel: 0.0010 0.111 1.023
Gyro: 2.166 2.090 -4.638
Accel: 0.013 0.113 1.023
Gyro: 3.402 2.471 -4.318
Accel: 0.0010 0.115 1.019
Gyro: 4.806 3.173 -3.799
Accel: 0.004 0.117 1.015
Gyro: 5.950 4.058 -3.204
Accel: 0.002 0.116 1.012
Gyro: 6.484 4.531 -2.761
Accel: 0.003 0.111 1.002
Gyro: 6.988 5.340 -3.189
Accel: 0.0000 0.114 1.009
Gyro: 7.217 5.325 -3.448
Accel: 0.0001 0.120 1.0010
Gyro: 7.186 5.386 -3.768
Accel: 0.0001 0.122 1.011
Gyro: 7.110 5.004 -4.257
Accel: 0.0000 0.117 1.0010
Gyro: 7.339 4.928 -4.806
Accel: 0.0000 0.115 1.009
Gyro: 7.919 4.791 -5.081
Accel: 0.0001 0.117 1.007
Gyro: 8.697 4.562 -5.203
Accel: 0.0001 0.119 1.004
Gyro: 9.124 4.165 -5.371
Accel: 0.005 0.124 1.0000
Gyro: 9.216 3.692 -5.447
Accel: 0.009 0.127 1.0000
Gyro: 8.850 7.797 -5.264
Accel: 0.015 0.127 1.0001
Gyro: 8.026 4.135 -5.050
Accel: 0.013 0.127 1.004
Gyro: 7.339 3.845 -4.730
Accel: 0.009 0.128 1.009
Gyro: 7.064 3.479 -4.486
Accel: 0.005 0.135 1.007
Gyro: 7.385 3.326 -4.486
Accel: 0.002 0.140 1.005
Gyro: 7.766 3.311 -4.531
Accel: 0.002 0.141 0.999
Gyro: 7.934 3.448 -4.531
Accel: 0.008 0.144 0.996
Gyro: 7.843 2.670 -4.302
Accel: 0.012 0.149 0.992
Gyro: 7.263 2.182 -4.089
Accel: 0.014 0.152 0.989
Gyro: 6.607 1.388 -3.936
Accel: 0.014 0.152 0.989
Gyro: 5.767 0.701 -3.784
Accel: 0.011 0.148 0.991
Gyro: 5.218 0.122 -3.433
Accel: 0.006 0.153 0.990
Gyro: 5.096 0.167 -3.173
Accel: 0.002 0.154 0.990
Gyro: 4.913 0.228 -3.021
Accel: 0.0001 0.152 0.989
Gyro: 4.440 0.869 -2.944
Accel: 0.0001 0.150 0.987
Gyro: 3.021 0.915 -2.944
Accel: 0.003 0.150 0.987
Gyro: 1.327 0.549 -3.204
Accel: 0.006 0.146 0.989
Gyro: 0.228 0.213 -3.585
Accel: 0.0010 0.142 0.994
Gyro: 0.381 -1.419 -4.089
Accel: 0.009 0.136 0.994
Gyro: 0.106 -2.670 -4.089
Accel: 0.007 0.143 1.0000
Gyro: 0.885 -3.326 -4.287
Accel: 0.006 0.144 1.0001
Gyro: 1.998 -3.463 -4.608
Accel: 0.006 0.145 1.004
Gyro: 3.494 -3.280 -4.196
Accel: 0.003 0.148 1.003
Gyro: 4.623 -3.051 -3.646
Accel: 0.007 0.149 1.0000
Gyro: 5.065 -2.670 -3.143
Accel: 0.021 0.153 0.999
Gyro: 5.081 -2.456 -2.624
Accel: 0.033 0.155 0.997
Gyro: 4.547 -2.532 -2.243
Accel: 0.041 0.161 0.997
Gyro: 0.045 -2.670 -2.029
Accel: 0.046 0.161 0.997
Gyro: 3.448 -3.158 -1.922
Accel: 0.039 0.164 0.997
Gyro: 3.402 -3.738 -1.907
Accel: 0.028 0.167 0.994
Gyro: 4.119 -4.196 -1.647
Accel: 0.013 0.170 0.991
Gyro: 4.928 -4.623 -1.098
Accel: 0.002 0.168 0.984
Gyro: 5.432 -5.294 0.320
Accel: 0.0010 0.166 0.980
Gyro: 5.386 -5.905 0.183
Accel: 0.018 0.161 0.981
Gyro: 4.760 -6.179 0.549
Accel: 0.025 0.158 0.983
Gyro: 3.524 -6.820 0.320
Accel: 0.031 0.158 0.989
Gyro: 2.792 -7.583 0.167
Accel: 0.033 0.159 0.991
Gyro: 2.532 -8.499 0.656
Accel: 0.037 0.161 0.997
Gyro: 2.685 -9.277 -1.296
Accel: 0.040 0.162 0.995
Gyro: 3.234 -9.582 -1.571
Accel: 0.042 0.162 0.992
Gyro: 4.165 -9.185 -1.647
Accel: 0.042 0.158 0.991
Gyro: 4.974 -8.331 -1.373
Accel: 0.038 0.156 0.991
Gyro: 5.691 -6.881 -1.007
Accel: 0.035 0.156 0.990
Gyro: 5.966 -5.661 0.549
Accel: 0.032 0.159 0.992
Gyro: 5.996 -4.318 0.061
Accel: 0.029 0.161 0.993
Gyro: 5.554 -3.219 0.213
Accel: 0.029 0.160 0.995
Gyro: 4.837 -2.609 0.213
Accel: 0.026 0.161 0.998
Gyro: 4.196 -2.288 0.091
Accel: 0.020 0.162 0.937
Gyro: 3.723 -2.151 0.732
Accel: 0.017 0.165 1.0001
Gyro: 3.738 -2.243 -1.480
Accel: 0.014 0.168 1.0000
Gyro: 4.409 -2.380 -2.273
Accel: 0.015 0.171 0.996
Gyro: 5.203 -2.410 -2.731
Accel: 0.0010 0.173 0.994
Gyro: 6.195 -2.395 -2.975
Accel: 0.002 0.174 0.990
Gyro: 6.912 -1.831 -3.067
Accel: 0.0001 0.181 0.982
Gyro: 6.896 0.976 -3.219
Accel: 0.002 0.186 0.980
Gyro: 6.805 0.488 -3.005
Accel: 0.006 0.191 0.976
Gyro: 6.118 1.586 -2.685
Accel: 0.008 0.196 0.976
Gyro: 5.187 2.716 -2.014
Accel: 0.004 0.195 0.975
Gyro: 4.318 4.196 -1.312
Accel: 0.0000 0.193 0.973
Gyro: 3.601 5.432 0.610
Accel: 0.002 0.192 0.976
Gyro: 2.899 6.423 0.122
Accel: 0.005 0.187 0.980
Gyro: 2.319 7.522 0.991
Accel: 0.004 0.185 0.986
Gyro: 2.029 8.117 1.831
Accel: 0.0000 0.178 0.991
Gyro: 2.136 8.163 2.548
Accel: 0.0001 0.172 0.996
Gyro: 2.609 7.751 3.295
Accel: 0.0000 0.169 0.998
Gyro: 3.509 7.080 4.013
Accel: 0.002 0.168 0.996
Gyro: 4.684 6.439 4.394
Accel: 0.004 0.166 0.994
Gyro: 5.477 5.798 4.837
Accel: 0.003 0.165 0.990
Gyro: 5.355 5.187 5.157
Accel: 0.004 0.162 0.987
Gyro: 4.760 4.318 5.462
Accel: 0.009 0.160 0.987
Gyro: 3.677 2.914 5.432
Accel: 0.017 0.158 0.988
Gyro: 2.365 1.358 5.050
Accel: 0.023 0.159 0.990
Gyro: 1.037 0.137 4.333
Accel: 0.027 0.162 0.989
Gyro: 0.076 0.808 3.616
Accel: 0.028 0.164 0.991
Gyro: 0.823 -1.937 3.051
Accel: 0.028 0.165 0.994
Gyro: -1.342 -3.143 2.609
Accel: 0.028 0.167 0.995
Gyro: -1.266 -3.799 2.197
Accel: 0.025 0.169 0.994
Gyro: 0.885 -4.577 1.693
Accel: 0.028 0.169 0.997
Gyro: 0.366 -5.813 1.068
Accel: 0.033 0.172 0.996
Gyro: 0.289 -6.622 0.427
Accel: 0.041 0.177 0.995
Gyro: 1.022 -6.713 0.274
Accel: 0.070 0.230 0.975
Gyro: 2.609 0.534 -14.892
Accel: 0.071 0.231 0.971
Gyro: 2.670 1.144 -14.862
Accel: 0.072 0.236 0.966
Gyro: 2.288 1.632 -15.151
Accel: 0.075 0.240 0.966
Gyro: 1.281 2.136 -19.531
Accel: 0.075 0.245 0.964
Gyro: 0.137 2.243 -16.159
Accel: 0.075 0.244 0.963
Gyro: -1.052 2.136 -16.769
Accel: 0.075 0.245 0.964
Gyro: -2.334 1.220 -17.288
Accel: 0.079 0.249 0.969
Gyro: -3.112 0.076 -17.883
Accel: 0.082 0.258 0.974
Gyro: -3.387 -1.312 -18.447
Accel: 0.080 0.265 0.977
Gyro: -2.700 -3.005 -18.936
Accel: 0.072 0.273 0.979
Gyro: -1.403 -4.150 -18.997
Accel: 0.060 0.282 0.978
Gyro: 0.183 -4.989 -18.569
Accel: 0.050 0.287 0.971
Gyro: 1.861 -5.294 -17.700
Accel: 0.044 0.289 0.966
Gyro: 3.570 -5.081 -15.914
Accel: 0.041 0.286 0.966
Gyro: 5.020 -4.226 -13.763
Accel: 0.037 0.281 0.963
Gyro: 6.500 -2.716 -11.322
Accel: 0.034 0.272 0.968
Gyro: 7.736 -1.831 -9.063
Accel: 0.032 0.265 0.973
Gyro: 9.780 -1.831 -7.324
Accel: 0.031 0.259 0.973
Gyro: 11.779 -2.532 -5.386
Accel: 0.030 0.258 0.974
Gyro: 13.671 -7.629 -3.845
Accel: 0.026 0.258 0.968
Gyro: 15.014 -5.538 -2.761
Accel: 0.024 0.255 0.963
Gyro: 16.067 -7.766 -2.273
Accel: 0.014 0.259 0.962
Gyro: 17.135 -10.192 -2.395
Accel: 0.012 0.264 0.958
Gyro: 19.165 -11.734 -2.746
Accel: 0.011 0.269 0.953
Gyro: 21.469 -12.084 -3.189
Accel: 0.008 0.279 0.946
Gyro: 23.529 -11.764 -3.250
Accel: 0.008 0.288 0.938
Gyro: 25.436 -10.589 -3.158
Accel: 0.0010 0.299 0.934
Gyro: 26.641 -9.002 -2.868
Accel: 0.009 0.309 0.934
Gyro: 27.420 -7.446 -2.426
Accel: 0.012 0.309 0.932
Gyro: 27.923 -6.378 -2.120
Accel: 0.014 0.303 0.929
Gyro: 28.198 -6.393 -2.517
Accel: 0.012 0.298 0.922
Gyro: 28.778 -7.781 -3.494
Accel: 0.0010 0.299 0.919
Gyro: 29.251 -10.787 -4.852
Accel: 0.011 0.305 0.918
Gyro: 29.449 -15.197 -6.088
Accel: 0.016 0.307 0.916
Gyro: 29.708 -18.234 -7.034
Accel: 0.025 0.311 0.916
Gyro: 30.960 -20.767 -7.919
Accel: 0.030 0.314 0.913
Gyro: 32.989 -22.857 -8.575
Accel: 0.031 0.320 0.900
Gyro: 35.614 -25.0100 -9.201
Accel: 0.036 0.325 0.887
Gyro: 37.857 -26.885 -9.841
Accel: 0.039 0.334 0.876
Gyro: 39.749 -27.877 -10.452
Accel: 0.050 0.345 0.871
Gyro: 40.557 -27.832 -10.803
Accel: 0.061 0.360 0.864
Gyro: 40.313 -26.382 -10.726
Accel: 0.073 0.376 0.861
Gyro: 38.665 -23.849 -10.498
Accel: 0.083 0.388 0.862
Gyro: 36.148 -20.446 -10.177
Accel: 0.093 0.401 0.867
Gyro: 32.928 -17.456 -9.674
Accel: 0.097 0.411 0.884
Gyro: 28.762 -14.694 -9.414
Accel: 0.0100 0.417 0.905
Gyro: 23.696 -11.505 -7.980
Accel: 0.121 0.452 0.918
Gyro: 22.369 -5.691 -3.860
Accel: 0.106 0.448 0.935
Gyro: 19.424 -4.562 -3.799
Accel: 0.098 0.425 0.960
Gyro: 15.731 -6.805 -5.477
Accel: 0.105 0.404 0.977
Gyro: 12.557 -9.033 -7.186
Accel: 0.108 0.415 1.0001
Gyro: 10.391 -10.269 -7.843
Accel: 0.108 0.426 1.029
Gyro: 8.743 -10.681 -7.446
Accel: 0.132 0.433 1.071
Gyro: 6.973 -10.208 -7.080
Accel: 0.158 0.413 1.108
Gyro: 6.240 -8.560 -6.744
Accel: 0.159 0.392 1.136
Gyro: 8.499 -7.186 -6.088
Accel: 0.154 0.378 1.152
Gyro: 12.847 -7.202 -5.874
Accel: 0.156 0.366 1.158
Gyro: 17.410 -7.110 -6.027
Accel: 0.160 0.354 1.160
Gyro: 21.240 -6.591 -6.484
Accel: 0.174 0.348 1.160
Gyro: 24.230 -6.546 -7.446
Accel: 0.188 0.347 1.157
Gyro: 26.092 -7.949 -9.109
Accel: 0.200 0.340 1.152
Gyro: 28.366 -10.574 -11.230
Accel: 0.205 0.333 1.142
Gyro: 33.264 -11.596 -13.641
Accel: 0.180 0.344 1.140
Gyro: 37.170 -13.946 -15.182
Accel: 0.187 0.337 1.117
Gyro: 42.602 -14.175 -16.311
Accel: 0.193 0.336 1.088
Gyro: 49.057 -12.344 -17.822
Accel: 0.197 0.333 1.064
Gyro: 54.412 -9.918 -20.187
Accel: 0.197 0.336 1.038
Gyro: 58.319 -8.285 -22.674
Accel: 0.195 0.339 1.009
Gyro: 60.317 -7.476 -25.436
Accel: 0.191 0.354 0.981
Gyro: 60.958 -7.369 -28.121
Accel: 0.182 0.368 0.957
Gyro: 60.699 -7.995 -30.502
Accel: 0.174 0.377 0.934
Gyro: 59.829 -8.728 -32.363
Accel: 0.166 0.387 0.918
Gyro: 58.578 -9.719 -34.149
Accel: 0.162 0.397 0.901
Gyro: 57.250 -10.833 -35.858
Accel: 0.160 0.404 0.884
Gyro: 56.030 -12.817 -37.414
Accel: 0.156 0.416 0.872
Gyro: 54.870 -14.419 -42.938
Accel: 0.154 0.422 0.856
Gyro: 53.405 -15.869 -40.512
Accel: 0.150 0.433 0.839
Gyro: 47.180 -17.654 -42.144
Accel: 0.141 0.446 0.829
Gyro: 47.515 -20.126 -43.685
Accel: 0.131 0.460 0.823
Gyro: 43.060 -22.415 -44.967
Accel: 0.123 0.478 0.817
Gyro: 38.604 -24.673 -45.547
Accel: 0.121 0.488 0.813
Gyro: 34.759 -26.885 -46.051
Accel: 0.141 0.496 0.810
Gyro: 31.280 -28.411 -50.720
Accel: 0.156 0.502 0.808
Gyro: 28.381 -29.800 -47.409
Accel: 0.155 0.514 0.805
Gyro: 26.046 -30.944 -47.561
Accel: 0.149 0.523 0.817
Gyro: 22.583 -31.906 -48.217
Accel: 0.136 0.506 0.805
Gyro: 18.264 -31.646 -50.369
Accel: 0.110 0.544 0.803
Gyro: 13.809 -32.150 -48.858
Accel: 0.109 0.552 0.809
Gyro: 9.826 -32.546 -47.866
Accel: 0.116 0.555 0.812
Gyro: 6.668 -33.981 -47.500
Accel: 0.117 0.551 0.826
Gyro: 4.684 -36.331 -47.195
Accel: 0.106 0.548 0.843
Gyro: 2.365 -38.131 -46.798
Accel: 0.099 0.551 0.869
Gyro: 0.213 -40.115 -46.325
Accel: 0.098 0.571 0.885
Gyro: -1.510 -42.694 -45.654
Accel: 0.097 0.592 0.900
Gyro: -2.578 -44.128 -44.509
Accel: 0.092 0.609 0.904
Gyro: -3.143 -43.624 -43.502
Accel: 0.089 0.614 0.910
Gyro: -4.837 -41.961 -42.327
Accel: 0.086 0.608 0.921
Gyro: -8.651 -39.184 -41.366
Accel: 0.095 0.602 0.940
Gyro: -14.480 -36.102 -41.030
Accel: 0.113 0.601 0.958
Gyro: -20.797 -32.989 -41.412
Accel: 0.131 0.592 0.987
Gyro: -26.382 -29.647 -42.160
Accel: 0.133 0.577 1.017
Gyro: -31.890 -25.390 -42.999
Accel: 0.121 0.554 1.042
Gyro: -35.858 -20.828 -43.243
Accel: 0.0100 0.535 1.061
Gyro: -37.948 -17.089 -42.602
Accel: 0.079 0.517 1.069
Gyro: -37.338 -14.633 -41.900
Accel: 0.060 0.494 1.075
Gyro: -34.637 -14.007 -41.076
Accel: 0.046 0.500 1.086
Gyro: -31.433 -14.083 -39.337
Accel: 0.020 0.491 1.086
Gyro: -28.747 -15.335 -38.665
Accel: 0.026 0.500 1.080
Gyro: -27.252 -15.426 -39.108
Accel: 0.022 0.512 1.084
Gyro: -29.022 -15.060 -40.451
Accel: 0.027 0.499 1.078
Gyro: -30.929 -11.322 -41.732
Accel: 0.025 0.506 1.089
Gyro: -32.180 -3.555 -42.373
Accel: 0.008 0.494 1.095
Gyro: -34.698 4.745 -41.549
Accel: 0.009 0.457 1.112
Gyro: -38.543 11.322 -39.260
Accel: 0.0010 0.417 1.121
Gyro: -41.625 15.640 -37.048
Accel: 0.007 0.381 1.126
Gyro: -42.205 15.808 -36.270
Accel: 0.007 0.341 1.116
Gyro: -38.833 11.734 -36.819
Accel: 0.0010 0.319 1.095
Gyro: -32.562 5.615 -38.360
Accel: 0.030 0.356 1.053
Gyro: -28.732 -6.835 -41.564
Accel: 0.049 0.332 1.039
Gyro: -26.687 -12.084 -44.616
Accel: 0.007 0.288 1.011
Gyro: -24.108 -15.289 -47.805
Accel: 0.117 0.298 1.002
Gyro: -20.492 -12.969 -50.918
Accel: 0.101 0.350 1.016
Gyro: -18.997 -10.818 -53.024
Accel: 0.131 0.388 1.017
Gyro: -18.905 -9.460 -54.260
Accel: 0.147 0.392 1.0001
Gyro: -16.586 -7.675 -55.541
Accel: 0.158 0.375 0.972
Gyro: -12.161 -6.164 -56.961
Accel: 0.173 0.361 0.940
Gyro: -7.629 -5.813 -58.349
Accel: 0.184 0.358 0.899
Gyro: -6.790 -6.088 -60.470
Accel: 0.182 0.354 0.867
Gyro: -4.821 -5.432 -62.698
Accel: 0.165 0.350 0.838
Gyro: -4.318 -5.691 -64.178
Accel: 0.147 0.343 0.832
Gyro: -4.608 -7.720 -65.078
Accel: 0.145 0.336 0.831
Gyro: -4.943 -11.0001 -65.643
Accel: 0.149 0.335 0.826
Gyro: -4.547 -16.601 -65.399
Accel: 0.151 0.343 0.818
Gyro: -3.219 -23.254 -65.063
Accel: 0.142 0.351 0.806
Gyro: -1.556 -28.793 -64.239
Accel: 0.125 0.354 0.788
Gyro: 0.061 -34.454 -63.125
Accel: 0.115 0.359 0.767
Gyro: 0.473 -39.291 -62.072
Accel: 0.108 0.366 0.687
Gyro: 0.045 -42.419 -61.477
Accel: 0.097 0.372 0.742
Gyro: -1.586 -43.945 -61.004
Accel: 0.080 0.375 0.742
Gyro: -2.990 -44.128 -60.150
Accel: 0.064 0.385 0.746
Gyro: -4.013 -44.692 -58.639
Accel: 0.052 0.402 0.746
Gyro: -4.135 -46.264 -57.083
Accel: 0.038 0.416 0.744
Gyro: -3.982 -48.080 -55.557
Accel: 0.022 0.430 0.746
Gyro: -3.936 -49.621 -54.077
Accel: 0.009 0.434 0.752
Gyro: -4.806 -51.589 -52.902
Accel: 0.0000 0.435 0.759
Gyro: -5.920 -51.651 -52.520
Accel: 0.016 0.432 0.773
Gyro: -6.210 -50.079 -53.024
Accel: 0.013 0.435 0.781
Gyro: -6.500 -47.775 -51.803
Accel: 0.004 0.441 0.792
Gyro: -6.332 -45.059 -50.491
Accel: 0.0010 0.433 0.805
Gyro: -6.256 -43.334 -50.231
Accel: 0.017 0.420 0.822
Gyro: -6.103 -43.182 -50.277
Accel: 0.021 0.402 0.832
Gyro: -5.615 -44.036 -51.193
Accel: 0.022 0.383 0.836
Gyro: -3.936 -44.403 -52.780
Accel: 0.024 0.364 0.835
Gyro: -1.220 -44.143 -55.068
Accel: 0.023 0.335 0.752
Gyro: 3.051 -43.533 -57.479
Accel: 0.036 0.364 0.814
Gyro: 9.857 -41.763 -59.494
Accel: 0.024 0.399 0.822
Gyro: 16.708 -40.420 -59.371
Accel: 0.025 0.409 0.816
Gyro: 22.888 -38.452 -57.601
Accel: 0.038 0.407 0.807
Gyro: 28.213 -35.049 -55.206
Accel: 0.052 0.404 0.800
Gyro: 33.966 -31.158 -52.215
Accel: 0.057 0.410 0.789
Gyro: 39.138 -23.529 -48.645
Accel: 0.054 0.416 0.777
Gyro: 42.373 -24.307 -45.578
Accel: 0.048 0.422 0.762
Gyro: 44.021 -21.606 -44.281
Accel: 0.043 0.426 0.740
Gyro: 43.624 -19.027 -44.174
Accel: 0.033 0.430 0.722
Gyro: 41.946 -16.952 -43.853
Accel: 0.026 0.443 0.705
Gyro: 39.886 -15.289 -42.602
Accel: 0.019 0.457 0.697
Gyro: 37.673 -13.641 -40.954
Accel: 0.011 0.473 0.685
Gyro: 35.797 -11.947 -38.787
Accel: 0.0001 0.486 0.675
Gyro: 34.179 -10.650 -36.254
Accel: 0.0010 0.492 0.665
Gyro: 32.501 -9.475 -33.370
Accel: 0.021 0.500 0.660
Gyro: 30.242 -8.911 -30.685
Accel: 0.031 0.511 0.660
Gyro: 26.550 -9.277 -28.488
Accel: 0.044 0.520 0.658
Gyro: 22.171 -9.719 -26.153
Accel: 0.050 0.522 0.658
Gyro: 17.807 -9.490 -23.544
Accel: 0.048 0.509 0.660
Gyro: 13.687 -9.841 -20.858
Accel: 0.041 0.491 0.657
Gyro: 9.857 -10.803 -17.639
Accel: 0.033 0.471 0.659
Gyro: 6.744 -15.594 -14.114
Accel: 0.024 0.451 0.665
Gyro: 4.501 -12.329 -10.543
Accel: 0.025 0.375 0.666
Gyro: 3.402 -13.992 -6.469
Accel: 0.019 0.417 0.664
Gyro: 3.479 -15.899 -2.548
Accel: 0.014 0.398 0.664
Gyro: 4.531 -18.157 0.915
Accel: 0.0010 0.374 0.656
Gyro: 6.317 -19.561 3.479
Accel: 0.020 0.347 0.637
Gyro: 8.102 -19.882 4.806
Accel: 0.045 0.324 0.622
Gyro: 9.704 -20.980 6.774
Accel: 0.057 0.322 0.612
Gyro: 10.848 -23.239 10.452
Accel: 0.045 0.324 0.589
Gyro: 12.222 -24.368 15.304
Accel: 0.013 0.321 0.557
Gyro: 13.778 -25.0100 19.485
Accel: 0.0000 0.336 0.536
Gyro: 16.769 -23.773 21.743
Accel: 0.015 0.347 0.510
Gyro: 18.035 -24.536 21.484
Accel: 0.003 0.385 0.474
Gyro: 16.937 -25.970 19.302
Accel: 0.027 0.321 0.506
Gyro: 12.359 -25.894 17.028
Accel: 0.121 0.189 0.421
Gyro: 8.193 -21.347 5.401
Accel: 0.159 0.280 0.451
Gyro: 0.259 -8.499 -8.544
Accel: 0.203 0.283 0.538
Gyro: -8.575 2.090 -20.935
Accel: 0.0100 0.292 0.616
Gyro: -9.552 19.180 -26.763
Accel: 0.0010 0.295 0.617
Gyro: -15.899 25.268 -23.925
Accel: 0.024 0.413 0.644
Gyro: -26.306 31.387 -19.897
Accel: 0.137 0.441 0.681
Gyro: -37.536 34.149 -12.115
Accel: 0.253 0.407 0.668
Gyro: -40.420 35.583 -3.417
Accel: 0.282 0.396 0.729
Gyro: -30.654 38.665 6.195
Accel: 0.301 0.433 0.793
Gyro: -19.241 40.451 19.317
Accel: 0.196 0.492 0.808
Gyro: -2.639 35.263 27.618
Accel: 0.096 0.570 0.796
Gyro: 11.901 29.861 38.803
Accel: 0.034 0.596 0.775
Gyro: 15.701 18.325 43.716
Accel: 0.006 0.535 0.760
Gyro: 15.853 6.515 46.096
Accel: 0.008 0.462 0.764
Gyro: 15.365 0.976 49.224
Accel: 0.0001 0.431 0.814
Gyro: 11.611 -7.385 50.872
Accel: 0.011 0.448 0.884
Gyro: 8.224 -10.086 49.880
Accel: 0.014 0.440 0.948
Gyro: 9.933 -8.712 42.984
Accel: 0.048 0.428 0.995
Gyro: 17.349 -4.928 44.204
Accel: 0.051 0.453 1.014
Gyro: 32.012 0.396 43.746
Accel: 0.043 0.476 1.0001
Gyro: 50.888 5.538 44.357
Accel: 0.069 0.446 0.979
Gyro: 68.328 8.972 44.052
Accel: 0.117 0.404 0.956
Gyro: 80.261 10.559 41.397
Accel: 0.174 0.381 0.955
Gyro: 86.074 10.696 36.499
Accel: 0.213 0.402 0.962
Gyro: 87.020 11.871 24.124
Accel: 0.233 0.438 0.964
Gyro: 84.411 14.907 17.120
Accel: 0.250 0.463 0.964
Gyro: 79.681 23.162 5.065
Accel: 0.253 0.479 0.954
Gyro: 73.684 24.444 -6.362
Accel: 0.256 0.495 0.932
Gyro: 70.129 32.073 -16.372
Accel: 0.365 0.619 0.924
Gyro: 69.366 42.480 -26.504
Accel: 0.745 0.807 0.951
Gyro: 70.953 57.235 -50.430
Accel: 1.779 1.508 0.932
Gyro: 75.119 71.777 -117.187
Accel: 1.378 1.289 1.012
Gyro: 77.392 100.936 -161.148
Accel: 0.148 0.634 0.871
Gyro: 77.835 139.190 -153.076
Accel: 0.117 0.447 0.717
Gyro: 71.289 169.082 -145.507
Accel: 0.159 0.499 0.640
Gyro: 55.084 200.500 -141.708
Accel: 0.224 0.549 0.638
Gyro: 32.058 228.744 -142.242
Accel: 0.322 0.546 0.708
Gyro: 9.414 242.538 -133.224
Accel: 0.558 0.551 0.598
Gyro: -3.982 235.992 -111.968
Accel: 0.666 0.568 0.421
Gyro: -13.839 204.895 -89.889
Accel: 0.724 0.613 0.435
Gyro: -17.333 180.419 -70.434
Accel: 0.765 0.728 0.397
Gyro: -21.240 149.749 -58.670
Accel: 0.791 0.764 0.377
Gyro: -26.489 113.540 -55.587
Accel: 0.807 0.753 0.552
Gyro: -30.273 78.445 -50.689
Accel: 0.824 0.746 0.573
Gyro: -31.768 53.909 -45.715
Accel: 0.874 0.719 0.657
Gyro: -23.727 30.426 -38.314
Accel: 0.801 0.689 0.750
Gyro: -15.792 14.282 -27.801
Accel: 0.809 0.709 0.813
Gyro: -9.704 5.691 -15.853
Accel: 0.805 0.777 0.853
Gyro: 0.015 5.935 -5.981
Accel: 0.781 0.898 0.873
Gyro: 4.577 14.190 -1.754
Accel: 0.746 0.996 0.845
Gyro: 5.889 20.690 0.991
Accel: 0.683 1.051 0.815
Gyro: 3.509 25.833 -5.371
Accel: 0.591 1.071 0.807
Gyro: -2.685 28.015 -14.007
Accel: 0.508 1.098 0.811
Gyro: -14.831 32.196 -24.765
Accel: 0.437 1.030 0.811
Gyro: -28.106 38.406 -31.188
Accel: 0.406 0.939 0.795
Gyro: -54.229 42.922 -36.285
Accel: 0.415 0.848 0.794
Gyro: -82.305 44.296 -41.732
Accel: 0.446 0.752 0.814
Gyro: -105.850 43.090 -45.150
Accel: 0.479 0.664 0.846
Gyro: -119.018 40.802 -47.103
Accel: 0.504 0.584 0.870
Gyro: -120.483 36.804 -47.500
Accel: 0.533 0.552 0.900
Gyro: -109.695 32.043 -46.340
Accel: 0.530 0.568 0.917
Gyro: -98.297 28.915 -43.167
Accel: 0.470 0.624 0.895
Gyro: -94.558 28.305 -41.702
Accel: 0.432 0.592 0.870
Gyro: -95.825 24.703 -41.290
Accel: 0.437 0.552 0.846
Gyro: -103.347 20.217 -41.961
Accel: 0.478 0.512 0.828
Gyro: -112.884 15.258 -43.029
Accel: 0.512 0.463 0.818
Gyro: -120.819 9.078 -44.174
Accel: 0.539 0.408 0.834
Gyro: -125.289 -3.005 -39.276
Accel: 0.555 0.361 0.875
Gyro: -124.603 -10.208 -37.506
Accel: 0.561 0.328 0.944
Gyro: -118.423 -18.432 -26.382
Accel: 0.552 0.291 1.014
Gyro: -101.928 -21.697 -12.176
Accel: 0.512 0.254 1.062
Gyro: -91.491 -21.652 1.525
Accel: 0.474 0.240 1.085
Gyro: -76.492 -20.538 11.840
Accel: 0.456 0.251 1.085
Gyro: -59.600 -18.966 18.341
Accel: 0.453 0.280 1.072
Gyro: -41.870 -18.188 21.194
Accel: 0.456 0.310 1.044
Gyro: -24.963 -18.508 20.980
Accel: 0.457 0.323 1.0010
Gyro: -9.948 -21.102 18.066
Accel: 0.458 0.327 0.972
Gyro: 3.082 -31.158 14.953
Accel: 0.458 0.339 0.945
Gyro: 13.336 -36.0010 12.527
Accel: 0.455 0.355 0.919
Gyro: 23.452 -45.532 10.971
Accel: 0.458 0.366 0.897
Gyro: 32.440 -53.741 10.330
Accel: 0.451 0.368 0.887
Gyro: 40.054 -58.181 10.101
Accel: 0.436 0.377 0.884
Gyro: 45.547 -57.800 9.658
Accel: 0.415 0.401 0.875
Gyro: 49.468 -52.703 8.575
Accel: 0.410 0.412 0.857
Gyro: 51.925 -45.272 6.896
Accel: 0.410 0.421 0.838
Gyro: 52.337 -31.631 4.913
Accel: 0.417 0.429 0.820
Gyro: 51.040 -25.665 2.975
Accel: 0.427 0.428 0.796
Gyro: 47.790 -16.891 0.732
Accel: 0.442 0.422 0.771
Gyro: 39.199 -9.262 -1.693
Accel: 0.460 0.407 0.749
Gyro: 37.933 -4.501 -3.845
Accel: 0.481 0.396 0.736
Gyro: 34.027 -2.197 -4.104
Accel: 0.492 0.390 0.725
Gyro: 32.287 -1.525 -3.021
Accel: 0.503 0.392 0.723
Gyro: 31.356 -1.602 -1.235
Accel: 0.512 0.410 0.730
Gyro: 30.197 -1.159 1.403
Accel: 0.523 0.499 0.742
Gyro: 28.427 1.022 4.776
Accel: 0.531 0.464 0.759
Gyro: 25.787 5.355 9.063
Accel: 0.532 0.472 0.765
Gyro: 22.384 10.665 12.634
Accel: 0.527 0.470 0.758
Gyro: 16.937 13.870 14.953
Accel: 0.534 0.479 0.755
Gyro: 11.322 14.480 16.525
Accel: 0.546 0.492 0.759
Gyro: 7.629 12.557 18.234
Accel: 0.540 0.499 0.772
Gyro: 5.676 9.689 19.714
Accel: 0.531 0.515 0.796
Gyro: 4.699 6.591 20.599
Accel: 0.529 0.530 0.830
Gyro: 3.265 6.637 21.972
Accel: 0.514 0.541 0.861
Gyro: -3.692 10.147 23.086
Accel: 0.491 0.540 0.888
Gyro: -5.630 15.396 23.345
Accel: 0.480 0.538 0.898
Gyro: -13.763 19.134 22.583
Accel: 0.474 0.522 0.897
Gyro: -22.323 19.515 20.019
Accel: 0.467 0.488 0.894
Gyro: -29.571 15.289 17.089
Accel: 0.459 0.448 0.903
Gyro: -34.088 8.926 14.068
Accel: 0.451 0.417 0.922
Gyro: -34.469 1.144 12.191
Accel: 0.437 0.395 0.949
Gyro: -31.097 -4.608 11.489
Accel: 0.415 0.388 0.975
Gyro: -24.688 -7.446 11.642
Accel: 0.383 0.400 0.990
Gyro: -17.288 -6.347 12.298
Accel: 0.341 0.415 0.983
Gyro: -10.299 -2.624 12.268
Accel: 0.297 0.431 0.955
Gyro: -4.486 1.983 11.352
Accel: 0.256 0.457 0.901
Gyro: 0.305 5.447 9.719
Accel: 0.207 0.451 0.757
Gyro: 5.050 3.814 8.651
Accel: 0.123 0.474 0.771
Gyro: 8.300 -1.831 5.554
Accel: 0.096 0.506 0.763
Gyro: 8.529 -5.584 0.610
Accel: 0.092 0.534 0.775
Gyro: 7.461 -5.569 -8.590
Accel: 0.187 0.533 0.795
Gyro: 7.186 -2.807 -16.357
Accel: 0.180 0.499 0.805
Gyro: 7.843 1.739 -22.018
Accel: 0.239 0.451 0.800
Gyro: 9.872 6.210 -24.963
Accel: 0.294 0.407 0.776
Gyro: 12.908 9.872 -25.833
Accel: 0.347 0.371 0.747
Gyro: 16.311 11.886 -25.680
Accel: 0.397 0.345 0.707
Gyro: 19.790 11.581 -25.009
Accel: 0.441 0.322 0.668
Gyro: 23.971 4.058 -24.078
Accel: 0.479 0.315 0.644
Gyro: 27.862 1.571 -23.254
Accel: 0.507 0.315 0.633
Gyro: 31.585 -5.828 -21.499
Accel: 0.531 0.315 0.614
Gyro: 35.079 -14.404 -18.249
Accel: 0.537 0.327 0.604
Gyro: 38.208 -22.399 -14.328
Accel: 0.520 0.350 0.612
Gyro: 39.688 -29.144 -10.910
Accel: 0.499 0.376 0.615
Gyro: 39.779 -33.782 -7.659
Accel: 0.470 0.400 0.618
Gyro: 39.154 -37.506 -5.126
Accel: 0.445 0.421 0.623
Gyro: 38.146 -39.932 -3.173
Accel: 0.422 0.451 0.631
Gyro: 36.163 -40.786 -1.953
Accel: 0.387 0.481 0.643
Gyro: 33.004 -39.611 -1.693
Accel: 0.342 0.499 0.654
Gyro: 27.481 -38.131 -2.624
Accel: 0.308 0.513 0.673
Gyro: 20.553 -36.148 -4.150
Accel: 0.292 0.528 0.708
Gyro: 13.381 -32.516 -5.294
Accel: 0.296 0.532 0.747
Gyro: 7.705 -28.030 -5.844
Accel: 0.312 0.525 0.782
Gyro: 4.318 -21.362 -5.599
Accel: 0.335 0.523 0.823
Gyro: 2.563 -12.878 -4.852
Accel: 0.355 0.521 0.849
Gyro: 2.334 -4.211 -4.043
Accel: 0.375 0.522 0.857
Gyro: 2.761 3.799 -3.387
Accel: 0.389 0.533 0.861
Gyro: 3.128 11.489 -2.761
Accel: 0.399 0.545 0.854
Gyro: 3.051 18.615 -2.807
Accel: 0.408 0.552 0.842
Gyro: 1.770 23.498 -3.509
Accel: 0.427 0.556 0.833
Gyro: 0.518 26.260 -4.776
Accel: 0.457 0.555 0.828
Gyro: -2.456 27.893 -6.088
Accel: 0.486 0.552 0.824
Gyro: -3.356 28.915 -6.713
Accel: 0.505 0.535 0.817
Gyro: -3.845 29.754 -7.049
Accel: 0.516 0.515 0.802
Gyro: -4.394 29.800 -7.507
Accel: 0.531 0.502 0.787
Gyro: -5.050 29.373 -8.239
Accel: 0.542 0.495 0.773
Gyro: -6.072 27.770 -9.124
Accel: 0.547 0.485 0.758
Gyro: -7.583 25.115 -10.498
Accel: 0.543 0.479 0.749
Gyro: -9.292 21.545 -11.566
Accel: 0.529 0.465 0.746
Gyro: -11.322 16.891 -12.252
Accel: 0.518 0.459 0.755
Gyro: -12.542 12.817 -12.405
Accel: 0.508 0.458 0.766
Gyro: -12.054 10.864 -12.054
Accel: 0.491 0.457 0.770
Gyro: -10.437 10.101 -11.398
Accel: 0.470 0.454 0.770
Gyro: -8.850 9.902 -10.818
Accel: 0.450 0.449 0.758
Gyro: -7.797 10.131 -10.574
Accel: 0.436 0.444 0.750
Gyro: -7.751 9.643 -10.437
Accel: 0.436 0.449 0.746
Gyro: -7.583 8.819 -9.811
Accel: 0.437 0.450 0.741
Gyro: -6.820 8.041 -8.758
Accel: 0.442 0.447 0.741
Gyro: -5.859 7.431 -7.293
Accel: 0.443 0.437 0.740
Gyro: -5.035 6.774 -5.203
Accel: 0.448 0.428 0.739
Gyro: -4.501 6.286 -2.639
Accel: 0.452 0.423 0.740
Gyro: -4.455 6.072 0.106
Accel: 0.457 0.425 0.740
Gyro: -4.943 6.286 2.365
Accel: 0.454 0.424 0.737
Gyro: -5.905 6.286 4.211
Accel: 0.455 0.419 0.734
Gyro: -7.049 5.249 5.767
Accel: 0.457 0.419 0.731
Gyro: -7.171 2.685 6.851
Accel: 0.458 0.415 0.731
Gyro: -6.362 0.885 7.400
Accel: 0.467 0.416 0.735
Gyro: -4.180 -4.287 7.675
Accel: 0.470 0.415 0.740
Gyro: -1.556 -7.202 7.888
Accel: 0.467 0.418 0.752
Gyro: 0.762 -9.536 7.995
Accel: 0.460 0.427 0.760
Gyro: 2.395 -10.818 8.117
Accel: 0.449 0.433 0.766
Gyro: 3.097 -10.894 7.598
Accel: 0.443 0.446 0.774
Gyro: 3.494 -10.467 6.561
Accel: 0.438 0.453 0.784
Gyro: 4.150 -9.643 5.218
Accel: 0.429 0.455 0.792
Gyro: 5.325 -8.331 3.814
Accel: 0.425 0.462 0.794
Gyro: 6.072 -6.835 2.273
Accel: 0.421 0.472 0.795
Gyro: 6.103 -4.837 0.823
Accel: 0.419 0.481 0.797
Gyro: 5.111 -2.029 0.335
Accel: 0.416 0.488 0.797
Gyro: 3.479 1.266 -1.480
Accel: 0.413 0.486 0.795
Gyro: 1.037 5.020 -2.258
Accel: 0.410 0.486 0.793
Gyro: -1.846 8.483 -2.639
Accel: 0.411 0.481 0.788
Gyro: -5.371 11.077 -2.853
Accel: 0.416 0.479 0.791
Gyro: -8.773 12.557 -2.746
Accel: 0.427 0.479 0.798
Gyro: -11.398 13.671 -2.639
Accel: 0.427 0.476 0.808
Gyro: -13.366 13.824 -2.349
Accel: 0.426 0.470 0.816
Gyro: -14.663 13.549 -2.166
Accel: 0.423 0.468 0.822
Gyro: -15.274 12.710 -1.983
Accel: 0.427 0.472 0.824
Gyro: -14.938 11.764 -1.831
Accel: 0.432 0.473 0.828
Gyro: -13.946 10.864 -1.632
Accel: 0.438 0.474 0.822
Gyro: -12.664 9.445 -1.693
Accel: 0.443 0.468 0.817
Gyro: -11.825 7.110 -2.182
Accel: 0.455 0.460 0.817
Gyro: -11.215 4.165 -2.838
Accel: 0.470 0.457 0.824
Gyro: -9.994 1.266 -2.929
Accel: 0.480 0.449 0.827
Gyro: -7.766 -1.342 -2.441
Accel: 0.483 0.441 0.824
Gyro: -5.340 -3.982 -1.419
Accel: 0.486 0.438 0.823
Gyro: -3.082 -7.186 0.305
Accel: 0.492 0.448 0.823
Gyro: 0.503 -9.536 1.007
Accel: 0.490 0.450 0.823
Gyro: 2.441 -11.337 2.426
Accel: 0.484 0.449 0.819
Gyro: 5.035 -12.786 3.707
Accel: 0.475 0.448 0.811
Gyro: 6.423 -14.190 4.379
Accel: 0.476 0.451 0.805
Gyro: 6.423 -16.204 4.699
Accel: 0.481 0.458 0.807
Gyro: 6.576 -18.051 5.096
Accel: 0.489 0.460 0.815
Gyro: 7.766 -18.768 5.813
Accel: 0.484 0.455 0.816
Gyro: 9.078 -19.271 6.607
Accel: 0.472 0.446 0.814
Gyro: 10.589 -19.729 7.034
Accel: 0.460 0.442 0.804
Gyro: 12.161 -20.446 7.263
Accel: 0.447 0.440 0.796
Gyro: 13.580 -20.812 7.202
Accel: 0.434 0.439 0.791
Gyro: 14.846 -20.919 6.912
Accel: 0.420 0.438 0.788
Gyro: 15.823 -20.874 6.362
Accel: 0.406 0.437 0.781
Gyro: 16.052 -20.355 5.523
Accel: 0.392 0.436 0.780
Gyro: 15.670 -19.775 4.577
Accel: 0.391 0.443 0.779
Gyro: 15.335 -18.386 3.753
Accel: 0.390 0.448 0.777
Gyro: 14.984 -16.311 3.097
Accel: 0.387 0.453 0.773
Gyro: 13.916 -13.473 2.456
Accel: 0.385 0.458 0.767
Gyro: 7.949 -10.559 1.693
Accel: 0.381 0.463 0.761
Gyro: 9.094 -7.369 0.854
Accel: 0.379 0.466 0.757
Gyro: 5.996 -4.364 0.122
Accel: 0.378 0.463 0.752
Gyro: 3.173 -1.739 0.793
Accel: 0.379 0.458 0.748
Gyro: 0.503 0.473 -1.571
Accel: 0.391 0.461 0.750
Gyro: -1.129 0.076 -1.846
Accel: 0.410 0.470 0.750
Gyro: -1.754 0.320 -1.419
Accel: 0.416 0.475 0.749
Gyro: -1.419 0.549 0.885
Accel: 0.418 0.477 0.743
Gyro: -1.403 0.808 0.747
Accel: 0.425 0.490 0.744
Gyro: -1.541 1.358 0.717
Accel: 0.422 0.492 0.741
Gyro: -2.197 2.029 -1.113
Accel: 0.417 0.487 0.738
Gyro: -3.936 2.151 -1.876
Accel: 0.416 0.479 0.742
Gyro: -6.149 1.602 -2.532
Accel: 0.422 0.478 0.751
Gyro: -9.033 1.007 -2.838
Accel: 0.428 0.468 0.769
Gyro: -11.535 1.098 -2.746
Accel: 0.433 0.463 0.784
Gyro: -13.336 1.693 -1.922
Accel: 0.499 0.452 0.795
Gyro: -14.358 2.700 0.961
Accel: 0.442 0.450 0.804
Gyro: -14.053 3.753 0.122
Accel: 0.447 0.452 0.810
Gyro: -12.573 4.425 0.640
Accel: 0.444 0.450 0.815
Gyro: -10.742 4.577 1.266
Accel: 0.437 0.449 0.816
Gyro: -8.590 4.409 1.403
Accel: 0.431 0.452 0.814
Gyro: -6.637 3.936 1.083
Accel: 0.427 0.456 0.821
Gyro: -4.699 3.829 0.656
Accel: 0.432 0.463 0.821
Gyro: -2.838 4.379 0.106
Accel: 0.433 0.463 0.818
Gyro: -1.907 5.203 0.320
Accel: 0.435 0.462 0.813
Gyro: -1.937 6.210 0.610
Accel: 0.440 0.462 0.808
Gyro: -2.609 7.568 0.808
Accel: 0.445 0.459 0.803
Gyro: -3.265 8.911 0.747
Accel: 0.447 0.458 0.802
Gyro: -3.768 9.780 0.549
Accel: 0.446 0.453 0.794
Gyro: -4.180 9.963 0.381
Accel: 0.445 0.445 0.790
Gyro: -4.714 9.521 0.793
Accel: 0.444 0.444 0.788
Gyro: -4.501 8.728 -1.449
Accel: 0.442 0.437 0.788
Gyro: -3.646 7.629 -1.815
Accel: 0.440 0.432 0.791
Gyro: -2.227 6.317 -2.304
Accel: 0.440 0.425 0.791
Gyro: 0.518 5.249 -2.731
Accel: 0.443 0.421 0.793
Gyro: 1.388 4.318 -2.914
Accel: 0.446 0.417 0.790
Gyro: 3.997 0.030 -2.868
Accel: 0.447 0.413 0.785
Gyro: 6.500 3.387 -2.716
Accel: 0.444 0.409 0.772
Gyro: 8.193 2.349 -2.426
Accel: 0.440 0.407 0.761
Gyro: 8.377 1.144 -1.998
Accel: 0.438 0.413 0.754
Gyro: 7.858 0.289 -1.525
Accel: 0.436 0.419 0.751
Gyro: 6.881 -1.159 0.793
Accel: 0.435 0.427 0.750
Gyro: 5.889 -1.907 3.875
Accel: 0.433 0.431 0.748
Gyro: 4.730 -2.746 0.701
Accel: 0.429 0.498 0.749
Gyro: 3.204 -3.494 1.373
Accel: 0.429 0.442 0.755
Gyro: 1.739 -4.226 1.846
Accel: 0.431 0.451 0.762
Gyro: 0.701 -4.455 2.410
Accel: 0.434 0.454 0.766
Gyro: 0.198 -4.196 2.960
Accel: 0.434 0.458 0.771
Gyro: 0.045 -3.662 3.204
Accel: 0.435 0.465 0.776
Gyro: 0.030 -3.036 3.295
Accel: 0.433 0.469 0.778
Gyro: 0.488 -2.563 3.265
Accel: 0.426 0.477 0.780
Gyro: -1.358 -2.212 2.899
Accel: 0.419 0.487 0.785
Gyro: -2.243 -1.861 2.334
Accel: 0.414 0.500 0.790
Gyro: -3.128 -1.174 1.403
Accel: 0.416 0.510 0.796
Gyro: -3.982 0.381 0.198
Accel: 0.416 0.515 0.805
Gyro: -4.989 0.778 -1.144
Accel: 0.422 0.518 0.815
Gyro: -6.057 2.334 -2.899
Accel: 0.434 0.517 0.827
Gyro: -6.774 7.781 -4.074
Accel: 0.446 0.504 0.833
Gyro: -7.141 5.111 -4.745
Accel: 0.447 0.482 0.835
Gyro: -7.598 5.676 -5.233
Accel: 0.455 0.462 0.835
Gyro: -8.102 5.065 -5.294
Accel: 0.463 0.441 0.840
Gyro: -8.209 3.631 -5.325
Accel: 0.465 0.420 0.845
Gyro: -6.866 1.586 -5.340
Accel: 0.461 0.401 0.852
Gyro: -4.592 0.732 -5.386
Accel: 0.463 0.390 0.857
Gyro: 0.762 -2.487 -5.432
Accel: 0.463 0.384 0.856
Gyro: 3.936 -3.784 -5.432
Accel: 0.467 0.383 0.851
Gyro: 9.582 -4.058 -5.218
Accel: 0.468 0.387 0.835
Gyro: 14.739 -3.936 -4.989
Accel: 0.469 0.393 0.814
Gyro: 18.356 -3.417 -4.699
Accel: 0.474 0.406 0.791
Gyro: 20.584 -2.517 -4.364
Accel: 0.478 0.414 0.767
Gyro: 21.224 -1.983 -4.180
Accel: 0.478 0.420 0.687
Gyro: 20.385 -1.724 -3.890
Accel: 0.476 0.427 0.728
Gyro: 18.936 -1.907 -3.494
Accel: 0.471 0.432 0.714
Gyro: 16.464 -2.319 -2.960
Accel: 0.463 0.442 0.703
Gyro: 13.717 -2.731 -1.937
Accel: 0.455 0.451 0.698
Gyro: 10.925 -2.868 0.961
Accel: 0.447 0.462 0.693
Gyro: 8.239 -3.250 0.091
Accel: 0.439 0.469 0.693
Gyro: 5.737 -3.326 0.946
Accel: 0.436 0.481 0.694
Gyro: 3.173 -3.082 1.770
Accel: 0.435 0.491 0.700
Gyro: 0.839 -2.700 2.502
Accel: 0.436 0.500 0.708
Gyro: 0.930 -1.617 2.822
Accel: 0.434 0.506 0.719
Gyro: -2.868 0.122 2.746
Accel: 0.431 0.509 0.736
Gyro: -4.455 1.525 2.456
Accel: 0.431 0.508 0.750
Gyro: -5.401 3.356 2.120
Accel: 0.433 0.506 0.765
Gyro: -5.859 5.203 1.770
Accel: 0.433 0.493 0.778
Gyro: -6.088 6.973 1.678
Accel: 0.433 0.479 0.788
Gyro: -6.500 8.041 1.617
Accel: 0.434 0.466 0.798
Gyro: -6.744 9.262 1.419
Accel: 0.441 0.455 0.805
Gyro: -6.988 10.269 1.251
Accel: 0.446 0.443 0.874
Gyro: -6.927 10.208 0.808
Accel: 0.454 0.436 0.819
Gyro: -6.484 9.857 0.518
Accel: 0.464 0.433 0.821
Gyro: -5.310 9.094 0.411
Accel: 0.472 0.430 0.821
Gyro: -3.143 7.858 0.427
Accel: 0.472 0.426 0.816
Gyro: 0.747 6.210 0.259
Accel: 0.471 0.426 0.750
Gyro: 1.770 4.440 -3.890
Accel: 0.466 0.425 0.808
Gyro: 3.997 2.777 0.640
Accel: 0.458 0.426 0.800
Gyro: 6.088 1.220 -1.525
Accel: 0.454 0.430 0.795
Gyro: 7.812 0.289 -2.563
Accel: 0.455 0.436 0.789
Gyro: 9.567 -1.663 -3.433
Accel: 0.454 0.442 0.784
Gyro: 11.108 -2.761 -3.967
Accel: 0.456 0.448 0.773
Gyro: 12.283 -3.662 -4.043
Accel: 0.454 0.449 0.764
Gyro: 12.878 -4.043 0.030
Accel: 0.450 0.450 0.753
Gyro: 12.145 -3.906 -3.662
Accel: 0.449 0.453 0.745
Gyro: 10.726 -3.204 -3.250
Accel: 0.452 0.452 0.737
Gyro: 8.407 -1.968 -2.792
Accel: 0.457 0.456 0.730
Gyro: 5.950 0.442 -1.968
Accel: 0.461 0.463 0.729
Gyro: 4.058 0.793 -1.235
Accel: 0.470 0.472 0.729
Gyro: 2.441 1.953 0.244
Accel: 0.477 0.473 0.736
Gyro: 0.762 3.341 0.671
Accel: 0.474 0.476 0.734
Gyro: 0.473 3.906 1.998
Accel: 0.470 0.474 0.735
Gyro: -1.586 4.669 3.067
Accel: 0.463 0.469 0.735
Gyro: -2.761 4.867 4.028
Accel: 0.457 0.465 0.740
Gyro: -3.448 4.425 4.516
Accel: 0.449 0.464 0.741
Gyro: -3.494 3.234 4.821
Accel: 0.443 0.464 0.743
Gyro: -2.944 1.617 4.730
Accel: 0.441 0.465 0.743
Gyro: -1.953 0.091 4.455
Accel: 0.435 0.459 0.743
Gyro: 0.915 -1.785 0.061
Accel: 0.433 0.458 0.747
Gyro: 0.106 -3.173 3.479
Accel: 0.433 0.457 0.749
Gyro: 0.717 -3.585 3.036
Accel: 0.430 0.455 0.752
Gyro: 0.946 -3.189 2.746
Accel: 0.431 0.459 0.755
Gyro: 0.610 -1.754 2.700
Accel: 0.434 0.462 0.757
Gyro: 0.152 0.396 2.609
Accel: 0.437 0.461 0.755
Gyro: -1.449 2.761 2.273
Accel: 0.446 0.461 0.753
Gyro: -2.838 4.653 2.273
Accel: 0.459 0.456 0.750
Gyro: -4.364 5.599 2.151
Accel: 0.468 0.450 0.748
Gyro: -5.661 5.920 2.258
Accel: 0.472 0.447 0.752
Gyro: -6.759 5.508 2.105
Accel: 0.477 0.444 0.757
Gyro: -7.110 4.226 1.998
Accel: 0.473 0.442 0.763
Gyro: -6.805 3.051 1.754
Accel: 0.469 0.450 0.770
Gyro: -5.828 1.953 1.571
Accel: 0.465 0.452 0.773
Gyro: -4.562 1.052 1.434
Accel: 0.458 0.455 0.773
Gyro: -3.341 0.396 1.266
Accel: 0.454 0.462 0.772
Gyro: -2.609 0.549 1.296
Accel: 0.453 0.465 0.773
Gyro: -2.273 -1.251 1.266
Accel: 0.454 0.470 0.772
Gyro: -1.998 -1.861 1.281
Accel: 0.454 0.471 0.773
Gyro: -2.151 -2.273 1.296
Accel: 0.454 0.472 0.777
Gyro: -2.136 -2.517 1.434
Accel: 0.457 0.475 0.781
Gyro: -2.319 -2.334 1.663
Accel: 0.458 0.477 0.784
Gyro: -2.624 -1.724 1.907
Accel: 0.459 0.474 0.784
Gyro: -2.899 -1.022 2.090
Accel: 0.463 0.474 0.793
Gyro: -3.005 0.244 2.151
Accel: 0.463 0.474 0.793
Gyro: -3.036 0.534 2.197
Accel: 0.468 0.469 0.794
Gyro: -2.426 1.068 2.059
Accel: 0.468 0.467 0.793
Gyro: -1.266 1.007 1.968
Accel: 0.472 0.463 0.791
Gyro: 0.091 0.595 1.907
Accel: 0.474 0.464 0.788
Gyro: 1.296 0.152 1.739
Accel: 0.477 0.465 0.783
Gyro: 2.655 0.396 1.541
Accel: 0.476 0.464 0.781
Gyro: 3.585 0.823 1.220
Accel: 0.477 0.465 0.775
Gyro: 4.028 -1.525 0.930
Accel: 0.475 0.465 0.771
Gyro: 4.455 -2.288 0.579
Accel: 0.473 0.463 0.771
Gyro: 4.714 -2.868 0.137
Accel: 0.471 0.462 0.770
Gyro: 5.493 -3.128 0.122
Accel: 0.470 0.460 0.765
Gyro: 6.164 -3.143 0.183
Accel: 0.463 0.456 0.758
Gyro: 6.546 -2.944 0.137
Accel: 0.456 0.458 0.754
Gyro: 6.027 -2.563 0.122
Accel: 0.452 0.463 0.748
Gyro: 5.111 -2.151 0.106
Accel: 0.449 0.463 0.747
Gyro: 3.738 -1.663 0.198
Accel: 0.451 0.465 0.746
Gyro: 2.365 0.930 0.106
Accel: 0.449 0.464 0.745
Gyro: 1.007 0.488 0.137
Accel: 0.450 0.462 0.748
Gyro: 0.015 0.335 0.030
Accel: 0.449 0.458 0.751
Gyro: -1.113 0.274 0.030
Accel: 0.448 0.459 0.753
Gyro: -1.846 0.274 0.106
Accel: 0.450 0.460 0.754
Gyro: -2.166 0.305 0.061
Accel: 0.450 0.459 0.754
Gyro: -2.243 0.015 0.061
Accel: 0.450 0.457 0.751
Gyro: -2.380 0.228 0.167
Accel: 0.447 0.455 0.751
Gyro: -2.975 0.747 0.015
Accel: 0.452 0.458 0.755
Gyro: -3.692 1.403 0.183
Accel: 0.454 0.462 0.758
Gyro: -3.707 2.166 0.228
Accel: 0.454 0.467 0.759
Gyro: -3.799 3.372 0.549
Accel: 0.457 0.472 0.758
Gyro: -3.601 4.562 0.686
Accel: 0.462 0.479 0.756
Gyro: -3.356 5.722 0.686
Accel: 0.468 0.482 0.756
Gyro: -3.356 6.774 0.930
Accel: 0.474 0.482 0.753
Gyro: -3.707 7.293 1.312
Accel: 0.485 0.479 0.750
Gyro: -4.699 7.217 1.708
Accel: 0.491 0.476 0.752
Gyro: -5.798 6.759 2.227
Accel: 0.496 0.470 0.756
Gyro: -6.896 5.981 2.700
Accel: 0.496 0.467 0.758
Gyro: -7.949 4.989 3.128
Accel: 0.497 0.462 0.764
Gyro: -8.590 3.784 3.158
Accel: 0.496 0.455 0.771
Gyro: -9.124 2.365 3.128
Accel: 0.490 0.451 0.778
Gyro: -8.926 1.144 3.067
Accel: 0.484 0.449 0.786
Gyro: -7.797 0.045 2.990
Accel: 0.476 0.447 0.793
Gyro: -6.057 0.885 2.777
Accel: 0.469 0.449 0.799
Gyro: -3.784 -1.312 2.532
Accel: 0.465 0.453 0.799
Gyro: -1.449 -1.647 2.197
Accel: 0.463 0.455 0.796
Gyro: 0.686 -1.785 1.571
Accel: 0.460 0.455 0.792
Gyro: 1.937 -1.785 1.037
Accel: 0.455 0.454 0.785
Gyro: 2.868 -1.464 0.518
Accel: 0.454 0.455 0.779
Gyro: 3.234 -1.113 0.015
Accel: 0.450 0.450 0.776
Gyro: 2.716 0.549 0.305
Accel: 0.449 0.445 0.771
Gyro: 1.617 0.198 0.640
Accel: 0.449 0.444 0.772
Gyro: 0.396 0.183 0.656
Accel: 0.451 0.443 0.772
Gyro: 0.350 0.457 0.534
Accel: 0.452 0.445 0.771
Gyro: 0.793 0.900 0.442
Accel: 0.452 0.450 0.768
Gyro: 0.869 0.839 0.366
Accel: 0.452 0.456 0.763
Gyro: 0.839 0.686 0.213
Accel: 0.455 0.460 0.762
Gyro: 0.747 0.427 0.015
Accel: 0.458 0.460 0.761
Gyro: 0.823 0.030 0.289
Accel: 0.460 0.456 0.762
Gyro: 0.991 0.411 0.503
Accel: 0.461 0.452 0.763
Gyro: -1.556 0.900 0.778
Accel: 0.466 0.451 0.762
Gyro: -2.166 -1.495 1.068
Accel: 0.468 0.452 0.764
Gyro: -2.777 -1.922 1.159
Accel: 0.467 0.450 0.766
Gyro: -3.265 -2.075 1.281
Accel: 0.468 0.448 0.767
Gyro: -3.875 -2.395 1.190
Accel: 0.467 0.446 0.770
Gyro: -4.272 -2.868 1.007
Accel: 0.468 0.446 0.773
Gyro: -4.196 -3.494 0.823
Accel: 0.467 0.445 0.779
Gyro: -3.540 -3.662 0.946
Accel: 0.464 0.445 0.781
Gyro: -2.349 -3.982 1.129
Accel: 0.464 0.449 0.781
Gyro: -1.098 -3.997 1.388
Accel: 0.461 0.452 0.776
Gyro: 3.799 -3.814 1.632
Accel: 0.465 0.456 0.770
Gyro: 0.762 -3.311 2.105
Accel: 0.463 0.457 0.762
Gyro: 1.022 -2.548 2.410
Accel: 0.459 0.455 0.755
Gyro: 0.366 -1.358 2.517
Accel: 0.457 0.455 0.750
Gyro: 0.823 0.091 2.593
Accel: 0.456 0.454 0.742
Gyro: -2.410 1.068 2.395
Accel: 0.457 0.453 0.739
Gyro: -4.440 2.166 2.334
Accel: 0.459 0.452 0.736
Gyro: -6.591 3.173 2.090
Accel: 0.460 0.452 0.736
Gyro: -8.468 4.287 2.059
Accel: 0.463 0.450 0.734
Gyro: -9.948 5.477 1.754
Accel: 0.467 0.445 0.738
Gyro: -10.864 6.484 1.266
Accel: 0.467 0.436 0.740
Gyro: -11.383 7.568 0.778
Accel: 0.466 0.431 0.742
Gyro: -11.444 8.300 0.427
Accel: 0.467 0.427 0.745
Gyro: -11.505 8.560 0.076
Accel: 0.468 0.427 0.811
Gyro: -11.611 8.834 0.534
Accel: 0.473 0.422 0.757
Gyro: -11.489 8.850 0.717
Accel: 0.474 0.416 0.764
Gyro: -11.459 8.224 0.564
Accel: 0.474 0.409 0.774
Gyro: -11.413 7.736 0.579
Accel: 0.480 0.409 0.785
Gyro: -11.093 6.942 0.473
Accel: 0.487 0.413 0.792
Gyro: -10.223 6.317 0.259
Accel: 0.493 0.418 0.795
Gyro: -8.758 5.889 0.274
Accel: 0.490 0.422 0.795
Gyro: -7.507 5.538 0.686
Accel: 0.485 0.426 0.795
Gyro: -6.362 5.203 0.808
Accel: 0.481 0.430 0.795
Gyro: -5.676 4.653 0.823
Accel: 0.480 0.428 0.796
Gyro: -5.828 4.226 0.885
Accel: 0.477 0.427 0.800
Gyro: -5.813 3.753 0.900
Accel: 0.475 0.429 0.801
Gyro: -5.813 2.990 1.113
Accel: 0.472 0.434 0.803
Gyro: -5.615 2.120 1.480
Accel: 0.469 0.438 0.806
Gyro: -4.760 1.419 1.296
Accel: 0.470 0.440 0.808
Gyro: -3.555 0.930 1.251
Accel: 0.468 0.434 0.806
Gyro: -1.968 0.274 1.129
Accel: 0.467 0.428 0.807
Gyro: 0.411 0.259 0.808
Accel: 0.471 0.422 0.806
Gyro: 0.762 0.640 0.793
Accel: 0.474 0.413 0.805
Gyro: 1.892 -1.174 0.839
Accel: 0.472 0.407 0.801
Gyro: 2.593 -1.647 0.869
Accel: 0.470 0.403 0.799
Gyro: 3.067 -2.319 0.503
Accel: 0.467 0.399 0.796
Gyro: 3.265 -2.868 0.152
Accel: 0.470 0.401 0.795
Gyro: 3.753 -3.570 0.305
Accel: 0.470 0.402 0.792
Gyro: 4.333 -3.738 0.747
Accel: 0.473 0.403 0.790
Gyro: 5.081 -3.585 -1.205
Accel: 0.476 0.407 0.786
Gyro: 6.134 -3.524 -1.449
Accel: 0.476 0.414 0.780
Gyro: 7.705 -3.295 -1.800
Accel: 0.477 0.420 0.774
Gyro: 9.170 -2.761 -1.785
Accel: 0.478 0.427 0.764
Gyro: 9.933 -2.166 -1.861
Accel: 0.476 0.430 0.756
Gyro: 10.131 -1.525 -1.754
Accel: 0.474 0.438 0.745
Gyro: 9.719 0.686 -1.632
Accel: 0.475 0.444 0.739
Gyro: 8.666 0.122 -1.586
Accel: 0.473 0.450 0.735
Gyro: 6.637 0.213 -1.541
Accel: 0.474 0.449 0.735
Gyro: 4.241 0.183 -1.510
Accel: 0.479 0.449 0.738
Gyro: 1.998 0.106 -1.312
Accel: 0.484 0.447 0.741
Gyro: 0.350 0.259 -1.235
Accel: 0.489 0.443 0.750
Gyro: -1.144 0.106 -1.281
Accel: 0.489 0.438 0.759
Gyro: -2.319 0.183 -1.266
Accel: 0.489 0.429 0.771
Gyro: -3.280 0.610 -1.266
Accel: 0.487 0.429 0.779
Gyro: -3.585 0.869 -1.373
Accel: 0.488 0.425 0.786
Gyro: -2.899 -1.068 -1.525
Accel: 0.486 0.424 0.791
Gyro: -1.770 -1.205 -1.464
Accel: 0.483 0.427 0.796
Gyro: 0.305 -1.190 -1.434
Accel: 0.480 0.429 0.797
Gyro: 1.190 -1.281 -1.449
Accel: 0.479 0.427 0.791
Gyro: 2.807 -1.235 -1.495
Accel: 0.477 0.428 0.787
Gyro: 4.135 -1.510 -1.586
Accel: 0.476 0.427 0.782
Gyro: 4.684 -1.892 -1.586
Accel: 0.475 0.426 0.775
Gyro: 4.745 -2.166 -1.556
Accel: 0.477 0.426 0.772
Gyro: 4.501 -2.319 -1.632
Accel: 0.479 0.429 0.772
Gyro: 4.089 -2.517 -1.403
