Accel: 0.389 0.641 0.715
Gyro: -24.063 1.220 -2.456
Accel: 0.393 0.652 0.725
Gyro: -28.472 4.776 -3.356
Accel: 0.392 0.657 0.729
Gyro: -32.302 8.712 -4.928
Accel: 0.384 0.653 0.729
Gyro: -35.140 13.046 -6.881
Accel: 0.375 0.645 0.729
Gyro: -37.002 16.586 -8.651
Accel: 0.373 0.634 0.728
Gyro: -38.619 19.256 -10.391
Accel: 0.363 0.623 0.723
Gyro: -39.581 21.209 -11.825
Accel: 0.345 0.612 0.710
Gyro: -40.008 23.086 -12.680
Accel: 0.325 0.604 0.695
Gyro: -40.695 23.773 -12.649
Accel: 0.318 0.587 0.687
Gyro: -42.388 21.377 -11.474
Accel: 0.313 0.573 0.696
Gyro: -43.350 15.701 -9.704
Accel: 0.299 0.568 0.712
Gyro: -41.580 8.789 -8.453
Accel: 0.285 0.562 0.732
Gyro: -36.163 2.426 -3.952
Accel: 0.277 0.556 0.743
Gyro: -28.640 -2.868 -7.369
Accel: 0.271 0.548 0.744
Gyro: -21.133 -11.428 -6.225
Accel: 0.279 0.540 0.744
Gyro: -16.189 -13.458 0.183
Accel: 0.297 0.535 0.754
Gyro: -7.904 -19.012 -1.647
Accel: 0.320 0.539 0.773
Gyro: -4.089 -21.987 0.579
Accel: 0.334 0.561 0.792
Gyro: -4.989 -21.179 0.717
Accel: 0.334 0.573 0.789
Gyro: -2.014 -18.249 -1.037
Accel: 0.335 0.582 0.785
Gyro: 0.015 -15.472 -1.083
Accel: 0.344 0.587 0.783
Gyro: 0.137 -13.107 0.961
Accel: 0.347 0.598 0.781
Gyro: -1.617 -10.284 -1.052
Accel: 0.342 0.606 0.780
Gyro: -3.936 -7.461 -1.571
Accel: 0.337 0.607 0.773
Gyro: -6.317 -3.860 -2.075
Accel: 0.334 0.604 0.769
Gyro: -8.728 0.503 -2.288
Accel: 0.331 0.602 0.765
Gyro: -11.886 1.754 -2.105
Accel: 0.334 0.604 0.762
Gyro: -14.953 3.417 -2.120
Accel: 0.327 0.609 0.762
Gyro: -17.990 5.599 -2.716
Accel: 0.321 0.607 0.764
Gyro: -20.874 11.581 -3.402
Accel: 0.319 0.601 0.761
Gyro: -27.313 10.284 -3.646
Accel: 0.312 0.593 0.759
Gyro: -26.031 12.603 -3.540
Accel: 0.308 0.590 0.758
Gyro: -28.656 14.419 -3.112
Accel: 0.302 0.588 0.762
Gyro: -31.433 15.975 -2.853
Accel: 0.301 0.584 0.771
Gyro: -33.828 17.532 -2.380
Accel: 0.299 0.574 0.776
Gyro: -35.461 18.569 -1.876
Accel: 0.297 0.569 0.783
Gyro: -36.132 18.936 -1.419
Accel: 0.299 0.568 0.793
Gyro: -36.392 18.295 -1.586
Accel: 0.293 0.565 0.803
Gyro: -35.781 17.593 -2.319
Accel: 0.287 0.557 0.874
Gyro: -33.935 17.364 -3.189
Accel: 0.280 0.549 0.815
Gyro: -27.572 16.387 -3.768
Accel: 0.282 0.539 0.821
Gyro: -29.495 13.870 -3.829
Accel: 0.278 0.531 0.832
Gyro: -26.977 11.459 -3.829
Accel: 0.266 0.524 0.845
Gyro: -22.827 9.735 -4.165
Accel: 0.255 0.514 0.850
Gyro: -17.120 9.063 -3.982
Accel: 0.245 0.503 0.848
Gyro: -11.672 8.377 -3.173
Accel: 0.243 0.496 0.837
Gyro: -7.064 6.027 -1.098
Accel: 0.254 0.490 0.830
Gyro: -4.837 1.876 1.602
Accel: 0.253 0.492 0.837
Gyro: -2.822 -1.907 3.601
Accel: 0.249 0.497 0.846
Gyro: 0.473 -4.180 4.577
Accel: 0.244 0.495 0.845
Gyro: 5.218 -4.501 4.852
Accel: 0.241 0.488 0.835
Gyro: 9.887 -4.486 5.020
Accel: 0.234 0.480 0.818
Gyro: 13.854 -4.257 5.813
Accel: 0.242 0.472 0.804
Gyro: 15.563 -5.249 7.659
Accel: 0.259 0.470 0.795
Gyro: 15.075 -8.026 10.025
Accel: 0.266 0.475 0.797
Gyro: 14.175 -9.826 12.023
Accel: 0.262 0.489 0.799
Gyro: 13.870 -10.604 13.061
Accel: 0.270 0.497 0.803
Gyro: 13.381 -10.192 13.397
Accel: 0.281 0.501 0.805
Gyro: 12.878 -9.475 13.168
Accel: 0.289 0.504 0.807
Gyro: 12.573 -8.071 12.939
Accel: 0.296 0.505 0.808
Gyro: 12.191 -6.240 12.588
Accel: 0.301 0.506 0.802
Gyro: 11.184 -4.455 12.176
Accel: 0.302 0.510 0.795
Gyro: 9.552 -2.838 11.657
Accel: 0.304 0.515 0.791
Gyro: 7.217 -1.556 11.154
Accel: 0.304 0.523 0.791
Gyro: 4.516 0.030 10.620
Accel: 0.303 0.526 0.792
Gyro: 2.105 1.907 10.253
Accel: 0.299 0.528 0.790
Gyro: 0.305 3.860 9.780
Accel: 0.300 0.528 0.790
Gyro: -2.746 5.218 9.414
Accel: 0.308 0.529 0.794
Gyro: -5.279 5.355 9.307
Accel: 0.307 0.531 0.801
Gyro: -7.461 5.966 9.307
Accel: 0.301 0.532 0.805
Gyro: -8.514 7.186 9.353
Accel: 0.294 0.532 0.805
Gyro: -8.773 8.422 9.201
Accel: 0.288 0.528 0.799
Gyro: -9.033 9.765 9.155
Accel: 0.292 0.520 0.799
Gyro: -9.429 9.429 9.506
Accel: 0.299 0.522 0.809
Gyro: -10.864 7.324 10.284
Accel: 0.301 0.523 0.823
Gyro: -11.322 5.279 11.154
Accel: 0.298 0.522 0.839
Gyro: -9.887 4.394 11.657
Accel: 0.295 0.520 0.846
Gyro: -7.232 4.806 11.947
Accel: 0.290 0.519 0.845
Gyro: -4.348 5.752 12.237
Accel: 0.287 0.512 0.841
Gyro: -2.746 6.286 13.092
Accel: 0.287 0.506 0.836
Gyro: -2.319 6.881 14.465
Accel: 0.286 0.501 0.832
Gyro: -2.288 7.553 16.311
Accel: 0.285 0.500 0.827
Gyro: -2.670 8.560 17.974
Accel: 0.284 0.503 0.825
Gyro: -7.736 9.216 19.851
Accel: 0.283 0.499 0.821
Gyro: -5.767 9.780 21.896
Accel: 0.277 0.495 0.820
Gyro: -7.354 10.284 24.185
Accel: 0.288 0.488 0.825
Gyro: -8.743 10.620 26.336
Accel: 0.302 0.487 0.833
Gyro: -9.246 11.154 26.962
Accel: 0.303 0.495 0.840
Gyro: -9.246 12.802 26.519
Accel: 0.304 0.497 0.841
Gyro: -8.712 14.511 25.497
Accel: 0.301 0.496 0.836
Gyro: -8.499 16.998 24.215
Accel: 0.300 0.493 0.828
Gyro: -9.674 18.661 23.620
Accel: 0.306 0.487 0.821
Gyro: -12.435 19.332 23.300
Accel: 0.301 0.483 0.814
Gyro: -15.701 20.507 23.239
Accel: 0.291 0.479 0.811
Gyro: -19.256 22.186 23.452
Accel: 0.292 0.471 0.809
Gyro: -23.437 23.590 23.757
Accel: 0.291 0.463 0.811
Gyro: -28.244 24.734 24.536
Accel: 0.282 0.455 0.811
Gyro: -32.440 26.870 25.756
Accel: 0.275 0.445 0.813
Gyro: -35.232 29.281 27.130
Accel: 0.274 0.433 0.817
Gyro: -37.536 31.921 28.213
Accel: 0.283 0.425 0.825
Gyro: -39.886 34.271 29.037
Accel: 0.288 0.419 0.824
Gyro: -42.480 36.224 29.281
Accel: 0.283 0.415 0.823
Gyro: -45.211 38.146 29.098
Accel: 0.273 0.415 0.820
Gyro: -47.668 39.825 28.198
Accel: 0.274 0.406 0.820
Gyro: -50.399 40.603 26.626
Accel: 0.275 0.396 0.819
Gyro: -53.482 40.451 25.070
Accel: 0.275 0.386 0.818
Gyro: -56.396 40.023 23.895
Accel: 0.272 0.376 0.818
Gyro: -59.432 39.321 22.827
Accel: 0.273 0.367 0.823
Gyro: -62.805 37.841 21.926
Accel: 0.282 0.363 0.833
Gyro: -66.513 36.0010 20.614
Accel: 0.284 0.358 0.846
Gyro: -69.793 34.790 18.630
Accel: 0.279 0.352 0.861
Gyro: -71.731 34.179 16.494
Accel: 0.278 0.336 0.880
Gyro: -72.860 33.462 14.129
Accel: 0.276 0.316 0.891
Gyro: -72.998 32.379 12.542
Accel: 0.272 0.304 0.903
Gyro: -72.265 31.555 11.840
Accel: 0.271 0.289 0.912
Gyro: -70.709 30.426 11.383
Accel: 0.268 0.278 0.916
Gyro: -68.878 28.854 10.833
Accel: 0.259 0.269 0.918
Gyro: -66.635 26.824 9.796
Accel: 0.249 0.259 0.916
Gyro: -63.842 24.215 8.529
Accel: 0.250 0.242 0.910
Gyro: -61.538 20.050 7.400
Accel: 0.244 0.227 0.907
Gyro: -59.646 15.090 6.423
Accel: 0.238 0.212 0.911
Gyro: -57.769 4.318 5.981
Accel: 0.241 0.197 0.922
Gyro: -55.389 1.022 5.874
Accel: 0.246 0.184 0.933
Gyro: -52.139 -4.913 6.027
Accel: 0.255 0.173 0.944
Gyro: -47.653 -9.658 6.179
Accel: 0.261 0.169 0.949
Gyro: -43.106 -13.519 5.752
Accel: 0.264 0.169 0.955
Gyro: -38.696 -16.952 4.928
Accel: 0.262 0.168 0.957
Gyro: -34.851 -19.241 3.173
Accel: 0.260 0.163 0.960
Gyro: -31.372 -21.209 1.434
Accel: 0.055 0.038 0.836
Gyro: -14.251 3.692 17.517
Accel: 0.012 0.090 0.823
Gyro: -16.799 1.251 16.418
Accel: 0.048 0.049 0.889
Gyro: -18.981 2.532 17.745
Accel: 0.033 0.023 0.978
Gyro: -19.714 5.035 22.369
Accel: 0.031 0.011 0.972
Gyro: -19.714 8.422 26.458
Accel: 0.057 0.028 0.980
Gyro: -20.965 10.299 25.604
Accel: 0.075 0.098 0.895
Gyro: -23.773 6.484 27.679
Accel: 0.056 0.041 0.985
Gyro: -25.955 0.534 24.169
Accel: 0.057 0.017 0.973
Gyro: -31.097 -1.129 19.180
Accel: 0.053 0.032 0.991
Gyro: -27.587 -3.219 14.862
Accel: 0.049 0.020 0.965
Gyro: -28.915 -7.217 11.093
Accel: 0.056 0.006 1.017
Gyro: -35.095 -8.895 7.598
Accel: 0.052 0.004 1.052
Gyro: -34.194 -8.300 4.959
Accel: 0.056 0.015 1.063
Gyro: -37.628 -8.300 4.165
Accel: 0.031 0.021 1.106
Gyro: -38.940 -7.034 3.448
Accel: 0.009 0.0000 1.171
Gyro: -37.551 -5.493 1.937
Accel: 0.0010 0.017 1.146
Gyro: -34.561 3.494 3.250
Accel: 0.034 0.037 1.134
Gyro: -31.188 1.602 5.142
Accel: 0.060 0.058 1.120
Gyro: -27.221 3.723 6.210
Accel: 0.076 0.123 1.146
Gyro: -23.284 7.553 6.134
Accel: 0.084 0.057 1.155
Gyro: -18.676 10.223 6.317
Accel: 0.096 0.045 1.147
Gyro: -13.183 10.635 8.392
Accel: 0.091 0.034 1.117
Gyro: -6.973 8.850 11.123
Accel: 0.082 0.029 1.093
Gyro: 0.747 5.554 13.427
Accel: 0.065 0.027 1.078
Gyro: 5.203 2.014 15.121
Accel: 0.041 0.0010 1.092
Gyro: 15.136 0.335 14.297
Accel: 0.062 0.0001 1.089
Gyro: 17.593 -1.907 14.190
Accel: 0.088 0.013 1.054
Gyro: 20.675 1.434 13.305
Accel: 0.056 0.031 1.023
Gyro: 21.865 2.731 13.015
Accel: 0.034 0.052 1.0001
Gyro: 24.826 0.137 12.939
Accel: 0.054 0.062 1.013
Gyro: 23.269 0.457 12.985
Accel: 0.073 0.073 0.997
Gyro: 17.807 0.152 12.176
Accel: 0.073 0.072 0.979
Gyro: 14.343 0.259 11.260
Accel: 0.068 0.076 0.986
Gyro: 11.047 1.525 11.795
Accel: 0.002 0.081 0.989
Gyro: 8.804 3.906 11.123
Accel: 0.063 0.085 1.0000
Gyro: 8.193 8.621 9.185
Accel: 0.086 0.104 1.005
Gyro: 9.368 16.265 7.171
Accel: 0.084 0.106 1.013
Gyro: 11.062 22.201 4.440
Accel: 0.059 0.109 1.027
Gyro: 10.986 26.321 2.426
Accel: 0.020 0.089 1.070
Gyro: 7.324 27.862 0.839
Accel: 0.016 0.070 1.105
Gyro: 3.036 29.174 0.610
Accel: 0.033 0.061 1.146
Gyro: 0.381 29.647 -1.953
Accel: 0.028 0.046 1.188
Gyro: 1.968 30.670 -2.670
Accel: 0.020 0.042 1.228
Gyro: 8.361 32.714 -3.051
Accel: 0.013 0.036 1.255
Gyro: 17.471 35.568 -4.043
Accel: 0.021 0.044 1.260
Gyro: 25.192 37.841 -5.050
Accel: 0.049 0.067 1.260
Gyro: 28.823 37.704 -5.996
Accel: 0.086 0.101 1.250
Gyro: 28.930 34.027 -6.515
Accel: 0.113 0.104 1.279
Gyro: 27.084 26.718 -6.652
Accel: 0.126 0.089 1.339
Gyro: 19.760 18.615 -5.340
Accel: 0.131 0.084 1.409
Gyro: 21.301 12.039 -3.952
Accel: 0.138 0.093 1.464
Gyro: 24.902 7.293 -2.532
Accel: 0.131 0.099 1.479
Gyro: 34.317 3.341 -1.693
Accel: 0.127 0.089 1.464
Gyro: 46.676 1.434 0.534
Accel: 0.118 0.091 1.408
Gyro: 59.997 0.823 1.205
Accel: 0.107 0.086 1.351
Gyro: 70.648 1.403 3.585
Accel: 0.104 0.079 1.280
Gyro: 76.629 3.234 5.554
Accel: 0.103 0.083 1.208
Gyro: 80.718 5.172 7.186
Accel: 0.099 0.083 1.147
Gyro: 81.954 6.866 8.453
Accel: 0.095 0.088 1.090
Gyro: 79.772 7.904 9.048
Accel: 0.097 0.096 1.036
Gyro: 77.087 8.316 9.445
Accel: 0.091 0.106 0.989
Gyro: 75.256 8.193 9.735
Accel: 0.083 0.113 0.946
Gyro: 74.325 8.026 9.994
Accel: 0.087 0.111 0.912
Gyro: 73.196 8.209 10.803
Accel: 0.095 0.110 0.878
Gyro: 70.922 10.314 12.512
Accel: 0.096 0.117 0.847
Gyro: 62.515 14.617 13.595
Accel: 0.072 0.113 0.819
Gyro: 60.943 17.318 13.107
Accel: 0.083 0.135 0.792
Gyro: 54.168 18.524 14.129
Accel: 0.087 0.131 0.776
Gyro: 46.051 19.439 15.090
Accel: 0.066 0.130 0.755
Gyro: 39.566 20.111 15.243
Accel: 0.053 0.142 0.743
Gyro: 35.034 20.095 15.213
Accel: 0.059 0.152 0.725
Gyro: 31.753 20.736 15.426
Accel: 0.060 0.147 0.700
Gyro: 29.113 20.690 15.884
Accel: 0.071 0.140 0.679
Gyro: 24.887 19.500 15.945
Accel: 0.078 0.150 0.672
Gyro: 19.180 15.655 15.609
Accel: 0.080 0.147 0.647
Gyro: 14.617 11.444 15.258
Accel: 0.067 0.136 0.658
Gyro: 13.488 6.973 14.358
Accel: 0.056 0.140 0.656
Gyro: 13.916 3.540 13.015
Accel: 0.062 0.130 0.635
Gyro: 15.655 -3.555 7.812
Accel: 0.065 0.147 0.601
Gyro: 16.555 -3.524 11.489
Accel: 0.048 0.188 0.528
Gyro: 15.380 -9.002 10.833
Accel: 0.050 0.203 0.479
Gyro: 10.391 -15.686 10.421
Accel: 0.044 0.174 0.440
Gyro: 0.930 -25.268 9.429
Accel: 0.052 0.203 0.400
Gyro: -10.772 -31.784 11.596
Accel: 0.051 0.179 0.381
Gyro: -20.477 -36.361 11.550
Accel: 0.030 0.074 0.372
Gyro: -29.357 -40.695 11.123
Accel: 0.013 0.142 0.369
Gyro: -36.819 -47.805 9.979
Accel: 0.019 0.175 0.303
Gyro: -41.778 -58.227 5.645
Accel: 0.020 0.163 0.189
Gyro: -47.225 -59.432 -1.770
Accel: 0.036 0.203 0.139
Gyro: -52.825 -67.062 -6.805
Accel: 0.035 0.186 0.042
Gyro: -61.264 -78.018 -10.726
Accel: 0.014 0.157 0.078
Gyro: -75.729 -90.148 -14.694
Accel: 0.015 0.151 0.203
Gyro: -93.444 -101.821 -23.071
Accel: 0.004 0.106 0.260
Gyro: -111.022 -111.358 -22.918
Accel: 0.025 0.008 0.325
Gyro: -124.816 -114.334 -27.389
Accel: 0.009 0.095 0.286
Gyro: -131.561 -124.435 -33.035
Accel: 0.106 0.249 0.333
Gyro: -130.233 -125.289 -31.021
Accel: 0.208 0.312 0.315
Gyro: -120.498 -126.922 -15.396
Accel: 0.201 0.301 0.378
Gyro: -99.563 -126.174 6.973
Accel: 0.302 0.348 0.417
Gyro: -84.030 -130.966 29.907
Accel: 0.385 0.499 0.635
Gyro: -71.212 -126.571 56.610
Accel: 0.383 0.571 0.733
Gyro: -67.550 -128.875 84.671
Accel: 0.218 0.519 0.590
Gyro: -61.828 -142.608 94.528
Accel: 0.223 0.405 0.286
Gyro: -52.093 -157.730 102.706
Accel: 2.945 -1.035 7.941
Gyro: 131.454 499.984 59.127
Accel: -2.996 5.289 0.357
Gyro: -107.833 417.953 -24.902
Accel: -4.685 0.380 -7.447
Gyro: 85.998 80.780 -37.734
Accel: 2.433 -1.708 3.956
Gyro: -197.998 101.928 -78.887
Accel: -2.462 1.233 -6.921
Gyro: -46.554 -55.603 -35.644
Accel: 0.038 0.321 -1.830
Gyro: -12.481 -3.433 0.793
Accel: 0.099 0.031 1.378
Gyro: 2.960 1.556 0.732
Accel: 0.082 0.078 1.127
Gyro: 0.808 0.350 0.747
Accel: 0.021 0.088 0.964
Gyro: 0.854 0.930 0.350
Accel: 0.141 0.132 0.859
Gyro: 0.961 -1.220 0.183
Accel: 0.019 0.0010 0.946
Gyro: 0.564 -1.022 0.320
Accel: 0.035 0.057 1.098
Gyro: 3.219 0.518 0.198
Accel: 0.0010 0.015 1.027
Gyro: 1.007 0.930 0.137
Accel: 0.0010 0.009 0.908
Gyro: 0.183 0.976 0.213
Accel: 0.007 0.020 0.976
Gyro: 0.0000 -1.144 0.122
Accel: 0.009 0.020 1.073
Gyro: 0.564 -1.007 0.167
Accel: 0.007 0.0001 0.981
Gyro: 0.427 0.717 0.106
Accel: 0.005 0.032 0.980
Gyro: 0.320 0.747 0.122
Accel: 0.0000 0.017 0.983
Gyro: 0.366 0.671 0.213
Accel: 0.0000 0.0000 1.003
Gyro: 0.183 0.640 0.259
Accel: 0.0010 0.012 0.971
Gyro: 0.442 0.732 0.167
Accel: 0.003 0.016 0.998
Gyro: 0.381 0.534 0.335
Accel: 0.004 0.007 0.942
Gyro: 0.061 0.518 0.289
Accel: 0.005 0.0010 1.002
Gyro: 0.305 0.640 0.259
Accel: 0.003 0.014 1.021
Gyro: 0.289 0.656 0.320
Accel: 0.005 0.0010 1.003
Gyro: 0.320 0.579 0.320
Accel: 0.004 0.016 0.974
Gyro: 0.289 0.656 0.244
Accel: 0.003 0.019 0.972
Gyro: 0.396 0.656 0.244
Accel: 0.0000 0.0000 0.999
Gyro: 0.213 0.564 0.213
Accel: 0.003 0.014 0.947
Gyro: 0.320 0.732 0.228
Accel: 0.0001 0.006 1.056
Gyro: 0.122 0.564 0.244
Accel: 0.005 0.0010 1.012
Gyro: 0.335 0.717 0.244
Accel: 0.006 0.008 1.016
Gyro: 0.366 0.656 0.335
Accel: 0.006 0.0000 0.999
Gyro: 0.106 0.625 0.259
Accel: 0.003 0.0010 1.005
Gyro: 0.427 0.747 0.228
Accel: 0.005 0.004 1.022
Gyro: 0.183 0.762 0.320
Accel: 0.002 0.005 1.009
Gyro: 0.228 0.717 0.259
Accel: 0.006 0.009 1.014
Gyro: 0.289 0.762 0.213
Accel: 0.004 0.007 1.013
Gyro: 0.213 0.640 0.244
Accel: 0.002 0.006 0.994
Gyro: 0.289 0.732 0.213
Accel: 0.002 0.006 0.999
Gyro: 0.244 0.656 0.228
Accel: 0.004 0.004 0.999
Gyro: 0.106 0.686 0.259
Accel: 0.004 0.008 1.015
Gyro: 0.244 0.640 0.320
Accel: 0.003 0.005 1.006
Gyro: 0.259 0.717 0.244
Accel: 0.003 0.008 1.009
Gyro: 0.244 0.717 0.259
Accel: 0.005 0.0010 1.005
Gyro: 0.198 0.610 0.244
Accel: 0.003 0.006 1.008
Gyro: 0.289 0.640 0.259
Accel: 0.003 0.008 1.005
Gyro: 0.259 0.686 0.274
Accel: 0.003 0.009 1.016
Gyro: 0.305 0.640 0.259
Accel: 0.004 0.009 1.0010
Gyro: 0.289 0.564 0.228
Accel: 0.004 0.004 1.012
Gyro: 0.244 0.656 0.228
Accel: 0.002 0.007 0.941
Gyro: 0.366 0.656 0.289
Accel: 0.002 0.002 1.006
Gyro: 0.244 0.640 0.244
Accel: 0.0001 0.0010 1.0001
Gyro: 0.381 0.579 0.259
Accel: 0.004 0.008 1.015
Gyro: 0.198 0.610 0.228
Accel: 0.004 0.007 1.0010
Gyro: 0.228 0.686 0.228
Accel: 0.003 0.008 1.012
Gyro: 0.366 0.640 0.305
