Accel: 0.105 0.006 1.009
Gyro: -1.815 -1.724 0.274
Accel: 0.096 0.008 1.016
Gyro: 0.778 -1.342 0.061
Accel: 0.104 0.008 1.011
Gyro: 0.198 0.900 3.875
Accel: 0.101 0.008 1.003
Gyro: 0.106 0.885 0.030
Accel: 0.099 0.009 1.0010
Gyro: 0.213 0.778 0.061
Accel: 0.096 0.009 1.015
Gyro: 1.068 0.0000 0.335
Accel: 0.104 0.008 1.014
Gyro: 2.639 1.190 0.198
Accel: 0.111 0.0000 1.011
Gyro: 3.173 1.358 0.198
Accel: 0.107 0.009 0.983
Gyro: 1.937 0.335 0.656
Accel: 0.102 0.015 0.984
Gyro: 0.381 0.991 -1.129
Accel: 0.095 0.018 1.006
Gyro: -1.403 -1.586 -1.892
Accel: 0.098 0.014 1.018
Gyro: 0.228 0.762 -2.014
Accel: 0.099 0.019 1.022
Gyro: 1.708 0.564 -2.044
Accel: 0.102 0.009 1.016
Gyro: 3.204 1.525 -1.327
Accel: 0.095 0.002 1.005
Gyro: 3.906 1.693 0.503
Accel: 0.095 0.0001 0.998
Gyro: 3.295 1.358 0.152
Accel: 0.104 0.013 0.997
Gyro: 2.243 0.671 0.045
Accel: 0.102 0.012 1.002
Gyro: 1.800 0.534 0.152
Accel: 0.101 0.013 1.0010
Gyro: 2.288 0.869 3.875
Accel: 0.098 0.012 1.009
Gyro: 2.624 1.129 0.076
Accel: 0.098 0.014 0.938
Gyro: 2.593 0.808 0.106
Accel: 0.098 0.014 0.997
Gyro: 1.922 0.396 0.137
Accel: 0.096 0.017 1.005
Gyro: 1.358 0.259 0.045
Accel: 0.093 0.018 0.999
Gyro: 1.388 0.137 0.076
Accel: 0.093 0.019 0.996
Gyro: 0.839 0.259 0.015
Accel: 0.096 0.019 0.991
Gyro: 0.564 -1.373 0.045
Accel: 0.095 0.020 0.989
Gyro: -1.892 -2.166 0.625
Accel: 0.094 0.034 1.0001
Gyro: -2.975 -2.685 -2.593
Accel: 0.108 0.026 1.012
Gyro: -2.838 -2.365 -3.372
Accel: 0.103 0.027 1.014
Gyro: -1.571 -1.480 -4.577
Accel: 0.083 0.004 1.012
Gyro: 0.411 0.671 -4.333
Accel: 0.104 0.009 1.015
Gyro: 0.686 0.656 -4.608
Accel: 0.105 0.005 1.009
Gyro: 0.930 0.015 -3.326
Accel: 0.102 0.008 1.007
Gyro: 1.617 0.167 -3.219
Accel: 0.103 0.0001 1.014
Gyro: 1.937 0.671 -2.441
Accel: 0.094 0.003 1.002
Gyro: 2.410 0.839 -1.617
Accel: 0.101 0.004 1.008
Gyro: 2.410 0.595 -1.205
Accel: 0.102 0.017 0.999
Gyro: 1.663 0.579 -1.693
Accel: 0.102 0.024 1.002
Gyro: 1.846 0.473 -2.426
Accel: 0.099 0.021 1.009
Gyro: 2.059 0.808 -2.471
Accel: 0.090 0.013 1.005
Gyro: 2.090 0.701 -1.876
Accel: 0.086 0.012 0.999
Gyro: 1.800 0.473 0.961
Accel: 0.090 0.016 1.002
Gyro: 1.220 3.845 0.259
Accel: 0.091 0.021 1.002
Gyro: 0.762 0.167 0.122
Accel: 0.092 0.018 0.999
Gyro: 0.549 0.488 0.198
Accel: 0.094 0.020 1.004
Gyro: 0.030 0.671 0.244
Accel: 0.096 0.015 1.008
Gyro: 0.137 0.717 0.289
Accel: 0.096 0.014 1.0010
Gyro: 0.427 0.473 0.183
Accel: 0.099 0.015 1.007
Gyro: 0.610 0.305 0.167
Accel: 0.096 0.016 1.006
Gyro: 0.671 0.366 -3.890
Accel: 0.098 0.018 1.0000
Gyro: 0.564 0.518 0.381
Accel: 0.098 0.020 1.005
Gyro: 0.259 0.625 0.457
Accel: 0.096 0.014 1.007
Gyro: 0.411 0.457 0.366
Accel: 0.093 0.013 1.0010
Gyro: 0.976 0.122 0.030
Accel: 0.095 0.017 1.0010
Gyro: 1.312 0.183 0.289
Accel: 0.101 0.016 1.004
Gyro: 1.510 0.213 0.198
Accel: 0.101 0.013 1.004
Gyro: 1.495 0.274 -3.890
Accel: 0.0100 0.012 1.005
Gyro: 1.312 0.152 0.228
Accel: 0.098 0.015 1.006
Gyro: 1.388 0.259 0.427
Accel: 0.096 0.017 1.007
Gyro: 1.632 0.411 0.473
Accel: 0.094 0.019 1.008
Gyro: 1.602 0.411 0.381
Accel: 0.090 0.020 1.004
Gyro: 1.678 0.457 0.228
Accel: 0.092 0.021 1.005
Gyro: 1.846 0.381 0.152
Accel: 0.091 0.020 1.004
Gyro: 1.388 0.244 3.890
Accel: 0.092 0.022 1.062
Gyro: 1.220 0.213 0.045
Accel: 0.090 0.023 0.996
Gyro: 0.244 0.747 0.137
Accel: 0.088 0.022 0.999
Gyro: 0.640 -1.281 0.259
Accel: 0.086 0.024 1.0001
Gyro: -1.174 -1.632 0.473
Accel: 0.092 0.022 1.004
Gyro: -1.312 -1.754 0.686
Accel: 0.093 0.020 1.011
Gyro: -1.129 -1.617 0.808
Accel: 0.094 0.016 1.008
Gyro: 0.610 -1.190 0.885
Accel: 0.099 0.016 1.006
Gyro: 0.106 -1.022 0.717
Accel: 0.098 0.017 1.007
Gyro: 0.366 0.991 0.732
Accel: 0.098 0.013 1.0000
Gyro: 0.061 -1.159 0.701
Accel: 0.099 0.016 1.006
Gyro: 0.213 -1.068 0.488
Accel: 0.097 0.018 1.002
Gyro: 0.381 -1.235 0.350
Accel: 0.095 0.017 1.002
Gyro: 0.595 -1.159 0.198
Accel: 0.095 0.017 1.006
Gyro: 0.610 -1.358 0.198
Accel: 0.096 0.017 1.006
Gyro: 0.778 -1.312 0.198
Accel: 0.096 0.016 1.005
Gyro: 0.320 0.991 0.259
Accel: 0.094 0.019 1.012
Gyro: 0.122 0.732 0.366
Accel: 0.097 0.015 1.0010
Gyro: 0.747 0.228 0.289
Accel: 0.099 0.013 1.005
Gyro: 1.022 0.152 0.122
Accel: 0.096 0.016 1.0000
Gyro: 0.534 0.411 0.061
Accel: 0.095 0.019 1.0000
Gyro: 0.061 0.793 0.030
Accel: 0.094 0.017 1.0000
Gyro: 0.259 0.961 3.875
Accel: 0.092 0.019 1.005
Gyro: 0.549 -1.281 0.106
Accel: 0.095 0.018 1.007
Gyro: 0.503 -1.037 0.198
Accel: 0.096 0.017 1.006
Gyro: 0.137 0.854 0.244
Accel: 0.097 0.017 1.012
Gyro: 0.320 0.717 0.305
Accel: 0.097 0.015 1.007
Gyro: 0.488 0.503 0.213
Accel: 0.094 0.015 1.005
Gyro: 0.869 0.457 0.274
Accel: 0.092 0.021 1.006
Gyro: 0.823 0.289 0.396
Accel: 0.093 0.018 1.004
Gyro: 0.640 0.442 0.457
Accel: 0.094 0.019 1.0001
Gyro: 0.488 0.442 0.503
Accel: 0.095 0.017 1.005
Gyro: 0.061 0.869 0.503
Accel: 0.097 0.016 1.0001
Gyro: 0.137 -1.037 0.366
Accel: 0.097 0.015 1.003
Gyro: 0.122 -1.068 0.350
Accel: 0.093 0.018 1.0010
Gyro: 0.061 0.900 0.396
Accel: 0.094 0.020 1.004
Gyro: 0.076 0.793 0.457
Accel: 0.093 0.018 1.002
Gyro: 0.167 0.946 0.564
Accel: 0.094 0.019 1.0000
Gyro: 0.671 -1.449 0.564
Accel: 0.097 0.014 0.937
Gyro: -1.312 -1.495 0.411
Accel: 0.097 0.014 1.003
Gyro: -1.220 -1.907 0.335
Accel: 0.097 0.015 1.0010
Gyro: -1.266 -1.556 0.366
Accel: 0.097 0.013 1.005
Gyro: 0.732 -1.510 0.411
Accel: 0.097 0.017 1.006
Gyro: 0.610 -1.129 0.366
Accel: 0.095 0.014 1.007
Gyro: 0.579 -1.220 0.457
Accel: 0.0100 0.011 1.004
Gyro: 0.534 -1.205 0.274
Accel: 0.101 0.013 1.004
Gyro: 0.518 -1.205 0.091
Accel: 0.098 0.015 1.006
Gyro: 0.762 -1.281 0.122
Accel: 0.096 0.015 1.006
Gyro: 0.549 -1.129 0.137
Accel: 0.094 0.014 1.009
Gyro: 0.228 -1.037 0.350
Accel: 0.096 0.014 1.011
Gyro: 0.076 0.640 0.366
Accel: 0.097 0.014 1.006
Gyro: 0.625 0.411 0.396
Accel: 0.094 0.015 1.008
Gyro: 0.854 0.427 0.473
Accel: 0.101 0.013 1.003
Gyro: 0.595 0.289 0.411
Accel: 0.098 0.014 1.002
Gyro: 0.473 0.625 0.350
Accel: 0.0100 0.014 1.006
Gyro: 0.381 0.503 0.320
Accel: 0.098 0.015 1.0010
Gyro: 0.671 0.244 0.244
Accel: 0.096 0.013 1.0001
Gyro: 0.946 0.152 0.183
Accel: 0.096 0.016 1.002
Gyro: 0.610 0.457 0.152
Accel: 0.098 0.014 1.005
Gyro: 0.457 0.457 0.152
Accel: 0.097 0.015 1.011
Gyro: 0.991 0.030 0.228
Accel: 0.098 0.017 1.011
Gyro: 1.480 0.137 0.228
Accel: 0.096 0.015 1.0000
Gyro: 1.358 0.015 0.244
Accel: 0.095 0.018 0.996
Gyro: 0.732 0.366 0.244
Accel: 0.094 0.019 1.002
Gyro: 0.137 0.808 0.289
Accel: 0.095 0.016 1.007
Gyro: 0.030 0.671 0.366
Accel: 0.093 0.014 1.007
Gyro: 0.595 0.534 0.457
Accel: 0.096 0.019 1.002
Gyro: 0.045 0.778 0.427
Accel: 0.094 0.018 0.990
Gyro: 0.976 -1.434 0.335
Accel: 0.043 0.011 1.298
Gyro: 44.845 37.246 29.418
Accel: 0.044 0.018 1.268
Gyro: 52.947 36.727 30.395
Accel: 0.047 0.015 1.237
Gyro: 59.432 36.514 32.257
Accel: 0.052 0.005 1.204
Gyro: 63.888 36.727 34.133
Accel: 0.049 0.006 1.172
Gyro: 66.864 37.261 35.873
Accel: 0.049 0.018 1.137
Gyro: 68.756 38.803 37.673
Accel: 0.044 0.028 1.101
Gyro: 69.656 40.069 39.413
Accel: 0.037 0.037 1.061
Gyro: 69.671 40.863 41.168
Accel: 0.032 0.041 1.022
Gyro: 68.939 40.039 42.587
Accel: 0.029 0.040 0.986
Gyro: 68.084 38.467 43.838
Accel: 0.026 0.043 0.954
Gyro: 66.787 35.903 45.455
Accel: 0.026 0.044 0.925
Gyro: 64.804 32.440 47.439
Accel: 0.033 0.054 0.906
Gyro: 62.133 29.830 49.057
Accel: 0.052 0.069 0.904
Gyro: 57.647 28.076 50.216
Accel: 0.048 0.093 0.908
Gyro: 52.139 27.893 50.384
Accel: 0.033 0.113 0.912
Gyro: 43.334 29.022 50.659
Accel: 0.008 0.130 0.917
Gyro: 42.175 30.838 51.132
Accel: 0.013 0.134 0.916
Gyro: 38.116 32.821 52.642
Accel: 0.018 0.088 0.932
Gyro: 34.042 33.828 56.564
Accel: 0.083 0.171 0.911
Gyro: 33.706 28.213 66.207
Accel: 0.086 0.183 0.917
Gyro: 33.889 28.762 72.097
Accel: 0.028 0.182 0.924
Gyro: 32.684 28.594 72.921
Accel: 0.028 0.233 0.923
Gyro: 29.052 29.525 71.380
Accel: 0.035 0.273 0.939
Gyro: 24.246 30.914 68.237
Accel: 0.029 0.287 0.951
Gyro: 15.670 31.906 63.217
Accel: 0.031 0.372 0.966
Gyro: 17.410 31.387 56.701
Accel: 0.070 0.321 0.985
Gyro: 18.859 27.435 50.369
Accel: 0.145 0.318 1.0010
Gyro: 24.597 20.202 46.936
Accel: 0.204 0.246 1.016
Gyro: 36.727 13.122 53.0100
Accel: 0.242 0.011 0.996
Gyro: 51.544 0.320 59.478
Accel: 0.211 0.237 0.935
Gyro: 69.015 -11.016 81.146
Accel: 0.028 0.108 0.749
Gyro: 82.489 1.342 76.263
Accel: 0.336 0.531 1.240
Gyro: 52.902 23.483 83.419
Accel: 0.692 0.987 1.163
Gyro: 17.150 48.248 47.302
Accel: 0.329 1.120 0.947
Gyro: 21.316 50.964 10.040
Accel: 0.225 0.739 1.047
Gyro: 38.543 29.403 -2.502
Accel: 0.098 0.417 1.183
Gyro: 57.312 28.717 -4.913
Accel: 0.048 0.238 1.153
Gyro: 76.782 26.031 -1.052
Accel: 0.122 0.193 1.126
Gyro: 95.718 24.139 8.819
Accel: 0.194 0.160 1.117
Gyro: 109.222 26.733 22.109
Accel: 0.242 0.145 0.944
Gyro: 113.525 26.657 29.937
Accel: 0.266 0.179 0.866
Gyro: 115.051 20.874 34.469
Accel: 0.236 0.228 0.716
Gyro: 108.383 19.683 37.261
Accel: 0.213 0.317 0.588
Gyro: 96.633 20.126 40.512
Accel: 0.194 0.411 0.482
Gyro: 81.588 13.381 41.275
Accel: 0.150 0.419 0.422
Gyro: 64.865 6.271 35.385
Accel: 0.177 0.376 0.370
Gyro: 49.072 0.732 37.872
Accel: 0.281 0.401 0.261
Gyro: 36.453 -6.774 42.999
Accel: 0.170 0.410 0.174
Gyro: 25.070 -11.428 48.568
Accel: 0.137 0.389 0.081
Gyro: 14.968 -11.734 52.886
Accel: 0.101 0.422 0.056
Gyro: 1.922 -14.038 54.412
Accel: 0.077 0.400 0.132
Gyro: -15.716 -16.677 52.307
Accel: 0.0100 0.355 0.164
Gyro: -36.544 -18.615 49.072
Accel: 0.104 0.315 0.160
Gyro: -56.838 -17.669 49.087
Accel: 0.089 0.298 0.152
Gyro: -76.675 -13.122 51.971
Accel: 0.057 0.302 0.183
Gyro: -97.976 -9.185 55.404
Accel: 0.016 0.189 0.090
Gyro: -130.767 -5.844 56.457
Accel: 0.011 0.076 0.0001
Gyro: -159.744 -2.960 52.078
Accel: 0.017 0.028 0.050
Gyro: -180.831 -1.846 44.891
Accel: 0.030 0.048 0.037
Gyro: -197.311 -1.785 37.277
Accel: 0.027 0.057 0.061
Gyro: -203.048 0.411 30.700
Accel: 0.008 0.036 0.077
Gyro: -201.828 1.464 24.658
Accel: 0.005 0.020 0.076
Gyro: -200.149 3.448 14.221
Accel: 0.023 0.090 0.104
Gyro: -201.889 6.729 2.120
Accel: 0.033 0.079 0.050
Gyro: -205.749 16.952 -3.173
Accel: 0.094 0.092 0.085
Gyro: -205.062 28.289 -5.844
Accel: 0.146 0.069 0.202
Gyro: -197.677 41.900 -6.484
Accel: 0.105 0.032 0.310
Gyro: -186.401 66.696 -6.027
Accel: 0.070 0.051 0.309
Gyro: -172.241 102.996 -5.569
Accel: 0.182 0.134 0.299
Gyro: -157.394 150.650 -8.636
Accel: 0.194 0.227 0.246
Gyro: -137.908 199.340 -19.165
Accel: 0.237 0.274 0.310
Gyro: -113.296 249.374 -25.588
Accel: 0.156 0.251 0.149
Gyro: -92.605 293.762 -38.513
Accel: 0.115 0.408 -6.245
Gyro: 29.754 -265.106 0.503
Accel: -7.999 3.168 -7.999
Gyro: 499.984 -499.969 61.386
Accel: -3.031 0.444 7.999
Gyro: 278.976 -499.969 -6.835
Accel: -4.631 1.401 -7.999
Gyro: 57.205 -25.543 -26.428
Accel: 0.434 2.349 0.040
Gyro: -88.363 -96.298 -16.403
Accel: 1.226 -1.541 3.020
Gyro: 88.378 46.646 1.876
Accel: 0.682 0.135 0.008
Gyro: 1.022 -34.561 17.181
Accel: 0.241 0.084 1.476
Gyro: 12.802 14.358 18.112
Accel: 0.128 0.008 0.899
Gyro: -2.380 -7.705 23.208
Accel: 0.101 0.013 1.027
Gyro: 2.578 0.061 17.257
Accel: 0.180 0.022 1.0001
Gyro: 0.671 -2.029 9.811
Accel: 0.112 0.028 0.907
Gyro: 0.259 0.900 4.135
Accel: 0.078 0.048 1.166
Gyro: 0.228 0.778 0.137
Accel: 0.004 0.015 0.977
Gyro: 0.854 0.106 0.061
Accel: 0.0000 0.007 0.891
Gyro: 0.289 -1.083 -3.906
Accel: 0.005 0.011 1.119
Gyro: 0.045 0.915 0.076
Accel: 0.006 0.006 0.964
Gyro: 0.747 0.045 0.045
Accel: 0.0001 0.017 0.898
Gyro: 0.457 0.534 0.076
Accel: 0.013 0.031 1.027
Gyro: 0.366 0.640 0.076
Accel: 0.005 0.007 1.061
Gyro: 0.381 0.137 0.167
Accel: 0.002 0.002 0.952
Gyro: 0.442 0.488 0.228
Accel: 0.0000 0.020 1.004
Gyro: 0.106 -1.068 0.183
Accel: 0.002 0.004 1.038
Gyro: 0.305 0.656 0.259
Accel: 0.003 0.008 0.996
Gyro: 0.427 0.808 0.213
Accel: 0.0000 0.005 1.019
Gyro: 0.305 0.686 0.259
Accel: 0.003 0.059 1.021
Gyro: 0.411 0.488 0.213
Accel: 0.003 0.014 0.988
Gyro: 0.427 0.549 0.228
Accel: 0.002 0.007 0.998
Gyro: 0.457 0.549 0.106
Accel: 0.002 0.0001 1.002
Gyro: 0.442 0.564 0.152
Accel: 0.003 0.0010 1.020
Gyro: 0.427 0.656 0.091
Accel: 0.003 0.008 0.993
Gyro: 0.427 0.564 0.122
Accel: 0.004 0.008 1.0010
Gyro: 0.366 0.762 0.122
Accel: 0.004 0.0010 1.016
Gyro: 0.320 0.808 0.152
Accel: 0.002 0.002 1.003
Gyro: 0.259 0.488 0.167
Accel: 0.0001 0.002 0.986
Gyro: 0.213 0.839 0.152
Accel: 0.004 0.007 1.025
Gyro: 0.244 0.717 0.106
Accel: 0.0000 0.003 1.005
Gyro: 0.289 0.717 0.137
Accel: 0.004 0.011 1.0001
Gyro: 0.411 0.762 0.137
Accel: 0.005 0.005 1.018
Gyro: 0.274 0.747 0.137
Accel: 0.004 0.0001 1.0001
Gyro: 0.320 0.701 0.167
Accel: 0.0001 0.007 0.999
Gyro: 0.244 0.930 0.106
Accel: 0.004 0.006 1.013
Gyro: 0.244 0.869 0.106
Accel: 0.004 0.003 1.0010
Gyro: 0.228 0.793 0.183
Accel: 0.0001 0.006 1.005
Gyro: 0.305 0.823 0.076
Accel: 0.004 0.004 1.012
Gyro: 0.152 0.793 0.213
Accel: 0.003 0.006 1.0010
Gyro: 0.289 0.762 0.183
Accel: 0.0001 0.004 0.998
Gyro: 0.259 0.823 0.183
Accel: 0.005 0.006 1.009
Gyro: 0.274 0.549 0.183
Accel: 0.004 0.006 1.015
Gyro: 0.183 0.762 0.152
Accel: 0.005 0.008 1.007
Gyro: 0.305 0.793 0.152
Accel: 0.004 0.006 1.005
Gyro: 0.335 0.778 0.152
Accel: 0.003 0.007 1.004
Gyro: 0.381 0.823 0.091
Accel: 0.003 0.004 1.008
Gyro: 0.274 0.747 0.122
Accel: 0.002 0.006 1.004
Gyro: 0.320 0.778 0.183
Accel: 0.005 0.005 1.0010
Gyro: 0.183 0.854 0.152
Accel: 0.005 0.003 1.017
Gyro: 0.259 0.762 0.183
Accel: 0.003 0.004 1.005
Gyro: 0.350 0.717 0.106
Accel: 0.003 0.005 1.007
Gyro: 0.289 0.686 0.076
Accel: 0.004 0.003 1.007
Gyro: 0.274 0.686 0.152
Accel: 0.0001 0.006 1.002
Gyro: 0.244 0.793 0.152
Accel: 0.002 0.005 1.0010
Gyro: 0.289 0.808 0.137
Accel: 0.006 0.006 1.013
Gyro: 0.259 0.686 0.183
Accel: 0.003 0.006 1.006
Gyro: 0.320 0.778 0.106
Accel: 0.003 0.007 1.006
Gyro: 0.213 0.808 0.152
Accel: 0.003 0.007 1.007
Gyro: 0.411 0.732 0.152
Accel: 0.002 0.005 1.002
Gyro: 0.259 0.732 0.137
Accel: 0.002 0.005 1.008
Gyro: 0.305 0.701 0.167
Accel: 0.004 0.009 1.014
Gyro: 0.274 0.656 0.213
Accel: 0.004 0.008 1.005
Gyro: 0.228 0.701 0.167
Accel: 0.003 0.006 1.0010
Gyro: 0.350 0.671 0.091
Accel: 0.002 0.006 1.012
Gyro: 0.335 0.503 0.198
Accel: 0.002 0.004 1.0000
Gyro: 0.289 0.732 0.137
Accel: 0.004 0.006 1.007
Gyro: 0.289 0.686 0.122
Accel: 0.003 0.005 1.012
Gyro: 0.183 0.671 0.213
Accel: 0.002 0.005 1.009
Gyro: 0.381 0.762 0.213
Accel: 0.002 0.008 1.009
Gyro: 0.320 0.885 0.106
Accel: 0.004 0.007 1.008
Gyro: 0.244 0.778 0.167
Accel: 0.002 0.007 1.005
Gyro: 0.320 0.762 0.183
Accel: 0.004 0.006 1.007
Gyro: 0.274 0.778 0.076
Accel: 0.004 0.006 1.005
Gyro: 0.259 0.747 0.198
Accel: 0.004 0.006 1.0010
Gyro: 0.366 0.747 0.122
Accel: 0.004 0.008 1.0010
Gyro: 0.305 0.518 0.122
Accel: 0.003 0.007 1.007
Gyro: 0.350 0.778 0.167
Accel: 0.003 0.006 1.007
Gyro: 0.350 0.747 0.152
Accel: 0.004 0.006 1.009
Gyro: 0.350 0.686 0.152
Accel: 0.003 0.005 1.003
Gyro: 0.396 0.625 0.198
Accel: 0.004 0.006 1.0010
Gyro: 0.259 0.747 0.122
Accel: 0.003 0.005 1.012
Gyro: 0.305 0.579 0.167
Accel: 0.0001 0.004 1.005
Gyro: 0.335 0.701 0.198
Accel: 0.004 0.007 1.008
Gyro: 0.305 0.793 0.167
Accel: 0.0001 0.004 1.0010
Gyro: 0.320 0.640 0.198
Accel: 0.002 0.005 1.005
Gyro: 0.259 0.549 0.183
Accel: 0.002 0.007 1.005
Gyro: 0.274 0.671 0.091
Accel: 0.003 0.007 1.0010
Gyro: 0.259 0.610 0.183
Accel: 0.003 0.007 1.006
Gyro: 0.289 0.610 0.106
Accel: 0.004 0.006 1.007
Gyro: 0.289 0.762 0.137
Accel: 0.003 0.006 1.011
Gyro: 0.350 0.656 0.091
Accel: 0.002 0.006 1.005
Gyro: 0.244 0.717 0.183
Accel: 0.004 0.006 1.006
Gyro: 0.350 0.762 0.167
Accel: 0.005 0.007 1.008
Gyro: 0.274 0.869 0.167
Accel: 0.004 0.006 1.009
Gyro: 0.320 0.701 0.198
Accel: 0.002 0.006 1.008
Gyro: 0.381 0.656 0.183
Accel: 0.004 0.006 1.008
Gyro: 0.305 0.717 0.122
Accel: 0.004 0.005 1.007
Gyro: 0.320 0.732 0.152
Accel: 0.004 0.004 1.0010
Gyro: 0.305 0.610 0.152
Accel: 0.004 0.004 1.008
Gyro: 0.289 0.793 0.244
Accel: 0.004 0.005 1.006
Gyro: 0.381 0.686 0.183
Accel: 0.004 0.006 1.009
Gyro: 0.335 0.793 0.167
Accel: 0.003 0.007 1.011
Gyro: 0.305 0.701 0.137
Accel: 0.004 0.006 1.005
Gyro: 0.289 0.518 0.152
Accel: 0.004 0.007 1.008
Gyro: 0.244 0.671 0.198
Accel: 0.004 0.008 1.009
Gyro: 0.305 0.823 0.152
Accel: 0.004 0.006 1.006
Gyro: 0.320 0.778 0.183
Accel: 0.005 0.006 1.007
Gyro: 0.289 0.671 0.228
Accel: 0.003 0.005 1.009
Gyro: 0.335 0.747 0.259
Accel: 0.004 0.006 1.007
Gyro: 0.457 0.762 0.183
Accel: 0.004 0.008 1.008
Gyro: 0.228 0.717 0.091
Accel: 0.005 0.006 1.009
Gyro: 0.320 0.579 0.198
Accel: 0.003 0.005 1.006
Gyro: 0.335 0.747 0.152
Accel: 0.003 0.005 1.0010
Gyro: 0.320 0.671 0.183
Accel: 0.004 0.006 1.006
Gyro: 0.305 0.686 0.076
Accel: 0.004 0.006 1.007
Gyro: 0.366 0.686 0.106
Accel: 0.004 0.006 1.011
Gyro: 0.381 0.610 0.106
Accel: 0.004 0.005 1.008
Gyro: 0.320 0.717 0.213
Accel: 0.004 0.005 1.008
Gyro: 0.335 0.701 0.152
Accel: 0.004 0.006 1.009
Gyro: 0.305 0.747 0.152
Accel: 0.004 0.007 1.009
Gyro: 0.305 0.671 0.152
