Accel: 0.068 0.070 0.916
Gyro: 13.092 3.036 6.713
Accel: 0.074 0.077 0.917
Gyro: 13.290 2.166 5.615
Accel: 0.079 0.088 0.910
Gyro: 13.687 0.900 5.004
Accel: 0.080 0.0100 0.896
Gyro: 13.977 0.091 5.386
Accel: 0.077 0.108 0.886
Gyro: 12.207 0.503 6.500
Accel: 0.075 0.115 0.889
Gyro: 8.377 0.701 8.209
Accel: 0.080 0.123 0.897
Gyro: 5.142 1.174 10.269
Accel: 0.081 0.128 0.910
Gyro: 3.173 1.235 12.863
Accel: 0.082 0.138 0.918
Gyro: 1.556 2.136 15.335
Accel: 0.081 0.145 0.929
Gyro: 0.534 3.692 17.807
Accel: 0.083 0.150 0.937
Gyro: 0.152 6.057 20.095
Accel: 0.080 0.154 0.939
Gyro: 0.732 8.102 21.987
Accel: 0.072 0.143 0.954
Gyro: -3.036 7.431 22.857
Accel: 0.072 0.142 0.984
Gyro: -4.714 4.394 23.666
Accel: 0.073 0.136 1.011
Gyro: -3.982 0.411 24.353
Accel: 0.062 0.138 1.026
Gyro: -1.403 -2.349 24.810
Accel: 0.057 0.137 1.028
Gyro: 1.495 -3.463 25.268
Accel: 0.054 0.138 1.029
Gyro: 7.736 -2.685 26.214
Accel: 0.047 0.140 1.014
Gyro: 5.172 0.793 26.824
Accel: 0.032 0.136 0.997
Gyro: 5.569 0.259 26.748
Accel: 0.015 0.132 1.005
Gyro: 4.272 0.793 26.016
Accel: 0.023 0.133 1.023
Gyro: 3.067 -2.395 25.0100
Accel: 0.025 0.134 1.038
Gyro: 3.326 -4.074 24.169
Accel: 0.026 0.138 1.040
Gyro: 4.165 -4.882 23.513
Accel: 0.020 0.132 1.037
Gyro: 4.623 -4.226 23.300
Accel: 0.014 0.133 1.032
Gyro: 4.867 -2.243 23.223
Accel: 0.004 0.136 1.020
Gyro: 4.318 0.305 22.430
Accel: 0.009 0.124 1.028
Gyro: 2.838 -1.113 20.965
Accel: 0.014 0.123 1.047
Gyro: 2.441 -4.028 19.058
Accel: 0.005 0.123 1.061
Gyro: 4.196 -4.592 17.791
Accel: 0.006 0.124 1.057
Gyro: 7.278 -4.074 16.891
Accel: 0.013 0.131 1.045
Gyro: 9.765 -3.448 16.159
Accel: 0.017 0.136 1.027
Gyro: 15.579 -3.326 15.350
Accel: 0.018 0.138 1.012
Gyro: 13.015 -3.906 14.633
Accel: 0.021 0.140 1.0000
Gyro: 13.671 -4.333 13.916
Accel: 0.017 0.137 0.994
Gyro: 13.351 -4.028 13.610
Accel: 0.020 0.143 0.991
Gyro: 12.176 -3.463 13.336
Accel: 0.021 0.147 0.991
Gyro: 11.077 -2.960 13.305
Accel: 0.023 0.142 0.993
Gyro: 10.437 -2.929 12.954
Accel: 0.018 0.142 1.004
Gyro: 10.955 -3.967 12.878
Accel: 0.012 0.146 1.008
Gyro: 12.405 -5.477 12.634
Accel: 0.005 0.142 1.008
Gyro: 13.793 -6.256 12.710
Accel: 0.0001 0.141 1.013
Gyro: 14.358 -6.347 13.259
Accel: 0.004 0.138 1.017
Gyro: 14.602 -6.637 13.351
Accel: 0.004 0.141 1.027
Gyro: 15.396 -6.942 13.870
Accel: 0.0000 0.151 1.032
Gyro: 16.967 -5.981 14.205
Accel: 0.006 0.159 1.021
Gyro: 18.249 -5.203 14.404
Accel: 0.009 0.163 1.016
Gyro: 17.974 -4.165 14.755
Accel: 0.006 0.169 1.013
Gyro: 17.181 -3.463 14.862
Accel: 0.009 0.167 1.008
Gyro: 16.738 -3.173 15.136
Accel: 0.004 0.166 1.006
Gyro: 17.089 -3.814 15.274
Accel: 0.002 0.174 1.013
Gyro: 17.837 -5.142 15.487
Accel: 0.0000 0.178 1.012
Gyro: 19.317 -5.386 15.945
Accel: 0.002 0.184 1.003
Gyro: 20.309 -5.325 16.418
Accel: 0.002 0.192 0.993
Gyro: 20.172 -5.157 16.738
Accel: 0.003 0.196 0.985
Gyro: 18.981 -5.172 16.860
Accel: 0.0000 0.199 0.990
Gyro: 17.974 -4.806 16.769
Accel: 0.0001 0.205 0.988
Gyro: 17.333 -2.624 16.983
Accel: 0.003 0.208 0.982
Gyro: 16.799 0.732 17.059
Accel: 0.006 0.216 0.973
Gyro: 15.762 0.549 16.891
Accel: 0.0001 0.220 0.965
Gyro: 15.319 1.403 16.586
Accel: 0.004 0.222 0.959
Gyro: 14.907 2.792 16.342
Accel: 0.006 0.221 0.950
Gyro: 13.534 4.348 16.311
Accel: 0.009 0.226 0.941
Gyro: 7.919 6.301 16.555
Accel: 0.0010 0.231 0.930
Gyro: 9.597 8.148 16.952
Accel: 0.008 0.232 0.916
Gyro: 6.729 9.521 17.425
Accel: 0.009 0.236 0.907
Gyro: 3.585 10.238 17.807
Accel: 0.012 0.236 0.901
Gyro: 0.534 10.513 18.188
Accel: 0.013 0.231 0.904
Gyro: -1.708 9.979 18.310
Accel: 0.015 0.229 0.913
Gyro: -2.655 9.201 18.295
Accel: 0.021 0.227 0.919
Gyro: -2.609 9.124 18.127
Accel: 0.023 0.222 0.921
Gyro: -2.960 9.490 18.096
Accel: 0.025 0.221 0.921
Gyro: -3.768 9.689 18.081
Accel: 0.031 0.219 0.920
Gyro: -4.379 9.933 18.005
Accel: 0.036 0.216 0.922
Gyro: -5.081 10.803 18.356
Accel: 0.040 0.216 0.920
Gyro: -5.859 11.901 18.814
Accel: 0.038 0.215 0.918
Gyro: -7.064 12.817 19.531
Accel: 0.041 0.218 0.919
Gyro: -8.117 12.435 20.202
Accel: 0.042 0.215 0.919
Gyro: -9.017 11.703 20.965
Accel: 0.044 0.210 0.918
Gyro: -10.421 10.604 21.865
Accel: 0.042 0.207 0.928
Gyro: -12.588 8.270 22.506
Accel: 0.045 0.204 0.942
Gyro: -13.732 5.874 23.468
Accel: 0.042 0.197 0.957
Gyro: -13.641 4.486 24.398
Accel: 0.035 0.188 0.973
Gyro: -13.122 3.662 25.375
Accel: 0.034 0.184 0.992
Gyro: -12.435 2.578 26.275
Accel: 0.035 0.182 1.006
Gyro: -10.848 1.754 31.173
Accel: 0.032 0.183 1.0010
Gyro: -8.804 1.785 28.381
Accel: 0.024 0.179 1.017
Gyro: -7.385 1.693 29.281
Accel: 0.020 0.180 1.021
Gyro: -7.019 0.885 30.044
Accel: 0.016 0.186 1.022
Gyro: -6.851 0.274 30.807
Accel: 0.011 0.189 1.024
Gyro: -6.256 0.381 31.494
Accel: 0.005 0.189 1.023
Gyro: -5.645 1.388 32.196
Accel: 0.0000 0.185 1.020
Gyro: -5.264 2.639 32.592
Accel: 0.003 0.177 1.018
Gyro: -5.203 4.028 32.882
Accel: 0.005 0.189 1.028
Gyro: -5.523 4.959 33.569
Accel: 0.0001 0.184 1.024
Gyro: -5.249 6.256 33.767
Accel: 0.004 0.184 1.024
Gyro: -4.257 7.019 33.752
Accel: 0.007 0.183 1.022
Gyro: -2.685 7.461 33.691
Accel: 0.005 0.182 1.021
Gyro: -2.243 7.507 33.340
Accel: 0.005 0.185 1.019
Gyro: -2.120 7.125 33.004
Accel: 0.005 0.186 1.018
Gyro: -1.480 5.645 32.485
Accel: 0.007 0.185 1.022
Gyro: 0.885 3.890 31.936
Accel: 0.003 0.185 1.027
Gyro: 0.152 2.792 31.478
Accel: 0.007 0.185 1.029
Gyro: 0.946 2.304 30.975
Accel: 0.011 0.185 1.022
Gyro: 2.166 1.632 30.410
Accel: 0.013 0.186 1.016
Gyro: 3.387 0.747 29.891
Accel: 0.016 0.188 1.013
Gyro: 4.287 0.396 29.205
Accel: 0.022 0.192 1.012
Gyro: 5.081 0.518 28.549
Accel: 0.025 0.196 1.006
Gyro: 6.072 0.549 27.725
Accel: 0.027 0.197 1.0001
Gyro: 6.622 0.610 26.977
Accel: 0.030 0.198 0.997
Gyro: 6.332 1.083 26.351
Accel: 0.035 0.199 0.992
Gyro: 5.523 1.876 25.650
Accel: 0.033 0.202 0.986
Gyro: 4.898 2.288 25.085
Accel: 0.038 0.193 0.985
Gyro: 4.409 2.548 24.154
Accel: 0.030 0.201 0.977
Gyro: 3.753 3.494 24.017
Accel: 0.020 0.213 0.970
Gyro: 2.639 4.348 24.673
Accel: 0.026 0.203 0.964
Gyro: 1.663 4.455 24.932
Accel: 0.025 0.195 0.965
Gyro: 1.525 4.165 24.887
Accel: 0.020 0.193 0.970
Gyro: 1.220 3.417 24.948
Accel: 0.019 0.191 0.972
Gyro: 0.686 2.365 24.993
Accel: 0.021 0.192 0.972
Gyro: 0.228 1.083 24.963
Accel: 0.022 0.126 0.980
Gyro: 0.778 0.0000 24.795
Accel: 0.029 0.192 0.989
Gyro: -1.037 0.061 24.566
Accel: 0.036 0.194 0.995
Gyro: 0.488 0.640 24.154
Accel: 0.037 0.190 0.996
Gyro: 0.686 1.052 23.666
Accel: 0.038 0.187 0.993
Gyro: 1.861 1.419 23.101
Accel: 0.037 0.190 0.995
Gyro: 2.822 1.968 22.445
Accel: 0.039 0.192 0.984
Gyro: 3.250 3.082 21.774
Accel: 0.040 0.194 0.976
Gyro: 2.868 3.829 21.270
Accel: 0.038 0.199 0.968
Gyro: 1.327 4.104 20.874
Accel: 0.016 0.170 0.999
Gyro: 13.183 2.258 -22.460
Accel: 0.036 0.171 0.992
Gyro: 12.939 5.935 -23.056
Accel: 0.067 0.135 0.971
Gyro: 9.796 8.193 -24.795
Accel: 0.037 0.074 0.945
Gyro: 4.684 9.750 -28.091
Accel: 0.099 0.228 0.971
Gyro: 0.564 9.872 -24.475
Accel: 0.158 0.243 1.0000
Gyro: 0.885 5.172 -22.430
Accel: 0.111 0.216 1.032
Gyro: -5.096 0.122 -24.063
Accel: 0.141 0.233 1.020
Gyro: -10.177 -2.349 -22.842
Accel: 0.145 0.250 1.026
Gyro: -16.052 -3.875 -22.903
Accel: 0.117 0.257 1.079
Gyro: -20.416 -3.814 -24.169
Accel: 0.128 0.270 1.140
Gyro: -20.584 -2.868 -25.619
Accel: 0.170 0.304 1.208
Gyro: -14.312 -1.754 -27.664
Accel: 0.242 0.352 1.295
Gyro: -4.196 0.946 -28.747
Accel: 0.290 0.502 1.359
Gyro: 11.703 3.921 -24.322
Accel: 0.325 0.527 1.498
Gyro: 20.065 2.593 -25.650
Accel: 0.289 0.599 1.565
Gyro: 26.504 4.501 -24.551
Accel: 0.302 0.569 1.694
Gyro: 32.608 5.279 -21.255
Accel: 0.214 0.699 1.877
Gyro: 39.688 6.195 -25.299
Accel: 0.207 0.760 2.069
Gyro: 46.997 3.448 -30.639
Accel: 0.307 0.732 2.274
Gyro: 56.655 0.793 -33.218
Accel: 0.278 0.718 2.484
Gyro: 71.014 -6.240 -32.730
Accel: 0.239 0.702 2.656
Gyro: 89.691 -9.719 -33.050
Accel: 0.187 0.691 2.767
Gyro: 114.685 -11.718 -34.225
Accel: 0.184 0.611 2.843
Gyro: 143.508 -11.413 -30.624
Accel: 0.184 0.589 2.878
Gyro: 177.337 -12.420 -29.037
Accel: 0.166 0.440 2.754
Gyro: 212.631 -12.451 -29.495
Accel: 0.130 0.381 2.629
Gyro: 243.438 -15.670 -32.196
Accel: 0.119 0.393 2.555
Gyro: 267.608 -22.369 -34.194
Accel: 0.058 0.487 2.407
Gyro: 279.861 -27.740 -35.659
Accel: 0.032 0.556 2.257
Gyro: 286.773 -28.472 -37.475
Accel: 0.090 0.550 2.107
Gyro: 284.545 -23.300 -37.384
Accel: 0.095 0.462 1.959
Gyro: 277.435 -13.580 -37.933
Accel: 0.037 0.352 1.757
Gyro: 265.579 -5.249 -39.947
Accel: 0.042 0.244 1.574
Gyro: 252.304 1.403 -41.0000
Accel: 0.092 0.141 1.410
Gyro: 236.618 3.067 -40.573
Accel: 0.112 0.015 1.176
Gyro: 215.316 0.686 -39.428
Accel: 0.097 0.131 0.951
Gyro: 196.151 -4.776 -36.590
Accel: 0.075 0.286 0.720
Gyro: 180.740 -4.882 -32.440
Accel: 0.062 0.424 0.522
Gyro: 159.835 0.656 -27.069
Accel: 0.018 0.536 0.306
Gyro: 140.121 10.498 -21.774
Accel: 0.011 0.617 0.143
Gyro: 126.571 15.853 -17.776
Accel: 0.0001 0.715 0.023
Gyro: 118.209 15.289 -15.563
Accel: 0.023 0.796 0.228
Gyro: 118.148 10.910 -13.061
Accel: 0.019 0.935 0.446
Gyro: 126.617 12.969 -5.783
Accel: 0.184 -1.180 0.750
Gyro: 147.583 4.211 -7.980
Accel: 0.169 -1.304 -1.109
Gyro: 170.867 -9.704 -18.737
Accel: 0.142 -1.429 -1.492
Gyro: 182.342 -28.686 -34.378
Accel: 0.110 -1.370 -1.855
Gyro: 186.370 -48.034 -42.831
Accel: 0.067 -1.513 -2.206
Gyro: 175.155 -64.117 -54.077
Accel: 0.135 -1.560 -2.455
Gyro: 142.623 -73.760 -53.573
Accel: 0.172 -1.526 -2.677
Gyro: 81.237 -78.796 -52.139
Accel: 0.251 -1.474 -2.759
Gyro: 2.151 -81.924 -49.728
Accel: 0.211 -1.468 -2.695
Gyro: -81.817 -78.720 -41.473
Accel: 0.246 -1.589 -2.657
Gyro: -148.544 -82.031 -33.523
Accel: 0.364 -1.744 -2.522
Gyro: -198.822 -80.0001 -31.158
Accel: 0.548 -1.875 -2.310
Gyro: -229.507 -80.169 -35.644
Accel: 0.626 -1.989 -2.086
Gyro: -248.031 -79.223 -47.348
Accel: 0.581 -2.101 -2.038
Gyro: -274.017 -83.251 -57.067
Accel: 0.513 -2.182 -1.962
Gyro: -316.421 -87.753 -61.752
Accel: 0.552 -2.360 -1.689
Gyro: -366.714 -83.984 -61.996
Accel: 0.547 -2.380 -1.673
Gyro: -420.455 -61.889 -58.258
Accel: 0.627 -2.484 -1.550
Gyro: -476.364 -34.667 -51.742
Accel: 0.700 -2.660 -1.090
Gyro: -499.969 -25.177 -51.910
Accel: 0.688 -2.663 0.400
Gyro: -499.969 -24.993 -51.132
Accel: 0.578 -2.795 0.716
Gyro: -499.969 -37.200 -50.033
Accel: 0.671 -3.220 1.633
Gyro: -499.969 -76.446 -66.085
Accel: 0.545 -2.281 4.906
Gyro: -499.969 -71.884 -72.052
Accel: 0.164 -2.829 6.083
Gyro: -499.969 -38.116 -51.910
Accel: 0.446 -2.067 6.299
Gyro: -499.969 40.466 -33.782
Accel: 0.530 -1.822 7.882
Gyro: -499.969 61.538 -28.884
Accel: -1.140 -1.614 7.999
Gyro: -465.881 37.597 -30.197
Accel: -1.686 -1.178 7.999
Gyro: -359.054 5.874 -29.632
Accel: -1.890 0.399 7.999
Gyro: -222.625 -19.210 -26.107
Accel: -1.986 0.057 7.999
Gyro: -96.923 -35.003 -18.600
Accel: -1.866 0.263 7.999
Gyro: 12.313 -36.361 -5.386
Accel: -1.564 0.443 7.325
Gyro: 116.729 -38.375 8.911
Accel: -1.142 0.535 6.301
Gyro: 201.309 -41.442 16.113
Accel: 0.858 0.456 5.295
Gyro: 257.202 -40.191 16.204
Accel: 0.720 0.068 4.622
Gyro: 284.744 -34.927 17.990
Accel: 0.685 0.488 4.360
Gyro: 300.506 -17.730 23.895
Accel: 0.540 0.916 4.168
Gyro: 327.529 10.299 38.375
Accel: 0.355 -1.210 3.806
Gyro: 367.187 34.164 39.566
Accel: 0.280 -1.354 3.224
Gyro: 401.855 43.991 39.779
Accel: 0.273 -1.615 2.689
Gyro: 428.527 48.660 42.419
Accel: 0.237 -1.639 2.186
Gyro: 435.867 46.798 45.166
Accel: 0.185 -1.643 1.621
Gyro: 428.955 38.482 49.270
Accel: 0.183 -1.737 1.091
Gyro: 418.380 19.729 55.160
Accel: 0.192 -1.694 0.644
Gyro: 410.827 -7.629 59.860
Accel: 0.125 -1.578 0.187
Gyro: 398.574 -35.644 60.317
Accel: 0.015 -1.470 0.285
Gyro: 371.734 -54.885 58.059
Accel: 0.014 -1.342 0.670
Gyro: 327.163 -72.158 54.122
Accel: 0.024 -1.269 0.825
Gyro: 273.757 -79.528 47.866
Accel: 0.106 -1.318 0.960
Gyro: 237.289 -72.402 37.658
Accel: 0.167 -1.443 -1.179
Gyro: 219.940 -53.604 24.185
Accel: 0.016 -1.477 -1.287
Gyro: 212.966 -34.881 14.755
Accel: 0.095 -1.462 -1.495
Gyro: 210.647 -25.482 11.993
Accel: 0.136 -1.448 -1.755
Gyro: 204.925 -19.210 11.138
Accel: 0.045 -1.529 -2.009
Gyro: 191.192 -13.717 9.429
Accel: 0.117 -1.683 -2.294
Gyro: 171.951 -5.722 5.142
Accel: 0.259 -1.736 -2.535
Gyro: 136.688 2.426 -2.624
Accel: 0.341 -1.832 -2.659
Gyro: 88.485 9.445 -9.414
Accel: 0.391 -2.020 -2.682
Gyro: 45.364 17.150 -12.084
Accel: 0.316 -1.998 -2.671
Gyro: 7.904 23.025 -8.743
Accel: 0.357 -1.842 -2.599
Gyro: -29.052 22.308 -4.852
Accel: 0.545 -1.762 -2.489
Gyro: -56.900 28.793 -6.393
Accel: 0.454 -1.418 -2.526
Gyro: -96.939 34.713 -6.668
Accel: 0.457 -1.237 -2.480
Gyro: -141.311 33.294 -17.486
Accel: 0.442 -1.118 -2.390
Gyro: -185.272 22.079 -31.753
Accel: 0.359 -1.048 -2.222
Gyro: -232.711 6.011 -47.653
Accel: 0.267 -1.101 -1.912
Gyro: -281.127 -14.663 -59.585
Accel: 0.183 -1.204 -1.580
Gyro: -328.582 -27.496 -70.022
Accel: 0.094 -1.385 -1.319
Gyro: -376.937 -39.794 -67.092
Accel: 0.414 -1.557 -1.815
Gyro: -402.908 -42.114 -58.883
Accel: 0.231 -1.785 0.073
Gyro: -475.631 -33.447 -40.359
Accel: 0.140 -1.782 1.338
Gyro: -499.969 10.986 -29.403
Accel: 0.189 -1.708 2.196
Gyro: -499.969 39.749 -36.849
Accel: 0.045 -1.844 3.881
Gyro: -499.969 61.843 -52.032
Accel: 0.440 -2.083 5.926
Gyro: -499.969 82.962 -47.515
Accel: 0.921 -1.775 7.412
Gyro: -499.969 83.724 -31.265
Accel: -1.091 -1.154 7.999
Gyro: -395.553 54.367 -31.173
Accel: -1.185 0.542 7.999
Gyro: -290.740 -3.616 -28.869
Accel: -1.435 0.162 7.999
Gyro: -179.397 -52.688 -25.848
Accel: -1.430 0.292 7.999
Gyro: -65.048 -82.168 -18.981
Accel: -1.310 0.608 7.886
Gyro: 52.215 -91.354 -6.454
Accel: 0.981 0.974 7.125
Gyro: 143.112 -83.145 9.689
Accel: 0.666 1.210 6.311
Gyro: 223.861 -61.386 21.316
Accel: 0.354 1.223 5.498
Gyro: 276.840 -36.956 24.337
Accel: 0.273 0.847 4.850
Gyro: 312.820 -24.261 22.613
Accel: 0.289 0.319 4.283
Gyro: 345.474 -15.075 21.255
Accel: 0.281 0.181 3.730
Gyro: 373.168 -7.217 18.569
Accel: 0.302 0.561 3.165
Gyro: 397.766 -5.538 19.149
Accel: 0.343 0.844 2.576
Gyro: 413.711 -8.117 20.584
Accel: 0.357 -1.064 2.052
Gyro: 410.278 -13.275 24.612
Accel: 0.437 -1.174 1.530
Gyro: 403.366 -18.554 30.822
Accel: 0.368 -1.219 1.063
Gyro: 378.570 -23.834 36.560
Accel: 0.318 -1.208 0.710
Gyro: 345.672 -30.746 39.321
Accel: 0.302 -1.213 0.525
Gyro: 311.660 -42.495 39.413
Accel: 0.258 -1.204 0.423
Gyro: 287.155 -50.491 39.916
Accel: 0.194 -1.162 0.270
Gyro: 274.520 -47.958 46.691
Accel: 0.150 -1.142 0.052
Gyro: 267.364 -41.091 43.655
Accel: 0.092 -1.043 0.248
Gyro: 250.915 -31.387 39.672
Accel: 0.073 0.914 0.393
Gyro: 232.055 -30.441 34.912
Accel: 0.084 0.830 0.515
Gyro: 207.534 -29.739 29.449
Accel: 0.074 0.769 0.655
Gyro: 187.255 -22.369 25.543
Accel: 0.038 0.717 0.781
Gyro: 167.007 -9.780 25.375
Accel: 0.0001 0.697 0.907
Gyro: 150.238 7.705 23.864
Accel: 0.002 0.695 -1.030
Gyro: 134.643 24.597 21.011
Accel: 0.058 0.802 -1.154
Gyro: 120.071 34.881 19.256
Accel: 0.048 0.924 -1.259
Gyro: 102.127 33.233 16.128
Accel: 0.040 -1.039 -1.342
Gyro: 88.424 28.869 10.223
Accel: 0.094 -1.136 -1.433
Gyro: 67.443 24.917 3.982
Accel: 0.163 -1.258 -1.497
Gyro: 56.396 22.506 -6.622
Accel: 0.235 -1.390 -1.573
Gyro: 42.556 22.583 -21.942
Accel: 0.247 -1.301 -1.669
Gyro: 32.745 22.262 -28.121
Accel: 0.264 -1.612 -1.815
Gyro: 15.243 22.949 -46.142
Accel: 0.461 -1.719 -1.958
Gyro: -11.657 24.459 -51.727
Accel: 0.385 -1.759 -2.004
Gyro: -43.212 27.389 -61.111
Accel: 0.395 -1.881 -2.118
Gyro: -77.804 25.146 -68.557
Accel: 0.420 -1.752 -2.125
Gyro: -132.400 18.646 -75.271
Accel: 0.305 -1.687 -2.074
Gyro: -194.442 12.466 -77.743
Accel: 0.173 -1.658 -1.978
Gyro: -256.469 4.486 -76.568
Accel: 0.116 -1.702 -1.768
Gyro: -305.130 -6.881 -75.729
Accel: 0.184 -1.719 -1.528
Gyro: -352.142 -14.785 -72.753
Accel: 0.152 -1.743 -1.344
Gyro: -397.308 -13.488 -68.923
Accel: 0.164 -1.893 0.927
Gyro: -463.653 -23.925 -68.496
Accel: 0.188 -2.022 0.300
Gyro: -499.969 -35.339 -69.412
Accel: 0.196 -1.959 0.737
Gyro: -499.969 -31.387 -72.326
Accel: 0.204 -1.901 2.291
Gyro: -499.969 -19.241 -83.770
Accel: 0.0000 -2.102 4.072
Gyro: -499.969 7.659 -91.766
Accel: 0.539 -2.219 5.969
Gyro: -499.969 38.009 -72.219
Accel: 0.988 -2.234 7.498
Gyro: -499.969 82.580 -25.558
Accel: -1.008 -1.543 7.999
Gyro: -459.274 101.196 5.279
Accel: -1.163 0.992 7.999
Gyro: -315.109 75.439 3.967
Accel: -1.324 0.454 7.999
Gyro: -214.233 35.018 -14.785
Accel: -1.564 0.322 7.999
Gyro: -134.674 -3.463 -24.398
Accel: -1.505 0.883 7.836
Gyro: -46.768 -21.697 -28.366
Accel: -1.323 1.047 7.300
Gyro: 49.682 -23.925 -24.993
Accel: -1.199 0.975 6.543
Gyro: 148.941 -22.613 -13.351
Accel: -1.008 0.791 5.619
Gyro: 231.185 -20.935 0.274
Accel: 0.836 0.500 4.800
Gyro: 285.720 -23.071 6.484
Accel: 0.634 0.247 4.114
Gyro: 306.884 -33.172 7.781
Accel: 0.586 0.124 3.673
Gyro: 313.919 -49.331 5.462
Accel: 0.480 0.477 3.404
Gyro: 313.323 -62.377 1.678
Accel: 0.421 0.800 3.164
Gyro: 315.368 -68.679 0.427
Accel: 0.396 -1.087 2.924
Gyro: 326.187 -71.563 1.861
Accel: 0.386 -1.306 2.655
Gyro: 342.941 -72.570 5.447
Accel: 0.362 -1.468 2.279
Gyro: 353.500 -66.635 10.726
Accel: 0.341 -1.596 1.987
Gyro: 365.890 -68.237 15.930
Accel: 0.323 -1.657 1.635
Gyro: 373.092 -64.849 21.453
Accel: 0.298 -1.673 1.274
Gyro: 374.099 -59.600 27.770
Accel: 0.292 -1.658 0.929
Gyro: 368.545 -52.062 35.339
Accel: 0.276 -1.599 0.606
Gyro: 357.727 -44.891 43.350
Accel: 0.213 -1.499 0.293
Gyro: 344.680 -35.461 49.072
Accel: 0.144 -1.374 0.033
Gyro: 328.094 -25.268 53.054
Accel: 0.099 -1.239 0.357
Gyro: 304.779 -15.167 54.367
Accel: 0.073 -1.182 0.543
Gyro: 279.251 -7.354 53.405
Accel: 0.043 -1.038 0.713
Gyro: 252.655 -1.083 49.835
Accel: 0.005 0.959 0.880
Gyro: 229.080 0.488 43.731
Accel: 0.073 0.816 -1.020
Gyro: 210.800 1.800 34.927
Accel: 0.104 0.758 -1.177
Gyro: 198.150 1.708 23.513
Accel: 0.070 0.729 -1.364
Gyro: 185.897 -3.265 12.420
Accel: 0.079 0.834 -1.551
Gyro: 176.681 -9.918 4.760
Accel: 0.125 -1.038 -1.728
Gyro: 168.090 -15.136 -5.477
Accel: 0.150 -1.301 -2.041
Gyro: 158.752 -18.707 -13.198
Accel: 0.107 -1.523 -2.310
Gyro: 147.171 -22.689 -17.364
Accel: 0.101 -1.648 -2.460
Gyro: 118.408 -27.725 -21.057
Accel: 0.126 -1.723 -2.654
Gyro: 80.917 -34.378 -24.398
Accel: 0.078 -1.754 -2.840
Gyro: 30.899 -43.609 -25.375
Accel: 0.046 -1.764 -2.917
Gyro: -28.228 -47.393 -22.583
Accel: 0.044 -1.864 -2.881
Gyro: -91.583 -41.854 -19.821
Accel: 0.0010 -1.917 -2.775
Gyro: -147.781 -32.775 -18.447
Accel: 0.015 -1.987 -2.629
Gyro: -194.305 -25.741 -19.805
Accel: 0.046 -2.058 -2.548
Gyro: -224.380 -22.842 -23.605
Accel: 0.036 -2.095 -2.551
Gyro: -255.706 -22.384 -25.436
Accel: 0.0010 -2.117 -2.669
Gyro: -311.431 -18.341 -21.667
Accel: 0.031 -2.109 -2.596
Gyro: -399.536 -18.203 -11.749
Accel: 0.148 -2.191 -2.171
Gyro: -499.969 -12.817 0.457
Accel: 0.212 -2.040 -1.613
Gyro: -499.969 -3.707 14.877
Accel: 0.272 -1.966 0.686
Gyro: -499.969 6.530 27.404
Accel: 0.426 -2.302 0.764
Gyro: -499.969 22.171 33.111
Accel: 0.386 -2.825 2.619
Gyro: -499.969 34.713 39.367
Accel: 0.364 -3.431 4.666
Gyro: -499.969 49.591 49.530
Accel: 0.015 -4.110 6.309
Gyro: -499.969 76.416 76.354
Accel: 0.458 -3.790 7.269
Gyro: -499.969 80.169 101.547
Accel: 0.300 -2.982 7.258
Gyro: -421.447 68.984 91.171
Accel: 0.393 -2.400 6.807
Gyro: -269.897 54.260 80.078
Accel: 0.572 -1.907 6.221
Gyro: -166.610 21.102 66.894
Accel: 0.601 -1.434 5.515
Gyro: -114.181 -33.187 47.912
Accel: 0.616 0.864 4.833
Gyro: -73.043 -82.824 36.132
Accel: 0.507 0.675 4.275
Gyro: -37.384 -119.293 28.717
Accel: 0.338 0.677 3.733
Gyro: -7.904 -138.565 23.117
Accel: 0.229 0.598 3.255
Gyro: 15.716 -141.021 20.950
Accel: 0.111 0.443 2.840
Gyro: 35.858 -129.043 22.552
Accel: 0.071 0.291 2.518
Gyro: 51.757 -114.044 22.888
Accel: 0.281 0.109 2.275
Gyro: 68.313 -94.741 22.094
Accel: 0.418 0.003 1.888
Gyro: 71.380 -86.471 12.741
Accel: 0.534 0.164 1.627
Gyro: 66.558 -63.491 11.810
Accel: 0.556 0.212 1.488
Gyro: 70.465 -35.324 17.761
Accel: 0.567 0.150 1.363
Gyro: 74.920 -10.284 20.660
Accel: 0.483 0.081 1.229
Gyro: 82.656 11.245 20.568
Accel: 0.361 0.059 1.070
Gyro: 91.766 25.268 20.996
Accel: 0.288 0.003 1.026
Gyro: 102.172 37.048 19.882
Accel: 0.239 0.032 0.912
Gyro: 103.622 43.746 16.891
Accel: 0.204 0.061 0.770
Gyro: 85.678 39.215 11.871
Accel: 0.174 0.006 0.676
Gyro: 56.167 34.744 4.211
Accel: 0.152 0.027 0.683
Gyro: 41.381 24.642 -1.510
Accel: 0.143 0.061 0.752
Gyro: 34.591 16.464 -6.683
Accel: 0.141 0.087 0.821
Gyro: 38.635 12.298 -11.016
Accel: 0.106 0.101 0.865
Gyro: 48.278 11.901 -13.488
Accel: 0.083 0.116 0.878
Gyro: 59.158 19.088 -13.900
Accel: 0.074 0.139 0.870
Gyro: 67.321 21.316 -13.992
Accel: 0.062 0.161 0.851
Gyro: 73.028 26.580 -13.153
Accel: 0.056 0.160 0.816
Gyro: 74.554 29.983 -11.199
Accel: 0.055 0.171 0.794
Gyro: 71.289 31.631 -9.109
Accel: 0.067 0.183 0.793
Gyro: 64.178 29.861 -7.080
Accel: 0.077 0.190 0.805
Gyro: 55.313 25.848 -5.584
Accel: 0.078 0.196 0.819
Gyro: 47.103 21.377 -3.494
Accel: 0.074 0.213 0.831
Gyro: 39.581 16.616 -1.449
Accel: 0.051 0.220 0.876
Gyro: 33.477 11.596 0.488
Accel: 0.025 0.232 0.908
Gyro: 28.244 6.362 2.746
Accel: 0.002 0.311 0.940
Gyro: 25.177 1.403 4.943
Accel: 0.0010 0.253 0.969
Gyro: 23.696 -4.852 6.958
Accel: 0.002 0.266 0.991
Gyro: 21.987 -11.657 8.224
Accel: 0.018 0.261 1.006
Gyro: 19.836 -16.433 9.674
Accel: 0.050 0.244 1.018
Gyro: 18.630 -19.012 15.563
Accel: 0.076 0.223 1.013
Gyro: 18.722 -21.102 13.534
Accel: 0.090 0.207 1.013
Gyro: 18.386 -22.567 14.785
Accel: 0.096 0.190 1.014
Gyro: 17.654 -22.750 15.869
Accel: 0.096 0.156 1.007
Gyro: 18.203 -21.087 17.242
Accel: 0.094 0.123 0.987
Gyro: 20.370 -18.859 18.554
Accel: 0.088 0.091 0.955
Gyro: 23.590 -15.563 19.058
Accel: 0.077 0.053 0.925
Gyro: 26.062 -12.191 19.073
Accel: 0.080 0.031 0.903
Gyro: 27.343 -9.185 17.898
Accel: 0.080 0.018 0.885
Gyro: 27.297 -7.171 15.991
Accel: 0.072 0.021 0.870
Gyro: 25.802 -4.837 14.480
Accel: 0.051 0.021 0.861
Gyro: 19.577 -1.983 13.931
Accel: 0.032 0.015 0.864
Gyro: 21.148 0.823 13.854
Accel: 0.022 0.023 0.875
Gyro: 19.485 2.716 14.053
