Accel: 0.003 0.020 1.007
Gyro: 0.335 0.091 0.106
Accel: 0.006 0.019 1.013
Gyro: 0.122 0.198 0.061
Accel: 0.004 0.020 1.007
Gyro: 0.213 0.717 0.045
Accel: 0.0000 0.019 1.006
Gyro: 0.350 0.900 0.122
Accel: 0.0001 0.015 1.011
Gyro: 0.228 0.823 0.320
Accel: 0.0001 0.013 1.007
Gyro: 0.091 0.473 0.381
Accel: 0.0000 0.017 1.009
Gyro: 0.320 0.122 0.350
Accel: 0.0001 0.016 1.012
Gyro: 0.442 0.274 0.213
Accel: 0.0001 0.017 1.003
Gyro: 0.823 0.808 0.427
Accel: 0.0000 0.017 1.008
Gyro: -1.312 1.327 0.396
Accel: 0.002 0.017 1.014
Gyro: -1.892 2.182 0.183
Accel: 0.004 0.020 1.008
Gyro: -2.410 2.822 0.106
Accel: 0.004 0.017 1.009
Gyro: -2.563 3.021 0.061
Accel: 0.005 0.020 1.011
Gyro: -2.151 2.487 0.015
Accel: 0.003 0.022 1.0010
Gyro: -1.495 1.663 0.167
Accel: 0.005 0.022 1.007
Gyro: 0.946 0.671 0.228
Accel: 0.008 0.025 1.009
Gyro: 0.198 0.091 0.061
Accel: 0.009 0.019 1.006
Gyro: 0.213 0.946 0.122
Accel: 0.0010 0.024 1.011
Gyro: 0.549 -1.312 0.198
Accel: 0.011 0.019 1.014
Gyro: 0.839 -1.464 0.289
Accel: 0.006 0.018 1.007
Gyro: 0.793 -1.327 0.411
Accel: 0.002 0.018 1.011
Gyro: 0.549 0.900 0.335
Accel: 0.062 0.016 1.008
Gyro: 0.274 0.518 0.335
Accel: 0.002 0.016 1.006
Gyro: 0.167 0.442 0.274
Accel: 0.004 0.019 1.0010
Gyro: 0.122 0.350 0.289
Accel: 0.002 0.020 1.0010
Gyro: 0.122 0.259 0.213
Accel: 0.0001 0.017 1.006
Gyro: 0.244 0.106 0.228
Accel: 0.003 0.020 1.008
Gyro: 0.366 0.122 0.122
Accel: 0.005 0.020 1.008
Gyro: 0.366 -3.906 0.076
Accel: 0.005 0.022 1.006
Gyro: 0.289 0.030 0.030
Accel: 0.006 0.021 1.012
Gyro: 0.274 0.122 0.030
Accel: 0.0010 0.021 1.0010
Gyro: 0.106 0.274 0.030
Accel: 0.009 0.022 1.005
Gyro: 0.137 0.167 0.015
Accel: 0.005 0.021 1.011
Gyro: 0.396 0.030 0.228
Accel: 0.002 0.020 1.0010
Gyro: 0.595 0.015 0.335
Accel: 0.004 0.021 1.007
Gyro: 0.778 0.259 0.244
Accel: 0.003 0.021 1.013
Gyro: 0.946 0.427 0.259
Accel: 0.004 0.019 1.012
Gyro: -1.052 0.656 0.091
Accel: 0.007 0.020 1.007
Gyro: -1.113 0.900 0.045
Accel: 0.012 0.019 1.009
Gyro: -1.083 0.854 0.183
Accel: 0.011 0.019 1.011
Gyro: 0.930 0.732 0.381
Accel: 0.005 0.021 1.008
Gyro: 0.686 0.228 0.534
Accel: 0.0000 0.021 1.013
Gyro: 0.762 0.076 0.717
Accel: 0.002 0.025 0.938
Gyro: 0.885 0.167 0.625
Accel: 0.0001 0.020 1.003
Gyro: -1.342 0.808 0.640
Accel: 0.003 0.016 1.018
Gyro: -1.907 1.464 0.625
Accel: 0.004 0.015 1.012
Gyro: -2.410 2.349 0.549
Accel: 0.005 0.017 1.005
Gyro: -2.990 3.295 0.457
Accel: 0.014 0.018 1.009
Gyro: -3.509 3.875 0.427
Accel: 0.014 0.019 1.011
Gyro: -3.875 4.272 0.564
Accel: 0.0010 0.027 1.008
Gyro: -3.997 4.577 0.473
Accel: 0.012 0.033 1.008
Gyro: -7.797 4.348 0.381
Accel: 0.015 0.033 1.003
Gyro: -3.463 3.631 0.320
Accel: 0.019 0.031 1.0010
Gyro: -2.487 2.578 0.335
Accel: 0.019 0.033 1.009
Gyro: -1.480 1.235 0.350
Accel: 0.019 0.031 1.003
Gyro: 0.686 0.213 0.350
Accel: 0.022 0.032 1.006
Gyro: 0.045 0.564 0.289
Accel: 0.022 0.032 1.0010
Gyro: 0.274 -1.098 0.244
Accel: 0.020 0.034 1.008
Gyro: 0.549 -1.403 0.289
Accel: 0.017 0.032 1.011
Gyro: 0.686 -1.525 0.259
Accel: 0.016 0.032 1.016
Gyro: 0.823 -1.708 0.335
Accel: 0.015 0.028 1.007
Gyro: 0.732 -1.525 0.320
Accel: 0.015 0.026 1.004
Gyro: 0.518 -1.358 0.228
Accel: 0.012 0.025 1.006
Gyro: 0.350 -1.358 0.228
Accel: 0.014 0.024 1.005
Gyro: 0.534 -1.373 0.350
Accel: 0.014 0.026 1.007
Gyro: 0.671 -1.571 0.518
Accel: 0.014 0.026 1.009
Gyro: 1.037 -2.166 0.473
Accel: 0.008 0.028 1.003
Gyro: 1.419 -2.563 0.350
Accel: 0.007 0.040 1.003
Gyro: 1.464 -3.036 0.518
Accel: 0.003 0.036 1.005
Gyro: 1.541 -3.372 0.350
Accel: 0.0010 0.034 1.008
Gyro: 1.586 -3.479 0.259
Accel: 0.014 0.028 1.017
Gyro: 1.205 -3.356 0.228
Accel: 0.015 0.019 1.018
Gyro: 0.732 -2.288 0.228
Accel: 0.017 0.018 1.012
Gyro: 0.198 0.900 0.411
Accel: 0.014 0.020 1.013
Gyro: -1.144 0.732 0.305
Accel: 0.015 0.025 1.009
Gyro: -1.937 1.831 0.640
Accel: 0.0010 0.022 1.004
Gyro: -1.968 1.953 0.595
Accel: 0.009 0.024 1.0010
Gyro: -1.403 1.113 0.411
Accel: 0.011 0.025 1.007
Gyro: 0.793 0.366 0.503
Accel: 0.011 0.028 1.002
Gyro: 0.366 0.167 0.640
Accel: 0.016 0.037 1.0010
Gyro: 0.244 0.259 0.808
Accel: 0.012 0.032 1.0010
Gyro: 0.625 3.875 1.052
Accel: 0.014 0.032 1.005
Gyro: 0.976 0.534 1.007
Accel: 0.013 0.029 1.011
Gyro: -1.434 1.113 0.915
Accel: 0.0010 0.026 1.011
Gyro: -1.724 1.419 0.762
Accel: 0.0010 0.026 1.008
Gyro: -1.892 1.602 0.747
Accel: 0.0010 0.029 1.006
Gyro: -2.182 1.525 0.671
Accel: 0.009 0.034 1.005
Gyro: -2.960 2.456 0.762
Accel: 0.003 0.040 1.004
Gyro: -4.608 4.104 0.823
Accel: 0.002 0.033 1.017
Gyro: -5.996 5.538 0.366
Accel: 0.004 0.035 1.015
Gyro: -6.271 6.103 0.274
Accel: 0.011 0.033 1.012
Gyro: -5.950 5.081 0.015
Accel: 0.024 0.037 1.011
Gyro: -4.653 3.692 0.213
Accel: 0.025 0.032 0.992
Gyro: -3.494 2.349 0.350
Accel: 0.025 0.023 1.008
Gyro: -2.548 1.632 0.0000
Accel: 0.031 0.022 1.013
Gyro: -1.968 1.327 0.289
Accel: 0.024 0.027 1.008
Gyro: -1.724 1.296 0.305
Accel: 0.025 0.031 1.011
Gyro: -1.586 1.358 0.427
Accel: 0.027 0.033 1.013
Gyro: -1.495 1.251 0.625
Accel: 0.026 0.037 1.006
Gyro: -1.174 1.037 0.732
Accel: 0.027 0.039 1.003
Gyro: 0.915 0.579 0.671
Accel: 0.033 0.045 1.008
Gyro: 0.259 0.289 0.808
Accel: 0.030 0.046 1.0000
Gyro: 0.885 -1.403 0.534
Accel: 0.028 0.044 1.007
Gyro: 1.739 -2.670 0.625
Accel: 0.026 0.041 1.015
Gyro: 2.136 -3.280 0.717
Accel: 0.021 0.041 1.007
Gyro: 1.937 -3.082 0.701
Accel: 0.021 0.033 1.008
Gyro: 1.449 -2.365 0.656
Accel: 0.020 0.035 1.0010
Gyro: 1.174 -1.922 0.640
Accel: 0.020 0.033 1.006
Gyro: 1.159 -1.785 0.640
Accel: 0.020 0.037 1.0010
Gyro: 1.342 -2.212 0.823
Accel: 0.023 0.035 1.012
Gyro: 1.571 -2.426 1.022
Accel: 0.022 0.037 1.007
Gyro: 1.739 -2.548 1.083
Accel: 0.023 0.040 1.008
Gyro: 1.663 -2.380 1.144
Accel: 0.020 0.037 1.012
Gyro: 1.373 -2.136 1.144
Accel: 0.017 0.035 1.009
Gyro: 1.052 -1.220 1.052
Accel: 0.042 0.005 1.002
Gyro: 0.320 0.457 2.120
Accel: 0.003 0.013 1.0010
Gyro: 0.366 0.549 0.686
Accel: 0.016 0.037 1.005
Gyro: 0.030 0.396 0.930
Accel: 0.012 0.031 1.009
Gyro: 0.732 0.717 0.610
Accel: 0.020 0.031 1.007
Gyro: 1.235 -1.541 0.534
Accel: 0.019 0.031 1.007
Gyro: 1.235 -1.327 0.335
Accel: 0.016 0.033 1.014
Gyro: 0.717 0.686 0.030
Accel: 0.013 0.031 1.013
Gyro: 0.244 0.0000 0.335
Accel: 0.017 0.037 1.008
Gyro: 0.198 0.183 0.213
Accel: 0.024 0.052 1.006
Gyro: 0.518 0.549 0.213
Accel: 0.026 0.043 1.006
Gyro: 1.312 -1.419 0.503
Accel: 0.027 0.040 1.009
Gyro: 1.846 -2.029 0.656
Accel: 0.022 0.037 1.019
Gyro: 2.090 -2.090 0.778
Accel: 0.023 0.038 1.014
Gyro: 1.983 -1.785 0.839
Accel: 0.024 0.038 1.006
Gyro: 1.754 -1.312 0.885
Accel: 0.024 0.038 1.011
Gyro: 1.907 -1.541 1.113
Accel: 0.031 0.048 1.006
Gyro: 2.334 -2.349 1.846
Accel: 0.024 0.035 1.012
Gyro: 2.853 -2.304 1.922
Accel: 0.182 0.518 0.791
Gyro: 39.108 -43.731 2.151
Accel: 0.169 0.528 0.689
Gyro: 42.221 -49.118 3.692
Accel: 0.148 0.529 0.707
Gyro: 41.610 -52.169 6.027
Accel: 0.130 0.524 0.677
Gyro: 38.711 -52.719 7.919
Accel: 0.109 0.534 0.684
Gyro: 32.821 -49.591 9.429
Accel: 0.092 0.536 0.696
Gyro: 23.483 -43.777 9.414
Accel: 0.108 0.535 0.680
Gyro: 12.985 -35.278 8.163
Accel: 0.107 0.537 0.667
Gyro: 3.204 -34.866 6.454
Accel: 0.086 0.548 0.651
Gyro: -4.180 -29.220 5.065
Accel: 0.071 0.624 0.635
Gyro: -10.482 -21.713 4.074
Accel: 0.060 0.568 0.645
Gyro: -16.143 -14.572 3.524
Accel: 0.079 0.592 0.696
Gyro: -22.460 -8.102 1.296
Accel: 0.083 0.586 0.714
Gyro: -29.037 -3.707 0.411
Accel: 0.083 0.600 0.744
Gyro: -33.905 -1.937 0.823
Accel: 0.093 0.601 0.773
Gyro: -37.017 -2.227 2.151
Accel: 0.108 0.572 0.816
Gyro: -37.994 -4.501 6.271
Accel: 0.106 0.577 0.849
Gyro: -31.280 -10.986 8.926
Accel: 0.067 0.651 0.925
Gyro: -27.709 -12.680 6.698
Accel: 0.054 0.580 0.923
Gyro: -26.794 -16.860 9.704
Accel: 0.071 0.580 0.931
Gyro: -20.584 -24.612 13.153
Accel: 0.052 0.604 0.938
Gyro: -16.220 -29.541 19.454
Accel: 0.028 0.594 0.925
Gyro: -14.251 -33.401 19.042
Accel: 0.0010 0.592 0.916
Gyro: -14.984 -36.178 22.201
Accel: 0.023 0.586 0.916
Gyro: -17.364 -36.987 24.459
Accel: 0.051 0.582 0.922
Gyro: -20.538 -36.880 26.306
Accel: 0.072 0.558 0.809
Gyro: -22.811 -28.869 26.092
Accel: 0.106 0.491 0.828
Gyro: -17.364 -21.453 24.856
Accel: 0.116 0.492 0.863
Gyro: -11.306 -12.741 22.766
Accel: 0.110 0.472 0.885
Gyro: -4.409 -6.225 20.782
Accel: 0.104 0.451 0.896
Gyro: 1.556 -2.456 18.188
Accel: 0.089 0.417 0.924
Gyro: 5.508 0.854 13.351
Accel: 0.097 0.401 0.931
Gyro: 5.889 0.381 4.150
Accel: 0.036 0.378 0.958
Gyro: 2.746 -7.553 1.403
Accel: 0.084 0.373 0.944
Gyro: -2.838 -8.743 -3.692
Accel: 0.059 0.401 0.965
Gyro: -9.002 -14.694 -7.858
Accel: 0.046 0.455 0.938
Gyro: -12.954 -19.424 -8.407
Accel: 0.014 0.498 0.936
Gyro: -14.343 -23.803 -6.515
Accel: 0.021 0.512 0.944
Gyro: -13.992 -26.428 0.061
Accel: 0.023 0.487 0.931
Gyro: -12.710 -27.191 -3.326
Accel: 0.027 0.475 0.895
Gyro: -7.873 -24.902 -3.890
Accel: 0.030 0.492 0.869
Gyro: -11.581 -20.278 -3.463
Accel: 0.015 0.562 0.877
Gyro: -11.566 -15.899 -2.166
Accel: 0.003 0.510 0.881
Gyro: -10.192 -11.657 0.732
Accel: 0.0001 0.507 0.890
Gyro: -6.011 -8.544 0.305
Accel: 0.0001 0.510 0.895
Gyro: -1.815 -5.401 1.052
Accel: 0.006 0.493 0.887
Gyro: 1.449 -2.548 1.266
Accel: 0.002 0.488 0.880
Gyro: 7.659 0.915 1.296
Accel: 0.013 0.494 0.870
Gyro: 5.844 4.714 1.510
Accel: 0.024 0.504 0.840
Gyro: 7.934 9.002 1.953
Accel: 0.038 0.503 0.781
Gyro: 8.636 14.328 2.716
Accel: 0.047 0.500 0.757
Gyro: 6.378 18.814 3.875
Accel: 0.065 0.493 0.751
Gyro: 1.770 21.713 4.318
Accel: 0.073 0.481 0.749
Gyro: -2.868 24.597 4.104
Accel: 0.076 0.458 0.761
Gyro: -4.943 25.939 3.234
Accel: 0.019 0.479 0.813
Gyro: -7.965 24.856 4.043
Accel: 0.006 0.500 0.849
Gyro: -10.589 16.006 6.774
Accel: 0.011 0.467 0.871
Gyro: -10.406 13.275 10.101
Accel: 0.043 0.451 0.882
Gyro: -7.003 6.973 12.451
Accel: 0.067 0.444 0.886
Gyro: -1.068 1.586 14.434
Accel: 0.070 0.423 0.875
Gyro: 7.232 -3.112 15.411
Accel: 0.081 0.380 0.841
Gyro: 16.189 -6.790 15.380
Accel: 0.080 0.420 0.807
Gyro: 23.803 -9.918 14.251
Accel: 0.085 0.440 0.687
Gyro: 27.832 -7.705 10.238
Accel: 0.002 0.499 0.722
Gyro: 26.321 -3.189 4.196
Accel: 0.060 0.490 0.700
Gyro: 12.069 1.419 0.473
Accel: 0.032 0.537 0.712
Gyro: 0.305 6.561 -2.517
Accel: 0.014 0.612 0.697
Gyro: -11.505 12.680 -4.394
Accel: 0.020 0.581 0.753
Gyro: -22.003 13.168 -2.563
Accel: 0.012 0.578 0.866
Gyro: -28.991 12.634 0.732
Accel: 0.0010 0.562 0.859
Gyro: -29.693 10.574 0.503
Accel: 0.0001 0.537 0.892
Gyro: -24.810 10.284 -1.281
Accel: 0.009 0.520 0.947
Gyro: -16.464 9.399 -2.593
Accel: 0.012 0.521 0.967
Gyro: -7.263 7.293 -3.814
Accel: 0.013 0.510 0.966
Gyro: 1.022 4.592 -4.348
Accel: 0.0010 0.491 0.944
Gyro: 5.813 2.487 -4.776
Accel: 0.012 0.475 0.947
Gyro: 6.774 -1.815 -5.722
Accel: 0.016 0.456 0.936
Gyro: 5.065 -5.401 -6.164
Accel: 0.018 0.456 0.920
Gyro: 1.556 -8.255 -5.844
Accel: 0.012 0.471 0.910
Gyro: -3.265 -9.155 -4.470
Accel: 0.008 0.483 0.919
Gyro: -8.148 -8.468 -2.380
Accel: 0.0000 0.487 0.927
Gyro: -13.626 -6.378 0.503
Accel: 0.004 0.488 0.940
Gyro: -17.730 -5.081 0.778
Accel: 0.0010 0.487 0.973
Gyro: -19.042 -5.157 1.388
Accel: 0.014 0.479 0.995
Gyro: -16.632 -6.347 1.647
Accel: 0.018 0.471 1.003
Gyro: -11.596 -8.514 1.342
Accel: 0.022 0.468 0.988
Gyro: -4.608 -10.116 0.991
Accel: 0.021 0.482 0.966
Gyro: 1.296 -11.444 0.717
Accel: 0.002 0.495 0.917
Gyro: 4.226 -12.390 0.381
Accel: 0.007 0.520 0.891
Gyro: 4.516 -10.940 0.274
Accel: 0.035 0.512 0.849
Gyro: 1.159 -9.109 0.366
Accel: 0.049 0.496 0.823
Gyro: -5.615 -6.683 -1.235
Accel: 0.048 0.443 0.756
Gyro: -10.375 -5.828 -2.883
Accel: 0.024 0.471 0.849
Gyro: -13.610 -6.103 -1.876
Accel: 0.012 0.516 0.879
Gyro: -14.373 -5.508 -2.975
Accel: 0.014 0.472 0.885
Gyro: -12.664 -7.308 -3.570
Accel: 0.022 0.441 0.898
Gyro: -9.078 -9.140 -4.669
Accel: 0.028 0.427 0.892
Gyro: -5.462 -11.367 -5.081
Accel: 0.027 0.422 0.884
Gyro: -2.304 -13.656 -5.004
Accel: 0.029 0.410 0.875
Gyro: 0.640 -13.824 -5.447
Accel: 0.026 0.402 0.850
Gyro: 2.410 -14.297 -5.798
Accel: 0.016 0.400 0.847
Gyro: 0.915 -15.457 -3.982
Accel: 0.027 0.433 0.866
Gyro: 0.167 -14.923 -3.677
Accel: 0.034 0.439 0.858
Gyro: 0.183 -13.870 -2.929
Accel: 0.036 0.429 0.830
Gyro: 0.854 -12.512 -2.166
Accel: 0.037 0.435 0.793
Gyro: 1.129 -10.253 -1.266
Accel: 0.038 0.450 0.770
Gyro: -1.419 -9.063 0.396
Accel: 0.041 0.458 0.746
Gyro: -6.484 -8.087 1.770
Accel: 0.039 0.463 0.736
Gyro: -11.825 -7.965 3.463
Accel: 0.042 0.466 0.737
Gyro: -16.738 -8.071 4.669
Accel: 0.048 0.461 0.747
Gyro: -19.943 -8.804 5.065
Accel: 0.064 0.450 0.739
Gyro: -21.499 -9.140 3.860
Accel: 0.068 0.439 0.708
Gyro: -22.628 -7.583 1.281
Accel: 0.074 0.437 0.683
Gyro: -25.146 -7.507 -1.220
Accel: 0.037 0.442 0.692
Gyro: -28.884 -10.009 -2.807
Accel: 0.041 0.441 0.668
Gyro: -32.501 -8.895 -3.723
Accel: 0.068 0.421 0.567
Gyro: -36.743 -6.927 -6.103
Accel: 0.134 0.383 0.537
Gyro: -50.094 1.403 -10.025
Accel: 0.012 0.375 0.534
Gyro: -60.806 2.883 -12.237
Accel: 0.011 0.363 0.653
Gyro: -76.629 -3.890 -10.742
Accel: 0.020 0.318 0.686
Gyro: -86.517 -2.517 -9.353
Accel: 0.027 0.274 0.694
Gyro: -88.012 0.122 -8.819
Accel: 0.023 0.265 0.699
Gyro: -88.226 1.113 -7.553
Accel: 0.027 0.262 0.701
Gyro: -88.973 1.144 -6.271
Accel: 0.040 0.253 0.685
Gyro: -88.943 0.396 -4.852
Accel: 0.024 0.243 0.686
Gyro: -88.317 0.213 -3.555
Accel: 0.0000 0.234 0.693
Gyro: -86.975 -2.090 -2.288
Accel: 0.020 0.217 0.691
Gyro: -83.618 -3.890 -2.105
Accel: 0.036 0.201 0.700
Gyro: -79.833 -7.675 -7.705
Accel: 0.049 0.202 0.709
Gyro: -76.904 -12.557 -6.393
Accel: 0.069 0.213 0.720
Gyro: -75.103 -19.531 -8.651
Accel: 0.038 0.223 0.714
Gyro: -76.019 -16.906 -9.216
Accel: 0.005 0.223 0.681
Gyro: -79.910 -17.456 -7.278
Accel: 0.013 0.171 0.669
Gyro: -86.791 -14.465 -4.165
Accel: 0.016 0.111 0.661
Gyro: -96.923 -9.887 0.808
Accel: 0.027 0.071 0.649
Gyro: -106.948 -6.866 2.609
Accel: 0.028 0.045 0.662
Gyro: -114.715 -6.973 4.486
Accel: 0.017 0.037 0.691
Gyro: -118.103 -7.003 3.875
Accel: 0.065 0.035 0.707
Gyro: -115.859 -8.377 0.946
Accel: 0.059 0.043 0.716
Gyro: -110.351 -12.0100 -1.480
Accel: 0.042 0.074 0.703
Gyro: -102.783 -16.036 -2.700
Accel: 0.033 0.085 0.687
Gyro: -97.564 -15.060 -1.739
Accel: 0.012 0.045 0.645
Gyro: -97.717 -12.191 0.366
Accel: 0.067 0.004 0.567
Gyro: -100.448 -12.954 1.647
Accel: 0.092 0.006 0.483
Gyro: -102.355 -17.822 2.471
Accel: 0.115 0.007 0.385
Gyro: -100.219 -26.458 2.731
Accel: 0.159 0.021 0.278
Gyro: -92.544 -34.362 2.304
Accel: 0.188 0.005 0.156
Gyro: -85.128 -40.634 4.486
Accel: 0.223 0.042 0.014
Gyro: -81.649 -42.678 10.848
Accel: 0.289 0.148 0.095
Gyro: -85.372 -41.320 13.610
Accel: 0.432 0.085 0.069
Gyro: -82.565 -39.047 4.409
Accel: 7.999 -5.163 7.999
Gyro: 340.255 499.984 -73.486
Accel: -3.427 1.257 7.999
Gyro: 136.459 483.825 20.416
Accel: -2.762 -1.448 -6.891
Gyro: 77.880 97.869 48.431
Accel: 1.076 0.648 0.129
Gyro: -13.580 -53.924 -10.025
Accel: 0.055 0.095 0.413
Gyro: -8.102 3.494 -3.540
Accel: 0.077 0.194 0.556
Gyro: -3.341 0.457 0.640
Accel: 0.006 0.217 0.921
Gyro: 3.433 -1.129 1.419
Accel: 0.047 0.036 0.843
Gyro: 0.579 -1.464 7.019
Accel: 0.019 0.064 0.996
Gyro: 0.030 0.823 7.186
Accel: 0.043 0.087 1.090
Gyro: 0.106 0.808 4.440
Accel: 0.040 0.113 0.940
Gyro: 0.488 0.656 1.586
Accel: 0.006 0.049 0.977
Gyro: 0.305 0.915 0.244
Accel: 0.0001 0.020 0.979
Gyro: 0.122 0.823 0.213
Accel: 0.0001 0.018 1.009
Gyro: 0.198 0.717 0.289
Accel: 0.011 0.0001 1.008
Gyro: 0.305 0.335 0.167
Accel: 0.060 0.020 1.081
Gyro: 0.534 0.045 0.335
Accel: 0.061 0.013 1.024
Gyro: 0.610 0.213 0.289
Accel: 0.0000 0.003 0.991
Gyro: 0.671 0.274 0.274
Accel: 0.0001 0.018 0.972
Gyro: 1.266 0.579 0.274
Accel: 0.002 0.006 1.008
Gyro: 0.625 0.457 0.320
Accel: 0.011 0.003 1.056
Gyro: 1.144 1.296 0.259
Accel: 0.0010 0.004 0.958
Gyro: 0.366 0.152 0.289
Accel: 0.060 0.007 1.019
Gyro: 0.289 0.640 0.350
Accel: 0.058 0.007 1.012
Gyro: 0.122 -1.159 0.366
Accel: 0.052 0.007 1.033
Gyro: 0.289 -1.373 2.288
Accel: 0.036 0.0000 1.006
Gyro: 0.320 -1.022 4.852
Accel: 0.016 0.014 0.942
Gyro: 0.167 0.946 5.691
Accel: 0.030 0.008 1.055
Gyro: 0.274 0.885 4.959
Accel: 0.011 0.019 0.998
Gyro: 0.076 -1.174 4.074
Accel: 0.044 0.016 1.031
Gyro: 0.137 -1.296 2.319
Accel: 0.022 0.009 0.999
Gyro: 0.045 -1.296 1.220
Accel: 0.013 0.012 1.011
Gyro: 0.030 -1.373 0.564
Accel: 0.003 0.009 0.998
Gyro: 0.503 -1.998 0.274
Accel: 0.004 0.0010 0.950
Gyro: 0.244 0.946 0.259
Accel: 0.002 0.007 1.019
Gyro: 0.198 -1.281 0.259
Accel: 0.0000 0.007 1.0001
Gyro: 0.015 -1.129 0.274
Accel: 0.003 0.002 1.029
Gyro: 0.045 0.900 0.244
Accel: 0.002 0.0010 1.012
Gyro: 0.106 0.747 0.259
Accel: 0.0001 0.009 1.005
Gyro: 0.091 0.839 0.289
Accel: 0.002 0.004 1.005
Gyro: 0.030 0.747 0.244
Accel: 0.0001 0.002 1.0000
Gyro: 0.244 0.717 0.244
Accel: 0.0000 0.007 1.017
Gyro: 0.091 0.793 0.213
Accel: 0.002 0.006 1.016
Gyro: 0.061 0.717 0.259
Accel: 0.002 0.011 1.015
Gyro: 0.122 0.671 0.289
Accel: 0.0001 0.0010 1.009
Gyro: 0.305 0.732 0.244
Accel: 0.0001 0.007 1.006
Gyro: 0.183 0.564 0.259
Accel: 0.0001 0.009 1.009
Gyro: 0.305 0.610 0.228
Accel: 0.003 0.007 1.005
Gyro: 0.183 0.518 0.198
Accel: 0.0001 0.0010 1.014
Gyro: 0.289 0.488 0.228
Accel: 0.0001 0.011 1.009
Gyro: 0.259 0.732 0.259
Accel: 0.002 0.006 1.011
Gyro: 0.152 0.762 0.289
Accel: 0.0000 0.008 1.011
Gyro: 0.305 0.701 0.274
Accel: 0.0001 0.006 0.996
Gyro: 0.289 0.686 0.213
Accel: 0.0001 0.005 1.012
Gyro: 0.228 0.610 0.320
Accel: 0.002 0.0010 1.018
Gyro: 0.289 0.442 0.259
Accel: 0.0001 0.008 1.013
Gyro: 0.350 0.503 0.244
Accel: 0.005 0.0010 1.014
Gyro: 0.396 0.411 0.228
Accel: 0.002 0.006 1.0010
Gyro: 0.381 0.274 0.259
Accel: 0.002 0.005 1.004
Gyro: 0.335 0.427 0.289
Accel: 0.002 0.009 1.006
Gyro: 0.320 0.213 0.213
Accel: 0.0001 0.007 1.014
Gyro: 0.289 0.167 0.152
Accel: 0.002 0.008 1.008
Gyro: 0.244 0.228 0.228
Accel: 0.0001 0.009 1.0010
Gyro: 0.335 0.244 0.213
Accel: 0.002 0.007 1.011
Gyro: 0.381 0.137 0.244
Accel: 0.0000 0.006 0.995
Gyro: 0.366 0.259 0.244
Accel: 0.0000 0.006 1.007
Gyro: 0.274 0.442 0.305
Accel: 0.0000 0.006 1.002
Gyro: 0.167 0.762 0.213
Accel: 0.007 0.003 1.009
Gyro: 0.122 0.534 0.228
Accel: 0.002 0.008 1.014
Gyro: 0.152 0.976 0.305
Accel: 0.002 0.005 1.005
Gyro: 0.0000 -1.037 0.274
Accel: 0.0000 0.006 1.008
Gyro: 0.015 -1.037 0.320
Accel: 0.0001 0.004 1.0001
Gyro: 0.137 0.854 0.259
Accel: 0.002 0.003 1.009
Gyro: 0.183 0.885 0.366
Accel: 0.0000 0.008 1.008
Gyro: 0.076 0.946 0.259
Accel: 0.002 0.007 1.013
Gyro: 0.122 0.823 0.274
Accel: 0.0000 0.008 1.011
Gyro: 0.137 0.823 0.183
Accel: 0.0001 0.008 1.004
Gyro: 0.045 -1.174 0.289
Accel: 0.002 0.006 1.009
Gyro: 0.015 -1.174 0.213
Accel: 0.0001 0.009 1.005
Gyro: 0.030 -1.144 0.213
Accel: 0.0000 0.0010 1.007
Gyro: 0.030 0.961 0.244
Accel: 0.003 0.008 1.018
Gyro: 0.061 0.885 0.259
Accel: 0.0001 0.008 1.0010
Gyro: 0.213 0.793 0.244
Accel: 0.002 0.008 1.009
Gyro: 0.091 0.823 0.289
Accel: 0.003 0.007 1.006
Gyro: 0.137 0.778 0.320
Accel: 0.002 0.007 1.004
Gyro: 0.076 0.885 0.274
Accel: 0.0000 0.008 1.007
Gyro: 0.122 0.961 0.335
Accel: 0.002 0.007 1.014
Gyro: 0.015 0.976 0.213
Accel: 0.003 0.006 1.012
Gyro: 0.106 0.900 0.213
Accel: 0.004 0.007 1.008
Gyro: 0.122 0.778 0.289
Accel: 0.003 0.006 1.0010
Gyro: 0.076 0.961 0.259
Accel: 0.003 0.007 1.006
Gyro: 0.091 0.793 0.259
Accel: 0.0001 0.007 1.007
Gyro: 0.106 0.656 0.274
Accel: 0.003 0.007 1.011
Gyro: 0.152 0.762 0.305
Accel: 0.0001 0.006 1.007
Gyro: 0.137 0.732 0.244
Accel: 0.003 0.008 1.013
Gyro: 0.152 0.717 0.350
Accel: 0.002 0.009 1.009
Gyro: 0.228 0.793 0.274
Accel: 0.0000 0.0010 1.007
Gyro: 0.244 0.762 0.259
Accel: 0.0001 0.0010 1.0010
Gyro: 0.152 0.732 0.198
Accel: 0.002 0.007 1.007
Gyro: 0.198 0.656 0.274
Accel: 0.0001 0.007 1.008
Gyro: 0.213 0.732 0.305
Accel: 0.003 0.008 1.012
Gyro: 0.213 0.579 0.320
Accel: 0.003 0.007 1.014
Gyro: 0.213 0.579 0.244
Accel: 0.002 0.008 1.007
Gyro: 0.289 0.854 0.259
Accel: 0.003 0.008 1.0010
Gyro: 0.259 0.473 0.259
Accel: 0.003 0.006 1.009
Gyro: 0.137 0.762 0.167
Accel: 0.003 0.006 1.004
Gyro: 0.198 0.793 0.350
Accel: 0.004 0.008 1.011
Gyro: 0.228 0.656 0.259
Accel: 0.002 0.006 1.013
Gyro: 0.198 0.595 0.274
Accel: 0.0001 0.008 1.0010
Gyro: 0.228 0.701 0.228
Accel: 0.002 0.0010 1.0010
Gyro: 0.289 0.762 0.228
Accel: 0.002 0.008 1.008
Gyro: 0.152 0.610 0.259
Accel: 0.003 0.009 1.007
Gyro: 0.213 0.793 0.244
Accel: 0.003 0.008 1.011
Gyro: 0.289 0.686 0.305
Accel: 0.002 0.007 1.011
Gyro: 0.167 0.625 0.228
Accel: 0.0001 0.009 1.008
Gyro: 0.259 0.579 0.244
Accel: 0.004 0.008 1.011
Gyro: 0.244 0.625 0.259
Accel: 0.0001 0.006 1.005
Gyro: 0.335 0.762 0.259
Accel: 0.002 0.007 1.006
Gyro: 0.289 0.656 0.244
Accel: 0.002 0.006 1.008
Gyro: 0.244 0.579 0.259
Accel: 0.0001 0.008 1.011
Gyro: 0.259 0.747 0.274
Accel: 0.003 0.007 1.009
Gyro: 0.198 0.762 0.244
Accel: 0.003 0.008 1.012
Gyro: 0.122 0.762 0.183
Accel: 0.003 0.007 1.007
Gyro: 0.244 0.625 0.305
Accel: 0.002 0.005 1.007
Gyro: 0.167 0.717 0.183
Accel: 0.0001 0.007 1.0010
Gyro: 0.152 0.778 0.259
Accel: 0.003 0.007 1.007
Gyro: 0.305 0.732 0.274
