Accel: 0.098 0.021 1.002
Gyro: 5.111 -4.211 -1.464
Accel: 0.107 0.024 1.003
Gyro: 5.722 -4.577 -1.831
Accel: 0.105 0.023 0.994
Gyro: 5.828 -4.806 -2.258
Accel: 0.110 0.018 1.0001
Gyro: 5.935 -4.516 -2.487
Accel: 0.104 0.004 1.019
Gyro: 6.195 -4.959 -1.953
Accel: 0.113 0.003 0.998
Gyro: 6.561 -5.722 -1.510
Accel: 0.116 0.009 1.055
Gyro: 7.537 -5.737 0.991
Accel: 0.128 0.004 1.020
Gyro: 6.332 -4.394 0.289
Accel: 0.141 0.006 0.971
Gyro: 1.632 -1.312 0.030
Accel: 0.134 0.003 0.989
Gyro: 0.656 0.534 0.503
Accel: 0.132 0.018 1.008
Gyro: 0.366 0.106 0.488
Accel: 0.132 0.028 1.0001
Gyro: 0.289 0.732 0.274
Accel: 0.123 0.022 0.994
Gyro: 0.686 0.717 0.015
Accel: 0.126 0.021 1.007
Gyro: 0.015 0.518 0.183
Accel: 0.124 0.017 0.996
Gyro: 0.946 0.122 0.350
Accel: 0.125 0.018 0.991
Gyro: 0.991 0.167 0.473
Accel: 0.126 0.019 1.009
Gyro: 0.762 0.076 0.366
Accel: 0.118 0.015 1.005
Gyro: 0.381 0.686 0.167
Accel: 0.116 0.011 0.998
Gyro: 0.076 0.900 0.076
Accel: 0.118 0.003 0.993
Gyro: 0.289 0.717 0.015
Accel: 0.122 0.007 0.997
Gyro: -1.037 0.167 0.106
Accel: 0.131 0.005 0.988
Gyro: -3.173 1.846 0.579
Accel: 0.132 0.003 0.997
Gyro: -5.599 7.629 1.190
Accel: 0.140 0.014 0.988
Gyro: -8.209 6.195 1.800
Accel: 0.135 0.0010 0.994
Gyro: -11.047 8.544 2.365
Accel: 0.131 0.012 0.988
Gyro: -13.946 10.787 2.990
Accel: 0.113 0.021 0.988
Gyro: -15.121 11.901 3.128
Accel: 0.106 0.030 1.009
Gyro: -14.587 11.199 2.914
Accel: 0.101 0.034 1.009
Gyro: -12.466 9.613 2.716
Accel: 0.096 0.039 1.005
Gyro: -9.643 7.339 2.471
Accel: 0.092 0.040 1.018
Gyro: -5.950 4.531 2.120
Accel: 0.088 0.039 1.007
Gyro: -2.929 1.907 1.678
Accel: 0.090 0.042 0.996
Gyro: -1.129 0.701 1.144
Accel: 0.093 0.043 1.0010
Gyro: 0.610 0.244 0.381
Accel: 0.096 0.044 1.002
Gyro: 0.549 0.122 0.106
Accel: 0.098 0.041 0.999
Gyro: 0.640 0.259 0.595
Accel: 0.095 0.037 1.009
Gyro: 0.671 0.259 -1.007
Accel: 0.098 0.044 1.005
Gyro: 0.518 0.259 -1.235
Accel: 0.099 0.040 0.994
Gyro: 0.213 0.503 -1.373
Accel: 0.103 0.045 1.005
Gyro: 0.427 0.793 -1.480
Accel: 0.101 0.043 1.007
Gyro: 1.159 -1.586 -1.678
Accel: 0.0100 0.040 0.996
Gyro: 1.556 -1.785 -1.861
Accel: 0.104 0.044 1.007
Gyro: 1.708 -1.892 -2.029
Accel: 0.107 0.041 1.0000
Gyro: 1.815 -1.968 -1.724
Accel: 0.113 0.038 0.997
Gyro: 2.059 -1.983 -1.235
Accel: 0.113 0.028 1.006
Gyro: 2.227 -2.166 0.686
Accel: 0.110 0.028 0.998
Gyro: 1.937 -1.846 0.366
Accel: 0.107 0.028 0.998
Gyro: 0.961 0.991 0.228
Accel: 0.108 0.028 1.005
Gyro: 0.167 0.289 0.244
Accel: 0.109 0.026 0.997
Gyro: -1.205 0.411 0.152
Accel: 0.108 0.029 1.002
Gyro: -1.586 1.052 0.305
Accel: 0.108 0.030 1.003
Gyro: -2.044 1.220 0.457
Accel: 0.107 0.031 0.996
Gyro: -2.197 1.434 0.579
Accel: 0.107 0.033 1.003
Gyro: -2.151 1.602 0.793
Accel: 0.103 0.033 1.0010
Gyro: -1.861 1.235 0.869
Accel: 0.102 0.035 0.998
Gyro: -1.663 1.007 0.976
Accel: 0.102 0.038 1.003
Gyro: -1.449 0.930 0.946
Accel: 0.099 0.040 1.006
Gyro: -1.159 0.534 0.930
Accel: 0.102 0.042 0.995
Gyro: 0.747 0.610 0.747
Accel: 0.103 0.040 1.061
Gyro: 0.488 0.518 0.762
Accel: 0.098 0.037 1.009
Gyro: 0.137 0.167 0.854
Accel: 0.097 0.037 1.003
Gyro: 0.137 0.442 0.717
Accel: 0.097 0.038 1.003
Gyro: 0.457 0.778 0.595
Accel: 0.0100 0.031 1.003
Gyro: 0.534 0.793 0.701
Accel: 0.105 0.030 0.996
Gyro: 0.045 0.335 0.961
Accel: 0.107 0.031 1.003
Gyro: 0.610 0.350 1.052
Accel: 0.107 0.031 0.998
Gyro: -1.556 1.220 1.296
Accel: 0.106 0.032 0.997
Gyro: -2.593 2.166 1.358
Accel: 0.105 0.034 1.003
Gyro: -3.585 3.082 1.571
Accel: 0.103 0.034 1.007
Gyro: -4.013 3.540 1.754
Accel: 0.103 0.038 1.006
Gyro: -3.768 4.043 1.831
Accel: 0.097 0.040 1.003
Gyro: -4.150 3.921 1.861
Accel: 0.096 0.037 1.0001
Gyro: -4.562 4.623 1.953
Accel: 0.083 0.025 1.0000
Gyro: -5.493 5.554 2.044
Accel: 0.091 0.033 1.0010
Gyro: -6.439 6.240 1.907
Accel: 0.085 0.029 1.013
Gyro: -6.942 6.835 1.922
Accel: 0.075 0.030 1.0000
Gyro: -7.369 7.186 1.831
Accel: 0.079 0.044 0.937
Gyro: -7.476 7.354 1.312
Accel: 0.075 0.042 1.004
Gyro: -7.186 7.095 0.885
Accel: 0.073 0.048 1.007
Gyro: -6.622 6.072 0.732
Accel: 0.072 0.047 1.005
Gyro: -5.401 5.233 0.457
Accel: 0.078 0.057 1.005
Gyro: -4.425 3.997 -3.906
Accel: 0.065 0.057 1.003
Gyro: -3.448 3.067 0.244
Accel: 0.077 0.060 1.003
Gyro: -2.105 1.953 0.732
Accel: 0.080 0.061 1.005
Gyro: 0.854 0.350 0.961
Accel: 0.081 0.0000 0.996
Gyro: 0.656 -1.098 0.900
Accel: 0.084 0.063 1.003
Gyro: 2.090 -2.548 -1.342
Accel: 0.079 0.068 1.006
Gyro: 3.738 -3.875 -1.556
Accel: 0.093 0.066 0.992
Gyro: 4.882 -5.081 -1.510
Accel: 0.091 0.068 0.999
Gyro: 5.767 -6.027 -1.464
Accel: 0.096 0.071 1.007
Gyro: 6.820 -7.003 -1.388
Accel: 0.094 0.062 1.003
Gyro: 7.446 -7.705 -1.174
Accel: 0.096 0.052 1.0000
Gyro: 7.568 -7.904 -1.113
Accel: 0.097 0.056 1.008
Gyro: 7.629 -7.858 -1.068
Accel: 0.094 0.050 1.003
Gyro: 7.644 -7.827 -1.098
Accel: 0.097 0.050 1.0000
Gyro: 7.354 -7.614 -1.190
Accel: 0.105 0.052 1.002
Gyro: 6.820 -7.003 -1.098
Accel: 0.105 0.045 1.027
Gyro: 6.439 -5.538 0.808
Accel: 0.110 0.030 0.992
Gyro: 4.592 -4.043 0.335
Accel: 0.108 0.030 0.991
Gyro: 2.532 -2.365 3.875
Accel: 0.105 0.030 1.005
Gyro: 1.037 -1.052 0.335
Accel: 0.104 0.033 1.002
Gyro: 0.122 0.244 0.625
Accel: 0.103 0.034 0.994
Gyro: 0.717 0.320 0.976
Accel: 0.099 0.040 1.005
Gyro: 0.885 0.411 1.083
Accel: 0.096 0.040 1.003
Gyro: 0.747 0.503 1.052
Accel: 0.097 0.042 0.998
Gyro: 0.671 0.381 1.144
Accel: 0.094 0.044 1.007
Gyro: 0.518 0.274 1.022
Accel: 0.091 0.046 1.005
Gyro: 0.152 3.875 0.854
Accel: 0.090 0.047 0.997
Gyro: 0.259 0.442 0.503
Accel: 0.090 0.048 1.007
Gyro: 0.808 0.930 0.274
Accel: 0.090 0.046 1.007
Gyro: 1.892 -1.800 0.137
Accel: 0.091 0.045 0.999
Gyro: 2.700 -2.517 0.061
Accel: 0.090 0.046 1.009
Gyro: 3.067 -3.143 0.320
Accel: 0.091 0.042 1.005
Gyro: 3.479 -3.448 0.503
Accel: 0.096 0.039 0.998
Gyro: 3.524 -3.387 0.549
Accel: 0.0100 0.036 1.006
Gyro: 3.524 -3.387 0.381
Accel: 0.104 0.032 1.003
Gyro: 3.280 -3.097 0.091
Accel: 0.103 0.034 0.994
Gyro: 2.624 -2.441 0.076
Accel: 0.101 0.034 1.005
Gyro: 1.632 -1.403 0.152
Accel: 0.103 0.032 1.0000
Gyro: 0.473 0.503 0.289
Accel: 0.103 0.034 0.999
Gyro: 0.305 0.091 0.427
Accel: 0.101 0.036 1.006
Gyro: 0.656 0.228 0.595
Accel: 0.0100 0.034 1.004
Gyro: 0.885 0.183 0.732
Accel: 0.099 0.038 1.0000
Gyro: -1.174 0.503 0.808
Accel: 0.099 0.038 1.007
Gyro: -1.022 0.503 0.732
Accel: 0.097 0.039 1.004
Gyro: 0.854 0.228 0.671
Accel: 0.096 0.047 0.999
Gyro: 0.366 0.0000 0.595
Accel: 0.107 0.059 1.004
Gyro: 0.228 0.457 0.671
Accel: 0.108 0.054 1.0000
Gyro: 0.885 -1.068 0.900
Accel: 0.106 0.045 0.992
Gyro: 1.708 -1.296 1.235
Accel: 0.094 0.029 1.0010
Gyro: 2.532 -1.907 1.434
Accel: 0.025 0.162 1.009
Gyro: 9.262 -9.307 -3.936
Accel: 0.017 0.149 1.015
Gyro: 8.377 -8.666 -6.072
Accel: 0.003 0.135 1.003
Gyro: 8.499 -8.987 -7.873
Accel: 0.007 0.121 1.002
Gyro: 9.124 -10.818 -9.124
Accel: 0.007 0.114 1.019
Gyro: 10.040 -12.527 -9.796
Accel: 0.060 0.116 1.051
Gyro: 11.627 -13.687 -10.147
Accel: 0.061 0.104 1.0010
Gyro: 11.520 -14.755 -10.269
Accel: 0.002 0.090 0.989
Gyro: 9.811 -13.717 -10.253
Accel: 0.0000 0.081 1.016
Gyro: 7.446 -10.696 -9.536
Accel: 0.022 0.085 0.940
Gyro: 3.860 -4.760 -8.895
Accel: 0.012 0.080 0.989
Gyro: -2.258 0.030 -7.476
Accel: 0.0010 0.069 1.020
Gyro: -6.790 6.072 -5.844
Accel: 0.023 0.072 1.039
Gyro: -12.939 11.032 -4.791
Accel: 0.055 0.094 1.045
Gyro: -23.132 16.571 -4.302
Accel: 0.087 0.110 1.032
Gyro: -26.550 21.972 -4.318
Accel: 0.071 0.118 1.075
Gyro: -30.059 26.550 -4.501
Accel: 0.059 0.105 1.030
Gyro: -32.211 23.132 -5.599
Accel: 0.009 0.092 1.082
Gyro: -30.532 15.853 -7.049
Accel: 0.037 0.089 1.129
Gyro: -25.985 2.365 -10.070
Accel: 0.037 0.108 1.141
Gyro: -20.080 -14.953 -15.029
Accel: 0.033 0.111 1.101
Gyro: -16.143 -21.453 -20.858
Accel: 0.004 0.130 1.011
Gyro: -14.938 -26.229 -28.320
Accel: 0.032 0.066 1.036
Gyro: -13.839 -29.464 -36.346
Accel: 0.069 0.244 1.069
Gyro: -11.535 -34.591 -39.260
Accel: 0.084 0.214 1.029
Gyro: -4.928 -41.961 -37.887
Accel: 0.105 0.216 0.998
Gyro: 0.564 -53.161 -35.278
Accel: 0.112 0.221 1.012
Gyro: 9.887 -64.056 -27.359
Accel: 0.124 0.221 0.962
Gyro: 18.508 -77.651 -27.328
Accel: 0.140 0.235 0.979
Gyro: 24.536 -83.404 -19.882
Accel: 0.139 0.229 1.004
Gyro: 29.357 -90.438 -19.287
Accel: 0.123 0.206 0.941
Gyro: 33.386 -95.565 -12.710
Accel: 0.134 0.204 0.978
Gyro: 34.729 -98.037 -6.622
Accel: 0.125 0.194 0.998
Gyro: 33.660 -96.603 0.823
Accel: 0.148 0.199 1.019
Gyro: 31.051 -92.864 5.676
Accel: 0.238 0.201 1.008
Gyro: 26.550 -89.157 9.735
Accel: 0.455 0.075 0.996
Gyro: 19.454 -83.648 9.460
Accel: 0.352 0.040 0.926
Gyro: 11.489 -76.461 3.631
Accel: 0.423 0.014 0.982
Gyro: 6.134 -68.435 -5.859
Accel: 0.410 0.121 1.024
Gyro: 0.0000 -62.423 -12.680
Accel: 0.422 0.111 1.033
Gyro: 2.502 -59.326 -17.684
Accel: 0.454 0.124 1.065
Gyro: 1.815 -55.709 -21.347
Accel: 0.505 0.147 1.156
Gyro: 2.609 -43.777 -23.0010
Accel: 0.483 0.200 1.226
Gyro: 1.037 -25.680 -22.720
Accel: 0.444 0.228 1.250
Gyro: 0.762 -9.536 -21.972
Accel: 0.398 0.256 1.238
Gyro: 0.976 2.578 -21.697
Accel: 0.365 0.267 1.214
Gyro: 6.408 8.163 -22.155
Accel: 0.352 0.281 1.178
Gyro: 18.920 6.759 -23.452
Accel: 0.349 0.313 1.153
Gyro: 23.895 -1.708 -26.412
Accel: 0.332 0.318 1.131
Gyro: 31.845 -13.229 -30.044
Accel: 0.301 0.301 1.082
Gyro: 38.696 -26.199 -33.950
Accel: 0.259 0.271 1.032
Gyro: 46.981 -43.167 -42.846
Accel: 0.224 0.237 0.993
Gyro: 60.729 -61.782 -43.594
Accel: 0.230 0.221 0.949
Gyro: 74.066 -81.573 -58.212
Accel: 0.303 0.152 0.850
Gyro: 67.062 -99.517 -77.468
Accel: 0.576 0.119 0.858
Gyro: 61.386 -109.878 -98.251
Accel: 0.524 0.224 0.797
Gyro: 47.576 -105.194 -122.940
Accel: 0.540 0.056 0.764
Gyro: 34.637 -82.672 -159.713
Accel: 0.488 0.061 0.699
Gyro: 23.239 -61.141 -185.836
Accel: 0.506 0.138 0.738
Gyro: 18.692 -44.921 -197.280
Accel: 0.415 0.185 0.818
Gyro: 13.397 -40.588 -199.920
Accel: 0.350 0.104 0.795
Gyro: 7.766 -35.659 -199.844
Accel: 0.427 0.054 0.746
Gyro: 8.071 -30.471 -194.580
Accel: 0.522 0.119 0.692
Gyro: 15.167 -30.059 -164.749
Accel: 0.469 0.009 0.741
Gyro: 16.311 -31.143 -132.766
Accel: 0.441 0.050 0.743
Gyro: 26.947 -18.585 -117.446
Accel: 0.412 0.105 0.747
Gyro: 32.989 3.341 -114.288
Accel: 0.376 0.140 0.763
Gyro: 45.684 23.086 -117.660
Accel: 0.370 0.148 0.812
Gyro: 62.179 37.490 -121.643
Accel: 0.248 0.040 0.799
Gyro: 81.436 53.680 -125.885
Accel: 0.461 0.090 0.851
Gyro: 106.094 73.654 -124.069
Accel: 0.759 0.579 1.621
Gyro: 111.373 30.197 -116.027
Accel: -1.142 0.858 1.225
Gyro: 108.779 8.880 -75.576
Accel: 0.127 0.605 0.941
Gyro: 97.747 39.764 -42.251
Accel: 0.022 0.483 1.021
Gyro: 85.540 29.541 -30.487
Accel: 0.336 0.420 0.958
Gyro: 68.634 12.466 -23.300
Accel: 0.517 0.459 0.893
Gyro: 53.146 9.017 -20.401
Accel: 0.536 0.510 0.968
Gyro: 38.299 -5.187 -18.753
Accel: 0.562 0.508 0.990
Gyro: 33.706 -24.353 -14.968
Accel: 0.762 0.517 1.112
Gyro: 36.193 -44.418 -11.077
Accel: 0.927 0.622 1.133
Gyro: 41.610 -76.751 -7.583
Accel: 0.919 0.576 1.173
Gyro: 47.744 -108.444 -9.689
Accel: 0.964 0.576 1.181
Gyro: 59.600 -140.121 -20.751
Accel: 1.053 0.584 1.321
Gyro: 83.236 -164.718 -34.011
Accel: 1.073 0.725 1.306
Gyro: 112.533 -178.192 -50.582
Accel: 1.0100 0.827 1.297
Gyro: 144.165 -180.114 -75.744
Accel: 1.110 0.907 1.224
Gyro: 175.750 -177.139 -102.142
Accel: 1.118 0.926 1.235
Gyro: 203.598 -166.061 -135.330
Accel: 1.265 1.020 1.156
Gyro: 229.766 -157.073 -163.940
Accel: 1.332 1.049 1.012
Gyro: 246.688 -155.181 -186.981
Accel: 1.286 1.042 0.865
Gyro: 265.075 -156.433 -209.411
Accel: 1.199 0.989 0.739
Gyro: 268.569 -160.583 -225.753
Accel: 1.091 0.936 0.611
Gyro: 269.805 -168.685 -235.351
Accel: 0.877 0.879 0.466
Gyro: 266.174 -173.324 -239.517
Accel: 0.763 0.807 0.326
Gyro: 257.537 -178.085 -240.493
Accel: 0.600 0.734 0.199
Gyro: 244.201 -181.640 -240.386
Accel: 0.439 0.668 0.108
Gyro: 226.608 -182.846 -239.730
Accel: 0.307 0.586 0.028
Gyro: 204.727 -183.670 -237.884
Accel: 0.190 0.445 0.043
Gyro: 177.368 -188.385 -235.015
Accel: 0.109 0.323 0.119
Gyro: 151.687 -195.434 -232.177
Accel: 0.018 0.295 0.103
Gyro: 117.172 -206.283 -227.508
Accel: 0.072 0.128 0.074
Gyro: 74.447 -225.311 -220.443
Accel: 0.108 0.077 0.050
Gyro: 38.223 -248.092 -212.005
Accel: 0.103 0.083 0.027
Gyro: -1.174 -269.790 -202.056
Accel: 0.125 0.247 0.189
Gyro: -34.973 -290.939 -189.514
Accel: 0.114 0.425 0.397
Gyro: -58.517 -306.381 -166.198
Accel: 0.093 0.576 0.675
Gyro: -70.724 -310.516 -143.997
Accel: 0.154 0.688 0.981
Gyro: -74.554 -303.573 -104.675
Accel: 0.312 0.733 1.261
Gyro: -73.043 -278.686 -64.315
Accel: 0.543 0.784 1.677
Gyro: -59.158 -248.458 -14.495
Accel: 0.650 0.825 1.952
Gyro: -42.007 -198.974 38.818
Accel: 0.751 0.850 2.241
Gyro: -12.313 -136.688 98.068
Accel: 0.739 0.818 2.457
Gyro: 18.676 -67.855 165.786
Accel: 0.475 0.703 2.565
Gyro: 42.358 8.956 239.257
Accel: 0.043 0.474 2.566
Gyro: 48.385 92.605 309.799
Accel: 0.466 0.175 2.499
Gyro: 31.051 169.128 370.727
Accel: 1.147 0.177 2.417
Gyro: -4.959 226.821 406.448
Accel: 1.805 0.590 2.355
Gyro: -57.632 278.518 422.180
Accel: 2.254 0.962 2.335
Gyro: -110.473 317.260 401.0000
Accel: 2.447 1.273 2.332
Gyro: -162.780 360.198 351.409
Accel: 2.459 1.464 2.361
Gyro: -194.549 409.057 289.749
Accel: 2.357 1.436 2.344
Gyro: -182.601 455.780 235.336
Accel: 2.200 1.327 2.255
Gyro: -129.653 484.359 202.575
Accel: 2.140 1.167 2.009
Gyro: -46.981 488.815 189.025
Accel: 2.137 1.080 1.617
Gyro: 51.651 467.971 180.892
Accel: 2.243 1.020 1.098
Gyro: 150.695 422.866 167.449
Accel: 2.294 1.041 0.580
Gyro: 237.121 368.148 135.391
Accel: 2.145 1.066 0.017
Gyro: 301.651 302.612 96.221
Accel: 1.966 1.028 0.481
Gyro: 346.786 236.267 47.683
Accel: 1.823 0.960 0.838
Gyro: 364.303 189.254 8.300
Accel: 1.630 0.849 -1.156
Gyro: 362.243 147.048 -19.729
Accel: 1.537 0.772 -1.402
Gyro: 339.767 120.361 -36.651
Accel: 1.428 0.684 -1.619
Gyro: 304.656 110.412 -45.318
Accel: 1.326 0.585 -1.802
Gyro: 261.520 111.572 -49.316
Accel: 1.243 0.475 -1.962
Gyro: 213.562 113.937 -50.354
Accel: 1.167 0.354 -2.127
Gyro: 164.215 110.931 -46.417
Accel: 1.029 0.285 -2.263
Gyro: 115.112 90.499 -32.089
Accel: 0.952 0.138 -2.366
Gyro: 65.093 59.066 -17.272
Accel: 0.714 0.205 -2.398
Gyro: 14.144 18.692 7.568
Accel: 0.639 0.187 -2.394
Gyro: -32.119 -28.610 35.110
Accel: 0.749 0.146 -2.342
Gyro: -66.452 -81.283 48.065
Accel: 0.798 0.169 -2.186
Gyro: -95.581 -148.117 56.381
Accel: 0.868 0.249 -2.011
Gyro: -114.440 -219.406 61.660
Accel: 0.864 0.372 -1.815
Gyro: -125.625 -285.537 65.567
Accel: 0.979 0.469 -1.519
Gyro: -132.385 -353.149 58.670
Accel: 1.076 0.604 -1.224
Gyro: -132.781 -425.003 50.292
Accel: 1.136 0.801 0.869
Gyro: -126.159 -484.741 33.538
Accel: 1.266 0.879 0.403
Gyro: -117.965 -499.969 21.759
Accel: 1.653 1.0000 0.031
Gyro: -121.810 -499.969 11.413
Accel: 1.980 1.107 0.551
Gyro: -139.785 -499.969 1.190
Accel: 2.239 1.157 1.101
Gyro: -166.229 -499.969 -5.584
Accel: 2.317 1.150 1.608
Gyro: -194.412 -470.474 -11.993
Accel: 2.219 1.026 2.068
Gyro: -219.161 -405.731 -34.408
Accel: 1.946 0.864 2.475
Gyro: -231.796 -343.444 -63.934
Accel: 1.593 0.609 2.826
Gyro: -218.215 -285.095 -96.939
Accel: 1.222 0.260 3.148
Gyro: -176.223 -232.070 -123.733
Accel: 0.831 0.033 4.054
Gyro: -114.471 -185.440 -130.279
Accel: 0.648 0.305 3.564
Gyro: -64.559 -129.867 -126.419
Accel: 0.426 0.471 3.265
Gyro: -19.256 -66.116 -109.802
Accel: 0.275 0.601 3.226
Gyro: 8.956 -3.967 -78.125
Accel: 0.218 0.716 3.155
Gyro: 29.556 59.249 -32.379
Accel: 0.184 0.720 2.997
Gyro: 38.467 123.336 26.947
Accel: 0.180 0.638 2.793
Gyro: 34.988 184.463 87.127
Accel: 0.314 0.481 2.589
Gyro: 19.897 247.360 154.968
Accel: 0.597 0.284 2.404
Gyro: 0.259 314.666 201.690
Accel: 0.958 0.046 2.236
Gyro: -33.065 375.518 241.149
Accel: 1.328 0.371 2.084
Gyro: -69.915 438.583 268.615
Accel: 1.737 0.686 1.940
Gyro: -109.664 499.984 285.156
Accel: 2.020 0.897 1.792
Gyro: -137.130 499.984 294.876
Accel: 2.258 1.156 1.653
Gyro: -149.765 499.984 297.439
Accel: 2.381 1.346 1.513
Gyro: -130.752 499.984 287.872
Accel: 2.411 1.459 1.308
Gyro: -82.382 499.984 262.603
Accel: 2.392 1.537 1.070
Gyro: -10.284 492.004 238.082
Accel: 2.453 1.512 0.817
Gyro: 72.463 423.721 196.075
Accel: 2.493 1.510 0.511
Gyro: 152.008 360.565 155.517
Accel: 2.521 1.517 0.197
Gyro: 206.344 305.114 109.069
Accel: 2.477 1.536 0.021
Gyro: 238.250 271.301 62.957
Accel: 2.422 1.505 0.233
Gyro: 243.057 247.314 15.747
Accel: 2.355 1.426 0.392
Gyro: 230.728 244.354 -30.090
Accel: 2.171 1.360 0.639
Gyro: 201.522 256.942 -74.493
Accel: 1.947 1.210 0.844
Gyro: 155.029 268.951 -114.868
Accel: 1.725 1.067 -1.063
Gyro: 94.772 277.069 -145.034
Accel: 1.510 0.840 -1.160
Gyro: 32.714 274.383 -176.391
Accel: 1.326 0.583 -1.225
Gyro: -25.070 266.769 -205.902
Accel: 1.188 0.344 -1.301
Gyro: -75.012 260.879 -219.421
Accel: 1.0010 0.122 -1.353
Gyro: -121.841 246.063 -225.891
Accel: 0.890 0.091 -1.438
Gyro: -161.834 226.013 -223.770
Accel: 0.723 0.308 -1.560
Gyro: -197.021 201.553 -214.797
Accel: 0.549 0.358 -1.649
Gyro: -228.424 164.855 -199.340
Accel: 0.400 0.448 -1.734
Gyro: -257.324 121.658 -178.619
Accel: 0.294 0.479 -1.758
Gyro: -274.749 74.005 -158.721
Accel: 0.229 0.477 -1.738
Gyro: -280.548 15.243 -139.434
Accel: 0.187 0.473 -1.673
Gyro: -274.490 -54.199 -123.962
Accel: 0.177 0.428 -1.509
Gyro: -259.597 -131.500 -106.399
Accel: 0.071 0.344 -1.325
Gyro: -241.928 -219.696 -98.678
Accel: 0.099 0.140 -1.168
Gyro: -216.903 -303.161 -87.783
Accel: 0.183 0.098 0.821
Gyro: -202.636 -374.282 -78.903
Accel: 0.0100 0.087 0.296
Gyro: -184.036 -452.728 -73.120
Accel: 0.204 0.099 0.412
Gyro: -175.994 -499.969 -69.961
Accel: 0.608 0.105 1.281
Gyro: -168.685 -499.969 -75.134
Accel: 0.994 0.164 2.301
Gyro: -164.474 -499.969 -95.382
Accel: 1.409 0.206 3.376
Gyro: -165.603 -499.969 -113.784
Accel: 1.706 0.262 4.278
Gyro: -168.395 -499.969 -121.612
Accel: 1.891 0.391 4.997
Gyro: -171.203 -401.031 -112.182
Accel: 1.830 0.441 5.371
Gyro: -169.387 -245.071 -83.068
Accel: 1.530 0.499 5.599
Gyro: -162.414 -88.684 -45.455
Accel: 1.254 0.492 5.641
Gyro: -145.462 47.180 -12.359
Accel: 1.076 0.531 5.445
Gyro: -119.003 183.349 10.864
Accel: 0.980 0.681 5.141
Gyro: -61.370 288.696 28.182
Accel: 0.835 0.690 4.410
Gyro: 0.122 361.877 38.314
Accel: 0.743 0.699 3.673
Gyro: 71.090 395.523 42.144
Accel: 0.633 0.646 3.050
Gyro: 143.997 393.936 43.319
Accel: 0.602 0.650 2.479
Gyro: 217.300 366.744 37.979
Accel: 0.556 0.619 1.989
Gyro: 288.833 325.897 31.875
Accel: 0.506 0.574 1.483
Gyro: 342.926 282.730 28.854
Accel: 0.533 0.531 1.078
Gyro: 376.922 251.983 27.389
Accel: 0.563 0.452 0.733
Gyro: 389.297 231.872 24.902
Accel: 0.625 0.386 0.398
Gyro: 393.264 224.807 18.432
Accel: 0.720 0.328 0.039
Gyro: 384.170 226.043 4.150
Accel: 0.760 0.242 0.330
Gyro: 357.376 228.637 -9.323
Accel: 0.779 0.172 0.650
Gyro: 312.927 229.309 -36.605
Accel: 0.767 0.130 -1.027
Gyro: 254.379 228.210 -59.310
Accel: 0.740 0.118 -1.272
Gyro: 192.230 226.974 -83.602
Accel: 0.698 0.134 -1.520
Gyro: 125.991 220.977 -104.248
Accel: 0.684 0.307 -1.713
Gyro: 63.171 211.456 -122.161
Accel: 0.649 0.352 -1.864
Gyro: 14.892 195.602 -133.544
Accel: 0.611 0.457 -2.016
Gyro: -34.347 175.140 -135.192
Accel: 0.534 0.519 -2.138
Gyro: -79.330 146.682 -122.482
Accel: 0.484 0.584 -2.234
Gyro: -119.598 109.344 -108.245
Accel: 0.426 0.558 -2.235
Gyro: -157.821 57.373 -79.025
Accel: 0.515 0.527 -2.109
Gyro: -189.025 -5.706 -45.074
Accel: 0.625 0.527 -1.964
Gyro: -213.745 -93.170 -31.631
Accel: 0.600 0.367 -1.722
Gyro: -223.739 -181.472 -22.033
Accel: 0.585 0.204 -1.455
Gyro: -227.661 -258.529 -14.480
Accel: 0.648 0.136 -1.038
Gyro: -227.844 -340.194 -13.153
Accel: 0.745 0.051 0.512
Gyro: -224.304 -411.132 -16.159
Accel: 0.818 0.048 0.104
Gyro: -218.460 -464.797 -23.712
Accel: 1.028 0.159 0.791
Gyro: -220.108 -497.985 -42.404
Accel: 1.259 0.218 1.567
Gyro: -242.126 -499.969 -72.830
Accel: 1.458 0.196 2.434
Gyro: -286.315 -478.302 -107.910
Accel: 1.602 0.019 3.275
Gyro: -333.343 -420.913 -135.467
Accel: 1.622 0.363 4.024
Gyro: -357.406 -337.600 -142.654
Accel: 1.402 0.541 4.718
Gyro: -349.304 -245.620 -138.778
Accel: 1.026 0.651 5.088
Gyro: -315.032 -159.942 -125.106
Accel: 0.589 0.662 5.266
Gyro: -262.954 -60.791 -102.645
Accel: 0.289 0.606 5.184
Gyro: -198.120 34.408 -76.354
Accel: 0.055 0.534 4.881
Gyro: -129.959 103.210 -56.488
Accel: 0.174 0.446 4.500
Gyro: -63.964 143.783 -43.136
Accel: 0.269 0.422 4.088
Gyro: 2.502 161.666 -43.899
Accel: 0.356 0.432 3.729
Gyro: 78.445 162.994 -42.312
Accel: 0.436 0.462 3.421
Gyro: 162.429 146.911 -39.978
Accel: 0.432 0.505 3.053
Gyro: 250.198 114.440 -36.346
Accel: 0.405 0.576 2.748
Gyro: 338.287 79.421 -33.920
Accel: 0.316 0.590 2.437
Gyro: 412.887 51.498 -29.861
Accel: 0.247 0.602 2.139
Gyro: 481.536 38.085 -25.177
Accel: 0.102 0.583 1.819
Gyro: 499.984 32.119 -24.688
Accel: 0.015 0.544 1.502
Gyro: 499.984 29.907 -34.500
Accel: 0.043 0.518 1.153
Gyro: 499.984 28.793 -46.813
Accel: 0.120 0.513 0.911
Gyro: 499.984 22.872 -62.500
Accel: 0.123 0.507 0.567
Gyro: 499.984 0.900 -77.575
Accel: 0.089 0.523 0.402
Gyro: 499.984 -23.788 -98.587
Accel: 0.017 0.555 0.196
Gyro: 499.984 -55.496 -118.453
Accel: 0.017 0.633 0.032
Gyro: 499.984 -92.651 -134.506
Accel: 0.116 0.719 0.059
Gyro: 499.984 -154.174 -143.936
Accel: 0.272 0.794 0.104
Gyro: 499.984 -228.302 -145.507
Accel: 0.307 0.883 0.073
Gyro: 499.984 -299.682 -141.876
Accel: 0.347 -1.0000 0.028
Gyro: 499.984 -356.781 -133.956
Accel: 0.388 -1.109 0.067
Gyro: 499.984 -404.739 -122.528
Accel: 0.432 -1.243 0.172
Gyro: 499.984 -432.510 -108.703
Accel: 0.531 -1.217 0.431
Gyro: 499.984 -443.328 -91.247
Accel: 0.628 -1.247 0.428
Gyro: 499.984 -433.471 -64.483
Accel: 0.722 -1.202 0.626
Gyro: 499.984 -399.932 -26.367
Accel: 0.788 -1.029 0.839
Gyro: 499.984 -343.627 20.065
Accel: 0.770 0.731 1.028
Gyro: 499.984 -248.275 65.719
Accel: 0.686 0.347 1.165
Gyro: 499.984 -119.781 103.027
Accel: 0.572 0.096 1.205
Gyro: 374.923 32.592 125.183
Accel: 0.401 0.572 1.096
Gyro: 213.104 196.029 148.132
Accel: 0.059 0.970 0.873
Gyro: 44.937 363.632 157.424
Accel: 0.473 1.295 0.500
Gyro: -116.012 498.031 162.857
Accel: 0.998 1.508 0.184
Gyro: -248.229 499.984 158.416
Accel: 1.432 1.759 0.061
Gyro: -336.349 499.984 147.155
Accel: 1.736 1.956 0.164
Gyro: -386.444 499.984 133.819
Accel: 1.916 2.071 0.102
Gyro: -378.723 499.984 117.202
Accel: 2.157 2.132 0.086
Gyro: -328.094 499.984 94.650
Accel: 2.308 2.223 0.033
Gyro: -247.009 481.857 69.198
Accel: 2.292 2.314 0.025
Gyro: -147.720 426.086 39.031
Accel: 2.411 2.263 0.184
Gyro: -47.958 394.226 -4.791
Accel: 2.597 2.124 0.385
Gyro: 30.715 359.710 -44.235
Accel: 2.629 1.995 0.799
Gyro: 81.237 333.786 -92.330
Accel: 2.540 1.759 -1.177
Gyro: 102.737 312.988 -143.173
Accel: 2.366 1.593 -1.590
Gyro: 98.800 298.217 -192.260
Accel: 2.131 1.311 -1.915
Gyro: 69.168 287.933 -235.107
Accel: 2.020 1.020 -2.139
Gyro: 20.141 281.738 -263.061
Accel: 1.804 0.776 -2.290
Gyro: -43.197 281.005 -276.504
Accel: 1.566 0.577 -2.355
Gyro: -116.897 278.442 -265.914
Accel: 1.396 0.402 -2.364
Gyro: -187.042 271.835 -248.718
Accel: 1.187 0.311 -2.274
Gyro: -239.395 254.440 -223.281
Accel: 1.033 0.258 -2.252
Gyro: -284.072 221.755 -211.212
Accel: 0.956 0.125 -2.168
Gyro: -318.466 180.618 -199.249
Accel: 0.889 0.097 -2.006
Gyro: -338.867 138.641 -192.321
Accel: 0.838 0.061 -1.819
Gyro: -342.651 90.759 -191.299
Accel: 0.797 0.089 -1.636
Gyro: -337.966 45.471 -192.626
Accel: 0.741 0.177 -1.483
Gyro: -326.782 2.151 -195.953
Accel: 0.704 0.278 -1.361
Gyro: -315.399 -38.284 -202.957
Accel: 0.674 0.383 -1.259
Gyro: -305.603 -77.072 -199.920
Accel: 0.655 0.492 -1.197
Gyro: -300.979 -114.562 -196.289
Accel: 0.642 0.592 -1.147
Gyro: -305.786 -153.015 -186.691
Accel: 0.605 0.689 -1.041
Gyro: -325.027 -202.926 -167.190
Accel: 0.485 0.735 0.884
Gyro: -355.606 -245.834 -135.070
Accel: 0.344 0.787 0.763
Gyro: -389.114 -310.531 -90.530
Accel: 0.276 0.851 0.500
Gyro: -401.260 -384.567 -34.439
Accel: 0.430 0.958 0.113
Gyro: -391.845 -470.626 33.859
Accel: 0.804 -1.0001 0.331
Gyro: -354.141 -499.969 109.817
Accel: 1.357 0.971 0.840
Gyro: -292.343 -499.969 173.248
Accel: 1.944 0.913 1.342
Gyro: -209.655 -499.969 218.475
Accel: 2.445 0.611 1.865
Gyro: -117.736 -499.969 239.105
Accel: 2.852 0.146 2.546
Gyro: -22.308 -499.969 240.051
Accel: 3.301 0.474 3.262
Gyro: 75.302 -499.969 212.707
Accel: 3.494 1.184 3.743
Gyro: 184.020 -499.969 162.582
Accel: 3.905 1.445 3.798
Gyro: 274.566 -499.969 82.0000
Accel: 3.944 2.151 3.485
Gyro: 312.088 -430.984 -5.340
Accel: 3.785 2.603 2.934
Gyro: 280.548 -303.894 -91.522
Accel: 3.579 2.603 2.395
Gyro: 198.425 -188.903 -173.751
Accel: 3.215 2.300 1.966
Gyro: 108.489 -83.984 -237.701
Accel: 2.797 1.849 1.664
Gyro: 34.179 1.708 -269.592
Accel: 2.434 1.418 1.428
Gyro: -16.448 66.314 -291.320
Accel: 2.123 1.098 1.210
Gyro: -45.394 92.605 -303.192
Accel: 1.845 0.843 1.058
Gyro: -49.880 78.933 -314.0010
Accel: 1.468 0.662 0.965
Gyro: -32.150 44.128 -328.201
Accel: 1.221 0.539 0.909
Gyro: 0.305 -3.433 -346.221
Accel: 0.994 0.468 0.858
Gyro: 34.469 -43.869 -366.333
Accel: 0.766 0.395 0.796
Gyro: 69.305 -74.050 -386.734
Accel: 0.698 0.299 0.711
Gyro: 96.466 -93.292 -403.213
Accel: 0.619 0.138 0.601
Gyro: 115.356 -100.112 -429.244
Accel: 0.565 0.018 0.495
Gyro: 127.075 -99.273 -449.890
Accel: 0.498 0.240 0.313
Gyro: 131.835 -95.504 -476.272
Accel: 0.390 0.421 0.287
Gyro: 132.049 -92.819 -499.969
Accel: 0.350 0.567 0.224
Gyro: 128.646 -91.400 -499.969
Accel: 0.327 0.777 0.158
Gyro: 121.154 -92.803 -499.969
Accel: 0.345 -1.059 0.076
Gyro: 108.444 -102.294 -499.969
Accel: 0.332 -1.355 0.0001
Gyro: 90.881 -125.076 -499.969
Accel: 0.370 -1.634 0.006
Gyro: 69.885 -166.870 -485.214
Accel: 0.018 -1.896 0.074
Gyro: 49.362 -219.619 -431.106
Accel: 0.238 -1.993 0.268
Gyro: 38.162 -266.128 -351.821
Accel: 0.600 -1.968 0.537
Gyro: 40.740 -286.300 -255.599
Accel: 0.875 -1.823 0.851
Gyro: 55.801 -266.571 -162.033
Accel: -1.116 -1.740 1.065
Gyro: 75.149 -204.574 -56.701
Accel: -1.165 -1.623 1.254
Gyro: 82.931 -127.944 43.823
Accel: -1.197 -1.444 1.322
Gyro: 69.473 -39.047 139.984
Accel: -1.099 -1.439 1.286
Gyro: 39.779 44.921 239.425
Accel: 0.956 -1.366 1.163
Gyro: 2.258 115.875 343.643
Accel: 0.777 -1.296 1.009
Gyro: -40.542 167.327 441.955
Accel: 0.512 -1.222 0.903
Gyro: -90.484 201.995 499.984
Accel: 0.123 -1.149 0.912
Gyro: -149.093 224.655 499.984
Accel: 0.538 -1.053 1.033
Gyro: -213.897 245.178 499.984
Accel: 1.149 0.827 1.210
Gyro: -279.861 265.670 499.984
Accel: 1.857 0.657 1.554
Gyro: -331.176 288.024 499.984
Accel: 2.580 0.377 1.779
Gyro: -364.364 312.637 499.984
Accel: 3.285 0.096 2.114
Gyro: -380.752 349.365 499.984
Accel: 3.577 0.292 2.455
Gyro: -389.373 384.750 499.984
Accel: 3.584 0.587 2.770
Gyro: -390.335 382.629 499.984
Accel: 3.384 0.572 3.197
Gyro: -340.240 353.622 499.984
Accel: 3.434 0.372 3.543
Gyro: -217.758 298.583 499.984
Accel: 3.546 0.475 3.717
Gyro: -45.288 228.302 499.984
Accel: 3.479 0.817 3.591
Gyro: 132.308 169.662 414.169
Accel: 3.177 1.361 3.220
Gyro: 268.234 142.517 303.848
Accel: 3.024 1.671 2.720
Gyro: 350.219 142.440 193.557
Accel: 2.954 1.668 2.242
Gyro: 372.940 177.139 109.542
Accel: 2.871 1.648 1.818
Gyro: 364.624 226.074 49.438
Accel: 2.789 1.485 1.484
Gyro: 334.625 289.489 3.265
Accel: 2.760 1.353 1.147
Gyro: 296.569 352.554 -36.132
Accel: 2.630 1.247 0.842
Gyro: 256.668 406.860 -71.289
Accel: 2.463 1.081 0.589
Gyro: 220.352 447.174 -103.195
Accel: 2.256 0.885 0.362
Gyro: 191.894 466.430 -128.677
Accel: 2.041 0.641 0.163
Gyro: 172.470 468.841 -142.913
Accel: 1.877 0.394 0.044
Gyro: 171.112 458.297 -157.821
Accel: 1.804 0.188 0.032
Gyro: 182.403 438.186 -165.420
Accel: 1.706 0.086 0.102
Gyro: 198.272 402.816 -163.696
Accel: 1.590 0.077 0.180
Gyro: 230.514 358.489 -156.845
Accel: 1.411 0.238 0.286
Gyro: 276.687 306.854 -149.246
Accel: 1.216 0.308 0.432
Gyro: 325.973 247.039 -144.531
Accel: 1.058 0.211 0.548
Gyro: 346.374 189.926 -146.774
Accel: 0.994 0.127 0.667
Gyro: 329.666 142.318 -159.515
Accel: 0.924 0.074 0.628
Gyro: 294.326 98.602 -165.695
Accel: 0.878 0.078 0.713
Gyro: 250.900 69.885 -175.109
Accel: 0.854 0.081 0.656
Gyro: 199.401 51.788 -184.524
Accel: 0.842 0.109 0.603
Gyro: 157.806 39.505 -192.459
Accel: 0.858 0.147 0.548
Gyro: 109.390 35.598 -198.944
Accel: 0.807 0.205 0.685
Gyro: 61.233 40.695 -195.358
Accel: 0.763 0.219 0.781
Gyro: 7.919 30.532 -181.884
Accel: 0.619 0.167 0.881
Gyro: -50.628 -2.914 -151.168
Accel: 0.510 0.146 -1.061
Gyro: -106.887 -40.527 -105.819
Accel: 0.367 0.028 -1.050
Gyro: -161.132 -81.161 -68.817
Accel: 0.301 0.007 -1.116
Gyro: -208.129 -136.550 -30.883
Accel: 0.380 0.050 -1.107
Gyro: -244.201 -218.200 -2.883
Accel: 0.559 0.113 0.925
Gyro: -260.467 -322.235 12.954
Accel: 0.649 0.105 0.743
Gyro: -264.526 -435.623 12.619
Accel: 0.839 0.171 0.428
Gyro: -251.281 -499.969 6.317
Accel: 1.023 0.249 0.011
Gyro: -221.176 -499.969 -5.615
Accel: 1.377 0.276 0.656
Gyro: -180.999 -499.969 -27.313
Accel: 1.564 0.429 1.244
Gyro: -132.736 -499.969 -48.797
Accel: 1.668 0.530 1.515
Gyro: -97.122 -499.969 -65.933
Accel: 1.755 0.530 1.892
Gyro: -70.739 -499.969 -84.915
Accel: 1.773 0.514 2.254
Gyro: -65.948 -499.969 -92.193
Accel: 1.625 0.457 2.539
Gyro: -56.823 -472.595 -86.364
Accel: 1.378 0.386 2.733
Gyro: -46.890 -400.985 -71.990
Accel: 1.223 0.325 2.828
Gyro: -38.070 -342.895 -50.201
Accel: 1.180 0.336 2.843
Gyro: -32.012 -294.235 -26.733
Accel: 1.004 0.419 2.792
Gyro: -28.594 -256.301 -1.037
Accel: 0.724 0.510 2.719
Gyro: -28.335 -226.699 5.279
Accel: 0.477 0.552 2.622
Gyro: -19.638 -196.395 6.118
Accel: 0.483 0.557 2.415
Gyro: -21.041 -160.629 6.149
Accel: 0.328 0.563 2.375
Gyro: -16.632 -126.449 5.737
Accel: 0.287 0.570 2.221
Gyro: -10.604 -93.063 6.637
Accel: 0.239 0.579 2.0000
Gyro: -3.540 -65.887 8.041
Accel: 0.229 0.616 1.781
Gyro: 5.371 -46.951 8.0010
Accel: 0.184 0.652 1.594
Gyro: 17.852 -34.011 5.706
Accel: 0.150 0.673 1.449
Gyro: 33.737 -27.084 -3.509
Accel: 0.134 0.694 1.266
Gyro: 51.910 -22.521 -5.813
Accel: 0.140 0.713 1.184
Gyro: 67.291 -20.111 -11.978
Accel: 0.158 0.730 1.057
Gyro: 84.869 -21.667 -17.974
Accel: 0.129 0.743 0.924
Gyro: 93.566 -24.627 -23.361
Accel: 0.187 0.745 0.837
Gyro: 95.153 -26.809 -28.808
Accel: 0.209 0.740 0.769
Gyro: 96.160 -27.832 -32.608
Accel: 0.240 0.749 0.696
Gyro: 92.544 -29.159 -38.986
Accel: 0.259 0.764 0.635
Gyro: 85.739 -30.380 -37.124
Accel: 0.268 0.768 0.578
Gyro: 77.575 -31.265 -38.803
Accel: 0.264 0.768 0.531
Gyro: 69.717 -31.814 -40.344
Accel: 0.274 0.760 0.493
Gyro: 60.455 -33.416 -41.778
Accel: 0.290 0.687 0.469
Gyro: 47.149 -35.919 -42.816
Accel: 0.336 0.738 0.456
Gyro: 42.510 -39.367 -43.243
Accel: 0.367 0.738 0.450
Gyro: 35.018 -42.877 -43.701
Accel: 0.385 0.740 0.448
Gyro: 28.488 -45.425 -44.586
Accel: 0.397 0.727 0.441
Gyro: 22.994 -46.707 -46.325
Accel: 0.424 0.713 0.437
Gyro: 17.868 -47.622 -47.882
Accel: 0.453 0.714 0.434
Gyro: 13.046 -46.722 -47.668
Accel: 0.486 0.715 0.436
Gyro: 8.514 -44.723 -45.242
Accel: 0.511 0.722 0.436
Gyro: 4.867 -42.999 -41.580
Accel: 0.546 0.740 0.447
Gyro: 2.502 -41.564 -36.529
Accel: 0.575 0.782 0.465
Gyro: 1.937 -39.382 -29.113
Accel: 0.583 0.836 0.484
Gyro: 3.524 -34.637 -21.286
Accel: 0.617 0.885 0.480
Gyro: 8.163 -30.014 -13.107
Accel: 0.707 0.970 0.487
Gyro: 13.595 -26.916 -5.432
Accel: 0.876 1.062 0.511
Gyro: 19.775 -29.754 0.625
Accel: 1.032 1.209 0.571
Gyro: 31.921 -43.487 3.067
Accel: 1.144 1.406 0.639
Gyro: 52.062 -59.280 -2.243
Accel: 1.151 1.568 0.702
Gyro: 78.536 -72.067 -20.095
Accel: 1.223 1.680 0.740
Gyro: 104.141 -80.520 -47.943
Accel: 1.303 1.791 0.773
Gyro: 129.669 -77.270 -82.870
Accel: 1.424 1.859 0.753
Gyro: 146.774 -70.938 -121.261
Accel: 1.498 1.880 0.757
Gyro: 155.929 -73.196 -160.552
Accel: 1.471 1.848 0.753
Gyro: 164.215 -73.898 -198.486
Accel: 1.397 1.748 0.739
Gyro: 175.765 -70.907 -228.088
Accel: 1.291 1.592 0.697
Gyro: 178.405 -67.443 -254.364
Accel: 1.143 1.417 0.629
Gyro: 181.777 -63.629 -273.620
Accel: 0.957 1.222 0.556
Gyro: 181.930 -58.395 -286.575
Accel: 0.772 1.027 0.478
Gyro: 179.992 -53.405 -294.235
Accel: 0.593 0.842 0.401
Gyro: 174.392 -50.628 -296.920
Accel: 0.447 0.662 0.332
Gyro: 164.199 -49.819 -295.349
Accel: 0.312 0.501 0.276
Gyro: 150.756 -48.767 -285.446
