Accel: 0.325 0.002 1.609
Gyro: -110.855 -249.374 -82.809
Accel: 0.298 0.0010 1.728
Gyro: -77.178 -200.775 -67.916
Accel: 0.267 0.031 1.760
Gyro: -50.704 -149.017 -51.055
Accel: 0.235 0.051 1.731
Gyro: -39.886 -108.566 -35.614
Accel: 0.221 0.065 1.683
Gyro: -40.573 -69.473 -26.947
Accel: 0.222 0.073 1.569
Gyro: -54.382 -34.408 -18.386
Accel: 0.218 0.075 1.578
Gyro: -64.392 -8.178 -13.549
Accel: 0.200 0.074 1.530
Gyro: -78.720 15.228 -11.749
Accel: 0.173 0.057 1.514
Gyro: -89.248 31.127 -12.710
Accel: 0.123 0.052 1.513
Gyro: -91.613 41.152 -14.877
Accel: 0.076 0.054 1.510
Gyro: -83.816 48.065 -16.738
Accel: 0.038 0.057 1.497
Gyro: -68.542 52.047 -18.173
Accel: 0.007 0.068 1.458
Gyro: -47.958 53.176 -19.744
Accel: 0.018 0.078 1.400
Gyro: -33.187 51.208 -21.286
Accel: 0.030 0.083 1.336
Gyro: -11.978 46.371 -22.598
Accel: 0.041 0.0100 1.267
Gyro: -1.464 39.962 -23.910
Accel: 0.044 0.110 1.203
Gyro: 10.025 32.913 -25.512
Accel: 0.050 0.125 1.144
Gyro: 18.569 26.016 -27.740
Accel: 0.058 0.135 1.099
Gyro: 23.925 18.814 -29.876
Accel: 0.068 0.143 1.066
Gyro: 26.977 12.527 -32.211
Accel: 0.075 0.143 1.041
Gyro: 28.961 8.850 -33.935
Accel: 0.082 0.144 1.018
Gyro: 30.273 6.332 -34.744
Accel: 0.083 0.140 0.991
Gyro: 30.776 5.172 -35.064
Accel: 0.079 0.128 0.975
Gyro: 30.181 3.479 -35.659
Accel: 0.079 0.115 0.970
Gyro: 29.907 1.785 -35.934
Accel: 0.084 0.098 0.959
Gyro: 30.853 0.778 -35.415
Accel: 0.094 0.091 0.945
Gyro: 31.982 0.579 -33.737
Accel: 0.092 0.075 0.922
Gyro: 31.951 -2.868 -31.555
Accel: 0.087 0.063 0.906
Gyro: 29.739 -7.064 -29.281
Accel: 0.087 0.066 0.895
Gyro: 26.123 -12.207 -26.977
Accel: 0.084 0.074 0.906
Gyro: 21.423 -16.784 -25.253
Accel: 0.087 0.088 0.926
Gyro: 17.440 -18.157 -24.444
Accel: 0.094 0.0100 0.944
Gyro: 14.495 -16.250 -24.627
Accel: 0.096 0.110 0.956
Gyro: 12.252 -12.435 -24.902
Accel: 0.095 0.109 0.958
Gyro: 10.116 -8.346 -24.627
Accel: 0.095 0.104 0.964
Gyro: 8.270 -4.394 -23.757
Accel: 0.095 0.097 0.965
Gyro: 7.064 -1.266 -22.506
Accel: 0.097 0.092 0.961
Gyro: 6.011 0.961 -21.423
Accel: 0.105 0.093 0.954
Gyro: 4.760 1.403 -20.065
Accel: 0.114 0.097 0.947
Gyro: 3.143 0.503 -18.508
Accel: 0.114 0.097 0.946
Gyro: 1.510 -1.235 -16.891
Accel: 0.097 0.094 0.957
Gyro: 0.183 -3.219 -15.945
Accel: 0.097 0.101 0.974
Gyro: -1.022 -4.165 -11.734
Accel: 0.102 0.107 0.988
Gyro: 0.595 -4.058 -15.747
Accel: 0.106 0.109 0.997
Gyro: 0.595 -3.601 -15.762
Accel: 0.109 0.111 1.0000
Gyro: 2.120 -3.631 -15.228
Accel: 0.108 0.113 1.006
Gyro: 3.936 -3.768 -14.297
Accel: 0.125 0.126 1.013
Gyro: 6.454 -3.326 -12.863
Accel: 0.118 0.125 1.013
Gyro: 9.597 -2.456 -11.459
Accel: 0.111 0.125 1.005
Gyro: 12.191 -1.480 -10.192
Accel: 0.108 0.130 0.992
Gyro: 13.626 -1.556 -8.789
Accel: 0.104 0.133 0.980
Gyro: 13.244 -2.639 -7.431
Accel: 0.096 0.144 0.983
Gyro: 11.566 -4.241 -6.011
Accel: 0.093 0.152 0.987
Gyro: 10.482 -4.180 -5.203
Accel: 0.096 0.164 0.992
Gyro: 9.902 -2.441 -4.852
Accel: 0.102 0.176 0.990
Gyro: 9.231 0.930 -4.653
Accel: 0.099 0.177 0.983
Gyro: 7.583 0.244 -4.379
Accel: 0.095 0.178 0.975
Gyro: 4.821 0.442 -3.814
Accel: 0.087 0.177 0.977
Gyro: 2.151 0.473 -3.173
Accel: 0.078 0.177 0.981
Gyro: 0.137 1.144 -2.944
Accel: 0.083 0.180 0.987
Gyro: 0.915 2.471 -3.555
Accel: 0.087 0.181 0.989
Gyro: -1.510 7.797 -4.272
Accel: 0.089 0.179 0.986
Gyro: -1.770 5.111 -4.547
Accel: 0.088 0.177 0.977
Gyro: -1.831 5.905 -4.043
Accel: 0.084 0.177 0.970
Gyro: -2.731 6.118 -3.204
Accel: 0.088 0.185 0.971
Gyro: -3.784 6.393 -2.563
Accel: 0.091 0.191 0.974
Gyro: -4.333 7.049 -2.548
Accel: 0.088 0.191 0.972
Gyro: -4.470 8.102 -3.112
Accel: 0.089 0.192 0.964
Gyro: -4.837 8.987 -3.570
Accel: 0.090 0.184 0.954
Gyro: -5.859 8.987 -3.799
Accel: 0.090 0.181 0.946
Gyro: -7.125 8.514 -3.570
Accel: 0.080 0.178 0.946
Gyro: -8.621 7.751 -3.417
Accel: 0.080 0.179 0.947
Gyro: -10.055 7.812 -3.845
Accel: 0.086 0.181 0.952
Gyro: -11.199 7.888 -4.928
Accel: 0.080 0.172 0.951
Gyro: -12.344 8.056 -6.469
Accel: 0.078 0.165 0.947
Gyro: -13.656 8.178 -7.736
Accel: 0.084 0.159 0.950
Gyro: -15.228 7.431 -8.422
Accel: 0.083 0.150 0.962
Gyro: -16.418 5.905 -8.819
Accel: 0.078 0.140 0.980
Gyro: -16.082 4.959 -9.155
Accel: 0.086 0.138 0.994
Gyro: -13.778 4.760 -9.414
Accel: 0.094 0.132 0.994
Gyro: -10.940 4.455 -9.414
Accel: 0.096 0.126 0.989
Gyro: -8.941 3.524 -9.307
Accel: 0.101 0.122 0.984
Gyro: -8.087 1.983 -9.231
Accel: 0.106 0.117 0.986
Gyro: -7.247 0.091 -8.865
Accel: 0.107 0.115 0.989
Gyro: -6.408 -1.373 -8.377
Accel: 0.101 0.106 0.994
Gyro: -5.783 -2.304 -7.827
Accel: 0.093 0.098 0.996
Gyro: -6.042 -3.646 -7.659
Accel: 0.083 0.092 1.0001
Gyro: -6.668 -5.065 -7.415
Accel: 0.076 0.087 1.011
Gyro: -7.049 -5.752 -7.171
Accel: 0.074 0.083 1.026
Gyro: -6.179 -5.813 -6.759
Accel: 0.077 0.083 1.038
Gyro: -4.226 -5.722 -6.225
Accel: 0.084 0.086 1.041
Gyro: -2.090 -4.852 -5.813
Accel: 0.084 0.087 1.036
Gyro: 0.076 -3.845 -4.852
Accel: 0.074 0.084 1.028
Gyro: 1.464 -3.738 -3.845
Accel: 0.064 0.085 1.027
Gyro: 1.739 -3.616 -3.463
Accel: 0.070 0.0100 1.028
Gyro: 2.014 -2.746 -3.585
Accel: 0.081 0.111 1.027
Gyro: 2.883 -1.251 -3.646
Accel: 0.078 0.109 1.017
Gyro: 3.936 0.213 -4.104
Accel: 0.073 0.109 1.004
Gyro: 3.448 0.595 -4.425
Accel: 0.071 0.113 0.995
Gyro: 2.059 0.061 -4.638
Accel: 0.066 0.115 0.993
Gyro: 0.335 0.732 -5.264
Accel: 0.066 0.120 0.995
Gyro: -1.022 -1.220 -6.622
Accel: 0.075 0.126 0.999
Gyro: -1.937 -1.022 -8.316
Accel: 0.082 0.124 1.006
Gyro: -2.197 -1.190 -9.857
Accel: 0.091 0.119 1.008
Gyro: -1.449 -1.174 -10.940
Accel: 0.091 0.110 1.006
Gyro: 0.061 -1.525 -11.779
Accel: 0.091 0.099 1.0001
Gyro: 1.586 -2.304 -12.390
Accel: 0.091 0.092 0.996
Gyro: 2.777 -3.753 -12.786
Accel: 0.090 0.090 0.991
Gyro: 7.766 -5.279 -13.259
Accel: 0.089 0.088 0.988
Gyro: 4.211 -6.927 -13.565
Accel: 0.093 0.090 0.989
Gyro: 4.013 -8.651 -13.442
Accel: 0.104 0.096 0.995
Gyro: 3.768 -10.086 -12.847
Accel: 0.113 0.098 0.999
Gyro: 4.058 -10.696 -11.871
Accel: 0.107 0.094 1.004
Gyro: 4.516 -10.833 -10.681
Accel: 0.104 0.094 1.004
Gyro: 5.264 -10.513 -9.521
Accel: 0.103 0.091 1.004
Gyro: 5.599 -10.177 -8.453
Accel: 0.096 0.090 1.005
Gyro: 5.554 -10.284 -7.751
Accel: 0.099 0.094 1.008
Gyro: 5.767 -9.826 -7.034
Accel: 0.106 0.102 1.007
Gyro: 6.576 -9.353 -6.271
Accel: 0.105 0.101 1.004
Gyro: 7.492 -9.384 -5.340
Accel: 0.0100 0.103 1.003
Gyro: 7.980 -10.314 -4.409
Accel: 0.106 0.108 1.006
Gyro: 7.965 -11.444 -3.585
Accel: 0.109 0.113 1.011
Gyro: 8.758 -12.481 -2.655
Accel: 0.113 0.113 1.007
Gyro: 10.391 -13.046 -1.770
Accel: 0.109 0.110 1.006
Gyro: 12.084 -13.763 0.549
Accel: 0.088 0.106 1.008
Gyro: 12.786 -15.167 0.244
Accel: 0.081 0.116 1.013
Gyro: 12.863 -16.098 0.289
Accel: 0.082 0.129 1.022
Gyro: 13.641 -15.991 0.305
Accel: 0.082 0.137 1.023
Gyro: 14.892 -15.258 -1.007
Accel: 0.083 0.144 1.017
Gyro: 16.555 -14.038 -1.327
Accel: 0.166 0.247 1.031
Gyro: -2.807 -5.569 39.459
Accel: 0.183 0.260 1.030
Gyro: 0.411 -5.783 38.970
Accel: 0.194 0.274 1.029
Gyro: 1.602 -6.134 37.536
Accel: 0.204 0.284 1.027
Gyro: 3.356 -6.393 35.324
Accel: 0.209 0.291 1.023
Gyro: 5.065 -6.439 32.852
Accel: 0.211 0.292 1.018
Gyro: 6.866 -6.576 30.883
Accel: 0.211 0.294 1.011
Gyro: 8.468 -6.927 28.976
Accel: 0.212 0.287 1.004
Gyro: 10.040 -11.596 27.557
Accel: 0.209 0.284 0.996
Gyro: 15.533 -8.895 26.916
Accel: 0.203 0.286 0.990
Gyro: 13.259 -10.726 26.794
Accel: 0.203 0.284 0.987
Gyro: 14.801 -12.863 26.931
Accel: 0.204 0.282 0.984
Gyro: 16.143 -15.441 26.855
Accel: 0.211 0.281 0.986
Gyro: 17.242 -17.852 26.733
Accel: 0.212 0.286 0.990
Gyro: 18.447 -19.592 26.519
Accel: 0.213 0.289 0.992
Gyro: 19.775 -20.538 26.397
Accel: 0.216 0.290 0.994
Gyro: 21.270 -20.767 25.833
Accel: 0.217 0.291 0.996
Gyro: 22.918 -20.614 25.283
Accel: 0.214 0.291 0.994
Gyro: 25.009 -15.731 24.948
Accel: 0.214 0.286 0.987
Gyro: 26.672 -18.646 24.734
Accel: 0.213 0.281 0.977
Gyro: 27.862 -17.974 24.826
Accel: 0.211 0.281 0.968
Gyro: 28.472 -17.440 25.146
Accel: 0.208 0.280 0.958
Gyro: 28.335 -17.120 25.482
Accel: 0.205 0.279 0.947
Gyro: 27.801 -16.647 25.939
Accel: 0.201 0.275 0.941
Gyro: 26.779 -16.769 26.565
Accel: 0.194 0.273 0.937
Gyro: 26.092 -16.921 27.664
Accel: 0.185 0.266 0.931
Gyro: 25.894 -16.815 29.052
Accel: 0.178 0.259 0.927
Gyro: 26.077 -17.196 30.807
Accel: 0.173 0.251 0.916
Gyro: 26.428 -17.776 33.096
Accel: 0.177 0.245 0.913
Gyro: 26.565 -19.027 35.293
Accel: 0.188 0.241 0.911
Gyro: 26.260 -20.446 36.773
Accel: 0.193 0.244 0.916
Gyro: 25.848 -21.453 37.414
Accel: 0.197 0.245 0.921
Gyro: 25.711 -22.338 37.704
Accel: 0.197 0.247 0.924
Gyro: 25.970 -22.674 37.765
Accel: 0.191 0.247 0.925
Gyro: 26.550 -22.567 38.543
Accel: 0.187 0.239 0.922
Gyro: 27.755 -22.506 40.084
Accel: 0.186 0.230 0.916
Gyro: 28.518 -22.903 42.312
Accel: 0.187 0.224 0.913
Gyro: 28.991 -23.391 45.379
Accel: 0.200 0.221 0.917
Gyro: 29.205 -23.880 48.339
Accel: 0.201 0.227 0.919
Gyro: 29.541 -23.406 50.460
Accel: 0.192 0.235 0.923
Gyro: 29.495 -22.460 52.749
Accel: 0.178 0.237 0.922
Gyro: 29.312 -20.904 55.389
Accel: 0.169 0.232 0.918
Gyro: 29.129 -19.531 59.127
Accel: 0.164 0.221 0.910
Gyro: 28.732 -18.554 63.903
Accel: 0.159 0.208 0.900
Gyro: 28.228 -18.188 69.442
Accel: 0.151 0.192 0.887
Gyro: 27.557 -18.936 76.004
Accel: 0.148 0.172 0.876
Gyro: 26.840 -20.935 83.419
Accel: 0.138 0.154 0.872
Gyro: 26.596 -24.307 91.125
Accel: 0.149 0.136 0.871
Gyro: 27.572 -28.305 100.448
Accel: 0.156 0.127 0.873
Gyro: 29.663 -33.340 109.451
Accel: 0.156 0.127 0.873
Gyro: 32.867 -38.284 117.782
Accel: 0.166 0.128 0.877
Gyro: 36.621 -43.899 125.625
Accel: 0.196 0.123 0.888
Gyro: 41.0000 -49.652 132.415
Accel: 0.238 0.119 0.910
Gyro: 47.180 -54.473 138.244
Accel: 0.267 0.125 0.935
Gyro: 54.779 -57.876 142.608
Accel: 0.268 0.143 0.951
Gyro: 63.552 -59.295 146.011
Accel: 0.257 0.164 0.961
Gyro: 71.243 -60.119 150.421
Accel: 0.273 0.173 0.967
Gyro: 76.354 -60.638 159.973
Accel: 0.300 0.182 0.979
Gyro: 78.353 -60.806 162.216
Accel: 0.322 0.198 0.993
Gyro: 78.018 -59.844 168.121
Accel: 0.390 0.201 1.029
Gyro: 77.514 -58.929 173.889
Accel: 0.520 0.218 1.083
Gyro: 77.606 -56.640 178.390
Accel: 0.647 0.260 1.155
Gyro: 80.184 -50.476 178.0100
Accel: 0.764 0.328 1.246
Gyro: 85.952 -40.039 168.289
Accel: 0.872 0.411 1.324
Gyro: 93.566 -22.872 159.713
Accel: 0.961 0.485 1.379
Gyro: 99.746 0.335 142.959
Accel: 1.053 0.524 1.407
Gyro: 104.080 22.583 121.109
Accel: 1.125 0.543 1.417
Gyro: 107.971 45.989 108.261
Accel: 1.193 0.551 1.401
Gyro: 110.580 68.664 93.460
Accel: 1.262 0.621 1.378
Gyro: 112.075 85.342 79.101
Accel: 1.304 0.585 1.355
Gyro: 113.067 103.103 63.629
Accel: 1.313 0.606 1.313
Gyro: 114.242 120.132 46.920
Accel: 1.300 0.608 1.261
Gyro: 115.142 135.910 32.806
Accel: 1.280 0.599 1.201
Gyro: 115.310 150.497 19.042
Accel: 1.239 0.581 1.148
Gyro: 115.737 162.155 6.729
Accel: 1.183 0.558 1.082
Gyro: 116.470 172.592 -4.592
Accel: 1.128 0.542 0.945
Gyro: 116.470 180.450 -14.907
Accel: 1.066 0.538 0.928
Gyro: 115.570 191.223 -24.642
Accel: 1.014 0.543 0.847
Gyro: 111.770 193.664 -34.301
Accel: 0.959 0.546 0.777
Gyro: 106.384 199.630 -43.991
Accel: 0.892 0.550 0.709
Gyro: 100.387 205.871 -53.558
Accel: 0.816 0.543 0.642
Gyro: 94.146 210.983 -61.569
Accel: 0.744 0.532 0.570
Gyro: 88.027 215.911 -68.847
Accel: 0.666 0.529 0.442
Gyro: 81.649 219.268 -74.340
Accel: 0.594 0.529 0.426
Gyro: 70.877 222.946 -81.939
Accel: 0.527 0.526 0.351
Gyro: 65.963 225.906 -80.169
Accel: 0.463 0.521 0.286
Gyro: 56.549 226.348 -80.673
Accel: 0.396 0.515 0.233
Gyro: 48.004 223.190 -79.513
Accel: 0.325 0.511 0.191
Gyro: 41.229 216.140 -77.026
Accel: 0.263 0.507 0.164
Gyro: 36.254 206.039 -73.501
Accel: 0.212 0.515 0.131
Gyro: 32.363 195.373 -69.534
Accel: 0.152 0.539 0.081
Gyro: 28.030 187.316 -64.559
Accel: 0.089 0.562 0.031
Gyro: 21.347 178.421 -60.424
Accel: 0.024 0.569 0.023
Gyro: 11.199 166.198 -57.907
Accel: 0.032 0.565 0.064
Gyro: -4.928 150.360 -55.755
Accel: 0.056 0.537 0.083
Gyro: -24.154 132.553 -53.421
Accel: 0.066 0.508 0.082
Gyro: -44.784 114.685 -50.674
Accel: 0.096 0.490 0.073
Gyro: -64.666 99.197 -47.470
Accel: 0.127 0.479 0.054
Gyro: -81.146 86.669 -43.640
Accel: 0.125 0.446 0.022
Gyro: -93.933 75.256 -40.481
Accel: 0.113 0.396 0.022
Gyro: -102.035 62.286 -38.864
Accel: 0.104 0.345 0.087
Gyro: -104.156 40.664 -39.764
Accel: 0.083 0.285 0.164
Gyro: -101.394 23.437 -43.167
Accel: 0.095 0.217 0.310
Gyro: -86.868 12.741 -48.202
Accel: 0.101 0.162 0.315
Gyro: -72.570 0.991 -51.284
Accel: 0.095 0.116 0.340
Gyro: -52.734 -7.125 -51.849
Accel: 0.089 0.085 0.319
Gyro: -39.321 -9.796 -52.0001
Accel: 0.083 0.053 0.300
Gyro: -38.940 -12.329 -52.185
Accel: 0.079 0.002 0.291
Gyro: -51.574 -15.457 -53.314
Accel: 0.096 0.031 0.295
Gyro: -73.333 -23.101 -54.168
Accel: 0.128 0.051 0.303
Gyro: -99.151 -31.600 -55.267
Accel: 0.146 0.0001 0.366
Gyro: -118.408 -50.491 -57.098
Accel: 0.142 0.075 0.463
Gyro: -130.401 -65.231 -59.738
Accel: 0.130 0.102 0.557
Gyro: -130.065 -84.869 -65.582
Accel: 0.077 0.145 0.687
Gyro: -122.833 -102.783 -76.736
Accel: 0.123 0.197 0.847
Gyro: -113.357 -109.436 -92.742
Accel: 0.091 0.233 1.0010
Gyro: -99.319 -106.048 -109.039
Accel: 0.098 0.302 1.136
Gyro: -84.503 -98.419 -111.892
Accel: 0.117 0.372 1.199
Gyro: -69.152 -88.500 -111.267
Accel: 0.132 0.425 1.202
Gyro: -58.242 -79.330 -103.393
Accel: 0.132 0.454 1.165
Gyro: -43.167 -72.738 -90.270
Accel: 0.135 0.460 1.110
Gyro: -33.935 -67.932 -73.471
Accel: 0.116 0.459 1.051
Gyro: -18.264 -64.147 -56.030
Accel: 0.053 0.465 0.988
Gyro: -3.173 -62.408 -42.098
Accel: 0.029 0.453 0.930
Gyro: 10.482 -62.103 -34.149
Accel: -2.013 1.232 3.510
Gyro: -116.439 -348.510 -8.682
Accel: 0.367 0.485 2.592
Gyro: -222.427 -499.969 -14.007
Accel: 0.564 -1.095 2.682
Gyro: -1.968 -267.578 -86.517
Accel: 0.216 0.447 3.021
Gyro: 116.638 -167.175 -105.194
Accel: 0.180 0.230 2.872
Gyro: 131.134 -161.407 -101.287
Accel: 0.196 0.515 2.239
Gyro: 148.498 -106.796 -95.428
Accel: 0.154 0.417 1.722
Gyro: 168.518 -40.390 -77.713
Accel: 0.077 0.220 1.386
Gyro: 164.718 6.546 -45.349
Accel: 0.160 0.145 1.126
Gyro: 142.028 39.428 -11.505
Accel: 0.228 0.073 0.968
Gyro: 110.198 63.339 20.874
Accel: 0.257 0.0000 0.764
Gyro: 74.554 83.099 43.334
Accel: 0.221 0.097 0.712
Gyro: 37.628 94.329 65.872
Accel: 0.176 0.169 0.661
Gyro: 1.235 96.084 75.042
Accel: 0.157 0.199 0.621
Gyro: -29.220 92.346 82.199
Accel: 0.156 0.218 0.617
Gyro: -47.439 86.929 83.435
Accel: 0.152 0.309 0.645
Gyro: -59.921 77.270 80.230
Accel: 0.151 0.271 0.688
Gyro: -63.171 62.377 73.272
Accel: 0.163 0.289 0.742
Gyro: -57.327 46.478 62.805
Accel: 0.158 0.309 0.811
Gyro: -46.173 26.489 47.439
Accel: 0.128 0.327 0.853
Gyro: -32.653 6.118 37.170
Accel: 0.098 0.335 0.889
Gyro: -18.508 -12.771 22.369
Accel: 0.062 0.339 0.924
Gyro: -2.929 -29.190 9.506
Accel: 0.040 0.326 0.946
Gyro: 9.307 -44.891 0.305
Accel: 0.038 0.301 0.959
Gyro: 18.188 -54.718 -7.690
Accel: 0.045 0.280 0.973
Gyro: 22.674 -58.624 -12.725
Accel: 0.050 0.270 0.994
Gyro: 22.506 -59.478 -15.182
Accel: 0.062 0.265 1.017
Gyro: 20.156 -56.594 -16.494
Accel: 0.065 0.260 1.034
Gyro: 17.166 -50.613 -16.601
Accel: 0.071 0.258 1.044
Gyro: 13.854 -42.648 -15.502
Accel: 0.080 0.249 1.050
Gyro: 9.719 -34.835 -13.397
Accel: 0.086 0.246 1.049
Gyro: 5.538 -24.993 -10.665
Accel: 0.085 0.245 1.049
Gyro: 0.732 -13.992 -7.064
Accel: 0.092 0.242 1.050
Gyro: -5.126 -4.653 -2.838
Accel: 0.183 0.228 1.053
Gyro: -10.940 3.738 0.411
Accel: 0.156 0.218 1.075
Gyro: -14.572 10.726 1.373
Accel: 0.162 0.229 1.099
Gyro: -15.151 15.914 0.274
Accel: 0.157 0.238 1.101
Gyro: -12.680 22.338 -7.781
Accel: 0.143 0.245 1.093
Gyro: -9.384 27.023 -7.904
Accel: 0.135 0.237 1.065
Gyro: -5.813 28.717 -11.428
Accel: 0.133 0.219 1.025
Gyro: -2.899 29.785 -14.144
Accel: 0.121 0.208 0.984
Gyro: -1.403 30.090 -15.487
Accel: 0.109 0.197 0.954
Gyro: -2.212 29.067 -15.899
Accel: 0.097 0.190 0.929
Gyro: -4.623 28.350 -16.189
Accel: 0.079 0.190 0.918
Gyro: -8.132 27.938 -16.418
Accel: 0.060 0.194 0.917
Gyro: -12.207 26.885 -16.250
Accel: 0.041 0.192 0.918
Gyro: -19.363 26.062 -16.296
Accel: 0.022 0.190 0.927
Gyro: -18.020 24.917 -16.174
Accel: 0.006 0.189 0.944
Gyro: -19.317 22.399 -15.853
Accel: 0.003 0.185 0.955
Gyro: -18.829 20.217 -15.396
Accel: 0.020 0.181 0.966
Gyro: -16.998 17.807 -15.136
Accel: 0.030 0.174 0.969
Gyro: -14.724 14.511 -15.106
Accel: 0.034 0.165 0.970
Gyro: -11.917 11.184 -15.426
Accel: 0.035 0.158 0.973
Gyro: -8.697 7.125 -15.563
Accel: 0.039 0.157 0.972
Gyro: -5.920 2.777 -15.518
Accel: 0.039 0.147 0.975
Gyro: -3.036 -1.052 -14.938
Accel: 0.036 0.142 0.979
Gyro: 0.625 -3.768 -14.007
Accel: 0.039 0.139 0.984
Gyro: 1.037 -5.996 -12.207
Accel: 0.040 0.140 0.986
Gyro: 2.075 -6.820 -9.872
Accel: 0.034 0.140 0.989
Gyro: 2.090 -6.439 -7.736
Accel: 0.026 0.141 0.992
Gyro: 1.113 -5.813 -5.355
Accel: 0.020 0.140 0.993
Gyro: 0.091 -4.516 -3.433
Accel: 0.013 0.143 0.997
Gyro: -1.129 -3.234 -1.937
Accel: 0.013 0.148 1.005
Gyro: -1.281 -2.471 0.732
Accel: 0.013 0.154 1.0010
Gyro: 0.228 -2.609 0.305
Accel: 0.008 0.158 1.011
Gyro: 1.541 -3.402 0.518
Accel: 0.004 0.162 1.009
Gyro: 3.890 -4.745 0.915
Accel: 0.0001 0.164 1.004
Gyro: 6.362 -6.195 0.854
Accel: 0.002 0.172 0.937
Gyro: 8.575 -7.568 0.457
Accel: 0.006 0.174 0.995
Gyro: 10.086 -8.590 0.015
Accel: 0.011 0.175 0.995
Gyro: 10.696 -9.201 1.220
Accel: 0.013 0.179 0.995
Gyro: 10.818 -8.392 2.548
Accel: 0.018 0.184 0.996
Gyro: 10.116 -6.469 3.723
Accel: 0.020 0.184 0.994
Gyro: 8.377 -4.379 4.608
Accel: 0.026 0.183 0.998
Gyro: 5.767 -2.441 5.172
Accel: 0.028 0.186 0.999
Gyro: 3.463 3.646 5.706
Accel: 0.026 0.189 1.0001
Gyro: 2.029 2.563 6.042
Accel: 0.024 0.191 1.004
Gyro: 1.007 4.379 6.393
Accel: 0.019 0.195 0.937
Gyro: 0.366 5.538 6.347
Accel: 0.017 0.197 0.999
Gyro: 0.427 6.393 6.210
Accel: 0.011 0.201 0.996
Gyro: 1.129 6.011 5.920
Accel: 0.013 0.204 0.987
Gyro: 1.937 5.126 5.050
Accel: 0.017 0.202 0.984
Gyro: 3.097 3.814 4.104
Accel: 0.026 0.204 0.987
Gyro: 4.211 2.044 3.067
Accel: 0.028 0.210 0.985
Gyro: 5.218 0.503 1.846
Accel: 0.027 0.214 0.982
Gyro: 6.454 -3.890 0.701
Accel: 0.022 0.215 0.977
Gyro: 6.805 0.793 0.152
Accel: 0.021 0.212 0.967
Gyro: 6.042 -1.327 0.793
Accel: 0.021 0.208 0.959
Gyro: 4.760 0.976 -1.174
Accel: 0.019 0.207 0.952
Gyro: 2.700 0.946 -1.296
Accel: 0.016 0.203 0.953
Gyro: 0.396 -1.327 -1.281
Accel: 0.020 0.199 0.957
Gyro: -1.388 -1.602 -1.251
Accel: 0.020 0.199 0.965
Gyro: -2.731 -1.525 -1.327
Accel: 0.018 0.198 0.972
Gyro: -3.463 -1.983 -1.617
Accel: 0.021 0.198 0.988
Gyro: -4.013 -2.944 -1.861
Accel: 0.028 0.198 1.004
Gyro: -3.494 -3.692 -2.548
Accel: 0.025 0.198 1.020
Gyro: -1.556 -3.082 -3.616
Accel: 0.026 0.197 1.032
Gyro: 0.869 -2.593 -4.409
Accel: 0.028 0.195 1.033
Gyro: 2.853 -2.059 -5.126
Accel: 0.027 0.194 1.025
Gyro: 4.455 0.640 -5.325
Accel: 0.026 0.196 1.011
Gyro: 5.142 0.762 -5.218
Accel: 0.029 0.193 0.997
Gyro: 4.760 1.510 -5.401
Accel: 0.031 0.189 0.986
Gyro: 4.547 1.922 -6.103
Accel: 0.027 0.194 0.983
Gyro: 4.409 1.266 -6.896
Accel: 0.023 0.196 0.978
Gyro: 4.501 0.411 -7.278
Accel: 0.024 0.193 0.976
Gyro: 4.440 0.0000 -7.415
Accel: 0.018 0.196 0.974
Gyro: 3.814 0.350 -7.095
Accel: 0.029 0.196 0.968
Gyro: 2.822 0.122 -6.484
Accel: 0.064 0.179 1.002
Gyro: 4.364 -4.577 -8.850
Accel: 0.082 0.191 1.038
Gyro: 12.512 -12.237 -14.770
Accel: 0.076 0.213 1.062
Gyro: 25.619 -19.836 -21.804
Accel: 0.078 0.222 1.058
Gyro: 39.443 -28.244 -28.366
Accel: 0.077 0.228 1.046
Gyro: 50.537 -36.239 -33.401
Accel: 0.059 0.251 1.017
Gyro: 57.266 -39.505 -36.102
Accel: 0.052 0.264 0.986
Gyro: 58.441 -38.085 -35.736
Accel: 0.049 0.271 0.958
Gyro: 54.077 -33.737 -33.828
Accel: 0.062 0.285 0.960
Gyro: 45.043 -28.610 -30.838
Accel: 0.085 0.317 0.996
Gyro: 33.950 -21.209 -26.809
Accel: 0.127 0.346 1.062
Gyro: 20.004 -9.918 -23.315
Accel: 0.202 0.373 1.139
Gyro: 16.387 4.684 -23.239
Accel: 0.227 0.421 1.184
Gyro: 11.383 25.573 -27.877
Accel: 0.229 0.451 1.192
Gyro: 6.454 46.798 -38.375
Accel: 0.242 0.450 1.154
Gyro: 0.473 66.177 -46.646
Accel: 0.287 0.432 1.164
Gyro: -5.722 70.755 -51.742
Accel: 0.358 0.438 1.281
Gyro: 0.289 62.759 -63.842
Accel: 0.333 0.481 1.491
Gyro: 18.920 64.300 -81.390
Accel: 0.306 0.492 1.503
Gyro: 51.712 69.213 -97.381
Accel: 0.263 0.463 1.444
Gyro: 79.223 74.371 -108.795
Accel: 0.193 0.421 1.294
Gyro: 102.447 74.050 -114.273
Accel: 0.186 0.350 1.157
Gyro: 119.125 64.132 -115.631
Accel: 0.217 0.262 1.080
Gyro: 137.557 46.112 -117.446
Accel: 0.250 0.210 1.039
Gyro: 160.537 17.929 -121.307
Accel: 0.225 0.186 0.937
Gyro: 183.776 -9.902 -129.501
Accel: 0.134 0.193 0.927
Gyro: 209.762 -37.567 -138.107
Accel: 0.039 0.214 0.834
Gyro: 217.956 -57.739 -141.433
Accel: 0.013 0.213 0.742
Gyro: 219.436 -77.011 -139.144
Accel: 0.004 0.186 0.709
Gyro: 217.803 -96.313 -134.262
Accel: 0.036 0.150 0.685
Gyro: 220.138 -116.699 -128.280
Accel: 0.066 0.201 0.753
Gyro: 225.433 -137.222 -120.162
Accel: 0.057 0.270 0.766
Gyro: 228.607 -150.711 -115.524
Accel: 0.012 0.380 0.766
Gyro: 224.761 -154.388 -113.082
Accel: 0.003 0.452 0.810
Gyro: 204.742 -141.128 -110.458
Accel: 0.041 0.490 0.741
Gyro: 179.824 -121.704 -103.988
Accel: 0.072 0.522 0.737
Gyro: 153.366 -103.012 -93.597
Accel: 0.055 0.565 0.735
Gyro: 134.490 -82.092 -83.374
Accel: 0.022 0.611 0.741
Gyro: 117.797 -68.878 -75.805
Accel: 0.038 0.686 0.744
Gyro: 102.844 -61.920 -66.543
Accel: 0.059 0.723 0.730
Gyro: 83.694 -54.275 -64.483
Accel: 0.024 0.709 0.740
Gyro: 62.988 -45.898 -58.486
Accel: 0.017 0.713 0.756
Gyro: 43.243 -34.713 -52.612
Accel: 0.067 0.723 0.759
Gyro: 35.018 -22.628 -48.202
Accel: 0.127 0.722 0.750
Gyro: 28.244 -16.250 -44.174
Accel: 0.152 0.697 0.727
Gyro: 24.887 -20.263 -38.787
Accel: 0.134 0.666 0.725
Gyro: 26.199 -34.515 -33.294
Accel: 0.129 0.656 0.748
Gyro: 35.949 -53.985 -30.853
Accel: 0.133 0.660 0.767
Gyro: 53.787 -72.555 -31.448
Accel: 0.121 0.657 0.771
Gyro: 72.616 -87.463 -33.874
Accel: 0.097 0.645 0.689
Gyro: 85.983 -99.822 -35.919
Accel: 0.099 0.629 0.710
Gyro: 93.948 -104.782 -34.469
Accel: 0.187 0.687 0.642
Gyro: 91.812 -105.072 -28.091
Accel: 0.135 0.603 0.600
Gyro: 74.935 -102.996 -18.402
Accel: 0.157 0.584 0.529
Gyro: 59.982 -97.824 -7.675
Accel: 0.177 0.540 0.480
Gyro: 39.550 -89.340 3.952
Accel: 0.216 0.501 0.432
Gyro: 19.775 -80.413 15.762
Accel: 0.214 0.458 0.410
Gyro: 1.846 -78.613 34.896
Accel: 0.158 0.415 0.410
Gyro: -13.427 -83.114 48.431
Accel: 0.106 0.403 0.416
Gyro: -28.381 -91.567 68.466
Accel: 0.068 0.401 0.437
Gyro: -39.520 -102.813 90.393
Accel: 0.070 0.416 0.440
Gyro: -50.735 -114.746 111.541
Accel: 0.101 0.446 0.459
Gyro: -52.932 -125.457 131.256
Accel: 0.187 0.478 0.489
Gyro: -58.013 -132.949 149.124
Accel: 0.124 0.498 0.521
Gyro: -61.828 -131.530 167.144
Accel: 0.028 0.506 0.580
Gyro: -65.261 -123.382 177.169
Accel: 0.095 0.503 0.613
Gyro: -74.264 -105.285 187.774
Accel: 0.161 0.514 0.621
Gyro: -87.753 -77.560 194.610
Accel: 0.186 0.537 0.630
Gyro: -111.602 -44.418 199.127
Accel: 0.251 0.535 0.650
Gyro: -129.043 -23.529 200.927
Accel: 0.321 0.537 0.702
Gyro: -141.616 -8.071 195.327
Accel: 0.280 0.578 0.729
Gyro: -140.747 -2.044 179.031
Accel: 0.133 0.622 0.724
Gyro: -129.028 -5.661 158.340
Accel: 0.024 0.626 0.709
Gyro: -110.244 -22.537 145.935
Accel: 0.136 0.540 0.658
Gyro: -83.923 -44.006 142.639
Accel: 0.199 0.435 0.577
Gyro: -54.275 -72.677 149.703
Accel: 0.217 0.351 0.476
Gyro: -29.998 -93.826 164.535
Accel: 0.164 0.282 0.386
Gyro: -9.414 -117.446 183.029
Accel: 0.028 0.268 0.333
Gyro: 3.738 -134.445 201.232
Accel: 0.075 0.328 0.300
Gyro: -3.768 -138.168 213.973
Accel: 0.148 0.448 0.313
Gyro: -19.256 -129.821 217.819
Accel: 0.221 0.550 0.349
Gyro: -45.974 -107.894 207.641
Accel: 0.292 0.582 0.393
Gyro: -75.942 -72.311 197.143
Accel: 0.319 0.551 0.428
Gyro: -103.607 -38.024 184.753
Accel: 7.999 2.029 3.415
Gyro: -194.351 308.990 86.135
Accel: -1.222 1.554 1.004
Gyro: -254.257 195.877 87.539
Accel: 0.529 0.304 0.771
Gyro: -232.940 211.730 85.494
Accel: 0.909 0.320 0.605
Gyro: -192.062 236.114 88.104
Accel: 0.407 0.627 0.864
Gyro: -185.806 215.972 91.354
Accel: 0.812 0.391 1.182
Gyro: -164.779 202.743 61.981
Accel: 0.852 0.285 1.148
Gyro: -127.685 173.675 26.290
Accel: 0.743 0.387 1.326
Gyro: -93.383 145.202 -2.609
Accel: 0.333 0.040 1.409
Gyro: -64.117 124.359 -2.197
Accel: 0.316 0.067 1.293
Gyro: -42.373 97.854 -11.184
Accel: 0.342 0.062 1.238
Gyro: -25.390 84.091 -11.810
Accel: 0.358 0.110 1.177
Gyro: -18.447 70.373 -12.0100
Accel: 0.364 0.095 0.987
Gyro: -24.353 60.028 -14.389
Accel: 0.375 0.127 0.958
Gyro: -36.941 56.823 -14.556
Accel: 0.351 0.163 0.882
Gyro: -50.354 53.634 -12.588
Accel: 0.338 0.123 1.002
Gyro: -59.127 52.032 -11.611
Accel: 0.313 0.060 1.031
Gyro: -60.470 46.554 -11.611
Accel: 0.318 0.032 1.074
Gyro: -53.771 41.336 -12.390
Accel: 0.280 0.015 1.125
Gyro: -39.108 35.049 -14.068
Accel: 0.281 0.006 1.111
Gyro: -24.551 26.992 -15.045
Accel: 0.288 0.021 1.102
Gyro: -14.389 20.675 -15.045
Accel: 0.291 0.034 1.069
Gyro: 0.549 15.350 -14.389
Accel: 0.316 0.045 1.024
Gyro: 1.708 10.223 -13.259
Accel: 0.337 0.058 1.014
Gyro: 4.913 6.042 -12.069
Accel: 0.344 0.033 0.956
Gyro: 5.538 1.113 -12.832
Accel: 0.317 0.019 1.009
Gyro: 5.203 -2.868 -15.335
Accel: 0.314 0.011 1.055
Gyro: 6.500 -7.232 -17.974
Accel: 0.310 0.022 1.047
Gyro: 10.406 -12.084 -19.760
Accel: 0.308 0.039 1.047
Gyro: 16.830 -16.479 -20.523
Accel: 0.374 0.044 1.037
Gyro: 23.712 -21.041 -21.072
Accel: 0.314 0.050 1.031
Gyro: 29.754 -25.0100 -21.545
Accel: 0.316 0.058 0.996
Gyro: 34.072 -28.244 -22.033
Accel: 0.327 0.072 0.972
Gyro: 36.590 -30.456 -22.583
Accel: 0.336 0.089 0.959
Gyro: 37.643 -31.433 -22.857
Accel: 0.339 0.099 0.947
Gyro: 37.551 -31.845 -23.178
Accel: 0.345 0.111 0.917
Gyro: 36.499 -31.463 -23.406
Accel: 0.353 0.129 0.909
Gyro: 33.905 -30.349 -23.178
Accel: 0.355 0.139 0.890
Gyro: 29.876 -28.884 -22.933
Accel: 0.361 0.149 0.874
Gyro: 25.802 -26.702 -22.491
Accel: 0.369 0.157 0.871
Gyro: 21.850 -23.925 -21.850
Accel: 0.373 0.152 0.864
Gyro: 17.654 -21.209 -21.697
Accel: 0.378 0.157 0.870
Gyro: 13.748 -18.203 -21.804
Accel: 0.377 0.166 0.871
Gyro: 10.696 -12.008 -21.224
Accel: 0.377 0.172 0.936
Gyro: 9.262 -13.534 -20.217
Accel: 0.377 0.174 0.881
Gyro: 9.323 -11.077 -19.088
Accel: 0.376 0.164 0.896
Gyro: 10.894 -9.445 -18.417
Accel: 0.380 0.161 0.904
Gyro: 12.023 -7.919 -18.112
Accel: 0.381 0.166 0.903
Gyro: 11.642 -6.988 -18.051
Accel: 0.380 0.165 0.898
Gyro: 10.223 -5.981 -18.173
Accel: 0.380 0.177 0.890
Gyro: 8.331 -4.745 -18.142
Accel: 0.380 0.190 0.885
Gyro: 6.011 -3.707 -17.745
Accel: 0.378 0.195 0.893
Gyro: 3.646 -2.563 -16.754
Accel: 0.379 0.194 0.903
Gyro: 2.212 -1.953 -15.762
Accel: 0.377 0.197 0.912
Gyro: 1.159 -1.281 -14.770
Accel: 0.436 0.191 0.919
Gyro: 0.946 -1.495 -13.793
Accel: 0.374 0.193 0.928
Gyro: 1.647 -1.663 -12.756
Accel: 0.372 0.198 0.925
Gyro: 2.365 -1.998 -11.810
Accel: 0.373 0.198 0.918
Gyro: 2.471 -2.502 -10.757
Accel: 0.372 0.200 0.926
Gyro: 1.815 -2.853 -9.765
Accel: 0.372 0.201 0.924
Gyro: 0.762 -3.585 -8.773
Accel: 0.373 0.200 0.917
Gyro: 0.244 -4.028 -7.705
Accel: 0.375 0.195 0.923
Gyro: 0.396 -4.501 -7.080
Accel: 0.377 0.192 0.924
Gyro: 0.335 -4.821 -6.500
Accel: 0.375 0.188 0.915
Gyro: 0.152 -5.233 -6.179
Accel: 0.378 0.182 0.922
Gyro: 0.122 -5.508 -6.378
Accel: 0.379 0.178 0.924
Gyro: 0.045 -6.103 -6.698
Accel: 0.379 0.180 0.930
Gyro: 0.717 -6.637 -6.881
Accel: 0.380 0.181 0.928
Gyro: 2.227 -7.247 -6.912
Accel: 0.382 0.179 0.930
Gyro: 4.409 -7.766 -7.034
Accel: 0.380 0.173 0.921
Gyro: 6.820 -8.0010 -7.476
Accel: 0.384 0.176 0.913
Gyro: 8.666 -7.965 -7.965
Accel: 0.387 0.180 0.898
Gyro: 9.521 -7.415 -8.407
Accel: 0.389 0.188 0.886
Gyro: 9.201 -6.088 -9.002
Accel: 0.394 0.192 0.868
Gyro: 7.965 -4.486 -9.399
Accel: 0.393 0.193 0.937
Gyro: 6.668 -2.807 -9.841
Accel: 0.388 0.201 0.889
Gyro: 4.806 -1.495 -9.994
Accel: 0.388 0.203 0.889
Gyro: 3.143 0.549 -10.040
Accel: 0.385 0.208 0.894
Gyro: 1.907 0.366 -9.918
Accel: 0.384 0.210 0.895
Gyro: 0.854 0.885 -9.597
Accel: 0.388 0.214 0.899
Gyro: 0.366 1.571 -9.078
Accel: 0.380 0.208 0.911
Gyro: 1.007 1.388 -8.483
Accel: 0.376 0.203 0.943
Gyro: 3.128 0.427 -8.148
Accel: 0.375 0.195 0.969
Gyro: 6.439 -2.014 -7.934
Accel: 0.370 0.189 0.990
Gyro: 15.563 -5.706 -8.071
Accel: 0.371 0.189 0.998
Gyro: 17.593 -9.902 -8.224
Accel: 0.373 0.198 0.995
Gyro: 23.605 -14.160 -8.178
Accel: 0.371 0.207 0.981
Gyro: 29.052 -18.188 -7.949
Accel: 0.376 0.218 0.968
Gyro: 32.684 -21.713 -7.629
Accel: 0.380 0.225 0.948
Gyro: 34.622 -24.200 -7.369
Accel: 0.385 0.230 0.924
Gyro: 35.446 -26.458 -7.247
Accel: 0.391 0.245 0.908
Gyro: 34.881 -27.664 -6.942
Accel: 0.398 0.253 0.884
Gyro: 33.157 -28.121 -6.637
Accel: 0.404 0.258 0.870
Gyro: 30.746 -27.954 -6.439
Accel: 0.408 0.269 0.862
Gyro: 27.603 -27.389 -6.118
Accel: 0.413 0.275 0.849
Gyro: 24.246 -26.123 -5.676
