Accel: 0.009 0.238 0.980
Gyro: 0.228 -1.312 0.106
Accel: 0.0010 0.238 0.975
Gyro: 0.549 -1.022 0.106
Accel: 0.009 0.237 0.971
Gyro: 0.717 0.946 0.198
Accel: 0.007 0.240 0.974
Gyro: 1.083 -1.083 0.228
Accel: 0.013 0.239 0.975
Gyro: 1.358 -1.068 0.457
Accel: 0.012 0.238 0.979
Gyro: 1.480 0.823 0.595
Accel: 0.012 0.241 0.979
Gyro: 1.632 0.503 0.808
Accel: 0.015 0.245 0.977
Gyro: 1.739 0.366 1.098
Accel: 0.0010 0.239 0.979
Gyro: 1.678 0.259 1.235
Accel: 0.005 0.233 0.983
Gyro: 1.541 0.640 1.190
Accel: 0.002 0.233 0.987
Gyro: 1.159 -1.235 0.976
Accel: 0.006 0.233 0.991
Gyro: 0.640 -1.693 0.946
Accel: 0.0010 0.234 0.994
Gyro: 0.305 -1.602 0.869
Accel: 0.009 0.233 0.990
Gyro: 0.350 -1.342 0.885
Accel: 0.011 0.234 0.985
Gyro: 0.686 -1.144 0.915
Accel: 0.0010 0.235 0.983
Gyro: 0.762 0.976 0.869
Accel: 0.016 0.226 0.981
Gyro: 0.900 -1.007 1.022
Accel: 0.0010 0.233 0.979
Gyro: 0.885 -1.098 1.083
Accel: 0.007 0.237 0.984
Gyro: 0.930 0.762 0.961
Accel: 0.007 0.239 0.979
Gyro: 0.747 0.549 0.900
Accel: 0.007 0.236 0.979
Gyro: 0.854 0.640 0.808
Accel: 0.005 0.239 0.978
Gyro: 0.656 0.717 0.656
Accel: 0.005 0.237 0.976
Gyro: 0.579 0.930 0.610
Accel: 0.007 0.239 0.979
Gyro: 0.534 0.732 0.473
Accel: 0.006 0.238 0.978
Gyro: 0.503 0.671 0.335
Accel: 0.005 0.238 0.978
Gyro: 0.305 0.411 0.152
Accel: 0.009 0.238 0.979
Gyro: 0.366 0.350 0.167
Accel: 0.008 0.240 0.980
Gyro: 0.259 0.427 0.183
Accel: 0.008 0.237 0.976
Gyro: 0.274 0.610 0.259
Accel: 0.009 0.239 0.976
Gyro: 0.167 0.518 0.183
Accel: 0.008 0.239 0.980
Gyro: 0.152 0.610 0.183
Accel: 0.007 0.237 0.984
Gyro: 0.259 0.946 0.198
Accel: 0.009 0.237 0.984
Gyro: 0.289 -1.113 0.167
Accel: 0.008 0.238 0.980
Gyro: 0.411 -1.022 0.122
Accel: 0.008 0.239 0.979
Gyro: 0.534 0.946 0.137
Accel: 0.008 0.240 0.979
Gyro: 0.488 0.640 0.244
Accel: 0.008 0.239 0.979
Gyro: 0.366 0.854 0.213
Accel: 0.0010 0.239 0.974
Gyro: 0.396 0.854 0.198
Accel: 0.009 0.240 0.975
Gyro: 0.045 0.747 0.244
Accel: 0.007 0.241 0.973
Gyro: 0.366 0.686 0.152
Accel: 0.006 0.240 0.972
Gyro: 0.549 0.518 0.152
Accel: 0.008 0.240 0.975
Gyro: 0.915 0.671 0.076
Accel: 0.009 0.241 0.979
Gyro: 1.022 0.640 0.183
Accel: 0.008 0.238 0.978
Gyro: 1.022 0.579 0.091
Accel: 0.007 0.239 0.981
Gyro: 1.052 0.564 0.152
Accel: 0.008 0.238 0.987
Gyro: 0.808 0.732 0.183
Accel: 0.009 0.237 0.985
Gyro: 0.503 0.610 0.076
Accel: 0.008 0.239 0.987
Gyro: 0.289 0.747 0.183
Accel: 0.007 0.238 0.982
Gyro: 0.030 0.885 0.137
Accel: 0.0010 0.239 0.983
Gyro: 0.198 0.823 0.152
Accel: 0.007 0.239 0.982
Gyro: 0.274 0.854 0.106
Accel: 0.008 0.239 0.980
Gyro: 0.213 0.518 0.167
Accel: 0.009 0.238 0.975
Gyro: 0.289 0.381 0.091
Accel: 0.008 0.240 0.973
Gyro: 0.045 0.350 0.152
Accel: 0.008 0.241 0.972
Gyro: 0.335 0.335 0.183
Accel: 0.007 0.241 0.973
Gyro: 0.686 0.534 0.106
Accel: 0.007 0.240 0.977
Gyro: 0.991 0.579 0.137
Accel: 0.008 0.240 0.977
Gyro: 1.113 0.900 0.183
Accel: 0.008 0.239 0.979
Gyro: 1.251 0.900 0.137
Accel: 0.008 0.239 0.978
Gyro: 1.419 -1.007 0.091
Accel: 0.009 0.239 0.978
Gyro: 1.434 0.854 0.244
Accel: 0.009 0.237 0.981
Gyro: 1.388 0.610 0.213
Accel: 0.008 0.237 0.985
Gyro: 1.312 0.183 0.167
Accel: 0.009 0.237 0.983
Gyro: 0.976 0.122 0.167
Accel: 0.007 0.237 0.987
Gyro: 0.839 0.305 0.198
Accel: 0.007 0.238 0.985
Gyro: 0.534 0.701 0.244
Accel: 0.006 0.237 0.982
Gyro: 0.289 -1.113 0.061
Accel: 0.008 0.238 0.984
Gyro: 0.045 -1.388 0.106
Accel: 0.007 0.238 0.987
Gyro: 0.106 -1.220 0.152
Accel: 0.008 0.235 0.986
Gyro: 0.442 -1.190 0.198
Accel: 0.007 0.237 0.989
Gyro: 0.900 0.976 0.091
Accel: 0.0010 0.238 0.989
Gyro: -1.281 0.579 0.137
Accel: 0.008 0.236 0.985
Gyro: -1.724 0.366 0.152
Accel: 0.009 0.239 0.985
Gyro: -1.922 0.335 0.244
Accel: 0.006 0.239 0.985
Gyro: -2.136 0.503 0.213
Accel: 0.008 0.238 0.986
Gyro: -2.609 0.671 0.106
Accel: 0.008 0.239 0.989
Gyro: -3.082 0.961 0.167
Accel: 0.008 0.241 0.987
Gyro: -3.356 -1.098 0.244
Accel: 0.0010 0.241 0.983
Gyro: -3.799 -1.098 0.183
Accel: 0.013 0.244 0.986
Gyro: -4.104 -1.068 0.427
Accel: 0.009 0.244 0.985
Gyro: -4.333 0.885 0.488
Accel: 0.009 0.244 0.984
Gyro: -4.776 -1.068 0.671
Accel: 0.012 0.248 0.986
Gyro: -5.325 -1.403 0.900
Accel: 0.013 0.248 0.984
Gyro: -5.706 -1.724 1.296
Accel: 0.015 0.247 0.986
Gyro: -6.179 -1.892 1.495
Accel: 0.021 0.253 0.987
Gyro: -6.607 -2.136 2.319
Accel: 0.015 0.245 0.984
Gyro: -7.003 -2.380 2.883
Accel: 0.016 0.187 0.986
Gyro: -7.354 -2.258 3.189
Accel: 0.017 0.254 0.980
Gyro: -7.644 -2.166 3.570
Accel: 0.015 0.252 0.972
Gyro: -7.629 -1.937 3.814
Accel: 0.014 0.252 0.963
Gyro: -7.339 -1.739 4.028
Accel: 0.011 0.256 0.967
Gyro: -6.790 -1.724 4.211
Accel: 0.0010 0.256 0.966
Gyro: -6.362 -1.693 4.272
Accel: 0.009 0.258 0.968
Gyro: -5.889 -1.663 4.150
Accel: 0.003 0.260 0.968
Gyro: -5.477 -1.525 3.829
Accel: 0.0001 0.260 0.962
Gyro: -4.943 -1.449 3.356
Accel: 0.0001 0.262 0.964
Gyro: -4.409 -1.342 2.899
Accel: 0.0001 0.265 0.967
Gyro: -3.845 -1.174 2.456
Accel: 0.003 0.261 0.968
Gyro: -3.387 -1.281 2.090
Accel: 0.003 0.263 0.971
Gyro: -3.295 0.793 1.678
Accel: 0.0001 0.263 0.975
Gyro: -3.051 0.885 1.251
Accel: 0.004 0.263 0.972
Gyro: -3.036 0.762 0.961
Accel: 0.002 0.265 0.970
Gyro: -3.128 0.610 0.549
Accel: 0.003 0.264 0.975
Gyro: -3.036 0.656 0.213
Accel: 0.008 0.266 0.973
Gyro: -3.051 0.579 0.076
Accel: 0.009 0.266 0.974
Gyro: -3.158 0.686 0.137
Accel: 0.009 0.268 0.972
Gyro: -3.112 0.793 0.167
Accel: 0.0010 0.267 0.974
Gyro: -3.097 0.900 0.152
Accel: 0.009 0.267 0.973
Gyro: -3.219 0.762 0.122
Accel: 0.0010 0.270 0.970
Gyro: -3.036 0.640 0.015
Accel: 0.011 0.267 0.966
Gyro: -2.761 0.259 0.228
Accel: 0.0010 0.270 0.970
Gyro: -2.655 0.076 0.183
Accel: 0.008 0.271 0.967
Gyro: -2.410 0.030 0.152
Accel: 0.007 0.271 0.961
Gyro: -1.983 0.152 0.198
Accel: 0.009 0.272 0.964
Gyro: -1.556 0.274 0.152
Accel: 0.008 0.274 0.968
Gyro: -1.174 0.411 0.167
Accel: 0.009 0.273 0.967
Gyro: 0.885 0.411 0.167
Accel: 0.008 0.272 0.970
Gyro: 0.778 0.259 0.228
Accel: 0.009 0.272 0.971
Gyro: 0.610 0.015 0.137
Accel: 0.008 0.271 0.968
Gyro: 0.549 0.366 0.091
Accel: 0.007 0.273 0.972
Gyro: 0.488 0.564 0.152
Accel: 0.007 0.273 0.974
Gyro: 0.534 0.564 0.198
Accel: 0.008 0.271 0.973
Gyro: 0.793 0.534 0.198
Accel: 0.008 0.271 0.976
Gyro: 0.991 0.534 0.228
Accel: 0.007 0.272 0.974
Gyro: -1.098 0.656 0.152
Accel: 0.008 0.270 0.969
Gyro: -1.281 0.671 0.091
Accel: 0.009 0.275 0.970
Gyro: -1.220 0.640 0.183
Accel: 0.0010 0.272 0.970
Gyro: -1.098 0.625 0.122
Accel: 0.007 0.273 0.966
Gyro: 0.869 0.503 0.167
Accel: 0.008 0.274 0.964
Gyro: 0.488 0.335 0.152
Accel: 0.007 0.275 0.962
Gyro: 0.045 0.335 0.152
Accel: 0.008 0.275 0.963
Gyro: 0.289 0.274 0.213
Accel: 0.221 0.216 0.986
Gyro: 12.878 -60.607 14.724
Accel: 0.241 0.232 0.986
Gyro: 12.069 -61.019 14.923
Accel: 0.243 0.226 0.967
Gyro: 10.543 -61.050 14.999
Accel: 0.264 0.226 0.959
Gyro: 8.865 -60.043 14.129
Accel: 0.275 0.223 0.958
Gyro: 7.293 -59.829 13.198
Accel: 0.281 0.229 0.959
Gyro: 6.134 -58.807 12.298
Accel: 0.288 0.231 0.934
Gyro: 4.791 -57.373 11.260
Accel: 0.306 0.241 0.970
Gyro: 6.179 -53.665 10.040
Accel: 0.322 0.243 0.983
Gyro: 9.552 -50.292 8.804
Accel: 0.334 0.236 0.996
Gyro: 12.710 -47.256 7.766
Accel: 0.347 0.235 1.002
Gyro: 15.014 -44.754 6.530
Accel: 0.364 0.232 1.018
Gyro: 16.799 -41.992 5.325
Accel: 0.385 0.216 1.116
Gyro: 20.599 -41.381 3.021
Accel: 0.410 0.230 1.078
Gyro: 29.907 -42.465 1.327
Accel: 0.387 0.224 1.075
Gyro: 34.027 -39.062 0.656
Accel: 0.371 0.216 1.046
Gyro: 37.155 -35.934 0.076
Accel: 0.372 0.198 1.028
Gyro: 40.206 -33.691 0.534
Accel: 0.380 0.183 1.002
Gyro: 42.739 -31.829 -1.205
Accel: 0.383 0.175 0.980
Gyro: 43.563 -31.127 -1.876
Accel: 0.393 0.168 0.962
Gyro: 43.502 -35.049 -1.983
Accel: 0.402 0.142 0.955
Gyro: 43.075 -32.531 -2.746
Accel: 0.411 0.132 0.966
Gyro: 39.077 -34.042 -2.761
Accel: 0.408 0.132 0.984
Gyro: 41.931 -33.081 -1.327
Accel: 0.404 0.119 0.990
Gyro: 41.366 -32.379 1.144
Accel: 0.402 0.107 0.984
Gyro: 40.466 -31.509 3.265
Accel: 0.405 0.093 0.974
Gyro: 40.130 -31.555 4.898
Accel: 0.406 0.086 0.973
Gyro: 40.679 -32.943 6.317
Accel: 0.407 0.090 0.972
Gyro: 41.732 -34.790 7.400
Accel: 0.405 0.087 0.970
Gyro: 43.197 -36.987 7.888
Accel: 0.414 0.072 0.963
Gyro: 44.998 -39.810 7.553
Accel: 0.459 0.009 0.957
Gyro: 47.927 -43.670 2.410
Accel: 0.509 0.037 0.941
Gyro: 50.155 -43.914 -3.768
Accel: 0.501 0.057 0.858
Gyro: 52.337 -49.636 -9.689
Accel: 0.544 0.051 0.854
Gyro: 53.192 -54.824 -14.724
Accel: 0.543 0.043 0.863
Gyro: 51.116 -57.739 -18.218
Accel: 0.569 0.036 0.861
Gyro: 47.515 -57.601 -21.286
Accel: 0.568 0.021 0.857
Gyro: 44.036 -56.518 -22.277
Accel: 0.595 0.028 0.853
Gyro: 38.955 -54.519 -21.606
Accel: 0.606 0.021 0.843
Gyro: 34.317 -53.771 -21.621
Accel: 0.609 0.031 0.841
Gyro: 30.654 -55.358 -21.621
Accel: 0.617 0.038 0.840
Gyro: 29.891 -58.883 -23.590
Accel: 0.616 0.041 0.833
Gyro: 31.890 -66.543 -27.420
Accel: 0.603 0.045 0.822
Gyro: 35.232 -79.421 -35.140
Accel: 0.585 0.038 0.819
Gyro: 40.817 -94.482 -34.484
Accel: 0.572 0.024 0.828
Gyro: 48.614 -116.638 -35.675
Accel: 0.570 0.011 0.835
Gyro: 60.363 -130.783 -34.500
Accel: 0.583 0.002 0.835
Gyro: 77.072 -148.056 -31.372
Accel: 0.599 0.0001 0.817
Gyro: 89.675 -164.871 -27.603
Accel: 0.633 0.016 0.816
Gyro: 97.549 -181.671 -24.200
Accel: 0.663 0.042 0.802
Gyro: 109.283 -196.594 -22.842
Accel: 0.688 0.068 0.787
Gyro: 120.315 -208.587 -22.705
Accel: 0.713 0.094 0.757
Gyro: 128.768 -217.605 -23.254
Accel: 0.729 0.119 0.719
Gyro: 133.880 -222.747 -24.200
Accel: 0.741 0.136 0.680
Gyro: 135.055 -224.365 -24.658
Accel: 0.782 0.145 0.656
Gyro: 132.431 -219.024 -24.856
Accel: 0.869 0.153 0.629
Gyro: 127.395 -215.530 -25.955
Accel: 0.822 0.179 0.609
Gyro: 119.979 -202.545 -26.687
Accel: 0.825 0.190 0.574
Gyro: 110.046 -186.141 -27.786
Accel: 0.798 0.189 0.532
Gyro: 97.732 -170.181 -28.411
Accel: 0.764 0.171 0.479
Gyro: 84.686 -154.891 -27.725
Accel: 0.713 0.132 0.425
Gyro: 72.021 -141.830 -25.192
Accel: 0.646 0.088 0.314
Gyro: 60.516 -132.064 -19.180
Accel: 0.584 0.038 0.329
Gyro: 47.561 -123.580 -9.567
Accel: 0.526 0.009 0.289
Gyro: 42.907 -119.216 3.356
Accel: 0.493 0.008 0.251
Gyro: 35.034 -115.722 17.303
Accel: 0.450 0.017 0.216
Gyro: 24.108 -111.831 29.724
Accel: 0.424 0.0000 0.193
Gyro: 20.950 -109.054 39.794
Accel: 0.385 0.050 0.178
Gyro: 14.312 -104.614 45.547
Accel: 0.327 0.099 0.156
Gyro: 8.575 -97.503 45.715
Accel: 0.266 0.135 0.127
Gyro: 3.280 -92.163 42.495
Accel: 0.194 0.145 0.106
Gyro: -2.212 -90.545 37.673
Accel: 0.145 0.106 0.081
Gyro: -6.317 -91.171 33.004
Accel: 0.085 0.056 0.069
Gyro: -8.666 -93.933 31.539
Accel: 0.047 0.062 0.076
Gyro: -4.043 -98.892 33.905
Accel: 0.038 0.048 0.097
Gyro: -3.356 -104.751 38.314
Accel: 0.034 0.091 0.115
Gyro: 6.362 -106.994 43.441
Accel: 0.026 0.142 0.122
Gyro: 17.944 -105.850 49.209
Accel: 0.027 0.196 0.117
Gyro: 28.274 -102.188 59.219
Accel: 0.044 0.265 0.101
Gyro: 36.788 -96.435 77.835
Accel: 0.105 0.327 0.076
Gyro: 46.554 -87.524 96.542
Accel: 0.243 0.402 0.002
Gyro: 46.279 -77.972 112.976
Accel: 0.416 0.456 0.051
Gyro: 48.339 -65.704 133.0010
Accel: 1.531 0.110 0.485
Gyro: 39.764 -46.005 494.400
Accel: 7.999 3.260 0.463
Gyro: 8.026 78.414 82.122
Accel: 1.864 0.913 0.125
Gyro: 49.316 -12.359 -10.345
Accel: 0.505 0.881 0.230
Gyro: 9.567 -33.386 21.087
Accel: 1.153 0.372 0.070
Gyro: -13.275 -12.680 47.302
Accel: 1.482 0.188 0.062
Gyro: -31.677 -4.226 3.662
Accel: 1.378 0.043 0.157
Gyro: -39.260 -21.224 -26.046
Accel: 1.285 0.012 0.339
Gyro: -27.450 -25.939 -30.792
Accel: 1.325 0.166 0.422
Gyro: 0.656 -16.265 -40.435
Accel: 1.213 0.208 0.362
Gyro: 26.473 -12.878 -44.174
Accel: 1.096 0.193 0.243
Gyro: 45.318 -9.552 -37.185
Accel: 1.027 0.197 0.123
Gyro: 51.773 -3.707 -26.229
Accel: 0.899 0.139 0.036
Gyro: 46.905 0.747 -12.649
Accel: 0.768 0.077 0.014
Gyro: 35.125 6.729 -4.394
Accel: 0.648 0.047 0.119
Gyro: 22.247 15.747 -3.112
Accel: 0.532 0.027 0.082
Gyro: 4.119 23.910 1.678
Accel: 0.418 0.0010 0.111
Gyro: -4.348 29.815 6.774
Accel: 0.227 0.030 0.133
Gyro: -12.756 31.051 11.672
Accel: 0.108 0.107 0.148
Gyro: -16.372 26.992 15.838
Accel: 0.334 0.138 0.146
Gyro: -14.007 19.348 23.254
Accel: 0.530 0.062 0.128
Gyro: -4.608 8.163 30.364
Accel: 0.629 0.109 0.109
Gyro: 11.734 -4.394 39.138
Accel: 0.617 0.301 0.110
Gyro: 34.042 -19.653 59.112
Accel: 0.558 0.458 0.134
Gyro: 54.260 -38.269 87.173
Accel: 5.591 4.927 2.655
Gyro: 23.757 -71.777 -10.864
Accel: 1.680 0.914 0.490
Gyro: -17.776 4.928 -5.081
Accel: 0.659 0.486 0.473
Gyro: -1.617 -3.463 4.409
Accel: 1.159 0.436 0.056
Gyro: 20.401 -1.342 17.044
Accel: 1.177 0.131 0.095
Gyro: 30.273 -19.866 19.897
Accel: 1.249 0.199 0.028
Gyro: 40.908 -46.081 38.558
Accel: 1.349 0.506 0.187
Gyro: 56.137 -72.067 61.965
Accel: 1.469 0.716 0.108
Gyro: 66.268 -93.063 75.988
Accel: 1.580 0.611 0.119
Gyro: 61.126 -94.589 81.863
Accel: 1.532 0.339 0.111
Gyro: 43.090 -90.057 82.946
Accel: 1.452 0.155 0.111
Gyro: 24.978 -74.417 74.371
Accel: 1.289 0.030 0.098
Gyro: 2.212 -45.089 54.504
Accel: 0.965 0.277 0.105
Gyro: -18.890 -9.323 27.893
Accel: 0.673 0.419 0.118
Gyro: -33.187 27.801 6.515
Accel: 0.442 0.453 0.064
Gyro: -36.590 63.568 -18.722
Accel: 0.194 0.457 0.114
Gyro: -27.542 86.624 -34.011
Accel: 0.096 0.451 0.017
Gyro: -23.376 102.523 -39.810
Accel: 0.369 0.395 0.140
Gyro: -14.511 105.865 -45.761
Accel: 0.499 0.239 0.239
Gyro: -6.454 96.588 -49.682
Accel: 0.509 0.0010 0.306
Gyro: 1.846 75.500 -50.445
Accel: 0.544 0.290 0.349
Gyro: 12.252 43.380 -42.465
Accel: 0.573 0.511 0.385
Gyro: 23.284 4.241 -23.086
Accel: 2.680 2.007 2.002
Gyro: 27.862 -77.606 -250.747
Accel: -3.960 1.125 1.478
Gyro: -44.525 16.799 -9.399
Accel: 1.044 0.746 0.067
Gyro: -34.423 4.165 -2.182
Accel: 0.959 0.924 0.373
Gyro: -19.012 20.935 1.251
Accel: 0.992 0.292 0.331
Gyro: -1.831 9.689 12.252
Accel: 1.007 0.177 0.046
Gyro: 14.129 -9.643 18.829
Accel: 1.289 0.020 0.004
Gyro: 31.967 -29.434 33.065
Accel: 1.257 0.249 0.101
Gyro: 46.371 -51.635 50.857
Accel: 1.303 0.500 0.012
Gyro: 49.194 -69.931 73.974
Accel: 1.429 0.537 0.028
Gyro: 42.022 -79.055 86.883
Accel: 1.560 0.323 0.051
Gyro: 29.251 -79.620 92.269
Accel: 1.559 0.114 0.049
Gyro: 13.809 -70.312 84.991
Accel: 1.521 0.078 0.069
Gyro: -4.882 -50.781 61.721
Accel: 1.399 0.280 0.096
Gyro: -20.141 -23.315 25.177
Accel: 1.172 0.489 0.128
Gyro: -28.533 5.889 -14.419
Accel: 0.914 0.589 0.127
Gyro: -28.762 33.691 -51.437
Accel: 0.653 0.571 0.055
Gyro: -22.415 59.066 -84.899
Accel: 0.384 0.482 0.017
Gyro: -16.998 78.887 -111.984
Accel: 0.093 0.333 0.073
Gyro: -13.015 91.293 -132.598
Accel: 0.220 0.079 0.249
Gyro: -10.986 96.572 -141.403
Accel: 0.479 0.228 0.281
Gyro: -9.368 83.358 -141.662
Accel: 0.649 0.516 0.342
Gyro: -6.729 60.455 -124.481
Accel: 0.785 0.782 0.367
Gyro: -2.471 19.866 -85.906
Accel: 0.859 0.953 0.393
Gyro: 4.730 -24.185 -29.541
Accel: 0.784 -1.085 0.325
Gyro: 14.923 -59.768 31.967
Accel: 7.999 0.007 0.169
Gyro: -20.675 -81.039 367.309
Accel: 7.926 5.099 2.190
Gyro: -125.595 41.473 -34.286
Accel: 0.335 0.760 0.685
Gyro: -126.815 12.985 11.505
Accel: 0.630 0.414 0.284
Gyro: -50.949 9.017 4.913
Accel: 1.539 0.035 0.964
Gyro: 3.341 -9.460 13.519
Accel: 1.101 0.307 0.228
Gyro: 41.946 -37.612 18.157
Accel: 0.979 0.066 0.174
Gyro: 63.156 -71.075 23.803
Accel: 1.050 0.346 0.104
Gyro: 77.697 -88.073 32.669
Accel: 1.235 0.398 0.053
Gyro: 79.086 -91.552 44.586
Accel: 1.407 0.393 0.048
Gyro: 68.298 -84.152 66.329
Accel: 1.478 0.407 0.031
Gyro: 48.446 -70.266 85.296
Accel: 1.600 0.297 0.036
Gyro: 26.519 -44.097 88.012
Accel: 1.614 0.124 0.070
Gyro: -3.036 -21.469 83.374
Accel: 1.571 0.023 0.092
Gyro: -23.040 -1.647 66.528
Accel: 1.383 0.148 0.128
Gyro: -27.877 21.865 39.718
Accel: 1.261 0.232 0.164
Gyro: -25.619 40.435 9.277
Accel: 1.146 0.277 0.162
Gyro: -15.808 52.413 -18.386
Accel: 0.975 0.247 0.127
Gyro: -3.143 59.799 -42.144
Accel: 0.807 0.171 0.066
Gyro: 8.544 63.171 -55.267
Accel: 0.646 0.081 0.005
Gyro: 16.052 58.807 -70.251
Accel: 0.486 0.007 0.086
Gyro: 23.284 59.600 -70.983
Accel: 0.337 0.119 0.134
Gyro: 19.851 53.482 -70.159
Accel: 0.166 0.118 0.191
Gyro: 18.600 45.547 -63.964
Accel: 0.049 0.168 0.222
Gyro: 16.220 37.216 -52.536
Accel: 0.092 0.187 0.248
Gyro: 12.832 28.106 -37.261
Accel: 0.255 0.199 0.273
Gyro: 6.774 17.105 -17.074
Accel: 0.420 0.203 0.283
Gyro: 0.885 5.462 3.555
Accel: 0.580 0.218 0.281
Gyro: -6.958 -6.683 25.283
Accel: 0.716 0.273 0.272
Gyro: -10.696 -16.418 41.351
Accel: 0.867 0.360 0.254
Gyro: -11.810 -26.596 59.646
Accel: 0.889 0.463 0.245
Gyro: -12.039 -37.628 77.972
Accel: 7.154 0.027 -3.073
Gyro: -3.768 -63.873 -356.201
Accel: -7.958 5.385 3.454
Gyro: -69.793 49.118 4.043
Accel: 0.020 0.825 -1.074
Gyro: -84.335 -19.592 -5.340
Accel: 1.075 -1.391 0.144
Gyro: -25.283 6.652 -9.002
Accel: 0.571 0.396 0.544
Gyro: -40.649 -6.118 8.819
Accel: 0.793 0.122 0.398
Gyro: -12.649 -26.672 0.595
Accel: 0.994 0.078 0.237
Gyro: 1.358 -32.562 0.152
Accel: 0.919 0.181 0.143
Gyro: 2.639 -40.374 0.183
Accel: 0.965 0.115 0.076
Gyro: 4.318 -44.296 0.259
Accel: 0.966 0.026 0.033
Gyro: 2.914 -44.387 0.259
Accel: 0.965 0.008 0.068
Gyro: 4.898 -42.266 0.228
Accel: 0.999 0.005 0.053
Gyro: 5.264 -38.955 -3.829
Accel: 1.033 0.011 0.067
Gyro: 1.358 -35.812 0.259
Accel: 0.982 0.016 0.006
Gyro: 0.198 -32.348 0.167
Accel: 1.0010 0.012 0.002
Gyro: 0.549 -30.624 0.106
Accel: 1.055 0.003 0.056
Gyro: 0.106 -27.923 0.091
Accel: 0.951 0.015 0.076
Gyro: 0.289 -24.993 0.350
Accel: 0.994 0.020 0.074
Gyro: 0.915 -21.774 0.701
Accel: 1.029 0.009 0.079
Gyro: 2.120 -18.112 -1.037
Accel: 0.985 0.011 0.101
Gyro: 5.630 -16.540 -1.434
Accel: 0.991 0.005 0.043
Gyro: 7.873 -13.931 -1.083
Accel: 1.003 0.004 0.064
Gyro: 8.117 -12.466 0.823
Accel: 0.988 0.015 0.103
Gyro: 7.232 -11.215 0.686
Accel: 1.011 0.029 0.108
Gyro: 5.310 -9.490 0.457
Accel: 1.013 0.029 0.096
Gyro: 3.524 -7.659 0.137
Accel: 1.009 0.029 0.105
Gyro: 1.342 -6.088 0.061
Accel: 0.990 0.022 0.098
Gyro: 0.549 -4.104 0.213
Accel: 1.004 0.004 0.086
Gyro: 0.549 -2.609 0.457
Accel: 1.020 0.012 0.108
Gyro: 0.518 0.503 0.473
Accel: 0.994 0.061 0.075
Gyro: 0.030 0.686 0.457
Accel: 1.0000 0.007 0.082
Gyro: 0.015 1.663 0.457
Accel: 1.0001 0.004 0.073
Gyro: 0.228 2.746 0.411
Accel: 0.940 0.0000 0.069
Gyro: 0.0000 3.967 0.366
Accel: 0.985 0.0001 0.066
Gyro: 0.091 4.776 0.350
Accel: 0.996 0.003 0.055
Gyro: 0.091 5.340 0.427
Accel: 1.009 0.004 0.052
Gyro: 0.015 5.599 0.396
Accel: 1.002 0.003 0.047
Gyro: 0.244 5.737 0.259
Accel: 1.0010 0.009 0.050
Gyro: 0.320 6.103 0.259
Accel: 0.938 0.002 0.054
Gyro: 0.167 6.622 0.259
Accel: 0.996 0.007 0.052
Gyro: 0.305 7.156 0.274
Accel: 1.007 0.011 0.048
Gyro: 0.396 7.720 0.488
Accel: 0.993 0.009 0.058
Gyro: 0.534 8.544 0.762
Accel: 1.009 0.0010 0.065
Gyro: 0.381 9.796 0.854
Accel: 1.006 0.003 0.068
Gyro: 0.320 11.505 0.823
Accel: 1.004 0.005 0.069
Gyro: 0.289 13.427 0.930
Accel: 1.007 0.003 0.076
Gyro: 0.091 15.823 0.839
Accel: 1.007 0.005 0.082
Gyro: 0.442 18.707 0.732
Accel: 1.009 0.005 0.064
Gyro: 0.778 21.362 0.808
Accel: 1.002 0.0000 0.044
Gyro: 0.625 22.949 0.640
Accel: 1.003 0.0000 0.032
Gyro: 0.488 23.773 0.610
Accel: 0.999 0.0001 0.029
Gyro: 0.640 24.597 0.457
Accel: 1.005 0.002 0.020
Gyro: 0.549 25.573 0.350
Accel: 1.060 0.006 0.025
Gyro: 0.717 26.229 0.335
