Accel: 0.110 0.420 0.845
Gyro: -40.740 230.133 -38.635
Accel: 0.170 0.401 0.804
Gyro: -49.514 240.798 -35.888
Accel: 0.232 0.380 0.780
Gyro: -58.486 247.711 -34.118
Accel: 0.271 0.343 0.779
Gyro: -64.987 257.339 -33.782
Accel: 0.324 0.305 0.769
Gyro: -68.145 262.954 -34.652
Accel: 0.436 0.270 0.733
Gyro: -66.833 274.337 -34.683
Accel: 0.494 0.260 0.666
Gyro: -63.720 282.363 -32.501
Accel: 0.556 0.265 0.574
Gyro: -60.333 284.423 -29.403
Accel: 0.552 0.272 0.479
Gyro: -56.762 279.357 -27.847
Accel: 0.601 0.290 0.384
Gyro: -53.0100 267.608 -27.954
Accel: 0.663 0.335 0.325
Gyro: -47.958 249.053 -30.303
Accel: 0.701 0.341 0.264
Gyro: -41.183 217.025 -36.468
Accel: 0.738 0.334 0.239
Gyro: -30.273 184.509 -45.852
Accel: 0.759 0.312 0.200
Gyro: -11.795 155.395 -56.777
Accel: 0.768 0.289 0.189
Gyro: 3.738 122.207 -66.284
Accel: 0.779 0.270 0.179
Gyro: 14.282 89.981 -72.601
Accel: 0.802 0.266 0.173
Gyro: 26.458 58.883 -75.347
Accel: 0.810 0.256 0.179
Gyro: 35.247 28.884 -74.691
Accel: 0.805 0.242 0.187
Gyro: 40.344 0.061 -71.594
Accel: 0.805 0.239 0.199
Gyro: 41.625 -23.300 -66.238
Accel: 0.818 0.247 0.220
Gyro: 40.466 -37.445 -60.592
Accel: 0.816 0.248 0.236
Gyro: 36.926 -50.537 -55.496
Accel: 0.812 0.246 0.260
Gyro: 31.066 -60.897 -51.422
Accel: 0.806 0.240 0.291
Gyro: 22.766 -69.854 -48.233
Accel: 0.800 0.236 0.329
Gyro: 12.557 -75.851 -45.654
Accel: 0.800 0.237 0.375
Gyro: 0.518 -78.125 -43.670
Accel: 0.792 0.222 0.497
Gyro: -11.901 -77.804 -41.397
Accel: 0.778 0.195 0.505
Gyro: -22.064 -75.851 -39.031
Accel: 0.780 0.184 0.556
Gyro: -28.701 -67.077 -36.819
Accel: 0.759 0.170 0.654
Gyro: -33.630 -57.479 -35.842
Accel: 0.788 0.169 0.714
Gyro: -35.598 -41.870 -36.239
Accel: 0.796 0.162 0.715
Gyro: -36.987 -27.740 -37.857
Accel: 0.751 0.155 0.736
Gyro: -37.292 -19.271 -39.108
Accel: 0.827 0.152 0.716
Gyro: -38.101 -15.335 -39.230
Accel: 0.843 0.148 0.709
Gyro: -38.574 -16.418 -38.925
Accel: 0.842 0.132 0.733
Gyro: -38.375 -18.402 -38.284
Accel: 0.832 0.116 0.767
Gyro: -36.651 -18.188 -37.094
Accel: 0.828 0.106 0.792
Gyro: -33.386 -15.121 -35.324
Accel: 0.824 0.095 0.802
Gyro: -29.327 -10.192 -32.943
Accel: 0.815 0.088 0.803
Gyro: -25.985 -4.714 -30.288
Accel: 0.809 0.089 0.791
Gyro: -24.124 0.900 -27.343
Accel: 0.809 0.095 0.782
Gyro: -24.047 5.218 -24.703
Accel: 0.810 0.104 0.775
Gyro: -25.512 9.475 -22.903
Accel: 0.812 0.104 0.770
Gyro: -27.099 13.504 -21.911
Accel: 0.807 0.097 0.771
Gyro: -27.496 18.157 -21.514
Accel: 0.805 0.092 0.763
Gyro: -26.794 22.415 -20.843
Accel: 0.810 0.090 0.747
Gyro: -24.734 25.955 -19.973
Accel: 0.811 0.086 0.722
Gyro: -21.881 27.954 -19.332
Accel: 0.812 0.089 0.689
Gyro: -18.920 28.167 -19.027
Accel: 0.817 0.092 0.662
Gyro: -16.754 25.253 -18.661
Accel: 0.818 0.095 0.640
Gyro: -15.243 20.141 -17.684
Accel: 0.821 0.099 0.621
Gyro: -13.595 15.487 -16.372
Accel: 0.821 0.102 0.605
Gyro: -12.130 9.674 -15.243
Accel: 0.815 0.101 0.594
Gyro: -10.604 2.960 -14.968
Accel: 0.812 0.099 0.582
Gyro: -8.956 -3.784 -15.350
Accel: 0.800 0.091 0.575
Gyro: -7.247 -9.490 -16.113
Accel: 0.794 0.082 0.569
Gyro: -6.057 -14.358 -17.044
Accel: 0.787 0.070 0.566
Gyro: -5.294 -18.676 -17.608
Accel: 0.777 0.055 0.565
Gyro: -5.279 -22.598 -18.371
Accel: 0.767 0.039 0.565
Gyro: -5.630 -25.512 -18.997
Accel: 0.760 0.027 0.570
Gyro: -6.317 -27.603 -23.361
Accel: 0.758 0.017 0.577
Gyro: -7.461 -29.769 -19.683
Accel: 0.756 0.002 0.590
Gyro: -9.445 -32.226 -19.821
Accel: 0.748 0.015 0.605
Gyro: -11.749 -32.196 -19.927
Accel: 0.737 0.040 0.618
Gyro: -14.480 -29.449 -19.500
Accel: 0.735 0.054 0.627
Gyro: -17.807 -25.131 -18.112
Accel: 0.733 0.068 0.634
Gyro: -21.850 -20.889 -11.734
Accel: 0.734 0.082 0.638
Gyro: -26.138 -17.364 -11.672
Accel: 0.736 0.084 0.641
Gyro: -30.303 -14.892 -6.683
Accel: 0.742 0.079 0.645
Gyro: -38.787 -14.587 -1.586
Accel: 0.748 0.071 0.659
Gyro: -42.785 -16.632 2.105
Accel: 0.741 0.080 0.685
Gyro: -41.824 -20.034 4.028
Accel: 0.736 0.087 0.712
Gyro: -43.090 -21.575 4.821
Accel: 0.730 0.096 0.738
Gyro: -41.854 -19.577 5.493
Accel: 0.727 0.104 0.758
Gyro: -39.672 -16.799 6.378
Accel: 0.729 0.105 0.772
Gyro: -36.987 -14.938 11.688
Accel: 0.729 0.104 0.777
Gyro: -33.645 -12.359 9.140
Accel: 0.729 0.0100 0.776
Gyro: -30.471 -11.047 10.131
Accel: 0.737 0.091 0.776
Gyro: -27.801 -11.840 10.314
Accel: 0.739 0.081 0.780
Gyro: -25.726 -14.114 9.963
Accel: 0.739 0.076 0.786
Gyro: -23.391 -16.204 9.857
Accel: 0.737 0.069 0.795
Gyro: -20.477 -17.990 10.116
Accel: 0.735 0.069 0.804
Gyro: -17.242 -19.287 10.513
Accel: 0.727 0.071 0.809
Gyro: -13.870 -20.004 11.154
Accel: 0.724 0.069 0.817
Gyro: -10.498 -20.141 12.115
Accel: 0.723 0.065 0.815
Gyro: -7.675 -15.670 13.183
Accel: 0.722 0.055 0.811
Gyro: -5.584 -18.753 14.434
Accel: 0.724 0.044 0.808
Gyro: -4.776 -18.447 15.594
Accel: 0.721 0.033 0.803
Gyro: -5.264 -18.218 16.891
Accel: 0.720 0.019 0.804
Gyro: -6.515 -17.486 18.554
Accel: 0.720 0.006 0.802
Gyro: -8.346 -16.571 19.882
Accel: 0.717 0.006 0.804
Gyro: -10.253 -15.594 20.843
Accel: 0.711 0.012 0.810
Gyro: -12.313 -15.106 21.011
Accel: 0.707 0.012 0.815
Gyro: -13.870 -14.511 20.614
Accel: 0.701 0.008 0.825
Gyro: -15.014 -14.663 20.385
Accel: 0.695 0.0001 0.835
Gyro: -15.258 -15.533 20.492
Accel: 0.688 0.005 0.847
Gyro: -14.236 -15.899 20.736
Accel: 0.682 0.013 0.856
Gyro: -11.672 -15.289 20.538
Accel: 0.667 0.028 0.861
Gyro: -7.690 -14.816 20.004
Accel: 0.659 0.032 0.865
Gyro: -2.990 -15.075 19.805
Accel: 0.651 0.038 0.868
Gyro: 1.937 -15.808 19.653
Accel: 0.642 0.040 0.868
Gyro: 6.866 -15.213 19.653
Accel: 0.638 0.031 0.862
Gyro: 10.787 -13.549 19.943
Accel: 0.636 0.017 0.849
Gyro: 13.946 -12.252 20.568
Accel: 0.638 0.003 0.832
Gyro: 15.304 -11.428 20.812
Accel: 0.637 0.008 0.816
Gyro: 15.502 -10.528 20.797
Accel: 0.634 0.021 0.805
Gyro: 14.923 -9.170 20.477
Accel: 0.633 0.033 0.794
Gyro: 13.626 -7.690 19.836
Accel: 0.634 0.042 0.783
Gyro: 11.627 -6.820 18.341
Accel: 0.632 0.047 0.779
Gyro: 9.170 -5.828 16.616
Accel: 0.632 0.052 0.772
Gyro: 7.095 -4.684 14.739
Accel: 0.631 0.054 0.770
Gyro: 4.730 -3.768 13.244
Accel: 0.625 0.048 0.769
Gyro: 2.639 -2.899 11.779
Accel: 0.622 0.049 0.770
Gyro: 1.083 -1.724 10.284
Accel: 0.620 0.047 0.775
Gyro: 0.152 0.366 8.544
Accel: 0.620 0.041 0.777
Gyro: 0.991 1.296 6.988
Accel: 0.621 0.040 0.776
Gyro: -1.541 2.334 5.249
Accel: 0.621 0.037 0.772
Gyro: -2.029 3.234 3.585
Accel: 0.624 0.034 0.767
Gyro: -2.182 4.302 2.029
Accel: 0.623 0.027 0.762
Gyro: -2.197 5.264 0.701
Accel: 0.616 0.019 0.757
Gyro: -2.120 5.462 0.061
Accel: 0.621 0.016 0.751
Gyro: -1.800 5.310 0.625
Accel: 0.621 0.011 0.746
Gyro: 0.915 5.157 0.778
Accel: 0.620 0.006 0.738
Gyro: 0.045 3.829 0.350
Accel: 0.624 0.005 0.737
Gyro: 0.915 0.991 0.122
Accel: 0.626 0.004 0.735
Gyro: 2.151 -2.258 0.274
Accel: 0.627 0.062 0.740
Gyro: 7.736 -4.776 0.701
Accel: 0.624 0.004 0.743
Gyro: 5.767 -7.812 -1.205
Accel: 0.288 0.120 0.928
Gyro: -29.296 30.258 -11.199
Accel: 0.294 0.118 0.926
Gyro: -30.242 30.838 -10.726
Accel: 0.299 0.112 0.923
Gyro: -30.960 30.792 -10.192
Accel: 0.308 0.103 0.923
Gyro: -31.112 30.731 -9.674
Accel: 0.315 0.097 0.923
Gyro: -30.105 30.654 -8.682
Accel: 0.324 0.093 0.919
Gyro: -28.747 30.151 -7.644
Accel: 0.331 0.096 0.912
Gyro: -27.343 29.205 -6.866
Accel: 0.343 0.102 0.905
Gyro: -26.412 27.511 -6.637
Accel: 0.350 0.111 0.903
Gyro: -25.741 25.283 -6.759
Accel: 0.363 0.116 0.902
Gyro: -25.543 22.079 -7.690
Accel: 0.374 0.115 0.907
Gyro: -25.741 18.508 -8.789
Accel: 0.386 0.111 0.916
Gyro: -25.451 15.045 -9.902
Accel: 0.392 0.097 0.927
Gyro: -24.047 11.352 -10.589
Accel: 0.394 0.083 0.937
Gyro: -22.109 8.132 -10.665
Accel: 0.393 0.066 0.948
Gyro: -19.439 5.218 -10.437
Accel: 0.394 0.053 0.957
Gyro: -16.159 2.304 -9.902
Accel: 0.388 0.035 0.968
Gyro: -12.588 0.503 -9.155
Accel: 0.383 0.021 0.977
Gyro: -8.819 -2.212 -8.239
Accel: 0.380 0.011 0.988
Gyro: -4.989 -3.326 -7.522
Accel: 0.382 0.003 0.992
Gyro: -1.281 -3.387 -7.141
Accel: 0.383 0.002 0.997
Gyro: 1.892 -2.914 -6.866
Accel: 0.383 0.004 0.998
Gyro: 4.241 -2.563 -6.210
Accel: 0.383 0.007 0.994
Gyro: 5.905 -2.243 -5.584
Accel: 0.379 0.008 0.992
Gyro: 6.378 -2.670 -5.096
Accel: 0.313 0.013 0.997
Gyro: 6.393 -2.548 -4.760
Accel: 0.372 0.019 1.005
Gyro: 6.103 -1.724 -4.547
Accel: 0.366 0.023 1.008
Gyro: 5.844 0.228 -4.028
Accel: 0.362 0.028 1.012
Gyro: 5.462 1.052 -3.356
Accel: 0.354 0.034 1.014
Gyro: 4.974 2.365 -2.548
Accel: 0.350 0.038 1.013
Gyro: 4.714 7.736 -1.235
Accel: 0.347 0.037 1.011
Gyro: 4.440 4.959 0.259
Accel: 0.342 0.039 1.011
Gyro: 4.592 6.179 1.953
Accel: 0.338 0.036 1.004
Gyro: 5.249 7.568 3.616
Accel: 0.333 0.030 0.993
Gyro: 5.859 9.307 5.340
Accel: 0.333 0.022 0.979
Gyro: 6.515 10.910 6.973
Accel: 0.335 0.009 0.965
Gyro: 7.034 12.176 8.819
Accel: 0.337 0.003 0.945
Gyro: 7.247 12.756 10.192
Accel: 0.338 0.012 0.929
Gyro: 7.034 11.917 11.047
Accel: 0.337 0.021 0.917
Gyro: 6.713 10.284 11.672
Accel: 0.341 0.032 0.913
Gyro: 6.622 8.987 11.871
Accel: 0.340 0.038 0.908
Gyro: 6.851 7.369 11.825
Accel: 0.341 0.042 0.906
Gyro: 7.186 5.264 11.459
Accel: 0.343 0.051 0.905
Gyro: 7.736 3.143 11.230
Accel: 0.343 0.056 0.902
Gyro: 8.422 1.510 10.910
Accel: 0.340 0.058 0.898
Gyro: 8.758 0.656 10.620
Accel: 0.337 0.063 0.901
Gyro: 8.712 -2.990 10.330
Accel: 0.334 0.065 0.904
Gyro: 8.682 -4.364 9.613
Accel: 0.335 0.070 0.908
Gyro: 8.621 -4.791 8.834
Accel: 0.336 0.076 0.911
Gyro: 8.514 -4.562 7.980
Accel: 0.338 0.080 0.909
Gyro: 8.224 -4.165 7.156
Accel: 0.341 0.084 0.904
Gyro: 7.583 -3.845 6.484
Accel: 0.342 0.088 0.898
Gyro: 6.546 -3.982 5.767
Accel: 0.345 0.094 0.897
Gyro: 5.249 -4.364 5.035
Accel: 0.349 0.095 0.901
Gyro: 3.890 -4.501 4.409
Accel: 0.352 0.097 0.904
Gyro: 2.944 -4.257 3.921
Accel: 0.355 0.099 0.908
Gyro: 1.831 -4.211 3.585
Accel: 0.358 0.0100 0.910
Gyro: 0.930 -4.547 3.555
Accel: 0.362 0.103 0.910
Gyro: 0.198 -4.699 3.753
Accel: 0.361 0.104 0.912
Gyro: 0.442 -4.806 3.967
Accel: 0.361 0.105 0.917
Gyro: -1.037 -4.699 3.845
Accel: 0.360 0.109 0.919
Gyro: -1.861 -4.272 3.509
Accel: 0.361 0.110 0.922
Gyro: -2.761 -3.845 3.021
Accel: 0.362 0.110 0.924
Gyro: -3.738 -3.890 1.983
Accel: 0.362 0.106 0.934
Gyro: -4.745 -4.531 0.915
Accel: 0.363 0.099 0.941
Gyro: -4.943 -4.852 0.167
Accel: 0.364 0.093 0.954
Gyro: -4.531 -4.592 0.442
Accel: 0.361 0.082 0.962
Gyro: -3.738 -3.829 0.549
Accel: 0.356 0.076 0.970
Gyro: -3.158 -2.395 0.686
Accel: 0.358 0.070 0.974
Gyro: -2.792 0.991 0.640
Accel: 0.357 0.066 0.979
Gyro: -2.624 0.228 0.640
Accel: 0.360 0.062 0.980
Gyro: -2.639 1.281 0.656
Accel: 0.359 0.058 0.982
Gyro: -2.548 1.663 0.198
Accel: 0.366 0.056 0.983
Gyro: -2.044 1.419 0.259
Accel: 0.365 0.052 0.984
Gyro: 0.442 1.235 0.946
Accel: 0.363 0.051 0.986
Gyro: 1.968 1.220 2.044
Accel: 0.365 0.055 0.981
Gyro: 4.837 1.174 2.960
Accel: 0.365 0.064 0.976
Gyro: 11.474 1.007 3.082
Accel: 0.366 0.071 0.965
Gyro: 9.857 0.122 3.021
Accel: 0.373 0.083 0.956
Gyro: 11.596 -1.892 2.944
Accel: 0.378 0.097 0.952
Gyro: 12.710 -6.301 3.341
Accel: 0.379 0.114 0.964
Gyro: 13.854 -14.526 4.577
Accel: 0.390 0.136 0.988
Gyro: 17.990 -25.695 5.203
Accel: 0.402 0.147 1.040
Gyro: 31.066 -46.234 4.302
Accel: 0.417 0.158 1.108
Gyro: 50.048 -62.530 2.365
Accel: 0.427 0.176 1.186
Gyro: 74.478 -89.187 0.991
Accel: 0.432 0.198 1.256
Gyro: 111.404 -123.855 0.091
Accel: 0.422 0.223 1.305
Gyro: 156.372 -162.460 -2.227
Accel: 0.409 0.266 1.328
Gyro: 205.688 -204.299 -4.959
Accel: 0.377 0.312 1.314
Gyro: 256.805 -249.008 -5.798
Accel: 0.331 0.374 1.295
Gyro: 307.388 -296.905 -4.119
Accel: 0.270 0.452 1.304
Gyro: 359.451 -354.553 -7.675
Accel: 0.160 0.560 1.337
Gyro: 415.222 -405.548 -8.422
Accel: 0.006 0.541 1.377
Gyro: 482.177 -451.339 -19.119
Accel: 0.095 0.602 1.379
Gyro: 499.984 -480.606 -34.973
Accel: 0.135 0.745 1.287
Gyro: 499.984 -493.743 -49.377
Accel: 0.308 0.765 1.177
Gyro: 499.984 -487.503 -57.388
Accel: 0.324 0.836 0.999
Gyro: 499.984 -465.454 -61.828
Accel: 0.403 0.915 0.820
Gyro: 499.984 -429.656 -63.522
Accel: 0.471 1.027 0.608
Gyro: 499.984 -375.076 -63.522
Accel: 0.560 1.142 0.417
Gyro: 499.984 -315.628 -63.232
Accel: 0.677 1.260 0.160
Gyro: 499.984 -240.310 -63.507
Accel: 0.774 1.323 0.042
Gyro: 457.321 -169.784 -70.114
Accel: 0.688 1.426 0.244
Gyro: 373.443 -123.352 -83.816
Accel: 0.741 1.435 0.375
Gyro: 283.416 -93.933 -101.287
Accel: 0.649 1.413 0.487
Gyro: 212.341 -80.627 -122.970
Accel: 0.598 1.334 0.520
Gyro: 150.924 -74.356 -142.791
Accel: 0.543 1.217 0.512
Gyro: 103.393 -74.478 -158.508
Accel: 0.491 1.095 0.494
Gyro: 69.992 -76.629 -173.446
Accel: 0.488 1.020 0.460
Gyro: 49.911 -82.992 -185.272
Accel: 0.424 0.946 0.434
Gyro: 42.495 -107.986 -202.789
Accel: 0.375 0.875 0.316
Gyro: 50.384 -139.480 -214.523
Accel: 0.315 0.804 0.252
Gyro: 62.713 -171.386 -229.141
Accel: 0.190 0.737 0.256
Gyro: 85.830 -198.867 -239.395
Accel: 0.164 0.668 0.166
Gyro: 102.142 -212.905 -242.599
Accel: 0.078 0.634 0.098
Gyro: 116.180 -213.104 -237.945
Accel: 0.009 0.645 0.057
Gyro: 122.512 -200.393 -229.507
Accel: 0.080 0.680 0.055
Gyro: 120.513 -177.169 -215.637
Accel: 0.115 0.707 0.068
Gyro: 111.373 -150.375 -208.908
Accel: 0.171 0.750 0.080
Gyro: 94.940 -125.335 -197.982
Accel: 0.233 0.776 0.099
Gyro: 81.924 -107.711 -187.225
Accel: 0.268 0.776 0.114
Gyro: 58.731 -90.454 -176.498
Accel: 0.304 0.772 0.136
Gyro: 41.381 -77.972 -166.091
Accel: 0.323 0.737 0.149
Gyro: 19.409 -68.878 -158.294
Accel: 0.349 0.688 0.162
Gyro: -3.051 -61.874 -153.076
Accel: 0.373 0.630 0.153
Gyro: -24.002 -60.165 -149.307
Accel: 0.385 0.533 0.144
Gyro: -40.710 -63.369 -146.881
Accel: 0.408 0.419 0.132
Gyro: -53.359 -69.320 -146.957
Accel: 0.433 0.324 0.117
Gyro: -64.468 -81.649 -146.850
Accel: 0.442 0.223 0.108
Gyro: -79.238 -88.119 -144.699
Accel: 0.475 0.113 0.082
Gyro: -101.135 -98.831 -141.418
Accel: 0.508 0.013 0.047
Gyro: -116.622 -105.438 -135.650
Accel: 0.570 0.159 0.008
Gyro: -135.467 -106.811 -127.716
Accel: 0.670 0.261 0.066
Gyro: -152.023 -104.507 -115.585
Accel: 0.780 0.351 0.132
Gyro: -164.611 -99.060 -100.097
Accel: 0.906 0.475 0.195
Gyro: -171.997 -92.590 -75.912
Accel: -1.071 0.575 0.258
Gyro: -174.118 -92.788 -57.205
Accel: -1.325 0.671 0.341
Gyro: -169.021 -86.471 -22.735
Accel: -1.556 0.746 0.483
Gyro: -155.487 -80.123 25.466
Accel: -1.771 0.767 0.592
Gyro: -133.0010 -62.896 100.906
Accel: -1.848 0.774 0.682
Gyro: -117.004 -39.672 184.967
Accel: -1.826 0.747 0.723
Gyro: -99.075 -14.068 261.413
Accel: -1.658 0.703 0.717
Gyro: -81.817 18.890 327.865
Accel: -1.371 0.622 0.669
Gyro: -68.023 59.310 387.283
Accel: 0.988 0.475 0.600
Gyro: -66.879 106.521 444.274
Accel: 0.497 0.198 0.531
Gyro: -84.411 170.501 490.570
Accel: 0.009 0.178 0.450
Gyro: -120.880 245.773 499.984
Accel: 0.419 0.673 0.424
Gyro: -176.574 304.458 499.984
Accel: 0.937 0.853 0.394
Gyro: -248.397 330.383 499.984
Accel: 1.510 1.035 0.390
Gyro: -309.204 344.650 486.328
Accel: 1.812 1.465 0.509
Gyro: -357.330 357.894 421.371
Accel: 2.109 1.668 0.662
Gyro: -395.462 336.456 341.995
Accel: 2.209 1.773 0.996
Gyro: -403.594 268.981 236.175
Accel: 2.194 1.850 1.459
Gyro: -350.311 186.386 113.967
Accel: 1.879 1.945 1.911
Gyro: -233.825 117.141 9.506
Accel: 1.488 1.850 2.094
Gyro: -88.607 60.424 -65.017
Accel: 1.167 1.740 2.090
Gyro: 51.712 7.598 -100.021
Accel: 0.984 1.686 1.907
Gyro: 177.917 -24.291 -109.298
Accel: 0.959 1.668 1.610
Gyro: 269.989 -43.914 -117.370
Accel: 1.020 1.711 1.270
Gyro: 324.340 -50.003 -132.919
Accel: 1.063 1.713 0.954
Gyro: 346.984 -45.379 -158.660
Accel: 1.003 1.659 0.671
Gyro: 352.218 -35.507 -188.751
Accel: 0.976 1.591 0.431
Gyro: 344.329 -28.762 -216.934
Accel: 0.818 1.515 0.233
Gyro: 326.065 -28.961 -241.073
Accel: 0.676 1.423 0.078
Gyro: 301.284 -33.447 -257.247
Accel: 0.527 1.343 0.028
Gyro: 272.903 -39.962 -269.042
Accel: 0.385 1.242 0.117
Gyro: 243.743 -48.049 -274.261
Accel: 0.251 1.137 0.127
Gyro: 216.415 -51.788 -280.700
Accel: 0.174 1.017 0.167
Gyro: 192.184 -49.957 -286.224
Accel: 0.073 0.909 0.180
Gyro: 172.348 -43.701 -289.505
Accel: 0.019 0.770 0.211
Gyro: 160.842 -36.331 -292.587
Accel: 0.185 0.637 0.239
Gyro: 149.963 -30.746 -295.120
Accel: 0.221 0.503 0.271
Gyro: 140.777 -29.846 -296.646
Accel: 0.308 0.358 0.310
Gyro: 131.301 -33.096 -298.202
Accel: 0.391 0.165 0.337
Gyro: 122.146 -37.612 -300.857
Accel: 0.526 0.058 0.370
Gyro: 114.761 -45.196 -303.0100
Accel: 0.658 0.140 0.389
Gyro: 106.674 -59.143 -302.108
Accel: 0.802 0.254 0.432
Gyro: 100.677 -76.187 -300.857
Accel: 0.930 0.485 0.340
Gyro: 95.169 -94.192 -298.126
Accel: -1.006 0.570 0.306
Gyro: 89.813 -108.535 -294.616
Accel: -1.170 0.736 0.263
Gyro: 83.511 -112.716 -283.157
Accel: -1.318 0.916 0.216
Gyro: 76.507 -105.819 -258.209
Accel: -1.535 -1.048 0.166
Gyro: 68.664 -98.526 -228.652
Accel: -1.700 -1.192 0.106
Gyro: 57.723 -93.521 -193.786
Accel: -1.781 -1.359 0.069
Gyro: 40.252 -89.141 -159.179
Accel: -1.856 -1.554 0.019
Gyro: 21.301 -81.436 -132.827
Accel: -1.927 -1.629 0.115
Gyro: 3.784 -67.077 -102.325
Accel: -2.018 -1.759 0.154
Gyro: -17.059 -55.816 -63.430
Accel: -2.130 -1.841 0.268
Gyro: -33.035 -35.781 -9.231
Accel: -2.206 -1.885 0.371
Gyro: -42.404 -14.251 59.371
Accel: -2.197 -1.924 0.442
Gyro: -47.348 5.783 136.413
Accel: -2.132 -1.904 0.496
Gyro: -49.682 23.895 217.254
Accel: -1.995 -1.880 0.533
Gyro: -50.659 41.992 293.014
Accel: -1.777 -1.786 0.561
Gyro: -54.428 56.533 372.512
Accel: -1.487 -1.650 0.579
Gyro: -58.654 78.933 443.847
Accel: -1.063 -1.395 0.557
Gyro: -65.063 110.687 499.725
Accel: 0.487 -1.115 0.468
Gyro: -77.957 149.368 499.984
Accel: 0.155 0.565 0.312
Gyro: -97.640 196.472 499.984
Accel: 0.823 0.069 0.111
Gyro: -131.866 252.777 499.984
Accel: 1.384 0.541 0.064
Gyro: -187.667 298.385 499.984
Accel: 1.886 1.026 0.118
Gyro: -244.842 323.348 483.947
Accel: 2.308 1.452 0.013
Gyro: -280.853 283.081 433.486
Accel: 2.681 1.703 0.278
Gyro: -264.724 162.796 355.987
Accel: 3.048 2.062 0.683
Gyro: -187.133 26.260 275.421
Accel: 3.282 2.438 1.099
Gyro: -96.389 -96.984 200.759
Accel: 3.480 2.914 1.393
Gyro: -21.179 -148.757 141.891
Accel: 3.536 3.357 1.660
Gyro: 24.810 -136.093 66.986
Accel: 3.379 3.576 1.776
Gyro: 56.076 -62.911 -22.125
Accel: 3.141 3.528 1.665
Gyro: 79.376 33.645 -114.608
Accel: 2.766 3.160 1.327
Gyro: 112.274 97.946 -198.822
Accel: 2.452 2.564 0.910
Gyro: 157.012 105.056 -271.469
Accel: 2.062 1.950 0.541
Gyro: 211.441 62.637 -326.675
Accel: 1.698 1.398 0.212
Gyro: 264.282 -7.247 -372.940
Accel: 1.354 0.930 0.046
Gyro: 301.071 -74.356 -404.129
Accel: 1.033 0.599 0.183
Gyro: 311.706 -129.959 -414.520
Accel: 0.737 0.309 0.236
Gyro: 296.035 -160.919 -416.213
Accel: 0.450 0.009 0.312
Gyro: 252.578 -174.621 -414.550
Accel: 0.252 0.135 0.353
Gyro: 191.604 -169.021 -415.176
Accel: 0.067 0.384 0.373
Gyro: 132.751 -145.965 -420.303
Accel: 0.091 0.713 0.363
Gyro: 61.965 -112.335 -428.085
Accel: 0.315 -1.078 0.330
Gyro: -8.682 -75.027 -431.808
Accel: 0.520 -1.481 0.315
Gyro: -67.138 -38.406 -422.348
Accel: 0.834 -1.897 0.222
Gyro: -102.340 -18.325 -408.340
Accel: -1.177 -2.336 0.166
Gyro: -111.373 -17.517 -386.779
Accel: -1.567 -2.738 0.083
Gyro: -91.873 -38.650 -368.850
Accel: -1.921 -3.113 0.071
Gyro: -50.277 -70.053 -333.984
Accel: -2.094 -3.421 0.214
Gyro: 2.349 -96.771 -284.561
Accel: -2.356 -3.536 0.431
Gyro: 51.361 -116.027 -218.643
Accel: -2.479 -3.612 0.589
Gyro: 83.816 -109.588 -137.405
Accel: -2.565 -3.561 0.748
Gyro: 103.744 -71.258 -39.306
Accel: -2.578 -3.370 0.790
Gyro: 100.265 -10.787 69.229
Accel: -2.540 -3.107 0.728
Gyro: 73.562 55.175 179.367
Accel: -2.351 -2.836 0.635
Gyro: 33.065 114.776 282.379
Accel: -2.134 -2.504 0.450
Gyro: -11.215 168.487 380.813
Accel: -1.863 -2.166 0.195
Gyro: -44.174 211.959 460.006
Accel: -1.358 -1.859 0.169
Gyro: -61.019 243.881 499.984
Accel: 0.761 -1.239 0.073
Gyro: -55.328 269.180 499.984
Accel: 0.029 0.569 0.373
Gyro: -51.956 296.508 499.984
Accel: 0.810 0.101 0.683
Gyro: -55.404 292.007 499.984
Accel: 1.365 0.947 0.901
Gyro: -72.219 254.623 499.984
Accel: 1.926 1.500 0.981
Gyro: -81.909 186.264 499.984
Accel: 2.490 2.214 0.904
Gyro: -71.517 108.428 437.438
Accel: 2.884 3.004 0.699
Gyro: -52.520 46.615 346.588
Accel: 3.162 3.584 0.583
Gyro: -44.525 8.377 255.004
Accel: 3.263 3.885 0.406
Gyro: -42.098 -1.205 173.797
Accel: 3.273 4.033 0.302
Gyro: -38.314 14.907 81.970
Accel: 3.047 4.094 0.276
Gyro: -33.447 22.003 -13.336
Accel: 2.656 3.854 0.290
Gyro: -20.904 17.654 -105.270
Accel: 2.259 3.393 0.311
Gyro: 6.729 0.671 -182.922
Accel: 1.811 2.833 0.342
Gyro: 47.653 -35.842 -243.118
Accel: 1.362 2.218 0.383
Gyro: 93.750 -78.155 -283.462
Accel: 1.0010 1.668 0.446
Gyro: 130.294 -120.101 -301.269
Accel: 0.721 1.247 0.509
Gyro: 145.767 -155.242 -310.134
Accel: 0.526 0.846 0.524
Gyro: 139.282 -176.177 -312.316
Accel: 0.374 0.514 0.488
Gyro: 106.170 -187.393 -310.821
Accel: 0.188 0.194 0.395
Gyro: 59.097 -180.389 -309.509
Accel: 0.161 0.208 0.282
Gyro: 13.244 -154.800 -314.636
Accel: 0.032 0.589 0.217
Gyro: -47.653 -107.910 -322.830
Accel: 0.227 -1.011 0.133
Gyro: -112.640 -53.665 -330.383
Accel: 0.487 -1.496 0.120
Gyro: -166.702 -13.137 -332.672
Accel: 0.771 -1.905 0.048
Gyro: -203.704 17.761 -321.105
Accel: -1.149 -2.241 0.104
Gyro: -207.916 22.216 -294.357
Accel: -1.515 -2.616 0.137
Gyro: -183.242 5.325 -252.548
Accel: -1.808 -2.846 0.240
Gyro: -135.696 -21.987 -195.526
Accel: -2.067 -3.016 0.331
Gyro: -67.733 -57.571 -124.938
Accel: -2.227 -3.132 0.445
Gyro: -6.851 -85.296 -44.174
Accel: -2.331 -3.127 0.494
Gyro: 42.465 -89.843 44.738
Accel: -2.483 -2.897 0.569
Gyro: 77.636 -65.200 145.980
Accel: -2.304 -2.746 0.564
Gyro: 94.741 -11.505 245.086
Accel: -2.175 -2.374 0.455
Gyro: 88.287 45.974 338.119
Accel: -1.780 -1.969 0.315
Gyro: 68.923 101.806 417.892
Accel: -1.238 -1.494 0.046
Gyro: 43.487 158.843 471.054
Accel: 0.667 0.860 0.158
Gyro: 18.981 206.924 499.984
Accel: 0.090 0.237 0.387
Gyro: -4.531 234.054 499.984
Accel: 0.532 0.344 0.623
Gyro: -34.194 225.448 499.984
Accel: 0.883 0.995 0.805
Gyro: -60.195 187.652 499.740
Accel: 1.418 1.527 0.892
Gyro: -79.238 149.169 473.449
Accel: 1.787 2.009 0.760
Gyro: -106.292 114.822 441.299
Accel: 2.132 2.540 0.649
Gyro: -132.858 101.730 397.735
Accel: 2.501 3.029 0.528
Gyro: -155.532 101.760 337.142
Accel: 2.696 3.473 0.412
Gyro: -165.725 96.023 256.408
Accel: 2.755 3.783 0.276
Gyro: -158.172 75.607 150.985
Accel: 2.632 3.888 0.147
Gyro: -126.678 51.025 54.870
Accel: 2.325 3.790 0.053
Gyro: -78.506 24.322 -42.221
Accel: 1.947 3.479 0.002
Gyro: -30.548 1.602 -116.653
Accel: 1.605 3.077 0.017
Gyro: 19.836 -20.599 -163.619
Accel: 1.239 2.676 0.097
Gyro: 69.534 -43.151 -193.893
Accel: 0.915 2.298 0.207
Gyro: 107.711 -69.061 -217.376
Accel: 0.702 1.941 0.322
Gyro: 129.364 -94.329 -230.636
Accel: 0.527 1.671 0.402
Gyro: 128.662 -116.989 -243.606
Accel: 0.368 1.416 0.499
Gyro: 106.079 -128.753 -252.410
Accel: 0.266 1.160 0.416
Gyro: 68.542 -123.199 -257.476
Accel: 0.189 0.869 0.358
Gyro: 19.729 -103.591 -261.199
Accel: 0.124 0.551 0.270
Gyro: -21.438 -82.946 -266.510
Accel: 0.003 0.128 0.168
Gyro: -55.267 -56.213 -278.045
Accel: 0.034 0.181 0.184
Gyro: -84.289 -22.689 -292.694
Accel: 0.107 0.544 0.124
Gyro: -111.404 9.994 -305.694
Accel: 0.278 0.955 0.042
Gyro: -132.507 36.163 -320.297
Accel: 0.491 -1.338 0.022
Gyro: -141.708 51.193 -315.048
Accel: 0.712 -1.658 0.031
Gyro: -134.490 54.290 -293.167
Accel: 0.992 -1.984 0.002
Gyro: -111.541 36.849 -263.366
Accel: -1.339 -2.068 0.051
Gyro: -79.284 12.619 -207.382
Accel: -1.692 -2.128 0.006
Gyro: -37.918 -16.357 -134.429
Accel: -1.843 -2.132 0.020
Gyro: 15.304 -42.236 -55.679
Accel: -1.902 -2.109 0.016
Gyro: 51.818 -57.174 25.588
Accel: -1.992 -1.939 0.027
Gyro: 87.677 -60.913 107.467
Accel: -1.916 -1.814 0.056
Gyro: 110.153 -51.696 182.739
Accel: -1.820 -1.565 0.119
Gyro: 119.537 -31.646 249.359
Accel: -1.589 -1.273 0.207
Gyro: 113.281 -1.068 302.444
Accel: -1.291 0.902 0.326
Gyro: 91.873 35.995 349.258
Accel: 0.977 0.442 0.453
Gyro: 59.234 74.737 378.524
Accel: 0.649 0.049 0.589
Gyro: 21.179 107.986 397.293
Accel: 0.410 0.388 0.677
Gyro: -19.119 127.563 404.922
Accel: 0.046 0.786 0.752
Gyro: -56.961 135.864 408.782
Accel: 0.274 1.262 0.779
Gyro: -94.741 127.700 414.215
Accel: 0.601 1.786 0.699
Gyro: -122.863 103.103 418.960
Accel: 1.034 2.144 0.565
Gyro: -143.737 63.949 408.508
Accel: 1.542 2.458 0.342
Gyro: -156.631 17.532 367.706
Accel: 1.984 2.862 0.160
Gyro: -156.845 -1.419 306.518
Accel: 2.290 3.154 0.171
Gyro: -145.416 7.690 237.609
Accel: 2.383 3.337 0.331
Gyro: -136.444 24.383 154.327
Accel: 2.308 3.387 0.470
Gyro: -116.012 42.221 73.730
Accel: 2.167 3.330 0.520
Gyro: -86.166 50.354 -2.670
Accel: 1.981 3.160 0.520
Gyro: -48.629 40.023 -73.471
Accel: 1.715 2.887 0.491
Gyro: -4.348 16.632 -135.726
Accel: 1.417 2.532 0.456
Gyro: 43.975 -13.168 -179.122
Accel: 1.111 2.184 0.404
Gyro: 91.491 -39.276 -212.387
Accel: 0.850 1.883 0.251
Gyro: 128.921 -69.519 -232.116
Accel: 0.666 1.619 0.225
Gyro: 157.135 -84.106 -249.847
Accel: 0.537 1.252 0.121
Gyro: 168.212 -93.338 -262.405
Accel: 0.397 0.948 0.049
Gyro: 157.226 -94.635 -271.697
Accel: 0.276 0.725 0.011
Gyro: 138.504 -86.776 -279.296
Accel: 0.165 0.463 0.056
Gyro: 103.591 -71.014 -286.773
Accel: 0.075 0.204 0.057
Gyro: 60.897 -47.821 -296.859
Accel: 0.031 0.032 0.048
Gyro: 20.858 -16.784 -301.025
Accel: 0.119 0.310 0.054
Gyro: -4.577 9.048 -312.347
Accel: 0.154 0.599 0.144
Gyro: -23.803 35.354 -311.721
Accel: 0.324 0.908 0.067
Gyro: -37.551 46.279 -312.820
Accel: 0.419 -1.182 0.173
Gyro: -44.052 48.324 -304.229
Accel: 0.649 -1.286 0.224
Gyro: -44.754 36.743 -283.523
Accel: 0.889 -1.414 0.255
Gyro: -38.589 23.147 -248.779
Accel: -1.166 -1.510 0.278
Gyro: -26.977 5.554 -197.830
Accel: -1.355 -1.576 0.299
Gyro: -11.489 -16.540 -140.625
Accel: -1.520 -1.613 0.288
Gyro: 8.117 -41.931 -77.575
Accel: -1.603 -1.605 0.278
Gyro: 28.686 -60.867 -14.617
Accel: -1.666 -1.517 0.261
Gyro: 45.028 -71.426 49.346
Accel: -1.692 -1.397 0.244
Gyro: 62.179 -68.222 98.098
Accel: -1.666 -1.227 0.253
Gyro: 61.416 -52.917 150.604
Accel: -1.609 0.938 0.290
Gyro: 54.656 -30.441 197.677
Accel: -1.486 0.745 0.345
Gyro: 41.152 -5.020 236.938
Accel: -1.333 0.452 0.408
Gyro: 22.338 19.470 268.661
Accel: -1.144 0.137 0.477
Gyro: 0.762 41.534 294.601
Accel: 0.975 0.195 0.541
Gyro: -20.965 59.173 313.400
Accel: 0.795 0.545 0.572
Gyro: -42.114 73.364 330.123
Accel: 0.548 0.890 0.595
Gyro: -65.399 73.104 350.494
Accel: 0.257 1.282 0.599
Gyro: -82.473 65.368 364.669
Accel: 0.031 1.677 0.516
Gyro: -102.172 46.096 376.739
Accel: 0.449 2.048 0.400
Gyro: -117.874 24.353 376.480
Accel: 0.926 2.300 0.261
Gyro: -129.165 3.616 355.743
Accel: 1.395 2.538 0.009
Gyro: -130.142 -12.847 310.409
Accel: 1.698 2.789 0.239
Gyro: -115.524 -14.526 240.707
Accel: 1.911 2.989 0.445
Gyro: -88.882 -1.022 159.942
Accel: 1.934 3.080 0.565
Gyro: -58.288 19.409 76.461
Accel: 1.790 3.033 0.607
Gyro: -24.826 29.205 1.358
Accel: 1.595 2.813 0.576
Gyro: 12.130 33.218 -52.627
Accel: 1.335 2.656 0.489
Gyro: 51.086 24.353 -101.364
Accel: 1.172 2.414 0.383
Gyro: 88.180 5.554 -138.656
Accel: 0.960 2.153 0.278
Gyro: 116.928 -14.526 -167.541
Accel: 0.700 1.885 0.175
Gyro: 143.173 -31.661 -189.895
Accel: 0.586 1.626 0.074
Gyro: 160.079 -44.006 -205.291
Accel: 0.434 1.376 0.021
Gyro: 166.213 -51.834 -222.610
Accel: 0.318 1.139 0.098
Gyro: 160.400 -54.611 -228.958
Accel: 0.234 0.898 0.169
Gyro: 141.921 -54.138 -237.030
Accel: 0.163 0.676 0.217
Gyro: 117.568 -49.713 -243.774
Accel: 0.095 0.431 0.232
Gyro: 87.799 -41.580 -248.626
Accel: 0.013 0.210 0.243
Gyro: 58.227 -30.807 -252.243
Accel: 0.077 0.005 0.242
Gyro: 22.689 -16.815 -257.186
Accel: 0.114 0.225 0.226
Gyro: -10.101 2.334 -261.611
Accel: 0.122 0.451 0.212
Gyro: -34.835 21.057 -264.862
Accel: 0.222 0.671 0.237
Gyro: -56.198 37.765 -265.136
Accel: 0.300 0.907 0.289
Gyro: -71.884 43.518 -261.0001
Accel: 0.488 -1.090 0.335
Gyro: -79.193 38.406 -252.502
Accel: 0.650 -1.270 0.327
Gyro: -79.666 26.351 -236.083
Accel: 0.788 -1.461 0.316
Gyro: -70.526 1.449 -211.853
Accel: -1.012 -1.580 0.300
Gyro: -59.265 -22.552 -178.268
Accel: -1.209 -1.671 0.264
Gyro: -48.294 -46.585 -130.905
Accel: -1.490 -1.668 0.203
Gyro: -30.639 -62.866 -73.455
Accel: -1.559 -1.626 0.104
Gyro: -5.889 -66.009 -9.460
Accel: -1.721 -1.517 0.102
Gyro: 16.632 -59.570 55.282
Accel: -1.825 -1.370 0.073
Gyro: 41.244 -46.066 126.525
Accel: -1.854 -1.188 0.095
Gyro: 67.672 -24.566 187.911
Accel: -1.797 0.936 0.241
Gyro: 93.414 -1.876 247.0100
Accel: -1.670 0.525 0.359
Gyro: 112.213 22.872 294.250
Accel: -1.477 0.089 0.469
Gyro: 121.490 54.443 334.762
Accel: -1.132 0.354 0.663
Gyro: 126.205 87.432 364.929
Accel: 0.871 0.709 0.857
Gyro: 117.492 118.423 386.947
Accel: 0.522 1.142 -1.016
Gyro: 90.332 131.439 400.070
Accel: 0.161 1.631 -1.101
Gyro: 48.141 130.905 408.874
Accel: 0.373 2.102 -1.130
Gyro: 0.762 125.717 416.290
Accel: 0.811 2.489 -1.106
Gyro: -46.157 115.478 408.401
Accel: 1.360 2.710 0.892
Gyro: -78.460 80.337 374.160
Accel: 1.818 2.965 0.676
Gyro: -96.450 43.197 319.961
Accel: 2.237 3.162 0.321
Gyro: -90.270 9.552 241.546
Accel: 2.334 3.276 0.127
Gyro: -70.663 -8.758 147.003
Accel: 2.257 3.226 0.070
Gyro: -42.144 -13.122 53.0100
Accel: 2.140 3.015 0.186
Gyro: -4.959 -7.995 -33.157
Accel: 1.960 2.774 0.178
Gyro: 29.815 -6.134 -107.894
Accel: 1.678 2.438 0.108
Gyro: 57.571 -10.406 -164.169
Accel: 1.387 2.062 0.029
Gyro: 76.797 -17.395 -208.251
Accel: 1.110 1.695 0.054
Gyro: 87.219 -30.776 -238.159
Accel: 0.843 1.420 0.187
Gyro: 87.951 -42.358 -252.075
Accel: 0.621 1.149 0.175
Gyro: 80.566 -49.224 -261.093
Accel: 0.473 0.829 0.212
Gyro: 63.644 -57.434 -265.884
Accel: 0.354 0.647 0.233
Gyro: 50.048 -63.812 -269.744
Accel: 0.194 0.434 0.245
Gyro: 28.991 -69.0000 -273.544
Accel: 0.170 0.234 0.241
Gyro: 6.057 -72.662 -278.396
Accel: 0.129 0.026 0.192
Gyro: -15.167 -73.989 -284.286
Accel: 0.071 0.181 0.160
Gyro: -32.180 -71.319 -293.334
Accel: 0.0000 0.377 0.133
Gyro: -43.472 -58.853 -308.258
Accel: 0.074 0.571 0.108
Gyro: -48.217 -52.902 -316.696
Accel: 0.132 0.860 0.115
Gyro: -48.599 -44.921 -328.094
Accel: 0.280 -1.0010 0.148
Gyro: -46.157 -43.380 -335.189
Accel: 0.401 -1.215 0.189
Gyro: -40.054 -48.553 -334.945
Accel: 0.575 -1.428 0.215
Gyro: -31.585 -68.176 -326.797
Accel: 0.784 -1.635 0.306
Gyro: -18.310 -91.995 -304.931
Accel: -1.026 -1.794 0.222
Gyro: -3.784 -119.491 -268.661
Accel: -1.426 -1.783 0.141
Gyro: 11.123 -154.510 -212.966
Accel: -1.611 -1.803 0.093
Gyro: 23.834 -176.101 -149.658
Accel: -1.746 -1.807 0.008
Gyro: 34.667 -192.321 -85.128
Accel: -1.903 -1.697 0.142
Gyro: 32.287 -194.671 -21.820
Accel: -1.908 -1.655 0.257
Gyro: 29.495 -178.573 40.420
Accel: -1.925 -1.550 0.378
Gyro: 22.277 -141.540 95.901
Accel: -1.960 -1.422 0.442
Gyro: 8.392 -88.882 149.826
Accel: -2.040 -1.223 0.508
Gyro: -5.783 -24.642 208.908
Accel: -2.064 -1.058 0.457
Gyro: -12.771 39.016 271.484
Accel: -1.958 0.887 0.314
Gyro: -16.845 93.368 333.709
Accel: -1.775 0.637 0.246
Gyro: -15.457 136.154 391.571
Accel: -1.362 0.361 0.015
Gyro: -9.490 171.020 446.594
Accel: 0.939 0.038 0.140
Gyro: -3.479 195.999 486.312
Accel: 0.424 0.435 0.329
Gyro: -1.464 226.455 499.984
Accel: 0.184 0.791 0.517
Gyro: -23.0010 229.125 499.984
Accel: 0.536 1.206 0.709
Gyro: -55.175 203.964 499.984
Accel: 1.332 1.612 0.734
Gyro: -100.814 150.924 499.984
Accel: 1.841 2.053 0.656
Gyro: -137.695 70.495 469.924
Accel: 2.467 2.495 0.414
Gyro: -157.135 9.414 365.676
Accel: 2.858 2.858 0.081
Gyro: -167.587 -9.445 257.598
Accel: 2.859 3.190 0.125
Gyro: -180.953 15.945 147.369
Accel: 2.699 3.301 0.431
Gyro: -193.786 59.539 55.984
Accel: 2.379 3.220 0.539
Gyro: -197.525 106.048 -24.261
Accel: 1.946 2.938 0.649
Gyro: -176.452 126.754 -83.404
Accel: 1.606 2.649 0.704
Gyro: -129.028 121.231 -124.786
Accel: 1.307 2.404 0.708
Gyro: -70.632 88.150 -154.220
Accel: 1.016 2.125 0.680
Gyro: 7.537 34.545 -177.688
Accel: 0.890 1.880 0.618
Gyro: 85.266 -25.634 -196.792
Accel: 0.742 1.652 0.538
Gyro: 151.321 -81.604 -216.613
Accel: 0.610 1.425 0.465
Gyro: 199.340 -116.180 -234.634
Accel: 0.482 1.187 0.313
Gyro: 223.403 -133.316 -250.030
Accel: 0.368 1.059 0.288
Gyro: 231.201 -139.282 -263.580
Accel: 0.197 0.825 0.208
Gyro: 222.335 -134.185 -274.871
Accel: 0.159 0.714 0.139
Gyro: 196.029 -121.917 -283.218
Accel: 0.075 0.529 0.091
Gyro: 168.563 -106.201 -289.581
Accel: 0.005 0.344 0.051
Gyro: 132.843 -89.462 -295.074
Accel: 0.063 0.156 0.029
Gyro: 98.144 -72.265 -299.514
Accel: 0.013 0.061 0.070
Gyro: 72.387 -58.898 -306.106
Accel: 0.160 0.253 0.002
Gyro: 47.256 -45.761 -316.650
Accel: 0.223 0.467 0.044
Gyro: 24.765 -31.555 -328.018
Accel: 0.305 0.634 0.031
Gyro: 11.215 -31.814 -338.867
Accel: 0.429 0.932 0.138
Gyro: 0.137 -31.631 -345.169
Accel: 0.468 -1.172 0.129
Gyro: -4.425 -36.361 -342.498
Accel: 0.659 -1.270 0.112
Gyro: -1.892 -50.094 -331.680
Accel: 0.840 -1.408 0.106
Gyro: 7.568 -65.689 -310.760
Accel: -1.053 -1.542 0.081
Gyro: 21.011 -82.962 -279.632
Accel: -1.261 -1.647 0.036
Gyro: 37.155 -97.854 -241.470
Accel: -1.432 -1.719 0.016
Gyro: 50.094 -106.536 -198.059
Accel: -1.675 -1.700 0.0100
Gyro: 60.180 -104.934 -143.508
Accel: -1.817 -1.720 0.172
Gyro: 68.786 -83.480 -83.602
Accel: -1.959 -1.677 0.229
Gyro: 71.823 -55.816 -14.236
Accel: -2.121 -1.625 0.254
Gyro: 69.869 -27.206 55.740
Accel: -2.116 -1.540 0.253
Gyro: 64.178 6.973 124.252
Accel: -2.118 -1.433 0.222
Gyro: 58.227 38.909 190.887
Accel: -2.029 -1.288 0.188
Gyro: 53.756 67.459 253.936
Accel: -1.890 -1.130 0.107
Gyro: 51.574 94.0100 309.371
Accel: -1.617 0.912 0.002
Gyro: 53.665 122.436 359.802
Accel: -1.291 0.610 0.173
Gyro: 58.517 151.428 394.989
Accel: 0.976 0.312 0.250
Gyro: 62.164 172.134 421.096
Accel: 0.643 0.088 0.381
Gyro: 61.889 191.635 440.948
Accel: 0.254 0.487 0.493
Gyro: 54.0000 203.735 458.892
Accel: 0.218 0.918 0.620
Gyro: 34.790 194.656 466.262
Accel: 0.548 1.485 0.670
Gyro: 8.026 167.770 451.477
Accel: 1.111 1.965 0.546
Gyro: -22.705 127.441 401.733
Accel: 1.723 2.282 0.437
Gyro: -36.880 83.557 308.883
Accel: 1.959 2.727 0.283
Gyro: -30.517 60.272 206.314
Accel: 1.946 3.003 0.113
Gyro: -14.755 45.486 103.912
Accel: 1.741 3.077 0.037
Gyro: 6.271 41.473 26.412
Accel: 1.476 2.880 0.023
Gyro: 29.266 43.411 -38.818
Accel: 1.131 2.740 0.092
Gyro: 57.296 41.564 -88.668
Accel: 0.871 2.484 0.199
Gyro: 85.403 28.915 -126.190
Accel: 0.614 2.191 0.327
Gyro: 119.201 9.262 -154.663
Accel: 0.392 1.902 0.457
Gyro: 149.063 -15.701 -178.131
Accel: 0.207 1.638 0.578
Gyro: 170.349 -43.914 -194.671
Accel: 0.072 1.399 0.670
Gyro: 178.878 -71.762 -206.314
Accel: 0.038 1.197 0.740
Gyro: 173.324 -90.362 -214.355
Accel: 0.122 1.038 0.770
Gyro: 152.801 -107.559 -217.437
Accel: 0.176 0.862 0.758
Gyro: 128.555 -118.484 -225.082
Accel: 0.202 0.625 0.712
Gyro: 90.194 -123.092 -233.627
Accel: 0.213 0.451 0.639
Gyro: 58.227 -121.444 -241.638
Accel: 0.206 0.307 0.546
Gyro: 22.842 -114.166 -249.084
Accel: 0.227 0.115 0.445
Gyro: -9.033 -101.119 -254.791
Accel: 0.233 0.075 0.355
Gyro: -35.842 -84.564 -258.377
Accel: 0.268 0.252 0.295
Gyro: -58.746 -66.818 -261.306
Accel: 0.319 0.411 0.270
Gyro: -78.079 -58.212 -258.132
Accel: 0.398 0.486 0.215
Gyro: -90.194 -51.651 -255.615
Accel: 0.454 0.592 0.294
Gyro: -101.516 -50.735 -244.689
Accel: 0.452 0.792 0.153
Gyro: -102.584 -53.985 -233.245
Accel: 0.481 0.886 0.0100
Gyro: -101.257 -62.316 -223.068
Accel: 0.536 0.998 0.070
Gyro: -90.560 -73.715 -210.296
Accel: 0.584 -1.160 0.037
Gyro: -72.082 -86.318 -196.212
Accel: 0.654 -1.337 0.009
Gyro: -48.950 -96.572 -182.418
Accel: 0.803 -1.486 0.056
Gyro: -23.330 -100.067 -160.308
Accel: 0.975 -1.635 0.097
Gyro: 1.434 -97.335 -135.223
Accel: -1.209 -1.809 0.104
Gyro: 20.767 -83.282 -102.401
Accel: -1.541 -1.790 0.102
Gyro: 36.453 -70.037 -62.896
Accel: -1.867 -1.838 0.092
Gyro: 45.562 -47.470 -4.013
Accel: -2.013 -1.892 0.062
Gyro: 47.515 -22.644 68.161
Accel: -2.141 -1.894 0.0010
Gyro: 40.939 0.167 146.118
Accel: -2.144 -1.875 0.037
Gyro: 24.200 16.571 223.022
Accel: -2.061 -1.812 0.095
Gyro: 0.366 31.036 294.418
Accel: -1.913 -1.722 0.132
Gyro: -31.066 45.593 357.009
Accel: -1.708 -1.603 0.120
Gyro: -63.476 64.743 414.794
Accel: -1.464 -1.451 0.131
Gyro: -95.611 86.914 464.996
Accel: -1.197 -1.250 0.135
Gyro: -127.914 120.254 499.984
Accel: 0.845 0.943 0.167
Gyro: -153.244 152.313 499.984
Accel: 0.391 0.585 0.235
Gyro: -180.496 181.213 499.984
Accel: 0.058 0.165 0.300
Gyro: -207.138 208.175 499.984
Accel: 0.428 0.169 0.360
Gyro: -233.932 210.357 499.984
Accel: 0.836 0.510 0.305
Gyro: -253.555 156.478 499.984
Accel: 1.312 0.824 0.248
Gyro: -253.952 81.573 499.984
Accel: 1.974 1.255 0.031
Gyro: -244.796 15.167 490.005
Accel: 2.437 1.750 0.217
Gyro: -239.883 -33.432 419.967
Accel: 2.739 2.170 0.525
Gyro: -243.057 -39.367 340.133
Accel: 2.874 2.490 0.873
Gyro: -252.532 -16.448 266.189
Accel: 2.823 2.635 1.172
Gyro: -259.841 36.590 177.841
Accel: 2.578 2.753 1.284
Gyro: -257.644 99.502 93.048
Accel: 2.304 2.728 1.370
Gyro: -239.013 148.437 20.034
Accel: 1.932 2.582 1.405
Gyro: -207.107 163.421 -37.658
Accel: 1.614 2.392 1.414
Gyro: -146.926 143.524 -82.382
Accel: 1.301 2.193 1.368
Gyro: -63.583 98.709 -114.166
Accel: 1.016 2.031 1.251
Gyro: 30.578 42.251 -142.990
Accel: 0.770 1.926 1.104
Gyro: 120.666 -12.481 -159.744
Accel: 0.614 1.831 0.926
Gyro: 193.847 -60.104 -168.487
Accel: 0.513 1.746 0.743
Gyro: 244.857 -86.837 -179.565
Accel: 0.427 1.669 0.505
Gyro: 277.084 -105.316 -190.292
Accel: 0.313 1.584 0.397
Gyro: 285.186 -101.882 -200.378
Accel: 0.329 1.482 0.238
Gyro: 278.900 -94.207 -209.945
Accel: 0.235 1.370 0.104
Gyro: 261.032 -85.418 -218.688
Accel: 0.152 1.265 0.003
Gyro: 235.931 -75.729 -225.936
Accel: 0.084 1.187 0.084
Gyro: 207.336 -67.413 -233.383
Accel: 0.035 1.028 0.157
Gyro: 184.127 -65.124 -245.727
Accel: 0.092 0.895 0.375
Gyro: 163.467 -64.193 -248.229
Accel: 0.064 0.700 0.212
Gyro: 144.424 -62.057 -253.326
Accel: 0.103 0.612 0.145
Gyro: 124.084 -59.112 -258.209
Accel: 0.135 0.385 0.130
Gyro: 102.111 -54.397 -263.305
Accel: 0.141 0.280 0.146
Gyro: 90.866 -49.591 -270.172
Accel: 0.166 0.097 0.163
Gyro: 79.284 -44.555 -280.136
Accel: 0.204 0.087 0.156
Gyro: 71.655 -40.298 -292.892
Accel: 0.259 0.241 0.145
Gyro: 67.291 -37.582 -295.959
Accel: 0.314 0.391 0.135
Gyro: 65.673 -37.506 -300.033
Accel: 0.346 0.579 0.144
Gyro: 66.406 -40.893 -301.681
Accel: 0.444 0.721 0.171
Gyro: 69.107 -45.791 -300.476
Accel: 0.582 0.836 0.161
Gyro: 74.462 -55.679 -290.496
Accel: 0.712 0.980 0.146
Gyro: 79.589 -68.283 -271.728
Accel: 0.852 -1.129 0.128
Gyro: 83.892 -77.529 -243.484
Accel: -1.121 -1.205 0.107
Gyro: 86.669 -83.221 -206.008
Accel: -1.217 -1.283 0.097
Gyro: 85.281 -86.456 -162.506
Accel: -1.267 -1.387 0.0100
Gyro: 76.873 -83.679 -116.729
Accel: -1.324 -1.419 0.103
Gyro: 60.729 -76.461 -71.868
Accel: -1.366 -1.402 0.102
Gyro: 36.712 -65.368 -28.121
Accel: -1.380 -1.385 0.091
Gyro: 5.798 -49.987 11.962
Accel: -1.493 -1.362 0.174
Gyro: -26.672 -28.213 54.214
Accel: -1.393 -1.354 0.047
Gyro: -54.809 -14.358 94.711
Accel: -1.401 -1.333 0.009
Gyro: -87.417 2.899 135.375
Accel: -1.422 -1.290 0.062
Gyro: -106.842 16.220 174.636
Accel: -1.466 -1.225 0.062
Gyro: -123.352 26.565 214.340
Accel: -1.486 -1.158 0.131
Gyro: -130.157 35.903 254.760
Accel: -1.501 -1.082 0.196
Gyro: -125.091 46.936 300.552
Accel: -1.481 0.980 0.226
Gyro: -106.826 65.414 340.927
Accel: -1.388 0.855 0.204
Gyro: -78.460 89.080 387.634
Accel: -1.196 0.687 0.118
Gyro: -47.851 118.087 430.999
Accel: 0.889 0.415 0.023
Gyro: -30.258 145.004 475.952
Accel: 0.502 0.0000 0.187
Gyro: -21.774 173.812 499.984
Accel: 0.074 0.250 0.374
Gyro: -33.157 194.152 499.984
Accel: 0.371 0.680 0.508
Gyro: -70.571 196.945 499.984
Accel: 0.947 1.083 0.569
Gyro: -124.176 156.036 499.984
Accel: 1.574 1.455 0.560
Gyro: -178.314 77.819 499.984
Accel: 2.183 1.827 0.349
Gyro: -220.413 2.746 490.509
Accel: 2.702 2.189 0.050
Gyro: -249.694 -51.666 395.187
Accel: 2.969 2.560 0.468
Gyro: -261.810 -51.864 278.762
Accel: 3.029 2.858 0.877
Gyro: -260.559 0.289 169.174
Accel: 2.801 2.960 1.222
Gyro: -243.759 69.976 61.813
Accel: 2.356 2.860 1.407
Gyro: -215.576 146.881 -24.139
Accel: 1.915 2.620 1.361
Gyro: -173.889 197.067 -83.633
Accel: 1.554 2.370 1.210
Gyro: -114.639 200.912 -122.024
Accel: 1.171 2.125 1.026
Gyro: -43.304 162.506 -149.810
Accel: 0.865 1.870 0.846
Gyro: 38.345 98.251 -168.060
Accel: 0.603 1.659 0.681
Gyro: 118.881 25.360 -181.991
Accel: 0.401 1.503 0.543
Gyro: 187.698 -38.696 -189.346
Accel: 0.279 1.394 0.402
Gyro: 236.602 -79.238 -193.740
Accel: 0.199 1.300 0.267
Gyro: 262.145 -99.807 -197.509
Accel: 0.148 1.219 0.139
Gyro: 271.301 -108.764 -201.965
Accel: 0.078 1.147 0.027
Gyro: 264.648 -106.613 -208.175
Accel: 0.015 1.055 0.064
Gyro: 247.573 -98.190 -216.140
Accel: 0.022 0.942 0.140
Gyro: 224.014 -85.815 -224.365
Accel: 0.068 0.830 0.207
Gyro: 196.609 -72.601 -231.277
Accel: 0.119 0.719 0.297
Gyro: 168.762 -62.927 -242.034
Accel: 0.183 0.623 0.279
Gyro: 142.608 -54.061 -243.423
Accel: 0.159 0.511 0.398
Gyro: 113.342 -46.661 -247.604
Accel: 0.222 0.434 0.337
Gyro: 88.180 -40.390 -250.991
Accel: 0.240 0.325 0.312
Gyro: 67.077 -36.651 -254.745
Accel: 0.271 0.225 0.295
Gyro: 54.336 -33.920 -257.034
Accel: 0.306 0.145 0.298
Gyro: 42.373 -33.309 -258.041
Accel: 0.325 0.053 0.298
Gyro: 34.576 -35.751 -258.636
Accel: 0.395 0.012 0.300
Gyro: 30.807 -38.711 -259.414
Accel: 0.443 0.085 0.284
Gyro: 31.707 -42.160 -254.196
Accel: 0.456 0.175 0.300
Gyro: 35.232 -45.227 -255.996
Accel: 0.521 0.250 0.289
Gyro: 40.481 -54.672 -251.373
Accel: 0.570 0.343 0.291
Gyro: 53.573 -55.831 -244.201
Accel: 0.630 0.457 0.291
Gyro: 62.805 -64.697 -237.686
Accel: 0.748 0.553 0.275
Gyro: 78.506 -79.879 -229.217
Accel: 0.811 0.654 0.264
Gyro: 93.612 -98.358 -218.322
Accel: 0.845 0.731 0.250
Gyro: 104.248 -114.578 -205.734
Accel: 0.966 0.755 0.214
Gyro: 107.681 -126.815 -185.974
Accel: -1.094 0.774 0.203
Gyro: 102.874 -131.790 -156.936
Accel: -1.161 0.827 0.150
Gyro: 86.944 -127.395 -132.812
Accel: -1.228 0.929 0.095
Gyro: 62.713 -106.948 -105.346
Accel: -1.267 0.999 0.046
Gyro: 31.723 -83.740 -77.407
Accel: -1.351 -1.011 0.0010
Gyro: -4.409 -50.659 -49.377
Accel: -1.482 -1.068 0.0010
Gyro: -38.665 -17.776 -17.105
Accel: -1.696 -1.083 0.146
Gyro: -74.249 8.895 23.696
Accel: -1.763 -1.161 0.047
Gyro: -104.507 30.029 71.151
Accel: -1.837 -1.184 0.117
Gyro: -122.848 44.235 122.940
Accel: -1.841 -1.201 0.127
Gyro: -129.348 49.545 175.781
Accel: -1.784 -1.186 0.128
Gyro: -125.930 50.521 224.960
Accel: -1.696 -1.138 0.151
Gyro: -116.592 50.323 271.316
Accel: -1.574 -1.053 0.158
Gyro: -98.526 53.787 310.058
Accel: -1.460 0.878 0.158
Gyro: -82.611 62.530 347.946
Accel: -1.293 0.797 0.135
Gyro: -66.757 79.376 383.651
Accel: 0.966 0.598 0.070
Gyro: -57.037 106.048 419.067
Accel: 0.681 0.319 0.051
Gyro: -49.819 139.007 450.042
Accel: 0.369 0.0001 0.189
Gyro: -53.802 166.442 471.939
Accel: 0.081 0.335 0.344
Gyro: -73.562 179.046 490.921
Accel: 0.187 0.768 0.416
Gyro: -108.947 167.282 498.138
Accel: 0.603 1.146 0.430
Gyro: -151.535 111.770 499.221
Accel: 1.099 1.396 0.340
Gyro: -183.670 40.573 473.495
Accel: 1.653 1.690 0.083
Gyro: -205.154 -17.456 415.496
Accel: 2.174 2.114 0.143
Gyro: -218.780 -45.989 332.916
Accel: 2.409 2.383 0.489
Gyro: -227.981 -34.118 232.574
Accel: 2.385 2.647 0.820
Gyro: -230.850 15.167 126.251
Accel: 2.196 2.781 1.041
Gyro: -222.946 84.686 33.935
Accel: 1.815 2.682 1.141
Gyro: -198.913 141.357 -38.513
Accel: 1.395 2.474 1.114
Gyro: -155.471 163.604 -84.152
Accel: 1.047 2.231 1.038
Gyro: -93.383 146.728 -115.554
Accel: 0.765 2.0010 0.918
Gyro: -16.983 98.327 -133.209
Accel: 0.529 1.857 0.783
Gyro: 62.911 36.819 -148.330
Accel: 0.319 1.714 0.664
Gyro: 136.672 -14.572 -159.774
Accel: 0.259 1.593 0.531
Gyro: 192.153 -58.532 -170.501
Accel: 0.196 1.482 0.410
Gyro: 227.432 -82.015 -181.335
Accel: 0.142 1.389 0.280
Gyro: 246.749 -88.729 -194.061
Accel: 0.075 1.299 0.151
Gyro: 248.352 -85.861 -207.504
Accel: 0.020 1.179 0.041
Gyro: 237.457 -78.109 -223.876
Accel: 0.030 1.037 0.044
Gyro: 218.521 -69.213 -240.097
Accel: 0.089 0.886 0.185
Gyro: 197.860 -59.631 -255.630
Accel: 0.140 0.749 0.188
Gyro: 168.228 -52.764 -269.683
Accel: 0.178 0.600 0.234
Gyro: 144.027 -49.163 -281.341
Accel: 0.219 0.382 0.259
Gyro: 111.740 -46.356 -289.886
Accel: 0.304 0.319 0.381
Gyro: 90.179 -46.325 -296.661
Accel: 0.293 0.128 0.293
Gyro: 63.232 -44.738 -303.924
Accel: 0.320 0.017 0.314
Gyro: 39.886 -38.787 -309.875
Accel: 0.338 0.198 0.266
Gyro: 20.584 -33.752 -313.949
Accel: 0.418 0.352 0.242
Gyro: 7.324 -30.075 -318.695
Accel: 0.485 0.557 0.242
Gyro: -3.799 -26.992 -319.839
Accel: 0.567 0.664 0.227
Gyro: -3.875 -29.266 -314.880
Accel: 0.657 0.848 0.220
Gyro: 0.915 -30.944 -303.833
Accel: 0.870 -1.060 0.198
Gyro: 9.048 -36.239 -283.737
Accel: 0.981 -1.105 0.166
Gyro: 24.627 -46.066 -252.212
Accel: -1.169 -1.199 0.134
Gyro: 41.915 -55.953 -211.700
Accel: -1.351 -1.254 0.106
Gyro: 58.547 -64.315 -167.251
Accel: -1.482 -1.297 0.081
Gyro: 73.379 -67.962 -119.338
Accel: -1.526 -1.357 0.068
Gyro: 84.075 -66.726 -72.998
Accel: -1.561 -1.384 0.065
Gyro: 88.043 -61.096 -27.404
Accel: -1.561 -1.380 0.081
Gyro: 83.831 -49.758 4.119
Accel: -1.554 -1.380 0.114
Gyro: 69.473 -33.447 42.907
Accel: -1.555 -1.346 0.128
Gyro: 46.279 -14.236 82.443
Accel: -1.571 -1.341 0.162
Gyro: 17.303 4.501 122.024
Accel: -1.525 -1.314 0.073
Gyro: -13.427 20.996 161.102
Accel: -1.552 -1.301 0.118
Gyro: -42.968 34.378 199.966
Accel: -1.541 -1.267 0.067
Gyro: -69.274 46.249 240.417
Accel: -1.526 -1.213 0.038
Gyro: -89.431 62.332 283.126
Accel: -1.488 -1.163 0.0001
Gyro: -102.996 72.799 326.782
Accel: -1.433 -1.093 0.023
Gyro: -109.558 86.425 371.505
Accel: -1.335 0.938 0.033
Gyro: -110.687 102.020 413.879
Accel: -1.168 0.894 0.022
Gyro: -106.445 122.344 461.822
Accel: 0.750 0.629 0.031
Gyro: -104.614 148.223 499.984
Accel: 0.312 0.374 0.132
Gyro: -111.343 179.611 499.984
Accel: 0.215 0.018 0.257
Gyro: -131.042 201.507 499.984
Accel: 0.568 0.476 0.340
Gyro: -169.357 194.778 499.984
Accel: 1.050 0.822 0.300
Gyro: -215.179 122.436 499.984
Accel: 1.782 1.040 0.214
Gyro: -242.187 11.764 499.984
Accel: 2.482 1.384 0.063
Gyro: -243.225 -62.835 496.078
Accel: 2.966 1.760 0.591
Gyro: -228.027 -100.982 382.812
Accel: 3.057 2.274 1.026
Gyro: -213.226 -72.753 258.026
Accel: 2.854 2.589 1.327
Gyro: -194.824 -1.403 150.421
Accel: 2.557 2.684 1.530
Gyro: -174.499 86.074 60.134
Accel: 2.131 2.600 1.465
Gyro: -144.287 161.560 -10.009
Accel: 1.725 2.433 1.263
Gyro: -105.422 197.341 -58.822
Accel: 1.391 2.244 1.025
Gyro: -57.327 183.258 -91.751
Accel: 1.034 2.066 0.819
Gyro: 3.723 128.784 -117.156
Accel: 0.727 1.930 0.665
Gyro: 72.036 55.908 -130.569
Accel: 0.521 1.818 0.537
Gyro: 137.954 -15.121 -141.769
Accel: 0.414 1.729 0.426
Gyro: 191.604 -66.070 -149.612
Accel: 0.358 1.667 0.309
Gyro: 227.127 -94.543 -157.470
Accel: 0.327 1.617 0.193
Gyro: 246.627 -107.421 -167.327
Accel: 0.283 1.572 0.070
Gyro: 249.801 -106.658 -180.145
Accel: 0.242 1.498 0.047
Gyro: 240.722 -98.678 -195.419
Accel: 0.191 1.404 0.146
Gyro: 222.473 -88.317 -212.188
Accel: 0.131 1.285 0.222
Gyro: 199.081 -78.186 -226.837
Accel: 0.085 1.159 0.274
Gyro: 172.882 -66.802 -245.193
Accel: 0.043 1.035 0.373
Gyro: 145.202 -64.987 -257.461
Accel: 0.0010 0.923 0.326
Gyro: 120.895 -62.118 -264.328
Accel: 0.031 0.760 0.354
Gyro: 92.681 -59.265 -273.162
Accel: 0.164 0.657 0.244
Gyro: 67.398 -59.600 -279.739
Accel: 0.160 0.519 0.242
Gyro: 49.255 -56.213 -284.729
Accel: 0.167 0.380 0.260
Gyro: 29.663 -51.773 -288.955
Accel: 0.206 0.257 0.246
Gyro: 13.854 -44.860 -292.343
Accel: 0.243 0.133 0.209
Gyro: 2.166 -37.536 -295.379
Accel: 0.236 0.007 0.243
Gyro: -4.653 -31.234 -296.676
Accel: 0.319 0.078 0.175
Gyro: -6.027 -27.008 -297.256
Accel: 0.364 0.152 0.171
Gyro: -1.174 -26.199 -294.723
Accel: 0.429 0.299 0.163
Gyro: 11.566 -29.464 -291.473
Accel: 0.473 0.373 0.162
Gyro: 23.406 -38.452 -283.905
Accel: 0.564 0.345 0.161
Gyro: 33.859 -51.925 -271.972
Accel: 0.636 0.386 0.154
Gyro: 50.811 -67.993 -256.851
Accel: 0.682 0.427 0.142
Gyro: 68.557 -86.105 -241.912
Accel: 0.714 0.438 0.125
Gyro: 85.678 -101.608 -219.726
Accel: 0.762 0.388 0.101
Gyro: 100.402 -123.489 -206.069
Accel: 0.771 0.421 0.104
Gyro: 111.694 -130.676 -193.572
Accel: 0.752 0.411 0.074
Gyro: 119.506 -135.299 -180.511
Accel: 0.783 0.349 0.048
Gyro: 120.376 -140.502 -168.991
Accel: 0.826 0.314 0.032
Gyro: 118.179 -143.142 -160.308
Accel: 0.848 0.319 0.015
Gyro: 111.740 -140.151 -155.136
Accel: 0.865 0.329 0.007
Gyro: 100.204 -131.317 -150.344
Accel: 0.910 0.335 0.031
Gyro: 85.403 -117.004 -145.797
Accel: 0.978 0.350 0.053
Gyro: 67.611 -101.150 -139.572
Accel: -1.073 0.376 0.069
Gyro: 48.660 -81.222 -130.416
Accel: -1.132 0.491 0.123
Gyro: 31.021 -62.240 -116.592
Accel: -1.228 0.511 0.149
Gyro: 8.621 -45.181 -99.609
Accel: -1.296 0.577 0.160
Gyro: -7.690 -31.829 -80.764
Accel: -1.349 0.643 0.170
Gyro: -17.761 -23.864 -61.569
Accel: -1.387 0.709 0.190
Gyro: -28.976 -19.775 -43.273
Accel: -1.422 0.739 0.222
Gyro: -37.734 -17.333 -25.726
Accel: -1.366 0.826 0.235
Gyro: -43.197 -15.213 -9.887
Accel: -1.315 0.924 0.221
Gyro: -46.066 -12.176 4.760
Accel: -1.289 0.990 0.264
Gyro: -46.112 -9.216 15.930
Accel: -1.239 -1.078 0.269
Gyro: -44.097 -6.103 24.871
Accel: -1.241 -1.136 0.274
Gyro: -40.145 -2.639 33.065
Accel: -1.285 -1.163 0.279
Gyro: -34.057 1.434 43.945
Accel: -1.339 -1.180 0.291
Gyro: -26.367 6.546 59.661
Accel: -1.394 -1.191 0.298
Gyro: -17.044 12.680 80.215
Accel: -1.425 -1.200 0.287
Gyro: -7.202 20.614 104.598
Accel: -1.442 -1.204 0.265
Gyro: 0.366 30.075 129.684
Accel: -1.433 -1.208 0.241
Gyro: 3.509 42.160 164.886
Accel: -1.411 -1.181 0.213
Gyro: 2.166 47.363 198.669
Accel: -1.362 -1.157 0.180
Gyro: -2.792 55.679 233.718
Accel: -1.294 -1.125 0.182
Gyro: -15.258 64.636 265.991
Accel: -1.239 -1.078 0.179
Gyro: -26.275 75.225 302.978
Accel: -1.172 -1.022 0.183
Gyro: -32.165 88.394 340.286
Accel: -1.009 0.981 0.179
Gyro: -39.062 105.285 377.502
Accel: 0.956 0.922 0.157
Gyro: -44.067 124.450 415.527
Accel: 0.822 0.847 0.116
Gyro: -49.591 144.378 455.230
Accel: 0.647 0.753 0.084
Gyro: -59.539 163.421 495.452
Accel: 0.340 0.608 0.042
Gyro: -77.041 187.011 499.984
Accel: 0.108 0.393 0.028
Gyro: -102.966 211.334 499.984
Accel: 0.492 0.112 0.187
Gyro: -134.429 243.820 499.984
Accel: 0.860 0.303 0.225
Gyro: -185.668 257.141 499.984
Accel: 1.197 0.629 0.273
Gyro: -254.516 245.880 499.984
Accel: 1.638 0.934 0.260
Gyro: -321.533 182.601 499.984
Accel: 2.217 1.212 0.043
Gyro: -365.020 98.114 438.415
Accel: 2.659 1.624 0.362
Gyro: -369.750 39.581 308.212
Accel: 2.650 2.064 0.826
Gyro: -350.906 6.240 177.642
Accel: 2.439 2.313 1.295
Gyro: -319.320 8.224 78.628
Accel: 2.140 2.333 1.593
Gyro: -276.840 41.442 19.821
Accel: 1.767 2.315 1.861
Gyro: -216.064 78.964 -7.690
Accel: 1.410 2.345 1.879
Gyro: -145.080 97.351 -24.932
Accel: 1.123 2.331 1.802
Gyro: -64.971 88.577 -37.582
Accel: 0.997 2.192 1.649
Gyro: 13.229 62.774 -56.610
Accel: 0.927 2.180 1.443
Gyro: 96.908 27.420 -86.822
Accel: 0.830 2.098 1.217
Gyro: 168.991 -9.582 -117.660
Accel: 0.758 1.962 1.002
Gyro: 223.785 -40.145 -153.854
Accel: 0.696 1.833 0.760
Gyro: 259.109 -59.005 -181.625
Accel: 0.586 1.724 0.574
Gyro: 278.915 -73.486 -203.689
Accel: 0.459 1.611 0.484
Gyro: 286.499 -74.295 -228.942
Accel: 0.325 1.465 0.347
Gyro: 287.139 -74.707 -252.761
Accel: 0.217 1.294 0.221
Gyro: 282.089 -73.684 -272.521
Accel: 0.103 1.062 0.116
Gyro: 272.064 -73.822 -287.384
Accel: 0.062 0.968 0.021
Gyro: 256.530 -74.981 -296.951
Accel: 0.090 0.824 0.048
Gyro: 236.968 -76.141 -301.864
Accel: 0.156 0.680 0.0100
Gyro: 215.682 -75.546 -303.649
Accel: 0.197 0.540 0.134
Gyro: 194.137 -74.050 -304.946
Accel: 0.221 0.408 0.149
Gyro: 172.286 -72.998 -306.274
Accel: 0.240 0.304 0.156
Gyro: 149.124 -71.228 -307.525
Accel: 0.222 0.167 0.181
Gyro: 128.982 -68.756 -307.861
Accel: 0.274 0.003 0.175
Gyro: 113.189 -68.359 -310.134
Accel: 0.279 0.044 0.151
Gyro: 96.832 -66.879 -310.165
Accel: 0.286 0.151 0.149
Gyro: 81.222 -65.399 -309.707
Accel: 0.325 0.297 0.155
Gyro: 65.490 -66.299 -307.449
Accel: 0.452 0.381 0.180
Gyro: 53.161 -69.732 -307.800
Accel: 0.500 0.501 0.168
Gyro: 46.203 -77.743 -305.145
Accel: 0.553 0.636 0.156
Gyro: 44.189 -78.536 -299.087
Accel: 0.529 0.755 0.066
Gyro: 50.613 -86.181 -287.582
Accel: 0.746 0.866 0.110
Gyro: 52.932 -95.733 -274.398
Accel: 0.788 0.938 0.113
Gyro: 64.758 -98.693 -254.058
Accel: 0.871 -1.106 0.028
Gyro: 69.015 -96.054 -227.600
Accel: 0.981 -1.259 0.035
Gyro: 71.823 -80.368 -196.701
Accel: -1.104 -1.314 0.075
Gyro: 75.149 -58.715 -166.488
Accel: -1.269 -1.388 0.094
Gyro: 73.989 -39.489 -138.519
Accel: -1.373 -1.475 0.097
Gyro: 67.245 -19.989 -113.204
Accel: -1.461 -1.552 0.067
Gyro: 56.076 -5.065 -75.286
Accel: -1.563 -1.591 0.059
Gyro: 39.886 0.076 -36.193
Accel: -1.753 -1.615 0.056
Gyro: 29.495 2.319 1.602
Accel: -1.634 -1.653 0.009
Gyro: 8.239 0.183 44.799
Accel: -1.563 -1.658 0.047
Gyro: -11.276 0.320 88.363
Accel: -1.568 -1.630 0.020
Gyro: -27.526 3.890 129.058
Accel: -1.519 -1.576 0.026
Gyro: -47.683 13.381 167.633
Accel: -1.458 -1.511 0.046
Gyro: -67.657 26.947 204.696
Accel: -1.398 -1.430 0.061
Gyro: -86.135 41.717 239.868
Accel: -1.328 -1.336 0.075
Gyro: -102.432 55.313 269.775
Accel: -1.228 -1.241 0.079
Gyro: -113.708 73.272 301.132
Accel: -1.118 -1.141 0.069
Gyro: -120.590 85.250 329.498
Accel: 0.947 0.941 0.048
Gyro: -117.385 90.270 354.583
Accel: 0.852 0.832 0.002
Gyro: -113.296 97.381 375.823
Accel: 0.679 0.648 0.053
Gyro: -111.770 103.515 391.647
Accel: 0.524 0.426 0.122
Gyro: -107.849 107.070 401.809
Accel: 0.407 0.174 0.189
Gyro: -108.642 107.437 407.287
Accel: 0.283 0.095 0.248
Gyro: -116.363 107.864 411.483
Accel: 0.087 0.389 0.294
Gyro: -134.872 116.638 413.681
Accel: 0.142 0.752 0.340
Gyro: -168.304 120.437 414.367
Accel: 0.366 1.140 0.322
Gyro: -217.788 120.819 411.743
Accel: 0.626 1.510 0.240
Gyro: -271.820 102.218 404.541
Accel: 0.991 1.874 0.078
Gyro: -322.189 79.483 390.396
Accel: 1.316 1.961 0.227
Gyro: -362.457 45.745 357.406
Accel: 1.798 2.069 0.587
Gyro: -388.137 17.303 296.447
Accel: 1.954 2.273 0.943
Gyro: -389.068 14.083 210.479
Accel: 2.026 2.421 1.394
Gyro: -368.606 42.861 114.044
Accel: 1.758 2.473 1.787
Gyro: -326.583 86.044 30.319
Accel: 1.408 2.391 2.034
Gyro: -260.223 117.752 -36.026
Accel: 1.064 2.205 2.085
Gyro: -165.832 129.989 -87.081
Accel: 0.770 1.937 1.961
Gyro: -56.152 107.238 -118.026
Accel: 0.549 1.791 1.739
Gyro: 59.585 61.370 -141.265
Accel: 0.340 1.644 1.465
Gyro: 166.152 9.857 -158.645
Accel: 0.131 1.528 1.182
Gyro: 240.676 -38.894 -173.675
Accel: 0.108 1.419 0.913
Gyro: 301.422 -69.946 -189.895
Accel: 0.053 1.315 0.679
Gyro: 336.013 -84.274 -209.655
Accel: 0.016 1.197 0.476
Gyro: 347.869 -86.242 -223.892
Accel: 0.021 1.070 0.260
Gyro: 342.315 -78.582 -245.651
Accel: 0.070 0.927 0.169
Gyro: 324.462 -75.912 -259.582
Accel: 0.138 0.798 0.046
Gyro: 300.613 -71.456 -276.626
Accel: 0.191 0.651 0.051
Gyro: 264.175 -68.099 -290.878
Accel: 0.312 0.440 0.121
Gyro: 228.347 -64.666 -301.315
Accel: 0.302 0.359 0.164
Gyro: 194.946 -60.424 -308.334
Accel: 0.351 0.227 0.182
Gyro: 158.355 -56.976 -313.156
Accel: 0.337 0.060 0.141
Gyro: 123.504 -53.939 -315.597
Accel: 0.406 0.041 0.208
Gyro: 87.951 -48.797 -319.091
Accel: 0.415 0.178 0.220
Gyro: 55.969 -40.618 -319.320
Accel: 0.418 0.321 0.205
Gyro: 27.587 -27.404 -317.321
Accel: 0.439 0.457 0.175
Gyro: 9.765 -20.019 -314.529
Accel: 0.556 0.569 0.136
Gyro: -4.211 -18.325 -307.769
Accel: 0.626 0.650 0.130
Gyro: -9.201 -14.801 -298.721
Accel: 0.721 0.766 0.105
Gyro: -4.425 -11.581 -283.721
Accel: 0.769 0.977 0.061
Gyro: 7.736 -10.040 -261.154
Accel: 0.901 -1.137 0.022
Gyro: 26.809 -8.148 -229.888
Accel: -1.133 -1.194 0.007
Gyro: 54.565 -8.575 -191.085
Accel: -1.287 -1.303 0.015
Gyro: 84.381 -14.556 -152.023
Accel: -1.368 -1.397 0.029
Gyro: 107.055 -20.950 -114.471
Accel: -1.440 -1.439 0.046
Gyro: 128.311 -18.951 -78.048
Accel: -1.487 -1.469 0.095
Gyro: 131.057 -6.713 -34.973
Accel: -1.504 -1.498 0.138
Gyro: 126.602 8.468 5.630
Accel: -1.518 -1.505 0.204
Gyro: 111.221 18.814 43.441
Accel: -1.485 -1.527 0.269
Gyro: 89.614 24.353 79.788
Accel: -1.437 -1.552 0.325
Gyro: 63.690 23.620 114.196
Accel: -1.425 -1.523 0.364
Gyro: 33.294 19.943 147.567
Accel: -1.387 -1.507 0.331
Gyro: -2.990 16.860 176.040
Accel: -1.366 -1.477 0.251
Gyro: -43.395 16.357 211.975
Accel: -1.362 -1.424 0.192
Gyro: -84.716 20.599 244.308
Accel: -1.368 -1.313 0.152
Gyro: -118.698 34.667 274.047
Accel: -1.341 -1.340 0.003
Gyro: -139.999 44.616 308.258
Accel: -1.309 -1.284 0.006
Gyro: -145.172 59.616 343.643
Accel: -1.250 -1.187 0.038
Gyro: -144.851 75.607 381.423
Accel: -1.065 -1.058 0.038
Gyro: -138.442 91.842 420.288
Accel: 0.926 0.866 0.009
Gyro: -130.477 107.742 457.885
Accel: 0.645 0.598 0.085
Gyro: -125.320 124.404 491.516
Accel: 0.337 0.263 0.172
Gyro: -129.165 140.274 499.984
Accel: 0.057 0.102 0.255
Gyro: -148.986 142.547 499.984
Accel: 0.271 0.501 0.270
Gyro: -185.104 133.117 499.984
Accel: 0.745 0.976 0.190
Gyro: -235.549 118.484 499.984
Accel: 1.320 1.212 0.085
Gyro: -298.278 85.891 499.984
Accel: 1.990 1.406 0.147
Gyro: -349.212 39.794 499.984
Accel: 2.674 1.642 0.504
Gyro: -382.507 14.923 440.765
Accel: 3.005 2.016 1.041
Gyro: -391.098 18.981 332.138
Accel: 2.885 2.361 1.562
Gyro: -371.139 45.639 208.923
Accel: 2.673 2.515 2.008
Gyro: -321.395 87.860 100.402
Accel: 2.298 2.464 2.224
Gyro: -244.003 130.096 12.802
Accel: 1.866 2.303 2.204
Gyro: -148.849 142.929 -44.219
Accel: 1.451 2.144 2.028
Gyro: -48.889 119.979 -79.0010
Accel: 1.156 1.964 1.782
Gyro: 53.192 73.059 -105.163
Accel: 0.923 1.841 1.503
Gyro: 145.675 21.148 -125.793
Accel: 0.629 1.767 1.224
Gyro: 222.946 -27.725 -143.997
Accel: 0.542 1.677 0.956
Gyro: 278.244 -58.517 -161.544
Accel: 0.434 1.592 0.711
Gyro: 312.561 -72.082 -179.443
Accel: 0.362 1.495 0.494
Gyro: 324.676 -74.264 -196.426
Accel: 0.314 1.388 0.308
Gyro: 321.258 -71.426 -221.420
Accel: 0.246 1.277 0.177
Gyro: 306.900 -67.062 -244.888
Accel: 0.138 1.158 0.055
Gyro: 288.101 -64.224 -268.173
Accel: 0.037 0.996 0.042
Gyro: 259.597 -60.668 -283.065
Accel: 0.123 0.835 0.114
Gyro: 231.933 -55.572 -296.722
Accel: 0.173 0.632 0.166
Gyro: 200.683 -49.194 -305.480
Accel: 0.260 0.556 0.195
Gyro: 172.164 -41.076 -307.754
Accel: 0.314 0.419 0.195
Gyro: 139.953 -30.227 -305.297
Accel: 0.413 0.317 0.214
Gyro: 108.078 -22.735 -300.277
Accel: 0.480 0.228 0.254
Gyro: 79.727 -17.028 -292.541
Accel: 0.548 0.118 0.195
Gyro: 56.915 -15.563 -283.050
Accel: 0.593 0.028 0.233
Gyro: 41.748 -15.899 -272.323
Accel: 0.625 0.053 0.212
Gyro: 29.861 -15.258 -260.650
Accel: 0.645 0.128 0.199
Gyro: 18.997 -12.420 -248.687
Accel: 0.678 0.193 0.193
Gyro: 10.543 -5.783 -235.778
Accel: 0.709 0.256 0.186
Gyro: 6.774 2.471 -222.396
Accel: 0.735 0.320 0.185
Gyro: 8.804 9.246 -210.388
Accel: 0.774 0.371 0.189
Gyro: 16.448 11.581 -196.899
Accel: 0.816 0.403 0.200
Gyro: 28.182 10.147 -182.479
Accel: 0.841 0.416 0.237
Gyro: 42.694 4.837 -167.449
Accel: 0.872 0.414 0.266
Gyro: 45.745 0.305 -150.863
Accel: 0.906 0.395 0.317
Gyro: 44.433 0.350 -135.040
Accel: 0.980 0.328 0.355
Gyro: 35.003 3.585 -119.979
Accel: -1.013 0.309 0.384
Gyro: 22.811 6.546 -102.890
Accel: -1.048 0.320 0.406
Gyro: 9.704 9.872 -89.309
Accel: -1.086 0.310 0.414
Gyro: -1.617 9.170 -75.637
Accel: -1.093 0.309 0.400
Gyro: -9.918 6.210 -59.783
Accel: -1.103 0.305 0.413
Gyro: -15.853 2.365 -50.659
Accel: -1.103 0.285 0.396
Gyro: -19.866 -3.646 -38.131
Accel: -1.109 0.189 0.377
Gyro: -21.865 -2.807 -27.572
Accel: -1.099 0.230 0.357
Gyro: -22.064 -5.645 -20.095
Accel: -1.092 0.205 0.338
Gyro: -20.050 -7.369 -14.572
Accel: -1.095 0.171 0.324
Gyro: -16.723 -7.537 -9.246
Accel: -1.101 0.137 0.313
Gyro: -12.710 -6.637 0.411
Accel: -1.108 0.110 0.307
Gyro: -8.117 -5.752 0.961
Accel: -1.121 0.078 0.304
Gyro: 0.183 -6.027 6.958
Accel: -1.133 0.044 0.300
Gyro: 0.350 -7.003 13.946
Accel: -1.136 0.008 0.297
Gyro: 2.471 -7.888 21.545
Accel: -1.118 0.025 0.288
Gyro: 4.287 -8.407 28.945
Accel: -1.102 0.059 0.279
Gyro: 5.203 -8.285 35.552
Accel: -1.078 0.093 0.268
Gyro: 5.340 -8.0010 40.847
Accel: -1.038 0.119 0.260
Gyro: 4.821 -7.369 44.189
Accel: -1.002 0.140 0.252
Gyro: 4.013 -6.134 46.615
Accel: 0.975 0.164 0.312
Gyro: 3.433 -4.364 47.531
Accel: 0.966 0.187 0.245
Gyro: 3.219 -3.585 47.500
Accel: 0.953 0.215 0.243
Gyro: 2.548 -3.677 46.951
Accel: 0.946 0.238 0.241
Gyro: 1.419 -3.799 45.928
Accel: 0.943 0.256 0.240
Gyro: 0.411 -3.845 44.509
Accel: 0.935 0.273 0.233
Gyro: 0.122 -4.013 43.472
Accel: 0.921 0.288 0.231
Gyro: 0.411 -3.372 42.694
Accel: 0.914 0.311 0.231
Gyro: 0.671 -2.441 42.205
Accel: 0.910 0.337 0.231
Gyro: 0.961 -1.998 41.702
Accel: 0.909 0.362 0.234
Gyro: -1.403 -1.998 40.344
Accel: 0.906 0.380 0.236
Gyro: -1.449 -2.853 37.734
Accel: 0.891 0.390 0.237
Gyro: -1.693 -2.929 34.255
Accel: 0.881 0.397 0.239
Gyro: -2.441 -2.059 30.853
Accel: 0.880 0.411 0.242
Gyro: -3.982 0.701 28.106
Accel: 0.881 0.418 0.245
Gyro: -6.637 0.564 25.405
Accel: 0.879 0.423 0.245
Gyro: -9.109 1.831 22.628
Accel: 0.872 0.418 0.240
Gyro: -11.306 2.670 19.622
Accel: 0.869 0.419 0.242
Gyro: -12.512 2.960 16.098
Accel: 0.863 0.418 0.242
Gyro: -13.244 2.075 11.901
Accel: 0.860 0.414 0.242
Gyro: -13.351 0.732 7.873
Accel: 0.856 0.411 0.240
Gyro: -13.168 0.198 4.684
Accel: 0.868 0.411 0.241
Gyro: -12.496 -1.037 1.571
Accel: 0.877 0.407 0.237
Gyro: -11.184 -2.685 -1.098
Accel: 0.881 0.400 0.234
Gyro: -9.796 -4.333 -3.051
Accel: 0.884 0.395 0.229
Gyro: -4.119 -5.538 -4.409
Accel: 0.888 0.392 0.227
Gyro: -6.347 -6.515 -5.279
Accel: 0.895 0.392 0.222
Gyro: -5.111 -7.858 -5.950
Accel: 0.896 0.386 0.217
Gyro: -4.394 -9.155 -6.652
Accel: 0.895 0.382 0.209
Gyro: -3.662 -9.552 -7.110
Accel: 0.891 0.376 0.204
Gyro: -2.975 -8.636 -7.522
Accel: 0.891 0.370 0.200
Gyro: -2.456 -6.698 -3.921
Accel: 0.897 0.370 0.200
Gyro: -2.136 -4.638 -7.965
Accel: 0.903 0.365 0.200
Gyro: -2.182 -3.265 -7.843
Accel: 0.902 0.361 0.202
Gyro: -2.700 -2.044 -7.690
Accel: 0.905 0.353 0.202
Gyro: -2.822 -1.525 -7.522
Accel: 0.906 0.349 0.204
Gyro: -3.051 -1.510 -7.690
Accel: 0.905 0.344 0.204
Gyro: -3.143 -1.708 -3.936
Accel: 0.899 0.339 0.202
Gyro: -2.838 -1.770 -7.858
Accel: 0.899 0.333 0.201
Gyro: -1.846 -1.235 -7.934
Accel: 0.900 0.329 0.201
Gyro: 0.686 -1.037 -8.209
Accel: 0.904 0.324 0.202
Gyro: 0.396 -1.403 -8.438
Accel: 0.904 0.318 0.201
Gyro: 1.327 -1.464 -8.621
Accel: 0.906 0.313 0.201
Gyro: 2.639 -1.007 -8.697
Accel: 0.910 0.307 0.205
Gyro: 4.501 0.091 -8.483
Accel: 0.914 0.303 0.209
Gyro: 6.332 0.854 -8.132
Accel: 0.917 0.297 0.213
Gyro: 7.781 0.869 -7.659
Accel: 0.923 0.292 0.217
Gyro: 8.911 0.518 -6.866
Accel: 0.925 0.290 0.223
Gyro: 10.559 0.320 -5.599
Accel: 0.924 0.289 0.229
Gyro: 12.069 0.244 -3.723
Accel: 0.927 0.291 0.237
Gyro: 12.252 -1.296 -1.663
Accel: 0.927 0.299 0.241
Gyro: 11.230 -2.548 0.213
Accel: 0.926 0.302 0.241
Gyro: 9.384 -3.219 0.808
Accel: 0.922 0.300 0.240
Gyro: 8.102 -3.234 1.464
Accel: 0.911 0.299 0.239
Gyro: 6.866 -2.548 1.846
Accel: 0.909 0.301 0.240
Gyro: 5.554 -1.647 1.953
Accel: 0.912 0.301 0.239
Gyro: 0.045 -1.174 1.831
Accel: 0.911 0.302 0.242
Gyro: 2.197 0.717 1.770
Accel: 0.910 0.299 0.242
Gyro: 0.747 0.167 1.876
Accel: 0.917 0.297 0.246
Gyro: 0.289 0.640 2.136
Accel: 0.927 0.299 0.244
Gyro: 0.717 0.122 2.593
Accel: 0.933 0.298 0.245
Gyro: 0.610 -1.419 3.311
Accel: 0.931 0.298 0.241
Gyro: 0.335 -2.609 4.104
Accel: 0.931 0.301 0.238
Gyro: 0.106 -2.929 5.218
Accel: 0.933 0.307 0.238
Gyro: 0.244 -2.609 6.103
Accel: 0.935 0.312 0.238
Gyro: 0.122 -2.319 6.362
Accel: 0.928 0.311 0.235
Gyro: 0.717 -2.075 6.484
Accel: 0.922 0.311 0.235
Gyro: -1.449 -1.129 6.698
Accel: 0.914 0.373 0.233
Gyro: -2.243 0.076 6.988
Accel: 0.911 0.312 0.233
Gyro: -3.189 1.251 7.156
Accel: 0.908 0.315 0.235
Gyro: -4.150 1.586 7.003
Accel: 0.917 0.320 0.236
Gyro: -4.882 1.251 6.988
Accel: 0.922 0.326 0.234
Gyro: -5.645 0.213 7.431
Accel: 0.924 0.326 0.232
Gyro: -6.286 0.427 8.163
Accel: 0.920 0.330 0.228
Gyro: -6.484 0.885 9.078
Accel: 0.913 0.331 0.225
Gyro: -6.591 -1.007 9.552
Accel: 0.910 0.333 0.220
Gyro: -6.271 -1.113 9.506
Accel: 0.907 0.336 0.217
Gyro: -5.584 -1.281 9.033
Accel: 0.904 0.338 0.216
Gyro: -4.531 -1.342 8.300
Accel: 0.896 0.340 0.214
Gyro: -3.494 0.793 7.843
Accel: 0.899 0.345 0.215
Gyro: -2.563 0.320 7.293
Accel: 0.901 0.347 0.215
Gyro: -1.937 0.015 6.698
Accel: 0.902 0.350 0.217
Gyro: -1.602 0.122 6.317
Accel: 0.907 0.355 0.218
Gyro: -1.525 0.595 6.057
Accel: 0.907 0.357 0.217
Gyro: -1.754 0.885 5.905
Accel: 0.906 0.357 0.218
Gyro: -1.861 -1.007 5.874
Accel: 0.907 0.361 0.216
Gyro: -1.510 0.747 5.569
Accel: 0.906 0.365 0.217
Gyro: 0.854 -1.037 5.416
Accel: 0.904 0.366 0.216
Gyro: 0.411 -1.525 5.203
Accel: 0.900 0.365 0.218
Gyro: 0.091 -1.708 4.989
Accel: 0.898 0.366 0.216
Gyro: 0.610 -1.541 4.638
Accel: 0.898 0.368 0.218
Gyro: 1.068 -1.342 4.104
Accel: 0.901 0.368 0.219
Gyro: 1.052 -1.388 3.631
Accel: 0.900 0.367 0.220
Gyro: 0.549 -1.449 3.326
Accel: 0.895 0.363 0.219
Gyro: 0.122 -1.037 2.868
Accel: 0.895 0.364 0.220
Gyro: 0.747 0.350 2.365
Accel: 0.902 0.363 0.220
Gyro: -1.251 0.366 2.075
Accel: 0.905 0.362 0.221
Gyro: -1.632 0.442 1.800
Accel: 0.905 0.360 0.221
Gyro: -1.937 0.228 1.785
Accel: 0.901 0.355 0.221
Gyro: -2.593 0.747 1.815
Accel: 0.900 0.351 0.218
Gyro: -3.265 -1.068 1.708
Accel: 0.900 0.345 0.217
Gyro: -3.601 -1.129 1.327
Accel: 0.905 0.345 0.214
Gyro: -3.677 0.885 1.358
Accel: 0.907 0.348 0.215
Gyro: -4.470 0.167 1.861
Accel: 0.917 0.352 0.215
Gyro: -5.538 0.350 2.609
Accel: 0.920 0.354 0.214
Gyro: -6.210 0.930 3.356
Accel: 0.919 0.352 0.210
Gyro: -6.546 1.693 4.028
Accel: 0.919 0.349 0.210
Gyro: -6.195 2.655 4.547
Accel: 0.917 0.349 0.210
Gyro: -5.813 3.021 5.279
Accel: 0.915 0.348 0.215
Gyro: -5.447 3.128 6.195
Accel: 0.911 0.351 0.216
Gyro: -5.065 3.067 6.652
Accel: 0.909 0.350 0.216
Gyro: -4.547 2.868 7.003
Accel: 0.901 0.347 0.218
Gyro: -3.356 2.624 6.820
Accel: 0.904 0.348 0.220
Gyro: -1.586 1.739 6.072
Accel: 0.903 0.347 0.221
Gyro: 3.845 -3.814 5.584
Accel: 0.903 0.351 0.224
Gyro: 0.900 -1.174 5.767
Accel: 0.902 0.356 0.225
Gyro: 1.251 -1.556 6.286
Accel: 0.904 0.362 0.225
Gyro: 1.144 -1.678 6.729
Accel: 0.903 0.365 0.225
Gyro: 0.961 -1.388 6.881
Accel: 0.902 0.368 0.225
Gyro: 0.396 -1.205 7.141
Accel: 0.903 0.372 0.227
Gyro: 0.411 0.793 7.629
Accel: 0.899 0.373 0.227
Gyro: -1.663 0.244 7.965
Accel: 0.899 0.380 0.227
Gyro: -2.944 0.564 8.285
Accel: 0.897 0.385 0.227
Gyro: -4.287 1.312 8.285
Accel: 0.893 0.386 0.229
Gyro: -5.401 1.815 8.056
Accel: 0.892 0.386 0.228
Gyro: -6.332 2.410 7.583
Accel: 0.887 0.388 0.230
Gyro: -7.324 2.670 6.805
Accel: 0.882 0.386 0.227
Gyro: -8.041 2.914 6.225
Accel: 0.889 0.391 0.231
Gyro: -8.468 2.746 5.447
Accel: 0.887 0.389 0.229
Gyro: -8.316 2.014 4.714
