Accel: 0.002 0.007 1.006
Gyro: 0.259 0.610 0.244
Accel: 0.004 0.009 1.009
Gyro: 0.183 0.686 0.244
Accel: 0.005 0.011 1.014
Gyro: 0.320 0.640 0.289
Accel: 0.005 0.008 1.009
Gyro: 0.335 0.717 0.213
Accel: 0.003 0.0010 1.009
Gyro: 0.259 0.686 0.244
Accel: 0.003 0.008 1.007
Gyro: 0.213 0.579 0.228
Accel: 0.002 0.007 1.0000
Gyro: 0.320 0.762 0.137
Accel: 0.003 0.009 1.009
Gyro: 0.320 0.640 0.183
Accel: 0.004 0.006 1.011
Gyro: 0.198 0.747 0.213
Accel: 0.0001 0.007 1.0010
Gyro: 0.259 0.534 0.274
Accel: 0.004 0.006 1.015
Gyro: 0.289 0.717 0.274
Accel: 0.004 0.009 1.008
Gyro: 0.259 0.640 0.244
Accel: 0.003 0.006 1.003
Gyro: 0.167 0.701 0.259
Accel: 0.004 0.007 1.007
Gyro: 0.259 0.701 0.228
Accel: 0.003 0.008 1.009
Gyro: 0.366 0.732 0.244
Accel: 0.002 0.007 1.011
Gyro: 0.228 0.656 0.320
Accel: 0.003 0.0010 1.013
Gyro: 0.305 0.625 0.198
Accel: 0.004 0.009 1.009
Gyro: 0.213 0.778 0.274
Accel: 0.003 0.009 1.005
Gyro: 0.289 0.701 0.213
Accel: 0.002 0.008 1.009
Gyro: 0.320 0.778 0.244
Accel: 0.003 0.008 1.008
Gyro: 0.244 0.701 0.244
Accel: 0.003 0.009 1.0010
Gyro: 0.289 0.640 0.244
Accel: 0.005 0.007 1.012
Gyro: 0.274 0.610 0.213
Accel: 0.003 0.008 1.008
Gyro: 0.350 0.717 0.213
Accel: 0.003 0.007 1.008
Gyro: 0.350 0.640 0.228
Accel: 0.002 0.006 1.006
Gyro: 0.289 0.747 0.213
Accel: 0.003 0.008 1.005
Gyro: 0.259 0.640 0.274
Accel: 0.002 0.009 1.009
Gyro: 0.320 0.686 0.320
Accel: 0.002 0.008 1.009
Gyro: 0.335 0.717 0.213
Accel: 0.004 0.006 1.009
Gyro: 0.213 0.595 0.198
Accel: 0.003 0.009 1.0010
Gyro: 0.320 0.640 0.274
Accel: 0.004 0.006 1.007
Gyro: 0.228 0.671 0.228
Accel: 0.003 0.007 1.005
Gyro: 0.213 0.823 0.320
Accel: 0.003 0.008 1.0010
Gyro: 0.183 0.717 0.244
Accel: 0.003 0.007 1.012
Gyro: 0.152 0.717 0.244
Accel: 0.003 0.009 1.008
Gyro: 0.213 0.564 0.198
Accel: 0.002 0.008 1.009
Gyro: 0.305 0.656 0.259
Accel: 0.004 0.009 1.0010
Gyro: 0.289 0.701 0.228
Accel: 0.004 0.007 1.004
Gyro: 0.289 0.640 0.244
Accel: 0.004 0.007 1.009
Gyro: 0.335 0.671 0.305
Accel: 0.003 0.009 1.011
Gyro: 0.289 0.717 0.213
Accel: 0.002 0.007 1.0010
Gyro: 0.183 0.656 0.289
Accel: 0.004 0.008 1.0010
Gyro: 0.289 0.717 0.289
Accel: 0.002 0.007 1.012
Gyro: 0.259 0.701 0.259
Accel: 0.004 0.006 1.005
Gyro: 0.259 0.610 0.213
Accel: 0.003 0.007 1.008
Gyro: 0.228 0.656 0.213
Accel: 0.002 0.005 1.009
Gyro: 0.274 0.640 0.152
Accel: 0.003 0.006 1.007
Gyro: 0.213 0.625 0.167
Accel: 0.002 0.007 1.011
Gyro: 0.289 0.610 0.183
Accel: 0.003 0.008 1.011
Gyro: 0.259 0.656 0.244
Accel: 0.004 0.008 1.009
Gyro: 0.320 0.671 0.167
Accel: 0.004 0.008 1.008
Gyro: 0.274 0.656 0.244
Accel: 0.005 0.008 1.008
Gyro: 0.259 0.732 0.289
Accel: 0.002 0.007 1.007
Gyro: 0.259 0.671 0.228
Accel: 0.004 0.008 1.011
Gyro: 0.213 0.656 0.183
Accel: 0.004 0.008 1.008
Gyro: 0.167 0.640 0.183
Accel: 0.003 0.009 1.005
Gyro: 0.228 0.701 0.259
Accel: 0.004 0.009 1.0010
Gyro: 0.320 0.549 0.228
Accel: 0.002 0.008 1.008
Gyro: 0.289 0.671 0.213
Accel: 0.003 0.006 1.008
Gyro: 0.350 0.762 0.289
Accel: 0.002 0.008 1.011
Gyro: 0.366 0.732 0.244
Accel: 0.003 0.008 1.007
Gyro: 0.289 0.701 0.122
Accel: 0.003 0.008 1.011
Gyro: 0.183 0.640 0.259
Accel: 0.005 0.007 1.0010
Gyro: 0.213 0.595 0.259
Accel: 0.002 0.008 1.007
Gyro: 0.228 0.686 0.228
Accel: 0.004 0.007 1.009
Gyro: 0.259 0.686 0.228
Accel: 0.003 0.009 1.009
Gyro: 0.320 0.717 0.259
Accel: 0.004 0.009 1.006
Gyro: 0.198 0.778 0.183
Accel: 0.004 0.008 1.009
Gyro: 0.305 0.656 0.152
Accel: 0.003 0.011 1.011
Gyro: 0.259 0.671 0.259
Accel: 0.004 0.009 1.0010
Gyro: 0.259 0.717 0.137
Accel: 0.003 0.008 1.007
Gyro: 0.244 0.656 0.259
Accel: 0.003 0.007 1.0010
Gyro: 0.244 0.686 0.228
Accel: 0.004 0.007 1.008
Gyro: 0.244 0.717 0.213
Accel: 0.004 0.006 1.009
Gyro: 0.335 0.732 0.167
Accel: 0.004 0.007 1.012
Gyro: 0.259 0.671 0.213
Accel: 0.004 0.008 1.008
Gyro: 0.244 0.640 0.289
Accel: 0.002 0.006 1.0010
Gyro: 0.183 0.717 0.167
Accel: 0.005 0.007 1.0010
Gyro: 0.213 0.686 0.289
Accel: 0.004 0.007 1.009
Gyro: 0.274 0.747 0.183
Accel: 0.003 0.009 1.009
Gyro: 0.289 0.732 0.198
Accel: 0.003 0.007 1.0010
Gyro: 0.259 0.717 0.289
Accel: 0.002 0.008 1.006
Gyro: 0.259 0.717 0.244
Accel: 0.002 0.008 1.0010
Gyro: 0.320 0.625 0.213
Accel: 0.004 0.008 1.009
Gyro: 0.244 0.656 0.305
Accel: 0.003 0.0010 1.007
Gyro: 0.228 0.640 0.183
Accel: 0.004 0.009 1.012
Gyro: 0.289 0.686 0.183
Accel: 0.005 0.008 1.0010
Gyro: 0.213 0.640 0.289
Accel: 0.002 0.007 1.008
Gyro: 0.259 0.656 0.289
Accel: 0.004 0.008 1.0010
Gyro: 0.320 0.671 0.396
Accel: 0.003 0.007 1.007
Gyro: 0.228 0.778 0.274
Accel: 0.004 0.007 1.009
Gyro: 0.320 0.656 0.289
Accel: 0.003 0.007 1.011
Gyro: 0.274 0.701 0.244
Accel: 0.004 0.008 1.0010
Gyro: 0.259 0.793 0.167
Accel: 0.003 0.006 1.0010
Gyro: 0.305 0.686 0.244
Accel: 0.003 0.008 1.0010
Gyro: 0.259 0.701 0.289
Accel: 0.004 0.007 1.009
Gyro: 0.228 0.579 0.259
Accel: 0.003 0.008 1.007
Gyro: 0.381 0.747 0.213
Accel: 0.004 0.008 1.013
Gyro: 0.259 0.625 0.244
Accel: 0.004 0.006 1.009
Gyro: 0.183 0.717 0.198
Accel: 0.003 0.009 1.006
Gyro: 0.259 0.625 0.198
Accel: 0.004 0.009 1.011
Gyro: 0.244 0.656 0.259
Accel: 0.004 0.009 1.0010
Gyro: 0.244 0.717 0.198
Accel: 0.003 0.008 1.007
Gyro: 0.320 0.518 0.183
Accel: 0.003 0.009 1.013
Gyro: 0.320 0.656 0.244
Accel: 0.003 0.008 1.009
Gyro: 0.381 0.762 0.289
Accel: 0.003 0.009 1.008
Gyro: 0.274 0.656 0.198
Accel: 0.003 0.008 1.012
Gyro: 0.091 0.595 0.320
Accel: 0.005 0.008 1.008
Gyro: 0.366 0.610 0.289
Accel: 0.004 0.007 1.008
Gyro: 0.274 0.671 0.183
Accel: 0.002 0.006 1.012
Gyro: 0.198 0.579 0.320
Accel: 0.003 0.007 1.009
Gyro: 0.289 0.793 0.198
Accel: 0.004 0.008 1.009
Gyro: 0.259 0.671 0.183
Accel: 0.003 0.007 1.0010
Gyro: 0.289 0.610 0.167
Accel: 0.003 0.008 1.008
Gyro: 0.289 0.518 0.259
Accel: 0.004 0.008 1.009
Gyro: 0.259 0.625 0.244
Accel: 0.004 0.009 1.0010
Gyro: 0.213 0.579 0.213
Accel: 0.003 0.008 1.008
Gyro: 0.274 0.488 0.213
Accel: 0.004 0.007 1.009
Gyro: 0.244 0.747 0.320
Accel: 0.003 0.008 1.0010
Gyro: 0.305 0.625 0.213
Accel: 0.003 0.008 1.007
Gyro: 0.289 0.640 0.289
Accel: 0.002 0.008 1.0010
Gyro: 0.335 0.732 0.244
Accel: 0.005 0.007 1.012
Gyro: 0.320 0.717 0.259
Accel: 0.003 0.008 1.009
Gyro: 0.198 0.839 0.183
Accel: 0.004 0.008 1.0010
Gyro: 0.305 0.732 0.259
Accel: 0.002 0.008 1.012
Gyro: 0.259 0.610 0.198
Accel: 0.004 0.008 1.008
Gyro: 0.289 0.625 0.244
Accel: 0.004 0.008 1.0010
Gyro: 0.244 0.854 0.183
Accel: 0.004 0.008 1.0010
Gyro: 0.259 0.823 0.198
Accel: 0.003 0.009 1.008
Gyro: 0.244 0.808 0.259
Accel: 0.002 0.007 1.009
Gyro: 0.198 0.778 0.076
Accel: 0.004 0.008 1.0010
Gyro: 0.183 0.762 0.0000
Accel: 0.003 0.007 1.007
Gyro: 0.183 0.747 0.167
Accel: 0.022 0.066 0.949
Gyro: -3.906 0.213 -10.711
Accel: 0.027 0.066 1.025
Gyro: 0.350 0.610 -12.481
Accel: 0.107 0.049 1.004
Gyro: -3.799 0.0000 -15.365
Accel: 0.042 0.078 0.965
Gyro: 0.427 0.747 -16.860
Accel: 0.105 0.048 0.970
Gyro: 0.152 0.061 -18.173
Accel: 0.101 0.035 0.962
Gyro: 0.442 0.976 -18.814
Accel: 0.076 0.061 1.037
Gyro: 0.534 3.677 -19.836
Accel: 0.066 0.050 1.020
Gyro: 0.915 0.793 -20.477
Accel: 0.078 0.044 1.103
Gyro: 0.869 0.778 -20.294
Accel: 0.121 0.048 0.961
Gyro: 1.007 0.091 -19.271
Accel: 0.070 0.050 0.989
Gyro: 0.488 0.595 -17.990
Accel: 0.115 0.036 0.996
Gyro: 0.411 0.473 -16.036
Accel: 0.073 0.044 1.015
Gyro: 1.159 0.030 -15.014
Accel: 0.068 0.038 1.060
Gyro: 1.144 0.488 -13.778
Accel: 0.073 0.017 0.940
Gyro: 1.602 0.488 -12.619
Accel: 0.078 0.004 0.956
Gyro: 1.022 0.335 -11.184
Accel: 0.086 0.053 1.031
Gyro: 0.503 0.457 -10.787
Accel: 0.0100 0.069 1.012
Gyro: 1.007 0.198 -11.886
Accel: 0.117 0.077 0.966
Gyro: 0.930 0.778 -14.358
Accel: 0.072 0.091 1.036
Gyro: 1.586 0.396 -16.448
Accel: 0.110 0.113 0.940
Gyro: 0.915 0.595 -18.020
Accel: 0.103 0.113 1.020
Gyro: 2.212 0.610 -19.119
Accel: 0.098 0.084 1.062
Gyro: 2.593 0.396 -20.736
Accel: 0.106 0.050 1.029
Gyro: 4.165 -2.883 -23.193
Accel: 0.123 0.087 1.027
Gyro: 9.124 -2.563 -24.185
Accel: 0.110 0.062 1.017
Gyro: 14.770 0.793 -26.031
Accel: 0.067 0.038 0.929
Gyro: 6.576 0.854 -27.954
Accel: 0.048 0.063 1.004
Gyro: -1.098 0.152 -27.206
Accel: 0.011 0.079 1.029
Gyro: -2.624 0.579 -24.917
Accel: 0.023 0.086 1.018
Gyro: 0.549 -2.151 -22.079
Accel: 0.062 0.034 1.035
Gyro: 2.807 -3.219 -22.109
Accel: 0.085 0.007 0.974
Gyro: 1.403 -1.876 -26.168
Accel: 0.104 0.009 0.996
Gyro: -1.525 -1.678 -30.578
Accel: 0.123 0.012 1.002
Gyro: -3.555 0.656 -34.484
Accel: 0.103 0.0000 1.007
Gyro: -6.027 1.571 -38.253
Accel: 0.121 0.024 0.985
Gyro: -5.798 0.015 -40.908
Accel: 0.071 0.025 1.110
Gyro: 0.442 -2.243 -41.412
Accel: 0.062 0.002 1.091
Gyro: 5.661 -2.288 -46.859
Accel: 0.087 0.035 0.989
Gyro: 0.579 3.799 -47.637
Accel: 0.059 0.012 1.004
Gyro: 0.595 0.198 -49.194
Accel: 0.050 0.016 1.046
Gyro: 2.624 0.396 -49.392
Accel: 0.071 0.003 0.987
Gyro: 2.685 0.167 -50.979
Accel: 0.077 0.011 0.965
Gyro: 0.686 0.457 -52.383
Accel: 0.083 0.025 0.983
Gyro: -3.967 1.205 -52.383
Accel: 0.023 0.046 1.080
Gyro: 6.408 -5.691 -48.782
Accel: 0.050 0.0010 0.985
Gyro: 3.417 -5.065 -48.187
Accel: 0.018 0.024 1.029
Gyro: -2.609 -12.481 -46.493
Accel: 0.071 0.063 0.960
Gyro: -2.136 -7.324 -44.204
Accel: 0.050 0.040 0.965
Gyro: 0.976 0.259 -43.334
Accel: 0.015 0.005 1.092
Gyro: -9.307 -6.668 -55.557
Accel: 0.244 0.237 1.173
Gyro: -42.785 -30.059 -82.901
Accel: 0.285 0.075 0.956
Gyro: -19.165 -14.495 -82.046
Accel: 0.349 0.198 1.580
Gyro: -6.332 -35.324 -56.747
Accel: 0.407 0.457 0.881
Gyro: 9.750 -55.084 -27.313
Accel: 0.547 0.573 1.061
Gyro: 26.916 -56.976 10.635
Accel: 0.425 0.620 0.943
Gyro: 4.531 -42.785 29.464
Accel: 0.329 0.585 0.947
Gyro: -19.226 -19.989 43.121
Accel: 0.309 0.290 1.139
Gyro: -11.428 -26.046 50.506
Accel: 0.177 0.022 1.070
Gyro: 5.798 -40.390 54.870
Accel: 0.018 0.037 1.090
Gyro: 14.038 -48.370 49.118
Accel: 0.052 0.007 1.098
Gyro: 6.820 -47.882 41.900
Accel: 0.033 0.013 1.117
Gyro: -4.211 -50.811 38.223
Accel: 0.062 0.127 1.160
Gyro: -5.783 -58.822 35.430
Accel: 0.096 0.093 1.125
Gyro: -2.838 -70.739 32.516
Accel: 0.042 0.048 1.278
Gyro: 6.713 -85.311 30.532
Accel: 0.113 0.0010 1.297
Gyro: 10.314 -96.725 29.495
Accel: 0.125 0.040 1.189
Gyro: 9.216 -107.528 31.646
Accel: 0.017 0.080 1.131
Gyro: 17.730 -114.944 38.742
Accel: 0.087 0.119 1.073
Gyro: 31.280 -118.286 48.065
Accel: 0.165 0.126 0.966
Gyro: 39.672 -117.340 57.403
Accel: 0.212 0.094 1.003
Gyro: 36.651 -117.446 63.201
Accel: 0.261 0.073 1.014
Gyro: 33.645 -120.178 68.206
Accel: 0.359 0.024 1.009
Gyro: 20.278 -134.643 72.219
Accel: 0.552 0.020 0.988
Gyro: 17.456 -149.948 80.642
Accel: 0.658 0.086 1.062
Gyro: 18.798 -168.014 101.791
Accel: 0.752 0.021 1.167
Gyro: 24.154 -182.006 128.173
Accel: 0.854 0.036 1.256
Gyro: 38.696 -173.706 142.578
Accel: 0.987 0.137 1.383
Gyro: 56.228 -154.037 132.827
Accel: 1.157 0.270 1.478
Gyro: 72.586 -130.950 105.621
Accel: 1.384 0.374 1.616
Gyro: 84.411 -112.426 66.772
Accel: 1.662 0.418 1.668
Gyro: 91.903 -95.352 22.872
Accel: 1.850 0.419 1.731
Gyro: 99.258 -72.692 -23.986
Accel: 1.844 0.348 1.671
Gyro: 107.009 -42.999 -74.478
Accel: 1.781 0.291 1.752
Gyro: 102.584 -42.968 -105.804
Accel: 1.672 0.332 1.674
Gyro: 108.642 -20.889 -123.718
Accel: 1.667 0.171 1.683
Gyro: 118.499 -4.318 -140.792
Accel: 1.573 0.184 1.645
Gyro: 130.096 0.503 -153.762
Accel: 1.517 0.156 1.627
Gyro: 148.559 0.579 -165.527
Accel: 1.469 0.096 1.578
Gyro: 172.958 -6.057 -179.840
Accel: 1.397 0.077 1.437
Gyro: 195.007 -22.628 -193.176
Accel: 1.337 0.067 1.418
Gyro: 205.383 -32.852 -204.757
Accel: 1.266 0.084 1.343
Gyro: 205.520 -39.733 -213.973
Accel: 1.183 0.118 1.279
Gyro: 195.556 -36.849 -221.206
Accel: 1.098 0.101 1.234
Gyro: 193.389 -30.349 -228.546
Accel: 0.972 0.083 1.176
Gyro: 191.574 -23.056 -235.458
Accel: 0.847 0.064 1.090
Gyro: 197.357 -11.795 -240.264
Accel: 0.735 0.027 0.975
Gyro: 208.160 0.732 -244.171
Accel: 0.629 0.013 0.810
Gyro: 218.917 8.087 -248.519
Accel: 0.519 0.057 0.648
Gyro: 226.852 12.390 -252.914
Accel: 0.415 0.095 0.465
Gyro: 230.728 8.209 -261.337
Accel: 0.312 0.187 0.203
Gyro: 231.307 7.293 -262.084
Accel: 0.129 0.154 0.095
Gyro: 228.683 -3.784 -266.540
Accel: 0.052 0.200 0.088
Gyro: 222.625 -22.766 -269.409
Accel: 0.082 0.246 0.217
Gyro: 210.006 -50.064 -266.662
Accel: 0.189 0.297 0.349
Gyro: 187.835 -82.824 -256.790
Accel: 0.231 0.389 0.425
Gyro: 155.883 -121.932 -238.876
Accel: 0.411 0.411 0.494
Gyro: 119.689 -161.132 -225.830
Accel: 0.451 0.480 0.489
Gyro: 90.820 -183.425 -203.750
Accel: 0.450 0.593 0.432
Gyro: 66.070 -203.735 -187.973
Accel: 0.541 0.663 0.427
Gyro: 42.266 -225.738 -180.938
Accel: 0.663 0.796 0.382
Gyro: 13.244 -233.108 -172.897
Accel: 0.862 0.897 0.285
Gyro: -7.080 -239.318 -161.102
Accel: 0.962 -1.007 0.199
Gyro: -20.950 -241.928 -142.333
Accel: -1.096 -1.168 0.085
Gyro: -36.437 -237.060 -113.525
Accel: -1.251 -1.286 0.038
Gyro: -49.942 -229.766 -70.602
Accel: -1.384 -1.378 0.155
Gyro: -62.225 -219.848 -18.157
Accel: -1.516 -1.431 0.288
Gyro: -73.852 -209.274 39.276
Accel: -1.600 -1.427 0.431
Gyro: -89.691 -198.318 100.967
Accel: -1.584 -1.467 0.501
Gyro: -105.865 -180.084 156.082
Accel: -1.513 -1.561 0.668
Gyro: -122.558 -166.839 203.216
Accel: -1.321 -1.538 0.921
Gyro: -140.258 -147.232 261.032
Accel: -1.087 -1.563 1.050
Gyro: -146.102 -123.565 319.961
Accel: 0.755 -1.552 1.270
Gyro: -154.479 -98.480 377.151
Accel: 0.283 -1.496 1.511
Gyro: -170.639 -69.335 429.656
Accel: 0.207 -1.380 1.783
Gyro: -198.059 -36.376 474.136
Accel: 0.642 -1.265 2.104
Gyro: -232.223 -4.959 499.984
Accel: 1.157 -1.201 2.518
Gyro: -256.820 28.167 499.984
Accel: 1.693 -1.157 2.974
Gyro: -255.584 61.828 499.984
Accel: 2.117 -1.039 3.321
Gyro: -223.495 91.476 499.984
Accel: 2.461 0.705 3.607
Gyro: -162.490 117.462 499.984
Accel: 2.647 0.372 3.713
Gyro: -85.540 148.925 485.824
Accel: 2.775 0.029 3.588
Gyro: -8.239 170.913 442.321
Accel: 2.838 0.254 3.277
Gyro: 53.955 180.557 394.302
Accel: 2.841 0.493 2.896
Gyro: 113.021 178.283 346.847
Accel: 2.844 0.656 2.556
Gyro: 159.698 165.0100 299.163
Accel: 2.795 0.813 2.252
Gyro: 196.838 150.207 254.425
Accel: 2.736 0.914 2.003
Gyro: 224.426 138.061 212.768
Accel: 2.675 0.966 1.772
Gyro: 243.087 131.271 175.231
Accel: 2.635 0.975 1.508
Gyro: 254.669 129.333 141.754
Accel: 2.583 0.963 1.391
Gyro: 263.916 132.217 112.319
Accel: 2.444 0.937 1.208
Gyro: 269.638 140.472 77.209
Accel: 2.406 0.888 1.020
Gyro: 271.499 141.830 41.076
Accel: 2.190 0.807 0.832
Gyro: 267.852 145.187 6.637
Accel: 2.088 0.720 0.650
Gyro: 258.483 145.034 -23.712
Accel: 1.906 0.632 0.510
Gyro: 245.178 141.372 -47.180
Accel: 1.728 0.532 0.391
Gyro: 233.581 135.421 -64.315
Accel: 1.520 0.447 0.326
Gyro: 226.501 127.380 -78.887
Accel: 1.323 0.367 0.272
Gyro: 224.624 116.302 -90.866
Accel: 1.139 0.293 0.201
Gyro: 228.332 105.224 -101.669
Accel: 0.980 0.237 0.121
Gyro: 235.244 93.124 -112.915
Accel: 0.757 0.205 0.036
Gyro: 234.375 78.887 -124.359
Accel: 0.708 0.199 0.061
Gyro: 228.683 69.503 -134.460
Accel: 0.569 0.183 0.147
Gyro: 201.919 70.297 -141.601
Accel: 0.557 0.135 0.206
Gyro: 164.367 78.063 -144.775
Accel: 0.468 0.093 0.248
Gyro: 123.184 90.072 -144.104
Accel: 0.381 0.047 0.294
Gyro: 81.817 108.276 -139.083
Accel: 0.303 0.007 0.347
Gyro: 42.083 124.633 -130.096
Accel: 0.239 0.026 0.418
Gyro: 1.174 140.136 -118.438
Accel: 0.175 0.043 0.479
Gyro: -43.975 149.337 -104.934
Accel: 0.121 0.057 0.527
Gyro: -92.300 159.423 -90.637
Accel: 0.077 0.085 0.544
Gyro: -136.123 165.664 -76.354
Accel: 0.056 0.102 0.547
Gyro: -178.161 167.968 -61.416
Accel: 0.048 0.086 0.542
Gyro: -212.066 164.398 -46.386
Accel: 0.073 0.062 0.558
Gyro: -237.670 152.130 -24.337
Accel: 0.139 0.025 0.596
Gyro: -256.607 126.953 -5.432
Accel: 0.211 0.033 0.633
Gyro: -276.443 82.931 7.919
Accel: 0.294 0.104 0.627
Gyro: -295.242 21.438 21.972
Accel: 0.357 0.198 0.572
Gyro: -312.240 -42.510 34.271
Accel: 0.803 0.195 0.233
Gyro: -320.556 -134.338 42.114
Accel: 0.912 0.318 0.018
Gyro: -325.714 -228.179 20.812
Accel: 1.040 0.620 0.398
Gyro: -310.958 -300.109 -23.849
Accel: 1.345 0.699 0.857
Gyro: -275.939 -357.742 -80.535
Accel: 1.633 0.720 1.251
Gyro: -231.781 -405.364 -133.758
Accel: 1.815 0.656 1.675
Gyro: -193.862 -442.474 -189.819
Accel: 1.938 0.558 2.088
Gyro: -158.325 -462.585 -235.076
Accel: 1.990 0.503 2.552
Gyro: -116.104 -461.685 -258.804
Accel: 1.985 0.483 2.903
Gyro: -62.332 -452.392 -275.024
Accel: 2.061 0.427 3.165
Gyro: -5.661 -425.552 -286.132
Accel: 2.128 0.262 3.268
Gyro: 40.573 -375.900 -297.546
Accel: 2.117 0.313 2.967
Gyro: 78.338 -318.054 -309.082
Accel: 2.057 0.228 3.095
Gyro: 85.205 -259.704 -321.380
Accel: 1.966 0.125 2.887
Gyro: 76.217 -195.129 -333.099
Accel: 1.870 0.006 2.859
Gyro: 66.574 -128.265 -347.259
Accel: 1.662 0.053 2.786
Gyro: 56.381 -62.347 -350.814
Accel: 1.445 0.133 2.632
Gyro: 42.968 13.244 -354.873
Accel: 1.210 0.200 2.487
Gyro: 35.186 79.193 -353.317
Accel: 0.992 0.292 2.245
Gyro: 37.887 136.856 -348.831
Accel: 0.731 0.434 1.988
Gyro: 44.265 182.144 -342.407
Accel: 0.443 0.449 1.746
Gyro: 55.969 210.525 -333.023
Accel: 0.358 0.489 1.522
Gyro: 69.808 226.547 -320.663
Accel: 0.202 0.500 1.324
Gyro: 83.465 235.855 -305.236
Accel: 0.056 0.495 1.134
Gyro: 95.687 238.769 -296.188
Accel: 0.037 0.493 0.994
Gyro: 106.170 238.906 -278.167
Accel: 0.106 0.489 0.858
Gyro: 116.973 239.044 -262.527
Accel: 0.182 0.476 0.728
Gyro: 116.485 245.727 -248.474
Accel: 0.254 0.447 0.596
Gyro: 114.196 246.780 -226.272
Accel: 0.291 0.418 0.501
Gyro: 105.407 252.578 -200.469
Accel: 0.371 0.379 0.396
Gyro: 91.094 258.514 -175.292
Accel: 0.350 0.306 0.320
Gyro: 74.569 264.739 -147.674
Accel: 0.349 0.289 0.256
Gyro: 57.327 271.118 -122.039
Accel: 0.384 0.228 0.202
Gyro: 42.144 277.954 -105.087
Accel: 0.429 0.170 0.149
Gyro: 30.456 285.202 -83.084
Accel: 0.451 0.137 0.091
Gyro: 19.546 288.650 -71.777
Accel: 0.463 0.112 0.041
Gyro: 20.370 290.161 -58.105
Accel: 0.470 0.087 0.018
Gyro: 21.224 289.794 -44.342
Accel: 0.478 0.052 0.085
Gyro: 23.757 284.973 -30.395
Accel: 0.500 0.012 0.161
Gyro: 26.199 275.253 -16.906
Accel: 0.513 0.021 0.235
Gyro: 27.389 259.826 -4.577
Accel: 0.531 0.067 0.304
Gyro: 25.741 238.830 5.142
Accel: 0.571 0.128 0.357
Gyro: 21.377 213.226 13.671
Accel: 0.598 0.171 0.400
Gyro: 16.693 188.690 19.790
Accel: 0.618 0.212 0.427
Gyro: 11.688 165.954 23.437
Accel: 0.622 0.256 0.452
Gyro: 5.630 152.328 25.054
Accel: 0.617 0.276 0.488
Gyro: 1.220 140.243 26.107
Accel: 0.617 0.295 0.548
Gyro: -2.304 130.126 26.733
Accel: 0.631 0.314 0.619
Gyro: -9.689 119.064 25.741
Accel: 0.635 0.315 0.698
Gyro: -20.935 104.553 23.651
Accel: 0.625 0.301 0.756
Gyro: -37.170 83.419 20.462
Accel: 0.593 0.269 0.781
Gyro: -55.984 65.719 16.876
Accel: 0.549 0.223 0.796
Gyro: -78.369 46.737 13.458
Accel: 0.521 0.125 0.793
Gyro: -104.568 33.004 10.894
Accel: 0.506 0.144 0.796
Gyro: -127.105 23.635 9.841
Accel: 0.472 0.079 0.806
Gyro: -145.019 16.830 10.498
Accel: 0.437 0.009 0.816
Gyro: -166.793 9.140 12.725
Accel: 0.392 0.077 0.826
Gyro: -188.385 0.015 19.363
Accel: 0.350 0.159 0.831
Gyro: -209.213 -10.314 19.592
Accel: 0.315 0.230 0.826
Gyro: -229.782 -24.398 26.245
Accel: 0.286 0.286 0.752
Gyro: -251.861 -40.740 35.705
Accel: 0.244 0.364 0.773
Gyro: -273.376 -59.783 48.675
Accel: 0.198 0.498 0.715
Gyro: -296.173 -79.101 66.909
Accel: 0.069 0.460 0.635
Gyro: -315.582 -98.403 89.996
Accel: 0.015 0.574 0.514
Gyro: -339.248 -122.512 114.013
Accel: 0.154 0.614 0.355
Gyro: -363.876 -157.562 139.862
Accel: 0.246 0.644 0.161
Gyro: -386.718 -199.371 162.200
Accel: 0.325 0.686 0.121
Gyro: -405.044 -249.755 177.886
Accel: 0.395 0.697 0.420
Gyro: -407.897 -290.664 193.099
Accel: 0.530 0.645 0.843
Gyro: -392.944 -330.825 201.522
Accel: 0.701 0.496 1.386
Gyro: -361.679 -364.761 191.024
Accel: 0.905 0.338 2.041
Gyro: -326.950 -379.760 150.939
Accel: 1.083 0.191 2.551
Gyro: -280.563 -378.723 98.342
Accel: 1.268 0.187 3.113
Gyro: -237.686 -349.533 55.892
Accel: 1.117 0.123 3.267
Gyro: -199.325 -307.052 36.880
Accel: 0.905 0.077 3.336
Gyro: -171.325 -262.481 43.670
Accel: 0.919 0.029 3.440
Gyro: -145.782 -220.123 62.835
Accel: 0.876 0.151 3.505
Gyro: -110.549 -158.645 71.319
Accel: 0.814 0.314 3.475
Gyro: -69.793 -90.438 63.140
Accel: 0.733 0.403 3.199
Gyro: -32.608 -26.733 60.043
Accel: 0.597 0.452 2.852
Gyro: -2.349 31.753 55.801
Accel: 0.458 0.443 2.483
Gyro: 23.223 72.052 56.701
Accel: 0.341 0.420 2.004
Gyro: 42.495 99.334 60.699
Accel: 0.223 0.420 1.545
Gyro: 59.875 108.337 63.125
Accel: 0.140 0.409 1.149
Gyro: 70.083 105.697 58.654
Accel: 0.090 0.389 0.827
Gyro: 74.981 98.876 59.661
Accel: 0.067 0.353 0.608
Gyro: 74.447 91.949 55.725
Accel: 0.029 0.335 0.416
Gyro: 64.636 81.146 51.559
Accel: 0.147 0.286 0.326
Gyro: 40.008 61.920 49.743
Accel: 0.198 0.303 0.257
Gyro: 22.003 40.069 48.019
Accel: 0.181 0.350 0.172
Gyro: 10.040 24.154 43.258
Accel: 0.178 0.369 0.114
Gyro: 1.388 5.340 33.828
Accel: 0.194 0.390 0.053
Gyro: -15.289 -17.715 19.729
Accel: 0.161 0.425 0.012
Gyro: -42.999 -40.512 13.900
Accel: 0.159 0.416 0.029
Gyro: -80.474 -62.408 6.088
Accel: 0.181 0.379 0.109
Gyro: -123.428 -70.571 0.762
Accel: 0.242 0.302 0.262
Gyro: -166.259 -82.946 -5.905
Accel: 0.285 0.225 0.510
Gyro: -195.892 -101.379 -13.839
Accel: 0.314 0.151 0.740
Gyro: -211.502 -117.584 -25.375
Accel: 0.385 0.070 1.007
Gyro: -210.220 -130.828 -40.145
Accel: 0.413 0.007 1.228
Gyro: -196.166 -135.971 -57.662
Accel: 0.429 0.070 1.432
Gyro: -176.895 -133.468 -73.379
Accel: 0.486 0.174 1.679
Gyro: -160.369 -128.021 -81.848
Accel: 0.490 0.270 1.938
Gyro: -145.401 -120.498 -81.008
Accel: 0.489 0.434 2.397
Gyro: -129.577 -120.590 -83.511
Accel: 0.414 0.540 2.795
Gyro: -99.670 -112.152 -81.222
Accel: 0.330 0.643 3.066
Gyro: -47.439 -85.739 -68.466
Accel: 0.284 0.709 3.172
Gyro: 7.568 -45.104 -48.126
Accel: 0.200 0.644 3.067
Gyro: 40.969 0.091 -20.706
Accel: 0.158 0.575 2.821
Gyro: 64.300 46.234 8.392
Accel: 0.139 0.493 2.585
Gyro: 75.637 88.745 33.447
Accel: 0.129 0.375 2.363
Gyro: 75.607 117.935 44.082
Accel: 0.088 0.249 2.179
Gyro: 73.806 137.0100 51.864
Accel: 0.047 0.155 1.984
Gyro: 76.568 152.770 55.328
Accel: 0.0010 0.093 1.790
Gyro: 84.640 161.209 56.320
Accel: 0.016 0.043 1.594
Gyro: 94.757 162.979 55.740
Accel: 0.050 0.013 1.405
Gyro: 108.688 160.415 53.848
Accel: 0.066 0.002 1.218
Gyro: 114.486 158.340 52.276
Accel: 0.068 0.0000 1.042
Gyro: 122.787 157.897 51.483
Accel: 0.080 0.007 0.882
Gyro: 127.319 159.042 46.875
Accel: 0.083 0.008 0.725
Gyro: 128.463 163.116 49.774
Accel: 0.063 0.0001 0.597
Gyro: 127.151 169.662 47.210
Accel: 0.034 0.003 0.457
Gyro: 124.023 177.749 43.365
Accel: 0.015 0.003 0.252
Gyro: 120.223 183.761 38.299
Accel: 0.013 0.019 0.163
Gyro: 115.798 185.226 31.127
Accel: 0.062 0.023 0.009
Gyro: 105.804 181.701 21.408
Accel: 0.006 0.036 0.129
Gyro: 102.462 174.942 11.047
Accel: 0.018 0.048 0.305
Gyro: 94.558 166.397 2.471
Accel: 0.007 0.085 0.479
Gyro: 88.378 154.129 0.793
Accel: 0.008 0.094 0.723
Gyro: 73.913 132.644 -2.212
Accel: 0.009 0.085 0.882
Gyro: 42.221 88.653 -5.416
Accel: 0.006 0.108 -1.035
Gyro: -1.632 35.858 -5.142
Accel: 0.027 0.145 -1.091
Gyro: -51.910 -6.408 0.076
Accel: 0.020 0.144 -1.053
Gyro: -100.601 -56.198 10.162
Accel: 0.014 0.138 0.926
Gyro: -139.205 -108.627 22.933
Accel: 0.065 0.130 0.720
Gyro: -178.283 -169.692 34.179
Accel: 0.077 0.121 0.411
Gyro: -219.726 -242.385 38.879
Accel: 0.055 0.068 0.002
Gyro: -257.385 -314.346 27.633
Accel: 0.093 0.034 0.558
Gyro: -274.856 -369.461 14.923
Accel: 0.244 0.278 1.433
Gyro: -259.841 -419.540 -3.234
Accel: 0.538 0.627 2.392
Gyro: -209.899 -468.490 -12.344
Accel: 0.716 0.902 3.493
Gyro: -109.161 -471.694 -18.783
Accel: 0.944 -1.074 4.022
Gyro: 7.110 -427.551 -22.247
Accel: 0.981 0.952 4.131
Gyro: 75.714 -349.563 -8.514
Accel: 0.931 0.766 3.943
Gyro: 130.752 -218.887 17.608
Accel: 0.952 0.590 3.857
Gyro: 141.616 -80.398 49.774
Accel: 0.913 0.443 3.237
Gyro: 137.802 54.0000 72.006
Accel: 0.890 0.240 2.819
Gyro: 126.815 163.146 89.508
Accel: 0.821 0.047 2.414
Gyro: 117.126 237.747 85.769
Accel: 0.734 0.032 2.078
Gyro: 115.768 270.812 76.812
Accel: 0.667 0.076 1.808
Gyro: 128.128 285.385 62.835
Accel: 0.609 0.111 1.467
Gyro: 147.094 288.146 47.363
Accel: 0.547 0.159 1.073
Gyro: 165.115 291.259 33.203
Accel: 0.528 0.196 0.690
Gyro: 180.725 300.384 21.392
Accel: 0.521 0.229 0.320
Gyro: 189.056 312.393 13.366
Accel: 0.536 0.266 0.054
Gyro: 192.474 321.212 6.744
Accel: 0.548 0.325 0.531
Gyro: 185.638 312.835 -3.799
Accel: 0.543 0.375 0.932
Gyro: 170.669 298.126 -5.264
Accel: 0.525 0.417 -1.368
Gyro: 147.689 272.323 -9.887
Accel: 0.482 0.511 -1.690
Gyro: 107.498 222.732 -12.390
Accel: 0.401 0.525 -2.0000
Gyro: 65.200 149.780 -20.416
Accel: 0.189 0.664 -2.248
Gyro: 3.158 66.757 -25.604
Accel: 0.327 0.480 -2.066
Gyro: -66.970 -34.118 -29.937
Accel: 0.286 0.446 -1.883
Gyro: -133.316 -147.140 -36.788
Accel: 0.281 0.411 -1.575
Gyro: -177.474 -245.681 -40.115
Accel: 0.372 0.275 -1.142
Gyro: -211.303 -337.890 -47.088
Accel: 0.485 0.145 0.649
Gyro: -244.384 -433.349 -59.005
Accel: 0.579 0.054 0.023
Gyro: -270.111 -499.969 -76.492
Accel: 0.816 0.259 0.772
Gyro: -290.649 -499.969 -92.346
Accel: 1.175 0.624 1.739
Gyro: -291.305 -499.969 -95.581
Accel: 1.429 0.854 2.921
Gyro: -254.318 -499.969 -88.729
Accel: 1.705 -1.046 3.900
Gyro: -206.039 -472.671 -86.181
Accel: 1.824 -1.007 4.490
Gyro: -149.856 -347.198 -83.511
Accel: 1.753 0.835 4.633
Gyro: -113.739 -184.524 -77.255
Accel: 1.583 0.684 4.534
Gyro: -67.245 -13.442 -75.378
Accel: 1.528 0.520 4.499
Gyro: -29.495 135.223 -72.647
Accel: 1.274 0.487 3.694
Gyro: -21.438 246.536 -73.867
Accel: 1.108 0.497 3.238
Gyro: -14.938 329.956 -74.310
Accel: 0.938 0.543 3.043
Gyro: 11.657 364.425 -72.021
Accel: 0.626 0.447 2.792
Gyro: 44.937 374.176 -69.030
Accel: 0.522 0.552 2.427
Gyro: 90.942 362.106 -63.842
Accel: 0.316 0.470 1.973
Gyro: 144.958 335.906 -55.923
Accel: 0.277 0.439 1.564
Gyro: 196.578 303.482 -47.180
Accel: 0.222 0.412 1.141
Gyro: 241.424 275.115 -35.583
Accel: 0.216 0.379 0.719
Gyro: 274.093 256.362 -31.158
Accel: 0.218 0.312 0.328
Gyro: 293.380 241.256 -24.932
Accel: 0.187 0.229 0.009
Gyro: 302.307 228.942 -21.820
Accel: 0.259 0.152 0.497
Gyro: 299.987 210.266 -23.147
Accel: 0.297 0.054 0.882
Gyro: 274.444 182.800 -29.357
Accel: 0.366 0.0000 -1.311
Gyro: 244.857 157.669 -36.987
Accel: 0.390 0.096 -1.709
Gyro: 209.442 131.347 -40.222
Accel: 0.302 0.157 -2.104
Gyro: 176.574 85.433 -44.158
Accel: 0.302 0.174 -2.339
Gyro: 127.655 9.429 -58.670
Accel: 0.251 0.197 -2.506
Gyro: 61.096 -79.376 -81.878
Accel: 0.136 0.298 -2.501
Gyro: -12.542 -161.270 -86.349
Accel: 0.121 0.232 -2.334
Gyro: -84.640 -232.223 -84.396
Accel: 0.147 0.109 -1.968
Gyro: -152.328 -296.234 -73.348
Accel: 0.219 0.025 -1.570
Gyro: -203.643 -343.414 -54.672
Accel: 0.276 0.0100 -1.092
Gyro: -244.506 -385.452 -33.920
Accel: 0.407 0.213 0.542
Gyro: -281.448 -413.314 -15.151
Accel: 0.593 0.349 0.120
Gyro: -312.026 -435.287 -3.524
Accel: 0.790 0.473 0.926
Gyro: -329.345 -452.606 -1.525
Accel: 1.058 0.612 1.842
Gyro: -314.102 -445.556 -15.609
Accel: 1.481 0.815 2.765
Gyro: -266.555 -414.199 -37.750
Accel: 1.701 0.844 3.516
Gyro: -201.156 -357.971 -66.040
Accel: 1.604 0.740 3.836
Gyro: -138.092 -255.599 -80.474
Accel: 1.404 0.638 3.847
Gyro: -98.663 -156.890 -82.290
Accel: 1.165 0.546 3.671
Gyro: -88.485 -57.830 -70.755
Accel: 0.881 0.523 3.325
Gyro: -88.668 18.051 -54.443
Accel: 0.959 0.468 3.170
Gyro: -87.951 93.963 -41.854
Accel: 0.840 0.401 3.096
Gyro: -69.244 158.538 -37.445
Accel: 0.633 0.302 2.795
Gyro: -39.596 198.974 -38.360
Accel: 0.557 0.276 2.576
Gyro: -10.726 213.211 -41.671
Accel: 0.449 0.281 2.362
Gyro: 18.569 204.879 -46.936
Accel: 0.283 0.238 2.162
Gyro: 53.405 179.702 -48.919
Accel: 0.180 0.217 1.975
Gyro: 95.642 158.859 -46.813
Accel: 0.109 0.128 1.767
Gyro: 139.541 134.689 -41.839
Accel: 0.104 0.151 1.544
Gyro: 173.416 113.754 -35.675
Accel: 0.079 0.109 1.261
Gyro: 205.459 96.420 -30.487
Accel: 0.078 0.080 1.062
Gyro: 230.957 84.823 -28.076
Accel: 0.111 0.054 0.885
Gyro: 245.742 80.230 -26.870
Accel: 0.195 0.035 0.732
Gyro: 248.901 84.472 -27.664
Accel: 0.281 0.0000 0.549
Gyro: 242.355 96.130 -30.303
Accel: 0.310 0.077 0.336
Gyro: 243.041 109.634 -34.210
Accel: 0.316 0.156 0.007
Gyro: 239.883 119.857 -40.206
Accel: 0.273 0.301 0.223
Gyro: 233.032 117.492 -48.858
Accel: 0.203 0.355 0.511
Gyro: 212.692 93.597 -58.288
Accel: 0.064 0.458 0.767
Gyro: 174.057 53.146 -66.223
Accel: 0.117 0.479 0.947
Gyro: 124.908 11.322 -70.175
Accel: 0.132 0.480 -1.028
Gyro: 71.929 -25.299 -69.320
Accel: 0.138 0.482 -1.076
Gyro: 20.812 -53.649 -64.163
Accel: 0.092 0.511 -1.149
Gyro: -30.929 -80.825 -58.395
Accel: 0.142 0.377 -1.249
Gyro: -75.057 -114.883 -56.152
Accel: 0.195 0.355 -1.158
Gyro: -121.459 -149.414 -55.618
Accel: 0.250 0.270 -1.070
Gyro: -167.770 -184.417 -53.436
Accel: 0.421 0.094 0.865
Gyro: -202.255 -216.262 -50.704
Accel: 0.539 0.128 0.535
Gyro: -245.132 -248.077 -46.096
Accel: 0.672 0.324 0.104
Gyro: -283.172 -279.388 -42.510
Accel: 0.770 0.531 0.460
Gyro: -309.051 -308.853 -45.288
Accel: 0.923 0.767 1.139
Gyro: -314.178 -331.558 -55.816
Accel: 1.134 0.975 1.907
Gyro: -290.771 -330.627 -65.017
Accel: 1.322 -1.128 2.652
Gyro: -244.354 -302.566 -69.992
Accel: 1.347 -1.069 3.089
Gyro: -186.203 -247.390 -72.692
Accel: 1.135 0.921 3.333
Gyro: -115.310 -177.795 -64.575
Accel: 1.079 0.871 3.509
Gyro: -49.316 -100.448 -51.818
Accel: 0.939 0.722 3.301
Gyro: -2.136 -19.210 -35.430
Accel: 0.952 0.620 2.856
Gyro: 35.156 42.861 -18.737
Accel: 0.943 0.520 2.497
Gyro: 61.462 83.267 -4.333
Accel: 0.838 0.332 2.154
Gyro: 81.130 106.033 -2.166
Accel: 0.810 0.186 1.963
Gyro: 99.014 117.889 -7.797
Accel: 0.747 0.046 1.721
Gyro: 119.369 119.537 -13.275
Accel: 0.700 0.085 1.438
Gyro: 134.017 114.883 -28.274
Accel: 0.676 0.192 1.284
Gyro: 150.497 106.277 -45.593
Accel: 0.647 0.263 1.088
Gyro: 163.009 97.122 -65.567
Accel: 0.585 0.339 0.904
Gyro: 171.264 91.186 -86.532
Accel: 0.529 0.365 0.731
Gyro: 174.636 89.691 -102.981
Accel: 0.499 0.355 0.553
Gyro: 173.782 94.512 -120.971
Accel: 0.456 0.356 0.318
Gyro: 168.029 101.867 -126.266
Accel: 0.401 0.359 0.132
Gyro: 159.164 108.932 -132.202
Accel: 0.356 0.361 0.045
Gyro: 141.448 111.770 -137.313
Accel: 0.304 0.436 0.163
Gyro: 123.138 112.609 -142.288
Accel: 0.230 0.396 0.331
Gyro: 95.870 107.727 -146.972
Accel: 0.137 0.428 0.410
Gyro: 62.026 100.418 -148.880
Accel: 0.096 0.400 0.431
Gyro: 18.966 93.551 -144.699
Accel: 0.110 0.348 0.394
Gyro: -24.139 86.471 -129.913
Accel: 0.177 0.281 0.338
Gyro: -56.961 85.449 -109.954
Accel: 0.244 0.245 0.262
Gyro: -89.004 59.387 -89.385
Accel: 0.362 0.237 0.167
Gyro: -123.443 2.670 -56.564
Accel: 0.383 0.251 0.094
Gyro: -150.756 -65.780 -34.744
Accel: 0.349 0.324 0.060
Gyro: -165.390 -125.320 -19.592
Accel: 0.317 0.489 0.019
Gyro: -177.642 -191.070 -20.202
Accel: 0.375 0.508 0.194
Gyro: -183.441 -266.204 -39.718
Accel: 0.591 0.521 0.458
Gyro: -174.972 -353.607 -71.853
Accel: 0.856 0.488 0.770
Gyro: -155.471 -446.441 -111.190
Accel: 1.125 0.346 1.197
Gyro: -137.588 -499.969 -154.769
Accel: 1.541 0.065 1.868
Gyro: -121.307 -499.969 -191.421
Accel: 1.929 0.168 2.515
Gyro: -84.640 -499.969 -228.958
Accel: 2.199 0.291 3.177
Gyro: -27.023 -499.969 -248.703
Accel: 2.434 0.341 3.445
Gyro: 11.947 -499.969 -256.210
Accel: 2.262 0.133 3.500
Gyro: 17.135 -410.858 -242.050
Accel: 2.0100 0.015 3.402
Gyro: 10.559 -233.566 -214.370
Accel: 1.958 0.082 3.482
Gyro: -18.890 -50.964 -198.837
Accel: 1.841 0.013 3.277
Gyro: -63.796 95.855 -197.570
Accel: 1.676 0.027 2.738
Gyro: -109.451 218.307 -203.704
Accel: 1.500 0.133 2.415
Gyro: -134.536 308.807 -218.673
Accel: 1.225 0.206 2.135
Gyro: -132.949 366.394 -226.715
Accel: 0.923 0.312 1.885
Gyro: -106.277 394.592 -235.427
Accel: 0.647 0.421 1.710
Gyro: -65.643 403.518 -235.397
Accel: 0.414 0.492 1.560
Gyro: -19.409 394.226 -224.166
Accel: 0.222 0.520 1.338
Gyro: 22.079 372.238 -203.628
Accel: 0.142 0.540 1.177
Gyro: 48.889 338.394 -178.176
Accel: 0.135 0.553 1.094
Gyro: 72.738 295.989 -156.173
Accel: 0.053 0.525 1.045
Gyro: 99.395 252.944 -145.401
Accel: 0.098 0.454 1.004
Gyro: 133.331 213.653 -148.422
Accel: 0.232 0.372 0.956
Gyro: 169.448 183.074 -148.666
Accel: 0.301 0.339 0.862
Gyro: 201.873 148.681 -150.955
Accel: 0.324 0.338 0.693
Gyro: 222.747 127.700 -148.422
Accel: 0.323 0.310 0.648
Gyro: 239.288 109.634 -140.930
Accel: 0.308 0.272 0.562
Gyro: 248.672 97.137 -130.126
Accel: 0.285 0.247 0.492
Gyro: 253.326 93.551 -119.598
Accel: 0.238 0.243 0.402
Gyro: 256.072 99.685 -110.748
Accel: 0.199 0.190 0.312
Gyro: 258.178 112.014 -102.600
Accel: 0.151 0.165 0.175
Gyro: 259.857 128.616 -94.894
Accel: 0.059 0.146 0.0000
Gyro: 264.129 148.345 -87.371
Accel: 0.031 0.042 0.253
Gyro: 270.401 152.572 -71.563
Accel: 0.222 0.152 0.623
Gyro: 278.182 139.450 -60.012
Accel: 0.258 0.328 -1.071
Gyro: 287.490 104.476 -46.432
Accel: 0.307 0.463 -1.448
Gyro: 282.516 46.371 -47.058
Accel: 0.325 0.582 -1.843
Gyro: 258.972 -35.446 -66.162
Accel: 0.240 0.515 -2.270
Gyro: 218.582 -126.525 -84.014
Accel: 0.290 0.650 -2.084
Gyro: 155.303 -213.653 -86.685
Accel: 0.319 0.607 -2.080
Gyro: 81.192 -283.950 -82.595
Accel: 0.252 0.516 -1.878
Gyro: 12.237 -335.113 -77.484
Accel: 0.182 0.390 -1.600
Gyro: -49.118 -371.398 -74.478
Accel: 0.127 0.299 -1.278
Gyro: -103.729 -401.702 -73.760
Accel: 0.074 0.183 0.938
Gyro: -163.543 -410.247 -71.456
Accel: 0.015 0.056 0.626
Gyro: -218.826 -412.948 -66.711
Accel: 0.067 0.293 0.163
Gyro: -274.826 -411.788 -57.723
Accel: 0.209 0.472 0.385
Gyro: -328.842 -403.823 -43.930
Accel: 0.395 0.681 0.964
Gyro: -362.518 -383.117 -26.992
Accel: 0.505 0.808 1.488
Gyro: -356.857 -333.282 -14.663
Accel: 0.512 0.771 1.873
Gyro: -312.179 -253.829 -5.004
Accel: 0.420 0.676 2.0000
Gyro: -267.776 -180.526 0.579
Accel: 0.255 0.458 2.059
Gyro: -235.488 -127.136 5.081
Accel: 0.251 0.498 1.936
Gyro: -204.055 -79.559 12.481
Accel: 0.273 0.496 1.870
Gyro: -190.750 -39.871 15.655
Accel: 0.165 0.382 2.008
Gyro: -181.518 -13.748 17.761
Accel: 0.124 0.342 1.916
Gyro: -171.020 4.028 17.257
Accel: 0.047 0.265 1.854
Gyro: -154.006 16.815 16.387
Accel: 0.014 0.188 1.786
Gyro: -129.928 27.511 15.472
Accel: 0.047 0.137 1.739
Gyro: -100.341 35.720 13.412
Accel: 0.112 0.057 1.654
Gyro: -70.343 44.036 10.513
Accel: 0.171 0.006 1.575
Gyro: -39.657 51.239 7.156
Accel: 0.224 0.124 1.540
Gyro: -11.856 56.579 5.508
Accel: 0.241 0.066 1.473
Gyro: 11.306 58.731 4.470
Accel: 0.270 0.065 1.411
Gyro: 28.167 61.187 4.379
Accel: 0.290 0.053 1.370
Gyro: 47.225 62.011 7.125
Accel: 0.284 0.031 1.343
Gyro: 64.514 62.393 11.779
Accel: 0.329 0.045 1.308
Gyro: 80.657 64.544 17.578
Accel: 0.348 0.041 1.270
Gyro: 94.757 65.765 25.329
Accel: 0.328 0.032 1.228
Gyro: 104.034 70.114 33.981
Accel: 0.339 0.120 1.187
Gyro: 108.032 68.252 44.845
Accel: 0.346 0.101 1.161
Gyro: 107.452 70.739 58.624
Accel: 0.327 0.129 1.124
Gyro: 102.813 75.988 74.356
Accel: 0.328 0.199 1.095
Gyro: 95.779 83.480 90.774
Accel: 0.293 0.252 1.043
Gyro: 87.097 91.461 105.773
Accel: 0.258 0.302 0.995
Gyro: 76.354 97.473 120.437
Accel: 0.209 0.359 0.949
Gyro: 64.178 100.570 125.732
Accel: 0.167 0.433 0.906
Gyro: 51.879 100.891 130.783
Accel: 0.164 0.509 0.866
Gyro: 41.687 98.693 130.584
Accel: 0.162 0.588 0.837
Gyro: 33.142 89.904 126.403
Accel: 0.147 0.658 0.815
Gyro: 26.702 85.891 119.308
Accel: 0.138 0.713 0.792
Gyro: 22.552 76.110 109.786
Accel: 0.129 0.766 0.767
Gyro: 20.187 65.933 99.166
Accel: 0.124 0.807 0.741
Gyro: 18.600 56.030 89.401
Accel: 0.113 0.830 0.722
Gyro: 16.967 46.585 74.645
Accel: 0.106 0.845 0.707
Gyro: 14.251 38.803 69.366
Accel: 0.091 0.856 0.698
Gyro: 11.169 27.542 62.225
Accel: 0.077 0.863 0.698
Gyro: 7.034 25.878 56.320
Accel: 0.065 0.868 0.707
Gyro: 2.807 22.171 50.994
Accel: 0.050 0.868 0.721
Gyro: 0.534 20.828 45.425
Accel: 0.023 0.859 0.736
Gyro: -3.219 22.827 39.062
Accel: 0.0010 0.847 0.752
Gyro: -6.301 26.351 28.076
Accel: 0.003 0.827 0.755
Gyro: -10.360 30.380 19.622
Accel: 0.0001 0.797 0.763
Gyro: -14.923 34.271 11.810
Accel: 0.008 0.776 0.779
Gyro: -23.101 37.658 8.850
Accel: 0.030 0.753 0.788
Gyro: -22.827 41.778 3.814
Accel: 0.047 0.725 0.795
Gyro: -25.238 45.410 0.732
Accel: 0.049 0.691 0.814
Gyro: -26.687 47.103 -1.373
Accel: 0.053 0.659 0.835
Gyro: -26.397 47.454 -4.119
Accel: 0.079 0.640 0.856
Gyro: -23.376 48.156 -6.286
Accel: 0.092 0.612 0.867
Gyro: -17.959 48.248 -7.553
Accel: 0.105 0.583 0.866
Gyro: -11.734 43.136 -7.965
Accel: 0.117 0.566 0.857
Gyro: -6.713 44.281 -8.682
Accel: 0.140 0.562 0.838
Gyro: -2.273 41.931 -9.826
Accel: 0.170 0.564 0.825
Gyro: 0.625 40.405 -10.284
Accel: 0.184 0.552 0.804
Gyro: 1.815 38.558 -10.223
Accel: 0.193 0.540 0.790
Gyro: 1.342 36.743 -9.674
Accel: 0.190 0.528 0.791
Gyro: -1.007 33.218 -9.078
Accel: 0.179 0.521 0.803
Gyro: -3.570 30.014 -9.674
Accel: 0.193 0.531 0.812
Gyro: -4.394 29.098 -12.0100
Accel: 0.207 0.528 0.815
Gyro: -4.043 30.456 -14.694
Accel: 0.205 0.514 0.804
Gyro: -4.165 32.333 -16.799
Accel: 0.197 0.494 0.795
Gyro: -6.866 32.852 -18.676
Accel: 0.201 0.484 0.795
Gyro: -11.093 32.974 -20.416
Accel: 0.224 0.485 0.795
Gyro: -14.144 34.500 -21.499
Accel: 0.242 0.480 0.792
Gyro: -16.204 37.643 -21.423
Accel: 0.248 0.467 0.784
Gyro: -18.432 40.557 -20.446
Accel: 0.258 0.460 0.777
Gyro: -21.591 41.824 -19.027
Accel: 0.273 0.458 0.772
Gyro: -24.551 42.327 -17.669
Accel: 0.272 0.443 0.774
Gyro: -31.250 41.702 -17.211
Accel: 0.277 0.436 0.774
Gyro: -28.976 41.122 -17.761
Accel: 0.301 0.436 0.776
Gyro: -28.839 41.305 -18.356
Accel: 0.319 0.429 0.780
Gyro: -28.198 40.344 -18.508
Accel: 0.340 0.427 0.780
Gyro: -27.450 38.192 -18.051
Accel: 0.355 0.418 0.781
Gyro: -26.123 34.988 -16.708
Accel: 0.358 0.409 0.784
Gyro: -24.383 31.234 -15.243
Accel: 0.361 0.407 0.792
Gyro: -22.384 26.565 -14.205
Accel: 0.362 0.408 0.801
Gyro: -15.640 19.531 -14.083
Accel: 0.364 0.407 0.808
Gyro: -16.525 21.377 -14.709
Accel: 0.361 0.403 0.815
Gyro: -13.885 19.851 -16.052
Accel: 0.363 0.398 0.823
Gyro: -11.413 19.210 -18.051
Accel: 0.437 0.399 0.828
Gyro: -9.140 20.080 -19.821
Accel: 0.396 0.405 0.834
Gyro: -7.888 23.178 -20.721
Accel: 0.416 0.401 0.833
Gyro: -8.255 27.587 -20.339
Accel: 0.428 0.393 0.825
Gyro: -9.689 32.943 -18.310
Accel: 0.435 0.388 0.819
Gyro: -15.563 42.495 -14.862
Accel: 0.446 0.393 0.807
Gyro: -13.916 44.052 -10.986
Accel: 0.465 0.405 0.799
Gyro: -15.640 48.782 -7.751
Accel: 0.473 0.410 0.791
Gyro: -16.830 51.773 -5.828
Accel: 0.480 0.414 0.783
Gyro: -18.173 52.719 -4.943
Accel: 0.489 0.420 0.782
Gyro: -19.042 52.154 -4.608
Accel: 0.497 0.418 0.783
Gyro: -18.981 51.651 -4.714
Accel: 0.508 0.417 0.785
Gyro: -17.944 51.605 -4.959
Accel: 0.531 0.412 0.786
Gyro: -17.013 51.879 -4.882
Accel: 0.545 0.400 0.784
Gyro: -16.235 52.093 -3.875
Accel: 0.550 0.380 0.775
Gyro: -15.884 52.261 -1.174
Accel: 0.556 0.380 0.774
Gyro: -15.518 52.246 2.044
Accel: 0.562 0.383 0.771
Gyro: -14.602 51.925 5.004
Accel: 0.576 0.393 0.768
Gyro: -12.588 51.162 6.591
Accel: 0.585 0.396 0.759
Gyro: -10.223 49.438 7.812
Accel: 0.585 0.399 0.742
Gyro: -7.446 46.508 8.773
Accel: 0.602 0.398 0.740
Gyro: -5.371 42.449 10.070
Accel: 0.592 0.393 0.734
Gyro: -3.555 38.055 11.459
Accel: 0.592 0.398 0.733
Gyro: -1.968 34.667 12.527
Accel: 0.596 0.399 0.729
Gyro: 0.549 31.768 13.275
Accel: 0.592 0.394 0.727
Gyro: 0.289 28.732 13.854
Accel: 0.587 0.392 0.723
Gyro: 1.159 25.711 14.297
Accel: 0.588 0.393 0.718
Gyro: 2.166 19.592 14.694
