Accel: 0.038 0.366 0.998
Gyro: -3.524 0.503 5.401
Accel: 0.036 0.361 1.006
Gyro: -2.792 -1.174 5.310
Accel: 0.039 0.371 1.014
Gyro: 0.839 -1.480 5.081
Accel: 0.033 0.313 1.016
Gyro: 2.090 -1.510 4.653
Accel: 0.025 0.373 1.008
Gyro: 4.470 -1.266 3.585
Accel: 0.015 0.374 0.994
Gyro: 5.859 0.869 2.075
Accel: 0.012 0.379 0.974
Gyro: 6.164 0.366 0.457
Accel: 0.018 0.386 0.954
Gyro: 5.294 0.778 0.579
Accel: 0.024 0.393 0.941
Gyro: 2.273 2.563 -1.190
Accel: 0.024 0.399 0.999
Gyro: -2.456 4.302 -1.464
Accel: 0.022 0.389 0.944
Gyro: -7.843 4.592 -1.815
Accel: 0.022 0.372 0.963
Gyro: -13.473 3.616 -2.487
Accel: 0.020 0.352 0.991
Gyro: -17.410 2.624 -2.899
Accel: 0.026 0.330 1.019
Gyro: -18.432 1.632 -3.326
Accel: 0.024 0.312 1.035
Gyro: -16.204 0.823 -3.799
Accel: 0.021 0.303 1.040
Gyro: -11.474 0.534 -4.074
Accel: 0.013 0.301 1.032
Gyro: -5.630 0.595 -4.043
Accel: 0.007 0.304 1.013
Gyro: 0.259 1.083 0.045
Accel: 0.008 0.311 0.983
Gyro: 5.401 1.892 -3.616
Accel: 0.009 0.324 0.944
Gyro: 10.040 2.502 -3.204
Accel: 0.006 0.337 0.904
Gyro: 13.259 3.433 -2.807
Accel: 0.006 0.353 0.865
Gyro: 14.312 3.921 -2.380
Accel: 0.0010 0.365 0.837
Gyro: 13.854 3.860 -2.136
Accel: 0.013 0.373 0.817
Gyro: 11.718 3.601 -1.724
Accel: 0.018 0.374 0.808
Gyro: 8.193 3.250 -1.296
Accel: 0.020 0.372 0.810
Gyro: 4.943 2.288 -1.037
Accel: 0.022 0.364 0.817
Gyro: 1.541 0.625 0.793
Accel: 0.030 0.354 0.833
Gyro: -1.464 -1.419 0.778
Accel: 0.031 0.338 0.849
Gyro: -3.860 -3.387 0.595
Accel: 0.032 0.329 0.873
Gyro: -6.011 -5.630 0.198
Accel: 0.033 0.318 0.898
Gyro: -8.239 -8.148 0.030
Accel: 0.039 0.302 0.921
Gyro: -9.857 -9.994 0.518
Accel: 0.037 0.288 0.942
Gyro: -10.528 -11.108 1.266
Accel: 0.029 0.285 0.960
Gyro: -9.872 -10.864 1.525
Accel: 0.030 0.280 0.976
Gyro: -8.468 -9.384 2.059
Accel: 0.033 0.282 0.985
Gyro: -6.240 -7.064 2.716
Accel: 0.037 0.288 0.984
Gyro: -3.372 -4.272 3.570
Accel: 0.041 0.300 0.978
Gyro: 0.549 -1.754 4.379
Accel: 0.039 0.313 0.964
Gyro: 1.098 0.411 4.867
Accel: 0.037 0.322 0.950
Gyro: 1.586 0.427 4.699
Accel: 0.038 0.333 0.938
Gyro: 1.312 -1.403 4.211
Accel: 0.034 0.344 0.930
Gyro: 0.396 -2.563 3.509
Accel: 0.037 0.354 0.926
Gyro: -1.296 -3.738 2.746
Accel: 0.036 0.357 0.928
Gyro: -3.204 -4.516 2.182
Accel: 0.033 0.364 0.936
Gyro: -4.943 -4.653 1.968
Accel: 0.029 0.366 0.943
Gyro: -6.240 -4.562 1.785
Accel: 0.027 0.368 0.950
Gyro: -7.064 -4.425 1.571
Accel: 0.027 0.359 0.964
Gyro: -7.827 -4.226 1.510
Accel: 0.027 0.358 0.976
Gyro: -8.529 -4.196 1.281
Accel: 0.024 0.355 0.989
Gyro: -8.880 -3.631 0.900
Accel: 0.023 0.351 1.004
Gyro: -9.277 -3.173 0.503
Accel: 0.026 0.340 1.021
Gyro: -9.765 -2.639 0.091
Accel: 0.031 0.334 1.041
Gyro: -9.674 -1.724 0.503
Accel: 0.031 0.335 1.059
Gyro: -8.743 0.137 0.671
Accel: 0.038 0.329 1.068
Gyro: -6.729 1.892 0.823
Accel: 0.046 0.322 1.078
Gyro: -4.577 4.379 0.686
Accel: 0.056 0.319 1.080
Gyro: -1.907 6.729 0.732
Accel: 0.065 0.319 1.079
Gyro: 0.915 8.621 0.473
Accel: 0.068 0.324 1.073
Gyro: 4.364 10.040 0.045
Accel: 0.067 0.335 1.055
Gyro: 7.888 10.910 0.488
Accel: 0.066 0.343 1.038
Gyro: 10.330 11.352 0.686
Accel: 0.071 0.352 1.017
Gyro: 11.795 11.352 1.174
Accel: 0.076 0.361 1.002
Gyro: 12.222 11.428 1.876
Accel: 0.070 0.361 0.985
Gyro: 12.176 10.879 2.670
Accel: 0.060 0.363 0.971
Gyro: 11.505 9.445 2.960
Accel: 0.049 0.361 0.961
Gyro: 10.147 7.904 3.067
Accel: 0.044 0.356 0.952
Gyro: 8.453 6.317 3.280
Accel: 0.038 0.350 0.956
Gyro: 7.263 4.821 3.005
Accel: 0.032 0.342 0.958
Gyro: 7.003 3.402 3.112
Accel: 0.029 0.334 0.957
Gyro: 7.705 2.212 3.265
Accel: 0.026 0.331 0.952
Gyro: 8.758 0.915 3.540
Accel: 0.022 0.329 0.946
Gyro: 9.307 0.045 3.738
Accel: 0.016 0.331 0.935
Gyro: 9.552 0.808 3.875
Accel: 0.015 0.331 0.928
Gyro: 9.628 -1.281 4.135
Accel: 0.016 0.336 0.920
Gyro: 9.750 -1.602 4.394
Accel: 0.011 0.341 0.908
Gyro: 9.979 -2.044 4.669
Accel: 0.007 0.337 0.899
Gyro: 9.826 -2.792 4.669
Accel: 0.0000 0.345 0.895
Gyro: 8.895 -3.387 4.379
Accel: 0.0000 0.353 0.892
Gyro: 7.720 -3.768 4.119
Accel: 0.006 0.363 0.896
Gyro: 6.530 -3.082 4.226
Accel: 0.017 0.368 0.904
Gyro: 5.630 -2.288 5.142
Accel: 0.028 0.363 0.908
Gyro: 4.776 -1.510 6.149
Accel: 0.037 0.361 0.920
Gyro: 4.364 -1.571 7.308
Accel: 0.042 0.366 0.932
Gyro: 5.157 -2.655 8.255
Accel: 0.043 0.370 0.937
Gyro: 7.110 -4.425 8.972
Accel: 0.036 0.437 0.939
Gyro: 9.384 -6.851 9.597
Accel: 0.031 0.377 0.938
Gyro: 11.459 -9.872 9.918
Accel: 0.020 0.385 0.936
Gyro: 13.168 -12.863 10.101
Accel: 0.004 0.391 0.936
Gyro: 14.373 -15.747 9.811
Accel: 0.007 0.396 0.938
Gyro: 15.197 -17.532 9.414
Accel: 0.011 0.413 0.944
Gyro: 15.884 -17.990 9.399
Accel: 0.019 0.418 0.948
Gyro: 16.754 -17.105 9.857
Accel: 0.028 0.426 0.946
Gyro: 17.562 -15.014 10.482
Accel: 0.033 0.428 0.950
Gyro: 17.547 -12.557 11.611
Accel: 0.034 0.424 0.955
Gyro: 17.044 -9.521 12.969
Accel: 0.038 0.422 0.958
Gyro: 16.311 -6.332 14.587
Accel: 0.041 0.418 0.964
Gyro: 16.143 -3.952 15.869
Accel: 0.043 0.420 0.971
Gyro: 17.059 -2.487 17.028
Accel: 0.051 0.421 0.971
Gyro: 18.783 0.976 17.761
Accel: 0.053 0.426 0.967
Gyro: 20.797 0.0000 18.310
Accel: 0.062 0.430 0.955
Gyro: 22.094 1.647 18.707
Accel: 0.068 0.434 0.939
Gyro: 22.827 3.585 18.890
Accel: 0.078 0.434 0.923
Gyro: 22.048 6.301 18.722
Accel: 0.079 0.433 0.911
Gyro: 19.348 8.895 18.341
Accel: 0.070 0.435 0.896
Gyro: 14.739 11.199 17.852
Accel: 0.056 0.429 0.892
Gyro: 7.980 14.083 17.456
Accel: 0.049 0.420 0.895
Gyro: 0.152 18.493 17.410
Accel: 0.045 0.406 0.910
Gyro: -7.629 22.460 17.486
Accel: 0.042 0.387 0.928
Gyro: -12.329 26.641 17.898
Accel: 0.038 0.361 0.944
Gyro: -13.519 30.563 18.722
Accel: 0.039 0.348 0.944
Gyro: -10.986 34.759 19.744
Accel: 0.041 0.345 0.927
Gyro: -6.561 38.894 20.996
Accel: 0.057 0.350 0.901
Gyro: -2.365 43.273 22.018
Accel: 0.068 0.354 0.859
Gyro: 0.869 47.546 22.415
Accel: 0.079 0.354 0.816
Gyro: 3.097 51.162 22.399
Accel: 0.073 0.356 0.783
Gyro: 4.165 53.619 21.743
Accel: 0.060 0.353 0.742
Gyro: 3.463 57.495 20.065
Accel: 0.040 0.350 0.718
Gyro: -2.746 63.049 17.654
Accel: 0.016 0.351 0.716
Gyro: -18.737 67.932 14.602
Accel: 0.019 0.353 0.739
Gyro: -29.403 70.892 11.795
Accel: 0.056 0.357 0.769
Gyro: -43.212 71.456 9.750
Accel: 0.088 0.352 0.796
Gyro: -54.473 69.839 7.507
Accel: 0.117 0.320 0.820
Gyro: -62.728 67.031 0.259
Accel: 0.141 0.297 0.839
Gyro: -63.110 63.491 1.876
Accel: 0.176 0.278 0.850
Gyro: -58.425 60.363 0.137
Accel: 0.207 0.272 0.844
Gyro: -47.393 56.747 -2.502
Accel: 0.238 0.230 0.825
Gyro: -44.143 50.704 -6.591
Accel: 0.257 0.219 0.794
Gyro: -37.322 40.817 -12.084
Accel: 0.272 0.234 0.765
Gyro: -32.745 29.647 -19.302
Accel: 0.281 0.258 0.748
Gyro: -35.018 24.108 -26.046
Accel: 0.321 0.271 0.736
Gyro: -44.311 27.343 -30.853
Accel: 0.222 0.324 0.786
Gyro: -10.086 4.196 76.919
Accel: 0.226 0.349 0.793
Gyro: -12.680 2.700 80.017
Accel: 0.230 0.363 0.780
Gyro: -15.365 -1.419 83.114
Accel: 0.239 0.368 0.790
Gyro: -17.181 -4.989 86.563
Accel: 0.216 0.411 0.778
Gyro: -17.669 -8.483 89.523
Accel: 0.191 0.355 0.806
Gyro: -17.211 -8.773 90.988
Accel: 0.134 0.339 0.798
Gyro: -14.862 -6.393 91.033
Accel: 0.096 0.342 0.802
Gyro: -11.199 -2.426 90.789
Accel: 0.086 0.352 0.795
Gyro: -7.263 1.190 91.079
Accel: 0.084 0.359 0.807
Gyro: -4.348 3.295 91.537
Accel: 0.072 0.371 0.833
Gyro: -2.517 2.609 91.247
Accel: 0.003 0.379 0.850
Gyro: -2.792 1.144 89.797
Accel: 0.054 0.386 0.867
Gyro: -4.913 -1.586 87.860
Accel: 0.041 0.396 0.886
Gyro: -9.323 -4.272 86.212
Accel: 0.027 0.402 0.908
Gyro: -15.930 -5.416 84.976
Accel: 0.005 0.402 0.922
Gyro: -23.147 -5.126 84.060
Accel: 0.025 0.405 0.946
Gyro: -29.815 -4.547 83.068
Accel: 0.062 0.409 0.961
Gyro: -34.317 -4.165 81.405
Accel: 0.080 0.412 0.981
Gyro: -37.841 -3.387 78.292
Accel: 0.083 0.415 0.994
Gyro: -40.695 -3.524 73.486
Accel: 0.092 0.413 1.005
Gyro: -42.709 -5.615 68.420
Accel: 0.089 0.417 1.013
Gyro: -43.289 -9.078 63.827
Accel: 0.087 0.425 1.040
Gyro: -41.168 -13.381 60.821
Accel: 0.102 0.431 1.039
Gyro: -35.659 -16.036 58.334
Accel: 0.104 0.429 1.020
Gyro: -27.557 -14.648 56.442
Accel: 0.123 0.446 0.991
Gyro: -18.829 -11.917 54.656
Accel: 0.185 0.489 0.987
Gyro: -4.623 -12.252 52.337
Accel: 0.207 0.532 1.014
Gyro: 2.151 -15.289 48.751
Accel: 0.204 0.583 1.023
Gyro: 12.420 -20.217 44.113
Accel: 0.176 0.599 1.025
Gyro: 23.452 -23.742 41.458
Accel: 0.150 0.614 1.015
Gyro: 35.308 -28.198 41.213
Accel: 0.150 0.623 1.046
Gyro: 48.187 -33.691 42.266
Accel: 0.244 0.730 1.070
Gyro: 60.684 -42.358 37.979
Accel: 0.253 0.807 1.064
Gyro: 72.708 -45.730 30.456
Accel: 0.248 0.879 1.050
Gyro: 82.962 -57.769 22.003
Accel: 0.234 0.926 1.085
Gyro: 97.137 -69.686 10.513
Accel: 0.312 0.948 1.136
Gyro: 102.111 -79.025 -3.387
Accel: 0.305 0.970 1.228
Gyro: 106.643 -85.266 -15.594
Accel: 0.351 1.013 1.289
Gyro: 108.551 -83.740 -26.397
Accel: 0.402 0.997 1.324
Gyro: 109.329 -75.134 -38.406
Accel: 0.424 0.969 1.316
Gyro: 107.833 -57.983 -41.580
Accel: 0.433 0.936 1.294
Gyro: 104.049 -38.360 -50.765
Accel: 0.426 0.894 1.268
Gyro: 98.510 -12.832 -54.595
Accel: 0.398 0.858 1.224
Gyro: 91.293 4.089 -53.497
Accel: 0.312 0.823 1.168
Gyro: 84.075 24.597 -55.389
Accel: 0.364 0.790 1.119
Gyro: 77.758 41.213 -56.900
Accel: 0.348 0.764 1.079
Gyro: 74.249 53.909 -58.303
Accel: 0.251 0.744 1.048
Gyro: 74.813 63.079 -59.844
Accel: 0.268 0.712 1.003
Gyro: 79.315 70.678 -61.584
Accel: 0.217 0.675 0.944
Gyro: 85.494 76.004 -64.361
Accel: 0.152 0.641 0.885
Gyro: 91.140 78.628 -67.596
Accel: 0.094 0.613 0.809
Gyro: 94.223 77.941 -70.159
Accel: 0.039 0.585 0.739
Gyro: 94.818 73.501 -71.609
Accel: 0.007 0.555 0.681
Gyro: 93.704 66.284 -72.113
Accel: 0.072 0.525 0.628
Gyro: 92.300 57.464 -71.868
Accel: 0.130 0.493 0.590
Gyro: 90.606 48.385 -71.533
Accel: 0.207 0.450 0.558
Gyro: 89.370 38.589 -70.892
Accel: 0.280 0.397 0.526
Gyro: 88.867 29.861 -68.725
Accel: 0.321 0.336 0.479
Gyro: 89.172 22.476 -64.117
Accel: 0.382 0.281 0.421
Gyro: 88.989 11.962 -57.113
Accel: 0.455 0.237 0.371
Gyro: 82.305 7.354 -47.607
Accel: 0.539 0.200 0.333
Gyro: 80.932 -3.707 -35.995
Accel: 0.603 0.170 0.291
Gyro: 73.791 -14.694 -22.781
Accel: 0.691 0.151 0.249
Gyro: 64.529 -24.597 -8.178
Accel: 0.764 0.119 0.223
Gyro: 53.482 -35.202 10.391
Accel: 0.800 0.083 0.214
Gyro: 41.992 -44.891 24.581
Accel: 0.806 0.056 0.218
Gyro: 31.295 -55.740 48.812
Accel: 0.806 0.034 0.262
Gyro: 23.0010 -67.459 66.787
Accel: 0.791 0.020 0.318
Gyro: 16.555 -78.140 89.599
Accel: 0.773 0.012 0.364
Gyro: 13.610 -84.228 113.372
Accel: 0.730 0.016 0.403
Gyro: 12.863 -90.118 137.268
Accel: 0.625 0.031 0.423
Gyro: 13.961 -93.917 161.529
Accel: 0.663 0.064 0.442
Gyro: 18.157 -94.207 186.569
Accel: 0.596 0.103 0.476
Gyro: 23.864 -93.688 204.483
Accel: 0.500 0.134 0.496
Gyro: 31.173 -92.651 223.602
Accel: 0.406 0.171 0.513
Gyro: 42.449 -86.318 238.601
Accel: 0.343 0.229 0.521
Gyro: 46.997 -85.494 249.008
Accel: 0.272 0.299 0.515
Gyro: 58.517 -79.650 255.249
Accel: 0.175 0.375 0.512
Gyro: 60.684 -74.752 258.316
Accel: 0.056 0.464 0.504
Gyro: 64.712 -70.831 257.736
Accel: 0.031 0.559 0.492
Gyro: 66.833 -66.894 250.122
Accel: 0.111 0.641 0.486
Gyro: 68.511 -62.271 245.895
Accel: 0.182 0.701 0.489
Gyro: 70.663 -54.946 233.444
Accel: 0.220 0.732 0.486
Gyro: 73.471 -51.071 215.026
Accel: 0.254 0.725 0.466
Gyro: 77.026 -50.155 205.154
Accel: 0.273 0.693 0.448
Gyro: 80.795 -45.700 194.686
Accel: 0.299 0.638 0.430
Gyro: 84.457 -41.366 187.896
Accel: 0.395 0.587 0.420
Gyro: 85.861 -38.909 182.830
Accel: 0.518 0.577 0.426
Gyro: 84.472 -38.742 176.956
Accel: 0.602 0.588 0.437
Gyro: 82.443 -40.039 170.242
Accel: 0.651 0.576 0.424
Gyro: 80.612 -35.202 161.239
Accel: 0.662 0.553 0.403
Gyro: 79.833 -36.941 153.289
Accel: 0.656 0.525 0.378
Gyro: 80.734 -35.308 148.712
Accel: 0.635 0.440 0.370
Gyro: 83.236 -32.836 148.223
Accel: 0.745 0.378 0.334
Gyro: 85.342 -29.998 149.215
Accel: 0.829 0.396 0.342
Gyro: 83.679 -29.312 149.154
Accel: 0.947 0.378 0.344
Gyro: 76.965 -28.884 147.109
Accel: 0.954 0.397 0.348
Gyro: 67.062 -27.694 145.401
Accel: 0.938 0.376 0.349
Gyro: 56.915 -27.084 143.783
Accel: 0.918 0.317 0.341
Gyro: 50.613 -27.740 142.303
Accel: 0.883 0.191 0.323
Gyro: 49.758 -28.091 143.142
Accel: 0.858 0.197 0.297
Gyro: 58.319 -26.809 148.406
Accel: 0.838 0.160 0.247
Gyro: 61.691 -22.140 156.402
Accel: 0.845 0.141 0.219
Gyro: 68.664 -14.938 164.047
Accel: 0.895 0.172 0.207
Gyro: 73.181 -9.185 168.518
Accel: 0.917 0.195 0.188
Gyro: 73.333 -6.469 166.717
Accel: 0.935 0.193 0.165
Gyro: 69.366 -7.186 158.050
Accel: 0.933 0.166 0.068
Gyro: 62.515 -9.689 146.316
Accel: 0.894 0.141 0.093
Gyro: 55.755 -14.236 136.093
Accel: 0.836 0.109 0.056
Gyro: 48.248 -19.790 129.699
Accel: 0.797 0.046 0.046
Gyro: 41.168 -25.863 125.488
Accel: 0.850 0.053 0.045
Gyro: 33.096 -33.996 119.445
Accel: 0.926 0.124 0.125
Gyro: 29.724 -44.097 116.287
Accel: 0.999 0.157 0.152
Gyro: 28.411 -51.940 115.585
Accel: 1.053 0.199 0.177
Gyro: 30.151 -55.847 114.395
Accel: 1.048 0.183 0.173
Gyro: 32.974 -57.357 115.524
Accel: 1.046 0.166 0.174
Gyro: 36.560 -59.432 117.385
Accel: 1.059 0.157 0.154
Gyro: 42.190 -58.197 117.156
Accel: 1.054 0.156 0.140
Gyro: 47.927 -54.153 113.967
Accel: 1.056 0.187 0.138
Gyro: 51.376 -51.483 107.437
Accel: 1.061 0.229 0.123
Gyro: 51.757 -48.767 99.655
Accel: 1.040 0.255 0.118
Gyro: 50.094 -46.081 93.811
Accel: 1.016 0.278 0.117
Gyro: 48.324 -41.534 90.393
Accel: 0.991 0.283 0.123
Gyro: 47.851 -37.918 88.851
Accel: 0.958 0.276 0.132
Gyro: 49.118 -33.645 89.263
Accel: 0.888 0.294 0.062
Gyro: 51.391 -29.388 88.348
Accel: 0.842 0.322 0.128
Gyro: 52.093 -27.343 83.511
Accel: 0.790 0.363 0.128
Gyro: 51.528 -26.290 75.164
Accel: 0.732 0.391 0.130
Gyro: 50.933 -22.598 66.390
Accel: 0.663 0.405 0.127
Gyro: 50.048 -13.717 58.944
Accel: 0.410 -2.807 1.237
Gyro: 92.910 -183.105 9.689
Accel: 1.202 0.639 -1.788
Gyro: 35.781 -116.851 6.439
Accel: 1.056 0.372 0.366
Gyro: 30.105 -83.786 0.732
Accel: 0.995 0.082 0.086
Gyro: 39.031 -88.531 -1.022
Accel: 0.996 0.088 0.073
Gyro: 25.360 -92.834 0.411
Accel: 1.023 0.012 0.258
Gyro: 18.142 -85.235 -1.296
Accel: 0.917 0.176 0.120
Gyro: 13.015 -83.740 0.976
Accel: 0.893 0.068 0.032
Gyro: 15.045 -87.173 -1.159
Accel: 1.014 0.122 0.120
Gyro: 18.310 -86.624 -1.296
Accel: 1.0000 0.189 0.205
Gyro: 20.797 -80.291 -2.273
Accel: 0.939 0.201 0.361
Gyro: 21.942 -67.077 -2.548
Accel: 1.022 0.103 0.373
Gyro: 20.263 -61.508 -2.548
Accel: 1.019 0.040 0.284
Gyro: 17.333 -47.439 -2.349
Accel: 0.984 0.046 0.307
Gyro: 17.089 -42.556 -2.395
Accel: 1.038 0.047 0.310
Gyro: 17.013 -32.363 -2.578
Accel: 1.014 0.022 0.363
Gyro: 16.006 -23.651 -2.517
Accel: 0.967 0.011 0.332
Gyro: 13.671 -15.426 -2.365
Accel: 1.034 0.075 0.246
Gyro: 10.482 -7.904 -1.907
Accel: 1.018 0.068 0.264
Gyro: 5.462 -1.434 0.991
Accel: 0.971 0.053 0.248
Gyro: 3.295 4.135 0.549
Accel: 1.0010 0.048 0.147
Gyro: 0.640 8.621 0.061
Accel: 0.998 0.058 0.184
Gyro: 0.244 9.963 0.213
Accel: 0.994 0.005 0.195
Gyro: 0.366 11.886 0.366
Accel: 1.014 0.0000 0.177
Gyro: -1.770 15.151 0.320
Accel: 0.978 0.003 0.208
Gyro: -1.831 16.616 0.518
Accel: 1.009 0.040 0.151
Gyro: -2.548 20.477 0.518
Accel: 0.970 0.019 0.168
Gyro: -2.853 20.751 0.701
Accel: 1.009 0.040 0.140
Gyro: -2.716 24.185 0.610
Accel: 1.005 0.013 0.182
Gyro: -2.365 26.885 0.640
Accel: 1.0010 0.023 0.184
Gyro: -2.609 31.631 0.640
Accel: 1.006 0.019 0.200
Gyro: -2.487 36.666 0.671
Accel: 1.007 0.004 0.193
Gyro: -3.326 41.976 0.701
Accel: 0.996 0.003 0.178
Gyro: -3.570 46.600 0.732
Accel: 0.997 0.007 0.182
Gyro: -4.394 51.254 0.869
Accel: 1.013 0.028 0.198
Gyro: -5.798 57.510 1.159
Accel: 1.025 0.030 0.195
Gyro: -9.994 69.900 1.373
Accel: 1.017 0.023 0.181
Gyro: -16.235 74.783 1.144
Accel: 1.057 0.014 0.034
Gyro: -26.138 89.096 0.732
Accel: 1.144 0.041 0.134
Gyro: -36.621 124.008 -1.647
Accel: 1.245 0.090 0.368
Gyro: -48.324 181.716 -6.652
Accel: 1.440 0.118 0.241
Gyro: -64.636 252.502 -20.446
Accel: 1.224 0.107 0.692
Gyro: -88.943 317.596 -46.478
Accel: 1.309 0.124 0.684
Gyro: -113.677 375.778 -73.776
Accel: 1.287 0.182 0.749
Gyro: -140.457 419.754 -84.320
Accel: 1.295 0.142 0.672
Gyro: -156.402 451.522 -91.400
Accel: 1.265 0.097 0.616
Gyro: -170.104 478.393 -96.130
Accel: 1.214 0.062 0.613
Gyro: -177.047 495.117 -100.875
Accel: 1.065 0.047 0.609
Gyro: -176.239 499.786 -104.751
Accel: 1.025 0.059 0.607
Gyro: -166.900 494.567 -107.589
Accel: 0.946 0.055 0.617
Gyro: -149.703 480.865 -110.916
Accel: 0.909 0.028 0.628
Gyro: -127.029 464.096 -114.761
Accel: 0.851 0.0010 0.640
Gyro: -100.692 434.722 -117.889
Accel: 0.778 0.011 0.602
Gyro: -72.769 395.782 -119.400
Accel: 0.615 0.060 0.628
Gyro: -53.466 344.009 -121.917
Accel: 0.570 0.135 0.136
Gyro: -28.854 274.230 -130.691
Accel: 0.583 0.410 0.065
Gyro: -12.451 188.308 -153.900
Accel: 0.768 0.472 0.359
Gyro: 2.838 142.425 -168.548
Accel: 0.564 0.239 0.695
Gyro: 9.719 131.698 -156.768
Accel: 0.391 0.107 0.865
Gyro: 8.697 126.892 -144.515
Accel: 0.390 0.083 0.968
Gyro: 0.396 132.644 -129.745
Accel: 0.369 0.074 1.016
Gyro: -10.284 142.166 -124.404
Accel: 0.334 0.038 1.059
Gyro: -24.871 162.261 -115.539
Accel: 0.214 0.025 0.852
Gyro: -31.997 170.074 -107.376
Accel: 0.107 0.085 0.833
Gyro: -22.689 165.664 -99.060
Accel: 0.003 0.137 0.751
Gyro: -9.002 156.646 -86.776
Accel: 0.042 0.106 0.746
Gyro: 5.737 146.163 -73.287
Accel: 0.033 0.048 0.703
Gyro: 18.646 135.116 -61.538
Accel: 0.013 0.007 0.613
Gyro: 25.970 121.643 -50.369
Accel: 0.0001 0.106 0.550
Gyro: 25.375 109.420 -39.443
Accel: 0.024 0.157 0.545
Gyro: 20.339 99.227 -38.879
Accel: 0.032 0.167 0.578
Gyro: 7.980 82.351 -34.774
Accel: 0.051 0.064 0.605
Gyro: 1.770 74.874 -29.434
Accel: 0.054 0.114 0.561
Gyro: -7.766 66.543 -24.169
Accel: 0.003 0.102 0.435
Gyro: -15.777 58.609 -19.912
Accel: 0.012 0.110 0.552
Gyro: -21.911 53.222 -17.929
Accel: 0.084 0.141 0.501
Gyro: -25.726 50.582 -17.181
Accel: 0.090 0.158 0.579
Gyro: -29.602 49.285 -16.769
Accel: 0.062 0.121 0.725
Gyro: -35.217 45.379 -14.999
Accel: 0.032 0.038 0.996
Gyro: -48.187 34.927 -13.168
Accel: 0.014 0.024 1.093
Gyro: -69.717 19.195 -14.160
Accel: 0.046 0.057 1.220
Gyro: -84.808 5.813 -16.845
Accel: 0.096 0.093 1.367
Gyro: -100.387 -2.471 -16.021
Accel: 0.085 0.072 1.506
Gyro: -106.170 -9.658 -12.329
Accel: 0.040 0.047 1.676
Gyro: -99.044 -13.610 -8.514
Accel: 0.021 0.046 1.752
Gyro: -78.598 -10.040 -7.843
Accel: 0.061 0.055 1.774
Gyro: -46.646 0.411 -10.269
Accel: 0.083 0.064 1.692
Gyro: -8.163 18.218 -13.580
Accel: 0.065 0.060 1.690
Gyro: 28.701 28.656 -16.006
Accel: 0.040 0.041 1.593
Gyro: 52.566 39.260 -16.799
Accel: 0.011 0.013 1.459
Gyro: 68.862 44.494 -16.921
Accel: 0.012 0.023 1.314
Gyro: 74.676 44.570 -16.677
Accel: 0.032 0.060 1.190
Gyro: 72.677 41.900 -11.764
Accel: 0.054 0.092 1.093
Gyro: 65.811 39.566 -13.580
Accel: 0.058 0.123 1.007
Gyro: 57.235 37.841 -11.520
Accel: 0.054 0.135 0.962
Gyro: 49.026 37.048 -9.689
Accel: 0.042 0.133 0.935
Gyro: 40.649 36.392 -8.682
Accel: 0.079 0.083 0.878
Gyro: 31.250 33.752 -7.247
Accel: 0.058 0.090 0.828
Gyro: 31.570 29.403 -7.095
Accel: 0.044 0.108 0.781
Gyro: 28.274 26.107 -9.185
Accel: 0.047 0.112 0.754
Gyro: 24.658 23.910 -10.391
Accel: 0.066 0.108 0.713
Gyro: 21.743 20.538 -10.192
Accel: 0.092 0.117 0.665
Gyro: 19.775 14.953 -9.140
Accel: 0.110 0.130 0.617
Gyro: 18.508 9.307 -8.865
Accel: 0.109 0.141 0.575
Gyro: 17.974 2.746 -9.429
Accel: 0.099 0.135 0.542
Gyro: 23.239 -6.423 -11.428
Accel: 0.0100 0.091 0.471
Gyro: 21.530 -14.495 -11.550
Accel: 0.104 0.082 0.367
Gyro: 27.282 -28.015 -12.374
Accel: 0.085 0.169 0.200
Gyro: 30.334 -44.692 -17.044
Accel: 0.061 0.203 0.068
Gyro: 26.062 -50.277 -22.735
Accel: 0.043 0.222 0.052
Gyro: 14.419 -53.909 -31.005
Accel: 0.068 0.199 0.004
Gyro: -3.402 -62.454 -28.564
Accel: 0.092 0.161 0.031
Gyro: -14.205 -59.982 -26.794
Accel: 0.086 0.139 0.003
Gyro: -31.097 -59.677 -24.063
Accel: 0.011 0.042 0.115
Gyro: -37.567 -54.397 -18.859
Accel: 0.050 0.003 0.244
Gyro: -47.195 -42.724 -12.405
Accel: 0.124 0.041 0.404
Gyro: -57.769 -23.162 -6.011
Accel: 0.162 0.072 0.547
Gyro: -68.832 0.411 0.152
Accel: 0.189 0.132 0.737
Gyro: -79.025 31.158 5.859
Accel: 0.211 0.248 0.872
Gyro: -84.747 58.731 10.848
Accel: 0.203 0.230 0.938
Gyro: -93.688 82.885 9.460
Accel: 0.199 0.222 1.089
Gyro: -99.639 86.364 3.845
Accel: 0.074 0.157 1.164
Gyro: -121.887 72.845 -6.439
Accel: -1.053 0.185 1.843
Gyro: -179.306 -10.009 -37.750
Accel: -2.362 0.846 5.310
Gyro: -245.986 -398.773 8.682
Accel: 0.600 0.477 2.304
Gyro: -233.459 -432.968 35.644
Accel: 1.348 0.427 5.540
Gyro: -255.477 -25.985 51.467
Accel: 0.501 0.281 1.465
Gyro: -186.782 85.296 13.442
Accel: 0.386 0.311 1.185
Gyro: -16.403 29.861 -9.246
Accel: 0.396 0.275 1.006
Gyro: 122.848 0.061 -16.082
Accel: 0.262 0.240 0.935
Gyro: 154.724 8.422 -19.989
Accel: 0.173 0.195 0.902
Gyro: 153.320 19.836 -19.393
Accel: 0.080 0.118 0.843
Gyro: 131.698 34.042 -16.433
Accel: 0.043 0.017 0.849
Gyro: 98.922 27.374 -9.246
Accel: 0.095 0.003 0.742
Gyro: 65.368 8.026 3.280
Accel: 0.047 0.058 0.860
Gyro: 25.726 1.632 4.638
Accel: 0.006 0.030 0.769
Gyro: -9.017 -2.563 6.851
Accel: 0.021 0.022 0.774
Gyro: -34.866 -4.318 7.751
Accel: 0.048 0.013 0.871
Gyro: -47.256 -5.584 8.407
Accel: 0.059 0.021 0.997
Gyro: -54.214 -7.675 8.087
Accel: 0.076 0.050 1.147
Gyro: -50.598 -11.413 6.118
Accel: 0.072 0.064 1.197
Gyro: -39.077 -10.131 3.540
Accel: 0.047 0.072 1.158
Gyro: -23.147 -6.179 1.007
Accel: 0.020 0.086 1.086
Gyro: -7.125 -3.540 0.091
Accel: 0.011 0.099 1.022
Gyro: 2.807 0.701 0.030
Accel: 0.0010 0.102 0.997
Gyro: 6.881 0.747 0.411
Accel: 0.015 0.105 0.977
Gyro: 4.837 0.244 0.976
Accel: 0.030 0.111 0.976
Gyro: -1.205 0.946 1.495
Accel: 0.046 0.117 0.981
Gyro: -7.766 -2.441 1.785
Accel: 0.068 0.126 0.987
Gyro: -11.825 -3.784 1.434
Accel: 0.088 0.126 1.003
Gyro: -12.512 -3.463 -3.829
Accel: 0.097 0.125 1.0001
Gyro: -9.948 -2.685 -1.480
Accel: 0.091 0.119 1.025
Gyro: -6.118 -1.144 -2.655
Accel: 0.081 0.114 1.039
Gyro: -1.632 3.845 -3.189
Accel: 0.0001 0.110 1.036
Gyro: 1.434 0.701 -3.143
Accel: 0.050 0.105 1.017
Gyro: 2.914 0.778 -2.685
Accel: 0.047 0.106 0.994
Gyro: 3.021 0.534 -2.105
Accel: 0.050 0.108 0.982
Gyro: 2.456 0.564 -1.617
Accel: 0.052 0.105 0.987
Gyro: 1.327 0.411 0.946
Accel: 0.052 0.102 1.0001
Gyro: 0.259 0.167 0.411
Accel: 0.053 0.102 1.011
Gyro: 0.473 0.259 0.091
Accel: 0.052 0.105 1.016
Gyro: 0.213 0.381 0.549
Accel: 0.052 0.103 1.016
Gyro: 1.708 0.167 0.625
Accel: 0.046 0.099 1.011
Gyro: 3.463 0.305 0.885
Accel: 0.038 0.096 1.011
Gyro: 5.340 0.976 1.068
