Accel: 1.003 0.006 0.0010
Gyro: -7.507 2.319 0.0000
Accel: 1.011 0.015 0.013
Gyro: -6.286 5.981 0.198
Accel: 1.014 0.015 0.0000
Gyro: -7.995 8.483 0.228
Accel: 1.0001 0.034 0.018
Gyro: -10.101 10.269 0.503
Accel: 1.004 0.025 0.062
Gyro: -11.901 10.375 0.488
Accel: 0.977 0.053 0.087
Gyro: -11.306 9.399 0.656
Accel: 0.993 0.029 0.093
Gyro: -10.375 8.117 0.640
Accel: 0.993 0.0001 0.068
Gyro: -3.967 9.201 0.350
Accel: 1.060 0.016 0.036
Gyro: -4.943 11.596 0.259
Accel: 1.028 0.020 0.002
Gyro: -4.302 15.213 0.122
Accel: 1.002 0.018 0.007
Gyro: -4.821 18.600 0.198
Accel: 0.993 0.013 0.033
Gyro: -6.179 20.675 0.198
Accel: 1.002 0.021 0.063
Gyro: -8.895 20.599 0.579
Accel: 0.994 0.039 0.091
Gyro: -11.0001 18.356 0.717
Accel: 0.997 0.025 0.119
Gyro: -13.931 11.962 -1.068
Accel: 1.024 0.024 0.134
Gyro: -15.747 13.671 -1.281
Accel: 1.011 0.012 0.135
Gyro: -15.350 12.313 -1.342
Accel: 0.994 0.008 0.125
Gyro: -13.519 11.978 -1.007
Accel: 0.993 0.0001 0.089
Gyro: -11.749 13.763 0.854
Accel: 0.994 0.019 0.078
Gyro: -9.994 14.846 0.717
Accel: 0.986 0.018 0.101
Gyro: -10.284 13.412 0.869
Accel: 0.997 0.011 0.135
Gyro: -11.154 12.207 -1.037
Accel: 0.992 0.007 0.142
Gyro: -10.467 9.658 -1.022
Accel: 0.996 0.005 0.155
Gyro: -9.201 7.492 0.961
Accel: 1.059 0.021 0.159
Gyro: -9.338 5.477 0.930
Accel: 0.998 0.0010 0.148
Gyro: -7.949 4.898 0.885
Accel: 0.985 0.013 0.116
Gyro: -5.722 5.081 0.701
Accel: 0.989 0.017 0.097
Gyro: -5.538 5.325 0.503
Accel: 0.993 0.011 0.117
Gyro: -7.034 4.394 0.534
Accel: 0.984 0.006 0.158
Gyro: -7.614 1.770 0.488
Accel: 0.998 0.020 0.173
Gyro: -7.064 -1.388 0.686
Accel: 0.979 0.026 0.161
Gyro: -5.294 -3.570 0.503
Accel: 0.976 0.042 0.133
Gyro: -3.158 -4.058 0.076
Accel: 0.998 0.036 0.098
Gyro: -2.197 -3.189 0.122
Accel: 0.999 0.020 0.085
Gyro: -2.609 -2.151 0.045
Accel: 0.999 0.007 0.0100
Gyro: -3.143 -1.403 0.030
Accel: 0.992 0.014 0.117
Gyro: -3.051 -1.373 0.152
Accel: 0.994 0.020 0.116
Gyro: -2.029 -1.022 0.442
Accel: 1.007 0.058 0.090
Gyro: 0.259 0.534 0.396
Accel: 1.0001 0.062 0.087
Gyro: 0.762 1.266 0.244
Accel: 0.998 0.009 0.072
Gyro: 0.518 3.402 0.427
Accel: 1.007 0.002 0.075
Gyro: 0.335 5.676 0.396
Accel: 1.003 0.004 0.080
Gyro: 0.228 7.614 0.396
Accel: 0.994 0.003 0.086
Gyro: 0.244 8.987 0.488
Accel: 0.998 0.061 0.117
Gyro: 0.396 9.460 0.350
Accel: 0.992 0.0000 0.164
Gyro: 0.488 7.614 0.152
Accel: 0.982 0.062 0.180
Gyro: 0.045 4.592 0.045
Accel: 0.988 0.0000 0.164
Gyro: 0.320 1.815 0.015
Accel: 0.993 0.0001 0.142
Gyro: 0.442 0.198 0.0000
Accel: 0.994 0.0001 0.133
Gyro: 0.381 0.610 0.167
Accel: 0.996 0.0001 0.130
Gyro: 0.152 -1.296 0.350
Accel: 0.993 0.0010 0.186
Gyro: -1.403 -2.899 0.167
Accel: 0.992 0.018 0.063
Gyro: -11.169 -4.745 0.946
Accel: 1.0010 0.003 0.122
Gyro: -15.579 -7.125 -1.190
Accel: 0.990 0.006 0.130
Gyro: -13.946 -7.385 -1.235
Accel: 0.993 0.013 0.135
Gyro: -13.092 -7.293 -1.235
Accel: 0.996 0.023 0.145
Gyro: -10.650 -6.362 0.854
Accel: 0.983 0.023 0.158
Gyro: -5.676 -5.538 0.122
Accel: 0.990 0.014 0.156
Gyro: -1.220 -6.134 0.259
Accel: 0.989 0.003 0.139
Gyro: 1.754 -7.354 0.534
Accel: 0.997 0.008 0.0100
Gyro: 1.174 -7.186 0.503
Accel: 0.995 0.003 0.084
Gyro: 0.839 -5.935 0.564
Accel: 1.006 0.005 0.065
Gyro: 0.900 -3.524 0.534
Accel: 1.009 0.004 0.053
Gyro: 0.213 0.213 0.503
Accel: 1.004 0.003 0.053
Gyro: 0.106 3.143 0.564
Accel: 1.005 0.0001 0.059
Gyro: 0.366 6.011 0.473
Accel: 1.0001 0.0000 0.079
Gyro: 0.106 8.483 0.411
Accel: 0.998 0.0000 0.096
Gyro: 0.091 9.857 0.335
Accel: 0.937 0.0001 0.111
Gyro: -3.906 10.452 0.244
Accel: 0.994 0.0001 0.128
Gyro: 0.030 10.299 0.122
Accel: 0.991 0.0000 0.144
Gyro: 0.106 9.231 0.122
Accel: 0.992 0.0000 0.150
Gyro: 0.244 7.812 0.030
Accel: 0.985 0.004 0.146
Gyro: 0.167 6.484 0.076
Accel: 0.991 0.002 0.138
Gyro: 0.076 5.279 0.122
Accel: 0.997 0.002 0.124
Gyro: 0.396 5.065 0.183
Accel: 0.997 0.003 0.111
Gyro: 0.427 5.569 0.259
Accel: 0.996 0.003 0.111
Gyro: 0.427 6.484 0.289
Accel: 0.995 0.005 0.111
Gyro: 0.625 7.507 0.350
Accel: 0.994 0.003 0.110
Gyro: 0.289 8.590 0.381
Accel: 0.996 0.0001 0.112
Gyro: 0.305 9.704 0.335
Accel: 0.998 0.004 0.104
Gyro: 0.228 11.032 0.411
Accel: 0.992 0.002 0.138
Gyro: 0.137 11.383 0.396
Accel: 0.986 0.0001 0.171
Gyro: 0.350 10.025 0.366
Accel: 0.982 0.003 0.182
Gyro: 0.854 7.705 0.381
Accel: 0.984 0.002 0.171
Gyro: 0.854 5.950 0.457
Accel: 0.994 0.0000 0.115
Gyro: 1.312 6.622 0.381
Accel: 1.0010 0.004 0.056
Gyro: 0.976 11.154 0.289
Accel: 1.012 0.005 0.058
Gyro: 0.167 17.410 0.091
Accel: 1.012 0.016 0.002
Gyro: -1.480 25.817 3.875
Accel: 1.003 0.008 0.080
Gyro: -7.766 35.140 0.366
Accel: 0.993 0.061 0.126
Gyro: -6.027 32.638 0.869
Accel: 0.994 0.0000 0.175
Gyro: -10.116 32.119 -1.937
Accel: 0.980 0.004 0.191
Gyro: -17.791 30.990 -3.570
Accel: 0.969 0.0010 0.180
Gyro: -24.887 31.005 -4.501
Accel: 0.977 0.008 0.217
Gyro: -28.396 31.173 -5.081
Accel: 0.977 0.013 0.244
Gyro: -29.022 31.768 -5.462
Accel: 0.971 0.002 0.247
Gyro: -23.513 30.548 -5.218
Accel: 0.945 0.011 0.247
Gyro: -19.744 28.335 -4.562
Accel: 0.968 0.004 0.281
Gyro: -20.187 25.192 -4.104
Accel: 0.993 0.0001 0.274
Gyro: -17.135 19.500 -3.540
Accel: 0.970 0.003 0.309
Gyro: -13.214 16.250 -2.655
Accel: 0.970 0.011 0.264
Gyro: -9.246 14.022 -1.739
Accel: 0.968 0.006 0.260
Gyro: -4.653 12.527 -1.007
Accel: 0.968 0.014 0.229
Gyro: -2.700 11.444 0.381
Accel: 0.974 0.002 0.235
Gyro: -1.922 10.406 0.137
Accel: 0.972 0.005 0.241
Gyro: -1.800 9.017 0.152
Accel: 0.970 0.004 0.258
Gyro: -1.403 6.851 0.061
Accel: 0.954 0.012 0.322
Gyro: 0.488 2.243 0.595
Accel: 0.966 0.007 0.327
Gyro: 1.983 -3.601 0.228
Accel: 0.962 0.008 0.289
Gyro: 1.586 -7.995 0.427
Accel: 0.969 0.003 0.254
Gyro: 1.861 -10.513 0.457
Accel: 0.971 0.007 0.235
Gyro: 1.129 -11.871 0.610
Accel: 0.977 0.003 0.225
Gyro: 0.778 -12.527 0.656
Accel: 0.980 0.061 0.224
Gyro: 0.778 -12.893 0.381
Accel: 0.974 0.062 0.231
Gyro: 0.396 -13.626 0.274
Accel: 0.978 0.0000 0.233
Gyro: 0.595 -14.938 0.137
Accel: 0.976 0.0001 0.228
Gyro: 0.396 -15.914 0.198
Accel: 0.976 0.002 0.218
Gyro: 0.534 -16.632 0.167
Accel: 0.982 0.003 0.197
Gyro: 0.427 -16.708 0.213
Accel: 0.981 0.005 0.184
Gyro: 0.167 -15.914 0.335
Accel: 0.980 0.0000 0.189
Gyro: 0.320 -15.228 0.305
Accel: 0.986 0.0001 0.196
Gyro: 0.152 -15.029 0.244
Accel: 0.985 0.002 0.178
Gyro: 0.198 -14.633 0.183
Accel: 0.986 0.0000 0.169
Gyro: 0.106 -13.305 0.137
Accel: 0.988 0.0001 0.175
Gyro: 0.091 -12.435 0.091
Accel: 0.986 0.002 0.164
Gyro: 0.335 -11.306 0.061
Accel: 0.988 0.002 0.151
Gyro: -3.906 -9.368 0.106
Accel: 0.994 0.062 0.147
Gyro: 0.030 -7.095 0.030
Accel: 0.994 0.0000 0.137
Gyro: 0.167 -4.470 0.091
Accel: 0.992 0.0001 0.146
Gyro: 0.274 -2.105 0.198
Accel: 0.989 0.002 0.163
Gyro: 0.442 0.930 0.091
Accel: 0.398 0.229 0.898
Gyro: -6.271 108.322 -59.646
Accel: 0.299 0.219 0.817
Gyro: 6.195 101.013 -58.364
Accel: 0.374 0.250 0.828
Gyro: 23.376 91.278 -59.692
Accel: 0.465 0.406 0.776
Gyro: 27.816 81.619 -69.046
Accel: 0.588 0.551 0.735
Gyro: 29.953 75.393 -84.518
Accel: 0.561 0.486 0.734
Gyro: 26.626 74.844 -91.659
Accel: 0.408 0.301 0.701
Gyro: 22.598 76.675 -89.675
Accel: 0.333 0.212 0.747
Gyro: 21.347 76.324 -86.929
Accel: 0.290 0.211 0.703
Gyro: 21.820 75.531 -86.853
Accel: 0.242 0.221 0.720
Gyro: 20.477 78.460 -85.159
Accel: 0.214 0.213 0.772
Gyro: 16.204 87.295 -78.872
Accel: 0.191 0.214 0.760
Gyro: 14.617 94.604 -69.946
Accel: 0.274 0.288 0.791
Gyro: 19.836 96.435 -63.934
Accel: 0.330 0.371 0.767
Gyro: 25.924 100.204 -60.531
Accel: 0.313 0.343 0.749
Gyro: 33.401 100.296 -60.058
Accel: 0.241 0.306 0.740
Gyro: 36.056 96.679 -59.844
Accel: 0.179 0.284 0.708
Gyro: 37.216 86.029 -56.640
Accel: 0.127 0.305 0.661
Gyro: 38.711 78.353 -52.780
Accel: 0.099 0.326 0.602
Gyro: 39.352 71.762 -48.904
Accel: 0.085 0.345 0.522
Gyro: 38.925 61.264 -45.303
Accel: 0.036 0.355 0.432
Gyro: 33.676 53.482 -44.326
Accel: 0.035 0.380 0.335
Gyro: 24.291 46.020 -43.716
Accel: 0.041 0.399 0.272
Gyro: 12.496 39.520 -41.610
Accel: 0.033 0.386 0.219
Gyro: -2.426 34.042 -42.694
Accel: 0.0000 0.379 0.121
Gyro: -17.654 27.023 -43.685
Accel: 0.034 0.385 0.054
Gyro: -36.239 17.150 -45.410
Accel: 0.012 0.356 0.089
Gyro: -55.450 5.889 -49.591
Accel: 0.004 0.385 0.240
Gyro: -81.436 -7.171 -55.557
Accel: 0.060 0.378 0.433
Gyro: -104.812 -18.768 -59.646
Accel: 0.025 0.363 0.422
Gyro: -140.914 -18.997 -63.125
Accel: 0.036 0.433 0.456
Gyro: -187.530 -6.362 -71.121
Accel: 0.145 0.231 0.483
Gyro: -240.264 12.069 -72.509
Accel: 0.056 0.073 0.393
Gyro: -291.198 41.015 -59.539
Accel: 0.143 0.157 0.137
Gyro: -334.045 56.198 -46.157
Accel: 0.156 0.092 0.365
Gyro: -363.632 72.494 -27.999
Accel: 0.044 0.177 0.840
Gyro: -372.055 80.551 -15.258
Accel: 0.071 0.330 1.320
Gyro: -356.658 79.269 -14.831
Accel: 0.008 0.581 1.770
Gyro: -323.150 63.049 -19.210
Accel: 0.069 0.862 2.293
Gyro: -288.833 44.723 -16.723
Accel: 0.148 -1.133 2.903
Gyro: -257.034 24.673 -8.697
Accel: -1.796 -1.700 7.980
Gyro: 129.669 -174.438 7.781
Accel: 1.045 0.371 4.380
Gyro: 352.279 23.254 -2.456
Accel: 0.332 0.242 1.758
Gyro: 138.992 -43.304 -1.525
Accel: 0.194 0.400 1.266
Gyro: 1.068 -54.107 3.616
Accel: 0.091 0.108 1.803
Gyro: -59.661 -69.793 1.190
Accel: 0.008 0.379 1.941
Gyro: -39.062 -44.708 -12.557
Accel: 0.017 0.361 1.896
Gyro: 52.932 -17.150 -13.870
Accel: 0.060 0.274 1.458
Gyro: 136.627 -4.089 -14.389
Accel: 0.044 0.352 0.862
Gyro: 186.233 4.837 -14.724
Accel: 0.052 0.476 0.174
Gyro: 194.564 13.366 -16.754
Accel: 0.122 0.602 0.466
Gyro: 160.278 25.085 -19.302
Accel: 0.112 0.728 0.949
Gyro: 105.163 33.340 -20.248
Accel: 0.104 0.859 -1.333
Gyro: 23.406 35.491 -22.399
Accel: 0.088 0.895 -1.515
Gyro: -66.146 32.882 -26.611
Accel: 0.057 0.772 -1.453
Gyro: -141.860 26.184 -27.801
Accel: 0.093 0.513 -1.229
Gyro: -223.663 18.554 -23.742
Accel: 0.164 0.129 0.619
Gyro: -300.628 25.955 -12.390
Accel: -3.812 -7.999 7.999
Gyro: 440.216 -102.493 -15.838
Accel: 0.425 4.757 -7.221
Gyro: 87.173 66.101 -4.409
Accel: 0.221 0.717 0.479
Gyro: 46.707 -5.172 12.0100
Accel: 0.246 -1.241 1.425
Gyro: -78.323 -37.918 12.664
Accel: 0.147 0.0000 1.746
Gyro: -181.579 -48.690 14.846
Accel: 0.435 0.201 2.833
Gyro: -214.981 -4.776 10.116
Accel: 0.059 0.330 1.914
Gyro: -175.338 -25.0100 14.465
Accel: 0.022 0.359 2.430
Gyro: -41.046 -16.387 8.193
Accel: 0.053 0.364 2.288
Gyro: 95.062 -9.628 0.839
Accel: 0.107 0.250 1.750
Gyro: 193.130 0.686 -5.737
Accel: 0.093 0.065 0.982
Gyro: 250.503 1.327 -13.351
Accel: 0.103 0.139 0.114
Gyro: 272.781 -2.807 -20.111
Accel: 0.173 0.447 0.719
Gyro: 255.142 -11.428 -26.794
Accel: 0.163 0.709 -1.380
Gyro: 190.322 -7.614 -29.983
Accel: 0.044 0.784 -1.915
Gyro: 91.888 0.747 -26.153
Accel: 0.093 0.717 -2.241
Gyro: -35.522 11.886 -19.729
Accel: 0.192 0.634 -2.176
Gyro: -164.169 27.923 -17.089
Accel: 0.205 0.402 -1.817
Gyro: -276.931 41.809 -16.601
Accel: 0.139 0.117 -1.177
Gyro: -363.983 63.430 -16.891
Accel: 0.012 0.278 0.234
Gyro: -427.566 98.526 -16.250
Accel: 2.307 -5.624 4.062
Gyro: 498.397 -40.344 -6.561
Accel: 0.040 0.491 6.622
Gyro: 149.948 -30.151 -4.013
Accel: 0.289 -1.218 0.025
Gyro: 6.027 -62.240 10.910
Accel: 0.022 0.887 0.887
Gyro: -101.913 -27.572 28.137
Accel: 0.197 0.424 1.831
Gyro: -173.645 -26.779 45.410
Accel: 0.027 0.530 2.191
Gyro: -219.055 -46.310 46.417
Accel: 0.088 0.475 2.458
Gyro: -143.753 -71.426 37.155
Accel: 0.016 0.487 2.812
Gyro: 19.119 -73.104 19.897
Accel: 0.009 0.494 2.561
Gyro: 159.103 -61.782 19.256
Accel: 0.084 0.358 1.864
Gyro: 252.349 -46.478 14.816
Accel: 0.112 0.114 0.812
Gyro: 299.438 -35.736 9.353
Accel: 0.139 0.252 0.016
Gyro: 310.806 -23.361 3.433
Accel: 0.167 0.608 0.865
Gyro: 286.941 -16.082 -3.906
Accel: 0.206 0.869 -1.583
Gyro: 223.037 -10.391 -13.473
Accel: 0.197 0.941 -2.128
Gyro: 121.032 5.767 -20.690
Accel: 0.058 0.873 -2.437
Gyro: -1.235 20.111 -24.505
Accel: 0.051 0.752 -2.377
Gyro: -124.404 28.198 -26.275
Accel: 0.072 0.510 -2.047
Gyro: -237.396 39.154 -28.717
Accel: 0.051 0.303 -1.466
Gyro: -325.561 55.572 -31.402
Accel: 0.016 0.033 0.681
Gyro: -383.987 73.242 -34.713
Accel: 0.004 0.456 0.268
Gyro: -405.975 76.583 -33.004
Accel: 0.033 -4.385 7.999
Gyro: 210.754 0.091 -2.243
Accel: -1.263 1.936 -2.149
Gyro: 188.796 -91.079 -36.407
Accel: 0.321 -1.164 1.0100
Gyro: 43.380 -53.924 -27.114
Accel: 0.240 0.494 0.076
Gyro: -95.565 8.392 19.973
Accel: 0.002 0.295 2.123
Gyro: -191.055 4.333 19.699
Accel: 0.153 0.487 1.750
Gyro: -189.041 -37.857 30.731
Accel: 0.043 0.407 2.141
Gyro: -147.201 -58.837 25.894
Accel: 0.026 0.341 2.434
Gyro: -12.832 -50.994 12.191
Accel: 0.066 0.316 2.296
Gyro: 119.522 -47.439 1.907
Accel: 0.125 0.274 1.644
Gyro: 209.625 -43.182 -4.943
Accel: 0.162 0.006 0.709
Gyro: 258.895 -39.047 -10.833
Accel: 0.166 0.309 0.145
Gyro: 257.324 -31.829 -14.282
Accel: 0.130 0.500 0.802
Gyro: 212.326 -23.834 -13.320
Accel: 0.084 0.632 -1.288
Gyro: 136.108 -15.274 -10.360
Accel: 0.057 0.717 -1.509
Gyro: 42.083 -2.136 -7.629
Accel: 0.015 0.735 -1.600
Gyro: -51.910 17.990 -5.828
Accel: 0.038 0.630 -1.417
Gyro: -135.635 37.170 -5.432
Accel: 0.072 0.561 -1.037
Gyro: -201.934 55.603 -4.470
Accel: 0.047 0.396 0.611
Gyro: -241.943 69.808 -4.165
Accel: 0.007 0.142 0.156
Gyro: -267.745 70.495 -3.204
Accel: 0.044 0.308 0.563
Gyro: -272.125 56.076 -2.822
Accel: 2.755 0.511 2.801
Gyro: 405.441 68.756 0.259
Accel: 0.219 0.947 7.422
Gyro: 168.869 -14.617 -33.889
Accel: 0.227 0.241 0.975
Gyro: 3.448 0.335 -7.629
Accel: 0.154 0.647 2.470
Gyro: -114.837 2.975 18.203
Accel: 0.143 0.310 2.189
Gyro: -206.481 2.578 20.843
Accel: 0.022 0.012 2.088
Gyro: -160.385 -17.608 24.703
Accel: 0.071 0.325 2.363
Gyro: -67.993 -33.935 20.095
Accel: 0.096 0.406 2.380
Gyro: 65.170 -30.197 12.191
Accel: 0.029 0.262 2.006
Gyro: 174.087 -28.594 9.170
Accel: 0.046 0.092 1.219
Gyro: 235.641 -34.393 1.831
Accel: 0.091 0.118 0.298
Gyro: 257.843 -42.861 -11.062
Accel: 0.097 0.452 0.540
Gyro: 236.251 -40.893 -15.487
Accel: 0.143 0.795 -1.127
Gyro: 166.0000 -28.366 -12.771
Accel: 0.142 0.859 -1.687
Gyro: 53.878 -11.566 -13.259
Accel: 0.033 0.865 -2.058
Gyro: -77.224 5.874 -10.559
Accel: 0.053 0.819 -1.980
Gyro: -185.119 20.080 -5.569
Accel: 0.009 0.612 -1.570
Gyro: -281.127 35.110 -2.044
Accel: 0.033 0.307 0.991
Gyro: -344.238 52.413 0.198
Accel: 0.056 0.014 0.154
Gyro: -370.773 62.835 0.640
Accel: 1.636 -1.840 7.866
Gyro: 451.354 120.803 13.122
Accel: 0.113 0.465 7.975
Gyro: 236.297 8.926 -30.242
Accel: 1.331 -1.772 2.237
Gyro: 50.384 -19.592 -17.898
Accel: 0.714 0.239 0.072
Gyro: -89.080 -13.046 12.069
Accel: 0.091 0.301 0.947
Gyro: -172.149 19.210 13.442
Accel: 0.121 0.188 1.500
Gyro: -235.595 6.988 8.255
Accel: 0.071 0.339 2.184
Gyro: -167.297 8.316 11.657
Accel: 0.177 0.342 2.028
Gyro: -71.990 6.683 12.496
Accel: 0.115 0.339 2.087
Gyro: 41.641 13.458 10.284
Accel: 0.0001 0.346 1.821
Gyro: 130.462 8.087 6.851
Accel: 0.050 0.247 1.278
Gyro: 181.213 7.522 3.265
Accel: 0.045 0.035 0.674
Gyro: 187.789 -7.003 1.052
Accel: 0.043 0.203 0.141
Gyro: 169.082 -21.301 -1.190
Accel: 0.040 0.395 0.270
Gyro: 132.019 -36.895 -1.358
Accel: 0.054 0.569 0.721
Gyro: 88.928 -42.266 0.213
Accel: 0.036 0.718 -1.110
Gyro: 29.678 -36.727 1.220
Accel: 0.002 0.724 -1.498
Gyro: -47.103 -10.650 7.492
Accel: 0.076 0.606 -1.824
Gyro: -138.885 16.448 9.033
Accel: 0.120 0.446 -1.892
Gyro: -237.030 32.592 13.305
Accel: 0.034 0.147 -1.722
Gyro: -331.863 41.397 11.734
Accel: 0.096 0.072 -1.022
Gyro: -362.731 15.899 4.318
Accel: -1.124 4.855 0.310
Gyro: 371.078 -66.925 -38.040
Accel: -1.260 0.436 0.425
Gyro: 300.888 -20.477 -52.200
Accel: 0.452 -1.226 2.689
Gyro: 179.824 -19.210 -6.271
Accel: 0.173 0.221 0.937
Gyro: 80.886 2.182 0.686
Accel: 0.064 0.496 0.717
Gyro: -21.286 0.030 -1.327
Accel: 0.030 0.291 1.111
Gyro: -84.136 1.358 3.662
Accel: 0.021 0.269 1.204
Gyro: -114.654 0.411 0.640
Accel: 0.005 0.060 0.993
Gyro: -123.306 2.548 -4.043
Accel: 0.011 0.009 0.906
Gyro: -112.411 1.144 0.671
Accel: 0.0000 0.073 0.928
Gyro: -86.639 2.105 -3.829
Accel: 0.005 0.039 1.065
Gyro: -57.586 0.030 -8.270
Accel: 0.007 0.019 0.917
Gyro: -24.993 -1.403 -7.553
Accel: 0.022 0.088 0.901
Gyro: 0.091 -1.480 -3.479
Accel: 0.014 0.056 0.982
Gyro: 15.762 -1.327 0.152
Accel: 0.007 0.082 1.054
Gyro: 22.644 -1.129 0.244
Accel: 0.012 0.095 0.966
Gyro: 16.418 0.915 0.228
Accel: 0.008 0.099 0.992
Gyro: 8.514 0.762 0.274
Accel: 0.016 0.0100 1.032
Gyro: 4.287 0.473 0.366
Accel: 0.009 0.105 1.052
Gyro: -1.831 0.396 0.350
Accel: 0.007 0.098 1.031
Gyro: -6.530 0.442 0.350
Accel: 0.006 0.101 1.008
Gyro: -9.292 0.549 0.320
Accel: 0.003 0.087 1.049
Gyro: -11.077 0.534 0.335
Accel: 0.007 0.083 0.986
Gyro: -15.625 0.595 0.350
Accel: 0.004 0.090 1.016
Gyro: -12.344 0.625 0.320
Accel: 0.006 0.078 1.006
Gyro: -12.374 0.564 0.320
Accel: 0.008 0.073 1.007
Gyro: -11.306 0.411 0.305
Accel: 0.009 0.076 1.016
Gyro: -9.811 0.549 0.366
Accel: 0.007 0.063 0.989
Gyro: -8.270 0.411 0.335
Accel: 0.0010 0.068 0.983
Gyro: -6.759 0.762 0.305
Accel: 0.009 0.069 1.055
Gyro: -6.317 0.640 0.320
Accel: 0.009 0.066 1.011
Gyro: -6.423 0.518 0.244
Accel: 0.008 0.068 1.023
Gyro: -6.408 0.686 0.289
Accel: 0.007 0.067 1.011
Gyro: -7.110 0.549 0.167
Accel: 0.009 0.070 1.011
Gyro: -8.041 0.564 0.152
Accel: 0.006 0.071 1.016
Gyro: -9.277 0.411 0.289
Accel: 0.007 0.066 1.0001
Gyro: -10.620 0.549 0.259
Accel: 0.011 0.063 1.007
Gyro: -11.276 0.335 0.320
Accel: 0.008 0.061 1.0010
Gyro: -11.093 0.427 0.259
Accel: 0.0010 0.051 0.997
Gyro: -9.307 0.503 0.320
Accel: 0.008 0.046 0.997
Gyro: -6.164 0.640 0.213
Accel: 0.009 0.041 0.999
Gyro: -2.670 0.778 0.152
Accel: 0.007 0.047 0.994
Gyro: 0.183 0.717 0.244
Accel: 0.007 0.055 1.0010
Gyro: 1.098 0.640 0.152
Accel: 0.007 0.052 1.005
Gyro: 1.495 0.793 0.244
Accel: 0.007 0.056 1.003
Gyro: 1.388 0.701 0.244
Accel: 0.007 0.055 1.013
Gyro: 1.266 0.686 0.152
Accel: 0.007 0.052 1.009
Gyro: 1.373 0.686 0.198
Accel: 0.008 0.056 1.004
Gyro: 1.495 0.854 0.167
