Accel: 0.604 0.410 0.705
Gyro: 2.944 18.600 16.738
Accel: 0.605 0.415 0.700
Gyro: 2.334 15.991 18.203
Accel: 0.603 0.413 0.686
Gyro: 1.220 13.778 20.080
Accel: 0.593 0.408 0.680
Gyro: 0.198 11.154 22.247
Accel: 0.575 0.404 0.684
Gyro: -2.593 7.186 23.666
Accel: 0.565 0.411 0.694
Gyro: -3.768 2.975 24.078
Accel: 0.562 0.417 0.703
Gyro: -2.639 0.503 23.101
Accel: 0.558 0.421 0.703
Gyro: 0.396 -1.312 21.926
Accel: 0.545 0.415 0.711
Gyro: 1.602 -4.501 20.553
Accel: 0.510 0.400 0.738
Gyro: 1.403 -8.941 17.501
Accel: 0.509 0.409 0.761
Gyro: 2.227 -9.063 13.488
Accel: 0.515 0.414 0.776
Gyro: 4.653 -5.187 10.528
Accel: 0.516 0.405 0.769
Gyro: 6.881 0.076 9.277
Accel: 0.524 0.408 0.747
Gyro: 7.568 4.806 9.857
Accel: 0.543 0.421 0.724
Gyro: 6.118 9.368 12.969
Accel: 0.548 0.422 0.704
Gyro: 2.624 15.548 16.448
Accel: 0.538 0.420 0.704
Gyro: -3.067 11.932 18.539
Accel: 0.537 0.425 0.710
Gyro: -11.596 12.359 19.363
Accel: 0.536 0.430 0.719
Gyro: -9.216 14.175 19.363
Accel: 0.534 0.433 0.725
Gyro: -9.002 15.441 19.073
Accel: 0.525 0.430 0.729
Gyro: -8.575 14.404 18.112
Accel: 0.520 0.429 0.737
Gyro: -6.988 12.756 16.235
Accel: 0.521 0.432 0.741
Gyro: 0.320 12.207 14.312
Accel: 0.526 0.435 0.733
Gyro: 0.442 12.466 12.847
Accel: 0.534 0.440 0.715
Gyro: 2.410 12.619 12.817
Accel: 0.540 0.449 0.688
Gyro: 2.639 11.138 13.214
Accel: 0.544 0.456 0.679
Gyro: 0.167 7.690 13.031
Accel: 0.545 0.459 0.694
Gyro: -3.814 2.746 12.039
Accel: 0.531 0.461 0.724
Gyro: -5.889 0.0000 10.192
Accel: 0.525 0.461 0.750
Gyro: -5.111 0.885 8.026
Accel: 0.519 0.458 0.764
Gyro: -2.655 7.553 6.378
Accel: 0.517 0.457 0.762
Gyro: 0.259 6.713 5.462
Accel: 0.522 0.454 0.754
Gyro: 0.427 8.575 4.913
Accel: 0.526 0.450 0.753
Gyro: 0.106 9.674 4.974
Accel: 0.525 0.449 0.754
Gyro: 0.198 11.840 5.523
Accel: 0.532 0.455 0.751
Gyro: 0.320 14.495 5.844
Accel: 0.539 0.462 0.742
Gyro: 0.595 16.311 6.317
Accel: 0.544 0.466 0.732
Gyro: 0.152 16.464 6.805
Accel: 0.541 0.468 0.730
Gyro: 0.396 15.563 6.744
Accel: 0.547 0.473 0.731
Gyro: 0.091 15.457 6.225
Accel: 0.547 0.475 0.725
Gyro: 0.122 15.777 5.477
Accel: 0.544 0.472 0.720
Gyro: 0.091 15.274 4.669
Accel: 0.548 0.474 0.716
Gyro: 0.762 14.358 3.784
Accel: 0.551 0.472 0.712
Gyro: -1.174 13.595 2.792
Accel: 0.559 0.471 0.707
Gyro: -1.251 13.107 2.014
Accel: 0.563 0.469 0.702
Gyro: -1.800 12.542 1.251
Accel: 0.560 0.461 0.714
Gyro: -2.822 11.0001 0.656
Accel: 0.565 0.459 0.720
Gyro: -2.395 11.779 0.381
Accel: 0.563 0.448 0.719
Gyro: -1.007 13.687 0.488
Accel: 0.568 0.444 0.711
Gyro: 0.442 15.625 0.915
Accel: 0.567 0.441 0.708
Gyro: 0.381 16.418 1.098
Accel: 0.571 0.438 0.705
Gyro: 0.061 16.754 1.190
Accel: 0.576 0.439 0.701
Gyro: 0.305 17.288 0.976
Accel: 0.584 0.432 0.695
Gyro: 0.976 17.272 0.473
Accel: 0.592 0.429 0.689
Gyro: 1.358 16.372 0.198
Accel: 0.603 0.432 0.680
Gyro: 1.632 15.548 0.305
Accel: 0.610 0.426 0.671
Gyro: 1.693 14.846 0.335
Accel: 0.614 0.421 0.660
Gyro: 1.388 14.083 1.159
Accel: 0.620 0.416 0.653
Gyro: 0.167 13.015 2.182
Accel: 0.622 0.409 0.653
Gyro: -1.419 12.176 3.265
Accel: 0.623 0.401 0.653
Gyro: -2.365 12.832 4.302
Accel: 0.626 0.395 0.655
Gyro: -2.944 15.029 5.798
Accel: 0.628 0.389 0.656
Gyro: -3.646 17.013 7.949
Accel: 0.635 0.387 0.654
Gyro: -4.165 18.264 10.406
Accel: 0.635 0.392 0.657
Gyro: -3.829 17.913 12.634
Accel: 0.643 0.395 0.661
Gyro: -2.029 17.639 14.160
Accel: 0.639 0.402 0.657
Gyro: 0.061 17.562 14.923
Accel: 0.641 0.404 0.653
Gyro: 1.190 16.479 15.167
Accel: 0.642 0.406 0.643
Gyro: 1.296 15.045 15.060
Accel: 0.646 0.412 0.638
Gyro: 0.869 13.854 14.862
Accel: 0.657 0.419 0.636
Gyro: 0.213 13.092 14.373
Accel: 0.665 0.414 0.635
Gyro: -2.304 12.542 13.824
Accel: 0.677 0.402 0.638
Gyro: -4.791 13.427 14.419
Accel: 0.685 0.386 0.645
Gyro: -7.675 16.143 16.387
Accel: 0.688 0.369 0.644
Gyro: -10.498 19.714 19.821
Accel: 0.690 0.357 0.642
Gyro: -13.153 24.169 23.712
Accel: 0.697 0.358 0.642
Gyro: -16.510 28.152 27.755
Accel: 0.703 0.362 0.638
Gyro: -19.195 31.356 31.524
Accel: 0.699 0.364 0.636
Gyro: -20.935 33.157 34.774
Accel: 0.696 0.370 0.640
Gyro: -21.057 33.462 36.804
Accel: 0.697 0.375 0.643
Gyro: -19.790 32.669 37.521
Accel: 0.695 0.379 0.640
Gyro: -17.654 31.906 37.887
Accel: 0.692 0.379 0.635
Gyro: -15.197 31.112 38.421
Accel: 0.694 0.381 0.627
Gyro: -13.427 30.471 38.818
Accel: 0.699 0.388 0.612
Gyro: -12.527 30.166 40.298
Accel: 0.700 0.397 0.604
Gyro: -12.557 28.793 43.060
Accel: 0.695 0.407 0.601
Gyro: -13.092 26.458 45.883
Accel: 0.695 0.423 0.601
Gyro: -13.107 24.642 48.477
Accel: 0.689 0.431 0.600
Gyro: -12.756 23.040 50.460
Accel: 0.683 0.432 0.602
Gyro: -12.634 21.087 51.651
Accel: 0.677 0.431 0.600
Gyro: -12.313 20.080 52.856
Accel: 0.670 0.425 0.592
Gyro: -11.962 20.172 54.367
Accel: 0.673 0.421 0.588
Gyro: -11.871 20.126 56.472
Accel: 0.667 0.419 0.589
Gyro: -12.329 19.012 59.783
Accel: 0.665 0.426 0.589
Gyro: -12.359 18.341 63.461
Accel: 0.654 0.435 0.597
Gyro: -11.596 16.891 66.482
Accel: 0.646 0.455 0.604
Gyro: -9.918 14.709 67.733
Accel: 0.641 0.471 0.605
Gyro: -7.156 13.122 68.023
Accel: 0.636 0.488 0.601
Gyro: -4.669 11.657 68.359
Accel: 0.625 0.500 0.592
Gyro: -2.975 9.582 69.152
Accel: 0.615 0.513 0.586
Gyro: -2.456 7.461 69.976
Accel: 0.611 0.527 0.578
Gyro: -2.212 6.149 70.251
Accel: 0.605 0.540 0.571
Gyro: -2.563 4.653 70.587
Accel: 0.593 0.548 0.570
Gyro: -3.799 2.624 70.449
Accel: 0.582 0.556 0.566
Gyro: -5.538 2.059 69.702
Accel: 0.578 0.571 0.571
Gyro: -7.385 2.334 69.0000
Accel: 0.573 0.579 0.581
Gyro: -9.765 2.456 68.756
Accel: 0.563 0.584 0.593
Gyro: -15.548 2.395 69.091
Accel: 0.548 0.584 0.606
Gyro: -12.466 3.158 69.915
Accel: 0.536 0.585 0.619
Gyro: -12.207 4.409 70.510
Accel: 0.520 0.587 0.626
Gyro: -10.955 5.462 70.693
Accel: 0.506 0.593 0.628
Gyro: -9.216 6.546 70.281
Accel: 0.492 0.595 0.624
Gyro: -7.736 8.224 68.939
Accel: 0.480 0.600 0.615
Gyro: -7.202 10.910 66.375
Accel: 0.468 0.596 0.603
Gyro: -8.132 14.694 63.140
Accel: 0.462 0.600 0.588
Gyro: -10.055 23.147 60.470
Accel: 0.463 0.604 0.580
Gyro: -13.717 22.216 59.219
Accel: 0.457 0.608 0.578
Gyro: -18.722 24.291 58.486
Accel: 0.454 0.611 0.582
Gyro: -27.343 27.343 57.907
Accel: 0.449 0.606 0.585
Gyro: -27.160 30.502 57.723
Accel: 0.437 0.601 0.592
Gyro: -30.059 33.218 57.891
Accel: 0.424 0.598 0.596
Gyro: -32.302 35.766 57.113
Accel: 0.412 0.601 0.596
Gyro: -33.615 38.162 55.084
Accel: 0.411 0.605 0.593
Gyro: -34.362 40.390 52.307
Accel: 0.415 0.608 0.589
Gyro: -35.705 41.519 49.728
Accel: 0.419 0.607 0.583
Gyro: -37.231 41.534 48.248
Accel: 0.423 0.605 0.580
Gyro: -38.787 40.588 48.385
Accel: 0.423 0.602 0.580
Gyro: -40.130 38.803 49.179
Accel: 0.423 0.601 0.585
Gyro: -40.847 36.392 49.636
Accel: 0.421 0.599 0.589
Gyro: -40.664 33.767 49.804
Accel: 0.420 0.598 0.598
Gyro: -39.764 27.511 49.301
Accel: 0.417 0.594 0.604
Gyro: -35.171 30.303 43.197
Accel: 0.399 0.945 0.896
Gyro: -205.825 73.669 3.875
Accel: 0.376 0.889 1.050
Gyro: -174.560 69.122 9.353
Accel: 0.352 0.866 1.244
Gyro: -142.318 61.538 15.472
Accel: 0.352 0.843 1.268
Gyro: -116.836 48.461 21.743
Accel: 0.336 0.839 1.308
Gyro: -90.362 34.362 28.472
Accel: 0.307 0.844 1.302
Gyro: -67.306 22.506 34.301
Accel: 0.266 0.847 1.272
Gyro: -49.072 12.969 39.199
Accel: 0.227 0.859 1.257
Gyro: -36.651 5.249 44.052
Accel: 0.215 0.870 1.243
Gyro: -28.045 0.823 50.735
Accel: 0.176 0.902 1.224
Gyro: -16.098 -2.593 49.743
Accel: 0.122 0.956 1.201
Gyro: -7.766 -1.007 52.978
Accel: 0.006 0.980 1.178
Gyro: 11.184 1.327 56.961
Accel: 0.012 0.968 1.149
Gyro: 24.642 8.148 59.036
Accel: 0.029 0.940 1.104
Gyro: 40.924 16.448 58.349
Accel: 0.0000 0.918 1.032
Gyro: 55.801 25.833 57.632
Accel: 0.018 0.899 0.960
Gyro: 68.252 36.254 56.503
Accel: 0.057 0.879 0.891
Gyro: 77.697 50.445 55.191
Accel: 0.089 0.849 0.750
Gyro: 84.243 62.011 53.207
Accel: 0.092 0.839 0.739
Gyro: 88.485 67.901 50.567
Accel: 0.078 0.845 0.657
Gyro: 88.531 74.401 48.126
Accel: 0.058 0.855 0.581
Gyro: 82.702 75.775 45.333
Accel: 0.026 0.851 0.506
Gyro: 73.562 73.669 42.266
Accel: 0.0000 0.828 0.440
Gyro: 64.437 71.075 39.794
Accel: 0.008 0.797 0.394
Gyro: 55.816 67.840 36.102
Accel: 0.017 0.769 0.361
Gyro: 47.882 64.346 27.816
Accel: 0.043 0.732 0.326
Gyro: 41.778 60.104 27.069
Accel: 0.050 0.708 0.303
Gyro: 31.585 55.526 22.903
Accel: 0.065 0.686 0.294
Gyro: 27.313 50.796 18.753
Accel: 0.084 0.649 0.294
Gyro: 20.950 48.110 16.616
Accel: 0.087 0.635 0.279
Gyro: 19.317 47.943 16.586
Accel: 0.066 0.619 0.255
Gyro: 18.188 51.315 17.013
Accel: 0.083 0.613 0.226
Gyro: 16.769 53.588 17.593
Accel: 0.070 0.612 0.191
Gyro: 15.197 54.763 18.585
Accel: 0.078 0.604 0.148
Gyro: 8.041 56.030 18.554
Accel: 0.094 0.579 0.095
Gyro: 6.454 56.320 18.569
Accel: 0.112 0.537 0.034
Gyro: -1.113 57.601 19.165
Accel: 0.151 0.495 0.026
Gyro: -11.398 59.875 20.919
Accel: 0.189 0.451 0.085
Gyro: -23.605 62.652 24.505
Accel: 0.229 0.411 0.157
Gyro: -36.712 66.665 29.281
Accel: 0.277 0.352 0.248
Gyro: -50.170 71.350 35.156
Accel: 0.305 0.312 0.330
Gyro: -66.665 72.875 41.687
Accel: 0.301 0.261 0.444
Gyro: -88.577 71.380 48.278
Accel: 0.244 0.213 0.536
Gyro: -113.174 62.530 53.436
Accel: 0.138 0.146 0.596
Gyro: -143.447 55.435 59.249
Accel: 0.062 0.053 0.607
Gyro: -175.079 42.282 70.159
Accel: 0.313 0.007 0.554
Gyro: -206.253 22.674 88.287
Accel: 0.424 0.002 0.455
Gyro: -241.912 -14.617 112.930
Accel: 0.544 0.031 0.309
Gyro: -269.134 -54.962 143.295
Accel: 0.736 0.164 0.071
Gyro: -285.400 -97.0000 175.552
Accel: 1.046 0.279 0.349
Gyro: -298.004 -128.082 203.582
Accel: 1.433 0.405 0.633
Gyro: -296.615 -168.792 220.275
Accel: 1.783 0.190 1.059
Gyro: -247.329 -196.548 181.808
Accel: 2.339 0.025 1.370
Gyro: -178.421 -259.155 115.753
Accel: 2.699 0.208 1.701
Gyro: -108.489 -319.824 42.968
Accel: 2.981 0.359 2.118
Gyro: -52.947 -353.561 -23.101
Accel: 3.065 0.378 2.102
Gyro: -3.341 -378.448 -60.440
Accel: 3.078 0.361 2.141
Gyro: 32.302 -388.305 -72.006
Accel: 3.023 0.428 2.142
Gyro: 57.266 -362.991 -59.692
Accel: 2.915 0.569 2.042
Gyro: 76.034 -307.632 -44.265
Accel: 2.739 0.831 1.792
Gyro: 75.927 -246.765 -40.496
Accel: 2.653 1.041 1.622
Gyro: 68.786 -213.623 -45.120
Accel: 2.565 1.167 1.371
Gyro: 61.431 -202.178 -62.942
Accel: 2.376 1.273 1.111
Gyro: 59.417 -226.181 -87.768
Accel: 2.166 1.405 0.863
Gyro: 57.861 -265.487 -111.755
Accel: 1.858 1.504 0.680
Gyro: 49.850 -315.704 -126.235
Accel: 1.666 1.523 0.621
Gyro: 32.623 -363.052 -128.814
Accel: 1.629 1.472 0.684
Gyro: 10.406 -402.053 -124.343
Accel: 1.684 1.378 0.849
Gyro: -9.826 -426.483 -121.063
Accel: 1.791 1.280 1.047
Gyro: -23.757 -434.448 -123.321
Accel: 1.925 1.214 1.226
Gyro: -31.448 -430.755 -139.694
Accel: 2.018 1.192 1.427
Gyro: -34.744 -410.842 -165.023
Accel: 2.009 1.168 1.490
Gyro: -38.391 -387.420 -194.168
Accel: 1.883 1.062 1.429
Gyro: -54.412 -354.064 -227.050
Accel: 1.635 0.920 1.389
Gyro: -76.828 -316.680 -253.616
Accel: 1.419 0.637 1.330
Gyro: -105.331 -272.857 -269.424
Accel: 1.116 0.468 1.289
Gyro: -127.395 -228.759 -272.674
Accel: 0.766 0.270 1.238
Gyro: -145.126 -188.827 -267.623
Accel: 0.611 0.072 1.171
Gyro: -152.954 -160.736 -260.482
Accel: 0.401 0.085 1.091
Gyro: -148.086 -152.343 -252.059
Accel: 0.237 0.250 0.940
Gyro: -133.682 -160.324 -243.057
Accel: 0.123 0.411 0.920
Gyro: -113.937 -186.233 -235.214
Accel: 0.009 0.541 0.852
Gyro: -96.527 -211.563 -232.666
Accel: 0.157 0.662 0.811
Gyro: -80.200 -245.376 -235.702
Accel: 0.285 0.813 0.792
Gyro: -69.931 -267.318 -241.592
Accel: 0.442 0.981 0.833
Gyro: -66.802 -285.614 -244.934
Accel: 0.667 -1.156 0.910
Gyro: -69.915 -296.081 -240.051
Accel: 0.872 -1.302 0.972
Gyro: -76.278 -294.769 -223.159
Accel: 0.986 -1.424 1.049
Gyro: -79.223 -278.579 -194.580
Accel: -1.210 -1.498 1.136
Gyro: -79.620 -257.476 -157.638
Accel: -1.391 -1.566 1.209
Gyro: -81.130 -232.467 -109.115
Accel: -1.611 -1.551 1.299
Gyro: -79.299 -209.548 -44.540
Accel: -1.701 -1.511 1.358
Gyro: -70.526 -181.198 31.875
Accel: -1.629 -1.486 1.448
Gyro: -71.838 -149.963 112.426
Accel: -1.585 -1.357 1.564
Gyro: -74.661 -124.389 208.572
Accel: -1.396 -1.248 1.734
Gyro: -82.412 -94.528 301.864
Accel: -1.179 -1.138 1.907
Gyro: -86.090 -58.624 384.414
Accel: 0.804 -1.004 2.055
Gyro: -80.963 -17.166 454.437
Accel: 0.245 0.933 2.197
Gyro: -70.526 23.666 499.984
Accel: 0.513 0.837 2.334
Gyro: -62.225 64.163 499.984
Accel: 1.145 0.513 2.447
Gyro: -55.450 116.867 499.984
Accel: 1.701 0.205 2.583
Gyro: -45.898 169.052 499.984
Accel: 2.200 0.075 2.667
Gyro: -31.463 213.592 481.750
Accel: 2.662 0.083 2.739
Gyro: -21.682 239.196 462.799
Accel: 3.098 0.046 2.829
Gyro: 0.564 256.072 442.260
Accel: 3.427 0.156 2.925
Gyro: 39.901 274.810 412.902
Accel: 3.623 0.375 2.906
Gyro: 81.161 296.798 372.695
Accel: 3.597 0.594 2.725
Gyro: 127.990 314.880 329.330
Accel: 3.588 0.740 2.475
Gyro: 171.493 331.192 287.261
Accel: 3.546 0.839 2.126
Gyro: 204.925 345.291 247.589
Accel: 3.529 0.940 1.758
Gyro: 225.234 357.482 212.661
Accel: 3.637 1.077 1.439
Gyro: 227.737 372.131 176.101
Accel: 3.681 1.232 1.215
Gyro: 216.598 385.070 135.681
Accel: 3.608 1.358 0.996
Gyro: 192.489 389.938 89.279
Accel: 3.384 1.372 0.842
Gyro: 169.769 384.353 42.846
Accel: 3.183 1.289 0.727
Gyro: 156.143 370.071 4.776
Accel: 2.869 1.129 0.658
Gyro: 147.247 346.130 -16.464
Accel: 2.585 0.920 0.631
Gyro: 151.397 313.171 -26.184
Accel: 2.307 0.731 0.633
Gyro: 168.624 276.962 -26.321
Accel: 2.035 0.583 0.585
Gyro: 199.539 239.654 -25.573
Accel: 1.812 0.446 0.438
Gyro: 239.715 201.828 -29.571
Accel: 1.591 0.370 0.284
Gyro: 278.839 157.196 -43.777
Accel: 1.407 0.389 0.098
Gyro: 300.750 114.837 -68.969
Accel: 1.259 0.429 0.072
Gyro: 281.295 96.115 -102.050
Accel: 1.160 0.407 0.181
Gyro: 257.522 89.004 -134.078
Accel: 0.976 0.314 0.277
Gyro: 224.044 91.033 -158.996
Accel: 0.809 0.179 0.358
Gyro: 186.492 97.335 -175.979
Accel: 0.659 0.011 0.410
Gyro: 147.781 109.115 -183.975
Accel: 0.511 0.154 0.444
Gyro: 110.595 124.816 -184.585
Accel: 0.394 0.310 0.468
Gyro: 77.819 144.134 -178.115
Accel: 0.256 0.452 0.397
Gyro: 51.742 157.073 -164.840
Accel: 0.248 0.587 0.527
Gyro: 37.170 176.040 -155.746
Accel: 0.175 0.667 0.717
Gyro: 27.267 191.436 -140.960
Accel: 0.114 0.731 0.813
Gyro: 15.136 194.107 -129.714
Accel: 0.084 0.797 0.897
Gyro: 0.122 184.082 -122.116
Accel: 0.033 0.828 0.953
Gyro: -16.906 165.191 -116.302
Accel: 0.030 0.835 0.960
Gyro: -35.552 142.059 -111.404
Accel: 0.113 0.800 -1.025
Gyro: -48.995 128.158 -98.770
Accel: 0.261 0.729 -1.098
Gyro: -58.593 106.002 -86.868
Accel: 0.349 0.691 -1.154
Gyro: -77.667 75.027 -75.317
Accel: 0.385 0.669 -1.169
Gyro: -99.517 39.291 -65.277
Accel: 0.392 0.619 -1.144
Gyro: -123.870 6.652 -47.515
Accel: 0.380 0.581 -1.104
Gyro: -148.757 -28.381 -28.823
Accel: 0.353 0.539 -1.063
Gyro: -178.909 -58.776 -11.291
Accel: 0.255 0.499 -1.026
Gyro: -209.274 -85.815 4.684
Accel: 0.261 0.472 0.971
Gyro: -243.148 -116.821 17.333
Accel: 0.160 0.466 0.873
Gyro: -283.309 -153.259 31.524
Accel: 0.048 0.448 0.732
Gyro: -327.850 -191.329 52.810
Accel: 0.050 0.429 0.439
Gyro: -375.030 -229.034 70.526
Accel: 0.187 0.429 0.183
Gyro: -429.153 -267.776 96.466
Accel: 0.345 0.375 0.312
Gyro: -470.748 -302.139 120.635
Accel: 0.616 0.423 0.924
Gyro: -489.715 -330.0001 129.928
Accel: 1.077 0.472 1.822
Gyro: -478.469 -350.860 114.776
Accel: 1.661 0.545 2.699
Gyro: -449.172 -362.808 74.127
Accel: 1.831 0.420 3.288
Gyro: -405.395 -354.721 24.932
Accel: 1.947 0.493 4.125
Gyro: -366.317 -324.935 -12.695
Accel: 1.948 0.617 4.658
Gyro: -317.550 -279.785 -35.140
Accel: 1.809 0.621 5.323
Gyro: -245.620 -209.289 -37.643
Accel: 1.614 0.497 5.620
Gyro: -156.677 -130.081 -24.902
Accel: 1.500 0.428 5.490
Gyro: -77.880 -44.128 -9.521
Accel: 1.431 0.242 5.268
Gyro: 13.900 34.713 2.288
Accel: 1.394 0.146 4.852
Gyro: 71.243 100.265 -3.158
Accel: 1.360 0.085 4.406
Gyro: 109.878 142.700 -21.209
Accel: 1.272 0.078 3.955
Gyro: 148.529 163.543 -45.150
Accel: 1.078 0.096 3.565
Gyro: 186.767 163.131 -68.634
Accel: 0.909 0.179 3.218
Gyro: 228.927 152.099 -79.467
Accel: 0.815 0.272 2.927
Gyro: 269.363 139.221 -87.173
Accel: 0.761 0.341 2.664
Gyro: 306.152 126.541 -92.575
Accel: 0.745 0.386 2.426
Gyro: 336.257 121.261 -97.488
Accel: 0.782 0.441 2.185
Gyro: 368.652 124.160 -103.698
Accel: 0.773 0.470 1.936
Gyro: 387.222 132.751 -112.731
Accel: 0.748 0.502 1.655
Gyro: 405.548 146.179 -120.208
Accel: 0.734 0.565 1.341
Gyro: 420.623 161.270 -125.930
Accel: 0.706 0.645 1.0000
Gyro: 430.984 172.454 -129.867
Accel: 0.644 0.721 0.656
Gyro: 437.042 177.490 -132.324
Accel: 0.552 0.769 0.275
Gyro: 439.270 176.818 -131.698
Accel: 0.439 0.752 0.0001
Gyro: 431.396 170.593 -128.555
Accel: 0.325 0.650 0.283
Gyro: 398.468 160.079 -126.815
Accel: 0.261 0.556 0.508
Gyro: 357.238 151.611 -126.953
Accel: 0.217 0.562 0.653
Gyro: 309.875 147.949 -124.237
Accel: 0.166 0.529 0.802
Gyro: 268.325 145.553 -123.352
Accel: 0.116 0.520 0.899
Gyro: 225.479 140.213 -122.070
Accel: 0.058 0.500 0.979
Gyro: 186.233 131.027 -118.499
Accel: 0.021 0.531 -1.062
Gyro: 150.466 123.0001 -115.036
Accel: 0.009 0.579 -1.185
Gyro: 118.453 116.851 -111.404
Accel: 0.091 0.597 -1.291
Gyro: 90.988 108.947 -108.718
Accel: 0.191 0.603 -1.424
Gyro: 64.163 95.901 -106.399
Accel: 0.285 0.592 -1.532
Gyro: 42.678 72.402 -102.478
Accel: 0.347 0.591 -1.612
Gyro: 14.144 52.124 -94.390
Accel: 0.399 0.590 -1.672
Gyro: -10.513 27.664 -81.985
Accel: 0.456 0.573 -1.732
Gyro: -32.257 4.455 -66.879
Accel: 0.500 0.571 -1.790
Gyro: -59.265 -19.027 -52.307
Accel: 0.526 0.571 -1.816
Gyro: -90.896 -45.623 -40.802
Accel: 0.539 0.579 -1.796
Gyro: -127.090 -74.218 -26.840
Accel: 0.522 0.600 -1.769
Gyro: -166.534 -101.593 -11.718
Accel: 0.515 0.622 -1.666
Gyro: -207.687 -140.365 4.135
Accel: 0.511 0.701 -1.538
Gyro: -246.383 -168.441 20.294
Accel: 0.548 0.739 -1.346
Gyro: -285.812 -205.474 35.018
Accel: 0.590 0.790 -1.142
Gyro: -324.432 -226.928 49.087
Accel: 0.645 0.857 0.913
Gyro: -356.460 -247.741 62.667
Accel: 0.563 0.999 0.607
Gyro: -392.288 -273.696 76.690
Accel: 0.476 -1.225 0.197
Gyro: -427.139 -319.244 96.328
Accel: 0.262 -1.461 0.317
Gyro: -455.978 -388.015 124.206
Accel: 0.073 -1.620 0.964
Gyro: -464.965 -458.374 149.169
Accel: 0.005 -1.633 1.846
Gyro: -422.470 -481.018 162.277
Accel: 0.337 -1.636 2.809
Gyro: -319.259 -476.058 178.894
Accel: 0.551 -1.570 3.214
Gyro: -214.538 -438.858 191.497
Accel: 0.473 -1.310 3.396
Gyro: -120.773 -397.964 224.288
Accel: 0.605 -1.152 3.341
Gyro: -54.656 -357.391 270.324
Accel: 0.901 0.998 3.321
Gyro: -5.706 -308.578 308.242
Accel: 1.088 0.671 3.325
Gyro: 16.754 -241.882 314.865
Accel: 1.309 0.352 3.303
Gyro: 20.324 -159.790 305.374
Accel: 1.346 0.125 3.230
Gyro: 10.177 -68.298 296.783
Accel: 1.326 0.044 3.039
Gyro: -9.506 22.354 289.0001
Accel: 1.211 0.150 2.844
Gyro: -34.286 98.159 281.936
Accel: 1.094 0.194 2.562
Gyro: -55.221 162.246 275.299
Accel: 1.067 0.224 2.382
Gyro: -70.922 206.008 261.688
Accel: 0.966 0.372 2.278
Gyro: -71.258 230.972 233.581
Accel: 0.850 0.345 2.072
Gyro: -54.763 243.637 199.920
Accel: 0.706 0.325 1.835
Gyro: -37.414 237.442 172.195
Accel: 0.591 0.263 1.610
Gyro: -8.834 211.853 159.454
Accel: 0.509 0.204 1.393
Gyro: 26.687 174.331 157.302
Accel: 0.448 0.172 1.199
Gyro: 64.422 128.570 157.806
Accel: 0.425 0.146 1.031
Gyro: 99.090 80.810 156.204
Accel: 0.395 0.132 0.846
Gyro: 128.112 33.798 151.229
Accel: 0.840 0.525 0.241
Gyro: 155.441 -63.095 119.918
Accel: 1.095 0.754 0.217
Gyro: 164.520 -106.246 78.720
Accel: 0.751 0.391 0.722
Gyro: 144.821 -88.317 79.406
Accel: 0.482 0.173 0.672
Gyro: 100.997 -51.620 112.365
Accel: 0.312 0.028 0.553
Gyro: 38.162 -17.684 143.707
Accel: 0.337 0.151 0.498
Gyro: -21.530 0.930 158.615
Accel: 0.335 0.288 0.735
Gyro: -62.332 1.098 161.132
Accel: 0.342 0.285 0.776
Gyro: -88.333 6.774 152.572
Accel: 0.295 0.270 0.856
Gyro: -98.403 6.729 150.833
Accel: 0.365 0.251 0.875
Gyro: -94.924 5.950 138.565
Accel: 0.499 0.291 1.559
Gyro: -67.947 32.791 121.276
Accel: 0.191 0.615 2.011
Gyro: -35.003 80.276 104.583
Accel: 0.541 0.314 2.198
Gyro: -7.125 78.338 100.051
Accel: 0.086 0.108 1.450
Gyro: 22.140 86.898 83.099
Accel: 0.234 0.185 1.192
Gyro: 60.882 97.137 71.243
Accel: 0.085 0.014 1.229
Gyro: 98.175 106.704 76.019
Accel: 0.088 0.104 1.177
Gyro: 127.410 124.389 80.581
Accel: 0.097 0.240 1.018
Gyro: 145.126 154.327 76.522
Accel: 0.119 0.258 0.928
Gyro: 155.227 183.319 73.974
Accel: 0.042 0.269 0.893
Gyro: 150.268 206.512 71.563
Accel: 0.060 0.262 0.879
Gyro: 133.377 221.939 67.0001
Accel: 0.079 0.218 0.852
Gyro: 108.764 226.364 61.294
Accel: 0.122 0.178 0.841
Gyro: 80.856 221.252 54.656
Accel: 0.152 0.113 0.868
Gyro: 54.290 213.531 43.670
Accel: 0.175 0.063 0.889
Gyro: 34.286 199.890 40.374
Accel: 0.207 0.029 0.900
Gyro: 19.607 187.896 32.989
Accel: 0.231 0.019 0.906
Gyro: 20.217 178.070 26.748
Accel: 0.238 0.0001 0.886
Gyro: 24.734 163.940 22.796
Accel: 0.234 0.0001 0.853
Gyro: 33.935 152.191 19.943
Accel: 0.216 0.0001 0.820
Gyro: 44.265 145.111 18.173
Accel: 0.185 0.0000 0.794
Gyro: 53.802 144.500 17.120
Accel: 0.143 0.014 0.765
Gyro: 62.362 148.223 14.862
Accel: 0.109 0.024 0.738
Gyro: 68.450 153.518 12.237
Accel: 0.092 0.046 0.701
Gyro: 68.923 157.577 9.048
Accel: 0.101 0.063 0.657
Gyro: 62.133 158.737 5.264
Accel: 0.141 0.076 0.632
Gyro: 46.447 158.462 0.289
Accel: 0.206 0.092 0.612
Gyro: 23.345 157.623 -7.858
Accel: 0.271 0.097 0.602
Gyro: -4.364 155.273 -15.945
Accel: 0.327 0.083 0.630
Gyro: -32.516 154.739 -22.674
Accel: 0.342 0.066 0.703
Gyro: -54.382 157.302 -27.542
Accel: 0.348 0.040 0.776
Gyro: -65.200 159.255 -35.034
Accel: 0.336 0.004 0.928
Gyro: -64.849 162.292 -32.989
Accel: 0.305 0.054 1.0000
Gyro: -53.848 171.981 -35.247
Accel: 0.270 0.085 1.072
Gyro: -24.353 181.304 -40.893
Accel: 0.262 0.105 1.101
Gyro: 4.196 185.470 -48.629
Accel: 0.265 0.078 1.093
Gyro: 34.530 186.218 -57.739
Accel: 0.286 0.018 1.095
Gyro: 43.762 188.598 -68.481
Accel: 0.321 0.050 1.073
Gyro: 41.107 192.047 -79.254
Accel: 0.375 0.092 1.041
Gyro: 25.543 190.307 -88.668
Accel: 0.423 0.102 1.049
Gyro: 2.838 181.045 -99.578
Accel: 0.402 0.054 1.151
Gyro: -18.753 173.248 -109.878
Accel: 0.377 0.016 1.254
Gyro: -25.863 163.269 -124.023
Accel: 0.364 0.099 1.340
Gyro: -12.115 145.874 -132.080
Accel: 0.351 0.171 1.377
Gyro: 13.137 133.697 -145.935
Accel: 0.357 0.224 1.367
Gyro: 43.090 115.280 -161.254
Accel: 0.384 0.254 1.309
Gyro: 77.163 97.0000 -177.307
Accel: 0.405 0.250 1.205
Gyro: 104.370 80.368 -194.274
Accel: 0.437 0.270 1.127
Gyro: 129.531 60.974 -208.374
Accel: 0.426 0.242 1.070
Gyro: 144.897 57.495 -223.983
Accel: 0.453 0.265 0.944
Gyro: 155.059 58.624 -239.227
Accel: 0.485 0.322 0.822
Gyro: 165.710 59.005 -257.141
Accel: 0.561 0.372 0.740
Gyro: 181.167 57.540 -265.945
Accel: 0.601 0.426 0.630
Gyro: 200.698 58.868 -279.235
Accel: 0.606 0.556 0.647
Gyro: 229.431 63.079 -291.473
Accel: 0.630 0.590 0.642
Gyro: 253.433 70.510 -301.940
Accel: 0.747 0.702 0.595
Gyro: 283.752 80.169 -312.652
Accel: 0.737 0.793 0.555
Gyro: 316.528 80.841 -321.182
Accel: 0.802 0.856 0.533
Gyro: 344.711 72.708 -328.704
Accel: 0.841 0.914 0.543
Gyro: 361.846 58.624 -333.786
Accel: 0.864 0.942 0.548
Gyro: 371.063 48.889 -337.600
Accel: 0.879 0.965 0.574
Gyro: 362.075 31.723 -342.651
Accel: 0.885 -1.014 0.584
Gyro: 349.990 25.955 -350.402
Accel: 0.900 -1.057 0.672
Gyro: 339.035 18.890 -360.107
Accel: 0.911 -1.055 0.531
Gyro: 322.830 7.400 -370.101
Accel: -1.055 -1.006 0.616
Gyro: 299.468 -4.440 -381.774
Accel: -1.0001 0.915 0.610
Gyro: 274.078 -11.474 -392.898
Accel: -1.009 0.877 0.661
Gyro: 250.122 -17.349 -400.421
Accel: 0.963 0.866 0.710
Gyro: 231.216 -20.523 -403.686
Accel: 0.936 0.863 0.712
Gyro: 219.009 -21.896 -395.278
Accel: 0.963 0.809 0.714
Gyro: 212.966 -24.993 -386.505
Accel: 0.985 0.760 0.701
Gyro: 210.479 -31.204 -367.523
Accel: -1.037 0.628 0.676
Gyro: 210.830 -34.057 -344.573
Accel: -1.113 0.557 0.621
Gyro: 210.784 -46.905 -317.779
Accel: 0.939 0.426 0.591
Gyro: 203.338 -55.175 -287.292
Accel: 0.884 0.315 0.589
Gyro: 189.437 -57.952 -255.630
Accel: 0.800 0.193 0.284
Gyro: 156.570 -45.959 -220.672
Accel: 0.641 0.103 0.453
Gyro: 122.665 -24.841 -185.302
Accel: 0.582 0.162 0.615
Gyro: 96.542 -7.659 -152.236
Accel: 0.686 0.222 0.819
Gyro: 84.960 6.484 -114.990
Accel: 0.749 0.133 0.838
Gyro: 78.475 8.651 -80.474
Accel: 0.806 0.223 0.885
Gyro: 74.951 7.446 -49.468
Accel: 0.726 0.283 0.912
Gyro: 76.339 1.007 -18.585
Accel: 0.628 0.312 0.952
Gyro: 77.743 -2.334 9.017
Accel: 0.635 0.365 1.002
Gyro: 77.880 0.0000 33.111
Accel: 0.627 0.424 0.974
Gyro: 78.887 -2.410 47.943
Accel: 0.635 0.482 1.016
Gyro: 79.467 -6.805 65.551
Accel: 0.609 0.562 1.054
Gyro: 78.948 -13.732 68.115
Accel: 0.594 0.472 1.045
Gyro: 77.377 -22.338 68.298
Accel: 0.619 0.601 1.055
Gyro: 73.928 -33.462 70.297
Accel: 0.578 0.609 1.064
Gyro: 69.931 -48.782 69.503
Accel: 0.606 0.616 0.968
Gyro: 62.820 -63.827 67.565
Accel: 0.529 0.664 0.964
Gyro: 53.649 -76.293 62.088
Accel: 0.477 0.702 0.942
Gyro: 47.882 -84.609 54.672
Accel: 0.447 0.736 0.928
Gyro: 45.898 -91.857 44.219
Accel: 0.370 0.735 0.928
Gyro: 45.852 -95.275 28.030
Accel: 0.288 0.721 0.897
Gyro: 47.042 -92.636 19.088
Accel: 0.226 0.708 0.920
Gyro: 47.714 -83.770 6.866
Accel: 0.151 0.708 0.907
Gyro: 52.047 -69.992 -4.623
Accel: 0.132 0.721 0.898
Gyro: 60.485 -56.732 -14.663
Accel: 0.156 0.724 0.866
Gyro: 72.906 -47.317 -23.727
Accel: 0.194 0.720 0.863
Gyro: 85.037 -37.399 -34.729
Accel: 0.248 0.708 0.806
Gyro: 94.467 -29.586 -37.826
Accel: 0.241 0.690 0.809
Gyro: 99.777 -20.950 -44.342
Accel: 0.242 0.707 0.810
Gyro: 101.684 -7.843 -48.171
Accel: 0.240 0.717 0.785
Gyro: 103.256 -10.803 -49.896
Accel: 0.274 0.962 0.525
Gyro: 92.575 -14.099 -47.470
Accel: 0.069 -1.014 0.544
Gyro: 29.006 -12.268 -60.150
Accel: 0.327 0.964 0.537
Gyro: 0.854 -26.962 -54.779
Accel: 0.282 0.809 0.384
Gyro: -15.518 -41.641 -51.422
Accel: 0.327 0.881 0.457
Gyro: -24.673 -42.572 -46.463
Accel: 0.154 0.855 0.543
Gyro: -30.593 -35.095 -44.799
Accel: 0.118 0.933 0.645
Gyro: -18.722 -25.466 -41.442
Accel: 0.116 0.947 0.597
Gyro: -2.975 -17.578 -35.278
Accel: 0.151 0.979 0.511
Gyro: 9.765 -11.306 -31.631
Accel: 0.287 -1.037 0.556
Gyro: 33.218 -18.981 -33.081
Accel: 0.321 0.978 0.674
Gyro: 53.588 -21.835 -39.642
Accel: 0.308 0.918 0.596
Gyro: 57.769 -16.510 -48.828
Accel: 0.285 0.854 0.553
Gyro: 48.416 -9.277 -57.174
Accel: 0.259 0.832 0.516
Gyro: 26.672 -4.638 -64.559
Accel: 0.268 0.815 0.460
Gyro: -5.554 0.701 -69.519
Accel: 0.290 0.750 0.464
Gyro: -46.798 1.861 -73.120
Accel: 0.329 0.799 0.479
Gyro: -82.550 2.395 -76.110
Accel: 0.426 0.792 0.493
Gyro: -119.842 2.822 -77.880
Accel: 0.416 0.781 0.498
Gyro: -147.247 1.998 -78.186
Accel: 0.431 0.781 0.566
Gyro: -171.661 4.852 -76.080
Accel: 0.436 0.782 0.602
Gyro: -188.156 10.269 -72.006
Accel: 0.402 0.787 0.638
Gyro: -196.640 18.844 -66.207
Accel: 0.398 0.819 0.747
Gyro: -198.242 26.641 -57.693
Accel: 0.417 0.831 0.805
Gyro: -191.574 33.233 -48.065
Accel: 0.461 0.837 0.801
Gyro: -188.674 44.555 -38.513
Accel: 0.530 0.838 0.830
Gyro: -178.451 52.322 -29.052
Accel: 0.639 0.834 0.851
Gyro: -166.0000 55.099 -18.768
Accel: 0.807 0.813 0.872
Gyro: -154.846 53.482 -8.071
Accel: 0.819 0.757 0.894
Gyro: -147.567 50.659 1.220
Accel: 0.781 0.638 0.935
Gyro: -145.843 49.835 5.676
Accel: 0.715 0.573 1.073
Gyro: -152.236 71.685 9.902
Accel: 0.667 0.519 1.117
Gyro: -161.331 97.244 18.966
Accel: 0.692 0.539 1.245
Gyro: -166.778 116.180 25.131
Accel: 0.770 0.560 1.265
Gyro: -167.831 128.555 37.979
Accel: 0.885 0.624 1.313
Gyro: -163.009 127.593 48.980
Accel: -1.030 0.572 1.329
Gyro: -153.060 118.362 58.822
Accel: -1.148 0.578 1.328
Gyro: -139.358 99.960 69.229
Accel: -1.183 0.560 1.327
Gyro: -124.435 78.369 79.971
Accel: -1.150 0.528 1.347
Gyro: -112.915 62.423 89.843
Accel: -1.119 0.499 1.294
Gyro: -107.467 53.176 102.188
Accel: -1.098 0.480 1.244
Gyro: -106.842 46.432 114.715
Accel: -1.083 0.461 1.210
Gyro: -113.006 39.108 126.937
Accel: -1.055 0.444 1.201
Gyro: -112.930 42.556 137.939
Accel: -1.027 0.435 1.193
Gyro: -115.844 44.021 147.766
Accel: -1.013 0.435 1.194
Gyro: -116.653 47.607 156.234
Accel: 0.976 0.424 1.178
Gyro: -114.349 49.804 162.582
Accel: 0.934 0.432 1.249
Gyro: -109.909 56.076 167.022
Accel: 0.872 0.420 1.292
Gyro: -102.066 65.139 168.655
Accel: 0.853 0.430 1.307
Gyro: -89.904 70.739 170.074
Accel: 0.834 0.458 1.284
Gyro: -72.738 72.265 173.751
Accel: 0.816 0.441 1.273
Gyro: -52.581 73.043 178.466
Accel: 0.842 0.474 1.256
Gyro: -33.630 69.0000 184.219
Accel: 0.866 0.480 1.239
Gyro: -8.773 62.026 190.933
Accel: 0.921 0.476 1.193
Gyro: 9.933 52.154 198.272
Accel: 0.968 0.462 1.129
Gyro: 22.277 38.909 206.634
Accel: -1.004 0.443 1.042
Gyro: 34.530 26.306 216.598
Accel: 0.998 0.410 0.993
Gyro: 44.754 16.067 226.440
Accel: 0.990 0.389 0.900
Gyro: 53.390 3.524 234.756
Accel: 0.978 0.360 0.822
Gyro: 57.907 -9.246 244.308
Accel: 0.872 0.362 0.667
Gyro: 61.279 -17.837 260.391
Accel: 0.867 0.342 0.661
Gyro: 60.516 -34.347 271.713
Accel: 0.755 0.322 0.667
Gyro: 57.342 -38.238 289.276
Accel: 0.751 0.309 0.545
Gyro: 46.920 -44.921 307.617
Accel: 0.771 0.305 0.480
Gyro: 43.411 -51.589 324.096
Accel: 0.789 0.283 0.479
Gyro: 36.575 -51.559 338.684
Accel: 0.768 0.275 0.461
Gyro: 33.020 -48.583 349.319
Accel: 0.763 0.270 0.462
Gyro: 34.271 -44.692 362.777
Accel: 0.761 0.291 0.488
Gyro: 39.733 -42.358 366.378
Accel: 0.765 0.302 0.489
Gyro: 47.042 -43.960 372.360
Accel: 0.760 0.321 0.466
Gyro: 56.259 -57.373 375.946
Accel: 0.688 0.341 0.451
Gyro: 69.778 -67.367 376.022
Accel: 0.721 0.332 0.464
Gyro: 77.850 -77.407 370.697
Accel: 0.691 0.289 0.471
Gyro: 79.421 -80.261 359.268
Accel: 0.687 0.238 0.476
Gyro: 82.687 -78.598 345.092
Accel: 0.688 0.176 0.471
Gyro: 84.045 -77.072 331.741
Accel: 0.667 0.132 0.465
Gyro: 82.443 -78.414 318.481
Accel: 0.601 0.092 0.466
Gyro: 75.958 -84.945 306.610
Accel: 0.511 0.055 0.468
Gyro: 64.895 -97.351 295.822
Accel: 0.418 0.029 0.491
Gyro: 43.685 -105.178 284.713
Accel: 0.354 0.027 0.509
Gyro: 23.880 -107.498 271.667
Accel: 0.311 0.066 0.522
Gyro: 8.300 -113.967 258.468
Accel: 0.294 0.094 0.513
Gyro: -9.277 -121.261 246.627
Accel: 0.303 0.121 0.524
Gyro: -24.108 -127.120 236.785
Accel: 0.306 0.165 0.545
Gyro: -38.406 -130.966 225.463
Accel: 0.304 0.230 0.550
Gyro: -53.253 -140.457 212.310
Accel: 0.301 0.285 0.551
Gyro: -66.833 -151.443 195.312
Accel: 0.268 0.322 0.547
Gyro: -82.107 -167.633 189.285
Accel: 0.229 0.334 0.530
Gyro: -100.234 -183.395 184.600
Accel: 0.159 0.338 0.515
Gyro: -112.838 -202.209 184.875
Accel: 0.081 0.349 0.503
Gyro: -119.216 -216.506 188.156
Accel: 0.016 0.348 0.504
Gyro: -127.899 -224.822 193.710
Accel: 0.029 0.333 0.499
Gyro: -136.093 -228.424 199.996
Accel: 0.046 0.318 0.489
Gyro: -144.210 -230.133 206.176
Accel: 0.053 0.296 0.496
Gyro: -152.267 -228.973 208.999
Accel: 0.052 0.271 0.506
Gyro: -160.095 -224.884 203.277
Accel: 0.058 0.188 0.520
Gyro: -166.458 -219.619 199.981
Accel: 0.065 0.225 0.530
Gyro: -173.370 -212.814 189.025
Accel: 0.094 0.199 0.547
Gyro: -180.175 -204.040 176.666
Accel: 0.137 0.172 0.565
Gyro: -187.744 -192.092 165.176
Accel: 0.191 0.145 0.586
Gyro: -195.617 -178.833 156.265
Accel: 0.312 0.096 0.623
Gyro: -203.445 -164.520 151.351
Accel: 0.316 0.057 0.661
Gyro: -209.732 -152.160 148.0010
Accel: 0.371 0.018 0.720
Gyro: -213.470 -139.190 141.998
Accel: 0.394 0.005 0.761
Gyro: -217.712 -123.168 130.981
Accel: 0.370 0.041 0.784
Gyro: -220.657 -101.867 115.280
Accel: 0.322 0.097 0.818
Gyro: -220.840 -91.995 98.632
Accel: 0.290 0.146 0.850
Gyro: -218.368 -77.209 82.260
Accel: 0.282 0.182 0.874
Gyro: -214.019 -62.652 66.986
Accel: 0.301 0.213 0.898
Gyro: -207.0000 -52.078 52.932
Accel: 0.343 0.225 0.958
Gyro: -196.655 -43.746 39.016
Accel: 0.412 0.215 1.029
Gyro: -184.631 -30.578 25.848
Accel: 0.429 0.224 1.084
Gyro: -170.196 -16.143 10.345
Accel: 0.397 0.231 1.112
Gyro: -155.822 -4.806 -5.676
Accel: 0.339 0.256 1.134
Gyro: -137.802 4.089 -20.217
Accel: 0.306 0.274 1.136
Gyro: -122.360 10.696 -31.890
Accel: 0.302 0.285 1.155
Gyro: -106.719 14.602 -39.855
Accel: 0.316 0.265 1.156
Gyro: -95.230 18.585 -45.120
Accel: 0.343 0.238 1.163
Gyro: -82.672 24.841 -49.835
Accel: 0.360 0.212 1.169
Gyro: -72.082 32.913 -54.397
Accel: 0.362 0.188 1.177
Gyro: -62.591 41.488 -59.387
Accel: 0.345 0.181 1.177
Gyro: -52.871 49.072 -65.612
Accel: 0.306 0.176 1.176
Gyro: -42.587 55.419 -72.616
Accel: 0.276 0.167 1.172
Gyro: -32.592 61.553 -79.528
Accel: 0.264 0.139 1.154
Gyro: -16.036 67.367 -86.166
Accel: 0.261 0.090 1.163
Gyro: -4.150 74.905 -92.224
Accel: 0.258 0.038 1.150
Gyro: 1.632 83.404 -97.335
Accel: 0.244 0.009 1.158
Gyro: 10.894 90.972 -100.601
Accel: 0.218 0.022 1.148
Gyro: 19.683 96.527 -101.974
Accel: 0.195 0.038 1.143
Gyro: 28.228 98.983 -101.242
Accel: 0.177 0.060 1.133
Gyro: 36.178 98.922 -98.541
Accel: 0.167 0.079 1.117
Gyro: 42.938 96.969 -94.375
Accel: 0.158 0.095 1.092
Gyro: 47.424 89.843 -88.836
Accel: 0.147 0.112 1.070
Gyro: 50.125 91.720 -82.305
Accel: 0.143 0.131 1.061
Gyro: 50.399 91.644 -75.408
Accel: 0.150 0.145 1.048
Gyro: 49.163 91.674 -68.069
Accel: 0.147 0.152 1.034
Gyro: 47.515 89.767 -60.989
Accel: 0.137 0.151 1.027
Gyro: 45.791 85.876 -54.824
Accel: 0.124 0.143 1.024
Gyro: 43.441 80.749 -50.094
Accel: 0.114 0.136 1.007
Gyro: 41.076 75.408 -45.654
Accel: 0.107 0.129 0.992
Gyro: 38.497 69.580 -42.007
Accel: 0.104 0.125 0.979
Gyro: 35.614 65.338 -39.230
Accel: 0.105 0.062 0.966
Gyro: 32.470 63.003 -37.429
Accel: 0.108 0.120 0.953
Gyro: 29.479 62.622 -36.285
Accel: 0.106 0.117 0.952
Gyro: 26.565 64.453 -35.766
Accel: 0.0100 0.112 0.952
Gyro: 24.566 67.291 -35.018
Accel: 0.096 0.107 0.960
Gyro: 23.849 70.648 -34.545
Accel: 0.087 0.105 0.968
Gyro: 25.222 73.944 -34.225
Accel: 0.080 0.091 0.976
Gyro: 30.395 76.583 -34.698
Accel: 0.052 0.064 1.006
Gyro: 21.911 64.102 -34.912
Accel: 0.073 0.177 1.083
Gyro: 11.215 44.509 -31.677
Accel: 0.106 0.210 1.115
Gyro: -7.690 29.846 -26.641
Accel: 0.112 0.215 1.125
Gyro: -15.777 14.602 -19.714
Accel: 0.086 0.198 1.110
Gyro: -20.095 4.455 -12.542
Accel: 0.054 0.164 1.094
Gyro: -16.601 0.625 -6.469
Accel: 0.035 0.127 1.073
Gyro: -8.697 -2.441 -2.655
Accel: 0.027 0.093 1.063
Gyro: 0.213 -2.517 0.167
Accel: 0.009 0.069 1.055
Gyro: 6.652 -1.785 0.534
Accel: 0.021 0.056 1.040
Gyro: 12.664 0.411 0.122
Accel: 0.045 0.053 1.028
Gyro: 17.333 4.318 -1.403
Accel: 0.124 0.049 1.018
Gyro: 21.484 10.070 -2.578
Accel: 0.074 0.051 1.017
Gyro: 25.253 17.288 -2.716
Accel: 0.086 0.081 1.016
Gyro: 28.182 23.437 -1.846
Accel: 0.087 0.112 1.022
Gyro: 30.166 27.648 0.259
Accel: 0.075 0.132 1.025
Gyro: 29.785 28.732 1.632
Accel: 0.068 0.143 1.025
Gyro: 27.465 27.954 3.524
Accel: 0.070 0.151 1.024
Gyro: 24.276 25.711 5.310
Accel: 0.077 0.152 1.026
Gyro: 16.052 22.842 6.835
Accel: 0.089 0.152 1.020
Gyro: 16.479 20.568 7.873
Accel: 0.097 0.147 1.022
Gyro: 14.785 20.233 8.941
Accel: 0.104 0.140 1.022
Gyro: 15.136 21.469 9.796
Accel: 0.103 0.138 1.021
Gyro: 16.921 23.132 10.406
Accel: 0.0100 0.133 1.013
Gyro: 19.180 24.688 10.162
Accel: 0.093 0.134 1.004
Gyro: 20.751 26.596 8.743
Accel: 0.085 0.138 0.996
Gyro: 21.362 29.296 6.652
Accel: 0.074 0.137 0.988
Gyro: 22.384 32.882 3.906
Accel: 0.071 0.141 0.976
Gyro: 25.115 37.658 2.609
Accel: 0.065 0.164 0.974
Gyro: 28.656 42.892 2.532
Accel: 0.046 0.177 0.985
Gyro: 31.219 46.234 2.822
Accel: 0.017 0.185 1.0001
Gyro: 29.907 46.432 3.509
Accel: 0.0000 0.205 1.015
Gyro: 25.070 44.128 4.425
Accel: 0.030 0.214 1.029
Gyro: 17.440 35.202 5.172
Accel: 0.036 0.212 1.022
Gyro: 12.542 34.622 6.500
Accel: 0.053 0.215 1.038
Gyro: 7.736 23.803 8.407
Accel: 0.079 0.212 1.062
Gyro: 2.059 17.715 10.314
Accel: 0.087 0.208 1.077
Gyro: -4.364 5.752 12.374
Accel: 0.081 0.203 1.079
Gyro: -10.116 -5.889 14.480
Accel: 0.069 0.193 1.072
Gyro: -13.259 -15.441 16.372
Accel: 0.061 0.176 1.058
Gyro: -13.458 -21.987 18.539
Accel: 0.050 0.161 1.039
Gyro: -10.498 -24.581 20.080
