Accel: 0.006 0.007 1.008
Gyro: 0.305 0.518 0.259
Accel: 0.005 0.007 1.009
Gyro: 0.244 0.732 0.213
Accel: 0.005 0.008 1.007
Gyro: 0.198 0.717 0.259
Accel: 0.005 0.008 1.012
Gyro: 0.183 0.656 0.289
Accel: 0.004 0.006 1.011
Gyro: 0.259 0.640 0.213
Accel: 0.005 0.006 1.007
Gyro: 0.228 0.686 0.274
Accel: 0.005 0.009 1.007
Gyro: 0.244 0.686 0.289
Accel: 0.005 0.009 1.011
Gyro: 0.274 0.656 0.198
Accel: 0.005 0.005 1.008
Gyro: 0.198 0.595 0.152
Accel: 0.005 0.007 1.011
Gyro: 0.350 0.473 0.228
Accel: 0.004 0.006 1.0010
Gyro: 0.335 0.778 0.228
Accel: 0.005 0.005 1.008
Gyro: 0.259 0.747 0.213
Accel: 0.004 0.006 1.011
Gyro: 0.259 0.793 0.244
Accel: 0.004 0.005 1.009
Gyro: 0.305 0.701 0.244
Accel: 0.005 0.004 1.0010
Gyro: 0.244 0.747 0.244
Accel: 0.005 0.006 1.0010
Gyro: 0.259 0.747 0.274
Accel: 0.004 0.005 1.0010
Gyro: 0.183 0.656 0.289
Accel: 0.006 0.006 1.006
Gyro: 0.259 0.610 0.228
Accel: 0.004 0.007 1.012
Gyro: 0.244 0.717 0.244
Accel: 0.004 0.007 1.0010
Gyro: 0.274 0.808 0.289
Accel: 0.005 0.007 1.008
Gyro: 0.228 0.656 0.198
Accel: 0.005 0.007 1.009
Gyro: 0.167 0.854 0.244
Accel: 0.005 0.006 1.006
Gyro: 0.259 0.793 0.213
Accel: 0.003 0.005 1.0010
Gyro: 0.167 0.778 0.167
Accel: 0.006 0.006 1.013
Gyro: 0.213 0.717 0.183
Accel: 0.005 0.007 1.0010
Gyro: 0.366 0.869 0.152
Accel: 0.006 0.005 1.0010
Gyro: 0.259 0.823 0.106
Accel: 0.006 0.004 1.0010
Gyro: 0.289 0.793 0.091
Accel: 0.021 0.0000 1.009
Gyro: 0.122 0.778 0.823
Accel: 0.0001 0.009 1.007
Gyro: 0.350 0.839 0.885
Accel: 0.002 0.0010 1.011
Gyro: 0.320 0.656 0.366
Accel: 0.003 0.006 1.0010
Gyro: 0.228 0.747 0.198
Accel: 0.0000 0.007 1.009
Gyro: 0.259 0.778 0.015
Accel: 0.003 0.007 1.012
Gyro: 0.244 0.900 0.0000
Accel: 0.004 0.007 1.005
Gyro: 0.259 0.717 0.183
Accel: 0.004 0.005 1.009
Gyro: 0.320 0.671 0.167
Accel: 0.006 0.006 1.011
Gyro: 0.350 0.717 0.213
Accel: 0.006 0.004 1.009
Gyro: 0.228 0.671 0.167
Accel: 0.009 0.006 1.0010
Gyro: 0.289 0.625 0.213
Accel: 0.005 0.006 1.009
Gyro: 0.350 0.747 0.244
Accel: 0.005 0.007 1.006
Gyro: 0.198 0.747 0.259
Accel: 0.004 0.007 1.007
Gyro: 0.167 0.595 0.289
Accel: 0.005 0.006 1.0010
Gyro: 0.152 0.534 0.152
Accel: 0.004 0.007 1.012
Gyro: 0.122 0.854 0.320
Accel: 0.005 0.007 1.011
Gyro: 0.152 0.869 0.213
Accel: 0.005 0.006 1.008
Gyro: 0.335 0.762 0.228
Accel: 0.005 0.006 1.008
Gyro: 0.259 0.823 0.244
Accel: 0.004 0.007 1.008
Gyro: 0.183 0.762 0.289
Accel: 0.006 0.006 1.013
Gyro: 0.152 0.762 0.305
Accel: 0.006 0.007 1.008
Gyro: 0.137 0.732 0.259
Accel: 0.007 0.007 1.011
Gyro: 0.213 0.732 0.228
Accel: 0.005 0.006 1.009
Gyro: 0.244 0.701 0.244
Accel: 0.005 0.009 1.006
Gyro: 0.244 0.549 0.274
Accel: 0.005 0.007 1.009
Gyro: 0.213 0.762 0.259
Accel: 0.005 0.006 1.012
Gyro: 0.183 0.595 0.183
Accel: 0.004 0.006 1.008
Gyro: 0.320 0.549 0.320
Accel: 0.006 0.004 1.011
Gyro: 0.289 0.396 0.259
Accel: 0.006 0.007 1.0010
Gyro: 0.259 0.442 0.289
Accel: 0.005 0.006 1.005
Gyro: 0.289 0.335 0.244
Accel: 0.007 0.005 1.008
Gyro: 0.350 0.457 0.244
Accel: 0.006 0.005 1.0010
Gyro: 0.213 0.488 0.305
Accel: 0.006 0.006 1.007
Gyro: 0.350 0.335 0.274
Accel: 0.005 0.008 1.0010
Gyro: 0.320 0.503 0.305
Accel: 0.006 0.007 1.0010
Gyro: 0.274 0.503 0.152
Accel: 0.006 0.007 1.007
Gyro: 0.366 0.549 0.228
Accel: 0.004 0.007 1.011
Gyro: 0.305 0.503 0.274
Accel: 0.006 0.006 1.008
Gyro: 0.350 0.381 0.198
Accel: 0.006 0.008 1.008
Gyro: 0.305 0.305 0.274
Accel: 0.005 0.006 1.012
Gyro: 0.305 0.335 0.320
Accel: 0.004 0.007 1.009
Gyro: 0.427 0.366 0.259
Accel: 0.003 0.007 1.007
Gyro: 0.320 0.564 0.244
Accel: 0.004 0.007 1.012
Gyro: 0.335 0.564 0.320
Accel: 0.002 0.0010 1.007
Gyro: 0.320 0.534 0.396
Accel: 0.002 0.016 1.008
Gyro: 0.259 0.488 0.671
Accel: 0.0000 0.015 1.013
Gyro: 0.198 0.427 0.915
Accel: 0.013 0.017 1.009
Gyro: 0.305 0.396 0.564
Accel: 0.003 0.016 1.008
Gyro: 0.198 0.625 0.671
Accel: 0.0000 0.026 1.011
Gyro: 0.091 0.717 1.174
Accel: 0.002 0.032 1.009
Gyro: 0.076 0.671 1.876
Accel: 0.006 0.035 1.003
Gyro: 0.015 0.701 2.883
Accel: 0.006 0.023 1.020
Gyro: 0.045 0.442 4.226
Accel: 0.0000 0.045 1.009
Gyro: 0.015 0.793 5.798
Accel: 0.004 0.048 1.016
Gyro: 0.122 0.839 6.881
Accel: 0.0000 0.022 1.033
Gyro: 0.381 0.549 7.614
Accel: 0.009 0.028 1.0000
Gyro: 0.320 -1.037 6.988
Accel: 0.062 0.0010 0.982
Gyro: 0.366 0.991 6.576
Accel: 0.022 0.025 1.034
Gyro: 0.701 0.396 5.493
Accel: 0.012 0.025 1.002
Gyro: 0.244 -1.098 4.364
Accel: 0.019 0.039 1.004
Gyro: 0.244 0.747 2.914
Accel: 0.002 0.011 1.011
Gyro: 0.183 0.915 2.197
Accel: 0.004 0.0010 1.006
Gyro: 0.122 0.823 1.678
Accel: 0.004 0.0000 1.0010
Gyro: 0.076 0.854 1.480
Accel: 0.005 0.0001 1.008
Gyro: 0.122 0.701 1.205
Accel: 0.004 0.014 1.012
Gyro: 0.152 0.671 1.220
Accel: 0.005 0.004 1.012
Gyro: 0.106 0.747 1.281
Accel: 0.0001 0.016 1.008
Gyro: 0.015 0.762 1.419
Accel: 0.007 0.0001 1.0010
Gyro: 0.244 0.656 1.083
Accel: 0.007 0.015 1.009
Gyro: 0.213 0.762 0.808
Accel: 0.006 0.004 1.009
Gyro: 0.320 0.854 0.625
Accel: 0.004 0.002 1.008
Gyro: 0.213 0.778 0.610
Accel: 0.006 0.006 1.0010
Gyro: 0.137 0.732 0.564
Accel: 0.005 0.0000 1.0010
Gyro: 0.198 0.823 0.503
Accel: 0.004 0.006 1.009
Gyro: 0.305 0.686 0.503
Accel: 0.006 0.004 1.0010
Gyro: 0.244 0.610 0.381
Accel: 0.005 0.0000 1.0010
Gyro: 0.228 0.640 0.320
Accel: 0.006 0.002 1.006
Gyro: 0.320 0.579 0.259
Accel: 0.004 0.004 1.012
Gyro: 0.183 0.625 0.244
Accel: 0.005 0.004 1.0010
Gyro: 0.183 0.656 0.228
Accel: 0.005 0.004 1.0010
Gyro: 0.045 0.671 0.259
Accel: 0.004 0.006 1.0010
Gyro: 0.213 0.579 0.213
Accel: 0.004 0.006 1.009
Gyro: 0.244 0.747 0.213
Accel: 0.004 0.006 1.007
Gyro: 0.198 0.747 0.259
Accel: 0.008 0.008 1.0010
Gyro: 0.259 0.671 0.213
Accel: 0.006 0.007 1.009
Gyro: 0.305 0.640 0.213
Accel: 0.004 0.007 1.007
Gyro: 0.305 0.701 0.152
Accel: 0.005 0.008 1.0010
Gyro: 0.396 0.854 0.244
Accel: 0.006 0.006 1.006
Gyro: 0.213 0.762 0.228
Accel: 0.004 0.007 1.008
Gyro: 0.213 0.701 0.244
Accel: 0.007 0.007 1.013
Gyro: 0.152 0.762 0.259
Accel: 0.004 0.006 1.008
Gyro: 0.183 0.762 0.198
Accel: 0.007 0.005 1.009
Gyro: 0.244 0.808 0.274
Accel: 0.006 0.007 1.0010
Gyro: 0.228 0.732 0.213
Accel: 0.004 0.006 1.008
Gyro: 0.213 0.823 0.228
Accel: 0.004 0.007 1.0010
Gyro: 0.152 0.717 0.228
Accel: 0.006 0.006 1.013
Gyro: 0.244 0.717 0.213
Accel: 0.004 0.007 1.008
Gyro: 0.228 0.732 0.198
Accel: 0.005 0.006 1.007
Gyro: 0.228 0.640 0.259
Accel: 0.005 0.006 1.0010
Gyro: 0.152 0.610 0.213
Accel: 0.004 0.0010 1.008
Gyro: 0.167 0.579 0.289
Accel: 0.005 0.022 1.011
Gyro: 0.274 0.656 0.396
Accel: 0.003 0.024 1.014
Gyro: 0.106 0.564 0.671
Accel: 0.002 0.022 1.0010
Gyro: 0.244 0.427 0.961
Accel: 0.004 0.054 1.012
Gyro: 0.213 0.503 1.831
Accel: 0.009 0.101 1.028
Gyro: 0.335 0.106 4.867
Accel: 0.041 0.713 0.804
Gyro: 166.198 69.259 -48.095
Accel: 0.0100 0.616 0.759
Gyro: 146.972 58.044 -45.043
Accel: 0.102 0.439 0.742
Gyro: 130.203 50.537 -52.963
Accel: 0.209 0.338 0.773
Gyro: 116.455 43.045 -66.772
Accel: 0.229 0.315 0.787
Gyro: 106.948 33.721 -79.605
Accel: 0.150 0.322 0.739
Gyro: 91.659 12.496 -96.832
Accel: 0.049 0.327 0.799
Gyro: 94.787 15.808 -95.809
Accel: 0.070 0.437 0.808
Gyro: 102.615 19.729 -89.935
Accel: 0.307 0.583 0.800
Gyro: 110.717 17.929 -77.514
Accel: 0.361 0.676 0.775
Gyro: 112.533 12.420 -60.638
Accel: 0.345 0.703 0.708
Gyro: 106.903 2.593 -44.754
Accel: 0.212 0.644 0.698
Gyro: 95.443 -13.702 -33.874
Accel: 0.028 0.571 0.728
Gyro: 82.458 -34.057 -28.869
Accel: 0.041 0.541 0.784
Gyro: 71.487 -61.614 -25.833
Accel: 0.098 0.539 0.880
Gyro: 64.682 -89.981 -21.209
Accel: 0.033 0.598 1.0001
Gyro: 58.227 -123.703 -13.854
Accel: 0.106 0.573 1.102
Gyro: 54.168 -148.269 -3.067
Accel: 0.249 0.605 1.209
Gyro: 62.042 -160.675 13.732
Accel: 0.281 0.622 1.306
Gyro: 74.615 -179.702 31.402
Accel: 0.346 0.631 1.283
Gyro: 96.847 -198.348 43.395
Accel: 0.253 0.676 1.072
Gyro: 118.118 -221.664 47.576
Accel: 0.350 0.863 1.315
Gyro: 168.045 -211.853 29.983
Accel: 0.570 1.053 1.503
Gyro: 212.722 -191.894 -11.535
Accel: 0.782 1.237 1.579
Gyro: 235.458 -184.997 -65.505
Accel: 0.989 1.326 1.647
Gyro: 243.347 -168.823 -117.980
Accel: 1.096 1.337 1.645
Gyro: 240.585 -151.321 -163.085
Accel: 1.152 1.307 1.631
Gyro: 222.198 -127.593 -202.270
Accel: 1.186 1.215 1.682
Gyro: 195.007 -100.448 -233.840
Accel: 1.090 1.011 1.740
Gyro: 174.819 -62.942 -254.760
Accel: 0.960 0.883 1.723
Gyro: 168.807 -15.838 -262.344
Accel: 0.784 0.685 1.597
Gyro: 175.643 28.121 -260.650
Accel: 0.600 0.479 1.344
Gyro: 191.192 57.586 -254.745
Accel: 0.397 0.299 1.060
Gyro: 213.378 58.761 -247.695
Accel: 0.201 0.079 0.707
Gyro: 245.040 50.491 -246.322
Accel: 0.013 0.158 0.380
Gyro: 286.682 22.949 -250.854
Accel: 0.245 0.389 0.106
Gyro: 332.717 -20.553 -258.636
Accel: 0.556 0.665 0.184
Gyro: 371.063 -68.359 -267.410
Accel: 0.717 0.931 0.480
Gyro: 397.384 -114.715 -270.843
Accel: -1.046 -1.141 0.776
Gyro: 399.703 -154.983 -264.633
Accel: -1.335 -1.412 -1.085
Gyro: 373.535 -187.698 -247.299
Accel: -1.708 -1.684 -1.304
Gyro: 329.498 -193.511 -229.400
Accel: -2.104 -1.885 -1.384
Gyro: 260.467 -198.318 -187.820
Accel: -2.282 -2.176 -1.345
Gyro: 176.544 -191.009 -139.343
Accel: -2.521 -2.324 -1.346
Gyro: 97.366 -168.777 -56.472
Accel: -2.700 -2.395 -1.156
Gyro: 22.735 -147.689 43.273
Accel: -2.761 -2.371 -1.075
Gyro: -32.852 -127.731 150.787
Accel: -2.599 -2.239 0.978
Gyro: -73.669 -112.823 269.058
Accel: -2.114 -1.941 0.824
Gyro: -91.476 -101.898 381.729
Accel: -1.302 -1.517 0.623
Gyro: -102.645 -95.596 478.225
Accel: 0.082 0.890 0.406
Gyro: -116.287 -92.712 499.984
Accel: 0.854 0.064 0.103
Gyro: -136.138 -108.749 499.984
Accel: 1.514 0.886 0.273
Gyro: -135.421 -113.479 484.771
Accel: 2.033 1.815 0.861
Gyro: -114.440 -110.168 371.109
Accel: 2.710 2.206 1.320
Gyro: -113.021 -112.564 290.435
Accel: 3.024 2.563 1.860
Gyro: -133.468 -108.810 228.698
Accel: 3.135 2.885 2.326
Gyro: -151.229 -77.178 175.445
Accel: 3.285 3.106 2.817
Gyro: -148.880 -8.682 108.932
Accel: 3.081 3.309 2.804
Gyro: -130.065 54.092 31.097
Accel: 2.840 3.142 2.766
Gyro: -80.200 116.485 -44.052
Accel: 2.482 2.898 2.519
Gyro: -20.507 151.504 -104.415
Accel: 2.123 2.521 2.135
Gyro: 52.062 146.499 -146.911
Accel: 1.802 2.213 1.740
Gyro: 119.338 110.763 -179.321
Accel: 1.519 1.988 1.410
Gyro: 177.764 60.180 -208.999
Accel: 1.287 1.703 1.081
Gyro: 232.467 14.938 -235.015
Accel: 1.083 1.358 0.869
Gyro: 281.326 -17.944 -267.120
Accel: 0.896 0.991 0.558
Gyro: 319.152 -31.646 -290.969
Accel: 0.685 0.477 0.136
Gyro: 338.195 -34.667 -317.184
Accel: 0.442 0.102 0.179
Gyro: 346.206 -30.349 -339.965
Accel: 0.229 0.346 0.550
Gyro: 335.647 -31.692 -361.587
Accel: 0.115 0.680 0.864
Gyro: 306.884 -41.534 -381.500
Accel: 0.284 -1.187 -1.108
Gyro: 259.719 -55.465 -394.515
Accel: 0.567 -1.736 -1.291
Gyro: 191.894 -71.014 -387.512
Accel: -1.003 -2.218 -1.334
Gyro: 116.149 -87.326 -355.453
Accel: -1.635 -2.473 -1.479
Gyro: 41.030 -91.018 -290.725
Accel: -2.120 -2.753 -1.532
Gyro: -25.085 -82.077 -216.033
Accel: -2.500 -2.978 -1.449
Gyro: -72.525 -79.101 -118.957
Accel: -2.674 -3.093 -1.454
Gyro: -110.122 -74.707 -27.465
Accel: -2.808 -3.079 -1.328
Gyro: -136.688 -74.920 69.015
Accel: -2.759 -3.052 -1.255
Gyro: -154.632 -94.360 167.205
Accel: -2.538 -2.935 -1.028
Gyro: -162.261 -111.373 268.127
Accel: -2.065 -2.659 0.746
Gyro: -155.975 -118.881 363.418
Accel: -1.412 -2.264 0.494
Gyro: -152.023 -105.392 445.037
Accel: 0.720 -1.727 0.262
Gyro: -169.219 -68.283 499.984
Accel: 0.128 -1.019 0.016
Gyro: -220.031 -14.480 499.984
Accel: 1.020 0.211 0.255
Gyro: -299.224 39.581 499.984
Accel: 1.936 0.581 0.658
Gyro: -398.941 57.235 499.984
Accel: 2.468 1.346 1.173
Gyro: -498.687 38.330 499.984
Accel: 3.040 2.0000 1.909
Gyro: -499.969 30.441 433.334
Accel: 3.531 2.598 3.204
Gyro: -499.969 63.919 284.133
Accel: 3.619 2.802 3.812
Gyro: -499.969 123.291 140.991
Accel: 3.128 2.763 4.486
Gyro: -471.023 197.525 32.928
Accel: 2.619 2.414 4.401
Gyro: -382.003 270.156 -39.245
Accel: 1.916 2.311 4.177
Gyro: -279.983 308.929 -63.613
Accel: 1.607 1.869 3.905
Gyro: -176.254 328.018 -71.990
Accel: 1.236 1.606 3.562
Gyro: -63.171 335.342 -76.293
Accel: 1.042 1.328 3.139
Gyro: 52.230 335.372 -82.534
Accel: 1.011 1.132 2.568
Gyro: 153.625 325.439 -94.909
Accel: 0.915 0.918 1.973
Gyro: 248.687 308.319 -118.820
Accel: 0.807 0.567 1.357
Gyro: 331.222 281.478 -148.757
Accel: 0.583 0.338 0.685
Gyro: 399.276 261.566 -175.186
Accel: 0.317 0.182 0.112
Gyro: 431.365 248.931 -196.029
Accel: 0.131 0.023 0.861
Gyro: 417.449 257.934 -216.415
Accel: 0.124 0.280 -1.568
Gyro: 349.975 266.616 -244.873
Accel: 0.046 0.582 -2.350
Gyro: 226.699 252.670 -268.127
Accel: 0.329 0.795 -3.041
Gyro: 75.973 240.890 -256.103
Accel: 0.764 -1.009 -3.390
Gyro: -65.460 206.314 -211.288
Accel: 0.976 -1.411 -3.494
Gyro: -157.135 149.642 -172.561
Accel: -1.115 -1.546 -3.529
Gyro: -208.648 62.042 -120.391
Accel: -1.190 -1.578 -3.390
Gyro: -217.147 -40.527 -42.724
Accel: -1.260 -1.489 -3.163
Gyro: -199.966 -171.127 51.757
Accel: -1.122 -1.253 -2.796
Gyro: -180.404 -311.004 149.093
Accel: 0.694 -1.048 -2.210
Gyro: -158.309 -454.620 235.626
Accel: 0.147 0.649 -1.392
Gyro: -138.031 -499.969 302.246
Accel: 0.413 0.171 0.352
Gyro: -138.259 -499.969 339.050
Accel: 1.054 0.331 0.982
Gyro: -163.421 -499.969 325.180
Accel: 1.783 0.859 2.872
Gyro: -200.775 -499.969 292.816
Accel: 2.252 1.432 4.550
Gyro: -244.644 -499.969 239.974
Accel: 2.415 1.698 5.704
Gyro: -281.951 -225.769 180.770
Accel: 2.569 1.349 6.060
Gyro: -323.608 71.823 126.983
Accel: 1.453 1.341 5.462
Gyro: -346.725 269.882 103.942
Accel: 1.141 0.784 5.078
Gyro: -330.734 373.367 92.666
Accel: 0.677 0.496 4.583
Gyro: -257.400 414.489 78.735
Accel: 0.471 0.297 4.051
Gyro: -114.990 400.787 62.362
Accel: 0.368 0.230 3.363
Gyro: 36.941 349.044 44.296
Accel: 0.434 0.104 2.641
Gyro: 179.016 294.357 36.483
Accel: 0.542 0.027 1.907
Gyro: 298.049 250.762 31.051
Accel: 0.587 0.027 1.175
Gyro: 383.438 224.853 28.381
Accel: 0.702 0.050 0.410
Gyro: 436.264 217.376 24.032
Accel: 0.849 0.068 0.428
Gyro: 454.711 234.344 7.904
Accel: 0.931 0.088 -1.170
Gyro: 431.808 250.534 -28.320
Accel: 0.858 0.244 -2.101
Gyro: 362.014 256.271 -72.174
Accel: 0.672 0.171 -2.928
Gyro: 227.264 234.283 -106.628
Accel: 0.434 0.012 -3.481
Gyro: 66.528 205.688 -123.168
Accel: 0.087 0.200 -3.656
Gyro: -77.499 176.116 -120.697
Accel: 0.164 0.439 -3.573
Gyro: -177.108 127.197 -86.044
Accel: 0.428 0.496 -3.470
Gyro: -235.382 45.181 -37.796
Accel: 0.606 0.377 -3.232
Gyro: -268.051 -67.245 21.499
Accel: 0.523 0.307 -2.703
Gyro: -279.632 -196.380 83.358
Accel: 0.306 0.018 -2.122
Gyro: -282.012 -314.590 128.112
Accel: 0.046 0.185 -1.299
Gyro: -289.047 -443.313 145.462
Accel: 0.261 0.278 0.299
Gyro: -295.837 -499.969 133.682
Accel: 0.725 0.315 1.120
Gyro: -300.292 -499.969 93.994
Accel: 1.255 0.360 3.043
Gyro: -293.273 -499.969 40.191
Accel: 2.038 0.078 4.875
Gyro: -305.175 -499.969 -15.304
Accel: 2.072 0.015 6.364
Gyro: -309.799 -280.303 -50.430
Accel: 1.447 0.011 6.920
Gyro: -297.668 -5.508 -45.776
Accel: 0.596 0.0100 6.762
Gyro: -251.815 239.120 -6.179
Accel: 0.078 0.379 6.041
Gyro: -165.786 412.536 52.352
Accel: 0.054 0.584 5.038
Gyro: -55.511 486.404 109.344
Accel: 0.004 0.531 3.891
Gyro: 56.518 482.254 152.572
Accel: 0.084 0.425 2.781
Gyro: 166.717 427.963 173.889
Accel: 0.168 0.289 1.926
Gyro: 266.693 344.726 168.960
Accel: 0.338 0.176 1.091
Gyro: 354.385 256.774 143.386
Accel: 0.522 0.078 0.290
Gyro: 423.751 190.780 109.542
Accel: 0.647 0.028 0.490
Gyro: 458.602 149.353 74.447
Accel: 0.781 0.044 -1.199
Gyro: 450.469 129.806 42.694
Accel: 0.803 0.123 -1.860
Gyro: 399.871 124.633 8.255
Accel: 0.713 0.108 -2.433
Gyro: 323.760 129.394 -16.311
Accel: 0.576 0.082 -2.982
Gyro: 228.820 133.972 -36.544
Accel: 0.476 0.029 -3.390
Gyro: 106.689 128.173 -51.406
Accel: 0.277 0.129 -3.600
Gyro: -7.690 110.900 -53.985
Accel: 0.117 0.236 -3.628
Gyro: -93.215 73.379 -42.770
Accel: 0.121 0.239 -3.655
Gyro: -173.980 -10.894 -7.736
Accel: 0.242 0.177 -3.490
Gyro: -250.473 -105.300 32.821
Accel: 0.204 0.085 -2.960
Gyro: -317.840 -214.340 63.720
Accel: 0.048 0.064 -2.113
Gyro: -365.661 -340.423 78.948
Accel: 0.238 0.185 -1.077
Gyro: -381.256 -461.898 77.102
Accel: 0.502 0.215 0.181
Gyro: -380.416 -499.969 62.438
Accel: 0.864 0.188 1.695
Gyro: -358.184 -499.969 35.583
Accel: 1.363 0.361 3.245
Gyro: -330.352 -499.969 8.605
Accel: 1.655 0.440 4.475
Gyro: -322.631 -409.194 -2.395
Accel: 1.507 0.545 5.301
Gyro: -326.782 -221.466 1.861
Accel: 1.007 0.567 5.681
Gyro: -318.466 -25.741 23.681
Accel: 0.433 0.682 5.440
Gyro: -270.004 117.675 62.118
Accel: 0.123 0.637 5.215
Gyro: -187.789 224.838 94.711
Accel: 0.036 0.487 4.333
Gyro: -103.820 272.735 116.546
Accel: 0.234 0.296 3.647
Gyro: -15.274 279.327 123.321
Accel: 0.258 0.109 3.067
Gyro: 65.032 255.767 120.483
Accel: 0.235 0.032 2.515
Gyro: 150.863 220.214 112.640
Accel: 0.170 0.148 2.006
Gyro: 227.462 186.035 102.111
Accel: 0.081 0.243 1.439
Gyro: 293.243 164.413 101.501
Accel: 0.034 0.378 0.900
Gyro: 332.809 150.711 99.548
Accel: 0.020 0.491 0.396
Gyro: 342.0010 138.519 96.374
Accel: 0.065 0.622 0.042
Gyro: 324.813 131.576 89.477
Accel: 0.049 0.669 0.425
Gyro: 291.076 126.556 78.918
Accel: 0.026 0.731 0.620
Gyro: 235.626 117.279 65.826
Accel: 0.033 0.728 0.775
Gyro: 183.715 103.530 51.406
Accel: 0.009 0.727 0.877
Gyro: 121.322 85.281 38.696
Accel: 0.058 0.745 0.943
Gyro: 60.745 64.575 31.890
Accel: 0.116 0.732 0.932
Gyro: 4.821 41.854 23.742
Accel: 0.131 0.703 0.863
Gyro: -42.221 17.761 24.093
Accel: 0.156 0.625 0.734
Gyro: -79.483 -1.571 21.606
Accel: 0.151 0.660 0.583
Gyro: -108.215 -18.173 19.012
Accel: 0.150 0.643 0.425
Gyro: -125.427 -28.717 15.533
Accel: 0.165 0.625 0.266
Gyro: -142.318 -33.554 11.779
Accel: 0.183 0.565 0.088
Gyro: -154.663 -34.973 9.506
Accel: 0.204 0.490 0.070
Gyro: -160.400 -34.133 9.536
Accel: 0.174 0.400 0.237
Gyro: -161.071 -35.751 12.390
Accel: 0.064 0.295 0.413
Gyro: -159.347 -50.155 15.045
Accel: 0.0000 0.232 0.600
Gyro: -157.028 -63.583 11.291
Accel: 0.003 0.221 0.792
Gyro: -153.244 -79.757 1.037
Accel: 0.040 0.178 1.059
Gyro: -151.687 -92.987 -12.649
Accel: 0.071 0.107 1.198
Gyro: -152.832 -99.075 -24.932
Accel: 0.071 0.031 1.383
Gyro: -152.572 -94.009 -30.014
Accel: 0.029 0.042 1.534
Gyro: -146.347 -79.467 -26.565
Accel: 0.009 0.083 1.633
Gyro: -132.324 -58.044 -12.405
Accel: 0.049 0.128 1.659
Gyro: -112.976 -45.425 -3.814
Accel: 0.136 0.175 1.914
Gyro: -98.724 -34.988 2.563
Accel: 0.076 0.094 1.846
Gyro: -86.776 -25.0100 4.135
Accel: 0.038 0.071 1.768
Gyro: -76.583 -13.854 3.784
Accel: 0.062 0.045 1.709
Gyro: -64.666 -3.128 4.867
Accel: 0.121 0.014 1.685
Gyro: -49.835 10.070 9.674
Accel: 0.075 0.015 1.711
Gyro: -32.135 20.294 16.174
Accel: 0.139 0.062 1.580
Gyro: -17.990 29.754 21.835
Accel: 0.161 0.128 1.437
Gyro: -5.676 36.605 25.527
Accel: 0.169 0.189 1.319
Gyro: 2.090 40.924 28.137
Accel: 0.177 0.247 1.218
Gyro: 6.042 41.931 28.381
Accel: 0.189 0.282 1.141
Gyro: 7.156 39.825 26.443
Accel: 0.204 0.315 1.077
Gyro: 8.224 31.555 23.696
Accel: 0.207 0.337 1.019
Gyro: 9.140 30.792 21.163
Accel: 0.204 0.349 0.973
Gyro: 8.865 25.054 18.569
Accel: 0.206 0.360 0.944
Gyro: 6.942 18.814 15.930
Accel: 0.194 0.362 0.935
Gyro: 4.089 13.595 14.694
Accel: 0.185 0.359 0.938
Gyro: 3.005 11.550 14.389
Accel: 0.183 0.357 0.999
Gyro: 3.417 11.062 14.511
Accel: 0.173 0.351 0.934
Gyro: 4.440 11.795 14.724
Accel: 0.164 0.346 0.922
Gyro: 5.630 12.237 14.419
Accel: 0.146 0.345 0.907
Gyro: 6.118 12.0100 13.046
Accel: 0.138 0.349 0.895
Gyro: 5.355 10.894 10.116
Accel: 0.134 0.341 0.885
Gyro: 4.226 8.773 6.515
Accel: 0.134 0.333 0.881
Gyro: 3.341 6.362 3.890
Accel: 0.141 0.318 0.884
Gyro: 2.746 4.135 1.602
Accel: 0.156 0.308 0.890
Gyro: 3.021 3.326 0.762
Accel: 0.158 0.294 0.899
Gyro: 3.128 3.326 0.823
Accel: 0.162 0.290 0.901
Gyro: 2.410 4.486 1.159
Accel: 0.166 0.283 0.897
Gyro: 1.144 6.317 1.602
Accel: 0.167 0.277 0.889
Gyro: -1.083 8.0010 1.632
Accel: 0.166 0.272 0.886
Gyro: -4.272 9.552 1.464
Accel: 0.177 0.264 0.889
Gyro: -6.866 10.452 0.976
Accel: 0.182 0.255 0.892
Gyro: -8.422 10.971 0.701
Accel: 0.191 0.248 0.894
Gyro: -9.155 10.772 1.174
Accel: 0.200 0.245 0.893
Gyro: -9.857 9.445 2.029
Accel: 0.208 0.246 0.891
Gyro: -10.742 8.071 2.685
Accel: 0.207 0.248 0.898
Gyro: -12.191 7.354 2.822
Accel: 0.209 0.256 0.913
Gyro: -13.641 7.690 1.983
Accel: 0.215 0.261 0.931
Gyro: -13.885 9.689 0.488
Accel: 0.216 0.258 0.937
Gyro: -13.565 11.795 -1.159
Accel: 0.229 0.260 0.936
Gyro: -13.763 13.0000 -2.197
Accel: 0.241 0.258 0.932
Gyro: -14.175 13.427 -2.349
Accel: 0.243 0.254 0.927
Gyro: -14.816 13.366 -1.998
Accel: 0.245 0.246 0.930
Gyro: -19.531 13.076 -1.342
Accel: 0.260 0.244 0.937
Gyro: -15.899 13.290 0.320
Accel: 0.264 0.233 0.942
Gyro: -15.121 13.381 1.312
Accel: 0.270 0.229 0.942
Gyro: -13.854 13.458 3.082
Accel: 0.270 0.230 0.941
Gyro: -12.649 13.137 5.081
Accel: 0.261 0.236 0.935
Gyro: -12.008 12.634 6.668
Accel: 0.259 0.249 0.934
Gyro: -11.535 11.947 7.156
Accel: 0.256 0.256 0.932
Gyro: -10.955 11.474 6.668
Accel: 0.187 0.259 0.936
Gyro: -10.253 9.963 5.645
Accel: 0.242 0.258 0.939
Gyro: -9.124 7.781 4.592
Accel: 0.236 0.259 0.943
Gyro: -7.675 5.844 3.479
Accel: 0.236 0.258 0.947
Gyro: -6.118 4.577 2.304
Accel: 0.238 0.260 0.954
Gyro: -4.531 0.091 1.083
Accel: 0.233 0.258 0.955
Gyro: -3.601 3.540 0.045
Accel: 0.234 0.259 0.958
Gyro: -3.112 3.555 -1.144
Accel: 0.235 0.260 0.963
Gyro: -2.777 4.119 -2.456
Accel: 0.241 0.260 0.960
Gyro: -2.288 5.722 -3.814
