Accel: 0.003 0.007 1.009
Gyro: 0.228 0.686 0.305
Accel: 0.003 0.007 1.007
Gyro: 0.213 0.762 0.198
Accel: 0.002 0.009 1.0010
Gyro: 0.244 0.732 0.259
Accel: 0.003 0.007 1.009
Gyro: 0.213 0.823 0.259
Accel: 0.003 0.008 1.008
Gyro: 0.244 0.747 0.244
Accel: 0.002 0.007 1.011
Gyro: 0.152 0.717 0.274
Accel: 0.003 0.007 1.008
Gyro: 0.167 0.656 0.274
Accel: 0.0001 0.006 1.0010
Gyro: 0.213 0.610 0.244
Accel: 0.002 0.007 1.0010
Gyro: 0.213 0.686 0.274
Accel: 0.002 0.006 1.007
Gyro: 0.244 0.732 0.274
Accel: 0.003 0.009 1.0010
Gyro: 0.167 0.686 0.244
Accel: 0.004 0.007 1.0010
Gyro: 0.167 0.656 0.183
Accel: 0.002 0.007 1.008
Gyro: 0.274 0.671 0.213
Accel: 0.003 0.009 1.009
Gyro: 0.259 0.701 0.289
Accel: 0.003 0.009 1.009
Gyro: 0.183 0.732 0.381
Accel: 0.004 0.0010 1.006
Gyro: 0.244 0.701 0.244
Accel: 0.004 0.009 1.009
Gyro: 0.228 0.701 0.305
Accel: 0.002 0.009 1.0010
Gyro: 0.122 0.656 0.244
Accel: 0.002 0.008 1.007
Gyro: 0.183 0.686 0.289
Accel: 0.002 0.008 1.012
Gyro: 0.228 0.625 0.259
Accel: 0.002 0.007 1.0010
Gyro: 0.122 0.717 0.228
Accel: 0.003 0.0010 1.007
Gyro: 0.198 0.732 0.259
Accel: 0.002 0.007 1.008
Gyro: 0.167 0.762 0.259
Accel: 0.002 0.007 1.011
Gyro: 0.228 0.640 0.228
Accel: 0.004 0.008 1.009
Gyro: 0.137 0.732 0.244
Accel: 0.002 0.006 1.013
Gyro: 0.259 0.686 0.305
Accel: 0.003 0.007 1.009
Gyro: 0.183 0.671 0.228
Accel: 0.002 0.008 1.007
Gyro: 0.167 0.686 0.289
Accel: 0.003 0.007 1.0010
Gyro: 0.183 0.717 0.259
Accel: 0.0001 0.007 1.0010
Gyro: 0.167 0.686 0.335
Accel: 0.002 0.009 1.0010
Gyro: 0.183 0.732 0.244
Accel: 0.002 0.009 1.011
Gyro: 0.137 0.640 0.259
Accel: 0.002 0.006 1.008
Gyro: 0.183 0.732 0.305
Accel: 0.003 0.008 1.006
Gyro: 0.213 0.732 0.244
Accel: 0.0001 0.008 1.0010
Gyro: 0.259 0.686 0.244
Accel: 0.002 0.008 1.0010
Gyro: 0.152 0.564 0.228
Accel: 0.003 0.008 1.0010
Gyro: 0.152 0.686 0.244
Accel: 0.002 0.006 1.012
Gyro: 0.183 0.579 0.274
Accel: 0.003 0.009 1.0010
Gyro: 0.213 0.549 0.274
Accel: 0.003 0.006 1.006
Gyro: 0.183 0.793 0.183
Accel: 0.002 0.006 1.012
Gyro: 0.228 0.625 0.274
Accel: 0.002 0.007 1.007
Gyro: 0.122 0.640 0.320
Accel: 0.0001 0.009 1.0010
Gyro: 0.259 0.656 0.228
Accel: 0.002 0.009 1.011
Gyro: 0.244 0.732 0.244
Accel: 0.003 0.008 1.008
Gyro: 0.152 0.686 0.244
Accel: 0.002 0.007 1.009
Gyro: 0.183 0.625 0.183
Accel: 0.002 0.007 1.0010
Gyro: 0.259 0.564 0.259
Accel: 0.002 0.008 1.008
Gyro: 0.198 0.625 0.244
Accel: 0.003 0.008 1.008
Gyro: 0.213 0.747 0.152
Accel: 0.0001 0.0010 1.013
Gyro: 0.213 0.549 0.259
Accel: 0.003 0.007 1.008
Gyro: 0.198 0.640 0.259
Accel: 0.0001 0.008 1.008
Gyro: 0.228 0.671 0.198
Accel: 0.002 0.008 1.009
Gyro: 0.213 0.564 0.198
Accel: 0.003 0.008 1.007
Gyro: 0.259 0.656 0.213
Accel: 0.003 0.009 1.0010
Gyro: 0.274 0.717 0.213
Accel: 0.003 0.006 1.014
Gyro: 0.183 0.640 0.213
Accel: 0.002 0.006 1.008
Gyro: 0.106 0.640 0.289
Accel: 0.002 0.008 1.0010
Gyro: 0.183 0.671 0.259
Accel: 0.002 0.008 1.0010
Gyro: 0.183 0.640 0.289
Accel: 0.002 0.007 1.008
Gyro: 0.152 0.671 0.305
Accel: 0.004 0.008 1.0010
Gyro: 0.122 0.640 0.259
Accel: 0.0001 0.008 1.011
Gyro: 0.106 0.610 0.350
Accel: 0.0000 0.054 1.013
Gyro: 0.076 0.701 1.480
Accel: 0.057 0.046 1.016
Gyro: 0.061 0.900 5.508
Accel: 0.023 0.035 1.007
Gyro: 0.0000 0.686 4.470
Accel: 0.059 0.0000 1.007
Gyro: 0.015 0.839 4.730
Accel: 0.004 0.0010 1.0010
Gyro: 0.015 0.778 4.760
Accel: 0.020 0.022 1.006
Gyro: 0.106 0.640 3.738
Accel: 0.013 0.038 1.051
Gyro: 0.213 0.671 2.410
Accel: 0.037 0.039 1.004
Gyro: 0.244 0.747 0.549
Accel: 0.002 0.009 1.008
Gyro: 0.244 0.610 0.320
Accel: 0.003 0.009 1.009
Gyro: 0.320 0.793 0.305
Accel: 0.002 0.008 1.0010
Gyro: 0.320 0.762 0.244
Accel: 0.003 0.008 1.011
Gyro: 0.289 0.686 0.244
Accel: 0.004 0.006 1.008
Gyro: 0.228 0.671 0.228
Accel: 0.002 0.009 1.011
Gyro: 0.183 0.686 0.198
Accel: 0.002 0.008 1.0010
Gyro: 0.137 0.686 0.183
Accel: 0.004 0.007 1.0010
Gyro: 0.076 0.762 0.244
Accel: 0.004 0.008 1.0010
Gyro: 0.167 0.610 0.152
Accel: 0.0001 0.008 1.008
Gyro: 0.152 0.747 0.213
Accel: 0.003 0.008 1.006
Gyro: 0.228 0.717 0.259
Accel: 0.003 0.008 1.012
Gyro: 0.213 0.717 0.305
Accel: 0.003 0.009 1.0010
Gyro: 0.259 0.732 0.335
Accel: 0.003 0.008 1.008
Gyro: 0.183 0.686 0.244
Accel: 0.003 0.007 1.012
Gyro: 0.198 0.732 0.244
Accel: 0.003 0.006 1.008
Gyro: 0.167 0.701 0.167
Accel: 0.0001 0.009 1.007
Gyro: 0.183 0.640 0.198
Accel: 0.003 0.009 1.011
Gyro: 0.213 0.564 0.259
Accel: 0.002 0.008 1.009
Gyro: 0.259 0.686 0.213
Accel: 0.003 0.008 1.0010
Gyro: 0.259 0.640 0.213
Accel: 0.003 0.008 1.011
Gyro: 0.183 0.625 0.213
Accel: 0.0001 0.007 1.008
Gyro: 0.213 0.732 0.228
Accel: 0.0001 0.009 1.007
Gyro: 0.244 0.686 0.289
Accel: 0.003 0.008 1.0010
Gyro: 0.289 0.610 0.183
Accel: 0.002 0.009 1.009
Gyro: 0.213 0.671 0.259
Accel: 0.002 0.007 1.011
Gyro: 0.244 0.747 0.228
Accel: 0.0001 0.006 1.0010
Gyro: 0.289 0.686 0.244
Accel: 0.003 0.008 1.005
Gyro: 0.228 0.732 0.244
Accel: 0.002 0.007 1.009
Gyro: 0.183 0.686 0.274
Accel: 0.002 0.008 1.012
Gyro: 0.228 0.625 0.167
Accel: 0.002 0.008 1.0010
Gyro: 0.045 0.762 0.289
Accel: 0.002 0.008 1.011
Gyro: 0.244 0.701 0.244
Accel: 0.003 0.007 1.0010
Gyro: 0.289 0.640 0.259
Accel: 0.002 0.008 1.007
Gyro: 0.183 0.747 0.259
Accel: 0.002 0.009 1.0010
Gyro: 0.198 0.762 0.244
Accel: 0.002 0.0010 1.011
Gyro: 0.259 0.701 0.183
Accel: 0.0001 0.009 1.009
Gyro: 0.198 0.701 0.213
Accel: 0.004 0.009 1.012
Gyro: 0.228 0.717 0.244
Accel: 0.003 0.007 1.0010
Gyro: 0.076 0.762 0.244
Accel: 0.002 0.008 1.007
Gyro: 0.167 0.808 0.198
Accel: 0.0000 0.008 1.0000
Gyro: 0.015 -1.235 0.183
Accel: 0.0000 0.008 1.007
Gyro: 0.091 0.961 0.213
Accel: 0.003 0.011 0.937
Gyro: 0.198 0.915 0.106
Accel: 0.003 0.009 1.003
Gyro: 0.183 0.762 0.228
Accel: 0.006 0.009 1.004
Gyro: 0.167 0.854 0.152
Accel: 0.003 0.007 1.006
Gyro: 0.137 0.747 0.213
Accel: 0.003 0.008 1.014
Gyro: 0.183 0.823 0.198
Accel: 0.0010 0.004 1.046
Gyro: 0.137 -1.083 0.137
Accel: 0.008 0.016 1.029
Gyro: 0.396 0.854 0.244
Accel: 0.002 0.009 1.011
Gyro: 0.061 -1.037 0.167
Accel: 0.0000 0.004 1.015
Gyro: 0.274 -1.525 0.152
Accel: 0.004 0.008 1.012
Gyro: 0.122 -1.998 0.167
Accel: 0.0000 0.0010 1.034
Gyro: 0.625 -3.997 0.564
Accel: 0.006 0.012 1.034
Gyro: 1.174 -6.683 0.457
Accel: 0.0001 0.0010 1.017
Gyro: 1.235 -7.934 0.396
Accel: 0.011 0.009 0.996
Gyro: 1.220 -6.790 0.488
Accel: 0.007 0.009 1.011
Gyro: 1.113 -6.332 0.534
Accel: 0.007 0.009 1.016
Gyro: 1.113 -6.591 0.473
Accel: 0.005 0.008 1.014
Gyro: 1.327 -7.080 0.457
Accel: 0.0010 0.008 1.0001
Gyro: 1.312 -6.790 0.381
Accel: 0.013 0.005 0.992
Gyro: 1.251 -5.798 0.473
Accel: 0.014 0.009 1.003
Gyro: 0.930 -4.684 0.686
Accel: 0.009 0.019 1.027
Gyro: 1.220 -5.691 -1.190
Accel: 0.236 0.020 0.801
Gyro: 3.356 1.846 5.569
Accel: 0.193 0.029 0.855
Gyro: -3.128 5.401 4.516
Accel: 0.152 0.030 0.951
Gyro: -8.453 5.950 3.372
Accel: 0.160 0.049 1.093
Gyro: -10.711 2.365 0.320
Accel: 0.269 0.105 1.332
Gyro: -9.063 -12.863 -5.111
Accel: 0.400 0.073 1.261
Gyro: 3.494 -23.788 -9.384
Accel: 0.371 0.018 1.271
Gyro: 18.066 -34.301 -9.918
Accel: 0.415 0.030 1.253
Gyro: 20.584 -49.713 -10.787
Accel: 0.489 0.024 1.312
Gyro: 21.392 -64.346 -16.006
Accel: 0.513 0.008 1.436
Gyro: 34.072 -78.781 -23.635
Accel: 0.535 0.031 1.561
Gyro: 56.427 -86.151 -29.861
Accel: 0.613 0.083 1.623
Gyro: 84.060 -91.873 -34.912
Accel: 0.715 0.172 1.591
Gyro: 116.699 -96.801 -41.427
Accel: 0.746 0.269 1.611
Gyro: 151.748 -97.137 -52.566
Accel: 0.718 0.330 1.547
Gyro: 180.541 -96.160 -68.145
Accel: 0.758 0.369 1.549
Gyro: 204.711 -94.848 -84.991
Accel: 0.800 0.362 1.478
Gyro: 221.145 -97.778 -100.967
Accel: 0.897 0.398 1.379
Gyro: 230.026 -104.705 -107.238
Accel: 0.975 0.481 1.770
Gyro: 234.222 -114.456 -116.485
Accel: 0.835 0.431 1.370
Gyro: 249.923 -126.174 -128.234
Accel: 0.827 0.477 1.370
Gyro: 252.563 -135.070 -138.504
Accel: 0.776 0.474 1.053
Gyro: 251.632 -136.627 -144.073
Accel: 0.735 0.462 0.999
Gyro: 238.571 -133.255 -146.118
Accel: 0.737 0.474 0.971
Gyro: 224.685 -128.829 -144.531
Accel: 0.706 0.491 0.929
Gyro: 201.965 -123.352 -140.304
Accel: 0.666 0.497 0.883
Gyro: 178.054 -115.219 -135.330
Accel: 0.666 0.515 0.863
Gyro: 154.968 -105.773 -128.341
Accel: 0.663 0.543 0.829
Gyro: 132.843 -90.438 -117.248
Accel: 0.625 0.560 0.801
Gyro: 110.153 -79.864 -114.807
Accel: 0.595 0.560 0.787
Gyro: 95.779 -66.040 -109.329
Accel: 0.554 0.541 0.783
Gyro: 80.780 -54.0000 -104.187
Accel: 0.573 0.556 0.787
Gyro: 71.273 -44.006 -98.114
Accel: 0.504 0.570 0.780
Gyro: 67.321 -33.081 -94.635
Accel: 0.532 0.549 0.790
Gyro: 64.346 -26.748 -96.450
Accel: 0.445 0.566 0.738
Gyro: 62.728 -20.553 -99.822
Accel: 0.360 0.555 0.679
Gyro: 64.468 -14.038 -102.752
Accel: 0.313 0.525 0.639
Gyro: 64.453 -5.981 -106.903
Accel: 0.263 0.505 0.615
Gyro: 63.369 -1.144 -110.702
Accel: 0.196 0.495 0.573
Gyro: 61.965 0.411 -112.976
Accel: 0.139 0.477 0.518
Gyro: 59.143 -3.036 -112.945
Accel: 0.062 0.454 0.493
Gyro: 57.601 -10.253 -109.832
Accel: 0.102 0.427 0.476
Gyro: 59.310 -19.073 -105.331
Accel: 0.078 0.406 0.447
Gyro: 64.544 -26.199 -100.753
Accel: 0.089 0.398 0.439
Gyro: 72.509 -33.111 -94.848
Accel: 0.106 0.415 0.426
Gyro: 81.207 -38.604 -88.394
Accel: 0.087 0.440 0.415
Gyro: 88.226 -42.572 -83.053
Accel: 0.061 0.458 0.401
Gyro: 94.848 -45.562 -79.589
Accel: 0.023 0.471 0.376
Gyro: 99.288 -48.522 -77.011
Accel: 0.021 0.484 0.345
Gyro: 102.127 -50.537 -74.234
Accel: 0.056 0.487 0.317
Gyro: 104.858 -51.284 -70.175
Accel: 0.094 0.507 0.282
Gyro: 106.689 -50.262 -64.361
Accel: 0.103 0.529 0.253
Gyro: 106.872 -48.873 -55.908
Accel: 0.078 0.549 0.229
Gyro: 104.675 -46.554 -43.518
Accel: 0.047 0.588 0.199
Gyro: 99.395 -40.939 -40.313
Accel: 0.037 0.629 0.174
Gyro: 89.706 -32.943 -35.003
Accel: 0.037 0.669 0.147
Gyro: 76.553 -24.719 -31.799
Accel: 0.052 0.698 0.128
Gyro: 60.836 -18.020 -30.075
Accel: 0.036 0.722 0.126
Gyro: 44.647 -13.961 -27.313
Accel: 0.021 0.765 0.146
Gyro: 29.922 -11.123 -23.239
Accel: 0.055 0.825 0.172
Gyro: 18.112 -5.752 -20.492
Accel: 0.054 0.877 0.201
Gyro: 9.750 3.677 -20.675
Accel: 0.052 0.910 0.223
Gyro: 3.753 4.913 -23.956
Accel: 0.055 0.929 0.235
Gyro: -2.822 9.262 -28.411
Accel: 0.059 0.875 0.248
Gyro: -9.841 12.741 -32.073
Accel: 0.077 0.930 0.256
Gyro: -16.525 15.914 -35.232
Accel: 0.084 0.919 0.274
Gyro: -21.133 17.486 -38.467
Accel: 0.081 0.919 0.296
Gyro: -22.277 16.601 -41.992
Accel: 0.064 0.923 0.315
Gyro: -19.958 14.968 -45.394
Accel: 0.040 0.923 0.324
Gyro: -15.289 12.420 -48.690
Accel: 0.029 0.917 0.331
Gyro: -10.192 9.094 -49.972
Accel: 0.025 0.905 0.323
Gyro: 0.381 5.950 -48.797
Accel: 0.008 0.886 0.309
Gyro: 0.259 1.937 -45.761
Accel: 0.004 0.878 0.299
Gyro: 4.074 -2.944 -41.412
Accel: 0.008 0.877 0.289
Gyro: 7.644 -7.522 -36.422
Accel: 0.019 0.872 0.279
Gyro: 11.734 -10.925 -32.501
Accel: 0.036 0.871 0.273
Gyro: 16.372 -14.099 -28.289
Accel: 0.033 0.879 0.268
Gyro: 20.919 -16.998 -19.577
Accel: 0.037 0.890 0.188
Gyro: 24.200 -18.218 -19.027
Accel: 0.046 0.891 0.235
Gyro: 26.123 -18.463 -15.518
Accel: 0.053 0.896 0.224
Gyro: 26.397 -19.454 -12.283
Accel: 0.063 0.905 0.212
Gyro: 25.665 -19.409 -9.124
Accel: 0.079 0.915 0.205
Gyro: 24.963 -19.134 -5.737
Accel: 0.074 0.914 0.194
Gyro: 24.765 -19.485 -2.716
Accel: 0.053 0.909 0.181
Gyro: 24.017 -18.875 0.030
Accel: 0.015 0.915 0.183
Gyro: 21.514 -18.707 1.846
Accel: 0.028 0.925 0.186
Gyro: 17.562 -17.868 1.602
Accel: 0.046 0.930 0.193
Gyro: 12.802 -15.213 -1.190
Accel: 0.060 0.929 0.199
Gyro: 8.666 -12.466 -5.340
Accel: 0.051 0.925 0.205
Gyro: 5.844 -11.672 -9.033
Accel: 0.035 0.913 0.209
Gyro: 5.081 -12.390 -10.818
Accel: 0.030 0.888 0.214
Gyro: 6.851 -13.778 -10.696
Accel: 0.016 0.866 0.212
Gyro: 10.360 -15.808 -8.590
Accel: 0.006 0.864 0.213
Gyro: 14.358 -19.561 0.442
Accel: 0.022 0.865 0.212
Gyro: 18.356 -22.491 0.762
Accel: 0.042 0.868 0.215
Gyro: 21.926 -23.971 3.906
Accel: 0.067 0.889 0.207
Gyro: 24.398 -24.429 4.928
Accel: 0.067 0.908 0.203
Gyro: 25.588 -24.063 3.341
Accel: 0.0000 0.918 0.197
Gyro: 25.466 -23.818 0.137
Accel: 0.055 0.915 0.186
Gyro: 24.932 -23.223 -3.189
Accel: 0.050 0.909 0.128
Gyro: 23.864 -22.552 -5.264
Accel: 0.038 0.893 0.128
Gyro: 23.132 -21.255 -6.134
Accel: 0.013 0.877 0.177
Gyro: 22.003 -19.958 -5.569
Accel: 0.014 0.867 0.162
Gyro: 19.805 -20.324 -3.173
Accel: 0.032 0.853 0.148
Gyro: 17.074 -21.209 1.632
Accel: 0.051 0.845 0.141
Gyro: 15.228 -21.286 8.956
Accel: 0.063 0.857 0.137
Gyro: 13.854 -20.858 18.371
Accel: 0.049 0.863 0.135
Gyro: 12.283 -18.569 26.428
Accel: 0.037 0.875 0.130
Gyro: 9.857 -15.014 33.401
Accel: 0.033 0.898 0.118
Gyro: 6.088 -10.620 38.208
Accel: 0.030 0.909 0.106
Gyro: -3.753 -6.240 41.030
Accel: 0.042 0.910 0.090
Gyro: -6.713 -2.334 42.678
Accel: 0.085 0.901 0.076
Gyro: -14.053 0.854 45.608
Accel: 0.127 0.874 0.067
Gyro: -21.331 -2.197 52.139
Accel: 0.159 0.828 0.060
Gyro: -27.084 -5.126 65.826
Accel: 0.162 0.780 0.082
Gyro: -30.471 -10.757 81.039
Accel: 0.084 0.753 0.103
Gyro: -31.417 -15.289 94.360
Accel: 0.044 0.760 0.130
Gyro: -30.776 -16.342 109.848
Accel: 0.009 0.783 0.158
Gyro: -29.312 -15.441 121.139
Accel: 0.028 0.823 0.166
Gyro: -28.533 -13.031 127.243
Accel: 0.026 0.852 0.164
Gyro: -28.213 -11.077 129.638
Accel: 0.013 0.837 0.152
Gyro: -27.740 -11.367 132.415
Accel: 0.062 0.779 0.136
Gyro: -26.306 -14.434 139.739
Accel: 0.017 0.700 0.126
Gyro: -22.872 -20.324 150.772
Accel: 0.061 0.650 0.104
Gyro: -18.859 -26.336 165.512
Accel: 0.144 0.636 0.0100
Gyro: -16.906 -33.782 178.649
Accel: 0.219 0.675 0.108
Gyro: -17.684 -40.206 186.798
Accel: 0.259 0.754 0.137
Gyro: -19.943 -42.739 188.507
Accel: 0.295 0.793 0.165
Gyro: -21.713 -40.405 184.738
Accel: 0.323 0.802 0.183
Gyro: -21.530 -35.934 179.0000
Accel: 0.321 0.777 0.179
Gyro: -20.523 -30.868 174.743
Accel: 0.282 0.713 0.160
Gyro: -18.600 -28.091 174.102
Accel: 0.261 0.624 0.131
Gyro: -16.204 -28.106 178.024
Accel: 0.289 0.567 0.119
Gyro: -15.090 -30.639 185.348
Accel: 0.373 0.626 0.082
Gyro: -16.586 -31.951 189.285
Accel: 0.384 0.706 0.052
Gyro: -22.323 -26.885 183.105
Accel: 0.399 0.742 0.036
Gyro: -34.347 -19.866 170.532
Accel: 0.422 0.722 0.014
Gyro: -39.138 -12.832 157.974
Accel: 0.383 0.632 0.002
Gyro: -45.547 -9.979 148.086
Accel: 0.302 0.512 0.0001
Gyro: -49.591 -15.457 144.287
Accel: 0.232 0.381 0.005
Gyro: -50.796 -26.992 145.462
Accel: 0.217 0.229 0.022
Gyro: -48.675 -40.084 149.230
Accel: 0.249 0.085 0.021
Gyro: -44.189 -49.957 156.646
Accel: 0.236 0.013 0.004
Gyro: -40.359 -56.137 169.662
Accel: 0.237 0.091 0.002
Gyro: -37.902 -62.820 189.025
Accel: 0.263 0.112 0.017
Gyro: -37.338 -69.229 209.762
Accel: 0.249 0.145 0.024
Gyro: -36.773 -76.080 223.770
Accel: 0.225 0.188 0.030
Gyro: -35.263 -83.847 232.330
Accel: 0.177 0.260 0.004
Gyro: -32.775 -96.298 241.256
Accel: 0.244 0.381 0.051
Gyro: -27.343 -107.147 250.320
Accel: 0.342 0.437 0.104
Gyro: -20.767 -112.411 260.665
Accel: 0.522 0.429 0.143
Gyro: -15.197 -106.201 268.005
Accel: 0.611 0.400 0.161
Gyro: -7.919 -93.307 268.020
Accel: 0.643 0.364 0.164
Gyro: -10.910 -73.715 264.205
Accel: 0.612 0.355 0.067
Gyro: -11.947 -54.946 257.369
Accel: 0.515 0.414 0.093
Gyro: -13.580 -43.594 248.977
Accel: 0.372 0.538 0.053
Gyro: -11.856 -37.918 244.064
Accel: 0.188 0.718 0.012
Gyro: -7.064 -34.423 245.223
Accel: 0.248 0.956 0.003
Gyro: -3.250 -32.409 248.870
Accel: 5.442 0.494 1.999
Gyro: -2.548 -111.328 84.609
Accel: 3.0000 4.549 0.135
Gyro: -136.184 112.731 -19.424
Accel: 1.744 -2.328 0.619
Gyro: -86.227 11.260 -39.291
Accel: 0.377 -1.630 0.284
Gyro: -29.632 26.397 -4.119
Accel: 0.452 0.008 0.708
Gyro: 22.201 9.643 40.817
Accel: 0.749 0.345 0.394
Gyro: 4.669 -8.621 -4.425
Accel: 0.865 0.052 0.515
Gyro: -3.402 -26.290 0.152
Accel: 0.609 0.0010 0.306
Gyro: 13.473 -36.529 0.900
Accel: 1.081 0.048 0.294
Gyro: 16.860 -34.500 3.250
Accel: 1.003 0.034 0.279
Gyro: 31.463 -28.610 5.462
Accel: 0.879 0.062 0.107
Gyro: 43.960 -23.071 7.431
Accel: 0.910 0.099 0.160
Gyro: 46.127 -19.592 6.835
Accel: 1.166 0.076 0.232
Gyro: 36.941 -21.316 6.378
Accel: 1.026 0.011 0.088
Gyro: 22.674 -21.652 4.165
Accel: 0.972 0.015 0.087
Gyro: 8.666 -20.965 1.663
Accel: 0.995 0.032 0.133
Gyro: 5.462 -24.185 0.915
Accel: 0.997 0.056 0.166
Gyro: 7.339 -28.518 0.564
Accel: 1.012 0.016 0.152
Gyro: 9.796 -31.951 0.289
Accel: 1.004 0.034 0.083
Gyro: 10.513 -30.929 0.0000
Accel: 0.937 0.013 0.0010
Gyro: 9.887 -28.350 0.045
Accel: 0.997 0.055 0.014
Gyro: 4.150 -25.314 0.244
Accel: 1.045 0.075 0.0000
Gyro: 5.111 -22.674 0.350
Accel: 0.995 0.077 0.035
Gyro: 3.616 -20.721 0.503
Accel: 0.979 0.060 0.018
Gyro: 3.311 -19.744 0.503
Accel: 1.0010 0.0010 0.013
Gyro: 1.770 -18.112 0.350
Accel: 1.036 0.011 0.029
Gyro: 1.251 -14.389 0.076
Accel: 0.986 0.016 0.040
Gyro: 0.778 -9.811 0.289
Accel: 1.053 0.008 0.020
Gyro: 0.427 -5.294 0.411
Accel: 1.097 0.002 0.0001
Gyro: 0.167 -2.761 0.289
Accel: 1.019 0.0010 0.015
Gyro: 0.122 0.717 0.228
Accel: 1.008 0.003 0.004
Gyro: 0.122 1.632 0.228
Accel: 0.982 0.003 0.009
Gyro: 0.396 3.311 0.122
Accel: 0.986 0.002 0.043
Gyro: 0.152 3.707 0.228
Accel: 1.005 0.003 0.122
Gyro: 0.732 2.868 0.030
Accel: 1.0001 0.002 0.074
Gyro: 0.503 1.861 0.045
Accel: 1.007 0.0000 0.058
Gyro: 1.190 0.778 0.091
Accel: 0.991 0.0000 0.042
Gyro: 0.976 1.068 0.106
Accel: 1.011 0.005 0.036
Gyro: 0.244 1.022 0.076
Accel: 0.997 0.009 0.051
Gyro: 0.305 0.808 0.106
Accel: 0.983 0.006 0.066
Gyro: 0.473 -3.814 0.091
Accel: 1.0010 0.005 0.073
Gyro: 0.137 -1.556 0.198
Accel: 1.0000 0.003 0.075
Gyro: 3.860 -3.356 0.274
Accel: 0.944 0.002 0.071
Gyro: -3.860 -4.760 0.152
Accel: 0.991 0.005 0.069
Gyro: -3.890 -6.271 0.213
Accel: 0.990 0.0001 0.076
Gyro: 0.274 -7.995 0.320
Accel: 0.995 0.003 0.075
Gyro: 0.137 -9.887 0.335
Accel: 0.984 0.004 0.074
Gyro: 0.228 -12.0100 0.350
Accel: 0.999 0.0000 0.067
Gyro: 0.564 -13.671 0.350
Accel: 1.0001 0.0000 0.059
Gyro: 0.854 -15.167 0.320
Accel: 0.992 0.0001 0.054
Gyro: 0.854 -16.326 0.335
Accel: 0.994 0.0000 0.037
Gyro: 1.068 -16.967 0.335
Accel: 0.992 0.008 0.009
Gyro: 0.839 -16.525 0.244
Accel: 0.941 0.004 0.002
Gyro: 0.427 -15.090 0.320
Accel: 1.0001 0.0000 0.003
Gyro: 0.213 -13.839 0.228
Accel: 1.013 0.003 0.008
Gyro: 0.106 -12.741 0.076
Accel: 0.996 0.0000 0.006
Gyro: 0.106 -12.161 0.106
Accel: 0.998 0.003 0.0000
Gyro: 0.076 -11.047 0.076
Accel: 1.004 0.0001 0.018
Gyro: 0.198 -9.628 0.0000
Accel: 0.998 0.007 0.011
Gyro: 0.122 -7.995 0.076
Accel: 1.006 0.004 0.020
Gyro: 0.564 -6.134 0.213
Accel: 1.0010 0.004 0.027
Gyro: 0.213 -4.058 0.366
Accel: 1.009 0.0001 0.029
Gyro: 0.015 -1.586 0.320
Accel: 1.009 0.004 0.031
Gyro: 0.045 0.808 0.289
Accel: 1.006 0.004 0.020
Gyro: 0.228 2.700 0.289
Accel: 1.0000 0.004 0.009
Gyro: 0.228 4.287 0.320
Accel: 0.999 0.006 0.003
Gyro: 0.366 5.081 0.305
Accel: 1.011 0.0000 0.006
Gyro: 0.381 5.432 0.137
Accel: 1.0001 0.0001 0.0010
Gyro: 0.091 5.767 0.274
Accel: 1.0001 0.004 0.019
Gyro: 0.015 5.737 0.320
Accel: 1.003 0.005 0.020
Gyro: 0.045 5.325 0.381
Accel: 0.987 0.003 0.035
Gyro: 0.015 4.470 0.305
Accel: 0.994 0.0001 0.046
Gyro: 0.289 3.173 0.213
Accel: 0.998 0.062 0.052
Gyro: 0.564 1.144 0.305
Accel: 1.003 0.0000 0.047
Gyro: 0.549 0.610 0.137
Accel: 0.999 0.002 0.047
Gyro: 0.411 -2.319 0.228
Accel: 0.995 0.0001 0.031
Gyro: 0.656 -3.387 0.213
Accel: 0.999 0.004 0.016
Gyro: 0.564 -3.387 0.198
Accel: 0.997 0.005 0.0001
Gyro: 0.366 -2.777 0.259
Accel: 1.004 0.004 0.007
Gyro: 0.183 -1.663 0.396
Accel: 1.009 0.002 0.012
Gyro: 0.076 0.213 0.335
Accel: 1.011 0.0001 0.011
Gyro: 0.274 1.983 0.259
Accel: 1.006 0.003 0.017
Gyro: 0.122 3.814 0.274
Accel: 1.003 0.002 0.013
Gyro: 0.045 5.859 0.259
Accel: 1.003 0.004 0.002
Gyro: 0.0000 7.461 0.167
Accel: 1.0000 0.002 0.002
Gyro: 0.106 9.017 0.137
Accel: 1.008 0.003 0.017
Gyro: 0.106 10.925 0.122
Accel: 1.016 0.005 0.019
Gyro: 0.305 13.595 0.259
Accel: 1.006 0.006 0.023
Gyro: 0.381 16.708 0.350
Accel: 1.006 0.004 0.015
Gyro: 0.915 19.515 0.381
Accel: 1.003 0.004 0.006
Gyro: -1.022 21.179 0.366
Accel: 0.937 0.003 0.034
Gyro: -1.174 22.201 0.320
Accel: 0.995 0.0000 0.057
Gyro: -1.083 21.804 0.137
Accel: 1.0000 0.0001 0.069
Gyro: 0.503 20.828 0.122
Accel: 1.0000 0.002 0.068
Gyro: 0.381 19.714 0.122
Accel: 0.992 0.0001 0.068
Gyro: 0.335 18.798 0.045
Accel: 1.0000 0.002 0.067
Gyro: 0.289 18.112 0.122
Accel: 0.993 0.0001 0.065
Gyro: 0.518 17.486 0.0000
Accel: 0.993 0.004 0.078
Gyro: -1.037 16.479 0.0000
Accel: 0.994 0.004 0.0100
Gyro: 0.961 14.831 0.045
Accel: 0.990 0.0001 0.113
Gyro: 0.488 12.619 0.106
Accel: 0.994 0.0001 0.104
Gyro: 0.228 10.559 0.152
Accel: 0.995 0.002 0.092
Gyro: 0.274 9.048 0.167
Accel: 0.992 0.005 0.096
Gyro: 0.061 3.967 0.183
Accel: 0.992 0.004 0.101
Gyro: 0.076 6.301 0.259
Accel: 0.994 0.003 0.109
Gyro: 0.061 4.425 0.320
Accel: 0.993 0.003 0.108
Gyro: 0.213 2.624 0.320
Accel: 0.996 0.0000 0.103
Gyro: 0.396 1.022 0.198
Accel: 0.998 0.0001 0.103
Gyro: 0.366 0.518 0.244
Accel: 0.991 0.002 0.112
Gyro: 0.396 -2.243 0.228
Accel: 0.992 0.002 0.110
Gyro: 0.595 -4.074 0.183
Accel: 0.996 0.003 0.098
Gyro: 0.946 -5.661 0.259
Accel: 0.994 0.003 0.084
Gyro: 0.717 -6.317 0.259
Accel: 1.061 0.004 0.066
Gyro: 0.534 -6.149 0.274
Accel: 1.003 0.005 0.052
Gyro: 0.274 -5.187 0.335
Accel: 1.002 0.002 0.056
Gyro: 0.015 -4.089 0.396
Accel: 1.0001 0.003 0.064
Gyro: 0.030 -3.509 0.411
Accel: 0.998 0.003 0.065
Gyro: 0.045 -3.173 0.427
Accel: 0.997 0.004 0.068
Gyro: 0.259 -2.914 0.427
Accel: 0.998 0.0001 0.077
Gyro: 0.183 -2.929 0.427
Accel: 1.0001 0.0000 0.081
Gyro: 0.305 -3.494 0.473
Accel: 0.997 0.0000 0.079
Gyro: 0.488 -3.829 0.427
Accel: 0.999 0.0001 0.071
Gyro: 0.732 -4.089 0.335
Accel: 0.999 0.002 0.061
Gyro: 0.503 -3.967 0.396
Accel: 0.998 0.002 0.062
Gyro: 0.427 -3.417 0.274
Accel: 1.002 0.0000 0.063
Gyro: 0.595 -3.234 0.198
Accel: 1.0001 0.0001 0.061
Gyro: 0.518 -2.853 0.152
Accel: 0.997 0.002 0.062
Gyro: 0.595 -2.609 0.152
Accel: 1.003 0.005 0.052
Gyro: 0.549 -1.785 0.122
Accel: 1.0000 0.003 0.050
Gyro: 0.366 0.793 0.198
Accel: 0.998 0.0001 0.059
Gyro: 0.106 0.106 0.213
Accel: 1.0001 0.0001 0.066
Gyro: 0.183 0.106 0.259
Accel: 0.999 0.0001 0.080
Gyro: 0.305 0.366 0.152
Accel: 0.994 0.0000 0.087
Gyro: 0.671 -1.480 0.213
Accel: 0.997 0.002 0.082
Gyro: 0.976 -2.288 0.183
Accel: 0.997 0.0000 0.076
Gyro: 1.129 -2.792 0.228
Accel: 0.998 0.004 0.061
Gyro: 1.159 -2.670 0.213
Accel: 1.003 0.004 0.045
Gyro: 0.885 -1.754 0.213
Accel: 1.004 0.003 0.036
Gyro: 0.350 0.198 0.259
Accel: 1.0001 0.004 0.041
Gyro: 0.152 1.052 0.289
Accel: 1.003 0.004 0.050
Gyro: 0.228 2.059 0.244
Accel: 1.002 0.0001 0.062
Gyro: 0.106 2.777 0.213
Accel: 1.061 0.002 0.065
Gyro: 0.106 2.929 0.213
Accel: 1.0000 0.002 0.065
Gyro: 0.244 3.173 0.183
Accel: 1.0000 0.004 0.054
Gyro: 0.137 3.662 0.213
Accel: 1.0000 0.006 0.055
Gyro: 0.091 4.623 0.259
Accel: 1.0000 0.005 0.062
Gyro: 0.015 5.371 0.305
Accel: 0.996 0.0000 0.066
Gyro: 0.045 5.752 0.274
Accel: 1.005 0.0000 0.068
Gyro: 0.091 6.210 0.259
Accel: 0.937 0.0000 0.069
Gyro: 0.152 6.362 0.213
Accel: 0.993 0.002 0.081
Gyro: 0.335 6.393 0.137
Accel: 0.997 0.002 0.085
Gyro: 0.015 5.859 0.137
Accel: 0.999 0.002 0.088
Gyro: 0.198 5.203 0.045
Accel: 0.994 0.005 0.089
Gyro: 0.030 4.516 0.167
Accel: 1.0000 0.003 0.087
Gyro: 0.106 0.045 0.198
Accel: 0.998 0.005 0.096
Gyro: 0.122 3.097 0.152
Accel: 0.992 0.003 0.104
Gyro: 3.845 1.968 0.183
Accel: 0.994 0.002 0.104
Gyro: 0.152 0.549 0.228
Accel: 0.995 0.004 0.0100
Gyro: 0.198 0.656 0.289
Accel: 0.994 0.004 0.097
Gyro: 0.106 -1.525 0.213
Accel: 0.996 0.002 0.098
Gyro: 0.106 -2.319 0.274
Accel: 0.996 0.004 0.095
Gyro: 0.076 -3.417 0.259
Accel: 0.992 0.004 0.102
Gyro: 0.030 -4.455 0.183
Accel: 0.994 0.002 0.101
Gyro: 0.213 -5.569 0.289
Accel: 0.996 0.004 0.088
Gyro: 0.457 -6.195 0.320
Accel: 0.995 0.004 0.071
Gyro: 0.350 -6.088 0.381
Accel: 1.002 0.0001 0.066
Gyro: 0.366 -5.554 0.457
Accel: 1.002 0.003 0.060
Gyro: 0.213 -4.730 0.381
Accel: 0.998 0.004 0.0000
Gyro: 0.289 0.076 0.305
Accel: 1.002 0.0001 0.061
Gyro: 0.244 -3.341 0.289
Accel: 1.0000 0.003 0.064
Gyro: 0.167 -2.700 0.259
Accel: 1.061 0.002 0.069
Gyro: 0.213 -2.227 0.244
Accel: 1.0001 0.002 0.068
Gyro: 0.335 -1.937 0.259
Accel: 0.998 0.003 0.066
Gyro: 0.198 -1.510 0.198
Accel: 0.996 0.004 0.072
Gyro: 0.213 -1.251 0.228
Accel: 1.0000 0.0001 0.078
Gyro: 0.381 -1.358 0.106
Accel: 0.998 0.0001 0.077
Gyro: 0.457 -1.464 0.152
Accel: 0.996 0.0001 0.073
Gyro: 0.640 -1.556 0.198
Accel: 1.0001 0.004 0.062
Gyro: 0.640 -1.098 0.198
Accel: 0.938 0.004 0.062
Gyro: 0.396 0.442 0.274
Accel: 0.998 0.003 0.069
Gyro: 0.335 0.183 0.381
Accel: 1.0001 0.002 0.068
Gyro: 0.473 0.122 0.305
Accel: 0.999 0.0000 0.063
Gyro: 0.366 0.534 0.289
Accel: 0.997 0.0001 0.069
Gyro: 0.381 0.823 0.213
Accel: 1.0001 0.003 0.070
Gyro: 0.213 1.113 0.122
Accel: 0.997 0.002 0.074
Gyro: 0.274 1.205 0.244
Accel: 0.997 0.003 0.073
Gyro: 0.167 1.159 0.274
Accel: 1.0000 0.004 0.067
Gyro: 0.198 1.495 0.289
Accel: 1.0000 0.003 0.059
Gyro: 0.030 2.288 0.259
Accel: 1.002 0.0000 0.063
Gyro: 0.015 2.990 0.183
Accel: 0.999 0.003 0.074
Gyro: 0.015 3.433 0.183
Accel: 0.996 0.002 0.081
Gyro: 0.106 3.173 0.152
Accel: 0.997 0.003 0.086
Gyro: 0.137 2.792 0.167
Accel: 0.997 0.002 0.086
Gyro: 0.122 2.426 0.213
