Accel: 0.007 0.040 1.074
Gyro: -11.260 -6.927 -4.135
Accel: 0.022 0.047 1.096
Gyro: -9.048 -8.071 -4.470
Accel: 0.029 0.058 1.112
Gyro: -4.959 -8.804 -4.806
Accel: 0.034 0.066 1.120
Gyro: 0.061 -9.948 -4.913
Accel: 0.033 0.056 1.113
Gyro: 4.928 -10.757 -4.882
Accel: 0.035 0.034 1.101
Gyro: 9.384 -9.841 -4.257
Accel: 0.029 0.025 1.077
Gyro: 13.351 -7.751 -3.356
Accel: 0.019 0.018 1.049
Gyro: 15.792 -5.310 -3.005
Accel: 0.014 0.012 1.022
Gyro: 16.433 -4.150 -3.158
Accel: 0.011 0.004 1.002
Gyro: 15.686 -3.921 -3.585
Accel: 0.011 0.005 0.984
Gyro: 14.526 -3.997 -3.707
Accel: 0.004 0.013 0.979
Gyro: 12.771 -4.135 -3.692
Accel: 0.0000 0.017 0.985
Gyro: 10.681 -4.501 -3.601
Accel: 0.004 0.027 0.994
Gyro: 9.338 -4.867 -3.433
Accel: 0.0001 0.035 0.998
Gyro: 9.307 -4.821 -3.143
Accel: 0.0000 0.040 0.999
Gyro: 10.391 -4.211 -2.731
Accel: 0.0001 0.039 0.991
Gyro: 12.084 -3.784 -2.410
Accel: 0.007 0.030 0.975
Gyro: 12.512 -3.555 -2.029
Accel: 0.020 0.028 0.965
Gyro: 11.871 -2.838 -1.083
Accel: 0.025 0.034 0.959
Gyro: 10.345 -1.403 0.045
Accel: 0.030 0.031 0.959
Gyro: 8.407 0.396 0.640
Accel: 0.031 0.024 0.965
Gyro: 6.271 1.739 0.976
Accel: 0.029 0.027 0.968
Gyro: 5.020 7.629 1.403
Accel: 0.030 0.037 0.977
Gyro: 4.486 6.057 1.815
Accel: 0.031 0.045 0.977
Gyro: 4.623 8.255 2.487
Accel: 0.022 0.039 0.977
Gyro: 4.287 9.613 2.243
Accel: 0.017 0.032 0.979
Gyro: 3.173 8.911 1.403
Accel: 0.019 0.032 0.980
Gyro: 1.998 7.583 0.671
Accel: 0.018 0.038 0.984
Gyro: 0.930 6.622 0.381
Accel: 0.018 0.041 0.989
Gyro: 0.625 5.737 0.091
Accel: 0.015 0.037 0.989
Gyro: 0.411 5.020 0.076
Accel: 0.018 0.036 0.992
Gyro: 0.030 3.860 0.076
Accel: 0.024 0.040 0.994
Gyro: 0.198 2.899 0.381
Accel: 0.025 0.040 0.996
Gyro: 0.442 2.334 1.052
Accel: 0.023 0.036 0.998
Gyro: 0.778 2.227 1.510
Accel: 0.024 0.038 1.0000
Gyro: -1.190 1.907 1.907
Accel: 0.027 0.036 1.007
Gyro: -1.739 1.510 2.212
Accel: 0.028 0.034 1.013
Gyro: -1.647 1.296 2.471
Accel: 0.025 0.040 1.019
Gyro: -1.174 1.251 2.502
Accel: 0.020 0.042 1.019
Gyro: 0.640 1.281 2.105
Accel: 0.022 0.039 1.024
Gyro: 0.457 0.335 1.403
Accel: 0.028 0.041 1.024
Gyro: 0.076 0.030 1.281
Accel: 0.030 0.045 1.025
Gyro: 0.961 0.106 1.419
Accel: 0.027 0.041 1.020
Gyro: 1.495 0.183 1.327
Accel: 0.023 0.031 1.025
Gyro: 1.602 0.839 0.900
Accel: 0.031 0.037 1.031
Gyro: 1.312 -2.807 0.839
Accel: 0.028 0.041 1.036
Gyro: 1.296 -3.967 1.159
Accel: 0.020 0.040 1.039
Gyro: 2.075 -4.364 1.464
Accel: 0.013 0.040 1.037
Gyro: 3.341 -4.486 1.815
Accel: 0.008 0.043 1.033
Gyro: 4.364 -5.142 2.166
Accel: 0.004 0.051 1.031
Gyro: 5.187 -6.134 2.548
Accel: 0.0001 0.053 1.026
Gyro: 5.691 -6.820 3.204
Accel: 0.006 0.052 1.021
Gyro: 6.179 -7.400 3.692
Accel: 0.013 0.045 1.020
Gyro: 6.042 -8.483 4.150
Accel: 0.014 0.046 1.021
Gyro: 5.538 -8.682 4.714
Accel: 0.016 0.047 1.027
Gyro: 5.096 -8.621 5.279
Accel: 0.020 0.044 1.033
Gyro: 5.081 -7.843 5.630
Accel: 0.020 0.042 1.040
Gyro: 5.599 -6.988 5.706
Accel: 0.023 0.042 1.044
Gyro: 6.820 -5.676 5.554
Accel: 0.023 0.039 1.044
Gyro: 8.193 -4.409 5.020
Accel: 0.026 0.035 1.041
Gyro: 9.307 -3.234 4.318
Accel: 0.027 0.035 1.032
Gyro: 10.559 -1.876 3.524
Accel: 0.023 0.035 1.021
Gyro: 11.779 0.854 2.502
Accel: 0.018 0.038 1.009
Gyro: 12.512 0.091 1.403
Accel: 0.0010 0.042 0.994
Gyro: 12.573 0.534 0.579
Accel: 0.006 0.043 0.982
Gyro: 11.367 1.144 0.213
Accel: 0.007 0.040 0.975
Gyro: 9.704 1.388 -1.220
Accel: 0.005 0.039 0.969
Gyro: 7.812 1.739 -2.075
Accel: 0.003 0.039 0.968
Gyro: 5.981 2.395 -2.883
Accel: 0.0001 0.040 0.970
Gyro: 0.0000 2.685 -3.646
Accel: 0.0001 0.047 0.976
Gyro: 2.273 3.173 -3.875
Accel: 0.002 0.054 0.985
Gyro: 1.083 3.265 -4.089
Accel: 0.002 0.056 0.992
Gyro: 0.885 2.914 -4.150
Accel: 0.003 0.059 0.997
Gyro: 1.358 2.792 -3.860
Accel: 0.004 0.052 0.999
Gyro: 2.090 2.746 -3.356
Accel: 0.003 0.053 1.002
Gyro: 2.395 2.456 -3.005
Accel: 0.002 0.057 0.938
Gyro: 2.502 1.770 -2.792
Accel: 0.004 0.124 0.997
Gyro: 3.051 1.541 -2.243
Accel: 0.015 0.069 0.993
Gyro: 3.524 1.708 -1.220
Accel: 0.0010 0.071 0.988
Gyro: 3.738 1.617 0.701
Accel: 0.002 0.071 0.985
Gyro: 3.128 0.595 0.839
Accel: 0.007 0.072 0.983
Gyro: 2.319 0.900 0.823
Accel: 0.0010 0.075 0.987
Gyro: 1.846 -1.861 0.747
Accel: 0.012 0.080 0.989
Gyro: 2.075 -2.212 0.640
Accel: 0.014 0.083 0.985
Gyro: 2.288 -2.410 0.625
Accel: 0.017 0.076 0.982
Gyro: 2.090 -2.548 0.701
Accel: 0.016 0.076 0.979
Gyro: 0.930 -3.128 0.869
Accel: 0.015 0.077 0.975
Gyro: 0.457 -3.036 -1.083
Accel: 0.018 0.083 0.976
Gyro: -2.258 -2.136 -1.052
Accel: 0.020 0.085 0.980
Gyro: -3.814 0.747 0.961
Accel: 0.020 0.078 0.992
Gyro: -5.645 0.778 0.915
Accel: 0.019 0.073 1.005
Gyro: -6.881 1.632 0.793
Accel: 0.017 0.070 1.016
Gyro: -6.942 2.624 0.534
Accel: 0.017 0.067 1.027
Gyro: -6.225 3.387 0.366
Accel: 0.012 0.061 1.035
Gyro: -4.745 3.540 0.259
Accel: 0.007 0.059 1.036
Gyro: -2.929 3.677 0.259
Accel: 0.0010 0.053 1.030
Gyro: 0.778 3.662 0.091
Accel: 0.012 0.050 1.019
Gyro: 0.839 3.585 0.137
Accel: 0.023 0.048 1.033
Gyro: 1.144 3.112 0.152
Accel: 0.015 0.048 0.939
Gyro: 0.930 2.502 0.030
Accel: 0.020 0.049 0.996
Gyro: 0.549 2.639 0.473
Accel: 0.021 0.051 0.981
Gyro: 0.122 2.990 1.007
Accel: 0.020 0.044 0.974
Gyro: 0.610 3.372 1.281
Accel: 0.012 0.042 0.973
Gyro: -2.288 2.960 0.885
Accel: 0.013 0.046 0.976
Gyro: -4.196 2.120 0.457
Accel: 0.020 0.046 0.983
Gyro: -5.386 1.708 0.396
Accel: 0.024 0.049 0.988
Gyro: -5.340 1.922 0.579
Accel: 0.029 0.055 0.991
Gyro: -4.516 2.639 0.885
Accel: 0.028 0.054 0.988
Gyro: -3.448 3.341 1.129
Accel: 0.022 0.050 0.986
Gyro: -3.082 3.753 1.358
Accel: 0.022 0.051 0.982
Gyro: -3.341 3.860 1.617
Accel: 0.022 0.051 0.982
Gyro: -3.753 4.013 1.983
Accel: 0.019 0.047 0.985
Gyro: -4.425 3.753 2.166
Accel: 0.019 0.043 0.989
Gyro: -4.989 3.326 2.319
Accel: 0.018 0.049 0.993
Gyro: -5.523 2.990 2.380
Accel: 0.023 0.049 0.993
Gyro: -5.966 2.639 2.609
Accel: 0.024 0.047 0.993
Gyro: -6.454 1.892 2.578
Accel: 0.023 0.046 0.998
Gyro: -6.744 1.403 2.334
Accel: 0.021 0.048 1.003
Gyro: -7.003 0.915 2.075
Accel: 0.023 0.047 1.007
Gyro: -6.988 0.366 1.876
Accel: 0.022 0.042 1.012
Gyro: -6.546 0.122 1.785
Accel: 0.018 0.041 1.016
Gyro: -5.722 0.503 1.602
Accel: 0.018 0.037 1.018
Gyro: -5.264 0.457 1.541
Accel: 0.020 0.037 1.020
Gyro: -4.974 0.305 1.632
Accel: 0.023 0.032 1.020
Gyro: -5.050 0.244 1.937
Accel: 0.022 0.026 1.020
Gyro: -5.325 0.122 2.395
Accel: 0.021 0.030 1.023
Gyro: -5.706 0.427 2.639
Accel: 0.019 0.029 1.024
Gyro: -5.722 0.579 2.777
Accel: 0.019 0.032 1.025
Gyro: -5.371 0.503 2.868
Accel: 0.020 0.034 1.030
Gyro: -4.791 0.045 2.868
Accel: 0.021 0.036 1.028
Gyro: -3.845 0.488 2.655
Accel: 0.023 0.037 1.027
Gyro: -2.792 -1.174 2.532
Accel: 0.028 0.040 1.021
Gyro: -1.770 -2.166 2.517
Accel: 0.057 0.085 1.063
Gyro: 17.913 -14.556 8.712
Accel: 0.057 0.085 1.051
Gyro: 21.270 -15.869 9.506
Accel: 0.046 0.122 1.029
Gyro: 22.766 -16.845 11.123
Accel: 0.051 0.092 1.030
Gyro: 23.498 -17.318 10.681
Accel: 0.073 0.075 1.009
Gyro: 24.093 -16.433 9.475
Accel: 0.083 0.075 0.997
Gyro: 24.047 -14.343 8.575
Accel: 0.069 0.104 0.999
Gyro: 22.247 -13.442 9.033
Accel: 0.058 0.136 1.012
Gyro: 19.424 -14.328 10.681
Accel: 0.018 0.205 1.045
Gyro: 17.562 -13.992 16.174
Accel: 0.033 0.169 1.015
Gyro: 14.846 -13.442 18.402
Accel: 0.080 0.109 0.999
Gyro: 17.288 -11.337 17.349
Accel: 0.107 0.064 1.005
Gyro: 22.308 -8.773 15.075
Accel: 0.154 0.043 1.031
Gyro: 28.289 -5.325 11.550
Accel: 0.170 0.048 1.050
Gyro: 35.110 0.976 3.982
Accel: 0.144 0.050 1.056
Gyro: 43.090 2.395 4.699
Accel: 0.115 0.066 1.048
Gyro: 50.994 6.912 3.082
Accel: 0.089 0.071 1.040
Gyro: 56.564 15.365 1.922
Accel: 0.086 0.074 1.020
Gyro: 61.798 15.792 0.564
Accel: 0.087 0.083 1.0000
Gyro: 65.780 21.041 0.350
Accel: 0.092 0.122 0.984
Gyro: 67.016 26.367 -1.373
Accel: 0.090 0.141 0.980
Gyro: 64.0010 28.076 -2.548
Accel: 0.084 0.142 0.983
Gyro: 59.860 25.711 -7.659
Accel: 0.095 0.154 0.956
Gyro: 57.434 24.551 -5.798
Accel: 0.118 0.196 0.963
Gyro: 57.861 25.253 -8.483
Accel: 0.109 0.203 0.960
Gyro: 57.098 23.925 -12.313
Accel: 0.194 0.308 0.887
Gyro: 57.907 22.155 -12.344
Accel: 0.0001 0.216 0.922
Gyro: 56.304 21.545 -14.953
Accel: 0.087 0.318 0.925
Gyro: 56.777 16.128 -16.494
Accel: 0.135 0.348 0.945
Gyro: 53.314 7.919 -19.683
Accel: 0.052 0.377 0.921
Gyro: 49.575 1.144 -21.209
Accel: 0.011 0.451 0.892
Gyro: 47.012 -5.249 -23.056
Accel: 0.110 0.569 0.861
Gyro: 44.082 -11.962 -21.484
Accel: 0.179 0.666 0.841
Gyro: 38.604 -19.790 -15.487
Accel: 0.177 0.709 0.847
Gyro: 30.288 -31.265 -7.522
Accel: 0.114 0.663 0.857
Gyro: 22.277 -44.342 0.534
Accel: 0.034 0.605 0.837
Gyro: 17.517 -56.213 5.218
Accel: 0.064 0.522 0.869
Gyro: 16.647 -66.543 9.231
Accel: 0.196 0.446 1.014
Gyro: 10.162 -79.040 13.854
Accel: 0.249 0.521 0.984
Gyro: 13.015 -91.613 31.005
Accel: 0.250 0.644 1.038
Gyro: 19.149 -104.248 39.871
Accel: 0.066 0.645 1.056
Gyro: 19.729 -121.185 57.647
Accel: 0.110 0.486 1.014
Gyro: 18.188 -140.960 66.497
Accel: 0.207 0.395 1.087
Gyro: 17.227 -160.369 85.937
Accel: 0.292 0.413 1.076
Gyro: 21.514 -175.949 108.444
Accel: 0.278 0.316 1.202
Gyro: 33.599 -184.051 125.442
Accel: 0.339 0.226 1.252
Gyro: 51.437 -191.619 140.609
Accel: 0.473 0.297 1.181
Gyro: 73.867 -200.439 146.408
Accel: 0.705 0.404 1.153
Gyro: 95.657 -207.244 133.804
Accel: 0.793 0.456 1.091
Gyro: 110.626 -212.173 123.245
Accel: 0.874 0.680 0.952
Gyro: 117.980 -220.779 100.860
Accel: 0.831 0.634 0.999
Gyro: 122.772 -230.529 82.946
Accel: 0.780 0.561 0.929
Gyro: 126.998 -237.945 74.539
Accel: 0.688 0.377 0.845
Gyro: 128.585 -242.843 75.454
Accel: 0.763 0.431 0.778
Gyro: 124.221 -241.683 78.140
Accel: 0.753 0.425 0.741
Gyro: 114.776 -233.016 74.981
Accel: 0.696 0.392 0.686
Gyro: 103.042 -220.642 66.406
Accel: 0.589 0.332 0.563
Gyro: 90.057 -209.075 68.908
Accel: 0.418 0.250 0.584
Gyro: 81.878 -196.075 72.631
Accel: 0.270 0.180 0.546
Gyro: 82.199 -190.734 82.366
Accel: 0.177 0.170 0.491
Gyro: 88.546 -179.412 93.597
Accel: 0.117 0.181 0.395
Gyro: 92.742 -166.488 102.279
Accel: 0.154 0.271 0.260
Gyro: 87.615 -152.343 103.256
Accel: 0.114 0.319 0.120
Gyro: 73.547 -143.112 91.949
Accel: 0.020 0.250 0.008
Gyro: 55.969 -146.804 75.149
Accel: 0.137 0.153 0.117
Gyro: 40.390 -161.911 66.635
Accel: 0.329 0.030 0.134
Gyro: 29.342 -189.208 67.062
Accel: 0.485 0.207 0.082
Gyro: 26.504 -222.244 75.302
Accel: 0.555 0.437 0.009
Gyro: 38.467 -249.008 97.732
Accel: 0.513 0.511 0.101
Gyro: 54.534 -257.156 126.876
Accel: 0.401 0.551 0.153
Gyro: 65.307 -253.723 158.218
Accel: 0.234 0.568 0.169
Gyro: 72.067 -235.839 186.279
Accel: 0.003 0.548 0.183
Gyro: 67.657 -211.120 210.571
Accel: 0.305 0.516 0.201
Gyro: 55.053 -177.383 222.961
Accel: 0.645 0.455 0.196
Gyro: 39.245 -133.865 232.498
Accel: 1.030 0.361 0.237
Gyro: 17.089 -83.801 232.330
Accel: 1.390 0.283 0.235
Gyro: -4.470 -31.570 223.114
Accel: 1.748 0.218 0.239
Gyro: -29.174 6.866 207.901
Accel: 2.037 0.204 0.239
Gyro: -45.242 37.796 190.612
Accel: 2.306 0.181 0.232
Gyro: -48.400 50.292 173.171
Accel: 0.230 2.572 0.407
Gyro: -49.392 -2.105 -88.745
Accel: -1.513 1.049 0.593
Gyro: -38.116 12.374 11.611
Accel: 2.155 -1.040 0.441
Gyro: -1.876 6.530 -30.487
Accel: 1.907 0.003 0.126
Gyro: 2.166 -2.777 -20.492
Accel: 1.771 0.185 0.341
Gyro: 0.762 -7.492 -10.208
Accel: 1.802 0.072 0.228
Gyro: 0.656 2.487 -50.415
Accel: 1.389 0.314 0.200
Gyro: -4.577 11.596 -80.886
Accel: 1.241 0.213 0.186
Gyro: -3.555 35.308 -105.560
Accel: 0.821 0.141 0.120
Gyro: -5.264 54.107 -125.183
Accel: 0.477 0.070 0.040
Gyro: -12.481 63.796 -137.542
Accel: 0.032 0.019 0.072
Gyro: -21.545 67.840 -146.850
Accel: 0.451 0.147 0.163
Gyro: -29.785 58.898 -147.994
Accel: 0.867 0.390 0.206
Gyro: -31.158 40.252 -133.682
Accel: -1.121 0.668 0.206
Gyro: -18.920 13.061 -92.178
Accel: -1.039 -1.014 0.173
Gyro: 10.421 -10.375 -33.523
Accel: 0.975 -1.194 0.209
Gyro: 34.469 -45.486 39.230
Accel: 0.563 -1.234 0.213
Gyro: 55.191 -77.743 120.254
Accel: 0.134 -1.169 0.217
Gyro: 63.125 -105.895 252.502
Accel: 1.924 0.460 0.056
Gyro: -75.607 35.797 324.951
Accel: 2.180 -1.015 0.018
Gyro: -70.190 -57.678 263.214
Accel: 3.178 1.171 0.073
Gyro: -71.456 23.818 -73.440
Accel: 0.655 3.125 0.859
Gyro: -60.577 -35.537 41.107
Accel: 2.458 0.248 0.136
Gyro: -4.592 -23.605 18.661
Accel: 1.444 0.093 0.501
Gyro: 47.195 -20.553 -18.264
Accel: 1.290 0.293 0.171
Gyro: 64.407 -32.531 -12.954
Accel: 1.443 0.042 0.026
Gyro: 63.812 -30.136 -18.157
Accel: 1.348 0.048 0.038
Gyro: 44.784 -21.484 -38.467
Accel: 1.129 0.109 0.089
Gyro: 11.962 -12.786 -50.048
Accel: 0.890 0.030 0.030
Gyro: -16.876 -2.441 -53.466
Accel: 0.622 0.044 0.012
Gyro: -32.623 4.714 -57.998
Accel: 0.299 0.096 0.072
Gyro: -36.499 7.888 -57.891
Accel: 0.091 0.107 0.076
Gyro: -26.779 14.816 -51.467
Accel: 0.451 0.076 0.0010
Gyro: -13.427 20.462 -39.978
Accel: 0.822 0.148 0.081
Gyro: -3.768 18.829 -28.152
Accel: -1.051 0.375 0.145
Gyro: 5.065 2.624 -10.910
Accel: -1.120 0.719 0.132
Gyro: 21.942 -28.518 23.498
Accel: 0.689 0.101 -2.572
Gyro: -22.445 18.371 245.513
Accel: 4.176 -1.078 0.756
Gyro: -8.972 -6.942 -66.543
Accel: -1.127 2.024 0.083
Gyro: -44.738 -26.916 38.528
Accel: 1.444 0.335 0.101
Gyro: 12.954 -41.458 22.277
Accel: 1.556 0.090 0.076
Gyro: 62.057 -50.491 27.465
Accel: 1.211 0.185 0.049
Gyro: 87.615 -68.283 46.691
Accel: 1.482 0.174 0.336
Gyro: 97.747 -76.126 71.716
Accel: 1.460 0.313 0.130
Gyro: 86.471 -73.715 91.293
Accel: 1.745 0.249 0.153
Gyro: 51.467 -63.323 89.584
Accel: 1.833 0.066 0.186
Gyro: 4.562 -34.240 61.737
Accel: 1.629 0.421 0.122
Gyro: -44.357 -3.372 16.494
Accel: 1.289 0.524 0.027
Gyro: -81.436 34.713 -30.822
Accel: 0.826 0.523 0.186
Gyro: -84.167 68.832 -84.411
Accel: 0.249 0.416 0.223
Gyro: -62.316 103.698 -122.177
Accel: 0.365 0.225 0.115
Gyro: -33.187 119.583 -142.257
Accel: 0.811 0.056 0.052
Gyro: -9.628 116.912 -142.990
Accel: -1.129 0.445 0.195
Gyro: 9.399 99.578 -124.511
Accel: -1.275 0.879 0.264
Gyro: 25.772 67.352 -75.469
Accel: -1.254 -1.256 0.319
Gyro: 36.178 16.433 -12.054
Accel: -1.063 -1.476 0.308
Gyro: 36.468 -46.020 69.854
Accel: 2.739 -1.188 -1.223
Gyro: -95.443 89.340 46.035
Accel: 0.407 2.354 -1.294
Gyro: -111.267 -9.567 -15.197
Accel: 1.472 0.353 0.785
Gyro: -67.047 -24.612 11.138
Accel: 1.494 0.295 1.071
Gyro: 7.019 -34.545 20.294
Accel: 0.918 0.093 0.034
Gyro: 65.917 -61.218 23.284
Accel: 1.120 0.055 0.225
Gyro: 95.504 -80.825 32.989
Accel: 1.255 0.181 0.112
Gyro: 105.392 -76.995 47.073
Accel: 1.435 0.287 0.042
Gyro: 92.498 -56.671 67.626
Accel: 1.644 0.190 0.063
Gyro: 63.430 -25.146 71.838
Accel: 1.703 0.103 0.011
Gyro: 23.056 10.864 60.913
Accel: 1.500 0.306 0.053
Gyro: -17.181 34.790 36.0010
Accel: 1.236 0.380 0.025
Gyro: -38.391 55.343 0.625
Accel: 0.869 0.354 0.029
Gyro: -38.391 66.207 -33.935
Accel: 0.510 0.257 0.058
Gyro: -18.585 62.881 -56.350
Accel: 0.153 0.131 0.002
Gyro: 7.675 48.843 -77.346
Accel: 0.176 0.008 0.074
Gyro: 29.129 28.274 -82.824
Accel: 0.485 0.128 0.167
Gyro: 39.779 9.140 -83.160
Accel: 0.709 0.365 0.225
Gyro: 42.602 -4.974 -75.561
Accel: 0.931 0.605 0.237
Gyro: 40.466 -25.909 -56.030
Accel: -1.056 0.818 0.213
Gyro: 36.880 -54.290 -18.768
Accel: 0.983 -1.105 0.146
Gyro: 34.729 -94.223 267.562
Accel: -5.216 0.149 0.154
Gyro: -71.319 -44.754 3.494
Accel: 1.149 0.547 -1.069
Gyro: -62.469 -53.817 -5.233
Accel: 0.624 0.418 0.101
Gyro: -19.058 -49.591 9.353
Accel: 1.057 0.358 0.305
Gyro: 33.676 -50.811 12.390
Accel: 1.088 0.025 0.162
Gyro: 59.143 -47.225 19.989
Accel: 1.206 0.114 0.006
Gyro: 74.783 -42.617 30.731
Accel: 1.375 0.122 0.393
Gyro: 75.302 -27.938 50.323
Accel: 1.622 0.186 0.269
Gyro: 66.299 -10.635 78.811
Accel: 1.621 0.280 0.232
Gyro: 50.292 11.810 105.621
Accel: 1.808 0.272 0.204
Gyro: 24.154 31.661 112.258
Accel: 1.910 0.076 0.210
Gyro: -11.566 39.916 93.109
Accel: 1.820 0.182 0.237
Gyro: -45.989 43.167 53.283
Accel: 1.630 0.371 0.090
Gyro: -64.163 44.418 11.550
Accel: 1.290 0.332 0.042
Gyro: -65.048 40.618 -38.421
Accel: 0.920 0.286 0.048
Gyro: -43.380 29.495 -78.750
Accel: 0.553 0.186 0.078
Gyro: -18.936 12.451 -103.469
Accel: 0.154 0.077 0.047
Gyro: 10.238 -5.645 -117.538
Accel: 0.063 0.032 0.020
Gyro: 32.821 -17.166 -122.604
Accel: 0.305 0.106 0.086
Gyro: 43.563 -20.355 -119.735
Accel: 0.537 0.248 0.115
Gyro: 41.213 -20.172 -106.338
Accel: 0.812 0.376 0.131
Gyro: 29.693 -17.562 -87.020
Accel: -1.130 0.554 0.108
Gyro: 5.432 -16.235 -57.952
Accel: -1.331 0.664 0.050
Gyro: -12.023 -18.005 -13.488
Accel: -1.468 0.869 0.032
Gyro: -24.887 -19.973 38.146
Accel: -1.478 0.996 0.119
Gyro: -25.558 -19.058 90.896
Accel: -1.423 -1.017 0.165
Gyro: -17.242 -14.617 141.357
Accel: 2.434 4.007 7.999
Gyro: -8.407 -33.416 -1.647
Accel: 0.879 0.401 0.597
Gyro: -54.840 -27.633 1.251
Accel: 1.394 -1.043 0.924
Gyro: 35.110 0.473 -2.960
Accel: 1.553 1.103 0.249
Gyro: -6.256 -12.207 1.037
Accel: 0.883 0.034 0.215
Gyro: -7.217 -24.475 0.289
Accel: 0.997 0.120 0.141
Gyro: 11.398 -36.437 0.076
Accel: 0.984 0.052 0.033
Gyro: -2.075 -36.300 0.091
Accel: 0.876 0.031 0.004
Gyro: 2.777 -39.535 0.350
Accel: 1.081 0.043 0.027
Gyro: 1.770 -42.160 0.198
Accel: 1.113 0.086 0.092
Gyro: 3.524 -38.925 -3.845
Accel: 0.980 0.025 0.147
Gyro: 0.381 -33.096 3.829
Accel: 1.043 0.019 0.083
Gyro: -2.136 -29.190 0.122
Accel: 0.948 0.045 0.097
Gyro: 3.067 -23.590 0.0000
Accel: 1.039 0.046 0.229
Gyro: 2.120 -19.729 0.091
Accel: 1.092 0.053 0.294
Gyro: 0.595 -6.088 0.259
Accel: 1.061 0.005 0.350
Gyro: 0.198 8.834 0.320
Accel: 0.960 0.0000 0.292
Gyro: -1.144 23.040 0.305
Accel: 1.046 0.020 0.239
Gyro: -2.502 35.552 0.198
Accel: 1.020 0.008 0.196
Gyro: -1.907 44.296 0.289
Accel: 0.960 0.002 0.148
Gyro: -2.304 51.971 0.488
Accel: 1.020 0.055 0.083
Gyro: -2.120 55.694 0.381
Accel: 1.035 0.0000 0.007
Gyro: -1.586 55.862 0.427
Accel: 1.0010 0.016 0.050
Gyro: -1.113 53.207 0.488
Accel: 0.977 0.008 0.055
Gyro: 0.656 49.987 0.488
Accel: 0.975 0.005 0.046
Gyro: 0.640 46.615 0.518
Accel: 0.976 0.014 0.072
Gyro: -1.159 43.273 0.564
Accel: 0.987 0.009 0.011
Gyro: -1.907 40.725 0.411
Accel: 0.997 0.002 0.009
Gyro: -2.914 37.796 0.381
Accel: 0.986 0.002 0.113
Gyro: -4.531 32.943 0.411
Accel: 0.972 0.011 0.171
Gyro: -5.279 25.848 0.320
Accel: 0.967 0.005 0.191
Gyro: -4.287 18.127 0.320
Accel: 0.992 0.007 0.159
Gyro: -3.250 11.978 0.305
Accel: 0.964 0.0001 0.092
Gyro: -3.112 8.666 0.274
Accel: 1.009 0.0010 0.033
Gyro: -4.318 8.804 0.213
Accel: 1.033 0.014 0.031
Gyro: -5.706 10.055 0.061
Accel: 0.982 0.015 0.033
Gyro: -11.932 9.536 0.228
Accel: 0.976 0.015 0.078
Gyro: -22.705 9.552 0.640
Accel: 0.990 0.009 0.062
Gyro: -24.200 6.423 0.976
Accel: 0.991 0.0010 0.104
Gyro: -25.604 4.623 -1.144
Accel: 0.985 0.019 0.165
Gyro: -23.254 0.457 0.900
Accel: 0.984 0.037 0.121
Gyro: -14.801 -3.555 0.701
Accel: 0.980 0.012 0.116
Gyro: -8.285 -5.615 0.350
