Accel: 0.888 0.384 0.224
Gyro: -5.737 0.686 2.975
Accel: 0.890 0.386 0.223
Gyro: -4.516 -2.029 2.883
Accel: 0.895 0.392 0.221
Gyro: -3.662 -2.944 3.051
Accel: 0.894 0.394 0.219
Gyro: -3.219 -3.524 3.509
Accel: 0.892 0.395 0.216
Gyro: -3.173 -3.524 3.860
Accel: 0.889 0.393 0.214
Gyro: -3.158 -3.189 4.058
Accel: 0.885 0.394 0.214
Gyro: -3.601 -2.868 4.165
Accel: 0.885 0.396 0.213
Gyro: -4.135 -2.548 4.043
Accel: 0.886 0.398 0.210
Gyro: -4.638 -2.288 3.829
Accel: 0.885 0.399 0.208
Gyro: -5.096 -2.487 3.768
Accel: 0.886 0.402 0.205
Gyro: -5.126 -2.502 3.646
Accel: 0.885 0.401 0.201
Gyro: -5.126 -2.349 3.540
Accel: 0.884 0.400 0.197
Gyro: -4.562 -1.861 3.524
Accel: 0.882 0.403 0.197
Gyro: 0.045 -1.480 3.189
Accel: 0.882 0.402 0.195
Gyro: -3.280 -1.174 3.097
Accel: 0.882 0.396 0.198
Gyro: -2.517 0.610 2.593
Accel: 0.882 0.395 0.199
Gyro: -1.846 0.579 2.273
Accel: 0.885 0.396 0.205
Gyro: -1.342 0.167 2.166
Accel: 0.887 0.395 0.205
Gyro: -1.129 0.122 2.258
Accel: 0.885 0.392 0.206
Gyro: 0.869 0.030 2.349
Accel: 0.885 0.388 0.209
Gyro: 0.823 0.045 2.395
Accel: 0.884 0.384 0.214
Gyro: -1.068 0.091 2.426
Accel: 0.884 0.380 0.217
Gyro: -1.693 0.350 2.365
Accel: 0.883 0.376 0.219
Gyro: -2.792 0.991 2.380
Accel: 0.879 0.368 0.220
Gyro: -4.135 -1.541 2.578
Accel: 0.881 0.364 0.220
Gyro: -5.615 -1.647 2.716
Accel: 0.885 0.362 0.218
Gyro: -6.866 -1.617 3.128
Accel: 0.892 0.358 0.219
Gyro: -8.209 -1.296 3.646
Accel: 0.899 0.357 0.218
Gyro: -9.735 -1.327 4.165
Accel: 0.901 0.354 0.217
Gyro: -11.367 0.854 5.081
Accel: 0.905 0.352 0.214
Gyro: -12.802 0.579 6.195
Accel: 0.903 0.351 0.212
Gyro: -14.205 3.860 7.629
Accel: 0.902 0.353 0.207
Gyro: -15.106 0.869 9.002
Accel: 0.901 0.354 0.205
Gyro: -15.563 1.495 10.208
Accel: 0.909 0.362 0.205
Gyro: -15.396 1.983 11.352
Accel: 0.915 0.370 0.203
Gyro: -14.801 2.227 12.405
Accel: 0.918 0.378 0.204
Gyro: -13.732 2.075 13.488
Accel: 0.921 0.387 0.204
Gyro: -12.435 2.273 15.014
Accel: 0.921 0.398 0.203
Gyro: -10.879 2.441 16.723
Accel: 0.919 0.412 0.203
Gyro: -9.475 2.365 18.630
Accel: 0.911 0.420 0.206
Gyro: -8.300 2.273 20.126
Accel: 0.906 0.428 0.206
Gyro: -7.034 1.876 21.194
Accel: 0.899 0.499 0.205
Gyro: -5.828 1.693 22.064
Accel: 0.886 0.448 0.208
Gyro: -4.714 1.571 22.903
Accel: 0.813 0.459 0.208
Gyro: -3.890 1.342 23.208
Accel: 0.863 0.469 0.208
Gyro: -3.250 0.534 22.811
Accel: 0.853 0.476 0.209
Gyro: -2.899 0.106 21.896
Accel: 0.843 0.489 0.209
Gyro: -2.792 0.503 20.797
Accel: 0.837 0.495 0.208
Gyro: -3.005 0.869 19.348
Accel: 0.832 0.502 0.206
Gyro: -3.311 0.991 17.761
Accel: 0.824 0.506 0.206
Gyro: -3.692 0.823 16.036
Accel: 0.818 0.507 0.205
Gyro: -4.226 0.198 13.977
Accel: 0.813 0.508 0.204
Gyro: -4.867 0.076 11.917
Accel: 0.810 0.510 0.202
Gyro: -5.676 0.411 10.131
Accel: 0.812 0.508 0.205
Gyro: -6.423 0.869 8.193
Accel: 0.814 0.505 0.205
Gyro: -6.973 1.449 6.393
Accel: 0.821 0.501 0.206
Gyro: -7.080 1.815 4.760
Accel: 0.823 0.496 0.208
Gyro: -7.171 1.846 3.524
Accel: 0.827 0.490 0.210
Gyro: -7.003 1.602 2.517
Accel: 0.833 0.486 0.213
Gyro: -7.095 0.823 1.922
Accel: 0.837 0.479 0.215
Gyro: -6.896 0.137 1.556
Accel: 0.841 0.474 0.216
Gyro: -6.561 -1.296 1.296
Accel: 0.843 0.469 0.214
Gyro: -6.286 -2.578 1.495
Accel: 0.848 0.464 0.216
Gyro: -6.042 -3.707 1.708
Accel: 0.854 0.462 0.213
Gyro: -5.859 -5.020 2.319
Accel: 0.854 0.459 0.211
Gyro: -5.889 -6.271 3.417
Accel: 0.853 0.459 0.208
Gyro: -6.607 -6.729 4.791
Accel: 0.852 0.461 0.204
Gyro: -7.904 -6.927 6.164
Accel: 0.852 0.462 0.203
Gyro: -9.658 -6.820 7.049
Accel: 0.848 0.459 0.196
Gyro: -11.642 -7.003 7.324
Accel: 0.841 0.458 0.192
Gyro: -13.549 -6.942 7.461
Accel: 0.837 0.454 0.183
Gyro: -15.716 -6.072 7.125
Accel: 0.835 0.452 0.178
Gyro: -17.440 -5.126 6.698
Accel: 0.837 0.449 0.174
Gyro: -18.737 -4.013 6.118
Accel: 0.844 0.448 0.173
Gyro: -19.927 -3.250 5.752
Accel: 0.852 0.446 0.171
Gyro: -21.270 -2.624 5.920
Accel: 0.855 0.444 0.169
Gyro: -22.399 -1.983 6.423
Accel: 0.862 0.446 0.169
Gyro: -23.773 -1.266 7.156
Accel: 0.875 0.447 0.168
Gyro: -24.719 0.747 7.781
Accel: 0.885 0.449 0.166
Gyro: -25.497 0.808 8.514
Accel: 0.894 0.451 0.162
Gyro: -25.787 -1.144 9.628
Accel: 0.896 0.456 0.156
Gyro: -25.817 0.839 11.352
Accel: 0.895 0.461 0.155
Gyro: -25.451 0.244 13.610
Accel: 0.891 0.471 0.151
Gyro: -24.917 1.403 15.747
Accel: 0.885 0.477 0.148
Gyro: -24.353 2.212 17.349
Accel: 0.871 0.480 0.149
Gyro: -23.849 2.578 18.295
Accel: 0.855 0.486 0.147
Gyro: -23.681 2.670 18.753
Accel: 0.844 0.492 0.146
Gyro: -23.727 2.731 18.692
Accel: 0.828 0.497 0.145
Gyro: -24.307 2.655 18.112
Accel: 0.821 0.498 0.145
Gyro: -24.932 2.609 16.998
Accel: 0.819 0.505 0.144
Gyro: -25.863 2.029 15.914
Accel: 0.821 0.511 0.143
Gyro: -26.824 1.022 14.495
Accel: 0.822 0.518 0.140
Gyro: -28.518 0.061 13.351
Accel: 0.821 0.521 0.138
Gyro: -30.197 0.595 12.512
Accel: 0.822 0.526 0.132
Gyro: -32.073 0.686 11.901
Accel: 0.822 0.529 0.125
Gyro: -34.011 0.579 11.444
Accel: 0.820 0.529 0.120
Gyro: -36.163 0.091 11.108
Accel: 0.819 0.528 0.115
Gyro: -38.208 0.991 10.848
Accel: 0.820 0.526 0.111
Gyro: -40.359 1.968 10.787
Accel: 0.823 0.525 0.105
Gyro: -42.572 2.929 11.123
Accel: 0.827 0.524 0.0100
Gyro: -44.403 4.150 11.840
Accel: 0.826 0.522 0.095
Gyro: -45.867 5.432 12.969
Accel: 0.829 0.517 0.086
Gyro: -46.829 6.362 14.312
Accel: 0.829 0.517 0.079
Gyro: -47.286 6.942 15.823
Accel: 0.828 0.513 0.072
Gyro: -47.088 6.408 17.135
Accel: 0.826 0.512 0.062
Gyro: -46.508 4.882 18.142
Accel: 0.815 0.506 0.052
Gyro: -45.654 3.417 18.905
Accel: 0.810 0.506 0.043
Gyro: -44.891 2.502 19.622
Accel: 0.812 0.502 0.033
Gyro: -44.464 2.029 20.278
Accel: 0.809 0.501 0.022
Gyro: -44.631 2.853 21.408
Accel: 0.811 0.498 0.013
Gyro: -45.318 4.638 22.796
Accel: 0.813 0.493 0.007
Gyro: -46.661 6.927 24.322
Accel: 0.808 0.482 0.0001
Gyro: -49.072 9.338 26.641
Accel: 0.802 0.474 0.002
Gyro: -52.536 11.932 28.854
Accel: 0.797 0.466 0.009
Gyro: -56.579 14.175 35.003
Accel: 0.802 0.468 0.012
Gyro: -60.226 16.143 33.325
Accel: 0.809 0.467 0.019
Gyro: -62.393 19.073 36.254
Accel: 0.809 0.466 0.024
Gyro: -63.232 22.796 39.459
Accel: 0.802 0.464 0.022
Gyro: -63.247 31.005 42.709
Accel: 0.796 0.464 0.021
Gyro: -63.171 30.578 45.989
Accel: 0.791 0.470 0.013
Gyro: -63.491 33.843 48.843
Accel: 0.782 0.478 0.003
Gyro: -64.498 35.934 51.269
Accel: 0.774 0.483 0.004
Gyro: -67.062 37.017 52.856
Accel: 0.760 0.489 0.011
Gyro: -71.044 37.277 54.031
Accel: 0.754 0.499 0.016
Gyro: -75.759 37.063 55.343
Accel: 0.754 0.515 0.011
Gyro: -80.093 37.597 57.739
Accel: 0.755 0.529 0.005
Gyro: -84.365 39.550 61.172
Accel: 0.755 0.545 0.0001
Gyro: -88.363 42.037 65.017
Accel: 0.744 0.554 0.0000
Gyro: -92.285 44.479 69.229
Accel: 0.745 0.569 0.003
Gyro: -95.855 46.829 72.952
Accel: 0.737 0.570 0.011
Gyro: -99.243 48.355 76.263
Accel: 0.343 0.080 1.003
Gyro: -37.796 -3.005 0.442
Accel: 0.330 0.107 1.007
Gyro: -39.413 0.183 0.396
Accel: 0.302 0.091 1.002
Gyro: -40.115 1.266 0.640
Accel: 0.268 0.077 1.005
Gyro: -39.230 1.464 0.396
Accel: 0.252 0.064 1.024
Gyro: -31.524 0.289 1.296
Accel: 0.228 0.056 1.055
Gyro: -27.084 -2.014 4.928
Accel: 0.227 0.049 1.072
Gyro: -16.723 -5.157 8.361
Accel: 0.221 0.054 1.069
Gyro: -7.308 -8.834 10.269
Accel: 0.206 0.079 1.047
Gyro: -1.464 -13.580 9.048
Accel: 0.244 0.093 1.064
Gyro: 1.358 -17.684 5.386
Accel: 0.187 0.066 1.021
Gyro: 2.777 -22.811 2.670
Accel: 0.163 0.050 1.0000
Gyro: 4.623 -30.258 0.732
Accel: 0.210 0.088 1.004
Gyro: 7.858 -40.328 -7.598
Accel: 0.230 0.093 1.018
Gyro: 13.336 -52.017 -8.972
Accel: 0.239 0.0100 1.029
Gyro: 22.949 -61.752 -13.839
Accel: 0.255 0.110 1.023
Gyro: 27.175 -70.892 -19.424
Accel: 0.269 0.115 1.015
Gyro: 26.382 -78.308 -25.848
Accel: 0.278 0.134 1.009
Gyro: 28.991 -85.159 -32.028
Accel: 0.292 0.138 1.006
Gyro: 32.623 -92.071 -36.804
Accel: 0.310 0.135 1.0010
Gyro: 37.750 -98.449 -41.183
Accel: 0.324 0.142 1.008
Gyro: 43.395 -103.240 -45.196
Accel: 0.337 0.146 1.013
Gyro: 48.339 -105.743 -48.828
Accel: 0.351 0.137 1.013
Gyro: 51.620 -103.988 -51.910
Accel: 0.361 0.134 1.006
Gyro: 51.239 -98.464 -53.894
Accel: 0.369 0.136 0.999
Gyro: 47.714 -90.972 -54.061
Accel: 0.369 0.144 0.990
Gyro: 43.243 -82.763 -52.978
Accel: 0.358 0.153 0.982
Gyro: 38.925 -75.271 -50.537
Accel: 0.346 0.162 0.974
Gyro: 36.193 -69.992 -43.167
Accel: 0.350 0.161 0.973
Gyro: 34.942 -67.520 -41.610
Accel: 0.361 0.162 0.978
Gyro: 35.598 -66.131 -31.692
Accel: 0.385 0.167 0.981
Gyro: 37.887 -66.513 -30.303
Accel: 0.404 0.199 0.976
Gyro: 41.519 -68.511 -26.626
Accel: 0.418 0.241 0.958
Gyro: 43.716 -75.027 -25.451
Accel: 0.421 0.268 0.938
Gyro: 44.479 -88.134 -27.740
Accel: 0.424 0.272 0.918
Gyro: 43.960 -109.603 -32.806
Accel: 0.421 0.272 0.913
Gyro: 44.296 -140.502 -38.085
Accel: 0.432 0.280 0.933
Gyro: 49.606 -180.145 -44.311
Accel: 0.459 0.285 0.963
Gyro: 61.508 -230.178 -54.687
Accel: 0.490 0.306 0.984
Gyro: 76.309 -273.834 -57.479
Accel: 0.536 0.310 0.983
Gyro: 94.696 -319.290 -63.278
Accel: 0.585 0.306 0.962
Gyro: 117.065 -356.933 -67.504
Accel: 0.637 0.308 0.934
Gyro: 130.187 -391.647 -71.228
Accel: 0.745 0.318 0.889
Gyro: 145.660 -422.332 -74.157
Accel: 0.731 0.318 0.818
Gyro: 157.974 -447.982 -75.332
Accel: 0.766 0.321 0.727
Gyro: 165.054 -473.770 -75.057
Accel: 0.786 0.343 0.638
Gyro: 170.913 -497.772 -74.722
Accel: 0.795 0.389 0.537
Gyro: 176.116 -499.969 -74.768
Accel: 0.796 0.429 0.433
Gyro: 182.617 -499.969 -75.668
Accel: 0.788 0.466 0.341
Gyro: 194.656 -499.969 -77.285
Accel: 0.771 0.463 0.245
Gyro: 201.583 -499.969 -78.582
Accel: 0.748 0.457 0.149
Gyro: 214.935 -499.969 -77.667
Accel: 0.726 0.451 0.049
Gyro: 229.263 -499.969 -75.286
Accel: 0.704 0.434 0.062
Gyro: 239.944 -499.969 -72.692
Accel: 0.664 0.436 0.178
Gyro: 248.580 -499.969 -72.174
Accel: 0.600 0.447 0.287
Gyro: 257.827 -499.969 -73.760
Accel: 0.514 0.377 0.407
Gyro: 264.801 -499.969 -76.248
Accel: 0.434 0.381 0.529
Gyro: 271.575 -499.969 -78.643
Accel: 0.337 0.341 0.630
Gyro: 275.085 -499.969 -78.369
Accel: 0.214 0.330 0.710
Gyro: 275.161 -499.969 -74.722
Accel: 0.097 0.266 0.792
Gyro: 272.491 -499.969 -69.946
Accel: 0.017 0.269 0.852
Gyro: 263.534 -499.969 -66.406
Accel: 0.101 0.218 0.895
Gyro: 251.083 -499.969 -58.914
Accel: 0.164 0.152 0.907
Gyro: 239.639 -499.969 -59.448
Accel: 0.211 0.085 0.892
Gyro: 230.926 -499.969 -59.158
Accel: 0.251 0.036 0.859
Gyro: 222.518 -499.969 -62.622
Accel: 0.288 0.003 0.833
Gyro: 209.472 -499.969 -68.069
Accel: 0.326 0.013 0.809
Gyro: 188.461 -457.992 -74.768
Accel: 0.367 0.029 0.783
Gyro: 170.761 -403.167 -82.443
Accel: 0.421 0.049 0.749
Gyro: 144.943 -342.041 -90.301
Accel: 0.472 0.045 0.713
Gyro: 116.134 -269.134 -94.665
Accel: 0.515 0.045 0.687
Gyro: 87.814 -189.956 -93.719
Accel: 0.550 0.085 0.688
Gyro: 62.118 -106.536 -88.806
Accel: 0.579 0.127 0.718
Gyro: 39.871 -25.115 -81.497
Accel: 0.600 0.146 0.774
Gyro: 17.608 45.349 -72.753
Accel: 0.633 0.125 0.845
Gyro: -2.563 93.643 -63.796
Accel: 0.656 0.114 0.893
Gyro: -22.003 133.956 -52.871
Accel: 0.662 0.128 0.947
Gyro: -37.460 159.912 -40.710
Accel: 0.642 0.114 0.985
Gyro: -55.099 172.576 -27.862
Accel: 0.604 0.110 -1.007
Gyro: -68.649 179.611 -17.410
Accel: 0.550 0.110 -1.009
Gyro: -78.186 187.896 -8.483
Accel: 0.497 0.072 -1.011
Gyro: -85.433 206.802 -3.662
Accel: 0.424 0.022 -1.020
Gyro: -97.579 235.809 3.768
Accel: 0.356 0.039 -1.036
Gyro: -107.116 276.199 3.555
Accel: 0.302 0.109 -1.057
Gyro: -125.549 318.649 5.706
Accel: 0.189 0.158 -1.065
Gyro: -151.611 367.797 4.898
Accel: 0.185 0.158 -1.058
Gyro: -170.608 418.701 2.624
Accel: 0.090 0.128 -1.058
Gyro: -191.452 471.527 0.350
Accel: 0.013 0.133 -1.073
Gyro: -211.044 499.984 -2.441
Accel: 0.044 0.162 -1.089
Gyro: -229.049 499.984 -7.171
Accel: 0.091 0.189 -1.101
Gyro: -243.179 499.984 -18.676
Accel: 0.138 0.214 -1.098
Gyro: -252.655 499.984 -25.070
Accel: 0.199 0.237 -1.086
Gyro: -259.521 499.984 -35.873
Accel: 0.260 0.261 -1.004
Gyro: -262.619 499.984 -46.813
Accel: 0.316 0.287 -1.0000
Gyro: -265.884 499.984 -59.539
Accel: 0.390 0.330 0.950
Gyro: -270.385 499.984 -73.120
Accel: 0.460 0.376 0.885
Gyro: -276.687 499.984 -87.493
Accel: 0.499 0.431 0.795
Gyro: -282.348 499.984 -102.203
Accel: 0.529 0.460 0.684
Gyro: -286.575 499.984 -111.923
Accel: 0.535 0.488 0.581
Gyro: -287.384 499.984 -116.882
Accel: 0.536 0.470 0.463
Gyro: -285.980 499.984 -115.142
Accel: 0.539 0.468 0.344
Gyro: -284.759 499.984 -109.802
Accel: 0.528 0.493 0.215
Gyro: -282.440 499.984 -102.493
Accel: 0.518 0.509 0.079
Gyro: -278.228 499.984 -95.199
Accel: 0.491 0.511 0.079
Gyro: -271.820 499.984 -88.882
Accel: 0.436 0.513 0.234
Gyro: -261.291 499.984 -83.847
Accel: 0.362 0.476 0.400
Gyro: -248.458 499.984 -79.498
Accel: 0.250 0.430 0.569
Gyro: -232.406 499.984 -75.317
Accel: 0.120 0.388 0.698
Gyro: -205.535 499.984 -63.461
Accel: 0.003 0.335 0.789
Gyro: -172.134 499.984 -51.986
Accel: 0.118 0.312 0.845
Gyro: -138.473 499.984 -43.212
Accel: 0.196 0.287 0.883
Gyro: -107.879 499.984 -29.159
Accel: 0.263 0.260 0.882
Gyro: -84.625 499.984 -15.441
Accel: 0.334 0.220 0.846
Gyro: -64.285 499.984 -3.768
Accel: 0.414 0.188 0.797
Gyro: -50.247 499.984 5.523
Accel: 0.506 0.213 0.752
Gyro: -41.397 499.984 15.319
Accel: 0.587 0.227 0.700
Gyro: -34.500 499.984 16.464
Accel: 0.650 0.219 0.663
Gyro: -27.206 499.984 20.965
Accel: 0.711 0.233 0.609
Gyro: -16.479 499.984 24.108
Accel: 0.764 0.261 0.556
Gyro: -10.955 485.717 26.306
Accel: 0.801 0.279 0.502
Gyro: 3.707 460.357 26.931
Accel: 0.854 0.323 0.446
Gyro: 11.322 425.949 25.909
Accel: 0.886 0.319 0.388
Gyro: 23.513 390.045 23.895
Accel: 0.918 0.288 0.325
Gyro: 34.362 352.096 21.438
Accel: 0.945 0.294 0.274
Gyro: 42.922 312.530 19.363
Accel: 0.947 0.277 0.244
Gyro: 49.057 274.490 18.661
Accel: 0.942 0.286 0.214
Gyro: 52.520 240.478 18.676
Accel: 0.944 0.318 0.191
Gyro: 54.901 212.219 18.615
Accel: 0.933 0.349 0.166
Gyro: 55.313 193.405 18.524
Accel: 0.910 0.396 0.136
Gyro: 53.436 175.872 18.646
Accel: 0.880 0.454 0.108
Gyro: 49.987 163.238 18.661
Accel: 0.840 0.467 0.089
Gyro: 44.891 156.234 16.754
Accel: 0.843 0.487 0.075
Gyro: 39.230 155.929 10.986
Accel: 0.858 0.527 0.047
Gyro: 32.150 157.379 5.142
Accel: 0.840 0.559 0.007
Gyro: 23.178 156.707 3.494
Accel: 0.851 0.591 0.034
Gyro: 4.959 151.718 2.441
Accel: 0.848 0.618 0.070
Gyro: -15.609 141.464 0.228
Accel: 0.823 0.648 0.099
Gyro: -38.497 124.191 -2.029
Accel: 0.842 0.691 0.111
Gyro: -67.550 102.783 -8.041
Accel: 0.876 0.758 0.110
Gyro: -95.016 78.933 -16.540
Accel: 0.888 0.805 0.102
Gyro: -123.352 48.294 -21.774
Accel: 0.902 0.821 0.084
Gyro: -153.518 9.902 -26.031
Accel: -1.117 0.810 0.374
Gyro: -162.811 -55.114 -28.305
Accel: -1.015 0.709 0.517
Gyro: -154.861 -141.220 -35.751
Accel: -1.083 0.463 0.794
Gyro: -151.0000 -222.991 -44.464
Accel: -1.089 0.435 0.632
Gyro: -145.706 -290.222 -55.145
Accel: 0.999 0.419 0.653
Gyro: -146.713 -348.266 -71.716
Accel: 0.953 0.459 0.796
Gyro: -139.785 -388.946 -83.908
Accel: -1.021 0.440 1.300
Gyro: -97.824 -404.541 -75.195
Accel: 0.947 0.592 0.809
Gyro: -80.215 -424.453 -69.885
Accel: 0.818 0.476 0.695
Gyro: -82.595 -444.808 -70.556
Accel: 0.779 0.355 0.780
Gyro: -87.554 -468.170 -68.145
Accel: 0.721 0.296 0.871
Gyro: -95.291 -499.969 -69.580
Accel: 0.679 0.215 0.790
Gyro: -100.326 -499.969 -76.034
Accel: 0.628 0.068 0.814
Gyro: -102.127 -499.969 -81.512
Accel: 0.588 0.033 0.962
Gyro: -93.292 -499.969 -84.777
Accel: 0.465 0.012 1.106
Gyro: -66.162 -499.969 -84.396
Accel: 0.327 0.0010 1.279
Gyro: -20.385 -499.969 -79.284
Accel: 0.185 0.002 1.696
Gyro: 47.103 -499.969 -69.381
Accel: 0.072 0.124 1.145
Gyro: 91.522 -499.969 -65.429
Accel: 0.309 0.215 0.880
Gyro: 114.135 -499.969 -72.036
Accel: 0.516 0.367 0.856
Gyro: 130.020 -499.969 -82.992
Accel: 0.681 0.493 0.769
Gyro: 147.979 -499.969 -94.696
Accel: 0.786 0.547 0.679
Gyro: 155.883 -499.969 -106.628
Accel: 0.931 0.583 0.585
Gyro: 156.326 -499.969 -118.270
Accel: 0.922 0.517 0.483
Gyro: 161.483 -499.969 -127.563
Accel: 0.943 0.460 0.377
Gyro: 170.532 -499.969 -133.026
Accel: 0.933 0.440 0.278
Gyro: 184.432 -499.969 -135.025
Accel: 0.907 0.442 0.176
Gyro: 202.514 -499.969 -134.811
Accel: 0.868 0.447 0.076
Gyro: 223.159 -499.969 -133.590
Accel: 0.822 0.460 0.032
Gyro: 242.965 -499.969 -133.163
Accel: 0.748 0.496 0.138
Gyro: 270.950 -499.969 -135.498
Accel: 0.673 0.487 0.229
Gyro: 293.762 -499.969 -139.495
Accel: 0.604 0.421 0.308
Gyro: 325.424 -499.969 -143.173
Accel: 0.535 0.342 0.384
Gyro: 347.671 -499.969 -147.766
Accel: 0.419 0.263 0.458
Gyro: 369.979 -499.969 -155.593
Accel: 0.304 0.156 0.532
Gyro: 384.887 -499.969 -164.962
Accel: 0.159 0.075 0.626
Gyro: 384.155 -499.969 -174.774
Accel: 0.033 0.052 0.748
Gyro: 374.771 -499.969 -177.810
Accel: 0.108 0.002 0.764
Gyro: 353.332 -499.969 -158.035
Accel: 0.239 0.078 0.815
Gyro: 329.452 -499.969 -133.544
Accel: 0.399 0.090 0.844
Gyro: 298.049 -499.969 -110.656
Accel: 0.477 0.061 0.857
Gyro: 258.422 -499.969 -94.650
Accel: 0.507 0.0001 0.859
Gyro: 217.620 -455.490 -78.918
Accel: 0.524 0.013 0.846
Gyro: 171.890 -396.194 -64.422
Accel: 0.519 0.046 0.814
Gyro: 126.571 -330.413 -55.786
Accel: 0.509 0.086 0.767
Gyro: 83.847 -259.552 -52.413
Accel: 0.493 0.125 0.729
Gyro: 48.217 -181.457 -52.993
Accel: 0.476 0.249 0.705
Gyro: 17.318 -101.196 -56.350
Accel: 0.475 0.235 0.728
Gyro: -9.140 -25.375 -60.394
Accel: 0.488 0.227 0.728
Gyro: -31.448 34.378 -64.590
Accel: 0.547 0.237 0.770
Gyro: -56.625 88.333 -68.374
Accel: 0.629 0.196 0.831
Gyro: -84.930 125.061 -73.745
Accel: 0.687 0.238 0.855
Gyro: -108.795 148.635 -76.095
Accel: 0.727 0.300 0.852
Gyro: -124.710 167.877 -72.509
Accel: 0.747 0.330 0.845
Gyro: -133.636 193.939 -61.462
Accel: 0.768 0.273 0.934
Gyro: -138.122 225.524 -40.023
Accel: 0.785 0.211 0.932
Gyro: -143.280 258.468 -23.773
Accel: 0.777 0.118 -1.054
Gyro: -152.862 290.451 -4.638
Accel: 0.740 0.051 -1.049
Gyro: -171.020 316.238 12.695
Accel: 0.682 0.007 -1.092
Gyro: -184.036 344.573 26.199
Accel: 0.607 0.002 -1.111
Gyro: -202.865 376.220 34.729
Accel: 0.511 0.009 -1.116
Gyro: -223.571 414.108 40.313
Accel: 0.399 0.012 -1.120
Gyro: -245.590 459.854 43.136
Accel: 0.290 0.052 -1.134
Gyro: -265.991 499.984 42.037
Accel: 0.196 0.114 -1.154
Gyro: -283.599 499.984 34.896
Accel: 0.0100 0.146 -1.168
Gyro: -298.446 499.984 21.469
Accel: 0.0000 0.208 -1.202
Gyro: -319.519 499.984 2.960
Accel: 0.082 0.288 -1.210
Gyro: -341.506 499.984 -18.737
Accel: 0.164 0.434 -1.192
Gyro: -369.201 499.984 -42.388
Accel: 0.204 0.471 -1.135
Gyro: -394.805 499.984 -68.588
Accel: 0.231 0.500 -1.037
Gyro: -419.067 499.984 -92.422
Accel: 0.285 0.448 0.921
Gyro: -431.823 499.984 -112.106
Accel: 0.321 0.414 0.798
Gyro: -432.601 499.984 -124.893
Accel: 0.361 0.385 0.681
Gyro: -427.597 499.984 -127.685
Accel: 0.382 0.394 0.568
Gyro: -422.912 499.984 -128.570
Accel: 0.363 0.467 0.549
Gyro: -418.182 499.984 -124.572
Accel: 0.312 0.578 0.327
Gyro: -417.327 499.984 -119.079
Accel: 0.232 0.576 0.260
Gyro: -421.218 499.984 -113.418
Accel: 0.117 0.526 0.116
Gyro: -423.171 499.984 -107.574
Accel: 0.025 0.418 0.043
Gyro: -416.900 499.984 -98.663
Accel: 0.173 0.297 0.206
Gyro: -395.965 499.984 -85.601
Accel: 0.332 0.163 0.282
Gyro: -364.532 499.984 -63.613
Accel: 0.535 0.137 0.436
Gyro: -326.019 499.984 -48.889
Accel: 0.713 0.209 0.497
Gyro: -281.280 499.984 -25.466
Accel: 0.845 0.228 0.486
Gyro: -233.779 499.984 -1.602
Accel: 0.949 0.186 0.508
Gyro: -187.118 499.984 34.057
Accel: -1.041 0.093 0.489
Gyro: -151.870 499.984 70.831
Accel: -1.008 0.062 0.449
Gyro: -128.204 499.984 99.197
Accel: -1.081 0.051 0.395
Gyro: -115.158 486.648 110.794
Accel: -1.082 0.0010 0.332
Gyro: -105.117 386.947 107.574
Accel: -1.098 0.070 0.310
Gyro: -92.559 287.872 90.438
Accel: -1.105 0.155 0.316
Gyro: -78.002 189.056 68.023
Accel: -1.080 0.183 0.342
Gyro: -64.849 104.705 46.646
Accel: -1.057 0.259 0.381
Gyro: -54.519 29.464 24.322
Accel: -1.014 0.324 0.497
Gyro: -45.150 -25.436 6.072
Accel: 0.974 0.336 0.458
Gyro: -38.772 -62.179 -9.140
Accel: 0.925 0.402 0.486
Gyro: -39.764 -86.273 -21.438
Accel: 0.813 0.391 0.504
Gyro: -47.332 -95.291 -31.311
Accel: 0.823 0.354 0.514
Gyro: -59.783 -92.376 -36.895
Accel: 0.796 0.350 0.519
Gyro: -77.285 -83.251 -38.345
Accel: 0.786 0.297 0.554
Gyro: -101.242 -72.204 -35.812
Accel: 0.762 0.193 0.637
Gyro: -125.564 -56.991 -28.778
Accel: 0.734 0.111 0.763
Gyro: -152.328 -36.666 -16.708
Accel: 0.707 0.081 0.902
Gyro: -163.864 -24.154 -1.205
Accel: 0.695 0.125 1.023
Gyro: -157.394 -9.002 14.785
Accel: 0.674 0.163 1.111
Gyro: -143.341 4.989 28.533
Accel: 0.621 0.177 1.178
Gyro: -123.153 19.989 38.391
Accel: 0.568 0.187 1.131
Gyro: -100.738 36.590 43.289
Accel: 0.535 0.199 1.086
Gyro: -81.573 51.025 43.655
Accel: 0.596 0.176 2.041
Gyro: -40.634 83.053 47.561
Accel: 0.429 0.126 2.223
Gyro: 31.936 72.677 41.824
Accel: 0.752 0.018 1.492
Gyro: 101.394 46.646 37.078
Accel: 0.816 0.076 0.982
Gyro: 114.852 39.398 36.834
Accel: 0.837 0.088 0.724
Gyro: 119.094 26.809 36.285
Accel: 0.809 0.248 0.643
Gyro: 137.329 2.304 34.088
Accel: 0.831 0.296 0.530
Gyro: 156.417 -31.539 35.552
Accel: 0.898 0.263 0.594
Gyro: 174.041 -69.152 43.869
Accel: 0.929 0.259 0.651
Gyro: 195.587 -109.054 59.661
Accel: 0.923 0.212 0.771
Gyro: 225.997 -147.415 82.611
Accel: 0.882 0.140 0.843
Gyro: 262.664 -177.612 109.298
Accel: 0.750 0.084 0.997
Gyro: 298.477 -197.738 133.514
Accel: 0.718 0.101 1.002
Gyro: 331.634 -221.130 150.482
Accel: 0.649 0.209 1.024
Gyro: 356.201 -250.045 156.478
Accel: 0.572 0.295 1.170
Gyro: 379.089 -284.088 152.786
Accel: 0.574 0.313 0.995
Gyro: 408.569 -320.907 146.560
Accel: 0.517 0.333 0.880
Gyro: 438.079 -355.667 139.404
Accel: 0.451 0.402 0.699
Gyro: 461.059 -383.468 133.529
Accel: 0.402 0.619 0.823
Gyro: 488.327 -400.924 127.166
Accel: 0.314 0.651 0.766
Gyro: 499.984 -403.778 116.683
Accel: 0.184 0.693 0.938
Gyro: 499.984 -377.853 96.069
Accel: 0.140 0.775 0.796
Gyro: 499.984 -335.372 73.760
Accel: 0.197 0.809 0.471
Gyro: 499.984 -295.669 60.058
Accel: 0.205 0.848 0.229
Gyro: 496.566 -266.326 52.673
Accel: 0.179 0.927 0.141
Gyro: 469.177 -238.342 51.116
Accel: 0.154 1.021 0.025
Gyro: 448.928 -208.084 54.260
Accel: 0.167 1.061 0.127
Gyro: 433.959 -179.733 56.701
Accel: 0.224 1.090 0.317
Gyro: 413.742 -166.0000 56.869
Accel: 0.273 1.167 0.914
Gyro: 378.509 -170.501 52.474
Accel: 0.277 1.070 0.592
Gyro: 348.541 -162.750 49.667
Accel: 0.306 0.899 0.487
Gyro: 325.805 -148.620 54.779
Accel: 0.362 0.826 0.297
Gyro: 317.581 -125.839 69.198
Accel: 0.251 0.801 0.439
Gyro: 308.334 -107.879 82.855
Accel: 0.307 0.757 0.564
Gyro: 305.389 -104.965 104.537
Accel: 0.328 0.878 0.679
Gyro: 290.069 -108.215 118.057
Accel: 0.342 0.826 0.723
Gyro: 276.397 -113.601 140.090
Accel: 0.319 0.787 0.791
Gyro: 263.504 -124.862 153.579
Accel: 0.311 0.800 0.838
Gyro: 247.146 -127.990 166.854
Accel: 0.280 0.790 0.786
Gyro: 234.924 -128.295 177.139
Accel: 0.295 0.698 0.766
Gyro: 229.843 -122.756 192.489
Accel: 0.321 0.648 0.771
Gyro: 223.999 -115.432 215.286
Accel: 0.337 0.614 0.800
Gyro: 226.104 -112.731 245.315
Accel: 0.308 0.482 0.756
Gyro: 234.313 -112.335 278.442
Accel: 0.242 0.339 0.682
Gyro: 243.942 -108.139 306.594
Accel: 0.140 0.291 0.716
Gyro: 249.008 -103.286 323.913
Accel: 0.078 0.310 0.646
Gyro: 253.036 -85.952 330.184
Accel: 0.064 0.282 0.717
Gyro: 253.845 -78.430 338.790
Accel: 0.127 0.229 0.823
Gyro: 255.081 -81.039 349.914
Accel: 0.117 0.083 0.845
Gyro: 261.108 -89.080 359.832
Accel: 0.174 0.031 0.971
Gyro: 265.609 -103.591 367.019
Accel: 0.185 0.134 0.827
Gyro: 276.199 -113.662 373.947
Accel: 0.032 0.213 0.754
Gyro: 290.435 -111.709 374.603
Accel: 0.0010 0.212 0.876
Gyro: 298.568 -123.687 371.719
Accel: 0.007 0.280 0.847
Gyro: 311.553 -141.754 369.506
Accel: 0.207 0.386 0.936
Gyro: 328.414 -180.557 370.162
Accel: 0.312 0.507 0.817
Gyro: 357.360 -208.465 373.657
Accel: 0.415 0.538 -1.054
Gyro: 379.623 -267.532 366.851
Accel: 0.430 0.745 0.970
Gyro: 412.643 -304.977 355.712
Accel: 0.299 0.694 0.906
Gyro: 438.430 -326.202 341.323
Accel: 0.273 0.737 0.865
Gyro: 461.532 -330.749 326.538
Accel: 0.273 0.768 0.841
Gyro: 475.418 -323.913 310.501
Accel: 0.266 0.806 0.812
Gyro: 480.072 -307.571 295.440
Accel: 0.254 0.863 0.780
Gyro: 476.684 -282.943 274.414
Accel: 0.273 0.943 0.772
Gyro: 466.995 -261.016 260.528
Accel: 0.334 0.975 0.786
Gyro: 449.508 -234.649 243.621
Accel: 0.410 0.992 0.874
Gyro: 429.840 -222.473 226.791
Accel: 0.454 -1.0010 0.825
Gyro: 404.067 -209.701 208.145
Accel: 0.511 0.991 0.819
Gyro: 371.124 -189.407 181.060
Accel: 0.540 0.879 0.793
Gyro: 331.832 -156.341 148.681
Accel: 0.532 0.732 0.731
Gyro: 273.406 -109.802 114.608
Accel: 0.492 0.604 0.647
Gyro: 206.359 -50.979 80.993
Accel: 0.480 0.442 0.508
Gyro: 131.851 20.156 48.324
Accel: 0.405 0.373 0.322
Gyro: 54.977 103.286 25.985
Accel: 0.285 0.414 0.283
Gyro: -12.054 202.087 12.557
Accel: 0.197 0.456 0.131
Gyro: -74.111 319.458 0.488
Accel: 0.072 0.545 0.206
Gyro: -113.647 439.163 -17.959
Accel: 0.041 0.568 0.183
Gyro: -147.552 499.984 -37.368
Accel: 0.023 0.570 0.349
Gyro: -175.674 499.984 -42.541
Accel: 0.073 0.566 0.641
Gyro: -195.892 499.984 -37.155
Accel: 0.124 0.598 0.857
Gyro: -206.726 499.984 -28.610
Accel: 0.044 0.829 0.953
Gyro: -197.525 499.984 -12.939
Accel: 0.194 0.818 -1.115
Gyro: -192.260 499.984 -1.922
Accel: 0.328 0.659 0.919
Gyro: -202.377 499.984 8.255
Accel: 0.362 0.339 0.986
Gyro: -217.147 499.984 7.293
Accel: 0.385 0.433 0.871
Gyro: -225.601 499.984 -7.369
Accel: 0.453 0.533 0.589
Gyro: -218.048 499.984 -25.650
Accel: 0.372 0.380 0.349
Gyro: -200.790 499.984 -52.566
Accel: 0.400 0.441 0.170
Gyro: -182.022 499.984 -71.136
Accel: 0.506 0.580 0.037
Gyro: -159.484 499.984 -69.732
Accel: 0.558 0.585 0.109
Gyro: -133.255 499.984 -43.762
Accel: 0.562 0.522 0.200
Gyro: -106.033 499.984 -4.013
Accel: 0.548 0.655 0.325
Gyro: -77.621 499.984 45.166
Accel: 0.567 0.766 0.460
Gyro: -34.942 499.984 93.261
Accel: 0.638 0.768 0.591
Gyro: 3.402 499.984 142.410
Accel: 0.563 0.683 0.667
Gyro: 46.798 499.984 177.261
Accel: 0.579 0.625 0.689
Gyro: 85.327 499.984 188.110
Accel: 0.582 0.551 0.773
Gyro: 116.699 499.984 186.248
Accel: 0.689 0.371 0.898
Gyro: 145.278 499.984 176.940
Accel: 0.788 0.249 1.017
Gyro: 171.829 422.836 157.089
Accel: 0.919 0.174 1.148
Gyro: 191.436 352.523 133.316
Accel: 1.008 0.005 1.218
Gyro: 223.480 298.294 91.766
Accel: 1.055 0.052 1.310
Gyro: 255.035 256.362 36.422
Accel: 1.182 0.0000 1.366
Gyro: 277.008 218.872 -27.053
Accel: 1.239 0.023 1.475
Gyro: 288.299 187.133 -94.543
Accel: 1.189 0.030 1.396
Gyro: 291.290 146.560 -165.969
Accel: 1.170 0.033 1.355
Gyro: 295.440 92.239 -222.839
Accel: 1.055 0.114 1.433
Gyro: 307.159 24.627 -269.119
Accel: 0.871 0.256 1.475
Gyro: 331.771 -39.260 -308.197
Accel: 0.739 0.395 1.390
Gyro: 356.307 -104.400 -332.046
Accel: 0.781 0.453 1.443
Gyro: 366.470 -157.104 -350.906
Accel: 0.846 0.523 1.424
Gyro: 359.619 -199.890 -368.972
Accel: 0.833 0.512 1.369
Gyro: 353.408 -246.307 -396.286
Accel: 0.818 0.479 1.296
Gyro: 348.403 -287.261 -427.200
Accel: 0.763 0.413 1.129
Gyro: 347.732 -327.819 -449.020
Accel: 0.647 0.260 0.880
Gyro: 330.017 -387.176 -456.024
Accel: 0.510 0.011 0.520
Gyro: 304.534 -471.435 -443.817
Accel: 0.359 0.256 0.636
Gyro: 260.269 -499.969 -418.731
Accel: 0.320 0.554 0.369
Gyro: 224.151 -499.969 -384.399
Accel: 0.235 0.771 0.159
Gyro: 186.462 -499.969 -349.349
Accel: 0.234 0.937 0.045
Gyro: 147.338 -499.969 -305.130
Accel: 0.279 0.981 0.020
Gyro: 104.614 -499.969 -261.123
Accel: 0.305 1.023 0.099
Gyro: 60.256 -499.969 -213.088
Accel: 0.241 1.137 0.0100
Gyro: 19.149 -499.969 -153.305
Accel: 0.084 1.195 0.023
Gyro: -22.125 -455.825 -85.113
Accel: 0.120 1.216 0.095
Gyro: -59.844 -414.733 -14.648
Accel: 0.235 1.208 0.185
Gyro: -83.694 -425.094 50.445
Accel: 0.418 1.137 0.345
Gyro: -95.550 -475.051 108.795
Accel: 0.433 1.287 0.358
Gyro: -94.207 -499.969 147.674
Accel: 0.331 1.278 0.334
Gyro: -81.893 -499.969 178.436
Accel: 0.259 1.227 0.332
Gyro: -42.755 -499.969 205.581
Accel: 0.176 1.182 0.237
Gyro: 5.477 -499.969 234.298
Accel: 0.056 0.968 0.147
Gyro: 66.650 -499.969 266.860
Accel: 0.116 0.725 0.114
Gyro: 144.134 -499.969 292.877
Accel: 0.114 0.474 0.157
Gyro: 223.312 -499.969 303.146
Accel: 0.172 0.324 0.248
Gyro: 288.955 -499.969 304.290
Accel: 0.243 0.114 0.340
Gyro: 346.832 -499.969 303.039
Accel: 0.193 0.144 0.407
Gyro: 384.307 -499.969 296.615
Accel: 0.178 0.339 0.434
Gyro: 396.347 -445.755 284.698
Accel: 0.108 0.183 0.431
Gyro: 378.906 -364.974 276.031
Accel: 0.0001 0.138 0.450
Gyro: 367.370 -260.848 272.735
Accel: 0.052 0.427 0.398
Gyro: 340.682 -139.587 280.685
Accel: 0.188 0.658 0.376
Gyro: 310.974 -12.985 300.079
Accel: 0.312 0.593 0.392
Gyro: 283.065 107.955 314.758
Accel: 0.308 0.429 0.541
Gyro: 250.564 210.998 314.544
Accel: 0.300 0.248 0.355
Gyro: 212.203 305.068 290.466
Accel: 0.289 0.205 0.242
Gyro: 171.951 385.055 274.719
Accel: 0.293 0.361 0.037
Gyro: 141.250 435.668 274.841
Accel: 0.370 0.503 0.057
Gyro: 128.540 457.504 298.080
Accel: 0.380 0.716 0.039
Gyro: 129.135 456.878 334.609
Accel: 0.555 0.892 0.140
Gyro: 154.220 444.244 367.919
Accel: 0.531 -1.014 0.227
Gyro: 193.359 417.098 385.589
Accel: 0.621 -1.089 0.208
Gyro: 236.312 379.180 388.992
Accel: 0.672 -1.086 0.289
Gyro: 275.558 332.412 384.552
Accel: 0.725 -1.169 0.354
Gyro: 310.501 281.753 371.322
Accel: 0.791 -1.321 0.415
Gyro: 342.910 240.112 362.701
Accel: 0.869 -1.405 0.485
Gyro: 369.567 201.126 347.518
Accel: 1.047 -1.522 0.573
Gyro: 384.475 172.546 328.964
Accel: 1.167 -1.570 0.671
Gyro: 401.901 165.466 305.099
Accel: 1.349 -1.532 0.751
Gyro: 403.350 170.989 272.201
Accel: 1.562 -1.431 0.811
Gyro: 399.017 187.286 231.430
Accel: 1.633 -1.341 0.876
Gyro: 387.527 208.068 186.584
Accel: 1.727 -1.272 0.935
Gyro: 374.389 228.683 142.791
Accel: 1.748 -1.250 0.980
Gyro: 365.997 242.630 98.999
Accel: 1.716 -1.200 0.992
Gyro: 364.868 244.720 47.058
Accel: 1.628 -1.109 0.892
Gyro: 371.063 228.988 1.373
Accel: 1.438 -1.083 0.469
Gyro: 373.321 176.727 -40.252
Accel: 1.477 0.901 0.697
Gyro: 339.050 106.796 -89.294
Accel: 1.335 -1.042 0.744
Gyro: 345.993 61.660 -142.105
Accel: 1.336 0.898 0.865
Gyro: 339.126 3.967 -187.805
Accel: 1.326 0.973 0.872
Gyro: 332.397 -55.709 -234.664
Accel: 1.304 0.981 0.715
Gyro: 324.020 -112.762 -276.840
Accel: 1.249 0.934 0.603
Gyro: 311.035 -161.163 -315.399
Accel: 1.254 0.919 0.646
Gyro: 291.442 -194.168 -354.217
Accel: 1.360 0.906 0.745
Gyro: 272.125 -206.619 -383.666
Accel: 1.392 0.909 0.756
Gyro: 250.198 -202.819 -406.860
Accel: 1.366 0.961 0.648
Gyro: 241.500 -188.415 -428.939
Accel: 1.320 -1.016 0.611
Gyro: 230.850 -182.952 -446.365
Accel: 1.327 0.989 0.592
Gyro: 227.569 -177.459 -455.139
Accel: 1.302 0.915 0.502
Gyro: 215.637 -178.054 -461.395
Accel: 1.236 0.846 0.425
Gyro: 203.384 -184.295 -472.885
Accel: 1.165 0.763 0.368
Gyro: 197.128 -193.969 -485.458
Accel: 1.0100 0.736 0.290
Gyro: 196.929 -212.463 -496.673
Accel: 1.031 0.626 0.216
Gyro: 193.695 -244.506 -499.542
Accel: 0.972 0.611 0.137
Gyro: 189.468 -295.654 -489.120
Accel: 0.885 0.523 0.127
Gyro: 179.290 -347.869 -478.942
Accel: 0.856 0.432 0.129
Gyro: 157.073 -374.099 -466.751
Accel: 0.863 0.368 0.070
Gyro: 122.680 -384.552 -446.609
Accel: 0.826 0.170 0.013
Gyro: 91.644 -383.987 -424.285
Accel: 0.709 0.037 0.094
Gyro: 58.288 -384.735 -408.065
Accel: 0.554 0.079 0.167
Gyro: 28.411 -392.410 -392.044
Accel: 0.447 0.085 0.237
Gyro: -4.882 -415.527 -372.909
Accel: 0.322 0.217 0.296
Gyro: -36.300 -450.088 -345.886
Accel: 0.168 0.366 0.341
Gyro: -66.543 -491.333 -317.581
Accel: 0.044 0.447 0.353
Gyro: -94.314 -499.969 -290.969
Accel: 0.044 0.489 0.326
Gyro: -125.0000 -499.969 -254.638
Accel: 0.083 0.488 0.264
Gyro: -144.653 -499.969 -210.525
Accel: 0.022 0.412 0.334
Gyro: -172.866 -499.969 -157.226
Accel: 0.094 0.625 0.264
Gyro: -186.721 -499.969 -105.895
Accel: 0.057 0.613 0.035
Gyro: -188.766 -499.969 -54.580
Accel: 0.046 0.564 0.128
Gyro: -175.460 -499.969 -8.926
Accel: 0.051 0.624 0.243
Gyro: -146.499 -499.969 29.953
Accel: 0.002 0.686 0.340
Gyro: -104.934 -499.969 58.563
Accel: 0.061 0.934 0.471
Gyro: -59.509 -499.969 67.352
Accel: 0.113 1.042 0.572
Gyro: -9.750 -499.969 62.774
Accel: 0.175 1.098 0.627
Gyro: 41.107 -499.969 43.579
Accel: 0.126 1.057 0.645
Gyro: 87.203 -479.888 17.929
Accel: 0.193 0.894 0.578
Gyro: 130.401 -409.866 -2.853
Accel: 0.200 0.757 0.505
Gyro: 173.507 -342.285 -10.604
Accel: 0.173 0.661 0.433
Gyro: 214.752 -276.702 -6.576
Accel: 0.136 0.612 0.369
Gyro: 251.510 -224.166 13.946
Accel: 0.101 0.606 0.188
Gyro: 286.102 -187.332 37.506
Accel: 0.041 0.611 0.087
Gyro: 309.677 -156.784 55.374
Accel: 0.044 0.670 0.077
Gyro: 323.104 -155.380 69.595
Accel: 0.144 0.756 0.280
Gyro: 328.979 -162.826 78.460
Accel: 0.175 0.706 0.402
Gyro: 329.772 -173.538 90.515
Accel: 0.175 0.595 0.470
Gyro: 328.826 -177.444 106.979
Accel: 0.150 0.486 0.514
Gyro: 323.959 -167.892 128.616
Accel: 0.092 0.409 0.559
Gyro: 313.217 -143.096 148.635
Accel: 0.019 0.397 0.601
Gyro: 294.891 -104.293 178.283
Accel: 0.072 0.396 0.643
Gyro: 267.700 -50.369 197.875
Accel: 0.166 0.498 0.659
Gyro: 235.946 21.545 214.492
Accel: 0.230 0.504 0.635
Gyro: 200.912 96.115 222.427
Accel: 0.266 0.545 0.575
Gyro: 170.822 186.157 224.472
Accel: 0.357 0.371 0.464
Gyro: 142.715 273.315 227.050
Accel: 0.553 0.082 0.255
Gyro: 120.437 364.746 233.718
Accel: 0.822 0.131 0.312
Gyro: 101.730 453.948 241.455
Accel: 1.049 0.136 0.360
Gyro: 87.570 499.984 242.172
Accel: 1.193 0.005 0.309
Gyro: 75.592 499.984 227.249
Accel: 1.249 0.186 0.230
Gyro: 66.314 499.984 212.829
Accel: 1.226 0.240 0.113
Gyro: 61.416 499.984 194.702
Accel: 1.269 0.011 0.027
Gyro: 60.394 499.984 187.210
Accel: 1.356 0.057 0.185
Gyro: 69.732 499.984 189.0010
Accel: 1.424 0.162 0.333
Gyro: 84.930 499.984 192.428
Accel: 1.465 0.139 0.448
Gyro: 101.394 499.984 193.466
Accel: 1.470 0.052 0.552
Gyro: 112.075 499.984 194.351
Accel: 1.422 0.052 0.635
Gyro: 116.043 499.984 196.472
Accel: 1.295 0.126 0.699
Gyro: 112.365 499.984 206.451
Accel: 1.208 0.049 0.785
Gyro: 97.778 499.984 215.377
Accel: 1.270 0.172 0.906
Gyro: 87.936 499.984 229.232
Accel: 1.310 0.205 0.999
Gyro: 73.806 499.984 229.171
Accel: 1.310 0.048 1.096
Gyro: 59.600 499.984 209.671
Accel: 1.249 0.161 1.214
Gyro: 51.162 493.179 182.388
Accel: 1.145 0.206 1.287
Gyro: 49.209 459.365 156.265
Accel: 1.020 0.188 1.374
Gyro: 61.981 418.869 139.419
Accel: 0.932 0.091 1.453
Gyro: 86.532 376.495 123.764
Accel: 0.854 0.003 1.478
Gyro: 121.170 333.297 103.713
Accel: 0.823 0.119 1.482
Gyro: 160.919 290.267 85.739
Accel: 0.827 0.127 1.458
Gyro: 196.685 254.745 69.885
Accel: 0.844 0.152 1.399
Gyro: 219.375 234.344 55.328
Accel: 0.932 0.171 1.344
Gyro: 234.146 219.177 40.924
Accel: 0.956 0.190 1.362
Gyro: 238.845 215.621 24.810
Accel: 1.041 0.112 1.314
Gyro: 237.792 220.626 5.355
Accel: 1.048 0.019 1.297
Gyro: 237.350 222.961 -13.854
Accel: 1.015 0.0001 1.296
Gyro: 244.689 217.254 -34.591
Accel: 0.937 0.007 1.245
Gyro: 261.489 197.067 -51.849
Accel: 0.860 0.021 1.155
Gyro: 284.057 172.348 -72.921
Accel: 0.814 0.044 1.057
Gyro: 300.125 145.187 -95.108
Accel: 0.874 0.058 1.004
Gyro: 297.454 121.627 -116.607
Accel: 0.802 0.106 0.975
Gyro: 291.992 93.765 -134.155
Accel: 0.717 0.129 0.930
Gyro: 287.429 59.143 -151.794
Accel: 0.620 0.160 0.899
Gyro: 288.375 19.317 -166.229
Accel: 0.520 0.199 0.866
Gyro: 294.128 -22.491 -178.085
Accel: 0.428 0.226 0.840
Gyro: 299.942 -64.117 -186.462
Accel: 0.374 0.251 0.822
Gyro: 305.511 -99.792 -195.159
Accel: 0.301 0.280 0.763
Gyro: 319.900 -122.116 -194.976
Accel: 0.230 0.302 0.678
Gyro: 331.146 -140.457 -200.958
Accel: 0.160 0.326 0.588
Gyro: 334.899 -149.871 -209.426
Accel: 0.135 0.325 0.533
Gyro: 329.254 -150.222 -217.208
Accel: 0.132 0.411 0.494
Gyro: 313.674 -142.059 -220.794
Accel: 0.135 0.460 0.477
Gyro: 295.791 -127.792 -220.962
Accel: 0.101 0.500 0.403
Gyro: 278.854 -108.566 -220.123
Accel: 0.040 0.520 0.317
Gyro: 263.534 -84.243 -217.697
Accel: 0.007 0.528 0.280
Gyro: 243.621 -62.072 -212.188
Accel: 0.011 0.571 0.188
Gyro: 225.967 -24.642 -203.582
Accel: 0.041 0.629 0.209
Gyro: 203.903 13.336 -193.786
Accel: 0.069 0.655 0.151
Gyro: 188.629 62.210 -183.959
Accel: 0.095 0.649 0.087
Gyro: 174.499 114.547 -172.851
Accel: 0.184 0.688 0.006
Gyro: 151.870 163.238 -158.523
Accel: 0.169 0.779 0.0100
Gyro: 125.030 199.615 -143.737
Accel: 0.234 0.827 0.199
Gyro: 100.341 222.595 -132.461
Accel: 0.288 0.796 0.258
Gyro: 79.971 233.230 -128.555
Accel: 0.339 0.756 0.299
Gyro: 65.719 236.053 -132.766
Accel: 0.378 0.718 0.323
Gyro: 52.825 232.391 -129.165
Accel: 0.396 0.694 0.349
Gyro: 39.413 223.800 -128.311
Accel: 0.478 0.686 0.370
Gyro: 27.984 208.435 -127.807
Accel: 0.490 0.669 0.375
Gyro: 20.996 193.588 -126.235
Accel: 0.530 0.676 0.370
Gyro: 12.130 179.672 -121.231
Accel: 0.561 0.663 0.358
Gyro: 4.898 168.609 -114.837
Accel: 0.591 0.650 0.359
Gyro: -3.570 161.132 -102.172
Accel: 0.614 0.640 0.355
Gyro: -13.183 154.083 -95.642
Accel: 0.632 0.645 0.357
Gyro: -21.530 146.514 -84.579
Accel: 0.646 0.651 0.363
Gyro: -27.954 137.924 -75.286
Accel: 0.654 0.650 0.370
Gyro: -34.210 126.495 -67.749
Accel: 0.679 0.694 0.390
Gyro: -42.373 105.484 -61.737
Accel: 0.707 0.708 0.398
Gyro: -48.858 74.645 -58.670
Accel: 0.726 0.704 0.393
Gyro: -54.367 36.392 -56.442
Accel: 0.742 0.697 0.373
Gyro: -57.739 -3.555 -53.054
Accel: 0.740 0.686 0.351
Gyro: -58.456 -39.733 -48.004
Accel: 0.746 0.717 0.335
Gyro: -60.440 -71.624 -41.503
Accel: 0.763 0.776 0.328
Gyro: -66.879 -104.248 -34.606
Accel: 0.767 0.815 0.316
Gyro: -76.431 -133.239 -28.823
Accel: 0.763 0.833 0.291
Gyro: -89.462 -164.062 -24.002
Accel: 0.688 0.842 0.244
Gyro: -92.376 -188.064 -20.446
Accel: 0.725 0.833 0.182
Gyro: -99.319 -201.477 -16.860
Accel: 0.693 0.814 0.102
Gyro: -110.153 -204.696 -12.924
Accel: 0.661 0.792 0.013
Gyro: -121.231 -197.067 -3.921
Accel: 0.639 0.778 0.124
Gyro: -128.479 -182.540 -4.745
Accel: 0.638 0.780 0.135
Gyro: -139.923 -167.465 -1.998
Accel: 0.656 0.773 0.192
Gyro: -144.943 -157.562 -1.312
Accel: 0.679 0.755 0.230
Gyro: -155.899 -157.852 0.198
Accel: 0.713 0.749 0.244
Gyro: -156.951 -173.980 2.365
Accel: 0.755 0.738 0.259
Gyro: -160.247 -209.152 5.187
Accel: 0.774 0.712 0.286
Gyro: -156.478 -256.820 7.461
Accel: 0.771 0.687 0.320
Gyro: -144.226 -309.906 10.116
Accel: 0.751 0.682 0.361
Gyro: -127.670 -366.470 15.930
Accel: 0.704 0.652 0.404
Gyro: -113.357 -416.381 30.578
Accel: 0.634 0.597 0.467
Gyro: -107.543 -466.247 40.740
Accel: 0.567 0.541 0.535
Gyro: -105.377 -499.969 56.549
Accel: 0.508 0.502 0.604
Gyro: -97.549 -499.969 73.196
Accel: 0.436 0.480 0.655
Gyro: -82.778 -499.969 90.576
Accel: 0.345 0.435 0.688
Gyro: -63.247 -499.969 109.420
Accel: 0.210 0.399 0.710
Gyro: -37.048 -499.969 126.724
Accel: 0.054 0.387 0.725
Gyro: -7.308 -499.969 147.674
Accel: 0.127 0.400 0.741
Gyro: 21.499 -499.969 157.196
Accel: 0.339 0.412 0.783
Gyro: 43.746 -499.969 171.493
Accel: 0.562 0.422 0.822
Gyro: 63.354 -499.969 176.849
Accel: 0.792 0.439 0.834
Gyro: 82.778 -499.969 181.350
Accel: 0.913 0.425 0.848
Gyro: 100.448 -499.969 177.581
Accel: 0.931 0.441 0.702
Gyro: 109.466 -499.969 167.114
Accel: 1.005 0.537 0.617
Gyro: 112.655 -493.209 151.489
Accel: 1.070 0.586 0.520
Gyro: 112.640 -451.370 130.233
Accel: 1.106 0.578 0.414
Gyro: 109.527 -417.587 113.250
Accel: 1.136 0.589 0.331
Gyro: 106.597 -384.078 87.692
Accel: 1.118 0.610 0.209
Gyro: 106.292 -364.349 69.442
Accel: 1.077 0.655 0.092
Gyro: 101.577 -357.345 48.812
Accel: 1.034 0.748 0.019
Gyro: 103.302 -353.134 30.914
Accel: 0.989 0.681 0.097
Gyro: 100.021 -351.318 15.975
Accel: 0.956 0.647 0.143
Gyro: 95.397 -343.734 5.920
Accel: 0.927 0.604 0.161
Gyro: 90.560 -326.812 1.052
Accel: 0.899 0.568 0.172
Gyro: 85.281 -298.889 0.579
Accel: 0.867 0.557 0.185
Gyro: 79.696 -261.566 2.853
Accel: 0.836 0.557 0.204
Gyro: 72.875 -217.391 6.317
Accel: 0.816 0.624 0.224
Gyro: 65.765 -169.082 9.857
Accel: 0.800 0.574 0.310
Gyro: 57.327 -120.147 12.0100
Accel: 0.800 0.563 0.248
Gyro: 48.904 -78.079 12.115
Accel: 0.796 0.575 0.289
Gyro: 41.244 -37.750 9.567
Accel: 0.790 0.569 0.325
Gyro: 34.164 -3.982 5.630
Accel: 0.779 0.560 0.350
Gyro: 28.045 22.537 1.449
Accel: 0.762 0.543 0.366
Gyro: 22.964 40.298 -3.036
Accel: 0.750 0.529 0.370
Gyro: 18.005 57.617 -7.034
Accel: 0.737 0.530 0.376
Gyro: 14.038 66.024 -10.162
Accel: 0.728 0.518 0.372
Gyro: 10.131 66.940 -12.161
Accel: 0.718 0.439 0.363
Gyro: 7.110 69.335 -12.710
Accel: 0.708 0.485 0.349
Gyro: 5.386 70.053 -11.276
Accel: 0.699 0.486 0.339
Gyro: 5.661 69.0000 -9.017
Accel: 0.686 0.493 0.330
Gyro: 7.629 65.765 -6.774
Accel: 0.688 0.480 0.327
Gyro: 10.910 61.279 -3.875
Accel: 0.713 0.479 0.332
Gyro: 14.160 57.052 0.900
Accel: 0.734 0.501 0.342
Gyro: 19.485 52.642 0.671
Accel: 0.750 0.532 0.348
Gyro: 15.365 48.706 0.244
Accel: 0.761 0.553 0.346
Gyro: 13.687 45.867 -1.007
Accel: 0.777 0.537 0.337
Gyro: 12.344 44.555 0.991
Accel: 0.803 0.520 0.331
Gyro: 11.276 45.761 0.198
Accel: 0.829 0.524 0.332
Gyro: 8.621 49.560 0.366
Accel: 0.846 0.547 0.329
Gyro: 5.081 55.114 -2.151
Accel: 0.856 0.564 0.322
Gyro: 1.358 63.583 -5.264
Accel: 0.855 0.569 0.305
Gyro: -2.838 78.094 -9.033
Accel: 0.854 0.559 0.278
Gyro: -6.652 86.563 -11.825
Accel: 0.870 0.531 0.251
Gyro: -10.162 100.250 -13.336
Accel: 0.881 0.537 0.231
Gyro: -13.427 113.632 -15.625
Accel: 0.881 0.553 0.216
Gyro: -17.639 126.068 -19.592
Accel: 0.872 0.566 0.194
Gyro: -21.942 137.420 -23.544
Accel: 0.853 0.564 0.168
Gyro: -24.963 146.316 -26.565
Accel: 0.840 0.539 0.139
Gyro: -26.382 154.785 -31.234
Accel: 0.828 0.522 0.113
Gyro: -26.763 162.048 -26.947
Accel: 0.809 0.534 0.093
Gyro: -27.130 167.114 -26.199
Accel: 0.792 0.546 0.076
Gyro: -27.206 170.486 -25.375
Accel: 0.781 0.545 0.055
Gyro: -27.786 172.546 -23.971
Accel: 0.777 0.532 0.033
Gyro: -29.525 174.728 -22.460
Accel: 0.778 0.531 0.012
Gyro: -31.784 176.849 -21.957
Accel: 0.776 0.542 0.005
Gyro: -34.912 178.436 -22.598
Accel: 0.764 0.564 0.019
Gyro: -40.0100 172.302 -27.328
Accel: 0.742 0.581 0.040
Gyro: -44.998 167.861 -23.254
Accel: 0.715 0.571 0.071
Gyro: -48.843 154.022 -22.521
Accel: 0.626 0.550 0.109
Gyro: -49.896 136.184 -20.629
Accel: 0.672 0.539 0.149
Gyro: -48.431 116.928 -17.105
Accel: 0.657 0.536 0.185
Gyro: -45.684 98.403 -12.710
Accel: 0.653 0.520 0.214
Gyro: -43.106 81.680 -7.507
Accel: 0.661 0.524 0.240
Gyro: -40.725 67.321 -3.005
Accel: 0.671 0.546 0.260
Gyro: -37.719 51.406 1.174
Accel: 0.678 0.563 0.272
Gyro: -35.003 42.739 3.494
Accel: 0.687 0.562 0.283
Gyro: -33.447 30.914 4.791
Accel: 0.704 0.554 0.303
Gyro: -33.584 19.683 6.668
Accel: 0.723 0.555 0.324
Gyro: -33.966 10.543 8.911
Accel: 0.735 0.553 0.347
Gyro: -33.599 3.097 10.482
Accel: 0.736 0.551 0.365
Gyro: -31.784 -2.059 11.215
Accel: 0.737 0.551 0.381
Gyro: -28.381 -4.348 11.489
Accel: 0.739 0.545 0.392
Gyro: -24.398 -4.776 11.764
Accel: 0.762 0.530 0.407
Gyro: -21.377 -2.883 12.161
Accel: 0.789 0.531 0.416
Gyro: -20.309 2.197 12.908
Accel: 0.803 0.544 0.421
Gyro: -20.324 9.567 12.939
Accel: 0.810 0.556 0.428
Gyro: -20.248 17.639 11.749
Accel: 0.806 0.563 0.429
Gyro: -19.485 26.031 10.192
Accel: 0.795 0.562 0.431
Gyro: -17.807 34.072 8.544
Accel: 0.785 0.561 0.431
Gyro: -15.197 41.412 7.263
Accel: 0.780 0.553 0.429
Gyro: -13.809 47.042 6.729
Accel: 0.774 0.549 0.423
Gyro: -13.763 51.956 6.942
Accel: 0.761 0.551 0.415
Gyro: -14.129 54.199 7.675
Accel: 0.687 0.547 0.409
Gyro: -15.106 53.695 8.605
Accel: 0.745 0.541 0.406
Gyro: -16.983 51.483 9.643
Accel: 0.749 0.537 0.410
Gyro: -19.348 47.744 10.482
Accel: 0.750 0.544 0.419
Gyro: -21.011 42.465 10.452
Accel: 0.748 0.552 0.430
Gyro: -21.423 36.590 9.262
Accel: 0.746 0.549 0.439
Gyro: -20.782 27.648 7.415
Accel: 0.744 0.541 0.451
Gyro: -19.790 26.992 6.057
Accel: 0.744 0.536 0.466
Gyro: -18.402 23.986 5.004
Accel: 0.741 0.533 0.479
Gyro: -16.235 22.720 3.921
Accel: 0.734 0.525 0.489
Gyro: -13.580 22.521 3.128
