Accel: 0.244 0.608 0.772
Gyro: 0.579 0.900 -2.517
Accel: 0.242 0.611 0.774
Gyro: 0.274 0.671 -2.914
Accel: 0.239 0.610 0.777
Gyro: 0.213 0.106 -3.097
Accel: 0.236 0.608 0.777
Gyro: 1.052 1.022 -2.868
Accel: 0.231 0.602 0.774
Gyro: 1.678 1.205 -2.380
Accel: 0.233 0.598 0.772
Gyro: 1.815 0.869 -1.495
Accel: 0.229 0.600 0.770
Gyro: 2.029 0.152 0.610
Accel: 0.230 0.600 0.769
Gyro: 1.937 0.366 0.411
Accel: 0.229 0.602 0.768
Gyro: 1.907 0.717 1.388
Accel: 0.230 0.606 0.768
Gyro: 1.663 -1.022 2.182
Accel: 0.234 0.611 0.767
Gyro: 1.388 0.900 2.334
Accel: 0.235 0.617 0.770
Gyro: 1.129 0.335 1.907
Accel: 0.235 0.619 0.770
Gyro: 0.976 0.183 1.281
Accel: 0.238 0.617 0.769
Gyro: 1.083 1.022 0.396
Accel: 0.237 0.617 0.766
Gyro: 1.281 1.419 0.076
Accel: 0.230 0.618 0.763
Gyro: 1.556 1.937 0.061
Accel: 0.227 0.613 0.760
Gyro: 2.075 1.907 0.228
Accel: 0.227 0.614 0.756
Gyro: 2.487 1.785 0.900
Accel: 0.226 0.616 0.750
Gyro: 2.792 1.571 1.495
Accel: 0.226 0.615 0.747
Gyro: 2.914 1.205 1.953
Accel: 0.229 0.614 0.743
Gyro: 2.807 0.778 2.273
Accel: 0.232 0.618 0.742
Gyro: 2.288 0.183 2.227
Accel: 0.232 0.623 0.744
Gyro: 1.419 0.061 1.571
Accel: 0.231 0.623 0.745
Gyro: 0.671 0.228 0.717
Accel: 0.234 0.619 0.745
Gyro: 0.228 0.595 0.228
Accel: 0.233 0.620 0.750
Gyro: 0.762 0.961 -3.890
Accel: 0.230 0.619 0.754
Gyro: -1.205 0.854 0.106
Accel: 0.228 0.615 0.755
Gyro: -1.113 0.305 0.381
Accel: 0.227 0.613 0.757
Gyro: 0.656 0.320 1.052
Accel: 0.237 0.611 0.757
Gyro: 0.350 0.808 1.770
Accel: 0.240 0.620 0.759
Gyro: 0.534 1.159 2.059
Accel: 0.241 0.622 0.757
Gyro: 0.823 1.541 1.708
Accel: 0.240 0.624 0.755
Gyro: 0.701 2.227 1.052
Accel: 0.231 0.627 0.753
Gyro: 0.106 2.593 0.488
Accel: 0.233 0.624 0.750
Gyro: 0.503 2.319 0.335
Accel: 0.239 0.622 0.750
Gyro: 0.320 1.647 0.473
Accel: 0.243 0.627 0.752
Gyro: 0.335 0.549 0.045
Accel: 0.245 0.626 0.752
Gyro: 0.885 0.427 0.717
Accel: 0.239 0.627 0.756
Gyro: -1.098 0.854 -1.358
Accel: 0.229 0.627 0.753
Gyro: 0.885 1.495 -1.708
Accel: 0.237 0.620 0.753
Gyro: 0.656 1.495 -1.571
Accel: 0.242 0.621 0.754
Gyro: 0.808 1.266 -1.617
Accel: 0.239 0.627 0.758
Gyro: -1.174 0.366 -2.120
Accel: 0.240 0.625 0.763
Gyro: -1.327 0.0000 -2.807
Accel: 0.236 0.623 0.767
Gyro: 0.915 0.228 -3.234
Accel: 0.228 0.620 0.763
Gyro: 0.228 0.427 -3.036
Accel: 0.220 0.617 0.760
Gyro: 0.457 0.549 -2.410
Accel: 0.214 0.613 0.756
Gyro: 1.312 0.015 -1.403
Accel: 0.213 0.616 0.756
Gyro: 1.617 0.793 0.366
Accel: 0.217 0.615 0.754
Gyro: 1.831 -1.159 0.152
Accel: 0.224 0.614 0.753
Gyro: 1.464 -1.708 0.213
Accel: 0.222 0.615 0.751
Gyro: 0.564 -2.166 0.259
Accel: 0.221 0.613 0.751
Gyro: 0.411 -2.716 0.595
Accel: 0.227 0.609 0.756
Gyro: -1.083 -2.944 1.144
Accel: 0.232 0.612 0.764
Gyro: -1.403 -2.929 1.678
Accel: 0.237 0.618 0.768
Gyro: -1.678 -2.563 1.510
Accel: 0.237 0.623 0.779
Gyro: -2.334 -2.059 1.373
Accel: 0.249 0.616 0.787
Gyro: -2.716 -1.220 0.961
Accel: 0.240 0.615 0.776
Gyro: -3.082 0.259 0.671
Accel: 0.236 0.615 0.774
Gyro: -3.417 0.076 0.671
Accel: 0.230 0.612 0.766
Gyro: -3.540 0.122 0.930
Accel: 0.234 0.606 0.768
Gyro: -3.433 0.457 1.098
Accel: 0.236 0.610 0.770
Gyro: -3.082 0.625 1.022
Accel: 0.233 0.615 0.773
Gyro: -2.517 0.625 0.473
Accel: 0.236 0.614 0.773
Gyro: -1.602 0.595 0.411
Accel: 0.237 0.616 0.774
Gyro: 0.701 0.335 -1.052
Accel: 0.235 0.617 0.774
Gyro: 0.274 0.228 -1.800
Accel: 0.234 0.616 0.771
Gyro: 1.419 0.473 -2.746
Accel: 0.231 0.614 0.769
Gyro: 2.777 0.808 -3.555
Accel: 0.229 0.612 0.766
Gyro: 3.921 -1.068 -4.226
Accel: 0.228 0.610 0.760
Gyro: 4.516 -1.556 -4.348
Accel: 0.222 0.612 0.756
Gyro: 4.501 -2.212 -4.165
Accel: 0.220 0.609 0.755
Gyro: 4.135 -2.532 -3.814
Accel: 0.221 0.612 0.754
Gyro: 3.540 -2.319 -3.356
Accel: 0.223 0.612 0.754
Gyro: 2.471 -1.800 -2.807
Accel: 0.220 0.616 0.754
Gyro: 1.205 -1.159 -2.288
Accel: 0.218 0.617 0.753
Gyro: 0.106 0.305 -1.968
Accel: 0.220 0.616 0.752
Gyro: 0.717 0.625 -1.800
Accel: 0.221 0.615 0.752
Gyro: -1.312 1.205 -1.831
Accel: 0.214 0.614 0.752
Gyro: -1.510 1.159 -1.693
Accel: 0.214 0.613 0.751
Gyro: -1.129 0.915 -1.602
Accel: 0.214 0.608 0.752
Gyro: 0.579 0.350 -1.586
Accel: 0.211 0.609 0.750
Gyro: 0.152 0.885 -1.449
Accel: 0.211 0.608 0.750
Gyro: 0.915 -1.953 -1.327
Accel: 0.216 0.605 0.812
Gyro: 1.373 -3.005 -1.113
Accel: 0.218 0.606 0.754
Gyro: 1.602 -4.074 0.823
Accel: 0.217 0.610 0.755
Gyro: 1.327 -4.837 0.473
Accel: 0.218 0.611 0.760
Gyro: 1.007 -4.867 0.030
Accel: 0.223 0.612 0.762
Gyro: 0.717 -4.180 0.396
Accel: 0.225 0.614 0.768
Gyro: 0.366 -3.173 0.457
Accel: 0.222 0.617 0.768
Gyro: 0.396 -1.800 0.396
Accel: 0.221 0.619 0.767
Gyro: 0.473 0.640 0.350
Accel: 0.226 0.614 0.761
Gyro: 0.427 0.320 0.350
Accel: 0.229 0.615 0.758
Gyro: 0.198 0.350 0.228
Accel: 0.228 0.620 0.759
Gyro: -1.022 0.106 0.289
Accel: 0.225 0.617 0.760
Gyro: -1.602 0.549 0.137
Accel: 0.225 0.615 0.763
Gyro: -1.495 0.701 0.045
Accel: 0.231 0.612 0.765
Gyro: 0.946 0.808 0.091
Accel: 0.230 0.617 0.770
Gyro: 0.793 -1.052 0.122
Accel: 0.227 0.620 0.770
Gyro: 0.396 0.946 -3.890
Accel: 0.225 0.619 0.769
Gyro: 0.183 0.259 0.274
Accel: 0.217 0.617 0.765
Gyro: 1.052 0.503 0.473
Accel: 0.216 0.620 0.760
Gyro: 1.785 0.778 0.228
Accel: 0.223 0.616 0.756
Gyro: 1.846 0.076 0.289
Accel: 0.225 0.621 0.752
Gyro: 1.174 0.961 0.534
Accel: 0.226 0.620 0.753
Gyro: 0.335 -1.586 0.503
Accel: 0.224 0.620 0.752
Gyro: 0.137 -1.800 0.503
Accel: 0.218 0.622 0.755
Gyro: 3.784 -1.495 0.442
Accel: 0.224 0.622 0.759
Gyro: 0.213 -1.052 0.732
Accel: 0.230 0.623 0.761
Gyro: 0.213 0.839 0.747
Accel: 0.233 0.624 0.761
Gyro: 0.015 0.350 0.595
Accel: 0.230 0.624 0.760
Gyro: 0.061 0.0000 0.335
Accel: 0.230 0.620 0.759
Gyro: 0.061 0.183 0.396
Accel: 0.235 0.620 0.758
Gyro: 0.152 0.061 0.350
Accel: 0.235 0.686 0.758
Gyro: 0.549 0.335 0.030
Accel: 0.234 0.627 0.763
Gyro: 0.762 0.427 0.701
Accel: 0.235 0.628 0.765
Gyro: 0.564 0.030 -1.358
Accel: 0.233 0.623 0.762
Gyro: 0.518 0.244 -1.785
Accel: 0.227 0.622 0.760
Gyro: 0.427 0.076 -1.678
Accel: 0.220 0.619 0.759
Gyro: 0.366 0.335 -1.525
Accel: 0.223 0.620 0.760
Gyro: 0.0000 0.534 -1.617
Accel: 0.225 0.621 0.760
Gyro: 0.183 0.579 -1.892
Accel: 0.222 0.622 0.759
Gyro: 0.167 0.488 -2.166
Accel: 0.219 0.619 0.758
Gyro: 0.289 0.167 -2.044
Accel: 0.220 0.613 0.753
Gyro: 0.534 0.061 -1.510
Accel: 0.214 0.616 0.749
Gyro: 0.411 0.045 0.656
Accel: 0.217 0.618 0.746
Gyro: 0.244 0.076 0.305
Accel: 0.221 0.617 0.743
Gyro: 0.183 0.274 1.129
Accel: 0.224 0.622 0.743
Gyro: -1.144 0.762 1.312
Accel: 0.222 0.625 0.745
Gyro: -2.334 -1.556 0.885
Accel: 0.221 0.625 0.751
Gyro: -3.051 -1.647 0.366
Accel: 0.223 0.620 0.757
Gyro: -3.158 -1.632 0.305
Accel: 0.073 0.260 0.965
Gyro: 6.210 -1.495 4.486
Accel: 0.073 0.261 0.963
Gyro: 6.637 -1.037 4.959
Accel: 0.081 0.262 0.960
Gyro: 6.942 0.869 5.340
Accel: 0.084 0.266 0.958
Gyro: 6.912 0.610 5.279
Accel: 0.086 0.265 0.955
Gyro: 6.942 0.366 4.928
Accel: 0.088 0.264 0.951
Gyro: 6.622 0.213 4.455
Accel: 0.086 0.264 0.950
Gyro: 6.286 0.411 4.135
Accel: 0.085 0.264 0.944
Gyro: 6.011 0.457 3.875
Accel: 0.088 0.263 0.942
Gyro: 5.874 0.305 3.860
Accel: 0.089 0.266 0.938
Gyro: 5.615 0.122 4.043
Accel: 0.092 0.267 0.936
Gyro: 5.172 0.350 3.997
Accel: 0.096 0.270 0.935
Gyro: 4.653 0.610 3.997
Accel: 0.093 0.276 0.930
Gyro: 4.196 0.930 3.540
Accel: 0.088 0.284 0.926
Gyro: 4.058 1.800 2.822
Accel: 0.081 0.289 0.917
Gyro: 3.982 2.365 1.586
Accel: 0.075 0.292 0.907
Gyro: 3.402 2.288 0.305
Accel: 0.074 0.293 0.897
Gyro: 2.014 1.510 -1.068
Accel: 0.068 0.297 0.893
Gyro: 0.366 0.289 -2.456
Accel: 0.065 0.296 0.897
Gyro: -2.716 -1.205 -3.433
Accel: 0.068 0.290 0.905
Gyro: -5.294 -2.227 -3.936
Accel: 0.055 0.294 0.915
Gyro: -7.446 -2.670 -3.890
Accel: 0.056 0.286 0.924
Gyro: -8.666 -2.761 -3.082
Accel: 0.053 0.281 0.933
Gyro: -9.323 -2.487 -1.708
Accel: 0.060 0.277 0.941
Gyro: -10.116 -2.441 0.381
Accel: 0.065 0.275 0.949
Gyro: -10.848 -2.471 0.808
Accel: 0.074 0.276 0.956
Gyro: -11.367 -2.609 1.403
Accel: 0.081 0.274 0.967
Gyro: -15.594 -2.792 1.281
Accel: 0.085 0.273 0.974
Gyro: -11.825 -3.021 0.762
Accel: 0.092 0.268 0.983
Gyro: -11.871 -3.768 0.183
Accel: 0.093 0.262 0.993
Gyro: -11.367 -4.196 0.228
Accel: 0.098 0.255 1.002
Gyro: -10.498 -3.936 0.305
Accel: 0.096 0.251 1.013
Gyro: -9.078 -3.662 0.091
Accel: 0.092 0.251 1.019
Gyro: -7.400 -2.777 0.595
Accel: 0.091 0.247 1.022
Gyro: -5.416 -1.419 1.464
Accel: 0.086 0.245 1.020
Gyro: -3.082 3.784 2.578
Accel: 0.080 0.246 1.011
Gyro: -1.007 0.640 3.585
Accel: 0.074 0.248 0.998
Gyro: 1.022 0.427 4.730
Accel: 0.071 0.255 0.986
Gyro: 2.349 0.274 5.874
Accel: 0.063 0.262 0.971
Gyro: 3.128 -1.647 6.500
Accel: 0.063 0.270 0.962
Gyro: 3.204 -3.112 7.049
Accel: 0.061 0.283 0.957
Gyro: 2.258 -4.898 6.988
Accel: 0.046 0.297 0.955
Gyro: 0.915 -6.271 6.103
Accel: 0.029 0.312 0.956
Gyro: 0.930 -6.973 5.020
Accel: 0.009 0.322 0.957
Gyro: -2.929 -7.141 3.738
Accel: 0.002 0.317 0.961
Gyro: -5.233 -6.896 2.563
Accel: 0.014 0.307 0.967
Gyro: -7.049 -5.813 1.983
Accel: 0.026 0.294 0.971
Gyro: -8.255 -3.784 2.227
Accel: 0.041 0.283 0.969
Gyro: -9.124 -1.770 3.311
Accel: 0.061 0.274 0.967
Gyro: -9.399 0.442 5.203
Accel: 0.071 0.263 0.956
Gyro: -9.277 2.410 8.087
Accel: 0.050 0.243 0.951
Gyro: -9.948 2.670 11.703
Accel: 0.041 0.235 0.954
Gyro: -12.725 0.686 14.694
Accel: 0.037 0.232 0.968
Gyro: -17.257 -2.853 16.830
Accel: 0.036 0.220 0.995
Gyro: -21.774 -7.049 17.944
Accel: 0.032 0.190 1.033
Gyro: -25.360 -15.319 18.859
Accel: 0.041 0.152 1.094
Gyro: -26.199 -15.686 20.538
Accel: 0.056 0.101 1.174
Gyro: -23.0010 -17.471 25.054
Accel: 0.107 0.043 1.270
Gyro: -12.039 -11.764 32.546
Accel: 0.158 0.026 1.367
Gyro: 0.701 -9.170 45.593
Accel: 0.221 0.073 1.416
Gyro: 7.781 -3.845 62.179
Accel: 0.288 0.074 1.451
Gyro: 20.935 4.058 82.717
Accel: 0.317 0.080 1.452
Gyro: 34.439 10.757 104.583
Accel: 0.287 0.098 1.425
Gyro: 47.042 15.762 124.725
Accel: 0.257 0.090 1.394
Gyro: 56.869 17.639 134.384
Accel: 0.228 0.073 1.353
Gyro: 64.926 18.859 144.866
Accel: 0.187 0.056 1.319
Gyro: 72.677 20.126 153.594
Accel: 0.162 0.031 1.280
Gyro: 80.566 22.613 160.308
Accel: 0.135 0.003 1.234
Gyro: 92.956 26.275 165.802
Accel: 0.072 0.035 1.190
Gyro: 96.405 29.846 171.096
Accel: 0.024 0.104 1.139
Gyro: 102.050 35.247 172.851
Accel: 0.028 0.154 1.080
Gyro: 106.979 42.449 170.578
Accel: 0.081 0.217 1.006
Gyro: 110.778 50.231 165.817
Accel: 0.114 0.293 0.935
Gyro: 112.716 57.540 159.500
Accel: 0.131 0.358 0.854
Gyro: 111.984 65.597 151.245
Accel: 0.150 0.409 0.765
Gyro: 108.688 73.074 141.540
Accel: 0.179 0.448 0.686
Gyro: 98.419 78.201 131.515
Accel: 0.193 0.491 0.615
Gyro: 93.017 80.718 120.254
Accel: 0.202 0.533 0.552
Gyro: 81.466 81.466 107.543
Accel: 0.195 0.585 0.489
Gyro: 67.169 81.298 95.214
Accel: 0.201 0.611 0.428
Gyro: 49.545 78.460 81.756
Accel: 0.215 0.618 0.386
Gyro: 28.503 71.945 70.190
Accel: 0.182 0.634 0.384
Gyro: 7.629 60.073 61.492
Accel: 0.189 0.586 0.400
Gyro: -17.974 47.943 62.194
Accel: 0.200 0.547 0.397
Gyro: -36.178 32.577 60.684
Accel: 0.177 0.514 0.434
Gyro: -58.670 15.365 57.159
Accel: 0.215 0.472 0.535
Gyro: -81.954 -2.899 52.703
Accel: 0.227 0.448 0.617
Gyro: -100.784 -14.724 43.151
Accel: 0.238 0.435 0.725
Gyro: -112.991 -17.608 40.618
Accel: 0.248 0.417 0.872
Gyro: -118.804 -7.904 34.378
Accel: 0.274 0.371 0.892
Gyro: -120.285 1.037 28.869
Accel: 0.319 0.281 0.982
Gyro: -121.383 12.252 24.414
Accel: 0.337 0.159 1.096
Gyro: -118.362 22.323 20.675
Accel: 0.335 0.097 1.202
Gyro: -107.833 29.525 22.628
Accel: 0.286 0.045 1.308
Gyro: -92.544 28.869 27.542
Accel: 0.235 0.013 1.402
Gyro: -71.548 27.572 32.333
Accel: 0.181 0.023 1.459
Gyro: -46.661 26.763 42.465
Accel: 0.156 0.030 1.477
Gyro: -21.392 26.718 43.121
Accel: 0.154 0.029 1.459
Gyro: 2.319 26.824 44.403
Accel: 0.151 0.037 1.411
Gyro: 16.067 26.107 43.945
Accel: 0.144 0.053 1.352
Gyro: 29.922 25.207 44.479
Accel: 0.142 0.072 1.289
Gyro: 40.878 23.788 46.707
Accel: 0.152 0.096 1.236
Gyro: 49.865 21.301 49.438
Accel: 0.145 0.144 1.189
Gyro: 57.479 19.058 51.055
Accel: 0.136 0.200 1.140
Gyro: 63.064 16.647 52.062
Accel: 0.129 0.245 1.097
Gyro: 67.977 13.732 52.139
Accel: 0.129 0.276 1.042
Gyro: 72.631 9.582 51.162
Accel: 0.128 0.305 0.975
Gyro: 81.756 3.707 50.247
Accel: 0.136 0.323 0.902
Gyro: 82.962 -7.034 49.530
Accel: 0.149 0.340 0.831
Gyro: 86.929 -25.650 48.095
Accel: 0.132 0.372 0.788
Gyro: 90.652 -53.680 46.157
Accel: 0.134 0.414 0.775
Gyro: 97.305 -88.989 44.204
Accel: 0.146 0.460 0.783
Gyro: 110.733 -126.953 40.420
Accel: 0.174 0.492 0.784
Gyro: 132.003 -164.886 33.386
Accel: 0.207 0.510 0.692
Gyro: 156.539 -201.416 24.887
Accel: 0.240 0.511 0.703
Gyro: 178.604 -233.215 16.860
Accel: 0.284 0.494 0.639
Gyro: 191.192 -254.180 12.451
Accel: 0.366 0.488 0.573
Gyro: 193.054 -272.476 10.787
Accel: 0.401 0.489 0.508
Gyro: 191.635 -281.524 10.833
Accel: 0.458 0.486 0.466
Gyro: 179.885 -284.225 16.021
Accel: 0.604 0.526 0.477
Gyro: 159.973 -280.059 22.552
Accel: 0.726 0.595 0.510
Gyro: 136.535 -265.151 21.163
Accel: 0.823 0.673 0.557
Gyro: 114.334 -240.570 9.948
Accel: 0.857 0.721 0.624
Gyro: 97.259 -214.416 -4.318
Accel: 0.881 0.751 0.633
Gyro: 79.864 -181.488 -16.952
Accel: 0.867 0.743 0.626
Gyro: 66.177 -159.317 -28.121
Accel: 0.864 0.700 0.615
Gyro: 60.226 -138.214 -37.887
Accel: 0.866 0.630 0.591
Gyro: 60.607 -126.174 -45.303
Accel: 0.871 0.566 0.557
Gyro: 63.995 -123.291 -48.583
Accel: 0.893 0.573 0.528
Gyro: 67.871 -130.294 -51.025
Accel: 0.899 0.603 0.511
Gyro: 71.853 -147.094 -59.921
Accel: 0.915 0.612 0.508
Gyro: 76.965 -156.570 -77.270
Accel: 0.896 0.637 0.506
Gyro: 84.899 -164.459 -85.830
Accel: 0.853 0.672 0.506
Gyro: 92.376 -168.640 -95.550
Accel: 0.811 0.666 0.487
Gyro: 98.449 -167.037 -103.790
Accel: 0.758 0.648 0.451
Gyro: 102.157 -160.583 -108.947
Accel: 0.625 0.621 0.405
Gyro: 102.127 -151.702 -109.573
Accel: 0.607 0.575 0.358
Gyro: 98.556 -142.654 -106.552
Accel: 0.515 0.524 0.318
Gyro: 94.299 -133.529 -99.411
Accel: 0.403 0.482 0.283
Gyro: 90.896 -126.113 -83.282
Accel: 0.288 0.437 0.239
Gyro: 89.035 -120.712 -70.495
Accel: 0.192 0.371 0.200
Gyro: 88.088 -118.698 -49.758
Accel: 0.136 0.315 0.163
Gyro: 87.631 -117.172 -25.085
Accel: 0.088 0.291 0.136
Gyro: 87.020 -114.471 1.419
Accel: 0.055 0.260 0.105
Gyro: 86.090 -109.619 27.038
Accel: 0.013 0.253 0.082
Gyro: 82.855 -103.973 51.895
Accel: 0.017 0.231 0.067
Gyro: 78.933 -98.068 77.789
Accel: 0.014 0.231 0.049
Gyro: 74.142 -92.025 98.907
Accel: 0.006 0.282 0.019
Gyro: 68.786 -78.201 128.036
Accel: 0.058 0.334 0.002
Gyro: 54.748 -71.990 142.990
Accel: 0.138 0.365 0.026
Gyro: 42.007 -54.199 150.588
Accel: 0.185 0.437 0.028
Gyro: 23.208 -35.766 150.894
Accel: 0.193 0.498 0.023
Gyro: 5.691 -18.630 148.132
Accel: 0.201 0.533 0.006
Gyro: -6.698 -3.097 145.004
Accel: 0.218 0.563 0.002
Gyro: -12.893 9.933 141.937
Accel: 0.313 0.526 0.009
Gyro: -14.648 18.539 137.557
Accel: 0.437 0.495 0.006
Gyro: -13.473 25.802 130.310
Accel: 0.499 0.476 0.033
Gyro: -12.786 28.625 122.192
Accel: 0.528 0.461 0.063
Gyro: -12.496 26.031 116.409
Accel: 0.531 0.443 0.091
Gyro: -10.299 18.890 114.120
Accel: 0.532 0.426 0.121
Gyro: -5.569 6.240 114.379
Accel: 0.548 0.414 0.148
Gyro: 1.068 -9.201 116.027
Accel: 0.597 0.411 0.169
Gyro: 8.163 -23.574 118.103
Accel: 0.760 0.352 0.177
Gyro: 11.993 -35.339 120.269
Accel: 0.972 0.274 0.174
Gyro: 11.108 -42.022 121.429
Accel: 1.153 0.226 0.166
Gyro: 5.355 -46.325 122.497
Accel: 1.308 0.201 0.141
Gyro: -1.708 -52.322 124.176
Accel: 1.423 0.206 0.105
Gyro: -9.246 -59.707 124.862
Accel: 1.569 0.227 0.048
Gyro: -13.198 -64.407 122.833
Accel: 1.729 0.265 0.016
Gyro: -13.671 -63.079 116.287
Accel: 1.934 0.323 0.074
Gyro: -12.817 -54.336 104.385
Accel: 1.983 0.385 0.131
Gyro: -13.778 -40.283 86.257
Accel: 2.031 0.451 0.175
Gyro: -16.632 -22.674 66.879
Accel: 2.020 0.504 0.200
Gyro: -19.241 -1.312 44.937
Accel: 1.939 0.553 0.219
Gyro: -19.790 15.045 26.794
Accel: 1.809 0.605 0.212
Gyro: -16.586 26.840 6.027
Accel: 1.678 0.641 0.184
Gyro: -9.674 30.212 -13.824
Accel: 1.521 0.654 0.156
Gyro: 0.320 32.882 -32.638
Accel: 1.373 0.647 0.092
Gyro: 10.681 31.478 -47.119
Accel: 1.235 0.621 0.030
Gyro: 20.141 24.948 -57.357
Accel: 1.125 0.574 0.040
Gyro: 26.550 14.953 -64.346
Accel: 1.025 0.523 0.094
Gyro: 29.449 0.518 -74.218
Accel: 0.921 0.482 0.143
Gyro: 29.159 -8.087 -73.303
Accel: 0.815 0.459 0.247
Gyro: 26.184 -19.943 -74.615
Accel: 0.718 0.454 0.216
Gyro: 21.377 -30.899 -74.371
Accel: 0.593 0.477 0.220
Gyro: 14.709 -42.999 -71.624
Accel: 0.485 0.489 0.211
Gyro: 9.140 -54.916 -65.704
Accel: 0.392 0.497 0.195
Gyro: 7.034 -62.957 -56.060
Accel: 0.292 0.520 0.182
Gyro: 6.668 -67.367 -46.356
Accel: 0.192 0.524 0.168
Gyro: 6.072 -68.756 -34.957
Accel: 0.118 0.508 0.160
Gyro: 6.088 -66.375 -21.392
Accel: 0.076 0.474 0.156
Gyro: 7.476 -59.890 -4.745
Accel: 0.064 0.428 0.165
Gyro: 10.940 -49.697 14.694
Accel: 0.056 0.397 0.186
Gyro: 14.114 -39.138 35.919
Accel: 0.091 0.360 0.216
Gyro: 14.602 -29.190 56.777
Accel: 0.209 0.296 0.241
Gyro: 10.864 -18.630 66.482
Accel: -3.625 1.309 2.996
Gyro: 24.322 29.327 -138.839
Accel: 0.034 1.495 0.318
Gyro: 13.0000 -6.713 -61.492
Accel: 1.084 0.300 0.106
Gyro: 29.220 18.920 -6.530
Accel: 0.856 0.014 0.104
Gyro: 27.221 16.723 11.062
Accel: 0.923 0.030 0.228
Gyro: 15.518 12.527 32.836
Accel: 0.941 0.350 0.114
Gyro: 0.274 15.380 50.567
Accel: 0.918 0.301 0.142
Gyro: -9.765 14.282 70.831
Accel: 1.007 0.198 0.189
Gyro: -25.268 15.502 80.429
Accel: 1.112 0.231 0.177
Gyro: -41.534 14.984 77.545
Accel: 1.167 0.359 0.124
Gyro: -52.429 17.059 63.613
Accel: 1.158 0.486 0.007
Gyro: -56.579 17.196 52.917
Accel: 1.139 0.620 0.051
Gyro: -53.421 15.823 33.676
Accel: 1.119 0.599 0.046
Gyro: -41.687 14.694 12.496
Accel: 1.082 0.614 0.088
Gyro: -20.919 12.634 -7.919
Accel: 1.026 0.612 0.101
Gyro: -6.271 9.841 -26.046
Accel: 0.962 0.593 0.076
Gyro: 10.482 7.080 -41.152
Accel: 0.879 0.577 0.024
Gyro: 22.613 3.890 -51.620
Accel: 0.797 0.562 0.032
Gyro: 28.869 0.747 -59.631
Accel: 0.701 0.555 0.082
Gyro: 29.663 -2.929 -65.048
Accel: 0.606 0.532 0.182
Gyro: 26.473 -7.034 -67.230
Accel: 0.523 0.438 0.139
Gyro: 21.804 -9.948 -64.880
Accel: 0.453 0.470 0.154
Gyro: 17.730 -10.742 -57.815
Accel: 0.385 0.439 0.173
Gyro: 14.129 -10.116 -47.027
Accel: 0.333 0.406 0.190
Gyro: 9.460 -9.796 -33.630
Accel: 0.294 0.372 0.204
Gyro: 3.723 -9.643 -19.424
Accel: 0.275 0.344 0.209
Gyro: -2.410 -9.353 -1.968
Accel: 0.268 0.318 0.208
Gyro: -8.758 -9.307 15.823
Accel: 0.270 0.302 0.197
Gyro: -13.778 -9.307 33.493
Accel: 0.277 0.300 0.175
Gyro: -17.410 -8.560 50.262
Accel: 0.294 0.310 0.154
Gyro: -19.134 -7.080 65.002
Accel: 0.344 0.312 0.134
Gyro: -19.363 -3.585 77.194
Accel: 0.453 0.281 0.112
Gyro: -19.317 1.602 87.463
Accel: 7.999 1.122 1.810
Gyro: -15.594 16.769 -102.828
Accel: 0.906 1.418 -1.083
Gyro: -19.363 -15.396 -12.741
Accel: 1.083 0.162 0.174
Gyro: -1.647 18.875 29.342
Accel: 0.972 0.023 0.203
Gyro: -2.471 -3.097 26.702
Accel: 1.022 0.043 0.139
Gyro: -1.251 0.396 24.932
Accel: 0.902 0.321 0.069
Gyro: -1.235 0.595 44.174
Accel: 1.035 0.399 0.077
Gyro: -7.064 2.258 53.115
Accel: 1.192 0.416 0.079
Gyro: -16.952 9.521 39.627
Accel: 1.183 0.571 0.057
Gyro: -27.008 20.080 22.003
Accel: 1.0100 0.700 0.026
Gyro: -34.149 28.518 3.341
Accel: 1.044 0.728 0.057
Gyro: -35.125 33.966 -19.424
Accel: 0.953 0.740 0.012
Gyro: -30.471 37.246 -38.513
Accel: 0.835 0.735 0.055
Gyro: -23.223 34.896 -50.415
Accel: 0.739 0.702 0.024
Gyro: -13.809 23.834 -61.782
Accel: 0.568 0.650 0.064
Gyro: 0.793 17.364 -70.449
Accel: 0.522 0.585 0.096
Gyro: 3.616 4.043 -75.027
Accel: 0.323 0.550 0.125
Gyro: 11.627 -9.872 -74.935
Accel: 0.252 0.505 0.144
Gyro: 18.234 -24.124 -71.426
Accel: 0.152 0.437 0.162
Gyro: 22.979 -36.300 -62.316
Accel: 0.097 0.347 0.167
Gyro: 26.092 -47.164 -43.609
Accel: 0.068 0.274 0.173
Gyro: 27.435 -58.212 -27.313
Accel: 0.040 0.225 0.174
Gyro: 27.236 -56.396 -2.731
Accel: 0.037 0.175 0.176
Gyro: 25.558 -52.566 24.002
Accel: 0.073 0.126 0.177
Gyro: 20.889 -44.387 50.613
Accel: -3.781 1.449 3.047
Gyro: 10.238 33.554 -91.781
Accel: 0.787 1.620 -1.077
Gyro: -19.195 -26.855 -15.853
Accel: 0.691 0.241 0.065
Gyro: -12.252 12.176 26.931
Accel: 0.716 0.301 0.052
Gyro: -9.857 5.096 19.927
Accel: 0.846 0.600 0.219
Gyro: -5.340 2.319 30.273
Accel: 0.733 0.592 0.093
Gyro: 0.991 6.866 47.912
Accel: 0.870 0.322 0.096
Gyro: -1.296 5.111 63.613
Accel: 0.953 0.140 0.147
Gyro: -6.668 6.607 77.682
Accel: 1.152 0.112 0.120
Gyro: -17.333 11.672 83.007
Accel: 1.357 0.233 0.074
Gyro: -30.364 17.745 79.620
Accel: 1.440 0.411 0.038
Gyro: -42.327 23.498 63.674
Accel: 1.427 0.573 0.009
Gyro: -49.530 27.343 46.005
Accel: 1.371 0.696 0.066
Gyro: -50.048 30.868 13.946
Accel: 1.237 0.790 0.116
Gyro: -42.266 33.020 -12.924
Accel: 1.014 0.861 0.141
Gyro: -27.008 31.799 -43.472
Accel: 0.815 0.813 0.127
Gyro: -7.553 26.535 -71.197
Accel: 0.685 0.820 0.084
Gyro: 12.130 17.654 -93.643
Accel: 0.516 0.713 0.025
Gyro: 30.670 7.476 -108.428
Accel: 0.366 0.599 0.035
Gyro: 46.966 -4.089 -114.196
Accel: 0.201 0.511 0.099
Gyro: 60.241 -14.556 -112.503
Accel: 0.064 0.419 0.159
Gyro: 68.878 -25.131 -102.920
Accel: 0.032 0.331 0.227
Gyro: 71.838 -38.619 -86.151
Accel: 0.090 0.229 0.286
Gyro: 69.503 -46.493 -61.859
Accel: 0.122 0.124 0.318
Gyro: 62.210 -47.531 -30.212
Accel: 0.135 0.056 0.324
Gyro: 53.787 -47.805 6.515
Accel: 0.140 0.039 0.321
Gyro: 41.061 -49.606 44.097
Accel: 0.112 0.034 0.322
Gyro: 24.810 -48.248 79.132
Accel: 0.051 0.040 0.303
Gyro: 8.560 -41.671 108.0001
Accel: 0.030 0.058 0.277
Gyro: -6.774 -28.091 126.831
Accel: -3.037 1.763 4.332
Gyro: -28.625 37.155 -103.225
Accel: -1.632 1.813 -1.833
Gyro: -65.231 -29.632 -23.056
Accel: 1.140 0.210 0.015
Gyro: -41.198 27.832 17.028
Accel: 0.490 0.154 0.325
Gyro: -25.680 5.004 0.396
Accel: 0.680 0.494 0.113
Gyro: -13.427 11.108 -4.760
Accel: 0.975 0.793 0.054
Gyro: -4.425 10.452 5.889
Accel: 0.654 0.597 0.131
Gyro: 4.241 9.750 11.672
Accel: 0.872 0.504 0.071
Gyro: 7.858 12.069 8.972
Accel: 0.891 0.556 0.118
Gyro: 6.561 12.680 7.705
Accel: 0.843 0.681 0.146
Gyro: 2.899 15.823 11.169
Accel: 0.877 0.605 0.147
Gyro: -1.144 18.493 15.762
Accel: 0.867 0.393 0.130
Gyro: -5.569 19.287 26.962
Accel: 0.830 0.305 0.108
Gyro: -12.710 20.523 45.700
Accel: 0.931 0.278 0.116
Gyro: -22.079 19.332 60.882
Accel: 1.078 0.350 0.116
Gyro: -31.402 17.456 68.145
Accel: 1.198 0.473 0.079
Gyro: -39.276 16.540 67.443
Accel: 1.261 0.601 0.034
Gyro: -45.425 15.716 52.413
Accel: 1.282 0.697 0.017
Gyro: -47.714 16.571 37.322
Accel: 1.264 0.771 0.070
Gyro: -45.242 18.875 14.511
Accel: 1.221 0.802 0.113
Gyro: -37.719 20.950 -8.972
Accel: 1.157 0.795 0.132
Gyro: -26.199 22.689 -30.654
Accel: 1.079 0.755 0.128
Gyro: -12.0100 22.491 -48.461
Accel: 0.980 0.707 0.104
Gyro: 1.602 19.058 -60.714
Accel: 0.873 0.659 0.067
Gyro: 12.496 13.244 -73.791
Accel: 0.771 0.609 0.033
Gyro: 20.370 5.554 -74.249
Accel: 0.677 0.568 0.062
Gyro: 24.490 -7.049 -74.264
Accel: 0.595 0.528 0.026
Gyro: 26.565 -11.016 -70.587
Accel: 0.518 0.492 0.041
Gyro: 27.084 -16.784 -64.636
Accel: 0.376 0.467 0.052
Gyro: 26.596 -20.568 -55.969
Accel: 0.360 0.458 0.059
Gyro: 25.405 -22.064 -45.425
Accel: 0.305 0.450 0.069
Gyro: 23.864 -21.041 -31.280
Accel: 0.255 0.447 0.078
Gyro: 22.201 -18.188 -19.866
Accel: 0.226 0.437 0.095
Gyro: 20.294 -14.480 -8.499
Accel: 0.205 0.427 0.117
Gyro: 17.913 -10.391 -1.159
Accel: 0.201 0.409 0.140
Gyro: 14.663 -6.484 9.521
Accel: 0.198 0.388 0.164
Gyro: 10.589 -3.204 19.348
Accel: 0.188 0.371 0.184
Gyro: 6.515 0.854 28.884
Accel: 0.170 0.355 0.202
Gyro: 3.280 0.061 38.894
Accel: 0.163 0.325 0.214
Gyro: 0.030 -1.876 48.675
Accel: 0.196 0.274 0.211
Gyro: -2.990 -5.310 65.200
Accel: 0.280 0.210 0.199
Gyro: -5.798 -8.651 75.668
Accel: 0.398 0.156 0.181
Gyro: -8.178 -11.123 90.454
Accel: 0.507 0.133 0.158
Gyro: -15.426 -12.649 103.744
Accel: 7.977 3.571 0.468
Gyro: -8.026 42.785 -75.698
Accel: 0.852 1.391 0.726
Gyro: -35.614 24.291 -32.989
Accel: 0.905 0.595 1.560
Gyro: -34.179 31.219 25.802
Accel: 1.066 0.252 0.453
Gyro: -20.675 0.747 24.719
Accel: 0.809 0.090 0.054
Gyro: -8.728 8.056 20.187
Accel: 0.696 0.396 0.053
Gyro: 0.625 -3.250 36.865
Accel: 0.776 0.475 0.030
Gyro: 2.487 0.381 51.971
Accel: 0.973 0.405 0.003
Gyro: -3.662 -1.632 51.223
Accel: 1.133 0.428 0.006
Gyro: -4.608 2.868 40.283
Accel: 1.188 0.539 0.004
Gyro: -10.528 7.781 27.206
Accel: 1.193 0.618 0.013
Gyro: -15.594 11.459 12.359
Accel: 1.180 0.662 0.028
Gyro: -17.410 13.916 -1.708
Accel: 1.128 0.694 0.046
Gyro: -15.151 15.930 -16.098
Accel: 1.063 0.706 0.068
Gyro: -9.658 16.372 -27.893
Accel: 1.008 0.690 0.069
Gyro: -3.631 15.182 -37.597
Accel: 0.949 0.651 0.056
Gyro: 7.568 12.512 -45.196
Accel: 0.894 0.614 0.033
Gyro: 10.742 8.666 -50.521
Accel: 0.822 0.576 0.009
Gyro: 16.952 4.013 -53.497
Accel: 0.747 0.545 0.011
Gyro: 22.064 -1.510 -53.802
Accel: 0.666 0.520 0.032
Gyro: 26.199 -7.171 -51.681
Accel: 0.590 0.503 0.050
Gyro: 29.235 -11.978 -43.350
Accel: 0.515 0.501 0.070
Gyro: 30.944 -15.121 -41.320
Accel: 0.445 0.504 0.093
Gyro: 31.005 -17.532 -34.378
Accel: 0.393 0.501 0.116
Gyro: 29.678 -18.585 -26.977
Accel: 0.354 0.496 0.137
Gyro: 23.483 -17.868 -19.165
Accel: 0.325 0.479 0.157
Gyro: 24.215 -16.128 -11.169
Accel: 0.297 0.462 0.176
Gyro: 20.629 -13.427 -2.761
Accel: 0.274 0.440 0.190
Gyro: 17.105 -10.971 5.599
Accel: 0.256 0.416 0.208
Gyro: 13.336 -9.780 19.470
Accel: 0.238 0.393 0.225
Gyro: 9.857 -10.086 26.184
Accel: 0.218 0.313 0.240
Gyro: 6.805 -12.191 36.911
Accel: 0.198 0.357 0.251
Gyro: 3.890 -15.106 48.065
Accel: 0.199 0.325 0.252
Gyro: 1.632 -18.692 59.417
Accel: 0.310 0.261 0.241
Gyro: 0.320 -22.247 68.420
Accel: -3.281 0.595 2.046
Gyro: -6.744 31.158 -69.488
Accel: 0.902 1.193 0.534
Gyro: -32.760 -15.121 10.314
Accel: 1.223 0.706 0.221
Gyro: -24.414 15.197 22.079
Accel: 0.600 0.313 0.173
Gyro: -11.077 10.360 13.549
Accel: 0.730 0.483 0.078
Gyro: 3.036 7.522 8.850
Accel: 0.891 0.735 0.018
Gyro: 11.581 0.564 16.693
Accel: 0.755 0.656 0.056
Gyro: 11.718 2.426 25.253
Accel: 0.927 0.393 0.092
Gyro: 11.810 1.037 29.922
Accel: 0.932 0.271 0.127
Gyro: 7.354 2.334 39.077
Accel: 0.970 0.270 0.163
Gyro: -1.693 2.807 46.066
Accel: 1.052 0.374 0.170
Gyro: -13.473 0.747 47.988
Accel: 1.110 0.494 0.134
Gyro: -24.673 0.930 44.219
Accel: 1.135 0.584 0.085
Gyro: -32.211 -1.510 31.723
Accel: 1.145 0.650 0.029
Gyro: -36.407 0.534 22.506
Accel: 1.133 0.689 0.020
Gyro: -31.555 4.501 6.393
Accel: 1.102 0.705 0.058
Gyro: -29.449 9.979 -10.681
Accel: 1.051 0.698 0.073
Gyro: -19.348 15.213 -26.870
Accel: 0.983 0.673 0.064
Gyro: -7.675 17.974 -40.481
Accel: 0.901 0.634 0.035
Gyro: 3.097 17.257 -49.880
Accel: 0.821 0.594 0.005
Gyro: 11.062 13.809 -56.930
Accel: 0.739 0.556 0.030
Gyro: 19.287 7.522 -60.272
Accel: 0.658 0.517 0.057
Gyro: 17.684 -3.890 -59.829
Accel: 0.596 0.477 0.074
Gyro: 18.264 -7.339 -56.060
Accel: 0.528 0.449 0.087
Gyro: 17.974 -14.007 -49.407
Accel: 0.466 0.432 0.093
Gyro: 17.166 -18.478 -40.130
Accel: 0.419 0.420 0.095
Gyro: 16.006 -20.919 -29.479
Accel: 0.379 0.419 0.099
Gyro: 14.419 -20.721 -19.515
Accel: 0.356 0.421 0.107
Gyro: 12.405 -18.051 -4.470
Accel: 0.337 0.425 0.119
Gyro: 8.850 -14.175 1.983
Accel: 0.325 0.422 0.130
Gyro: 4.638 -9.994 11.596
Accel: 0.323 0.411 0.134
Gyro: 0.366 -5.538 20.736
Accel: 0.319 0.395 0.134
Gyro: -4.913 -1.800 30.136
Accel: 0.250 0.377 0.135
Gyro: -8.697 0.885 39.093
Accel: 0.305 0.351 0.132
Gyro: -11.306 2.716 48.034
Accel: 0.291 0.321 0.133
Gyro: -12.405 3.982 56.625
Accel: 0.279 0.285 0.131
Gyro: -12.222 4.272 66.604
Accel: 0.693 0.627 0.020
Gyro: -3.524 37.918 -53.649
Accel: 1.344 1.583 0.985
Gyro: -18.112 48.797 -67.916
Accel: 1.269 0.675 0.569
Gyro: -19.897 14.953 -3.387
Accel: 0.856 0.489 0.406
Gyro: -8.544 12.374 5.447
Accel: 0.759 0.306 0.104
Gyro: 0.122 16.098 -6.698
Accel: 0.795 0.637 0.107
Gyro: 7.583 5.722 -2.868
Accel: 0.891 0.627 0.042
Gyro: 11.657 -1.052 2.914
Accel: 0.919 0.547 0.026
Gyro: 14.511 -2.990 4.455
Accel: 0.812 0.485 0.029
Gyro: 14.862 -5.355 0.991
Accel: 0.843 0.545 0.005
Gyro: 13.412 -8.239 -1.205
Accel: 0.786 0.525 0.036
Gyro: 12.573 -9.765 -1.770
Accel: 0.840 0.562 0.039
Gyro: 12.268 -10.452 -2.410
Accel: 0.844 0.562 0.041
Gyro: 11.169 -11.016 -2.182
Accel: 0.801 0.578 0.057
Gyro: 9.033 -11.398 -1.312
Accel: 0.826 0.553 0.056
Gyro: 6.942 -11.230 -1.037
Accel: 0.861 0.567 0.0000
Gyro: 5.004 -11.306 -1.037
Accel: 0.822 0.563 0.0001
Gyro: 4.104 -11.062 0.503
Accel: 0.835 0.551 0.061
Gyro: 4.150 -10.803 0.381
Accel: 0.838 0.618 0.075
Gyro: 4.837 -10.040 0.183
Accel: 0.840 0.500 0.089
Gyro: 5.661 -8.270 1.083
Accel: 0.843 0.560 0.107
Gyro: 5.447 -5.920 1.724
Accel: 0.837 0.593 0.129
Gyro: 4.394 -2.792 3.356
Accel: 0.827 0.606 0.132
Gyro: 2.395 1.190 6.225
Accel: 0.833 0.616 0.146
Gyro: 0.259 5.310 9.933
Accel: 0.842 0.605 0.154
Gyro: -1.708 9.780 13.732
Accel: 0.869 0.591 0.156
Gyro: -3.936 14.419 19.622
Accel: 0.826 0.266 0.125
Gyro: -11.276 17.105 39.260
Accel: 0.906 0.205 0.130
Gyro: -13.442 19.607 58.853
Accel: 1.121 0.248 0.098
Gyro: -21.804 20.370 69.808
Accel: 1.188 0.385 0.077
Gyro: -31.524 19.699 70.129
Accel: 1.257 0.536 0.038
Gyro: -40.008 20.019 55.892
Accel: 1.270 0.672 0.058
Gyro: -45.303 21.408 36.193
Accel: 1.244 0.768 0.051
Gyro: -45.562 23.0010 12.0100
Accel: 1.197 0.804 0.104
Gyro: -40.405 24.230 -8.895
Accel: 1.137 0.806 0.137
Gyro: -24.490 24.429 -31.997
Accel: 1.005 0.773 0.145
Gyro: -8.575 22.415 -51.467
Accel: 0.979 0.724 0.122
Gyro: 3.463 17.807 -65.841
Accel: 0.884 0.666 0.084
Gyro: 17.059 11.352 -74.523
Accel: 0.796 0.605 0.040
Gyro: 26.565 3.524 -77.468
Accel: 0.708 0.548 0.0001
Gyro: 31.967 -4.669 -75.881
Accel: 0.635 0.496 0.026
Gyro: 33.401 -15.609 -69.656
Accel: 0.564 0.459 0.050
Gyro: 32.333 -17.929 -60.028
Accel: 0.501 0.433 0.061
Gyro: 29.037 -21.697 -47.775
Accel: 0.454 0.418 0.069
Gyro: 24.291 -23.071 -34.423
Accel: 0.412 0.414 0.072
Gyro: 18.951 -22.186 -20.965
Accel: 0.381 0.425 0.077
Gyro: 13.458 -18.859 -8.666
Accel: 0.351 0.439 0.079
Gyro: 7.843 -14.495 1.052
Accel: 0.328 0.444 0.082
Gyro: 2.899 -9.933 11.688
Accel: 0.303 0.440 0.083
Gyro: 0.411 -5.722 14.068
Accel: 0.274 0.426 0.085
Gyro: -2.090 -1.998 19.561
Accel: 0.241 0.400 0.092
Gyro: -2.792 0.259 25.070
Accel: 0.213 0.364 0.0100
Gyro: -1.907 0.045 31.814
Accel: 0.171 0.325 0.113
Gyro: 3.784 -1.876 39.260
Accel: 0.118 0.273 0.120
Gyro: 2.700 -5.905 47.973
Accel: 0.062 0.221 0.139
Gyro: 6.805 -11.596 59.234
Accel: 0.0000 0.159 0.148
Gyro: 11.367 -19.409 71.029
Accel: 0.030 0.080 0.155
Gyro: 16.632 -30.776 86.914
Accel: 0.508 0.525 0.206
Gyro: 37.948 22.537 -73.577
Accel: 1.110 2.222 0.029
Gyro: 1.525 37.368 -90.240
Accel: 0.581 0.638 0.473
Gyro: -7.003 -20.492 -11.734
Accel: 0.699 0.508 -1.020
Gyro: 16.174 -11.657 -5.081
Accel: 0.989 0.448 0.101
Gyro: 31.219 -4.867 -15.075
Accel: 0.809 0.636 0.038
Gyro: 29.663 -17.410 -10.086
Accel: 0.839 0.645 0.052
Gyro: 24.932 -21.560 -5.340
Accel: 0.917 0.533 0.110
Gyro: 23.803 -22.338 -4.302
Accel: 0.812 0.494 0.092
Gyro: 21.408 -23.269 -8.178
Accel: 0.871 0.540 0.093
Gyro: 16.265 -18.753 -10.559
Accel: 0.836 0.561 0.138
Gyro: 8.117 -11.993 -10.986
Accel: 0.882 0.561 0.166
Gyro: 9.292 -13.031 -11.642
Accel: 0.772 0.592 0.138
Gyro: 6.484 -9.933 -9.277
Accel: 0.866 0.633 0.157
Gyro: 3.967 -7.583 -5.935
Accel: 0.844 0.606 0.165
Gyro: 2.151 -4.943 -3.372
Accel: 0.872 0.593 0.132
Gyro: 0.732 -3.173 0.900
Accel: 0.791 0.592 0.138
Gyro: 0.427 0.701 1.907
Accel: 0.813 0.585 0.133
Gyro: -1.770 1.739 3.341
Accel: 0.828 0.593 0.150
Gyro: -3.005 3.738 4.257
Accel: 0.835 0.572 0.138
Gyro: -4.196 6.561 5.416
Accel: 0.758 0.563 0.129
Gyro: -5.599 8.926 6.164
Accel: 0.850 0.586 0.135
Gyro: -7.034 11.123 6.988
Accel: 0.820 0.589 0.135
Gyro: -8.239 13.641 8.621
Accel: 0.844 0.597 0.133
Gyro: -9.552 15.274 10.894
Accel: 0.830 0.603 0.119
Gyro: -10.253 17.456 13.610
Accel: 0.827 0.589 0.117
Gyro: -11.123 19.851 16.372
Accel: 0.835 0.578 0.130
Gyro: -12.176 22.796 18.386
Accel: 0.860 0.581 0.133
Gyro: -13.748 26.016 20.019
Accel: 0.837 0.565 0.128
Gyro: -15.533 29.556 21.057
Accel: 0.846 0.561 0.124
Gyro: -17.044 32.852 22.781
Accel: 0.859 0.564 0.102
Gyro: -17.730 35.751 25.329
Accel: 0.885 0.553 0.029
Gyro: -18.203 37.673 28.381
Accel: 0.901 0.406 0.034
Gyro: -19.775 34.957 36.361
Accel: 1.0010 0.212 0.026
Gyro: -24.139 27.938 47.714
Accel: 1.136 0.160 0.095
Gyro: -28.289 19.119 54.397
Accel: 1.325 0.146 0.072
Gyro: -30.166 4.653 56.747
Accel: 1.452 0.191 0.015
Gyro: -31.860 -11.871 51.239
Accel: 1.441 0.350 0.040
Gyro: -32.455 -21.652 39.413
Accel: 1.376 0.539 0.134
Gyro: -28.976 -22.323 26.214
Accel: 1.301 0.680 0.190
Gyro: -23.956 -18.569 4.592
Accel: 1.237 0.747 0.242
Gyro: -17.654 -9.170 -12.466
Accel: 1.151 0.774 0.267
Gyro: -9.277 6.988 -33.721
Accel: 1.057 0.768 0.265
Gyro: 3.570 14.373 -52.642
Accel: 0.878 0.736 0.237
Gyro: 8.422 23.254 -67.016
Accel: 0.753 0.699 0.186
Gyro: 16.754 29.785 -76.431
Accel: 0.693 0.657 0.121
Gyro: 23.300 33.905 -80.932
Accel: 0.580 0.612 0.054
Gyro: 27.740 34.957 -81.405
Accel: 0.477 0.570 0.002
Gyro: 30.410 32.714 -74.310
Accel: 0.386 0.526 0.120
Gyro: 31.616 27.053 -67.123
Accel: 0.325 0.491 0.105
Gyro: 32.470 19.195 -60.409
Accel: 0.283 0.463 0.148
Gyro: 32.180 11.596 -47.607
Accel: 0.257 0.445 0.183
Gyro: 29.846 3.280 -33.554
Accel: 0.257 0.420 0.208
Gyro: 25.573 -3.906 -19.271
Accel: 0.267 0.418 0.228
Gyro: 20.095 -9.582 -5.477
Accel: 0.268 0.438 0.236
Gyro: 12.832 -14.175 5.798
Accel: 0.283 0.447 0.233
Gyro: 5.203 -17.105 16.159
Accel: 0.306 0.445 0.220
Gyro: 0.808 -18.707 24.475
Accel: 0.333 0.375 0.201
Gyro: -6.042 -18.890 32.028
Accel: 0.369 0.409 0.184
Gyro: -9.735 -18.646 39.077
Accel: 0.405 0.380 0.169
Gyro: -12.573 -18.722 45.822
Accel: 0.433 0.365 0.153
Gyro: -14.389 -18.692 52.795
Accel: 0.454 0.367 0.144
Gyro: -16.159 -18.066 58.929
Accel: 0.466 0.361 0.133
Gyro: -18.157 -17.883 62.942
Accel: 0.465 0.356 0.120
Gyro: -19.821 -17.578 66.955
Accel: 0.444 0.349 0.109
Gyro: -20.797 -17.700 71.258
Accel: 0.415 0.332 0.0100
Gyro: -20.614 -18.432 75.241
Accel: 0.316 0.304 0.095
Gyro: -19.470 -20.248 79.421
Accel: 0.334 0.265 0.087
Gyro: -16.983 -23.086 84.930
Accel: 7.999 2.735 2.088
Gyro: -15.701 48.843 -124.679
Accel: 0.018 1.653 -1.560
Gyro: -42.266 -8.697 -48.522
Accel: 0.669 0.263 0.901
Gyro: -28.900 37.124 5.386
Accel: 0.973 0.364 0.174
Gyro: -4.547 5.645 1.373
Accel: 1.121 0.291 0.256
Gyro: 12.496 4.669 -10.070
Accel: 0.726 0.638 0.353
Gyro: 20.034 -7.400 -6.912
Accel: 0.670 0.556 0.163
Gyro: 31.204 -14.190 0.091
Accel: 0.838 0.494 0.057
Gyro: 37.155 -20.446 0.808
Accel: 0.993 0.482 0.039
Gyro: 43.777 -24.780 -3.829
Accel: 0.757 0.479 0.030
Gyro: 46.096 -27.954 -4.257
Accel: 0.869 0.485 0.002
Gyro: 46.890 -30.868 -4.119
Accel: 0.857 0.530 0.053
Gyro: 46.707 -31.723 -4.058
Accel: 0.855 0.527 0.124
Gyro: 45.593 -31.539 -2.807
Accel: 0.823 0.512 0.075
Gyro: 43.914 -31.509 -1.373
Accel: 0.866 0.554 0.085
Gyro: 40.847 -31.051 0.762
Accel: 0.906 0.570 0.108
Gyro: 35.751 -30.548 2.548
Accel: 0.842 0.534 0.104
Gyro: 29.556 -29.830 2.731
Accel: 0.873 0.477 0.143
Gyro: 23.147 -28.030 0.183
Accel: 0.841 0.510 0.154
Gyro: 18.112 -25.344 0.427
Accel: 0.833 0.529 0.154
Gyro: 14.465 -23.0010 0.213
Accel: 0.886 0.498 0.163
Gyro: 9.460 -20.629 -1.022
Accel: 0.853 0.502 0.158
Gyro: 5.233 -18.386 -1.861
Accel: 0.864 0.508 0.154
Gyro: 1.983 -15.914 -2.105
Accel: 0.846 0.504 0.156
Gyro: 0.106 -13.626 -2.410
Accel: 0.862 0.503 0.154
Gyro: -1.541 -11.306 -2.975
Accel: 0.846 0.505 0.165
Gyro: -2.563 -8.880 -3.387
Accel: 0.858 0.506 0.168
Gyro: -3.372 -6.347 -3.494
Accel: 0.857 0.526 0.168
Gyro: -4.165 -3.906 -3.829
Accel: 0.866 0.514 0.156
Gyro: -5.294 -1.892 -3.631
Accel: 0.851 0.523 0.163
Gyro: -6.973 0.473 -3.250
Accel: 0.850 0.508 0.158
Gyro: -8.468 2.731 -3.524
Accel: 0.863 0.521 0.155
Gyro: -9.033 5.035 -3.326
Accel: 0.841 0.525 0.154
Gyro: -8.575 7.217 -2.487
Accel: 0.857 0.526 0.144
Gyro: -7.827 9.201 -1.754
Accel: 0.845 0.538 0.146
Gyro: -7.369 11.138 0.366
Accel: 0.856 0.531 0.143
Gyro: -7.202 13.092 0.915
Accel: 0.860 0.531 0.150
Gyro: -11.672 15.472 1.708
Accel: 0.859 0.531 0.145
Gyro: -9.094 17.822 2.471
Accel: 0.850 0.538 0.137
Gyro: -11.062 20.019 3.646
Accel: 0.851 0.540 0.132
Gyro: -12.924 22.140 4.852
Accel: 0.860 0.548 0.128
Gyro: -14.266 24.414 6.683
Accel: 0.856 0.551 0.137
Gyro: -15.319 27.297 8.941
Accel: 0.863 0.558 0.151
Gyro: -16.448 30.426 15.579
Accel: 0.869 0.554 0.156
Gyro: -18.157 38.803 14.312
Accel: 0.873 0.549 0.154
Gyro: -19.393 39.672 17.349
Accel: 0.927 0.504 0.110
Gyro: -20.599 43.426 20.980
Accel: 0.910 0.331 0.046
Gyro: -23.468 43.136 30.303
Accel: 0.976 0.201 0.055
Gyro: -30.364 41.946 45.272
Accel: 1.088 0.193 0.075
Gyro: -40.0100 32.516 54.840
Accel: 1.195 0.252 0.115
Gyro: -48.965 15.640 57.022
Accel: 1.263 0.357 0.043
Gyro: -53.878 1.754 47.058
Accel: 1.261 0.502 0.035
Gyro: -55.435 -6.713 32.989
Accel: 1.234 0.681 0.113
Gyro: -52.780 -10.284 18.676
Accel: 1.200 0.704 0.246
Gyro: -45.532 -8.438 -1.342
Accel: 1.166 0.736 0.234
Gyro: -34.072 -2.410 -21.759
Accel: 1.117 0.735 0.256
Gyro: -15.655 6.439 -40.847
Accel: 1.045 0.706 0.245
Gyro: -4.364 14.678 -56.030
Accel: 0.958 0.656 0.203
Gyro: 8.926 20.019 -65.658
Accel: 0.869 0.599 0.142
Gyro: 18.951 22.109 -69.808
Accel: 0.786 0.546 0.088
Gyro: 25.329 20.629 -69.808
Accel: 0.704 0.501 0.030
Gyro: 28.381 15.533 -65.399
Accel: 0.640 0.469 0.018
Gyro: 29.464 4.470 -57.449
Accel: 0.589 0.456 0.121
Gyro: 28.457 0.457 -47.393
Accel: 0.543 0.457 0.087
Gyro: 25.436 -7.583 -37.094
Accel: 0.438 0.462 0.105
Gyro: 21.240 -15.151 -27.389
Accel: 0.469 0.474 0.117
Gyro: 16.815 -20.996 -18.569
Accel: 0.442 0.496 0.118
Gyro: 12.481 -25.787 -8.056
Accel: 0.417 0.514 0.118
Gyro: 8.438 -28.259 -6.561
Accel: 0.396 0.526 0.113
Gyro: 5.416 -29.220 -3.326
Accel: 0.374 0.530 0.110
Gyro: 2.853 -28.076 -1.296
Accel: 0.347 0.524 0.108
Gyro: 0.793 -26.046 0.213
Accel: 0.318 0.508 0.112
Gyro: 0.427 -23.361 2.120
Accel: 0.279 0.486 0.117
Gyro: 0.839 -21.148 5.172
Accel: 0.247 0.449 0.131
Gyro: 0.930 -19.210 9.048
Accel: 0.212 0.405 0.149
Gyro: 0.869 -17.669 14.755
Accel: 0.189 0.351 0.163
Gyro: -1.373 -17.364 22.232
Accel: 0.191 0.284 0.170
Gyro: -2.532 -17.761 31.692
Accel: 0.196 0.132 0.180
Gyro: -7.781 -18.890 43.212
Accel: 0.200 0.096 0.166
Gyro: -4.959 -21.743 58.502
Accel: 0.206 0.0010 0.148
Gyro: -4.821 -25.329 77.392
Accel: 0.201 0.055 0.133
Gyro: -3.952 -23.757 71.517
Accel: 0.809 0.649 0.337
Gyro: -33.187 41.809 -59.494
Accel: 0.176 1.387 0.783
Gyro: -40.740 -27.084 -2.105
Accel: 1.125 0.501 0.466
Gyro: -13.427 5.050 10.238
Accel: 0.329 0.436 0.260
Gyro: 15.533 0.839 0.579
Accel: 0.645 0.531 0.311
Gyro: 24.322 -9.307 -1.144
Accel: 0.880 0.610 0.009
Gyro: 32.058 -17.822 6.179
Accel: 0.906 0.558 0.041
Gyro: 39.398 -20.217 9.811
Accel: 0.843 0.430 0.055
Gyro: 43.518 -21.377 7.125
Accel: 0.905 0.494 0.082
Gyro: 43.746 -23.101 7.766
Accel: 0.812 0.472 0.093
Gyro: 42.404 -22.338 4.913
Accel: 0.848 0.531 0.106
Gyro: 40.405 -20.355 5.447
Accel: 0.864 0.617 0.137
Gyro: 37.445 -19.027 7.232
Accel: 0.813 0.540 0.146
Gyro: 33.020 -16.525 9.048
Accel: 0.864 0.526 0.153
Gyro: 23.468 -14.144 10.620
Accel: 0.924 0.537 0.176
Gyro: 20.812 -11.856 10.757
Accel: 0.832 0.514 0.185
Gyro: 13.366 -9.368 10.437
Accel: 0.888 0.494 0.166
Gyro: 6.256 -7.369 8.789
Accel: 0.895 0.472 0.150
Gyro: 0.442 -5.981 6.256
Accel: 0.874 0.471 0.137
Gyro: -3.601 -4.867 4.348
Accel: 0.870 0.468 0.132
Gyro: -5.874 -4.257 2.288
Accel: 0.861 0.466 0.119
Gyro: -7.568 -4.119 0.244
Accel: 0.868 0.455 0.095
Gyro: -8.468 -4.684 -2.365
Accel: 0.854 0.447 0.081
Gyro: -8.392 -5.813 -4.989
Accel: 0.872 0.451 0.067
Gyro: -7.583 -7.629 -7.583
Accel: 0.863 0.455 0.061
Gyro: -5.844 -9.887 -9.841
Accel: 0.845 0.449 0.055
Gyro: -3.479 -11.962 -12.161
Accel: 0.842 0.475 0.053
Gyro: 0.579 -14.389 -14.022
Accel: 0.847 0.472 0.070
Gyro: 3.158 -16.174 -15.228
Accel: 0.850 0.439 0.092
Gyro: 7.110 -17.211 -15.533
Accel: 0.841 0.509 0.112
Gyro: 10.269 -17.379 -15.090
Accel: 0.862 0.516 0.129
Gyro: 12.329 -16.754 -14.190
Accel: 0.835 0.531 0.159
Gyro: 13.549 -15.594 -13.046
Accel: 0.848 0.540 0.164
Gyro: 13.946 -13.687 -7.843
Accel: 0.848 0.554 0.163
Gyro: 13.0000 -11.993 -9.872
Accel: 0.828 0.558 0.172
Gyro: 10.757 -10.177 -7.751
Accel: 0.843 0.564 0.125
Gyro: 4.089 -8.300 -5.630
Accel: 0.830 0.565 0.197
Gyro: 4.867 -5.661 -3.433
Accel: 0.834 0.570 0.201
Gyro: 1.831 -2.777 0.961
Accel: 0.839 0.565 0.213
Gyro: 0.656 0.457 1.434
Accel: 0.841 0.562 0.212
Gyro: -2.792 3.952 3.646
Accel: 0.850 0.559 0.202
Gyro: -4.776 7.492 5.676
Accel: 0.847 0.549 0.204
Gyro: -6.729 10.620 7.537
Accel: 0.843 0.548 0.197
Gyro: -8.682 13.717 9.124
Accel: 0.844 0.543 0.125
Gyro: -11.215 16.540 10.360
Accel: 0.845 0.537 0.179
Gyro: -13.885 19.012 11.444
Accel: 0.852 0.531 0.163
Gyro: -16.220 21.133 12.329
Accel: 0.845 0.522 0.151
Gyro: -18.325 22.491 12.680
Accel: 0.854 0.510 0.134
Gyro: -19.744 23.513 12.619
Accel: 0.850 0.504 0.114
Gyro: -20.401 24.002 12.298
Accel: 0.854 0.489 0.099
Gyro: -20.492 23.681 11.581
Accel: 0.858 0.486 0.079
Gyro: -20.156 22.888 10.299
Accel: 0.850 0.480 0.067
Gyro: -19.210 21.820 9.124
Accel: 0.865 0.477 0.066
Gyro: -17.654 20.645 7.629
Accel: 0.864 0.473 0.067
Gyro: -16.357 19.851 6.072
Accel: 0.865 0.464 0.066
Gyro: -15.670 19.180 4.119
Accel: 0.868 0.459 0.069
Gyro: -15.518 18.905 1.785
Accel: 0.870 0.456 0.070
Gyro: -15.396 19.104 0.778
Accel: 0.876 0.444 0.072
Gyro: -14.724 19.348 -7.797
Accel: 0.882 0.428 0.082
Gyro: -13.153 20.690 -7.904
Accel: 0.884 0.436 0.081
Gyro: -10.940 22.613 -11.779
Accel: 0.872 0.468 0.073
Gyro: -9.384 24.612 -14.022
Accel: 0.869 0.507 0.077
Gyro: -8.987 26.519 -14.190
Accel: 0.859 0.548 0.0100
Gyro: -9.384 29.312 -12.268
Accel: 0.856 0.561 0.106
Gyro: -11.444 32.318 -9.628
Accel: 0.944 0.531 0.113
Gyro: -15.380 35.461 -5.676
Accel: 0.887 0.429 0.101
Gyro: -20.355 36.804 7.034
Accel: 0.911 0.102 0.071
Gyro: -30.532 38.131 28.167
Accel: 0.964 0.0010 0.089
Gyro: -36.911 31.799 54.061
Accel: 1.077 0.085 0.073
Gyro: -48.919 29.083 73.333
Accel: 1.137 0.231 0.016
Gyro: -59.707 21.789 84.213
Accel: 1.172 0.411 0.041
Gyro: -68.145 16.479 85.876
Accel: 1.195 0.564 0.103
Gyro: -73.181 14.678 76.324
Accel: 1.211 0.690 0.171
Gyro: -72.723 17.547 55.816
Accel: 1.204 0.787 0.232
Gyro: -66.299 22.583 31.707
Accel: 1.169 0.839 0.275
Gyro: -53.771 28.213 5.142
Accel: 1.114 0.846 0.297
Gyro: -37.872 30.746 -16.403
Accel: 1.046 0.822 0.285
Gyro: -12.908 28.869 -39.184
Accel: 0.962 0.771 0.241
Gyro: 4.333 22.064 -57.556
Accel: 0.869 0.703 0.174
Gyro: 22.994 10.894 -70.190
Accel: 0.779 0.624 0.112
Gyro: 37.780 -3.250 -77.133
Accel: 0.695 0.549 0.058
Gyro: 48.202 -18.508 -74.264
Accel: 0.623 0.489 0.015
Gyro: 54.733 -34.698 -73.760
Accel: 0.559 0.445 0.013
Gyro: 57.540 -41.183 -64.605
Accel: 0.504 0.426 0.040
Gyro: 56.198 -48.431 -52.017
Accel: 0.466 0.427 0.066
Gyro: 46.997 -52.108 -37.551
Accel: 0.449 0.445 0.084
Gyro: 41.763 -51.559 -22.964
Accel: 0.441 0.461 0.097
Gyro: 29.525 -47.134 -10.360
Accel: 0.498 0.476 0.097
Gyro: 15.502 -40.0100 0.473
Accel: 0.435 0.490 0.090
Gyro: 2.227 -30.715 6.698
Accel: 0.422 0.503 0.076
Gyro: -9.094 -20.553 12.939
Accel: 0.415 0.493 0.061
Gyro: -17.562 -8.193 17.120
Accel: 0.404 0.480 0.049
Gyro: -22.109 -3.677 20.233
Accel: 0.381 0.446 0.042
Gyro: -23.803 2.227 22.521
Accel: 0.349 0.397 0.034
Gyro: -22.705 5.371 25.115
Accel: 0.303 0.357 0.034
Gyro: -19.027 6.057 29.312
Accel: 0.238 0.325 0.047
Gyro: -14.205 4.318 34.881
Accel: 0.195 0.258 0.059
Gyro: -8.850 0.640 41.290
Accel: 0.172 0.186 0.072
Gyro: -2.914 -4.776 50.933
Accel: 0.166 0.102 0.083
Gyro: 2.517 -10.726 63.156
Accel: 7.999 1.265 2.042
Gyro: -10.101 0.930 -65.307
Accel: 0.461 0.885 -1.124
Gyro: -36.636 -25.527 -24.475
Accel: 0.882 0.807 0.838
Gyro: -24.093 26.794 14.511
Accel: 0.901 0.400 0.123
Gyro: -7.583 -4.913 14.968
Accel: 1.113 0.266 0.254
Gyro: 3.158 -6.439 2.182
Accel: 0.750 0.541 0.276
Gyro: 11.016 -11.383 3.387
Accel: 0.714 0.523 0.187
Gyro: 20.156 -19.302 9.445
Accel: 0.830 0.463 0.119
Gyro: 30.639 -23.666 8.346
Accel: 0.983 0.417 0.029
Gyro: 37.231 -25.802 3.128
Accel: 0.824 0.405 0.003
Gyro: 41.168 -26.687 0.137
Accel: 0.896 0.448 0.014
Gyro: 43.655 -27.648 -1.022
Accel: 0.868 0.477 0.056
Gyro: 44.265 -27.084 -1.678
Accel: 0.857 0.514 0.065
Gyro: 42.968 -26.0000 0.900
Accel: 0.850 0.496 0.075
Gyro: 39.764 -25.039 0.198
Accel: 0.885 0.509 0.094
Gyro: 35.324 -23.590 0.717
Accel: 0.892 0.513 0.120
Gyro: 30.151 -22.079 0.686
Accel: 0.874 0.487 0.132
Gyro: 24.932 -19.897 0.320
Accel: 0.882 0.474 0.185
Gyro: 19.287 -17.562 -1.358
Accel: 0.867 0.476 0.132
Gyro: 14.465 -15.319 -2.166
Accel: 0.852 0.490 0.134
Gyro: 11.047 -12.481 -2.456
Accel: 0.899 0.494 0.130
Gyro: 8.087 -10.131 -2.731
Accel: 0.876 0.499 0.138
Gyro: 4.959 -7.705 -2.731
Accel: 0.885 0.498 0.137
Gyro: 1.525 -5.325 -2.578
Accel: 0.868 0.499 0.130
Gyro: -2.243 -3.250 -2.517
Accel: 0.869 0.499 0.122
Gyro: -5.691 -1.586 -2.624
Accel: 0.860 0.500 0.112
Gyro: -9.521 0.274 -2.517
Accel: 0.871 0.494 0.097
Gyro: -12.588 0.442 -2.243
Accel: 0.926 0.495 0.088
Gyro: -14.328 0.732 -2.655
Accel: 0.817 0.483 0.071
Gyro: -14.266 0.686 -2.746
Accel: 0.865 0.489 0.061
Gyro: -12.649 0.350 -2.365
Accel: 0.853 0.496 0.051
Gyro: -10.009 0.137 -1.846
Accel: 0.869 0.496 0.051
Gyro: -6.942 0.839 0.991
Accel: 0.852 0.495 0.057
Gyro: -4.302 -1.327 0.045
Accel: 0.871 0.499 0.051
Gyro: -1.159 -1.663 0.793
Accel: 0.858 0.497 0.058
Gyro: 1.510 -2.319 1.571
Accel: 0.867 0.492 0.063
Gyro: 3.753 -2.273 2.334
Accel: 0.872 0.500 0.075
Gyro: 5.630 -2.197 2.822
Accel: 0.864 0.495 0.087
Gyro: 6.652 -1.449 3.433
Accel: 0.865 0.495 0.099
Gyro: 6.790 0.381 3.753
Accel: 0.870 0.502 0.102
Gyro: 6.011 0.823 4.135
Accel: 0.866 0.506 0.105
Gyro: 4.486 2.075 4.776
Accel: 0.871 0.501 0.105
Gyro: 2.456 3.356 5.355
Accel: 0.870 0.502 0.099
Gyro: 0.656 4.409 5.950
Accel: 0.868 0.502 0.094
Gyro: 0.762 5.249 6.698
Accel: 0.871 0.503 0.083
Gyro: -1.968 5.874 7.385
Accel: 0.865 0.497 0.075
Gyro: -2.349 5.828 8.163
Accel: 0.870 0.492 0.064
Gyro: -2.059 5.661 8.850
Accel: 0.870 0.489 0.052
Gyro: -1.388 4.852 9.429
Accel: 0.870 0.486 0.045
Gyro: 3.829 3.860 9.994
Accel: 0.866 0.483 0.037
Gyro: 1.495 2.761 10.543
Accel: 0.868 0.477 0.034
Gyro: 3.265 1.190 10.971
Accel: 0.868 0.478 0.041
Gyro: 5.249 0.167 11.413
Accel: 0.872 0.471 0.048
Gyro: 7.141 -1.052 11.688
Accel: 0.879 0.469 0.052
Gyro: 8.544 -1.770 11.734
Accel: 0.874 0.467 0.060
Gyro: 9.368 -2.258 11.520
Accel: 0.880 0.465 0.065
Gyro: 10.101 -2.655 11.352
Accel: 0.878 0.465 0.067
Gyro: 9.796 -3.082 11.276
Accel: 0.878 0.464 0.070
Gyro: 9.185 -3.479 11.123
Accel: 0.880 0.467 0.077
Gyro: 8.163 -3.723 11.062
Accel: 0.885 0.466 0.078
Gyro: 7.003 -3.707 11.062
Accel: 0.885 0.464 0.080
Gyro: 5.905 -3.845 11.184
Accel: 0.885 0.455 0.083
Gyro: 5.538 -3.890 10.971
Accel: 0.887 0.450 0.082
Gyro: 5.798 -3.585 10.803
Accel: 0.890 0.442 0.081
Gyro: 6.301 -3.265 10.238
Accel: 0.886 0.439 0.077
Gyro: 6.835 -3.280 9.613
Accel: 0.895 0.438 0.075
Gyro: 7.797 -3.311 8.789
Accel: 0.887 0.432 0.079
Gyro: 9.246 -3.372 8.056
Accel: 0.892 0.431 0.075
Gyro: 10.940 -3.234 7.369
Accel: 0.891 0.435 0.080
Gyro: 12.130 -3.509 6.637
Accel: 0.888 0.430 0.082
Gyro: 12.939 -3.692 5.996
Accel: 0.891 0.431 0.081
Gyro: 12.863 -3.906 5.187
Accel: 0.897 0.435 0.087
Gyro: 12.512 -4.150 4.302
Accel: 0.896 0.431 0.089
Gyro: 11.398 -4.608 3.234
Accel: 0.895 0.428 0.091
Gyro: 9.963 -4.959 1.907
Accel: 0.894 0.424 0.090
Gyro: 8.071 -5.462 0.488
Accel: 0.892 0.423 0.093
Gyro: 7.324 -5.737 0.640
Accel: 0.893 0.421 0.097
Gyro: 7.598 -5.828 -1.998
Accel: 0.898 0.418 0.102
Gyro: 8.285 -5.493 -3.158
Accel: 0.894 0.420 0.109
Gyro: 8.743 -4.943 -4.440
Accel: 0.899 0.423 0.115
Gyro: 8.392 -4.226 -5.874
Accel: 0.895 0.431 0.117
Gyro: 6.927 -3.555 -7.019
Accel: 0.892 0.439 0.123
Gyro: 4.486 -2.929 -7.858
Accel: 0.895 0.444 0.129
Gyro: 1.724 -1.892 -8.544
Accel: 0.893 0.447 0.136
Gyro: -1.037 0.778 -9.140
Accel: 0.888 0.448 0.139
Gyro: -3.646 0.686 -9.582
Accel: 0.895 0.448 0.136
Gyro: -5.661 2.441 -10.192
Accel: 0.891 0.452 0.135
Gyro: -7.141 4.180 -10.528
Accel: 0.887 0.458 0.133
Gyro: -8.132 5.828 -10.620
Accel: 0.890 0.456 0.128
Gyro: -9.368 7.537 -10.787
Accel: 0.885 0.460 0.122
Gyro: -10.940 8.758 -11.016
Accel: 0.882 0.459 0.123
Gyro: -13.107 9.994 -11.322
Accel: 0.890 0.452 0.118
Gyro: -15.411 11.047 -12.191
Accel: 0.890 0.452 0.116
Gyro: -17.639 12.344 -13.412
Accel: 0.887 0.449 0.115
Gyro: -23.330 13.778 -14.587
Accel: 0.888 0.451 0.113
Gyro: -21.057 15.151 -15.914
Accel: 0.883 0.458 0.108
Gyro: -22.201 16.799 -16.845
Accel: 0.883 0.462 0.095
Gyro: -22.567 18.310 -17.562
Accel: 0.879 0.471 0.082
Gyro: -22.506 19.500 -17.944
Accel: 0.875 0.479 0.078
Gyro: -21.881 20.721 -17.807
Accel: 0.874 0.481 0.072
Gyro: -21.072 22.094 -17.639
Accel: 0.875 0.485 0.070
Gyro: -20.889 23.193 -17.562
Accel: 0.869 0.501 0.076
Gyro: -21.438 25.039 -17.059
Accel: 0.869 0.502 0.092
Gyro: -22.644 27.557 -16.525
Accel: 0.876 0.511 0.0100
Gyro: -24.398 31.188 -15.625
Accel: 0.877 0.439 0.123
Gyro: -26.962 36.148 -15.441
Accel: 0.886 0.482 0.155
Gyro: -30.151 42.663 -16.555
Accel: 0.902 0.467 0.163
Gyro: -34.561 51.025 -18.966
Accel: 0.891 0.450 0.129
Gyro: -41.427 58.273 -21.926
Accel: 0.908 0.422 0.096
Gyro: -49.545 64.620 -25.741
Accel: 0.917 0.327 0.094
Gyro: -58.731 74.096 -25.146
Accel: 0.946 0.089 0.056
Gyro: -67.230 75.622 -11.947
Accel: 1.145 0.052 0.090
Gyro: -81.756 100.570 -1.983
Accel: 1.208 0.0100 0.326
Gyro: -97.320 140.731 3.967
Accel: 1.289 0.241 0.394
Gyro: -113.815 182.525 3.799
Accel: 1.306 0.248 0.423
Gyro: -132.507 228.591 -2.243
Accel: 1.295 0.290 0.437
Gyro: -146.316 273.361 -10.391
Accel: 1.249 0.297 0.431
Gyro: -153.701 313.354 -21.102
Accel: 1.210 0.302 0.390
Gyro: -159.011 346.771 -30.029
Accel: 1.113 0.307 0.477
Gyro: -161.468 365.234 -34.774
Accel: 1.050 0.289 0.481
Gyro: -162.261 372.772 -36.529
Accel: 0.972 0.242 0.499
Gyro: -159.301 359.634 -38.314
Accel: 0.909 0.212 0.526
Gyro: -145.126 340.896 -41.290
Accel: 0.838 0.209 0.567
Gyro: -131.607 313.308 -45.837
Accel: 0.770 0.218 0.610
Gyro: -109.436 284.576 -51.025
Accel: 0.709 0.232 0.647
Gyro: -86.120 256.042 -55.465
Accel: 0.659 0.243 0.689
Gyro: -64.0010 229.370 -59.738
Accel: 0.605 0.271 0.736
Gyro: -44.586 204.238 -61.004
Accel: 0.560 0.294 0.776
Gyro: -26.947 183.792 -59.860
Accel: 0.521 0.312 0.817
Gyro: -7.980 168.136 -57.495
Accel: 0.504 0.347 0.847
Gyro: 2.517 156.494 -54.229
Accel: 0.461 0.397 0.852
Gyro: 13.916 152.801 -52.825
Accel: 0.436 0.418 0.843
Gyro: 22.857 147.918 -52.825
Accel: 0.432 0.430 0.831
Gyro: 27.999 144.683 -52.902
Accel: 0.375 0.478 0.834
Gyro: 28.640 142.715 -52.566
Accel: 0.330 0.501 0.853
Gyro: 27.877 143.173 -50.369
Accel: 0.295 0.489 0.758
Gyro: 28.320 146.469 -46.859
Accel: 0.257 0.514 0.837
Gyro: 26.916 157.348 -42.984
Accel: 0.249 0.515 0.783
Gyro: 19.897 171.371 -37.841
Accel: 0.209 0.543 0.771
Gyro: 18.035 175.918 -32.272
Accel: 0.065 0.600 0.708
Gyro: 10.253 181.457 -25.619
Accel: 0.066 0.668 0.644
Gyro: 1.266 183.364 -17.684
Accel: 0.042 0.721 0.609
Gyro: -10.025 178.466 -12.664
Accel: 0.018 0.775 0.600
Gyro: -22.140 167.404 -12.008
Accel: 0.005 0.806 0.618
Gyro: -32.012 149.826 -17.425
Accel: 0.013 0.799 0.643
Gyro: -37.063 133.636 -30.334
Accel: 0.041 0.786 0.670
Gyro: -37.597 117.980 -35.888
Accel: 0.067 0.760 0.680
Gyro: -33.142 107.772 -42.587
Accel: 0.088 0.728 0.680
Gyro: -26.123 93.017 -45.837
Accel: 0.094 0.692 0.677
Gyro: -19.332 76.873 -47.607
Accel: 0.072 0.654 0.693
Gyro: -14.556 62.362 -47.912
Accel: 0.058 0.640 0.731
Gyro: -12.496 54.229 -46.035
Accel: 0.026 0.629 0.802
Gyro: -13.168 46.966 -42.251
Accel: 0.016 0.607 0.901
Gyro: -16.799 57.815 -39.520
Accel: 0.061 0.574 1.0001
Gyro: -18.844 70.312 -39.016
Accel: 0.081 0.541 1.064
Gyro: -19.119 103.790 -39.627
Accel: 0.069 0.527 1.073
Gyro: -19.775 134.155 -40.466
Accel: 0.047 0.511 1.044
Gyro: -22.979 164.535 -40.695
