Accel: 0.051 0.117 0.932
Gyro: -13.427 -20.309 -5.432
Accel: 0.047 0.140 0.966
Gyro: -15.899 -15.686 -4.272
Accel: 0.041 0.159 1.0000
Gyro: -17.395 -17.791 -2.975
Accel: 0.043 0.166 1.038
Gyro: -17.562 -15.380 -1.510
Accel: 0.039 0.179 1.075
Gyro: -11.795 -11.581 0.701
Accel: 0.027 0.182 1.101
Gyro: -12.573 -7.522 2.685
Accel: 0.037 0.178 1.113
Gyro: -7.431 -4.684 3.555
Accel: 0.056 0.174 1.117
Gyro: 0.808 -4.348 3.921
Accel: 0.064 0.163 1.102
Gyro: 5.981 -4.364 3.921
Accel: 0.067 0.145 1.076
Gyro: 11.825 -3.417 4.241
Accel: 0.065 0.063 1.033
Gyro: 14.877 -2.929 4.272
Accel: 0.062 0.097 0.995
Gyro: 15.319 -3.311 3.875
Accel: 0.066 0.002 0.960
Gyro: 13.473 -3.616 3.753
Accel: 0.070 0.037 0.931
Gyro: 11.0001 -3.143 3.845
Accel: 0.068 0.020 0.909
Gyro: 8.132 -1.647 3.997
Accel: 0.067 0.009 0.900
Gyro: 4.760 0.869 3.845
Accel: 0.081 0.006 0.906
Gyro: 1.358 0.595 4.196
Accel: 0.082 0.014 0.904
Gyro: -1.174 0.091 5.081
Accel: 0.073 0.018 0.903
Gyro: -2.517 0.640 6.103
Accel: 0.068 0.023 0.907
Gyro: -4.119 1.541 6.820
Accel: 0.064 0.014 0.921
Gyro: -6.576 1.296 7.019
Accel: 0.065 0.006 0.941
Gyro: -8.804 0.167 6.896
Accel: 0.064 0.004 0.962
Gyro: -10.040 -1.785 6.896
Accel: 0.060 0.0000 0.978
Gyro: -10.040 -2.593 7.202
Accel: 0.055 0.0010 0.996
Gyro: -10.162 -3.067 7.461
Accel: 0.053 0.016 1.015
Gyro: -10.711 -3.479 7.446
Accel: 0.053 0.020 1.039
Gyro: -10.986 -3.570 7.598
Accel: 0.051 0.032 1.062
Gyro: -10.299 -2.395 8.026
Accel: 0.044 0.042 1.079
Gyro: -8.438 0.823 8.361
Accel: 0.038 0.044 1.086
Gyro: -5.996 1.342 8.712
Accel: 0.035 0.051 1.088
Gyro: -3.738 2.609 8.468
Accel: 0.041 0.053 1.096
Gyro: -2.288 2.960 8.285
Accel: 0.048 0.047 1.092
Gyro: 0.671 3.280 8.132
Accel: 0.053 0.045 1.082
Gyro: 1.159 3.784 8.117
Accel: 0.053 0.041 1.069
Gyro: 3.387 4.272 8.087
Accel: 0.052 0.043 1.054
Gyro: 4.974 4.196 7.766
Accel: 0.052 0.055 1.051
Gyro: 4.699 3.051 7.400
Accel: 0.046 0.047 1.054
Gyro: 3.372 1.403 7.064
Accel: 0.040 0.041 1.056
Gyro: 2.822 0.213 6.927
Accel: 0.043 0.041 1.053
Gyro: 4.241 0.137 7.263
Accel: 0.048 0.034 1.043
Gyro: 6.835 0.473 7.675
Accel: 0.048 0.030 1.027
Gyro: 8.926 0.549 7.919
Accel: 0.047 0.031 1.020
Gyro: 9.765 0.305 7.904
Accel: 0.044 0.025 1.015
Gyro: 9.246 0.671 7.873
Accel: 0.044 0.020 1.006
Gyro: 8.880 1.266 7.812
Accel: 0.044 0.013 0.995
Gyro: 8.987 2.014 7.949
Accel: 0.040 0.013 0.988
Gyro: 9.429 2.639 3.906
Accel: 0.041 0.015 0.980
Gyro: 9.170 2.273 7.324
Accel: 0.048 0.015 0.976
Gyro: 8.514 0.778 6.973
Accel: 0.048 0.003 0.980
Gyro: 7.263 0.259 6.820
Accel: 0.045 0.0001 0.980
Gyro: 5.874 0.579 6.927
Accel: 0.051 0.002 0.977
Gyro: 5.218 1.129 7.369
Accel: 0.049 0.005 0.973
Gyro: 4.745 1.953 7.492
Accel: 0.047 0.012 0.974
Gyro: 3.723 1.693 7.324
Accel: 0.045 0.013 0.984
Gyro: 2.593 1.586 6.973
Accel: 0.049 0.012 0.993
Gyro: 1.983 1.907 6.988
Accel: 0.047 0.018 0.993
Gyro: 1.708 2.777 6.988
Accel: 0.045 0.024 0.996
Gyro: 1.632 2.853 6.484
Accel: 0.050 0.025 0.995
Gyro: 1.358 2.319 5.844
Accel: 0.055 0.031 0.996
Gyro: 0.762 1.617 5.035
Accel: 0.065 0.040 0.998
Gyro: 0.152 0.808 4.470
Accel: 0.063 0.046 1.007
Gyro: 0.427 0.442 3.829
Accel: 0.063 0.044 1.016
Gyro: 0.396 -1.876 3.128
Accel: 0.072 0.043 1.030
Gyro: 0.122 -2.578 2.960
Accel: 0.084 0.051 1.052
Gyro: 1.785 -2.090 3.936
Accel: 0.092 0.059 1.072
Gyro: 5.249 -1.052 6.271
Accel: 0.090 0.059 1.080
Gyro: 10.391 0.701 9.063
Accel: 0.085 0.054 1.070
Gyro: 16.098 -1.464 11.535
Accel: 0.081 0.044 1.054
Gyro: 20.553 -3.082 13.717
Accel: 0.083 0.033 1.033
Gyro: 22.369 -4.592 15.655
Accel: 0.081 0.021 1.0010
Gyro: 21.942 -6.423 17.074
Accel: 0.078 0.007 0.989
Gyro: 20.126 -7.949 17.837
Accel: 0.077 0.004 0.974
Gyro: 16.769 -9.475 18.234
Accel: 0.073 0.015 0.966
Gyro: 12.603 -9.750 18.371
Accel: 0.069 0.025 0.965
Gyro: 8.773 -9.017 18.081
Accel: 0.063 0.023 0.968
Gyro: 5.828 -8.026 17.288
Accel: 0.057 0.023 0.972
Gyro: 3.005 -7.125 16.372
Accel: 0.051 0.031 0.978
Gyro: 0.701 -5.996 15.167
Accel: 0.047 0.033 0.987
Gyro: -1.007 0.061 14.022
Accel: 0.049 0.026 0.994
Gyro: -2.517 -1.556 13.259
Accel: 0.052 0.020 1.003
Gyro: -2.822 0.030 12.420
Accel: 0.050 0.021 1.011
Gyro: -2.761 0.686 11.718
Accel: 0.048 0.015 1.017
Gyro: -2.456 0.823 11.0001
Accel: 0.046 0.012 1.025
Gyro: -2.105 0.213 10.406
Accel: 0.046 0.007 1.033
Gyro: -1.708 0.396 10.040
Accel: 0.046 0.005 1.035
Gyro: -1.113 1.113 10.314
Accel: 0.041 0.0000 1.041
Gyro: 0.579 1.495 10.589
Accel: 0.035 0.0000 1.042
Gyro: 0.167 1.907 10.726
Accel: 0.038 0.062 1.042
Gyro: 0.625 2.044 11.016
Accel: 0.037 0.002 1.039
Gyro: 1.815 2.029 11.276
Accel: 0.035 0.002 1.035
Gyro: 3.433 1.800 11.505
Accel: 0.030 0.0000 1.028
Gyro: 4.684 1.419 11.520
Accel: 0.026 0.004 1.020
Gyro: 5.249 1.190 11.474
Accel: 0.025 0.009 1.009
Gyro: 5.432 0.610 11.306
Accel: 0.026 0.014 1.0000
Gyro: 5.584 0.228 11.032
Accel: 0.025 0.018 0.994
Gyro: 5.798 0.045 10.833
Accel: 0.020 0.021 0.988
Gyro: 6.057 0.183 10.681
Accel: 0.017 0.023 0.980
Gyro: 5.722 0.549 10.375
Accel: 0.011 0.025 0.976
Gyro: 5.401 0.778 10.025
Accel: 0.008 0.026 0.974
Gyro: 4.364 1.144 9.796
Accel: 0.007 0.023 0.975
Gyro: 3.509 1.617 9.628
Accel: 0.006 0.026 0.976
Gyro: 2.471 1.556 9.429
Accel: 0.007 0.028 0.977
Gyro: 2.120 1.068 9.185
Accel: 0.012 0.026 0.979
Gyro: 1.907 1.235 9.109
Accel: 0.011 0.025 0.985
Gyro: 1.876 1.388 9.033
Accel: 0.015 0.024 0.987
Gyro: 1.937 1.815 8.972
Accel: 0.014 0.021 0.988
Gyro: 1.785 2.716 9.002
Accel: 0.015 0.014 0.991
Gyro: 1.266 3.509 8.865
Accel: 0.015 0.015 0.999
Gyro: 0.381 3.936 8.453
Accel: 0.019 0.013 1.004
Gyro: 0.274 3.814 7.949
Accel: 0.023 0.007 1.0010
Gyro: 0.518 3.417 7.354
Accel: 0.029 0.002 1.016
Gyro: 0.442 2.731 6.729
Accel: 0.032 0.0000 1.024
Gyro: 0.091 2.105 6.072
Accel: 0.035 0.0001 1.024
Gyro: 0.503 1.785 5.584
Accel: 0.034 0.003 1.022
Gyro: 1.358 1.541 5.249
Accel: 0.033 0.0001 1.021
Gyro: 1.800 0.976 4.730
Accel: 0.031 0.0001 1.019
Gyro: 2.059 0.396 4.302
Accel: 0.032 0.0001 1.015
Gyro: 2.029 0.534 3.906
Accel: 0.032 0.003 1.011
Gyro: 1.876 0.961 3.753
Accel: 0.029 0.005 1.0010
Gyro: 1.495 1.571 3.509
Accel: 0.032 0.006 1.003
Gyro: 1.159 1.983 3.341
Accel: 0.034 0.009 1.005
Gyro: 0.900 1.983 3.265
Accel: 0.032 0.009 1.006
Gyro: 0.717 2.288 3.402
Accel: 0.029 0.012 1.007
Gyro: 0.640 2.395 3.692
Accel: 0.027 0.019 1.004
Gyro: 0.930 2.182 3.677
Accel: 0.028 0.018 1.0000
Gyro: 1.159 1.281 3.509
Accel: 0.028 0.020 1.0001
Gyro: 1.098 0.259 3.479
Accel: 0.029 0.022 1.0000
Gyro: 1.220 0.366 3.753
Accel: 0.025 0.023 0.995
Gyro: 1.556 0.930 4.013
Accel: 0.018 0.026 0.999
Gyro: 1.541 -1.480 3.799
Accel: 0.017 0.031 0.996
Gyro: 1.602 -2.349 3.799
Accel: 0.133 0.132 1.154
Gyro: 0.320 -66.436 6.118
Accel: 0.202 0.029 1.064
Gyro: -5.157 -73.852 0.656
Accel: 0.264 0.034 1.033
Gyro: -5.645 -73.532 -6.652
Accel: 0.267 0.050 1.064
Gyro: -5.615 -72.677 -11.215
Accel: 0.256 0.041 1.117
Gyro: 2.395 -62.103 -12.054
Accel: 0.262 0.025 1.138
Gyro: 17.074 -49.255 -10.803
Accel: 0.238 0.011 1.160
Gyro: 37.612 -32.577 -10.848
Accel: 0.202 0.044 1.120
Gyro: 61.004 -16.937 -10.070
Accel: 0.182 0.086 1.044
Gyro: 74.493 -3.433 -9.307
Accel: 0.174 0.113 0.977
Gyro: 82.656 10.452 -10.986
Accel: 0.168 0.144 0.912
Gyro: 78.140 19.668 -14.572
Accel: 0.162 0.185 0.853
Gyro: 75.393 27.770 -18.936
Accel: 0.158 0.190 0.806
Gyro: 65.444 35.369 -23.483
Accel: 0.153 0.228 0.797
Gyro: 55.572 42.327 -28.457
Accel: 0.157 0.249 0.789
Gyro: 48.019 50.765 -33.599
Accel: 0.133 0.253 0.788
Gyro: 39.215 49.530 -38.116
Accel: 0.125 0.252 0.810
Gyro: 39.611 50.735 -42.327
Accel: 0.106 0.264 0.849
Gyro: 36.636 47.485 -46.218
Accel: 0.080 0.297 0.879
Gyro: 32.012 41.687 -49.758
Accel: 0.063 0.322 0.901
Gyro: 25.558 36.911 -51.940
Accel: 0.088 0.309 0.948
Gyro: 17.532 34.362 -53.314
Accel: 0.070 0.367 0.969
Gyro: 10.925 33.981 -55.313
Accel: 0.047 0.401 1.015
Gyro: 7.522 34.667 -54.687
Accel: 0.023 0.418 1.094
Gyro: 6.164 37.094 -51.681
Accel: 0.0010 0.424 1.243
Gyro: 5.859 39.138 -47.271
Accel: 0.039 0.444 1.269
Gyro: 5.447 36.514 -41.946
Accel: 0.122 0.474 1.377
Gyro: 4.150 30.883 -37.002
Accel: 0.073 0.467 1.531
Gyro: 0.137 21.911 -31.372
Accel: 0.063 0.502 1.634
Gyro: 0.228 14.526 -25.970
Accel: 0.003 0.480 1.794
Gyro: 10.269 18.768 -18.630
Accel: 0.006 0.428 1.971
Gyro: 27.618 24.459 -10.482
Accel: 0.009 0.363 2.158
Gyro: 53.543 26.992 -4.455
Accel: 0.052 0.284 2.425
Gyro: 81.344 21.255 -3.814
Accel: 0.101 0.197 2.527
Gyro: 111.755 15.075 -5.920
Accel: 0.059 0.113 2.625
Gyro: 146.209 13.732 -4.791
Accel: 0.031 0.045 2.632
Gyro: 189.880 12.847 -5.218
Accel: 0.016 0.054 2.540
Gyro: 233.444 9.201 -8.575
Accel: 0.045 0.107 2.341
Gyro: 269.531 8.544 -11.978
Accel: 0.095 0.131 2.121
Gyro: 301.666 10.818 -11.108
Accel: 0.104 0.140 1.769
Gyro: 331.848 12.023 -9.033
Accel: 0.094 0.171 1.500
Gyro: 349.761 9.841 -8.255
Accel: 0.111 0.203 1.279
Gyro: 366.867 4.806 -6.607
Accel: 0.125 0.212 0.992
Gyro: 370.086 -1.922 -3.860
Accel: 0.124 0.219 0.725
Gyro: 372.024 -8.682 0.946
Accel: 0.111 0.237 0.476
Gyro: 369.750 -14.312 1.083
Accel: 0.094 0.240 0.234
Gyro: 364.395 -18.005 2.670
Accel: 0.083 0.238 0.023
Gyro: 356.582 -18.951 4.348
Accel: 0.083 0.211 0.224
Gyro: 345.550 -18.157 6.225
Accel: 0.111 0.166 0.510
Gyro: 323.745 -16.677 7.492
Accel: 0.134 0.007 0.694
Gyro: 281.433 -17.517 9.124
Accel: 0.117 0.040 0.854
Gyro: 241.149 -18.371 10.101
Accel: 0.075 0.140 0.965
Gyro: 184.188 -18.600 8.895
Accel: 0.026 0.214 -1.016
Gyro: 126.419 -20.721 6.683
Accel: 0.013 0.263 0.998
Gyro: 74.279 -24.124 2.471
Accel: 0.051 0.315 0.935
Gyro: 27.984 -28.152 -7.675
Accel: 0.081 0.340 0.787
Gyro: -13.412 -32.150 -10.894
Accel: 0.083 0.377 0.616
Gyro: -48.294 -33.798 -17.913
Accel: 0.062 0.495 0.443
Gyro: -73.318 -31.250 -24.017
Accel: 0.013 0.515 0.298
Gyro: -83.572 -25.619 -28.015
Accel: 0.039 0.604 0.177
Gyro: -88.348 -17.929 -29.342
Accel: 0.074 0.671 0.081
Gyro: -88.317 -8.712 -28.121
Accel: 0.111 0.730 0.029
Gyro: -86.944 0.991 -25.039
Accel: 0.125 0.778 0.126
Gyro: -86.166 7.308 -20.507
Accel: 0.118 0.817 0.216
Gyro: -86.715 11.718 -16.189
Accel: 0.122 0.850 0.298
Gyro: -88.745 15.792 -12.222
Accel: 0.132 0.880 0.387
Gyro: -91.262 18.493 -8.453
Accel: 0.128 0.897 0.485
Gyro: -91.857 18.218 -5.294
Accel: 0.118 0.902 0.576
Gyro: -89.599 17.318 -2.914
Accel: 0.0100 0.944 0.728
Gyro: -83.969 15.151 -1.144
Accel: 0.096 0.934 0.754
Gyro: -79.040 13.870 1.068
Accel: 0.095 0.952 0.817
Gyro: -72.402 12.451 3.402
Accel: 0.097 0.968 0.902
Gyro: -65.658 12.924 5.828
Accel: 0.110 0.996 0.980
Gyro: -56.076 12.435 8.193
Accel: 0.111 1.037 1.055
Gyro: -39.733 12.054 9.475
Accel: 0.092 1.044 1.081
Gyro: -29.785 12.298 9.292
Accel: 0.077 1.061 1.103
Gyro: -12.954 12.908 8.575
Accel: 0.072 1.092 1.114
Gyro: 5.584 13.900 7.354
Accel: 0.070 1.096 1.087
Gyro: 25.711 15.335 5.966
Accel: 0.082 1.093 1.015
Gyro: 44.921 17.440 4.730
Accel: 0.087 1.083 0.876
Gyro: 60.684 19.744 3.967
Accel: 0.078 1.074 0.856
Gyro: 75.210 20.889 3.509
Accel: 0.073 1.055 0.775
Gyro: 86.318 19.546 3.250
Accel: 0.069 1.033 0.684
Gyro: 95.458 17.227 3.479
Accel: 0.073 1.012 0.598
Gyro: 102.203 15.563 4.257
Accel: 0.079 0.987 0.516
Gyro: 105.880 14.205 5.355
Accel: 0.080 0.965 0.438
Gyro: 106.338 13.641 6.423
Accel: 0.075 0.952 0.364
Gyro: 103.561 13.732 7.278
Accel: 0.074 0.941 0.285
Gyro: 98.876 14.480 8.071
Accel: 0.071 0.917 0.214
Gyro: 91.979 15.014 8.636
Accel: 0.066 0.894 0.142
Gyro: 78.857 15.106 8.407
Accel: 0.0000 0.872 0.081
Gyro: 72.128 14.907 6.790
Accel: 0.057 0.835 0.044
Gyro: 60.119 13.778 4.684
Accel: 0.046 0.801 0.021
Gyro: 47.561 11.993 2.578
Accel: 0.063 0.785 0.005
Gyro: 34.759 11.352 0.579
Accel: 0.078 0.758 0.041
Gyro: 23.376 13.504 0.701
Accel: 0.091 0.734 0.102
Gyro: 8.102 17.166 -1.403
Accel: 0.104 0.723 0.164
Gyro: 1.861 20.843 0.946
Accel: 0.119 0.716 0.205
Gyro: -7.339 23.544 0.915
Accel: 0.128 0.711 0.216
Gyro: -16.021 23.559 4.547
Accel: 0.132 0.726 0.190
Gyro: -27.740 17.486 9.979
Accel: 0.121 0.746 0.129
Gyro: -44.967 4.547 22.705
Accel: 0.102 0.769 0.053
Gyro: -64.422 -4.852 35.003
Accel: 0.076 0.800 0.044
Gyro: -85.601 -19.744 46.249
Accel: 0.035 0.819 0.132
Gyro: -101.135 -46.569 64.590
Accel: 0.039 0.865 0.240
Gyro: -109.848 -73.669 82.138
Accel: 0.162 0.893 0.416
Gyro: -116.928 -114.517 99.487
Accel: 0.334 0.978 0.736
Gyro: -112.319 -145.477 112.762
Accel: 0.304 1.177 0.977
Gyro: -85.113 -155.960 109.695
Accel: 0.361 1.339 1.255
Gyro: -37.002 -159.790 95.581
Accel: 0.668 1.595 1.257
Gyro: 23.910 -169.296 59.219
Accel: 0.844 1.687 1.432
Gyro: 83.023 -175.216 18.264
Accel: 0.946 1.725 1.406
Gyro: 131.851 -176.757 -15.930
Accel: 1.059 1.718 1.336
Gyro: 158.828 -176.239 -50.888
Accel: 1.025 1.677 1.312
Gyro: 169.738 -171.447 -80.200
Accel: 0.940 1.635 1.293
Gyro: 179.824 -155.548 -102.996
Accel: 0.982 1.564 1.264
Gyro: 183.639 -129.592 -119.964
Accel: 0.923 1.517 1.134
Gyro: 179.367 -98.983 -134.613
Accel: 0.834 1.468 1.014
Gyro: 168.426 -66.085 -151.260
Accel: 0.762 1.395 0.893
Gyro: 150.299 -32.363 -162.292
Accel: 0.698 1.299 0.760
Gyro: 128.234 -1.693 -182.235
Accel: 0.650 1.204 0.695
Gyro: 105.850 20.263 -196.334
Accel: 0.544 1.085 0.705
Gyro: 90.637 45.288 -216.461
Accel: 0.427 0.886 0.645
Gyro: 82.305 60.729 -234.191
Accel: 0.294 0.804 0.574
Gyro: 83.084 78.125 -246.475
Accel: 0.128 0.633 0.483
Gyro: 82.397 92.941 -253.906
Accel: 0.077 0.484 0.358
Gyro: 81.939 106.231 -256.561
Accel: 0.045 0.367 0.224
Gyro: 78.720 115.219 -254.928
Accel: 0.141 0.240 0.104
Gyro: 72.463 119.934 -246.124
Accel: 0.225 0.070 0.0100
Gyro: 64.132 122.772 -243.621
Accel: 0.302 0.012 0.189
Gyro: 50.262 125.488 -236.862
Accel: 0.432 0.186 0.362
Gyro: 27.954 131.225 -229.309
Accel: 0.455 0.283 0.569
Gyro: 10.574 140.289 -219.207
Accel: 0.502 0.460 0.811
Gyro: -9.857 146.530 -208.496
Accel: 0.665 0.682 0.961
Gyro: -27.221 142.974 -200.668
Accel: 0.769 0.883 -1.191
Gyro: -37.841 145.584 -186.492
Accel: 0.847 -1.083 -1.557
Gyro: -43.289 159.866 -164.0001
Accel: 0.868 -1.271 -1.929
Gyro: -54.229 165.298 -137.084
Accel: 0.822 -1.471 -2.335
Gyro: -79.895 163.665 -121.688
Accel: 0.771 -1.788 -2.796
Gyro: -120.574 147.872 -118.453
Accel: 0.742 -2.054 -3.141
Gyro: -177.322 104.431 -115.295
Accel: 0.719 -2.216 -3.434
Gyro: -258.865 32.226 -101.806
Accel: 0.695 -2.431 -3.507
Gyro: -348.754 -56.808 -65.628
Accel: 0.508 -2.644 -3.361
Gyro: -440.597 -150.115 -10.299
Accel: 0.308 -2.839 -2.952
Gyro: -499.969 -241.973 53.787
Accel: 0.115 -2.998 -2.385
Gyro: -499.969 -332.0000 109.741
Accel: 0.615 -3.123 -1.796
Gyro: -499.969 -409.652 160.552
Accel: 1.103 -3.076 -1.073
Gyro: -499.969 -473.556 206.405
Accel: 1.718 -3.014 0.389
Gyro: -499.969 -499.969 249.084
Accel: 2.375 -2.787 0.298
Gyro: -464.797 -499.969 290.496
Accel: 2.634 -2.256 0.872
Gyro: -415.969 -499.969 330.703
Accel: 2.593 -1.704 1.361
Gyro: -365.859 -499.969 344.085
Accel: 2.718 -1.136 2.029
Gyro: -319.580 -499.969 330.688
Accel: 3.285 0.755 2.659
Gyro: -294.815 -499.969 312.866
Accel: 3.639 0.493 3.199
Gyro: -315.093 -499.969 291.595
Accel: 3.778 0.260 3.618
Gyro: -374.511 -399.734 266.250
Accel: 3.775 0.114 4.191
Gyro: -429.840 -277.069 231.796
Accel: 3.727 0.0001 4.772
Gyro: -460.006 -155.899 178.176
Accel: 3.437 0.107 5.145
Gyro: -461.776 -32.363 113.693
Accel: 2.980 0.183 5.288
Gyro: -436.935 83.511 67.779
Accel: 2.395 0.168 5.208
Gyro: -386.886 171.401 28.823
Accel: 1.799 0.114 4.940
Gyro: -321.807 224.182 11.413
Accel: 1.377 0.059 4.538
Gyro: -248.840 248.840 9.201
Accel: 1.166 0.116 4.196
Gyro: -182.220 227.432 11.535
Accel: 1.055 0.199 3.998
Gyro: -98.281 173.828 11.688
Accel: 1.020 0.197 3.883
Gyro: 1.770 108.612 5.905
Accel: 0.940 0.109 3.762
Gyro: 111.450 45.608 -5.615
Accel: 0.976 0.020 3.502
Gyro: 220.046 -15.396 -22.308
Accel: 1.016 0.079 3.285
Gyro: 316.604 -55.984 -30.563
Accel: 1.098 0.154 2.875
Gyro: 391.006 -87.997 -39.657
Accel: 1.196 0.212 2.558
Gyro: 445.480 -104.476 -46.722
Accel: 1.364 0.264 2.197
Gyro: 473.236 -113.983 -53.695
Accel: 1.457 0.304 1.885
Gyro: 485.504 -115.615 -64.361
Accel: 1.580 0.361 1.617
Gyro: 486.022 -112.731 -85.815
Accel: 1.557 0.410 1.376
Gyro: 483.840 -113.906 -120.239
Accel: 1.428 0.405 1.091
Gyro: 484.024 -121.307 -162.170
Accel: 1.206 0.336 0.860
Gyro: 483.200 -148.056 -205.627
Accel: 0.892 0.286 0.519
Gyro: 475.311 -185.058 -245.422
Accel: 0.600 0.205 0.422
Gyro: 446.594 -221.984 -270.294
Accel: 0.422 0.140 0.321
Gyro: 400.360 -243.865 -284.469
Accel: 0.232 0.072 0.298
Gyro: 334.487 -255.844 -289.672
Accel: 0.024 0.031 0.333
Gyro: 276.153 -258.422 -289.398
Accel: 0.391 0.054 0.399
Gyro: 216.598 -258.804 -287.368
Accel: 0.579 0.105 0.558
Gyro: 166.412 -251.846 -280.029
Accel: 0.797 0.203 0.866
Gyro: 125.213 -239.425 -258.666
Accel: -1.088 0.297 1.161
Gyro: 101.547 -228.469 -237.854
Accel: -1.451 0.302 1.315
Gyro: 93.597 -227.691 -198.974
Accel: -1.729 0.246 1.765
Gyro: 94.329 -235.733 -156.570
Accel: -1.804 0.148 2.063
Gyro: 108.535 -230.133 -97.244
Accel: -1.463 0.137 2.505
Gyro: 116.973 -204.971 -29.891
Accel: 0.940 0.163 2.865
Gyro: 119.781 -157.287 37.231
Accel: 0.407 0.172 3.175
Gyro: 140.350 -77.972 93.643
Accel: 0.0010 0.137 3.299
Gyro: 170.471 15.106 125.015
Accel: 0.471 0.097 3.248
Gyro: 198.730 109.436 134.292
Accel: 0.878 0.083 3.047
Gyro: 218.078 197.525 115.051
Accel: 1.147 0.170 2.732
Gyro: 229.293 271.682 85.861
Accel: 1.255 0.328 2.252
Gyro: 235.214 322.540 49.316
Accel: 1.226 0.613 1.794
Gyro: 240.112 357.086 23.208
Accel: 1.157 0.775 1.379
Gyro: 249.664 373.626 10.894
Accel: 1.097 0.943 0.916
Gyro: 250.442 384.078 9.628
Accel: 1.069 -1.036 0.520
Gyro: 247.817 384.811 17.074
Accel: 1.082 -1.073 0.189
Gyro: 232.818 380.661 32.043
Accel: 1.080 -1.028 0.110
Gyro: 203.735 378.601 51.605
Accel: 1.037 0.920 0.386
Gyro: 168.228 384.933 75.088
Accel: 1.009 0.764 0.571
Gyro: 125.198 392.837 99.777
Accel: 1.071 0.651 0.794
Gyro: 78.109 395.263 111.984
Accel: 1.202 0.543 0.879
Gyro: 35.369 393.371 121.185
Accel: 1.331 0.437 0.991
Gyro: 3.677 384.490 123.809
Accel: 1.498 0.307 -1.110
Gyro: -27.801 373.458 120.895
Accel: 1.507 0.187 -1.198
Gyro: -59.631 362.243 110.351
Accel: 1.535 0.085 -1.240
Gyro: -91.613 348.190 90.270
Accel: 1.505 0.007 -1.245
Gyro: -118.621 333.023 62.759
Accel: 1.482 0.004 -1.197
Gyro: -132.644 318.603 39.230
Accel: 1.512 0.014 -1.152
Gyro: -133.422 296.966 27.725
Accel: 1.509 0.012 -1.152
Gyro: -132.934 275.207 28.045
Accel: 1.473 0.027 -1.249
Gyro: -138.534 251.266 26.901
Accel: 1.470 0.056 -1.214
Gyro: -155.960 231.506 26.779
Accel: 1.432 0.183 -1.250
Gyro: -181.655 210.006 25.802
Accel: 1.441 0.180 -1.235
Gyro: -216.720 189.651 20.416
Accel: 1.478 0.247 -1.153
Gyro: -256.607 168.853 11.901
Accel: 1.556 0.295 -1.029
Gyro: -287.506 148.193 2.822
Accel: 1.587 0.355 0.913
Gyro: -308.670 124.862 -10.055
Accel: 1.632 0.385 0.809
Gyro: -321.502 95.855 -25.482
Accel: 1.686 0.395 0.626
Gyro: -331.817 59.783 -43.472
Accel: 1.716 0.399 0.500
Gyro: -331.527 20.950 -61.172
Accel: 1.863 0.367 0.413
Gyro: -333.145 -12.329 -78.369
Accel: 1.943 0.356 0.239
Gyro: -333.374 -54.962 -101.348
Accel: 2.181 0.331 0.023
Gyro: -327.331 -106.796 -132.705
Accel: 2.265 0.331 0.178
Gyro: -310.577 -159.591 -171.249
Accel: 2.309 0.284 0.399
Gyro: -287.277 -213.485 -212.417
Accel: 2.398 0.222 0.584
Gyro: -268.539 -272.216 -248.687
Accel: 2.341 0.265 0.849
Gyro: -264.129 -329.162 -267.974
Accel: 2.424 0.292 1.207
Gyro: -274.322 -383.789 -288.101
Accel: 2.910 0.233 1.773
Gyro: -289.566 -428.909 -316.223
Accel: 3.439 0.131 2.460
Gyro: -295.089 -436.935 -376.495
Accel: 3.753 0.056 3.177
Gyro: -268.600 -423.797 -441.299
Accel: 3.790 0.150 3.867
Gyro: -200.408 -402.862 -479.446
Accel: 3.453 0.119 4.324
Gyro: -103.698 -369.384 -496.124
Accel: 2.890 0.101 4.558
Gyro: 15.335 -346.069 -492.218
Accel: 2.540 0.384 4.039
Gyro: 98.953 -321.258 -473.617
Accel: 2.314 0.577 3.546
Gyro: 131.729 -293.563 -459.732
Accel: 2.187 0.712 3.069
Gyro: 127.700 -255.386 -448.013
Accel: 2.086 0.734 2.642
Gyro: 91.384 -208.953 -449.081
Accel: 1.884 0.566 2.273
Gyro: 32.562 -152.374 -448.150
Accel: 1.532 0.338 1.947
Gyro: -23.803 -98.220 -449.401
Accel: 1.087 0.061 1.710
Gyro: -77.224 -55.664 -445.861
Accel: 0.660 0.407 1.496
Gyro: -113.128 -21.087 -437.484
Accel: 0.270 0.778 1.386
Gyro: -130.508 -13.168 -423.294
Accel: 0.039 -1.166 1.359
Gyro: -119.171 -27.938 -402.206
Accel: 0.389 -1.475 1.371
Gyro: -82.672 -56.900 -372.039
Accel: 0.705 -1.697 1.391
Gyro: -32.119 -91.903 -334.823
Accel: 0.965 -1.868 1.494
Gyro: 22.048 -130.096 -292.282
Accel: -1.200 -1.999 1.506
Gyro: 74.768 -164.276 -249.038
Accel: -1.427 -2.120 1.591
Gyro: 131.790 -201.843 -210.525
Accel: -1.562 -2.158 1.708
Gyro: 177.078 -227.386 -167.739
Accel: -1.669 -2.295 1.874
Gyro: 226.943 -252.151 -114.044
Accel: -1.632 -2.422 1.917
Gyro: 282.409 -272.308 -46.173
Accel: -1.447 -2.489 2.228
Gyro: 332.763 -277.313 32.485
Accel: -1.062 -2.396 2.366
Gyro: 375.381 -249.267 117.996
Accel: 0.477 -2.152 2.417
Gyro: 395.599 -185.089 196.594
Accel: 0.014 -1.774 2.419
Gyro: 391.799 -110.504 252.746
Accel: 0.264 -1.438 2.339
Gyro: 378.494 -36.437 289.199
Accel: 0.475 -1.137 2.275
Gyro: 365.158 25.146 319.915
Accel: 0.828 0.761 2.141
Gyro: 349.868 83.801 333.999
Accel: 1.215 0.322 2.050
Gyro: 320.388 152.984 332.580
Accel: 1.680 0.095 1.955
Gyro: 285.842 227.279 303.558
Accel: 2.205 0.408 1.819
Gyro: 246.490 330.062 256.713
Accel: 2.657 0.609 1.599
Gyro: 207.015 439.392 212.127
Accel: 2.931 0.588 1.325
Gyro: 164.0001 499.984 189.514
Accel: 3.036 0.517 0.995
Gyro: 137.435 499.984 195.938
Accel: 3.167 0.531 0.632
Gyro: 115.493 499.984 229.370
Accel: 3.310 0.643 0.363
Gyro: 87.631 499.984 261.993
Accel: 3.472 0.757 0.187
Gyro: 53.619 499.984 286.636
Accel: 3.579 0.927 0.159
Gyro: 30.914 499.984 283.828
Accel: 3.566 1.197 0.352
Gyro: 30.136 468.063 260.101
Accel: 3.549 1.429 0.568
Gyro: 73.059 387.344 207.229
Accel: 3.579 1.438 0.747
Gyro: 134.429 342.178 138.656
Accel: 3.545 1.387 0.661
Gyro: 204.788 316.574 69.717
Accel: 3.414 1.183 0.424
Gyro: 250.671 304.275 7.171
Accel: 3.205 0.902 0.137
Gyro: 266.006 302.230 -42.251
Accel: 2.926 0.601 0.064
Gyro: 261.383 305.419 -69.534
Accel: 2.629 0.343 0.227
Gyro: 251.815 312.393 -70.190
Accel: 2.401 0.208 0.490
Gyro: 241.470 314.178 -60.043
Accel: 2.226 0.175 0.668
Gyro: 214.050 316.696 -47.515
Accel: 2.007 0.246 0.838
Gyro: 174.972 304.946 -39.733
Accel: 1.831 0.177 0.976
Gyro: 134.765 293.792 -36.087
Accel: 1.572 0.163 -1.071
Gyro: 92.651 282.989 -33.798
Accel: 1.342 0.175 -1.357
Gyro: 57.113 261.535 -32.196
Accel: 1.309 0.048 -1.279
Gyro: 27.832 234.542 -28.884
Accel: 1.224 0.004 -1.205
Gyro: 6.393 204.940 -22.003
Accel: 1.123 0.007 -1.126
Gyro: -10.986 174.621 -15.426
Accel: 1.024 0.013 -1.165
Gyro: -23.818 146.545 -13.153
Accel: 0.946 0.044 -1.178
Gyro: -34.194 119.186 -14.328
Accel: 0.814 0.063 -1.183
Gyro: -40.237 96.023 -18.707
Accel: 0.824 0.085 -1.182
Gyro: -43.106 67.993 -23.391
Accel: 0.793 0.102 -1.191
Gyro: -45.166 39.306 -25.360
Accel: 0.779 0.118 -1.200
Gyro: -48.660 8.819 -25.573
Accel: 0.775 0.143 -1.194
Gyro: -55.191 -25.680 -26.245
Accel: 0.768 0.179 -1.174
Gyro: -64.788 -63.766 -29.159
Accel: 0.785 0.204 -1.114
Gyro: -80.581 -103.271 -32.760
Accel: 0.829 0.207 0.946
Gyro: -93.872 -140.472 -35.232
Accel: 0.887 0.203 0.850
Gyro: -117.080 -171.478 -35.125
Accel: 0.971 0.185 0.648
Gyro: -136.383 -202.880 -31.478
Accel: 1.041 0.174 0.425
Gyro: -148.162 -232.147 -24.581
Accel: 1.105 0.175 0.206
Gyro: -159.988 -258.132 -16.006
Accel: 1.208 0.175 0.015
Gyro: -167.785 -280.578 -7.675
Accel: 1.338 0.188 0.238
Gyro: -170.089 -296.493 0.656
Accel: 1.468 0.214 0.489
Gyro: -167.526 -304.809 6.347
Accel: 1.573 0.260 0.599
Gyro: -162.475 -305.923 7.507
Accel: 1.659 0.300 0.802
Gyro: -155.120 -298.858 4.455
Accel: 1.717 0.332 0.849
Gyro: -144.699 -286.819 -1.754
Accel: 1.777 0.358 0.931
Gyro: -145.751 -273.895 -8.773
Accel: 1.829 0.373 0.992
Gyro: -145.477 -262.115 -16.586
Accel: 1.784 0.436 1.041
Gyro: -145.721 -254.806 -24.566
Accel: 1.715 0.477 1.201
Gyro: -147.598 -252.502 -34.866
Accel: 1.682 0.486 1.204
Gyro: -149.383 -248.016 -37.673
Accel: 1.689 0.498 1.194
Gyro: -145.568 -238.983 -41.610
Accel: 1.727 0.492 1.284
Gyro: -137.939 -235.717 -43.167
Accel: 1.750 0.501 1.343
Gyro: -123.260 -226.516 -44.937
Accel: 1.746 0.540 1.347
Gyro: -104.629 -211.761 -49.209
Accel: 1.722 0.598 1.312
Gyro: -83.160 -205.368 -57.495
Accel: 1.669 0.653 1.241
Gyro: -73.654 -194.854 -68.710
Accel: 1.609 0.692 1.154
Gyro: -65.658 -184.127 -81.970
Accel: 1.558 0.697 1.066
Gyro: -61.798 -173.599 -94.223
Accel: 1.524 0.683 0.974
Gyro: -60.913 -163.436 -105.651
Accel: 1.488 0.662 0.889
Gyro: -61.447 -156.143 -113.861
Accel: 1.442 0.637 0.809
Gyro: -63.217 -156.478 -121.566
Accel: 1.388 0.630 0.740
Gyro: -65.414 -166.198 -129.791
Accel: 1.335 0.636 0.708
Gyro: -66.833 -186.203 -137.893
Accel: 1.287 0.632 0.697
Gyro: -65.444 -201.034 -146.697
Accel: 1.243 0.647 0.730
Gyro: -61.599 -219.0100 -155.105
Accel: 1.238 0.641 0.768
Gyro: -61.477 -230.651 -161.941
Accel: 1.228 0.623 0.826
Gyro: -62.088 -233.291 -168.014
Accel: 1.187 0.614 0.873
Gyro: -61.416 -231.124 -174.072
Accel: 1.147 0.608 0.907
Gyro: -61.370 -224.365 -181.045
Accel: 1.115 0.592 0.929
Gyro: -64.300 -210.357 -188.659
Accel: 1.059 0.569 0.941
Gyro: -71.014 -187.988 -197.326
Accel: 0.986 0.526 0.950
Gyro: -85.693 -170.547 -205.825
Accel: 0.894 0.471 0.957
Gyro: -92.041 -149.215 -213.607
Accel: 0.785 0.401 0.956
Gyro: -104.919 -130.874 -220.535
Accel: 0.665 0.322 0.961
Gyro: -106.582 -115.966 -225.646
Accel: 0.530 0.246 0.992
Gyro: -108.291 -102.951 -228.012
Accel: 0.395 0.169 0.995
Gyro: -105.712 -91.720 -227.722
Accel: 0.255 0.102 0.994
Gyro: -99.685 -81.924 -224.014
Accel: 0.0100 0.057 0.986
Gyro: -90.332 -73.852 -214.797
Accel: 0.050 0.035 0.979
Gyro: -74.737 -65.368 -196.426
Accel: 0.180 0.017 0.969
Gyro: -64.041 -58.074 -183.197
Accel: 0.280 0.0000 0.926
Gyro: -46.966 -50.949 -164.749
Accel: 0.389 0.028 0.900
Gyro: -31.707 -45.471 -145.080
Accel: 0.492 0.047 0.842
Gyro: -17.654 -44.387 -123.565
Accel: 0.564 0.059 0.784
Gyro: -5.386 -46.157 -100.845
Accel: 0.618 0.072 0.739
Gyro: 2.365 -46.524 -76.217
Accel: 0.675 0.085 0.710
Gyro: 9.231 -46.661 -52.703
Accel: 0.710 0.101 0.690
Gyro: 18.493 -47.714 -28.152
Accel: 0.689 0.120 0.683
Gyro: 31.219 -49.087 -6.347
Accel: 0.639 0.128 0.682
Gyro: 35.446 -48.416 21.652
Accel: 0.579 0.124 0.685
Gyro: 41.992 -45.730 51.742
Accel: 0.520 0.116 0.688
Gyro: 48.858 -40.878 82.946
Accel: 0.461 0.099 0.698
Gyro: 55.419 -35.842 114.791
Accel: 0.369 0.079 0.716
Gyro: 60.592 -29.983 147.613
Accel: 0.236 0.053 0.733
Gyro: 63.858 -21.636 178.543
Accel: 0.063 0.018 0.750
Gyro: 65.353 -4.364 206.161
Accel: 0.099 0.049 0.774
Gyro: 64.376 9.384 225.067
Accel: 0.216 0.134 0.797
Gyro: 60.836 30.639 241.607
Accel: 0.346 0.211 0.821
Gyro: 57.312 55.160 251.373
Accel: 0.555 0.288 0.856
Gyro: 54.321 81.359 255.889
Accel: 0.639 0.367 0.885
Gyro: 51.0010 108.139 256.698
Accel: 0.773 0.418 0.898
Gyro: 48.034 133.941 253.799
Accel: 0.894 0.468 0.900
Gyro: 45.059 159.240 247.497
Accel: 1.025 0.515 0.896
Gyro: 40.451 176.284 239.196
Accel: 1.136 0.551 0.871
Gyro: 36.0010 195.434 230.041
Accel: 1.204 0.586 0.861
Gyro: 32.485 208.526 221.343
Accel: 1.279 0.573 0.862
Gyro: 30.075 210.281 214.492
Accel: 1.378 0.539 0.872
Gyro: 29.357 201.950 208.663
Accel: 1.447 0.536 0.911
Gyro: 31.082 187.316 202.133
Accel: 1.495 0.549 0.969
Gyro: 35.171 172.119 193.405
Accel: 1.521 0.588 1.038
Gyro: 43.655 161.621 184.570
Accel: 1.528 0.643 1.090
Gyro: 59.997 159.652 172.073
Accel: 1.551 0.669 1.114
Gyro: 80.535 162.277 166.046
Accel: 1.581 0.670 1.096
Gyro: 97.808 165.740 149.551
Accel: 1.599 0.649 1.032
Gyro: 112.136 168.823 138.839
Accel: 1.640 0.570 0.974
Gyro: 119.873 167.251 123.580
Accel: 1.668 0.508 0.937
Gyro: 119.995 160.888 108.184
Accel: 1.673 0.448 0.949
Gyro: 117.935 153.839 94.0100
Accel: 1.660 0.392 0.968
Gyro: 120.285 149.093 85.464
Accel: 1.643 0.359 0.995
Gyro: 124.572 145.065 82.504
Accel: 1.625 0.364 1.028
Gyro: 131.713 145.355 82.656
Accel: 1.579 0.396 1.026
Gyro: 145.217 148.803 78.201
Accel: 1.547 0.393 1.0010
Gyro: 156.356 153.366 76.004
Accel: 1.549 0.374 0.991
Gyro: 166.061 156.951 63.812
Accel: 1.558 0.328 0.962
Gyro: 174.011 162.506 50.170
Accel: 1.563 0.274 0.930
Gyro: 180.404 169.845 37.185
Accel: 1.548 0.241 0.857
Gyro: 184.844 179.901 28.106
Accel: 1.506 0.225 0.783
Gyro: 189.910 189.636 23.773
Accel: 1.453 0.228 0.704
Gyro: 193.099 194.763 23.345
Accel: 1.416 0.221 0.638
Gyro: 192.153 195.266 22.384
Accel: 1.400 0.198 0.586
Gyro: 187.774 193.023 17.745
Accel: 1.371 0.170 0.549
Gyro: 182.159 188.064 9.643
Accel: 1.353 0.139 0.531
Gyro: 177.658 183.120 1.602
Accel: 1.337 0.105 0.514
Gyro: 183.456 182.312 -3.112
Accel: 1.310 0.079 0.477
Gyro: 190.948 184.249 -4.211
Accel: 1.289 0.052 0.418
Gyro: 196.777 186.584 -3.860
Accel: 1.274 0.028 0.333
Gyro: 206.054 188.186 -3.707
Accel: 1.255 0.031 0.231
Gyro: 214.401 189.422 -2.502
Accel: 1.221 0.049 0.121
Gyro: 218.246 188.446 0.930
Accel: 1.165 0.095 0.020
Gyro: 215.682 182.922 0.579
Accel: 1.123 0.131 0.088
Gyro: 209.075 174.346 -1.571
Accel: 1.094 0.150 0.174
Gyro: 197.738 162.521 -5.264
Accel: 1.074 0.174 0.239
Gyro: 179.885 148.956 -9.048
Accel: 1.044 0.198 0.301
Gyro: 172.317 137.252 -9.796
Accel: 0.998 0.229 0.354
Gyro: 160.827 126.068 -8.895
Accel: 0.948 0.247 0.408
Gyro: 147.277 114.562 -8.163
Accel: 0.895 0.268 0.447
Gyro: 131.500 102.828 -8.377
Accel: 0.847 0.292 0.475
Gyro: 114.486 92.178 -8.880
Accel: 0.811 0.303 0.495
Gyro: 100.769 78.353 -8.605
Accel: 0.788 0.307 0.510
Gyro: 88.989 75.302 -6.790
Accel: 0.761 0.313 0.535
Gyro: 75.149 68.756 -4.562
Accel: 0.732 0.318 0.571
Gyro: 68.679 61.584 -2.456
Accel: 0.716 0.314 0.612
Gyro: 57.571 53.512 0.289
Accel: 0.690 0.321 0.656
Gyro: 45.516 44.494 3.356
Accel: 0.667 0.320 0.692
Gyro: 32.043 31.555 11.535
Accel: 0.650 0.307 0.716
Gyro: 18.020 25.344 13.504
Accel: 0.647 0.288 0.733
Gyro: 0.289 15.441 21.972
Accel: 0.647 0.278 0.744
Gyro: -15.563 6.805 33.477
Accel: 0.659 0.270 0.750
Gyro: -29.205 -1.510 45.761
Accel: 0.695 0.285 0.746
Gyro: -47.882 -10.894 56.610
Accel: 0.727 0.320 0.736
Gyro: -66.864 -20.935 63.323
Accel: 0.775 0.344 0.706
Gyro: -85.388 -32.104 65.444
Accel: 0.852 0.356 0.652
Gyro: -103.240 -44.311 65.048
Accel: 0.911 0.370 0.594
Gyro: -119.384 -59.066 62.301
Accel: 0.949 0.376 0.512
Gyro: -131.439 -75.805 57.556
Accel: 0.983 0.367 0.419
Gyro: -141.067 -94.085 51.849
Accel: 1.015 0.344 0.321
Gyro: -147.018 -112.426 46.035
Accel: 1.088 0.300 0.208
Gyro: -150.924 -129.684 42.221
Accel: 1.190 0.265 0.093
Gyro: -154.724 -145.523 42.602
Accel: 1.275 0.258 0.015
Gyro: -158.035 -158.157 45.043
Accel: 1.335 0.275 0.115
Gyro: -160.705 -166.488 46.081
Accel: 1.374 0.308 0.195
Gyro: -163.055 -169.021 44.372
Accel: 1.386 0.340 0.253
Gyro: -165.008 -166.244 35.308
Accel: 1.406 0.343 0.305
Gyro: -166.595 -159.286 27.725
Accel: 1.441 0.332 0.346
Gyro: -168.319 -150.588 24.337
Accel: 1.469 0.327 0.368
Gyro: -172.454 -143.127 19.104
Accel: 1.450 0.358 0.376
Gyro: -180.938 -140.029 16.235
Accel: 1.441 0.372 0.387
Gyro: -193.115 -139.785 14.678
Accel: 1.454 0.363 0.421
Gyro: -205.184 -143.173 12.603
Accel: 1.464 0.354 0.470
Gyro: -214.614 -148.071 9.353
Accel: 1.482 0.338 0.533
Gyro: -219.451 -152.511 4.699
Accel: 1.514 0.323 0.596
Gyro: -219.558 -154.891 -1.495
Accel: 1.552 0.313 0.659
Gyro: -215.911 -155.487 -9.796
Accel: 1.558 0.316 0.711
Gyro: -208.770 -154.663 -20.629
Accel: 1.551 0.317 0.744
Gyro: -198.532 -153.198 -32.836
Accel: 1.526 0.318 0.758
Gyro: -187.011 -154.632 -45.135
Accel: 1.490 0.319 0.760
Gyro: -173.889 -157.989 -55.633
Accel: 1.452 0.313 0.752
Gyro: -159.027 -162.185 -63.446
Accel: 1.425 0.299 0.740
Gyro: -145.202 -167.709 -67.962
Accel: 1.400 0.287 0.726
Gyro: -133.0010 -174.499 -74.188
Accel: 1.388 0.272 0.715
Gyro: -123.0001 -180.419 -70.358
Accel: 1.391 0.266 0.712
Gyro: -114.700 -186.401 -69.229
Accel: 1.412 0.269 0.708
Gyro: -108.749 -191.513 -68.344
Accel: 1.415 0.290 0.708
Gyro: -103.027 -194.274 -68.298
Accel: 1.413 0.318 0.704
Gyro: -93.963 -194.946 -69.107
Accel: 1.422 0.336 0.704
Gyro: -93.963 -194.305 -71.502
Accel: 1.499 0.357 0.699
Gyro: -92.346 -190.765 -74.066
Accel: 1.458 0.378 0.697
Gyro: -94.009 -183.670 -76.660
Accel: 1.481 0.395 0.694
Gyro: -98.922 -172.073 -79.635
Accel: 1.485 0.414 0.683
Gyro: -104.904 -153.320 -83.602
Accel: 1.475 0.418 0.648
Gyro: -110.076 -133.071 -89.019
Accel: 1.473 0.405 0.618
Gyro: -117.294 -113.647 -96.466
Accel: 1.468 0.382 0.579
Gyro: -129.348 -102.813 -105.438
Accel: 1.475 0.349 0.553
Gyro: -142.654 -93.109 -115.951
Accel: 1.453 0.320 0.549
Gyro: -154.479 -90.835 -128.356
Accel: 1.403 0.298 0.566
Gyro: -161.331 -92.849 -140.319
Accel: 1.352 0.274 0.591
Gyro: -161.102 -95.352 -151.580
Accel: 1.292 0.252 0.623
Gyro: -156.829 -98.510 -161.514
Accel: 1.230 0.243 0.648
Gyro: -149.795 -100.570 -170.715
Accel: 1.181 0.230 0.665
Gyro: -141.006 -99.578 -178.207
Accel: 1.124 0.220 0.671
Gyro: -132.690 -96.389 -184.829
Accel: 1.071 0.211 0.674
Gyro: -124.984 -92.727 -190.307
Accel: 1.026 0.205 0.676
Gyro: -119.461 -89.126 -194.046
Accel: 0.980 0.197 0.681
Gyro: -114.715 -85.144 -195.480
Accel: 0.925 0.198 0.685
Gyro: -109.756 -80.673 -195.022
Accel: 0.857 0.210 0.684
Gyro: -105.0010 -75.820 -193.908
Accel: 0.796 0.225 0.683
Gyro: -102.157 -70.236 -192.718
Accel: 0.739 0.238 0.685
Gyro: -99.746 -63.888 -187.515
Accel: 0.668 0.268 0.688
Gyro: -95.428 -57.266 -189.697
Accel: 0.589 0.291 0.625
Gyro: -91.018 -49.377 -183.776
Accel: 0.526 0.302 0.689
Gyro: -83.755 -41.381 -185.440
Accel: 0.471 0.323 0.676
Gyro: -70.892 -34.164 -182.342
Accel: 0.422 0.338 0.666
Gyro: -67.932 -27.206 -178.024
Accel: 0.383 0.338 0.640
Gyro: -62.820 -19.821 -172.714
Accel: 0.334 0.343 0.619
Gyro: -59.020 -13.381 -166.809
Accel: 0.291 0.349 0.598
Gyro: -57.281 -6.607 -156.906
Accel: 0.254 0.358 0.584
Gyro: -56.518 0.076 -148.696
Accel: 0.217 0.379 0.575
Gyro: -56.106 8.911 -142.303
Accel: 0.174 0.398 0.559
Gyro: -55.938 18.478 -131.011
Accel: 0.133 0.423 0.545
Gyro: -55.603 27.450 -119.293
Accel: 0.104 0.454 0.523
Gyro: -55.694 36.315 -107.940
Accel: 0.004 0.485 0.516
Gyro: -54.809 44.448 -97.320
Accel: 0.031 0.519 0.499
Gyro: -53.497 51.376 -87.493
Accel: 0.004 0.545 0.482
Gyro: -52.078 56.289 -79.605
Accel: 0.012 0.569 0.468
Gyro: -51.284 62.484 -71.548
Accel: 0.013 0.588 0.448
Gyro: -51.712 59.173 -64.468
Accel: 0.017 0.603 0.435
Gyro: -52.902 58.120 -59.631
Accel: 0.029 0.625 0.435
Gyro: -55.221 55.145 -56.625
Accel: 0.042 0.646 0.445
Gyro: -57.037 51.055 -54.229
Accel: 0.059 0.668 0.455
Gyro: -56.442 48.309 -51.635
Accel: 0.071 0.685 0.468
Gyro: -53.237 45.974 -48.400
Accel: 0.081 0.697 0.469
Gyro: -48.904 43.548 -45.150
Accel: 0.083 0.708 0.471
Gyro: -44.631 40.893 -41.885
Accel: 0.085 0.718 0.470
Gyro: -41.290 37.734 -38.833
Accel: 0.088 0.734 0.471
Gyro: -38.558 34.378 -35.507
Accel: 0.085 0.750 0.475
Gyro: -35.614 31.005 -31.738
Accel: 0.080 0.770 0.484
Gyro: -32.592 27.542 -28.167
Accel: 0.090 0.797 0.495
Gyro: -29.251 24.581 -25.344
Accel: 0.093 0.820 0.503
Gyro: -25.405 22.521 -22.964
Accel: 0.076 0.832 0.507
Gyro: -21.591 21.270 -21.118
Accel: 0.065 0.849 0.509
Gyro: -17.913 20.294 -19.851
Accel: 0.061 0.865 0.507
Gyro: -15.213 18.798 -19.104
Accel: 0.046 0.873 0.500
Gyro: -13.305 17.303 -18.920
Accel: 0.044 0.884 0.492
Gyro: -7.888 15.350 -18.783
Accel: 0.051 0.889 0.490
Gyro: -10.742 12.359 -18.249
Accel: 0.045 0.888 0.488
Gyro: -9.704 9.201 -17.135
Accel: 0.040 0.888 0.488
Gyro: -9.475 6.332 -16.372
Accel: 0.030 0.887 0.491
Gyro: -10.101 3.570 -15.670
Accel: 0.008 0.887 0.506
Gyro: -11.642 2.029 -15.563
Accel: 0.007 0.893 0.519
Gyro: -13.397 2.838 -16.036
Accel: 0.006 0.901 0.533
Gyro: -14.892 5.493 -16.784
Accel: 0.0010 0.895 0.547
Gyro: -15.960 9.231 -17.349
Accel: 0.011 0.885 0.551
Gyro: -16.143 13.717 -17.120
Accel: 0.002 0.874 0.550
Gyro: -15.350 18.173 -15.853
Accel: 0.0010 0.867 0.542
Gyro: -14.221 21.438 -13.793
Accel: 0.009 0.852 0.530
Gyro: -13.534 22.994 -12.084
Accel: 0.0001 0.846 0.522
Gyro: -13.381 23.635 -11.169
Accel: 0.007 0.847 0.512
Gyro: -14.190 23.208 -11.886
Accel: 0.0000 0.848 0.510
Gyro: -15.884 21.240 -14.038
Accel: 0.003 0.841 0.517
Gyro: -17.532 18.783 -16.677
Accel: 0.014 0.835 0.522
Gyro: -17.745 16.998 -18.203
Accel: 0.030 0.826 0.531
Gyro: -16.555 16.159 -17.883
Accel: 0.041 0.820 0.534
Gyro: -15.182 15.197 -15.960
Accel: 0.054 0.819 0.534
Gyro: -14.083 15.380 -13.381
Accel: 0.066 0.818 0.532
Gyro: -12.634 15.777 -10.223
Accel: 0.072 0.817 0.526
Gyro: -11.657 15.945 -6.851
Accel: 0.074 0.817 0.521
Gyro: -11.093 15.823 -3.967
Accel: 0.071 0.819 0.519
Gyro: -10.360 14.617 -1.586
Accel: 0.062 0.822 0.520
Gyro: -9.872 12.557 0.106
Accel: 0.040 0.827 0.524
Gyro: -9.979 9.780 0.564
Accel: 0.033 0.837 0.531
Gyro: -9.857 6.652 0.152
Accel: 0.032 0.843 0.542
Gyro: -9.323 3.692 -1.983
Accel: 0.028 0.846 0.549
Gyro: -8.377 1.907 -4.318
Accel: 0.030 0.841 0.558
Gyro: -7.186 1.129 -6.484
Accel: 0.038 0.837 0.623
Gyro: -5.661 0.778 -7.629
Accel: 0.045 0.830 0.565
Gyro: -4.440 0.854 -7.522
Accel: 0.050 0.822 0.563
Gyro: -3.234 1.235 -6.454
Accel: 0.047 0.822 0.566
Gyro: -2.639 1.159 -4.913
Accel: 0.041 0.822 0.568
Gyro: -2.975 0.900 -4.043
Accel: 0.037 0.825 0.572
Gyro: -3.356 1.098 -4.013
Accel: 0.039 0.831 0.574
Gyro: -3.402 1.983 -4.867
Accel: 0.038 0.827 0.575
Gyro: -3.677 2.716 -5.844
Accel: 0.036 0.820 0.576
Gyro: -4.562 3.234 -6.637
Accel: 0.038 0.814 0.579
Gyro: -5.477 2.990 -6.866
Accel: 0.041 0.808 0.589
Gyro: -6.225 3.021 -6.713
Accel: 0.043 0.801 0.603
Gyro: -6.195 3.845 -6.317
Accel: 0.043 0.796 0.614
Gyro: -5.386 6.149 -5.813
Accel: 0.048 0.793 0.624
Gyro: -4.516 9.536 -5.386
Accel: 0.046 0.790 0.630
Gyro: -3.829 14.038 -5.065
Accel: 0.049 0.787 0.632
Gyro: -2.593 19.027 -4.898
Accel: 0.055 0.786 0.629
Gyro: -1.632 23.727 -4.592
Accel: 0.059 0.784 0.625
Gyro: 0.167 28.335 -4.714
Accel: 0.065 0.778 0.615
Gyro: 1.403 32.379 -5.142
Accel: 0.075 0.780 0.596
Gyro: 2.365 34.393 -4.913
Accel: 0.081 0.773 0.581
Gyro: 1.235 34.164 -4.821
Accel: 0.083 0.770 0.574
Gyro: 0.549 32.745 -5.172
Accel: 0.094 0.770 0.577
Gyro: -2.273 32.333 -5.828
