Accel: 0.066 0.052 1.012
Gyro: 2.944 3.967 2.456
Accel: 0.066 0.057 1.008
Gyro: 3.158 4.531 1.800
Accel: 0.062 0.056 1.002
Gyro: 3.448 4.959 1.403
Accel: 0.061 0.058 0.996
Gyro: 3.875 5.691 1.235
Accel: 0.063 0.060 0.991
Gyro: 4.028 5.661 1.388
Accel: 0.061 0.061 0.989
Gyro: 4.211 4.699 1.678
Accel: 0.056 0.066 0.984
Gyro: 3.601 4.028 1.739
Accel: 0.056 0.071 0.991
Gyro: 3.036 3.295 1.541
Accel: 0.049 0.068 0.990
Gyro: 2.471 2.380 1.525
Accel: 0.053 0.071 0.990
Gyro: 2.014 1.205 1.602
Accel: 0.054 0.070 0.986
Gyro: 1.388 0.610 1.464
Accel: 0.056 0.069 0.992
Gyro: 0.503 0.274 1.678
Accel: 0.054 0.065 0.992
Gyro: 0.152 0.656 2.182
Accel: 0.053 0.069 0.996
Gyro: 0.762 -1.770 2.639
Accel: 0.056 0.070 0.997
Gyro: 0.823 -2.685 2.822
Accel: 0.055 0.068 0.999
Gyro: -1.388 -2.960 3.067
Accel: 0.062 0.065 1.006
Gyro: -1.983 -2.807 3.326
Accel: 0.054 0.059 1.007
Gyro: -2.212 -2.670 3.555
Accel: 0.053 0.058 1.008
Gyro: -2.593 -2.624 3.509
Accel: 0.052 0.058 1.011
Gyro: -1.953 -2.960 3.234
Accel: 0.053 0.053 1.006
Gyro: -1.739 -2.746 3.051
Accel: 0.055 0.050 1.0010
Gyro: -2.166 -1.556 2.929
Accel: 0.055 0.045 1.013
Gyro: -2.304 0.198 2.960
Accel: 0.055 0.044 1.012
Gyro: -2.365 1.068 3.067
Accel: 0.053 0.045 1.0010
Gyro: -2.075 1.846 2.914
Accel: 0.049 0.041 1.006
Gyro: -1.342 1.953 2.624
Accel: 0.048 0.043 0.996
Gyro: -1.129 2.761 2.456
Accel: 0.051 0.053 1.005
Gyro: -1.007 3.417 2.517
Accel: 0.037 0.057 1.008
Gyro: 0.656 3.128 2.960
Accel: 0.029 0.059 1.006
Gyro: 0.839 2.746 2.853
Accel: 0.027 0.054 1.0000
Gyro: -1.235 1.953 2.304
Accel: 0.027 0.050 0.993
Gyro: -1.770 0.396 1.770
Accel: 0.032 0.044 0.986
Gyro: -1.998 -1.937 1.571
Accel: 0.042 0.043 0.976
Gyro: -2.075 -4.562 1.495
Accel: 0.051 0.037 0.975
Gyro: -1.739 -6.713 1.708
Accel: 0.058 0.038 0.979
Gyro: -1.266 -7.614 1.907
Accel: 0.064 0.039 0.981
Gyro: 0.335 -7.278 2.166
Accel: 0.064 0.036 0.990
Gyro: 0.762 -6.134 2.487
Accel: 0.068 0.035 0.998
Gyro: 2.044 -4.898 2.593
Accel: 0.067 0.036 1.0000
Gyro: 3.036 0.106 2.487
Accel: 0.063 0.037 1.0000
Gyro: 3.479 -3.494 2.334
Accel: 0.060 0.042 1.002
Gyro: 3.692 -3.768 2.075
Accel: 0.057 0.047 1.0000
Gyro: 3.936 -4.760 1.785
Accel: 0.056 0.054 0.998
Gyro: 3.784 -5.981 1.602
Accel: 0.059 0.062 0.997
Gyro: 3.860 -6.896 1.434
Accel: 0.057 0.065 0.999
Gyro: 3.936 -7.904 1.602
Accel: 0.061 0.063 1.002
Gyro: 3.906 -8.575 1.937
Accel: 0.065 0.063 1.004
Gyro: 3.707 -8.987 1.846
Accel: 0.064 0.065 1.005
Gyro: 3.097 -8.728 1.617
Accel: 0.064 0.066 1.007
Gyro: 2.349 -3.921 1.327
Accel: 0.066 0.065 1.012
Gyro: 1.388 -7.019 1.327
Accel: 0.067 0.062 1.013
Gyro: 0.320 -6.225 1.068
Accel: 0.069 0.060 1.015
Gyro: 0.686 -5.187 0.747
Accel: 0.070 0.058 1.015
Gyro: -1.373 -3.952 0.244
Accel: 0.072 0.057 1.019
Gyro: -2.120 -2.944 0.106
Accel: 0.072 0.056 1.020
Gyro: -2.319 -2.044 0.106
Accel: 0.078 0.058 1.020
Gyro: -2.655 0.915 0.152
Accel: 0.076 0.058 1.024
Gyro: -3.097 0.625 0.061
Accel: 0.072 0.057 1.025
Gyro: -3.295 2.120 0.030
Accel: 0.068 0.058 1.026
Gyro: -3.677 3.128 0.396
Accel: 0.061 0.054 1.026
Gyro: -3.814 3.463 -1.312
Accel: 0.058 0.053 1.018
Gyro: -3.814 3.585 -2.380
Accel: 0.061 0.056 1.012
Gyro: -3.677 3.890 -2.731
Accel: 0.063 0.052 1.009
Gyro: -3.219 3.936 -2.731
Accel: 0.067 0.046 1.006
Gyro: -2.502 3.234 -2.380
Accel: 0.069 0.043 0.938
Gyro: -1.571 1.876 -2.166
Accel: 0.058 0.042 0.981
Gyro: 0.915 1.571 -2.410
Accel: 0.072 0.042 0.996
Gyro: -1.174 1.434 -1.831
Accel: 0.072 0.039 0.997
Gyro: 0.350 1.205 -1.449
Accel: 0.059 0.041 1.004
Gyro: 0.091 0.137 0.457
Accel: 0.056 0.050 0.999
Gyro: 0.030 -1.022 0.228
Accel: 0.059 0.051 0.995
Gyro: 0.350 -1.174 0.579
Accel: 0.056 0.050 1.061
Gyro: 0.656 -1.510 0.534
Accel: 0.057 0.047 1.0000
Gyro: 0.762 -1.953 0.076
Accel: 0.057 0.045 0.999
Gyro: 0.808 -2.883 0.244
Accel: 0.124 0.041 0.996
Gyro: -1.052 -3.387 0.244
Accel: 0.068 0.038 0.996
Gyro: -1.922 -3.265 0.030
Accel: 0.069 0.039 1.006
Gyro: -2.746 -3.067 0.137
Accel: 0.066 0.033 1.0010
Gyro: -3.051 -3.189 0.305
Accel: 0.061 0.031 1.013
Gyro: -3.311 -3.479 0.289
Accel: 0.066 0.029 1.009
Gyro: -3.494 -3.463 0.045
Accel: 0.072 0.026 1.013
Gyro: -4.302 -2.929 0.411
Accel: 0.073 0.022 1.020
Gyro: -4.470 -2.319 0.228
Accel: 0.071 0.023 1.024
Gyro: -4.257 -1.785 0.350
Accel: 0.072 0.027 1.024
Gyro: -3.463 -1.358 0.762
Accel: 0.069 0.023 1.021
Gyro: -2.609 0.564 0.854
Accel: 0.069 0.026 1.022
Gyro: -2.120 0.976 0.839
Accel: 0.067 0.022 1.026
Gyro: -1.815 2.563 1.007
Accel: 0.065 0.021 1.028
Gyro: -1.419 3.921 1.174
Accel: 0.065 0.019 1.024
Gyro: 0.900 5.294 1.098
Accel: 0.0000 0.017 1.020
Gyro: 0.579 6.561 0.976
Accel: 0.058 0.016 1.014
Gyro: 0.335 7.217 0.823
Accel: 0.056 0.018 1.009
Gyro: 0.167 7.446 0.762
Accel: 0.053 0.019 1.0001
Gyro: 0.869 6.484 0.808
Accel: 0.055 0.024 0.987
Gyro: 0.930 5.035 0.793
Accel: 0.055 0.031 0.987
Gyro: 0.732 0.045 0.778
Accel: 0.051 0.035 0.988
Gyro: 0.778 2.777 0.869
Accel: 0.044 0.035 0.990
Gyro: 1.113 1.556 0.930
Accel: 0.047 0.036 0.988
Gyro: 1.052 0.488 0.640
Accel: 0.050 0.037 0.986
Gyro: 0.701 0.198 0.274
Accel: 0.049 0.036 0.990
Gyro: 0.274 0.381 0.305
Accel: 0.053 0.037 0.993
Gyro: 0.045 0.350 0.335
Accel: 0.058 0.035 0.995
Gyro: 0.274 0.106 0.549
Accel: 0.058 0.035 0.994
Gyro: 0.686 0.076 0.747
Accel: 0.060 0.036 0.996
Gyro: 0.946 0.381 0.869
Accel: 0.057 0.037 0.996
Gyro: 0.762 0.549 0.946
Accel: 0.055 0.036 0.997
Gyro: 0.549 0.076 1.052
Accel: 0.056 0.039 0.998
Gyro: 0.015 0.625 1.083
Accel: 0.055 0.047 1.061
Gyro: 0.366 -1.693 1.296
Accel: 0.051 0.052 1.004
Gyro: 1.022 -2.807 2.105
Accel: 0.046 0.056 1.005
Gyro: 1.571 -4.501 3.250
Accel: 0.048 0.056 1.003
Gyro: 1.693 -5.493 3.936
Accel: 0.052 0.052 1.0001
Gyro: 1.007 -5.340 3.936
Accel: 0.061 0.041 1.0010
Gyro: 0.259 -4.409 3.738
Accel: 0.069 0.032 1.016
Gyro: 0.244 -2.960 3.585
Accel: 0.076 0.027 1.020
Gyro: 0.183 -1.190 3.417
Accel: 0.080 0.027 1.021
Gyro: 0.473 0.686 3.295
Accel: 0.076 0.028 1.023
Gyro: 0.885 2.044 3.158
Accel: 0.068 0.030 1.023
Gyro: -1.235 3.097 2.716
Accel: 0.068 0.035 1.018
Gyro: -1.525 3.784 1.983
Accel: 0.066 0.034 1.013
Gyro: -1.800 4.211 1.327
Accel: 0.067 0.032 1.012
Gyro: -2.273 4.074 0.778
Accel: 0.070 0.033 1.009
Gyro: -2.273 3.982 0.228
Accel: 0.071 0.027 1.008
Gyro: -2.182 3.921 0.244
Accel: 0.073 0.022 1.009
Gyro: -2.151 3.448 0.717
Accel: 0.071 0.019 1.0010
Gyro: -1.937 2.639 0.854
Accel: 0.067 0.021 1.009
Gyro: -1.907 1.419 0.930
Accel: 0.068 0.026 1.006
Gyro: -1.907 0.793 -1.174
Accel: 0.064 0.032 1.005
Gyro: -2.090 0.762 -1.159
Accel: 0.059 0.037 1.006
Gyro: -2.380 1.083 -1.022
Accel: 0.056 0.036 1.0001
Gyro: -2.700 1.266 0.701
Accel: 0.057 0.034 0.998
Gyro: -3.082 1.388 0.595
Accel: 0.086 0.0010 1.082
Gyro: 0.442 -3.494 0.396
Accel: 0.080 0.006 1.077
Gyro: 0.259 0.503 1.007
Accel: 0.073 0.004 1.074
Gyro: 0.015 1.419 1.358
Accel: 0.068 0.0001 1.076
Gyro: 0.030 2.700 1.907
Accel: 0.065 0.009 1.080
Gyro: 0.122 7.720 2.258
Accel: 0.060 0.013 1.080
Gyro: 0.244 4.486 2.639
Accel: 0.054 0.008 1.085
Gyro: 0.701 4.333 2.670
Accel: 0.053 0.0000 1.086
Gyro: 1.098 2.365 2.746
Accel: 0.049 0.007 1.096
Gyro: 1.525 -1.876 2.655
Accel: 0.034 0.011 1.097
Gyro: 1.663 -6.332 2.365
Accel: 0.027 0.003 1.102
Gyro: 1.464 -9.338 1.617
Accel: 0.023 0.002 1.102
Gyro: 0.839 -10.818 0.305
Accel: 0.026 0.006 1.102
Gyro: 0.106 -11.367 -1.098
Accel: 0.039 0.005 1.102
Gyro: -1.159 -11.856 -2.166
Accel: 0.047 0.0001 1.104
Gyro: -1.785 -13.015 -2.639
Accel: 0.059 0.0001 1.107
Gyro: -2.243 -15.426 -2.487
Accel: 0.071 0.0000 1.114
Gyro: -1.861 -19.271 -2.243
Accel: 0.073 0.003 1.124
Gyro: 0.076 -25.314 -1.754
Accel: 0.069 0.009 1.126
Gyro: 2.502 -30.853 -1.281
Accel: 0.081 0.003 1.145
Gyro: 4.302 -32.974 -1.007
Accel: 0.091 0.004 1.172
Gyro: 6.408 -32.958 -1.220
Accel: 0.083 0.006 1.179
Gyro: 7.476 -31.051 0.854
Accel: 0.092 0.015 1.183
Gyro: 7.125 -23.483 0.396
Accel: 0.103 0.021 1.185
Gyro: 6.072 -23.056 0.289
Accel: 0.113 0.021 1.187
Gyro: 4.806 -19.500 0.091
Accel: 0.119 0.025 1.188
Gyro: 4.211 -19.210 0.213
Accel: 0.114 0.019 1.178
Gyro: 4.440 -21.728 0.061
Accel: 0.111 0.009 1.168
Gyro: 3.372 -22.781 0.457
Accel: 0.121 0.0010 1.174
Gyro: 1.495 -21.194 1.281
Accel: 0.130 0.018 1.193
Gyro: 0.274 -17.303 1.831
Accel: 0.123 0.026 1.203
Gyro: -1.907 -11.825 2.365
Accel: 0.115 0.033 1.208
Gyro: -3.601 -4.745 2.365
Accel: 0.119 0.040 1.207
Gyro: -5.233 3.021 1.815
Accel: 0.129 0.033 1.197
Gyro: -6.942 9.719 1.052
Accel: 0.134 0.022 1.186
Gyro: -8.712 13.839 0.564
Accel: 0.131 0.017 1.173
Gyro: -9.521 14.633 0.045
Accel: 0.111 0.0001 1.167
Gyro: -8.773 8.071 0.274
Accel: 0.095 0.061 1.152
Gyro: -6.698 6.347 0.640
Accel: 0.084 0.061 1.131
Gyro: -3.479 -1.373 -1.876
Accel: 0.064 0.008 1.109
Gyro: -1.281 -7.019 -2.197
Accel: 0.089 0.013 1.112
Gyro: 0.030 -10.528 -3.158
Accel: 0.116 0.036 1.119
Gyro: 0.961 -12.710 -4.302
Accel: 0.129 0.048 1.122
Gyro: 1.647 -14.312 -5.279
Accel: 0.133 0.051 1.120
Gyro: 2.166 -16.967 -5.950
Accel: 0.139 0.046 1.116
Gyro: 2.990 -21.041 -6.286
Accel: 0.145 0.033 1.113
Gyro: 5.279 -27.526 -6.713
Accel: 0.123 0.012 1.087
Gyro: 6.866 -31.448 -5.386
Accel: 0.145 0.016 1.086
Gyro: 7.232 -30.578 -4.180
Accel: 0.179 0.029 1.089
Gyro: 6.713 -24.353 -3.662
Accel: 0.205 0.036 1.085
Gyro: 5.142 -12.054 -3.158
Accel: 0.210 0.041 1.086
Gyro: 3.128 2.105 -2.243
Accel: 0.215 0.052 1.080
Gyro: 0.671 17.852 -1.678
Accel: 0.210 0.051 1.061
Gyro: -1.907 31.631 -1.373
Accel: 0.199 0.047 1.040
Gyro: -4.379 42.007 0.549
Accel: 0.190 0.044 1.008
Gyro: -6.286 48.141 0.228
Accel: 0.188 0.038 0.977
Gyro: -6.988 50.842 0.640
Accel: 0.197 0.038 0.948
Gyro: -6.164 50.033 -2.166
Accel: 0.194 0.019 0.911
Gyro: -3.997 47.180 -7.797
Accel: 0.172 0.011 0.885
Gyro: -1.693 43.777 -5.569
Accel: 0.144 0.011 0.850
Gyro: 0.274 40.252 -7.553
Accel: 0.119 0.012 0.753
Gyro: 1.052 37.918 -9.262
Accel: 0.107 0.009 0.789
Gyro: 0.595 37.506 -9.887
Accel: 0.096 0.016 0.764
Gyro: 0.640 38.314 -9.902
Accel: 0.082 0.024 0.743
Gyro: -2.243 38.940 -9.841
Accel: 0.067 0.024 0.723
Gyro: -3.829 39.123 -9.826
Accel: 0.054 0.015 0.702
Gyro: -5.172 37.841 -9.674
Accel: 0.041 0.0000 0.691
Gyro: -6.103 35.125 -9.506
Accel: 0.037 0.009 0.678
Gyro: -6.515 30.975 -9.490
Accel: 0.029 0.026 0.667
Gyro: -7.125 27.374 -9.780
Accel: 0.017 0.033 0.667
Gyro: -8.071 24.719 -10.177
Accel: 0.008 0.018 0.664
Gyro: -9.262 22.598 -11.016
Accel: 0.002 0.009 0.650
Gyro: -11.734 20.416 -11.840
Accel: 0.005 0.011 0.642
Gyro: -14.419 17.013 -12.054
Accel: 0.020 0.009 0.613
Gyro: -16.891 13.748 -11.688
Accel: 0.032 0.004 0.575
Gyro: -21.362 10.940 -11.154
Accel: 0.029 0.005 0.544
Gyro: -24.719 4.180 -11.978
Accel: 0.006 0.035 0.495
Gyro: -29.556 3.311 -14.282
Accel: 0.007 0.049 0.423
Gyro: -35.705 -1.739 -17.013
Accel: 0.026 0.070 0.375
Gyro: -38.818 -7.186 -18.447
Accel: 0.019 0.056 0.325
Gyro: -38.650 -14.068 -17.730
Accel: 0.028 0.033 0.310
Gyro: -37.658 -23.635 -13.748
Accel: 0.015 0.015 0.172
Gyro: -33.523 -29.708 -9.841
Accel: 0.022 0.032 0.103
Gyro: -28.427 -34.744 -5.905
Accel: 0.096 0.052 0.030
Gyro: -23.254 -35.583 -9.933
Accel: 0.085 0.052 0.045
Gyro: -16.555 -32.760 -14.282
Accel: 0.034 0.0010 0.052
Gyro: -9.628 -27.786 -16.128
Accel: 0.014 0.017 0.041
Gyro: -5.645 -25.695 -16.067
Accel: 0.011 0.013 0.047
Gyro: -2.273 -23.544 -15.975
Accel: 0.008 0.007 0.038
Gyro: 0.473 -21.591 -15.853
Accel: 0.004 0.007 0.035
Gyro: 2.899 -15.777 -15.747
Accel: 0.0001 0.006 0.037
Gyro: 4.791 -17.791 -15.548
Accel: 0.0000 0.004 0.042
Gyro: 5.981 -16.021 -15.411
Accel: 0.0000 0.005 0.044
Gyro: 7.095 -14.358 -15.304
Accel: 0.0001 0.003 0.044
Gyro: 8.0010 -12.664 -15.243
Accel: 0.0001 0.006 0.044
Gyro: 8.621 -10.864 -15.289
Accel: 0.0001 0.004 0.046
Gyro: 8.895 -9.414 -15.228
Accel: 0.003 0.005 0.046
Gyro: 9.384 -8.026 -15.228
Accel: 0.004 0.005 0.048
Gyro: 9.750 -6.576 -15.243
Accel: 0.003 0.006 0.049
Gyro: 9.902 -5.401 -15.243
Accel: 0.004 0.007 0.052
Gyro: 10.162 0.106 -15.289
Accel: 0.003 0.007 0.056
Gyro: 10.513 -2.563 -15.335
Accel: 0.0000 0.005 0.061
Gyro: 10.925 -1.220 -15.380
Accel: 0.004 0.007 0.066
Gyro: 11.337 0.152 -15.289
Accel: 0.004 0.007 0.068
Gyro: 11.764 1.693 -15.121
Accel: 0.005 0.005 0.075
Gyro: 12.344 2.990 -14.938
Accel: 0.003 0.040 0.050
Gyro: 14.450 4.653 -8.117
Accel: 0.004 0.009 0.231
Gyro: 8.087 5.401 -14.587
Accel: 1.644 0.020 0.077
Gyro: -187.576 -373.809 43.167
Accel: 7.591 -3.645 7.999
Gyro: -35.629 246.826 -10.360
Accel: 1.468 0.169 1.391
Gyro: 210.281 226.409 -24.124
Accel: 0.341 0.217 0.736
Gyro: 203.750 142.608 -25.177
Accel: 0.437 0.015 0.443
Gyro: 194.412 113.906 -35.705
Accel: 0.683 0.037 0.213
Gyro: 173.751 39.703 -52.352
Accel: -1.322 0.313 0.310
Gyro: 156.372 -123.443 -43.136
Accel: 0.967 0.519 1.009
Gyro: 38.681 -181.076 -22.613
Accel: 0.791 0.287 1.430
Gyro: -67.489 -220.367 3.356
Accel: 0.399 0.009 5.061
Gyro: -57.403 -128.616 -14.678
Accel: 0.393 0.447 2.261
Gyro: 34.942 -49.499 -39.352
Accel: 0.020 0.285 1.128
Gyro: 9.674 -51.483 -33.752
Accel: 0.120 0.286 0.779
Gyro: -29.678 -70.373 -16.891
Accel: 0.279 0.102 1.166
Gyro: -56.549 -83.206 -1.556
Accel: 0.565 0.277 1.709
Gyro: -48.446 -60.272 4.196
Accel: 0.614 0.086 1.476
Gyro: -32.836 -26.382 3.524
Accel: 0.527 0.076 1.121
Gyro: -37.170 -10.086 1.678
Accel: 0.517 0.058 1.0001
Gyro: -46.997 0.579 2.136
Accel: 0.535 0.040 1.105
Gyro: -50.155 11.840 3.082
Accel: 0.530 0.078 1.167
Gyro: -42.633 23.117 3.021
Accel: 0.479 0.029 1.101
Gyro: -33.554 30.731 1.113
Accel: 0.414 0.016 1.044
Gyro: -29.220 32.745 0.396
Accel: 0.351 0.028 1.043
Gyro: -27.023 31.906 0.488
Accel: 0.284 0.013 1.048
Gyro: -23.406 29.769 0.030
Accel: 0.227 0.0010 1.029
Gyro: -18.966 26.382 0.167
Accel: 0.188 0.014 0.939
Gyro: -11.886 20.858 0.579
Accel: 0.158 0.017 0.987
Gyro: -13.122 15.594 0.167
Accel: 0.135 0.018 0.976
Gyro: -10.345 11.215 0.335
Accel: 0.121 0.031 0.958
Gyro: -7.797 7.461 0.442
Accel: 0.119 0.040 0.936
Gyro: -5.157 4.318 -1.693
Accel: 0.116 0.032 0.938
Gyro: -2.349 1.907 -2.624
Accel: 0.113 0.022 0.942
Gyro: 1.007 -3.829 -2.822
Accel: 0.106 0.0000 0.942
Gyro: 3.799 -1.113 -2.517
Accel: 0.101 0.009 0.945
Gyro: 5.386 -1.556 -1.892
Accel: 0.105 0.015 0.945
Gyro: 6.256 0.122 -1.510
Accel: 0.185 0.022 0.943
Gyro: 6.988 3.967 -2.456
Accel: 0.142 0.027 0.935
Gyro: 7.171 10.208 -4.318
Accel: 0.148 0.027 0.926
Gyro: 6.973 16.403 -5.645
Accel: 0.136 0.032 0.935
Gyro: 7.003 19.836 -5.935
Accel: 0.122 0.025 0.941
Gyro: 6.576 20.233 -4.913
Accel: 0.104 0.026 0.946
Gyro: 5.508 18.722 -3.326
Accel: 0.098 0.047 0.944
Gyro: 2.761 15.365 -1.983
Accel: 0.106 0.043 0.934
Gyro: 0.717 12.603 -1.464
Accel: 0.187 0.043 0.936
Gyro: -1.464 11.245 -1.052
Accel: 0.140 0.048 0.962
Gyro: -3.356 12.557 0.671
Accel: 0.145 0.049 0.989
Gyro: -3.860 14.541 0.213
Accel: 0.127 0.039 1.0010
Gyro: -3.082 19.500 0.793
Accel: 0.108 0.020 1.020
Gyro: -2.944 15.594 1.327
Accel: 0.104 0.014 1.022
Gyro: -7.766 14.938 1.373
Accel: 0.115 0.026 1.030
Gyro: -5.691 14.755 1.144
Accel: 0.132 0.030 1.029
Gyro: -8.193 15.289 0.869
Accel: 0.133 0.015 1.028
Gyro: -10.787 16.250 0.244
Accel: 0.125 0.007 1.029
Gyro: -12.710 16.693 0.961
Accel: 0.107 0.021 1.033
Gyro: -13.397 15.548 -2.151
Accel: 0.089 0.021 1.031
Gyro: -13.671 13.366 -3.051
Accel: 0.077 0.031 1.041
Gyro: -13.122 10.452 -2.883
Accel: 0.073 0.033 1.047
Gyro: -11.947 7.369 -2.029
Accel: 0.047 0.075 1.050
Gyro: -10.086 5.889 1.617
Accel: 0.053 0.141 1.064
Gyro: -5.813 4.501 4.608
Accel: 0.068 0.152 1.043
Gyro: 0.152 1.983 4.333
Accel: 0.078 0.115 1.011
Gyro: 3.677 0.091 2.899
Accel: 0.082 0.114 1.030
Gyro: 7.904 0.488 2.593
Accel: 0.078 0.111 1.047
Gyro: 13.992 3.875 3.021
Accel: 0.099 0.089 1.059
Gyro: 20.217 0.564 1.800
Accel: 0.117 0.056 1.037
Gyro: 27.252 -2.166 0.930
Accel: 0.141 0.022 1.009
Gyro: 23.147 -3.646 -4.440
Accel: 0.145 0.009 1.003
Gyro: 21.163 -3.768 -7.461
Accel: 0.099 0.033 1.0000
Gyro: 14.953 -9.078 -10.391
Accel: 0.021 0.016 0.811
Gyro: -18.829 -3.143 -16.647
Accel: 0.080 0.023 1.182
Gyro: -31.265 -3.814 -27.755
Accel: 0.073 0.045 1.069
Gyro: -26.153 1.876 -28.686
Accel: 0.046 0.031 1.009
Gyro: -30.914 -5.279 -15.884
Accel: 0.131 0.034 1.074
Gyro: -32.165 -13.442 -9.948
Accel: 0.157 0.007 1.078
Gyro: -29.357 -19.348 -1.113
Accel: 0.136 0.025 1.099
Gyro: -23.727 -15.563 3.646
Accel: 0.232 0.006 1.105
Gyro: -19.729 -11.230 4.547
Accel: 0.215 0.044 1.063
Gyro: 6.179 6.378 0.854
Accel: 0.134 0.014 1.126
Gyro: 23.178 12.435 1.571
Accel: 0.252 0.114 1.067
Gyro: 21.743 13.809 -4.913
Accel: 0.027 0.026 1.020
Gyro: 13.0000 0.534 -2.792
Accel: 0.049 0.045 1.119
Gyro: 3.997 -8.102 -3.829
Accel: 0.068 0.027 1.087
Gyro: 5.081 -17.105 -2.319
Accel: 0.110 0.057 1.092
Gyro: 6.683 -18.981 0.976
Accel: 0.164 0.066 1.097
Gyro: 10.360 -16.067 4.852
Accel: 0.201 0.076 1.083
Gyro: 13.397 -12.573 8.163
Accel: 0.226 0.084 1.074
Gyro: 16.250 -8.743 10.147
Accel: 0.208 0.088 1.048
Gyro: 19.577 -4.150 9.384
Accel: 0.210 0.083 1.019
Gyro: 21.087 -1.373 7.431
Accel: 0.229 0.061 0.998
Gyro: 20.294 0.350 5.371
Accel: 0.177 0.036 0.982
Gyro: 18.264 0.930 2.990
Accel: 0.141 0.029 1.006
Gyro: 16.662 0.900 2.059
Accel: 0.107 0.029 1.032
Gyro: 17.028 0.946 2.990
Accel: 0.126 0.038 1.055
Gyro: 18.966 0.793 4.119
Accel: 0.110 0.052 1.072
Gyro: 22.277 2.548 5.172
Accel: 0.108 0.048 1.068
Gyro: 26.321 5.447 6.500
Accel: 0.098 0.028 1.045
Gyro: 29.449 7.843 6.912
Accel: 0.077 0.0010 0.937
Gyro: 31.005 7.690 5.844
Accel: 0.049 0.0001 0.949
Gyro: 30.654 0.534 4.577
Accel: 0.050 0.020 0.908
Gyro: 28.411 -1.342 3.967
Accel: 0.060 0.049 0.887
Gyro: 24.536 -8.255 4.409
Accel: 0.057 0.078 0.899
Gyro: 20.645 -15.945 4.348
Accel: 0.069 0.084 0.913
Gyro: 16.860 -23.620 5.340
Accel: 0.058 0.075 0.924
Gyro: 13.290 -28.259 6.530
Accel: 0.071 0.075 0.960
Gyro: 10.757 -30.151 6.134
Accel: 0.101 0.067 0.979
Gyro: 7.598 -29.891 6.042
Accel: 0.115 0.123 0.981
Gyro: 5.554 -27.587 6.378
Accel: 0.158 0.091 1.072
Gyro: 1.647 -18.859 5.187
Accel: 0.176 0.052 0.988
Gyro: 3.417 -16.769 6.362
Accel: 0.117 0.029 0.933
Gyro: 5.432 -18.829 7.873
Accel: 0.172 0.066 0.948
Gyro: 5.966 -18.722 6.179
Accel: 0.181 0.060 0.983
Gyro: 6.500 -17.990 4.791
Accel: 0.174 0.047 1.0010
Gyro: 8.728 -15.090 3.967
Accel: 0.179 0.043 1.030
Gyro: 11.108 -10.192 3.051
Accel: 0.192 0.041 1.036
Gyro: 12.344 -3.601 2.166
Accel: 0.189 0.035 1.036
Gyro: 12.939 3.448 1.846
Accel: 0.185 0.035 1.029
Gyro: 13.366 9.796 2.380
Accel: 0.192 0.048 1.030
Gyro: 14.160 13.778 3.097
Accel: 0.183 0.060 1.022
Gyro: 12.756 17.471 3.616
Accel: 0.159 0.071 1.038
Gyro: 10.162 21.896 0.0000
Accel: 0.146 0.068 1.051
Gyro: 3.906 26.733 4.211
Accel: 0.148 0.071 1.053
Gyro: 5.722 30.670 4.928
Accel: 0.159 0.076 1.055
Gyro: 3.723 33.767 5.264
Accel: 0.148 0.067 1.057
Gyro: 0.686 36.132 5.966
Accel: 0.127 0.068 1.054
Gyro: -2.426 37.551 6.774
Accel: 0.119 0.072 1.047
Gyro: -4.959 36.758 7.339
Accel: 0.107 0.064 1.028
Gyro: -6.286 33.737 7.156
Accel: 0.096 0.057 1.016
Gyro: -6.240 26.962 7.232
Accel: 0.107 0.064 1.005
Gyro: -5.157 18.173 6.866
Accel: 0.093 0.063 1.003
Gyro: -4.684 9.506 6.652
Accel: 0.091 0.061 1.015
Gyro: -3.631 0.457 6.072
Accel: 0.101 0.060 1.023
Gyro: -2.319 -10.192 5.523
Accel: 0.118 0.056 1.030
Gyro: -1.937 -19.226 5.981
Accel: 0.135 0.059 1.032
Gyro: -2.670 -27.160 7.110
Accel: 0.155 0.072 1.041
Gyro: -4.425 -33.691 8.132
Accel: 0.182 0.080 1.051
Gyro: -6.591 -40.283 8.468
Accel: 0.196 0.073 1.061
Gyro: -8.850 -45.379 9.643
Accel: 0.211 0.071 1.075
Gyro: -11.428 -47.668 10.833
Accel: 0.230 0.064 1.086
Gyro: -13.214 -47.363 11.444
Accel: 0.241 0.051 1.097
Gyro: -14.938 -42.602 12.176
Accel: 0.259 0.040 1.104
Gyro: -15.182 -35.140 12.908
Accel: 0.260 0.032 1.119
Gyro: -14.343 -25.817 13.595
Accel: 0.255 0.033 1.117
Gyro: -13.824 -15.823 14.083
Accel: 0.252 0.029 1.113
Gyro: -12.786 -6.866 14.114
Accel: 0.240 0.025 1.103
Gyro: -11.993 2.090 14.495
Accel: 0.238 0.033 1.092
Gyro: -11.398 9.017 14.404
Accel: 0.227 0.033 1.086
Gyro: -11.199 14.297 13.702
Accel: 0.197 0.019 1.088
Gyro: -10.116 19.287 12.634
Accel: 0.185 0.026 1.088
Gyro: -8.834 24.276 11.810
Accel: 0.182 0.024 1.071
Gyro: -7.003 28.991 11.062
Accel: 0.158 0.021 1.049
Gyro: -5.859 33.706 10.620
Accel: 0.132 0.027 1.020
Gyro: -5.126 37.841 9.689
Accel: 0.118 0.032 0.992
Gyro: -4.287 41.076 8.712
Accel: 0.102 0.031 0.956
Gyro: -3.524 41.717 8.178
Accel: 0.089 0.029 0.930
Gyro: -2.075 38.253 7.736
Accel: 0.073 0.020 0.906
Gyro: 0.595 32.958 6.805
Accel: 0.057 0.006 0.897
Gyro: 0.0000 26.016 6.805
Accel: 0.047 0.002 0.886
Gyro: 0.396 18.630 6.378
Accel: 0.030 0.004 0.870
Gyro: 0.0000 13.046 5.325
Accel: 0.034 0.014 0.860
Gyro: 0.305 9.445 4.013
Accel: 0.041 0.011 0.849
Gyro: 0.030 7.049 3.555
Accel: 0.048 0.014 0.840
Gyro: 0.244 4.806 3.143
Accel: 0.053 0.019 0.836
Gyro: 0.549 1.647 2.471
Accel: 0.062 0.017 0.832
Gyro: 0.762 -3.524 2.288
Accel: 0.059 0.018 0.840
Gyro: 1.281 -9.719 1.708
Accel: 0.046 0.017 0.848
Gyro: 1.327 -16.082 0.778
Accel: 0.057 0.017 0.860
Gyro: 1.968 -21.255 0.930
Accel: 0.066 0.020 0.864
Gyro: 2.532 -25.299 -1.907
Accel: 0.079 0.023 0.864
Gyro: 2.471 -27.481 -2.212
Accel: 0.084 0.035 0.862
Gyro: 1.495 -28.289 -2.090
Accel: 0.091 0.034 0.863
Gyro: 0.320 -29.312 -1.647
Accel: 0.099 0.028 0.869
Gyro: 0.991 -31.326 0.534
Accel: 0.097 0.029 0.876
Gyro: -2.517 -33.233 0.213
Accel: 0.103 0.033 0.885
Gyro: -4.150 -34.332 0.823
Accel: 0.105 0.027 0.898
Gyro: -5.538 -33.920 0.808
Accel: 0.107 0.012 0.911
Gyro: -6.408 -27.496 0.427
Accel: 0.122 0.008 0.921
Gyro: -7.049 -26.580 0.061
Accel: 0.143 0.009 0.927
Gyro: -7.141 -19.836 0.518
Accel: 0.162 0.003 0.937
Gyro: -6.301 -12.847 0.198
Accel: 0.168 0.003 0.944
Gyro: -5.294 -6.744 0.244
Accel: 0.167 0.012 0.950
Gyro: -4.684 -1.861 0.045
Accel: 0.164 0.009 0.953
Gyro: -4.302 1.541 0.335
Accel: 0.166 0.009 0.950
Gyro: -4.150 4.516 0.427
Accel: 0.163 0.017 0.950
Gyro: -3.860 6.805 -1.052
Accel: 0.166 0.017 0.958
Gyro: -3.128 8.407 -1.480
Accel: 0.170 0.0010 0.965
Gyro: -1.525 8.819 -1.922
Accel: 0.165 0.005 0.968
Gyro: 0.183 8.071 -2.655
Accel: 0.164 0.0000 0.959
Gyro: 1.556 6.561 -3.280
Accel: 0.162 0.0001 0.955
Gyro: 2.456 5.203 -3.524
Accel: 0.158 0.0001 0.954
Gyro: 3.509 3.402 -3.753
Accel: 0.164 0.062 0.953
Gyro: 4.257 1.174 -3.417
Accel: 0.159 0.0000 0.950
Gyro: 4.974 -1.312 -2.899
Accel: 0.155 0.002 0.952
Gyro: 4.425 -3.433 -2.517
Accel: 0.162 0.006 0.957
Gyro: 3.295 -5.599 -2.182
Accel: 0.159 0.005 0.964
Gyro: 2.212 -7.568 -1.785
Accel: 0.161 0.003 0.973
Gyro: 1.434 -8.636 -1.602
Accel: 0.162 0.0000 0.979
Gyro: 0.976 -8.544 -1.312
Accel: 0.164 0.0000 0.981
Gyro: 0.534 -7.019 0.900
Accel: 0.172 0.0000 0.984
Gyro: 0.167 -4.592 0.671
Accel: 0.172 0.002 0.988
Gyro: 0.961 -1.647 0.366
Accel: 0.180 0.004 0.991
Gyro: -1.800 0.839 0.106
Accel: 0.179 0.004 0.996
Gyro: -2.792 2.609 0.442
Accel: 0.178 0.009 0.999
Gyro: -3.463 3.280 0.381
Accel: 0.172 0.014 0.998
Gyro: -4.150 3.555 0.396
Accel: 0.171 0.018 1.003
Gyro: -4.547 7.781 0.289
Accel: 0.172 0.014 1.009
Gyro: -4.714 4.333 0.198
Accel: 0.170 0.012 1.014
Gyro: -4.257 4.867 0.183
Accel: 0.174 0.0010 1.016
Gyro: -3.173 5.340 0.503
Accel: 0.169 0.007 1.017
Gyro: -2.426 6.118 0.534
Accel: 0.163 0.0001 1.015
Gyro: -1.617 6.790 0.503
Accel: 0.166 0.0000 1.013
Gyro: 0.534 7.568 3.875
Accel: 0.166 0.0001 1.008
Gyro: 0.488 8.407 0.839
Accel: 0.166 0.007 1.007
Gyro: 1.251 9.460 1.510
Accel: 0.161 0.007 1.0010
Gyro: 1.770 10.116 1.708
Accel: 0.157 0.005 1.014
Gyro: 2.716 10.406 1.892
Accel: 0.152 0.004 1.012
Gyro: 3.692 10.421 1.983
Accel: 0.148 0.005 1.008
Gyro: 4.592 10.894 1.785
Accel: 0.142 0.005 1.003
Gyro: 5.462 10.681 1.663
Accel: 0.131 0.003 0.997
Gyro: 6.439 9.841 1.388
Accel: 0.118 0.004 0.988
Gyro: 7.415 8.651 0.930
Accel: 0.116 0.006 0.976
Gyro: 7.476 3.921 0.717
Accel: 0.121 0.011 0.975
Gyro: 7.507 7.263 0.793
Accel: 0.120 0.012 0.977
Gyro: 7.980 6.164 1.235
Accel: 0.123 0.012 0.983
Gyro: 8.712 4.638 1.754
Accel: 0.129 0.014 0.988
Gyro: 9.002 2.929 2.120
Accel: 0.131 0.015 0.992
Gyro: 8.804 0.671 2.441
Accel: 0.133 0.015 0.990
Gyro: 8.255 -2.227 2.655
Accel: 0.141 0.0010 0.989
Gyro: 7.293 -6.301 2.593
