Accel: 0.012 0.028 1.006
Gyro: 0.793 2.304 0.061
Accel: 0.014 0.029 1.005
Gyro: 0.793 1.968 0.015
Accel: 0.016 0.028 1.005
Gyro: 0.579 1.770 0.091
Accel: 0.015 0.027 1.002
Gyro: 0.061 1.388 0.030
Accel: 0.016 0.028 1.002
Gyro: 0.305 1.358 0.045
Accel: 0.015 0.029 1.0000
Gyro: 0.595 1.190 0.076
Accel: 0.016 0.028 1.0001
Gyro: 0.930 0.732 3.890
Accel: 0.016 0.024 1.0001
Gyro: 1.174 0.579 0.030
Accel: 0.016 0.024 1.002
Gyro: 1.144 0.350 0.076
Accel: 0.016 0.023 1.004
Gyro: 1.037 0.167 0.091
Accel: 0.018 0.024 1.005
Gyro: 0.701 0.015 0.015
Accel: 0.018 0.024 1.003
Gyro: 0.350 0.244 0.137
Accel: 0.020 0.024 1.0001
Gyro: 0.320 0.381 0.152
Accel: 0.020 0.025 0.998
Gyro: 0.061 0.686 0.305
Accel: 0.019 0.028 0.997
Gyro: 0.091 0.885 0.213
Accel: 0.018 0.029 0.997
Gyro: 0.137 0.732 0.320
Accel: 0.019 0.029 0.997
Gyro: 0.366 0.915 0.411
Accel: 0.020 0.030 1.0000
Gyro: 0.854 0.961 0.442
Accel: 0.018 0.031 1.003
Gyro: -1.083 -1.007 0.640
Accel: 0.020 0.030 1.005
Gyro: -1.312 -1.235 0.793
Accel: 0.022 0.031 1.004
Gyro: -1.251 -1.312 0.961
Accel: 0.022 0.031 1.005
Gyro: -1.098 -1.251 -1.144
Accel: 0.019 0.029 1.006
Gyro: 0.808 -1.083 -1.022
Accel: 0.020 0.029 1.005
Gyro: 0.473 0.823 0.991
Accel: 0.017 0.032 1.006
Gyro: 0.122 0.518 0.930
Accel: 0.018 0.031 1.004
Gyro: 0.106 0.244 0.732
Accel: 0.017 0.031 1.006
Gyro: 0.045 0.106 0.350
Accel: 0.020 0.029 1.008
Gyro: 0.0000 0.259 0.228
Accel: 0.023 0.030 1.008
Gyro: 0.320 0.213 0.0000
Accel: 0.022 0.029 1.006
Gyro: 0.335 0.366 0.167
Accel: 0.020 0.030 1.002
Gyro: 0.152 0.396 0.152
Accel: 0.020 0.031 1.0000
Gyro: 0.122 0.427 0.213
Accel: 0.020 0.034 1.0000
Gyro: 0.015 0.762 0.122
Accel: 0.020 0.033 1.002
Gyro: 0.0000 0.656 0.015
Accel: 0.024 0.030 1.006
Gyro: 0.167 0.350 0.122
Accel: 0.023 0.029 1.006
Gyro: 0.381 0.259 0.152
Accel: 0.018 0.029 1.007
Gyro: 0.457 0.656 0.183
Accel: 0.018 0.033 1.007
Gyro: 0.640 0.946 0.0000
Accel: 0.019 0.034 1.006
Gyro: 0.579 -1.007 0.122
Accel: 0.023 0.033 1.008
Gyro: 0.473 -1.037 0.274
Accel: 0.024 0.036 1.009
Gyro: 0.534 -1.419 0.473
Accel: 0.025 0.038 1.011
Gyro: 0.503 -1.785 0.671
Accel: 0.026 0.037 1.014
Gyro: 0.549 -2.151 0.808
Accel: 0.023 0.035 1.017
Gyro: 0.396 -2.456 0.717
Accel: 0.021 0.037 1.016
Gyro: 0.122 -2.517 0.564
Accel: 0.021 0.039 1.014
Gyro: 0.213 -2.456 0.473
Accel: 0.021 0.041 1.009
Gyro: 0.732 -2.044 0.213
Accel: 0.022 0.040 1.0010
Gyro: 1.083 -1.892 0.0000
Accel: 0.025 0.038 1.008
Gyro: 1.617 -1.770 0.091
Accel: 0.027 0.037 1.007
Gyro: 1.907 -1.617 0.091
Accel: 0.026 0.036 1.007
Gyro: 1.998 -1.556 0.076
Accel: 0.024 0.035 1.006
Gyro: 1.846 -1.586 0.076
Accel: 0.024 0.032 1.007
Gyro: 1.632 -1.693 0.244
Accel: 0.021 0.030 1.006
Gyro: 1.327 -1.510 0.289
Accel: 0.020 0.030 1.006
Gyro: 0.900 -1.327 0.427
Accel: 0.022 0.033 1.003
Gyro: 0.457 -1.007 0.534
Accel: 0.024 0.034 1.005
Gyro: 0.122 0.671 0.595
Accel: 0.024 0.036 1.004
Gyro: 0.228 0.396 0.625
Accel: 0.026 0.036 1.008
Gyro: 0.595 0.381 0.625
Accel: 0.023 0.038 1.006
Gyro: 0.686 0.167 0.564
Accel: 0.019 0.038 1.008
Gyro: 0.717 0.122 0.335
Accel: 0.020 0.039 1.009
Gyro: 0.656 0.213 0.198
Accel: 0.018 0.039 1.014
Gyro: 0.350 0.289 0.045
Accel: 0.019 0.037 1.014
Gyro: 0.076 0.122 0.167
Accel: 0.019 0.036 1.016
Gyro: 0.656 0.305 0.167
Accel: 0.017 0.035 1.012
Gyro: 0.961 0.427 0.122
Accel: 0.014 0.031 1.0010
Gyro: 1.525 0.442 0.015
Accel: 0.012 0.032 1.009
Gyro: 1.815 0.457 0.122
Accel: 0.012 0.033 1.0010
Gyro: 1.983 0.701 0.015
Accel: 0.014 0.033 1.0010
Gyro: 2.014 -1.220 0.091
Accel: 0.016 0.037 1.009
Gyro: 1.861 -1.800 0.122
Accel: 0.014 0.038 1.012
Gyro: 1.678 -2.334 0.198
Accel: 0.015 0.039 1.013
Gyro: 1.602 -2.792 0.396
Accel: 0.018 0.038 1.013
Gyro: 1.434 -2.838 0.350
Accel: 0.017 0.038 1.013
Gyro: 1.647 -2.731 0.457
Accel: 0.016 0.037 1.012
Gyro: 2.059 -2.655 0.396
Accel: 0.016 0.035 1.0010
Gyro: 2.487 -2.273 0.320
Accel: 0.016 0.032 1.006
Gyro: 3.021 -1.815 0.228
Accel: 0.016 0.029 1.003
Gyro: 3.265 -1.312 0.076
Accel: 0.015 0.027 0.998
Gyro: 3.433 0.625 0.381
Accel: 0.013 0.024 0.994
Gyro: 3.540 0.244 0.610
Accel: 0.012 0.026 0.990
Gyro: 3.463 1.007 0.595
Accel: 0.012 0.025 0.992
Gyro: 2.914 1.022 0.701
Accel: 0.013 0.023 0.992
Gyro: 2.273 1.327 0.640
Accel: 0.013 0.022 0.993
Gyro: 1.388 1.251 0.350
Accel: 0.013 0.020 0.993
Gyro: 0.518 1.144 0.030
Accel: 0.012 0.022 0.992
Gyro: 0.0000 0.671 0.167
Accel: 0.0010 0.021 0.993
Gyro: 0.213 0.259 0.625
Accel: 0.005 0.020 0.996
Gyro: 0.488 0.061 -1.022
Accel: 0.004 0.018 1.0001
Gyro: 0.686 0.045 -1.464
Accel: 0.002 0.019 1.005
Gyro: 0.900 0.137 -1.785
Accel: 0.002 0.020 1.004
Gyro: -1.220 0.473 -2.059
Accel: 0.003 0.023 1.004
Gyro: -1.144 0.564 -2.410
Accel: 0.007 0.024 1.005
Gyro: 0.946 0.595 -2.700
Accel: 0.0010 0.023 1.006
Gyro: 0.823 0.534 -2.929
Accel: 0.012 0.025 1.0001
Gyro: 0.503 0.183 -3.082
Accel: 0.0010 0.028 1.0000
Gyro: 0.366 0.122 -3.067
Accel: 0.007 0.026 0.999
Gyro: 0.274 0.137 -2.975
Accel: 0.004 0.026 0.999
Gyro: 0.183 0.198 -2.838
Accel: 0.0000 0.025 0.998
Gyro: 0.137 0.198 -2.777
Accel: 0.0001 0.026 1.003
Gyro: 0.015 0.610 -2.822
Accel: 0.0000 0.026 1.007
Gyro: 0.045 0.885 -2.838
Accel: 0.003 0.027 1.009
Gyro: 0.366 -1.266 -2.853
Accel: 0.005 0.028 1.012
Gyro: 0.534 -1.937 -3.051
Accel: 0.005 0.029 1.017
Gyro: 0.610 -2.639 -3.234
Accel: 0.0000 0.030 1.018
Gyro: 0.488 -3.387 -3.463
Accel: 0.002 0.032 1.022
Gyro: 0.183 -3.799 -3.677
Accel: 0.005 0.035 1.021
Gyro: 0.335 0.045 -4.074
Accel: 0.002 0.036 1.021
Gyro: 0.747 -3.631 -4.287
Accel: 0.002 0.037 1.021
Gyro: 1.144 -3.219 -4.531
Accel: 0.006 0.035 1.021
Gyro: 1.510 -2.807 -4.806
Accel: 0.007 0.034 1.019
Gyro: 1.831 -2.151 -4.837
Accel: 0.006 0.035 1.016
Gyro: 1.892 -1.449 -4.898
Accel: 0.003 0.033 1.014
Gyro: 1.678 0.732 -4.821
Accel: 0.0000 0.032 1.014
Gyro: 1.434 0.167 -4.577
Accel: 0.0000 0.032 1.015
Gyro: 1.296 0.244 -4.562
Accel: 0.003 0.032 1.016
Gyro: 1.129 0.137 -4.470
Accel: 0.005 0.030 1.013
Gyro: 1.220 0.0000 -4.470
Accel: 0.007 0.029 1.009
Gyro: 1.510 0.366 -4.333
Accel: 0.005 0.029 1.004
Gyro: 2.182 0.152 -4.074
Accel: 0.002 0.027 0.993
Gyro: 2.914 0.0000 -3.875
Accel: 0.0001 0.028 0.988
Gyro: 3.509 0.122 -3.616
Accel: 0.005 0.027 0.985
Gyro: 3.646 0.122 -3.448
Accel: 0.006 0.023 0.983
Gyro: 3.341 0.686 -3.417
Accel: 0.009 0.019 0.980
Gyro: 2.838 -1.098 -3.341
Accel: 0.015 0.018 0.979
Gyro: 2.349 -1.602 -3.143
Accel: 0.0010 0.013 0.974
Gyro: 2.532 -1.846 -2.822
Accel: 0.0001 0.003 0.977
Gyro: 5.157 0.991 -1.937
Accel: 0.024 0.0000 0.968
Gyro: 12.023 3.448 -2.441
Accel: 0.061 0.002 0.962
Gyro: 21.408 7.949 -5.416
Accel: 0.092 0.031 0.917
Gyro: 32.379 12.908 -9.124
Accel: 0.113 0.074 0.825
Gyro: 53.253 16.906 -14.312
Accel: 0.0100 0.099 0.714
Gyro: 71.212 13.900 -21.957
Accel: 0.050 0.039 0.585
Gyro: 97.610 3.356 -31.723
Accel: 0.021 0.070 0.311
Gyro: 114.257 -10.833 -38.650
Accel: 0.028 0.015 0.169
Gyro: 129.394 -24.337 -38.253
Accel: 0.014 0.023 0.039
Gyro: 137.603 -30.746 -38.238
Accel: 0.004 0.027 0.025
Gyro: 141.265 -23.651 -39.947
Accel: 0.002 0.025 0.006
Gyro: 143.646 -24.414 -41.732
Accel: 0.002 0.024 0.0000
Gyro: 145.141 -21.499 -43.487
Accel: 0.0000 0.025 0.013
Gyro: 145.858 -18.905 -45.104
Accel: 0.0001 0.022 0.014
Gyro: 146.057 -16.357 -46.630
Accel: 0.061 0.022 0.020
Gyro: 145.843 -14.114 -47.897
Accel: 0.002 0.022 0.018
Gyro: 145.309 -12.039 -48.950
Accel: 0.0000 0.022 0.020
Gyro: 144.607 -10.055 -49.926
Accel: 0.0001 0.020 0.019
Gyro: 143.630 -8.316 -50.567
Accel: 0.0001 0.022 0.021
Gyro: 142.593 -7.019 -51.116
Accel: 0.002 0.020 0.022
Gyro: 141.235 -5.691 -51.483
Accel: 0.0001 0.020 0.025
Gyro: 140.090 -4.425 -51.757
Accel: 0.003 0.019 0.026
Gyro: 138.671 -3.219 -52.017
Accel: 0.004 0.020 0.025
Gyro: 137.268 -2.151 -52.139
Accel: 0.0000 0.020 0.036
Gyro: 135.818 -1.098 -52.230
Accel: 0.003 0.020 0.027
Gyro: 134.490 0.030 -52.291
Accel: 0.002 0.018 0.034
Gyro: 133.224 0.839 -52.383
Accel: 0.003 0.017 0.026
Gyro: 131.591 1.663 -52.383
Accel: 0.0000 0.022 0.031
Gyro: 129.745 2.395 -52.536
Accel: 0.015 0.020 0.011
Gyro: 128.753 3.173 -52.536
Accel: 0.008 0.012 0.015
Gyro: 124.313 4.257 -53.726
Accel: 0.007 0.062 0.015
Gyro: 116.928 5.508 -55.053
Accel: 0.004 0.0000 0.048
Gyro: 110.290 6.530 -56.167
Accel: 0.028 0.044 0.0010
Gyro: 105.239 7.385 -56.640
Accel: 0.064 0.151 0.078
Gyro: 76.095 10.894 -62.515
Accel: 0.056 0.061 0.540
Gyro: 9.521 3.173 -92.468
Accel: 0.058 0.911 0.038
Gyro: -499.969 131.774 -181.640
Accel: 0.366 0.0001 2.043
Gyro: -499.969 252.029 -212.753
Accel: -3.070 0.375 7.999
Gyro: -499.969 -300.796 -110.748
Accel: 1.617 0.921 7.437
Gyro: -499.969 -25.466 -16.601
Accel: 0.453 0.452 1.573
Gyro: 156.372 191.131 -14.984
Accel: 0.195 0.514 -1.081
Gyro: 108.657 194.839 2.609
Accel: 0.310 0.343 0.076
Gyro: 45.959 161.682 13.778
Accel: 0.478 0.281 0.006
Gyro: 32.363 194.900 2.349
Accel: 0.695 0.858 1.665
Gyro: 51.559 143.447 -12.252
Accel: 0.406 0.966 1.564
Gyro: 96.267 -58.670 -7.064
Accel: 0.421 0.831 1.074
Gyro: 59.570 -72.525 -19.515
Accel: 0.162 0.868 1.335
Gyro: -3.341 -48.065 -25.085
Accel: 0.140 0.706 1.484
Gyro: -35.308 2.670 -30.120
Accel: 0.528 0.558 1.642
Gyro: -30.288 23.742 -14.801
Accel: 0.672 0.389 1.448
Gyro: -13.580 19.714 5.340
Accel: 0.656 0.240 1.272
Gyro: -4.013 -3.982 15.487
Accel: 0.613 0.153 1.060
Gyro: -7.522 -31.188 12.847
Accel: 0.575 0.135 0.959
Gyro: -23.284 -59.997 1.678
Accel: 0.608 0.162 1.124
Gyro: -38.208 -88.195 -6.057
Accel: 0.608 0.296 1.219
Gyro: -47.256 -98.510 -11.901
Accel: 0.565 0.492 1.209
Gyro: -57.739 -100.433 -18.051
Accel: 0.468 0.530 1.165
Gyro: -63.949 -85.769 -24.993
Accel: 0.370 0.527 1.197
Gyro: -62.545 -59.326 -27.130
Accel: 0.291 0.451 1.282
Gyro: -57.968 -26.687 -28.533
Accel: 0.067 0.259 1.320
Gyro: -37.719 0.473 -35.202
Accel: 0.114 0.224 1.103
Gyro: -17.959 19.027 -39.413
Accel: 0.149 0.264 0.967
Gyro: -5.172 26.702 -43.228
Accel: 0.169 0.222 0.923
Gyro: 2.395 21.377 -50.659
Accel: 0.238 0.174 0.906
Gyro: 5.477 7.766 -50.521
Accel: 0.301 0.155 0.885
Gyro: 5.538 -4.928 -55.557
Accel: 0.339 0.139 0.863
Gyro: 2.548 -10.803 -61.798
Accel: 0.305 0.138 0.826
Gyro: -2.563 -9.841 -69.854
Accel: 0.274 0.150 0.800
Gyro: -7.141 -6.195 -77.285
Accel: 0.210 0.154 0.822
Gyro: -8.163 -5.813 -84.030
Accel: 0.227 0.081 0.947
Gyro: -3.219 0.289 -90.026
Accel: 0.344 0.049 1.089
Gyro: 14.068 22.964 -86.807
Accel: 0.381 0.114 0.947
Gyro: 32.440 32.424 -79.391
Accel: 0.394 0.223 0.831
Gyro: 45.394 31.997 -69.534
Accel: 0.335 0.191 0.936
Gyro: 51.284 27.267 -59.890
Accel: 0.335 0.176 1.072
Gyro: 58.349 29.144 -45.669
Accel: 0.471 0.017 0.892
Gyro: 55.526 19.531 -26.397
Accel: 0.354 0.145 0.820
Gyro: 48.217 16.418 -12.939
Accel: 0.289 0.108 0.760
Gyro: 37.155 13.854 -2.288
Accel: 0.236 0.037 0.868
Gyro: 26.718 10.009 2.563
Accel: 0.242 0.043 0.900
Gyro: 17.517 5.767 3.234
Accel: 0.225 0.059 0.919
Gyro: 11.383 3.173 1.327
Accel: 0.218 0.065 0.963
Gyro: 9.292 0.259 -1.495
Accel: 0.221 0.059 0.965
Gyro: 10.040 -3.448 -4.989
Accel: 0.221 0.048 0.953
Gyro: 9.826 -7.003 -8.911
Accel: 0.228 0.030 0.926
Gyro: 7.507 -11.993 -12.939
Accel: 0.250 0.0010 0.905
Gyro: 3.265 -17.593 -15.396
Accel: 0.242 0.019 0.900
Gyro: -2.014 -22.796 -16.876
Accel: 0.211 0.034 0.916
Gyro: -7.934 -26.931 -17.578
Accel: 0.179 0.044 0.938
Gyro: -12.969 -29.434 -18.203
Accel: 0.153 0.041 0.970
Gyro: -15.716 -28.701 -18.859
Accel: 0.131 0.046 0.997
Gyro: -15.487 -24.597 -19.485
Accel: 0.124 0.057 1.016
Gyro: -12.405 -19.119 -20.202
Accel: 0.127 0.056 1.031
Gyro: -6.988 -14.160 -20.446
Accel: 0.132 0.053 1.038
Gyro: 0.900 -12.0100 -19.653
Accel: 0.148 0.059 1.025
Gyro: 3.784 -12.222 -17.257
Accel: 0.168 0.070 1.002
Gyro: 5.752 -13.397 -13.046
Accel: 0.168 0.088 0.999
Gyro: 5.844 -14.862 -7.690
Accel: 0.158 0.0100 1.026
Gyro: 5.966 -16.448 -2.273
Accel: 0.155 0.109 1.059
Gyro: 7.263 -17.364 2.487
Accel: 0.147 0.119 1.071
Gyro: 9.536 -17.639 6.057
Accel: 0.131 0.129 1.070
Gyro: 11.611 -17.166 7.278
Accel: 0.111 0.144 1.070
Gyro: 12.268 -15.304 6.439
Accel: 0.095 0.157 1.066
Gyro: 10.528 -12.145 3.601
Accel: 0.098 0.162 1.057
Gyro: 7.019 -8.316 0.228
Accel: 0.102 0.154 1.046
Gyro: 1.525 0.106 -3.631
Accel: 0.110 0.141 1.043
Gyro: -7.400 0.961 -5.828
Accel: 0.121 0.137 1.040
Gyro: -7.751 0.534 -6.500
Accel: 0.117 0.137 1.031
Gyro: -11.169 1.632 -7.522
Accel: 0.117 0.120 1.016
Gyro: -14.221 2.090 -8.926
Accel: 0.117 0.089 1.007
Gyro: -17.395 1.861 -10.696
Accel: 0.120 0.077 1.002
Gyro: -20.935 1.068 -12.176
Accel: 0.123 0.073 0.996
Gyro: -23.803 0.076 -12.878
Accel: 0.130 0.067 0.987
Gyro: -26.672 -1.586 -12.435
Accel: 0.133 0.053 0.984
Gyro: -28.106 -4.150 -11.123
Accel: 0.144 0.026 0.993
Gyro: -27.465 -8.773 -8.346
Accel: 0.165 0.0010 1.007
Gyro: -23.956 -14.404 -4.089
Accel: 0.164 0.0010 1.020
Gyro: -18.814 -19.134 0.442
Accel: 0.147 0.033 1.024
Gyro: -13.366 -21.194 5.233
Accel: 0.117 0.046 1.016
Gyro: -9.460 -20.660 8.529
Accel: 0.091 0.054 0.997
Gyro: -8.316 -17.349 9.643
Accel: 0.076 0.057 0.979
Gyro: -8.911 -12.725 8.483
Accel: 0.076 0.056 0.972
Gyro: -10.330 -8.819 5.523
Accel: 0.090 0.049 0.982
Gyro: -10.742 -6.332 1.876
Accel: 0.099 0.047 0.994
Gyro: -9.521 -4.776 0.991
Accel: 0.104 0.047 1.009
Gyro: -7.080 -4.699 -1.953
Accel: 0.107 0.052 1.004
Gyro: -4.394 -4.867 -1.556
Accel: 0.112 0.049 0.990
Gyro: -2.502 -4.806 0.320
Accel: 0.118 0.039 0.984
Gyro: -1.632 -4.913 1.464
Accel: 0.119 0.033 0.979
Gyro: -1.434 -5.615 3.448
Accel: 0.118 0.030 0.968
Gyro: -2.273 -6.866 5.081
Accel: 0.119 0.021 0.967
Gyro: -3.845 -7.736 6.698
Accel: 0.119 0.023 0.978
Gyro: -5.493 -8.575 8.712
Accel: 0.117 0.034 0.989
Gyro: -6.774 -8.636 10.604
Accel: 0.122 0.038 0.991
Gyro: -7.690 -7.995 12.771
Accel: 0.128 0.039 0.995
Gyro: -7.751 -7.369 15.121
Accel: 0.137 0.037 0.994
Gyro: -6.912 -7.629 17.303
Accel: 0.141 0.035 0.996
Gyro: -5.691 -8.804 18.814
Accel: 0.141 0.039 0.995
Gyro: -4.257 -10.040 19.287
Accel: 0.135 0.045 0.993
Gyro: -3.616 -10.711 18.829
Accel: 0.138 0.053 0.993
Gyro: -3.311 -10.757 18.096
Accel: 0.136 0.058 0.993
Gyro: -2.868 -10.772 16.876
Accel: 0.136 0.062 0.992
Gyro: -2.532 -11.016 15.258
Accel: 0.130 0.061 0.992
Gyro: -2.288 -11.123 13.397
Accel: 0.122 0.054 0.989
Gyro: -2.014 -15.625 11.215
Accel: 0.115 0.051 0.994
Gyro: -1.800 -12.481 8.850
Accel: 0.109 0.052 1.0010
Gyro: -1.419 -12.451 6.332
Accel: 0.0100 0.062 1.021
Gyro: -1.159 -11.703 4.028
Accel: 0.091 0.075 1.023
Gyro: -1.617 -9.765 2.822
Accel: 0.085 0.087 1.020
Gyro: -3.082 -7.431 2.441
Accel: 0.082 0.085 1.017
Gyro: -5.020 -5.783 2.761
Accel: 0.086 0.077 1.019
Gyro: -6.820 -5.050 3.356
Accel: 0.095 0.071 1.020
Gyro: -8.178 -5.416 4.180
Accel: 0.0100 0.0000 1.025
Gyro: -9.338 -6.072 5.065
Accel: 0.104 0.053 1.034
Gyro: -9.750 -6.820 5.966
Accel: 0.101 0.059 1.038
Gyro: -9.445 -7.125 7.110
Accel: 0.101 0.068 1.041
Gyro: -8.529 -7.034 8.026
Accel: 0.093 0.071 1.035
Gyro: -7.385 -6.515 8.270
Accel: 0.091 0.065 1.027
Gyro: -6.576 -5.676 7.446
Accel: 0.092 0.054 1.022
Gyro: -6.378 -4.943 6.195
Accel: 0.086 0.052 1.017
Gyro: -6.851 0.030 5.035
Accel: 0.077 0.057 1.018
Gyro: -8.270 -2.304 3.601
Accel: 0.078 0.060 1.026
Gyro: -9.582 0.488 2.243
Accel: 0.082 0.055 1.027
Gyro: -10.086 1.358 1.205
Accel: 0.092 0.055 1.019
Gyro: -9.918 3.295 0.778
Accel: 0.099 0.052 1.011
Gyro: -9.506 4.333 0.350
Accel: 0.105 0.039 1.005
Gyro: -8.346 4.364 0.381
Accel: 0.110 0.025 0.938
Gyro: -6.530 3.158 -1.022
Accel: 0.117 0.011 0.985
Gyro: 0.167 0.610 0.823
Accel: 0.115 0.007 0.974
Gyro: 0.991 -2.105 0.244
Accel: 0.109 0.007 0.959
Gyro: 0.808 -4.043 0.061
Accel: 0.101 0.006 0.950
Gyro: 1.602 -5.111 0.015
Accel: 0.094 0.0010 0.945
Gyro: 1.953 -5.340 0.030
Accel: 0.092 0.014 0.959
Gyro: 2.990 -5.462 0.274
Accel: 0.086 0.016 0.978
Gyro: 4.486 -5.386 0.808
Accel: 0.081 0.019 0.995
Gyro: 5.844 -5.249 1.693
Accel: 0.075 0.026 1.005
Gyro: 7.034 -5.050 2.853
Accel: 0.074 0.039 1.012
Gyro: 7.354 -4.287 4.211
Accel: 0.069 0.047 1.0010
Gyro: 6.149 -2.639 5.081
Accel: 0.068 0.051 1.006
Gyro: 4.318 -1.235 5.523
Accel: 0.073 0.045 1.002
Gyro: 2.166 0.183 6.393
Accel: 0.079 0.038 1.004
Gyro: 0.808 0.534 6.591
Accel: 0.092 0.028 1.004
Gyro: 0.091 0.335 6.423
Accel: 0.098 0.024 1.008
Gyro: 0.381 0.259 5.493
Accel: 0.102 0.024 1.002
Gyro: 0.976 -1.007 4.364
Accel: 0.101 0.025 0.996
Gyro: 1.785 0.961 2.990
Accel: 0.104 0.027 1.0000
Gyro: 2.304 0.961 1.983
Accel: 0.104 0.027 0.997
Gyro: 3.005 -1.190 1.434
Accel: 0.102 0.026 0.992
Gyro: 3.509 -1.800 0.976
Accel: 0.105 0.025 0.990
Gyro: 4.165 -3.021 0.900
Accel: 0.104 0.019 0.994
Gyro: 4.776 -4.211 1.159
Accel: 0.099 0.014 1.0001
Gyro: 5.462 -5.172 2.029
Accel: 0.090 0.016 1.012
Gyro: 6.484 -5.523 3.051
Accel: 0.080 0.028 1.025
Gyro: 7.293 -5.294 3.631
Accel: 0.073 0.047 1.026
Gyro: 6.057 -3.631 3.723
Accel: 0.069 0.054 1.011
Gyro: 4.470 -2.059 3.067
Accel: 0.079 0.050 1.009
Gyro: 3.601 -1.663 2.166
Accel: 0.091 0.044 1.011
Gyro: 3.402 -2.029 2.120
Accel: 0.093 0.040 1.006
Gyro: 3.784 -2.670 2.990
Accel: 0.094 0.038 1.0000
Gyro: 4.165 -3.570 4.531
Accel: 0.088 0.044 0.997
Gyro: 3.799 -3.753 5.386
Accel: 0.080 0.051 0.987
Gyro: 2.426 -3.097 5.142
Accel: 0.077 0.051 0.983
Gyro: 0.549 -2.182 4.180
Accel: 0.083 0.047 0.987
Gyro: -1.022 -2.365 3.067
Accel: 0.095 0.051 0.993
Gyro: -1.327 -2.990 2.120
Accel: 0.095 0.050 1.0001
Gyro: -1.556 -2.975 1.617
Accel: 0.087 0.051 1.007
Gyro: -1.220 -3.143 1.296
Accel: 0.087 0.049 1.009
Gyro: 0.976 -3.250 1.373
Accel: 0.085 0.048 1.005
Gyro: 0.823 -2.990 1.098
Accel: 0.083 0.052 1.003
Gyro: 0.854 -3.219 0.396
Accel: 0.082 0.055 1.004
Gyro: -1.281 -3.601 0.411
Accel: 0.080 0.057 0.996
Gyro: -2.349 -3.540 -1.037
Accel: 0.078 0.056 0.993
Gyro: -3.646 -3.601 -1.327
Accel: 0.088 0.044 0.995
Gyro: -4.119 -4.791 -1.144
Accel: 0.092 0.034 1.0001
Gyro: -4.333 -5.889 0.457
Accel: 0.089 0.032 1.002
Gyro: -4.745 -6.698 0.259
Accel: 0.081 0.032 1.007
Gyro: -4.760 -7.263 0.732
Accel: 0.081 0.037 1.012
Gyro: -4.287 -7.278 1.251
Accel: 0.078 0.046 1.009
Gyro: -3.524 -6.866 1.480
Accel: 0.071 0.054 1.006
Gyro: -3.189 -5.615 1.449
Accel: 0.066 0.054 1.006
Gyro: -3.219 -3.814 1.510
Accel: 0.061 0.045 1.007
Gyro: -3.524 -2.182 1.602
Accel: 0.061 0.037 1.008
Gyro: -3.173 -1.647 1.495
Accel: 0.067 0.026 1.014
Gyro: -2.441 -1.800 1.602
Accel: 0.068 0.019 1.022
Gyro: -1.922 -2.746 1.800
Accel: 0.064 0.020 1.025
Gyro: -1.571 -3.555 2.395
Accel: 0.056 0.030 1.023
Gyro: -1.480 -3.540 2.548
Accel: 0.054 0.032 1.027
Gyro: -1.129 -3.067 1.998
Accel: 0.052 0.036 1.022
Gyro: 0.625 -2.822 0.579
Accel: 0.045 0.036 1.007
Gyro: 0.991 -2.105 -1.235
Accel: 0.043 0.033 0.997
Gyro: -2.380 -1.113 -3.051
Accel: 0.052 0.023 0.994
Gyro: -2.914 -1.098 -3.860
Accel: 0.068 0.019 0.993
Gyro: -2.471 -1.739 -3.707
Accel: 0.078 0.019 0.997
Gyro: 0.991 -2.426 -3.417
Accel: 0.079 0.026 1.002
Gyro: 0.427 -2.380 -3.555
Accel: 0.072 0.032 1.005
Gyro: 1.846 -1.342 -4.379
Accel: 0.062 0.037 1.0010
Gyro: 2.685 0.061 -5.630
Accel: 0.060 0.033 1.012
Gyro: 3.509 0.930 -6.134
Accel: 0.061 0.023 1.014
Gyro: 4.669 1.373 -5.462
Accel: 0.068 0.018 1.015
Gyro: 5.905 1.037 0.076
Accel: 0.068 0.020 1.009
Gyro: 7.095 0.442 -2.548
Accel: 0.067 0.031 1.008
Gyro: 8.239 0.091 -1.724
Accel: 0.071 0.040 1.006
Gyro: 9.811 0.198 -1.266
Accel: 0.065 0.047 1.0010
Gyro: 10.589 0.839 -1.480
Accel: 0.060 0.050 1.0010
Gyro: 11.138 2.090 -2.700
Accel: 0.059 0.044 0.996
Gyro: 11.0001 3.173 -3.280
Accel: 0.069 0.044 0.982
Gyro: 10.467 3.158 -2.792
Accel: 0.056 0.045 1.077
Gyro: 2.975 8.239 0.106
Accel: 0.073 0.0000 0.970
Gyro: 1.113 3.890 3.036
Accel: 0.0100 0.053 0.992
Gyro: 1.724 0.076 3.707
Accel: 0.122 0.043 0.979
Gyro: 1.403 -2.059 4.043
Accel: 0.138 0.028 1.030
Gyro: 2.670 -5.233 5.432
Accel: 0.098 0.029 1.026
Gyro: 2.761 -8.087 6.469
Accel: 0.069 0.052 1.007
Gyro: 1.846 -9.735 5.493
Accel: 0.058 0.067 1.013
Gyro: 0.488 -9.353 2.410
Accel: 0.058 0.060 1.018
Gyro: 0.228 -4.058 0.534
Accel: 0.063 0.052 1.0010
Gyro: 3.799 -5.630 -2.227
Accel: 0.059 0.034 1.0000
Gyro: 1.007 -3.417 -2.929
Accel: 0.059 0.026 1.0000
Gyro: 2.624 -1.327 -3.555
Accel: 0.060 0.028 0.998
Gyro: 4.226 1.373 -4.806
Accel: 0.058 0.039 1.007
Gyro: 6.072 4.196 -6.210
Accel: 0.059 0.047 1.024
Gyro: 7.781 6.484 -6.881
Accel: 0.067 0.063 1.012
Gyro: 8.758 8.056 -6.149
Accel: 0.081 0.083 0.996
Gyro: 8.544 8.819 -4.364
Accel: 0.084 0.083 0.992
Gyro: 7.675 8.163 -2.273
Accel: 0.080 0.073 0.989
Gyro: 6.057 6.469 0.778
Accel: 0.083 0.067 0.980
Gyro: 0.091 4.287 0.091
Accel: 0.083 0.059 0.978
Gyro: 1.419 2.090 0.152
Accel: 0.081 0.058 0.976
Gyro: -1.373 0.091 0.045
Accel: 0.085 0.059 0.980
Gyro: -4.028 -2.197 0.381
Accel: 0.088 0.054 0.987
Gyro: -5.935 -4.287 1.205
Accel: 0.085 0.057 0.989
Gyro: -7.202 -6.210 1.861
Accel: 0.080 0.124 0.993
Gyro: -8.346 -7.888 2.227
Accel: 0.073 0.063 0.997
Gyro: -9.613 -9.567 2.349
Accel: 0.069 0.061 1.0000
Gyro: -10.787 -10.726 2.441
Accel: 0.065 0.058 1.004
Gyro: -11.642 -11.734 2.548
Accel: 0.062 0.055 1.0010
Gyro: -11.825 -11.688 2.670
Accel: 0.056 0.051 1.0010
Gyro: -11.123 -11.199 2.777
Accel: 0.051 0.047 1.005
Gyro: -10.421 -10.284 2.746
Accel: 0.047 0.042 1.006
Gyro: -9.445 -9.338 2.227
Accel: 0.042 0.033 1.0010
Gyro: -8.239 -8.239 1.678
Accel: 0.041 0.034 1.016
Gyro: -6.866 -6.484 1.007
Accel: 0.040 0.031 1.022
Gyro: -5.386 -4.714 0.732
Accel: 0.042 0.028 1.033
Gyro: -3.433 -3.204 0.991
Accel: 0.039 0.030 1.035
Gyro: -1.098 -1.296 1.037
Accel: 0.035 0.039 1.040
Gyro: 1.235 0.823 0.701
Accel: 0.040 0.043 1.039
Gyro: 3.173 3.219 0.457
Accel: 0.040 0.047 1.031
Gyro: 4.684 5.081 0.198
Accel: 0.046 0.043 1.017
Gyro: 5.462 6.393 0.0000
Accel: 0.056 0.034 1.012
Gyro: 5.798 6.195 0.0000
Accel: 0.067 0.028 1.007
Gyro: 5.355 5.035 0.198
Accel: 0.067 0.030 1.0000
Gyro: 4.547 3.814 0.183
Accel: 0.063 0.035 0.998
Gyro: 3.463 2.578 0.106
Accel: 0.068 0.035 0.997
Gyro: 1.937 1.174 0.259
Accel: 0.067 0.038 0.996
Gyro: 0.503 0.076 0.396
Accel: 0.067 0.045 0.995
Gyro: -1.068 0.885 0.656
Accel: 0.064 0.041 0.998
Gyro: -2.319 -1.785 -1.205
Accel: 0.066 0.037 0.938
Gyro: -3.372 -2.746 -1.159
Accel: 0.065 0.038 0.999
Gyro: -3.936 -3.311 -1.144
Accel: 0.065 0.036 0.998
Gyro: -4.333 -3.570 0.991
Accel: 0.070 0.034 1.0000
Gyro: -4.501 -3.875 0.473
Accel: 0.070 0.035 1.002
Gyro: -4.669 -4.394 0.137
Accel: 0.074 0.035 1.003
Gyro: -4.577 -4.364 0.350
Accel: 0.072 0.038 1.0001
Gyro: -4.669 -4.119 0.656
Accel: 0.064 0.037 0.996
Gyro: -4.882 -3.723 0.518
Accel: 0.057 0.033 0.993
Gyro: -5.569 -3.250 0.289
Accel: 0.054 0.026 0.990
Gyro: -6.301 -2.914 0.0000
Accel: 0.049 0.018 0.989
Gyro: -7.019 -3.082 0.274
Accel: 0.052 0.017 0.992
Gyro: -7.019 -3.372 0.396
Accel: 0.053 0.019 1.002
Gyro: -6.423 -4.013 0.442
Accel: 0.055 0.019 1.007
Gyro: -5.554 -4.394 0.167
Accel: 0.054 0.021 1.011
Gyro: -4.623 -4.852 0.289
Accel: 0.056 0.021 1.015
Gyro: -3.463 -5.371 0.747
Accel: 0.054 0.025 1.0010
Gyro: -2.655 -5.401 1.022
Accel: 0.047 0.031 1.005
Gyro: -2.212 -5.020 1.129
Accel: 0.043 0.031 1.0000
Gyro: -2.120 -4.287 1.434
Accel: 0.037 0.026 0.995
Gyro: -2.288 -3.692 1.434
Accel: 0.032 0.022 0.992
Gyro: -2.899 -2.853 1.251
Accel: 0.034 0.018 0.988
Gyro: -3.295 -2.273 0.701
Accel: 0.040 0.019 0.996
Gyro: -3.189 -1.678 0.152
Accel: 0.040 0.020 1.0000
Gyro: -2.761 -1.129 0.030
Accel: 0.039 0.021 0.999
Gyro: -2.548 0.549 0.183
Accel: 0.040 0.020 1.0001
Gyro: -2.395 0.518 0.381
Accel: 0.044 0.017 0.995
Gyro: -2.471 0.671 0.503
Accel: 0.049 0.015 0.991
Gyro: -2.380 -1.693 0.457
Accel: 0.051 0.013 0.993
Gyro: -2.761 -3.219 0.228
Accel: 0.052 0.014 0.996
Gyro: -3.265 -4.699 0.122
Accel: 0.050 0.017 1.004
Gyro: -3.616 -5.996 0.259
Accel: 0.045 0.021 1.011
Gyro: -3.768 -6.744 0.259
Accel: 0.043 0.025 1.012
Gyro: -3.707 -6.500 0.244
Accel: 0.041 0.025 1.009
Gyro: -3.662 -5.645 0.137
Accel: 0.038 0.017 1.0010
Gyro: -3.341 -3.875 0.015
Accel: 0.042 0.013 1.0010
Gyro: -2.578 -2.243 0.091
Accel: 0.045 0.007 1.011
Gyro: -1.342 -1.129 0.030
Accel: 0.050 0.003 1.020
Gyro: 0.137 0.442 0.457
Accel: 0.052 0.005 1.027
Gyro: 0.869 0.061 1.098
Accel: 0.051 0.011 1.026
Gyro: 1.861 0.152 1.495
Accel: 0.049 0.014 1.024
Gyro: 2.365 0.396 1.602
Accel: 0.049 0.017 1.022
Gyro: 2.090 0.732 1.632
Accel: 0.049 0.019 1.014
Gyro: 1.708 0.915 1.617
Accel: 0.052 0.017 1.0010
Gyro: 1.235 1.144 1.327
Accel: 0.058 0.012 1.012
Gyro: 1.159 1.159 1.296
Accel: 0.059 0.011 1.012
Gyro: 1.373 0.823 1.068
Accel: 0.055 0.011 1.013
Gyro: 1.647 0.503 0.579
Accel: 0.052 0.006 1.015
Gyro: 1.724 0.457 0.457
Accel: 0.047 0.011 1.019
Gyro: 1.724 0.839 0.091
Accel: 0.045 0.017 1.018
Gyro: 1.434 1.098 0.411
Accel: 0.042 0.021 1.011
Gyro: 0.976 1.312 0.717
Accel: 0.039 0.019 1.007
Gyro: 0.534 1.296 0.869
Accel: 0.043 0.021 1.003
Gyro: 0.198 0.885 0.930
Accel: 0.043 0.013 1.013
Gyro: 5.645 -2.136 0.091
Accel: 0.039 0.014 1.0010
Gyro: 5.737 -2.227 0.167
Accel: 0.041 0.013 1.007
Gyro: 5.874 -2.548 0.228
Accel: 0.041 0.011 1.003
Gyro: 5.767 -3.219 0.091
Accel: 0.045 0.013 1.0000
Gyro: 5.035 -3.585 0.030
Accel: 0.043 0.021 0.999
Gyro: 4.196 -3.982 0.183
Accel: 0.045 0.024 0.998
Gyro: 3.173 -4.638 0.595
Accel: 0.046 0.026 0.997
Gyro: 1.846 -5.447 1.403
