Accel: 0.009 0.076 0.994
Gyro: -1.174 1.495 -1.770
Accel: 0.0010 0.072 0.998
Gyro: 0.442 1.220 -2.044
Accel: 0.007 0.071 1.0000
Gyro: 0.320 1.144 -2.334
Accel: 0.006 0.076 1.0001
Gyro: 0.900 0.762 -2.456
Accel: 0.006 0.081 1.002
Gyro: 1.586 0.518 -2.212
Accel: 0.008 0.078 1.008
Gyro: 2.029 0.320 -1.586
Accel: 0.011 0.075 1.007
Gyro: 2.075 0.259 0.640
Accel: 0.009 0.073 1.007
Gyro: 1.495 0.106 0.366
Accel: 0.008 0.075 1.004
Gyro: 1.037 0.534 1.220
Accel: 0.005 0.073 1.005
Gyro: -3.906 0.656 1.815
Accel: 0.002 0.070 1.004
Gyro: -1.358 0.991 2.197
Accel: 0.0001 0.072 1.002
Gyro: -3.448 -1.342 2.258
Accel: 0.009 0.079 1.005
Gyro: -4.943 0.991 2.120
Accel: 0.0010 0.083 1.016
Gyro: -5.294 0.381 2.044
Accel: 0.009 0.080 1.024
Gyro: -5.676 0.320 1.724
Accel: 0.0010 0.082 1.027
Gyro: -6.072 0.503 1.419
Accel: 0.016 0.085 1.027
Gyro: -6.072 0.625 0.808
Accel: 0.017 0.090 1.028
Gyro: -5.859 0.991 0.183
Accel: 0.024 0.093 1.032
Gyro: -4.501 -1.052 0.366
Accel: 0.024 0.088 1.041
Gyro: -1.190 0.778 0.442
Accel: 0.018 0.086 1.049
Gyro: 2.914 0.442 0.381
Accel: 0.011 0.088 1.046
Gyro: 6.835 0.137 0.305
Accel: 0.007 0.092 1.038
Gyro: 10.177 0.305 0.671
Accel: 0.0001 0.091 1.026
Gyro: 12.588 0.305 0.946
Accel: 0.0000 0.086 1.013
Gyro: 14.114 3.890 -1.037
Accel: 0.0000 0.078 0.997
Gyro: 14.648 0.137 -1.144
Accel: 0.0001 0.077 0.981
Gyro: 14.236 0.030 -1.358
Accel: 0.003 0.076 0.967
Gyro: 12.695 0.015 -1.617
Accel: 0.005 0.073 0.961
Gyro: 10.437 0.274 -1.358
Accel: 0.007 0.066 0.960
Gyro: 8.132 0.656 0.732
Accel: 0.005 0.060 0.961
Gyro: 5.340 0.885 3.845
Accel: 0.0000 0.059 0.961
Gyro: 2.548 1.251 0.671
Accel: 0.004 0.060 0.959
Gyro: 0.976 1.632 0.869
Accel: 0.0010 0.056 0.968
Gyro: -3.311 1.968 1.022
Accel: 0.012 0.050 0.982
Gyro: -4.669 2.319 1.190
Accel: 0.008 0.043 0.995
Gyro: -5.142 2.853 1.037
Accel: 0.002 0.044 1.003
Gyro: -5.371 3.417 0.793
Accel: 0.0000 0.046 1.0010
Gyro: -5.569 3.570 0.747
Accel: 0.005 0.049 1.014
Gyro: -6.011 3.021 1.037
Accel: 0.012 0.049 1.020
Gyro: -7.507 1.937 1.129
Accel: 0.013 0.043 1.032
Gyro: -9.521 0.045 1.068
Accel: 0.009 0.040 1.046
Gyro: -12.207 -2.258 1.098
Accel: 0.013 0.046 1.068
Gyro: -14.984 -5.218 1.052
Accel: 0.025 0.049 1.099
Gyro: -17.288 -8.575 0.366
Accel: 0.034 0.051 1.130
Gyro: -19.058 -11.230 0.640
Accel: 0.033 0.058 1.159
Gyro: -20.202 -13.229 -1.525
Accel: 0.023 0.072 1.183
Gyro: -19.989 -15.899 -1.663
Accel: 0.008 0.084 1.209
Gyro: -18.692 -19.821 0.350
Accel: 0.062 0.095 1.232
Gyro: -16.204 -24.551 1.678
Accel: 0.006 0.110 1.254
Gyro: -12.573 -29.647 3.723
Accel: 0.022 0.121 1.272
Gyro: -7.415 -34.866 4.791
Accel: 0.037 0.120 1.287
Gyro: -1.678 -41.305 5.004
Accel: 0.044 0.116 1.302
Gyro: 4.364 -49.865 4.547
Accel: 0.059 0.119 1.307
Gyro: 11.169 -62.149 3.662
Accel: 0.077 0.122 1.306
Gyro: 19.393 -67.993 2.334
Accel: 0.094 0.117 1.300
Gyro: 30.792 -79.132 0.778
Accel: 0.116 0.118 1.280
Gyro: 38.650 -90.377 0.900
Accel: 0.132 0.117 1.251
Gyro: 41.687 -100.845 -2.746
Accel: 0.140 0.111 1.216
Gyro: 47.210 -110.260 -4.486
Accel: 0.145 0.105 1.177
Gyro: 50.842 -118.865 -5.538
Accel: 0.156 0.099 1.143
Gyro: 52.108 -125.213 -5.813
Accel: 0.175 0.094 1.110
Gyro: 52.215 -130.096 -5.187
Accel: 0.202 0.0100 1.082
Gyro: 50.247 -134.506 -3.845
Accel: 0.227 0.105 1.058
Gyro: 43.121 -138.381 -2.105
Accel: 0.247 0.111 1.042
Gyro: 39.276 -141.952 0.686
Accel: 0.269 0.107 1.031
Gyro: 35.202 -146.865 0.366
Accel: 0.286 0.097 1.019
Gyro: 36.666 -150.772 1.556
Accel: 0.296 0.075 1.009
Gyro: 36.514 -152.069 3.356
Accel: 0.303 0.050 0.991
Gyro: 37.750 -151.321 5.218
Accel: 0.327 0.024 0.972
Gyro: 38.787 -149.230 11.703
Accel: 0.354 0.0000 0.946
Gyro: 38.986 -146.377 10.543
Accel: 0.377 0.018 0.917
Gyro: 37.460 -143.417 13.183
Accel: 0.402 0.027 0.893
Gyro: 33.172 -143.066 14.892
Accel: 0.427 0.046 0.876
Gyro: 23.849 -144.180 15.441
Accel: 0.456 0.124 0.864
Gyro: 22.583 -144.058 14.877
Accel: 0.479 0.082 0.866
Gyro: 18.981 -142.944 13.916
Accel: 0.503 0.096 0.861
Gyro: 16.372 -140.197 12.634
Accel: 0.529 0.101 0.861
Gyro: 15.533 -137.725 12.283
Accel: 0.556 0.102 0.851
Gyro: 16.845 -135.894 11.535
Accel: 0.582 0.112 0.852
Gyro: 18.753 -136.215 11.123
Accel: 0.597 0.128 0.848
Gyro: 21.682 -137.237 12.252
Accel: 0.614 0.102 0.833
Gyro: 25.268 -138.671 13.153
Accel: 0.636 0.076 0.810
Gyro: 30.151 -140.457 13.519
Accel: 0.659 0.055 0.793
Gyro: 36.071 -141.998 13.504
Accel: 0.683 0.032 0.777
Gyro: 40.405 -142.837 13.122
Accel: 0.690 0.007 0.768
Gyro: 42.327 -140.579 7.919
Accel: 0.701 0.013 0.771
Gyro: 41.137 -135.848 9.506
Accel: 0.708 0.028 0.768
Gyro: 38.131 -125.640 6.759
Accel: 0.720 0.030 0.757
Gyro: 34.439 -122.619 4.226
Accel: 0.722 0.035 0.736
Gyro: 31.631 -117.095 1.922
Accel: 0.722 0.041 0.703
Gyro: 29.830 -114.151 0.244
Accel: 0.726 0.032 0.672
Gyro: 29.632 -115.173 1.327
Accel: 0.741 0.036 0.641
Gyro: 30.456 -118.591 3.921
Accel: 0.758 0.042 0.616
Gyro: 31.921 -122.238 5.859
Accel: 0.770 0.040 0.590
Gyro: 33.920 -123.291 8.285
Accel: 0.776 0.019 0.565
Gyro: 36.117 -121.765 12.084
Accel: 0.785 0.005 0.540
Gyro: 37.445 -117.950 16.464
Accel: 0.800 0.028 0.514
Gyro: 36.529 -113.204 21.621
Accel: 0.816 0.052 0.511
Gyro: 33.981 -107.833 27.496
Accel: 0.847 0.058 0.499
Gyro: 32.135 -100.646 32.135
Accel: 0.872 0.047 0.494
Gyro: 32.165 -92.559 34.011
Accel: 0.868 0.051 0.482
Gyro: 32.516 -84.823 34.454
Accel: 0.854 0.064 0.469
Gyro: 32.714 -79.452 31.265
Accel: 0.852 0.081 0.453
Gyro: 33.157 -70.358 34.912
Accel: 0.856 0.104 0.445
Gyro: 34.011 -69.015 34.149
Accel: 0.864 0.127 0.434
Gyro: 35.064 -64.193 32.394
Accel: 0.862 0.139 0.421
Gyro: 35.644 -60.241 28.869
Accel: 0.855 0.162 0.415
Gyro: 35.049 -57.144 25.329
Accel: 0.850 0.166 0.415
Gyro: 33.935 -55.557 20.156
Accel: 0.861 0.141 0.414
Gyro: 35.415 -53.024 13.076
Accel: 0.861 0.146 0.409
Gyro: 40.863 -49.224 3.875
Accel: 0.847 0.180 0.398
Gyro: 47.012 -45.181 -3.936
Accel: 0.836 0.185 0.366
Gyro: 52.078 -40.359 -10.070
Accel: 0.830 0.182 0.322
Gyro: 53.909 -39.199 -15.594
Accel: 0.830 0.155 0.285
Gyro: 50.506 -38.269 -20.660
Accel: 0.853 0.132 0.246
Gyro: 43.609 -37.200 -25.161
Accel: 0.878 0.138 0.220
Gyro: 35.690 -34.271 -29.190
Accel: 0.894 0.150 0.198
Gyro: 28.030 -31.631 -32.089
Accel: 0.903 0.143 0.184
Gyro: 21.224 -29.586 -38.940
Accel: 0.885 0.154 0.177
Gyro: 15.304 -28.320 -36.315
Accel: 0.869 0.152 0.166
Gyro: 11.154 -28.854 -36.636
Accel: 0.848 0.161 0.157
Gyro: 7.049 -31.997 -36.987
Accel: 0.836 0.159 0.158
Gyro: 2.502 -35.278 -36.392
Accel: 0.825 0.148 0.155
Gyro: -2.593 -36.193 -34.240
Accel: 0.819 0.120 0.156
Gyro: -7.690 -36.575 -31.280
Accel: 0.811 0.094 0.161
Gyro: -12.863 -36.300 -23.834
Accel: 0.800 0.080 0.166
Gyro: -18.142 -35.705 -22.445
Accel: 0.794 0.070 0.178
Gyro: -23.681 -33.981 -17.074
Accel: 0.795 0.078 0.189
Gyro: -28.076 -30.578 -12.466
Accel: 0.954 0.027 0.294
Gyro: 1.190 -2.227 0.717
Accel: 0.951 0.025 0.292
Gyro: 1.190 -1.800 0.549
Accel: 0.954 0.022 0.291
Gyro: 1.205 -1.541 0.305
Accel: 0.958 0.021 0.290
Gyro: 1.541 0.991 0.320
Accel: 0.958 0.021 0.289
Gyro: 2.059 0.259 0.381
Accel: 0.957 0.021 0.287
Gyro: 2.426 0.579 0.503
Accel: 0.952 0.023 0.285
Gyro: 2.670 1.174 0.701
Accel: 0.950 0.025 0.283
Gyro: 2.700 1.556 0.793
Accel: 0.952 0.023 0.279
Gyro: 2.029 1.739 0.732
Accel: 0.953 0.023 0.279
Gyro: 1.312 1.770 0.778
Accel: 0.960 0.022 0.276
Gyro: 0.625 1.785 0.900
Accel: 0.961 0.022 0.277
Gyro: 0.106 1.708 0.900
Accel: 0.962 0.022 0.278
Gyro: 0.976 1.693 0.930
Accel: 0.959 0.021 0.279
Gyro: -1.754 1.617 0.915
Accel: 0.956 0.022 0.281
Gyro: -2.426 1.861 0.885
Accel: 0.952 0.022 0.284
Gyro: -2.838 2.182 0.869
Accel: 0.949 0.023 0.286
Gyro: -2.960 2.227 1.052
Accel: 0.946 0.021 0.288
Gyro: -2.944 2.105 1.449
Accel: 0.945 0.018 0.291
Gyro: -2.868 1.358 2.075
Accel: 0.945 0.016 0.292
Gyro: -2.578 0.640 2.700
Accel: 0.945 0.014 0.293
Gyro: -2.105 0.305 3.295
Accel: 0.947 0.015 0.293
Gyro: -1.937 -1.068 3.585
Accel: 0.951 0.014 0.294
Gyro: -1.907 -1.449 3.692
Accel: 0.955 0.015 0.295
Gyro: -2.136 -1.815 3.555
Accel: 0.954 0.017 0.296
Gyro: -2.334 -2.059 3.326
Accel: 0.951 0.017 0.295
Gyro: -2.517 -2.593 3.112
Accel: 0.952 0.015 0.299
Gyro: -2.532 -2.944 2.929
Accel: 0.953 0.013 0.298
Gyro: -2.487 -2.822 2.670
Accel: 0.954 0.014 0.297
Gyro: -2.609 -2.685 2.471
Accel: 0.957 0.014 0.298
Gyro: -2.670 -2.578 2.319
Accel: 0.956 0.012 0.298
Gyro: -2.578 -2.593 2.227
Accel: 0.958 0.011 0.298
Gyro: -2.349 -2.441 2.136
Accel: 0.958 0.013 0.297
Gyro: -1.998 -2.456 1.876
Accel: 0.959 0.014 0.297
Gyro: -1.708 -2.700 1.785
Accel: 0.958 0.013 0.298
Gyro: -1.342 -2.532 1.937
Accel: 0.964 0.012 0.299
Gyro: -1.281 -2.120 1.983
Accel: 0.969 0.011 0.297
Gyro: -1.190 -1.480 1.907
Accel: 0.972 0.012 0.296
Gyro: -1.388 0.518 1.892
Accel: 0.974 0.009 0.299
Gyro: -1.449 0.442 1.922
Accel: 0.976 0.008 0.299
Gyro: -1.724 1.098 1.693
Accel: 0.976 0.0010 0.299
Gyro: -1.647 1.388 1.541
Accel: 0.972 0.008 0.301
Gyro: -1.647 1.754 1.632
Accel: 0.969 0.002 0.302
Gyro: -1.434 1.602 1.586
Accel: 0.969 0.0000 0.302
Gyro: -1.129 1.464 1.724
Accel: 0.973 0.0000 0.301
Gyro: 0.640 1.113 1.815
Accel: 0.973 0.0000 0.299
Gyro: 0.183 0.808 1.831
Accel: 0.971 0.0000 0.299
Gyro: 0.167 0.625 1.815
Accel: 0.968 0.002 0.296
Gyro: 0.167 0.396 1.556
Accel: 0.965 0.002 0.294
Gyro: 0.274 0.350 1.312
Accel: 0.961 0.0000 0.294
Gyro: 0.396 0.045 1.251
Accel: 0.959 0.061 0.295
Gyro: 0.595 0.701 0.961
Accel: 0.960 0.0001 0.294
Gyro: 0.640 -1.632 0.808
Accel: 0.959 0.0000 0.292
Gyro: 0.518 -2.227 0.839
Accel: 0.961 0.002 0.293
Gyro: 0.213 -2.578 0.747
Accel: 0.956 0.004 0.293
Gyro: 0.183 -2.792 0.701
Accel: 0.950 0.009 0.291
Gyro: 0.625 -2.761 0.930
Accel: 0.950 0.009 0.290
Gyro: 1.083 -2.456 0.991
Accel: 0.950 0.008 0.287
Gyro: 1.678 -1.586 1.159
Accel: 0.951 0.014 0.284
Gyro: 1.907 0.610 1.159
Accel: 0.951 0.013 0.282
Gyro: 1.831 0.015 1.373
Accel: 0.952 0.013 0.280
Gyro: 1.693 0.305 1.602
Accel: 0.951 0.011 0.277
Gyro: 1.617 0.289 1.922
Accel: 0.949 0.012 0.275
Gyro: 1.678 0.091 2.288
Accel: 0.948 0.014 0.272
Gyro: 1.541 0.137 2.395
Accel: 0.947 0.011 0.271
Gyro: 1.068 0.091 2.395
Accel: 0.950 0.0010 0.267
Gyro: 0.076 0.595 2.166
Accel: 0.953 0.012 0.269
Gyro: 0.946 -1.068 2.090
Accel: 0.953 0.012 0.269
Gyro: -2.014 -1.007 2.075
Accel: 0.947 0.0010 0.271
Gyro: -2.960 0.946 2.136
Accel: 0.947 0.007 0.272
Gyro: -3.799 0.930 2.273
Accel: 0.947 0.005 0.276
Gyro: -4.440 0.839 2.487
Accel: 0.947 0.0000 0.278
Gyro: -5.157 0.900 2.593
Accel: 0.948 0.062 0.278
Gyro: -5.844 0.961 2.731
Accel: 0.947 0.002 0.280
Gyro: -6.408 -1.068 2.899
Accel: 0.946 0.0000 0.281
Gyro: -6.546 -1.541 3.005
Accel: 0.942 0.0001 0.283
Gyro: -6.576 -1.861 3.128
Accel: 0.939 0.0001 0.284
Gyro: -6.240 -2.212 3.417
Accel: 0.939 0.002 0.284
Gyro: -5.905 -2.624 3.631
Accel: 0.945 0.003 0.285
Gyro: -5.889 -2.838 3.768
Accel: 0.949 0.0001 0.285
Gyro: -5.767 -2.182 3.890
Accel: 0.950 0.003 0.285
Gyro: -5.554 -1.419 4.104
Accel: 0.951 0.006 0.286
Gyro: -5.447 -1.037 4.318
Accel: 0.952 0.003 0.285
Gyro: -5.447 0.656 4.302
Accel: 0.951 0.0001 0.283
Gyro: -5.523 0.228 4.028
Accel: 0.950 0.004 0.284
Gyro: -5.096 0.274 3.952
Accel: 0.943 0.005 0.287
Gyro: -4.959 0.579 4.165
Accel: 0.944 0.013 0.283
Gyro: -4.837 -1.022 3.921
Accel: 0.947 0.014 0.283
Gyro: -4.989 -1.235 3.799
Accel: 0.950 0.013 0.283
Gyro: -5.584 -1.052 3.524
Accel: 0.953 0.014 0.281
Gyro: -5.981 0.686 3.356
Accel: 0.954 0.016 0.280
Gyro: -6.362 0.518 3.356
Accel: 0.952 0.019 0.279
Gyro: -6.546 0.610 3.509
Accel: 0.952 0.022 0.278
Gyro: -6.683 0.793 3.585
Accel: 0.948 0.027 0.280
Gyro: -7.369 -1.541 3.921
Accel: 0.948 0.033 0.272
Gyro: -7.888 -1.937 4.226
Accel: 0.940 0.038 0.279
Gyro: -7.751 -2.151 3.936
Accel: 0.926 0.028 0.278
Gyro: -7.965 -1.861 4.180
Accel: 0.924 0.018 0.278
Gyro: -7.965 -1.235 5.035
Accel: 0.929 0.013 0.280
Gyro: -7.400 0.183 5.538
Accel: 0.930 0.008 0.281
Gyro: -6.576 1.632 5.722
Accel: 0.927 0.004 0.272
Gyro: -5.310 3.295 6.042
Accel: 0.930 0.0000 0.264
Gyro: -3.112 3.173 6.561
Accel: 0.925 0.015 0.258
Gyro: -1.098 2.502 7.278
Accel: 0.914 0.012 0.252
Gyro: 0.640 2.746 7.614
Accel: 0.898 0.009 0.246
Gyro: 1.327 2.716 7.537
Accel: 0.879 0.005 0.236
Gyro: 1.388 3.509 7.369
Accel: 0.857 0.0000 0.225
Gyro: 1.388 5.111 6.774
Accel: 0.835 0.003 0.217
Gyro: 0.259 5.889 6.286
Accel: 0.806 0.061 0.203
Gyro: -2.655 5.325 6.118
Accel: 0.779 0.0010 0.200
Gyro: -5.630 3.540 6.393
Accel: 0.811 0.008 0.191
Gyro: -7.064 0.259 9.384
Accel: 0.686 0.006 0.177
Gyro: -9.780 -2.166 7.614
Accel: 0.660 0.004 0.168
Gyro: -14.495 -3.982 6.103
Accel: 0.621 0.030 0.145
Gyro: -20.996 -7.797 0.244
Accel: 0.553 0.058 0.141
Gyro: -29.113 -11.215 -3.875
Accel: 0.472 0.058 0.104
Gyro: -37.368 -14.282 -3.723
Accel: 0.352 0.078 0.066
Gyro: -42.434 -15.304 -4.089
Accel: 0.185 0.061 0.036
Gyro: -44.479 -15.487 -4.745
Accel: 0.062 0.032 0.032
Gyro: -41.244 -18.142 0.961
Accel: 0.007 0.042 0.004
Gyro: -39.489 -15.396 0.198
Accel: 0.007 0.020 0.039
Gyro: -39.825 -9.094 -1.052
Accel: 0.006 0.0000 0.0010
Gyro: -40.191 -2.502 -7.781
Accel: 0.011 0.0001 0.020
Gyro: -40.893 3.005 -6.484
Accel: 0.002 0.003 0.023
Gyro: -41.595 8.926 -8.529
Accel: 0.007 0.0001 0.021
Gyro: -42.053 14.648 -10.299
Accel: 0.005 0.002 0.031
Gyro: -42.648 20.156 -11.779
Accel: 0.005 0.0000 0.026
Gyro: -43.258 25.573 -13.015
Accel: 0.006 0.0000 0.030
Gyro: -43.655 30.838 -13.992
Accel: 0.003 0.0000 0.030
Gyro: -44.036 35.934 -14.633
Accel: 0.007 0.0000 0.028
Gyro: -44.174 40.847 -15.121
Accel: 0.005 0.002 0.035
Gyro: -44.006 45.364 -15.426
Accel: 0.009 0.003 0.036
Gyro: -44.296 49.713 -15.716
Accel: 0.374 0.268 0.074
Gyro: -57.785 83.969 39.062
Accel: 4.972 0.372 2.902
Gyro: -108.337 263.183 137.588
Accel: 6.747 0.883 1.762
Gyro: -38.894 312.667 -67.276
Accel: 3.656 -2.308 1.232
Gyro: 96.954 382.247 -215.148
Accel: 1.090 -1.440 0.066
Gyro: 129.119 398.254 -171.432
Accel: 0.932 0.746 0.058
Gyro: 94.390 427.032 -116.912
Accel: 1.163 0.088 0.064
Gyro: 26.870 477.813 -92.681
Accel: 0.651 0.177 0.034
Gyro: 3.097 499.984 -86.776
Accel: 0.537 0.166 0.030
Gyro: 3.433 499.984 -83.450
Accel: 0.604 0.201 0.055
Gyro: 1.922 499.984 -83.282
Accel: 0.755 0.273 0.248
Gyro: -51.239 499.984 -87.356
Accel: 0.394 0.657 1.368
Gyro: -114.044 499.984 -102.600
Accel: 0.241 0.252 4.093
Gyro: -85.464 499.984 -101.318
Accel: 0.448 0.544 1.862
Gyro: -29.251 499.984 -96.374
Accel: 0.272 0.018 1.293
Gyro: -19.271 499.984 -100.036
Accel: 0.148 0.293 1.449
Gyro: -9.597 499.984 -106.857
Accel: -1.546 0.782 2.393
Gyro: -78.567 499.984 -110.794
Accel: 0.600 0.689 1.285
Gyro: -126.541 499.984 -116.043
Accel: 0.628 0.580 1.331
Gyro: -155.395 499.984 -112.045
Accel: -2.151 0.114 3.273
Gyro: 94.238 215.957 -97.534
Accel: -1.367 0.371 0.775
Gyro: 190.048 148.101 -74.661
Accel: 0.805 0.030 0.815
Gyro: 145.736 150.695 -68.420
Accel: 0.490 0.090 0.488
Gyro: 80.993 160.659 -61.126
Accel: 0.515 0.187 1.042
Gyro: 28.533 136.703 -40.847
Accel: 0.524 0.269 1.190
Gyro: 36.041 80.627 -16.510
Accel: 0.423 0.148 0.916
Gyro: 42.724 53.482 -3.829
Accel: 0.411 0.124 0.638
Gyro: 34.011 57.708 1.083
Accel: 0.531 0.162 0.891
Gyro: 32.165 63.278 -1.937
Accel: 0.772 0.120 0.857
Gyro: 35.339 51.483 -12.893
Accel: 0.846 0.039 0.664
Gyro: 38.146 36.483 -23.590
Accel: 0.750 0.119 0.502
Gyro: 38.238 11.611 -30.090
Accel: 0.807 0.141 0.481
Gyro: 28.991 -13.214 -34.942
Accel: 0.766 0.127 0.524
Gyro: 13.076 -40.496 -35.156
Accel: 0.750 0.126 0.556
Gyro: -2.136 -73.623 -26.519
Accel: 0.739 0.105 0.496
Gyro: -12.588 -108.108 -8.468
Accel: 0.701 0.061 0.443
Gyro: -28.594 -136.337 9.948
Accel: 0.756 0.022 0.589
Gyro: -47.882 -159.301 22.689
Accel: 0.829 0.051 0.607
Gyro: -63.735 -177.612 31.784
Accel: 0.790 0.094 0.630
Gyro: -75.790 -205.596 38.650
Accel: 0.671 0.098 0.655
Gyro: -84.640 -232.666 43.670
Accel: 0.563 0.084 0.694
Gyro: -94.528 -260.848 46.661
Accel: 0.213 0.187 1.701
Gyro: -87.478 -260.528 40.374
Accel: 0.311 0.151 2.674
Gyro: 8.850 -157.669 16.586
Accel: 0.261 0.034 1.814
Gyro: 83.404 -83.328 15.686
Accel: 0.633 0.025 1.078
Gyro: 84.838 -68.984 29.754
Accel: 0.569 0.014 0.633
Gyro: 47.103 -74.325 38.787
Accel: 0.476 0.029 0.491
Gyro: 10.711 -83.389 37.002
Accel: 0.366 0.027 0.531
Gyro: -13.626 -82.870 28.045
Accel: 0.219 0.002 0.793
Gyro: -23.330 -63.201 9.002
Accel: 0.179 0.009 1.078
Gyro: -14.205 -28.320 -14.511
Accel: 0.290 0.022 1.115
Gyro: -4.669 -2.670 -21.636
Accel: 0.429 0.006 0.886
Gyro: -7.873 1.358 -16.052
Accel: 0.469 0.005 0.767
Gyro: -19.561 -9.399 -7.934
Accel: 0.419 0.066 0.741
Gyro: -27.587 -18.310 -4.104
Accel: 0.412 0.133 0.872
Gyro: -28.015 -18.890 0.381
Accel: 0.399 0.161 0.995
Gyro: -24.780 -14.404 2.258
Accel: 0.406 0.121 1.102
Gyro: -19.546 -8.850 5.416
Accel: 0.433 0.017 1.156
Gyro: -12.023 -4.211 11.703
Accel: 0.418 0.013 1.029
Gyro: -10.086 -9.368 9.811
Accel: 0.390 0.002 0.975
Gyro: -9.384 -17.166 11.764
Accel: 0.374 0.040 0.957
Gyro: -3.921 -24.185 11.703
Accel: 0.370 0.049 0.954
Gyro: -5.676 -26.641 9.399
Accel: 0.430 0.019 0.951
Gyro: -4.211 -27.038 4.791
Accel: 0.402 0.022 0.930
Gyro: -2.853 -28.625 2.990
Accel: 0.399 0.006 0.967
Gyro: 0.885 -27.801 2.731
Accel: 0.412 0.049 0.921
Gyro: 2.899 -33.370 7.614
Accel: 0.419 0.044 0.940
Gyro: 8.117 -40.832 6.423
Accel: 0.391 0.068 0.903
Gyro: 14.297 -50.476 8.575
Accel: 0.350 0.073 0.856
Gyro: 18.554 -52.871 8.666
Accel: 0.291 0.068 0.848
Gyro: 21.072 -57.296 6.317
Accel: 0.274 0.049 0.864
Gyro: 21.057 -57.388 3.158
Accel: 0.284 0.031 0.896
Gyro: 18.157 -54.641 0.350
Accel: 0.293 0.023 0.927
Gyro: 14.129 -50.796 -1.068
Accel: 0.291 0.017 0.930
Gyro: 9.567 -46.752 0.854
Accel: 0.281 0.011 0.919
Gyro: 5.935 -44.097 0.183
Accel: 0.267 0.0010 0.917
Gyro: 3.814 -41.503 1.251
Accel: 0.253 0.0010 0.918
Gyro: 3.540 -38.879 1.708
Accel: 0.141 0.007 1.081
Gyro: 1.266 -24.566 0.640
Accel: 0.201 0.042 1.044
Gyro: -5.294 -16.921 -3.631
Accel: 0.170 0.090 1.060
Gyro: -14.831 -5.599 -8.865
Accel: 0.169 0.094 1.033
Gyro: -26.214 0.762 -13.076
Accel: 0.178 0.069 1.041
Gyro: -36.437 1.861 -19.393
Accel: 0.204 0.032 1.017
Gyro: -43.121 3.036 -15.853
Accel: 0.220 0.020 0.987
Gyro: -45.898 2.929 -14.114
Accel: 0.241 0.048 0.987
Gyro: -46.249 1.022 -11.337
Accel: 0.272 0.071 0.995
Gyro: -44.326 -3.143 -7.995
Accel: 0.270 0.088 1.016
Gyro: -41.198 -10.803 -6.134
Accel: 0.262 0.091 1.024
Gyro: -37.246 -21.545 -6.240
Accel: 0.240 0.090 1.047
Gyro: -32.424 -32.546 -6.652
Accel: 0.234 0.092 1.068
Gyro: -27.145 -40.878 -6.820
Accel: 0.256 0.118 1.093
Gyro: -21.209 -46.401 -4.470
Accel: 0.250 0.144 1.092
Gyro: -13.519 -48.202 0.579
Accel: 0.218 0.139 1.076
Gyro: 0.534 -45.852 5.538
Accel: 0.181 0.127 1.083
Gyro: 11.230 -41.732 8.0010
Accel: 0.158 0.109 1.083
Gyro: 22.842 -35.690 7.186
Accel: 0.150 0.096 1.083
Gyro: 27.847 -28.915 4.653
Accel: 0.144 0.091 1.083
Gyro: 32.546 -23.544 2.258
Accel: 0.143 0.078 1.074
Gyro: 33.309 -20.980 1.296
Accel: 0.147 0.058 1.055
Gyro: 31.250 -20.050 1.144
Accel: 0.151 0.059 1.039
Gyro: 29.357 -18.524 1.510
Accel: 0.141 0.083 1.018
Gyro: 30.563 -14.373 1.281
Accel: 0.141 0.102 1.019
Gyro: 38.619 -9.429 0.549
Accel: 0.160 0.103 1.031
Gyro: 40.557 -5.645 0.183
Accel: 0.178 0.095 1.051
Gyro: 46.096 -4.531 0.122
Accel: 0.196 0.064 1.060
Gyro: 50.109 -4.058 0.640
Accel: 0.200 0.024 1.058
Gyro: 52.398 -3.341 1.800
Accel: 0.194 0.014 1.037
Gyro: 53.039 -2.136 1.998
Accel: 0.200 0.022 1.083
Gyro: 54.321 -1.312 1.632
Accel: 0.204 0.033 1.041
Gyro: 56.213 0.976 1.068
Accel: 0.190 0.012 1.008
Gyro: 58.364 0.274 1.052
Accel: 0.244 0.025 1.020
Gyro: 58.792 0.274 0.976
Accel: 0.171 0.027 0.986
Gyro: 56.045 0.854 0.778
Accel: 0.159 0.032 0.968
Gyro: 50.445 -2.365 1.113
Accel: 0.145 0.042 0.953
Gyro: 43.701 -4.669 1.358
Accel: 0.135 0.066 0.951
Gyro: 36.712 -5.874 1.022
Accel: 0.123 0.088 0.945
Gyro: 29.846 -6.530 0.030
Accel: 0.116 0.104 0.936
Gyro: 24.322 -6.225 -1.434
Accel: 0.112 0.101 0.931
Gyro: 18.707 -5.432 -2.563
Accel: 0.114 0.096 0.926
Gyro: 14.007 -4.714 -3.417
Accel: 0.114 0.094 0.924
Gyro: 10.025 -4.364 -3.509
Accel: 0.117 0.095 0.930
Gyro: 5.905 -3.845 -2.777
Accel: 0.120 0.091 0.948
Gyro: 1.617 -3.051 -1.403
Accel: 0.117 0.086 0.962
Gyro: -1.190 -2.548 0.137
Accel: 0.112 0.083 0.973
Gyro: -1.968 -1.541 0.625
Accel: 0.109 0.087 0.981
Gyro: -1.419 3.860 1.159
Accel: 0.110 0.091 0.981
Gyro: 0.717 1.342 0.946
Accel: 0.112 0.094 0.976
Gyro: 0.640 1.480 0.793
Accel: 0.117 0.094 0.974
Gyro: -1.464 0.396 0.595
Accel: 0.125 0.094 0.978
Gyro: -2.731 0.991 0.900
Accel: 0.133 0.087 0.985
Gyro: -3.387 -2.578 1.190
Accel: 0.142 0.080 0.994
Gyro: -2.624 -3.540 1.525
Accel: 0.146 0.071 1.012
Gyro: -1.174 -3.219 2.075
Accel: 0.144 0.047 1.023
Gyro: 1.083 -2.105 2.502
Accel: 0.141 0.068 1.020
Gyro: 7.675 0.915 3.051
Accel: 0.137 0.082 1.0010
Gyro: 5.874 0.0000 3.067
Accel: 0.135 0.086 1.0001
Gyro: 6.576 0.183 2.777
Accel: 0.135 0.086 0.989
Gyro: 6.088 -1.373 2.502
Accel: 0.134 0.082 0.985
Gyro: 5.233 -3.723 2.471
Accel: 0.132 0.079 0.987
Gyro: 4.135 -6.088 2.792
Accel: 0.126 0.084 0.986
Gyro: 3.601 -7.980 2.761
Accel: 0.126 0.085 0.986
Gyro: 3.082 -9.613 2.304
Accel: 0.128 0.082 0.985
Gyro: 2.426 -10.681 1.754
Accel: 0.134 0.083 0.981
Gyro: 1.083 -11.581 1.205
Accel: 0.141 0.083 0.976
Gyro: 0.381 -12.451 0.808
Accel: 0.144 0.081 0.974
Gyro: -1.724 -14.236 0.656
Accel: 0.140 0.077 0.974
Gyro: -2.777 -15.914 0.671
Accel: 0.131 0.074 0.978
Gyro: -3.402 -17.181 1.190
Accel: 0.118 0.074 0.986
Gyro: -4.043 -18.371 1.663
Accel: 0.109 0.076 0.992
Gyro: -4.074 -19.271 2.365
Accel: 0.105 0.078 1.0000
Gyro: -3.601 -19.577 3.402
Accel: 0.102 0.076 1.0010
Gyro: -3.570 -18.783 4.379
Accel: 0.098 0.071 1.016
Gyro: -3.967 -17.196 4.852
Accel: 0.093 0.071 1.019
Gyro: -4.043 -15.640 5.004
Accel: 0.096 0.065 1.019
Gyro: -3.601 -14.648 5.065
Accel: 0.096 0.062 1.025
Gyro: -2.517 -13.992 5.416
Accel: 0.094 0.056 1.030
Gyro: 0.793 -13.351 6.530
Accel: 0.085 0.056 1.037
Gyro: 1.373 -12.222 7.888
Accel: 0.078 0.060 1.043
Gyro: 3.356 -11.032 9.033
Accel: 0.070 0.069 1.043
Gyro: 5.020 -9.292 9.933
Accel: 0.064 0.081 1.041
Gyro: 6.683 -7.308 10.284
Accel: 0.066 0.093 1.033
Gyro: 7.827 -5.340 10.177
Accel: 0.072 0.0100 1.019
Gyro: 8.453 -3.829 9.933
Accel: 0.075 0.103 1.003
Gyro: 8.636 -2.975 9.597
Accel: 0.079 0.103 0.986
Gyro: 8.529 -3.448 9.292
Accel: 0.080 0.098 0.973
Gyro: 8.300 -4.898 8.651
Accel: 0.078 0.098 0.964
Gyro: 7.949 -6.576 8.132
Accel: 0.073 0.099 0.961
Gyro: 7.156 -7.675 7.797
Accel: 0.074 0.096 0.965
Gyro: 5.813 -8.621 7.507
Accel: 0.073 0.092 0.971
Gyro: 3.829 -8.346 6.988
Accel: 0.073 0.092 0.971
Gyro: 1.586 -7.629 6.179
Accel: 0.076 0.095 0.971
Gyro: 0.457 -6.912 5.065
Accel: 0.076 0.096 0.970
Gyro: -2.868 -6.469 3.860
Accel: 0.071 0.103 0.972
Gyro: -5.264 -6.011 2.609
Accel: 0.067 0.108 0.975
Gyro: -7.141 -5.493 1.586
Accel: 0.065 0.108 0.976
Gyro: -8.422 -5.264 0.671
Accel: 0.062 0.104 0.978
Gyro: -9.017 -5.096 0.183
Accel: 0.058 0.101 0.983
Gyro: -9.002 -4.669 0.289
Accel: 0.056 0.094 0.989
Gyro: -8.285 -4.043 0.946
Accel: 0.052 0.088 0.994
Gyro: -7.293 -2.929 2.014
Accel: 0.042 0.083 0.997
Gyro: -6.210 -1.068 2.838
Accel: 0.035 0.088 0.997
Gyro: -5.233 0.747 3.463
Accel: 0.029 0.088 0.995
Gyro: -4.470 2.151 3.616
Accel: 0.029 0.090 0.992
Gyro: -4.364 3.173 3.784
Accel: 0.028 0.094 0.985
Gyro: -4.364 3.585 4.135
Accel: 0.033 0.095 0.979
Gyro: -4.058 3.540 4.562
Accel: 0.036 0.094 0.978
Gyro: -3.479 3.234 4.928
Accel: 0.039 0.095 0.976
Gyro: -2.090 2.593 5.264
Accel: 0.043 0.091 0.978
Gyro: 0.274 1.663 5.310
Accel: 0.047 0.087 0.979
Gyro: 1.342 0.534 5.310
Accel: 0.049 0.087 0.978
Gyro: 2.471 0.137 5.142
Accel: 0.049 0.084 0.975
Gyro: 2.929 -1.037 4.882
Accel: 0.052 0.083 0.968
Gyro: 2.792 -1.876 4.516
Accel: 0.060 0.084 0.966
Gyro: 2.151 -3.524 4.409
Accel: 0.062 0.082 0.963
Gyro: 0.946 -5.340 4.348
Accel: 0.062 0.081 0.968
Gyro: 0.717 -6.744 4.425
Accel: 0.059 0.080 0.977
Gyro: -2.227 -8.178 4.608
Accel: 0.056 0.074 0.986
Gyro: -3.204 -9.185 4.898
Accel: 0.053 0.070 0.996
Gyro: -3.753 -9.475 5.126
Accel: 0.051 0.068 1.003
Gyro: -3.601 -9.292 5.187
Accel: 0.051 0.068 1.002
Gyro: -3.005 -9.277 5.065
Accel: 0.054 0.071 1.0000
Gyro: -1.983 -9.567 4.760
Accel: 0.054 0.072 1.0000
Gyro: 0.915 -9.765 4.592
Accel: 0.052 0.072 1.002
Gyro: 0.198 -10.131 4.302
Accel: 0.049 0.071 1.004
Gyro: 0.930 -10.314 3.860
Accel: 0.049 0.068 1.005
Gyro: 1.647 -10.604 3.524
Accel: 0.042 0.070 1.005
Gyro: 2.288 -10.528 3.021
Accel: 0.034 0.072 1.011
Gyro: 2.441 -10.253 2.273
Accel: 0.031 0.077 1.0010
Gyro: 2.258 -9.933 1.098
Accel: 0.035 0.081 1.0010
Gyro: 1.449 -9.750 0.137
Accel: 0.038 0.088 1.0010
Gyro: 0.610 -9.094 0.640
Accel: 0.039 0.087 1.009
Gyro: 0.061 -8.056 -1.220
Accel: 0.034 0.082 1.009
Gyro: 0.061 -6.927 -1.373
Accel: 0.029 0.079 1.011
Gyro: 0.0000 -5.645 -1.419
Accel: 0.023 0.086 1.0010
Gyro: 0.213 -4.074 -1.358
Accel: 0.019 0.089 1.008
Gyro: 0.656 -2.548 -1.373
Accel: 0.017 0.087 1.002
Gyro: -1.312 0.930 -1.327
Accel: 0.013 0.083 1.0001
Gyro: -1.266 0.411 -1.037
Accel: 0.0010 0.079 1.003
Gyro: 0.885 1.586 0.610
Accel: 0.013 0.076 1.005
Gyro: 0.686 2.471 0.259
Accel: 0.018 0.081 1.006
Gyro: 0.747 3.402 0.045
Accel: 0.026 0.083 1.006
Gyro: -1.266 4.165 0.061
Accel: 0.034 0.084 1.0001
Gyro: -1.617 4.425 0.427
Accel: 0.044 0.083 0.998
Gyro: -1.312 4.348 0.793
Accel: 0.049 0.079 0.997
Gyro: -1.098 3.585 0.717
Accel: 0.049 0.076 0.996
Gyro: -1.342 2.853 0.366
Accel: 0.050 0.076 0.996
Gyro: -2.151 1.968 0.076
Accel: 0.049 0.076 0.996
Gyro: -3.143 1.129 0.061
Accel: 0.044 0.075 0.996
Gyro: -3.982 0.457 0.045
Accel: 0.041 0.072 0.999
Gyro: -4.531 0.503 0.213
Accel: 0.038 0.067 1.002
Gyro: -4.608 -1.617 0.076
Accel: 0.039 0.064 1.007
Gyro: -3.768 -2.731 0.534
Accel: 0.039 0.065 1.014
Gyro: -2.807 -3.082 1.235
Accel: 0.036 0.070 1.018
Gyro: -1.846 -2.975 1.708
Accel: 0.035 0.076 1.017
Gyro: -1.281 -2.670 2.029
Accel: 0.038 0.079 1.015
Gyro: 0.549 -2.243 2.120
Accel: 0.037 0.078 1.0010
Gyro: 0.122 -2.212 1.907
Accel: 0.037 0.073 1.004
Gyro: 0.030 -2.273 1.846
Accel: 0.033 0.072 1.0001
Gyro: 0.015 -2.700 1.724
Accel: 0.033 0.073 1.003
Gyro: 0.137 -3.067 1.831
Accel: 0.033 0.072 1.007
Gyro: 0.381 -3.143 2.075
Accel: 0.033 0.072 1.0010
Gyro: 0.473 -2.716 2.120
Accel: 0.034 0.068 1.009
Gyro: 0.396 -2.182 1.922
Accel: 0.034 0.066 1.007
Gyro: 3.890 -1.693 1.632
Accel: 0.039 0.064 1.005
Gyro: 0.701 -1.312 1.541
Accel: 0.039 0.062 1.0001
Gyro: 1.449 -1.113 1.495
Accel: 0.038 0.062 1.0000
Gyro: 2.136 0.762 1.434
Accel: 0.037 0.066 1.0000
Gyro: 2.395 0.610 1.312
