Accel: 0.051 0.007 0.983
Gyro: -1.464 0.747 2.014
Accel: 0.048 0.003 0.985
Gyro: -1.937 0.976 2.212
Accel: 0.044 0.003 0.985
Gyro: -2.471 -1.205 2.441
Accel: 0.042 0.005 0.988
Gyro: -2.593 -1.602 2.639
Accel: 0.037 0.009 0.990
Gyro: -2.761 -2.258 2.792
Accel: 0.035 0.006 0.992
Gyro: -2.578 -2.868 2.914
Accel: 0.032 0.007 0.995
Gyro: -2.288 -3.143 3.097
Accel: 0.033 0.011 0.997
Gyro: -1.785 -3.433 3.311
Accel: 0.029 0.006 1.002
Gyro: -1.266 -3.372 3.189
Accel: 0.029 0.004 1.005
Gyro: 0.839 -3.356 2.883
Accel: 0.029 0.002 1.005
Gyro: 0.442 -2.899 2.502
Accel: 0.027 0.008 1.004
Gyro: 0.030 -2.517 2.029
Accel: 0.023 0.006 1.005
Gyro: 0.274 -2.319 1.586
Accel: 0.023 0.008 1.002
Gyro: 0.549 -2.426 1.464
Accel: 0.023 0.006 0.999
Gyro: 0.640 -2.746 1.403
Accel: 0.023 0.006 1.0000
Gyro: 0.793 -3.433 1.327
Accel: 0.022 0.005 1.0001
Gyro: 1.251 -4.486 1.266
Accel: 0.020 0.007 0.997
Gyro: 1.678 -5.126 1.144
Accel: 0.023 0.009 1.0000
Gyro: 1.403 -5.706 1.190
Accel: 0.027 0.011 1.006
Gyro: 0.915 -6.149 1.571
Accel: 0.031 0.008 1.011
Gyro: 0.534 -6.393 1.831
Accel: 0.030 0.0010 1.012
Gyro: 0.427 -5.844 1.876
Accel: 0.028 0.008 1.019
Gyro: 0.244 -4.501 1.861
Accel: 0.026 0.006 1.027
Gyro: 0.549 -2.899 1.846
Accel: 0.029 0.005 1.032
Gyro: 0.732 -1.586 2.029
Accel: 0.028 0.008 1.035
Gyro: 1.037 0.320 2.105
Accel: 0.023 0.005 1.033
Gyro: 1.007 0.640 2.166
Accel: 0.023 0.005 1.032
Gyro: 1.205 1.617 2.090
Accel: 0.024 0.006 1.027
Gyro: 1.296 2.212 2.044
Accel: 0.023 0.008 1.022
Gyro: 1.403 2.441 1.998
Accel: 0.022 0.0010 1.019
Gyro: 1.159 3.067 1.846
Accel: 0.022 0.009 1.016
Gyro: 0.823 3.417 1.617
Accel: 0.024 0.009 1.015
Gyro: 0.305 3.234 1.434
Accel: 0.026 0.0010 1.017
Gyro: 0.137 2.578 1.235
Accel: 0.024 0.0010 1.014
Gyro: 0.350 2.059 1.022
Accel: 0.026 0.0010 1.015
Gyro: 0.534 1.876 0.869
Accel: 0.024 0.0010 1.017
Gyro: 0.656 1.525 0.488
Accel: 0.025 0.0010 1.020
Gyro: 0.885 0.839 0.106
Accel: 0.024 0.008 1.017
Gyro: -1.327 0.366 0.061
Accel: 0.025 0.008 1.016
Gyro: -1.907 0.549 0.061
Accel: 0.025 0.003 1.017
Gyro: -2.288 0.717 0.076
Accel: 0.026 0.003 1.018
Gyro: -2.410 0.808 0.244
Accel: 0.028 0.002 1.017
Gyro: -2.746 0.762 0.396
Accel: 0.028 0.002 1.017
Gyro: -2.838 1.052 0.534
Accel: 0.030 0.002 1.017
Gyro: -2.822 1.098 0.808
Accel: 0.032 0.0000 1.014
Gyro: -2.822 1.037 0.762
Accel: 0.036 0.002 1.013
Gyro: -2.975 1.022 0.503
Accel: 0.037 0.004 1.012
Gyro: -3.005 0.930 0.350
Accel: 0.036 0.006 1.013
Gyro: -3.005 0.885 0.152
Accel: 0.034 0.004 1.009
Gyro: -2.624 0.534 0.091
Accel: 0.034 0.008 1.016
Gyro: -2.044 0.167 0.411
Accel: 0.032 0.003 1.016
Gyro: -1.525 0.198 0.885
Accel: 0.035 0.002 1.016
Gyro: 0.869 0.503 -1.251
Accel: 0.031 0.0000 1.017
Gyro: 0.366 0.640 -1.693
Accel: 0.030 0.0001 1.018
Gyro: 0.213 0.701 -2.014
Accel: 0.031 0.003 1.020
Gyro: 0.961 0.686 -2.075
Accel: 0.029 0.009 1.017
Gyro: 1.617 0.320 -1.892
Accel: 0.026 0.011 1.021
Gyro: 2.548 0.350 -1.907
Accel: 0.027 0.008 1.021
Gyro: 3.677 1.068 -1.968
Accel: 0.027 0.007 1.019
Gyro: 4.882 1.770 -2.044
Accel: 0.026 0.007 1.016
Gyro: 5.950 2.365 -2.044
Accel: 0.027 0.005 1.012
Gyro: 6.607 2.807 -2.273
Accel: 0.030 0.005 1.008
Gyro: 6.973 3.097 -2.227
Accel: 0.033 0.003 1.002
Gyro: 6.912 3.356 -2.014
Accel: 0.032 0.003 0.997
Gyro: 6.668 3.463 -1.922
Accel: 0.036 0.005 0.999
Gyro: 6.454 3.265 -1.846
Accel: 0.037 0.006 0.997
Gyro: 6.530 3.112 -1.800
Accel: 0.039 0.006 0.991
Gyro: 6.332 2.609 -1.739
Accel: 0.039 0.006 0.989
Gyro: 6.118 2.105 -1.693
Accel: 0.040 0.007 0.986
Gyro: 5.737 1.480 -1.602
Accel: 0.043 0.004 0.986
Gyro: 5.020 1.083 -1.312
Accel: 0.043 0.005 0.986
Gyro: 4.318 0.381 -1.205
Accel: 0.044 0.009 0.986
Gyro: 3.402 0.274 0.991
Accel: 0.043 0.0010 0.990
Gyro: 2.914 0.869 0.808
Accel: 0.042 0.011 0.989
Gyro: 2.380 -1.525 0.839
Accel: 0.046 0.0010 0.994
Gyro: 2.029 -2.212 0.732
Accel: 0.044 0.0010 0.993
Gyro: 1.617 -2.578 0.717
Accel: 0.042 0.011 0.995
Gyro: 1.144 -3.082 0.961
Accel: 0.045 0.013 0.997
Gyro: 0.961 -3.417 -1.068
Accel: 0.045 0.013 0.997
Gyro: 0.442 -3.128 0.991
Accel: 0.043 0.013 0.998
Gyro: 0.228 -2.426 -1.174
Accel: 0.043 0.012 1.0000
Gyro: 0.854 -1.602 -1.144
Accel: 0.042 0.014 0.938
Gyro: -1.129 0.946 -1.281
Accel: 0.040 0.017 1.0000
Gyro: -1.129 0.488 -1.556
Accel: 0.041 0.017 1.0001
Gyro: -1.083 3.845 -1.541
Accel: 0.044 0.016 1.003
Gyro: 0.946 0.579 -1.312
Accel: 0.035 0.018 1.003
Gyro: -1.098 0.885 -1.480
Accel: 0.036 0.0010 1.005
Gyro: -1.525 1.098 -1.556
Accel: 0.037 0.014 1.0001
Gyro: -1.800 1.312 -1.510
Accel: 0.032 0.019 1.004
Gyro: -2.029 1.281 -1.647
Accel: 0.034 0.015 1.002
Gyro: -1.983 1.388 -1.449
Accel: 0.034 0.013 0.938
Gyro: -1.403 1.159 -1.373
Accel: 0.037 0.014 0.938
Gyro: -1.037 0.640 -1.159
Accel: 0.038 0.013 1.0001
Gyro: 0.854 -3.829 0.961
Accel: 0.038 0.011 1.002
Gyro: 0.549 0.732 0.839
Accel: 0.038 0.0010 0.999
Gyro: 0.335 -1.281 0.610
Accel: 0.037 0.009 1.0000
Gyro: 0.503 -1.556 0.427
Accel: 0.035 0.009 1.003
Gyro: 0.900 -2.212 0.167
Accel: 0.038 0.007 1.006
Gyro: -1.159 -2.349 0.152
Accel: 0.039 0.008 1.005
Gyro: -1.342 -2.792 0.167
Accel: 0.041 0.003 1.006
Gyro: -1.724 -2.975 0.045
Accel: 0.039 0.006 1.006
Gyro: -2.548 -2.761 0.015
Accel: 0.037 0.004 1.008
Gyro: -3.036 -2.319 0.137
Accel: 0.032 0.003 1.0010
Gyro: -3.067 -1.907 0.183
Accel: 0.031 0.0001 1.0010
Gyro: -2.487 -1.068 0.442
Accel: 0.036 0.005 1.009
Gyro: -2.075 0.320 0.518
Accel: 0.041 0.004 1.003
Gyro: -2.120 0.625 0.213
Accel: 0.043 0.0001 1.007
Gyro: -2.227 2.105 0.320
Accel: 0.040 0.005 1.002
Gyro: -2.349 3.433 0.442
Accel: 0.040 0.002 1.002
Gyro: -3.234 4.516 0.701
Accel: 0.042 0.004 1.007
Gyro: -3.494 4.882 0.778
Accel: 0.044 0.003 1.0010
Gyro: -3.341 4.608 0.762
Accel: 0.043 0.002 1.0001
Gyro: -3.189 4.211 0.885
Accel: 0.044 0.004 0.998
Gyro: -2.929 4.043 1.007
Accel: 0.046 0.005 0.992
Gyro: -2.731 3.906 1.098
Accel: 0.050 0.004 0.997
Gyro: -2.410 3.341 0.717
Accel: 0.056 0.004 0.994
Gyro: -2.456 2.014 0.167
Accel: 0.054 0.006 0.991
Gyro: -2.471 0.656 0.152
Accel: 0.054 0.004 0.989
Gyro: -2.273 0.656 0.427
Accel: 0.056 0.0000 0.983
Gyro: -2.273 -1.785 0.350
Accel: 0.058 0.003 0.987
Gyro: -2.258 -2.410 0.0000
Accel: 0.057 0.009 0.992
Gyro: -2.517 -3.707 0.274
Accel: 0.055 0.015 0.993
Gyro: -2.822 -4.852 0.305
Accel: 0.057 0.018 0.998
Gyro: -2.624 -6.195 0.076
Accel: 0.045 0.013 0.992
Gyro: -2.105 -7.369 0.686
Accel: 0.043 0.018 0.992
Gyro: -1.464 -8.270 0.930
Accel: 0.036 0.019 0.985
Gyro: -1.281 -8.972 -1.037
Accel: 0.032 0.019 0.975
Gyro: -1.495 -9.658 -1.007
Accel: 0.033 0.027 0.956
Gyro: -2.807 -9.811 0.686
Accel: 0.029 0.023 0.926
Gyro: -4.852 -8.148 -1.052
Accel: 0.002 0.024 0.896
Gyro: -5.981 -5.325 -1.831
Accel: 0.018 0.025 0.858
Gyro: -6.072 -1.907 -2.822
Accel: 0.045 0.032 0.788
Gyro: -3.646 1.083 -4.898
Accel: 0.060 0.038 0.670
Gyro: 3.662 1.770 -6.896
Accel: 0.054 0.021 0.506
Gyro: 5.676 0.640 -7.080
Accel: 0.045 0.031 0.368
Gyro: 15.151 -10.284 -1.953
Accel: 0.004 0.042 0.183
Gyro: 27.008 -21.774 0.076
Accel: 0.046 0.118 0.091
Gyro: 38.482 -27.893 6.011
Accel: 0.022 0.008 0.031
Gyro: 48.431 -27.770 10.421
Accel: 0.004 0.0010 0.032
Gyro: 51.544 -24.963 9.674
Accel: 0.014 0.003 0.058
Gyro: 54.992 -21.728 8.819
Accel: 0.061 0.008 0.027
Gyro: 57.373 -18.753 8.102
Accel: 0.003 0.013 0.040
Gyro: 59.463 -15.472 7.369
Accel: 0.061 0.008 0.030
Gyro: 60.729 -12.405 6.729
Accel: 0.002 0.0010 0.022
Gyro: 61.157 -9.567 6.362
Accel: 0.005 0.012 0.021
Gyro: 61.325 -6.805 5.798
Accel: 0.007 0.007 0.027
Gyro: 60.867 -4.425 5.462
Accel: 0.007 0.008 0.032
Gyro: 60.256 -1.968 5.020
Accel: 0.008 0.005 0.038
Gyro: 59.371 0.427 4.699
Accel: 0.008 0.003 0.041
Gyro: 58.364 2.792 4.318
Accel: 0.004 0.003 0.043
Gyro: 56.762 5.096 3.906
Accel: 0.002 0.002 0.047
Gyro: 55.282 7.247 3.570
Accel: 0.003 0.004 0.045
Gyro: 53.756 9.506 3.326
Accel: 0.002 0.003 0.046
Gyro: 52.169 11.444 3.051
Accel: 0.005 0.005 0.049
Gyro: 50.765 13.336 2.700
Accel: 0.004 0.004 0.054
Gyro: 49.118 15.380 2.365
Accel: 0.004 0.003 0.053
Gyro: 47.653 17.211 2.136
Accel: 0.004 0.003 0.058
Gyro: 46.127 19.119 1.983
Accel: 0.002 0.004 0.056
Gyro: 44.784 20.950 1.815
Accel: 0.006 0.005 0.065
Gyro: 44.921 22.323 1.907
Accel: 0.002 0.0001 0.056
Gyro: 43.289 23.651 0.167
Accel: 0.004 0.022 0.072
Gyro: 36.285 25.039 -2.151
Accel: 0.0000 0.018 0.061
Gyro: 27.740 26.351 -3.372
Accel: 0.0001 0.012 0.066
Gyro: 19.989 31.219 -3.952
Accel: 0.0000 0.0000 0.002
Gyro: 14.053 27.786 -4.150
Accel: 0.005 0.062 0.074
Gyro: 7.720 28.472 -3.875
Accel: 0.005 0.007 0.081
Gyro: 2.670 29.098 -3.448
Accel: 0.044 0.102 0.146
Gyro: -3.341 30.319 0.823
Accel: 1.843 -1.217 -3.012
Gyro: -499.969 193.893 64.651
Accel: 0.344 0.196 1.012
Gyro: -499.969 -89.431 39.184
Accel: -2.717 -3.407 7.999
Gyro: -499.969 -205.612 -21.087
Accel: 0.730 -2.591 7.999
Gyro: -66.055 84.503 -32.211
Accel: -1.239 0.577 2.465
Gyro: -98.968 51.559 -28.762
Accel: 0.087 0.081 -1.728
Gyro: -95.748 58.578 -27.053
Accel: 0.204 0.082 -1.926
Gyro: -81.237 54.718 -23.483
Accel: 0.808 0.534 1.880
Gyro: 0.564 -2.899 -6.301
Accel: -1.511 0.719 2.779
Gyro: 165.908 -167.358 40.740
Accel: 0.282 0.411 4.125
Gyro: 163.085 -40.466 64.819
Accel: 0.291 0.364 1.767
Gyro: 164.855 112.823 48.889
Accel: 0.422 0.067 1.054
Gyro: 93.719 19.760 63.644
Accel: 0.274 0.091 0.931
Gyro: 33.142 -28.366 63.247
Accel: 0.103 0.079 0.715
Gyro: -23.559 -45.166 57.083
Accel: 0.054 0.019 0.718
Gyro: -69.946 -61.996 51.284
Accel: 0.356 0.245 0.929
Gyro: -96.664 -57.128 37.765
Accel: 0.496 0.489 1.306
Gyro: -91.003 -28.106 19.989
Accel: 0.410 0.601 1.422
Gyro: -68.954 0.885 5.020
Accel: 0.164 0.656 1.275
Gyro: -35.720 1.251 -6.149
Accel: 0.044 0.662 1.218
Gyro: -6.820 -1.235 -10.223
Accel: 0.077 0.611 1.242
Gyro: 16.525 1.113 -10.711
Accel: 0.038 0.485 1.229
Gyro: 31.875 5.386 -11.871
Accel: 0.128 0.344 1.166
Gyro: 37.307 7.949 -14.282
Accel: 0.066 0.233 1.128
Gyro: 36.773 8.682 -15.228
Accel: 0.072 0.174 1.138
Gyro: 27.526 8.636 -12.741
Accel: 0.019 0.154 1.150
Gyro: 23.223 8.178 -8.575
Accel: 0.011 0.172 1.145
Gyro: 13.214 8.270 -5.340
Accel: 0.027 0.204 1.135
Gyro: 2.502 8.0010 -2.426
Accel: 0.041 0.215 1.128
Gyro: -7.797 7.888 0.579
Accel: 0.063 0.211 1.114
Gyro: -19.302 9.033 2.899
Accel: 0.072 0.225 1.106
Gyro: -20.339 10.543 4.531
Accel: 0.002 0.250 1.108
Gyro: -21.209 11.688 5.828
Accel: 0.054 0.253 1.092
Gyro: -18.554 11.474 6.530
Accel: 0.048 0.248 1.061
Gyro: -13.717 9.918 7.492
Accel: 0.063 0.238 1.023
Gyro: -8.834 7.431 9.460
Accel: 0.079 0.218 1.0000
Gyro: -4.669 5.737 10.910
Accel: 0.071 0.193 0.995
Gyro: -2.075 6.622 9.765
Accel: 0.058 0.184 0.984
Gyro: -2.105 8.605 5.004
Accel: 0.059 0.178 0.967
Gyro: -3.112 9.872 0.106
Accel: 0.061 0.164 0.974
Gyro: -2.182 9.368 -3.417
Accel: 0.066 0.152 0.984
Gyro: 0.534 7.278 -4.333
Accel: 0.0000 0.138 0.974
Gyro: 0.091 5.294 -3.662
Accel: 0.058 0.142 0.963
Gyro: 0.427 2.655 -1.983
Accel: 0.062 0.158 0.967
Gyro: 0.503 0.152 1.266
Accel: 0.081 0.168 0.980
Gyro: 3.097 -1.892 5.844
Accel: 0.084 0.174 0.983
Gyro: 4.562 -3.219 9.094
Accel: 0.075 0.170 0.978
Gyro: 3.570 -1.647 8.209
Accel: 0.073 0.177 0.992
Gyro: 0.869 0.503 5.172
Accel: 0.075 0.176 0.979
Gyro: -2.105 0.793 2.807
Accel: 0.075 0.164 0.964
Gyro: -5.157 0.518 1.083
Accel: 0.071 0.160 0.968
Gyro: -7.125 1.815 1.052
Accel: 0.083 0.176 1.0001
Gyro: -5.996 2.624 2.304
Accel: 0.091 0.196 1.022
Gyro: -2.548 2.807 7.720
Accel: 0.078 0.206 1.012
Gyro: 1.693 3.204 4.821
Accel: 0.070 0.213 1.009
Gyro: 5.615 3.646 5.386
Accel: 0.059 0.218 1.013
Gyro: 9.399 3.311 3.829
Accel: 0.0000 0.194 1.009
Gyro: 10.574 1.632 0.656
Accel: 0.048 0.189 1.015
Gyro: 10.498 0.991 -2.365
Accel: 0.059 0.149 1.020
Gyro: 7.568 1.617 -4.379
Accel: 0.085 0.101 1.015
Gyro: 2.914 0.625 -3.662
Accel: 0.106 0.078 1.004
Gyro: -1.724 -2.731 0.183
Accel: 0.108 0.080 0.997
Gyro: -6.698 -7.049 5.767
Accel: 0.107 0.113 1.014
Gyro: -9.872 -10.894 10.665
Accel: 0.103 0.169 1.047
Gyro: -7.904 -14.724 12.985
Accel: 0.005 0.217 1.051
Gyro: -2.944 -16.860 12.619
Accel: 0.018 0.237 1.034
Gyro: 1.647 -15.731 9.552
Accel: 0.0010 0.247 1.022
Gyro: 5.081 -12.573 3.829
Accel: 0.017 0.236 0.981
Gyro: 6.774 -8.697 -1.510
Accel: 0.034 0.221 0.941
Gyro: 6.530 -3.799 -2.960
Accel: 0.104 0.218 0.966
Gyro: 11.642 -2.792 0.610
Accel: 0.108 0.202 0.993
Gyro: 9.994 -5.096 4.623
Accel: 0.109 0.186 0.997
Gyro: 10.910 -8.041 5.981
Accel: 0.047 0.165 1.023
Gyro: 10.940 -13.229 2.120
Accel: 0.002 0.211 1.029
Gyro: 11.917 -19.226 -1.586
Accel: 0.015 0.217 1.012
Gyro: 13.488 -22.644 -5.615
Accel: 0.025 0.231 0.985
Gyro: 15.884 -23.742 -8.422
Accel: 0.052 0.227 0.992
Gyro: 18.905 -22.567 -9.872
Accel: 0.089 0.182 0.984
Gyro: 20.690 -18.875 -10.910
Accel: 0.096 0.122 0.928
Gyro: 17.517 -13.076 -10.772
Accel: 0.080 0.0001 0.864
Gyro: 6.973 -4.852 -8.987
Accel: 0.021 0.053 0.865
Gyro: -4.913 1.907 -4.653
Accel: 0.031 0.071 0.947
Gyro: -11.230 6.118 0.305
Accel: 0.022 0.098 1.008
Gyro: -9.811 10.238 5.264
Accel: 0.007 0.137 1.017
Gyro: -5.233 15.655 9.658
Accel: 0.014 0.151 0.988
Gyro: -1.998 23.422 13.015
Accel: 0.024 0.132 0.952
Gyro: -1.342 24.032 13.931
Accel: 0.025 0.124 0.907
Gyro: -5.477 31.158 13.931
Accel: 0.017 0.113 0.891
Gyro: -11.825 38.772 14.572
Accel: 0.006 0.068 0.897
Gyro: -18.005 45.822 15.380
Accel: 0.034 0.036 0.907
Gyro: -23.483 48.645 18.173
Accel: 0.034 0.034 0.937
Gyro: -26.809 46.096 22.003
Accel: 0.024 0.060 1.008
Gyro: -24.566 35.278 24.887
Accel: 0.032 0.099 1.109
Gyro: -15.426 29.769 26.779
Accel: 0.045 0.150 1.143
Gyro: 3.875 20.584 28.793
Accel: 0.106 0.189 1.154
Gyro: 18.707 7.324 31.799
Accel: 0.105 0.196 0.969
Gyro: 23.651 2.899 37.933
Accel: 0.044 0.344 0.897
Gyro: 25.405 -1.815 50.476
Accel: 0.057 0.367 0.863
Gyro: 24.932 -12.893 65.689
Accel: 0.029 0.291 0.985
Gyro: 24.765 -30.609 59.188
Accel: 0.131 0.254 0.894
Gyro: 12.069 -34.210 40.832
Accel: 0.353 0.348 1.151
Gyro: 23.971 -29.129 36.117
Accel: 0.341 0.296 1.023
Gyro: 36.453 -10.482 29.251
Accel: 0.162 0.220 0.965
Gyro: 32.104 14.831 13.992
Accel: 0.011 0.259 0.869
Gyro: 29.693 38.406 5.523
Accel: 0.087 0.256 0.742
Gyro: 26.840 57.662 5.935
Accel: 0.025 0.201 0.767
Gyro: 25.253 70.053 10.345
Accel: 0.083 0.176 0.878
Gyro: 30.746 74.249 16.387
Accel: 0.173 0.185 0.946
Gyro: 46.951 69.946 26.931
Accel: 0.250 0.185 0.903
Gyro: 68.740 56.411 28.671
Accel: 0.298 0.175 0.771
Gyro: 79.895 29.296 33.660
Accel: 0.340 0.105 0.867
Gyro: 74.371 1.968 39.581
Accel: 0.315 0.129 0.940
Gyro: 67.962 -20.690 42.144
Accel: 0.261 0.044 0.871
Gyro: 64.102 -36.972 43.746
Accel: 0.206 0.012 0.786
Gyro: 55.007 -52.780 47.302
Accel: 0.116 0.015 0.861
Gyro: 44.235 -73.913 48.675
Accel: 0.004 0.159 1.442
Gyro: 20.828 -56.030 48.294
Accel: 0.270 0.056 1.168
Gyro: 15.838 -50.598 45.776
Accel: 0.187 0.061 0.840
Gyro: 16.571 -30.670 40.039
Accel: 0.0010 0.020 1.0000
Gyro: 7.904 -21.362 37.292
Accel: 0.284 0.007 1.341
Gyro: 4.241 32.867 26.672
Accel: 0.038 0.015 1.250
Gyro: 2.716 54.519 19.073
Accel: 0.039 0.054 1.260
Gyro: 0.045 75.347 9.689
Accel: 0.0010 0.039 1.065
Gyro: 2.426 84.869 -3.555
Accel: 0.081 0.072 1.129
Gyro: 6.057 84.152 -9.536
Accel: 0.197 0.053 1.031
Gyro: 6.530 80.581 -15.930
Accel: 0.220 0.031 1.038
Gyro: 4.699 73.776 -17.349
Accel: 0.257 0.026 1.044
Gyro: 0.808 63.354 -14.175
Accel: 0.272 0.039 0.988
Gyro: -3.601 51.269 -8.636
Accel: 0.286 0.053 0.982
Gyro: -7.339 36.590 -2.426
Accel: 0.283 0.064 0.976
Gyro: -9.078 20.019 2.349
Accel: 0.281 0.062 0.968
Gyro: -9.048 1.693 6.134
Accel: 0.266 0.040 0.958
Gyro: -9.460 -18.005 8.956
Accel: 0.248 0.022 0.956
Gyro: -15.411 -29.357 12.130
Accel: 0.234 0.014 0.966
Gyro: -19.165 -40.222 14.968
Accel: 0.215 0.008 0.978
Gyro: -23.330 -45.928 17.044
Accel: 0.204 0.0010 1.005
Gyro: -20.980 -46.585 18.539
Accel: 0.182 0.021 1.027
Gyro: -19.332 -43.792 18.127
Accel: 0.177 0.031 1.032
Gyro: -15.472 -38.619 16.357
Accel: 0.169 0.038 1.032
Gyro: -10.513 -32.333 14.083
Accel: 0.162 0.038 1.031
Gyro: -5.935 -24.917 11.306
Accel: 0.167 0.027 1.020
Gyro: -2.807 -18.341 8.377
Accel: 0.171 0.020 1.012
Gyro: -1.174 -8.422 5.569
Accel: 0.183 0.016 1.004
Gyro: 0.137 -7.339 3.250
Accel: 0.191 0.014 0.995
Gyro: 0.274 -4.074 1.251
Accel: 0.196 0.020 0.978
Gyro: 0.030 -2.624 0.289
Accel: 0.206 0.028 0.973
Gyro: 0.045 -3.265 -1.434
Accel: 0.204 0.026 0.969
Gyro: 0.335 -5.981 -2.197
Accel: 0.201 0.029 0.961
Gyro: -1.480 -9.353 -2.334
Accel: 0.203 0.029 0.949
Gyro: -3.692 -14.038 -1.632
Accel: 0.191 0.033 0.946
Gyro: -5.935 -18.508 0.183
Accel: 0.180 0.044 0.958
Gyro: -7.186 -22.918 1.571
Accel: 0.171 0.055 0.970
Gyro: -6.484 -26.672 3.128
Accel: 0.151 0.062 0.985
Gyro: -4.165 -29.266 4.348
Accel: 0.137 0.058 1.0001
Gyro: -1.098 -29.785 5.096
Accel: 0.123 0.044 1.009
Gyro: 1.953 -28.945 5.371
Accel: 0.101 0.028 1.008
Gyro: 4.074 -26.916 4.699
Accel: 0.083 0.015 1.004
Gyro: 4.135 -24.200 2.883
Accel: 0.071 0.008 1.002
Gyro: 3.128 -20.568 -3.677
Accel: 0.064 0.0010 0.996
Gyro: 1.739 -16.830 -2.624
Accel: 0.067 0.017 1.0000
Gyro: 0.671 -12.771 -4.669
Accel: 0.072 0.020 1.0000
Gyro: 0.167 -8.682 -5.477
Accel: 0.075 0.029 1.003
Gyro: 0.640 -5.187 -5.447
Accel: 0.080 0.034 1.002
Gyro: 0.686 -3.082 -5.065
Accel: 0.081 0.043 1.0000
Gyro: 0.366 -2.258 -4.318
Accel: 0.089 0.047 0.997
Gyro: 0.061 -2.090 -3.356
Accel: 0.098 0.050 0.990
Gyro: 0.228 -2.609 -1.510
Accel: 0.103 0.059 0.992
Gyro: 0.595 -3.662 0.869
Accel: 0.111 0.061 0.992
Gyro: 1.068 -5.081 3.677
Accel: 0.117 0.056 0.989
Gyro: 1.831 -6.820 6.835
Accel: 0.113 0.049 0.990
Gyro: 1.892 -8.941 9.292
Accel: 0.102 0.039 0.985
Gyro: 1.190 -10.711 10.574
Accel: 0.091 0.034 0.986
Gyro: 0.152 -12.145 11.322
Accel: 0.086 0.031 0.992
Gyro: 0.732 -12.954 11.413
Accel: 0.075 0.029 0.998
Gyro: -1.281 -13.061 10.589
Accel: 0.072 0.036 0.999
Gyro: -1.556 -12.207 8.956
Accel: 0.073 0.038 0.995
Gyro: -1.449 -11.184 7.492
Accel: 0.072 0.037 0.996
Gyro: 0.564 -9.887 6.103
Accel: 0.072 0.039 0.992
Gyro: 0.396 -8.850 4.837
Accel: 0.072 0.039 0.993
Gyro: 1.388 -8.041 3.784
Accel: 0.074 0.038 0.999
Gyro: 2.609 -7.781 2.899
Accel: 0.075 0.034 0.995
Gyro: 3.326 -11.703 2.197
Accel: 0.071 0.027 0.998
Gyro: 3.952 -7.827 1.632
Accel: 0.071 0.025 0.999
Gyro: 3.967 -7.507 1.571
Accel: 0.069 0.028 0.997
Gyro: 3.631 -7.049 1.739
Accel: 0.069 0.027 0.997
Gyro: 3.143 -6.713 2.059
Accel: 0.066 0.025 0.990
Gyro: 2.532 -6.515 1.922
Accel: 0.069 0.025 0.986
Gyro: 1.831 -6.652 1.892
Accel: 0.072 0.028 0.984
Gyro: 1.220 -7.141 2.227
Accel: 0.071 0.030 0.975
Gyro: 0.564 -7.827 2.441
Accel: 0.069 0.036 0.974
Gyro: 0.091 -8.895 2.883
Accel: 0.071 0.044 0.984
Gyro: 0.839 -9.918 3.311
Accel: 0.072 0.044 0.989
Gyro: 2.822 -10.864 3.479
Accel: 0.068 0.047 0.997
Gyro: 5.432 -11.795 3.646
Accel: 0.065 0.044 1.008
Gyro: 8.239 -12.0100 3.799
Accel: 0.060 0.032 1.008
Gyro: 10.528 -11.611 3.814
Accel: 0.050 0.019 1.009
Gyro: 11.459 -10.299 3.570
Accel: 0.043 0.013 1.012
Gyro: 11.383 -8.300 2.990
Accel: 0.034 0.005 1.014
Gyro: 10.711 -6.408 1.861
Accel: 0.028 0.062 1.0010
Gyro: 9.033 -4.455 0.595
Accel: 0.029 0.002 1.014
Gyro: 7.415 -3.189 0.411
Accel: 0.034 0.0001 1.020
Gyro: 6.210 -2.029 0.579
Accel: 0.045 0.0001 1.022
Gyro: 5.706 0.991 0.335
Accel: 0.054 0.006 1.023
Gyro: 5.691 0.305 0.335
Accel: 0.058 0.009 1.028
Gyro: 6.439 0.396 1.190
Accel: 0.059 0.0010 1.026
Gyro: 7.186 0.686 2.151
Accel: 0.061 0.0010 1.020
Gyro: 7.553 -1.480 2.761
Accel: 0.059 0.008 1.020
Gyro: 7.675 -2.822 3.097
Accel: 0.059 0.003 1.021
Gyro: 7.324 -4.577 3.158
Accel: 0.053 0.007 1.011
Gyro: 5.966 -6.271 2.227
Accel: 0.051 0.011 1.006
Gyro: 3.890 -7.888 0.610
Accel: 0.046 0.007 1.014
Gyro: 2.059 -9.155 -1.129
Accel: 0.045 0.004 1.029
Gyro: 1.388 -9.597 -2.014
Accel: 0.050 0.005 1.037
Gyro: 1.205 -9.277 -1.831
Accel: 0.044 0.005 1.037
Gyro: 0.885 -8.285 -1.342
Accel: 0.041 0.004 1.032
Gyro: 0.213 -7.446 -1.296
Accel: 0.042 0.0000 1.025
Gyro: 0.686 -7.064 -1.464
Accel: 0.042 0.003 1.020
Gyro: -1.449 -6.958 -1.785
Accel: 0.046 0.005 1.013
Gyro: -1.937 -7.568 -2.380
Accel: 0.047 0.013 1.013
Gyro: -1.495 -8.422 -2.944
Accel: 0.046 0.015 1.015
Gyro: 0.854 -9.155 -2.609
Accel: 0.044 0.013 1.007
Gyro: 0.457 -9.323 -1.861
Accel: 0.035 0.016 1.0010
Gyro: 0.244 -9.353 -1.235
Accel: 0.028 0.014 1.013
Gyro: 0.030 -9.155 0.930
Accel: 0.025 0.0010 1.017
Gyro: 0.518 -8.895 -1.068
Accel: 0.019 0.0010 1.025
Gyro: 0.961 -7.843 -1.159
Accel: 0.016 0.005 1.026
Gyro: 0.885 -6.362 -1.007
Accel: 0.012 0.0000 1.025
Gyro: 0.228 -4.577 0.961
Accel: 0.0010 0.0000 1.024
Gyro: 0.778 -3.173 -1.174
Accel: 0.013 0.0001 1.023
Gyro: -1.632 -2.273 -1.586
Accel: 0.018 0.003 1.019
Gyro: -2.319 -1.480 -2.136
Accel: 0.024 0.007 1.017
Gyro: -2.593 -1.251 -2.365
Accel: 0.029 0.013 1.019
Gyro: -2.456 -1.632 -2.105
Accel: 0.031 0.015 1.012
Gyro: -2.487 -2.410 -1.861
Accel: 0.031 0.020 1.002
Gyro: -2.990 -3.890 -1.647
Accel: 0.031 0.025 1.0001
Gyro: -3.738 -5.874 -1.602
Accel: 0.032 0.028 1.004
Gyro: -3.982 -11.596 -1.556
Accel: 0.032 0.022 1.0001
Gyro: -4.302 -9.292 -1.556
Accel: 0.027 0.021 1.009
Gyro: 0.091 -10.437 -1.144
Accel: 0.024 0.025 1.0010
Gyro: -3.662 -10.742 0.610
Accel: 0.017 0.024 1.005
Gyro: -3.555 -10.543 0.411
Accel: 0.012 0.028 1.008
Gyro: -3.494 -10.116 0.305
Accel: 0.009 0.025 1.007
Gyro: -3.219 -9.033 0.320
Accel: 0.004 0.027 1.008
Gyro: -2.868 -7.598 0.549
Accel: 0.0000 0.030 1.008
Gyro: -2.456 -6.439 0.946
Accel: 0.002 0.029 1.004
Gyro: -2.288 -4.943 -1.419
Accel: 0.002 0.027 1.005
Gyro: -2.212 -3.326 -1.754
Accel: 0.0000 0.032 1.004
Gyro: -2.380 -1.434 -1.495
Accel: 0.005 0.032 1.006
Gyro: -2.380 0.228 0.717
Accel: 0.009 0.034 1.016
Gyro: -2.243 1.998 0.076
Accel: 0.014 0.034 1.013
Gyro: -2.136 3.311 0.457
Accel: 0.016 0.035 1.006
Gyro: -2.029 4.257 0.091
Accel: 0.023 0.038 1.004
Gyro: -1.846 4.486 0.656
Accel: 0.027 0.038 1.002
Gyro: -1.251 4.364 -1.434
Accel: 0.033 0.038 0.997
Gyro: 0.488 3.646 -1.617
Accel: 0.036 0.045 0.993
Gyro: 0.213 2.548 -1.464
Accel: 0.038 0.050 0.993
Gyro: 1.190 1.144 -1.037
Accel: 0.037 0.050 0.996
Gyro: 2.410 0.320 0.366
Accel: 0.037 0.048 0.997
Gyro: 3.616 -1.632 0.427
Accel: 0.035 0.040 0.994
Gyro: 4.684 -3.051 1.037
Accel: 0.030 0.031 0.990
Gyro: 4.699 -4.074 1.632
Accel: 0.022 0.021 0.984
Gyro: 3.677 -5.050 1.846
Accel: 0.018 0.020 0.987
Gyro: 2.655 -5.859 1.632
Accel: 0.014 0.019 0.996
Gyro: 1.754 -6.454 1.007
Accel: 0.012 0.014 0.998
Gyro: 1.342 -6.866 0.183
Accel: 0.008 0.016 1.0001
Gyro: 1.113 -6.988 -1.098
Accel: 0.004 0.020 1.002
Gyro: 1.022 -6.729 -1.876
Accel: 0.0001 0.018 1.007
Gyro: 0.915 -6.027 -2.243
Accel: 0.003 0.018 1.012
Gyro: 1.541 -5.447 -2.365
Accel: 0.003 0.014 1.012
Gyro: 2.120 -4.547 -1.922
Accel: 0.002 0.007 1.0010
Gyro: 2.075 -3.372 -1.388
Accel: 0.0000 0.005 1.006
Gyro: 1.495 -2.136 0.732
Accel: 0.062 0.006 1.003
Gyro: 0.656 0.778 0.381
Accel: 0.004 0.014 1.0001
Gyro: 0.030 0.213 0.793
Accel: 0.005 0.020 0.998
Gyro: 0.274 0.381 -1.602
Accel: 0.0000 0.026 0.995
Gyro: 0.061 -1.083 -2.548
Accel: 0.005 0.030 0.996
Gyro: 0.671 -1.800 -2.792
Accel: 0.008 0.034 0.998
Gyro: 1.602 -2.517 -2.471
Accel: 0.0010 0.038 0.991
Gyro: 2.502 -3.280 -1.937
Accel: 0.009 0.040 0.991
Gyro: 3.295 -4.089 -1.373
Accel: 0.006 0.041 0.992
Gyro: 4.211 -5.050 -1.068
Accel: 0.004 0.037 0.994
Gyro: 4.699 -6.072 0.885
Accel: 0.002 0.035 1.0000
Gyro: 4.898 -6.744 0.411
Accel: 0.0001 0.030 1.009
Gyro: 4.837 -6.439 0.152
Accel: 0.004 0.027 1.014
Gyro: 4.745 -5.477 0.488
Accel: 0.0010 0.025 1.014
Gyro: 4.455 -4.302 0.381
Accel: 0.0010 0.025 1.011
Gyro: 4.028 -2.929 0.259
Accel: 0.009 0.021 1.011
Gyro: 3.753 -1.892 0.991
Accel: 0.005 0.021 1.014
Gyro: 3.631 0.976 -1.556
Accel: 0.0001 0.024 1.017
Gyro: 3.860 0.030 -1.312
Accel: 0.005 0.027 1.026
Gyro: 4.486 0.793 0.595
Accel: 0.008 0.027 1.029
Gyro: 5.645 1.571 0.579
Accel: 0.007 0.023 1.024
Gyro: 6.164 2.090 1.525
Accel: 0.005 0.016 1.016
Gyro: 5.783 2.243 1.831
Accel: 0.006 0.008 1.011
Gyro: 4.440 2.075 1.510
Accel: 0.008 0.0000 1.009
Gyro: 2.502 1.571 0.839
Accel: 0.0010 0.003 1.015
Gyro: 1.007 1.251 0.488
Accel: 0.011 0.008 1.021
Gyro: 0.030 0.869 0.579
Accel: 0.0010 0.006 1.021
Gyro: 0.503 0.534 0.686
Accel: 0.009 0.0010 1.014
Gyro: 0.793 0.213 0.335
Accel: 0.0010 0.012 1.0010
Gyro: 0.823 0.381 0.137
Accel: 0.0010 0.013 1.007
Gyro: 0.717 -1.098 0.549
Accel: 0.011 0.011 1.008
Gyro: 0.656 -1.571 0.595
Accel: 0.012 0.012 1.009
Gyro: 0.488 -2.044 0.427
Accel: 0.011 0.012 1.013
Gyro: 0.015 -2.517 0.137
Accel: 0.008 0.013 1.0010
Gyro: 0.289 -3.082 0.259
Accel: 0.007 0.011 1.005
Gyro: 0.274 -3.753 0.579
Accel: 0.0001 0.007 1.006
Gyro: 0.030 -4.104 0.885
Accel: 0.0000 0.008 1.005
Gyro: 0.396 -4.013 0.885
Accel: 0.002 0.008 1.004
Gyro: 0.885 -3.723 0.823
Accel: 0.005 0.0010 1.003
Gyro: -1.113 -2.883 0.930
Accel: 0.004 0.014 1.005
Gyro: 0.976 -1.907 -1.388
Accel: 0.003 0.014 1.0000
Gyro: 0.381 0.823 -2.044
Accel: 0.0000 0.016 0.998
Gyro: 0.259 0.045 -2.670
Accel: 0.0000 0.018 0.997
Gyro: 1.052 0.427 -3.067
Accel: 0.0000 0.018 0.998
Gyro: 1.983 0.427 -3.219
Accel: 0.002 0.013 1.002
Gyro: 2.639 0.457 -3.051
Accel: 0.003 0.014 1.007
Gyro: 3.158 0.289 -2.716
Accel: 0.002 0.012 1.007
Gyro: 3.387 0.030 -1.907
Accel: 0.004 0.007 1.0010
Gyro: 3.479 0.610 0.930
Accel: 0.005 0.004 1.012
Gyro: 2.853 -1.144 0.122
Accel: 0.003 0.002 1.013
Gyro: 2.395 -1.663 0.549
Accel: 0.003 0.0001 1.014
Gyro: 1.876 -2.197 1.129
Accel: 0.002 0.0000 1.013
Gyro: 1.205 -2.517 1.281
Accel: 0.004 0.003 1.009
Gyro: 0.503 -2.838 0.961
Accel: 0.006 0.002 1.011
Gyro: 0.305 -3.082 0.534
Accel: 0.006 0.005 1.016
Gyro: 0.610 -2.838 0.259
Accel: 0.004 0.003 1.017
Gyro: 0.686 -2.319 0.305
Accel: 0.003 0.004 1.022
Gyro: 0.198 -1.388 0.350
Accel: 0.002 0.007 1.021
Gyro: 0.518 0.015 0.350
Accel: 0.0001 0.009 1.022
Gyro: 1.083 1.068 0.274
Accel: 0.0001 0.011 1.018
Gyro: 1.480 2.044 0.030
Accel: 0.0001 0.0010 1.019
Gyro: 1.754 2.822 0.061
Accel: 0.002 0.0010 1.018
Gyro: 1.998 2.944 0.305
Accel: 0.004 0.011 1.020
Gyro: 2.349 2.761 0.411
Accel: 0.008 0.0010 1.018
Gyro: 2.685 2.044 0.640
Accel: 0.0010 0.002 1.013
Gyro: 2.731 1.495 0.732
Accel: 0.009 0.0001 1.009
Gyro: 2.365 0.915 0.823
Accel: 0.005 0.0000 1.002
Gyro: 1.190 0.366 -1.220
Accel: 0.005 0.0001 0.999
Gyro: 0.350 0.183 -1.541
Accel: 0.016 0.007 0.998
Gyro: -1.846 0.289 -1.586
Accel: 0.031 0.0010 1.003
Gyro: -3.005 1.098 -1.266
Accel: 0.041 0.013 1.0010
Gyro: -3.265 2.014 -1.327
Accel: 0.047 0.018 1.012
Gyro: -2.487 2.563 -2.395
Accel: 0.040 0.018 1.0010
Gyro: -1.296 2.456 -4.531
Accel: 0.034 0.019 1.007
Gyro: 0.091 2.029 -6.927
Accel: 0.024 0.020 1.007
Gyro: 0.930 1.174 -9.368
Accel: 0.018 0.021 1.013
Gyro: 1.602 0.518 -11.077
Accel: 0.019 0.019 1.011
Gyro: 1.846 0.244 -11.566
Accel: 0.014 0.012 1.0010
Gyro: 1.495 0.167 -11.215
Accel: 0.0010 0.013 1.011
Gyro: 1.220 0.213 -10.467
Accel: 0.008 0.013 1.013
Gyro: 1.632 0.732 -9.613
Accel: 0.008 0.012 1.014
Gyro: 2.197 -1.052 -8.483
Accel: 0.007 0.008 1.012
Gyro: 2.746 -1.159 -7.080
Accel: 0.002 0.005 1.008
Gyro: 2.487 -1.480 -5.599
Accel: 0.0001 0.0000 1.004
Gyro: 1.937 -2.075 -4.577
Accel: 0.0001 0.002 1.004
Gyro: 1.296 -2.777 -3.829
Accel: 0.002 0.006 1.008
Gyro: 0.671 -3.326 -3.204
Accel: 0.005 0.004 1.011
Gyro: 0.488 -3.845 -3.219
Accel: 0.004 0.003 1.012
Gyro: 0.686 -3.646 -3.173
Accel: 0.003 0.005 1.014
Gyro: 1.190 -3.082 -2.883
Accel: 0.003 0.007 1.015
Gyro: 1.495 -2.136 -2.746
Accel: 0.006 0.011 1.017
Gyro: 1.724 -1.235 -2.655
Accel: 0.006 0.015 1.015
Gyro: 1.434 0.656 -2.944
Accel: 0.004 0.016 1.012
Gyro: 0.595 0.183 -3.250
Accel: 0.003 0.013 1.0010
Gyro: 0.335 0.534 -3.829
Accel: 0.0000 0.008 1.008
Gyro: -1.037 0.335 -4.348
Accel: 0.0000 0.003 1.008
Gyro: -1.129 0.305 -4.974
Accel: 0.061 0.006 1.007
Gyro: 0.595 -1.602 -5.889
Accel: 0.0000 0.005 1.003
Gyro: 0.167 -2.944 -6.759
Accel: 0.0000 0.005 1.0001
Gyro: 0.061 -4.119 -6.851
Accel: 0.002 0.008 0.997
Gyro: 0.122 -5.004 -6.362
Accel: 0.006 0.008 0.994
Gyro: 0.839 -5.752 -5.645
Accel: 0.009 0.013 1.061
Gyro: -1.800 -6.362 -4.989
Accel: 0.007 0.018 1.005
Gyro: -1.815 -6.515 -4.257
Accel: 0.007 0.016 1.002
Gyro: -1.754 -6.301 -3.570
Accel: 0.008 0.019 0.999
Gyro: -1.449 -5.981 -3.250
Accel: 0.014 0.020 0.994
Gyro: -1.419 -6.225 -3.433
Accel: 0.019 0.022 0.997
Gyro: 0.762 -6.332 -3.829
Accel: 0.021 0.023 1.0001
Gyro: 0.061 -6.210 -3.936
Accel: 0.021 0.025 1.0010
Gyro: 1.022 -5.279 -3.570
Accel: 0.037 0.013 1.008
Gyro: 0.167 -2.212 -1.129
Accel: 0.036 0.0010 1.006
Gyro: 0.595 -1.571 0.854
Accel: 0.037 0.014 1.0010
Gyro: 0.854 0.854 0.381
Accel: 0.031 0.012 1.012
Gyro: 0.610 0.061 0.167
Accel: 0.029 0.015 1.011
Gyro: 0.015 0.595 0.137
Accel: 0.032 0.014 1.007
Gyro: 0.503 0.671 0.686
