Accel: 0.209 0.014 1.145
Gyro: 6.958 20.187 7.446
Accel: 0.203 0.022 1.116
Gyro: 7.125 29.159 7.171
Accel: 0.197 0.022 1.084
Gyro: 6.805 37.445 6.744
Accel: 0.196 0.020 1.046
Gyro: 6.195 44.219 6.195
Accel: 0.205 0.030 1.019
Gyro: 5.432 47.317 6.576
Accel: 0.182 0.039 0.994
Gyro: 4.608 49.377 11.688
Accel: 0.168 0.029 0.983
Gyro: 4.180 52.566 7.781
Accel: 0.170 0.022 0.968
Gyro: 0.0000 55.496 7.202
Accel: 0.163 0.027 0.952
Gyro: 3.479 57.647 7.156
Accel: 0.153 0.021 0.936
Gyro: 3.723 58.532 6.652
Accel: 0.149 0.021 0.919
Gyro: 3.936 57.022 5.859
Accel: 0.142 0.030 0.907
Gyro: 4.302 52.474 5.371
Accel: 0.127 0.034 0.902
Gyro: 4.852 44.540 5.157
Accel: 0.111 0.034 0.895
Gyro: 5.905 34.683 4.714
Accel: 0.095 0.026 0.881
Gyro: 6.286 21.255 3.845
Accel: 0.096 0.0010 0.858
Gyro: 5.722 4.486 2.532
Accel: 0.089 0.0010 0.848
Gyro: 4.425 -4.196 2.090
Accel: 0.079 0.014 0.847
Gyro: 1.815 -14.343 2.410
Accel: 0.093 0.007 0.856
Gyro: 0.778 -23.391 1.922
Accel: 0.105 0.013 0.866
Gyro: 0.259 -30.288 2.014
Accel: 0.129 0.012 0.876
Gyro: 0.930 -38.665 2.624
Accel: 0.149 0.023 0.890
Gyro: -1.312 -38.619 2.700
Accel: 0.150 0.020 0.898
Gyro: -1.586 -39.794 2.532
Accel: 0.158 0.014 0.908
Gyro: -1.861 -38.421 2.639
Accel: 0.176 0.008 0.915
Gyro: -2.548 -34.805 2.929
Accel: 0.183 0.004 0.924
Gyro: -2.807 -29.510 3.585
Accel: 0.188 0.002 0.927
Gyro: -3.204 -22.445 3.967
Accel: 0.204 0.004 0.933
Gyro: -3.326 -14.068 3.997
Accel: 0.202 0.016 0.937
Gyro: -3.051 -6.469 4.348
Accel: 0.199 0.028 0.948
Gyro: -2.288 2.502 4.714
Accel: 0.206 0.026 0.950
Gyro: 0.900 10.299 4.592
Accel: 0.208 0.023 0.945
Gyro: 0.122 16.662 4.226
Accel: 0.202 0.019 0.941
Gyro: 0.579 21.087 3.585
Accel: 0.182 0.019 0.940
Gyro: 1.190 23.773 3.051
Accel: 0.165 0.012 0.937
Gyro: 1.098 25.497 2.151
Accel: 0.161 0.009 0.929
Gyro: 0.625 26.321 1.358
Accel: 0.164 0.005 0.923
Gyro: 0.244 26.336 0.854
Accel: 0.153 0.012 0.915
Gyro: 0.228 26.870 0.671
Accel: 0.153 0.020 0.908
Gyro: 0.518 27.191 0.625
Accel: 0.152 0.018 0.906
Gyro: -1.037 26.535 0.762
Accel: 0.137 0.015 0.905
Gyro: -1.678 24.810 0.915
Accel: 0.117 0.012 0.907
Gyro: -1.571 21.194 0.946
Accel: 0.107 0.017 0.905
Gyro: -2.044 16.616 1.190
Accel: 0.102 0.016 0.912
Gyro: -2.899 8.0010 1.174
Accel: 0.094 0.016 0.920
Gyro: -3.219 6.210 1.174
Accel: 0.087 0.024 0.926
Gyro: -3.417 -3.570 1.480
Accel: 0.087 0.025 0.933
Gyro: -3.829 -5.462 1.708
Accel: 0.093 0.021 0.941
Gyro: -3.601 -10.910 1.922
Accel: 0.098 0.025 0.950
Gyro: -3.189 -15.380 2.456
Accel: 0.103 0.029 0.957
Gyro: -3.189 -19.363 2.822
Accel: 0.104 0.028 0.969
Gyro: -3.768 -22.918 3.128
Accel: 0.097 0.019 0.984
Gyro: -4.196 -26.901 3.051
Accel: 0.092 0.020 1.060
Gyro: -4.608 -30.456 3.143
Accel: 0.096 0.013 1.014
Gyro: -4.608 -32.638 2.426
Accel: 0.104 0.013 1.031
Gyro: -4.455 -33.981 1.419
Accel: 0.113 0.036 1.045
Gyro: -4.196 -34.881 1.388
Accel: 0.126 0.044 1.060
Gyro: -3.784 -35.583 1.495
Accel: 0.132 0.047 1.075
Gyro: -3.173 -36.422 1.510
Accel: 0.132 0.053 1.083
Gyro: -2.761 -36.895 1.815
Accel: 0.148 0.055 1.094
Gyro: -2.716 -37.719 2.670
Accel: 0.162 0.053 1.0100
Gyro: -2.899 -42.953 4.043
Accel: 0.168 0.049 1.107
Gyro: -2.899 -40.618 5.676
Accel: 0.173 0.039 1.115
Gyro: -2.441 -41.091 6.683
Accel: 0.175 0.035 1.126
Gyro: -1.434 -40.527 7.064
Accel: 0.180 0.049 1.136
Gyro: 0.106 -38.986 7.751
Accel: 0.192 0.057 1.140
Gyro: 1.571 -35.980 8.239
Accel: 0.212 0.053 1.142
Gyro: 2.960 -32.394 8.407
Accel: 0.229 0.049 1.142
Gyro: 3.677 -28.060 8.346
Accel: 0.238 0.055 1.141
Gyro: 4.104 -19.653 8.300
Accel: 0.243 0.055 1.140
Gyro: 4.592 -19.500 8.438
Accel: 0.253 0.050 1.140
Gyro: 4.898 -16.113 7.827
Accel: 0.238 0.047 1.138
Gyro: 5.859 -12.451 6.591
Accel: 0.223 0.046 1.131
Gyro: 7.293 -8.300 5.599
Accel: 0.234 0.042 1.119
Gyro: 8.758 -5.233 4.959
Accel: 0.236 0.035 1.113
Gyro: 9.643 -4.028 4.562
Accel: 0.214 0.033 1.107
Gyro: 9.597 -3.768 4.776
Accel: 0.204 0.014 1.105
Gyro: 8.804 -3.799 3.784
Accel: 0.205 0.0001 1.102
Gyro: 7.202 -3.677 2.029
Accel: 0.209 0.002 1.098
Gyro: 5.035 -4.013 0.869
Accel: 0.211 0.0001 1.098
Gyro: 2.166 -4.989 0.701
Accel: 0.210 0.002 1.096
Gyro: 0.717 -6.835 0.778
Accel: 0.213 0.0000 1.092
Gyro: -3.585 -9.292 0.625
Accel: 0.216 0.019 1.090
Gyro: -6.134 -13.046 0.244
Accel: 0.190 0.045 1.089
Gyro: -8.941 -17.364 0.366
Accel: 0.151 0.063 1.094
Gyro: -11.917 -20.858 0.885
Accel: 0.154 0.002 1.101
Gyro: -19.363 -21.911 1.022
Accel: 0.206 0.067 1.120
Gyro: -18.325 -21.026 0.427
Accel: 0.235 0.066 1.122
Gyro: -20.156 -17.471 -1.342
Accel: 0.259 0.063 1.118
Gyro: -22.415 -11.032 -1.235
Accel: 0.276 0.066 1.113
Gyro: -24.154 -3.097 0.976
Accel: 0.278 0.065 1.097
Gyro: -25.741 4.119 0.885
Accel: 0.265 0.087 1.088
Gyro: -27.801 9.292 0.473
Accel: 0.243 0.110 1.075
Gyro: -30.197 14.312 0.808
Accel: 0.255 0.105 1.070
Gyro: -33.416 19.912 1.556
Accel: 0.261 0.093 1.071
Gyro: -35.675 26.519 1.251
Accel: 0.252 0.077 1.064
Gyro: -36.758 35.644 1.068
Accel: 0.253 0.063 1.055
Gyro: -37.490 46.585 1.037
Accel: 0.265 0.067 1.053
Gyro: -37.170 57.281 0.961
Accel: 0.270 0.075 1.044
Gyro: -35.263 65.719 0.778
Accel: 0.255 0.089 1.038
Gyro: -31.646 70.480 0.473
Accel: 0.229 0.097 1.019
Gyro: -27.114 72.036 0.503
Accel: 0.222 0.104 0.938
Gyro: -21.255 69.808 0.488
Accel: 0.211 0.114 0.983
Gyro: -14.541 63.522 0.549
Accel: 0.193 0.122 0.962
Gyro: -7.507 54.306 0.946
Accel: 0.179 0.126 0.941
Gyro: -1.190 44.357 1.739
Accel: 0.149 0.130 0.928
Gyro: 3.311 34.164 7.568
Accel: 0.188 0.117 0.915
Gyro: 6.423 20.126 1.907
Accel: 0.127 0.124 0.904
Gyro: 8.056 15.060 4.226
Accel: 0.144 0.111 0.909
Gyro: 9.201 7.217 4.867
Accel: 0.145 0.092 0.905
Gyro: 9.628 0.274 4.516
Accel: 0.155 0.082 0.907
Gyro: 9.643 -7.598 3.448
Accel: 0.152 0.093 0.911
Gyro: 9.933 -13.717 2.990
Accel: 0.146 0.106 0.920
Gyro: 10.604 -19.195 2.914
Accel: 0.148 0.104 0.932
Gyro: 11.444 -23.406 1.281
Accel: 0.150 0.102 0.947
Gyro: 12.466 -25.283 -2.044
Accel: 0.148 0.103 0.961
Gyro: 13.900 -24.032 -5.203
Accel: 0.169 0.097 0.962
Gyro: 15.350 -19.241 -7.156
Accel: 0.195 0.084 0.961
Gyro: 15.518 -12.344 -7.675
Accel: 0.202 0.067 0.951
Gyro: 15.014 -2.807 -6.790
Accel: 0.204 0.061 0.959
Gyro: 15.411 8.132 -5.157
Accel: 0.194 0.055 0.956
Gyro: 16.036 18.722 -3.677
Accel: 0.198 0.044 0.945
Gyro: 15.625 31.036 -2.929
Accel: 0.189 0.046 0.941
Gyro: 14.617 33.996 -2.212
Accel: 0.177 0.054 0.936
Gyro: 14.068 42.877 0.625
Accel: 0.167 0.047 0.924
Gyro: 13.366 42.144 0.244
Accel: 0.157 0.051 0.910
Gyro: 12.847 45.791 0.198
Accel: 0.151 0.060 0.888
Gyro: 13.122 50.079 0.152
Accel: 0.148 0.064 0.865
Gyro: 14.053 54.718 0.427
Accel: 0.145 0.054 0.840
Gyro: 14.709 58.837 0.503
Accel: 0.136 0.039 0.821
Gyro: 14.785 61.157 0.793
Accel: 0.119 0.038 0.805
Gyro: 14.358 60.928 -1.144
Accel: 0.0001 0.023 1.018
Gyro: 3.662 -6.195 0.534
Accel: 0.003 0.022 1.019
Gyro: 4.043 -6.164 0.930
Accel: 0.004 0.021 1.016
Gyro: 4.180 -5.981 -1.281
Accel: 0.005 0.023 1.016
Gyro: 4.074 -5.676 -1.480
Accel: 0.009 0.023 1.011
Gyro: 3.738 -5.294 -1.480
Accel: 0.014 0.018 1.011
Gyro: 2.746 -4.669 -1.281
Accel: 0.018 0.018 1.016
Gyro: 2.349 -4.089 0.762
Accel: 0.019 0.020 1.019
Gyro: 2.258 -3.570 0.442
Accel: 0.017 0.022 1.021
Gyro: 1.922 -2.929 0.106
Accel: 0.020 0.020 1.023
Gyro: 1.632 -2.655 0.045
Accel: 0.021 0.019 1.021
Gyro: 1.358 -2.273 0.061
Accel: 0.018 0.017 1.021
Gyro: 1.113 -1.525 0.244
Accel: 0.023 0.013 1.020
Gyro: 0.823 0.320 0.259
Accel: 0.025 0.013 1.022
Gyro: 0.457 0.961 0.396
Accel: 0.023 0.013 1.021
Gyro: 0.396 1.846 0.610
Accel: 0.023 0.015 1.020
Gyro: 0.213 2.151 0.747
Accel: 0.021 0.016 1.013
Gyro: 0.167 2.075 0.564
Accel: 0.018 0.0010 1.008
Gyro: 0.701 3.021 0.640
Accel: 0.017 0.011 1.013
Gyro: 0.930 3.814 0.579
Accel: 0.016 0.014 1.011
Gyro: -1.144 3.875 0.564
Accel: 0.011 0.018 1.008
Gyro: -1.235 3.601 0.518
Accel: 0.007 0.013 1.007
Gyro: -1.068 3.341 0.625
Accel: 0.003 0.008 1.005
Gyro: 0.793 3.372 0.961
Accel: 0.005 0.006 1.005
Gyro: 0.793 3.021 1.220
Accel: 0.061 0.012 1.006
Gyro: 0.671 2.075 1.342
Accel: 0.002 0.011 1.004
Gyro: 0.381 0.869 1.647
Accel: 0.002 0.013 1.0000
Gyro: 0.045 0.305 1.922
Accel: 0.002 0.014 0.999
Gyro: 0.045 -1.007 2.258
Accel: 0.003 0.013 1.005
Gyro: 0.289 -1.312 2.182
Accel: 0.002 0.014 1.009
Gyro: 0.701 -1.754 1.846
Accel: 0.0001 0.013 1.013
Gyro: 0.976 -2.120 1.388
Accel: 0.0001 0.012 1.015
Gyro: 1.327 -2.868 1.052
Accel: 0.0001 0.007 1.013
Gyro: 1.556 -3.585 0.778
Accel: 0.0001 0.006 1.011
Gyro: 1.251 -3.921 0.610
Accel: 0.008 0.012 1.013
Gyro: 1.129 -4.074 0.320
Accel: 0.0010 0.014 1.0010
Gyro: 1.327 -3.768 0.167
Accel: 0.0010 0.013 1.011
Gyro: 1.647 -3.326 0.061
Accel: 0.0010 0.009 1.005
Gyro: 1.571 -2.838 0.411
Accel: 0.0010 0.006 1.005
Gyro: 1.449 -2.517 0.488
Accel: 0.011 0.006 1.003
Gyro: 1.098 -2.197 0.381
Accel: 0.012 0.006 1.007
Gyro: 1.007 -1.831 0.015
Accel: 0.011 0.006 1.009
Gyro: 0.915 -1.495 0.366
Accel: 0.006 0.008 1.011
Gyro: 1.098 -1.129 0.595
Accel: 0.0001 0.0010 1.009
Gyro: 0.839 0.503 0.564
Accel: 0.004 0.007 1.008
Gyro: 0.350 0.183 0.518
Accel: 0.006 0.008 1.009
Gyro: 0.167 1.022 0.534
Accel: 0.0000 0.006 1.008
Gyro: 0.305 1.739 0.366
Accel: 0.0001 0.062 1.009
Gyro: 0.610 2.334 0.198
Accel: 0.0000 0.0000 1.009
Gyro: -1.068 3.128 0.0000
Accel: 0.0001 0.0000 1.012
Gyro: 0.839 3.677 0.0000
Accel: 0.0000 0.0001 1.009
Gyro: 0.640 3.860 0.259
Accel: 0.0000 0.0001 1.008
Gyro: 0.396 3.692 0.640
Accel: 0.0001 0.0001 1.004
Gyro: 0.152 3.067 -1.007
Accel: 0.0001 0.003 1.002
Gyro: 0.335 2.288 -1.617
Accel: 0.0001 0.0001 1.0000
Gyro: 0.488 1.571 -2.075
Accel: 0.0001 0.0000 0.995
Gyro: 1.159 1.296 -2.563
Accel: 0.0001 0.004 0.993
Gyro: 1.174 1.388 -2.655
Accel: 0.0001 0.0001 0.994
Gyro: 1.525 1.495 -2.288
Accel: 0.008 0.006 1.0000
Gyro: 1.571 1.251 -1.647
Accel: 0.0010 0.007 1.0000
Gyro: 2.029 0.457 -1.068
Accel: 0.014 0.006 1.0000
Gyro: 2.029 0.656 0.640
Accel: 0.008 0.0001 0.999
Gyro: 2.517 -1.846 0.473
Accel: 0.006 0.004 0.994
Gyro: 2.868 -2.990 0.488
Accel: 0.005 0.0001 0.992
Gyro: 3.219 -4.013 0.686
Accel: 0.005 0.0000 0.988
Gyro: 3.128 -5.081 0.991
Accel: 0.005 0.0001 0.984
Gyro: 2.868 -5.584 -1.281
Accel: 0.004 0.004 0.986
Gyro: 2.410 -5.432 -1.510
Accel: 0.0000 0.007 0.989
Gyro: 1.907 -5.218 -1.617
Accel: 0.0001 0.012 0.994
Gyro: 1.495 -5.615 -1.510
Accel: 0.004 0.008 0.994
Gyro: 0.762 -5.645 -1.251
Accel: 0.0001 0.006 0.994
Gyro: 0.183 -5.554 -1.205
Accel: 0.002 0.007 0.991
Gyro: 0.473 -5.157 -1.296
Accel: 0.003 0.0010 0.995
Gyro: -1.007 -4.318 -1.296
Accel: 0.0001 0.012 0.999
Gyro: -1.205 -4.028 -1.632
Accel: 0.0000 0.0010 1.0000
Gyro: -1.144 -3.952 -2.014
Accel: 0.0001 0.007 0.997
Gyro: -1.144 -3.433 -2.182
Accel: 0.0001 0.009 0.997
Gyro: -1.144 -2.761 -2.227
Accel: 0.003 0.006 0.998
Gyro: -1.007 -2.746 -2.349
Accel: 0.009 0.007 0.997
Gyro: 0.793 -3.097 -2.655
Accel: 0.0010 0.0010 0.997
Gyro: 0.625 -3.280 -2.639
Accel: 0.012 0.007 0.996
Gyro: 0.411 -3.524 -2.624
Accel: 0.0010 0.008 0.998
Gyro: 0.320 -3.890 -2.655
Accel: 0.009 0.008 1.0000
Gyro: 0.152 -4.211 -2.471
Accel: 0.012 0.008 1.0001
Gyro: 0.747 -4.470 -2.456
Accel: 0.013 0.007 0.998
Gyro: 1.327 -4.623 -2.563
Accel: 0.015 0.008 0.998
Gyro: 1.922 -5.020 -2.792
Accel: 0.012 0.0010 0.996
Gyro: 2.334 -5.523 -2.899
Accel: 0.008 0.013 0.992
Gyro: 2.410 -6.027 -2.532
Accel: 0.015 0.014 0.991
Gyro: 2.059 -6.423 -2.151
Accel: 0.017 0.018 0.998
Gyro: 1.983 -6.774 -2.075
Accel: 0.018 0.015 1.006
Gyro: 2.227 -7.614 -2.349
Accel: 0.015 0.015 1.008
Gyro: 2.334 -8.605 -2.426
Accel: 0.015 0.012 1.006
Gyro: 2.105 -9.719 -2.517
Accel: 0.022 0.013 1.008
Gyro: 2.014 -10.177 -2.716
Accel: 0.023 0.012 1.008
Gyro: 1.541 -10.406 -2.700
Accel: 0.024 0.015 1.013
Gyro: 1.403 -10.345 -2.761
Accel: 0.026 0.016 1.015
Gyro: 1.220 -10.589 -2.975
Accel: 0.033 0.015 1.016
Gyro: 0.823 -10.513 -3.265
Accel: 0.020 0.018 1.019
Gyro: 0.350 -8.728 -2.349
Accel: 0.030 0.020 1.039
Gyro: 0.534 -6.744 -1.571
Accel: 0.052 0.006 1.041
Gyro: 0.686 -4.776 -1.663
Accel: 0.054 0.005 1.044
Gyro: 0.640 -2.258 -2.014
Accel: 0.050 0.008 1.045
Gyro: 0.549 0.198 -1.861
Accel: 0.052 0.0010 1.043
Gyro: 0.366 1.846 -2.029
Accel: 0.054 0.009 1.039
Gyro: 0.427 2.990 -2.441
Accel: 0.053 0.009 1.031
Gyro: 0.747 4.165 -2.944
Accel: 0.046 0.012 1.033
Gyro: 0.915 5.554 -2.853
Accel: 0.047 0.011 1.029
Gyro: 1.174 6.042 -2.593
Accel: 0.040 0.009 1.022
Gyro: 0.839 6.332 -1.983
Accel: 0.036 0.0010 1.024
Gyro: 0.411 6.851 -1.327
Accel: 0.038 0.011 1.025
Gyro: 0.411 6.561 -1.144
Accel: 0.035 0.013 1.022
Gyro: 0.671 5.310 -1.205
Accel: 0.030 0.013 1.016
Gyro: 0.686 3.982 -1.144
Accel: 0.030 0.009 1.014
Gyro: 0.869 2.990 -1.007
Accel: 0.033 0.008 1.013
Gyro: 1.022 1.388 -1.068
Accel: 0.032 0.002 1.009
Gyro: 1.144 0.289 -1.068
Accel: 0.027 0.007 1.005
Gyro: 0.640 -1.266 0.793
Accel: 0.033 0.004 1.0010
Gyro: 0.625 -2.182 0.885
Accel: 0.036 0.005 1.0010
Gyro: 0.778 -3.189 -1.174
Accel: 0.030 0.005 1.007
Gyro: 0.869 -4.394 -1.358
Accel: 0.033 0.0001 1.005
Gyro: 1.113 -5.172 -1.800
Accel: 0.038 0.008 1.0000
Gyro: 1.266 -5.233 -2.136
Accel: 0.037 0.0010 1.0000
Gyro: 1.113 -4.806 -2.227
Accel: 0.033 0.006 1.002
Gyro: 0.808 -4.669 -2.304
Accel: 0.036 0.011 0.996
Gyro: 0.015 -4.226 -2.197
Accel: 0.020 0.032 0.987
Gyro: -1.617 -3.524 -1.129
Accel: 0.019 0.017 0.979
Gyro: -4.608 -3.936 0.122
Accel: 0.039 0.0000 0.966
Gyro: -11.428 -5.065 0.030
Accel: 0.049 0.008 0.940
Gyro: -9.979 -6.378 0.518
Accel: 0.049 0.006 0.906
Gyro: -12.634 -7.431 -1.007
Accel: 0.049 0.029 0.869
Gyro: -14.877 -8.178 -2.136
Accel: 0.046 0.029 0.823
Gyro: -15.640 -8.483 -7.690
Accel: 0.049 0.035 0.779
Gyro: -14.862 -10.055 -5.706
Accel: 0.057 0.051 0.701
Gyro: -13.763 -12.115 -8.132
Accel: 0.071 0.057 0.595
Gyro: -12.878 -12.329 -11.230
Accel: 0.075 0.071 0.481
Gyro: -7.934 -8.834 -13.854
Accel: 0.064 0.071 0.370
Gyro: -8.148 -1.251 -16.143
Accel: 0.077 0.043 0.263
Gyro: 4.226 12.283 -17.150
Accel: 0.075 0.013 0.157
Gyro: 17.379 25.375 -18.615
Accel: 0.040 0.005 0.070
Gyro: 30.517 42.175 -20.782
Accel: 0.023 0.094 0.011
Gyro: 41.580 54.183 -12.695
Accel: 0.066 0.133 0.026
Gyro: 40.390 60.836 -2.380
Accel: 0.059 0.036 0.054
Gyro: 34.500 68.328 7.217
Accel: 0.009 0.011 0.082
Gyro: 32.394 72.158 7.690
Accel: 0.033 0.023 0.0010
Gyro: 33.157 74.157 7.568
Accel: 0.009 0.013 0.065
Gyro: 34.133 75.637 7.369
Accel: 0.016 0.006 0.069
Gyro: 34.286 77.011 7.263
Accel: 0.005 0.008 0.103
Gyro: 34.027 78.628 7.125
Accel: 0.0001 0.062 0.029
Gyro: 33.233 79.879 6.820
Accel: 0.0001 0.0001 0.021
Gyro: 32.333 81.237 6.439
Accel: 0.002 0.003 0.031
Gyro: 27.465 82.473 6.088
Accel: 0.002 0.003 0.034
Gyro: 30.227 83.694 5.661
Accel: 0.004 0.004 0.041
Gyro: 29.205 84.625 5.279
Accel: 0.005 0.0000 0.047
Gyro: 27.862 85.525 4.730
Accel: 0.009 0.005 0.042
Gyro: 26.962 86.013 4.272
Accel: 0.004 0.0001 0.054
Gyro: 25.390 86.318 3.189
Accel: 0.007 0.006 0.047
Gyro: 24.383 86.486 2.410
Accel: 0.006 0.008 0.049
Gyro: 23.223 86.242 2.258
Accel: 0.007 0.006 0.050
Gyro: 21.713 85.708 2.182
Accel: 0.006 0.007 0.053
Gyro: 20.019 84.976 2.288
Accel: 0.006 0.008 0.057
Gyro: 18.600 84.106 2.532
Accel: 0.007 0.009 0.060
Gyro: 17.410 83.206 2.716
Accel: 0.006 0.007 0.065
Gyro: 16.555 81.985 2.822
Accel: 0.002 0.0000 0.067
Gyro: 15.823 81.054 7.431
Accel: 0.509 0.089 -4.682
Gyro: -29.922 -169.418 -24.322
Accel: 0.343 0.699 0.255
Gyro: -151.596 -499.969 -58.486
Accel: 0.295 0.364 0.0010
Gyro: -227.142 -499.969 -62.362
Accel: 1.391 2.946 0.960
Gyro: -498.138 -499.969 -47.897
Accel: 2.420 0.011 0.612
Gyro: -332.015 -20.477 -88.348
Accel: 0.560 0.350 -1.399
Gyro: -205.444 -54.641 -66.482
Accel: 0.081 0.924 1.306
Gyro: -107.635 -38.696 -13.549
Accel: 0.401 0.840 2.474
Gyro: 122.863 18.661 42.327
Accel: 0.365 0.063 2.622
Gyro: 136.871 147.491 9.399
Accel: 0.179 0.209 2.091
Gyro: 101.364 120.529 -53.176
Accel: 0.063 0.126 1.625
Gyro: 40.466 83.694 -90.515
Accel: 0.497 0.107 1.704
Gyro: -9.826 39.184 -93.002
Accel: 0.957 0.270 2.031
Gyro: -42.236 -4.394 -50.827
Accel: 0.613 0.519 2.078
Gyro: 4.241 -11.444 -9.246
Accel: 0.078 0.279 1.418
Gyro: 33.050 -44.052 0.244
Accel: 0.161 0.185 1.092
Gyro: 38.391 -69.442 0.320
Accel: 0.396 0.316 1.078
Gyro: 34.332 -63.735 -1.205
Accel: 0.605 0.403 1.199
Gyro: 37.673 -43.243 -10.848
Accel: 0.673 0.384 1.129
Gyro: 50.354 -22.994 -16.433
Accel: 0.635 0.308 1.118
Gyro: 49.514 -5.783 -22.399
Accel: 0.577 0.247 1.077
Gyro: 39.215 5.737 -24.337
Accel: 0.525 0.184 1.103
Gyro: 31.723 11.352 -24.398
Accel: 0.455 0.154 1.161
Gyro: 26.535 17.654 -23.101
Accel: 0.385 0.103 1.175
Gyro: 25.253 24.261 -21.286
Accel: 0.324 0.047 1.163
Gyro: 23.590 27.847 -19.439
Accel: 0.259 0.007 1.138
Gyro: 19.088 27.984 -16.647
Accel: 0.189 0.006 1.157
Gyro: 14.907 25.451 -12.847
Accel: 0.144 0.025 1.179
Gyro: 8.026 22.521 -9.948
Accel: 0.095 0.051 1.147
Gyro: 8.499 17.791 -7.858
Accel: 0.0000 0.066 1.111
Gyro: 3.341 11.383 -6.484
Accel: 0.069 0.073 1.085
Gyro: -1.754 6.637 -6.546
Accel: 0.102 0.064 1.080
Gyro: -5.554 5.035 -7.141
Accel: 0.120 0.055 1.081
Gyro: -6.439 5.920 -6.271
Accel: 0.125 0.050 1.066
Gyro: -5.584 7.873 0.106
Accel: 0.118 0.038 1.049
Gyro: -4.898 9.735 -1.617
Accel: 0.105 0.035 1.038
Gyro: -4.455 10.681 0.198
Accel: 0.094 0.040 1.029
Gyro: -4.318 10.070 0.152
Accel: 0.085 0.034 1.019
Gyro: -4.226 9.033 0.991
Accel: 0.085 0.023 1.012
Gyro: -3.433 8.712 -2.151
Accel: 0.089 0.015 1.011
Gyro: -1.770 9.292 -2.319
Accel: 0.096 0.017 1.017
Gyro: 0.091 9.597 -1.968
Accel: 0.097 0.027 1.022
Gyro: 0.930 10.330 -2.365
Accel: 0.094 0.030 1.016
Gyro: 1.113 10.787 -3.204
Accel: 0.097 0.029 1.011
Gyro: 0.549 10.711 -3.677
Accel: 0.102 0.022 1.008
Gyro: 0.061 10.467 -4.180
Accel: 0.101 0.019 1.006
Gyro: -1.022 10.589 -4.547
Accel: 0.094 0.016 1.016
Gyro: -1.312 11.642 -4.776
Accel: 0.098 0.013 1.014
Gyro: -1.678 12.832 -6.515
Accel: 0.089 0.006 1.012
Gyro: -2.456 13.809 -8.743
Accel: 0.062 0.005 1.015
Gyro: -3.250 14.053 -10.009
Accel: 0.050 0.012 1.021
Gyro: -4.150 13.137 -10.223
Accel: 0.047 0.014 1.033
Gyro: -4.714 11.688 -9.368
Accel: 0.047 0.015 1.055
Gyro: -3.875 10.803 -7.141
Accel: 0.064 0.014 1.073
Gyro: -2.090 10.025 -5.661
Accel: 0.047 0.009 1.074
Gyro: 0.488 8.865 -4.516
Accel: 0.013 0.0001 1.071
Gyro: 0.396 6.500 -3.036
Accel: 0.0000 0.009 1.072
Gyro: -1.861 4.409 -1.144
Accel: 0.005 0.017 1.076
Gyro: -4.577 1.708 0.076
Accel: 0.021 0.025 1.060
Gyro: -6.820 -1.434 0.839
Accel: 0.033 0.023 1.050
Gyro: -9.658 -3.295 1.663
Accel: 0.036 0.004 1.052
Gyro: -12.863 -4.455 2.655
Accel: 0.048 0.033 1.052
Gyro: -15.563 -4.791 2.929
Accel: 0.053 0.035 1.046
Gyro: -17.059 -4.928 3.158
Accel: 0.054 0.035 1.040
Gyro: -16.494 -4.272 3.433
Accel: 0.080 0.041 1.033
Gyro: -15.838 -3.173 2.929
Accel: 0.118 0.051 1.019
Gyro: -15.625 -1.541 1.724
Accel: 0.140 0.033 1.017
Gyro: -14.801 1.358 0.488
Accel: 0.128 0.048 1.002
Gyro: -7.858 3.646 0.610
Accel: 0.111 0.065 0.981
Gyro: -9.658 4.913 -1.846
Accel: 0.095 0.055 0.972
Gyro: -9.475 5.630 -3.692
Accel: 0.080 0.048 0.974
Gyro: -9.918 6.149 -5.783
Accel: 0.070 0.049 0.972
Gyro: -10.589 6.164 -7.049
Accel: 0.065 0.054 0.982
Gyro: -11.611 6.027 -7.476
Accel: 0.076 0.058 0.981
Gyro: -12.298 7.247 -6.072
Accel: 0.081 0.074 0.987
Gyro: -12.756 9.231 -3.509
Accel: 0.084 0.082 0.989
Gyro: -13.229 12.161 0.961
Accel: 0.068 0.073 0.991
Gyro: -13.900 15.151 0.427
Accel: 0.040 0.083 0.995
Gyro: -12.405 18.020 1.205
Accel: 0.036 0.096 1.002
Gyro: 0.473 26.947 0.518
Accel: 0.063 0.165 0.952
Gyro: 12.695 37.689 -1.312
Accel: 0.083 0.169 0.886
Gyro: 17.272 42.190 -2.670
Accel: 0.062 0.099 0.865
Gyro: 17.181 41.137 -2.761
Accel: 0.029 0.085 0.972
Gyro: 18.646 35.903 -2.700
Accel: 0.121 0.045 0.976
Gyro: 18.112 32.531 0.030
Accel: 0.059 0.045 0.970
Gyro: 14.221 25.497 1.724
Accel: 0.035 0.063 0.974
Gyro: 8.895 17.120 1.052
Accel: 0.043 0.080 1.015
Gyro: 6.011 11.322 1.815
Accel: 0.022 0.120 1.055
Gyro: 5.828 6.378 5.844
Accel: 0.019 0.110 1.090
Gyro: 9.628 3.692 7.278
Accel: 0.012 0.090 1.069
Gyro: 19.256 3.265 5.065
Accel: 0.002 0.078 1.122
Gyro: 22.109 2.700 1.144
Accel: 0.0010 0.085 1.094
Gyro: 29.937 1.602 -1.495
Accel: 0.031 0.060 1.062
Gyro: 34.164 0.732 0.061
Accel: 0.029 0.041 1.026
Gyro: 34.011 -4.928 -1.556
Accel: 0.058 0.013 1.013
Gyro: 27.053 -11.062 0.991
Accel: 0.027 0.052 1.086
Gyro: 27.465 -15.640 1.739
Accel: 0.017 0.007 1.112
Gyro: 30.975 -18.188 3.005
Accel: 0.0010 0.023 1.124
Gyro: 42.358 -17.395 3.295
Accel: 0.053 0.088 1.240
Gyro: 41.076 -24.169 6.912
Accel: 0.050 0.045 1.170
Gyro: 44.082 -26.763 8.087
Accel: 0.029 0.054 1.161
Gyro: 46.188 -29.113 12.542
Accel: 0.011 0.052 1.133
Gyro: 43.960 -35.156 20.324
Accel: 0.009 0.092 1.111
Gyro: 38.223 -44.448 30.990
Accel: 0.015 0.187 1.094
Gyro: 28.778 -56.152 38.558
Accel: 0.011 0.194 1.080
Gyro: 16.433 -64.880 36.834
Accel: 0.021 0.141 1.067
Gyro: 8.880 -64.804 31.127
Accel: 0.016 0.082 1.060
Gyro: 9.292 -53.939 21.865
Accel: 0.058 0.026 1.085
Gyro: 19.180 -40.466 11.474
Accel: 0.096 0.032 1.109
Gyro: 17.837 -33.477 4.257
Accel: 0.155 0.058 1.139
Gyro: 18.325 -30.700 1.647
Accel: 0.167 0.047 1.118
Gyro: 19.180 -25.894 1.358
Accel: 0.177 0.0010 1.081
Gyro: 20.889 -21.697 1.724
Accel: 0.176 0.024 1.054
Gyro: 21.743 -17.425 2.212
Accel: 0.234 0.060 1.044
Gyro: 21.942 -8.087 5.325
Accel: 0.189 0.123 1.027
Gyro: 15.625 -5.447 7.278
Accel: 0.190 0.093 1.032
Gyro: 17.654 1.770 5.737
Accel: 0.160 0.088 1.025
Gyro: 14.389 7.202 4.730
Accel: 0.137 0.097 1.016
Gyro: 11.459 11.383 4.104
Accel: 0.135 0.101 1.022
Gyro: 9.567 14.266 3.784
Accel: 0.118 0.097 1.034
Gyro: 9.292 17.425 4.043
Accel: 0.103 0.099 1.033
Gyro: 9.033 20.904 4.013
Accel: 0.098 0.099 1.037
Gyro: 8.789 24.353 2.914
Accel: 0.085 0.091 1.022
Gyro: 7.675 28.091 2.059
Accel: 0.073 0.088 1.008
Gyro: 5.554 30.838 2.868
Accel: 0.072 0.091 0.986
Gyro: 3.158 31.784 3.875
Accel: 0.065 0.088 0.953
Gyro: 0.839 31.433 4.974
Accel: 0.063 0.081 0.928
Gyro: 0.289 27.481 5.462
Accel: 0.051 0.064 0.906
Gyro: 1.541 20.324 6.683
Accel: 0.044 0.040 0.898
Gyro: 4.028 13.046 8.056
Accel: 0.044 0.036 0.889
Gyro: 5.935 0.808 9.109
Accel: 0.046 0.040 0.884
Gyro: 6.881 -3.005 9.323
Accel: 0.057 0.052 0.878
Gyro: 6.698 -8.102 8.682
Accel: 0.065 0.076 0.866
Gyro: 5.508 -10.955 7.324
Accel: 0.068 0.097 0.864
Gyro: 3.677 -13.015 5.783
Accel: 0.059 0.101 0.872
Gyro: 3.097 -15.548 4.379
Accel: 0.062 0.107 0.876
Gyro: 2.227 -18.264 2.960
Accel: 0.075 0.108 0.882
Gyro: 1.251 -21.255 1.327
Accel: 0.077 0.096 0.897
Gyro: 1.434 -24.337 0.686
Accel: 0.077 0.082 0.909
Gyro: 1.251 -27.206 -2.288
Accel: 0.090 0.069 0.935
Gyro: 1.678 -27.954 -3.356
Accel: 0.101 0.070 0.948
Gyro: 1.525 -25.543 -4.028
Accel: 0.109 0.071 0.956
Gyro: 0.518 -20.858 -4.425
Accel: 0.121 0.087 0.955
Gyro: -2.075 -14.480 -5.004
Accel: 0.117 0.093 0.955
Gyro: -5.279 -7.675 -5.432
Accel: 0.110 0.099 0.966
Gyro: -8.087 3.799 -5.645
Accel: 0.099 0.104 0.970
Gyro: -11.230 6.271 -5.859
Accel: 0.095 0.110 0.970
Gyro: -13.763 11.245 -6.408
Accel: 0.080 0.096 0.972
Gyro: -15.106 14.984 -6.469
Accel: 0.081 0.075 0.973
Gyro: -14.846 16.632 -6.042
Accel: 0.083 0.084 0.956
Gyro: -14.373 16.983 -5.264
Accel: 0.075 0.080 0.940
Gyro: -13.488 16.998 0.076
Accel: 0.066 0.082 0.935
Gyro: -13.626 17.715 -2.548
Accel: 0.054 0.079 0.934
Gyro: -13.687 17.807 -1.617
Accel: 0.037 0.071 0.931
Gyro: -13.717 17.028 0.762
Accel: 0.025 0.069 0.924
Gyro: -13.610 15.548 0.411
Accel: 0.025 0.064 0.916
Gyro: -13.519 13.534 0.534
Accel: 0.031 0.060 0.917
Gyro: -13.198 10.955 0.656
Accel: 0.032 0.048 0.922
Gyro: -11.810 8.056 0.427
Accel: 0.032 0.037 0.924
Gyro: -9.796 5.096 0.183
Accel: 0.038 0.032 0.927
Gyro: -7.339 0.946 0.625
Accel: 0.041 0.027 0.923
Gyro: -4.302 -3.433 0.823
Accel: 0.046 0.032 0.922
Gyro: -2.319 -6.835 1.266
Accel: 0.057 0.034 0.932
Gyro: 0.152 -9.353 1.464
Accel: 0.061 0.041 0.942
Gyro: 2.319 -11.642 1.525
Accel: 0.062 0.042 0.950
Gyro: 4.364 -12.863 1.434
Accel: 0.072 0.050 0.957
Gyro: 5.935 -13.458 0.701
Accel: 0.087 0.054 0.963
Gyro: 6.759 -14.007 0.274
Accel: 0.090 0.055 0.976
Gyro: 7.537 -14.099 0.579
Accel: 0.093 0.053 0.990
Gyro: 8.239 -14.343 0.381
Accel: 0.094 0.061 1.0000
Gyro: 8.148 -14.450 0.228
Accel: 0.096 0.068 1.008
Gyro: 7.659 -13.854 0.183
Accel: 0.0100 0.072 1.012
Gyro: 6.759 -12.237 3.829
Accel: 0.109 0.074 1.016
Gyro: 5.462 -9.674 0.305
Accel: 0.117 0.081 1.013
Gyro: 3.936 -6.500 0.701
Accel: 0.121 0.081 1.013
Gyro: 2.578 -2.166 1.174
Accel: 0.122 0.077 1.0010
Gyro: 0.946 2.655 1.388
Accel: 0.119 0.074 1.008
Gyro: 0.885 7.431 1.602
Accel: 0.114 0.070 1.008
Gyro: -2.227 11.108 1.678
Accel: 0.108 0.068 1.003
Gyro: -2.944 13.244 1.602
Accel: 0.105 0.066 0.998
Gyro: -3.768 15.548 1.449
Accel: 0.099 0.061 0.995
Gyro: -4.440 16.860 1.159
Accel: 0.089 0.057 0.995
Gyro: -4.608 17.456 0.640
Accel: 0.085 0.057 0.993
Gyro: -4.241 17.105 0.259
Accel: 0.080 0.059 0.988
Gyro: -4.257 16.342 0.061
Accel: 0.074 0.062 0.990
Gyro: -4.257 14.801 0.335
Accel: 0.062 0.058 0.991
Gyro: -3.555 12.283 0.564
Accel: 0.050 0.057 0.991
Gyro: -2.319 8.560 0.839
Accel: 0.046 0.062 0.982
Gyro: 0.915 5.584 -1.159
Accel: 0.045 0.069 0.982
Gyro: 0.091 3.723 -1.266
Accel: 0.043 0.072 0.983
Gyro: 0.839 1.968 -1.022
Accel: 0.042 0.070 0.985
Gyro: 1.174 0.671 0.854
Accel: 0.042 0.068 0.986
Gyro: 1.525 0.534 -1.052
Accel: 0.043 0.064 0.989
Gyro: 1.800 1.220 -1.144
Accel: 0.049 0.065 0.990
Gyro: 1.937 2.258 -1.068
Accel: 0.054 0.067 0.991
Gyro: 1.556 3.219 0.854
Accel: 0.051 0.067 0.992
Gyro: 0.869 7.736 0.640
Accel: 0.047 0.065 0.997
Gyro: 0.381 4.333 0.854
Accel: 0.050 0.066 1.0000
Gyro: 0.274 3.662 -1.434
Accel: 0.047 0.063 1.0000
Gyro: 0.549 2.975 -2.090
Accel: 0.051 0.063 1.0000
Gyro: 0.732 1.831 -2.838
Accel: 0.055 0.065 0.999
Gyro: 0.991 0.213 -3.570
Accel: 0.053 0.059 1.0000
Gyro: -1.342 -2.258 -4.043
Accel: 0.055 0.057 1.005
Gyro: 0.991 -5.294 -4.241
Accel: 0.055 0.058 1.0010
Gyro: 0.732 -7.629 -4.425
Accel: 0.060 0.0000 1.017
Gyro: 0.366 -9.323 -4.638
Accel: 0.063 0.062 1.025
Gyro: 0.106 -10.406 -4.745
Accel: 0.065 0.064 1.031
Gyro: 0.305 -11.276 -4.882
Accel: 0.068 0.062 1.036
Gyro: 0.320 -11.505 -5.126
Accel: 0.069 0.062 1.037
Gyro: 0.503 -11.352 -5.218
Accel: 0.073 0.060 1.038
Gyro: 0.961 -11.016 -5.081
Accel: 0.076 0.061 1.034
Gyro: -1.724 -10.604 -4.501
Accel: 0.075 0.066 1.034
Gyro: -2.136 -10.421 -3.936
Accel: 0.073 0.067 1.022
Gyro: -3.204 -8.422 -3.128
Accel: 0.077 0.066 1.037
Gyro: -4.501 -5.310 -1.998
Accel: 0.069 0.057 1.045
Gyro: -5.020 -2.655 0.244
Accel: 0.066 0.053 1.041
Gyro: -5.706 0.045 1.510
Accel: 0.072 0.050 1.042
Gyro: -6.057 2.853 2.502
Accel: 0.068 0.038 1.041
Gyro: -6.332 5.432 3.128
Accel: 0.063 0.028 1.041
Gyro: -6.027 7.415 3.921
Accel: 0.060 0.026 1.036
Gyro: -5.249 8.728 4.516
Accel: 0.055 0.025 1.031
Gyro: -4.379 9.643 4.928
Accel: 0.052 0.020 1.023
Gyro: -3.280 9.567 4.959
Accel: 0.045 0.015 1.017
Gyro: -2.166 8.804 4.760
Accel: 0.039 0.013 1.011
Gyro: 0.839 6.820 4.821
Accel: 0.037 0.018 1.005
Gyro: 0.625 4.028 5.020
Accel: 0.042 0.026 0.993
Gyro: 2.044 1.632 5.126
Accel: 0.052 0.033 0.986
Gyro: 2.197 0.762 4.684
Accel: 0.058 0.033 0.991
Gyro: 2.014 0.457 4.333
Accel: 0.057 0.029 1.062
Gyro: 1.907 0.259 4.348
Accel: 0.124 0.036 1.003
Gyro: 2.059 0.488 3.952
Accel: 0.067 0.039 1.0001
Gyro: 1.907 1.571 3.311
