Accel: 0.042 0.023 1.030
Gyro: -2.517 -3.280 1.495
Accel: 0.046 0.026 1.027
Gyro: -1.708 -1.373 1.419
Accel: 0.044 0.033 1.023
Gyro: 0.640 0.045 1.327
Accel: 0.041 0.039 1.019
Gyro: 0.457 0.991 1.052
Accel: 0.047 0.041 1.019
Gyro: 2.105 0.976 0.503
Accel: 0.043 0.044 1.016
Gyro: 4.165 0.091 0.213
Accel: 0.039 0.040 1.006
Gyro: 5.172 0.198 0.228
Accel: 0.038 0.036 1.008
Gyro: 5.554 0.457 0.198
Accel: 0.031 0.024 1.013
Gyro: 6.454 1.083 0.244
Accel: 0.031 0.018 1.018
Gyro: 7.751 1.953 0.640
Accel: 0.030 0.014 1.020
Gyro: 8.422 2.868 0.915
Accel: 0.035 0.0010 1.023
Gyro: 8.712 4.104 1.144
Accel: 0.033 0.009 1.025
Gyro: 9.017 4.806 1.083
Accel: 0.030 0.007 1.026
Gyro: 8.865 4.653 0.808
Accel: 0.026 0.009 1.023
Gyro: 8.438 4.623 0.122
Accel: 0.028 0.011 1.021
Gyro: 7.522 3.692 0.549
Accel: 0.030 0.011 1.019
Gyro: 6.408 2.670 -1.403
Accel: 0.028 0.015 1.020
Gyro: 5.050 1.281 -2.365
Accel: 0.025 0.016 1.013
Gyro: 3.417 0.305 -3.143
Accel: 0.023 0.016 1.0010
Gyro: 1.525 -1.678 -3.524
Accel: 0.022 0.011 1.003
Gyro: 0.579 -2.593 -3.707
Accel: 0.018 0.009 0.997
Gyro: -2.563 -3.250 -7.812
Accel: 0.019 0.0010 1.061
Gyro: -4.257 -3.326 -4.165
Accel: 0.022 0.012 1.0001
Gyro: -5.249 -3.524 -4.104
Accel: 0.020 0.015 0.998
Gyro: -5.676 -2.899 -3.982
Accel: 0.023 0.013 1.003
Gyro: -5.752 -2.456 -3.799
Accel: 0.028 0.018 1.0010
Gyro: -5.279 -1.785 -3.707
Accel: 0.027 0.022 1.017
Gyro: -5.096 0.045 -3.128
Accel: 0.035 0.016 1.023
Gyro: -5.172 2.227 -2.456
Accel: 0.034 0.0010 1.026
Gyro: -5.432 4.776 -1.892
Accel: 0.031 0.0010 1.031
Gyro: -4.989 11.550 -1.541
Accel: 0.029 0.0010 1.030
Gyro: -4.165 10.543 0.869
Accel: 0.023 0.012 1.023
Gyro: -3.143 13.0000 0.152
Accel: 0.021 0.012 1.014
Gyro: -2.365 14.984 0.991
Accel: 0.018 0.016 1.006
Gyro: -1.525 15.670 1.205
Accel: 0.008 0.019 0.999
Gyro: 0.671 15.335 1.510
Accel: 0.0000 0.020 0.989
Gyro: 0.076 14.343 1.678
Accel: 0.004 0.016 0.982
Gyro: 0.610 12.832 1.419
Accel: 0.012 0.014 0.979
Gyro: 1.571 11.413 0.915
Accel: 0.018 0.009 0.971
Gyro: 2.182 10.406 0.686
Accel: 0.020 0.013 0.965
Gyro: 1.922 10.848 0.457
Accel: 0.023 0.011 0.969
Gyro: 1.678 11.978 0.762
Accel: 0.025 0.009 0.970
Gyro: 1.434 13.366 0.946
Accel: 0.029 0.013 0.967
Gyro: 0.991 15.106 1.495
Accel: 0.034 0.014 0.962
Gyro: 0.427 16.586 2.197
Accel: 0.035 0.008 0.961
Gyro: 0.167 17.517 2.822
Accel: 0.039 0.0010 0.961
Gyro: 0.518 17.089 3.265
Accel: 0.046 0.007 0.962
Gyro: 0.686 15.579 3.555
Accel: 0.048 0.005 0.963
Gyro: 0.778 12.802 3.417
Accel: 0.051 0.0010 0.967
Gyro: 0.640 8.422 3.356
Accel: 0.056 0.012 0.967
Gyro: 0.167 2.548 3.417
Accel: 0.063 0.014 0.961
Gyro: 0.076 -2.197 3.616
Accel: 0.059 0.017 0.960
Gyro: 0.0000 -6.134 3.890
Accel: 0.053 0.011 0.963
Gyro: 0.137 -8.453 4.684
Accel: 0.042 0.011 0.970
Gyro: 0.854 -9.796 5.218
Accel: 0.039 0.017 0.971
Gyro: 1.205 -9.078 5.828
Accel: 0.032 0.017 0.979
Gyro: 1.083 -6.988 6.118
Accel: 0.017 0.015 0.993
Gyro: 1.373 -5.004 5.935
Accel: 0.009 0.020 1.0001
Gyro: 1.968 -3.540 5.508
Accel: 0.0001 0.023 1.008
Gyro: 2.502 -2.685 4.898
Accel: 0.003 0.024 1.018
Gyro: 2.655 -3.433 4.455
Accel: 0.002 0.026 1.026
Gyro: 2.822 -5.142 3.967
Accel: 0.008 0.025 1.031
Gyro: 2.624 -7.400 3.723
Accel: 0.008 0.018 1.037
Gyro: 1.922 -9.887 3.204
Accel: 0.0001 0.018 1.037
Gyro: 1.022 -12.176 2.822
Accel: 0.005 0.018 1.031
Gyro: 0.534 -13.580 2.716
Accel: 0.011 0.018 1.024
Gyro: -2.792 -13.183 2.746
Accel: 0.011 0.020 1.019
Gyro: -4.882 -11.276 3.173
Accel: 0.012 0.020 1.013
Gyro: -6.439 -4.180 3.707
Accel: 0.012 0.022 1.009
Gyro: -7.125 -4.333 4.440
Accel: 0.005 0.025 1.008
Gyro: -6.942 0.503 5.401
Accel: 0.004 0.029 1.009
Gyro: -6.057 3.509 6.118
Accel: 0.009 0.035 1.011
Gyro: -4.409 7.522 6.423
Accel: 0.017 0.041 1.012
Gyro: -2.563 11.779 6.225
Accel: 0.019 0.045 1.013
Gyro: -1.434 15.304 6.393
Accel: 0.023 0.042 1.016
Gyro: 0.610 17.135 6.164
Accel: 0.031 0.042 1.013
Gyro: 0.274 17.913 5.828
Accel: 0.036 0.041 1.011
Gyro: 3.875 16.937 6.011
Accel: 0.038 0.037 1.008
Gyro: 0.350 14.877 6.118
Accel: 0.044 0.035 1.005
Gyro: 0.885 11.459 6.347
Accel: 0.049 0.031 1.0001
Gyro: 1.266 6.866 6.759
Accel: 0.060 0.025 1.002
Gyro: 1.419 1.632 6.759
Accel: 0.064 0.023 1.005
Gyro: 1.388 -3.707 6.164
Accel: 0.061 0.025 1.011
Gyro: 1.022 -8.331 5.493
Accel: 0.052 0.029 1.013
Gyro: 0.427 -12.710 4.455
Accel: 0.036 0.031 1.018
Gyro: 0.137 -15.975 3.158
Accel: 0.022 0.036 1.022
Gyro: 0.213 -17.913 2.166
Accel: 0.018 0.038 1.023
Gyro: 0.274 -17.654 1.388
Accel: 0.011 0.036 1.026
Gyro: 0.091 -15.533 0.808
Accel: 0.012 0.027 1.032
Gyro: 0.030 -12.176 -3.814
Accel: 0.014 0.028 1.033
Gyro: 0.274 -8.377 0.488
Accel: 0.018 0.024 1.031
Gyro: 0.305 -5.081 0.579
Accel: 0.015 0.019 1.028
Gyro: 0.823 -1.464 0.595
Accel: 0.020 0.016 1.026
Gyro: -1.403 1.602 0.473
Accel: 0.027 0.013 1.021
Gyro: -2.166 3.509 0.137
Accel: 0.027 0.0010 1.013
Gyro: -2.960 4.623 0.473
Accel: 0.028 0.007 1.008
Gyro: -3.784 4.898 1.464
Accel: 0.026 0.005 1.0010
Gyro: -4.135 4.730 2.090
Accel: 0.027 0.008 1.012
Gyro: -3.921 3.662 2.502
Accel: 0.023 0.013 1.013
Gyro: -3.250 2.197 2.700
Accel: 0.021 0.016 1.0010
Gyro: -2.761 -3.845 2.609
Accel: 0.020 0.024 1.012
Gyro: -1.937 -2.761 2.563
Accel: 0.019 0.024 1.016
Gyro: -1.266 -6.195 2.532
Accel: 0.015 0.019 1.020
Gyro: 0.717 -9.567 2.334
Accel: 0.013 0.016 1.023
Gyro: 0.091 -12.756 2.166
Accel: 0.012 0.014 1.027
Gyro: 0.549 -15.518 1.861
Accel: 0.006 0.015 1.032
Gyro: 1.037 -16.952 1.541
Accel: 0.003 0.017 1.038
Gyro: 1.266 -17.761 1.296
Accel: 0.009 0.019 1.048
Gyro: 1.296 -18.356 0.930
Accel: 0.0010 0.019 1.059
Gyro: 1.647 -18.737 0.381
Accel: 0.002 0.017 1.067
Gyro: 1.968 -18.890 0.015
Accel: 0.0001 0.022 1.076
Gyro: 1.907 -18.707 0.045
Accel: 0.009 0.017 1.082
Gyro: 1.586 -18.203 0.030
Accel: 0.007 0.016 1.097
Gyro: 1.235 -17.333 0.320
Accel: 0.002 0.028 1.117
Gyro: 0.946 -17.089 0.259
Accel: 0.017 0.037 1.139
Gyro: 0.076 -17.990 0.183
Accel: 0.040 0.043 1.170
Gyro: 0.854 -20.278 0.183
Accel: 0.051 0.052 1.211
Gyro: -1.296 -23.574 0.259
Accel: 0.049 0.064 1.263
Gyro: 3.677 -29.037 1.007
Accel: 0.036 0.082 1.333
Gyro: 2.822 -38.650 1.922
Accel: 0.023 0.102 1.401
Gyro: 6.896 -52.627 2.349
Accel: 0.024 0.112 1.464
Gyro: 10.559 -67.367 2.792
Accel: 0.017 0.107 1.519
Gyro: 13.351 -81.527 7.629
Accel: 0.004 0.089 1.621
Gyro: 15.090 -82.611 5.111
Accel: 0.020 0.079 1.592
Gyro: 15.594 -80.398 7.736
Accel: 0.035 0.068 1.626
Gyro: 14.205 -72.128 10.971
Accel: 0.048 0.056 1.665
Gyro: 12.466 -59.738 13.381
Accel: 0.069 0.053 1.688
Gyro: 11.383 -44.784 14.816
Accel: 0.0100 0.055 1.703
Gyro: 10.513 -30.075 15.670
Accel: 0.135 0.057 1.714
Gyro: 10.543 -16.250 15.502
Accel: 0.169 0.058 1.708
Gyro: 10.757 -5.187 14.114
Accel: 0.193 0.060 1.694
Gyro: 10.879 4.837 7.980
Accel: 0.048 0.023 1.035
Gyro: 11.734 29.418 -5.508
Accel: 0.060 0.018 1.020
Gyro: 11.276 30.044 -4.196
Accel: 0.074 0.007 1.007
Gyro: 10.879 28.656 -3.112
Accel: 0.092 0.0001 0.993
Gyro: 10.101 25.802 -2.227
Accel: 0.101 0.0000 0.981
Gyro: 9.307 21.423 -1.434
Accel: 0.112 0.006 0.970
Gyro: 8.789 16.479 0.579
Accel: 0.118 0.008 0.961
Gyro: 8.0010 11.291 0.213
Accel: 0.120 0.0010 0.959
Gyro: 7.339 6.515 0.717
Accel: 0.125 0.009 0.958
Gyro: 6.881 2.456 1.266
Accel: 0.120 0.005 0.962
Gyro: 6.210 0.289 1.876
Accel: 0.120 0.002 0.968
Gyro: 5.645 -2.746 2.593
Accel: 0.122 0.003 0.981
Gyro: 4.867 -4.364 3.677
Accel: 0.116 0.002 0.993
Gyro: 3.860 -5.371 4.165
Accel: 0.115 0.009 1.0000
Gyro: 3.067 -5.813 4.379
Accel: 0.110 0.013 1.004
Gyro: 2.044 -5.569 4.379
Accel: 0.104 0.014 1.009
Gyro: 1.205 -5.157 4.135
Accel: 0.097 0.011 1.013
Gyro: 0.839 -5.187 3.631
Accel: 0.095 0.007 1.011
Gyro: 0.778 -6.011 2.990
Accel: 0.095 0.002 1.012
Gyro: 0.976 -6.713 2.426
Accel: 0.096 0.002 1.007
Gyro: 1.235 -6.759 2.197
Accel: 0.097 0.002 1.005
Gyro: 1.358 -5.889 2.410
Accel: 0.094 0.0001 1.002
Gyro: 1.037 -4.470 2.792
Accel: 0.086 0.0000 1.005
Gyro: 0.701 -2.899 2.929
Accel: 0.079 0.003 1.005
Gyro: 0.778 -1.907 3.173
Accel: 0.076 0.004 1.002
Gyro: 1.174 -1.724 3.112
Accel: 0.079 0.0001 0.998
Gyro: 1.235 -1.693 3.128
Accel: 0.083 0.003 0.993
Gyro: 0.869 0.640 3.555
Accel: 0.092 0.0001 1.062
Gyro: 0.152 0.808 3.753
Accel: 0.087 0.0001 1.004
Gyro: 0.183 1.663 3.585
Accel: 0.078 0.003 1.003
Gyro: 0.549 2.105 3.082
Accel: 0.079 0.002 1.003
Gyro: 0.625 2.014 2.426
Accel: 0.081 0.0000 0.999
Gyro: 0.442 1.663 1.770
Accel: 0.079 0.003 0.994
Gyro: 0.305 1.434 1.358
Accel: 0.083 0.008 0.990
Gyro: 0.244 1.327 1.251
Accel: 0.089 0.007 0.983
Gyro: 0.061 1.647 1.510
Accel: 0.089 0.007 0.980
Gyro: 0.045 2.136 1.831
Accel: 0.086 0.006 0.979
Gyro: 0.167 2.288 1.693
Accel: 0.085 0.006 0.982
Gyro: 0.213 2.227 1.403
Accel: 0.088 0.006 0.980
Gyro: 0.198 2.227 0.808
Accel: 0.091 0.005 0.978
Gyro: 0.305 2.334 0.167
Accel: 0.092 0.0001 0.973
Gyro: 0.549 2.593 0.396
Accel: 0.093 0.005 0.969
Gyro: 0.885 3.067 0.579
Accel: 0.0100 0.005 0.960
Gyro: -1.235 3.463 0.488
Accel: 0.104 0.002 0.954
Gyro: -1.831 4.104 0.244
Accel: 0.109 0.006 0.948
Gyro: -2.227 4.577 0.015
Accel: 0.112 0.014 0.944
Gyro: -1.937 4.882 0.137
Accel: 0.119 0.020 0.937
Gyro: -1.632 4.409 0.106
Accel: 0.115 0.022 0.927
Gyro: -1.205 3.952 0.427
Accel: 0.109 0.018 0.924
Gyro: 0.915 2.990 0.396
Accel: 0.105 0.015 0.916
Gyro: 0.274 1.586 0.488
Accel: 0.096 0.012 0.904
Gyro: 0.030 0.076 0.701
Accel: 0.093 0.014 0.895
Gyro: 0.0000 -1.312 0.656
Accel: 0.102 0.011 0.888
Gyro: 0.396 -2.746 0.686
Accel: 0.103 0.011 0.876
Gyro: 0.473 -3.524 1.083
Accel: 0.096 0.020 0.867
Gyro: 0.564 -4.348 1.464
Accel: 0.098 0.025 0.866
Gyro: 0.869 -5.722 2.029
Accel: 0.109 0.020 0.867
Gyro: 1.632 -7.324 3.173
Accel: 0.128 0.024 0.879
Gyro: 2.014 -8.773 3.936
Accel: 0.135 0.031 0.887
Gyro: 2.212 -9.277 3.723
Accel: 0.064 0.025 0.885
Gyro: 2.105 -9.628 3.677
Accel: 0.105 0.024 0.872
Gyro: 1.876 -9.292 3.448
Accel: 0.078 0.020 0.861
Gyro: 2.136 -8.621 2.944
Accel: 0.059 0.0010 0.849
Gyro: 3.326 -7.629 2.120
Accel: 0.052 0.006 0.827
Gyro: 4.547 -6.103 1.739
Accel: 0.047 0.014 0.804
Gyro: 5.493 -4.653 1.159
Accel: 0.043 0.026 0.777
Gyro: 5.584 -3.814 0.106
Accel: 0.033 0.038 0.747
Gyro: 4.592 -4.394 -1.770
Accel: 0.024 0.045 0.716
Gyro: 3.158 -5.935 -2.975
Accel: 0.043 0.058 0.687
Gyro: 1.281 -7.583 -1.464
Accel: 0.063 0.068 0.640
Gyro: -1.693 -4.089 2.395
Accel: 0.070 0.055 0.584
Gyro: -5.859 -6.057 6.683
Accel: 0.071 0.027 0.523
Gyro: -9.246 -2.136 9.689
Accel: 0.041 0.022 0.385
Gyro: -11.764 2.761 9.277
Accel: 0.060 0.062 0.328
Gyro: -7.843 9.613 8.865
Accel: 0.111 0.022 0.172
Gyro: -7.659 19.042 8.300
Accel: 0.034 0.011 0.096
Gyro: 1.770 28.427 8.743
Accel: 0.006 0.0001 0.006
Gyro: 4.257 36.773 9.277
Accel: 0.007 0.020 0.028
Gyro: 8.743 39.566 9.582
Accel: 0.009 0.013 0.033
Gyro: 12.817 41.625 9.689
Accel: 0.009 0.013 0.021
Gyro: 16.647 43.533 9.841
Accel: 0.0010 0.012 0.030
Gyro: 19.775 45.303 10.070
Accel: 0.006 0.0010 0.037
Gyro: 22.140 46.997 10.086
Accel: 0.007 0.008 0.041
Gyro: 23.941 48.522 10.101
Accel: 0.005 0.008 0.044
Gyro: 25.146 50.064 10.192
Accel: 0.005 0.008 0.046
Gyro: 25.741 51.651 10.192
Accel: 0.005 0.007 0.047
Gyro: 26.199 52.627 10.177
Accel: 0.003 0.007 0.050
Gyro: 26.687 53.848 10.086
Accel: 0.005 0.007 0.050
Gyro: 26.840 54.824 10.025
Accel: 0.002 0.005 0.056
Gyro: 26.748 55.709 9.719
Accel: 0.005 0.004 0.057
Gyro: 26.199 56.549 9.490
Accel: 0.006 0.003 0.059
Gyro: 25.497 57.342 9.140
Accel: 0.003 0.003 0.059
Gyro: 24.551 57.983 8.636
Accel: 0.004 0.002 0.067
Gyro: 23.574 58.593 8.087
Accel: 0.004 0.002 0.068
Gyro: 22.583 58.959 7.583
Accel: 0.003 0.003 0.071
Gyro: 21.621 59.310 6.866
Accel: 0.003 0.003 0.073
Gyro: 20.675 59.600 6.240
Accel: 0.0001 0.003 0.075
Gyro: 15.686 59.753 5.691
Accel: 0.003 0.004 0.078
Gyro: 18.829 59.829 5.004
Accel: 0.0001 0.003 0.080
Gyro: 18.081 59.707 4.516
Accel: 0.0001 0.004 0.085
Gyro: 17.623 59.524 3.997
Accel: 0.003 0.005 0.090
Gyro: 17.807 59.173 3.875
Accel: 0.003 0.007 0.103
Gyro: 18.753 58.685 3.845
Accel: -1.189 0.622 5.045
Gyro: 125.015 -280.624 -35.659
Accel: 2.069 0.985 5.351
Gyro: 202.285 -499.969 20.690
Accel: 0.531 0.262 1.743
Gyro: -67.169 -499.969 111.190
Accel: -2.620 0.270 7.459
Gyro: -98.022 -418.853 101.867
Accel: 0.641 1.202 5.450
Gyro: 86.273 40.985 -20.004
Accel: 0.033 0.379 2.302
Gyro: 153.808 158.599 -21.072
Accel: 0.193 0.137 2.220
Gyro: 177.429 180.786 -6.484
Accel: 0.682 0.178 1.663
Gyro: 195.953 150.497 -12.939
Accel: 0.607 0.334 1.213
Gyro: 225.677 112.380 -28.701
Accel: 0.617 0.453 1.136
Gyro: 222.244 95.596 -34.652
Accel: 0.498 0.592 1.413
Gyro: 174.942 99.304 -33.401
Accel: 0.502 0.654 1.535
Gyro: 112.762 103.881 -28.961
Accel: 0.478 0.669 1.578
Gyro: 60.546 93.536 -25.985
Accel: 0.404 0.705 1.601
Gyro: 11.978 69.183 -22.949
Accel: 0.373 0.738 1.565
Gyro: -23.086 33.218 -20.309
Accel: 0.348 0.717 1.488
Gyro: -62.011 -9.063 -15.579
Accel: 0.279 0.680 1.372
Gyro: -99.151 -50.659 -12.329
Accel: 0.189 0.590 1.198
Gyro: -135.971 -85.922 -14.190
Accel: 0.055 0.397 1.027
Gyro: -169.357 -109.939 -22.033
Accel: 0.088 0.238 0.885
Gyro: -199.508 -126.586 -29.769
Accel: 0.209 0.149 0.847
Gyro: -234.390 -137.359 -32.653
Accel: 0.239 0.084 0.907
Gyro: -272.079 -151.779 -31.600
Accel: 0.229 0.077 1.035
Gyro: -296.707 -178.787 -24.475
Accel: 0.210 0.124 1.335
Gyro: -299.438 -214.096 -12.344
Accel: 0.719 0.052 4.767
Gyro: -94.711 -43.106 -13.092
Accel: 0.371 0.432 0.822
Gyro: -15.716 3.097 -3.967
Accel: 0.153 0.098 0.689
Gyro: -43.884 -22.384 25.283
Accel: 0.109 0.101 0.796
Gyro: -29.190 -14.709 34.011
Accel: 0.070 0.068 0.802
Gyro: -38.208 -31.082 45.272
Accel: 0.047 0.143 0.842
Gyro: -37.582 -42.602 48.751
Accel: 0.131 0.172 0.989
Gyro: -34.149 -48.324 42.861
Accel: 0.108 0.171 0.986
Gyro: -35.125 -58.792 33.035
Accel: 0.049 0.144 1.033
Gyro: -34.622 -65.292 23.117
Accel: 0.002 0.065 1.655
Gyro: 0.411 -34.515 22.415
Accel: 0.031 0.095 1.149
Gyro: 27.236 -11.154 19.546
Accel: 0.117 0.053 0.975
Gyro: 18.936 -12.985 14.282
Accel: 0.058 0.090 0.884
Gyro: 7.965 -14.450 2.944
Accel: 0.048 0.030 0.835
Gyro: 2.761 -19.378 -1.907
Accel: 0.085 0.059 0.811
Gyro: -8.071 -17.562 -4.196
Accel: 0.116 0.022 0.824
Gyro: -22.796 -19.714 -5.096
Accel: 0.137 0.067 0.751
Gyro: -28.610 -18.295 -6.378
Accel: 0.120 0.114 0.798
Gyro: -43.289 -13.656 -8.0010
Accel: 0.148 0.140 0.903
Gyro: -38.772 -13.748 -10.620
Accel: 0.066 0.265 1.036
Gyro: -22.811 -12.344 -4.348
Accel: 0.026 0.286 1.050
Gyro: -3.417 -5.996 -1.449
Accel: 0.122 0.175 0.976
Gyro: 6.408 -3.051 0.503
Accel: 0.0001 0.144 0.975
Gyro: 16.128 -1.831 3.234
Accel: 0.070 0.107 1.036
Gyro: 26.046 -1.586 5.508
Accel: 0.106 0.005 1.059
Gyro: 31.616 -2.456 5.920
Accel: 0.075 0.051 1.002
Gyro: 34.088 -6.607 4.409
Accel: 0.127 0.022 1.035
Gyro: 39.657 -6.530 4.226
Accel: 0.167 0.005 1.052
Gyro: 47.363 -1.281 5.111
Accel: 0.163 0.085 1.072
Gyro: 46.157 5.249 5.859
Accel: 0.187 0.114 1.078
Gyro: 38.970 6.576 4.699
Accel: 0.190 0.184 1.156
Gyro: 28.106 6.896 4.821
Accel: 0.190 0.054 1.197
Gyro: 45.455 9.750 5.126
Accel: 0.148 0.256 1.377
Gyro: 47.042 8.895 13.900
Accel: 0.146 0.004 1.124
Gyro: 52.062 9.826 11.611
Accel: 0.152 0.002 1.218
Gyro: 49.285 0.610 9.979
Accel: 0.085 0.101 1.212
Gyro: 36.483 -15.869 9.353
Accel: 0.134 0.147 1.200
Gyro: 18.615 -34.347 8.575
Accel: 0.106 0.104 1.183
Gyro: 0.061 -37.338 11.734
Accel: 0.127 0.068 1.171
Gyro: -4.791 -36.514 15.029
Accel: 0.172 0.046 1.137
Gyro: -7.003 -30.624 16.204
Accel: 0.207 0.023 1.106
Gyro: -5.493 -23.437 15.609
Accel: 0.222 0.013 1.084
Gyro: -3.265 -17.272 13.732
Accel: 0.218 0.012 1.069
Gyro: -2.822 -13.031 12.527
Accel: 0.193 0.022 1.060
Gyro: -2.883 -10.620 11.627
Accel: 0.174 0.043 1.055
Gyro: -2.792 -10.406 9.933
Accel: 0.208 0.038 1.039
Gyro: -3.417 -10.818 8.361
Accel: 0.189 0.043 1.011
Gyro: -4.379 -11.367 7.156
Accel: 0.179 0.041 0.979
Gyro: -5.401 -11.825 4.745
Accel: 0.238 0.0000 0.981
Gyro: -5.493 -13.854 4.272
Accel: 0.217 0.003 0.974
Gyro: -5.050 -16.494 2.609
Accel: 0.198 0.005 0.983
Gyro: -4.669 -17.028 -3.845
Accel: 0.210 0.014 0.970
Gyro: -5.065 -14.373 -3.036
Accel: 0.211 0.020 0.979
Gyro: -4.791 -9.323 -5.401
Accel: 0.171 0.061 0.965
Gyro: -4.333 3.738 -4.852
Accel: 0.187 0.003 0.946
Gyro: -4.226 10.498 -5.035
Accel: 0.125 0.002 0.939
Gyro: -5.447 19.546 -5.447
Accel: 0.182 0.002 0.931
Gyro: -7.278 24.063 -5.569
Accel: 0.183 0.0000 0.924
Gyro: -9.674 24.520 -5.935
Accel: 0.182 0.006 0.926
Gyro: -12.191 22.125 -5.905
Accel: 0.180 0.015 0.931
Gyro: -13.580 18.585 -5.447
Accel: 0.189 0.022 0.942
Gyro: -13.183 15.502 -5.493
Accel: 0.192 0.022 0.944
Gyro: -11.688 13.977 -5.172
Accel: 0.177 0.020 0.941
Gyro: -9.765 14.755 -4.058
Accel: 0.172 0.023 0.931
Gyro: -7.019 19.378 -2.792
Accel: 0.150 0.030 0.936
Gyro: -4.562 23.986 -2.487
Accel: 0.137 0.033 0.940
Gyro: -2.822 26.580 -2.609
Accel: 0.134 0.035 0.937
Gyro: -2.380 27.832 -2.822
Accel: 0.131 0.036 0.932
Gyro: -3.982 28.808 -2.761
Accel: 0.117 0.032 0.933
Gyro: -5.737 29.693 -2.288
Accel: 0.107 0.040 0.927
Gyro: -6.729 30.212 -2.105
Accel: 0.103 0.044 0.924
Gyro: -6.881 31.326 -2.517
Accel: 0.105 0.036 0.928
Gyro: -5.477 33.416 -3.662
Accel: 0.109 0.024 0.937
Gyro: -3.585 36.666 -5.264
Accel: 0.101 0.016 0.941
Gyro: -2.471 39.367 -6.500
Accel: 0.097 0.016 0.948
Gyro: -2.716 39.855 -7.904
Accel: 0.092 0.028 0.953
Gyro: -4.592 36.682 -8.758
Accel: 0.088 0.039 0.955
Gyro: -7.232 30.776 -9.292
Accel: 0.090 0.044 0.958
Gyro: -10.269 23.422 -9.750
Accel: 0.091 0.039 0.962
Gyro: -11.596 16.479 -9.918
Accel: 0.096 0.029 0.961
Gyro: -7.919 10.803 -9.887
Accel: 0.101 0.0010 0.956
Gyro: -10.528 6.500 -9.872
Accel: 0.102 0.002 0.956
Gyro: -8.285 3.646 -10.101
Accel: 0.0100 0.0010 0.956
Gyro: -5.645 1.251 -10.513
Accel: 0.083 0.004 0.960
Gyro: -5.340 0.213 -10.360
Accel: 0.065 0.0001 0.967
Gyro: -6.713 -1.174 -9.613
Accel: 0.058 0.004 0.970
Gyro: -9.521 -2.273 -8.453
Accel: 0.123 0.014 0.983
Gyro: -12.084 -4.684 -7.705
Accel: 0.069 0.022 0.986
Gyro: -12.832 -6.851 -7.171
Accel: 0.075 0.020 0.982
Gyro: -12.207 -6.011 -6.515
Accel: 0.076 0.002 0.983
Gyro: -9.872 -2.563 -5.706
Accel: 0.077 0.012 0.976
Gyro: -6.805 1.861 -4.806
Accel: 0.073 0.025 0.966
Gyro: -4.333 5.142 -4.150
Accel: 0.071 0.033 0.968
Gyro: -2.365 6.927 -3.540
Accel: 0.081 0.025 0.981
Gyro: 0.320 7.904 -3.143
Accel: 0.088 0.011 0.991
Gyro: 1.525 9.536 -2.761
Accel: 0.081 0.007 0.994
Gyro: 2.471 11.932 -1.876
Accel: 0.069 0.004 0.982
Gyro: 2.471 15.182 0.793
Accel: 0.054 0.004 0.968
Gyro: 1.159 18.203 3.890
Accel: 0.051 0.011 0.961
Gyro: 0.503 19.317 0.640
Accel: 0.055 0.014 0.958
Gyro: 1.647 18.768 1.068
Accel: 0.056 0.060 0.955
Gyro: 4.974 17.684 1.678
Accel: 0.047 0.005 0.951
Gyro: 8.255 16.937 2.532
Accel: 0.030 0.003 0.940
Gyro: 10.894 16.784 3.967
Accel: 0.008 0.005 0.927
Gyro: 11.795 16.159 5.142
Accel: 0.0010 0.0010 0.916
Gyro: 11.566 14.434 5.813
Accel: 0.022 0.012 0.923
Gyro: 10.604 9.811 5.828
Accel: 0.018 0.017 0.927
Gyro: 10.757 3.890 5.249
Accel: 0.007 0.020 0.922
Gyro: 8.880 0.671 5.676
Accel: 0.0001 0.004 0.949
Gyro: 6.469 0.854 7.019
Accel: 0.0010 0.061 0.978
Gyro: 5.920 2.365 7.949
Accel: 0.025 0.004 0.990
Gyro: 6.011 4.013 7.476
Accel: 0.026 0.006 1.0001
Gyro: 5.111 4.745 6.515
Accel: 0.034 0.008 1.005
Gyro: 4.409 3.555 5.737
Accel: 0.039 0.012 1.009
Gyro: 3.402 0.427 3.860
Accel: 0.033 0.002 1.019
Gyro: 2.883 -3.936 1.022
Accel: 0.054 0.0010 1.009
Gyro: 1.647 -15.274 -1.327
Accel: 0.060 0.0001 0.994
Gyro: -1.007 -22.888 -2.273
Accel: 0.074 0.004 0.992
Gyro: -7.568 -25.146 -1.663
Accel: 0.093 0.002 0.988
Gyro: -6.088 -28.793 0.228
Accel: 0.093 0.003 0.984
Gyro: -7.904 -28.427 2.059
Accel: 0.068 0.0010 0.986
Gyro: -7.598 -23.208 3.509
Accel: 0.066 0.026 0.980
Gyro: -6.988 -14.556 3.402
Accel: 0.067 0.023 0.997
Gyro: -4.974 -6.637 2.456
Accel: 0.071 0.008 1.003
Gyro: -2.807 2.334 1.403
Accel: 0.068 0.061 1.0000
Gyro: -1.342 11.734 1.403
Accel: 0.059 0.005 0.993
Gyro: 0.762 20.217 2.090
Accel: 0.052 0.007 0.993
Gyro: 0.183 26.306 2.258
Accel: 0.054 0.002 0.992
Gyro: 1.678 29.296 1.632
Accel: 0.045 0.012 0.988
Gyro: 2.716 29.357 1.190
Accel: 0.036 0.025 0.980
Gyro: 2.410 26.962 1.174
Accel: 0.026 0.026 0.977
Gyro: 1.174 22.827 1.251
Accel: 0.022 0.024 0.981
Gyro: 0.244 11.947 0.625
Accel: 0.021 0.019 0.987
Gyro: -1.068 4.531 0.396
Accel: 0.016 0.021 0.992
Gyro: -2.838 1.419 -1.159
Accel: 0.018 0.018 0.994
Gyro: -5.249 -5.340 -1.510
Accel: 0.027 0.011 1.0001
Gyro: -7.995 -12.435 -1.525
Accel: 0.037 0.004 1.009
Gyro: -10.391 -19.653 -1.586
Accel: 0.046 0.0001 1.005
Gyro: -12.817 -24.353 -1.281
Accel: 0.056 0.006 1.008
Gyro: -15.258 -25.497 0.335
Accel: 0.069 0.031 1.014
Gyro: -16.601 -24.047 0.167
Accel: 0.074 0.024 1.008
Gyro: -16.632 -21.209 1.113
Accel: 0.084 0.015 1.023
Gyro: -16.098 -17.898 1.617
Accel: 0.087 0.020 1.027
Gyro: -15.014 -13.992 1.907
Accel: 0.091 0.020 1.023
Gyro: -13.092 -9.201 2.441
Accel: 0.086 0.023 1.018
Gyro: -11.047 -3.967 2.792
Accel: 0.084 0.023 1.020
Gyro: -8.331 0.717 2.777
Accel: 0.084 0.021 1.020
Gyro: -5.706 7.553 2.487
Accel: 0.077 0.020 1.013
Gyro: -4.135 7.049 2.914
Accel: 0.069 0.025 1.0010
Gyro: -2.838 10.589 3.646
Accel: 0.063 0.025 1.005
Gyro: -1.312 12.985 4.425
Accel: 0.060 0.027 1.0000
Gyro: 0.137 14.266 4.837
Accel: 0.054 0.028 1.0000
Gyro: 1.785 14.236 4.638
Accel: 0.045 0.028 0.996
Gyro: 3.097 13.671 4.684
Accel: 0.035 0.027 0.998
Gyro: 3.341 12.817 4.928
Accel: 0.025 0.023 1.0001
Gyro: 2.792 7.919 5.035
Accel: 0.023 0.021 1.0010
Gyro: 2.441 9.857 4.882
Accel: 0.028 0.019 1.020
Gyro: 3.021 6.805 4.287
Accel: 0.030 0.020 1.024
Gyro: 4.058 4.333 3.860
Accel: 0.028 0.026 1.027
Gyro: 4.638 3.784 4.074
Accel: 0.022 0.031 1.036
Gyro: 4.776 4.013 4.348
Accel: 0.023 0.028 1.043
Gyro: 4.684 4.013 4.409
Accel: 0.025 0.024 1.045
Gyro: 4.516 2.822 4.043
Accel: 0.021 0.019 1.042
Gyro: 4.165 0.396 3.662
Accel: 0.021 0.016 1.040
Gyro: 3.311 -2.548 3.784
Accel: 0.026 0.007 1.038
Gyro: 2.014 -6.698 3.967
Accel: 0.027 0.0001 1.044
Gyro: 0.640 -11.215 3.875
Accel: 0.032 0.002 1.051
Gyro: 0.152 -15.640 3.555
Accel: 0.037 0.0000 1.048
Gyro: 0.305 -19.180 3.265
Accel: 0.046 0.005 1.043
Gyro: 0.686 -20.721 3.387
Accel: 0.050 0.008 1.039
Gyro: -1.419 -19.882 3.753
Accel: 0.051 0.009 1.031
Gyro: -1.953 -17.440 3.829
Accel: 0.047 0.012 1.018
Gyro: -2.227 -13.961 3.646
Accel: 0.045 0.019 1.0001
Gyro: -2.655 -9.170 3.417
Accel: 0.042 0.023 0.987
Gyro: -3.707 0.305 3.738
Accel: 0.042 0.020 0.986
Gyro: -5.111 0.259 4.302
Accel: 0.040 0.011 0.992
Gyro: -6.225 4.547 4.226
Accel: 0.039 0.0010 0.992
Gyro: -6.439 8.651 3.738
Accel: 0.039 0.015 0.994
Gyro: -5.386 12.145 3.219
Accel: 0.045 0.015 0.990
Gyro: -4.028 14.358 2.288
Accel: 0.040 0.022 0.983
Gyro: -2.700 15.502 1.647
Accel: 0.031 0.028 0.976
Gyro: -2.761 14.556 1.632
Accel: 0.024 0.032 0.968
Gyro: -4.089 11.993 1.708
Accel: 0.015 0.033 0.963
Gyro: -6.088 8.880 1.815
Accel: 0.012 0.036 0.963
Gyro: -7.385 5.203 1.647
Accel: 0.015 0.037 0.967
Gyro: -7.751 1.358 1.419
Accel: 0.021 0.040 0.972
Gyro: -8.163 -2.929 1.327
Accel: 0.027 0.039 0.977
Gyro: -8.514 -6.668 1.144
Accel: 0.027 0.035 0.986
Gyro: -8.453 -9.597 0.442
Accel: 0.035 0.040 1.0001
Gyro: -3.967 -11.230 0.457
Accel: 0.042 0.043 1.011
Gyro: -7.171 -12.023 -1.342
Accel: 0.049 0.051 1.014
Gyro: -6.225 -11.856 -2.182
