Accel: 0.012 0.017 0.984
Gyro: 1.968 1.907 4.516
Accel: 0.008 0.013 0.987
Gyro: 1.495 2.212 4.440
Accel: 0.003 0.012 0.988
Gyro: 1.327 2.471 4.013
Accel: 0.002 0.012 0.989
Gyro: 1.235 1.953 3.402
Accel: 0.0000 0.008 0.993
Gyro: 1.678 1.449 2.944
Accel: 0.007 0.003 0.995
Gyro: 1.876 0.122 2.761
Accel: 0.005 0.005 0.999
Gyro: 1.724 0.595 2.349
Accel: 0.004 0.008 1.008
Gyro: 1.327 -1.586 1.632
Accel: 0.002 0.0010 1.011
Gyro: 1.327 -1.968 1.220
Accel: 0.0010 0.017 1.013
Gyro: 1.373 -1.235 0.900
Accel: 0.008 0.017 1.015
Gyro: 1.586 0.427 0.823
Accel: 0.004 0.021 1.0010
Gyro: 1.647 0.076 0.823
Accel: 0.008 0.026 1.006
Gyro: 1.724 0.091 1.022
Accel: 0.0000 0.029 1.002
Gyro: 1.281 1.983 1.281
Accel: 0.012 0.032 1.015
Gyro: 0.534 4.531 1.098
Accel: 0.012 0.031 1.022
Gyro: 0.137 6.347 0.930
Accel: 0.012 0.035 1.020
Gyro: 0.854 7.949 0.244
Accel: 0.012 0.033 1.019
Gyro: -1.388 8.499 0.778
Accel: 0.0010 0.029 1.018
Gyro: -1.358 7.400 -1.571
Accel: 0.0000 0.025 1.006
Gyro: -1.663 7.003 -1.785
Accel: 0.006 0.024 1.004
Gyro: -1.968 6.286 -1.953
Accel: 0.0001 0.020 1.003
Gyro: -1.937 4.638 -2.014
Accel: 0.006 0.023 0.996
Gyro: -1.663 2.792 -2.410
Accel: 0.012 0.019 0.994
Gyro: -1.083 0.900 -3.021
Accel: 0.018 0.011 0.990
Gyro: 0.381 0.793 -3.753
Accel: 0.019 0.0010 0.987
Gyro: 0.244 -2.517 -4.165
Accel: 0.016 0.004 0.989
Gyro: 0.976 -4.150 -4.226
Accel: 0.013 0.0000 0.989
Gyro: 1.937 -6.057 -3.570
Accel: 0.013 0.0000 0.993
Gyro: 2.624 -7.064 -2.349
Accel: 0.006 0.0000 1.0001
Gyro: 2.670 -7.644 -1.174
Accel: 0.002 0.0001 1.008
Gyro: 2.090 -8.163 3.753
Accel: 0.0000 0.003 1.015
Gyro: 1.373 -8.666 0.946
Accel: 0.002 0.007 1.017
Gyro: 0.228 -8.636 2.166
Accel: 0.007 0.007 1.020
Gyro: 0.686 -7.995 3.509
Accel: 0.015 0.003 1.019
Gyro: -1.358 -6.759 4.821
Accel: 0.020 0.004 1.019
Gyro: -1.556 -4.730 5.920
Accel: 0.021 0.011 1.019
Gyro: -1.113 -1.907 6.332
Accel: 0.016 0.014 1.017
Gyro: 0.823 1.266 6.698
Accel: 0.019 0.014 1.013
Gyro: 0.564 4.318 6.622
Accel: 0.011 0.013 1.007
Gyro: 0.534 6.286 6.317
Accel: 0.005 0.0010 1.0000
Gyro: 0.610 7.888 5.813
Accel: 0.005 0.0010 0.991
Gyro: -1.205 9.140 5.462
Accel: 0.008 0.006 0.983
Gyro: -1.693 9.429 4.989
Accel: 0.015 0.005 0.978
Gyro: -2.319 8.789 4.531
Accel: 0.024 0.002 0.979
Gyro: -2.426 7.431 3.555
Accel: 0.031 0.009 0.975
Gyro: -2.151 5.325 2.578
Accel: 0.036 0.012 0.971
Gyro: -2.883 3.860 2.014
Accel: 0.033 0.008 0.977
Gyro: -2.899 2.258 1.205
Accel: 0.035 0.007 0.975
Gyro: -2.609 0.244 0.762
Accel: 0.031 0.002 0.973
Gyro: -2.578 -1.663 0.366
Accel: 0.034 0.007 0.974
Gyro: -2.487 -3.280 0.320
Accel: 0.045 0.003 0.975
Gyro: -3.417 -4.852 0.610
Accel: 0.035 0.006 0.979
Gyro: -4.577 -6.317 -1.037
Accel: 0.031 0.007 0.986
Gyro: -5.126 -7.781 -1.434
Accel: 0.026 0.005 0.992
Gyro: -5.218 -9.506 -1.861
Accel: 0.024 0.005 0.993
Gyro: -5.020 -12.084 -2.273
Accel: 0.019 0.002 0.991
Gyro: -4.791 -14.373 -1.937
Accel: 0.009 0.007 0.998
Gyro: -4.592 -14.709 -1.846
Accel: 0.002 0.005 1.012
Gyro: -3.799 -14.373 -1.754
Accel: 0.0000 0.008 1.023
Gyro: -2.914 -13.992 -1.953
Accel: 0.002 0.004 1.024
Gyro: -2.380 -12.527 -2.151
Accel: 0.009 0.004 1.030
Gyro: -2.655 -10.116 -2.136
Accel: 0.014 0.005 1.035
Gyro: -2.548 -7.507 -2.029
Accel: 0.015 0.0010 1.039
Gyro: -2.624 -5.249 -1.968
Accel: 0.018 0.0010 1.041
Gyro: -2.365 -3.524 -2.456
Accel: 0.013 0.004 1.044
Gyro: -1.647 -2.090 -2.853
Accel: 0.016 0.002 1.042
Gyro: 0.946 0.762 -3.082
Accel: 0.015 0.061 1.041
Gyro: 0.244 0.213 -3.219
Accel: 0.014 0.0000 1.039
Gyro: 0.350 0.808 -3.433
Accel: 0.009 0.005 1.033
Gyro: 0.473 0.762 -3.555
Accel: 0.004 0.005 1.026
Gyro: 0.106 0.610 -3.479
Accel: 0.003 0.0000 1.020
Gyro: 0.610 0.442 -3.402
Accel: 0.0000 0.0001 1.016
Gyro: -1.037 0.061 -3.189
Accel: 0.0001 0.002 1.011
Gyro: -1.129 0.228 -3.341
Accel: 0.002 0.012 1.011
Gyro: 0.915 0.442 -3.036
Accel: 0.006 0.008 1.014
Gyro: -1.220 1.144 -3.082
Accel: 0.003 0.006 1.017
Gyro: 0.900 1.495 -2.868
Accel: 0.002 0.004 1.013
Gyro: 0.610 1.541 -2.548
Accel: 0.003 0.0001 1.012
Gyro: 0.289 1.510 -2.273
Accel: 0.002 0.006 1.011
Gyro: 0.488 1.815 -2.166
Accel: 0.0000 0.008 1.014
Gyro: 0.289 1.617 -2.227
Accel: 0.002 0.009 1.0010
Gyro: 0.259 1.556 -1.922
Accel: 0.0001 0.0010 1.006
Gyro: 0.457 1.861 -1.571
Accel: 0.061 0.0010 1.004
Gyro: 0.579 2.120 -1.113
Accel: 0.005 0.011 1.004
Gyro: 0.701 2.197 0.701
Accel: 0.005 0.013 1.004
Gyro: 0.930 1.785 0.366
Accel: 0.0010 0.014 1.004
Gyro: 1.205 1.068 0.076
Accel: 0.014 0.014 1.006
Gyro: 1.861 0.015 0.061
Accel: 0.016 0.015 1.006
Gyro: 2.304 -1.266 0.106
Accel: 0.014 0.016 1.006
Gyro: 2.716 -2.792 0.183
Accel: 0.012 0.011 1.004
Gyro: 2.777 -4.394 0.289
Accel: 0.008 0.013 1.006
Gyro: 2.532 -5.874 0.457
Accel: 0.004 0.013 1.008
Gyro: 2.075 -6.195 0.244
Accel: 0.0001 0.013 1.019
Gyro: 1.907 -5.752 0.045
Accel: 0.008 0.014 1.020
Gyro: 1.846 -4.928 0.366
Accel: 0.014 0.012 1.022
Gyro: 1.632 -3.738 0.869
Accel: 0.018 0.013 1.025
Gyro: 1.602 -2.517 -1.342
Accel: 0.019 0.015 1.027
Gyro: 1.602 -1.098 -1.571
Accel: 0.020 0.012 1.027
Gyro: 1.937 1.129 -2.395
Accel: 0.022 0.017 1.029
Gyro: 2.365 3.387 -3.295
Accel: 0.018 0.018 1.025
Gyro: 2.883 5.279 -3.692
Accel: 0.021 0.011 1.022
Gyro: 3.067 7.354 -4.058
Accel: 0.020 0.006 1.013
Gyro: 3.448 8.697 -4.150
Accel: 0.020 0.002 1.003
Gyro: 3.372 9.277 -3.982
Accel: 0.015 0.0001 0.991
Gyro: 2.777 9.765 -3.463
Accel: 0.012 0.007 0.985
Gyro: 1.495 10.437 -3.112
Accel: 0.003 0.0010 0.985
Gyro: 0.885 10.589 -3.189
Accel: 0.003 0.009 0.979
Gyro: 0.549 10.177 -3.204
Accel: 0.008 0.005 0.979
Gyro: 0.045 9.124 -3.295
Accel: 0.018 0.004 0.974
Gyro: 0.228 7.843 -3.051
Accel: 0.019 0.003 0.972
Gyro: 0.778 6.469 -2.792
Accel: 0.021 0.008 0.977
Gyro: -1.144 4.455 -2.487
Accel: 0.021 0.011 0.982
Gyro: -1.312 2.075 -2.182
Accel: 0.023 0.012 0.987
Gyro: -1.495 -1.068 -2.059
Accel: 0.028 0.013 0.988
Gyro: -1.525 -3.829 -1.922
Accel: 0.024 0.017 0.990
Gyro: -1.785 -6.591 -1.876
Accel: 0.024 0.022 0.993
Gyro: -1.663 -9.002 -1.892
Accel: 0.019 0.025 0.997
Gyro: -1.358 -10.513 -2.075
Accel: 0.011 0.025 1.003
Gyro: 0.900 -11.0001 -2.273
Accel: 0.005 0.025 1.007
Gyro: 0.213 -10.787 -1.937
Accel: 0.004 0.021 1.017
Gyro: 0.778 -9.490 -1.556
Accel: 0.008 0.020 1.022
Gyro: 1.953 -7.141 -1.083
Accel: 0.017 0.021 1.028
Gyro: 3.082 -4.547 0.503
Accel: 0.021 0.027 1.028
Gyro: 3.723 -1.953 0.091
Accel: 0.022 0.023 1.029
Gyro: 3.845 0.534 0.488
Accel: 0.020 0.022 1.030
Gyro: 3.921 2.304 0.625
Accel: 0.019 0.028 1.033
Gyro: 4.455 3.005 0.411
Accel: 0.017 0.033 1.028
Gyro: 5.081 3.219 0.122
Accel: 0.013 0.034 1.023
Gyro: 5.630 3.158 0.259
Accel: 0.009 0.028 1.020
Gyro: 6.225 2.944 0.854
Accel: 0.002 0.019 1.013
Gyro: 6.866 2.960 -1.403
Accel: 0.022 0.0000 0.996
Gyro: 1.174 0.808 0.198
Accel: 0.022 0.0001 0.993
Gyro: 0.869 0.595 0.274
Accel: 0.022 0.002 0.996
Gyro: 0.701 0.213 0.259
Accel: 0.023 0.0000 0.999
Gyro: 0.686 0.106 0.244
Accel: 0.021 0.0000 1.002
Gyro: 1.052 0.289 0.0000
Accel: 0.026 0.002 1.003
Gyro: 0.946 0.762 0.183
Accel: 0.032 0.0001 1.005
Gyro: 0.869 -1.129 0.396
Accel: 0.031 0.0000 1.007
Gyro: 0.823 -1.739 0.762
Accel: 0.033 0.004 1.007
Gyro: 0.640 -2.029 1.037
Accel: 0.034 0.0000 1.009
Gyro: 0.534 -2.288 1.159
Accel: 0.035 0.0000 1.015
Gyro: 0.640 -2.838 1.266
Accel: 0.034 0.0001 1.021
Gyro: 1.083 -3.738 1.281
Accel: 0.038 0.0001 1.024
Gyro: 1.785 -4.379 1.373
Accel: 0.039 0.002 1.031
Gyro: 2.349 -4.714 1.434
Accel: 0.041 0.0000 1.032
Gyro: 2.700 -4.730 1.190
Accel: 0.040 0.004 1.041
Gyro: 2.792 -5.142 0.976
Accel: 0.042 0.008 1.045
Gyro: 2.868 -6.500 0.732
Accel: 0.042 0.009 1.050
Gyro: 2.639 -8.911 0.762
Accel: 0.048 0.008 1.053
Gyro: 2.288 -11.947 0.625
Accel: 0.054 0.0001 1.062
Gyro: 1.647 -15.258 0.366
Accel: 0.054 0.0000 1.069
Gyro: 1.037 -18.295 0.320
Accel: 0.045 0.0001 1.078
Gyro: 0.564 -20.553 0.061
Accel: 0.038 0.003 1.088
Gyro: 0.381 -21.331 0.274
Accel: 0.029 0.006 1.093
Gyro: 0.289 -20.889 0.366
Accel: 0.022 0.002 1.099
Gyro: 0.350 -18.646 0.213
Accel: 0.014 0.0001 1.102
Gyro: 0.122 -14.801 0.030
Accel: 0.008 0.0000 1.104
Gyro: 0.457 -9.689 0.122
Accel: 0.004 0.004 1.098
Gyro: 0.534 -3.662 0.411
Accel: 0.011 0.0001 1.098
Gyro: 0.198 2.105 0.656
Accel: 0.005 0.002 1.088
Gyro: 0.366 7.522 0.778
Accel: 0.003 0.008 1.076
Gyro: 0.701 12.161 0.732
Accel: 0.002 0.008 1.058
Gyro: 1.113 16.281 0.503
Accel: 0.002 0.009 1.037
Gyro: 1.647 23.406 0.473
Accel: 0.0000 0.009 1.017
Gyro: 1.876 22.537 0.411
Accel: 0.003 0.012 0.996
Gyro: 2.426 24.337 0.183
Accel: 0.011 0.015 0.969
Gyro: 2.838 25.588 0.076
Accel: 0.015 0.013 0.948
Gyro: 2.792 25.497 0.015
Accel: 0.014 0.015 0.929
Gyro: 2.304 23.422 0.122
Accel: 0.027 0.021 0.914
Gyro: 1.892 19.897 0.122
Accel: 0.037 0.026 0.903
Gyro: 1.892 15.075 0.061
Accel: 0.042 0.020 0.894
Gyro: 2.120 8.743 0.091
Accel: 0.049 0.016 0.884
Gyro: 2.075 2.258 0.091
Accel: 0.048 0.013 0.887
Gyro: 1.892 -4.135 0.045
Accel: 0.040 0.013 0.896
Gyro: 1.998 -11.322 0.183
Accel: 0.039 0.016 0.906
Gyro: 1.739 -17.471 0.045
Accel: 0.033 0.016 0.922
Gyro: 1.556 -23.147 0.839
Accel: 0.032 0.014 0.932
Gyro: 0.915 -28.045 -1.312
Accel: 0.027 0.016 0.942
Gyro: 0.091 -31.509 -1.800
Accel: 0.018 0.011 0.965
Gyro: -1.174 -33.828 -2.197
Accel: 0.0000 0.0010 0.995
Gyro: -2.929 -34.423 -2.380
Accel: 0.0010 0.015 1.031
Gyro: -4.608 -34.057 -2.426
Accel: 0.019 0.022 1.058
Gyro: -6.057 -31.875 -2.777
Accel: 0.026 0.020 1.078
Gyro: -7.705 -27.252 -2.868
Accel: 0.033 0.018 1.097
Gyro: -8.789 -20.889 -2.822
Accel: 0.039 0.014 1.105
Gyro: -9.063 -13.900 -2.700
Accel: 0.040 0.014 1.104
Gyro: -8.941 -7.156 -2.624
Accel: 0.041 0.0010 1.097
Gyro: -8.560 0.335 -2.502
Accel: 0.038 0.007 1.086
Gyro: -8.361 6.973 -2.044
Accel: 0.033 0.062 1.072
Gyro: -8.041 11.886 -1.617
Accel: 0.020 0.005 1.067
Gyro: -7.965 15.457 -1.129
Accel: 0.014 0.006 1.061
Gyro: -7.797 17.425 -1.098
Accel: 0.0000 0.0010 1.053
Gyro: -7.766 17.868 -1.022
Accel: 0.009 0.0010 1.045
Gyro: -7.461 16.555 -1.205
Accel: 0.021 0.008 1.039
Gyro: -6.881 13.381 -1.525
Accel: 0.036 0.003 1.032
Gyro: -6.347 9.521 -1.983
Accel: 0.043 0.0000 1.025
Gyro: -5.966 4.623 -2.395
Accel: 0.049 0.0000 1.020
Gyro: -5.386 -1.068 -2.197
Accel: 0.050 0.004 1.018
Gyro: -5.554 -7.232 -2.410
Accel: 0.050 0.003 1.028
Gyro: -5.355 -12.756 -2.517
Accel: 0.032 0.008 1.041
Gyro: -4.943 -18.615 -2.746
Accel: 0.025 0.016 1.062
Gyro: -3.448 -24.368 -3.250
Accel: 0.018 0.017 1.073
Gyro: -1.342 -28.656 -3.768
Accel: 0.003 0.016 1.077
Gyro: 0.610 -30.715 -4.272
Accel: 0.003 0.022 1.078
Gyro: 1.831 -30.853 -4.257
Accel: 0.011 0.022 1.077
Gyro: 2.212 -28.106 -3.768
Accel: 0.025 0.013 1.072
Gyro: 2.517 -23.025 -3.799
Accel: 0.040 0.018 1.086
Gyro: 3.021 -16.830 -3.952
Accel: 0.051 0.0010 1.095
Gyro: 3.372 -9.490 -4.211
Accel: 0.066 0.008 1.0100
Gyro: 3.540 -1.449 -4.714
Accel: 0.067 0.014 1.092
Gyro: 3.677 7.537 -4.714
Accel: 0.060 0.016 1.069
Gyro: 2.960 16.983 -4.867
Accel: 0.055 0.014 1.047
Gyro: 2.639 28.182 -4.974
Accel: 0.037 0.014 1.0010
Gyro: 2.624 39.779 -4.806
Accel: 0.042 0.0010 0.958
Gyro: 2.395 51.910 -4.562
Accel: 0.044 0.033 0.909
Gyro: 1.663 59.768 -5.172
Accel: 0.013 0.033 0.850
Gyro: 0.534 60.974 -6.622
Accel: 0.030 0.019 0.784
Gyro: 0.305 56.091 -8.148
Accel: 0.064 0.012 0.704
Gyro: 0.534 46.203 -8.834
Accel: 0.094 0.016 0.618
Gyro: -2.288 31.265 -8.346
Accel: 0.145 0.027 0.528
Gyro: -8.300 21.591 -6.973
Accel: 0.146 0.032 0.423
Gyro: -14.633 9.262 -5.187
Accel: 0.139 0.052 0.345
Gyro: -18.203 -4.226 -3.814
Accel: 0.106 0.079 0.242
Gyro: -19.271 -19.577 -3.692
Accel: 0.103 0.107 0.152
Gyro: -22.583 -36.270 -5.752
Accel: 0.087 0.114 0.050
Gyro: -27.145 -48.858 -10.238
Accel: 0.029 0.107 0.007
Gyro: -17.013 -48.507 -6.958
Accel: 0.037 0.012 0.0100
Gyro: -14.144 -45.669 -3.265
Accel: 0.0000 0.009 0.101
Gyro: -8.285 -42.373 -3.204
Accel: 0.004 0.009 0.023
Gyro: -9.262 -39.733 -3.585
Accel: 0.060 0.005 0.018
Gyro: -6.713 -37.506 -3.967
Accel: 0.003 0.006 0.030
Gyro: -4.943 -34.927 -4.318
Accel: 0.0001 0.009 0.043
Gyro: -3.082 -32.501 -4.470
Accel: 0.003 0.009 0.046
Gyro: -1.708 -30.197 -4.653
Accel: 0.006 0.007 0.041
Gyro: 0.595 -27.999 -4.699
Accel: 0.007 0.008 0.035
Gyro: 0.152 -26.168 -4.837
Accel: 0.048 0.003 0.155
Gyro: 4.104 -34.194 -8.300
Accel: 0.146 0.007 0.322
Gyro: 41.061 -61.950 -22.354
Accel: 0.198 0.030 0.339
Gyro: 74.234 -87.280 -38.742
Accel: 2.041 -1.498 7.999
Gyro: 366.943 339.431 -49.682
Accel: 0.797 -2.021 1.593
Gyro: 310.577 499.984 49.819
Accel: 1.563 0.397 5.396
Gyro: 209.152 416.122 64.514
Accel: 0.216 0.409 1.565
Gyro: 158.706 325.241 30.563
Accel: 0.549 0.544 1.097
Gyro: 129.669 245.574 0.244
Accel: 0.727 0.490 1.083
Gyro: 78.628 146.316 -17.944
Accel: -1.246 0.380 1.081
Gyro: 35.324 49.713 -25.558
Accel: -1.344 0.411 1.093
Gyro: 8.285 -42.022 -27.084
Accel: -1.330 0.354 1.023
Gyro: -15.136 -120.635 -25.177
Accel: -1.228 0.325 0.976
Gyro: -41.641 -190.170 -20.782
Accel: -1.022 0.382 0.973
Gyro: -66.940 -240.432 -13.397
Accel: 0.595 0.467 1.206
Gyro: -90.652 -254.699 -11.306
Accel: 0.139 0.112 3.057
Gyro: -20.477 -95.413 -5.493
Accel: 0.046 0.158 1.082
Gyro: -15.518 -27.099 5.935
Accel: 0.021 0.276 0.707
Gyro: -58.975 -24.368 4.684
Accel: 0.097 0.242 1.103
Gyro: -84.640 -32.562 -4.196
Accel: 0.137 0.146 1.626
Gyro: -66.452 -9.857 -10.330
Accel: 0.007 0.143 1.309
Gyro: -58.639 -3.738 -9.140
Accel: 0.132 0.163 1.253
Gyro: -63.110 -9.262 -5.645
Accel: 0.246 0.139 1.421
Gyro: -56.549 -15.457 0.213
Accel: 0.215 0.156 1.308
Gyro: -46.585 -25.329 6.729
Accel: 0.196 0.161 1.229
Gyro: -41.229 -36.315 10.421
Accel: 0.166 0.106 1.225
Gyro: -33.752 -40.267 11.749
Accel: 0.146 0.065 1.174
Gyro: -25.634 -39.794 13.290
Accel: 0.149 0.043 1.104
Gyro: -17.684 -38.345 13.626
Accel: 0.141 0.016 1.003
Gyro: -11.337 -35.568 11.932
Accel: 0.103 0.006 1.034
Gyro: -7.553 -31.036 8.056
Accel: 0.064 0.027 1.006
Gyro: -7.522 -26.046 2.532
Accel: 0.051 0.032 0.990
Gyro: -8.255 -22.079 -3.326
Accel: 0.054 0.020 0.968
Gyro: -7.797 -19.485 -11.428
Accel: 0.054 0.004 0.930
Gyro: -7.171 -18.051 -10.940
Accel: 0.047 0.030 0.914
Gyro: -7.019 -16.616 -12.634
Accel: 0.041 0.043 0.911
Gyro: -6.958 -14.373 -12.588
Accel: 0.039 0.052 0.910
Gyro: -6.408 -7.873 -11.917
Accel: 0.042 0.059 0.902
Gyro: -4.898 -9.277 -10.772
Accel: 0.046 0.063 0.896
Gyro: -2.532 -6.515 -9.613
Accel: 0.076 0.083 0.770
Gyro: -6.179 3.036 -6.668
Accel: 0.069 0.088 0.803
Gyro: -17.105 18.524 -5.630
Accel: 0.002 0.068 0.883
Gyro: -13.229 26.199 -6.896
Accel: 0.055 0.053 0.839
Gyro: -9.887 25.360 -6.393
Accel: 0.106 0.069 0.864
Gyro: -6.607 19.271 -5.615
Accel: 0.012 0.075 1.031
Gyro: 0.030 12.802 -9.063
Accel: 0.090 0.011 0.903
Gyro: 6.027 12.222 -9.277
Accel: 0.121 0.036 0.901
Gyro: 7.934 16.967 -8.789
Accel: 0.091 0.039 0.931
Gyro: 10.864 22.338 -9.597
Accel: 0.137 0.032 1.041
Gyro: 16.967 23.025 -8.132
Accel: 0.160 0.023 1.103
Gyro: 34.713 13.015 -4.943
Accel: 0.198 0.022 1.101
Gyro: 45.394 3.143 3.631
Accel: 0.163 0.0001 1.161
Gyro: 53.192 -2.273 1.846
Accel: 0.237 0.173 1.171
Gyro: 39.550 -18.127 2.655
Accel: 0.201 0.172 1.142
Gyro: 24.597 -25.680 0.808
Accel: 0.141 0.173 1.012
Gyro: 5.035 -31.555 -2.349
Accel: 0.106 0.108 1.073
Gyro: -9.338 -34.652 -4.196
Accel: 0.028 0.085 1.217
Gyro: -9.048 -29.495 -6.088
Accel: 0.041 0.083 1.183
Gyro: -4.028 -19.104 -4.409
Accel: 0.051 0.092 1.062
Gyro: -5.798 -17.532 -2.197
Accel: 0.044 0.087 1.062
Gyro: -10.589 -21.362 0.839
Accel: 0.040 0.080 1.125
Gyro: -14.297 -24.200 0.747
Accel: 0.041 0.083 1.128
Gyro: -15.884 -23.0010 3.280
Accel: 0.039 0.103 1.077
Gyro: -17.166 -19.027 6.744
Accel: 0.083 0.160 0.958
Gyro: -21.743 -11.947 4.898
Accel: 0.168 0.094 1.049
Gyro: -32.287 -6.164 0.320
Accel: 0.044 0.031 1.191
Gyro: -22.018 -7.949 0.991
Accel: 0.115 0.073 1.037
Gyro: -15.869 -7.003 0.503
Accel: 0.110 0.045 1.0000
Gyro: -15.243 -6.744 -2.456
Accel: 0.062 0.023 1.072
Gyro: -10.040 -9.155 -4.531
Accel: 0.008 0.018 1.054
Gyro: -7.781 -8.590 -5.386
Accel: 0.007 0.061 1.072
Gyro: -4.928 -10.421 -4.409
Accel: 0.030 0.035 1.077
Gyro: -4.089 -14.907 -3.646
Accel: 0.070 0.052 1.081
Gyro: -4.241 -17.349 -4.379
Accel: 0.129 0.039 1.069
Gyro: -4.745 -18.127 -4.211
Accel: 0.164 0.017 1.063
Gyro: -7.934 -20.095 -2.365
Accel: 0.189 0.006 1.0001
Gyro: -12.268 -22.872 1.281
Accel: 0.046 0.030 1.118
Gyro: -13.015 -25.329 4.791
Accel: 0.099 0.030 1.095
Gyro: -7.034 -26.641 5.737
Accel: 0.027 0.005 1.106
Gyro: 1.495 -24.353 1.235
Accel: 0.244 0.035 1.071
Gyro: 5.935 -16.769 3.555
Accel: 0.179 0.016 1.076
Gyro: 12.039 -9.017 5.661
Accel: 0.171 0.020 1.064
Gyro: 18.768 1.937 5.401
Accel: 0.189 0.020 1.022
Gyro: 21.881 9.597 6.774
Accel: 0.145 0.015 0.987
Gyro: 23.361 12.832 11.657
Accel: 0.146 0.0000 0.977
Gyro: 24.917 12.557 8.850
Accel: 0.170 0.006 0.972
Gyro: 28.106 9.887 9.368
Accel: 0.182 0.0001 0.967
Gyro: 31.600 6.362 8.056
Accel: 0.184 0.0001 0.968
Gyro: 33.096 0.381 6.500
Accel: 0.168 0.026 0.973
Gyro: 32.745 -8.560 4.089
Accel: 0.141 0.060 0.998
Gyro: 31.784 -15.167 1.007
Accel: 0.104 0.086 1.018
Gyro: 30.715 -19.714 -1.403
Accel: 0.043 0.101 1.0001
Gyro: 30.242 -23.605 -1.510
Accel: 0.031 0.136 1.016
Gyro: 28.625 -24.169 3.845
Accel: 0.064 0.147 1.041
Gyro: 25.878 -23.941 0.0000
Accel: 0.097 0.142 1.042
Gyro: 16.235 -21.881 0.671
Accel: 0.135 0.140 1.044
Gyro: 14.755 -16.601 0.320
Accel: 0.178 0.133 1.045
Gyro: 9.933 -7.690 0.0000
Accel: 0.208 0.129 1.044
Gyro: 5.599 4.959 0.350
Accel: 0.236 0.124 1.039
Gyro: 1.449 18.661 0.762
Accel: 0.243 0.113 1.026
Gyro: -2.532 34.942 0.717
Accel: 0.228 0.096 1.011
Gyro: -6.423 43.457 0.137
Accel: 0.203 0.078 0.989
Gyro: -9.979 52.062 0.808
Accel: 0.160 0.070 0.974
Gyro: -13.427 56.030 -2.014
Accel: 0.090 0.061 0.960
Gyro: -16.128 55.938 -3.372
Accel: 0.008 0.053 0.943
Gyro: -18.295 51.681 -4.592
Accel: 0.065 0.052 0.934
Gyro: -20.278 42.984 -5.737
Accel: 0.130 0.059 0.924
Gyro: -21.438 33.004 -7.110
Accel: 0.179 0.063 0.914
Gyro: -22.613 25.772 -8.483
Accel: 0.191 0.071 0.913
Gyro: -23.193 15.823 -9.994
Accel: 0.184 0.070 0.908
Gyro: -23.300 16.006 -10.848
Accel: 0.158 0.071 0.910
Gyro: -22.796 13.885 -10.360
Accel: 0.138 0.058 0.906
Gyro: -21.697 12.710 -8.422
Accel: 0.118 0.048 0.905
Gyro: -20.797 11.276 -5.981
Accel: 0.104 0.043 0.919
Gyro: -19.195 7.537 -3.738
Accel: 0.089 0.041 0.926
Gyro: -17.486 3.173 -1.785
Accel: 0.077 0.037 0.935
Gyro: -16.693 0.488 0.076
Accel: 0.065 0.033 0.938
Gyro: -15.914 -7.812 2.014
Accel: 0.057 0.026 0.943
Gyro: -14.663 -6.881 3.448
Accel: 0.056 0.015 0.946
Gyro: -13.092 -9.353 4.211
Accel: 0.124 0.003 0.949
Gyro: -11.566 -11.535 4.287
Accel: 0.060 0.0000 0.954
Gyro: -10.192 -12.817 3.311
Accel: 0.052 0.0000 0.967
Gyro: -8.331 -14.297 1.785
Accel: 0.045 0.002 0.968
Gyro: -6.927 -13.763 0.656
Accel: 0.022 0.006 0.977
Gyro: -5.874 -12.008 0.274
Accel: 0.017 0.004 0.978
Gyro: -5.142 -9.109 -1.174
Accel: 0.016 0.0000 0.979
Gyro: -4.898 -6.195 -1.831
Accel: 0.017 0.0001 0.980
Gyro: -4.653 -5.218 -2.426
Accel: 0.024 0.0010 0.964
Gyro: -5.416 -4.394 -3.234
Accel: 0.032 0.019 0.967
Gyro: -6.423 -3.662 -3.631
Accel: 0.046 0.027 0.969
Gyro: -6.347 -4.226 -3.311
Accel: 0.053 0.041 0.964
Gyro: -6.256 -5.615 -2.731
Accel: 0.054 0.049 0.970
Gyro: -5.523 -6.942 -2.136
Accel: 0.054 0.049 0.975
Gyro: -4.211 -8.697 -1.052
Accel: 0.044 0.048 0.968
Gyro: -2.746 -9.216 0.549
Accel: 0.034 0.037 0.975
Gyro: -2.426 -8.987 2.227
Accel: 0.028 0.027 0.987
Gyro: -2.197 -8.773 3.250
Accel: 0.030 0.024 1.0001
Gyro: -1.922 -7.904 3.540
Accel: 0.023 0.022 1.008
Gyro: -2.700 -7.766 3.646
Accel: 0.016 0.020 1.007
Gyro: -3.540 -6.103 3.417
Accel: 0.009 0.014 1.015
Gyro: -4.470 -4.165 3.326
Accel: 0.002 0.013 1.013
Gyro: -5.096 -2.563 3.204
Accel: 0.0001 0.008 1.014
Gyro: -6.072 -1.083 2.380
Accel: 0.005 0.009 1.021
Gyro: -5.767 0.198 1.266
Accel: 0.0010 0.008 1.016
Gyro: -5.233 0.457 0.427
Accel: 0.0010 0.008 1.008
Gyro: -4.669 0.610 0.335
Accel: 0.020 0.0000 1.007
Gyro: -3.753 0.549 0.503
Accel: 0.022 0.0000 0.998
Gyro: -2.990 -2.044 0.564
Accel: 0.025 0.0000 0.996
Gyro: -1.861 -7.781 0.640
Accel: 0.037 0.006 0.997
Gyro: 3.707 -6.103 0.930
Accel: 0.049 0.018 0.994
Gyro: 1.983 -8.026 -1.174
Accel: 0.055 0.025 0.992
Gyro: 2.822 -8.560 -1.312
Accel: 0.055 0.020 0.991
Gyro: 3.829 -8.483 -1.068
Accel: 0.052 0.013 0.991
Gyro: 4.943 -7.766 0.488
Accel: 0.046 0.0010 0.989
Gyro: 6.011 -6.225 0.488
Accel: 0.046 0.012 0.981
Gyro: 6.744 -4.470 1.846
Accel: 0.049 0.024 0.983
Gyro: 7.064 -2.990 3.143
Accel: 0.054 0.033 0.984
Gyro: 7.324 -1.968 4.165
Accel: 0.056 0.036 0.988
Gyro: 7.186 -1.281 4.928
Accel: 0.054 0.035 0.989
Gyro: 6.134 -1.693 5.310
Accel: 0.056 0.037 0.992
Gyro: 4.943 -2.883 5.081
Accel: 0.052 0.038 0.994
Gyro: 3.494 -4.638 4.974
Accel: 0.039 0.034 0.998
Gyro: 1.602 -7.141 4.684
Accel: 0.036 0.034 1.005
Gyro: 0.167 -9.201 4.486
Accel: 0.027 0.034 1.013
Gyro: -1.037 -11.413 0.030
Accel: 0.023 0.028 1.021
Gyro: -1.617 -13.198 3.585
Accel: 0.018 0.025 1.026
Gyro: -2.044 -14.358 3.097
Accel: 0.012 0.024 1.027
Gyro: -2.670 -14.343 2.838
Accel: 0.0010 0.022 1.031
Gyro: -3.219 -13.671 2.456
Accel: 0.0010 0.020 1.032
Gyro: -3.799 -12.0100 2.059
Accel: 0.009 0.023 1.036
Gyro: -4.287 -9.887 1.312
Accel: 0.019 0.021 1.038
Gyro: -4.547 -6.607 0.869
Accel: 0.014 0.024 1.039
Gyro: -4.791 -3.356 0.823
Accel: 0.015 0.023 1.039
Gyro: -5.050 3.601 1.281
Accel: 0.024 0.020 1.038
Gyro: -5.096 2.212 1.739
Accel: 0.033 0.019 1.035
Gyro: -4.867 4.165 2.288
Accel: 0.039 0.018 1.030
Gyro: -4.943 5.279 2.960
Accel: 0.045 0.017 1.023
Gyro: -4.837 5.187 3.585
Accel: 0.058 0.009 1.020
Gyro: -5.172 4.165 3.997
Accel: 0.057 0.005 1.013
Gyro: -5.554 2.716 4.135
Accel: 0.054 0.0000 1.007
Gyro: -5.828 1.342 4.226
Accel: 0.047 0.003 1.0000
Gyro: -5.920 0.350 4.196
Accel: 0.046 0.007 1.0000
Gyro: -6.057 -2.029 3.906
Accel: 0.039 0.009 1.0001
Gyro: -6.484 -3.021 3.646
Accel: 0.022 0.011 1.006
Gyro: -6.866 -4.074 3.540
Accel: 0.014 0.018 1.0010
Gyro: -6.378 -4.852 3.463
Accel: 0.005 0.024 1.011
Gyro: -6.072 -5.874 3.753
Accel: 0.004 0.025 1.016
Gyro: -5.950 -6.103 3.814
Accel: 0.005 0.015 1.026
Gyro: -5.767 -5.416 3.463
Accel: 0.004 0.015 1.037
Gyro: -5.203 -4.470 2.990
Accel: 0.0000 0.018 1.046
Gyro: -4.287 -3.189 2.639
Accel: 0.0001 0.020 1.050
Gyro: -2.960 -1.556 2.304
Accel: 0.006 0.020 1.050
Gyro: -2.182 0.076 1.815
Accel: 0.004 0.017 1.052
Gyro: -1.174 2.227 0.473
Accel: 0.0001 0.013 1.052
Gyro: 0.381 4.394 0.656
Accel: 0.002 0.0010 1.050
Gyro: 0.167 5.844 -1.525
Accel: 0.007 0.007 1.051
Gyro: 0.305 6.530 -2.593
Accel: 0.019 0.008 1.047
Gyro: 0.640 6.698 -3.646
Accel: 0.027 0.004 1.043
Gyro: 0.473 6.286 -4.547
Accel: 0.037 0.003 1.037
Gyro: 0.152 5.935 -5.249
Accel: 0.044 0.0000 1.034
Gyro: 0.595 5.279 -5.523
Accel: 0.050 0.003 1.026
Gyro: 0.976 5.142 -5.386
Accel: 0.048 0.005 1.021
Gyro: -1.174 5.004 -4.577
Accel: 0.051 0.003 1.011
Gyro: 0.930 5.264 -3.250
Accel: 0.042 0.003 1.005
Gyro: 0.946 6.317 -1.617
Accel: 0.039 0.0000 1.008
Gyro: 0.015 7.644 0.091
Accel: 0.040 0.002 1.006
Gyro: 0.946 8.956 1.678
Accel: 0.038 0.004 1.002
Gyro: 1.785 9.674 2.578
Accel: 0.035 0.007 0.994
Gyro: 2.273 10.009 3.082
Accel: 0.030 0.014 0.992
Gyro: 1.861 10.528 3.311
Accel: 0.028 0.019 0.996
Gyro: 1.892 10.742 3.463
Accel: 0.023 0.021 0.991
Gyro: 1.800 10.711 3.677
Accel: 0.020 0.020 0.989
Gyro: 1.495 10.330 3.402
Accel: 0.022 0.019 0.990
Gyro: 1.586 9.582 2.960
Accel: 0.022 0.016 0.983
Gyro: 1.525 8.697 2.456
Accel: 0.024 0.018 0.984
Gyro: 1.510 8.087 2.090
Accel: 0.026 0.015 0.990
Gyro: 1.739 6.927 1.693
Accel: 0.031 0.014 0.992
Gyro: 2.563 5.065 1.251
Accel: 0.034 0.0010 0.990
Gyro: 3.021 2.410 0.381
Accel: 0.036 0.009 0.985
Gyro: 2.883 0.183 0.228
Accel: 0.036 0.004 0.986
Gyro: 2.410 -1.708 -1.007
Accel: 0.036 0.007 0.995
Gyro: 2.258 -3.387 -1.647
Accel: 0.038 0.011 0.997
Gyro: 2.365 -4.547 -2.075
Accel: 0.036 0.019 0.999
Gyro: 2.319 -5.187 -2.120
Accel: 0.033 0.016 1.0001
Gyro: 1.831 -5.187 -2.182
Accel: 0.041 0.014 1.011
Gyro: 1.449 -4.730 -2.273
Accel: 0.043 0.011 1.017
Gyro: 1.266 -4.104 -2.075
Accel: 0.043 0.011 1.024
Gyro: 0.976 -2.380 -1.724
Accel: 0.036 0.004 1.029
Gyro: 0.762 0.579 -1.403
Accel: 0.035 0.0000 1.030
Gyro: 0.198 2.014 0.976
Accel: 0.036 0.004 1.031
Gyro: 0.183 4.821 0.198
Accel: 0.038 0.003 1.027
Gyro: 0.289 7.446 0.488
Accel: 0.040 0.002 1.020
Gyro: 0.625 10.101 1.586
Accel: 0.044 0.005 1.014
Gyro: -1.373 12.115 2.304
Accel: 0.052 0.003 1.007
Gyro: -2.151 13.809 2.685
Accel: 0.060 0.005 1.002
Gyro: -2.853 14.221 2.746
Accel: 0.063 0.005 0.993
Gyro: -3.189 13.748 2.914
Accel: 0.067 0.008 0.987
Gyro: -3.463 12.359 2.944
Accel: 0.072 0.0010 0.979
Gyro: -3.204 10.421 2.944
Accel: 0.075 0.016 0.975
Gyro: -2.807 8.087 2.990
Accel: 0.075 0.023 0.970
Gyro: -2.120 5.599 3.082
