Accel: 0.055 0.031 1.007
Gyro: 0.961 14.389 0.381
Accel: 0.046 0.026 0.998
Gyro: 0.976 15.167 0.656
Accel: 0.039 0.025 0.985
Gyro: 1.068 14.892 0.854
Accel: 0.035 0.025 0.976
Gyro: 0.991 13.885 0.854
Accel: 0.030 0.022 0.967
Gyro: 0.793 7.873 0.885
Accel: 0.028 0.021 0.961
Gyro: 0.717 9.078 0.976
Accel: 0.023 0.025 0.956
Gyro: 0.595 5.432 1.113
Accel: 0.025 0.025 0.955
Gyro: 0.503 1.342 1.296
Accel: 0.028 0.021 0.957
Gyro: 0.228 -2.502 1.342
Accel: 0.036 0.020 0.964
Gyro: 0.015 -5.676 1.129
Accel: 0.038 0.017 0.969
Gyro: 0.015 -8.0010 1.007
Accel: 0.046 0.020 0.973
Gyro: 0.015 -10.116 0.686
Accel: 0.057 0.020 0.978
Gyro: 0.305 -11.184 0.228
Accel: 0.063 0.015 0.985
Gyro: 0.457 -11.718 0.259
Accel: 0.072 0.017 0.991
Gyro: 0.839 -12.161 0.823
Accel: 0.076 0.014 0.996
Gyro: 0.976 -12.435 -1.159
Accel: 0.076 0.013 1.002
Gyro: 1.007 -11.886 -1.052
Accel: 0.078 0.021 1.003
Gyro: 0.244 -10.574 0.961
Accel: 0.084 0.024 1.003
Gyro: 0.885 -8.987 0.534
Accel: 0.091 0.033 1.009
Gyro: -2.105 -7.492 0.061
Accel: 0.083 0.036 1.013
Gyro: -3.234 -5.508 0.686
Accel: 0.088 0.039 1.013
Gyro: -4.409 -3.616 1.113
Accel: 0.087 0.035 1.013
Gyro: -5.294 -1.876 1.586
Accel: 0.091 0.031 1.011
Gyro: -5.279 0.503 1.449
Accel: 0.091 0.016 1.011
Gyro: -4.837 0.534 1.251
Accel: 0.083 0.008 1.011
Gyro: -4.608 1.525 1.373
Accel: 0.087 0.012 1.011
Gyro: -4.547 2.716 1.953
Accel: 0.083 0.020 1.012
Gyro: -4.791 3.723 2.609
Accel: 0.076 0.022 1.0010
Gyro: -5.416 4.135 2.746
Accel: 0.084 0.021 1.011
Gyro: -6.027 3.799 2.334
Accel: 0.075 0.0010 1.012
Gyro: -5.661 3.021 1.998
Accel: 0.067 0.011 1.008
Gyro: -5.187 2.471 1.586
Accel: 0.070 0.011 1.004
Gyro: -5.050 2.243 1.083
Accel: 0.064 0.009 1.0001
Gyro: -4.852 2.044 0.961
Accel: 0.061 0.0010 0.995
Gyro: -4.714 2.059 0.579
Accel: 0.066 0.011 0.984
Gyro: -4.791 2.120 0.091
Accel: 0.062 0.003 0.982
Gyro: -4.562 1.495 0.823
Accel: 0.051 0.004 0.982
Gyro: -4.211 1.190 0.885
Accel: 0.059 0.0001 0.993
Gyro: -3.356 1.052 -1.434
Accel: 0.050 0.0000 0.995
Gyro: -2.685 0.671 -1.373
Accel: 0.057 0.002 1.0000
Gyro: -2.319 0.289 -1.144
Accel: 0.056 0.006 1.002
Gyro: -1.754 0.030 -1.205
Accel: 0.053 0.003 1.0001
Gyro: -1.052 0.076 -1.174
Accel: 0.058 0.004 1.003
Gyro: 0.213 0.167 -1.495
Accel: 0.054 0.0001 1.0001
Gyro: 0.854 0.595 -1.510
Accel: 0.051 0.006 1.0000
Gyro: 1.556 1.464 -1.281
Accel: 0.053 0.061 0.998
Gyro: 1.708 2.716 0.961
Accel: 0.055 0.002 0.993
Gyro: 1.388 3.967 0.671
Accel: 0.059 0.005 0.992
Gyro: 0.854 5.203 0.259
Accel: 0.061 0.006 0.991
Gyro: 0.518 5.935 0.015
Accel: 0.060 0.008 0.989
Gyro: 0.640 6.134 0.289
Accel: 0.062 0.009 0.986
Gyro: 0.900 5.538 0.915
Accel: 0.060 0.013 0.989
Gyro: 1.495 3.860 1.098
Accel: 0.053 0.013 0.993
Gyro: 2.197 1.159 1.174
Accel: 0.057 0.012 0.988
Gyro: 2.746 -1.312 1.174
Accel: 0.062 0.008 0.986
Gyro: 2.609 -3.128 1.052
Accel: 0.061 0.006 0.991
Gyro: 2.609 -4.531 1.007
Accel: 0.067 0.0010 0.994
Gyro: 2.380 -5.966 1.129
Accel: 0.070 0.011 0.997
Gyro: 1.983 -7.232 1.235
Accel: 0.073 0.012 1.002
Gyro: 2.029 -8.834 1.434
Accel: 0.073 0.012 1.006
Gyro: 2.304 -10.360 1.556
Accel: 0.072 0.0010 1.007
Gyro: 2.563 -11.550 1.327
Accel: 0.072 0.006 1.004
Gyro: 2.685 -11.871 0.778
Accel: 0.076 0.004 1.007
Gyro: 2.365 -11.474 0.396
Accel: 0.081 0.004 1.008
Gyro: 1.876 -10.711 0.045
Accel: 0.079 0.0001 1.012
Gyro: 1.205 -9.536 0.152
Accel: 0.079 0.0010 1.015
Gyro: 0.549 -3.952 0.076
Accel: 0.081 0.013 1.021
Gyro: 0.228 -5.661 0.061
Accel: 0.079 0.012 1.024
Gyro: 0.732 -3.677 0.015
Accel: 0.079 0.012 1.025
Gyro: -1.113 -1.815 0.274
Accel: 0.077 0.011 1.023
Gyro: -1.235 0.030 0.427
Accel: 0.077 0.009 1.018
Gyro: -1.571 1.205 0.518
Accel: 0.074 0.011 1.014
Gyro: -1.846 1.754 0.671
Accel: 0.071 0.007 1.009
Gyro: -1.998 2.029 0.671
Accel: 0.065 0.006 1.005
Gyro: -1.983 2.182 0.488
Accel: 0.065 0.006 1.003
Gyro: -1.968 1.632 0.518
Accel: 0.064 0.006 1.0000
Gyro: -1.876 0.686 0.442
Accel: 0.071 0.005 1.005
Gyro: -1.403 -1.281 0.671
Accel: 0.057 0.0000 1.003
Gyro: -1.022 -3.036 0.579
Accel: 0.064 0.0000 1.005
Gyro: 0.900 -4.760 0.671
Accel: 0.065 0.002 1.008
Gyro: 0.961 -6.072 0.656
Accel: 0.068 0.004 1.013
Gyro: 0.534 -6.805 0.823
Accel: 0.074 0.002 1.012
Gyro: 0.137 -7.247 0.732
Accel: 0.073 0.002 1.012
Gyro: 0.228 -6.439 0.778
Accel: 0.078 0.005 1.019
Gyro: 0.503 -5.294 0.625
Accel: 0.078 0.007 1.022
Gyro: 0.518 -4.028 0.320
Accel: 0.086 0.012 1.023
Gyro: 0.503 -3.082 0.381
Accel: 0.085 0.005 1.023
Gyro: 0.335 -2.136 0.335
Accel: 0.086 0.003 1.019
Gyro: 0.427 0.885 0.198
Accel: 0.083 0.009 1.019
Gyro: 0.701 0.045 3.875
Accel: 0.080 0.0010 1.015
Gyro: 0.961 0.823 0.030
Accel: 0.079 0.008 1.011
Gyro: -1.174 1.602 0.198
Accel: 0.078 0.005 1.009
Gyro: -1.159 2.563 0.381
Accel: 0.081 0.007 1.004
Gyro: -1.098 3.997 0.305
Accel: 0.082 0.006 1.004
Gyro: -1.007 5.310 0.396
Accel: 0.079 0.003 1.002
Gyro: 0.747 6.378 0.610
Accel: 0.076 0.0000 1.0000
Gyro: 0.259 7.171 0.762
Accel: 0.079 0.004 0.999
Gyro: 0.183 7.125 0.610
Accel: 0.072 0.005 0.998
Gyro: 0.289 6.439 0.656
Accel: 0.066 0.004 0.996
Gyro: 0.259 5.065 0.579
Accel: 0.069 0.007 0.994
Gyro: -3.906 3.570 0.656
Accel: 0.068 0.005 0.995
Gyro: 0.122 1.892 0.991
Accel: 0.064 0.004 0.995
Gyro: 0.106 0.106 0.900
Accel: 0.064 0.003 0.991
Gyro: 0.106 -1.205 0.839
Accel: 0.068 0.003 0.989
Gyro: 0.091 -2.243 0.625
Accel: 0.071 0.005 0.990
Gyro: 0.045 -2.822 0.366
Accel: 0.072 0.009 0.993
Gyro: 0.091 -2.700 0.213
Accel: 0.071 0.004 0.996
Gyro: 0.473 -2.929 0.228
Accel: 0.073 0.0001 0.999
Gyro: 0.747 -3.524 0.305
Accel: 0.073 0.0000 1.0000
Gyro: -1.037 -4.165 0.473
Accel: 0.075 0.0001 1.002
Gyro: 0.946 -4.898 0.289
Accel: 0.075 0.0001 1.0000
Gyro: -1.052 -5.081 0.122
Accel: 0.074 0.002 1.006
Gyro: -1.403 -5.538 0.183
Accel: 0.073 0.002 1.009
Gyro: -1.617 -6.057 0.0000
Accel: 0.080 0.0000 1.012
Gyro: -1.571 -6.088 0.137
Accel: 0.083 0.003 1.014
Gyro: -1.113 -5.889 0.350
Accel: 0.084 0.0001 1.018
Gyro: 0.198 -5.538 0.503
Accel: 0.082 0.0001 1.019
Gyro: 0.549 -4.669 0.518
Accel: 0.084 0.002 1.015
Gyro: 1.068 -3.234 0.427
Accel: 0.083 0.003 1.013
Gyro: 1.251 -1.815 0.457
Accel: 0.084 0.002 1.0010
Gyro: 1.251 3.799 0.274
Accel: 0.081 0.062 1.008
Gyro: 1.083 1.205 0.320
Accel: 0.077 0.0001 1.003
Gyro: 0.823 2.227 0.274
Accel: 0.079 0.0001 1.002
Gyro: 0.534 2.609 0.152
Accel: 0.078 0.0000 1.002
Gyro: 0.503 2.441 0.0000
Accel: 0.079 0.002 1.0000
Gyro: 0.503 1.983 0.152
Accel: 0.075 0.0001 0.996
Gyro: 0.488 1.022 0.213
Accel: 0.074 0.0000 0.996
Gyro: 0.457 -3.890 0.183
Accel: 0.074 0.0000 0.993
Gyro: 0.503 -1.068 0.167
Accel: 0.073 0.0000 0.995
Gyro: 0.610 -1.739 0.061
Accel: 0.075 0.0001 0.996
Gyro: 0.595 -2.456 0.366
Accel: 0.076 0.005 0.997
Gyro: 0.854 -2.761 0.625
Accel: 0.296 0.030 1.481
Gyro: -7.156 -2.136 21.926
Accel: 0.281 0.036 1.468
Gyro: -8.209 16.143 22.369
Accel: 0.267 0.038 1.446
Gyro: -9.658 33.447 21.926
Accel: 0.247 0.025 1.449
Gyro: -11.032 50.598 15.960
Accel: 0.228 0.033 1.405
Gyro: -10.528 57.128 17.044
Accel: 0.207 0.028 1.320
Gyro: -10.589 63.323 14.541
Accel: 0.195 0.025 1.327
Gyro: -12.664 66.146 12.664
Accel: 0.174 0.007 1.283
Gyro: -15.975 65.368 11.413
Accel: 0.156 0.0000 1.228
Gyro: -19.363 61.660 10.589
Accel: 0.141 0.009 1.162
Gyro: -24.017 55.984 10.162
Accel: 0.135 0.011 1.093
Gyro: -29.251 47.790 10.116
Accel: 0.156 0.006 1.033
Gyro: -33.508 35.858 10.040
Accel: 0.173 0.014 0.982
Gyro: -35.766 27.816 9.460
Accel: 0.199 0.023 0.876
Gyro: -36.437 26.123 8.819
Accel: 0.218 0.031 0.912
Gyro: -36.331 23.513 7.232
Accel: 0.185 0.069 0.896
Gyro: -34.759 24.856 7.186
Accel: 0.183 0.063 0.873
Gyro: -32.928 30.868 7.141
Accel: 0.208 0.041 0.854
Gyro: -30.899 38.833 6.347
Accel: 0.193 0.030 0.820
Gyro: -28.411 46.997 6.454
Accel: 0.168 0.019 0.778
Gyro: -26.397 54.779 7.598
Accel: 0.149 0.015 0.737
Gyro: -19.592 61.141 8.819
Accel: 0.143 0.0010 0.680
Gyro: -20.629 65.429 9.201
Accel: 0.119 0.017 0.639
Gyro: -17.608 68.359 9.170
Accel: 0.115 0.0000 0.618
Gyro: -14.923 70.373 7.369
Accel: 0.102 0.007 0.594
Gyro: -12.268 72.860 4.745
Accel: 0.081 0.016 0.595
Gyro: -9.536 73.425 3.204
Accel: 0.049 0.029 0.596
Gyro: -6.134 71.548 2.227
Accel: 0.020 0.041 0.600
Gyro: -2.487 67.291 1.754
Accel: 0.006 0.053 0.601
Gyro: 0.976 60.287 1.876
Accel: 0.021 0.059 0.596
Gyro: 4.547 52.719 2.380
Accel: 0.020 0.065 0.594
Gyro: 8.163 45.028 3.326
Accel: 0.0000 0.069 0.587
Gyro: 11.016 38.375 4.058
Accel: 0.008 0.063 0.600
Gyro: 12.313 32.104 3.997
Accel: 0.005 0.058 0.618
Gyro: 12.466 25.177 4.013
Accel: 0.011 0.048 0.638
Gyro: 12.512 17.028 3.753
Accel: 0.030 0.042 0.653
Gyro: 12.557 10.025 3.295
Accel: 0.047 0.035 0.671
Gyro: 13.442 3.067 2.716
Accel: 0.044 0.043 0.686
Gyro: 14.648 -2.899 2.227
Accel: 0.040 0.050 0.700
Gyro: 16.433 -7.324 1.647
Accel: 0.049 0.059 0.718
Gyro: 18.280 -10.528 1.220
Accel: 0.051 0.063 0.731
Gyro: 19.577 -13.504 0.457
Accel: 0.056 0.063 0.739
Gyro: 19.119 -16.494 0.183
Accel: 0.071 0.066 0.759
Gyro: 17.517 -18.814 3.829
Accel: 0.068 0.054 0.778
Gyro: 15.899 -21.011 0.030
Accel: 0.051 0.045 0.802
Gyro: 14.495 -23.498 0.030
Accel: 0.066 0.053 0.832
Gyro: 13.229 -24.139 0.442
Accel: 0.053 0.050 0.859
Gyro: 12.222 -23.071 0.808
Accel: 0.043 0.041 0.888
Gyro: 11.215 -21.408 1.022
Accel: 0.047 0.049 0.907
Gyro: 10.437 -19.577 1.037
Accel: 0.048 0.053 0.920
Gyro: 9.628 -17.669 0.808
Accel: 0.050 0.048 0.928
Gyro: 8.682 -15.930 -3.845
Accel: 0.046 0.048 0.934
Gyro: 7.537 -14.678 0.869
Accel: 0.046 0.053 0.939
Gyro: 6.317 -13.931 -1.129
Accel: 0.059 0.054 0.956
Gyro: 5.462 -11.596 0.625
Accel: 0.033 0.031 0.972
Gyro: 4.989 -7.934 -1.327
Accel: 0.020 0.028 0.991
Gyro: 4.028 -5.676 -2.441
Accel: 0.020 0.035 1.0000
Gyro: 3.417 -5.554 -3.479
Accel: 0.021 0.047 1.0000
Gyro: 2.120 -6.591 -4.623
Accel: 0.009 0.046 0.996
Gyro: 0.869 -8.071 -6.057
Accel: 0.007 0.047 0.991
Gyro: -3.845 -10.543 -6.988
Accel: 0.005 0.050 0.982
Gyro: 0.625 -13.854 -7.217
Accel: 0.0001 0.040 0.970
Gyro: -1.754 -17.471 -7.400
Accel: 0.023 0.032 0.966
Gyro: -2.761 -19.607 -6.713
Accel: 0.026 0.029 0.971
Gyro: -4.425 -20.965 -5.920
Accel: 0.021 0.018 0.977
Gyro: -5.828 -23.117 -5.783
Accel: 0.035 0.012 0.974
Gyro: -7.324 -24.993 -6.347
Accel: 0.041 0.015 0.961
Gyro: -9.841 -31.066 -7.171
Accel: 0.049 0.018 0.876
Gyro: -12.588 -30.227 -8.560
Accel: 0.062 0.029 0.902
Gyro: -19.332 -32.363 -8.819
Accel: 0.042 0.031 0.868
Gyro: -18.005 -35.247 -9.216
Accel: 0.008 0.0010 0.799
Gyro: -20.950 -36.453 -9.994
Accel: 0.090 0.005 0.722
Gyro: -24.169 -33.630 -10.559
Accel: 0.148 0.005 0.668
Gyro: -27.175 -27.023 -10.147
Accel: 0.158 0.0001 0.597
Gyro: -29.739 -18.325 -9.490
Accel: 0.145 0.008 0.547
Gyro: -32.073 -9.658 -9.140
Accel: 0.092 0.0001 0.528
Gyro: -31.188 -5.477 -7.537
Accel: 0.072 0.0001 0.455
Gyro: -20.355 -1.724 -3.524
Accel: 0.122 0.034 0.327
Gyro: -9.017 9.384 4.028
Accel: 0.020 0.034 0.268
Gyro: 9.506 30.563 12.664
Accel: 0.068 0.081 0.134
Gyro: 25.863 52.261 17.852
Accel: 0.057 0.043 0.156
Gyro: 35.507 67.657 20.050
Accel: 0.013 0.044 0.018
Gyro: 41.976 76.171 24.215
Accel: 0.020 0.016 0.048
Gyro: 44.479 78.964 23.925
Accel: 0.047 0.035 0.091
Gyro: 38.742 86.181 22.521
Accel: 0.014 0.037 0.098
Gyro: 37.490 89.324 22.201
Accel: 0.012 0.056 0.013
Gyro: 38.314 90.545 22.140
Accel: 0.020 0.054 0.0010
Gyro: 38.192 91.751 21.957
Accel: 0.059 0.006 0.027
Gyro: 38.024 93.536 21.682
Accel: 0.0000 0.0000 0.046
Gyro: 37.673 95.092 21.331
Accel: 0.002 0.002 0.052
Gyro: 36.743 96.801 20.965
Accel: 0.0000 0.004 0.054
Gyro: 35.751 98.129 20.599
Accel: 0.003 0.004 0.042
Gyro: 34.683 99.334 20.156
Accel: 0.0010 0.004 0.037
Gyro: 33.569 100.509 19.607
Accel: 0.009 0.005 0.042
Gyro: 32.287 105.422 19.042
Accel: 0.011 0.006 0.045
Gyro: 31.005 102.127 18.493
Accel: 0.011 0.005 0.054
Gyro: 29.693 102.752 17.868
Accel: 0.013 0.005 0.056
Gyro: 28.579 103.103 17.105
Accel: 0.020 0.041 0.047
Gyro: 28.167 103.347 17.578
Accel: 0.020 0.035 0.022
Gyro: 8.483 100.326 7.522
Accel: 0.125 0.887 5.558
Gyro: -348.663 -499.786 -6.347
Accel: 0.902 0.205 2.322
Gyro: -322.814 -499.969 3.143
Accel: 1.685 -1.091 7.999
Gyro: 63.583 -382.781 -18.295
Accel: 0.979 0.095 3.531
Gyro: -48.019 25.146 -29.830
Accel: 0.900 0.493 0.492
Gyro: -56.137 6.103 -42.465
Accel: 0.461 0.078 0.250
Gyro: -67.749 7.156 -45.318
Accel: 0.898 0.152 1.094
Gyro: -50.430 -38.131 -37.628
Accel: 0.811 0.607 2.391
Gyro: 73.699 -78.613 -29.953
Accel: 0.281 0.263 1.977
Gyro: 173.400 -133.651 -21.743
Accel: 0.398 0.215 4.114
Gyro: 123.733 -24.093 -2.593
Accel: 0.062 0.056 1.744
Gyro: 19.058 86.715 20.553
Accel: 0.393 0.096 1.270
Gyro: 28.945 3.387 30.624
Accel: 0.200 0.072 1.131
Gyro: 41.351 -58.670 33.493
Accel: 0.263 0.153 1.311
Gyro: 29.876 -83.557 18.707
Accel: 0.421 0.047 1.438
Gyro: -3.326 -61.065 3.234
Accel: 0.380 0.135 1.073
Gyro: -18.951 -54.870 -11.627
Accel: 0.385 0.202 0.957
Gyro: -17.654 -58.074 -19.500
Accel: 0.471 0.196 1.012
Gyro: -15.502 -47.454 -20.523
Accel: 0.505 0.169 1.058
Gyro: -17.791 -30.792 -23.452
Accel: 0.471 0.144 1.014
Gyro: -18.264 -8.865 -24.948
Accel: 0.443 0.063 0.993
Gyro: -12.878 1.770 -24.703
Accel: 0.433 0.101 1.028
Gyro: -4.028 18.951 -21.987
Accel: 0.408 0.064 1.024
Gyro: -4.989 36.239 -17.532
Accel: 0.329 0.051 0.973
Gyro: -3.372 46.051 -12.283
Accel: 0.206 0.053 0.954
Gyro: -2.334 46.875 -7.049
Accel: 0.117 0.018 0.956
Gyro: -3.707 44.067 -2.410
Accel: 0.094 0.020 0.962
Gyro: -7.324 42.266 0.869
Accel: 0.094 0.031 0.954
Gyro: -10.925 41.030 -1.678
Accel: 0.082 0.017 0.931
Gyro: -14.541 38.772 -2.334
Accel: 0.057 0.027 0.925
Gyro: -15.945 37.612 -1.983
Accel: 0.047 0.068 0.932
Gyro: -14.373 38.497 -1.602
Accel: 0.048 0.088 0.916
Gyro: -10.498 41.061 -1.129
Accel: 0.041 0.076 0.895
Gyro: -6.179 42.648 -1.617
Accel: 0.039 0.046 0.897
Gyro: -2.441 43.869 -7.751
Accel: 0.045 0.029 0.924
Gyro: 0.564 47.760 -7.431
Accel: 0.067 0.077 0.937
Gyro: 0.778 52.886 -9.109
Accel: 0.034 0.061 0.923
Gyro: 0.808 54.931 -9.262
Accel: 0.003 0.070 0.916
Gyro: 1.327 52.947 -7.995
Accel: 0.020 0.072 0.918
Gyro: 0.289 47.195 -6.500
Accel: 0.050 0.041 0.910
Gyro: -2.151 40.863 -6.576
Accel: 0.040 0.006 0.920
Gyro: -6.057 37.033 -8.834
Accel: 0.032 0.020 0.939
Gyro: -8.224 33.386 -10.971
Accel: 0.049 0.044 0.977
Gyro: -7.369 31.051 -11.642
Accel: 0.054 0.074 1.006
Gyro: 0.045 30.075 -11.672
Accel: 0.059 0.097 1.0010
Gyro: 1.022 25.802 -13.061
Accel: 0.179 0.147 1.108
Gyro: 14.190 24.520 -14.999
Accel: 0.064 0.119 1.067
Gyro: 22.766 23.605 -15.060
Accel: 0.076 0.116 1.043
Gyro: 28.518 18.646 -16.845
Accel: 0.005 0.015 1.052
Gyro: 32.165 14.739 -20.355
Accel: 0.021 0.038 0.937
Gyro: 31.539 12.359 -23.498
Accel: 0.050 0.003 0.963
Gyro: 25.497 8.773 -23.437
Accel: 0.057 0.018 0.943
Gyro: 6.988 -3.128 -20.919
Accel: 0.086 0.004 0.971
Gyro: -13.351 -12.893 -22.918
Accel: 0.0000 0.079 0.998
Gyro: -34.713 -22.735 -26.138
Accel: 0.087 0.164 1.088
Gyro: -35.675 -27.374 -28.564
Accel: 0.072 0.150 1.150
Gyro: -30.120 -28.686 -30.868
Accel: 0.070 0.112 1.143
Gyro: -21.636 -32.669 -27.465
Accel: 0.054 0.158 1.156
Gyro: -3.662 -27.267 -26.412
Accel: 0.044 0.129 1.022
Gyro: 13.061 -17.044 -24.536
Accel: 0.023 0.139 1.157
Gyro: 6.622 -14.068 -17.593
Accel: 0.011 0.059 1.174
Gyro: 15.731 -14.739 -13.809
Accel: 0.005 0.005 1.238
Gyro: 21.896 -16.876 -11.0001
Accel: 0.055 0.058 1.182
Gyro: 23.345 -16.860 -6.423
Accel: 0.036 0.052 1.144
Gyro: 20.202 -15.655 0.228
Accel: 0.033 0.068 1.142
Gyro: 18.936 -15.777 2.014
Accel: 0.050 0.091 1.133
Gyro: 20.172 -14.022 4.272
Accel: 0.057 0.114 1.105
Gyro: 22.399 -12.542 6.790
Accel: 0.032 0.122 1.060
Gyro: 27.313 -12.420 8.789
Accel: 0.016 0.111 1.033
Gyro: 22.628 -12.954 8.926
Accel: 0.006 0.098 1.025
Gyro: 16.021 -12.664 7.675
Accel: 0.003 0.086 1.035
Gyro: 16.845 -11.352 6.027
Accel: 0.0001 0.072 1.035
Gyro: 14.114 -7.659 4.364
Accel: 0.030 0.044 1.044
Gyro: 11.764 -1.983 2.243
Accel: 0.052 0.038 1.040
Gyro: 10.299 4.653 0.228
Accel: 0.057 0.044 1.032
Gyro: 9.185 11.032 -1.602
Accel: 0.043 0.046 1.006
Gyro: 9.170 16.113 -2.914
Accel: 0.030 0.040 0.972
Gyro: 9.811 17.807 -3.860
Accel: 0.018 0.032 0.937
Gyro: 10.009 15.945 -5.233
Accel: 0.017 0.023 0.915
Gyro: 9.948 10.696 -7.659
Accel: 0.018 0.038 0.923
Gyro: 9.567 4.837 -9.887
Accel: 0.0010 0.035 0.955
Gyro: 9.857 1.083 -10.055
Accel: 0.013 0.017 0.959
Gyro: 11.047 -2.044 -11.108
Accel: 0.0001 0.026 0.962
Gyro: 10.925 -4.226 -11.062
Accel: 0.005 0.019 0.955
Gyro: 9.857 -6.332 -10.391
Accel: 0.014 0.014 0.942
Gyro: 7.568 -8.911 -9.735
Accel: 0.029 0.011 0.947
Gyro: 4.959 -12.008 -9.704
Accel: 0.023 0.008 0.957
Gyro: 2.349 -15.136 -8.941
Accel: 0.027 0.002 0.975
Gyro: 0.564 -15.899 -8.377
Accel: 0.035 0.012 0.994
Gyro: -1.144 -14.480 -8.026
Accel: 0.040 0.016 1.019
Gyro: -2.105 -10.772 -6.896
Accel: 0.054 0.013 1.030
Gyro: -2.426 -6.439 -5.462
Accel: 0.064 0.005 1.044
Gyro: -2.319 3.372 0.030
Accel: 0.061 0.002 1.048
Gyro: -2.227 11.032 -2.532
Accel: 0.061 0.061 1.044
Gyro: -2.853 15.319 -1.342
Accel: 0.060 0.007 1.034
Gyro: -7.781 22.506 0.137
Accel: 0.055 0.011 1.020
Gyro: -4.653 27.511 0.762
Accel: 0.044 0.018 1.008
Gyro: -4.928 30.303 0.991
Accel: 0.026 0.019 0.996
Gyro: -5.249 31.433 1.403
Accel: 0.016 0.020 0.989
Gyro: -5.874 31.646 1.617
Accel: 0.0010 0.021 0.977
Gyro: -6.103 30.456 1.647
Accel: 0.0001 0.020 0.966
Gyro: -6.469 28.533 1.770
Accel: 0.004 0.022 0.960
Gyro: -6.439 25.573 1.861
Accel: 0.018 0.021 0.949
Gyro: -5.813 21.972 1.876
Accel: 0.027 0.019 0.935
Gyro: -5.249 17.242 1.739
Accel: 0.035 0.016 0.925
Gyro: -4.913 11.306 1.510
Accel: 0.047 0.012 0.921
Gyro: -4.653 5.172 1.678
Accel: 0.048 0.009 0.920
Gyro: -4.150 -1.998 1.251
Accel: 0.039 0.013 0.915
Gyro: -4.165 -9.140 0.915
Accel: 0.034 0.021 0.915
Gyro: -3.768 -15.319 0.823
Accel: 0.024 0.018 0.918
Gyro: -2.807 -20.660 0.518
Accel: 0.023 0.023 0.918
Gyro: -1.632 -25.619 0.289
Accel: 0.020 0.023 0.918
Gyro: 0.076 -29.129 0.259
Accel: 0.005 0.020 0.927
Gyro: 1.632 -31.295 0.244
Accel: 0.002 0.016 0.998
Gyro: 2.777 -32.287 0.381
Accel: 0.005 0.013 0.943
Gyro: 3.067 -32.485 0.488
Accel: 0.017 0.014 0.965
Gyro: 3.631 -27.557 0.152
Accel: 0.022 0.014 0.981
Gyro: 3.326 -27.877 0.183
Accel: 0.040 0.011 0.998
Gyro: 2.700 -22.644 0.061
Accel: 0.045 0.017 1.011
Gyro: 2.288 -16.769 0.137
Accel: 0.043 0.018 1.026
Gyro: 2.685 -10.879 0.167
Accel: 0.042 0.020 1.030
Gyro: 3.448 -6.042 0.045
Accel: 0.039 0.019 1.038
Gyro: 4.714 0.762 0.564
Accel: 0.040 0.018 1.037
Gyro: 6.515 7.446 1.373
Accel: 0.039 0.015 1.026
Gyro: 7.843 6.744 2.731
Accel: 0.041 0.009 1.012
Gyro: 3.982 9.185 3.997
Accel: 0.031 0.004 1.006
Gyro: 7.354 10.803 5.310
Accel: 0.026 0.0001 0.999
Gyro: 6.240 11.260 6.591
Accel: 0.023 0.006 0.998
Gyro: 5.264 9.948 7.751
Accel: 0.020 0.015 0.995
Gyro: 4.516 7.766 8.804
Accel: 0.019 0.016 0.995
Gyro: 3.860 5.065 9.277
Accel: 0.018 0.012 0.996
Gyro: 3.417 1.907 9.094
Accel: 0.019 0.007 0.995
Gyro: 3.067 -1.281 8.544
Accel: 0.024 0.0000 0.993
Gyro: 3.036 -4.577 7.369
Accel: 0.021 0.004 0.996
Gyro: 3.097 -7.339 6.484
Accel: 0.024 0.0001 0.998
Gyro: 2.822 -9.155 5.264
Accel: 0.021 0.0000 0.998
Gyro: 2.334 -10.772 4.089
Accel: 0.022 0.0000 1.0000
Gyro: 1.678 -11.734 2.899
Accel: 0.025 0.003 1.003
Gyro: 1.358 -7.888 1.785
Accel: 0.027 0.002 1.005
Gyro: 0.595 -11.596 0.793
Accel: 0.027 0.002 1.0010
Gyro: 0.625 -11.352 0.274
Accel: 0.022 0.003 1.011
Gyro: 0.579 -10.711 0.976
Accel: 0.026 0.005 1.0010
Gyro: 0.381 -10.238 -1.342
Accel: 0.026 0.016 1.013
Gyro: 0.0000 -9.902 -1.327
Accel: 0.023 0.013 1.011
Gyro: 0.289 -9.399 -1.419
Accel: 0.019 0.012 1.015
Gyro: 0.732 -8.468 -1.144
Accel: 0.023 0.018 1.016
Gyro: 0.686 -7.751 0.747
Accel: 0.021 0.018 1.022
Gyro: 0.686 -7.263 0.091
Accel: 0.018 0.017 1.029
Gyro: 0.366 -6.576 0.396
Accel: 0.022 0.018 1.028
Gyro: 0.335 -5.538 0.991
Accel: 0.026 0.018 1.027
Gyro: 0.305 -4.409 1.480
Accel: 0.022 0.018 1.027
Gyro: 0.076 -4.364 1.754
Accel: 0.011 0.009 1.031
Gyro: 0.442 -4.638 1.632
Accel: 0.007 0.012 1.043
Gyro: 0.518 -4.409 1.388
Accel: 0.016 0.015 1.052
Gyro: 0.518 -2.655 0.427
Accel: 0.014 0.014 1.048
Gyro: 0.427 0.396 0.991
Accel: 0.011 0.012 1.030
Gyro: 0.427 5.676 -2.426
Accel: 0.040 0.002 0.996
Gyro: -1.281 13.381 -3.082
Accel: 0.073 0.008 0.979
Gyro: -3.707 20.996 -3.311
Accel: 0.095 0.014 0.971
Gyro: -6.042 25.772 -3.005
Accel: 0.095 0.016 0.980
Gyro: -7.003 26.992 -3.005
Accel: 0.080 0.027 0.990
Gyro: -6.790 24.658 -2.838
Accel: 0.050 0.026 0.998
Gyro: -6.301 16.021 -2.456
Accel: 0.030 0.018 1.0010
Gyro: -5.493 12.802 -2.243
Accel: 0.020 0.015 1.015
Gyro: -4.638 3.875 -1.968
Accel: 0.018 0.013 1.016
Gyro: -4.287 -5.279 -1.998
Accel: 0.023 0.0010 1.013
Gyro: -4.486 -13.122 -2.197
Accel: 0.032 0.0010 1.011
Gyro: -5.249 -18.371 -2.258
Accel: 0.043 0.007 1.007
Gyro: -6.042 -20.904 -2.288
Accel: 0.044 0.0010 1.003
Gyro: -6.546 -21.102 -2.014
Accel: 0.039 0.013 1.0001
Gyro: -6.439 -18.890 -1.968
Accel: 0.031 0.019 1.003
Gyro: -5.905 -14.312 -2.288
Accel: 0.021 0.032 1.012
Gyro: -5.783 -8.514 -2.487
Accel: 0.018 0.039 1.017
Gyro: -5.447 -3.021 -2.731
Accel: 0.014 0.041 1.021
Gyro: -4.974 1.480 -3.082
Accel: 0.006 0.046 1.018
Gyro: -4.669 5.920 -3.067
Accel: 0.0010 0.044 1.013
Gyro: -4.898 11.123 -2.624
Accel: 0.012 0.041 1.008
Gyro: -5.432 15.075 -2.059
Accel: 0.005 0.042 1.004
Gyro: -5.950 18.127 -1.159
Accel: 0.002 0.044 0.999
Gyro: -6.347 19.165 0.534
Accel: 0.005 0.049 0.992
Gyro: -7.278 18.569 0.076
Accel: 0.009 0.054 0.989
Gyro: -7.965 16.281 0.457
Accel: 0.013 0.060 0.986
Gyro: -7.995 12.649 0.534
Accel: 0.003 0.066 0.982
Gyro: -7.659 8.224 0.534
Accel: 0.0000 0.074 0.982
Gyro: -6.744 3.356 0.442
Accel: 0.002 0.071 0.987
Gyro: -5.706 -1.495 0.762
Accel: 0.011 0.062 0.990
Gyro: -4.455 -6.301 0.625
Accel: 0.018 0.065 0.997
Gyro: -3.250 -10.284 0.808
Accel: 0.027 0.064 1.006
Gyro: -2.182 -12.710 0.549
Accel: 0.036 0.073 1.013
Gyro: -1.724 -13.244 0.473
Accel: 0.042 0.075 1.019
Gyro: -1.861 -12.496 0.793
Accel: 0.047 0.070 1.024
Gyro: -1.724 -10.879 1.022
Accel: 0.044 0.068 1.024
Gyro: -1.510 -9.002 1.464
Accel: 0.048 0.063 1.019
Gyro: -1.480 -5.630 1.586
Accel: 0.047 0.069 1.017
Gyro: -1.113 0.961 2.029
Accel: 0.050 0.064 1.015
Gyro: 0.381 3.753 2.609
Accel: 0.046 0.056 1.009
Gyro: 0.274 8.132 3.128
Accel: 0.037 0.046 1.006
Gyro: 1.037 11.566 3.326
Accel: 0.029 0.042 1.005
Gyro: 1.876 13.854 3.570
Accel: 0.027 0.035 1.004
Gyro: 2.639 15.380 3.509
Accel: 0.022 0.035 1.002
Gyro: 3.997 16.006 3.341
Accel: 0.016 0.039 0.994
Gyro: 4.959 15.319 3.265
Accel: 0.016 0.037 0.979
Gyro: 5.355 13.504 2.853
Accel: 0.006 0.041 0.970
Gyro: 5.035 10.681 2.609
Accel: 0.0001 0.041 0.970
Gyro: 4.638 7.446 2.471
Accel: 0.003 0.034 0.970
Gyro: 4.455 3.402 2.365
Accel: 0.005 0.031 0.980
Gyro: 4.714 -1.541 2.395
Accel: 0.002 0.027 0.980
Gyro: 4.653 -6.164 2.441
Accel: 0.0010 0.023 0.982
Gyro: 3.646 -8.712 2.395
Accel: 0.020 0.027 0.990
Gyro: 2.532 -10.467 2.288
Accel: 0.028 0.029 0.993
Gyro: 1.602 -10.162 1.892
Accel: 0.036 0.036 0.998
Gyro: 0.793 -8.956 1.785
Accel: 0.038 0.036 0.999
Gyro: 0.534 -6.927 1.525
Accel: 0.037 0.034 1.0000
Gyro: 0.488 -5.340 1.205
Accel: 0.032 0.031 1.003
Gyro: 0.808 -4.364 0.778
Accel: 0.028 0.029 1.003
Gyro: 1.373 -3.494 0.564
Accel: 0.030 0.025 1.005
Gyro: 1.983 -3.005 0.320
Accel: 0.026 0.025 1.003
Gyro: 2.532 -3.311 0.122
Accel: 0.020 0.021 1.0001
Gyro: 3.051 -3.952 0.122
