Accel: 0.056 0.014 0.967
Gyro: -13.336 14.938 14.572
Accel: 0.052 0.015 0.958
Gyro: -14.404 16.250 14.648
Accel: 0.035 0.016 0.953
Gyro: -15.884 17.669 15.853
Accel: 0.026 0.007 0.956
Gyro: -17.578 18.325 17.837
Accel: 0.027 0.0001 0.957
Gyro: -18.386 17.822 19.836
Accel: 0.032 0.003 0.958
Gyro: -18.798 15.792 21.591
Accel: 0.029 0.020 0.964
Gyro: -18.829 13.458 22.674
Accel: 0.027 0.032 0.970
Gyro: -18.264 9.796 23.468
Accel: 0.027 0.040 0.975
Gyro: -17.150 5.874 23.986
Accel: 0.032 0.033 0.977
Gyro: -15.533 2.746 24.047
Accel: 0.044 0.014 0.978
Gyro: -14.480 0.793 23.712
Accel: 0.077 0.013 0.986
Gyro: -14.770 0.854 23.406
Accel: 0.080 0.021 0.980
Gyro: -14.953 0.656 23.071
Accel: 0.089 0.020 0.979
Gyro: -15.716 0.122 22.048
Accel: 0.101 0.008 0.984
Gyro: -15.914 0.503 20.584
Accel: 0.097 0.002 0.979
Gyro: -16.418 1.037 18.630
Accel: 0.075 0.018 0.980
Gyro: -16.433 1.205 17.349
Accel: 0.056 0.026 0.973
Gyro: -16.220 0.823 16.525
Accel: 0.052 0.030 0.976
Gyro: -15.808 0.076 15.548
Accel: 0.056 0.034 0.975
Gyro: -15.243 -1.403 14.099
Accel: 0.065 0.036 0.980
Gyro: -14.282 -4.211 12.664
Accel: 0.066 0.036 0.984
Gyro: -12.634 -6.912 10.910
Accel: 0.061 0.040 0.986
Gyro: -9.902 -9.979 9.140
Accel: 0.055 0.037 1.062
Gyro: -6.378 -12.603 7.629
Accel: 0.059 0.031 1.0010
Gyro: -2.029 -14.541 6.423
Accel: 0.125 0.036 1.013
Gyro: 1.922 -15.045 5.737
Accel: 0.065 0.041 1.018
Gyro: 4.531 -13.580 5.462
Accel: 0.072 0.045 1.019
Gyro: 6.607 -11.093 4.882
Accel: 0.077 0.050 1.018
Gyro: 8.026 -8.422 4.501
Accel: 0.074 0.046 1.013
Gyro: 9.445 -5.477 0.106
Accel: 0.071 0.035 1.016
Gyro: 11.276 -3.082 3.051
Accel: 0.072 0.020 1.034
Gyro: 13.763 0.518 1.403
Accel: 0.081 0.003 1.042
Gyro: 16.754 7.095 0.427
Accel: 0.085 0.0000 1.048
Gyro: 19.042 10.269 -2.487
Accel: 0.084 0.006 1.047
Gyro: 20.629 19.424 -4.852
Accel: 0.098 0.026 1.049
Gyro: 22.613 29.449 -7.369
Accel: 0.112 0.035 1.033
Gyro: 25.253 40.161 -9.216
Accel: 0.139 0.022 1.009
Gyro: 27.618 52.581 -9.002
Accel: 0.137 0.038 1.0001
Gyro: 28.610 63.247 -9.490
Accel: 0.145 0.040 0.987
Gyro: 29.525 71.929 -9.414
Accel: 0.147 0.037 0.968
Gyro: 28.854 77.026 -8.560
Accel: 0.131 0.027 0.956
Gyro: 27.603 77.926 -7.797
Accel: 0.105 0.032 0.943
Gyro: 26.473 73.486 -5.966
Accel: 0.071 0.042 0.931
Gyro: 25.604 63.674 -2.883
Accel: 0.046 0.024 0.930
Gyro: 25.665 52.932 1.327
Accel: 0.057 0.003 0.899
Gyro: 23.941 41.0000 3.280
Accel: 0.061 0.022 0.926
Gyro: 22.689 30.090 5.111
Accel: 0.080 0.020 0.929
Gyro: 20.492 17.898 6.561
Accel: 0.102 0.015 0.930
Gyro: 17.440 5.111 7.064
Accel: 0.120 0.0010 0.942
Gyro: 13.854 -8.270 7.019
Accel: 0.126 0.005 0.955
Gyro: 10.391 -22.476 6.866
Accel: 0.122 0.002 0.961
Gyro: 6.866 -36.407 6.591
Accel: 0.117 0.002 0.978
Gyro: 3.982 -49.316 6.423
Accel: 0.099 0.015 1.013
Gyro: 2.975 -60.470 6.423
Accel: 0.078 0.035 1.038
Gyro: 3.768 -68.069 6.362
Accel: 0.059 0.041 1.052
Gyro: 3.860 -72.509 6.362
Accel: 0.043 0.040 1.059
Gyro: 2.777 -71.807 7.232
Accel: 0.030 0.031 1.067
Gyro: 0.198 -66.223 8.392
Accel: 0.011 0.025 1.078
Gyro: -4.196 -57.113 9.307
Accel: 0.007 0.018 1.082
Gyro: -8.697 -46.615 9.643
Accel: 0.019 0.0010 1.083
Gyro: -13.351 -34.942 9.780
Accel: 0.028 0.011 1.087
Gyro: -17.257 -23.162 9.658
Accel: 0.025 0.0000 1.089
Gyro: -20.355 -12.969 8.865
Accel: 0.015 0.011 1.086
Gyro: -22.583 -3.173 8.178
Accel: 0.012 0.0010 1.077
Gyro: -23.696 4.989 7.400
Accel: 0.008 0.002 1.065
Gyro: -24.414 15.228 6.530
Accel: 0.0001 0.002 1.049
Gyro: -24.795 15.563 5.798
Accel: 0.007 0.0001 1.035
Gyro: -25.329 18.188 5.096
Accel: 0.024 0.002 1.020
Gyro: -25.527 19.256 4.623
Accel: 0.025 0.009 1.020
Gyro: -24.917 18.844 4.272
Accel: 0.035 0.003 1.020
Gyro: -22.689 17.318 4.180
Accel: 0.047 0.0001 1.017
Gyro: -20.263 11.840 4.058
Accel: 0.059 0.004 1.013
Gyro: -17.990 13.916 4.272
Accel: 0.067 0.004 1.003
Gyro: -16.693 12.588 4.379
Accel: 0.075 0.014 0.995
Gyro: -15.441 11.383 4.150
Accel: 0.088 0.026 0.992
Gyro: -13.900 10.208 3.890
Accel: 0.098 0.034 0.989
Gyro: -12.207 8.575 3.646
Accel: 0.108 0.031 0.983
Gyro: -10.589 6.652 3.448
Accel: 0.117 0.031 0.987
Gyro: -8.666 4.287 3.417
Accel: 0.124 0.030 0.988
Gyro: -6.454 2.136 3.433
Accel: 0.131 0.025 0.992
Gyro: -4.364 0.549 3.540
Accel: 0.126 0.028 0.994
Gyro: -2.075 -3.219 3.417
Accel: 0.123 0.031 0.991
Gyro: 3.875 -6.042 3.341
Accel: 0.118 0.034 0.995
Gyro: 1.678 -8.605 3.189
Accel: 0.113 0.036 0.991
Gyro: 2.960 -10.498 2.822
Accel: 0.110 0.029 0.995
Gyro: 3.829 -11.459 2.853
Accel: 0.0100 0.026 1.002
Gyro: 4.699 -11.688 2.716
Accel: 0.092 0.022 1.0010
Gyro: 5.599 -11.398 2.731
Accel: 0.084 0.022 1.012
Gyro: 6.057 -10.421 2.731
Accel: 0.076 0.026 1.017
Gyro: 6.301 -9.124 2.639
Accel: 0.074 0.027 1.024
Gyro: 6.637 -7.843 2.456
Accel: 0.071 0.031 1.021
Gyro: 6.759 -6.607 2.273
Accel: 0.072 0.028 1.020
Gyro: 6.790 -5.447 2.487
Accel: 0.070 0.020 1.016
Gyro: 6.515 -4.150 2.639
Accel: 0.068 0.005 1.019
Gyro: 5.996 -2.319 2.975
Accel: 0.063 0.007 1.026
Gyro: 5.630 0.946 3.097
Accel: 0.060 0.0010 1.022
Gyro: 4.882 0.381 3.311
Accel: 0.057 0.017 1.017
Gyro: 0.015 1.144 3.494
Accel: 0.124 0.019 1.011
Gyro: 3.036 1.770 3.479
Accel: 0.070 0.016 1.009
Gyro: 1.968 1.998 3.631
Accel: 0.073 0.0010 1.004
Gyro: 1.083 1.998 4.089
Accel: 0.073 0.007 1.0000
Gyro: 0.015 2.059 4.318
Accel: 0.073 0.0010 0.995
Gyro: -1.205 1.617 4.669
Accel: 0.076 0.016 0.993
Gyro: -2.410 0.686 5.004
Accel: 0.075 0.016 0.990
Gyro: -3.234 0.762 4.989
Accel: 0.078 0.017 0.989
Gyro: -3.738 -2.426 4.928
Accel: 0.079 0.020 0.986
Gyro: -4.409 -4.165 4.821
Accel: 0.082 0.019 0.988
Gyro: -4.745 -5.889 4.806
Accel: 0.083 0.016 0.989
Gyro: -4.989 -7.232 5.050
Accel: 0.083 0.013 0.992
Gyro: -4.959 -8.346 5.462
Accel: 0.078 0.0010 0.991
Gyro: -4.913 -8.834 5.645
Accel: 0.074 0.016 0.992
Gyro: -4.943 -9.109 5.477
Accel: 0.070 0.020 0.992
Gyro: -4.776 -8.972 5.172
Accel: 0.068 0.024 0.994
Gyro: -4.684 -8.453 4.379
Accel: 0.065 0.027 0.996
Gyro: -4.409 -7.354 3.356
Accel: 0.063 0.032 0.999
Gyro: -4.119 -6.423 2.349
Accel: 0.057 0.037 1.002
Gyro: -3.280 -5.950 1.525
Accel: 0.059 0.037 1.004
Gyro: -2.532 -5.401 0.915
Accel: 0.061 0.032 1.007
Gyro: -1.739 -4.943 0.320
Accel: 0.058 0.026 1.004
Gyro: -1.281 -4.257 0.045
Accel: 0.057 0.024 1.0001
Gyro: -1.022 -3.234 0.259
Accel: 0.058 0.023 0.998
Gyro: -1.113 -2.166 0.152
Accel: 0.054 0.027 1.0001
Gyro: -1.098 -1.190 0.289
Accel: 0.054 0.028 1.002
Gyro: 0.930 0.396 0.503
Accel: 0.052 0.030 1.003
Gyro: 0.595 0.015 0.747
Accel: 0.055 0.024 1.004
Gyro: 0.183 0.106 -1.052
Accel: 0.059 0.021 1.003
Gyro: 0.885 0.122 -1.342
Accel: 0.058 0.025 1.0001
Gyro: 1.434 0.991 -1.663
Accel: 0.060 0.026 0.998
Gyro: 1.953 -2.120 -2.105
Accel: 0.059 0.028 0.998
Gyro: 2.166 -3.601 -2.319
Accel: 0.065 0.026 0.999
Gyro: 2.441 -5.081 -2.334
Accel: 0.0001 0.016 1.002
Gyro: 2.502 -6.103 -2.029
Accel: 0.060 0.011 1.011
Gyro: 2.868 -6.912 -1.693
Accel: 0.060 0.005 1.017
Gyro: 3.265 -7.232 -1.251
Accel: 0.059 0.005 1.020
Gyro: 3.311 -6.713 0.778
Accel: 0.054 0.0010 1.024
Gyro: 3.189 -5.722 0.213
Accel: 0.052 0.011 1.023
Gyro: 2.853 -4.226 0.076
Accel: 0.052 0.016 1.024
Gyro: 2.593 -2.426 0.106
Accel: 0.051 0.019 1.026
Gyro: 2.746 0.503 0.244
Accel: 0.050 0.019 1.023
Gyro: 2.777 1.190 0.457
Accel: 0.056 0.020 1.023
Gyro: 2.655 2.227 0.503
Accel: 0.052 0.021 1.017
Gyro: 2.410 2.853 0.335
Accel: 0.053 0.019 1.011
Gyro: 2.044 3.250 0.137
Accel: 0.052 0.017 1.0010
Gyro: 1.571 3.295 0.732
Accel: 0.050 0.015 1.009
Gyro: 1.190 3.326 1.220
Accel: 0.047 0.011 1.011
Gyro: 1.052 3.036 1.785
Accel: 0.047 0.0010 1.0010
Gyro: 1.205 2.822 2.029
Accel: 0.048 0.013 1.013
Gyro: 1.327 2.517 1.953
Accel: 0.052 0.022 1.015
Gyro: 1.602 2.365 1.480
Accel: 0.055 0.027 1.016
Gyro: 1.876 2.120 1.251
Accel: 0.055 0.031 1.017
Gyro: 1.800 1.693 0.915
Accel: 0.059 0.033 1.018
Gyro: 1.907 1.251 0.595
Accel: 0.060 0.026 1.016
Gyro: 1.846 0.656 0.473
Accel: 0.058 0.016 1.017
Gyro: 1.937 0.564 0.473
Accel: 0.055 0.0010 1.016
Gyro: 1.983 0.915 0.366
Accel: 0.055 0.011 1.014
Gyro: 1.678 1.541 0.335
Accel: 0.052 0.017 1.012
Gyro: 1.159 2.136 0.228
Accel: 0.051 0.027 1.011
Gyro: 0.457 2.639 0.244
Accel: 0.056 0.031 1.012
Gyro: 0.061 3.112 0.335
Accel: 0.061 0.030 1.012
Gyro: 0.106 3.021 0.457
Accel: 0.061 0.028 1.008
Gyro: 0.030 2.929 0.640
Accel: 0.061 0.022 1.005
Gyro: 0.289 2.685 0.885
Accel: 0.061 0.014 1.0001
Gyro: 0.030 2.670 1.159
Accel: 0.061 0.011 0.999
Gyro: 0.259 3.051 1.388
Accel: 0.063 0.018 0.996
Gyro: 0.671 2.944 1.739
Accel: 0.066 0.021 0.995
Gyro: -1.098 2.990 2.059
Accel: 0.068 0.021 0.996
Gyro: -1.663 3.082 2.395
Accel: 0.066 0.026 0.996
Gyro: -1.831 2.990 2.609
Accel: 0.066 0.022 0.998
Gyro: -1.968 2.731 2.822
Accel: 0.066 0.019 0.992
Gyro: -1.907 2.471 2.792
Accel: 0.069 0.016 0.991
Gyro: -1.571 2.166 2.624
Accel: 0.070 0.014 0.986
Gyro: -1.556 2.120 2.182
Accel: 0.072 0.020 0.983
Gyro: -1.296 2.136 1.846
Accel: 0.076 0.018 0.979
Gyro: -1.480 1.937 1.525
Accel: 0.078 0.022 0.981
Gyro: -2.044 1.327 1.403
Accel: 0.082 0.022 0.980
Gyro: -2.304 0.762 1.296
Accel: 0.082 0.018 0.981
Gyro: -2.456 0.259 1.388
Accel: 0.079 0.016 0.982
Gyro: -2.426 -1.358 1.266
Accel: 0.079 0.017 0.982
Gyro: -2.227 -2.456 1.159
Accel: 0.077 0.018 0.983
Gyro: -2.029 -3.280 1.022
Accel: 0.075 0.018 0.984
Gyro: -1.785 -4.669 0.778
Accel: 0.072 0.018 0.986
Gyro: -1.510 -6.011 0.717
Accel: 0.070 0.020 0.991
Gyro: 0.915 -7.308 0.640
Accel: 0.070 0.020 0.995
Gyro: 0.274 -8.666 0.701
Accel: 0.068 0.020 1.0000
Gyro: 0.320 -9.780 0.595
Accel: 0.069 0.022 1.007
Gyro: 0.869 -10.238 0.488
Accel: 0.059 0.020 1.011
Gyro: 1.129 -10.192 0.228
Accel: 0.056 0.019 1.014
Gyro: 1.388 -9.597 0.061
Accel: 0.054 0.018 1.018
Gyro: 1.541 -8.361 0.122
Accel: 0.051 0.014 1.023
Gyro: 1.693 -6.820 0.335
Accel: 0.048 0.017 1.025
Gyro: 1.739 -4.898 0.442
Accel: 0.049 0.019 1.027
Gyro: 2.059 -3.234 0.427
Accel: 0.050 0.018 1.025
Gyro: 2.441 -1.586 0.625
Accel: 0.049 0.014 1.025
Gyro: 2.746 0.122 0.717
Accel: 0.051 0.015 1.022
Gyro: 2.807 1.052 0.915
Accel: 0.050 0.018 1.021
Gyro: 2.578 1.953 -1.083
Accel: 0.047 0.022 1.020
Gyro: 2.441 2.059 -1.190
Accel: 0.049 0.022 1.014
Gyro: 2.105 1.922 -1.205
Accel: 0.051 0.020 1.009
Gyro: 1.678 1.708 0.991
Accel: 0.052 0.019 1.006
Gyro: 1.220 1.449 0.640
Accel: 0.052 0.016 1.002
Gyro: 0.808 1.266 0.427
Accel: 0.050 0.012 1.0000
Gyro: 0.427 1.113 0.228
Accel: 0.051 0.012 0.999
Gyro: 0.137 0.885 0.045
Accel: 0.056 0.013 0.995
Gyro: 0.686 0.442 0.015
Accel: 0.056 0.019 0.993
Gyro: -1.617 0.320 0.015
Accel: 0.057 0.023 0.989
Gyro: -2.380 0.167 0.213
Accel: 0.056 0.026 0.984
Gyro: -3.204 0.259 0.213
Accel: 0.059 0.028 0.976
Gyro: -4.470 0.732 0.137
Accel: 0.066 0.026 0.970
Gyro: -6.149 0.900 -3.890
Accel: 0.072 0.027 0.967
Gyro: -7.827 0.900 0.534
Accel: 0.072 0.018 0.960
Gyro: -9.033 0.686 1.342
Accel: 0.076 0.006 0.952
Gyro: -10.025 0.030 2.273
Accel: 0.077 0.008 0.947
Gyro: -10.955 1.068 2.960
Accel: 0.080 0.017 0.938
Gyro: -11.566 1.449 3.433
Accel: 0.078 0.023 0.928
Gyro: -12.298 1.159 3.692
Accel: 0.080 0.029 0.917
Gyro: -12.893 0.289 3.692
Accel: 0.088 0.030 0.902
Gyro: -13.626 -1.022 3.967
Accel: 0.097 0.025 0.890
Gyro: -15.182 -2.792 4.104
Accel: 0.108 0.024 0.813
Gyro: -16.921 -5.157 3.952
Accel: 0.118 0.020 0.856
Gyro: -19.119 -7.400 4.089
Accel: 0.116 0.007 0.823
Gyro: -21.728 -8.453 4.089
Accel: 0.114 0.0001 0.807
Gyro: -23.254 -9.643 4.180
Accel: 0.115 0.0001 0.803
Gyro: -22.216 -12.512 4.104
Accel: 0.127 0.002 0.788
Gyro: -18.692 -16.708 4.028
Accel: 0.118 0.005 0.748
Gyro: -13.717 -20.065 4.013
Accel: 0.114 0.003 0.706
Gyro: -8.605 -22.125 4.333
Accel: 0.089 0.006 0.643
Gyro: 0.366 -22.048 4.730
Accel: 0.066 0.002 0.590
Gyro: 0.869 -21.026 5.584
Accel: 0.047 0.005 0.536
Gyro: 6.698 -20.736 6.347
Accel: 0.017 0.063 0.531
Gyro: 15.762 -23.559 4.547
Accel: 0.020 0.025 0.406
Gyro: 27.038 -27.420 5.569
Accel: 0.007 0.004 0.351
Gyro: 39.062 -29.647 7.293
Accel: 0.006 0.036 0.177
Gyro: 49.880 -29.190 7.537
Accel: 0.011 0.012 0.062
Gyro: 45.425 -19.851 8.728
Accel: 0.008 0.056 0.019
Gyro: 39.367 -17.868 9.109
Accel: 0.004 0.013 0.024
Gyro: 44.219 -14.495 8.636
Accel: 0.009 0.015 0.030
Gyro: 46.539 -12.039 8.285
Accel: 0.0010 0.009 0.025
Gyro: 48.004 -9.689 7.766
Accel: 0.008 0.0010 0.027
Gyro: 48.904 -7.202 7.431
Accel: 0.007 0.007 0.036
Gyro: 49.438 -4.791 6.973
Accel: 0.004 0.006 0.041
Gyro: 49.514 -2.441 6.530
Accel: 0.0001 0.005 0.045
Gyro: 49.560 0.259 6.088
Accel: 0.0000 0.005 0.045
Gyro: 49.362 1.907 5.737
Accel: 0.0001 0.004 0.045
Gyro: 49.072 4.150 5.477
Accel: 0.003 0.004 0.046
Gyro: 48.461 6.500 5.203
Accel: 0.002 0.004 0.052
Gyro: 47.821 8.529 4.943
Accel: 0.004 0.005 0.052
Gyro: 47.103 10.589 4.837
Accel: 0.004 0.005 0.053
Gyro: 46.417 12.390 4.653
Accel: 0.003 0.005 0.056
Gyro: 45.928 14.190 4.547
Accel: 0.006 0.006 0.059
Gyro: 45.440 15.640 4.608
Accel: 0.005 0.007 0.120
Gyro: 45.211 17.227 4.669
Accel: 0.005 0.006 0.069
Gyro: 44.891 18.722 4.852
Accel: 0.007 0.006 0.071
Gyro: 44.876 20.248 5.157
Accel: 0.004 0.007 0.082
Gyro: 44.723 21.957 5.569
Accel: 0.009 0.007 0.113
Gyro: 44.387 24.108 6.149
Accel: 0.399 0.323 4.027
Gyro: -391.250 -213.668 45.867
Accel: 7.999 -2.644 7.999
Gyro: -361.328 499.984 -6.301
Accel: 1.269 0.841 1.506
Gyro: 52.764 499.984 -40.267
Accel: -1.212 0.246 -1.077
Gyro: 61.645 417.144 -37.353
Accel: -1.214 0.052 1.355
Gyro: 102.233 230.056 -40.527
Accel: -1.239 0.505 1.396
Gyro: 79.879 87.875 -40.039
Accel: -1.083 0.541 0.325
Gyro: 46.005 17.120 -53.680
Accel: 0.780 0.482 0.007
Gyro: -14.526 -30.502 -70.037
Accel: 0.745 0.356 0.333
Gyro: -87.936 -64.559 -74.890
Accel: 0.716 0.380 0.629
Gyro: -179.031 -95.855 -69.152
Accel: 0.721 0.312 0.830
Gyro: -253.677 -132.568 -64.178
Accel: 0.661 0.182 1.286
Gyro: -306.152 -160.537 -57.952
Accel: 0.280 0.409 5.053
Gyro: -241.836 -41.137 -35.156
Accel: 0.350 0.643 1.951
Gyro: -112.808 28.762 -3.311
Accel: -1.020 0.638 1.176
Gyro: -62.850 0.946 33.676
Accel: 0.394 0.536 1.088
Gyro: -29.754 -58.837 41.030
Accel: 0.060 0.478 1.049
Gyro: -10.101 -104.598 36.026
Accel: 0.044 0.563 1.430
Gyro: 8.712 -87.188 32.058
Accel: 0.062 0.534 1.369
Gyro: 27.664 -46.646 29.968
Accel: 0.238 0.323 1.118
Gyro: 37.185 -39.306 28.350
Accel: 0.243 0.174 1.125
Gyro: 32.928 -44.525 19.088
Accel: 0.199 0.213 1.167
Gyro: 21.575 -54.656 9.185
Accel: 0.238 0.303 1.211
Gyro: 14.892 -52.856 4.562
Accel: 0.249 0.297 1.232
Gyro: 12.466 -47.897 3.570
Accel: 0.228 0.238 1.181
Gyro: 11.901 -43.029 2.166
Accel: 0.234 0.205 1.103
Gyro: 7.659 -43.365 0.869
Accel: 0.182 0.204 1.063
Gyro: 3.936 -41.076 -3.173
Accel: 0.155 0.178 1.051
Gyro: 2.624 -38.513 -5.218
Accel: 0.114 0.174 1.043
Gyro: 4.837 -36.926 -11.688
Accel: 0.089 0.160 1.017
Gyro: 7.110 -35.156 -9.628
Accel: 0.072 0.132 0.976
Gyro: 8.224 -34.713 -10.818
Accel: 0.059 0.098 0.945
Gyro: 8.087 -35.018 -10.818
Accel: 0.050 0.090 0.919
Gyro: 7.049 -36.224 -9.246
Accel: 0.058 0.093 0.914
Gyro: 5.889 -36.972 -7.064
Accel: 0.068 0.102 0.923
Gyro: 4.425 -35.675 -5.249
Accel: 0.068 0.113 0.928
Gyro: 2.670 -32.226 -4.165
Accel: 0.064 0.118 0.931
Gyro: 1.327 -27.069 -3.158
Accel: 0.052 0.113 0.941
Gyro: 1.327 -20.874 -2.410
Accel: 0.056 0.112 0.942
Gyro: 2.288 -15.167 -1.617
Accel: 0.065 0.112 0.938
Gyro: 3.051 -10.284 0.930
Accel: 0.067 0.112 0.944
Gyro: 3.479 -6.729 0.732
Accel: 0.061 0.105 0.940
Gyro: 2.685 -3.768 -1.617
Accel: 0.053 0.0100 0.937
Gyro: 1.693 -1.815 -2.548
Accel: 0.041 0.102 0.940
Gyro: 1.174 0.610 -3.143
Accel: 0.052 0.0100 0.942
Gyro: 1.159 0.244 -2.075
Accel: 0.073 0.101 0.956
Gyro: 2.090 -1.541 0.717
Accel: 0.083 0.122 0.973
Gyro: 3.997 -2.868 0.137
Accel: 0.078 0.129 0.980
Gyro: 6.469 -3.402 0.0000
Accel: 0.060 0.125 0.984
Gyro: 8.605 -4.379 0.473
Accel: 0.060 0.103 0.986
Gyro: 7.949 -7.293 -1.037
Accel: 0.050 0.089 0.991
Gyro: 7.324 -9.277 -2.029
Accel: 0.049 0.081 0.997
Gyro: 6.011 -12.634 -3.295
Accel: 0.051 0.081 1.018
Gyro: 5.111 -16.571 -3.768
Accel: 0.060 0.079 1.038
Gyro: 4.028 -20.141 -4.135
Accel: 0.061 0.206 1.223
Gyro: 13.763 -30.639 -6.744
Accel: 0.174 0.245 1.093
Gyro: 19.592 -38.375 -1.998
Accel: 0.041 0.207 1.029
Gyro: 28.778 -41.107 -1.647
Accel: 0.0010 0.103 1.064
Gyro: 23.269 -51.376 0.534
Accel: 0.008 0.094 1.072
Gyro: 26.763 -49.819 0.579
Accel: 0.019 0.113 1.015
Gyro: 26.229 -49.819 0.442
Accel: 0.003 0.096 1.062
Gyro: 22.979 -49.942 0.473
Accel: 0.032 0.048 1.007
Gyro: 18.630 -48.645 0.076
Accel: 0.045 0.012 0.995
Gyro: 10.192 -44.509 0.915
Accel: 0.096 0.009 0.941
Gyro: -5.340 -38.070 0.015
Accel: 0.072 0.038 1.005
Gyro: -24.978 -33.737 0.335
Accel: 0.072 0.068 1.114
Gyro: -33.905 -29.922 -2.197
Accel: 0.052 0.135 1.143
Gyro: -36.132 -26.168 -4.028
Accel: 0.042 0.175 1.134
Gyro: -32.623 -24.673 -3.692
Accel: 0.063 0.158 1.129
Gyro: -25.375 -23.788 -2.548
Accel: 0.071 0.114 1.116
Gyro: -17.196 -23.330 0.885
Accel: 0.073 0.136 1.087
Gyro: -9.674 -23.513 0.259
Accel: 0.079 0.163 1.076
Gyro: -4.913 -24.444 0.686
Accel: 0.103 0.168 1.087
Gyro: -1.632 -25.482 -2.944
Accel: 0.144 0.165 1.074
Gyro: 1.998 -25.299 -4.806
Accel: 0.228 0.114 1.082
Gyro: 7.690 -23.757 -7.461
Accel: 0.155 0.142 1.050
Gyro: 13.763 -21.041 -7.125
Accel: 0.182 0.124 1.031
Gyro: 18.554 -16.921 -7.614
Accel: 0.150 0.119 1.036
Gyro: 22.064 -13.137 -7.369
Accel: 0.111 0.107 1.035
Gyro: 24.856 -10.437 -5.630
Accel: 0.0100 0.094 1.027
Gyro: 24.765 -8.804 -3.723
Accel: 0.0100 0.095 1.009
Gyro: 21.438 -8.300 -2.807
Accel: 0.091 0.096 1.004
Gyro: 16.021 -6.958 -2.014
Accel: 0.076 0.096 1.023
Gyro: 10.879 -4.287 -1.129
Accel: 0.110 0.087 1.004
Gyro: 6.668 -1.968 3.814
Accel: 0.142 0.078 1.0010
Gyro: 5.111 -1.266 0.701
Accel: 0.130 0.077 1.017
Gyro: 5.569 -1.510 0.778
Accel: 0.110 0.090 1.021
Gyro: 6.484 -2.273 0.778
Accel: 0.107 0.098 1.014
Gyro: 7.125 -2.655 0.640
Accel: 0.101 0.088 0.996
Gyro: 7.049 -2.761 0.213
Accel: 0.096 0.084 0.982
Gyro: 6.637 -2.410 0.045
Accel: 0.091 0.068 0.981
Gyro: 5.813 -1.800 3.875
Accel: 0.0100 0.049 0.992
Gyro: 6.027 0.625 0.488
Accel: 0.099 0.054 0.938
Gyro: 7.431 0.839 0.366
Accel: 0.082 0.060 0.991
Gyro: 7.888 1.663 0.167
Accel: 0.070 0.0000 0.967
Gyro: 6.973 1.358 0.091
Accel: 0.082 0.066 0.939
Gyro: 0.289 1.007 0.854
Accel: 0.075 0.083 0.937
Gyro: 1.403 0.595 0.778
Accel: 0.059 0.085 0.931
Gyro: -1.113 0.137 0.167
Accel: 0.062 0.086 0.932
Gyro: -2.822 0.244 0.137
Accel: 0.075 0.073 0.975
Gyro: -3.326 1.358 0.137
Accel: 0.080 0.049 1.046
Gyro: -1.708 4.821 0.640
Accel: 0.076 0.056 1.026
Gyro: 1.708 9.384 -1.281
Accel: 0.096 0.059 1.022
Gyro: 4.287 14.678 -1.510
Accel: 0.080 0.070 1.0010
Gyro: 5.416 22.140 -1.220
Accel: 0.082 0.083 1.0001
Gyro: 5.386 30.044 0.015
Accel: 0.077 0.086 0.999
Gyro: 4.699 37.261 0.564
Accel: 0.067 0.087 0.970
Gyro: 3.646 46.752 1.190
Accel: 0.067 0.084 0.957
Gyro: 1.296 50.598 2.273
Accel: 0.052 0.078 0.944
Gyro: 0.869 47.012 3.784
Accel: 0.034 0.057 0.949
Gyro: -2.334 42.907 5.035
Accel: 0.027 0.048 0.950
Gyro: -3.005 36.727 5.386
Accel: 0.023 0.057 0.945
Gyro: -3.540 31.188 5.645
Accel: 0.020 0.075 0.941
Gyro: -4.577 26.275 5.813
Accel: 0.017 0.083 0.933
Gyro: -5.706 22.232 6.057
Accel: 0.014 0.084 0.927
Gyro: -7.247 19.363 6.561
Accel: 0.027 0.070 0.930
Gyro: -7.202 14.846 6.210
Accel: 0.019 0.074 0.999
Gyro: -5.691 8.880 5.233
Accel: 0.014 0.085 0.945
Gyro: -3.356 1.998 3.982
Accel: 0.017 0.094 0.946
Gyro: -1.617 -3.875 2.502
Accel: 0.020 0.101 0.955
Gyro: 0.152 -8.804 1.296
Accel: 0.025 0.108 0.972
Gyro: 1.907 -11.734 0.122
Accel: 0.036 0.108 0.978
Gyro: 2.853 -12.588 0.946
Accel: 0.040 0.105 0.985
Gyro: 2.868 -11.260 -1.449
Accel: 0.040 0.096 0.982
Gyro: 2.182 -4.135 -1.541
Accel: 0.043 0.086 0.981
Gyro: 0.885 -4.180 -1.373
Accel: 0.038 0.071 0.984
Gyro: 0.869 -1.953 -1.129
Accel: 0.050 0.068 0.983
Gyro: 2.532 -1.892 -1.831
Accel: 0.049 0.076 0.984
Gyro: 3.677 -2.349 -2.182
Accel: 0.048 0.084 0.997
Gyro: 4.348 -3.067 -2.929
Accel: 0.047 0.093 1.008
Gyro: 4.928 -2.944 -2.700
Accel: 0.052 0.089 1.018
Gyro: 5.279 -1.068 -2.212
Accel: 0.057 0.080 1.021
Gyro: 5.172 2.105 -1.525
Accel: 0.046 0.079 1.022
Gyro: 4.684 5.401 0.549
Accel: 0.043 0.070 1.012
Gyro: 3.723 8.255 0.320
Accel: 0.046 0.066 1.005
Gyro: 2.853 10.009 1.007
Accel: 0.043 0.063 0.996
Gyro: 1.983 10.177 1.571
Accel: 0.038 0.063 0.991
Gyro: 1.541 8.193 1.724
Accel: 0.028 0.067 0.988
Gyro: 1.342 6.057 1.678
Accel: 0.019 0.075 0.990
Gyro: 1.754 4.119 1.770
Accel: 0.018 0.075 0.989
Gyro: 1.678 2.914 1.541
Accel: 0.014 0.075 0.988
Gyro: 1.296 2.258 1.281
Accel: 0.013 0.071 0.983
Gyro: 1.174 1.602 1.251
Accel: 0.012 0.069 0.979
Gyro: 1.205 0.732 1.022
Accel: 0.005 0.069 0.968
Gyro: 1.373 0.839 1.052
Accel: 0.006 0.069 0.962
Gyro: 1.373 -3.311 1.083
Accel: 0.0000 0.071 0.960
Gyro: 1.403 -6.988 1.083
Accel: 0.0001 0.077 0.961
Gyro: 1.388 -10.406 1.113
Accel: 0.0000 0.082 0.963
Gyro: 1.449 -12.725 1.052
Accel: 0.008 0.082 0.968
Gyro: 1.602 -14.328 0.900
Accel: 0.009 0.079 0.971
Gyro: 1.770 -15.090 0.808
Accel: 0.012 0.082 0.973
Gyro: 1.708 -15.426 0.701
Accel: 0.020 0.082 0.974
Gyro: 1.495 -14.892 0.610
Accel: 0.031 0.073 0.982
Gyro: 1.632 -14.678 0.244
Accel: 0.031 0.075 0.989
Gyro: 2.166 -13.854 0.183
Accel: 0.037 0.082 0.993
Gyro: 2.029 -12.939 0.518
Accel: 0.041 0.081 0.997
Gyro: 1.464 -11.856 0.991
Accel: 0.048 0.080 0.999
Gyro: 1.083 -10.696 -1.220
Accel: 0.050 0.080 0.999
Gyro: 0.137 -9.292 0.946
Accel: 0.049 0.084 1.016
Gyro: 0.671 -7.720 0.564
Accel: 0.058 0.079 1.017
Gyro: -1.281 -6.713 0.442
Accel: 0.057 0.082 1.017
Gyro: -1.785 -5.493 0.137
Accel: 0.065 0.083 1.015
Gyro: -2.197 -4.470 0.167
Accel: 0.064 0.080 1.015
Gyro: -2.319 -3.784 0.350
Accel: 0.063 0.077 1.012
Gyro: -1.907 -3.601 0.762
Accel: 0.056 0.087 1.012
Gyro: -1.510 -3.082 0.823
Accel: 0.056 0.088 1.016
Gyro: -1.296 -2.548 0.762
Accel: 0.063 0.082 1.014
Gyro: 0.976 -2.716 -1.129
Accel: 0.053 0.081 1.016
Gyro: 0.152 -2.761 -1.281
Accel: 0.056 0.077 1.018
Gyro: 0.503 -2.868 -1.358
Accel: 0.058 0.078 1.017
Gyro: 0.778 -3.356 -1.205
Accel: 0.055 0.085 1.013
Gyro: 0.930 -4.226 -1.022
Accel: 0.060 0.083 1.009
Gyro: 0.885 -5.584 0.869
Accel: 0.055 0.080 1.0010
Gyro: 1.052 -7.080 0.396
Accel: 0.043 0.089 1.014
Gyro: 1.800 -9.155 0.183
Accel: 0.058 0.072 0.998
Gyro: 2.227 -10.360 0.061
Accel: 0.061 0.079 1.005
Gyro: 2.014 -9.368 0.457
Accel: 0.056 0.081 1.018
Gyro: 2.151 -7.797 1.068
Accel: 0.0000 0.075 1.024
Gyro: 2.029 -6.164 1.312
Accel: 0.071 0.077 1.026
Gyro: 1.846 -4.318 1.403
Accel: 0.072 0.082 1.021
Gyro: 1.724 -1.800 1.358
Accel: 0.068 0.088 1.020
Gyro: 1.556 0.122 1.251
Accel: 0.075 0.078 1.014
Gyro: 0.930 1.403 0.946
Accel: 0.073 0.074 1.015
Gyro: 0.411 1.358 0.732
Accel: 0.069 0.078 1.019
Gyro: 0.244 1.647 0.671
Accel: 0.067 0.076 1.019
Gyro: 0.152 1.983 0.656
Accel: 0.064 0.075 1.016
Gyro: 0.427 2.227 0.717
Accel: 0.064 0.072 1.008
Gyro: 0.473 2.410 0.823
Accel: 0.058 0.069 1.002
Gyro: 0.640 3.723 0.701
Accel: 0.053 0.068 1.004
Gyro: 0.091 5.554 0.534
Accel: 0.045 0.072 1.004
Gyro: 0.396 7.247 0.366
Accel: 0.039 0.072 0.996
Gyro: 0.396 8.407 0.122
Accel: 0.034 0.074 0.994
Gyro: 0.427 8.453 0.183
Accel: 0.023 0.075 0.990
Gyro: 0.122 8.392 0.030
Accel: 0.021 0.072 0.987
Gyro: 0.976 8.697 0.320
Accel: 0.023 0.077 0.985
Gyro: -2.105 8.575 0.823
Accel: 0.025 0.077 0.981
Gyro: -2.960 7.629 1.129
Accel: 0.026 0.073 0.989
Gyro: -2.975 6.149 1.235
Accel: 0.026 0.072 0.991
Gyro: -2.685 4.394 1.373
Accel: 0.028 0.070 0.997
Gyro: -1.831 2.899 1.373
Accel: 0.028 0.065 0.995
Gyro: -1.464 1.113 1.586
Accel: 0.026 0.069 0.993
Gyro: -1.205 0.885 1.602
Accel: 0.032 0.069 0.988
Gyro: -1.724 -2.899 1.632
Accel: 0.040 0.069 0.994
Gyro: -2.136 -4.623 1.159
Accel: 0.038 0.072 1.0001
Gyro: -2.777 -5.233 0.976
Accel: 0.037 0.075 1.006
Gyro: -2.822 -5.050 0.747
Accel: 0.050 0.072 1.009
Gyro: -2.975 -4.684 0.473
Accel: 0.049 0.073 1.013
Gyro: -2.822 -4.608 0.381
Accel: 0.052 0.070 1.015
Gyro: -2.197 -5.584 0.244
Accel: 0.054 0.070 1.017
Gyro: -1.312 -6.225 0.762
Accel: 0.056 0.070 1.018
Gyro: 0.106 -5.508 -1.495
Accel: 0.053 0.075 1.018
Gyro: 0.350 -3.463 -1.419
Accel: 0.046 0.072 1.016
Gyro: 0.442 -1.220 -1.312
Accel: 0.051 0.069 1.014
Gyro: 0.595 0.915 -1.403
Accel: 0.056 0.073 1.0010
Gyro: 0.701 2.182 -1.480
Accel: 0.049 0.080 1.009
Gyro: 0.045 2.700 -1.205
Accel: 0.045 0.081 1.0010
Gyro: 0.411 2.853 0.976
Accel: 0.047 0.078 1.0010
Gyro: 0.503 2.731 0.579
Accel: 0.048 0.073 1.012
Gyro: 0.335 2.319 0.061
Accel: 0.045 0.072 1.008
Gyro: 0.946 1.647 0.549
Accel: 0.045 0.073 1.006
Gyro: 0.839 0.885 1.083
Accel: 0.045 0.072 1.005
Gyro: 1.007 1.312 1.220
Accel: 0.048 0.076 1.013
Gyro: 1.571 1.892 1.235
Accel: 0.052 0.073 1.016
Gyro: 2.288 1.922 1.327
Accel: 0.048 0.069 1.016
Gyro: 2.243 1.358 1.434
Accel: 0.043 0.068 1.011
Gyro: 1.907 0.747 1.556
Accel: 0.043 0.071 1.004
Gyro: 1.342 0.076 1.815
Accel: 0.039 0.079 1.0001
Gyro: 0.595 0.488 2.075
Accel: 0.035 0.081 0.937
Gyro: 0.137 0.900 2.685
Accel: 0.040 0.079 0.998
Gyro: 0.610 0.946 3.021
Accel: 0.039 0.075 1.060
Gyro: 0.762 0.717 3.067
Accel: 0.033 0.080 1.005
Gyro: 0.442 0.244 2.746
Accel: 0.036 0.079 1.004
Gyro: 0.473 1.464 2.197
Accel: 0.039 0.080 1.0001
Gyro: 0.656 2.807 1.937
Accel: 0.040 0.080 1.005
Gyro: 0.137 3.860 1.831
Accel: 0.037 0.079 1.008
Gyro: 0.396 4.150 1.800
Accel: 0.039 0.079 1.0010
Gyro: -1.052 3.829 1.907
Accel: 0.038 0.080 1.009
Gyro: -1.296 3.158 1.922
Accel: 0.041 0.078 1.005
Gyro: -1.586 1.937 2.014
Accel: 0.041 0.078 1.0001
Gyro: -1.770 0.747 2.105
Accel: 0.040 0.079 0.996
Gyro: -2.120 0.442 2.075
Accel: 0.039 0.079 0.994
Gyro: -2.304 -1.373 1.937
Accel: 0.043 0.082 0.991
Gyro: -2.807 -2.105 1.876
Accel: 0.036 0.085 0.997
Gyro: -3.173 -2.517 1.800
Accel: 0.041 0.081 0.994
Gyro: -3.372 -2.807 1.571
Accel: 0.045 0.083 0.999
Gyro: -3.356 -3.173 1.358
Accel: 0.041 0.079 0.937
Gyro: -3.173 -3.494 1.235
Accel: 0.046 0.078 1.0000
Gyro: -2.853 -4.531 0.503
Accel: 0.042 0.085 1.0001
Gyro: -1.861 -5.371 0.137
Accel: 0.043 0.077 1.0000
Gyro: -1.419 -5.920 0.137
Accel: 0.042 0.079 1.0001
Gyro: -1.022 -6.240 0.473
Accel: 0.042 0.084 1.0001
Gyro: -1.068 -6.164 0.656
Accel: 0.044 0.086 1.062
Gyro: -1.068 -5.950 0.610
Accel: 0.032 0.088 1.0000
Gyro: -1.419 -5.310 0.076
Accel: 0.037 0.083 1.004
Gyro: -1.907 0.076 0.198
Accel: 0.042 0.079 1.0010
Gyro: -1.846 -3.189 0.701
Accel: 0.042 0.075 1.012
Gyro: -1.449 -3.173 1.113
Accel: 0.046 0.076 1.013
Gyro: 0.854 -3.738 1.251
Accel: 0.049 0.078 1.012
Gyro: 0.442 -3.738 1.358
Accel: 0.043 0.079 1.015
Gyro: 0.061 -3.479 1.464
Accel: 0.046 0.078 1.020
Gyro: 0.320 -3.463 1.602
Accel: 0.053 0.081 1.017
Gyro: 0.488 -3.555 1.510
Accel: 0.053 0.086 1.016
Gyro: 0.991 -3.417 1.358
Accel: 0.048 0.085 1.017
Gyro: 1.159 -2.456 0.885
Accel: 0.047 0.083 1.019
Gyro: 1.296 0.778 0.717
Accel: 0.050 0.083 1.020
Gyro: 1.556 1.022 0.946
Accel: 0.041 0.077 1.017
Gyro: 1.281 2.746 1.312
Accel: 0.041 0.078 1.017
Gyro: 1.312 4.150 1.541
Accel: 0.044 0.078 1.016
Gyro: 1.296 4.852 1.907
Accel: 0.045 0.077 1.011
Gyro: 1.403 5.126 2.258
Accel: 0.045 0.078 1.007
Gyro: 1.754 4.745 2.395
Accel: 0.041 0.081 1.005
Gyro: 2.014 3.982 2.471
Accel: 0.040 0.083 1.004
Gyro: 2.166 3.311 2.487
Accel: 0.044 0.084 1.0001
Gyro: 2.365 2.975 2.258
Accel: 0.041 0.085 1.002
Gyro: 2.395 2.670 1.922
Accel: 0.040 0.087 1.0001
Gyro: 2.441 2.243 1.556
Accel: 0.039 0.085 0.997
Gyro: 2.227 1.510 1.327
Accel: 0.041 0.083 0.996
Gyro: 2.151 0.976 1.007
Accel: 0.043 0.082 0.993
Gyro: 2.273 0.137 0.762
Accel: 0.041 0.079 0.989
Gyro: 2.288 0.701 0.595
Accel: 0.038 0.080 0.989
Gyro: 2.441 -1.937 0.503
Accel: 0.038 0.083 0.987
Gyro: 2.670 -3.143 0.442
Accel: 0.041 0.086 0.986
Gyro: 2.487 -4.196 0.350
Accel: 0.034 0.089 0.989
Gyro: 2.334 -4.776 0.640
Accel: 0.036 0.090 0.993
Gyro: 2.502 -4.714 0.839
Accel: 0.043 0.083 1.0000
Gyro: 2.944 -4.608 0.976
Accel: 0.051 0.075 1.004
Gyro: 3.341 -4.257 0.976
Accel: 0.052 0.068 1.009
Gyro: 3.784 -4.135 0.640
Accel: 0.054 0.064 1.008
Gyro: 4.058 -3.387 0.488
Accel: 0.055 0.058 1.0010
Gyro: 4.211 -2.258 0.396
Accel: 0.058 0.055 1.009
Gyro: 4.119 -1.083 0.076
Accel: 0.060 0.058 1.003
Gyro: 3.723 0.549 0.076
Accel: 0.058 0.060 1.0000
Gyro: 3.097 2.365 0.259
Accel: 0.051 0.063 1.0000
Gyro: 2.502 4.241 0.137
Accel: 0.049 0.060 0.997
Gyro: 1.693 5.615 0.045
Accel: 0.049 0.065 0.995
Gyro: 0.946 6.454 0.091
Accel: 0.044 0.067 0.995
Gyro: 0.167 6.942 0.198
Accel: 0.043 0.072 0.995
Gyro: 0.061 7.003 0.457
