Accel: 0.560 0.103 0.812
Gyro: 6.271 1.663 -9.429
Accel: 0.548 0.101 0.937
Gyro: 6.744 3.677 -9.506
Accel: 0.539 0.096 0.878
Gyro: 5.691 5.584 -8.224
Accel: 0.534 0.096 0.880
Gyro: 3.814 6.988 -6.469
Accel: 0.537 0.095 0.878
Gyro: 1.861 7.797 -4.760
Accel: 0.535 0.091 0.872
Gyro: 0.396 6.866 -3.402
Accel: 0.533 0.096 0.871
Gyro: 0.885 5.401 -2.258
Accel: 0.529 0.092 0.866
Gyro: -1.205 2.685 -1.403
Accel: 0.523 0.096 0.865
Gyro: 0.747 0.442 -1.464
Accel: 0.528 0.099 0.866
Gyro: 0.305 -2.853 -2.044
Accel: 0.532 0.105 0.869
Gyro: 1.403 -4.577 -2.929
Accel: 0.537 0.106 0.868
Gyro: 2.334 -5.264 -3.768
Accel: 0.536 0.105 0.868
Gyro: 3.158 -4.608 -4.180
Accel: 0.526 0.105 0.862
Gyro: 4.455 -3.265 -4.013
Accel: 0.512 0.109 0.854
Gyro: 5.798 -1.190 -3.463
Accel: 0.502 0.110 0.840
Gyro: 6.744 1.129 -3.097
Accel: 0.492 0.116 0.828
Gyro: 7.049 2.990 -2.914
Accel: 0.485 0.117 0.818
Gyro: 5.966 4.196 -2.990
Accel: 0.477 0.118 0.813
Gyro: 3.662 4.959 -3.189
Accel: 0.470 0.113 0.813
Gyro: 0.427 5.172 -3.280
Accel: 0.467 0.0100 0.812
Gyro: -2.746 5.310 -3.280
Accel: 0.461 0.094 0.815
Gyro: -5.218 5.218 -3.494
Accel: 0.462 0.083 0.823
Gyro: -6.973 4.821 -3.540
Accel: 0.476 0.087 0.831
Gyro: -9.124 4.852 -2.609
Accel: 0.477 0.081 0.840
Gyro: -15.548 5.065 -2.456
Accel: 0.474 0.078 0.857
Gyro: -12.695 4.486 -2.243
Accel: 0.488 0.078 0.870
Gyro: -13.793 4.501 -1.449
Accel: 0.501 0.077 0.878
Gyro: -13.900 4.486 -1.129
Accel: 0.506 0.075 0.885
Gyro: -12.588 4.302 -1.403
Accel: 0.513 0.077 0.883
Gyro: -10.101 4.470 -1.937
Accel: 0.512 0.080 0.812
Gyro: -7.385 4.531 -2.609
Accel: 0.509 0.086 0.866
Gyro: 0.045 4.379 -2.944
Accel: 0.507 0.088 0.862
Gyro: 0.900 4.104 -3.067
Accel: 0.506 0.095 0.859
Gyro: 1.220 4.257 -2.731
Accel: 0.505 0.0100 0.856
Gyro: 2.365 4.684 -2.120
Accel: 0.501 0.101 0.854
Gyro: 3.128 4.974 -1.144
Accel: 0.499 0.102 0.857
Gyro: 3.540 5.065 3.860
Accel: 0.496 0.103 0.859
Gyro: 3.814 5.447 1.220
Accel: 0.499 0.105 0.865
Gyro: 3.677 5.950 2.716
Accel: 0.507 0.108 0.878
Gyro: 2.700 7.171 3.906
Accel: 0.509 0.105 0.888
Gyro: 1.724 9.262 4.730
Accel: 0.484 0.088 0.896
Gyro: 1.296 12.588 5.950
Accel: 0.496 0.093 0.915
Gyro: 0.320 19.119 7.919
Accel: 0.517 0.140 0.941
Gyro: -4.058 28.091 8.422
Accel: 0.522 0.141 0.917
Gyro: -8.850 34.408 6.195
Accel: 0.539 0.138 0.890
Gyro: -19.271 35.598 4.943
Accel: 0.534 0.157 0.920
Gyro: -25.207 33.370 6.179
Accel: 0.514 0.159 0.929
Gyro: -36.941 30.685 8.697
Accel: 0.514 0.135 0.917
Gyro: -48.553 31.021 9.201
Accel: 0.511 0.114 0.927
Gyro: -55.679 32.211 7.675
Accel: 0.500 0.088 0.933
Gyro: -58.624 33.081 5.599
Accel: 0.470 0.059 0.956
Gyro: -59.356 33.584 4.974
Accel: 0.452 0.021 0.980
Gyro: -60.394 34.088 5.691
Accel: 0.437 0.009 1.013
Gyro: -66.284 34.484 7.553
Accel: 0.440 0.032 1.049
Gyro: -64.666 34.347 9.368
Accel: 0.480 0.046 1.055
Gyro: -63.522 35.583 9.353
Accel: 0.616 0.049 1.144
Gyro: -63.064 42.068 9.063
Accel: 0.576 0.007 1.096
Gyro: -61.019 45.303 5.340
Accel: 0.597 0.039 1.203
Gyro: -57.617 54.275 1.174
Accel: 0.545 0.024 1.110
Gyro: -51.849 53.802 -4.608
Accel: 0.460 0.102 1.079
Gyro: -43.563 52.368 -9.750
Accel: 0.380 0.094 1.072
Gyro: -38.009 55.480 -12.084
Accel: 0.268 0.036 1.048
Gyro: -27.832 56.427 -11.047
Accel: 0.221 0.018 1.016
Gyro: -19.836 56.808 -5.859
Accel: 0.239 0.030 0.981
Gyro: -14.266 58.288 1.754
Accel: 0.249 0.057 0.965
Gyro: -4.058 62.332 7.858
Accel: 0.248 0.048 0.962
Gyro: 7.186 70.632 10.589
Accel: 0.271 0.040 0.979
Gyro: 22.964 80.337 11.550
Accel: 0.278 0.027 1.033
Gyro: 37.506 82.0000 14.953
Accel: 0.266 0.011 1.093
Gyro: 44.281 71.578 21.194
Accel: 0.258 0.016 1.082
Gyro: 48.843 62.210 25.833
Accel: 0.187 0.036 1.031
Gyro: 55.313 61.309 27.053
Accel: 0.220 0.061 0.952
Gyro: 64.376 69.671 26.016
Accel: 0.216 0.065 0.941
Gyro: 73.196 76.461 25.451
Accel: 0.203 0.057 0.901
Gyro: 77.636 79.635 25.634
Accel: 0.221 0.025 0.870
Gyro: 78.506 82.946 24.993
Accel: 0.258 0.0001 0.907
Gyro: 74.218 80.871 23.422
Accel: 0.265 0.020 0.883
Gyro: 64.666 75.958 21.865
Accel: 0.253 0.050 0.922
Gyro: 50.216 62.744 20.095
Accel: 0.235 0.069 0.931
Gyro: 33.767 55.221 18.432
Accel: 0.206 0.071 0.923
Gyro: 17.318 43.823 16.799
Accel: 0.183 0.060 0.912
Gyro: 3.311 32.043 15.274
Accel: 0.173 0.050 0.915
Gyro: -7.492 21.469 13.717
Accel: 0.165 0.045 0.930
Gyro: -15.350 12.145 12.008
Accel: 0.166 0.043 0.937
Gyro: -20.858 4.974 9.719
Accel: 0.168 0.041 0.942
Gyro: -23.773 -1.449 7.247
Accel: 0.171 0.031 0.946
Gyro: -25.772 -5.355 5.355
Accel: 0.174 0.021 0.945
Gyro: -24.948 -8.789 3.753
Accel: 0.181 0.008 0.963
Gyro: -21.072 -11.184 2.288
Accel: 0.184 0.0001 0.979
Gyro: -14.602 -11.749 0.411
Accel: 0.186 0.002 0.988
Gyro: -6.668 -11.505 -1.342
Accel: 0.182 0.005 0.995
Gyro: 1.541 -11.505 -2.288
Accel: 0.181 0.004 0.996
Gyro: 9.445 -11.154 -2.517
Accel: 0.183 0.008 0.995
Gyro: 19.165 -9.750 -2.166
Accel: 0.191 0.019 0.990
Gyro: 19.683 -7.324 -1.129
Accel: 0.197 0.031 0.988
Gyro: 22.247 -4.058 0.213
Accel: 0.197 0.039 0.984
Gyro: 23.040 0.778 2.059
Accel: 0.204 0.048 0.983
Gyro: 22.033 6.347 3.860
Accel: 0.208 0.057 0.979
Gyro: 20.294 11.322 4.821
Accel: 0.212 0.062 0.977
Gyro: 18.783 15.213 5.477
Accel: 0.203 0.069 0.976
Gyro: 16.708 17.593 5.889
Accel: 0.195 0.072 0.974
Gyro: 14.175 19.378 6.195
Accel: 0.189 0.080 0.968
Gyro: 10.986 20.629 6.286
Accel: 0.185 0.084 0.968
Gyro: 8.361 21.789 6.256
Accel: 0.174 0.079 0.971
Gyro: 6.317 23.468 6.072
Accel: 0.155 0.074 0.963
Gyro: 4.623 24.414 6.042
Accel: 0.140 0.066 0.951
Gyro: 3.234 23.620 6.118
Accel: 0.124 0.055 0.946
Gyro: 1.708 22.125 6.149
Accel: 0.102 0.040 0.941
Gyro: 0.259 19.409 5.889
Accel: 0.097 0.035 0.935
Gyro: -2.471 15.411 5.065
Accel: 0.103 0.036 0.999
Gyro: -5.340 11.535 3.494
Accel: 0.115 0.042 0.942
Gyro: -9.552 9.674 1.358
Accel: 0.136 0.057 0.941
Gyro: -14.495 9.246 0.976
Accel: 0.144 0.065 0.941
Gyro: -19.607 9.704 -2.883
Accel: 0.138 0.064 0.937
Gyro: -23.925 9.979 -4.409
Accel: 0.122 0.053 0.939
Gyro: -26.596 10.101 -4.898
Accel: 0.112 0.040 0.945
Gyro: -28.076 10.589 -4.470
Accel: 0.110 0.033 0.959
Gyro: -29.220 12.008 -3.845
Accel: 0.116 0.037 0.973
Gyro: -29.861 14.419 -3.631
Accel: 0.120 0.033 0.993
Gyro: -29.220 16.708 -3.875
Accel: 0.108 0.014 1.004
Gyro: -27.114 17.898 -3.646
Accel: 0.097 0.006 1.018
Gyro: -24.032 17.440 -3.417
Accel: 0.083 0.0001 1.028
Gyro: -20.248 16.403 -3.005
Accel: 0.073 0.0000 1.033
Gyro: -16.510 15.304 -2.426
Accel: 0.070 0.007 1.034
Gyro: -13.549 14.373 -2.105
Accel: 0.070 0.0010 1.029
Gyro: -11.245 13.824 -1.876
Accel: 0.068 0.011 1.023
Gyro: -9.475 14.373 -1.327
Accel: 0.064 0.019 1.019
Gyro: -8.392 15.884 -1.190
Accel: 0.056 0.027 1.024
Gyro: -7.186 19.409 -2.029
Accel: 0.048 0.019 1.033
Gyro: -6.072 24.002 -3.356
Accel: 0.033 0.0010 1.038
Gyro: -5.477 28.030 -4.5
Accel: 0.765 0.319 0.676
Gyro: 130.950 106.094 -73.394
Accel: 0.813 0.295 0.629
Gyro: 146.820 94.985 -76.705
Accel: 0.912 0.214 0.593
Gyro: 158.432 87.158 -75.057
Accel: 0.958 0.249 0.619
Gyro: 156.661 98.892 -76.156
Accel: 0.931 0.419 0.479
Gyro: 153.854 95.611 -86.135
Accel: 0.886 0.412 0.424
Gyro: 150.451 83.938 -95.260
Accel: 0.910 0.328 0.374
Gyro: 143.966 71.960 -96.588
Accel: 0.930 0.375 0.087
Gyro: 121.719 69.747 -90.270
Accel: 0.975 0.511 0.047
Gyro: 84.701 73.120 -78.689
Accel: 0.921 0.472 0.182
Gyro: 62.011 67.565 -71.166
Accel: 0.852 0.277 0.466
Gyro: 59.326 56.472 -68.969
Accel: 0.845 0.216 0.566
Gyro: 67.779 47.042 -65.734
Accel: 0.805 0.283 0.463
Gyro: 70.739 43.014 -63.064
Accel: 0.774 0.300 0.368
Gyro: 62.271 42.343 -61.828
Accel: 0.765 0.260 0.397
Gyro: 54.016 38.955 -61.203
Accel: 0.775 0.232 0.431
Gyro: 47.042 32.958 -60.272
Accel: 0.783 0.218 0.412
Gyro: 46.676 28.381 -59.555
Accel: 0.795 0.216 0.387
Gyro: 40.390 25.558 -58.517
Accel: 0.813 0.226 0.395
Gyro: 34.606 23.574 -56.854
Accel: 0.824 0.234 0.389
Gyro: 30.227 22.277 -54.275
Accel: 0.838 0.229 0.357
Gyro: 26.748 20.568 -47.027
Accel: 0.838 0.218 0.328
Gyro: 23.101 18.554 -46.249
Accel: 0.838 0.201 0.322
Gyro: 20.462 16.555 -41.259
Accel: 0.837 0.189 0.316
Gyro: 18.768 14.816 -37.368
Accel: 0.835 0.178 0.306
Gyro: 16.906 14.038 -34.667
Accel: 0.825 0.179 0.295
Gyro: 15.106 13.442 -33.721
Accel: 0.813 0.186 0.285
Gyro: 13.809 12.924 -34.317
Accel: 0.811 0.196 0.277
Gyro: 13.076 13.214 -35.339
Accel: 0.819 0.205 0.270
Gyro: 12.847 14.221 -35.858
Accel: 0.834 0.202 0.271
Gyro: 13.153 16.174 -35.415
Accel: 0.846 0.184 0.271
Gyro: 14.419 18.661 -33.721
Accel: 0.850 0.167 0.266
Gyro: 16.265 20.538 -30.960
Accel: 0.853 0.155 0.263
Gyro: 18.508 21.713 -27.801
Accel: 0.849 0.147 0.264
Gyro: 20.950 22.476 -25.177
Accel: 0.844 0.141 0.264
Gyro: 23.590 22.552 -22.994
Accel: 0.841 0.136 0.264
Gyro: 25.833 22.232 -21.621
Accel: 0.842 0.135 0.259
Gyro: 27.679 21.835 -20.553
Accel: 0.845 0.134 0.252
Gyro: 28.823 21.331 -19.729
Accel: 0.856 0.135 0.245
Gyro: 29.251 20.919 -19.302
Accel: 0.868 0.132 0.245
Gyro: 29.006 20.599 -18.539
Accel: 0.873 0.126 0.187
Gyro: 28.991 19.699 -17.181
Accel: 0.878 0.121 0.248
Gyro: 28.991 18.081 -15.319
Accel: 0.883 0.125 0.247
Gyro: 28.305 15.884 -13.427
Accel: 0.887 0.126 0.251
Gyro: 27.023 13.549 -11.825
Accel: 0.890 0.131 0.257
Gyro: 25.436 11.444 -10.391
Accel: 0.895 0.135 0.261
Gyro: 23.666 9.582 -8.987
Accel: 0.899 0.138 0.260
Gyro: 21.911 7.766 -7.431
Accel: 0.908 0.143 0.256
Gyro: 19.790 5.737 -5.950
Accel: 0.917 0.145 0.252
Gyro: 17.181 4.516 -4.730
Accel: 0.922 0.134 0.260
Gyro: 15.029 3.433 -3.768
Accel: 0.928 0.125 0.256
Gyro: 13.290 2.670 -3.082
Accel: 0.932 0.121 0.247
Gyro: 11.932 1.449 -2.731
Accel: 0.939 0.121 0.231
Gyro: 10.635 0.579 -2.166
Accel: 0.947 0.124 0.217
Gyro: 9.490 -2.822 -1.739
Accel: 0.951 0.129 0.207
Gyro: 8.438 -5.981 -1.266
Accel: 0.946 0.131 0.207
Gyro: 7.431 -8.392 -1.098
Accel: 0.943 0.133 0.218
Gyro: 6.866 -9.536 -1.190
Accel: 0.940 0.135 0.226
Gyro: 6.744 -9.689 -1.190
Accel: 0.939 0.139 0.233
Gyro: 7.186 -8.972 -1.144
Accel: 0.943 0.143 0.236
Gyro: 7.614 -7.369 -1.174
Accel: 0.943 0.150 0.229
Gyro: 8.193 -6.011 -1.617
Accel: 0.945 0.152 0.226
Gyro: 8.926 -4.592 -1.754
Accel: 0.948 0.151 0.219
Gyro: 10.025 -3.692 -1.617
Accel: 0.952 0.150 0.220
Gyro: 11.322 -2.960 -1.342
Accel: 0.955 0.146 0.221
Gyro: 12.680 -2.365 -1.220
Accel: 0.958 0.138 0.233
Gyro: 14.297 -1.449 -1.113
Accel: 0.959 0.129 0.246
Gyro: 15.747 0.213 0.656
Accel: 0.954 0.132 0.253
Gyro: 17.379 1.647 0.427
Accel: 0.950 0.135 0.253
Gyro: 18.539 3.265 0.549
Accel: 0.948 0.136 0.254
Gyro: 19.073 4.623 0.930
Accel: 0.947 0.135 0.254
Gyro: 19.302 5.645 -1.510
Accel: 0.952 0.130 0.258
Gyro: 19.470 6.729 -2.059
Accel: 0.958 0.130 0.252
Gyro: 19.317 7.797 -2.655
Accel: 0.964 0.138 0.237
Gyro: 18.768 8.193 -3.326
Accel: 0.972 0.150 0.222
Gyro: 17.272 8.0010 -4.364
Accel: 0.974 0.158 0.218
Gyro: 15.686 7.354 -5.279
Accel: 0.966 0.161 0.212
Gyro: 14.236 6.179 -5.783
Accel: 0.957 0.161 0.211
Gyro: 12.496 4.837 -6.057
Accel: 0.949 0.156 0.216
Gyro: 10.665 3.601 -6.103
Accel: 0.947 0.152 0.221
Gyro: 8.712 3.204 -6.332
Accel: 0.947 0.146 0.227
Gyro: 6.896 3.158 -6.637
Accel: 0.956 0.145 0.230
Gyro: 5.081 2.914 -7.125
Accel: 0.965 0.153 0.231
Gyro: 3.173 2.899 -8.300
Accel: 0.972 0.148 0.239
Gyro: 1.403 3.295 -9.262
Accel: 0.977 0.144 0.241
Gyro: 0.732 3.005 -9.780
Accel: 0.977 0.148 0.232
Gyro: 0.366 2.960 -10.330
Accel: 0.966 0.155 0.228
Gyro: -1.647 2.716 -11.032
Accel: 0.959 0.154 0.219
Gyro: -3.097 2.456 -11.825
Accel: 0.952 0.152 0.215
Gyro: -4.852 2.548 -12.695
Accel: 0.941 0.145 0.212
Gyro: -6.546 2.639 -13.626
Accel: 0.937 0.134 0.208
Gyro: -7.675 2.532 -14.648
Accel: 0.935 0.130 0.210
Gyro: -8.499 2.395 -15.747
Accel: 0.931 0.131 0.217
Gyro: -8.804 2.197 -17.074
Accel: 0.923 0.129 0.216
Gyro: -8.377 1.708 -18.524
Accel: 0.914 0.126 0.208
Gyro: -8.422 1.251 -19.668
Accel: 0.906 0.132 0.208
Gyro: -8.743 1.068 -21.057
Accel: 0.892 0.133 0.207
Gyro: -8.911 1.129 -22.598
Accel: 0.875 0.133 0.198
Gyro: -8.972 0.976 -24.429
Accel: 0.854 0.130 0.196
Gyro: -9.155 0.625 -25.970
Accel: 0.822 0.130 0.198
Gyro: -8.987 -3.906 -27.420
Accel: 0.788 0.129 0.194
Gyro: -8.209 -1.235 -28.869
Accel: 0.747 0.120 0.189
Gyro: -7.171 -2.578 -30.227
Accel: 0.703 0.111 0.196
Gyro: -5.691 -3.646 -31.829
Accel: 0.628 0.095 0.177
Gyro: -3.768 -4.287 -34.301
Accel: 0.575 0.076 0.0100
Gyro: -4.089 -4.409 -37.414
Accel: 0.457 0.028 0.070
Gyro: -6.958 -4.180 -43.243
Accel: 0.354 0.015 0.085
Gyro: -9.841 -2.273 -46.981
Accel: 0.367 0.038 0.081
Gyro: -14.038 7.354 -48.690
Accel: 0.158 0.045 0.0000
Gyro: -15.472 5.477 -47.500
Accel: 0.020 0.030 0.004
Gyro: -9.506 -2.548 -42.495
Accel: 0.011 0.030 0.0000
Gyro: -2.929 -10.879 -37.948
Accel: 0.005 0.017 0.0010
Gyro: 0.259 -14.556 -34.713
Accel: 0.005 0.007 0.013
Gyro: 0.091 -15.548 -32.516
Accel: 0.005 0.008 0.006
Gyro: 0.045 -16.326 -30.334
Accel: 0.005 0.007 0.009
Gyro: 0.198 -17.120 -28.732
Accel: 0.003 0.005 0.011
Gyro: 0.396 -18.157 -27.618
Accel: 0.0001 0.004 0.012
Gyro: 0.732 -19.195 -26.840
Accel: 0.0000 0.004 0.014
Gyro: -1.113 -20.324 -26.504
Accel: 0.0001 0.003 0.014
Gyro: -1.663 -21.469 -26.443
Accel: 0.0001 0.004 0.015
Gyro: -1.846 -22.598 -26.565
Accel: 0.002 0.004 0.016
Gyro: -2.136 -23.880 -26.916
Accel: 0.003 0.0001 0.018
Gyro: -2.365 -25.161 -31.250
Accel: 0.005 0.002 0.020
Gyro: -2.517 -26.458 -28.030
Accel: 0.004 0.0001 0.023
Gyro: -2.731 -27.923 -28.823
Accel: -7.999 -4.267 2.874
Gyro: 103.286 -95.657 471.832
Accel: -5.143 -1.011 0.274
Gyro: 79.345 -257.904 288.269
Accel: 0.977 0.380 0.278
Gyro: 83.618 -254.867 198.837
Accel: -1.285 0.014 0.678
Gyro: 99.441 -263.580 148.605
Accel: -1.051 0.202 0.584
Gyro: 110.244 -314.544 140.625
Accel: 0.944 0.386 0.314
Gyro: 116.088 -357.299 138.824
Accel: 0.936 0.491 0.053
Gyro: 120.0010 -386.245 138.961
Accel: 0.251 1.469 0.837
Gyro: 13.565 -247.589 123.977
Accel: 0.550 1.606 0.559
Gyro: -219.757 -21.118 117.263
Accel: 0.528 1.192 0.572
Gyro: -259.948 -27.923 108.459
Accel: 0.756 0.856 0.852
Gyro: -238.464 -74.203 68.023
Accel: -1.107 0.189 1.404
Gyro: -190.979 -131.607 26.824
Accel: -1.591 0.172 1.876
Gyro: -138.031 -174.880 9.445
Accel: -1.495 0.161 1.903
Gyro: -124.374 -145.126 11.306
Accel: 0.852 0.0010 1.543
Gyro: -112.991 -96.542 13.854
Accel: 0.664 0.027 1.229
Gyro: -84.548 -29.006 9.063
Accel: 0.742 0.021 1.364
Gyro: -47.470 23.376 -9.597
Accel: 0.845 0.171 1.407
Gyro: 1.159 65.612 -28.259
Accel: 0.752 0.105 1.327
Gyro: 52.932 88.058 -40.405
Accel: 0.668 0.018 1.245
Gyro: 98.480 104.492 -46.020
Accel: 0.550 0.102 0.983
Gyro: 115.310 116.226 -48.736
Accel: 0.596 0.097 0.963
Gyro: 114.654 130.218 -46.035
Accel: 0.730 0.124 0.780
Gyro: 96.862 141.052 -37.536
Accel: 0.902 0.143 0.576
Gyro: 72.540 134.475 -27.603
Accel: 0.912 0.235 0.332
Gyro: 59.509 111.541 -23.925
Accel: -1.019 0.294 0.169
Gyro: 46.600 78.781 -22.384
Accel: -1.089 0.259 0.091
Gyro: 25.665 48.995 -20.736
Accel: -1.103 0.268 0.129
Gyro: -1.602 21.789 -20.248
Accel: -1.106 0.276 0.217
Gyro: -21.316 -2.197 -19.042
Accel: -1.088 0.223 0.346
Gyro: -31.417 -23.056 -18.081
Accel: -1.058 0.142 0.450
Gyro: -28.656 -42.938 -17.288
Accel: -1.009 0.083 0.558
Gyro: -24.871 -51.620 -15.457
Accel: 0.920 0.072 0.709
Gyro: -26.077 -45.227 -14.068
Accel: 0.819 0.042 0.848
Gyro: -25.848 -32.562 -12.878
Accel: 0.769 0.002 0.847
Gyro: -21.087 -16.159 -10.330
Accel: 0.762 0.016 0.820
Gyro: -11.917 -4.196 -7.461
Accel: 0.776 0.005 0.784
Gyro: 0.457 3.448 -4.837
Accel: 0.803 0.123 0.708
Gyro: 13.504 5.966 -2.822
Accel: 0.847 0.129 0.618
Gyro: 23.452 8.636 0.396
Accel: 0.864 0.171 0.543
Gyro: 25.314 7.919 1.327
Accel: 0.830 0.196 0.492
Gyro: 18.264 4.058 0.946
Accel: 0.805 0.210 0.484
Gyro: 8.071 0.381 0.457
Accel: 0.802 0.192 0.524
Gyro: -2.227 -2.624 0.808
Accel: 0.808 0.151 0.576
Gyro: -8.560 -3.250 1.953
Accel: 0.815 0.120 0.603
Gyro: -11.520 -3.005 3.234
Accel: 0.807 0.094 0.610
Gyro: -9.521 -1.098 4.089
Accel: 0.779 0.065 0.612
Gyro: -4.013 1.083 3.875
Accel: 0.776 0.068 0.599
Gyro: 3.097 2.883 4.806
Accel: 0.778 0.091 0.602
Gyro: 9.124 4.409 6.454
Accel: 0.770 0.091 0.616
Gyro: 12.710 4.852 6.851
Accel: 0.784 0.124 0.605
Gyro: 14.358 4.440 7.278
Accel: 0.797 0.160 0.587
Gyro: 12.374 2.975 8.224
Accel: 0.790 0.163 0.597
Gyro: 8.270 1.342 8.316
Accel: 0.779 0.158 0.608
Gyro: 4.837 0.198 6.973
Accel: 0.778 0.162 0.612
Gyro: 3.433 0.061 5.493
Accel: 0.779 0.177 0.600
Gyro: 4.776 1.602 0.076
Accel: 0.772 0.181 0.590
Gyro: 7.965 3.646 2.075
Accel: 0.746 0.165 0.579
Gyro: 8.789 4.898 0.915
Accel: 0.730 0.164 0.569
Gyro: 7.293 5.508 -3.738
Accel: 0.749 0.168 0.574
Gyro: 4.547 5.783 -5.264
Accel: 0.804 0.179 0.597
Gyro: 0.793 6.622 -4.501
Accel: 0.831 0.183 0.622
Gyro: -2.731 8.102 -4.089
Accel: 0.836 0.171 0.625
Gyro: -5.249 10.543 -4.287
Accel: 0.831 0.162 0.615
Gyro: -6.591 11.169 -3.921
Accel: 0.831 0.175 0.594
Gyro: -6.866 10.314 -3.814
Accel: 0.840 0.183 0.586
Gyro: -6.790 8.117 -3.219
Accel: 0.858 0.158 0.587
Gyro: -7.415 5.416 -2.365
Accel: 0.858 0.138 0.605
Gyro: -8.590 2.899 -2.227
Accel: 0.839 0.130 0.601
Gyro: -9.185 2.334 -2.517
Accel: 0.819 0.111 0.603
Gyro: -8.789 5.249 -3.570
Accel: 0.820 0.105 0.641
Gyro: -6.164 10.375 -4.943
Accel: 0.866 0.122 0.611
Gyro: -3.875 19.363 -5.462
Accel: 0.904 0.144 0.594
Gyro: -1.235 18.035 -4.837
Accel: 0.916 0.143 0.501
Gyro: 0.274 14.053 -3.570
Accel: 0.912 0.146 0.558
Gyro: 0.595 5.844 -2.182
Accel: 0.897 0.137 0.553
Gyro: 0.717 -2.090 0.396
Accel: 0.875 0.127 0.551
Gyro: 0.183 -7.873 1.037
Accel: 0.853 0.119 0.580
Gyro: 0.442 -11.062 1.159
Accel: 0.832 0.119 0.587
Gyro: -1.907 -11.535 -3.799
Accel: 0.813 0.113 0.583
Gyro: -2.075 -9.643 -1.358
Accel: 0.803 0.104 0.571
Gyro: -1.068 -6.332 -2.090
Accel: 0.797 0.097 0.567
Gyro: 0.595 -4.348 -2.212
Accel: 0.791 0.110 0.554
Gyro: 2.777 -1.296 -1.281
Accel: 0.805 0.118 0.553
Gyro: 5.828 1.388 0.137
Accel: 0.783 0.102 0.559
Gyro: 9.017 3.662 0.732
Accel: 0.810 0.106 0.551
Gyro: 12.039 6.317 1.403
Accel: 0.780 0.121 0.555
Gyro: 14.450 8.178 3.311
Accel: 0.761 0.129 0.557
Gyro: 15.838 10.589 3.829
Accel: 0.762 0.132 0.561
Gyro: 16.189 13.656 3.387
Accel: 0.771 0.143 0.558
Gyro: 16.342 17.440 2.548
Accel: 0.787 0.153 0.555
Gyro: 16.601 22.384 1.647
Accel: 0.791 0.138 0.564
Gyro: 16.433 26.275 0.411
Accel: 0.809 0.143 0.537
Gyro: 14.160 27.679 -1.556
Accel: 0.818 0.154 0.535
Gyro: 10.986 27.313 -2.426
Accel: 0.831 0.165 0.533
Gyro: 7.217 26.367 -3.402
Accel: 0.836 0.170 0.533
Gyro: 0.015 24.246 -4.104
Accel: 0.833 0.169 0.545
Gyro: 1.296 21.255 -4.623
Accel: 0.833 0.157 0.561
Gyro: 0.381 17.471 -5.340
Accel: 0.843 0.147 0.566
Gyro: -1.358 13.290 -6.164
Accel: 0.855 0.141 0.558
Gyro: -2.105 8.834 -6.851
Accel: 0.879 0.138 0.543
Gyro: -3.143 4.425 -6.759
Accel: 0.904 0.149 0.527
Gyro: -4.852 1.098 -5.569
Accel: 0.906 0.157 0.522
Gyro: -5.798 -1.785 0.091
Accel: 0.894 0.157 0.516
Gyro: -5.920 -3.494 -2.166
Accel: 0.872 0.157 0.504
Gyro: -4.943 -4.058 0.335
Accel: 0.839 0.153 0.495
Gyro: -3.173 -3.707 1.525
Accel: 0.828 0.139 0.495
Gyro: 0.381 -2.273 2.899
Accel: 0.827 0.127 0.505
Gyro: 2.456 0.732 3.433
Accel: 0.830 0.115 0.514
Gyro: 5.630 4.379 3.402
Accel: 0.834 0.107 0.514
Gyro: 8.316 8.773 2.960
Accel: 0.838 0.106 0.515
Gyro: 11.215 13.031 2.258
Accel: 0.832 0.106 0.515
Gyro: 13.977 16.540 1.220
Accel: 0.826 0.107 0.516
Gyro: 16.693 19.119 0.701
Accel: 0.816 0.115 0.517
Gyro: 18.630 20.874 0.228
Accel: 0.808 0.116 0.525
Gyro: 19.866 22.552 0.427
Accel: 0.805 0.122 0.530
Gyro: 20.202 24.291 -1.937
Accel: 0.805 0.129 0.525
Gyro: 19.790 25.680 -3.494
Accel: 0.805 0.138 0.517
Gyro: 18.997 25.909 -4.714
Accel: 0.806 0.149 0.511
Gyro: 17.272 25.177 -5.401
Accel: 0.808 0.155 0.502
Gyro: 14.907 23.132 -5.859
Accel: 0.875 0.157 0.499
Gyro: 12.329 20.477 -5.950
Accel: 0.811 0.158 0.482
Gyro: 9.170 17.166 -6.088
Accel: 0.815 0.157 0.473
Gyro: 6.484 13.122 -6.439
Accel: 0.822 0.149 0.477
Gyro: 3.921 9.689 -6.668
Accel: 0.830 0.142 0.476
Gyro: 2.182 6.256 -6.958
Accel: 0.842 0.137 0.476
Gyro: 0.503 3.326 -7.492
Accel: 0.845 0.131 0.474
Gyro: 0.885 0.732 -7.904
Accel: 0.855 0.128 0.477
Gyro: -1.953 -1.510 -7.965
Accel: 0.861 0.129 0.469
Gyro: -2.655 -3.204 -7.736
Accel: 0.858 0.127 0.463
Gyro: -3.555 -4.226 -7.461
Accel: 0.853 0.130 0.455
Gyro: -4.180 -4.226 -7.507
Accel: 0.852 0.130 0.450
Gyro: -4.379 -3.204 -7.553
Accel: 0.850 0.131 0.451
Gyro: -4.089 -1.342 -7.369
Accel: 0.850 0.128 0.448
Gyro: -3.097 1.373 -7.064
Accel: 0.855 0.129 0.440
Gyro: -2.288 4.196 -6.713
Accel: 0.854 0.126 0.431
Gyro: -1.388 7.003 -6.668
Accel: 0.849 0.125 0.428
Gyro: 0.427 9.582 -6.774
Accel: 0.856 0.118 0.434
Gyro: 0.839 11.917 -6.256
Accel: 0.872 0.107 0.436
Gyro: 2.212 13.336 -5.325
Accel: 0.895 0.091 0.455
Gyro: 4.135 13.076 -4.837
Accel: 0.899 0.093 0.414
Gyro: 3.433 12.329 -4.898
Accel: 0.813 0.102 0.429
Gyro: 3.509 10.284 -5.233
Accel: 0.870 0.101 0.435
Gyro: 3.082 7.919 -5.081
Accel: 0.876 0.101 0.439
Gyro: 2.471 4.547 -4.959
Accel: 0.881 0.111 0.446
Gyro: 0.808 0.396 -4.531
Accel: 0.885 0.109 0.458
Gyro: 0.976 -7.720 -4.165
Accel: 0.890 0.102 0.467
Gyro: -3.036 -8.773 -3.875
Accel: 0.892 0.102 0.472
Gyro: -5.172 -13.565 -3.875
Accel: 0.889 0.106 0.474
Gyro: -7.232 -17.578 -3.677
Accel: 0.887 0.108 0.476
Gyro: -8.636 -20.217 -3.219
Accel: 0.882 0.111 0.474
Gyro: -9.536 -21.316 -2.868
Accel: 0.881 0.109 0.468
Gyro: -10.131 -21.255 -3.021
Accel: 0.876 0.112 0.459
Gyro: -10.574 -19.775 -3.402
Accel: 0.871 0.103 0.462
Gyro: -9.338 -17.929 -3.768
Accel: 0.870 0.097 0.455
Gyro: -8.422 -14.984 -4.104
Accel: 0.865 0.094 0.463
Gyro: -6.668 -11.123 -4.531
Accel: 0.864 0.090 0.474
Gyro: -4.501 -6.759 -4.531
Accel: 0.867 0.093 0.479
Gyro: -2.120 -1.724 -4.638
Accel: 0.869 0.097 0.480
Gyro: 0.030 2.990 -4.776
Accel: 0.873 0.0100 0.495
Gyro: 2.105 8.026 -4.791
Accel: 0.882 0.103 0.506
Gyro: 4.180 12.725 -4.501
Accel: 0.893 0.111 0.509
Gyro: 5.462 15.930 -4.211
Accel: 0.890 0.113 0.503
Gyro: 6.347 18.371 -3.555
Accel: 0.885 0.117 0.490
Gyro: 6.927 19.683 -2.914
Accel: 0.887 0.117 0.485
Gyro: 6.515 19.500 -2.471
Accel: 0.890 0.115 0.477
Gyro: 5.691 17.776 -1.663
Accel: 0.890 0.115 0.471
Gyro: 4.714 14.617 -1.174
Accel: 0.890 0.115 0.465
Gyro: 3.265 10.452 0.961
Accel: 0.890 0.113 0.459
Gyro: 2.029 6.118 0.610
Accel: 0.900 0.113 0.452
Gyro: 1.205 1.358 0.122
Accel: 0.899 0.114 0.452
Gyro: 0.183 -2.655 0.152
Accel: 0.889 0.113 0.459
Gyro: 0.656 -5.081 0.061
Accel: 0.882 0.112 0.470
Gyro: -1.235 -6.286 0.411
Accel: 0.884 0.110 0.474
Gyro: -1.632 -6.515 0.823
Accel: 0.883 0.114 0.469
Gyro: -1.510 -6.332 -1.235
Accel: 0.881 0.111 0.471
Gyro: -1.144 -5.599 -1.541
Accel: 0.878 0.110 0.476
Gyro: 0.396 -4.470 -1.907
Accel: 0.875 0.109 0.475
Gyro: 0.762 -2.685 -2.197
Accel: 0.874 0.110 0.472
Gyro: 2.075 -1.190 -2.075
Accel: 0.880 0.122 0.470
Gyro: 3.173 0.091 -1.663
Accel: 0.876 0.130 0.464
Gyro: 3.890 1.098 -1.205
Accel: 0.865 0.131 0.473
Gyro: 3.433 2.029 -1.235
Accel: 0.856 0.127 0.474
Gyro: 2.716 2.822 -1.449
Accel: 0.861 0.129 0.471
Gyro: 1.678 3.036 -1.861
Accel: 0.873 0.131 0.471
Gyro: 0.625 2.975 -2.365
Accel: 0.880 0.128 0.476
Gyro: 0.305 2.624 -2.471
Accel: 0.881 0.123 0.480
Gyro: 0.762 2.029 -2.365
Accel: 0.882 0.117 0.482
Gyro: 0.839 1.220 -2.120
Accel: 0.887 0.112 0.486
Gyro: 0.991 0.198 -1.953
Accel: 0.888 0.109 0.487
Gyro: 0.961 0.885 -1.663
Accel: 0.886 0.108 0.483
Gyro: -1.113 -2.120 -1.892
Accel: 0.882 0.104 0.481
Gyro: -1.205 -2.960 -2.334
Accel: 0.880 0.106 0.478
Gyro: -1.754 -3.952 -3.036
Accel: 0.876 0.103 0.479
Gyro: -2.227 -4.776 -3.662
Accel: 0.878 0.102 0.478
Gyro: -2.670 -5.218 -4.211
Accel: 0.883 0.102 0.478
Gyro: -2.578 -5.722 -4.531
Accel: 0.887 0.101 0.478
Gyro: -2.136 -6.317 -4.806
Accel: 0.887 0.102 0.478
Gyro: -1.724 -6.164 -5.004
Accel: 0.881 0.103 0.478
Gyro: -1.129 -5.691 -5.355
Accel: 0.880 0.105 0.479
Gyro: 0.503 -4.608 -5.569
Accel: 0.884 0.107 0.477
Gyro: 0.030 -3.692 -5.752
Accel: 0.884 0.111 0.479
Gyro: 0.152 -2.868 -5.889
Accel: 0.884 0.110 0.480
Gyro: 0.427 -2.380 -5.996
