Accel: 0.006 0.035 1.005
Gyro: -3.875 0.274 0.915
Accel: 0.003 0.035 1.006
Gyro: 0.030 0.946 -1.312
Accel: 0.0001 0.035 1.006
Gyro: 0.137 -1.861 -1.602
Accel: 0.0000 0.037 1.007
Gyro: 0.152 -2.441 -1.647
Accel: 0.0001 0.037 1.007
Gyro: 0.076 -2.731 -1.525
Accel: 0.003 0.039 1.0010
Gyro: 0.152 -2.670 -1.358
Accel: 0.0001 0.038 1.012
Gyro: 0.289 -2.548 -1.312
Accel: 0.0000 0.039 1.013
Gyro: 0.396 -1.983 -1.342
Accel: 0.002 0.039 1.012
Gyro: 0.534 -1.388 -1.373
Accel: 0.005 0.042 1.013
Gyro: 0.869 0.808 -1.510
Accel: 0.0001 0.041 1.011
Gyro: 1.174 0.411 -1.464
Accel: 0.0000 0.043 1.0010
Gyro: 1.632 0.030 -1.358
Accel: 0.0000 0.045 1.009
Gyro: 2.075 0.0000 -1.098
Accel: 0.0000 0.040 1.008
Gyro: 2.441 0.274 0.885
Accel: 0.003 0.042 1.005
Gyro: 2.548 0.640 0.534
Accel: 0.0001 0.041 1.004
Gyro: 2.593 -1.052 0.564
Accel: 0.002 0.038 1.008
Gyro: 2.548 -1.342 0.518
Accel: 0.002 0.037 1.006
Gyro: 2.410 -1.800 0.518
Accel: 0.0001 0.036 1.007
Gyro: 2.227 -2.029 0.595
Accel: 0.002 0.036 1.011
Gyro: 2.014 -2.227 0.793
Accel: 0.003 0.039 1.009
Gyro: 1.922 -2.212 0.930
Accel: 0.002 0.038 1.0010
Gyro: 1.647 -2.029 -1.022
Accel: 0.0001 0.038 1.007
Gyro: 1.327 -1.510 -1.007
Accel: 0.0000 0.041 1.0010
Gyro: 0.854 0.839 -1.037
Accel: 0.002 0.039 1.012
Gyro: 0.732 0.076 -1.037
Accel: 0.002 0.042 1.012
Gyro: 0.656 0.579 0.976
Accel: 0.0000 0.040 1.011
Gyro: 0.335 0.885 0.976
Accel: 0.0001 0.042 1.006
Gyro: 0.305 1.190 0.885
Accel: 0.003 0.041 1.008
Gyro: 0.228 1.373 0.778
Accel: 0.0001 0.043 1.003
Gyro: 0.061 1.190 0.671
Accel: 0.0000 0.042 1.002
Gyro: 0.152 1.190 0.671
Accel: 0.003 0.041 1.0001
Gyro: 0.076 0.747 0.457
Accel: 0.003 0.040 1.0000
Gyro: 0.228 0.091 0.335
Accel: 0.0000 0.041 1.002
Gyro: 0.320 -1.068 0.122
Accel: 0.0001 0.041 1.005
Gyro: 0.259 -2.029 0.244
Accel: 0.0001 0.041 1.007
Gyro: 0.335 -2.838 0.534
Accel: 0.002 0.039 1.007
Gyro: 0.152 -3.402 0.534
Accel: 0.007 0.037 1.012
Gyro: 0.015 -3.326 0.595
Accel: 0.0010 0.037 1.014
Gyro: 0.137 -2.838 0.640
Accel: 0.009 0.039 1.016
Gyro: 0.198 -2.059 0.549
Accel: 0.008 0.039 1.016
Gyro: 0.274 -1.068 0.320
Accel: 0.006 0.037 1.017
Gyro: 0.259 0.198 0.244
Accel: 0.002 0.036 1.015
Gyro: 0.198 1.022 0.335
Accel: 0.0001 0.036 1.017
Gyro: 0.228 1.922 0.335
Accel: 0.002 0.041 1.011
Gyro: 0.167 2.807 0.442
Accel: 0.005 0.039 1.007
Gyro: 0.259 3.280 0.411
Accel: 0.009 0.039 1.005
Gyro: 0.137 3.494 0.289
Accel: 0.008 0.036 1.0001
Gyro: 0.198 3.158 0.122
Accel: 0.009 0.037 0.999
Gyro: 0.274 2.502 0.549
Accel: 0.006 0.035 0.996
Gyro: 0.442 1.693 0.823
Accel: 0.008 0.034 0.994
Gyro: 0.473 0.671 0.961
Accel: 0.009 0.036 0.992
Gyro: 0.366 0.274 0.762
Accel: 0.008 0.038 0.994
Gyro: 0.259 -1.052 0.640
Accel: 0.006 0.040 0.994
Gyro: 0.122 -1.831 0.228
Accel: 0.004 0.045 0.996
Gyro: 0.228 -2.349 0.228
Accel: 0.004 0.042 0.998
Gyro: 0.030 -2.593 0.503
Accel: 0.003 0.037 1.0001
Gyro: 0.030 -2.639 0.793
Accel: 0.0000 0.037 1.004
Gyro: 0.305 -2.487 0.900
Accel: 0.0000 0.037 1.007
Gyro: 0.473 -2.212 0.900
Accel: 0.0000 0.038 1.008
Gyro: 0.747 -1.831 0.732
Accel: 0.0001 0.037 1.0010
Gyro: 1.022 -1.403 0.320
Accel: 0.004 0.040 1.0010
Gyro: 1.083 0.976 0.030
Accel: 0.004 0.041 1.009
Gyro: 1.342 0.366 0.457
Accel: 0.003 0.040 1.008
Gyro: 1.434 0.289 0.701
Accel: 0.002 0.039 1.007
Gyro: 1.632 0.808 0.961
Accel: 0.0001 0.038 1.004
Gyro: 1.647 0.976 -1.235
Accel: 0.002 0.039 1.004
Gyro: 1.358 0.686 -1.342
Accel: 0.002 0.036 1.005
Gyro: 1.113 -3.906 -1.388
Accel: 0.0000 0.033 1.005
Gyro: 0.946 0.869 -1.113
Accel: 0.0000 0.033 1.008
Gyro: 0.640 -1.983 -1.083
Accel: 0.0000 0.037 1.011
Gyro: 0.564 -2.929 0.778
Accel: 0.0001 0.038 1.012
Gyro: 0.534 -3.356 0.656
Accel: 0.004 0.041 1.014
Gyro: 0.518 -3.250 0.473
Accel: 0.005 0.042 1.016
Gyro: 0.259 -2.319 0.198
Accel: 0.008 0.044 1.018
Gyro: 0.0000 -1.007 0.045
Accel: 0.007 0.045 1.020
Gyro: 0.045 0.091 0.167
Accel: 0.007 0.044 1.023
Gyro: 0.198 0.701 0.091
Accel: 0.006 0.040 1.021
Gyro: 0.427 1.556 0.427
Accel: 0.007 0.037 1.020
Gyro: 0.778 2.105 0.595
Accel: 0.005 0.041 1.017
Gyro: 0.885 2.883 0.915
Accel: 0.0001 0.042 1.018
Gyro: 1.113 3.341 -1.144
Accel: 0.004 0.044 1.013
Gyro: 1.235 3.311 -1.266
Accel: 0.008 0.046 1.009
Gyro: 1.220 3.082 -1.312
Accel: 0.009 0.044 1.009
Gyro: 1.251 2.304 -1.342
Accel: 0.006 0.044 1.006
Gyro: 1.190 1.968 -1.052
Accel: 0.003 0.044 1.003
Gyro: 0.930 1.876 0.640
Accel: 0.0001 0.042 1.002
Gyro: 0.228 1.815 0.289
Accel: 0.0001 0.038 1.007
Gyro: 0.320 1.632 0.289
Accel: 0.0001 0.037 1.007
Gyro: 0.839 1.190 0.717
Accel: 0.004 0.037 1.006
Gyro: -1.541 1.205 1.098
Accel: 0.002 0.040 1.007
Gyro: -2.075 1.296 1.617
Accel: 0.0000 0.044 1.004
Gyro: -2.593 1.586 2.014
Accel: 0.007 0.042 1.0001
Gyro: -2.868 1.846 2.258
Accel: 0.013 0.041 1.0001
Gyro: -3.631 2.365 2.395
Accel: 0.020 0.035 1.005
Gyro: -3.738 2.838 2.059
Accel: 0.023 0.035 1.002
Gyro: -3.524 3.250 1.388
Accel: 0.027 0.036 1.0000
Gyro: -3.143 3.616 0.686
Accel: 0.031 0.041 0.996
Gyro: -2.532 3.845 0.137
Accel: 0.036 0.040 0.996
Gyro: -1.770 3.723 0.045
Accel: 0.039 0.043 0.989
Gyro: -1.083 3.326 0.091
Accel: 0.036 0.043 0.986
Gyro: 0.579 2.441 0.213
Accel: 0.030 0.044 0.983
Gyro: 0.0000 1.632 0.411
Accel: 0.024 0.042 0.990
Gyro: 0.778 0.564 0.717
Accel: 0.025 0.037 0.998
Gyro: 1.663 -1.129 -1.037
Accel: 0.016 0.042 0.995
Gyro: 2.304 -2.471 -1.785
Accel: 0.019 0.039 1.0000
Gyro: 2.822 -3.967 -2.334
Accel: 0.020 0.034 1.0000
Gyro: 3.234 -4.623 -2.532
Accel: 0.021 0.035 1.005
Gyro: 3.356 -4.913 -2.807
Accel: 0.016 0.032 1.007
Gyro: 3.433 -4.852 -2.990
Accel: 0.013 0.034 1.006
Gyro: 2.929 -3.982 -3.036
Accel: 0.0010 0.039 1.011
Gyro: 2.609 -2.426 -2.868
Accel: 0.0010 0.042 1.018
Gyro: 2.426 0.686 -2.975
Accel: 0.011 0.046 1.027
Gyro: 2.395 0.457 -3.005
Accel: 0.014 0.050 1.028
Gyro: 2.182 1.205 -3.021
Accel: 0.022 0.046 1.035
Gyro: 1.647 1.754 -2.944
Accel: 0.026 0.038 1.037
Gyro: 1.113 2.334 -2.731
Accel: 0.023 0.047 1.024
Gyro: 0.381 3.555 -2.059
Accel: 0.017 0.047 1.020
Gyro: 0.198 4.760 -1.480
Accel: 0.017 0.051 1.009
Gyro: 0.900 5.386 0.885
Accel: 0.015 0.050 0.994
Gyro: -1.495 6.805 0.045
Accel: 0.0010 0.050 0.997
Gyro: -1.312 7.507 0.091
Accel: 0.014 0.047 0.994
Gyro: -1.708 6.423 0.045
Accel: 0.009 0.044 0.983
Gyro: -2.044 5.157 0.167
Accel: 0.004 0.043 0.983
Gyro: -2.258 4.180 -3.890
Accel: 0.003 0.041 0.977
Gyro: -2.182 2.563 0.259
Accel: 0.003 0.039 0.971
Gyro: -1.953 0.991 0.427
Accel: 0.005 0.038 0.966
Gyro: -1.403 0.106 -1.098
Accel: 0.019 0.034 0.973
Gyro: 0.671 -1.403 -1.617
Accel: 0.024 0.038 0.974
Gyro: 0.396 -3.219 -2.014
Accel: 0.022 0.042 0.970
Gyro: 0.732 -4.562 -2.395
Accel: 0.025 0.043 0.972
Gyro: 0.991 -5.584 -2.365
Accel: 0.022 0.046 0.975
Gyro: 1.190 -6.668 -2.380
Accel: 0.020 0.048 0.973
Gyro: 0.900 -6.820 -2.090
Accel: 0.030 0.042 0.991
Gyro: 0.976 -6.378 -1.876
Accel: 0.032 0.044 1.0000
Gyro: 1.434 -6.149 -2.182
Accel: 0.027 0.049 0.999
Gyro: 1.632 -5.676 -2.761
Accel: 0.029 0.050 1.006
Gyro: 2.182 -5.905 -3.463
Accel: 0.034 0.067 1.006
Gyro: 3.463 -6.179 -4.486
Accel: 0.031 0.074 0.938
Gyro: 4.104 -6.607 -5.294
Accel: 0.028 0.072 0.992
Gyro: 4.028 -6.378 -5.035
Accel: 0.023 0.070 0.996
Gyro: 4.119 -6.622 -4.577
Accel: 0.022 0.068 0.985
Gyro: 3.509 -7.812 -4.501
Accel: 0.028 0.071 0.975
Gyro: 2.304 -8.316 -4.531
Accel: 0.033 0.081 0.979
Gyro: 1.983 -8.255 -5.096
Accel: 0.022 0.078 0.959
Gyro: 3.280 -7.751 -5.920
Accel: 0.034 0.080 0.933
Gyro: 5.065 -7.141 -5.630
Accel: 0.042 0.058 0.896
Gyro: 7.888 -6.286 -4.592
Accel: 0.034 0.036 0.767
Gyro: 9.979 -5.752 -4.470
Accel: 0.014 0.037 0.697
Gyro: 11.291 -7.446 -4.852
Accel: 0.005 0.037 0.643
Gyro: 13.473 -11.840 -2.273
Accel: 0.062 0.054 0.509
Gyro: 16.799 -20.217 4.440
Accel: 0.046 0.0000 0.324
Gyro: 27.954 -33.493 12.054
Accel: 0.007 0.0001 0.019
Gyro: 44.219 -39.093 18.051
Accel: 0.027 0.008 0.047
Gyro: 57.937 -39.901 20.156
Accel: 0.009 0.009 0.093
Gyro: 61.523 -37.582 20.111
Accel: 0.0000 0.0001 0.124
Gyro: 62.866 -36.361 20.187
Accel: 0.0000 0.0001 0.021
Gyro: 62.423 -36.071 20.751
Accel: 0.002 0.011 0.018
Gyro: 62.820 -34.332 20.431
Accel: 0.061 0.012 0.002
Gyro: 65.490 -30.746 19.515
Accel: 0.004 0.013 0.006
Gyro: 67.214 -27.481 18.768
Accel: 0.007 0.012 0.017
Gyro: 68.267 -24.154 18.035
Accel: 0.008 0.0010 0.029
Gyro: 68.740 -20.965 17.364
Accel: 0.007 0.009 0.037
Gyro: 68.893 -18.173 16.784
Accel: 0.005 0.007 0.042
Gyro: 68.756 -15.045 16.265
Accel: 0.004 0.007 0.044
Gyro: 68.389 -12.084 15.762
Accel: 0.004 0.005 0.042
Gyro: 67.733 -9.048 15.289
Accel: 0.003 0.006 0.041
Gyro: 66.925 -6.118 14.877
Accel: 0.004 0.004 0.043
Gyro: 65.917 -3.295 14.434
Accel: 0.005 0.005 0.046
Gyro: 64.880 0.396 14.053
Accel: 0.008 0.0001 0.062
Gyro: 63.705 2.258 13.748
Accel: 0.006 0.004 0.044
Gyro: 62.332 4.959 13.320
Accel: 0.006 0.004 0.058
Gyro: 60.821 7.263 13.0000
Accel: 0.006 0.002 0.051
Gyro: 59.646 9.796 12.680
Accel: 0.007 0.003 0.058
Gyro: 58.197 12.405 12.405
Accel: 0.006 0.003 0.060
Gyro: 56.838 14.953 12.237
Accel: 0.007 0.003 0.061
Gyro: 55.328 17.257 12.145
Accel: 0.008 0.004 0.061
Gyro: 53.909 19.699 11.962
Accel: 0.008 0.0001 0.063
Gyro: 52.703 21.987 11.917
Accel: 0.006 0.003 0.066
Gyro: 51.239 24.383 12.039
Accel: 0.007 0.005 0.069
Gyro: 49.896 26.550 12.023
Accel: 0.0010 0.004 0.071
Gyro: 48.385 28.976 12.130
Accel: 0.006 0.004 0.075
Gyro: 43.045 31.600 12.084
Accel: 0.0001 0.012 0.084
Gyro: 43.838 34.317 10.345
Accel: 0.0001 0.029 0.091
Gyro: 36.773 36.941 6.866
Accel: 0.002 0.016 0.081
Gyro: 29.907 39.230 4.501
Accel: 0.005 0.0010 0.092
Gyro: 23.986 41.122 3.097
Accel: 0.004 0.002 0.097
Gyro: 18.600 42.846 2.243
Accel: 0.011 0.004 0.113
Gyro: 13.961 44.250 1.800
Accel: 2.029 -1.808 2.383
Gyro: -499.969 -254.180 28.457
Accel: 0.860 0.611 3.822
Gyro: -499.969 -499.969 63.873
Accel: -4.511 1.503 -4.656
Gyro: -499.969 -41.900 116.119
Accel: 1.986 0.805 7.999
Gyro: 30.288 -34.439 50.750
Accel: 0.148 0.144 1.798
Gyro: 125.366 -107.070 43.533
Accel: 0.270 1.244 3.195
Gyro: 165.420 -131.896 72.128
Accel: 0.166 1.274 0.856
Gyro: 182.205 -202.835 80.871
Accel: 0.018 0.850 0.816
Gyro: 177.856 -287.124 79.147
Accel: 0.090 0.960 1.357
Gyro: 160.644 -340.911 61.264
Accel: 0.879 1.309 2.954
Gyro: 170.761 -268.753 17.501
Accel: 1.046 1.055 2.569
Gyro: 195.175 -160.278 -20.004
Accel: 1.047 0.812 2.185
Gyro: 187.225 -84.106 -39.108
Accel: 1.171 0.726 1.975
Gyro: 166.076 -5.996 -50.338
Accel: 0.937 0.472 1.735
Gyro: 127.914 61.492 -42.907
Accel: 0.783 0.393 1.489
Gyro: 74.630 123.077 -25.955
Accel: 0.673 0.264 1.357
Gyro: 8.972 182.418 -11.947
Accel: 0.567 0.177 1.166
Gyro: -50.247 247.619 -10.101
Accel: 0.383 0.057 0.915
Gyro: -93.246 312.042 -25.939
Accel: 0.221 0.021 0.839
Gyro: -125.015 374.069 -40.0100
Accel: 0.214 0.055 0.752
Gyro: -164.031 426.330 -56.716
Accel: 0.126 0.023 0.720
Gyro: -212.463 452.560 -73.501
Accel: 0.081 0.118 0.447
Gyro: -263.015 443.191 -88.912
Accel: 0.211 0.184 0.292
Gyro: -298.858 430.480 -107.955
Accel: 0.266 0.106 0.097
Gyro: -306.106 420.974 -127.426
Accel: 0.083 0.087 0.056
Gyro: -293.441 416.015 -131.729
Accel: 0.691 0.620 2.272
Gyro: -178.970 273.376 -115.676
Accel: -1.434 -1.136 1.361
Gyro: 175.476 -22.949 -94.589
Accel: 0.089 0.099 0.115
Gyro: 198.974 -46.035 -89.813
Accel: 0.0001 0.038 0.006
Gyro: 194.732 -47.271 -90.545
Accel: 0.021 0.014 0.056
Gyro: 187.164 -46.813 -92.605
Accel: 0.337 -1.155 0.797
Gyro: -11.962 3.570 -70.266
Accel: 0.406 0.460 1.362
Gyro: -175.933 58.883 -32.546
Accel: 0.820 0.239 6.225
Gyro: -172.988 121.841 42.083
Accel: 0.197 0.882 2.313
Gyro: -40.115 73.318 71.716
Accel: 0.053 0.977 0.693
Gyro: -46.966 30.639 62.744
Accel: 0.027 1.014 0.722
Gyro: -74.188 -16.784 51.635
Accel: 0.073 0.884 0.852
Gyro: -92.300 -49.591 34.133
Accel: 0.239 0.600 1.098
Gyro: -109.527 -36.193 19.226
Accel: 0.011 0.217 1.229
Gyro: -116.622 -17.288 21.163
Accel: 0.294 0.026 1.118
Gyro: -108.703 -12.161 32.119
Accel: 0.350 0.152 1.016
Gyro: -96.664 -13.244 39.230
Accel: 0.223 0.196 0.971
Gyro: -83.068 -21.667 33.813
Accel: 0.137 0.182 0.942
Gyro: -68.893 -29.098 21.652
Accel: 0.175 0.107 0.821
Gyro: -60.012 -27.587 7.858
Accel: 0.223 0.098 0.728
Gyro: -55.541 -27.832 2.944
Accel: 0.222 0.156 0.728
Gyro: -51.101 -32.226 -4.394
Accel: 0.231 0.236 0.864
Gyro: -42.327 -37.811 -12.283
Accel: 0.229 0.369 0.959
Gyro: -25.711 -42.037 -15.563
Accel: 0.244 0.361 1.033
Gyro: -2.014 -48.782 -13.778
Accel: 0.279 0.315 1.056
Gyro: 12.298 -52.947 -8.483
Accel: 0.304 0.181 1.031
Gyro: 21.270 -46.676 -3.860
Accel: 0.291 0.079 0.990
Gyro: 20.446 -40.634 1.129
Accel: 0.275 0.013 0.959
Gyro: 12.207 -39.978 5.874
Accel: 0.251 0.003 0.991
Gyro: -2.395 -40.618 11.154
Accel: 0.197 0.062 1.024
Gyro: -17.257 -40.924 17.654
Accel: 0.169 0.017 1.048
Gyro: -33.279 -40.710 23.559
Accel: 0.200 0.033 1.060
Gyro: -46.920 -39.535 29.647
Accel: 0.242 0.071 1.069
Gyro: -54.443 -40.710 34.790
Accel: 0.202 0.111 1.077
Gyro: -54.916 -42.785 35.446
Accel: 0.131 0.156 1.070
Gyro: -49.667 -44.067 31.997
Accel: 0.053 0.205 1.041
Gyro: -39.062 -42.800 25.634
Accel: 0.0000 0.250 0.987
Gyro: -25.527 -40.557 17.547
Accel: 0.009 0.276 0.953
Gyro: -14.404 -37.017 10.208
Accel: 0.061 0.289 0.916
Gyro: -2.624 -29.953 5.813
Accel: 0.121 0.305 0.902
Gyro: 6.713 -21.713 4.394
Accel: 0.148 0.316 0.871
Gyro: 13.198 -17.028 3.295
Accel: 0.176 0.279 0.868
Gyro: 17.944 -12.680 1.983
Accel: 0.159 0.232 0.859
Gyro: 21.362 -9.841 -3.677
Accel: 0.112 0.208 0.853
Gyro: 24.246 -8.834 -2.334
Accel: 0.091 0.186 0.864
Gyro: 27.313 -10.391 -4.562
Accel: 0.102 0.160 0.863
Gyro: 29.205 -18.905 -4.638
Accel: 0.118 0.139 0.875
Gyro: 30.731 -22.171 -2.639
Accel: 0.114 0.121 0.921
Gyro: 31.219 -29.067 0.061
Accel: 0.103 0.071 0.931
Gyro: 29.861 -33.599 3.219
Accel: 0.101 0.027 0.934
Gyro: 26.092 -36.056 5.630
Accel: 0.0100 0.023 0.957
Gyro: 20.217 -36.682 7.354
Accel: 0.064 0.049 0.932
Gyro: 18.157 -30.364 10.330
Accel: 0.060 0.061 0.921
Gyro: 17.730 -21.545 13.015
Accel: 0.062 0.072 0.952
Gyro: 18.905 -11.596 15.045
Accel: 0.084 0.074 0.993
Gyro: 20.812 3.570 16.403
Accel: 0.109 0.068 0.973
Gyro: 15.899 10.101 16.906
Accel: 0.184 0.078 0.951
Gyro: 12.298 17.272 13.031
Accel: 0.189 0.102 0.950
Gyro: 3.234 22.430 7.568
Accel: 0.198 0.103 0.976
Gyro: -3.433 24.536 3.707
Accel: 0.187 0.086 1.004
Gyro: -6.988 23.773 1.739
Accel: 0.174 0.062 1.015
Gyro: -9.567 21.377 1.602
Accel: 0.154 0.066 0.981
Gyro: -11.856 14.602 4.592
Accel: 0.150 0.093 0.972
Gyro: -13.092 6.759 10.192
Accel: 0.162 0.128 0.973
Gyro: -12.023 1.663 17.150
Accel: 0.204 0.192 1.054
Gyro: -7.415 -7.034 20.843
Accel: 0.205 0.202 1.031
Gyro: -1.068 -12.908 19.470
Accel: 0.186 0.191 1.051
Gyro: 6.988 -10.360 18.096
Accel: 0.167 0.198 1.046
Gyro: 14.282 0.595 16.983
Accel: 0.163 0.198 1.040
Gyro: 18.814 2.426 14.648
Accel: 0.191 0.173 1.012
Gyro: 17.654 6.484 10.406
Accel: 0.200 0.135 0.983
Gyro: 7.934 7.720 6.668
Accel: 0.191 0.117 0.967
Gyro: 3.067 6.835 4.089
Accel: 0.195 0.104 0.955
Gyro: -6.011 5.233 2.883
Accel: 0.190 0.119 0.958
Gyro: -12.359 3.143 3.860
Accel: 0.160 0.147 0.975
Gyro: -13.458 0.564 5.142
Accel: 0.118 0.161 1.060
Gyro: -8.468 -1.907 6.317
Accel: 0.080 0.168 1.012
Gyro: -1.510 -4.440 7.156
Accel: 0.102 0.157 1.003
Gyro: 6.454 -8.102 9.216
Accel: 0.129 0.147 0.990
Gyro: 12.084 -11.810 13.183
Accel: 0.132 0.124 0.975
Gyro: 15.350 -12.786 18.280
Accel: 0.131 0.109 0.974
Gyro: 16.372 -9.460 22.125
Accel: 0.118 0.115 1.015
Gyro: 15.411 -2.380 22.583
Accel: 0.091 0.105 1.072
Gyro: 15.411 11.245 19.027
Accel: 0.065 0.106 1.080
Gyro: 18.142 31.097 15.197
Accel: 0.041 0.128 1.074
Gyro: 21.820 44.708 14.343
Accel: 0.042 0.138 1.033
Gyro: 25.573 57.266 15.899
Accel: 0.041 0.180 1.031
Gyro: 26.168 63.079 14.144
Accel: 0.021 0.041 0.986
Gyro: 24.627 66.696 7.293
Accel: 0.054 0.088 0.919
Gyro: 19.790 64.636 -7.324
Accel: 0.103 0.064 0.878
Gyro: 10.986 55.435 -19.912
Accel: 0.192 0.011 0.939
Gyro: 1.815 47.622 -25.863
Accel: 0.272 0.072 1.022
Gyro: -1.846 42.755 -24.795
Accel: 0.285 0.116 1.052
Gyro: 0.411 36.148 -20.355
Accel: 0.255 0.161 1.040
Gyro: 5.935 26.443 -14.755
Accel: 0.198 0.187 0.999
Gyro: 15.335 15.548 -10.864
Accel: 0.175 0.064 0.941
Gyro: 15.411 4.196 -12.039
Accel: 0.178 0.064 0.913
Gyro: 17.868 -5.950 -18.905
Accel: 0.191 0.046 0.882
Gyro: 18.325 -15.289 -26.321
Accel: 0.197 0.054 0.853
Gyro: 13.793 -23.223 -32.180
Accel: 0.197 0.050 0.822
Gyro: 7.766 -34.866 -36.331
Accel: 0.181 0.123 0.844
Gyro: 4.135 -42.861 -39.398
Accel: 0.248 0.097 0.997
Gyro: 5.386 -44.311 -38.558
Accel: 0.344 0.149 1.108
Gyro: 19.165 -37.887 -31.845
Accel: 0.405 0.172 1.251
Gyro: 31.005 -20.385 -24.429
Accel: 0.321 0.132 1.202
Gyro: 42.846 0.946 -22.994
Accel: 0.245 0.162 0.986
Gyro: 46.585 11.581 -25.421
Accel: 0.121 0.131 0.811
Gyro: 44.372 12.405 -29.327
Accel: 0.117 0.083 0.750
Gyro: 33.325 5.889 -31.417
Accel: 0.216 0.032 0.799
Gyro: 22.033 -4.379 -31.127
Accel: 0.335 0.021 0.881
Gyro: 13.626 -16.418 -30.929
Accel: 0.492 0.119 0.947
Gyro: 9.338 -26.641 -32.775
Accel: 0.452 0.089 0.972
Gyro: 7.003 -31.448 -38.970
Accel: 0.354 0.117 1.020
Gyro: 7.369 -28.427 -50.491
Accel: 0.218 0.094 1.094
Gyro: 9.872 -19.195 -66.116
Accel: 0.125 0.031 1.140
Gyro: 12.008 -2.532 -72.692
Accel: 0.088 0.030 1.135
Gyro: 12.573 18.417 -77.133
Accel: 0.105 0.088 1.159
Gyro: 14.160 32.318 -70.892
Accel: 0.111 0.187 1.095
Gyro: 16.555 37.155 -64.697
Accel: 0.137 0.074 1.130
Gyro: 13.885 42.282 -53.405
Accel: 0.211 0.132 1.062
Gyro: 12.374 42.541 -40.756
Accel: 0.240 0.153 0.904
Gyro: 10.269 30.456 -23.712
Accel: 0.192 0.133 0.817
Gyro: 2.151 6.271 -4.425
Accel: 0.062 0.201 0.869
Gyro: -8.071 -18.417 4.653
Accel: 0.068 0.238 0.894
Gyro: -14.480 -44.784 19.302
Accel: 0.0000 0.171 1.190
Gyro: -22.094 -51.528 23.986
Accel: 0.306 0.283 1.132
Gyro: -19.317 -58.898 34.927
Accel: 0.218 0.162 1.055
Gyro: -13.442 -63.735 42.251
Accel: 0.059 0.079 1.006
Gyro: -11.016 -60.501 40.618
Accel: 0.039 0.126 1.024
Gyro: -12.451 -53.161 31.448
Accel: 0.050 0.132 1.081
Gyro: -14.404 -43.609 16.632
Accel: 0.019 0.079 1.109
Gyro: -15.594 -28.671 9.643
Accel: 0.0000 0.036 1.157
Gyro: -13.732 -11.642 -3.173
Accel: 0.030 0.009 1.186
Gyro: -9.872 9.429 -6.286
Accel: 0.049 0.0001 1.162
Gyro: -5.371 31.433 -10.894
Accel: 0.062 0.021 1.139
Gyro: -1.174 49.758 -14.404
Accel: 0.081 0.042 1.098
Gyro: 2.014 60.623 -17.776
Accel: 0.183 0.052 1.051
Gyro: 3.067 63.766 -20.202
Accel: 0.168 0.059 1.003
Gyro: 2.777 59.143 -21.133
Accel: 0.213 0.076 0.968
Gyro: 0.732 49.163 -19.073
Accel: 0.249 0.089 0.949
Gyro: -2.731 32.669 -12.878
Accel: 0.270 0.086 0.930
Gyro: -6.240 15.731 0.259
Accel: 0.275 0.086 0.915
Gyro: -9.857 -2.929 5.462
Accel: 0.263 0.093 0.895
Gyro: -13.442 -17.807 14.358
Accel: 0.246 0.075 0.884
Gyro: -17.150 -34.973 20.828
Accel: 0.205 0.073 0.889
Gyro: -20.401 -48.263 24.185
Accel: 0.163 0.081 0.913
Gyro: -22.308 -56.747 24.353
Accel: 0.128 0.098 0.934
Gyro: -21.957 -60.745 22.994
Accel: 0.103 0.114 0.949
Gyro: -19.317 -60.836 21.301
Accel: 0.084 0.122 0.959
Gyro: -11.795 -57.220 19.760
Accel: 0.068 0.115 0.968
Gyro: -11.306 -49.972 18.081
Accel: 0.059 0.094 0.983
Gyro: -6.469 -39.825 15.716
Accel: 0.050 0.084 0.999
Gyro: -1.724 -29.022 12.512
Accel: 0.041 0.079 1.009
Gyro: 2.395 -18.035 8.743
Accel: 0.033 0.072 1.007
Gyro: 5.477 -7.507 5.203
Accel: 0.038 0.068 1.002
Gyro: 7.476 2.365 2.929
Accel: 0.053 0.070 0.998
Gyro: 8.972 10.025 1.754
Accel: 0.074 0.076 0.996
Gyro: 10.498 16.632 2.304
Accel: 0.091 0.078 0.989
Gyro: 12.115 20.248 4.196
Accel: 0.101 0.079 0.976
Gyro: 13.412 20.919 6.744
Accel: 0.112 0.075 0.964
Gyro: 13.778 18.890 9.155
Accel: 0.116 0.072 0.952
Gyro: 13.183 14.556 11.0001
Accel: 0.115 0.073 0.946
Gyro: 12.008 8.178 12.313
Accel: 0.129 0.051 0.947
Gyro: 8.636 0.259 13.687
Accel: 0.141 0.045 0.949
Gyro: 3.448 -8.789 14.709
Accel: 0.136 0.062 0.966
Gyro: 0.106 -15.853 15.853
Accel: 0.126 0.055 0.982
Gyro: -4.196 -21.438 17.089
Accel: 0.119 0.055 0.994
Gyro: -7.263 -23.849 17.852
Accel: 0.129 0.031 1.004
Gyro: -10.650 -24.246 17.929
Accel: 0.120 0.042 1.009
Gyro: -12.771 -23.681 17.105
Accel: 0.110 0.054 1.015
Gyro: -13.031 -22.216 15.945
Accel: 0.105 0.069 1.019
Gyro: -12.481 -19.790 14.587
Accel: 0.099 0.083 1.027
Gyro: -11.230 -17.288 13.946
Accel: 0.0100 0.095 1.026
Gyro: -9.979 -13.504 14.129
Accel: 0.097 0.093 1.029
Gyro: -8.865 -9.063 14.663
Accel: 0.102 0.095 1.033
Gyro: -6.759 -4.943 15.670
Accel: 0.110 0.098 1.024
Gyro: -4.531 -1.205 16.464
Accel: 0.111 0.104 1.013
Gyro: -2.517 2.456 16.784
Accel: 0.109 0.113 1.007
Gyro: 0.350 5.142 16.372
Accel: 0.106 0.110 0.997
Gyro: 1.739 5.874 15.396
Accel: 0.112 0.105 0.986
Gyro: 3.952 5.584 13.610
Accel: 0.111 0.099 0.984
Gyro: 5.645 4.547 11.413
Accel: 0.105 0.093 0.983
Gyro: 6.866 3.158 9.017
Accel: 0.102 0.085 0.983
Gyro: 8.041 1.434 7.385
Accel: 0.106 0.075 0.972
Gyro: 8.300 0.106 6.454
Accel: 0.105 0.064 0.961
Gyro: 7.202 -1.373 5.706
Accel: 0.108 0.057 0.961
Gyro: 5.615 -3.372 5.371
Accel: 0.108 0.057 0.958
Gyro: 4.348 -5.569 5.310
Accel: 0.105 0.056 0.951
Gyro: 3.128 -8.209 5.630
Accel: 0.096 0.058 0.999
Gyro: 1.159 -10.284 6.179
Accel: 0.091 0.067 0.948
Gyro: 0.137 -11.993 6.973
Accel: 0.092 0.067 0.973
Gyro: 0.793 -14.511 8.071
Accel: 0.0100 0.067 0.984
Gyro: 0.137 -16.571 9.368
Accel: 0.096 0.067 0.990
Gyro: 2.166 -17.349 9.719
Accel: 0.095 0.060 0.988
Gyro: 3.616 -17.227 9.399
Accel: 0.082 0.058 0.986
Gyro: 4.089 -16.967 8.117
Accel: 0.065 0.060 0.990
Gyro: 4.074 -16.128 6.393
Accel: 0.003 0.062 0.965
Gyro: 1.968 -13.015 5.203
Accel: 0.065 0.036 0.996
Gyro: 1.205 -10.894 3.921
Accel: 0.074 0.041 0.990
Gyro: 0.244 -8.911 2.853
Accel: 0.064 0.050 0.989
Gyro: -1.403 -6.378 2.182
Accel: 0.063 0.061 1.008
Gyro: -2.349 -3.845 1.983
Accel: 0.073 0.066 1.015
Gyro: -1.556 -1.754 2.014
Accel: 0.085 0.066 1.022
Gyro: 0.228 0.228 2.212
Accel: 0.094 0.063 1.014
Gyro: 0.564 0.274 2.166
Accel: 0.094 0.060 1.003
Gyro: 0.350 -1.968 1.800
Accel: 0.093 0.064 1.003
Gyro: 0.549 -4.989 1.510
Accel: 0.089 0.077 1.0010
Gyro: -1.220 -9.384 1.312
Accel: 0.096 0.088 1.013
Gyro: 0.503 -13.977 2.304
Accel: 0.082 0.082 1.019
Gyro: 0.793 -18.203 3.585
Accel: 0.072 0.076 1.020
Gyro: 2.014 -21.286 4.867
Accel: 0.058 0.062 1.014
Gyro: 2.090 -23.559 5.966
Accel: 0.037 0.053 1.062
Gyro: 0.778 -24.230 5.981
Accel: 0.021 0.051 0.996
Gyro: -1.388 -23.849 5.126
Accel: 0.009 0.056 0.994
Gyro: -3.036 -21.881 3.814
Accel: 0.012 0.061 1.0000
Gyro: -3.204 -18.356 2.578
Accel: 0.022 0.070 1.002
Gyro: -1.449 -13.763 1.541
Accel: 0.027 0.076 1.002
Gyro: 0.946 -9.536 1.022
Accel: 0.024 0.074 0.937
Gyro: 2.349 -6.362 1.022
Accel: 0.026 0.075 0.998
Gyro: 2.471 -4.867 1.571
Accel: 0.029 0.078 1.002
Gyro: 2.288 -4.776 2.120
Accel: 0.032 0.081 1.0001
Gyro: 2.746 -5.218 2.822
Accel: 0.027 0.085 1.003
Gyro: 3.707 -6.149 3.097
Accel: 0.019 0.094 1.016
Gyro: 5.554 -7.141 3.326
Accel: 0.014 0.091 1.021
Gyro: 7.446 -7.675 3.601
Accel: 0.017 0.088 1.020
Gyro: 8.590 -7.858 3.997
Accel: 0.021 0.077 1.022
Gyro: 8.789 -7.659 4.699
Accel: 0.023 0.058 1.018
Gyro: 8.148 -7.461 5.340
Accel: 0.026 0.048 1.011
Gyro: 6.896 -7.644 5.722
Accel: 0.028 0.044 1.019
Gyro: 4.898 -7.949 5.752
Accel: 0.022 0.038 1.027
Gyro: 2.777 -7.369 5.706
Accel: 0.016 0.041 1.038
Gyro: 1.739 -6.103 5.767
Accel: 0.015 0.049 1.043
Gyro: 1.449 -3.814 6.072
Accel: 0.017 0.049 1.042
Gyro: 1.998 0.701 6.134
Accel: 0.021 0.048 1.035
Gyro: 3.097 2.517 5.706
Accel: 0.023 0.049 1.025
Gyro: 4.104 6.072 4.608
Accel: 0.024 0.053 1.012
Gyro: 5.065 8.621 2.746
Accel: 0.024 0.065 1.009
Gyro: 6.103 9.552 1.113
Accel: 0.023 0.071 1.003
Gyro: 7.186 9.109 0.473
Accel: 0.027 0.066 0.993
Gyro: 7.965 7.904 -1.510
Accel: 0.032 0.060 0.993
Gyro: 8.407 5.691 -1.724
Accel: 0.033 0.056 0.989
Gyro: 8.483 3.067 -1.281
Accel: 0.038 0.048 0.991
Gyro: 7.904 0.946 3.768
Accel: 0.038 0.047 0.988
Gyro: 7.385 0.900 1.464
Accel: 0.035 0.044 0.986
Gyro: 6.668 -2.471 3.158
Accel: 0.037 0.038 0.991
Gyro: 6.118 -3.784 4.531
Accel: 0.039 0.034 0.987
Gyro: 5.767 -4.608 5.126
Accel: 0.035 0.036 0.976
Gyro: 4.959 -5.325 4.898
Accel: 0.030 0.040 0.973
Gyro: 4.318 -6.423 0.045
Accel: 0.033 0.049 0.982
Gyro: 4.135 -7.583 2.639
Accel: 0.034 0.053 0.988
Gyro: 4.135 -8.483 1.602
Accel: 0.035 0.052 0.993
Gyro: 4.425 -8.956 1.266
Accel: 0.034 0.049 1.003
Gyro: 4.791 -8.804 1.831
Accel: 0.033 0.045 1.011
Gyro: 4.592 -8.239 2.563
Accel: 0.029 0.046 1.019
Gyro: 4.608 -7.278 3.326
Accel: 0.025 0.041 1.028
Gyro: 4.104 -5.462 3.921
Accel: 0.023 0.034 1.028
Gyro: 3.387 -3.677 4.577
Accel: 0.015 0.029 1.022
Gyro: 1.922 -2.532 5.020
Accel: 0.0010 0.037 1.019
Gyro: 0.320 -1.831 5.126
Accel: 0.0010 0.050 1.025
Gyro: 0.473 -2.075 5.187
Accel: 0.013 0.055 1.029
Gyro: 0.061 -2.639 5.142
Accel: 0.017 0.053 1.033
Gyro: 1.083 -2.899 4.943
Accel: 0.026 0.041 1.038
Gyro: 2.655 -2.655 4.592
Accel: 0.023 0.031 1.031
Gyro: 3.204 -2.319 4.104
Accel: 0.016 0.024 1.022
Gyro: 2.288 -1.647 3.295
Accel: 0.014 0.026 1.011
Gyro: 0.259 -1.007 2.197
Accel: 0.012 0.031 1.004
Gyro: -1.663 0.152 1.174
Accel: 0.021 0.034 1.004
Gyro: -2.044 1.846 0.106
Accel: 0.031 0.038 1.003
Gyro: -1.449 3.372 -1.052
Accel: 0.034 0.048 1.003
Gyro: 0.228 3.967 -1.739
Accel: 0.032 0.056 1.004
Gyro: 1.052 2.960 -1.983
Accel: 0.033 0.055 0.997
Gyro: 2.136 1.037 -1.281
Accel: 0.040 0.051 0.987
Gyro: 2.685 -1.586 0.015
Accel: 0.034 0.045 0.980
Gyro: 2.716 -4.333 1.647
Accel: 0.031 0.044 0.980
Gyro: 2.685 -7.980 2.807
Accel: 0.028 0.040 0.978
Gyro: 3.097 -11.413 3.814
Accel: 0.029 0.035 0.972
Gyro: 3.082 -14.373 4.241
Accel: 0.029 0.030 0.974
Gyro: 2.517 -16.784 4.577
Accel: 0.024 0.020 0.970
Gyro: 1.541 -18.493 4.577
Accel: 0.025 0.015 0.973
Gyro: 0.213 -19.760 4.287
Accel: 0.025 0.0010 0.972
Gyro: -1.113 -20.645 3.707
Accel: 0.014 0.009 0.978
Gyro: -1.983 -21.270 2.441
Accel: 0.0000 0.018 0.980
Gyro: -2.700 -21.743 0.915
Accel: 0.019 0.031 0.986
Gyro: -3.250 -22.064 0.061
Accel: 0.029 0.042 0.994
Gyro: -3.616 -21.560 0.488
Accel: 0.035 0.046 1.008
Gyro: -3.616 -20.492 0.228
Accel: 0.035 0.042 1.019
Gyro: -3.494 -19.134 0.717
Accel: 0.028 0.035 1.025
Gyro: -3.448 -17.379 1.525
Accel: 0.027 0.037 1.023
Gyro: -3.585 -15.533 2.166
Accel: 0.032 0.044 1.026
Gyro: -3.509 -13.992 2.365
Accel: 0.037 0.053 1.027
Gyro: -3.829 -12.435 2.548
Accel: 0.036 0.053 1.031
Gyro: -3.875 -10.879 2.777
Accel: 0.036 0.053 1.035
Gyro: -3.555 -9.353 3.128
Accel: 0.041 0.057 1.039
Gyro: -2.853 -8.117 3.173
Accel: 0.050 0.057 1.053
Gyro: -2.166 -6.759 3.372
Accel: 0.047 0.051 1.066
Gyro: -1.754 -4.989 3.646
Accel: 0.041 0.041 1.063
Gyro: -1.693 -2.456 3.967
Accel: 0.040 0.036 1.059
Gyro: -1.953 0.274 4.318
Accel: 0.041 0.036 1.052
Gyro: -2.044 3.372 3.967
Accel: 0.048 0.042 1.053
Gyro: -1.922 6.576 3.128
Accel: 0.049 0.050 1.053
Gyro: -1.113 9.948 2.288
Accel: 0.043 0.052 1.047
Gyro: 0.350 13.442 1.678
Accel: 0.035 0.051 1.039
Gyro: 0.625 16.784 1.419
Accel: 0.028 0.047 1.026
Gyro: 1.403 19.317 1.129
Accel: 0.022 0.045 1.012
Gyro: 1.296 20.553 1.007
Accel: 0.018 0.046 1.002
Gyro: 0.625 20.339 0.885
Accel: 0.015 0.051 0.995
Gyro: 0.137 18.951 1.190
Accel: 0.0010 0.058 0.992
Gyro: 0.381 16.571 1.815
Accel: 0.004 0.059 0.993
Gyro: 0.152 14.190 2.593
Accel: 0.062 0.055 0.989
Gyro: 0.335 12.039 3.417
Accel: 0.006 0.053 0.993
Gyro: 1.083 9.872 3.814
Accel: 0.0010 0.056 0.995
Gyro: 2.258 7.705 3.952
Accel: 0.013 0.055 0.986
Gyro: 3.067 5.615 4.074
Accel: 0.020 0.049 0.983
Gyro: 3.067 3.738 4.287
Accel: 0.024 0.042 0.974
Gyro: 2.471 1.541 4.623
Accel: 0.020 0.035 0.966
Gyro: 1.373 -1.037 4.745
Accel: 0.017 0.036 0.965
Gyro: 0.137 -3.662 5.081
Accel: 0.015 0.043 0.978
Gyro: -1.174 -6.774 5.432
Accel: 0.013 0.051 0.994
Gyro: 0.762 -10.696 5.523
Accel: 0.009 0.057 1.003
Gyro: 0.747 -15.335 5.172
Accel: 0.0001 0.059 1.005
Gyro: 1.739 -23.361 4.577
Accel: 0.012 0.053 1.009
Gyro: 2.120 -22.888 3.692
Accel: 0.017 0.046 1.017
Gyro: 2.517 -24.612 3.067
Accel: 0.030 0.048 1.021
Gyro: 2.975 -25.070 3.219
Accel: 0.048 0.044 1.031
Gyro: 3.509 -24.398 3.448
Accel: 0.053 0.041 1.039
Gyro: 4.226 -22.277 3.692
Accel: 0.048 0.039 1.044
Gyro: 5.096 -19.165 3.814
Accel: 0.052 0.038 1.041
Gyro: 5.813 -15.792 3.387
Accel: 0.057 0.037 1.037
Gyro: 5.767 -12.268 2.761
Accel: 0.062 0.034 1.034
Gyro: 5.142 -9.140 1.785
Accel: 0.071 0.033 1.034
Gyro: 4.684 -5.737 0.534
Accel: 0.064 0.032 1.032
Gyro: 4.272 -2.059 0.259
Accel: 0.054 0.038 1.027
Gyro: 3.555 2.319 0.228
Accel: 0.052 0.034 1.023
Gyro: 2.914 6.652 0.076
Accel: 0.043 0.026 1.020
Gyro: 2.227 10.253 0.015
Accel: 0.032 0.021 1.022
Gyro: 1.541 12.908 0.122
Accel: 0.019 0.018 1.023
Gyro: 0.793 14.434 0.198
Accel: 0.011 0.017 1.017
Gyro: 0.106 14.343 0.274
Accel: 0.0001 0.020 1.003
Gyro: 0.991 12.832 0.305
Accel: 0.002 0.023 0.989
Gyro: -2.548 10.406 0.549
Accel: 0.006 0.027 0.982
Gyro: -3.738 7.186 0.427
Accel: 0.007 0.033 0.983
Gyro: -4.745 3.875 0.274
Accel: 0.007 0.037 0.987
Gyro: -5.233 0.015 0.015
Accel: 0.005 0.036 0.991
Gyro: -5.599 -3.982 0.473
Accel: 0.002 0.034 0.992
Gyro: -5.737 -7.278 0.915
Accel: 0.0000 0.035 0.993
Gyro: -5.920 -11.077 1.296
Accel: 0.002 0.035 0.992
Gyro: -5.752 -15.045 1.022
Accel: 0.002 0.047 0.995
Gyro: -5.661 -19.256 0.503
Accel: 0.009 0.055 1.007
Gyro: -4.791 -23.468 0.625
Accel: 0.032 0.074 1.032
Gyro: -2.670 -27.130 -1.937
Accel: 0.026 0.081 1.034
Gyro: 0.701 -27.847 -1.632
Accel: 0.055 0.063 1.030
Gyro: 1.251 -27.313 -2.136
Accel: 0.036 0.059 1.041
Gyro: 2.777 -25.726 -2.197
Accel: 0.042 0.042 1.048
Gyro: 3.784 -23.925 -2.838
Accel: 0.055 0.025 1.052
Gyro: 4.135 -21.423 -3.936
Accel: 0.066 0.012 1.049
Gyro: 4.348 -17.929 -4.852
Accel: 0.082 0.008 1.038
Gyro: 4.592 -13.366 -5.783
Accel: 0.099 0.016 1.035
Gyro: 4.547 -8.392 -6.729
Accel: 0.103 0.028 1.028
Gyro: 5.111 -3.890 -7.751
Accel: 0.093 0.042 1.024
Gyro: 6.530 0.137 -8.102
Accel: 0.085 0.049 1.018
Gyro: 8.193 1.983 -8.361
Accel: 0.069 0.056 1.011
Gyro: 9.368 3.265 -8.102
Accel: 0.051 0.051 1.004
Gyro: 9.597 4.531 -7.446
Accel: 0.054 0.039 1.003
Gyro: 9.674 5.386 -7.293
Accel: 0.051 0.033 0.992
Gyro: 9.780 5.432 -7.019
Accel: 0.041 0.033 0.976
Gyro: 9.201 4.867 -6.378
Accel: 0.042 0.031 0.958
Gyro: 8.239 3.051 -5.889
Accel: 0.043 0.029 0.943
Gyro: 6.988 0.808 -5.569
Accel: 0.051 0.025 0.935
Gyro: 5.554 -2.151 -5.661
Accel: 0.067 0.017 0.924
Gyro: 3.677 -5.111 -5.920
Accel: 0.070 0.018 0.932
Gyro: 1.510 -8.0010 -5.722
Accel: 0.067 0.019 0.949
Gyro: 0.396 -11.535 -4.852
Accel: 0.058 0.022 0.966
Gyro: 0.228 -14.221 -3.723
Accel: 0.058 0.024 0.982
Gyro: 0.854 -15.823 -2.761
Accel: 0.064 0.024 0.994
Gyro: -1.495 -16.052 -2.502
Accel: 0.073 0.024 1.0010
Gyro: -2.029 -15.243 -2.670
Accel: 0.079 0.024 1.017
Gyro: -2.243 -13.519 -3.051
Accel: 0.083 0.025 1.023
Gyro: -2.059 -10.696 -3.265
Accel: 0.083 0.026 1.016
Gyro: -1.632 -3.982 -3.356
Accel: 0.087 0.029 1.002
Gyro: -1.235 -5.645 -3.448
Accel: 0.093 0.031 0.990
Gyro: -1.037 -4.180 -3.906
Accel: 0.095 0.036 0.987
Gyro: -1.220 -3.219 -4.196
Accel: 0.090 0.043 0.987
Gyro: 0.900 -2.624 -3.952
Accel: 0.088 0.045 0.994
Gyro: 0.213 -2.319 -3.524
Accel: 0.090 0.043 1.0001
Gyro: 0.198 -1.892 -2.975
Accel: 0.089 0.034 1.003
Gyro: 0.640 0.839 -2.441
Accel: 0.089 0.028 1.002
Gyro: 1.296 0.473 -1.937
Accel: 0.090 0.024 0.998
Gyro: 1.785 1.739 -1.495
Accel: 0.088 0.021 0.995
Gyro: 2.197 2.563 -1.098
Accel: 0.084 0.026 0.993
Gyro: 2.548 2.792 0.701
Accel: 0.075 0.027 0.993
Gyro: 3.067 2.471 0.396
Accel: 0.070 0.025 0.989
Gyro: 3.158 1.907 0.305
Accel: 0.072 0.021 0.982
Gyro: 3.082 1.022 0.198
Accel: 0.078 0.020 0.981
Gyro: 3.143 0.320 0.045
Accel: 0.079 0.027 0.975
Gyro: 2.960 -1.556 0.137
Accel: 0.078 0.032 0.973
Gyro: 3.021 -2.929 0.137
Accel: 0.072 0.036 0.970
Gyro: 3.448 -4.501 0.137
Accel: 0.074 0.037 0.973
Gyro: 3.387 -5.966 0.305
Accel: 0.038 0.021 0.981
Gyro: 5.599 8.773 0.701
Accel: 0.036 0.023 0.981
Gyro: 5.371 8.132 0.671
Accel: 0.033 0.023 0.981
Gyro: 4.806 7.583 0.793
Accel: 0.035 0.026 0.979
Gyro: 4.348 7.263 0.717
Accel: 0.036 0.026 0.974
Gyro: 3.646 6.698 0.839
Accel: 0.032 0.026 0.968
Gyro: 2.532 6.286 0.732
Accel: 0.028 0.028 0.971
Gyro: 1.541 5.752 0.717
