Accel: 0.092 0.0000 1.006
Gyro: 1.495 1.754 -4.852
Accel: 0.091 0.002 1.005
Gyro: 1.617 1.388 -4.608
Accel: 0.092 0.004 1.006
Gyro: 1.922 0.793 -4.287
Accel: 0.089 0.005 1.004
Gyro: 2.258 0.747 -3.433
Accel: 0.089 0.0000 1.0001
Gyro: 2.868 0.778 -2.426
Accel: 0.089 0.003 1.0001
Gyro: 3.631 0.778 -1.617
Accel: 0.084 0.002 0.998
Gyro: 4.898 1.617 -1.007
Accel: 0.078 0.005 0.996
Gyro: 5.661 3.646 0.320
Accel: 0.077 0.007 0.994
Gyro: 6.195 5.813 0.122
Accel: 0.078 0.006 0.996
Gyro: 6.912 7.461 0.091
Accel: 0.077 0.007 0.992
Gyro: 8.041 8.056 0.244
Accel: 0.071 0.0010 0.985
Gyro: 8.438 8.316 0.228
Accel: 0.069 0.014 0.981
Gyro: 8.255 8.117 0.183
Accel: 0.070 0.0010 0.982
Gyro: 7.827 7.171 0.656
Accel: 0.072 0.007 0.983
Gyro: 7.415 5.737 1.281
Accel: 0.072 0.006 0.982
Gyro: 6.469 4.302 1.876
Accel: 0.071 0.006 0.979
Gyro: 5.477 3.204 2.532
Accel: 0.074 0.0001 0.982
Gyro: 4.333 2.059 2.822
Accel: 0.081 0.0001 0.987
Gyro: 4.074 0.350 2.609
Accel: 0.077 0.0000 0.989
Gyro: 4.104 -1.083 2.380
Accel: 0.078 0.0000 0.987
Gyro: 3.845 -1.937 2.243
Accel: 0.078 0.0001 0.990
Gyro: 3.295 -2.731 2.258
Accel: 0.082 0.005 0.991
Gyro: 2.670 -4.013 2.182
Accel: 0.079 0.006 0.989
Gyro: 1.800 -5.325 2.380
Accel: 0.082 0.006 0.991
Gyro: 0.640 -5.493 2.639
Accel: 0.086 0.0010 0.997
Gyro: 0.244 -5.065 2.838
Accel: 0.089 0.013 1.0000
Gyro: 0.961 -4.470 2.853
Accel: 0.097 0.018 1.007
Gyro: -1.388 -4.608 2.395
Accel: 0.095 0.018 1.0010
Gyro: -1.602 -4.730 1.998
Accel: 0.092 0.017 1.008
Gyro: -2.487 -3.845 1.998
Accel: 0.090 0.020 1.0010
Gyro: -3.280 -2.532 2.319
Accel: 0.096 0.026 1.016
Gyro: -3.616 -1.556 2.487
Accel: 0.099 0.028 1.019
Gyro: -3.448 -1.129 2.151
Accel: 0.092 0.024 1.014
Gyro: -3.387 0.534 2.243
Accel: 0.089 0.028 1.011
Gyro: -3.463 0.122 2.502
Accel: 0.089 0.028 1.014
Gyro: -3.173 1.022 2.685
Accel: 0.089 0.030 1.011
Gyro: -2.700 1.480 2.685
Accel: 0.085 0.026 1.008
Gyro: -1.815 1.770 2.578
Accel: 0.078 0.024 1.002
Gyro: -1.510 1.831 2.639
Accel: 0.079 0.023 0.999
Gyro: -1.495 1.998 2.639
Accel: 0.078 0.024 0.998
Gyro: -1.281 1.907 2.593
Accel: 0.082 0.026 1.0000
Gyro: -1.007 1.388 2.517
Accel: 0.082 0.024 0.999
Gyro: 0.823 0.350 2.319
Accel: 0.080 0.021 0.996
Gyro: 0.839 0.518 2.075
Accel: 0.079 0.022 0.995
Gyro: 0.946 -1.144 1.983
Accel: 0.080 0.025 0.999
Gyro: 0.747 -1.754 1.892
Accel: 0.079 0.031 0.997
Gyro: 0.823 -2.288 1.800
Accel: 0.076 0.034 0.996
Gyro: -1.113 -2.899 1.632
Accel: 0.080 0.030 1.0000
Gyro: -1.007 -3.433 1.205
Accel: 0.081 0.029 1.005
Gyro: 0.564 -3.875 0.595
Accel: 0.084 0.028 1.003
Gyro: 0.259 -3.845 0.411
Accel: 0.086 0.026 1.003
Gyro: 0.167 -3.555 0.457
Accel: 0.089 0.029 1.004
Gyro: 0.122 -3.433 0.320
Accel: 0.087 0.022 1.008
Gyro: 0.213 -3.280 0.686
Accel: 0.092 0.022 1.013
Gyro: 0.228 -2.426 1.022
Accel: 0.093 0.025 1.016
Gyro: 0.137 -1.647 1.464
Accel: 0.093 0.023 1.017
Gyro: 0.610 -1.083 1.846
Accel: 0.092 0.021 1.013
Gyro: -1.205 0.900 2.182
Accel: 0.095 0.020 1.014
Gyro: 0.961 -1.296 2.334
Accel: 0.094 0.017 1.013
Gyro: 0.671 -1.068 2.441
Accel: 0.096 0.013 1.017
Gyro: 0.167 0.289 2.258
Accel: 0.093 0.011 1.014
Gyro: 0.106 0.274 2.212
Accel: 0.089 0.012 1.011
Gyro: 0.350 0.839 2.273
Accel: 0.089 0.015 1.007
Gyro: 0.579 1.342 2.319
Accel: 0.090 0.019 1.011
Gyro: 1.113 1.449 2.243
Accel: 0.087 0.021 1.0010
Gyro: 1.724 1.312 2.182
Accel: 0.089 0.020 1.0010
Gyro: 1.953 0.976 2.105
Accel: 0.086 0.017 1.005
Gyro: 1.831 0.625 2.136
Accel: 0.086 0.015 1.006
Gyro: 1.846 0.274 1.907
Accel: 0.086 0.012 1.004
Gyro: 2.288 0.289 1.770
Accel: 0.086 0.012 1.003
Gyro: 1.983 0.289 1.937
Accel: 0.088 0.014 1.005
Gyro: 1.434 0.274 2.288
Accel: 0.086 0.018 1.005
Gyro: 1.022 0.259 2.395
Accel: 0.085 0.018 1.004
Gyro: 0.823 0.564 2.471
Accel: 0.083 0.017 0.999
Gyro: 0.396 0.900 2.304
Accel: 0.080 0.014 0.997
Gyro: 0.305 1.525 2.197
Accel: 0.083 0.016 0.996
Gyro: -1.022 2.151 2.243
Accel: 0.084 0.016 0.997
Gyro: -1.708 2.700 2.151
Accel: 0.082 0.016 0.996
Gyro: -2.105 2.624 2.029
Accel: 0.083 0.020 0.993
Gyro: -2.136 2.349 1.846
Accel: 0.081 0.021 0.992
Gyro: -1.922 1.007 1.602
Accel: 0.081 0.023 0.994
Gyro: -1.449 -1.144 1.159
Accel: 0.077 0.020 0.988
Gyro: -1.098 -3.128 1.144
Accel: 0.078 0.017 0.986
Gyro: 0.823 -4.409 0.854
Accel: 0.080 0.019 0.989
Gyro: 0.518 -5.950 0.473
Accel: 0.082 0.018 0.992
Gyro: 0.122 -7.308 0.076
Accel: 0.081 0.018 0.992
Gyro: 0.213 -8.453 0.030
Accel: 0.080 0.020 0.989
Gyro: 0.152 -8.850 0.076
Accel: 0.082 0.020 0.993
Gyro: 0.0000 -8.972 0.305
Accel: 0.087 0.027 0.996
Gyro: 0.045 -9.277 0.381
Accel: 0.085 0.027 0.998
Gyro: 0.122 -9.658 0.762
Accel: 0.087 0.025 1.0001
Gyro: 0.488 -9.658 1.052
Accel: 0.091 0.026 1.004
Gyro: 0.518 -9.353 1.266
Accel: 0.095 0.023 1.0010
Gyro: 0.656 -8.819 1.373
Accel: 0.098 0.018 1.016
Gyro: 0.671 -7.583 1.403
Accel: 0.105 0.016 1.020
Gyro: 0.823 -6.195 1.251
Accel: 0.108 0.017 1.025
Gyro: 0.778 -4.531 1.296
Accel: 0.110 0.015 1.028
Gyro: 0.488 -2.548 1.098
Accel: 0.111 0.015 1.027
Gyro: 0.045 0.869 1.007
Accel: 0.108 0.018 1.024
Gyro: 0.549 0.625 0.778
Accel: 0.103 0.015 1.017
Gyro: 0.915 1.724 0.656
Accel: 0.101 0.016 1.013
Gyro: 1.037 2.151 0.473
Accel: 0.102 0.012 1.007
Gyro: 1.296 1.968 0.259
Accel: 0.0100 0.011 1.006
Gyro: 1.358 1.251 0.381
Accel: 0.101 0.011 1.007
Gyro: 1.571 0.732 0.457
Accel: 0.0100 0.012 1.009
Gyro: 1.968 0.473 0.686
Accel: 0.0100 0.015 1.011
Gyro: 2.029 0.854 0.854
Accel: 0.097 0.015 1.0010
Gyro: 2.197 1.174 0.900
Accel: 0.098 0.016 1.009
Gyro: 2.044 1.815 0.869
Accel: 0.097 0.018 1.008
Gyro: 1.831 2.349 0.915
Accel: 0.095 0.019 1.005
Gyro: 1.800 2.517 0.762
Accel: 0.096 0.019 1.0001
Gyro: 1.922 2.502 0.503
Accel: 0.092 0.017 1.0000
Gyro: 1.724 2.807 0.640
Accel: 0.094 0.017 1.0000
Gyro: 1.876 2.990 0.686
Accel: 0.093 0.018 0.997
Gyro: 1.892 2.822 0.610
Accel: 0.094 0.017 0.995
Gyro: 2.029 2.334 0.396
Accel: 0.091 0.017 0.995
Gyro: 1.983 1.296 0.289
Accel: 0.088 0.016 0.995
Gyro: 1.525 0.213 0.488
Accel: 0.089 0.016 0.993
Gyro: 0.869 0.885 0.656
Accel: 0.093 0.018 0.996
Gyro: 0.656 -1.968 0.595
Accel: 0.094 0.017 0.997
Gyro: 0.900 -2.761 0.411
Accel: 0.089 0.015 0.997
Gyro: 0.656 -2.700 0.564
Accel: 0.089 0.013 1.0001
Gyro: 0.122 -2.044 0.808
Accel: 0.092 0.017 1.004
Gyro: 0.259 -1.586 0.839
Accel: 0.098 0.019 1.0010
Gyro: 0.061 -1.296 0.427
Accel: 0.095 0.017 1.0010
Gyro: 0.518 0.030 0.244
Accel: 0.096 0.016 1.0010
Gyro: 0.488 1.632 0.076
Accel: 0.097 0.018 1.0010
Gyro: 0.106 2.670 0.030
Accel: 0.098 0.016 1.009
Gyro: 0.076 3.189 0.289
Accel: 0.096 0.017 1.008
Gyro: 0.045 3.128 0.442
Accel: 0.093 0.015 0.938
Gyro: 0.213 2.914 0.488
Accel: 0.088 0.014 0.995
Gyro: 0.091 2.471 0.259
Accel: 0.087 0.017 0.992
Gyro: 0.076 1.2.442 0.930
Accel: 0.101 0.015 0.859
Gyro: -3.829 -13.809 1.541
Accel: 0.095 0.024 0.870
Gyro: -1.434 -13.931 2.593
Accel: 0.093 0.027 0.879
Gyro: -2.670 -13.0000 3.952
Accel: 0.093 0.022 0.890
Gyro: -3.036 -11.642 5.508
Accel: 0.095 0.008 0.903
Gyro: -2.960 -10.406 7.202
Accel: 0.096 0.0010 0.912
Gyro: -2.197 -9.643 8.407
Accel: 0.096 0.024 0.919
Gyro: -1.296 -9.628 9.094
Accel: 0.096 0.036 0.922
Gyro: 0.564 -9.857 9.017
Accel: 0.101 0.032 0.932
Gyro: -1.022 -9.368 8.346
Accel: 0.116 0.020 0.943
Gyro: -1.861 -8.743 7.431
Accel: 0.124 0.009 0.953
Gyro: -3.265 -8.514 6.591
Accel: 0.118 0.005 0.963
Gyro: -4.425 -8.529 5.661
Accel: 0.102 0.0000 0.968
Gyro: -4.730 -9.048 4.592
Accel: 0.088 0.005 0.972
Gyro: -4.486 -10.314 3.402
Accel: 0.080 0.002 0.974
Gyro: -3.875 -11.856 2.273
Accel: 0.072 0.061 0.984
Gyro: -3.036 -13.336 1.617
Accel: 0.062 0.003 0.990
Gyro: -2.456 -14.923 1.007
Accel: 0.060 0.003 0.999
Gyro: -1.953 -16.281 0.869
Accel: 0.054 0.0000 1.0010
Gyro: -1.617 -17.761 1.190
Accel: 0.050 0.0000 1.016
Gyro: -1.449 -19.165 1.617
Accel: 0.044 0.005 1.017
Gyro: -1.510 -20.202 2.197
Accel: 0.041 0.008 1.021
Gyro: -2.044 -20.935 2.639
Accel: 0.034 0.005 1.026
Gyro: -2.853 -20.965 3.204
Accel: 0.035 0.003 1.037
Gyro: -3.631 -20.675 3.356
Accel: 0.032 0.004 1.044
Gyro: -4.333 -19.989 3.372
Accel: 0.025 0.0001 1.053
Gyro: -4.730 -18.920 3.051
Accel: 0.021 0.006 1.058
Gyro: -4.669 -17.364 2.502
Accel: 0.011 0.007 1.061
Gyro: -4.562 -15.625 1.831
Accel: 0.002 0.0010 1.064
Gyro: -4.440 -13.977 1.068
Accel: 0.002 0.012 1.124
Gyro: -4.180 -12.237 0.732
Accel: 0.0010 0.011 1.062
Gyro: -4.043 -9.963 0.595
Accel: 0.015 0.008 1.063
Gyro: -3.768 -4.104 0.503
Accel: 0.017 0.002 1.061
Gyro: -3.143 -6.546 0.396
Accel: 0.015 0.0000 1.059
Gyro: -2.319 -5.325 0.183
Accel: 0.009 0.0000 1.059
Gyro: -1.327 -3.784 0.152
Accel: 0.007 0.0000 1.060
Gyro: 0.686 -2.075 0.122
Accel: 0.005 0.004 1.061
Gyro: 0.137 0.473 0.061
Accel: 0.002 0.012 1.056
Gyro: 0.381 1.022 0.183
Accel: 0.004 0.014 1.047
Gyro: 0.595 2.365 0.473
Accel: 0.005 0.017 1.034
Gyro: 1.129 3.295 0.549
Accel: 0.002 0.015 1.027
Gyro: 1.602 3.585 0.717
Accel: 0.004 0.017 1.019
Gyro: 1.876 3.250 0.915
Accel: 0.0010 0.018 1.015
Gyro: 2.120 2.014 -1.434
Accel: 0.011 0.019 1.009
Gyro: 1.907 0.473 -2.029
Accel: 0.013 0.018 1.002
Gyro: 1.190 0.442 -2.426
Accel: 0.016 0.015 1.005
Gyro: 0.762 -1.373 -2.593
Accel: 0.015 0.015 1.002
Gyro: 0.671 -1.998 -2.609
Accel: 0.017 0.016 1.0000
Gyro: 0.503 -2.700 -2.761
Accel: 0.017 0.018 1.004
Gyro: 0.671 -2.700 -2.944
Accel: 0.021 0.018 1.011
Gyro: 0.976 -1.876 -2.929
Accel: 0.020 0.013 1.014
Gyro: 1.251 -1.174 -2.899
Accel: 0.020 0.014 1.012
Gyro: 1.235 0.656 -2.822
Accel: 0.018 0.0010 1.012
Gyro: 1.037 0.762 -2.960
Accel: 0.013 0.008 1.006
Gyro: 1.129 -1.129 -3.051
Accel: 0.013 0.008 1.002
Gyro: 1.113 -1.754 -2.822
Accel: 0.014 0.011 0.999
Gyro: 0.915 -2.151 -2.609
Accel: 0.014 0.013 1.0000
Gyro: 1.098 -2.563 -2.273
Accel: 0.012 0.008 0.998
Gyro: 1.281 -2.853 -1.937
Accel: 0.009 0.0001 1.002
Gyro: 1.724 -2.563 -1.663
Accel: 0.011 0.0000 1.009
Gyro: 2.105 -1.861 -1.419
Accel: 0.014 0.005 1.011
Gyro: 2.349 -1.022 -1.296
Accel: 0.014 0.013 1.014
Gyro: 2.532 0.381 -1.556
Accel: 0.013 0.011 1.012
Gyro: 2.365 0.656 -1.815
Accel: 0.012 0.005 1.012
Gyro: 2.227 1.663 -2.456
Accel: 0.0010 0.004 1.014
Gyro: 2.136 2.441 -3.128
Accel: 0.003 0.0001 1.011
Gyro: 1.983 3.097 -3.768
Accel: 0.003 0.007 1.009
Gyro: 2.090 3.479 -4.333
Accel: 0.005 0.005 1.002
Gyro: 2.014 3.433 -4.730
Accel: 0.007 0.003 0.999
Gyro: 1.983 3.463 -5.020
Accel: 0.002 0.002 0.995
Gyro: 2.166 3.158 -5.050
Accel: 0.0000 0.003 0.990
Gyro: 2.349 2.883 -4.913
Accel: 0.005 0.004 0.986
Gyro: 1.861 2.716 -4.745
Accel: 0.015 0.002 0.985
Gyro: 1.464 2.090 -4.348
Accel: 0.016 0.005 0.982
Gyro: 0.640 1.754 -3.784
Accel: 0.018 0.005 0.986
Gyro: 0.076 1.632 -3.250
Accel: 0.023 0.0010 0.987
Gyro: 0.106 1.022 -2.777
Accel: 0.020 0.009 0.987
Gyro: 0.045 0.045 -2.548
Accel: 0.021 0.005 0.987
Gyro: 0.167 -1.266 -2.487
Accel: 0.025 0.0001 0.987
Gyro: 0.793 -2.288 -2.349
Accel: 0.031 0.006 0.987
Gyro: 0.991 -2.792 -2.182
Accel: 0.039 0.007 0.987
Gyro: 1.144 -3.524 -2.044
Accel: 0.051 0.007 0.988
Gyro: 0.946 -3.768 -1.586
Accel: 0.058 0.006 0.986
Gyro: 0.473 -4.119 -1.266
Accel: 0.062 0.0001 0.984
Gyro: 0.198 -3.509 0.656
Accel: 0.065 0.0001 0.989
Gyro: -1.464 0.640 0.473
Accel: 0.061 0.0000 0.998
Gyro: -2.822 2.075 0.961
Accel: 0.059 0.008 0.998
Gyro: -4.257 3.890 1.159
Accel: 0.059 0.020 0.996
Gyro: -5.615 4.882 1.571
Accel: 0.057 0.028 0.983
Gyro: -6.484 4.821 2.044
Accel: 0.049 0.026 0.964
Gyro: -7.064 3.417 2.090
Accel: 0.046 0.026 0.955
Gyro: -7.400 0.442 1.480
Accel: 0.044 0.024 0.941
Gyro: -6.530 -5.676 -3.829
Accel: 0.035 0.013 0.927
Gyro: -6.179 -15.609 -1.770
Accel: 0.034 0.004 0.914
Gyro: -6.805 -15.213 -3.143
Accel: 0.032 0.003 0.914
Gyro: -7.949 -16.876 -3.799
Accel: 0.027 0.011 0.908
Gyro: -9.750 -17.669 -3.906
Accel: 0.036 0.008 0.893
Gyro: -11.947 -16.815 -3.372
Accel: 0.034 0.004 0.873
Gyro: -13.870 -15.045 -2.792
Accel: 0.021 0.008 0.843
Gyro: -15.609 -11.520 -2.319
Accel: 0.014 0.0000 0.811
Gyro: -18.066 -6.820 -1.800
Accel: 0.006 0.014 0.770
Gyro: -19.943 -1.647 -1.647
Accel: 0.0000 0.028 0.725
Gyro: -22.354 7.446 -1.632
Accel: 0.002 0.037 0.670
Gyro: -25.161 8.453 -1.754
Accel: 0.003 0.039 0.610
Gyro: -28.945 13.412 -2.105
Accel: 0.005 0.025 0.545
Gyro: -33.248 18.875 -1.541
Accel: 0.009 0.008 0.486
Gyro: -37.551 22.659 0.808
Accel: 0.0001 0.0001 0.432
Gyro: -41.320 25.177 -1.174
Accel: 0.006 0.004 0.374
Gyro: -43.792 27.618 -3.097
Accel: 0.023 0.016 0.282
Gyro: -45.852 32.669 -8.621
Accel: 0.037 0.042 0.203
Gyro: -49.468 40.725 -14.556
Accel: 0.057 0.071 0.128
Gyro: -52.246 50.994 -19.088
Accel: 0.095 0.104 0.085
Gyro: -51.757 61.584 -22.232
Accel: 0.183 0.117 0.043
Gyro: -47.927 70.892 -23.300
Accel: 0.111 0.095 0.029
Gyro: -39.627 75.912 -20.980
Accel: 0.064 0.088 0.037
Gyro: -34.805 83.801 -12.542
Accel: 0.084 0.073 0.039
Gyro: -40.969 92.300 -16.174
Accel: 0.128 0.067 0.045
Gyro: -45.898 99.288 -23.0010
Accel: 0.024 0.018 0.008
Gyro: -44.692 101.593 -24.688
Accel: 0.012 0.0010 0.032
Gyro: -42.144 102.615 -24.475
Accel: 0.009 0.011 0.036
Gyro: -39.794 103.744 -24.276
Accel: 0.008 0.009 0.051
Gyro: -37.948 104.568 -24.124
Accel: 0.0001 0.005 0.051
Gyro: -36.376 105.407 -23.818
Accel: 0.0000 0.006 0.050
Gyro: -34.866 106.155 -23.788
Accel: 0.0001 0.005 0.051
Gyro: -33.447 106.735 -23.834
Accel: 0.021 0.015 0.0100
Gyro: -29.190 103.958 -25.588
Accel: 0.027 0.009 0.101
Gyro: -21.545 96.755 -28.762
Accel: 0.035 0.014 0.163
Gyro: -10.009 85.159 -32.455
Accel: 0.031 0.022 0.189
Gyro: 14.450 68.084 -36.315
Accel: 0.008 0.054 0.126
Gyro: 14.099 65.170 -36.834
Accel: 0.021 0.0000 0.0100
Gyro: 14.709 64.834 -37.536
Accel: 0.0000 0.008 0.040
Gyro: 15.380 64.453 -38.085
Accel: 0.004 0.014 0.078
Gyro: 16.983 65.414 -38.757
Accel: -1.104 -1.232 4.499
Gyro: 149.215 -469.131 -112.243
Accel: 0.169 0.636 0.417
Gyro: -27.236 -499.969 -81.436
Accel: 0.398 -2.639 7.999
Gyro: 495.178 -499.969 -30.471
Accel: -2.173 -3.217 7.953
Gyro: 195.632 416.076 25.131
Accel: 0.046 0.636 1.518
Gyro: 76.004 329.788 46.829
Accel: 0.027 0.004 0.089
Gyro: 36.193 218.948 70.281
Accel: 0.468 0.151 0.294
Gyro: -12.863 88.104 71.060
Accel: 0.905 0.142 0.308
Gyro: -34.317 -22.491 55.877
Accel: 0.805 0.127 0.285
Gyro: -42.617 -105.026 35.675
Accel: 0.877 0.080 0.322
Gyro: -43.594 -185.104 4.486
Accel: 0.886 0.102 0.594
Gyro: -55.572 -287.231 -26.168
Accel: 0.027 0.203 4.478
Gyro: -110.763 -166.183 -21.102
Accel: 0.474 0.445 2.714
Gyro: -94.161 91.659 -12.207
Accel: 0.255 0.484 0.730
Gyro: -47.103 29.937 -5.447
Accel: 0.361 0.262 0.835
Gyro: -31.753 -42.266 -20.523
Accel: 0.273 0.286 1.064
Gyro: -25.253 -91.293 -21.743
Accel: 0.139 0.270 1.664
Gyro: -41.610 -54.687 -18.600
Accel: 0.308 0.319 1.371
Gyro: -56.716 -17.776 -17.074
Accel: 0.192 0.322 1.087
Gyro: -45.776 -27.206 -15.594
Accel: 0.170 0.324 1.148
Gyro: -29.434 -29.449 -14.968
Accel: 0.174 0.291 1.239
Gyro: -12.496 -15.136 -12.542
Accel: 0.065 0.276 1.153
Gyro: -6.362 -3.311 -7.110
Accel: 0.003 0.249 1.085
Gyro: 6.561 0.442 -3.738
Accel: 0.021 0.236 1.092
Gyro: 21.194 0.106 -2.639
Accel: 0.026 0.253 1.106
Gyro: 32.058 -2.136 -1.068
Accel: 0.020 0.281 1.101
Gyro: 37.307 -11.291 0.930
Accel: 0.013 0.290 1.071
Gyro: 38.864 -19.027 1.510
Accel: 0.038 0.275 1.032
Gyro: 39.550 -27.130 0.946
Accel: 0.034 0.241 0.939
Gyro: 39.398 -29.006 0.442
Accel: 0.009 0.204 0.957
Gyro: 36.941 -29.891 -2.120
Accel: 0.018 0.170 0.914
Gyro: 32.409 -25.680 -3.936
Accel: 0.046 0.143 0.885
Gyro: 28.350 -18.920 -5.889
Accel: 0.054 0.114 0.873
Gyro: 25.482 -11.535 -6.759
Accel: 0.061 0.110 0.874
Gyro: 23.559 -6.011 -6.317
Accel: 0.072 0.117 0.881
Gyro: 22.109 3.601 -5.874
Accel: 0.081 0.115 0.885
Gyro: 20.690 5.218 -5.874
Accel: 0.079 0.110 0.882
Gyro: 19.485 9.292 -6.240
Accel: 0.079 0.094 0.888
Gyro: 18.508 12.054 -7.446
Accel: 0.081 0.077 0.897
Gyro: 16.876 15.899 -9.109
Accel: 0.070 0.077 0.899
Gyro: 15.747 19.744 -10.070
Accel: 0.048 0.089 0.902
Gyro: 16.525 22.689 -10.314
Accel: 0.030 0.099 0.916
Gyro: 17.074 24.765 -8.789
Accel: 0.026 0.0100 0.938
Gyro: 16.403 26.824 -5.935
Accel: 0.0000 0.133 1.058
Gyro: 17.105 26.123 -3.540
Accel: 0.042 0.273 1.202
Gyro: 32.928 18.768 -2.822
Accel: 0.132 0.284 1.208
Gyro: 51.574 11.260 1.205
Accel: 0.161 0.220 1.110
Gyro: 59.570 7.583 6.561
Accel: 0.101 0.127 1.027
Gyro: 61.203 0.961 7.705
Accel: 0.048 0.035 1.003
Gyro: 58.731 -7.278 5.325
Accel: 0.020 0.015 0.938
Gyro: 51.849 -4.028 3.479
Accel: 0.057 0.076 0.953
Gyro: 32.241 -10.360 5.386
Accel: 0.072 0.107 0.946
Gyro: 18.081 -16.174 4.241
Accel: 0.029 0.052 1.039
Gyro: 3.280 -18.966 1.205
Accel: 0.034 0.029 1.083
Gyro: -7.446 -22.476 -3.311
Accel: 0.013 0.008 1.125
Gyro: -12.283 -22.079 -8.148
Accel: 0.002 0.017 1.174
Gyro: -10.223 -19.378 -10.299
Accel: 0.027 0.030 1.150
Gyro: -5.523 -12.969 -10.711
Accel: 0.072 0.045 1.114
Gyro: 0.793 -3.982 -10.299
Accel: 0.099 0.048 1.102
Gyro: 3.936 -2.731 -10.711
Accel: 0.094 0.067 1.123
Gyro: 10.589 4.653 -10.482
Accel: 0.002 0.056 1.130
Gyro: 16.921 13.198 -9.124
Accel: 0.033 0.0010 1.073
Gyro: 18.844 18.035 -5.996
Accel: 0.020 0.0000 1.081
Gyro: 17.166 14.831 -2.502
Accel: 0.017 0.019 1.117
Gyro: 15.335 10.421 0.915
Accel: 0.0010 0.016 1.107
Gyro: 11.871 7.369 4.089
Accel: 0.004 0.016 1.085
Gyro: 7.888 5.554 6.652
Accel: 0.032 0.037 1.075
Gyro: 6.057 0.015 8.544
Accel: 0.056 0.043 1.076
Gyro: 5.325 0.717 9.063
Accel: 0.058 0.045 1.074
Gyro: 4.928 -2.075 7.431
Accel: 0.038 0.072 1.077
Gyro: 4.562 -6.362 7.492
Accel: 0.026 0.039 1.054
Gyro: 3.036 -8.697 7.095
Accel: 0.004 0.019 1.044
Gyro: 2.471 -9.765 6.225
Accel: 0.039 0.003 1.033
Gyro: 2.517 -11.169 5.157
Accel: 0.007 0.0010 1.019
Gyro: 9.262 -5.630 2.929
Accel: 0.057 0.0010 0.994
Gyro: 13.351 0.686 0.289
Accel: 0.050 0.029 0.991
Gyro: 10.864 -5.401 -1.785
Accel: 0.044 0.036 0.994
Gyro: 8.071 -12.786 -3.082
Accel: 0.017 0.038 0.986
Gyro: 6.011 -19.653 -4.226
Accel: 0.003 0.045 0.980
Gyro: 4.302 -25.360 -5.157
Accel: 0.020 0.063 0.977
Gyro: 3.936 -28.976 -5.432
Accel: 0.084 0.042 0.970
Gyro: 5.050 -31.433 -4.333
Accel: 0.079 0.062 0.959
Gyro: 6.668 -33.798 0.686
Accel: 0.093 0.057 0.949
Gyro: 7.186 -36.132 3.005
Accel: 0.107 0.051 0.936
Gyro: 6.866 -37.994 5.035
Accel: 0.105 0.052 0.941
Gyro: 5.386 -37.857 6.057
Accel: 0.110 0.050 0.950
Gyro: 3.524 -36.071 6.072
Accel: 0.104 0.048 0.977
Gyro: 3.326 -32.745 5.630
Accel: 0.104 0.042 0.987
Gyro: 3.738 -25.192 5.340
Accel: 0.105 0.029 1.0000
Gyro: 3.417 -12.557 4.943
Accel: 0.112 0.011 1.015
Gyro: 3.601 -7.476 0.061
Accel: 0.110 0.004 1.022
Gyro: 4.318 0.122 3.021
Accel: 0.098 0.008 1.017
Gyro: 4.928 6.958 2.120
Accel: 0.080 0.011 1.008
Gyro: 4.516 12.496 1.739
Accel: 0.066 0.007 1.0000
Gyro: 2.960 15.029 1.846
Accel: 0.054 0.002 0.987
Gyro: 0.640 15.136 2.227
Accel: 0.036 0.002 0.974
Gyro: -2.273 13.702 2.777
Accel: 0.025 0.004 0.964
Gyro: -4.333 11.932 3.158
Accel: 0.013 0.009 0.958
Gyro: -5.630 9.460 3.463
Accel: 0.004 0.015 0.956
Gyro: -6.515 5.355 3.356
Accel: 0.0001 0.0010 0.951
Gyro: -5.752 1.770 2.777
Accel: 0.061 0.004 0.947
Gyro: -3.479 0.717 2.243
Accel: 0.019 0.003 0.962
Gyro: 0.656 1.602 1.129
Accel: 0.021 0.005 0.955
Gyro: 4.669 4.058 0.579
Accel: 0.0000 0.015 0.932
Gyro: 7.598 9.399 -3.021
Accel: 0.021 0.009 0.967
Gyro: 8.422 11.398 -5.310
Accel: 0.021 0.022 0.964
Gyro: 8.865 12.161 -8.071
Accel: 0.022 0.028 0.953
Gyro: 9.002 11.825 -10.940
Accel: 0.019 0.034 0.950
Gyro: 8.819 10.726 -12.969
Accel: 0.008 0.041 0.951
Gyro: 8.987 8.361 -13.153
Accel: 0.014 0.041 0.950
Gyro: 9.506 5.081 -12.084
Accel: 0.059 0.0001 0.957
Gyro: 11.520 3.173 -7.965
Accel: 0.051 0.012 0.957
Gyro: 12.039 -1.861 -9.216
Accel: 0.070 0.021 0.951
Gyro: 12.557 -5.126 -6.561
Accel: 0.073 0.016 0.966
Gyro: 12.115 -8.026 -3.921
Accel: 0.081 0.017 0.973
Gyro: 11.352 -9.475 -1.235
Accel: 0.095 0.016 0.983
Gyro: 10.086 -10.711 0.946
Accel: 0.107 0.008 0.988
Gyro: 8.605 -10.711 3.234
Accel: 0.114 0.002 0.993
Gyro: 6.912 -9.658 5.981
Accel: 0.120 0.0001 1.0001
Gyro: 5.737 -7.812 8.270
Accel: 0.122 0.003 1.0001
Gyro: 4.623 -5.676 9.948
Accel: 0.112 0.017 1.003
Gyro: 3.723 -2.670 10.330
Accel: 0.102 0.025 1.008
Gyro: 3.540 0.411 9.124
Accel: 0.088 0.035 1.012
Gyro: 4.013 3.479 6.896
Accel: 0.069 0.037 1.018
Gyro: 4.653 5.645 4.516
Accel: 0.056 0.037 1.023
Gyro: 5.416 6.805 2.014
Accel: 0.044 0.027 1.024
Gyro: 6.530 7.217 0.045
Accel: 0.037 0.014 1.024
Gyro: 7.690 7.843 -1.480
Accel: 0.026 0.002 1.026
Gyro: 8.438 8.544 -2.731
Accel: 0.022 0.007 1.029
Gyro: 9.140 8.850 -3.540
Accel: 0.026 0.011 1.029
Gyro: 9.414 7.217 -3.479
Accel: 0.019 0.018 1.023
Gyro: 8.850 4.669 -2.792
Accel: 0.007 0.027 1.015
Gyro: 6.515 2.075 -1.678
Accel: 0.004 0.035 1.009
Gyro: 3.082 0.274 0.396
Accel: 0.005 0.044 1.0000
Gyro: 0.564 -2.395 0.885
Accel: 0.004 0.050 0.992
Gyro: -4.043 -3.646 2.700
Accel: 0.006 0.054 0.984
Gyro: -7.690 -4.562 5.218
Accel: 0.026 0.060 0.989
Gyro: -9.872 -5.752 7.354
Accel: 0.043 0.0000 0.987
Gyro: -11.047 -6.561 8.773
Accel: 0.046 0.045 0.989
Gyro: -11.840 -6.423 9.475
Accel: 0.054 0.036 0.994
Gyro: -12.329 -5.645 9.536
Accel: 0.0000 0.026 1.004
Gyro: -12.023 -4.470 8.758
Accel: 0.061 0.019 1.0010
Gyro: -10.848 -3.173 7.720
Accel: 0.058 0.011 1.020
Gyro: -9.292 -2.609 6.423
Accel: 0.052 0.008 1.024
Gyro: -7.888 -2.471 5.386
Accel: 0.052 0.011 1.017
Gyro: -7.400 -1.617 4.776
Accel: 0.048 0.016 1.015
Gyro: -7.904 0.289 4.425
Accel: 0.050 0.027 1.013
Gyro: -8.758 1.724 4.302
Accel: 0.047 0.030 1.004
Gyro: -10.635 6.347 4.531
Accel: 0.043 0.027 0.998
Gyro: -12.557 12.619 4.333
Accel: 0.035 0.023 0.986
Gyro: -13.824 18.814 7.781
Accel: 0.024 0.016 0.973
Gyro: -14.053 23.376 3.448
Accel: 0.014 0.008 0.965
Gyro: -13.488 25.421 3.280
Accel: 0.0000 0.006 0.957
Gyro: -12.573 26.092 3.540
Accel: 0.0010 0.005 0.955
Gyro: -10.726 23.910 3.402
Accel: 0.019 0.0000 0.959
Gyro: -4.074 18.676 2.777
Accel: 0.028 0.015 0.961
Gyro: -5.142 10.559 1.846
Accel: 0.034 0.027 0.958
Gyro: -3.692 1.068 1.022
Accel: 0.036 0.037 0.963
Gyro: -3.860 -8.377 0.564
Accel: 0.016 0.037 0.983
Gyro: -4.089 -17.227 0.122
Accel: 0.008 0.033 1.005
Gyro: -3.494 -24.688 -1.174
Accel: 0.033 0.029 1.032
Gyro: -2.716 -34.805 -2.105
Accel: 0.051 0.023 1.052
Gyro: -1.739 -34.194 -3.173
Accel: 0.067 0.021 1.071
Gyro: -1.098 -34.332 -4.318
Accel: 0.085 0.019 1.082
Gyro: 0.640 -31.326 -5.371
Accel: 0.103 0.012 1.096
Gyro: 0.122 -25.772 -6.164
Accel: 0.114 0.006 1.097
Gyro: 0.961 -17.669 -6.408
Accel: 0.116 0.004 1.092
Gyro: 1.434 -8.0010 -6.469
Accel: 0.108 0.017 1.091
Gyro: 1.800 0.885 -6.439
Accel: 0.091 0.030 1.073
Gyro: 2.517 10.314 -6.423
Accel: 0.066 0.036 1.051
Gyro: 3.616 22.766 -6.362
Accel: 0.046 0.041 1.030
Gyro: 4.684 25.329 -6.011
Accel: 0.028 0.038 1.012
Gyro: 5.310 28.869 -5.538
Accel: 0.009 0.035 0.992
Gyro: 5.874 29.907 -4.226
Accel: 0.002 0.033 0.974
Gyro: 6.179 28.289 -2.517
Accel: 0.008 0.031 0.959
Gyro: 6.286 24.719 0.381
Accel: 0.009 0.023 0.953
Gyro: 5.966 18.798 1.602
Accel: 0.009 0.016 0.948
Gyro: 5.737 11.459 3.021
Accel: 0.006 0.003 0.953
Gyro: 5.218 3.494 3.799
Accel: 0.0000 0.007 0.953
Gyro: 4.196 -3.524 4.364
Accel: 0.013 0.015 0.963
Gyro: 2.395 -9.078 4.562
Accel: 0.024 0.026 0.972
Gyro: 0.671 -13.244 4.547
Accel: 0.036 0.034 0.983
Gyro: -1.251 -15.609 4.196
Accel: 0.051 0.037 0.995
Gyro: -2.792 -16.677 3.555
Accel: 0.065 0.040 1.004
Gyro: -3.753 -16.189 2.746
Accel: 0.072 0.041 1.014
Gyro: -4.501 -13.870 1.922
Accel: 0.076 0.046 1.019
Gyro: -5.142 -10.391 0.976
Accel: 0.079 0.050 1.022
Gyro: -5.508 -6.179 0.106
Accel: 0.079 0.053 1.026
Gyro: -6.088 -1.678 0.320
Accel: 0.076 0.053 1.027
Gyro: -6.454 2.182 0.732
Accel: 0.075 0.051 1.030
Gyro: -6.225 4.440 -1.098
Accel: 0.066 0.048 1.027
Gyro: -5.111 5.416 -1.556
Accel: 0.058 0.044 1.025
Gyro: -3.707 5.233 -1.831
Accel: 0.047 0.042 1.025
Gyro: -2.120 4.241 -2.075
Accel: 0.039 0.040 1.023
Gyro: 0.869 3.128 -2.120
Accel: 0.034 0.035 1.024
Gyro: 0.442 1.602 -2.075
Accel: 0.036 0.028 1.025
Gyro: 1.708 0.579 -1.724
Accel: 0.030 0.027 1.032
Gyro: 2.395 1.022 0.991
Accel: 0.034 0.024 1.041
Gyro: 2.761 1.983 0.335
Accel: 0.039 0.022 1.046
Gyro: 2.685 3.173 0.183
Accel: 0.041 0.020 1.053
Gyro: 3.067 4.486 0.625
Accel: 0.046 0.011 1.064
Gyro: 4.531 5.676 0.808
Accel: 0.044 0.0001 1.069
Gyro: 6.118 7.003 0.808
Accel: 0.040 0.0001 1.073
Gyro: 7.492 7.888 0.671
