Accel: 0.048 0.042 0.992
Gyro: 2.944 -8.270 -2.944
Accel: 0.048 0.043 0.997
Gyro: 2.990 -8.529 -3.189
Accel: 0.048 0.041 0.999
Gyro: 2.716 -8.392 -3.295
Accel: 0.050 0.048 1.006
Gyro: 2.548 -8.255 -3.433
Accel: 0.050 0.053 1.0010
Gyro: 2.395 -8.193 -3.295
Accel: 0.056 0.058 1.011
Gyro: 2.243 -7.720 -2.746
Accel: 0.059 0.065 1.014
Gyro: 2.319 -6.698 -2.105
Accel: 0.065 0.061 1.013
Gyro: 2.166 -5.081 -1.785
Accel: 0.064 0.058 1.020
Gyro: 2.044 -3.524 -1.373
Accel: 0.062 0.054 1.016
Gyro: 1.968 -1.449 0.854
Accel: 0.068 0.057 1.019
Gyro: 1.434 0.0000 0.488
Accel: 0.062 0.062 1.023
Gyro: 1.296 1.846 0.244
Accel: 0.062 0.064 1.023
Gyro: 1.296 3.097 0.061
Accel: 0.058 0.067 1.026
Gyro: 1.678 3.890 0.320
Accel: 0.055 0.069 1.023
Gyro: 1.983 5.142 0.671
Accel: 0.053 0.069 1.023
Gyro: 2.227 5.981 1.159
Accel: 0.051 0.067 1.023
Gyro: 2.761 6.805 1.251
Accel: 0.048 0.064 1.018
Gyro: 3.097 7.293 1.205
Accel: 0.043 0.067 1.014
Gyro: 3.097 7.293 0.869
Accel: 0.037 0.068 1.008
Gyro: 2.990 6.851 0.656
Accel: 0.037 0.074 1.004
Gyro: 2.700 5.691 0.701
Accel: 0.035 0.076 0.997
Gyro: 2.380 4.379 0.915
Accel: 0.035 0.081 0.989
Gyro: 1.541 3.280 0.671
Accel: 0.028 0.087 0.993
Gyro: 0.167 1.693 0.305
Accel: 0.033 0.081 0.996
Gyro: 0.305 0.335 0.106
Accel: 0.031 0.077 0.993
Gyro: 0.793 0.839 0.030
Accel: 0.032 0.075 0.994
Gyro: 0.915 -1.922 0.122
Accel: 0.035 0.075 0.998
Gyro: 0.961 -3.158 0.198
Accel: 0.036 0.072 1.0000
Gyro: 0.549 -4.470 0.503
Accel: 0.036 0.070 1.003
Gyro: 0.518 -6.088 -1.098
Accel: 0.038 0.072 1.009
Gyro: 0.473 -7.476 -1.586
Accel: 0.038 0.070 1.011
Gyro: 0.595 -9.063 -1.998
Accel: 0.038 0.073 1.009
Gyro: 0.411 -10.131 -2.105
Accel: 0.047 0.074 1.013
Gyro: 0.259 -10.559 -2.105
Accel: 0.049 0.072 1.013
Gyro: 0.564 -10.559 -2.120
Accel: 0.052 0.072 1.013
Gyro: 0.747 -10.192 -2.319
Accel: 0.052 0.068 1.017
Gyro: 0.747 -9.521 -2.319
Accel: 0.058 0.068 1.012
Gyro: 0.961 -8.438 -2.243
Accel: 0.067 0.071 1.014
Gyro: -1.647 -7.217 -2.120
Accel: 0.067 0.071 1.014
Gyro: -2.243 -5.706 -1.968
Accel: 0.066 0.071 1.011
Gyro: -2.563 -4.013 -1.785
Accel: 0.065 0.068 1.014
Gyro: -3.265 -2.578 -1.556
Accel: 0.065 0.070 1.017
Gyro: -3.845 -1.617 -1.510
Accel: 0.067 0.068 1.022
Gyro: -4.135 0.610 -1.556
Accel: 0.069 0.065 1.019
Gyro: -4.470 0.473 -1.510
Accel: 0.071 0.061 1.020
Gyro: -4.516 1.922 -1.342
Accel: 0.072 0.060 1.016
Gyro: -4.409 3.250 -1.480
Accel: 0.071 0.059 1.013
Gyro: -4.501 4.516 -1.678
Accel: 0.067 0.055 1.011
Gyro: -4.394 5.294 -1.815
Accel: 0.066 0.056 1.009
Gyro: -4.379 5.737 -1.983
Accel: 0.065 0.058 1.004
Gyro: -4.501 6.088 -2.319
Accel: 0.066 0.058 1.002
Gyro: -4.638 6.118 -2.853
Accel: 0.061 0.057 1.0001
Gyro: -4.608 5.966 -3.173
Accel: 0.056 0.055 0.999
Gyro: -4.241 5.554 -3.067
Accel: 0.052 0.056 0.998
Gyro: -4.226 5.111 -3.189
Accel: 0.050 0.058 0.999
Gyro: -4.135 4.562 -3.341
Accel: 0.050 0.058 0.995
Gyro: -4.119 4.348 -3.768
Accel: 0.053 0.057 0.992
Gyro: -4.425 4.074 -4.226
Accel: 0.055 0.058 0.991
Gyro: -4.776 4.104 -4.653
Accel: 0.054 0.053 0.992
Gyro: -5.142 4.150 -4.852
Accel: 0.052 0.053 0.992
Gyro: -5.249 4.379 -4.974
Accel: 0.051 0.054 0.994
Gyro: -5.355 4.791 -5.035
Accel: 0.047 0.049 0.996
Gyro: -5.187 4.882 -5.249
Accel: 0.043 0.046 0.996
Gyro: -4.943 4.257 -5.325
Accel: 0.040 0.047 0.995
Gyro: -4.821 3.799 -5.081
Accel: 0.041 0.049 0.994
Gyro: -4.455 3.097 -4.867
Accel: 0.042 0.049 0.991
Gyro: -4.226 2.563 -4.577
Accel: 0.040 0.047 0.993
Gyro: -4.257 1.449 -4.318
Accel: 0.035 0.047 0.994
Gyro: -4.379 0.259 -4.226
Accel: 0.031 0.042 0.998
Gyro: -4.455 -1.022 -4.165
Accel: 0.029 0.038 1.0000
Gyro: -4.455 -2.075 -3.768
Accel: 0.034 0.040 1.002
Gyro: -4.501 -2.792 -3.463
Accel: 0.036 0.043 1.002
Gyro: -4.394 -3.158 -3.265
Accel: 0.041 0.040 1.004
Gyro: -4.180 -3.021 -3.234
Accel: 0.045 0.034 1.008
Gyro: -3.677 -2.868 -3.158
Accel: 0.044 0.032 1.012
Gyro: -3.204 -2.456 -3.204
Accel: 0.042 0.036 1.012
Gyro: -3.021 -2.044 -2.944
Accel: 0.043 0.034 1.0010
Gyro: -2.807 -1.358 -2.716
Accel: 0.042 0.032 1.012
Gyro: -2.487 0.350 -2.456
Accel: 0.047 0.031 1.014
Gyro: -1.846 0.228 -2.365
Accel: 0.045 0.031 1.012
Gyro: -1.785 1.251 -2.212
Accel: 0.045 0.030 1.009
Gyro: -1.632 2.563 -2.212
Accel: 0.045 0.031 1.008
Gyro: -1.693 3.448 -1.892
Accel: 0.045 0.029 1.0010
Gyro: -1.373 3.524 -1.571
Accel: 0.040 0.031 1.0010
Gyro: 0.518 4.119 -1.327
Accel: 0.044 0.031 1.011
Gyro: 0.122 5.584 0.762
Accel: 0.050 0.030 1.016
Gyro: 0.686 7.339 0.198
Accel: 0.047 0.027 1.014
Gyro: 1.174 8.850 0.106
Accel: 0.041 0.025 1.011
Gyro: 1.205 10.040 0.228
Accel: 0.034 0.027 1.008
Gyro: 1.174 10.391 0.320
Accel: 0.034 0.034 0.999
Gyro: 1.007 10.543 0.564
Accel: 0.032 0.037 0.996
Gyro: 0.625 10.757 0.930
Accel: 0.032 0.039 0.994
Gyro: 0.274 10.421 1.312
Accel: 0.028 0.035 0.992
Gyro: 0.167 9.963 1.556
Accel: 0.026 0.034 0.993
Gyro: 0.335 8.956 1.770
Accel: 0.021 0.033 0.994
Gyro: 0.823 7.965 1.815
Accel: 0.018 0.031 0.991
Gyro: -1.007 7.095 2.151
Accel: 0.017 0.029 0.992
Gyro: 0.579 6.286 2.395
Accel: 0.018 0.027 0.990
Gyro: 0.106 5.233 2.441
Accel: 0.013 0.025 0.986
Gyro: 0.411 4.348 2.426
Accel: 0.009 0.028 0.984
Gyro: 0.671 3.402 2.441
Accel: 0.0010 0.034 0.983
Gyro: 0.946 2.212 2.609
Accel: 0.013 0.038 0.982
Gyro: 0.976 1.327 2.914
Accel: 0.014 0.035 0.983
Gyro: 1.052 0.778 3.051
Accel: 0.014 0.034 0.986
Gyro: 0.930 0.167 3.128
Accel: 0.012 0.036 0.991
Gyro: 0.762 -1.342 2.960
Accel: 0.009 0.036 0.993
Gyro: 0.457 -2.502 2.761
Accel: 0.0010 0.036 0.995
Gyro: 0.579 -3.417 2.944
Accel: 0.012 0.036 0.998
Gyro: 0.823 -4.272 3.112
Accel: 0.015 0.036 1.0000
Gyro: 1.266 -4.913 3.311
Accel: 0.019 0.034 1.002
Gyro: 1.525 -5.187 3.173
Accel: 0.020 0.032 1.005
Gyro: 2.166 -5.371 2.960
Accel: 0.020 0.031 1.008
Gyro: 2.960 -5.706 2.777
Accel: 0.020 0.032 1.009
Gyro: 3.738 -5.859 2.471
Accel: 0.021 0.033 1.0010
Gyro: 4.379 -6.088 1.800
Accel: 0.022 0.036 1.007
Gyro: 4.211 -6.393 1.251
Accel: 0.023 0.041 1.008
Gyro: 3.784 -6.469 1.007
Accel: 0.025 0.047 1.008
Gyro: 3.051 -6.317 0.793
Accel: 0.029 0.052 1.0010
Gyro: 2.639 -5.722 0.640
Accel: 0.030 0.050 1.009
Gyro: 1.983 -5.187 0.366
Accel: 0.028 0.047 1.0010
Gyro: 1.693 -4.562 0.183
Accel: 0.028 0.048 1.0010
Gyro: 1.449 -4.013 0.076
Accel: 0.026 0.048 1.0010
Gyro: 1.373 -3.738 0.091
Accel: 0.024 0.050 1.0010
Gyro: 1.144 -3.845 0.335
Accel: 0.026 0.052 1.0010
Gyro: 0.991 -3.875 0.427
Accel: 0.024 0.053 1.0010
Gyro: 0.610 -3.982 0.671
Accel: 0.026 0.049 1.0010
Gyro: 0.015 -4.302 0.823
Accel: 0.022 0.045 1.011
Gyro: 0.610 -4.455 0.930
Accel: 0.022 0.047 1.013
Gyro: -1.342 -4.974 -1.113
Accel: 0.021 0.047 1.017
Gyro: -1.861 -5.599 -1.251
Accel: 0.022 0.046 1.017
Gyro: -2.304 -6.057 -1.235
Accel: 0.023 0.043 1.016
Gyro: -2.700 -5.996 -1.205
Accel: 0.004 0.037 0.945
Gyro: 5.676 -2.975 -1.068
Accel: 0.0001 0.038 0.937
Gyro: 6.790 -3.479 -2.563
Accel: 0.018 0.037 0.950
Gyro: 7.827 -3.768 -3.967
Accel: 0.037 0.035 0.960
Gyro: 8.514 -3.814 -5.050
Accel: 0.058 0.034 0.972
Gyro: 9.292 -3.082 -5.691
Accel: 0.064 0.040 0.983
Gyro: 10.406 -1.892 -6.774
Accel: 0.067 0.042 0.985
Gyro: 11.077 -1.480 -7.888
Accel: 0.052 0.041 0.982
Gyro: 11.428 -1.525 -8.743
Accel: 0.038 0.039 0.976
Gyro: 11.489 -2.075 -9.490
Accel: 0.027 0.037 0.968
Gyro: 10.971 -2.395 -9.963
Accel: 0.021 0.038 0.962
Gyro: 9.765 -2.059 -10.589
Accel: 0.041 0.036 0.973
Gyro: 9.063 -1.693 -10.803
Accel: 0.065 0.040 0.980
Gyro: 8.895 -1.342 -10.192
Accel: 0.072 0.060 0.979
Gyro: 8.407 0.427 -9.307
Accel: 0.064 0.068 0.978
Gyro: 7.492 0.320 -7.827
Accel: 0.064 0.071 0.979
Gyro: 6.500 0.656 -5.584
Accel: 0.063 0.076 0.978
Gyro: 5.538 0.366 -3.738
Accel: 0.062 0.072 0.976
Gyro: 4.577 0.717 -2.059
Accel: 0.058 0.068 0.972
Gyro: 3.479 -1.617 0.579
Accel: 0.060 0.060 0.976
Gyro: 2.914 -1.678 0.381
Accel: 0.066 0.058 0.988
Gyro: 3.387 -1.403 0.289
Accel: 0.072 0.067 0.997
Gyro: 3.875 -1.022 0.411
Accel: 0.062 0.077 0.998
Gyro: 4.211 0.640 0.717
Accel: 0.058 0.073 1.0000
Gyro: 4.257 -1.007 0.915
Accel: 0.055 0.062 1.003
Gyro: 4.623 -2.059 0.732
Accel: 0.039 0.058 0.999
Gyro: 4.638 -3.356 0.579
Accel: 0.031 0.053 0.991
Gyro: 4.302 -4.821 0.503
Accel: 0.033 0.052 0.991
Gyro: 3.967 -6.515 0.885
Accel: 0.034 0.053 0.991
Gyro: 3.768 -7.934 -1.464
Accel: 0.043 0.062 0.998
Gyro: 3.936 -9.002 -1.937
Accel: 0.050 0.072 1.0001
Gyro: 4.104 -9.338 -2.319
Accel: 0.053 0.079 1.009
Gyro: 3.967 -8.071 -2.853
Accel: 0.050 0.080 1.022
Gyro: 3.479 -7.095 -3.524
Accel: 0.052 0.070 1.023
Gyro: 2.548 -5.828 -3.799
Accel: 0.044 0.053 1.020
Gyro: 1.663 -3.173 -3.860
Accel: 0.037 0.039 1.017
Gyro: 0.778 0.030 -3.738
Accel: 0.029 0.028 1.0010
Gyro: 0.228 2.807 -3.784
Accel: 0.018 0.026 1.0010
Gyro: 0.991 4.898 -4.211
Accel: 0.014 0.029 1.012
Gyro: -1.083 5.462 -4.776
Accel: 0.008 0.040 1.005
Gyro: 0.976 5.340 -5.233
Accel: 0.009 0.051 1.0001
Gyro: -1.373 5.111 -5.706
Accel: 0.015 0.059 1.003
Gyro: -1.556 4.333 -5.538
Accel: 0.020 0.064 1.003
Gyro: -1.693 3.158 -4.928
Accel: 0.016 0.070 0.996
Gyro: -2.273 2.441 -4.104
Accel: 0.014 0.073 0.996
Gyro: -2.563 1.983 -3.540
Accel: 0.012 0.072 0.994
Gyro: -2.868 1.510 -3.524
Accel: 0.061 0.067 0.993
Gyro: -2.365 1.174 -3.768
Accel: 0.006 0.062 0.991
Gyro: -1.327 0.625 -4.302
Accel: 0.007 0.063 0.989
Gyro: 0.534 0.030 -4.745
Accel: 0.0000 0.066 0.988
Gyro: 0.244 0.289 -4.928
Accel: 0.004 0.065 0.985
Gyro: 0.839 0.183 -4.989
Accel: 0.008 0.060 0.983
Gyro: 1.495 0.122 -4.913
Accel: 0.008 0.060 0.975
Gyro: 1.815 0.610 -4.699
Accel: 0.0010 0.059 0.968
Gyro: 1.312 -1.037 -4.333
Accel: 0.020 0.051 0.971
Gyro: 0.778 -1.525 -3.845
Accel: 0.025 0.041 0.977
Gyro: 0.473 -2.883 -3.387
Accel: 0.029 0.041 0.973
Gyro: 0.106 -4.165 -2.975
Accel: 0.032 0.040 0.975
Gyro: 0.289 -5.569 -2.639
Accel: 0.028 0.038 0.978
Gyro: 0.167 -7.278 -2.868
Accel: 0.023 0.039 0.977
Gyro: 0.061 -8.880 -2.792
Accel: 0.024 0.044 0.981
Gyro: 0.137 -10.620 -2.349
Accel: 0.017 0.044 0.986
Gyro: 0.137 -12.863 -2.105
Accel: 0.012 0.046 0.988
Gyro: 0.015 -15.121 -2.197
Accel: 0.0010 0.042 0.998
Gyro: 0.152 -17.181 -2.410
Accel: 0.012 0.041 1.006
Gyro: 0.701 -19.134 -2.838
Accel: 0.014 0.042 1.0010
Gyro: 1.312 -20.599 -3.021
Accel: 0.020 0.049 1.016
Gyro: 1.693 -21.148 -2.655
Accel: 0.017 0.054 1.033
Gyro: 2.868 -21.728 -2.487
Accel: 0.002 0.065 1.039
Gyro: 4.150 -22.613 -3.189
Accel: 0.0010 0.068 1.061
Gyro: 5.554 -24.246 -4.241
Accel: 0.030 0.071 1.076
Gyro: 7.736 -26.641 -5.874
Accel: 0.041 0.072 1.078
Gyro: 8.743 -27.435 -11.581
Accel: 0.044 0.072 1.069
Gyro: 8.163 -24.398 -9.063
Accel: 0.032 0.074 1.088
Gyro: 8.071 -17.486 -9.674
Accel: 0.016 0.082 1.108
Gyro: 8.682 -9.155 -10.269
Accel: 0.003 0.094 1.117
Gyro: 8.544 0.350 -11.184
Accel: 0.002 0.087 1.119
Gyro: 7.644 7.324 -11.611
Accel: 0.002 0.079 1.114
Gyro: 6.942 13.885 -11.474
Accel: 0.004 0.072 1.097
Gyro: 6.240 19.775 -11.779
Accel: 0.002 0.063 1.086
Gyro: 5.645 23.941 -12.481
Accel: 0.009 0.060 1.064
Gyro: 5.264 28.182 -12.496
Accel: 0.015 0.062 1.042
Gyro: 4.776 31.692 -12.039
Accel: 0.020 0.070 1.021
Gyro: 3.890 34.057 -11.474
Accel: 0.031 0.075 1.005
Gyro: 2.914 34.896 -10.421
Accel: 0.037 0.080 0.985
Gyro: 1.800 34.378 -9.338
Accel: 0.043 0.081 0.971
Gyro: 1.083 32.669 -8.270
Accel: 0.057 0.083 0.961
Gyro: 0.747 29.891 -7.446
Accel: 0.070 0.089 0.950
Gyro: 0.366 26.611 -6.896
Accel: 0.081 0.089 0.941
Gyro: 0.030 23.040 -6.622
Accel: 0.090 0.083 0.931
Gyro: 0.534 20.065 -6.057
Accel: 0.089 0.077 0.928
Gyro: 0.610 17.959 -5.187
Accel: 0.090 0.078 0.924
Gyro: 0.839 15.304 -4.165
Accel: 0.085 0.075 0.922
Gyro: -1.312 12.176 -3.112
Accel: 0.083 0.074 0.925
Gyro: -1.358 8.377 -2.502
Accel: 0.088 0.077 0.921
Gyro: -1.907 5.004 -2.059
Accel: 0.081 0.074 0.924
Gyro: -2.517 1.846 -1.434
Accel: 0.078 0.072 0.923
Gyro: -2.868 0.320 -1.327
Accel: 0.082 0.072 0.930
Gyro: -3.479 -2.960 -1.602
Accel: 0.089 0.074 0.940
Gyro: -4.226 -5.996 -1.770
Accel: 0.087 0.070 0.944
Gyro: -4.318 -7.934 -1.754
Accel: 0.102 0.082 0.969
Gyro: -3.631 -8.270 -1.342
Accel: 0.104 0.098 0.984
Gyro: -3.219 -9.170 0.442
Accel: 0.086 0.102 0.978
Gyro: -3.707 -7.339 0.305
Accel: 0.0100 0.099 0.987
Gyro: -4.470 -3.234 1.205
Accel: 0.112 0.106 0.997
Gyro: -6.378 0.167 1.937
Accel: 0.111 0.114 0.993
Gyro: -9.445 1.922 2.197
Accel: 0.097 0.111 0.974
Gyro: -12.039 4.562 2.410
Accel: 0.084 0.101 0.955
Gyro: -14.633 7.461 2.456
Accel: 0.080 0.092 0.955
Gyro: -15.228 8.163 1.647
Accel: 0.085 0.091 0.925
Gyro: -14.862 8.163 0.183
Accel: 0.101 0.094 0.815
Gyro: -16.708 8.926 0.900
Accel: 0.129 0.105 0.752
Gyro: -20.309 15.502 -1.403
Accel: 0.140 0.113 0.739
Gyro: -22.521 16.403 0.076
Accel: 0.141 0.121 0.659
Gyro: -22.705 20.126 3.112
Accel: 0.116 0.117 0.553
Gyro: -24.307 23.803 6.362
Accel: 0.057 0.099 0.431
Gyro: -23.788 28.839 8.819
Accel: 0.029 0.085 0.307
Gyro: -18.768 33.554 11.398
Accel: 0.024 0.171 0.164
Gyro: -12.069 36.560 13.381
Accel: 0.064 0.280 0.173
Gyro: -4.516 38.696 11.535
Accel: 0.002 0.118 0.0010
Gyro: 7.476 38.467 17.272
Accel: 0.033 0.037 0.028
Gyro: 13.290 38.650 22.354
Accel: 0.025 0.020 0.002
Gyro: 17.700 42.129 22.216
Accel: 0.005 0.019 0.021
Gyro: 21.301 44.464 21.850
Accel: 0.011 0.014 0.009
Gyro: 23.696 46.813 21.514
Accel: 0.014 0.021 0.016
Gyro: 25.634 49.163 21.057
Accel: 0.017 0.013 0.027
Gyro: 26.718 51.116 20.568
Accel: 0.011 0.014 0.031
Gyro: 27.359 53.329 20.263
Accel: 0.0010 0.0010 0.037
Gyro: 27.572 55.313 19.866
Accel: 0.011 0.006 0.041
Gyro: 27.648 56.945 19.500
Accel: 0.007 0.006 0.043
Gyro: 27.511 58.868 19.119
Accel: 0.005 0.004 0.048
Gyro: 26.763 60.531 18.875
Accel: 0.002 0.004 0.049
Gyro: 26.031 62.179 18.585
Accel: 0.006 0.004 0.056
Gyro: 24.749 63.781 18.356
Accel: 0.002 0.0000 0.047
Gyro: 23.696 64.651 18.371
Accel: 0.008 0.0001 0.051
Gyro: 22.689 65.597 18.173
Accel: 0.004 0.003 0.055
Gyro: 21.682 66.833 17.852
Accel: 0.006 0.002 0.055
Gyro: 20.477 67.871 17.257
Accel: 0.007 0.005 0.061
Gyro: 19.180 68.756 16.662
Accel: 0.005 0.002 0.062
Gyro: 17.776 69.656 16.006
Accel: 0.005 0.003 0.061
Gyro: 16.418 70.159 15.167
Accel: 0.003 0.003 0.067
Gyro: 15.197 70.678 14.465
Accel: 0.002 0.0001 0.069
Gyro: 14.038 71.105 13.595
Accel: 0.004 0.002 0.069
Gyro: 13.0000 71.395 12.741
Accel: 0.003 0.004 0.075
Gyro: 12.466 71.594 12.161
Accel: 0.002 0.003 0.076
Gyro: 12.313 71.838 11.459
Accel: 0.003 0.003 0.080
Gyro: 12.390 72.021 11.032
Accel: 0.003 0.004 0.081
Gyro: 12.832 71.762 10.681
Accel: 0.004 0.006 0.085
Gyro: 14.175 71.380 10.543
Accel: 0.002 0.002 0.085
Gyro: 15.670 71.029 10.543
Accel: 0.004 0.0001 0.088
Gyro: 16.143 70.632 9.887
Accel: 0.009 0.029 0.101
Gyro: 11.062 66.436 6.240
Accel: 0.003 0.023 0.099
Gyro: 5.691 70.236 2.410
Accel: 0.0001 0.008 0.088
Gyro: 1.892 69.610 0.549
Accel: 0.0001 0.004 0.103
Gyro: 0.061 68.832 -3.250
Accel: 0.006 0.023 0.101
Gyro: -3.417 67.977 -8.453
Accel: 0.015 0.038 0.105
Gyro: -9.567 66.726 -16.189
Accel: 0.027 0.055 0.117
Gyro: -17.929 64.895 -25.436
Accel: 0.067 0.003 -2.779
Gyro: -75.790 -54.504 -80.291
Accel: -1.471 0.203 -1.797
Gyro: -499.969 -499.969 -77.606
Accel: -6.325 -1.769 4.836
Gyro: -437.683 -499.969 43.884
Accel: -1.007 -1.114 -1.379
Gyro: -248.596 -499.969 34.729
Accel: 5.062 -2.628 7.999
Gyro: -499.969 -499.969 -26.473
Accel: 3.204 -1.285 4.770
Gyro: -73.608 -186.370 -78.567
Accel: 0.400 0.518 1.198
Gyro: -37.658 -95.779 -65.322
Accel: 0.125 0.350 0.528
Gyro: -19.790 -75.744 -47.058
Accel: 1.175 0.340 2.140
Gyro: 5.737 117.507 -26.168
Accel: 1.023 0.235 1.915
Gyro: 59.921 293.838 16.571
Accel: 0.847 0.357 1.781
Gyro: 282.821 224.624 69.152
Accel: 0.279 0.028 0.654
Gyro: 350.204 226.364 44.784
Accel: 0.142 0.009 0.487
Gyro: 263.153 197.708 50.262
Accel: 0.445 0.068 0.750
Gyro: 133.773 -20.172 67.184
Accel: 0.670 0.128 1.506
Gyro: 38.284 38.528 39.016
Accel: 0.295 0.103 1.554
Gyro: -11.749 7.034 8.575
Accel: 0.368 0.293 1.163
Gyro: -26.062 0.686 -22.109
Accel: 0.667 0.416 1.237
Gyro: -36.193 34.027 -50.323
Accel: 0.989 0.664 1.528
Gyro: -41.229 73.242 -56.762
Accel: 0.834 0.925 1.701
Gyro: -18.020 88.623 -35.446
Accel: 0.531 0.829 1.455
Gyro: 20.446 92.880 -9.429
Accel: 0.309 0.454 1.158
Gyro: 37.765 91.339 10.482
Accel: 0.137 0.159 1.017
Gyro: 37.322 80.627 13.595
Accel: 0.040 0.114 1.156
Gyro: 19.149 62.194 11.428
Accel: 0.177 0.114 1.366
Gyro: 15.274 46.249 8.300
Accel: 0.213 0.129 1.386
Gyro: 19.042 35.476 2.929
Accel: 0.211 0.153 1.216
Gyro: 14.526 31.677 -5.706
Accel: 0.148 0.154 1.098
Gyro: 8.911 16.891 -13.488
Accel: 0.067 0.121 1.052
Gyro: 5.767 0.549 -19.104
Accel: 0.036 0.0000 1.081
Gyro: 3.509 -6.896 -21.972
Accel: 0.068 0.009 1.145
Gyro: 2.548 -11.932 -21.362
Accel: 0.104 0.060 1.176
Gyro: 4.562 -12.359 -18.295
Accel: 0.082 0.062 1.161
Gyro: 8.712 -10.116 -14.999
Accel: 0.016 0.028 1.118
Gyro: 13.244 -8.850 -13.427
Accel: 0.036 0.013 1.094
Gyro: 16.799 -8.911 -13.488
Accel: 0.052 0.047 1.0100
Gyro: 19.439 -9.033 -14.236
Accel: 0.026 0.070 1.0100
Gyro: 20.263 -9.109 -14.648
Accel: 0.008 0.089 1.075
Gyro: 16.769 -8.728 -14.144
Accel: 0.018 0.0100 1.057
Gyro: 9.307 -8.270 -12.405
Accel: 0.012 0.108 1.043
Gyro: 2.502 -7.202 -10.620
Accel: 0.016 0.109 1.021
Gyro: -2.655 -4.776 -8.758
Accel: 0.008 0.101 1.017
Gyro: -6.820 -2.777 -7.507
Accel: 0.015 0.082 1.030
Gyro: -10.040 0.549 -7.125
Accel: 0.028 0.051 1.051
Gyro: -11.520 1.144 -8.117
Accel: 0.021 0.019 1.066
Gyro: -11.184 1.815 -9.277
Accel: 0.009 0.016 1.070
Gyro: -9.613 2.334 -9.735
Accel: 0.002 0.026 1.073
Gyro: -6.576 2.746 -8.712
Accel: 0.003 0.014 1.075
Gyro: -2.563 2.929 -7.049
Accel: 0.005 0.003 1.075
Gyro: 1.327 3.631 -6.210
Accel: 0.006 0.016 1.074
Gyro: 4.104 2.960 -6.393
Accel: 0.018 0.022 1.076
Gyro: 5.889 0.457 -6.759
Accel: 0.031 0.023 1.092
Gyro: 6.515 -4.913 -11.688
Accel: 0.028 0.018 1.135
Gyro: 6.317 -8.789 -9.796
Accel: 0.030 0.017 1.173
Gyro: 5.950 -10.910 -11.474
Accel: 0.026 0.021 1.182
Gyro: 6.576 -12.817 -12.649
Accel: 0.012 0.031 1.161
Gyro: 7.995 -15.411 -13.961
Accel: 0.024 0.034 1.140
Gyro: 9.155 -18.692 -14.663
Accel: 0.038 0.017 1.130
Gyro: 8.941 -20.935 -13.824
Accel: 0.029 0.003 1.134
Gyro: 7.614 -21.865 -11.932
Accel: 0.002 0.018 1.144
Gyro: 6.988 -21.362 -10.925
Accel: 0.041 0.023 1.147
Gyro: 7.904 -19.760 -11.398
Accel: 0.047 0.025 1.122
Gyro: 9.490 -19.195 -12.924
Accel: 0.040 0.031 1.090
Gyro: 11.245 -22.140 -14.205
Accel: 0.044 0.017 1.078
Gyro: 12.283 -25.054 -15.563
Accel: 0.037 0.003 1.075
Gyro: 11.657 -25.543 -15.914
Accel: 0.022 0.009 1.073
Gyro: 11.032 -25.375 -14.038
Accel: 0.006 0.006 1.049
Gyro: 9.307 -24.246 -10.894
Accel: 0.002 0.014 1.023
Gyro: 7.278 -23.971 -6.683
Accel: 0.042 0.042 1.019
Gyro: 5.722 -23.788 -4.562
Accel: 0.117 0.047 1.029
Gyro: 3.158 -21.835 -6.866
Accel: 0.166 0.029 1.039
Gyro: 1.007 -18.280 -11.932
Accel: 0.249 0.013 1.009
Gyro: 0.381 -15.274 -17.837
Accel: 0.187 0.007 0.941
Gyro: -2.944 -16.250 -26.306
Accel: 0.200 0.040 0.916
Gyro: -7.034 -17.532 -32.531
Accel: 0.133 0.068 0.936
Gyro: -12.161 -17.089 -32.379
Accel: 0.084 0.083 0.968
Gyro: -16.006 -13.412 -26.580
Accel: 0.072 0.068 0.979
Gyro: -16.479 -8.819 -15.838
Accel: 0.050 0.029 0.977
Gyro: -12.466 -7.064 -14.480
Accel: 0.036 0.005 0.976
Gyro: -7.522 -6.683 -11.703
Accel: 0.035 0.007 0.979
Gyro: 0.015 -5.859 -10.269
Accel: 0.041 0.005 0.968
Gyro: -1.190 -5.569 -9.963
Accel: 0.074 0.003 0.933
Gyro: -1.113 -5.706 -11.245
Accel: 0.117 0.005 0.912
Gyro: -4.104 -3.662 -14.633
Accel: 0.152 0.0001 0.902
Gyro: -8.789 1.083 -20.553
Accel: 0.149 0.028 0.875
Gyro: -12.542 5.081 -26.397
Accel: 0.149 0.048 0.844
Gyro: -16.387 9.140 -30.578
Accel: 0.129 0.035 0.824
Gyro: -23.574 12.756 -37.353
Accel: 0.091 0.012 0.821
Gyro: -34.729 15.823 -43.060
Accel: 0.080 0.002 0.814
Gyro: -40.496 20.568 -45.837
Accel: 0.004 0.032 0.843
Gyro: -50.445 25.650 -44.662
Accel: 0.031 0.068 0.867
Gyro: -54.229 30.120 -40.145
Accel: 0.105 0.105 1.039
Gyro: -44.754 29.159 -29.083
Accel: 0.056 0.073 0.985
Gyro: -38.040 34.149 -18.310
Accel: 0.089 0.002 0.973
Gyro: -34.744 32.012 -6.698
Accel: 0.146 0.052 1.070
Gyro: -20.645 20.233 2.853
Accel: 0.219 0.038 1.239
Gyro: -8.361 9.826 9.521
Accel: 0.075 0.002 1.133
Gyro: -5.035 -1.312 9.201
Accel: 0.017 0.055 1.085
Gyro: 0.640 -12.878 2.014
Accel: 0.091 0.115 1.053
Gyro: 0.503 -21.118 -7.965
Accel: 0.131 0.155 1.031
Gyro: -3.524 -22.796 -16.387
Accel: 0.119 0.148 1.017
Gyro: -8.712 -21.133 -21.102
Accel: 0.085 0.148 0.996
Gyro: -14.495 -16.799 -20.614
Accel: 0.112 0.180 1.062
Gyro: -17.547 -8.163 -17.929
Accel: 0.153 0.200 1.005
Gyro: -17.181 -5.737 -16.220
Accel: 0.159 0.198 0.974
Gyro: -10.177 6.683 -16.738
Accel: 0.064 0.153 0.931
Gyro: -1.174 21.606 -18.371
Accel: 0.136 0.123 0.947
Gyro: 5.462 30.517 -20.751
Accel: 0.0100 0.044 0.956
Gyro: 9.338 35.583 -21.682
Accel: 0.006 0.076 0.920
Gyro: 6.896 41.168 -20.599
Accel: 0.0000 0.124 0.884
Gyro: 0.137 47.164 -18.280
Accel: 0.016 0.152 0.855
Gyro: -5.355 49.026 -16.723
Accel: 0.061 0.146 0.864
Gyro: -8.529 44.754 -14.221
Accel: 0.032 0.104 0.891
Gyro: -10.910 37.185 -10.498
Accel: 0.045 0.072 0.916
Gyro: -11.489 31.234 -8.773
Accel: 0.043 0.055 0.922
Gyro: -14.587 26.947 -8.941
Accel: 0.025 0.059 0.923
Gyro: -20.919 25.268 -9.292
Accel: 0.009 0.071 0.927
Gyro: -27.084 19.760 -8.712
Accel: 0.009 0.074 0.955
Gyro: -30.029 18.936 -7.171
Accel: 0.030 0.072 0.979
Gyro: -30.746 11.459 -6.118
Accel: 0.050 0.077 1.003
Gyro: -31.921 2.456 -5.874
Accel: 0.087 0.106 1.048
Gyro: -32.150 -9.918 -5.508
Accel: 0.006 0.170 1.168
Gyro: -27.175 -21.514 -5.920
Accel: 0.011 0.248 1.296
Gyro: -13.275 -32.150 -7.965
Accel: 0.048 0.184 1.241
Gyro: -4.882 -40.618 -5.752
Accel: 0.093 0.120 1.208
Gyro: 0.106 -49.194 -1.983
Accel: 0.136 0.106 1.174
Gyro: 4.089 -56.625 -2.288
Accel: 0.168 0.148 1.142
Gyro: 8.026 -59.082 -6.759
Accel: 0.132 0.183 1.099
Gyro: 12.329 -57.159 -5.706
Accel: 0.120 0.186 1.070
Gyro: 15.762 -52.673 -1.770
Accel: 0.122 0.151 1.098
Gyro: 17.852 -49.163 -1.052
Accel: 0.144 0.123 1.115
Gyro: 19.454 -45.852 -4.470
Accel: 0.135 0.094 1.074
Gyro: 19.500 -44.235 -7.476
Accel: 0.140 0.056 0.965
Gyro: 17.074 -40.710 -9.246
Accel: 0.139 0.059 0.831
Gyro: 3.097 -29.327 -7.324
Accel: 0.196 0.077 0.999
Gyro: 1.632 -34.484 -7.171
Accel: 0.170 0.094 0.975
Gyro: 5.844 -35.324 -8.941
Accel: 0.128 0.186 0.992
Gyro: 5.767 -37.704 -11.367
Accel: 0.092 0.171 1.018
Gyro: 7.080 -45.379 -14.129
Accel: 0.152 0.136 0.996
Gyro: 8.575 -51.803 -16.067
Accel: 0.139 0.142 0.973
Gyro: 8.193 -53.588 -14.389
Accel: 0.140 0.108 0.941
Gyro: 9.506 -56.457 -13.076
Accel: 0.188 0.046 0.931
Gyro: 9.979 -62.423 -12.802
Accel: 0.196 0.044 0.913
Gyro: 10.528 -59.875 -12.985
Accel: 0.199 0.052 0.894
Gyro: 10.162 -59.570 -11.230
Accel: 0.226 0.037 0.888
Gyro: 11.245 -61.309 -9.994
Accel: 0.282 0.049 0.867
Gyro: 10.803 -61.889 -12.771
Accel: 0.187 0.053 0.872
Gyro: 11.230 -62.622 -12.634
Accel: 0.200 0.073 0.896
Gyro: 12.664 -60.150 -11.444
Accel: 0.173 0.088 0.953
Gyro: 14.633 -55.313 -8.499
Accel: 0.172 0.088 0.961
Gyro: 18.203 -46.951 -5.767
Accel: 0.169 0.078 1.062
Gyro: 18.630 -39.550 -4.394
Accel: 0.174 0.080 0.973
Gyro: 19.012 -39.794 -3.463
Accel: 0.249 0.077 0.947
Gyro: 17.059 -36.361 -1.968
Accel: 0.212 0.068 0.955
Gyro: 15.441 -35.568 1.113
Accel: 0.222 0.047 0.966
Gyro: 14.053 -36.300 4.928
Accel: 0.231 0.026 0.985
Gyro: 13.168 -35.858 6.988
Accel: 0.245 0.044 1.008
Gyro: 12.039 -34.851 7.980
Accel: 0.266 0.075 1.034
Gyro: 12.451 -33.218 7.904
Accel: 0.281 0.101 1.050
Gyro: 14.190 -29.983 7.125
Accel: 0.289 0.187 1.061
Gyro: 16.067 -26.123 6.942
Accel: 0.290 0.124 1.060
Gyro: 17.593 -22.048 7.659
Accel: 0.302 0.106 1.059
Gyro: 18.875 -18.341 8.972
Accel: 0.317 0.079 1.067
Gyro: 20.385 -14.938 10.406
Accel: 0.332 0.062 1.064
Gyro: 20.889 -10.559 11.810
Accel: 0.350 0.048 1.068
Gyro: 20.172 -4.669 12.527
Accel: 0.372 0.036 1.071
Gyro: 19.515 2.410 12.207
Accel: 0.374 0.035 1.068
Gyro: 19.027 15.609 7.812
Accel: 0.368 0.042 1.066
Gyro: 18.524 21.209 10.986
Accel: 0.356 0.058 1.057
Gyro: 18.356 29.159 10.574
Accel: 0.334 0.075 1.042
Gyro: 18.142 34.790 10.284
Accel: 0.324 0.078 1.035
Gyro: 18.096 37.078 9.536
Accel: 0.297 0.090 1.029
Gyro: 18.981 37.582 9.277
Accel: 0.287 0.086 1.011
Gyro: 18.875 38.070 8.941
Accel: 0.288 0.067 0.991
Gyro: 18.127 39.611 8.087
Accel: 0.288 0.046 0.974
Gyro: 17.059 41.473 6.790
Accel: 0.281 0.033 0.955
Gyro: 15.792 43.731 5.416
Accel: 0.266 0.020 0.934
Gyro: 13.977 45.227 3.845
Accel: 0.245 0.013 0.914
Gyro: 7.858 45.639 2.349
Accel: 0.228 0.012 0.898
Gyro: 9.414 43.380 0.473
Accel: 0.212 0.016 0.886
Gyro: 6.149 39.535 -1.129
Accel: 0.197 0.021 0.887
Gyro: 3.585 34.790 -2.655
Accel: 0.175 0.012 0.891
Gyro: 2.624 29.693 -3.662
Accel: 0.142 0.012 0.890
Gyro: 1.342 24.276 -3.158
Accel: 0.130 0.007 0.891
Gyro: 0.198 20.050 -2.166
Accel: 0.136 0.006 0.891
Gyro: -1.205 16.983 0.946
Accel: 0.152 0.0010 0.889
Gyro: -2.517 15.182 0.045
Accel: 0.164 0.013 0.881
Gyro: -5.020 14.465 0.762
Accel: 0.171 0.015 0.884
Gyro: -7.125 13.458 1.174
Accel: 0.162 0.012 0.881
Gyro: -9.536 12.222 1.968
Accel: 0.148 0.008 0.891
Gyro: -10.940 10.437 2.716
Accel: 0.137 0.004 0.904
Gyro: -11.0001 8.102 7.736
Accel: 0.136 0.013 0.911
Gyro: -10.284 6.072 5.126
Accel: 0.139 0.022 0.916
Gyro: -9.201 5.371 6.149
Accel: 0.153 0.021 0.917
Gyro: -8.499 6.042 6.698
Accel: 0.175 0.020 0.917
Gyro: -8.422 7.354 6.500
Accel: 0.186 0.020 0.913
Gyro: -8.728 8.880 5.920
Accel: 0.187 0.016 0.911
Gyro: -9.078 10.864 4.913
Accel: 0.179 0.024 0.906
Gyro: -9.460 12.344 3.890
Accel: 0.174 0.029 0.905
Gyro: -9.414 13.214 2.883
Accel: 0.171 0.033 0.908
Gyro: -8.682 14.022 1.586
Accel: 0.169 0.044 0.915
Gyro: -7.171 13.778 0.778
Accel: 0.167 0.046 0.924
Gyro: -4.913 12.908 0.045
Accel: 0.158 0.053 0.928
Gyro: -2.273 11.764 0.961
Accel: 0.158 0.059 0.928
Gyro: 0.0000 10.192 -1.281
Accel: 0.155 0.058 0.928
Gyro: 2.288 9.368 0.976
Accel: 0.155 0.050 0.930
Gyro: 4.531 8.132 0.152
Accel: 0.162 0.048 0.926
Gyro: 6.149 6.134 0.839
Accel: 0.161 0.042 0.929
Gyro: 7.324 3.036 1.815
Accel: 0.150 0.041 0.939
Gyro: 8.346 0.976 2.960
Accel: 0.139 0.033 0.950
Gyro: 9.613 -5.706 4.043
Accel: 0.135 0.023 0.960
Gyro: 10.375 -9.918 5.249
Accel: 0.134 0.013 0.963
Gyro: 10.452 -13.061 6.546
Accel: 0.139 0.004 0.968
Gyro: 10.253 -15.365 8.270
Accel: 0.147 0.004 0.975
Gyro: 9.872 -16.616 9.704
Accel: 0.158 0.004 0.979
Gyro: 9.140 -16.906 10.711
Accel: 0.171 0.007 0.984
Gyro: 8.422 -16.632 11.642
Accel: 0.180 0.009 0.990
Gyro: 8.224 -15.930 12.634
Accel: 0.186 0.009 0.995
Gyro: 7.904 -14.831 13.946
Accel: 0.188 0.007 1.0001
Gyro: 7.278 -13.778 14.801
Accel: 0.195 0.013 1.003
Gyro: 6.408 -12.283 15.380
Accel: 0.202 0.013 1.012
Gyro: 5.401 -9.796 15.243
Accel: 0.203 0.011 1.018
Gyro: 4.577 -6.652 14.968
Accel: 0.207 0.011 1.018
Gyro: 3.616 -3.143 14.358
Accel: 0.208 0.007 1.018
Gyro: 2.655 0.350 13.717
Accel: 0.202 0.0001 1.015
Gyro: 2.212 3.616 13.061
Accel: 0.199 0.004 1.011
Gyro: 1.831 6.057 12.634
Accel: 0.192 0.002 1.007
Gyro: 1.861 8.377 12.237
Accel: 0.189 0.0001 1.003
Gyro: 1.983 9.582 11.749
Accel: 0.183 0.007 0.998
Gyro: 1.602 9.963 11.138
Accel: 0.174 0.009 0.993
Gyro: 0.610 9.658 10.375
Accel: 0.171 0.013 0.995
Gyro: 0.030 8.880 9.933
Accel: 0.163 0.008 0.992
Gyro: 0.457 8.255 9.780
Accel: 0.156 0.008 0.992
Gyro: 0.473 8.255 9.460
Accel: 0.157 0.006 0.989
Gyro: 0.671 8.514 9.094
Accel: 0.157 0.006 0.988
Gyro: -1.037 8.697 8.605
Accel: 0.158 0.007 0.987
Gyro: -1.251 8.544 8.163
Accel: 0.153 0.013 0.986
Gyro: -1.205 7.980 7.904
Accel: 0.148 0.014 0.987
Gyro: -1.129 6.698 7.644
Accel: 0.144 0.016 0.989
Gyro: 0.717 4.547 7.202
Accel: 0.133 0.020 0.990
Gyro: 0.320 2.288 7.034
Accel: 0.128 0.020 0.996
Gyro: 0.106 0.534 7.034
Accel: 0.123 0.013 1.0000
Gyro: 0.411 -3.311 7.034
Accel: 0.123 0.0010 1.009
Gyro: 1.266 -5.706 7.095
Accel: 0.125 0.0010 1.009
Gyro: 1.770 -11.611 6.942
Accel: 0.132 0.006 1.008
Gyro: 1.968 -8.819 6.378
Accel: 0.142 0.005 1.007
Gyro: 1.754 -9.704 5.355
Accel: 0.149 0.012 1.009
Gyro: 1.449 -10.421 4.730
Accel: 0.148 0.012 1.015
Gyro: 1.098 -11.291 4.074
Accel: 0.156 0.009 1.019
Gyro: 0.976 -12.130 3.524
Accel: 0.152 0.006 1.020
Gyro: 0.564 -12.466 3.799
Accel: 0.155 0.0000 1.030
Gyro: 0.350 -12.481 4.287
Accel: 0.156 0.006 1.035
Gyro: 0.061 -11.993 4.409
Accel: 0.160 0.003 1.037
Gyro: 0.244 -11.413 4.318
Accel: 0.163 0.0001 1.038
Gyro: 0.976 -10.375 4.150
Accel: 0.166 0.0001 1.037
Gyro: -1.617 -8.972 4.028
Accel: 0.173 0.002 1.036
Gyro: -2.197 -7.049 3.768
Accel: 0.177 0.006 1.037
Gyro: -2.456 -5.538 3.234
Accel: 0.179 0.0010 1.035
Gyro: -2.548 -4.364 2.639
Accel: 0.179 0.018 1.034
Gyro: -2.243 -3.677 2.334
Accel: 0.182 0.020 1.031
Gyro: -2.090 -3.326 2.227
Accel: 0.183 0.023 1.031
Gyro: -1.754 -2.914 2.120
Accel: 0.183 0.028 1.034
Gyro: -1.907 -1.922 2.609
Accel: 0.186 0.019 1.036
Gyro: -2.029 -1.235 3.082
Accel: 0.181 0.015 1.035
Gyro: -2.319 -1.205 3.311
Accel: 0.177 0.0010 1.041
Gyro: -2.502 -1.556 3.662
Accel: 0.170 0.014 1.045
Gyro: -2.471 -2.593 4.165
Accel: 0.167 0.020 1.044
Gyro: -2.655 -3.494 4.409
Accel: 0.174 0.024 1.047
Gyro: -2.670 -4.058 4.684
Accel: 0.183 0.033 1.047
Gyro: -2.380 -5.096 4.425
Accel: 0.186 0.038 1.044
Gyro: -2.273 -5.447 4.074
Accel: 0.189 0.038 1.047
Gyro: -2.197 -5.462 3.646
Accel: 0.186 0.033 1.048
Gyro: -2.120 -5.233 3.341
Accel: 0.185 0.034 1.047
Gyro: -1.617 -4.425 2.990
Accel: 0.185 0.040 1.044
Gyro: -1.358 -3.005 2.578
Accel: 0.187 0.039 1.041
Gyro: -1.525 -1.495 2.410
Accel: 0.185 0.031 1.043
Gyro: -1.281 0.366 1.785
Accel: 0.189 0.037 1.052
Gyro: 0.595 0.015 1.541
Accel: 0.194 0.041 1.065
Gyro: 0.167 0.900 1.983
Accel: 0.197 0.043 1.089
Gyro: 1.220 -4.165 2.166
Accel: 0.125 0.044 1.113
Gyro: 3.158 -9.399 1.739
Accel: 0.164 0.042 1.133
Gyro: 5.172 -15.258 1.480
Accel: 0.154 0.033 1.142
Gyro: 7.247 -20.187 1.190
Accel: 0.164 0.017 1.140
Gyro: 7.736 -22.994 0.869
Accel: 0.186 0.005 1.141
Gyro: 6.988 -19.638 0.869
Accel: 0.205 0.002 1.146
Gyro: 6.103 -22.277 1.342
Accel: 0.211 0.062 1.162
Gyro: 5.432 -20.858 2.182
Accel: 0.212 0.002 1.170
Gyro: 5.355 -19.363 2.822
Accel: 0.206 0.018 1.180
Gyro: 5.355 -17.776 4.409
Accel: 0.197 0.020 1.191
Gyro: 5.416 -15.014 5.813
Accel: 0.206 0.015 1.190
Gyro: 5.599 -10.681 6.744
Accel: 0.207 0.009 1.185
Gyro: 5.920 -5.035 11.688
