Accel: 0.075 0.007 1.002
Gyro: 0.793 -1.312 0.564
Accel: 0.076 0.0010 1.0000
Gyro: -1.205 -1.220 0.747
Accel: 0.079 0.008 1.002
Gyro: -1.617 -1.296 -1.190
Accel: 0.077 0.006 1.002
Gyro: -1.586 -1.068 -1.739
Accel: 0.078 0.007 1.004
Gyro: -1.617 0.808 -1.907
Accel: 0.081 0.008 1.003
Gyro: -1.754 0.213 -1.831
Accel: 0.081 0.015 1.006
Gyro: -1.739 0.595 -2.059
Accel: 0.075 0.016 1.007
Gyro: -2.044 1.754 -1.998
Accel: 0.078 0.013 1.0010
Gyro: -2.105 2.487 -1.846
Accel: 0.078 0.0010 1.005
Gyro: -2.563 2.929 -1.602
Accel: 0.081 0.008 1.007
Gyro: -2.777 2.975 -2.014
Accel: 0.072 0.002 1.007
Gyro: -2.700 3.158 -2.120
Accel: 0.073 0.0000 1.012
Gyro: -2.456 3.295 -2.212
Accel: 0.068 0.0001 1.008
Gyro: -2.517 3.509 -2.136
Accel: 0.069 0.002 1.002
Gyro: -2.685 3.524 -2.197
Accel: 0.070 0.002 1.0000
Gyro: -2.548 3.051 -2.319
Accel: 0.067 0.0001 0.993
Gyro: -1.937 2.197 -1.907
Accel: 0.067 0.005 0.991
Gyro: -2.029 2.365 -1.373
Accel: 0.068 0.009 0.993
Gyro: -2.136 2.227 -1.129
Accel: 0.062 0.006 0.995
Gyro: -2.532 2.029 -1.144
Accel: 0.065 0.002 0.990
Gyro: -2.593 1.724 -1.159
Accel: 0.068 0.002 0.985
Gyro: -3.143 0.885 -1.174
Accel: 0.066 0.004 0.979
Gyro: -3.707 0.244 -1.510
Accel: 0.070 0.006 0.976
Gyro: -3.921 -1.358 -1.983
Accel: 0.069 0.007 0.977
Gyro: -4.241 -2.120 -2.243
Accel: 0.069 0.005 0.987
Gyro: 0.045 -3.387 -2.288
Accel: 0.069 0.0001 0.991
Gyro: -2.883 -5.004 -2.334
Accel: 0.071 0.003 0.991
Gyro: -2.136 -6.149 -2.563
Accel: 0.074 0.002 0.993
Gyro: -1.266 -7.278 -2.655
Accel: 0.072 0.0001 0.996
Gyro: 0.732 -8.0010 -2.578
Accel: 0.076 0.003 0.999
Gyro: 0.213 -8.270 -2.716
Accel: 0.080 0.0001 1.002
Gyro: 0.411 -8.377 -2.731
Accel: 0.083 0.060 1.007
Gyro: 0.717 -8.224 -2.944
Accel: 0.083 0.0001 1.0010
Gyro: 0.854 -7.705 -3.143
Accel: 0.083 0.006 1.013
Gyro: 0.518 -6.774 -3.082
Accel: 0.083 0.007 1.021
Gyro: 0.030 -5.783 -2.761
Accel: 0.082 0.008 1.018
Gyro: 0.503 -4.409 -2.365
Accel: 0.083 0.008 1.023
Gyro: 0.839 -3.158 -1.754
Accel: 0.078 0.003 1.023
Gyro: 1.281 -2.227 0.747
Accel: 0.077 0.002 1.022
Gyro: 1.571 0.991 0.076
Accel: 0.081 0.004 1.018
Gyro: 1.510 0.152 0.473
Accel: 0.074 0.007 1.020
Gyro: 1.190 0.381 1.144
Accel: 0.072 0.0010 1.024
Gyro: 1.190 0.869 1.647
Accel: 0.072 0.008 1.024
Gyro: 1.266 1.693 2.395
Accel: 0.079 0.007 1.023
Gyro: 1.083 2.685 2.700
Accel: 0.082 0.0010 1.022
Gyro: 1.358 3.341 2.365
Accel: 0.080 0.020 1.018
Gyro: 1.708 4.028 2.258
Accel: 0.080 0.023 1.016
Gyro: 1.846 4.791 2.029
Accel: 0.079 0.021 1.016
Gyro: 2.243 5.569 2.029
Accel: 0.082 0.016 1.011
Gyro: 2.532 6.668 1.831
Accel: 0.081 0.014 1.011
Gyro: 2.731 6.774 1.693
Accel: 0.078 0.013 1.006
Gyro: 2.700 6.698 1.495
Accel: 0.076 0.015 0.997
Gyro: 2.227 6.622 1.098
Accel: 0.076 0.017 0.996
Gyro: 2.014 6.179 0.839
Accel: 0.076 0.013 0.990
Gyro: 2.166 5.645 0.701
Accel: 0.072 0.013 0.986
Gyro: 2.044 5.386 0.808
Accel: 0.069 0.008 0.981
Gyro: 1.739 4.608 0.808
Accel: 0.064 0.008 0.985
Gyro: 1.510 3.753 0.732
Accel: 0.062 0.004 0.985
Gyro: 1.571 2.655 0.579
Accel: 0.063 0.003 0.986
Gyro: 1.403 1.342 0.503
Accel: 0.062 0.006 0.984
Gyro: 1.266 -3.845 0.503
Accel: 0.063 0.004 0.986
Gyro: 1.281 -1.525 0.473
Accel: 0.061 0.061 0.987
Gyro: 1.113 -3.341 0.259
Accel: 0.058 0.003 0.987
Gyro: 1.113 -4.699 0.152
Accel: 0.065 0.003 0.986
Gyro: 1.098 -4.913 0.350
Accel: 0.068 0.0000 0.990
Gyro: 0.961 -5.386 0.350
Accel: 0.065 0.003 0.994
Gyro: 0.686 -6.362 0.183
Accel: 0.063 0.002 0.996
Gyro: 0.030 -7.171 0.228
Accel: 0.065 0.002 0.998
Gyro: 0.427 -7.705 0.259
Accel: 0.072 0.004 1.0000
Gyro: 0.793 -8.0010 0.244
Accel: 0.071 0.004 1.004
Gyro: 0.793 -7.995 0.152
Accel: 0.074 0.003 1.006
Gyro: -1.022 -7.644 0.289
Accel: 0.078 0.004 1.009
Gyro: -1.419 -7.247 0.381
Accel: 0.082 0.003 1.012
Gyro: -1.724 -6.988 0.839
Accel: 0.082 0.007 1.013
Gyro: -2.304 -6.347 -1.037
Accel: 0.085 0.005 1.017
Gyro: -2.517 -5.813 -1.296
Accel: 0.080 0.002 1.019
Gyro: -2.593 -5.416 -1.220
Accel: 0.084 0.004 1.018
Gyro: -2.761 -4.714 -1.449
Accel: 0.087 0.002 1.017
Gyro: -2.807 -3.585 -1.358
Accel: 0.085 0.002 1.018
Gyro: -2.609 -2.395 -1.052
Accel: 0.087 0.004 1.020
Gyro: -2.578 -1.556 0.656
Accel: 0.087 0.004 1.020
Gyro: -2.258 0.457 0.396
Accel: 0.086 0.0001 1.020
Gyro: -2.105 0.701 0.213
Accel: 0.085 0.0000 1.017
Gyro: -1.922 1.678 0.137
Accel: 0.081 0.002 1.020
Gyro: -1.403 2.319 0.091
Accel: 0.079 0.0000 1.015
Gyro: -1.037 3.051 0.152
Accel: 0.077 0.062 1.017
Gyro: 0.778 3.479 0.320
Accel: 0.077 0.0001 1.011
Gyro: 0.732 3.692 0.366
Accel: 0.078 0.0001 1.012
Gyro: 0.503 3.402 0.488
Accel: 0.074 0.0000 1.0010
Gyro: 0.747 3.234 0.534
Accel: 0.074 0.002 1.0010
Gyro: 0.640 2.670 0.747
Accel: 0.074 0.0001 1.006
Gyro: 0.717 2.227 1.113
Accel: 0.073 0.0001 1.006
Gyro: 0.839 2.120 1.373
Accel: 0.074 0.004 1.005
Gyro: 0.915 1.892 1.449
Accel: 0.080 0.002 1.007
Gyro: 0.778 1.571 1.602
Accel: 0.079 0.0001 1.006
Gyro: 0.732 1.861 1.647
Accel: 0.075 0.003 1.003
Gyro: 0.350 2.014 1.632
Accel: 0.073 0.003 1.0001
Gyro: 0.167 2.166 1.510
Accel: 0.072 0.006 1.0001
Gyro: 0.259 2.197 1.388
Accel: 0.069 0.007 1.0000
Gyro: 0.335 2.395 1.266
Accel: 0.071 0.008 0.999
Gyro: 0.396 2.120 1.266
Accel: 0.070 0.008 0.999
Gyro: 0.381 1.602 1.068
Accel: 0.066 0.008 1.002
Gyro: 0.244 1.251 1.007
Accel: 0.068 0.009 1.002
Gyro: 0.091 0.915 1.098
Accel: 0.068 0.008 1.003
Gyro: 0.350 0.915 1.159
Accel: 0.070 0.004 1.0001
Gyro: 0.549 0.595 1.113
Accel: 0.069 0.007 1.002
Gyro: 0.961 0.350 1.068
Accel: 0.066 0.005 1.0000
Gyro: 1.144 -1.007 1.022
Accel: 0.066 0.006 1.003
Gyro: 0.823 -1.647 1.022
Accel: 0.069 0.005 1.0001
Gyro: 0.442 -2.258 1.144
Accel: 0.074 0.006 1.002
Gyro: 0.122 -2.929 0.717
Accel: 0.065 0.014 1.002
Gyro: 0.320 -2.868 0.274
Accel: 0.067 0.018 1.005
Gyro: -1.235 -2.792 0.640
Accel: 0.076 0.004 1.009
Gyro: -1.373 -2.655 0.137
Accel: 0.083 0.003 1.006
Gyro: 0.976 -2.166 0.656
Accel: 0.077 0.004 1.006
Gyro: 0.595 -1.052 0.656
Accel: 0.080 0.012 1.007
Gyro: 0.045 3.829 0.564
Accel: 0.080 0.016 1.009
Gyro: 0.320 0.534 0.350
Accel: 0.078 0.012 1.007
Gyro: 0.732 0.991 0.137
Accel: 0.074 0.011 1.007
Gyro: 1.083 1.525 0.213
Accel: 0.075 0.007 1.007
Gyro: 1.281 1.205 0.152
Accel: 0.073 0.006 1.003
Gyro: 1.052 0.656 0.244
Accel: 0.074 0.006 1.002
Gyro: 0.839 0.228 0.213
Accel: 0.073 0.008 1.0001
Gyro: 0.732 -1.174 0.167
Accel: 0.074 0.007 1.0000
Gyro: 0.808 -2.365 0.244
Accel: 0.070 0.009 1.0000
Gyro: 0.762 -3.753 0.427
Accel: 0.070 0.008 0.999
Gyro: 0.640 -4.684 0.503
Accel: 0.074 0.009 1.0000
Gyro: 0.671 -5.325 0.488
Accel: 0.071 0.006 1.0000
Gyro: 0.320 -6.225 0.381
Accel: 0.072 0.002 1.003
Gyro: 0.350 -6.866 0.473
Accel: 0.073 0.0001 1.004
Gyro: 0.289 -7.263 0.747
Accel: 0.074 0.006 1.006
Gyro: 0.183 -7.247 0.915
Accel: 0.173 0.037 1.274
Gyro: -18.066 -43.930 4.974
Accel: 0.189 0.022 1.276
Gyro: -22.201 -41.870 6.118
Accel: 0.216 0.022 1.283
Gyro: -24.887 -37.719 6.423
Accel: 0.228 0.046 1.285
Gyro: -26.397 -30.303 6.759
Accel: 0.242 0.058 1.290
Gyro: -26.214 -16.464 6.286
Accel: 0.247 0.078 1.288
Gyro: -24.200 -9.002 5.493
Accel: 0.258 0.102 1.279
Gyro: -20.690 2.655 5.172
Accel: 0.263 0.117 1.267
Gyro: -17.364 14.602 5.523
Accel: 0.246 0.111 1.256
Gyro: -15.075 26.535 5.691
Accel: 0.232 0.0100 1.231
Gyro: -13.931 38.818 5.447
Accel: 0.226 0.091 1.197
Gyro: -14.038 51.467 5.004
Accel: 0.223 0.079 1.161
Gyro: -13.778 62.561 4.852
Accel: 0.202 0.075 1.121
Gyro: -12.847 77.484 4.989
Accel: 0.175 0.072 1.072
Gyro: -10.879 85.861 5.386
Accel: 0.154 0.062 1.015
Gyro: -8.834 87.738 4.943
Accel: 0.144 0.062 0.963
Gyro: -6.301 89.706 3.433
Accel: 0.113 0.078 0.913
Gyro: -3.036 88.211 1.922
Accel: 0.069 0.095 0.868
Gyro: 0.762 84.304 1.007
Accel: 0.036 0.103 0.818
Gyro: 3.341 81.924 0.122
Accel: 0.034 0.089 0.792
Gyro: 5.828 80.245 -1.525
Accel: 0.031 0.085 0.757
Gyro: 11.596 74.295 -2.182
Accel: 0.041 0.074 0.718
Gyro: 8.575 75.683 -1.754
Accel: 0.049 0.065 0.691
Gyro: 8.666 71.456 -1.159
Accel: 0.046 0.124 0.678
Gyro: 8.819 64.514 0.122
Accel: 0.018 0.064 0.678
Gyro: 10.116 55.603 1.693
Accel: 0.009 0.057 0.678
Gyro: 10.513 45.776 2.304
Accel: 0.027 0.055 0.675
Gyro: 10.131 36.651 2.227
Accel: 0.037 0.060 0.668
Gyro: 8.499 23.971 2.075
Accel: 0.032 0.057 0.666
Gyro: 6.698 20.904 1.678
Accel: 0.024 0.052 0.666
Gyro: 4.547 15.762 1.480
Accel: 0.015 0.053 0.671
Gyro: 2.975 11.032 1.983
Accel: 0.006 0.046 0.678
Gyro: 2.319 5.874 2.807
Accel: 0.015 0.039 0.701
Gyro: 3.097 0.152 3.280
Accel: 0.032 0.041 0.725
Gyro: 4.058 -5.462 3.280
Accel: 0.038 0.051 0.753
Gyro: 4.974 -10.055 2.761
Accel: 0.039 0.065 0.772
Gyro: 5.752 -14.617 2.090
Accel: 0.037 0.069 0.788
Gyro: 6.072 -17.684 1.724
Accel: 0.034 0.0000 0.803
Gyro: 5.950 -19.393 1.495
Accel: 0.033 0.052 0.812
Gyro: 5.050 -20.172 1.983
Accel: 0.024 0.045 0.828
Gyro: 3.936 -20.935 2.731
Accel: 0.022 0.040 0.841
Gyro: 3.128 -20.248 3.524
Accel: 0.006 0.034 0.877
Gyro: 3.143 -19.393 3.753
Accel: 0.007 0.052 0.911
Gyro: 4.776 -18.280 4.516
Accel: 0.0001 0.057 0.942
Gyro: 5.966 -15.991 5.172
Accel: 0.0000 0.060 0.961
Gyro: 6.454 -13.381 4.837
Accel: 0.007 0.067 0.972
Gyro: 5.905 -10.406 4.409
Accel: 0.005 0.065 0.980
Gyro: 5.035 -8.468 3.631
Accel: 0.009 0.062 0.986
Gyro: 4.257 -6.423 2.517
Accel: 0.003 0.062 0.995
Gyro: 4.135 -4.425 1.739
Accel: 0.0000 0.055 1.0000
Gyro: 4.226 -3.448 0.564
Accel: 0.012 0.059 1.008
Gyro: 5.279 -3.921 0.686
Accel: 0.018 0.060 1.007
Gyro: 5.920 -4.608 -1.861
Accel: 0.014 0.064 1.005
Gyro: 6.607 -6.607 -2.700
Accel: 0.023 0.062 0.994
Gyro: 6.484 -8.377 -2.822
Accel: 0.024 0.057 0.991
Gyro: 5.172 -9.231 -3.402
Accel: 0.030 0.051 0.990
Gyro: 3.402 -10.086 -3.585
Accel: 0.028 0.045 0.985
Gyro: 1.037 -10.437 -3.082
Accel: 0.011 0.029 0.984
Gyro: -1.403 -11.032 -2.807
Accel: 0.016 0.032 0.987
Gyro: -3.128 -11.428 -2.593
Accel: 0.019 0.030 0.994
Gyro: -3.494 -11.825 -2.792
Accel: 0.0010 0.031 0.990
Gyro: -3.814 -12.847 -2.807
Accel: 0.005 0.035 0.984
Gyro: -4.180 -13.916 -2.685
Accel: 0.007 0.034 0.973
Gyro: -4.196 -14.999 -2.273
Accel: 0.022 0.044 0.968
Gyro: -4.180 -14.480 -1.342
Accel: 0.020 0.028 0.959
Gyro: -4.348 -12.603 0.473
Accel: 0.013 0.013 0.934
Gyro: -5.599 -10.559 1.052
Accel: 0.003 0.005 0.906
Gyro: -8.255 -8.682 2.838
Accel: 0.002 0.012 0.868
Gyro: -10.009 -8.239 3.585
Accel: 0.018 0.039 0.810
Gyro: -11.550 -6.958 3.250
Accel: 0.067 0.124 0.730
Gyro: -11.718 -3.646 1.983
Accel: 0.062 0.047 0.641
Gyro: -10.375 2.197 1.159
Accel: 0.128 0.0000 0.554
Gyro: -5.386 7.141 2.639
Accel: 0.109 0.063 0.478
Gyro: 1.953 5.859 3.204
Accel: 0.026 0.110 0.432
Gyro: 11.734 0.579 4.516
Accel: 0.019 0.127 0.300
Gyro: 25.253 -4.165 4.608
Accel: 0.013 0.103 0.127
Gyro: 44.006 -4.302 5.630
Accel: 0.0010 0.007 0.085
Gyro: 65.307 0.0000 12.847
Accel: 0.044 0.014 0.031
Gyro: 68.725 5.950 17.517
Accel: 0.025 0.093 0.024
Gyro: 66.802 10.543 21.469
Accel: 0.073 0.049 0.027
Gyro: 69.152 12.405 29.708
Accel: 0.012 0.007 0.006
Gyro: 69.854 14.801 29.235
Accel: 0.015 0.017 0.053
Gyro: 70.190 17.105 28.778
Accel: 0.009 0.008 0.043
Gyro: 70.114 19.317 28.274
Accel: 0.002 0.011 0.039
Gyro: 69.854 21.621 27.908
Accel: 0.004 0.007 0.041
Gyro: 69.595 23.803 27.450
Accel: 0.0001 0.004 0.035
Gyro: 68.740 26.077 26.992
Accel: 0.004 0.007 0.045
Gyro: 67.611 28.411 26.504
Accel: 0.002 0.007 0.043
Gyro: 66.329 30.456 25.939
Accel: 0.006 0.006 0.047
Gyro: 64.926 32.745 25.451
Accel: 0.007 0.006 0.054
Gyro: 63.583 34.423 24.948
Accel: 0.013 0.018 0.088
Gyro: 58.441 36.285 21.881
Accel: 0.739 0.514 0.086
Gyro: -92.727 -53.359 80.566
Accel: 1.763 0.494 7.364
Gyro: -430.221 99.090 76.416
Accel: 0.313 0.951 7.999
Gyro: 154.373 374.649 44.631
Accel: 0.019 0.488 0.156
Gyro: 185.272 289.093 44.143
Accel: 0.260 0.163 0.291
Gyro: 171.203 207.962 38.299
Accel: 0.733 0.363 0.481
Gyro: 121.963 117.355 25.604
Accel: -1.075 0.512 0.620
Gyro: 97.381 9.536 14.434
Accel: -1.220 0.573 0.714
Gyro: 86.914 -93.719 11.962
Accel: -1.133 0.557 0.656
Gyro: 43.350 -149.230 9.323
Accel: 0.981 0.516 0.770
Gyro: -24.368 -199.493 14.144
Accel: 0.427 0.670 1.538
Gyro: -109.588 -198.074 11.184
Accel: 0.451 0.516 2.634
Gyro: -173.080 -71.945 -15.197
Accel: 0.476 0.306 2.619
Gyro: -132.202 -33.462 -52.154
Accel: 0.082 0.091 1.927
Gyro: -13.168 -29.052 -43.090
Accel: 0.262 0.072 0.917
Gyro: -16.052 -48.095 -17.883
Accel: 0.147 0.031 0.895
Gyro: -41.046 -71.929 3.158
Accel: 0.135 0.018 1.413
Gyro: -56.015 -57.250 10.452
Accel: 0.267 0.076 1.546
Gyro: -60.867 -22.079 10.742
Accel: 0.205 0.094 1.206
Gyro: -60.714 -10.635 7.934
Accel: 0.141 0.009 1.245
Gyro: -54.870 -7.202 7.751
Accel: 0.082 0.089 1.259
Gyro: -47.500 -1.373 8.819
Accel: 0.082 0.049 1.294
Gyro: -39.031 3.768 9.841
Accel: 0.0100 0.032 1.225
Gyro: -29.602 2.853 9.368
Accel: 0.057 0.099 1.169
Gyro: -25.482 -1.174 8.178
Accel: 0.018 0.114 1.147
Gyro: -23.605 -5.783 6.423
Accel: 0.0000 0.106 1.121
Gyro: -21.423 -11.734 4.501
Accel: 0.004 0.099 1.104
Gyro: -20.309 -17.059 1.205
Accel: 0.024 0.080 1.094
Gyro: -21.041 -22.598 -2.578
Accel: 0.050 0.067 1.069
Gyro: -21.835 -29.495 -5.813
Accel: 0.057 0.041 1.040
Gyro: -21.316 -35.156 -7.507
Accel: 0.048 0.0010 1.008
Gyro: -19.104 -38.146 -7.568
Accel: 0.021 0.013 0.982
Gyro: -15.548 -38.681 -7.034
Accel: 0.004 0.020 0.960
Gyro: -11.199 -36.376 -6.484
Accel: 0.026 0.004 0.945
Gyro: -7.217 -32.028 -7.263
Accel: 0.093 0.015 0.910
Gyro: -5.706 -25.085 -8.148
Accel: 0.062 0.017 0.889
Gyro: -5.645 -11.886 -9.796
Accel: 0.048 0.006 0.872
Gyro: -4.104 -6.454 -10.787
Accel: 0.023 0.037 0.868
Gyro: -1.815 1.251 -11.154
Accel: 0.028 0.048 0.856
Gyro: 2.273 9.033 -11.825
Accel: 0.042 0.040 0.855
Gyro: 7.293 15.533 -12.0100
Accel: 0.046 0.032 0.868
Gyro: 9.597 20.599 -11.505
Accel: 0.027 0.004 0.880
Gyro: 8.132 24.230 -10.147
Accel: 0.003 0.050 0.891
Gyro: 6.729 26.382 -8.987
Accel: 0.002 0.067 0.909
Gyro: 6.546 28.228 -9.384
Accel: 0.0000 0.052 0.914
Gyro: 5.325 32.669 -13.824
Accel: 0.026 0.005 0.898
Gyro: 0.335 35.766 -18.463
Accel: 0.062 0.007 0.911
Gyro: -4.516 33.294 -18.981
Accel: 0.089 0.0001 0.936
Gyro: -6.561 28.732 -16.632
Accel: 0.090 0.008 0.952
Gyro: -6.011 23.635 -12.969
Accel: 0.061 0.025 0.966
Gyro: -5.661 20.507 -9.780
Accel: 0.042 0.045 0.973
Gyro: -6.484 18.661 -7.278
Accel: 0.085 0.184 0.963
Gyro: -9.597 8.544 0.061
Accel: 0.019 0.109 1.041
Gyro: -16.479 3.784 3.173
Accel: 0.111 0.007 1.070
Gyro: -10.421 -9.094 -3.463
Accel: 0.189 0.018 1.345
Gyro: -9.902 -24.291 -1.159
Accel: 0.117 0.072 1.330
Gyro: 7.888 -36.193 -4.913
Accel: 0.052 0.030 1.246
Gyro: 19.317 -36.880 -12.542
Accel: 0.080 0.046 1.153
Gyro: 19.607 -41.671 -17.059
Accel: 0.020 0.072 1.171
Gyro: 16.021 -53.085 -20.492
Accel: 0.192 0.093 0.655
Gyro: -18.005 -38.406 -10.742
Accel: 0.144 0.087 0.955
Gyro: -15.975 -31.631 -5.447
Accel: 0.055 0.052 1.149
Gyro: 0.427 -25.512 -7.949
Accel: 0.076 0.135 1.227
Gyro: 5.416 -20.706 -9.994
Accel: 0.079 0.138 1.090
Gyro: 7.629 -21.179 -12.207
Accel: 0.125 0.055 1.025
Gyro: 4.776 -20.217 -14.862
Accel: 0.156 0.008 1.0001
Gyro: 0.259 -11.886 -16.525
Accel: 0.148 0.025 1.019
Gyro: -2.807 -10.330 -15.502
Accel: 0.090 0.050 1.087
Gyro: 0.015 -6.851 -11.444
Accel: 0.070 0.047 1.130
Gyro: 4.806 -5.416 -7.232
Accel: 0.059 0.041 1.141
Gyro: 8.392 -4.241 -5.142
Accel: 0.002 0.021 1.121
Gyro: 11.322 -3.723 -2.716
Accel: 0.0001 0.009 1.101
Gyro: 14.022 0.854 2.227
Accel: 0.022 0.009 1.089
Gyro: 17.395 1.876 6.378
Accel: 0.005 0.009 1.055
Gyro: 19.683 4.425 10.055
Accel: 0.027 0.026 1.023
Gyro: 19.180 8.392 13.458
Accel: 0.0001 0.034 0.937
Gyro: 16.799 12.573 14.923
Accel: 0.004 0.033 0.982
Gyro: 13.0000 13.885 14.648
Accel: 0.017 0.019 0.961
Gyro: 8.712 12.054 13.427
Accel: 0.034 0.019 0.943
Gyro: 5.493 7.843 11.566
Accel: 0.034 0.012 0.929
Gyro: 3.341 0.915 9.506
Accel: 0.026 0.0000 0.936
Gyro: 3.402 -8.544 7.217
Accel: 0.017 0.025 0.950
Gyro: 5.065 -17.517 4.974
Accel: 0.020 0.016 0.957
Gyro: 5.035 -26.336 2.609
Accel: 0.030 0.009 0.969
Gyro: 3.768 -34.011 0.778
Accel: 0.026 0.030 0.974
Gyro: 1.388 -39.810 -4.394
Accel: 0.003 0.042 0.971
Gyro: -1.312 -44.021 -7.171
Accel: 0.071 0.013 0.934
Gyro: -2.990 -48.690 -6.378
Accel: 0.081 0.027 0.949
Gyro: -2.761 -48.538 -6.896
Accel: 0.099 0.032 0.957
Gyro: -2.334 -46.035 -7.843
Accel: 0.120 0.034 0.972
Gyro: -3.417 -43.548 -11.688
Accel: 0.130 0.039 0.987
Gyro: -4.287 -39.901 -7.431
Accel: 0.130 0.042 1.0010
Gyro: -4.928 -33.798 -6.591
Accel: 0.134 0.049 1.030
Gyro: -5.249 -25.405 -5.950
Accel: 0.129 0.052 1.041
Gyro: -5.386 -14.724 -5.676
Accel: 0.129 0.047 1.054
Gyro: -6.896 -2.822 -5.813
Accel: 0.127 0.037 1.064
Gyro: -8.117 9.124 -5.691
Accel: 0.123 0.025 1.064
Gyro: -8.087 20.462 -5.416
Accel: 0.119 0.013 1.052
Gyro: -7.476 29.418 -4.837
Accel: 0.111 0.005 1.033
Gyro: -6.622 39.0001 -4.135
Accel: 0.103 0.002 1.008
Gyro: -5.966 39.199 -3.372
Accel: 0.086 0.005 0.982
Gyro: -6.179 40.756 -2.731
Accel: 0.072 0.006 0.963
Gyro: -6.576 39.398 -2.716
Accel: 0.039 0.006 0.958
Gyro: -6.805 35.980 -2.426
Accel: 0.014 0.007 0.958
Gyro: -6.027 30.014 -2.197
Accel: 0.008 0.008 0.952
Gyro: -5.294 23.483 -2.044
Accel: 0.011 0.0010 0.946
Gyro: -5.035 16.586 -2.044
Accel: 0.009 0.0010 0.937
Gyro: -4.425 10.803 -1.586
Accel: 0.0000 0.008 0.934
Gyro: -4.165 4.791 -1.174
Accel: 0.008 0.007 0.932
Gyro: -4.104 -1.098 -1.205
Accel: 0.007 0.002 0.939
Gyro: -3.143 -6.439 -1.312
Accel: 0.013 0.003 0.939
Gyro: -1.907 -11.398 -1.464
Accel: 0.023 0.007 0.936
Gyro: -1.312 -15.853 -1.831
Accel: 0.029 0.004 0.937
Gyro: -1.342 -19.775 -2.349
Accel: 0.037 0.005 0.947
Gyro: 0.869 -23.773 -3.005
Accel: 0.041 0.0010 0.954
Gyro: 0.411 -26.611 -3.585
Accel: 0.050 0.0010 0.972
Gyro: 0.106 -29.266 -3.845
Accel: 0.060 0.0010 0.987
Gyro: 1.129 -30.273 -3.860
Accel: 0.083 0.006 1.003
Gyro: 1.937 -29.373 -3.219
Accel: 0.097 0.0001 1.012
Gyro: 2.014 -26.0000 -2.380
Accel: 0.104 0.011 1.028
Gyro: 2.120 -21.240 -1.968
Accel: 0.104 0.009 1.038
Gyro: 2.395 -15.716 -1.770
Accel: 0.111 0.009 1.042
Gyro: 2.334 -9.963 -1.846
Accel: 0.106 0.006 1.043
Gyro: 2.792 -3.890 -2.166
Accel: 0.108 0.004 1.045
Gyro: 3.982 1.495 -2.319
Accel: 0.111 0.002 1.046
Gyro: 6.072 6.942 -2.044
Accel: 0.111 0.003 1.039
Gyro: 8.163 12.313 -1.556
Accel: 0.109 0.0000 1.029
Gyro: 9.353 17.883 -1.159
Accel: 0.099 0.062 1.026
Gyro: 9.857 22.033 0.854
Accel: 0.080 0.007 1.019
Gyro: 10.040 24.597 0.686
Accel: 0.070 0.007 1.006
Gyro: 9.704 25.909 0.701
Accel: 0.058 0.012 0.993
Gyro: 8.361 26.519 0.213
Accel: 0.050 0.017 0.987
Gyro: 7.171 26.458 0.061
Accel: 0.039 0.019 0.979
Gyro: 6.378 25.161 0.213
Accel: 0.037 0.021 0.971
Gyro: 6.042 22.872 0.305
Accel: 0.031 0.019 0.960
Gyro: 6.072 20.126 0.732
Accel: 0.027 0.021 0.953
Gyro: 4.852 18.234 0.701
Accel: 0.022 0.014 0.962
Gyro: 4.104 16.036 0.625
Accel: 0.012 0.012 0.961
Gyro: 3.997 12.939 0.778
Accel: 0.013 0.013 0.968
Gyro: 4.455 9.231 0.839
Accel: 0.0001 0.013 0.969
Gyro: 4.699 0.488 1.022
Accel: 0.003 0.013 0.970
Gyro: 4.226 0.701 1.312
Accel: 0.009 0.021 0.979
Gyro: 3.509 -2.593 1.296
Accel: 0.006 0.023 0.976
Gyro: 2.334 -4.913 1.190
Accel: 0.014 0.022 0.978
Gyro: 1.113 -7.476 1.037
Accel: 0.023 0.013 0.978
Gyro: 0.427 -9.323 1.510
Accel: 0.034 0.020 0.984
Gyro: 0.305 -8.728 2.059
Accel: 0.036 0.022 0.995
Gyro: -1.266 -6.683 1.922
Accel: 0.032 0.020 1.003
Gyro: -2.014 -4.531 1.525
Accel: 0.033 0.016 1.011
Gyro: -1.770 -2.944 0.701
Accel: 0.035 0.008 1.006
Gyro: -1.617 -1.419 0.091
Accel: 0.037 0.002 1.0000
Gyro: -2.441 0.823 0.274
Accel: 0.045 0.005 1.005
Gyro: -3.051 1.693 0.274
Accel: 0.042 0.013 1.006
Gyro: -3.479 2.639 0.747
Accel: 0.037 0.014 1.007
Gyro: -3.646 4.379 0.518
Accel: 0.036 0.012 1.009
Gyro: -3.768 5.828 0.457
Accel: 0.034 0.013 1.008
Gyro: -3.555 6.835 0.244
Accel: 0.032 0.013 1.007
Gyro: -2.838 7.080 0.137
Accel: 0.026 0.009 1.0000
Gyro: -2.304 6.668 0.442
Accel: 0.028 0.007 0.995
Gyro: -1.861 6.011 -1.037
Accel: 0.020 0.003 0.995
Gyro: -1.541 4.089 -1.098
Accel: 0.019 0.007 0.992
Gyro: -1.235 0.976 -1.007
Accel: 0.025 0.012 0.990
Gyro: -1.220 -2.487 -1.129
Accel: 0.026 0.016 0.994
Gyro: -1.388 -5.783 0.991
Accel: 0.031 0.022 1.005
Gyro: -1.358 -9.384 0.915
Accel: 0.038 0.024 1.021
Gyro: 0.488 -12.710 0.946
Accel: 0.041 0.017 1.035
Gyro: 0.518 -15.441 0.915
Accel: 0.044 0.014 1.045
Gyro: 1.571 -17.227 -1.052
Accel: 0.051 0.012 1.054
Gyro: 1.876 -18.249 -1.480
Accel: 0.051 0.011 1.061
Gyro: 1.922 -18.478 -1.510
Accel: 0.057 0.018 1.063
Gyro: 1.358 -17.776 -1.586
Accel: 0.058 0.025 1.060
Gyro: 0.076 -11.917 -1.159
Accel: 0.061 0.036 1.063
Gyro: -1.281 -12.573 0.701
Accel: 0.058 0.046 1.062
Gyro: -2.578 -8.773 0.122
Accel: 0.058 0.047 1.058
Gyro: -3.677 -5.081 0.457
Accel: 0.053 0.042 1.052
Gyro: -4.669 -1.022 0.839
Accel: 0.051 0.035 1.047
Gyro: -5.218 2.639 0.686
Accel: 0.044 0.024 1.039
Gyro: -5.249 5.508 0.427
Accel: 0.040 0.021 1.031
Gyro: -4.669 7.507 -3.860
Accel: 0.029 0.0010 1.023
Gyro: -3.936 8.529 0.534
Accel: 0.020 0.0010 1.015
Gyro: -3.219 9.384 -1.037
Accel: 0.019 0.005 1.009
Gyro: -2.243 9.567 -1.693
Accel: 0.019 0.003 0.998
Gyro: -1.083 9.277 -2.395
Accel: 0.0010 0.062 0.990
Gyro: 0.198 9.094 -2.456
Accel: 0.021 0.005 0.987
Gyro: 0.106 9.399 -2.563
Accel: 0.017 0.011 0.983
Gyro: 0.183 9.750 -2.456
Accel: 0.016 0.015 0.978
Gyro: 0.335 9.384 -2.380
Accel: 0.023 0.013 0.982
Gyro: 0.961 8.224 -2.883
Accel: 0.016 0.002 0.983
Gyro: 2.212 6.484 -2.990
Accel: 0.018 0.002 0.982
Gyro: 3.097 5.325 -2.822
Accel: 0.026 0.011 0.980
Gyro: 3.524 4.348 -2.822
Accel: 0.024 0.012 0.985
Gyro: 3.601 3.479 -2.365
Accel: 0.026 0.014 0.985
Gyro: 4.104 2.258 -2.243
Accel: 0.031 0.011 0.984
Gyro: 4.058 0.579 -2.136
Accel: 0.036 0.013 0.984
Gyro: 4.028 0.885 -2.151
Accel: 0.030 0.0010 0.989
Gyro: 4.043 -1.388 -1.907
Accel: 0.033 0.012 0.995
Gyro: 4.608 -1.022 -1.556
Accel: 0.035 0.013 1.0001
Gyro: 5.218 0.152 -1.510
Accel: 0.035 0.012 1.0000
Gyro: 5.874 1.388 -1.541
Accel: 0.035 0.008 0.998
Gyro: 6.179 3.295 -1.434
Accel: 0.034 0.014 0.993
Gyro: 6.362 4.577 -1.327
Accel: 0.034 0.018 0.989
Gyro: 6.362 5.020 -1.129
Accel: 0.031 0.017 0.984
Gyro: 6.286 5.142 0.640
Accel: 0.034 0.019 0.983
Gyro: 6.118 4.821 0.045
Accel: 0.025 0.022 0.985
Gyro: 5.874 3.997 0.427
Accel: 0.016 0.022 0.988
Gyro: 5.554 2.990 0.488
Accel: 0.015 0.021 0.984
Gyro: 4.898 1.724 0.381
Accel: 0.018 0.019 0.989
Gyro: 4.135 0.656 0.106
Accel: 0.015 0.017 0.987
Gyro: 3.906 0.289 0.198
Accel: 0.021 0.020 0.986
Gyro: 3.707 0.946 0.213
Accel: 0.020 0.025 0.984
Gyro: 3.479 -1.693 0.167
Accel: 0.018 0.030 0.982
Gyro: 3.219 -2.700 0.106
Accel: 0.017 0.034 0.982
Gyro: 2.838 -3.845 0.061
Accel: 0.017 0.031 0.986
Gyro: 2.471 -5.249 0.228
Accel: 0.022 0.031 0.984
Gyro: 2.304 -6.591 0.457
Accel: 0.018 0.026 0.986
Gyro: 1.937 -7.278 0.625
Accel: 0.026 0.025 0.992
Gyro: 1.632 -7.171 0.656
Accel: 0.032 0.026 0.996
Gyro: 1.495 -6.652 0.854
Accel: 0.033 0.025 0.998
Gyro: 1.434 -6.057 -1.022
Accel: 0.031 0.024 1.002
Gyro: 1.052 -5.126 -1.083
Accel: 0.037 0.030 1.005
Gyro: 0.686 -4.714 -1.098
Accel: 0.038 0.032 1.003
Gyro: 0.518 -4.348 0.854
Accel: 0.043 0.032 1.006
Gyro: 0.198 -4.226 0.625
Accel: 0.039 0.031 1.003
Gyro: 0.259 -4.196 0.503
Accel: 0.038 0.030 1.005
Gyro: 0.091 -3.433 0.045
Accel: 0.041 0.033 1.007
Gyro: 0.137 -2.716 0.320
Accel: 0.034 0.031 1.0010
Gyro: 0.442 -3.036 0.793
Accel: 0.033 0.031 1.015
Gyro: 0.534 -3.845 0.732
Accel: 0.037 0.023 1.013
Gyro: 0.457 -4.486 0.869
Accel: 0.036 0.021 1.014
Gyro: 0.503 -3.799 1.113
Accel: 0.036 0.022 1.016
Gyro: 0.320 -2.975 0.976
Accel: 0.035 0.023 1.013
Gyro: 0.427 -2.578 1.327
Accel: 0.037 0.030 1.020
Gyro: 0.259 -2.365 1.296
Accel: 0.031 0.028 1.020
Gyro: 0.732 -2.319 1.113
Accel: 0.031 0.024 1.016
Gyro: 0.762 -1.754 0.762
Accel: 0.031 0.022 1.016
Gyro: 0.503 -1.281 0.213
Accel: 0.026 0.022 1.011
Gyro: 0.289 -1.312 0.259
Accel: 0.032 0.028 1.003
Gyro: 0.366 -1.693 0.595
Accel: 0.033 0.036 1.005
Gyro: 0.549 -1.907 0.976
Accel: 0.027 0.035 1.009
Gyro: 0.442 -2.334 1.190
Accel: 0.025 0.031 1.013
Gyro: 0.473 -2.822 1.159
Accel: 0.027 0.030 1.015
Gyro: 0.396 -2.807 1.235
Accel: 0.028 0.032 1.017
Gyro: 0.244 -2.502 1.251
Accel: 0.038 0.033 1.014
Gyro: 0.015 -1.419 1.327
Accel: 0.041 0.030 1.011
Gyro: 0.137 0.213 1.571
Accel: 0.040 0.033 1.007
Gyro: 0.061 1.754 1.663
Accel: 0.040 0.034 1.004
Gyro: 0.503 2.670 1.770
Accel: 0.036 0.034 1.002
Gyro: -1.068 2.578 1.327
Accel: 0.035 0.029 0.999
Gyro: -1.312 2.029 1.022
Accel: 0.040 0.027 0.995
Gyro: -1.525 0.793 0.625
Accel: 0.035 0.020 0.998
Gyro: -1.342 0.518 0.488
Accel: 0.031 0.024 1.0000
Gyro: 0.991 -1.556 0.366
Accel: 0.036 0.029 1.0000
Gyro: 0.839 -2.365 0.106
Accel: 0.034 0.030 0.999
Gyro: 0.808 -2.685 0.091
Accel: 0.041 0.029 1.002
Gyro: 0.625 -2.395 0.305
Accel: 0.040 0.030 1.002
Gyro: 0.381 -1.449 0.335
Accel: 0.042 0.031 1.0001
Gyro: 0.259 0.549 0.152
Accel: 0.045 0.033 0.999
Gyro: 0.656 0.091 0.076
Accel: 0.041 0.031 1.003
Gyro: -1.358 0.167 0.045
Accel: 0.040 0.029 1.003
Gyro: -1.586 0.0000 0.350
Accel: 0.041 0.031 1.004
Gyro: -1.419 0.808 0.625
Accel: 0.037 0.032 1.006
Gyro: -1.419 -1.724 0.747
Accel: 0.035 0.027 1.008
Gyro: -1.159 -2.838 0.625
Accel: 0.039 0.022 1.009
Gyro: 0.900 -4.180 0.503
Accel: 0.038 0.021 1.006
Gyro: 0.640 -5.340 0.518
Accel: 0.039 0.023 1.007
Gyro: 0.808 -6.607 0.198
Accel: 0.044 0.020 1.005
Gyro: -1.037 -8.193 0.610
Accel: 0.055 0.023 1.0010
Gyro: -1.510 -10.238 1.602
Accel: 0.058 0.028 1.017
Gyro: -2.197 -12.802 2.502
Accel: 0.052 0.030 1.025
Gyro: -3.036 -15.487 3.082
Accel: 0.060 0.034 1.035
Gyro: -3.738 -17.852 3.112
Accel: 0.062 0.031 1.049
Gyro: -3.112 -20.446 2.624
Accel: 0.066 0.025 1.056
Gyro: -1.800 -22.888 1.953
Accel: 0.069 0.009 1.060
Gyro: 3.845 -24.276 0.686
Accel: 0.076 0.0000 1.062
Gyro: 1.632 -23.513 0.534
Accel: 0.079 0.004 1.065
Gyro: 3.219 -20.767 -1.403
Accel: 0.085 0.0000 1.067
Gyro: 4.440 -16.616 -2.075
Accel: 0.083 0.008 1.064
Gyro: 4.730 -11.459 -2.334
Accel: 0.084 0.018 1.056
Gyro: 4.348 -6.118 -2.288
Accel: 0.085 0.026 1.050
Gyro: 3.524 3.860 -1.876
Accel: 0.077 0.031 1.041
Gyro: 2.624 5.386 -1.205
