Accel: 0.091 0.006 1.011
Gyro: 0.976 -2.731 1.449
Accel: 0.092 0.0010 1.012
Gyro: -1.480 -5.020 1.327
Accel: 0.095 0.012 1.015
Gyro: -1.785 -6.561 1.235
Accel: 0.094 0.0010 1.013
Gyro: -1.815 -11.703 1.281
Accel: 0.098 0.0010 1.0010
Gyro: -1.617 -8.071 1.327
Accel: 0.107 0.005 1.007
Gyro: -1.449 -8.148 0.946
Accel: 0.104 0.062 1.005
Gyro: -1.373 -7.949 0.961
Accel: 0.097 0.002 1.004
Gyro: -1.419 -7.186 1.342
Accel: 0.0100 0.004 1.006
Gyro: -1.800 -6.683 1.464
Accel: 0.109 0.008 1.007
Gyro: -2.151 -6.546 1.480
Accel: 0.107 0.012 1.009
Gyro: -1.831 -6.820 1.815
Accel: 0.113 0.015 1.008
Gyro: -1.617 -7.171 2.059
Accel: 0.116 0.016 1.008
Gyro: -1.159 -7.339 2.288
Accel: 0.121 0.020 1.0010
Gyro: 0.854 -7.034 2.182
Accel: 0.116 0.020 1.0010
Gyro: 0.335 -6.240 1.632
Accel: 0.104 0.028 1.0010
Gyro: 0.366 -4.852 1.708
Accel: 0.107 0.026 1.006
Gyro: 1.022 -3.280 1.480
Accel: 0.107 0.023 1.002
Gyro: 1.770 -1.602 1.129
Accel: 0.107 0.021 1.0000
Gyro: 2.105 0.076 0.961
Accel: 0.108 0.016 0.997
Gyro: 2.502 0.991 0.656
Accel: 0.107 0.0010 0.995
Gyro: 2.761 1.358 0.381
Accel: 0.107 0.002 0.996
Gyro: 2.639 0.671 0.076
Accel: 0.110 0.008 0.991
Gyro: 1.892 0.305 -1.419
Accel: 0.080 0.0000 0.994
Gyro: 1.541 -1.617 0.518
Accel: 0.092 0.0010 0.995
Gyro: 0.823 -2.746 0.595
Accel: 0.102 0.011 0.993
Gyro: 0.244 -3.921 -1.327
Accel: 0.096 0.013 0.998
Gyro: 0.274 -5.187 -1.541
Accel: 0.099 0.011 0.999
Gyro: 0.289 -6.530 -1.815
Accel: 0.107 0.012 1.0000
Gyro: 0.778 -11.718 -2.212
Accel: 0.105 0.013 1.0001
Gyro: 1.190 -9.292 -2.288
Accel: 0.107 0.016 1.0001
Gyro: 1.419 -10.116 -2.532
Accel: 0.113 0.016 1.0000
Gyro: 1.678 -10.559 -2.761
Accel: 0.117 0.018 1.008
Gyro: 2.090 -10.848 -2.746
Accel: 0.123 0.024 1.016
Gyro: 2.853 -11.550 -3.585
Accel: 0.121 0.020 1.008
Gyro: 3.921 -11.993 -3.753
Accel: 0.119 0.022 1.011
Gyro: 4.516 -12.115 -3.280
Accel: 0.130 0.030 1.062
Gyro: 4.409 -11.520 -3.952
Accel: 0.127 0.031 0.998
Gyro: 4.058 -10.955 -4.745
Accel: 0.129 0.031 1.002
Gyro: 3.631 -11.077 -5.294
Accel: 0.130 0.033 0.999
Gyro: 4.028 -11.718 -5.950
Accel: 0.127 0.043 0.992
Gyro: 4.211 -12.664 -6.820
Accel: 0.132 0.038 0.994
Gyro: 4.821 -14.480 -8.209
Accel: 0.134 0.047 0.993
Gyro: 5.905 -17.059 -9.979
Accel: 0.130 0.044 0.979
Gyro: 6.103 -19.271 -11.810
Accel: 0.133 0.039 0.962
Gyro: 4.745 -19.760 -13.473
Accel: 0.135 0.036 0.963
Gyro: 2.990 -19.210 -14.434
Accel: 0.155 0.039 0.968
Gyro: 1.907 -18.096 -14.617
Accel: 0.166 0.037 0.981
Gyro: 1.022 -16.387 -13.824
Accel: 0.176 0.032 0.982
Gyro: 0.640 -13.259 -13.458
Accel: 0.179 0.036 0.989
Gyro: -2.578 -9.963 -13.641
Accel: 0.177 0.036 0.995
Gyro: -3.906 -6.088 -14.205
Accel: 0.164 0.031 1.0000
Gyro: -4.852 -2.243 -14.907
Accel: 0.164 0.024 1.0010
Gyro: -5.371 0.534 -15.701
Accel: 0.154 0.021 1.011
Gyro: -6.454 2.166 -16.204
Accel: 0.153 0.027 1.014
Gyro: -8.575 2.380 -16.571
Accel: 0.151 0.031 1.0010
Gyro: -11.672 1.449 -17.120
Accel: 0.147 0.025 1.008
Gyro: -14.358 0.122 -17.272
Accel: 0.139 0.004 1.012
Gyro: -16.326 -1.510 -17.059
Accel: 0.139 0.008 1.013
Gyro: -17.852 -2.517 -16.632
Accel: 0.152 0.004 1.011
Gyro: -18.829 -3.433 -15.914
Accel: 0.151 0.012 1.011
Gyro: -18.737 -4.226 -15.426
Accel: 0.151 0.021 1.014
Gyro: -17.868 -5.004 -14.831
Accel: 0.149 0.029 1.023
Gyro: -16.067 -6.027 -14.419
Accel: 0.147 0.030 1.026
Gyro: -13.702 -6.820 -13.961
Accel: 0.151 0.031 1.024
Gyro: -12.115 -6.835 -14.068
Accel: 0.149 0.032 1.021
Gyro: -10.681 -5.859 -14.404
Accel: 0.139 0.035 1.026
Gyro: -8.636 -4.943 -14.724
Accel: 0.142 0.037 1.023
Gyro: -6.576 -4.013 -15.548
Accel: 0.122 0.044 1.016
Gyro: -5.050 -3.479 -15.106
Accel: 0.124 0.045 1.015
Gyro: -2.838 -7.675 -14.663
Accel: 0.122 0.043 1.0010
Gyro: 0.427 -5.020 -13.992
Accel: 0.141 0.033 0.998
Gyro: 2.120 -7.797 -14.129
Accel: 0.145 0.029 1.027
Gyro: 4.714 -11.459 -14.694
Accel: 0.144 0.018 1.014
Gyro: 5.981 -13.839 -14.923
Accel: 0.150 0.0001 1.011
Gyro: 2.761 -14.053 -15.853
Accel: 0.159 0.013 1.003
Gyro: 0.152 -11.322 -14.282
Accel: 0.178 0.002 1.009
Gyro: -1.632 -6.134 -12.130
Accel: 0.191 0.0001 1.017
Gyro: -2.349 3.692 -9.872
Accel: 0.198 0.007 1.017
Gyro: -1.831 5.859 -7.614
Accel: 0.194 0.015 1.020
Gyro: 0.350 11.032 -6.362
Accel: 0.197 0.019 1.018
Gyro: 1.327 14.480 -6.088
Accel: 0.195 0.022 1.018
Gyro: 2.593 16.616 -6.622
Accel: 0.170 0.018 1.023
Gyro: 3.784 17.089 -6.591
Accel: 0.162 0.017 1.022
Gyro: 4.653 16.784 -6.408
Accel: 0.150 0.021 1.023
Gyro: 5.783 16.296 -6.271
Accel: 0.150 0.014 1.022
Gyro: 11.566 15.533 -5.981
Accel: 0.148 0.011 1.0010
Gyro: 9.017 15.274 -5.798
Accel: 0.151 0.002 1.002
Gyro: 10.650 15.884 -5.676
Accel: 0.158 0.003 0.990
Gyro: 11.795 16.860 -6.225
Accel: 0.153 0.003 0.985
Gyro: 13.092 17.761 -6.958
Accel: 0.149 0.007 0.985
Gyro: 14.617 18.188 -7.827
Accel: 0.137 0.016 0.984
Gyro: 16.143 18.569 -8.743
Accel: 0.137 0.026 0.985
Gyro: 17.578 18.325 -9.750
Accel: 0.126 0.029 0.983
Gyro: 18.157 17.425 -10.177
Accel: 0.121 0.026 0.987
Gyro: 16.021 16.082 -10.589
Accel: 0.186 0.033 0.976
Gyro: 14.221 14.663 -10.543
Accel: 0.126 0.034 0.974
Gyro: 11.779 12.527 -10.696
Accel: 0.110 0.003 0.970
Gyro: 8.819 10.009 -11.550
Accel: 0.115 0.0000 0.958
Gyro: 5.813 7.690 -12.741
Accel: 0.101 0.006 0.960
Gyro: 1.892 5.950 -14.175
Accel: 0.115 0.009 0.961
Gyro: 0.030 4.165 -14.526
Accel: 0.124 0.006 0.964
Gyro: 0.778 2.670 -14.434
Accel: 0.122 0.002 0.966
Gyro: -1.083 1.495 -14.038
Accel: 0.128 0.0001 0.964
Gyro: 0.915 0.625 -12.817
Accel: 0.128 0.004 0.967
Gyro: -1.159 0.076 -11.154
Accel: 0.129 0.0001 0.963
Gyro: -1.373 -1.113 -9.796
Accel: 0.132 0.005 0.975
Gyro: -1.556 -2.685 -8.224
Accel: 0.117 0.007 0.976
Gyro: -1.556 -4.074 -6.790
Accel: 0.105 0.023 1.0000
Gyro: -4.257 -6.988 -5.859
Accel: 0.099 0.018 0.993
Gyro: -4.074 -7.827 -5.615
Accel: 0.113 0.032 1.002
Gyro: 0.030 -8.407 -5.691
Accel: 0.108 0.028 1.006
Gyro: -2.853 -8.544 -5.996
Accel: 0.108 0.017 0.998
Gyro: -1.556 -7.476 -6.805
Accel: 0.105 0.009 1.0000
Gyro: 0.595 -5.752 -7.904
Accel: 0.105 0.002 1.0000
Gyro: 0.457 -3.936 -9.002
Accel: 0.102 0.0001 1.0000
Gyro: 1.296 -1.968 -10.345
Accel: 0.096 0.002 1.007
Gyro: 1.327 0.0000 -11.505
Accel: 0.093 0.012 1.014
Gyro: 1.144 0.976 -12.207
Accel: 0.0100 0.030 1.011
Gyro: 0.564 1.388 -12.481
Accel: 0.107 0.045 1.009
Gyro: 0.183 1.068 -12.557
Accel: 0.110 0.043 1.003
Gyro: 0.045 0.259 -11.962
Accel: 0.114 0.030 0.995
Gyro: 0.335 0.305 -10.864
Accel: 0.124 0.023 0.992
Gyro: -1.235 0.701 -9.353
Accel: 0.137 0.021 0.988
Gyro: -2.624 -2.090 -7.354
Accel: 0.153 0.0010 0.988
Gyro: -4.150 -4.089 -5.142
Accel: 0.150 0.0001 0.990
Gyro: -5.615 -6.393 -2.426
Accel: 0.155 0.0001 0.993
Gyro: -6.881 -8.773 0.167
Accel: 0.159 0.006 0.997
Gyro: -8.239 -11.611 2.792
Accel: 0.168 0.011 1.002
Gyro: -9.460 -14.328 5.462
Accel: 0.171 0.0010 1.011
Gyro: -10.253 -16.387 11.688
Accel: 0.063 0.070 0.989
Gyro: 15.533 -6.927 12.374
Accel: 0.063 0.073 0.983
Gyro: 13.031 -8.804 11.154
Accel: 0.063 0.077 0.980
Gyro: 14.038 -10.818 10.162
Accel: 0.060 0.082 0.977
Gyro: 14.465 -12.741 9.262
Accel: 0.063 0.084 0.974
Gyro: 14.236 -14.068 8.346
Accel: 0.066 0.084 0.973
Gyro: 13.504 -14.862 7.492
Accel: 0.068 0.085 0.975
Gyro: 12.039 -15.411 6.652
Accel: 0.070 0.084 0.975
Gyro: 10.375 -15.701 6.271
Accel: 0.071 0.087 0.978
Gyro: 8.666 -11.734 6.149
Accel: 0.076 0.087 0.978
Gyro: 6.805 -14.968 6.103
Accel: 0.078 0.088 0.981
Gyro: 4.486 -13.702 6.240
Accel: 0.085 0.090 0.980
Gyro: 1.953 -11.993 6.347
Accel: 0.091 0.087 0.981
Gyro: 0.885 -10.223 6.378
Accel: 0.0100 0.084 0.982
Gyro: -4.394 -8.285 6.393
Accel: 0.105 0.084 0.985
Gyro: -7.690 -6.515 6.484
Accel: 0.112 0.078 0.991
Gyro: -9.948 0.152 6.484
Accel: 0.115 0.072 0.994
Gyro: -11.978 -1.296 6.149
Accel: 0.115 0.070 0.998
Gyro: -13.504 1.556 5.523
Accel: 0.114 0.065 0.999
Gyro: -14.144 4.257 5.004
Accel: 0.106 0.063 0.999
Gyro: -13.992 6.195 4.821
Accel: 0.0100 0.062 0.999
Gyro: -13.931 6.652 4.867
Accel: 0.089 0.065 1.0000
Gyro: -13.549 6.072 5.172
Accel: 0.085 0.064 1.0001
Gyro: -12.756 5.050 5.737
Accel: 0.081 0.063 1.002
Gyro: -11.978 3.555 6.286
Accel: 0.083 0.059 1.004
Gyro: -10.848 1.815 6.500
Accel: 0.085 0.052 1.006
Gyro: -9.475 0.091 6.668
Accel: 0.087 0.048 1.008
Gyro: -8.102 -2.441 6.607
Accel: 0.093 0.041 1.0010
Gyro: -6.683 -4.486 6.652
Accel: 0.0100 0.036 1.013
Gyro: -4.852 -5.828 6.149
Accel: 0.105 0.031 1.017
Gyro: -3.189 -6.820 5.569
Accel: 0.109 0.031 1.017
Gyro: -1.495 -7.247 4.821
Accel: 0.110 0.029 1.017
Gyro: 3.738 -7.598 4.211
Accel: 0.108 0.032 1.019
Gyro: 1.190 -7.522 3.692
Accel: 0.109 0.032 1.020
Gyro: 2.578 -7.049 3.524
Accel: 0.111 0.034 1.019
Gyro: 3.616 -6.500 3.494
Accel: 0.114 0.034 1.016
Gyro: 4.409 -5.859 3.051
Accel: 0.114 0.035 1.016
Gyro: 5.111 -4.898 2.548
Accel: 0.115 0.035 1.015
Gyro: 5.493 -4.409 2.090
Accel: 0.115 0.032 1.012
Gyro: 5.828 0.061 1.464
Accel: 0.117 0.031 1.009
Gyro: 5.798 -3.967 0.762
Accel: 0.117 0.032 1.009
Gyro: 5.447 -4.272 0.015
Accel: 0.118 0.032 1.009
Gyro: 5.035 -4.486 0.671
Accel: 0.120 0.030 1.008
Gyro: 4.852 -4.562 -1.510
Accel: 0.119 0.031 1.007
Gyro: 4.714 -4.333 -2.273
Accel: 0.116 0.033 1.006
Gyro: 4.516 -3.997 -2.761
Accel: 0.112 0.032 1.006
Gyro: 4.028 -3.692 -2.929
Accel: 0.111 0.031 1.005
Gyro: 3.128 -3.524 -2.944
Accel: 0.106 0.034 1.006
Gyro: 2.166 -3.509 -2.716
Accel: 0.102 0.037 1.008
Gyro: 1.556 -3.433 -2.044
Accel: 0.103 0.036 1.0010
Gyro: 1.266 -3.219 -1.083
Accel: 0.098 0.038 1.013
Gyro: 1.266 -3.051 0.045
Accel: 0.096 0.039 1.016
Gyro: 0.930 -2.716 0.991
Accel: 0.097 0.039 1.020
Gyro: 0.396 -1.922 1.785
Accel: 0.098 0.039 1.022
Gyro: 0.320 0.839 2.334
Accel: 0.097 0.039 1.025
Gyro: -1.373 3.875 2.746
Accel: 0.094 0.039 1.028
Gyro: -2.975 0.411 3.128
Accel: 0.087 0.042 1.034
Gyro: -4.882 0.595 3.662
Accel: 0.081 0.044 1.045
Gyro: -7.080 -2.670 4.608
Accel: 0.079 0.044 1.057
Gyro: -8.651 -5.020 5.279
Accel: 0.080 0.043 1.068
Gyro: -9.902 -6.698 5.340
Accel: 0.088 0.034 1.077
Gyro: -10.925 -7.690 4.501
Accel: 0.097 0.030 1.086
Gyro: -12.161 -7.827 3.250
Accel: 0.0100 0.026 1.097
Gyro: -13.107 -7.522 1.495
Accel: 0.099 0.018 1.108
Gyro: -13.412 -6.637 0.396
Accel: 0.099 0.0010 1.118
Gyro: -13.488 -5.889 -2.273
Accel: 0.095 0.005 1.126
Gyro: -13.946 -5.432 -4.013
Accel: 0.087 0.0000 1.135
Gyro: -14.068 -5.828 -5.020
Accel: 0.080 0.003 1.146
Gyro: -14.694 -7.461 -4.562
Accel: 0.078 0.006 1.156
Gyro: -15.594 -9.750 -2.975
Accel: 0.086 0.006 1.167
Gyro: -16.433 -10.665 -1.480
Accel: 0.108 0.0001 1.175
Gyro: -17.105 -9.750 0.213
Accel: 0.130 0.0001 1.178
Gyro: -17.852 -7.034 0.289
Accel: 0.151 0.0010 1.183
Gyro: -19.058 -2.517 0.976
Accel: 0.163 0.013 1.185
Gyro: -21.072 3.204 -2.838
Accel: 0.168 0.017 1.186
Gyro: -22.781 10.070 -4.821
Accel: 0.167 0.022 1.181
Gyro: -23.544 17.562 -6.256
Accel: 0.159 0.019 1.173
Gyro: -23.254 25.497 -7.965
Accel: 0.148 0.019 1.157
Gyro: -21.835 33.523 -9.506
Accel: 0.129 0.020 1.135
Gyro: -19.744 40.710 -10.711
Accel: 0.104 0.015 1.108
Gyro: -17.608 45.104 -11.337
Accel: 0.086 0.0010 1.086
Gyro: -16.159 46.768 -10.467
Accel: 0.065 0.007 1.0000
Gyro: -15.319 45.272 -9.201
Accel: 0.052 0.006 1.041
Gyro: -13.854 41.961 -8.148
Accel: 0.043 0.004 1.020
Gyro: -11.642 37.185 -6.851
Accel: 0.036 0.018 1.0000
Gyro: -8.346 30.883 -5.233
Accel: 0.040 0.018 0.976
Gyro: -4.577 24.703 -4.989
Accel: 0.046 0.020 0.955
Gyro: 0.915 17.822 -5.599
Accel: 0.048 0.028 0.941
Gyro: 1.388 9.765 -6.164
Accel: 0.067 0.022 0.999
Gyro: 2.975 3.082 -6.027
Accel: 0.084 0.021 0.937
Gyro: 3.997 -2.075 -6.744
Accel: 0.099 0.027 0.939
Gyro: 5.065 -4.562 -7.904
Accel: 0.113 0.018 0.940
Gyro: 6.591 -4.455 -8.850
Accel: 0.107 0.030 0.942
Gyro: 8.209 -3.463 -9.353
Accel: 0.107 0.035 0.937
Gyro: 9.948 -1.754 -8.941
Accel: 0.104 0.036 0.927
Gyro: 11.703 0.015 -8.453
Accel: 0.091 0.037 0.916
Gyro: 12.557 0.411 -8.0010
Accel: 0.084 0.036 0.907
Gyro: 11.581 -3.341 -6.790
Accel: 0.082 0.043 0.907
Gyro: 10.589 -11.672 -4.623
Accel: 0.092 0.039 0.910
Gyro: 10.620 -10.971 -2.822
Accel: 0.103 0.040 0.912
Gyro: 11.093 -12.619 -2.243
Accel: 0.115 0.042 0.911
Gyro: 10.940 -13.137 -2.471
Accel: 0.121 0.046 0.915
Gyro: 10.650 -12.649 -3.128
Accel: 0.128 0.045 0.917
Gyro: 11.047 -10.620 -3.875
Accel: 0.136 0.042 0.916
Gyro: 12.222 -7.644 -4.730
Accel: 0.138 0.043 0.915
Gyro: 13.198 -4.440 -5.416
Accel: 0.136 0.046 0.913
Gyro: 13.854 -2.319 -5.477
Accel: 0.134 0.041 0.912
Gyro: 13.732 -1.205 -5.874
Accel: 0.131 0.036 0.913
Gyro: 13.549 0.839 -6.484
Accel: 0.127 0.037 0.916
Gyro: 14.587 0.289 -7.110
Accel: 0.126 0.031 0.914
Gyro: 16.448 2.334 -7.644
Accel: 0.117 0.029 0.910
Gyro: 18.524 3.723 -8.026
Accel: 0.107 0.029 0.904
Gyro: 20.278 3.555 -7.949
Accel: 0.097 0.025 0.899
Gyro: 21.636 0.839 -7.369
Accel: 0.084 0.028 0.898
Gyro: 23.101 -4.821 -6.332
Accel: 0.075 0.035 0.900
Gyro: 24.108 -12.710 -4.913
Accel: 0.079 0.043 0.905
Gyro: 24.291 -21.087 -3.692
Accel: 0.088 0.045 0.913
Gyro: 24.383 -27.664 -3.631
Accel: 0.095 0.049 0.921
Gyro: 24.078 -31.784 -4.882
Accel: 0.101 0.052 0.930
Gyro: 22.338 -34.347 -6.805
Accel: 0.103 0.059 0.941
Gyro: 20.004 -35.461 -8.712
Accel: 0.104 0.064 0.956
Gyro: 16.876 -34.561 -10.620
Accel: 0.102 0.069 0.967
Gyro: 13.885 -32.257 -12.161
Accel: 0.0100 0.064 0.973
Gyro: 11.352 -29.220 -12.832
Accel: 0.089 0.067 0.979
Gyro: 8.590 -26.580 -12.588
Accel: 0.077 0.073 0.987
Gyro: 5.279 -24.688 -10.452
Accel: 0.073 0.078 0.995
Gyro: 2.227 -22.262 -6.942
Accel: 0.075 0.081 1.0000
Gyro: 0.549 -19.134 -2.914
Accel: 0.082 0.081 1.002
Gyro: -2.944 -14.495 0.823
Accel: 0.089 0.084 0.997
Gyro: -5.569 -8.804 3.585
Accel: 0.090 0.086 0.994
Gyro: -8.819 -3.356 5.249
Accel: 0.089 0.090 0.985
Gyro: -12.268 1.052 6.072
Accel: 0.091 0.084 0.979
Gyro: -15.808 3.753 6.454
Accel: 0.085 0.081 0.974
Gyro: -19.073 4.470 6.668
Accel: 0.080 0.081 0.975
Gyro: -22.445 3.448 7.003
Accel: 0.081 0.078 0.977
Gyro: -24.703 2.822 11.657
Accel: 0.089 0.073 0.982
Gyro: -25.329 7.720 8.468
Accel: 0.0100 0.064 0.980
Gyro: -25.665 6.286 8.682
Accel: 0.114 0.046 0.980
Gyro: -25.863 8.987 8.758
Accel: 0.126 0.026 0.982
Gyro: -26.260 11.184 9.429
Accel: 0.132 0.021 0.987
Gyro: -26.184 12.466 10.772
Accel: 0.138 0.020 0.991
Gyro: -25.588 12.725 12.390
Accel: 0.149 0.017 0.990
Gyro: -24.719 12.268 14.053
Accel: 0.162 0.013 0.989
Gyro: -23.818 11.535 15.060
Accel: 0.174 0.011 0.992
Gyro: -22.872 10.528 15.121
Accel: 0.189 0.006 0.989
Gyro: -21.667 10.787 13.992
Accel: 0.205 0.003 0.985
Gyro: -20.080 12.161 11.489
Accel: 0.208 0.007 0.982
Gyro: -19.302 13.153 7.705
Accel: 0.201 0.009 0.983
Gyro: -18.783 13.214 3.372
Accel: 0.175 0.0000 0.985
Gyro: -17.272 12.619 0.289
Accel: 0.152 0.004 0.986
Gyro: -14.648 11.672 -3.540
Accel: 0.124 0.011 0.985
Gyro: -10.864 9.796 -5.584
Accel: 0.102 0.013 0.982
Gyro: -4.135 6.393 -6.607
Accel: 0.091 0.015 0.983
Gyro: -5.187 2.166 -6.546
Accel: 0.092 0.005 0.984
Gyro: -2.685 -1.892 -6.118
Accel: 0.085 0.011 0.988
Gyro: 0.411 -5.187 -5.142
Accel: 0.059 0.069 1.060
Gyro: 6.591 -9.170 -2.334
Accel: 0.018 0.050 1.072
Gyro: 14.511 -12.786 3.768
Accel: 0.033 0.076 1.143
Gyro: 25.939 -17.333 1.510
Accel: 0.039 0.052 1.076
Gyro: 34.439 -21.469 2.258
Accel: 0.056 0.044 1.040
Gyro: 38.269 -27.313 2.532
Accel: 0.067 0.020 1.042
Gyro: 40.557 -23.864 2.731
Accel: 0.084 0.005 1.017
Gyro: 40.573 -22.171 2.456
Accel: 0.110 0.018 1.005
Gyro: 38.925 -19.042 1.480
Accel: 0.143 0.054 0.999
Gyro: 37.155 -15.792 0.045
Accel: 0.156 0.083 0.983
Gyro: 34.164 -12.939 0.991
Accel: 0.155 0.112 0.965
Gyro: 29.785 -10.330 -1.480
Accel: 0.152 0.126 0.952
Gyro: 24.429 -7.278 -1.312
Accel: 0.140 0.136 0.936
Gyro: 18.661 0.091 0.610
Accel: 0.134 0.147 0.921
Gyro: 11.169 0.152 0.289
Accel: 0.130 0.139 0.920
Gyro: 3.814 3.677 0.732
Accel: 0.118 0.150 0.924
Gyro: -2.456 7.858 1.495
Accel: 0.109 0.152 0.930
Gyro: -8.132 12.054 2.258
Accel: 0.098 0.152 0.938
Gyro: -13.397 15.777 3.265
Accel: 0.082 0.157 0.945
Gyro: -17.929 19.744 3.814
Accel: 0.069 0.156 0.948
Gyro: -20.996 22.811 3.784
Accel: 0.056 0.143 0.945
Gyro: -22.583 24.734 3.280
Accel: 0.028 0.110 0.958
Gyro: -22.186 23.971 1.983
Accel: 0.011 0.096 0.958
Gyro: -20.401 20.858 0.259
Accel: 0.029 0.099 0.949
Gyro: -17.791 17.211 -2.059
Accel: 0.022 0.077 0.932
Gyro: -14.480 13.504 -5.020
Accel: 0.023 0.067 0.912
Gyro: -10.940 9.933 -8.514
Accel: 0.014 0.050 0.893
Gyro: -6.744 5.889 -10.940
Accel: 0.0001 0.054 0.870
Gyro: -2.471 0.869 -11.184
Accel: 0.004 0.087 0.844
Gyro: 0.656 -5.981 -9.414
Accel: 0.015 0.119 0.811
Gyro: 2.059 -13.916 -7.614
Accel: 0.034 0.145 0.772
Gyro: 2.059 -21.209 -6.103
Accel: 0.052 0.152 0.723
Gyro: 1.754 -26.031 -5.416
Accel: 0.067 0.151 0.673
Gyro: 1.647 -29.113 -6.103
Accel: 0.093 0.122 0.597
Gyro: 1.083 -29.067 -8.590
Accel: 0.117 0.068 0.485
Gyro: 0.564 -26.519 -10.757
Accel: 0.149 0.020 0.354
Gyro: 1.525 -27.694 -8.102
Accel: 0.196 0.165 0.229
Gyro: 3.692 -27.755 -11.718
Accel: 0.252 0.308 0.083
Gyro: 3.311 -27.709 -20.584
Accel: 0.148 0.199 0.114
Gyro: 0.640 -33.370 -25.634
Accel: 0.035 0.052 0.015
Gyro: 0.152 -36.651 -30.136
Accel: 0.015 0.017 0.046
Gyro: 2.746 -34.988 -29.159
Accel: 0.004 0.011 0.026
Gyro: 7.003 -32.333 -29.708
Accel: 0.0010 0.025 0.041
Gyro: 15.579 -29.632 -29.464
Accel: 0.011 0.021 0.011
Gyro: 17.303 -26.687 -28.991
Accel: 0.056 0.0010 0.041
Gyro: 19.683 -23.880 -29.754
Accel: 0.0001 0.013 0.041
Gyro: 21.240 -20.919 -30.395
Accel: 0.003 0.008 0.040
Gyro: 22.293 -17.822 -31.143
Accel: 0.002 0.006 0.047
Gyro: 22.003 -14.862 -32.135
Accel: 0.002 0.007 0.040
Gyro: 21.881 -11.947 -32.852
Accel: 0.003 0.007 0.048
Gyro: 21.438 -9.460 -33.538
Accel: 0.0001 0.009 0.045
Gyro: 21.026 -6.668 -33.905
Accel: 0.008 0.0010 0.055
Gyro: 20.690 -3.890 -34.194
Accel: 0.006 0.0010 0.064
Gyro: 20.446 0.625 -34.240
Accel: 0.009 0.008 0.090
Gyro: 24.856 -6.469 -24.642
Accel: 0.291 -1.168 7.748
Gyro: -130.355 467.346 27.664
Accel: 2.816 0.042 0.388
Gyro: 230.407 499.984 -53.863
Accel: 1.988 -1.031 4.855
Gyro: 325.393 499.984 -40.634
Accel: 0.903 0.340 1.741
Gyro: 294.281 499.984 -17.471
Accel: 0.007 0.121 1.216
Gyro: 242.095 499.984 -37.490
Accel: 0.424 0.131 1.205
Gyro: 210.281 393.157 -71.670
Accel: -1.003 0.373 1.133
Gyro: 173.965 293.228 -74.127
Accel: -1.506 0.376 1.304
Gyro: 150.558 198.989 -71.319
Accel: -1.635 0.429 1.220
Gyro: 141.342 113.647 -67.855
Accel: -1.543 0.350 0.941
Gyro: 140.625 35.415 -63.507
Accel: -1.276 0.265 0.794
Gyro: 134.323 -32.760 -64.453
Accel: 0.980 0.233 0.604
Gyro: 117.965 -86.303 -73.913
Accel: 0.780 0.294 0.568
Gyro: 86.410 -118.194 -85.083
Accel: 0.558 0.314 0.538
Gyro: 29.937 -125.839 -90.774
Accel: 0.419 0.325 0.598
Gyro: -44.052 -118.881 -90.179
Accel: 0.467 0.395 0.733
Gyro: -120.346 -97.579 -78.109
Accel: 0.618 0.503 0.811
Gyro: -142.013 -11.260 -35.751
Accel: 0.076 0.413 1.334
Gyro: -133.316 17.089 -10.375
Accel: 0.249 0.075 0.619
Gyro: -77.590 45.700 -9.719
Accel: 0.127 0.206 0.423
Gyro: -13.946 103.027 -12.725
Accel: 0.306 0.125 0.321
Gyro: 71.441 150.375 -37.704
Accel: 0.156 0.249 0.269
Gyro: 81.359 133.071 -62.438
Accel: 0.091 0.024 -2.183
Gyro: 15.121 37.994 -71.060
Accel: 0.098 0.336 0.507
Gyro: -122.726 -138.092 -95.993
Accel: 0.189 0.176 0.206
Gyro: -235.687 -305.847 -99.639
Accel: 0.385 0.483 0.107
Gyro: -266.174 -431.900 -85.647
Accel: 0.440 0.779 7.214
Gyro: 46.096 -341.369 -65.673
Accel: 0.889 0.224 3.631
Gyro: 57.220 103.317 -37.490
Accel: -1.925 0.664 1.075
Gyro: 30.395 -11.993 -59.173
Accel: 0.906 0.395 0.430
Gyro: -24.536 -40.008 -66.711
Accel: 0.728 0.117 0.220
Gyro: -124.023 68.298 -75.668
Accel: 0.871 0.397 0.146
Gyro: -128.250 147.979 -31.890
Accel: -1.616 1.134 0.883
Gyro: -92.544 132.568 7.415
Accel: -1.225 0.787 1.868
Gyro: -75.454 84.243 9.826
Accel: -1.220 0.615 1.942
Gyro: -32.730 17.791 -1.693
Accel: -1.515 0.333 0.773
Gyro: -45.440 -75.317 17.730
Accel: -1.184 0.212 0.283
Gyro: -65.872 -148.162 38.513
Accel: 0.667 0.209 0.408
Gyro: -92.0010 -174.621 34.225
Accel: 0.571 0.293 0.321
Gyro: -94.131 -126.495 7.843
Accel: 0.530 0.531 0.749
Gyro: -87.753 -83.465 -13.641
Accel: 0.257 0.539 0.857
Gyro: -52.703 -56.549 -17.288
Accel: 0.613 0.042 0.781
Gyro: -60.455 -89.569 -13.168
Accel: 0.578 0.008 1.425
Gyro: -70.816 -105.178 -8.331
Accel: -1.163 0.776 1.556
Gyro: -85.128 -120.956 -31.661
Accel: 0.802 0.582 1.432
Gyro: -67.687 -111.877 -37.475
Accel: 0.171 0.193 1.235
Gyro: -55.725 -75.988 -22.918
Accel: 0.089 0.0001 0.976
Gyro: -39.077 -23.284 -7.904
Accel: 0.204 0.142 0.927
Gyro: -16.311 20.874 6.118
Accel: 0.032 0.317 0.846
Gyro: 0.961 44.692 19.561
Accel: 0.120 0.279 1.060
Gyro: 6.271 56.381 29.098
Accel: 0.435 0.269 1.656
Gyro: -9.597 32.363 26.458
Accel: 0.317 0.165 1.830
Gyro: 15.121 35.705 5.172
Accel: 0.776 0.030 1.281
Gyro: 21.713 -6.317 -1.190
Accel: 0.549 0.195 1.619
Gyro: 27.481 -46.371 0.167
Accel: 0.595 0.218 1.691
Gyro: 31.738 -81.115 0.625
Accel: 0.543 0.079 1.463
Gyro: 21.774 -106.048 -5.691
Accel: 0.475 0.193 1.413
Gyro: 11.642 -120.071 -15.090
Accel: 0.123 0.037 0.687
Gyro: 13.031 -64.575 -13.748
Accel: 0.0100 0.237 1.117
Gyro: -1.663 -51.879 -10.314
Accel: 0.273 0.185 1.426
Gyro: -6.607 -56.854 -8.590
Accel: 0.123 0.143 1.395
Gyro: -5.279 -55.145 -4.852
Accel: 0.014 0.158 1.420
Gyro: -6.439 -51.635 -6.088
Accel: 0.077 0.036 1.566
Gyro: -2.075 -53.848 -8.514
Accel: 0.177 0.026 1.525
Gyro: 7.095 -67.474 -10.391
Accel: 0.227 0.053 1.457
Gyro: 10.101 -91.293 -11.291
Accel: 0.171 0.032 1.374
Gyro: 8.132 -106.689 -11.245
Accel: 0.080 0.031 1.135
Gyro: -3.524 -112.396 -9.231
Accel: 0.056 0.016 1.024
Gyro: -8.483 -103.424 -6.408
Accel: 0.035 0.026 1.039
Gyro: -16.159 -100.189 -3.311
Accel: 0.031 0.014 1.046
Gyro: -23.880 -94.131 0.823
Accel: 0.014 0.024 0.986
Gyro: -25.558 -83.328 0.259
Accel: 0.0010 0.043 0.964
Gyro: -23.834 -75.088 0.762
Accel: 0.012 0.003 0.931
Gyro: -20.690 -70.358 3.890
Accel: 0.053 0.030 0.931
Gyro: -17.089 -67.260 1.052
Accel: 0.080 0.062 0.946
Gyro: -12.832 -64.559 2.441
Accel: 0.066 0.116 0.926
Gyro: -7.095 -63.079 4.516
Accel: 0.066 0.159 0.882
Gyro: -4.730 -62.362 6.088
Accel: 0.037 0.177 0.913
Gyro: -3.662 -58.120 5.233
Accel: 0.021 0.166 0.895
Gyro: -4.150 -52.383 4.180
Accel: 0.013 0.129 0.907
Gyro: -4.516 -45.822 4.257
Accel: 0.007 0.115 0.892
Gyro: -4.669 -37.765 4.364
Accel: 0.025 0.114 0.886
Gyro: -4.287 -30.471 4.211
Accel: 0.011 0.122 0.886
Gyro: -2.807 -24.414 2.746
Accel: 0.006 0.120 0.879
Gyro: -1.144 -20.034 0.747
Accel: 0.009 0.117 0.891
Gyro: 0.320 -16.784 0.610
Accel: 0.0001 0.089 0.926
Gyro: 1.937 -16.433 -1.312
Accel: 0.056 0.076 0.946
Gyro: 4.959 -19.836 0.595
Accel: 0.053 0.081 0.946
Gyro: 6.622 -24.536 -1.129
Accel: 0.030 0.095 0.936
Gyro: 7.385 -27.420 -1.220
Accel: 0.009 0.098 0.933
Gyro: 6.484 -27.023 -1.190
Accel: 0.056 0.088 0.941
Gyro: 6.042 -22.720 -1.037
Accel: 0.088 0.068 0.953
Gyro: 6.439 -16.479 0.549
Accel: 0.0100 0.065 0.960
Gyro: 6.744 -10.467 0.061
Accel: 0.101 0.058 0.959
Gyro: 5.920 -6.271 0.061
Accel: 0.090 0.049 0.972
Gyro: 5.416 -3.738 0.122
Accel: 0.091 0.036 0.984
Gyro: 5.630 -1.785 0.289
Accel: 0.087 0.024 0.990
Gyro: 6.683 0.457 -1.068
Accel: 0.069 0.035 1.0000
Gyro: 6.835 2.334 -2.227
Accel: 0.031 0.047 1.028
Gyro: 6.256 0.579 -2.410
Accel: 0.0001 0.065 1.023
Gyro: 6.103 -5.767 -2.197
Accel: 0.062 0.072 1.018
Gyro: 5.386 -12.680 -1.861
Accel: 0.024 0.052 1.019
Gyro: 4.470 -16.601 -2.059
Accel: 0.054 0.038 1.018
Gyro: 3.555 -17.242 -2.059
Accel: 0.084 0.026 1.012
Gyro: 3.341 -16.204 -1.693
Accel: 0.098 0.015 1.005
Gyro: 3.356 -15.151 -1.419
Accel: 0.101 0.023 1.005
Gyro: 2.685 -14.450 -1.525
Accel: 0.106 0.037 0.997
Gyro: 2.075 -13.870 -1.342
Accel: 0.110 0.052 0.990
Gyro: 1.678 -13.412 0.885
Accel: 0.114 0.056 0.976
Gyro: 0.488 -12.832 0.686
Accel: 0.114 0.052 0.968
Gyro: 0.793 -11.352 0.549
Accel: 0.124 0.046 0.965
Gyro: -1.342 -8.895 0.274
Accel: 0.136 0.038 0.979
Gyro: 0.640 -6.256 0.259
Accel: 0.141 0.041 0.976
Gyro: 0.183 -4.989 0.076
Accel: 0.176 0.075 0.953
Gyro: 0.213 -4.119 -2.578
Accel: 0.107 0.155 0.976
Gyro: 0.259 -2.899 -2.334
Accel: 0.099 0.173 0.905
Gyro: -2.258 0.183 -1.647
Accel: 0.131 0.132 0.963
Gyro: -3.234 0.091 -1.480
Accel: 0.101 0.153 0.979
Gyro: 0.946 0.915 0.183
Accel: 0.116 0.118 0.969
Gyro: 1.327 3.540 0.259
Accel: 0.121 0.108 1.0000
Gyro: 5.157 4.470 0.228
Accel: 0.106 0.113 1.008
Gyro: 9.170 2.090 0.381
Accel: 0.109 0.082 1.031
Gyro: 12.817 -1.083 -1.525
Accel: 0.115 0.045 1.028
Gyro: 14.862 -1.251 -2.517
Accel: 0.135 0.028 1.003
Gyro: 15.014 0.549 -3.372
Accel: 0.142 0.026 0.987
Gyro: 14.511 2.716 -3.189
Accel: 0.144 0.013 0.977
Gyro: 13.748 4.669 -2.761
Accel: 0.083 0.056 1.018
Gyro: 7.553 0.961 -2.410
Accel: 0.108 0.011 0.989
Gyro: 9.094 2.899 -2.151
Accel: 0.128 0.028 0.946
Gyro: 5.981 4.348 -1.449
Accel: 0.094 0.090 0.975
Gyro: -1.510 0.610 0.503
Accel: 0.136 0.039 0.991
Gyro: -3.005 4.196 0.366
Accel: 0.156 0.035 0.946
Gyro: -4.455 12.939 0.381
Accel: 0.149 0.043 0.935
Gyro: -6.546 16.143 0.335
Accel: 0.113 0.019 0.959
Gyro: -8.666 18.005 0.396
Accel: 0.097 0.003 0.969
Gyro: -10.879 18.081 1.419
Accel: 0.072 0.015 0.941
Gyro: -12.817 16.448 1.541
Accel: 0.119 0.044 0.988
Gyro: -13.824 15.441 3.250
Accel: 0.132 0.034 1.013
Gyro: -13.488 15.319 4.653
Accel: 0.136 0.027 1.019
Gyro: -7.827 18.310 5.477
Accel: 0.116 0.062 0.999
Gyro: -10.147 23.422 4.943
Accel: 0.088 0.076 0.999
Gyro: -10.574 28.396 2.853
Accel: 0.063 0.086 0.992
Gyro: -11.932 29.861 2.731
Accel: 0.055 0.088 1.038
Gyro: -11.0001 24.459 3.448
Accel: 0.082 0.081 1.024
Gyro: -12.496 16.983 4.409
Accel: 0.097 0.086 1.052
Gyro: -14.968 4.531 5.920
Accel: 0.058 0.060 1.081
Gyro: -16.845 -1.785 8.438
Accel: 0.055 0.0001 1.134
Gyro: -13.641 -8.407 9.719
Accel: 0.025 0.036 1.165
Gyro: -9.185 -14.892 9.353
Accel: 0.038 0.035 1.151
Gyro: -6.744 -24.169 8.087
Accel: 0.068 0.038 1.137
Gyro: -5.050 -33.447 8.712
Accel: 0.106 0.029 1.089
Gyro: -4.074 -35.049 10.543
Accel: 0.105 0.034 1.005
Gyro: 1.220 -30.197 10.482
Accel: 0.093 0.020 0.973
Gyro: 5.554 -16.067 6.484
Accel: 0.077 0.080 0.956
Gyro: 8.789 -4.074 1.388
Accel: 0.040 0.146 0.979
Gyro: 7.461 -6.301 -2.029
Accel: 0.061 0.186 1.064
Gyro: 4.684 -14.923 -4.180
Accel: 0.043 0.162 1.124
Gyro: 5.004 -26.031 -5.462
Accel: 0.016 0.108 1.132
Gyro: 5.630 -35.797 -6.469
Accel: 0.064 0.089 0.991
Gyro: -1.037 -37.902 -5.355
Accel: 0.124 0.192 0.987
Gyro: -8.529 -37.521 -3.082
Accel: 0.146 0.199 1.118
Gyro: -5.874 -42.053 3.860
Accel: 0.139 0.174 1.116
Gyro: 0.137 -49.255 3.112
Accel: 0.171 0.122 1.151
Gyro: 3.707 -56.243 3.570
Accel: 0.241 0.089 1.169
Gyro: 3.707 -59.982 0.091
Accel: 0.269 0.070 1.172
Gyro: 4.653 -61.965 -1.510
Accel: 0.293 0.063 1.136
Gyro: 5.447 -62.286 0.610
Accel: 0.306 0.051 1.107
Gyro: 5.935 -59.204 0.045
Accel: 0.362 0.090 1.007
Gyro: 8.209 -56.655 4.730
Accel: 0.325 0.080 1.002
Gyro: 9.658 -48.706 8.102
Accel: 0.286 0.065 0.988
Gyro: 10.940 -40.847 8.712
Accel: 0.275 0.051 1.009
Gyro: 11.306 -35.003 8.514
Accel: 0.281 0.048 1.023
Gyro: 12.939 -29.830 8.346
Accel: 0.254 0.044 1.030
Gyro: 14.175 -24.642 8.697
Accel: 0.239 0.043 1.029
Gyro: 14.328 -19.699 8.834
Accel: 0.238 0.044 1.030
Gyro: 13.916 -15.563 8.468
Accel: 0.240 0.045 1.028
Gyro: 13.854 -12.313 7.858
Accel: 0.237 0.073 1.024
Gyro: 14.114 -8.377 7.904
Accel: 0.228 0.071 1.023
Gyro: 14.434 -3.402 8.422
Accel: 0.214 0.059 1.016
Gyro: 13.473 1.052 9.002
Accel: 0.199 0.052 1.034
Gyro: 13.702 7.934 7.522
Accel: 0.196 0.072 1.039
Gyro: 16.387 20.721 7.949
Accel: 0.227 0.082 1.106
Gyro: 15.884 33.203 10.711
Accel: 0.242 0.052 1.090
Gyro: 16.662 45.669 10.589
Accel: 0.256 0.053 1.074
Gyro: 16.143 55.801 9.262
Accel: 0.250 0.063 1.005
Gyro: 15.121 64.529 8.316
Accel: 0.218 0.072 1.028
Gyro: 14.450 70.617 8.026
Accel: 0.177 0.079 1.0000
Gyro: 13.824 73.348 8.590
Accel: 0.134 0.077 0.978
Gyro: 14.297 72.189 9.597
Accel: 0.095 0.074 0.965
Gyro: 15.380 69.091 10.925
Accel: 0.069 0.055 0.942
Gyro: 15.777 64.910 12.664
Accel: 0.065 0.040 0.923
Gyro: 14.755 60.165 14.190
Accel: 0.074 0.016 0.897
Gyro: 12.664 55.496 14.984
Accel: 0.079 0.011 0.867
Gyro: 9.613 46.966 14.877
Accel: 0.080 0.026 0.844
Gyro: 6.683 45.059 14.648
Accel: 0.066 0.027 0.836
Gyro: 3.387 37.841 15.991
Accel: 0.039 0.020 0.841
Gyro: 1.373 29.800 17.822
Accel: 0.012 0.012 0.851
Gyro: 0.610 21.728 19.958
Accel: 0.008 0.0001 0.857
Gyro: 0.305 13.595 21.759
Accel: 0.017 0.002 0.864
Gyro: -1.708 5.981 22.674
Accel: 0.039 0.005 0.874
Gyro: -3.143 0.839 22.811
Accel: 0.021 0.008 0.876
Gyro: -4.577 -1.907 24.871
Accel: 0.081 0.029 0.901
Gyro: -4.486 -4.028 23.162
Accel: 0.110 0.020 0.894
Gyro: -4.638 -3.097 20.645
Accel: 0.119 0.021 0.906
Gyro: -3.829 0.717 19.195
Accel: 0.110 0.031 0.915
Gyro: -2.090 2.044 18.798
Accel: 0.105 0.035 0.934
Gyro: 0.518 4.180 18.676
Accel: 0.093 0.037 0.953
Gyro: 0.854 5.187 18.478
Accel: 0.077 0.037 0.966
Gyro: 2.258 6.469 17.547
Accel: 0.067 0.040 0.974
Gyro: 3.479 7.354 16.311
Accel: 0.067 0.034 0.975
Gyro: 4.684 7.415 15.472
Accel: 0.068 0.024 0.970
Gyro: 5.584 7.202 14.709
Accel: 0.067 0.017 0.968
Gyro: 5.737 7.644 13.671
Accel: 0.065 0.018 0.969
Gyro: 6.256 8.041 12.222
Accel: 0.056 0.022 0.965
Gyro: 7.263 7.858 11.169
Accel: 0.047 0.022 0.949
Gyro: 8.453 7.720 10.406
Accel: 0.056 0.011 0.876
Gyro: 9.246 6.729 9.445
Accel: 0.075 0.017 0.928
Gyro: 8.666 7.202 8.712
Accel: 0.081 0.043 0.925
Gyro: 6.835 9.780 8.0010
Accel: 0.084 0.059 0.938
Gyro: 4.302 13.442 7.293
Accel: 0.086 0.054 0.949
Gyro: 2.990 16.891 5.691
Accel: 0.070 0.035 0.952
Gyro: 2.456 20.065 4.486
Accel: 0.050 0.016 0.951
Gyro: 3.051 22.201 3.845
Accel: 0.034 0.003 0.940
Gyro: 4.287 22.857 3.372
Accel: 0.023 0.0001 0.926
Gyro: 4.989 21.560 3.311
Accel: 0.022 0.0010 0.929
Gyro: 5.905 17.532 2.548
Accel: 0.018 0.016 0.927
Gyro: 6.698 12.207 0.915
Accel: 0.008 0.015 0.928
Gyro: 5.752 7.522 0.320
Accel: 0.062 0.025 0.929
Gyro: 3.570 2.059 0.762
Accel: 0.013 0.031 0.935
Gyro: 1.525 -3.860 0.839
Accel: 0.025 0.029 0.939
Gyro: 0.213 -9.353 0.274
Accel: 0.018 0.025 0.937
Gyro: 0.793 -14.999 0.381
Accel: 0.0010 0.022 0.938
Gyro: -2.075 -19.546 0.640
Accel: 0.037 0.016 0.950
Gyro: -2.868 -22.308 0.381
Accel: 0.052 0.007 0.976
Gyro: -2.517 -23.864 0.015
Accel: 0.054 0.004 0.997
Gyro: 0.991 -24.612 0.137
Accel: 0.044 0.003 1.002
Gyro: 0.244 -24.505 0.167
Accel: 0.043 0.007 1.005
Gyro: 0.579 -24.032 0.289
Accel: 0.049 0.017 1.005
Gyro: 0.854 -23.178 3.875
Accel: 0.054 0.018 1.005
Gyro: -1.037 -22.354 0.045
Accel: 0.059 0.014 1.005
Gyro: 0.793 -21.545 0.259
Accel: 0.124 0.016 1.003
Gyro: -1.052 -20.172 0.457
Accel: 0.067 0.016 1.005
Gyro: -2.426 -18.615 0.167
Accel: 0.070 0.016 1.009
Gyro: -3.814 -16.220 -1.022
Accel: 0.074 0.013 1.009
Gyro: -4.989 -13.351 -1.708
Accel: 0.078 0.0010 1.011
Gyro: -5.752 -10.772 -1.922
Accel: 0.073 0.006 1.013
Gyro: -5.554 -8.300 -1.770
Accel: 0.070 0.004 1.013
Gyro: -4.714 -5.874 -1.785
Accel: 0.070 0.018 1.017
Gyro: 0.045 -4.959 -1.693
Accel: 0.065 0.026 1.023
Gyro: -3.189 -5.401 -1.754
Accel: 0.059 0.025 1.023
Gyro: -2.609 -6.454 -2.349
Accel: 0.065 0.024 1.030
Gyro: -2.380 -8.026 -3.311
Accel: 0.069 0.031 1.041
Gyro: -1.281 -9.597 -4.226
Accel: 0.063 0.037 1.049
Gyro: 0.137 -10.147 -4.516
Accel: 0.060 0.040 1.062
Gyro: 2.365 -10.314 0.030
Accel: 0.060 0.041 1.061
Gyro: 4.714 -10.696 -2.487
Accel: 0.064 0.039 1.060
Gyro: 6.011 -10.925 -1.373
Accel: 0.069 0.038 1.058
Gyro: 6.912 -10.894 0.381
Accel: 0.072 0.033 1.052
Gyro: 6.652 -10.772 0.350
Accel: 0.080 0.024 1.053
Gyro: 6.195 -10.009 1.220
Accel: 0.086 0.022 1.055
Gyro: 5.294 -8.728 2.426
Accel: 0.087 0.021 1.062
Gyro: 4.592 -7.553 3.585
Accel: 0.080 0.021 1.072
Gyro: 4.379 -7.324 4.745
Accel: 0.076 0.030 1.080
Gyro: 4.898 -7.415 5.844
Accel: 0.074 0.039 1.084
Gyro: 5.279 -7.431 6.896
Accel: 0.076 0.042 1.085
Gyro: 5.477 -7.461 7.858
Accel: 0.079 0.042 1.083
Gyro: 5.432 -7.537 8.621
Accel: 0.088 0.041 1.081
Gyro: 4.928 -7.369 9.414
Accel: 0.097 0.047 1.088
Gyro: 4.608 -7.568 10.238
Accel: 0.097 0.047 1.095
Gyro: 4.714 -8.392 11.322
Accel: 0.089 0.050 1.114
Gyro: 5.569 -10.101 12.542
Accel: 0.085 0.063 1.141
Gyro: 7.492 -13.793 13.702
Accel: 0.070 0.073 1.153
Gyro: 8.865 -17.257 15.228
Accel: 0.064 0.069 1.167
Gyro: 9.826 -23.345 17.135
Accel: 0.069 0.064 1.174
Gyro: 9.338 -19.744 18.905
Accel: 0.083 0.055 1.175
Gyro: 7.751 -18.341 20.294
Accel: 0.103 0.048 1.176
Gyro: 5.599 -15.380 21.133
Accel: 0.122 0.054 1.183
Gyro: 4.379 -11.688 21.896
Accel: 0.128 0.061 1.186
Gyro: 4.272 -8.178 22.933
Accel: 0.121 0.063 1.183
Gyro: 5.325 -5.157 24.429
Accel: 0.116 0.068 1.169
Gyro: 7.461 -3.738 26.153
Accel: 0.115 0.062 1.130
Gyro: 7.965 0.488 27.130
Accel: 0.137 0.036 1.120
Gyro: 6.484 6.210 27.420
Accel: 0.153 0.015 1.114
Gyro: 5.966 12.603 28.091
Accel: 0.150 0.008 1.093
Gyro: 5.279 18.814 29.098
Accel: 0.136 0.0000 1.067
Gyro: 3.524 25.054 29.174
Accel: 0.134 0.005 1.041
Gyro: 1.770 30.120 28.823
Accel: 0.137 0.006 1.013
Gyro: 0.122 34.423 28.854
Accel: 0.129 0.008 0.979
Gyro: -1.129 36.117 28.808
Accel: 0.122 0.019 0.945
Gyro: -1.907 35.629 28.839
Accel: 0.108 0.033 0.904
Gyro: -2.853 34.561 28.717
Accel: 0.111 0.037 0.879
Gyro: -5.508 33.996 28.991
Accel: 0.107 0.031 0.864
Gyro: -8.041 32.852 29.373
Accel: 0.109 0.022 0.864
Gyro: -9.948 30.807 29.220
Accel: 0.105 0.020 0.860
Gyro: -10.879 27.893 28.472
Accel: 0.097 0.019 0.855
Gyro: -11.474 24.200 27.465
Accel: 0.090 0.013 0.862
Gyro: -11.413 15.975 26.199
Accel: 0.082 0.004 0.868
Gyro: -10.116 15.533 24.826
Accel: 0.083 0.005 0.873
Gyro: -8.377 12.069 23.208
Accel: 0.091 0.008 0.871
Gyro: -6.866 9.429 21.255
Accel: 0.0100 0.003 0.870
Gyro: -5.569 7.705 19.439
Accel: 0.114 0.017 0.869
Gyro: -4.959 7.034 17.425
Accel: 0.117 0.022 0.869
Gyro: -4.791 7.492 15.167
Accel: 0.121 0.016 0.878
Gyro: -4.470 7.400 12.603
Accel: 0.113 0.004 0.888
Gyro: -4.043 6.103 10.299
Accel: 0.0100 0.006 0.896
Gyro: -3.814 3.921 7.980
Accel: 0.091 0.007 0.903
Gyro: -3.692 1.251 6.011
Accel: 0.082 0.004 0.910
Gyro: -3.768 -1.510 4.501
Accel: 0.080 0.002 0.920
Gyro: -3.921 -4.272 3.585
Accel: 0.075 0.0000 0.927
Gyro: -4.577 -6.301 3.372
Accel: 0.079 0.007 0.930
Gyro: -5.096 -7.614 3.341
Accel: 0.084 0.008 0.933
Gyro: -5.432 -8.499 3.189
Accel: 0.089 0.014 0.939
Gyro: -5.691 -9.460 3.372
