Accel: 0.121 0.012 0.793
Gyro: 4.302 -50.247 8.544
Accel: 0.120 0.013 0.817
Gyro: 3.112 -49.865 8.895
Accel: 0.106 0.009 0.833
Gyro: 1.464 -49.133 9.445
Accel: 0.092 0.016 0.852
Gyro: 0.366 -47.180 9.826
Accel: 0.083 0.027 0.871
Gyro: 0.122 -42.663 10.131
Accel: 0.084 0.042 0.903
Gyro: 0.396 -34.591 10.452
Accel: 0.086 0.049 0.938
Gyro: 1.266 -24.444 10.452
Accel: 0.085 0.044 0.960
Gyro: 2.304 -12.161 9.277
Accel: 0.078 0.039 0.977
Gyro: 3.295 -9.521 7.293
Accel: 0.077 0.034 0.979
Gyro: 4.013 -5.447 5.264
Accel: 0.073 0.028 0.983
Gyro: 3.829 -3.433 3.555
Accel: 0.067 0.027 0.983
Gyro: 3.280 -2.960 2.410
Accel: 0.060 0.028 0.981
Gyro: 2.395 -3.692 1.312
Accel: 0.052 0.028 0.980
Gyro: 2.365 -4.516 0.640
Accel: 0.049 0.034 0.980
Gyro: 2.578 -4.348 0.228
Accel: 0.038 0.035 0.984
Gyro: 3.631 -3.631 -1.144
Accel: 0.037 0.031 0.987
Gyro: 4.516 -4.028 -2.059
Accel: 0.034 0.027 0.988
Gyro: 5.477 -5.371 -3.173
Accel: 0.029 0.023 0.990
Gyro: 6.423 -7.583 -4.470
Accel: 0.023 0.026 0.989
Gyro: 7.095 -10.604 -5.569
Accel: 0.016 0.028 0.987
Gyro: 7.873 -13.336 -6.134
Accel: 0.011 0.028 0.989
Gyro: 8.056 -14.953 -6.378
Accel: 0.013 0.031 0.998
Gyro: 7.919 -15.426 -6.195
Accel: 0.007 0.030 1.004
Gyro: 7.339 -14.175 -6.164
Accel: 0.014 0.033 1.018
Gyro: 6.317 -8.056 -5.950
Accel: 0.023 0.034 1.027
Gyro: 5.035 -9.246 -5.676
Accel: 0.029 0.036 1.031
Gyro: 3.326 -6.454 -5.111
Accel: 0.027 0.041 1.025
Gyro: 1.632 -3.829 -4.074
Accel: 0.029 0.042 1.023
Gyro: 0.244 0.473 -2.716
Accel: 0.028 0.038 1.028
Gyro: -1.876 2.990 -1.495
Accel: 0.025 0.033 1.027
Gyro: -3.280 5.569 0.137
Accel: 0.018 0.031 1.021
Gyro: -4.608 8.178 1.770
Accel: 0.022 0.033 1.022
Gyro: -5.966 10.696 3.341
Accel: 0.019 0.033 1.019
Gyro: -6.866 12.954 4.211
Accel: 0.016 0.034 1.019
Gyro: -7.202 14.282 3.952
Accel: 0.016 0.033 1.020
Gyro: -6.805 14.587 2.944
Accel: 0.015 0.033 1.016
Gyro: -6.179 13.198 2.059
Accel: 0.013 0.030 1.008
Gyro: -5.187 10.833 1.632
Accel: 0.011 0.029 0.937
Gyro: -3.784 7.644 1.602
Accel: 0.012 0.023 0.994
Gyro: -2.395 3.570 1.983
Accel: 0.020 0.014 0.990
Gyro: 0.946 0.900 2.258
Accel: 0.021 0.011 0.990
Gyro: 0.045 -5.401 2.105
Accel: 0.022 0.019 0.989
Gyro: 0.534 -9.033 2.288
Accel: 0.018 0.032 0.993
Gyro: 0.488 -10.253 2.990
Accel: 0.017 0.036 0.998
Gyro: 0.518 -9.292 3.555
Accel: 0.017 0.037 1.009
Gyro: 1.144 -3.997 3.555
Accel: 0.016 0.037 1.016
Gyro: 2.059 -5.523 2.777
Accel: 0.024 0.041 1.027
Gyro: 3.097 -2.639 1.754
Accel: 0.024 0.038 1.031
Gyro: 3.967 1.113 0.976
Accel: 0.022 0.034 1.033
Gyro: 4.653 4.486 0.640
Accel: 0.018 0.030 1.027
Gyro: 5.081 7.568 0.335
Accel: 0.030 0.030 1.030
Gyro: 4.486 11.138 0.762
Accel: 0.034 0.032 1.036
Gyro: 3.936 14.297 1.022
Accel: 0.027 0.034 1.038
Gyro: 3.524 15.823 0.503
Accel: 0.029 0.045 1.034
Gyro: 3.112 16.403 0.213
Accel: 0.028 0.051 1.026
Gyro: 2.777 16.296 0.869
Accel: 0.020 0.050 1.013
Gyro: 2.258 16.448 -1.373
Accel: 0.023 0.054 1.017
Gyro: 1.678 17.532 -1.480
Accel: 0.020 0.051 1.015
Gyro: 1.373 18.020 -1.342
Accel: 0.020 0.044 1.018
Gyro: 1.037 17.547 0.946
Accel: 0.025 0.040 1.018
Gyro: 1.296 15.930 0.350
Accel: 0.031 0.031 1.014
Gyro: 2.014 13.519 0.350
Accel: 0.037 0.018 1.009
Gyro: 2.609 10.375 1.159
Accel: 0.052 0.013 1.003
Gyro: 2.288 8.804 2.746
Accel: 0.057 0.006 1.004
Gyro: 1.663 8.300 4.257
Accel: 0.058 0.003 1.011
Gyro: 1.068 7.827 4.974
Accel: 0.067 0.003 1.016
Gyro: 1.113 6.271 5.310
Accel: 0.072 0.005 1.014
Gyro: 1.510 4.241 4.776
Accel: 0.079 0.004 1.015
Gyro: 2.075 1.647 4.302
Accel: 0.080 0.0001 1.012
Gyro: 2.288 0.823 3.646
Accel: 0.083 0.011 1.012
Gyro: 1.861 -2.288 3.463
Accel: 0.081 0.023 1.0010
Gyro: -3.784 -1.174 3.707
Accel: 0.080 0.041 1.027
Gyro: -1.174 1.083 4.241
Accel: 0.077 0.043 1.035
Gyro: -1.953 2.853 4.440
Accel: 0.075 0.047 1.035
Gyro: -2.609 4.028 4.211
Accel: 0.074 0.041 1.033
Gyro: -2.883 4.714 4.135
Accel: 0.071 0.034 1.030
Gyro: -2.792 5.294 0.0000
Accel: 0.066 0.031 1.022
Gyro: -2.807 5.813 3.677
Accel: 0.061 0.033 1.013
Gyro: -2.929 6.027 3.494
Accel: 0.061 0.037 1.002
Gyro: -2.868 6.103 3.158
Accel: 0.0000 0.034 0.994
Gyro: -2.593 6.088 2.700
Accel: 0.059 0.028 0.991
Gyro: -1.785 5.599 2.197
Accel: 0.060 0.025 0.985
Gyro: -1.205 5.035 2.105
Accel: 0.125 0.021 0.983
Gyro: 0.900 4.867 2.288
Accel: 0.060 0.015 0.985
Gyro: 0.549 4.119 2.105
Accel: 0.063 0.016 0.985
Gyro: 0.244 2.929 1.907
Accel: 0.067 0.015 0.981
Gyro: 0.930 1.617 1.785
Accel: 0.072 0.017 0.977
Gyro: 1.785 0.915 1.892
Accel: 0.072 0.013 0.982
Gyro: 2.380 0.915 2.014
Accel: 0.074 0.015 0.985
Gyro: 3.143 1.281 2.227
Accel: 0.076 0.016 0.985
Gyro: 3.829 2.166 2.456
Accel: 0.080 0.018 0.987
Gyro: 3.997 4.028 2.883
Accel: 0.082 0.019 0.990
Gyro: 4.364 5.859 2.990
Accel: 0.087 0.021 0.991
Gyro: 4.776 7.568 3.189
Accel: 0.087 0.021 0.984
Gyro: 4.943 8.773 3.356
Accel: 0.089 0.024 0.981
Gyro: 4.943 8.682 3.311
Accel: 0.090 0.021 0.976
Gyro: 4.760 7.629 3.021
Accel: 0.092 0.019 0.967
Gyro: 4.089 5.996 2.700
Accel: 0.096 0.019 0.962
Gyro: 3.051 4.257 2.471
Accel: 0.098 0.016 0.958
Gyro: 1.922 2.822 2.014
Accel: 0.096 0.012 0.958
Gyro: 0.930 0.747 1.296
Accel: 0.104 0.014 0.958
Gyro: 0.259 0.839 0.885
Accel: 0.099 0.013 0.968
Gyro: 0.762 -2.243 0.503
Accel: 0.092 0.013 0.976
Gyro: -1.449 -3.372 0.030
Accel: 0.092 0.018 0.984
Gyro: -1.647 -4.577 0.518
Accel: 0.089 0.022 0.991
Gyro: -1.785 -5.294 0.671
Accel: 0.089 0.021 0.997
Gyro: -1.998 -5.645 0.717
Accel: 0.089 0.021 1.002
Gyro: -2.059 -5.691 0.656
Accel: 0.088 0.017 1.006
Gyro: -2.288 -5.737 0.366
Accel: 0.091 0.014 1.007
Gyro: -2.517 -5.889 0.076
Accel: 0.093 0.007 1.008
Gyro: -2.609 -6.057 0.228
Accel: 0.088 0.003 1.0010
Gyro: -2.914 -5.645 0.701
Accel: 0.087 0.003 1.013
Gyro: -2.929 -4.348 1.190
Accel: 0.084 0.003 1.016
Gyro: -2.761 -3.112 1.449
Accel: 0.082 0.004 1.019
Gyro: -2.319 -2.349 1.541
Accel: 0.076 0.003 1.020
Gyro: -1.831 -1.907 1.251
Accel: 0.068 0.0001 1.020
Gyro: -1.724 -1.892 0.656
Accel: 0.065 0.0001 1.020
Gyro: -1.449 -1.937 0.015
Accel: 0.0000 0.0001 1.018
Gyro: -1.205 -1.739 0.732
Accel: 0.059 0.002 1.019
Gyro: 0.900 -1.220 -1.403
Accel: 0.056 0.006 1.024
Gyro: 0.381 0.381 -2.105
Accel: 0.053 0.003 1.024
Gyro: 0.335 0.946 -2.838
Accel: 0.052 0.005 1.026
Gyro: 0.473 2.822 -3.387
Accel: 0.049 0.007 1.026
Gyro: 0.473 4.592 -3.601
Accel: 0.046 0.009 1.022
Gyro: 0.350 6.484 -3.753
Accel: 0.048 0.013 1.019
Gyro: 0.396 8.087 -3.845
Accel: 0.048 0.015 1.013
Gyro: 0.564 9.429 -4.074
Accel: 0.052 0.022 1.006
Gyro: 0.762 10.650 -4.104
Accel: 0.124 0.028 0.998
Gyro: -1.129 11.917 -4.043
Accel: 0.072 0.034 0.991
Gyro: -1.556 12.908 -3.906
Accel: 0.089 0.045 0.984
Gyro: -2.349 14.205 -3.326
Accel: 0.099 0.054 0.984
Gyro: -2.685 15.075 -2.761
Accel: 0.135 0.036 0.975
Gyro: -1.861 -2.624 -2.456
Accel: 0.126 0.035 0.980
Gyro: -2.273 -4.852 -2.532
Accel: 0.119 0.033 0.981
Gyro: -2.639 -6.774 -2.517
Accel: 0.109 0.029 0.988
Gyro: -2.975 -8.331 -2.670
Accel: 0.104 0.026 0.994
Gyro: -3.173 -9.353 -3.173
Accel: 0.096 0.026 0.999
Gyro: -3.326 -10.116 -3.662
Accel: 0.087 0.026 1.003
Gyro: -3.463 -10.711 -3.982
Accel: 0.076 0.027 1.009
Gyro: -3.372 -10.910 -4.089
Accel: 0.071 0.026 1.013
Gyro: -3.189 -10.635 -3.768
Accel: 0.065 0.024 1.022
Gyro: -3.082 -9.597 -3.631
Accel: 0.067 0.024 1.029
Gyro: -2.319 -8.331 -3.128
Accel: 0.062 0.020 1.037
Gyro: -1.327 -6.790 -2.944
Accel: 0.061 0.020 1.038
Gyro: 0.106 -5.050 -2.792
Accel: 0.061 0.023 1.039
Gyro: 1.235 -2.807 -2.441
Accel: 0.066 0.022 1.041
Gyro: 2.349 0.457 -2.349
Accel: 0.072 0.024 1.039
Gyro: 3.372 2.090 -2.410
Accel: 0.080 0.026 1.034
Gyro: 3.967 4.486 -2.456
Accel: 0.086 0.030 1.030
Gyro: 4.394 6.668 -2.670
Accel: 0.087 0.034 1.024
Gyro: 4.501 8.041 -2.929
Accel: 0.092 0.038 1.020
Gyro: 4.379 8.407 -3.082
Accel: 0.098 0.040 1.011
Gyro: 4.226 8.499 -3.112
Accel: 0.101 0.041 1.007
Gyro: 3.814 8.056 -3.250
Accel: 0.105 0.043 1.003
Gyro: 3.219 7.369 -3.356
Accel: 0.109 0.045 1.0000
Gyro: 2.777 6.118 -3.524
Accel: 0.110 0.043 1.0000
Gyro: 2.502 4.531 -3.433
Accel: 0.109 0.045 1.0001
Gyro: 2.334 3.021 -3.463
Accel: 0.111 0.048 1.0001
Gyro: 2.166 1.342 -3.311
Accel: 0.110 0.051 1.0000
Gyro: 2.029 0.503 -3.158
Accel: 0.109 0.049 1.0000
Gyro: 1.876 -2.227 -2.807
Accel: 0.110 0.044 1.061
Gyro: 1.724 -3.204 -2.380
Accel: 0.109 0.041 1.0000
Gyro: 1.602 -4.058 -1.693
Accel: 0.107 0.035 1.003
Gyro: 1.678 -4.302 -1.037
Accel: 0.105 0.030 1.007
Gyro: 1.632 -4.013 0.503
Accel: 0.104 0.031 1.016
Gyro: 1.953 -3.265 0.213
Accel: 0.102 0.029 1.020
Gyro: 2.365 -2.655 0.274
Accel: 0.0100 0.028 1.021
Gyro: 2.761 -1.815 0.503
Accel: 0.0100 0.024 1.017
Gyro: 3.036 0.473 0.991
Accel: 0.103 0.024 1.015
Gyro: 3.021 0.793 -1.693
Accel: 0.104 0.021 1.012
Gyro: 3.143 2.151 -2.334
Accel: 0.103 0.017 1.006
Gyro: 3.128 3.173 -2.868
Accel: 0.102 0.016 1.0000
Gyro: 3.234 3.555 -3.204
Accel: 0.106 0.017 0.992
Gyro: 3.021 4.180 -3.250
Accel: 0.110 0.017 0.989
Gyro: 2.548 4.821 -3.326
Accel: 0.113 0.018 0.983
Gyro: 1.892 4.913 -3.540
Accel: 0.117 0.019 0.979
Gyro: 1.403 4.257 -3.677
Accel: 0.125 0.024 0.972
Gyro: 1.068 3.265 -3.890
Accel: 0.121 0.024 0.967
Gyro: 0.381 2.029 -4.348
Accel: 0.125 0.032 0.961
Gyro: 0.579 0.549 -4.333
Accel: 0.128 0.037 0.961
Gyro: -1.693 0.503 -3.799
Accel: 0.121 0.040 0.956
Gyro: -3.112 -1.602 -3.463
Accel: 0.123 0.044 0.958
Gyro: -3.936 -2.868 -3.158
Accel: 0.124 0.045 0.959
Gyro: -5.081 -4.089 -2.593
Accel: 0.121 0.041 0.958
Gyro: -5.874 -4.699 -2.319
Accel: 0.122 0.037 0.964
Gyro: -6.362 -5.432 -2.044
Accel: 0.117 0.034 0.966
Gyro: -6.698 -5.798 -1.785
Accel: 0.113 0.032 0.967
Gyro: -6.790 -6.057 -1.464
Accel: 0.107 0.036 0.967
Gyro: -6.484 -5.935 -1.052
Accel: 0.105 0.039 0.968
Gyro: -6.088 -5.920 -1.037
Accel: 0.101 0.037 0.966
Gyro: -5.401 -5.950 -1.022
Accel: 0.098 0.036 0.963
Gyro: -4.699 -5.661 -1.068
Accel: 0.092 0.034 0.959
Gyro: -3.723 -5.233 -1.266
Accel: 0.087 0.034 0.953
Gyro: -2.838 -4.531 -1.281
Accel: 0.087 0.034 0.946
Gyro: -2.029 -3.906 -1.159
Accel: 0.088 0.035 0.944
Gyro: -1.266 -3.417 -1.281
Accel: 0.087 0.035 0.937
Gyro: 0.717 -3.890 -1.434
Accel: 0.088 0.038 0.926
Gyro: 0.350 -4.348 -1.434
Accel: 0.088 0.043 0.922
Gyro: 0.030 -5.050 -1.403
Accel: 0.088 0.034 0.897
Gyro: 0.198 -5.432 -1.510
Accel: 0.092 0.035 0.885
Gyro: 0.122 -5.783 -1.480
Accel: 0.093 0.039 0.873
Gyro: 0.625 -6.546 -1.419
Accel: 0.085 0.035 0.855
Gyro: -1.815 -7.904 -1.510
Accel: 0.086 0.031 0.833
Gyro: -7.537 -9.674 -1.525
Accel: 0.085 0.023 0.806
Gyro: -6.835 -10.711 -1.159
Accel: 0.074 0.016 0.777
Gyro: -10.528 -10.559 0.885
Accel: 0.064 0.009 0.739
Gyro: -15.045 -9.719 0.823
Accel: 0.056 0.012 0.700
Gyro: -20.660 -8.697 -1.281
Accel: 0.053 0.016 0.667
Gyro: -25.878 -8.514 -2.502
Accel: 0.050 0.021 0.642
Gyro: -31.280 -10.192 -4.470
Accel: 0.042 0.021 0.608
Gyro: -36.361 -12.664 -6.652
Accel: 0.038 0.013 0.573
Gyro: -41.687 -15.823 -8.178
Accel: 0.038 0.006 0.540
Gyro: -47.561 -18.890 -8.682
Accel: 0.040 0.0001 0.506
Gyro: -52.749 -21.835 -8.972
Accel: 0.039 0.009 0.471
Gyro: -56.442 -24.795 -9.155
Accel: 0.032 0.012 0.433
Gyro: -58.090 -26.855 -9.521
Accel: 0.021 0.012 0.316
Gyro: -58.242 -27.267 -9.643
Accel: 0.017 0.013 0.325
Gyro: -54.733 -24.597 -9.048
Accel: 0.041 0.0001 0.237
Gyro: -58.746 -20.278 -9.628
Accel: 0.008 0.003 0.224
Gyro: -58.807 -13.549 -7.949
Accel: 0.030 0.024 0.184
Gyro: -57.342 -3.250 -5.218
Accel: 0.030 0.039 0.169
Gyro: -53.833 7.568 -3.509
Accel: 0.017 0.048 0.144
Gyro: -48.950 17.578 -3.631
Accel: 0.0000 0.049 0.120
Gyro: -43.182 24.902 -5.508
Accel: 0.019 0.033 0.091
Gyro: -37.063 30.609 -9.765
Accel: 0.060 0.017 0.0000
Gyro: -29.647 35.156 -16.189
Accel: 0.043 0.021 0.022
Gyro: -18.951 39.916 -18.615
Accel: 0.0010 0.017 0.039
Gyro: -15.594 41.976 -18.417
Accel: 0.003 0.002 0.071
Gyro: -13.763 43.823 -18.264
Accel: 0.002 0.004 0.059
Gyro: -12.222 45.318 -18.173
Accel: 0.004 0.008 0.069
Gyro: -10.818 46.752 -18.173
Accel: 0.0001 0.004 0.112
Gyro: -9.307 47.943 -17.990
Accel: 0.003 0.006 0.051
Gyro: -8.193 49.240 -18.020
Accel: 0.003 0.006 0.056
Gyro: -7.217 50.277 -18.142
Accel: 0.0000 0.007 0.0000
Gyro: -6.607 51.437 -18.310
Accel: 0.004 0.007 0.068
Gyro: -5.844 52.047 -18.692
Accel: 0.003 0.009 0.067
Gyro: -5.111 52.917 -19.088
Accel: 0.0000 0.007 0.075
Gyro: -4.150 53.497 -19.561
Accel: 0.002 0.007 0.080
Gyro: -3.097 53.833 -19.912
Accel: 0.0001 0.007 0.087
Gyro: -1.708 54.122 -20.370
Accel: 0.0001 0.0010 0.094
Gyro: 0.183 54.290 -20.706
Accel: 0.0001 0.012 0.0000
Gyro: 10.452 -10.482 -19.943
Accel: 0.152 0.841 3.500
Gyro: 380.920 -499.969 -132.781
Accel: 0.736 -1.046 4.506
Gyro: 321.212 -499.969 -99.288
Accel: 2.326 -2.542 5.054
Gyro: 322.509 274.017 24.414
Accel: 0.821 -2.582 5.227
Gyro: 263.549 296.905 98.510
Accel: 0.317 0.261 4.305
Gyro: 276.794 171.829 101.516
Accel: -1.296 0.602 0.750
Gyro: 215.698 58.761 94.284
Accel: -1.579 0.629 0.912
Gyro: 163.726 -26.168 68.801
Accel: -1.435 0.515 0.168
Gyro: 140.975 -92.102 59.661
Accel: -1.161 0.485 0.728
Gyro: 113.265 -148.391 50.033
Accel: 0.272 0.668 2.778
Gyro: -4.135 -73.669 24.551
Accel: 0.501 0.990 2.455
Gyro: -56.457 -42.984 -16.708
Accel: 0.376 0.955 1.637
Gyro: -60.638 -60.012 -54.519
Accel: 0.072 0.450 1.615
Gyro: -81.604 -61.981 -56.838
Accel: 0.276 0.104 1.461
Gyro: -98.831 -67.932 -37.597
Accel: 0.041 0.014 1.431
Gyro: -109.024 -74.600 -16.326
Accel: 0.182 0.076 1.491
Gyro: -119.064 -63.751 -14.862
Accel: 0.393 0.115 1.445
Gyro: -128.997 -44.174 -16.693
Accel: 0.492 0.133 1.508
Gyro: -121.841 -20.217 -22.323
Accel: 0.369 0.0000 1.312
Gyro: -102.096 1.327 -19.210
Accel: 0.308 0.013 1.124
Gyro: -92.086 12.603 -10.848
Accel: 0.333 0.004 1.091
Gyro: -83.282 17.990 -4.364
Accel: 0.328 0.003 1.141
Gyro: -71.655 24.993 0.259
Accel: 0.260 0.015 1.128
Gyro: -57.861 29.296 1.174
Accel: 0.129 0.073 1.085
Gyro: -45.028 26.428 1.083
Accel: 0.043 0.119 1.098
Gyro: -33.432 18.859 0.610
Accel: 0.0001 0.126 1.112
Gyro: -23.162 4.196 -3.341
Accel: 0.016 0.113 1.080
Gyro: -12.145 -1.968 -5.065
Accel: 0.028 0.096 1.040
Gyro: -9.765 -14.999 -5.203
Accel: 0.018 0.086 1.007
Gyro: 0.091 -17.166 -3.738
Accel: 0.004 0.080 0.972
Gyro: 1.403 -16.372 -2.182
Accel: 0.030 0.085 0.936
Gyro: 6.057 -9.155 -2.471
Accel: 0.047 0.092 0.903
Gyro: 9.368 1.602 -4.257
Accel: 0.067 0.097 0.888
Gyro: 11.993 9.628 -11.566
Accel: 0.043 0.073 0.872
Gyro: 12.985 16.845 -9.033
Accel: 0.072 0.059 0.869
Gyro: 13.458 22.766 -9.536
Accel: 0.124 0.042 0.897
Gyro: 13.641 27.343 -10.375
Accel: 0.155 0.026 0.858
Gyro: 14.602 34.332 -14.144
Accel: 0.0000 0.024 0.779
Gyro: 10.330 43.090 -16.784
Accel: 0.067 0.028 0.799
Gyro: 6.011 48.950 -20.477
Accel: 0.098 0.041 0.906
Gyro: 8.193 48.355 -24.719
Accel: 0.0100 0.144 1.306
Gyro: 31.234 47.927 -19.409
Accel: 0.178 0.247 1.185
Gyro: 67.245 58.105 -7.797
Accel: 0.239 0.278 1.121
Gyro: 100.357 59.204 3.936
Accel: 0.247 0.032 0.842
Gyro: 82.0000 20.477 13.015
Accel: 0.004 0.034 1.056
Gyro: 49.148 -20.553 13.153
Accel: 0.101 0.170 1.112
Gyro: 24.414 -44.006 5.905
Accel: 0.029 0.149 1.164
Gyro: 8.697 -56.076 0.778
Accel: 0.087 0.154 1.217
Gyro: 7.400 -54.840 -3.189
Accel: 0.118 0.161 1.184
Gyro: 10.391 -46.340 -4.364
Accel: 0.126 0.122 1.134
Gyro: 11.520 -34.118 -3.433
Accel: 0.071 0.0000 1.119
Gyro: 10.284 -25.436 0.411
Accel: 0.031 0.019 1.111
Gyro: 7.217 -22.445 4.455
Accel: 0.041 0.027 1.124
Gyro: 3.479 -21.987 9.307
Accel: 0.052 0.034 1.138
Gyro: 0.885 -20.660 13.412
Accel: 0.068 0.003 1.155
Gyro: 2.746 -17.333 15.701
Accel: 0.077 0.018 1.151
Gyro: 8.026 -14.770 16.326
Accel: 0.087 0.035 1.146
Gyro: 11.947 -14.633 15.594
Accel: 0.096 0.033 1.123
Gyro: 12.390 -14.114 15.182
Accel: 0.117 0.018 1.078
Gyro: 12.130 -11.093 15.258
Accel: 0.096 0.007 1.045
Gyro: 10.543 -8.499 15.167
Accel: 0.073 0.003 1.009
Gyro: 7.095 -6.149 14.724
Accel: 0.065 0.008 0.985
Gyro: 4.531 -3.494 13.671
Accel: 0.061 0.008 0.959
Gyro: 3.005 0.152 12.313
Accel: 0.058 0.0010 0.944
Gyro: 2.868 2.304 10.360
Accel: 0.056 0.019 0.942
Gyro: 3.982 2.105 7.354
Accel: 0.046 0.019 0.941
Gyro: 5.477 0.198 3.585
Accel: 0.039 0.016 0.930
Gyro: 7.614 -2.655 0.0000
Accel: 0.021 0.0001 0.919
Gyro: 8.132 -3.784 -2.487
Accel: 0.011 0.007 0.908
Gyro: 8.987 -8.270 -4.486
Accel: 0.016 0.016 0.918
Gyro: 10.101 -17.959 -6.759
Accel: 0.031 0.037 0.956
Gyro: 12.390 -33.264 -8.392
Accel: 0.054 0.050 0.984
Gyro: 16.403 -48.782 -9.262
Accel: 0.117 0.115 0.991
Gyro: 18.249 -60.470 -9.490
Accel: 0.103 0.067 0.996
Gyro: 18.264 -63.293 -5.752
Accel: 0.142 0.056 1.019
Gyro: 17.486 -59.280 -1.968
Accel: 0.172 0.054 1.039
Gyro: 16.159 -50.186 0.915
Accel: 0.168 0.052 1.053
Gyro: 13.504 -35.873 3.799
Accel: 0.163 0.057 1.070
Gyro: 10.284 -19.210 5.920
Accel: 0.163 0.076 1.076
Gyro: 6.790 -4.852 6.301
Accel: 0.171 0.083 1.087
Gyro: 4.989 4.959 4.241
Accel: 0.168 0.074 1.096
Gyro: 3.616 13.137 0.640
Accel: 0.170 0.069 1.106
Gyro: 3.311 22.994 -3.585
Accel: 0.165 0.067 1.103
Gyro: 3.326 24.978 -6.713
Accel: 0.163 0.066 1.084
Gyro: 1.983 32.394 -8.453
Accel: 0.154 0.065 1.069
Gyro: 0.396 39.962 -8.972
Accel: 0.144 0.067 1.048
Gyro: 0.671 46.325 -8.773
Accel: 0.127 0.071 1.021
Gyro: -1.296 50.827 -7.675
Accel: 0.102 0.072 0.993
Gyro: -2.304 53.131 -6.088
Accel: 0.083 0.071 0.968
Gyro: -3.479 54.199 -4.531
Accel: 0.060 0.070 0.946
Gyro: -4.943 52.520 -3.417
Accel: 0.042 0.067 0.922
Gyro: -6.744 48.797 -2.532
Accel: 0.028 0.066 0.909
Gyro: -8.346 43.289 -2.029
Accel: 0.019 0.066 0.898
Gyro: -9.063 36.193 -2.044
Accel: 0.009 0.060 0.890
Gyro: -9.246 28.610 -2.334
Accel: 0.003 0.055 0.874
Gyro: -9.536 20.660 -2.655
Accel: 0.004 0.055 0.877
Gyro: -8.865 8.743 -3.021
Accel: 0.003 0.057 0.878
Gyro: -7.522 3.570 -3.097
Accel: 0.004 0.059 0.875
Gyro: -7.308 -4.013 -2.731
Accel: 0.004 0.058 0.873
Gyro: -7.888 -9.674 -2.166
Accel: 0.009 0.057 0.873
Gyro: -9.170 -13.900 -1.754
Accel: 0.013 0.056 0.877
Gyro: -10.574 -17.211 -1.312
Accel: 0.027 0.055 0.882
Gyro: -11.505 -19.332 -1.342
Accel: 0.032 0.041 0.890
Gyro: -12.405 -20.172 -1.541
Accel: 0.047 0.040 0.900
Gyro: -13.0000 -20.690 -1.876
Accel: 0.058 0.040 0.912
Gyro: -13.137 -21.026 -2.258
Accel: 0.066 0.035 0.919
Gyro: -12.908 -21.011 -2.258
Accel: 0.073 0.033 0.922
Gyro: -13.015 -20.004 -2.166
Accel: 0.080 0.034 0.932
Gyro: -13.031 -19.180 -1.693
Accel: 0.086 0.029 0.943
Gyro: -12.390 -18.081 -1.602
Accel: 0.088 0.023 0.947
Gyro: -12.054 -16.754 -1.693
Accel: 0.092 0.018 0.954
Gyro: -11.657 -15.548 -2.151
Accel: 0.097 0.008 0.962
Gyro: -10.742 -14.556 -2.731
Accel: 0.101 0.0000 0.970
Gyro: -9.384 -12.374 -2.944
Accel: 0.104 0.002 0.978
Gyro: -8.255 -9.460 -2.380
Accel: 0.113 0.0000 0.987
Gyro: -6.652 -7.003 -1.388
Accel: 0.118 0.0000 0.997
Gyro: -3.799 -5.798 0.366
Accel: 0.121 0.0000 0.998
Gyro: 0.122 -4.608 0.701
Accel: 0.116 0.003 0.996
Gyro: 2.792 -3.768 1.388
Accel: 0.124 0.013 0.997
Gyro: 5.493 -3.265 2.334
Accel: 0.113 0.004 0.994
Gyro: 7.675 -3.311 3.173
Accel: 0.108 0.006 0.991
Gyro: 8.697 -3.768 3.921
Accel: 0.109 0.014 0.990
Gyro: 9.445 -4.577 4.440
Accel: 0.113 0.017 0.990
Gyro: 10.192 -5.371 4.745
Accel: 0.114 0.019 0.984
Gyro: 10.726 -5.844 4.898
Accel: 0.112 0.021 0.978
Gyro: 10.452 -6.500 4.791
Accel: 0.105 0.020 0.975
Gyro: 9.338 -7.110 4.577
Accel: 0.107 0.023 0.970
Gyro: 7.080 -7.095 4.486
Accel: 0.111 0.029 0.976
Gyro: 5.035 -6.866 4.241
Accel: 0.114 0.035 0.981
Gyro: 3.768 -6.027 4.272
Accel: 0.117 0.040 0.985
Gyro: 3.158 -3.738 4.501
Accel: 0.186 0.045 0.988
Gyro: 3.158 0.686 4.867
Accel: 0.122 0.048 0.992
Gyro: 3.692 2.151 5.187
Accel: 0.115 0.053 0.988
Gyro: 4.135 3.677 5.264
Accel: 0.107 0.058 0.984
Gyro: 3.982 3.463 5.294
Accel: 0.093 0.058 0.974
Gyro: 3.433 1.953 5.279
Accel: 0.078 0.053 0.963
Gyro: 2.227 0.091 4.928
Accel: 0.0000 0.054 0.954
Gyro: 1.296 -2.426 4.653
Accel: 0.054 0.056 0.949
Gyro: 0.961 -4.562 3.982
Accel: 0.045 0.057 0.945
Gyro: 0.671 -7.415 3.372
Accel: 0.044 0.056 0.952
Gyro: 0.411 -10.284 2.868
Accel: 0.048 0.051 0.960
Gyro: 0.778 -11.810 2.700
Accel: 0.055 0.054 0.966
Gyro: 0.839 -12.451 2.853
Accel: 0.063 0.053 0.979
Gyro: 1.434 -12.664 2.899
Accel: 0.063 0.055 0.990
Gyro: 1.892 -12.207 3.509
Accel: 0.068 0.0000 0.998
Gyro: 1.190 -10.086 4.516
Accel: 0.068 0.068 1.0010
Gyro: 0.045 -7.888 5.584
Accel: 0.070 0.066 1.018
Gyro: -1.144 -5.355 6.393
Accel: 0.068 0.064 1.022
Gyro: -2.410 -2.334 7.034
Accel: 0.073 0.066 1.026
Gyro: -3.646 0.732 7.598
Accel: 0.078 0.057 1.031
Gyro: -4.348 3.906 7.537
Accel: 0.084 0.051 1.030
Gyro: -4.272 5.859 7.095
Accel: 0.096 0.048 1.032
Gyro: -2.990 6.347 6.072
Accel: 0.097 0.035 1.027
Gyro: -1.586 6.713 5.432
Accel: 0.097 0.023 1.023
Gyro: 0.686 7.614 5.249
Accel: 0.106 0.023 1.022
Gyro: 0.930 7.690 4.837
Accel: 0.114 0.020 1.020
Gyro: -1.098 5.661 4.272
Accel: 0.123 0.019 1.019
Gyro: 0.762 1.815 3.097
Accel: 0.135 0.013 1.021
Gyro: 0.213 -4.623 1.586
Accel: 0.129 0.002 1.021
Gyro: 1.052 -9.994 1.266
Accel: 0.137 0.004 1.026
Gyro: 0.656 -13.336 1.785
Accel: 0.141 0.005 1.033
Gyro: 0.137 -16.326 3.036
Accel: 0.145 0.011 1.041
Gyro: -1.037 -19.042 4.531
Accel: 0.145 0.017 1.042
Gyro: -1.556 -21.118 6.164
Accel: 0.133 0.018 1.034
Gyro: -2.548 -20.690 11.611
Accel: 0.113 0.014 1.033
Gyro: -4.135 -17.425 9.841
Accel: 0.107 0.026 1.038
Gyro: -5.569 -7.980 11.306
Accel: 0.102 0.039 1.042
Gyro: -6.134 -5.844 12.0100
Accel: 0.097 0.049 1.042
Gyro: -6.515 0.823 11.993
Accel: 0.087 0.052 1.037
Gyro: -6.103 3.494 11.566
Accel: 0.079 0.052 1.032
Gyro: -5.050 7.598 11.077
Accel: 0.074 0.049 1.023
Gyro: -3.707 11.260 10.406
Accel: 0.075 0.043 1.022
Gyro: -2.182 13.580 9.429
Accel: 0.075 0.039 1.015
Gyro: 0.335 14.389 8.148
Accel: 0.072 0.031 1.0000
Gyro: 0.762 13.931 6.729
Accel: 0.064 0.022 0.992
Gyro: 1.251 13.870 5.813
Accel: 0.065 0.014 0.998
Gyro: 1.144 14.312 5.355
Accel: 0.080 0.022 1.002
Gyro: 0.747 14.114 4.745
Accel: 0.087 0.027 1.007
Gyro: 0.640 12.573 4.135
Accel: 0.086 0.035 1.012
Gyro: 0.732 9.552 3.387
Accel: 0.088 0.051 1.008
Gyro: 0.518 6.088 2.624
Accel: 0.087 0.062 1.006
Gyro: 0.259 2.883 1.876
Accel: 0.090 0.064 1.003
Gyro: -1.174 0.518 1.129
Accel: 0.092 0.063 1.0001
Gyro: -2.090 -7.659 0.244
Accel: 0.093 0.058 0.999
Gyro: -3.250 -6.195 0.335
Accel: 0.093 0.049 0.998
Gyro: -4.425 -7.980 0.473
Accel: 0.091 0.045 0.994
Gyro: -5.828 -9.078 0.137
Accel: 0.097 0.039 0.998
Gyro: -7.278 -9.445 0.473
Accel: 0.104 0.040 1.0000
Gyro: -8.346 -9.918 0.976
Accel: 0.109 0.037 1.004
Gyro: -8.743 -10.528 1.068
Accel: 0.115 0.035 1.014
Gyro: -8.087 -10.543 0.640
Accel: 0.120 0.031 1.020
Gyro: -7.156 -9.262 0.473
Accel: 0.119 0.029 1.024
Gyro: -6.225 -7.064 -1.937
Accel: 0.116 0.028 1.023
Gyro: -5.325 -4.455 -3.631
Accel: 0.114 0.026 1.020
Gyro: -4.348 -2.136 -5.218
Accel: 0.106 0.028 1.013
Gyro: -3.784 0.839 -6.011
Accel: 0.107 0.032 1.009
Gyro: -3.616 3.524 -6.668
Accel: 0.104 0.033 1.0010
Gyro: -3.219 5.630 -7.171
Accel: 0.102 0.042 1.007
Gyro: -2.731 6.195 -7.583
Accel: 0.097 0.042 1.004
Gyro: -2.166 5.859 -7.781
Accel: 0.092 0.047 1.004
Gyro: -1.281 5.020 -7.705
Accel: 0.085 0.043 1.008
Gyro: 0.961 4.135 -7.247
Accel: 0.086 0.042 1.011
Gyro: 0.518 3.692 -7.064
Accel: 0.089 0.036 1.014
Gyro: 0.289 3.204 -6.988
Accel: 0.091 0.028 1.0010
Gyro: 0.106 2.593 -7.171
Accel: 0.091 0.016 1.007
Gyro: 0.259 2.563 -7.202
Accel: 0.094 0.0010 1.005
Gyro: 0.244 2.532 -6.927
Accel: 0.098 0.008 1.003
Gyro: 0.213 2.273 -6.744
Accel: 0.097 0.004 1.003
Gyro: 0.427 1.815 -6.317
Accel: 0.095 0.002 0.999
Gyro: 0.381 1.495 -5.920
Accel: 0.092 0.0001 1.0000
Gyro: 0.488 1.434 -5.508
