Accel: 0.0010 0.004 1.003
Gyro: -1.388 -2.563 0.305
Accel: 0.0010 0.008 1.007
Gyro: -1.129 -3.067 0.015
Accel: 0.009 0.0010 1.007
Gyro: 0.991 -3.173 0.076
Accel: 0.007 0.009 1.0010
Gyro: 0.549 -3.051 0.228
Accel: 0.005 0.005 1.011
Gyro: 0.381 -2.868 0.686
Accel: 0.006 0.005 1.014
Gyro: 0.045 -2.670 0.869
Accel: 0.003 0.005 1.012
Gyro: 0.244 -2.685 0.717
Accel: 0.062 0.004 1.012
Gyro: 0.106 -2.532 0.595
Accel: 0.004 0.005 1.013
Gyro: 0.106 -2.578 0.442
Accel: 0.002 0.005 1.016
Gyro: 0.030 -2.609 0.503
Accel: 0.0000 0.004 1.013
Gyro: 0.213 -2.792 0.564
Accel: 0.0001 0.006 1.012
Gyro: 0.442 -2.609 0.671
Accel: 0.0000 0.0000 1.014
Gyro: 0.808 -2.700 0.869
Accel: 0.005 0.0000 1.015
Gyro: 1.022 -2.822 1.144
Accel: 0.002 0.061 1.016
Gyro: 1.647 -2.899 1.419
Accel: 0.061 0.0001 1.014
Gyro: 1.892 -2.822 1.922
Accel: 0.0001 0.004 1.016
Gyro: 1.983 -2.319 2.258
Accel: 0.0001 0.009 1.016
Gyro: 1.998 -1.953 2.395
Accel: 0.0000 0.008 1.018
Gyro: 1.846 -1.296 2.273
Accel: 0.002 0.004 1.015
Gyro: 1.632 0.579 2.243
Accel: 0.0001 0.006 1.017
Gyro: 1.571 0.366 2.227
Accel: 0.0001 0.009 1.016
Gyro: 1.556 1.037 2.410
Accel: 0.002 0.0010 1.011
Gyro: 1.556 1.434 2.502
Accel: 0.003 0.013 1.007
Gyro: 1.632 1.754 2.578
Accel: 0.002 0.015 1.0010
Gyro: 1.525 1.983 2.380
Accel: 0.004 0.012 1.006
Gyro: 1.464 1.602 2.014
Accel: 0.005 0.013 1.004
Gyro: 1.113 0.778 1.647
Accel: 0.005 0.0010 1.0001
Gyro: 0.869 0.0000 1.098
Accel: 0.004 0.008 0.998
Gyro: 0.411 -1.037 0.839
Accel: 0.004 0.009 1.0001
Gyro: 0.045 -1.480 0.411
Accel: 0.007 0.008 1.0001
Gyro: 0.366 -2.044 0.213
Accel: 0.006 0.011 0.938
Gyro: 0.823 -2.670 0.030
Accel: 0.002 0.008 1.0001
Gyro: 0.823 -3.463 0.289
Accel: 0.002 0.008 1.003
Gyro: 0.488 -3.936 0.213
Accel: 0.0001 0.0010 1.007
Gyro: 0.503 -4.028 0.122
Accel: 0.0001 0.008 1.009
Gyro: 0.640 -3.952 0.015
Accel: 0.002 0.009 1.013
Gyro: 0.595 -3.799 0.274
Accel: 0.003 0.006 1.014
Gyro: 0.793 -3.616 0.640
Accel: 0.004 0.004 1.013
Gyro: -1.052 -3.143 0.686
Accel: 0.003 0.004 1.019
Gyro: -1.220 -2.487 0.701
Accel: 0.003 0.005 1.015
Gyro: -1.068 -1.968 0.564
Accel: 0.0010 0.003 1.015
Gyro: -1.251 -1.678 0.350
Accel: 0.008 0.002 1.012
Gyro: -1.251 -1.129 0.305
Accel: 0.008 0.003 1.012
Gyro: -1.266 -1.205 0.106
Accel: 0.005 0.004 1.0010
Gyro: -1.419 -1.602 0.015
Accel: 0.002 0.002 1.0010
Gyro: -1.205 -2.105 0.015
Accel: 0.006 0.0000 1.009
Gyro: -1.235 -2.517 0.030
Accel: 0.007 0.0000 1.0010
Gyro: -1.174 -2.883 0.091
Accel: 0.0010 0.0001 1.012
Gyro: -1.312 -3.417 0.152
Accel: 0.012 0.0001 1.015
Gyro: -1.098 -3.570 0.274
Accel: 0.011 0.004 1.016
Gyro: 0.473 -3.921 0.259
Accel: 0.007 0.004 1.019
Gyro: 0.167 -4.394 0.320
Accel: 0.005 0.0001 1.017
Gyro: 0.854 -4.577 0.244
Accel: 0.008 0.0000 1.018
Gyro: 1.449 -4.608 0.152
Accel: 0.008 0.0000 1.018
Gyro: 1.876 -4.394 0.381
Accel: 0.009 0.003 1.019
Gyro: 2.243 -4.486 0.396
Accel: 0.0010 0.004 1.016
Gyro: 2.670 -4.394 0.259
Accel: 0.013 0.006 1.015
Gyro: 3.082 -4.394 0.183
Accel: 0.016 0.002 1.013
Gyro: 3.295 -3.952 0.015
Accel: 0.002 0.004 1.008
Gyro: 3.143 -3.311 0.457
Accel: 0.006 0.006 1.013
Gyro: 3.540 -3.326 0.396
Accel: 0.005 0.012 1.0001
Gyro: 3.189 -2.990 0.686
Accel: 0.013 0.017 1.061
Gyro: 2.685 -2.593 0.823
Accel: 0.007 0.018 1.002
Gyro: 2.548 -2.838 0.762
Accel: 0.007 0.020 0.998
Gyro: 2.120 -3.082 0.595
Accel: 0.007 0.014 1.0001
Gyro: 1.586 -3.250 0.152
Accel: 0.007 0.0010 1.0000
Gyro: 1.037 -3.326 0.137
Accel: 0.014 0.009 1.003
Gyro: 0.473 -3.082 0.503
Accel: 0.017 0.005 1.0001
Gyro: 0.091 -2.914 0.885
Accel: 0.020 0.005 1.002
Gyro: 0.518 -2.410 -1.510
Accel: 0.021 0.0001 1.0001
Gyro: 0.747 -1.785 -1.861
Accel: 0.021 0.0000 1.004
Gyro: 0.671 -1.251 -2.197
Accel: 0.023 0.0001 1.003
Gyro: 0.762 -1.266 -2.563
Accel: 0.018 0.0001 1.003
Gyro: 0.991 -1.449 -2.731
Accel: 0.019 0.0001 1.0000
Gyro: -1.129 -1.632 -2.822
Accel: 0.017 0.0001 0.998
Gyro: 0.991 -1.739 -2.700
Accel: 0.015 0.003 0.998
Gyro: 0.732 -1.983 -2.761
Accel: 0.022 0.0000 0.998
Gyro: 0.137 -1.922 -3.067
Accel: 0.018 0.005 1.0001
Gyro: 0.320 -1.663 -3.021
Accel: 0.016 0.003 1.005
Gyro: 1.083 -1.510 -2.609
Accel: 0.016 0.0001 1.005
Gyro: 1.495 -1.403 -2.243
Accel: 0.020 0.0001 1.005
Gyro: 1.800 -1.632 -2.044
Accel: 0.016 0.003 1.006
Gyro: 1.983 -1.647 -1.800
Accel: 0.016 0.002 1.0010
Gyro: 1.983 -1.815 -1.708
Accel: 0.012 0.0001 1.009
Gyro: 1.785 -1.998 -1.602
Accel: 0.018 0.0001 1.007
Gyro: 1.296 -2.182 -1.571
Accel: 0.020 0.002 1.007
Gyro: 1.022 -2.624 -1.449
Accel: 0.020 0.002 1.005
Gyro: 0.595 -2.548 -1.205
Accel: 0.020 0.004 1.004
Gyro: 0.289 -2.151 0.885
Accel: 0.020 0.007 1.005
Gyro: 0.198 -1.754 0.823
Accel: 0.025 0.002 1.0010
Gyro: 0.167 -1.617 -1.373
Accel: 0.022 0.003 1.0010
Gyro: 0.534 -1.327 -1.663
Accel: 0.019 0.004 1.016
Gyro: 0.473 0.946 -1.861
Accel: 0.016 0.003 1.017
Gyro: 0.305 0.549 -1.693
Accel: 0.020 0.006 1.018
Gyro: 0.091 0.549 -1.724
Accel: 0.021 0.007 1.016
Gyro: 0.244 0.305 -1.800
Accel: 0.022 0.005 1.014
Gyro: 0.183 3.890 -1.663
Accel: 0.019 0.062 1.014
Gyro: 0.549 0.335 -1.632
Accel: 0.015 0.0000 1.0010
Gyro: 0.823 0.488 -1.693
Accel: 0.019 0.0000 1.004
Gyro: 0.839 0.549 -1.724
Accel: 0.017 0.0001 1.004
Gyro: 0.595 0.762 -1.419
Accel: 0.014 0.003 1.004
Gyro: 0.457 0.701 -1.281
Accel: 0.012 0.006 1.004
Gyro: 0.289 0.289 -1.022
Accel: 0.0010 0.005 1.004
Gyro: 0.335 0.015 0.762
Accel: 0.011 0.006 1.008
Gyro: 0.289 0.122 0.335
Accel: 0.009 0.003 1.009
Gyro: 0.381 0.488 0.183
Accel: 0.012 0.005 1.0010
Gyro: 0.534 0.793 0.686
Accel: 0.015 0.004 1.009
Gyro: 0.793 0.640 0.869
Accel: 0.016 0.003 1.0010
Gyro: 0.610 0.793 0.961
Accel: 0.016 0.0001 1.011
Gyro: 0.610 -1.113 0.701
Accel: 0.015 0.062 1.013
Gyro: 0.823 -1.556 0.625
Accel: 0.014 0.061 1.015
Gyro: 0.946 -2.532 0.625
Accel: 0.015 0.061 1.017
Gyro: 0.976 -3.860 0.839
Accel: 0.015 0.0001 1.019
Gyro: 1.129 -4.882 1.113
Accel: 0.014 0.002 1.026
Gyro: 1.052 -6.149 1.159
Accel: 0.019 0.0000 1.040
Gyro: 1.251 -8.224 1.144
Accel: 0.011 0.004 1.055
Gyro: 1.663 -10.620 1.190
Accel: 0.009 0.006 1.071
Gyro: 2.777 -13.519 1.113
Accel: 0.006 0.012 1.081
Gyro: 7.720 -16.357 1.007
Accel: 0.011 0.015 1.096
Gyro: 5.249 -18.676 1.052
Accel: 0.018 0.015 1.107
Gyro: 7.186 -20.584 1.098
Accel: 0.025 0.019 1.115
Gyro: 8.087 -21.286 1.861
Accel: 0.033 0.0010 1.126
Gyro: 8.712 -20.874 2.822
Accel: 0.029 0.004 1.139
Gyro: 8.682 -19.470 3.753
Accel: 0.031 0.006 1.149
Gyro: 8.224 -17.395 4.821
Accel: 0.032 0.015 1.153
Gyro: 7.583 -14.862 5.584
Accel: 0.028 0.0010 1.161
Gyro: 7.141 -11.535 6.286
Accel: 0.030 0.015 1.157
Gyro: 6.652 -7.385 7.064
Accel: 0.047 0.0010 1.158
Gyro: 7.446 -4.791 6.942
Accel: 0.040 0.003 1.145
Gyro: 7.186 -3.051 7.339
Accel: 0.063 0.025 1.038
Gyro: -4.776 0.656 1.907
Accel: 0.038 0.031 1.046
Gyro: -4.287 0.503 3.295
Accel: 0.029 0.031 1.051
Gyro: -2.975 0.686 4.104
Accel: 0.032 0.025 1.048
Gyro: -1.907 0.213 4.302
Accel: 0.055 0.006 1.045
Gyro: -1.861 0.839 3.250
Accel: 0.075 0.0001 1.044
Gyro: -2.410 -2.090 1.586
Accel: 0.079 0.0000 1.036
Gyro: -2.212 -2.471 0.411
Accel: 0.057 0.006 1.025
Gyro: -1.770 -2.044 0.686
Accel: 0.052 0.025 1.020
Gyro: -1.434 -1.892 -1.388
Accel: 0.050 0.037 1.013
Gyro: 0.747 -2.044 -1.358
Accel: 0.050 0.041 1.007
Gyro: 0.320 -2.685 0.381
Accel: 0.041 0.033 1.005
Gyro: 0.030 -2.868 0.396
Accel: 0.049 0.029 1.015
Gyro: 0.137 -3.570 1.190
Accel: 0.050 0.020 1.012
Gyro: 0.473 -3.387 1.785
Accel: 0.055 0.014 1.0010
Gyro: 0.442 -2.410 1.861
Accel: 0.066 0.017 1.007
Gyro: 0.274 -1.251 1.602
Accel: 0.068 0.024 1.003
Gyro: 0.366 0.701 0.717
Accel: 0.081 0.032 1.006
Gyro: 1.220 2.685 0.625
Accel: 0.082 0.041 1.0001
Gyro: 2.487 5.752 -1.373
Accel: 0.078 0.047 0.998
Gyro: 3.738 10.437 -1.403
Accel: 0.077 0.048 0.999
Gyro: 4.669 15.335 -1.342
Accel: 0.078 0.043 0.999
Gyro: 5.416 19.027 -1.449
Accel: 0.090 0.034 0.992
Gyro: 6.546 21.087 -1.800
Accel: 0.098 0.018 0.985
Gyro: 6.820 21.453 -2.487
Accel: 0.102 0.0010 0.971
Gyro: 6.439 21.316 -3.417
Accel: 0.112 0.021 0.966
Gyro: 6.362 20.736 -3.906
Accel: 0.114 0.030 0.957
Gyro: 6.881 19.897 -3.967
Accel: 0.125 0.036 0.946
Gyro: 7.141 19.027 -3.768
Accel: 0.130 0.039 0.937
Gyro: 6.561 17.776 -3.601
Accel: 0.138 0.036 0.931
Gyro: 5.783 16.143 -3.341
Accel: 0.138 0.036 0.926
Gyro: 5.081 14.144 -2.990
Accel: 0.146 0.041 0.928
Gyro: 5.065 10.940 -3.311
Accel: 0.160 0.045 0.930
Gyro: 5.142 6.576 -3.707
Accel: 0.157 0.049 0.926
Gyro: 5.218 2.380 -3.982
Accel: 0.163 0.042 0.924
Gyro: 5.035 0.137 -4.455
Accel: 0.174 0.041 0.934
Gyro: 4.867 -2.502 -4.455
Accel: 0.170 0.028 0.941
Gyro: 4.058 -4.974 -3.723
Accel: 0.156 0.015 0.950
Gyro: 2.731 -8.102 -2.365
Accel: 0.143 0.012 0.960
Gyro: 1.037 -11.199 -1.068
Accel: 0.142 0.015 0.973
Gyro: -3.906 -14.450 0.198
Accel: 0.129 0.017 0.978
Gyro: 0.686 -16.174 1.632
Accel: 0.187 0.014 0.984
Gyro: -1.464 -16.845 2.868
Accel: 0.137 0.0010 0.994
Gyro: -2.807 -16.937 3.768
Accel: 0.144 0.002 1.0000
Gyro: -4.379 -16.387 4.348
Accel: 0.139 0.014 1.0010
Gyro: -5.706 -15.319 4.135
Accel: 0.129 0.0010 1.022
Gyro: -6.301 -13.916 2.975
Accel: 0.112 0.004 1.031
Gyro: -4.959 -12.420 2.273
Accel: 0.096 0.012 1.037
Gyro: -3.005 -10.360 1.266
Accel: 0.088 0.0010 1.033
Gyro: 0.976 -7.781 0.015
Accel: 0.083 0.0001 1.033
Gyro: 0.183 -5.325 0.778
Accel: 0.088 0.005 1.033
Gyro: 0.595 -3.646 -1.419
Accel: 0.086 0.005 1.032
Gyro: 0.686 -2.975 -1.876
Accel: 0.091 0.0000 1.029
Gyro: 1.052 -1.861 -1.861
Accel: 0.086 0.0001 1.026
Gyro: 1.358 0.747 -2.532
Accel: 0.089 0.0000 1.027
Gyro: 1.983 0.045 -3.372
Accel: 0.091 0.002 1.023
Gyro: 2.639 0.564 -3.997
Accel: 0.088 0.003 1.017
Gyro: 7.720 1.464 -4.898
Accel: 0.086 0.002 1.017
Gyro: 5.432 1.770 -5.706
Accel: 0.092 0.005 1.014
Gyro: 6.866 1.083 -6.591
Accel: 0.109 0.013 1.008
Gyro: 7.766 0.213 -6.866
Accel: 0.112 0.022 1.002
Gyro: 7.720 0.091 -7.049
Accel: 0.112 0.020 1.004
Gyro: 7.965 0.564 -7.629
Accel: 0.111 0.008 1.004
Gyro: 8.575 -1.022 -7.690
Accel: 0.106 0.002 1.0001
Gyro: 9.338 -1.510 -8.087
Accel: 0.107 0.006 1.0001
Gyro: 9.613 -1.663 -8.102
Accel: 0.095 0.004 0.999
Gyro: 9.750 -1.815 -8.041
Accel: 0.087 0.0001 1.0000
Gyro: 9.628 -1.998 -8.300
Accel: 0.082 0.009 1.0000
Gyro: 9.628 -2.639 -8.178
Accel: 0.079 0.014 1.0001
Gyro: 9.689 -3.692 -8.468
Accel: 0.078 0.019 1.002
Gyro: 9.841 -5.722 -9.292
Accel: 0.078 0.021 1.003
Gyro: 9.811 -7.965 -9.933
Accel: 0.088 0.018 1.005
Gyro: 9.811 -9.826 -10.299
Accel: 0.091 0.019 1.004
Gyro: 9.140 -10.147 -11.123
Accel: 0.091 0.009 1.0010
Gyro: 8.255 -9.292 -11.505
Accel: 0.088 0.0001 1.017
Gyro: 7.797 -7.797 -10.818
Accel: 0.079 0.003 1.021
Gyro: 7.202 -5.844 -9.750
Accel: 0.079 0.008 1.023
Gyro: 6.820 -4.119 -8.407
Accel: 0.072 0.016 1.028
Gyro: 6.591 -3.005 -8.102
Accel: 0.075 0.016 1.027
Gyro: 6.393 -2.044 -8.224
Accel: 0.072 0.019 1.025
Gyro: 6.225 0.991 -8.102
Accel: 0.074 0.022 1.021
Gyro: 5.569 0.106 -8.239
Accel: 0.087 0.017 1.021
Gyro: 4.776 2.151 -8.178
Accel: 0.087 0.014 1.020
Gyro: 4.608 4.425 -7.965
Accel: 0.090 0.015 1.014
Gyro: 4.302 6.149 -7.247
Accel: 0.088 0.022 1.0010
Gyro: 3.692 7.675 -6.469
Accel: 0.094 0.029 1.008
Gyro: 3.402 8.468 -5.722
Accel: 0.103 0.031 1.012
Gyro: 3.311 8.743 -5.432
Accel: 0.090 0.035 1.007
Gyro: 2.990 8.605 -5.157
Accel: 0.091 0.031 1.0001
Gyro: 2.639 8.819 -5.004
Accel: 0.101 0.022 1.0000
Gyro: 2.090 9.109 -4.745
Accel: 0.105 0.014 0.998
Gyro: 1.098 8.987 -4.638
Accel: 0.104 0.0010 0.982
Gyro: 0.823 8.773 -4.150
Accel: 0.111 0.003 0.975
Gyro: -3.982 9.155 -2.731
Accel: 0.105 0.006 0.970
Gyro: -6.958 9.643 -1.800
Accel: 0.114 0.007 0.968
Gyro: -8.834 9.521 -1.144
Accel: 0.123 0.009 0.955
Gyro: -9.674 8.773 0.808
Accel: 0.150 0.011 0.947
Gyro: -10.375 7.873 3.814
Accel: 0.150 0.016 0.939
Gyro: -11.062 6.805 0.061
Accel: 0.178 0.015 0.923
Gyro: -11.886 5.447 0.122
Accel: 0.195 0.0010 0.891
Gyro: -13.351 4.089 1.144
Accel: 0.190 0.004 0.847
Gyro: -15.991 3.402 2.059
Accel: 0.181 0.008 0.805
Gyro: -19.744 2.487 2.166
Accel: 0.197 0.024 0.763
Gyro: -21.697 2.639 1.266
Accel: 0.229 0.019 0.698
Gyro: -20.187 4.486 0.854
Accel: 0.225 0.006 0.565
Gyro: -19.851 5.844 -4.028
Accel: 0.228 0.006 0.556
Gyro: -20.233 3.341 -6.179
Accel: 0.226 0.017 0.466
Gyro: -20.355 -1.785 -6.866
Accel: 0.233 0.083 0.414
Gyro: -17.776 -11.657 -4.394
Accel: 0.205 0.130 0.284
Gyro: -16.708 -22.628 -1.220
Accel: 0.161 0.145 0.179
Gyro: -18.569 -33.767 2.731
Accel: 0.161 0.093 0.138
Gyro: -16.723 -44.967 11.581
Accel: 0.116 0.063 0.144
Gyro: 7.781 -38.528 27.801
Accel: 0.111 0.064 0.076
Gyro: 23.834 -36.071 46.737
Accel: 0.019 0.042 0.112
Gyro: 29.418 -35.156 45.547
Accel: 0.021 0.057 0.076
Gyro: 33.065 -31.967 45.089
Accel: 0.013 0.0001 0.003
Gyro: 35.781 -28.594 44.586
Accel: 0.013 0.014 0.008
Gyro: 38.360 -25.314 44.219
Accel: 0.060 0.012 0.009
Gyro: 40.588 -22.018 43.930
Accel: 0.007 0.017 0.019
Gyro: 42.098 -18.920 43.746
Accel: 0.012 0.017 0.031
Gyro: 43.151 -16.159 43.640
Accel: 0.015 0.014 0.039
Gyro: 43.746 -13.702 43.609
Accel: 0.014 0.011 0.041
Gyro: 43.945 -11.032 43.395
Accel: 0.0010 0.009 0.048
Gyro: 44.097 -8.422 43.106
Accel: 0.009 0.007 0.050
Gyro: 44.052 -5.859 42.846
Accel: 0.006 0.006 0.055
Gyro: 43.487 -3.204 42.373
Accel: 0.059 0.007 0.046
Gyro: 42.922 0.686 41.748
Accel: 0.0001 0.005 0.063
Gyro: 41.900 1.907 41.152
Accel: 0.003 0.005 0.058
Gyro: 40.618 4.287 40.557
Accel: 0.003 0.004 0.068
Gyro: 38.909 6.561 39.779
Accel: 0.004 0.002 0.066
Gyro: 36.636 8.865 38.909
Accel: 0.003 0.002 0.069
Gyro: 34.408 11.169 38.024
Accel: 0.002 0.0001 0.069
Gyro: 32.135 13.351 37.048
Accel: 0.006 0.0000 0.070
Gyro: 29.861 15.304 36.346
Accel: 0.005 0.0000 0.074
Gyro: 27.679 17.227 35.690
Accel: 0.005 0.0000 0.080
Gyro: 25.558 18.951 35.064
Accel: 0.005 0.002 0.082
Gyro: 23.468 20.767 34.713
Accel: 0.004 0.0000 0.085
Gyro: 21.026 22.399 34.210
Accel: 0.003 0.0000 0.085
Gyro: 18.371 24.032 33.554
Accel: 0.003 0.0001 0.089
Gyro: 15.899 25.451 32.638
Accel: 0.003 0.061 0.093
Gyro: 13.107 27.084 31.906
Accel: 0.007 0.0001 0.089
Gyro: 11.383 28.762 31.356
Accel: 0.0001 0.0001 0.091
Gyro: 9.414 30.044 29.724
Accel: 0.062 0.008 0.096
Gyro: 5.081 31.448 27.938
Accel: 0.0000 0.011 0.097
Gyro: -1.281 33.050 26.397
Accel: 0.0001 0.009 0.091
Gyro: -5.950 34.469 25.253
Accel: 0.0000 0.0000 0.108
Gyro: -9.445 35.217 23.223
Accel: 0.0000 0.002 0.120
Gyro: -13.916 36.0010 21.408
Accel: 0.054 0.308 -3.227
Gyro: -14.297 -65.551 0.106
Accel: -3.022 0.136 0.410
Gyro: -499.969 -499.969 26.947
Accel: 0.844 1.078 3.646
Gyro: -499.969 -499.969 104.217
Accel: 1.019 -6.478 7.999
Gyro: -499.969 -499.969 123.657
Accel: 1.696 -2.600 5.540
Gyro: 149.719 -21.026 55.038
Accel: 1.052 -1.284 1.344
Gyro: 194.381 101.196 70.632
Accel: 0.258 0.044 1.215
Gyro: 187.133 88.195 70.526
Accel: 0.086 0.053 0.007
Gyro: 200.454 107.849 75.576
Accel: 0.009 0.023 0.109
Gyro: 202.743 113.754 80.017
Accel: 0.313 0.219 0.998
Gyro: 186.340 228.240 100.250
Accel: 0.692 0.285 0.588
Gyro: 127.792 375.579 119.995
Accel: 0.213 0.381 2.376
Gyro: -121.383 155.944 123.123
Accel: 1.340 -2.207 5.008
Gyro: -81.985 -10.421 71.411
Accel: 1.181 -1.011 2.574
Gyro: 25.573 51.452 72.006
Accel: 0.587 0.282 0.991
Gyro: 6.607 30.044 87.738
Accel: 0.516 0.325 0.772
Gyro: -16.708 22.933 96.267
Accel: 0.543 0.532 1.104
Gyro: -28.488 21.057 83.343
Accel: 0.622 0.740 1.318
Gyro: -23.605 34.561 57.632
Accel: 0.520 0.799 1.231
Gyro: -14.633 38.467 33.782
Accel: 0.319 0.725 0.887
Gyro: -10.589 33.004 13.809
Accel: 0.181 0.583 0.748
Gyro: -14.358 23.422 1.907
Accel: 0.096 0.498 0.722
Gyro: -25.756 12.084 -1.266
Accel: 0.070 0.494 0.895
Gyro: -33.737 9.292 2.624
Accel: 0.065 0.461 1.076
Gyro: -29.861 20.233 8.789
Accel: 0.050 0.359 1.065
Gyro: -21.530 32.928 12.466
Accel: 0.024 0.267 0.885
Gyro: -13.870 38.604 13.214
Accel: 0.021 0.239 0.831
Gyro: -7.568 37.414 10.787
Accel: 0.028 0.266 0.770
Gyro: 0.289 33.035 5.661
Accel: 0.0010 0.293 0.769
Gyro: 11.489 26.931 -2.685
Accel: 0.033 0.297 0.814
Gyro: 11.779 19.256 -13.092
Accel: 0.111 0.306 0.902
Gyro: 17.349 13.992 -24.261
Accel: 0.168 0.313 0.961
Gyro: 25.772 12.039 -33.828
Accel: 0.168 0.297 0.944
Gyro: 35.537 10.833 -39.352
Accel: 0.128 0.266 0.890
Gyro: 44.265 7.522 -46.859
Accel: 0.069 0.224 0.855
Gyro: 50.155 2.059 -45.013
Accel: 0.019 0.197 0.884
Gyro: 58.410 -1.831 -45.867
Accel: 0.022 0.177 0.956
Gyro: 56.350 -2.578 -45.455
Accel: 0.054 0.164 1.020
Gyro: 55.892 0.335 -43.594
Accel: 0.068 0.159 1.042
Gyro: 54.168 2.258 -40.710
Accel: 0.060 0.159 1.039
Gyro: 50.308 3.723 -37.445
Accel: 0.027 0.173 1.041
Gyro: 45.288 4.272 -34.942
Accel: 0.009 0.186 1.062
Gyro: 41.870 3.646 -33.538
Accel: 0.038 0.176 1.180
Gyro: 39.993 -1.342 -31.631
Accel: 0.052 0.148 1.166
Gyro: 40.847 -14.953 -29.006
Accel: 0.061 0.110 1.179
Gyro: 42.388 -19.821 -27.465
Accel: 0.0000 0.074 1.155
Gyro: 41.061 -23.132 -28.442
Accel: 0.056 0.046 1.110
Gyro: 36.468 -21.209 -29.205
Accel: 0.095 0.005 1.055
Gyro: 29.235 -19.210 -29.449
Accel: 0.114 0.037 1.072
Gyro: 21.591 -18.432 -30.899
Accel: 0.125 0.097 1.080
Gyro: 12.710 -19.485 -34.164
Accel: 0.144 0.144 1.102
Gyro: 4.592 -18.264 -36.804
Accel: 0.169 0.153 1.115
Gyro: -1.419 -13.351 -37.353
Accel: 0.192 0.085 1.046
Gyro: -6.896 -7.522 -39.825
Accel: 0.222 0.126 0.956
Gyro: -14.175 -1.998 -42.617
Accel: 0.309 0.174 0.866
Gyro: -25.222 3.189 -45.516
Accel: 0.271 0.210 0.867
Gyro: -33.920 10.589 -47.714
Accel: 0.301 0.222 0.757
Gyro: -46.127 19.577 -50.155
Accel: 0.311 0.202 0.738
Gyro: -65.505 27.801 -53.619
Accel: 0.239 0.172 0.770
Gyro: -81.771 29.678 -55.160
Accel: 0.120 0.141 0.984
Gyro: -85.830 27.008 -53.192
Accel: 0.114 0.119 1.020
Gyro: -81.649 30.197 -51.956
Accel: 0.095 0.097 1.052
Gyro: -77.331 40.145 -51.544
Accel: 0.0001 0.088 1.046
Gyro: -73.959 47.409 -49.224
Accel: 0.330 0.072 1.243
Gyro: -53.070 41.0000 -31.997
Accel: 0.014 0.086 0.758
Gyro: -53.085 46.524 -32.287
Accel: 0.044 0.088 0.911
Gyro: -60.089 46.798 -30.685
Accel: 0.169 0.0100 1.064
Gyro: -41.275 37.078 -16.067
Accel: 0.070 0.077 0.819
Gyro: -32.226 33.020 -14.511
Accel: 0.029 0.080 0.861
Gyro: -33.004 34.057 -13.793
Accel: 0.017 0.094 0.910
Gyro: -30.471 36.300 -14.648
Accel: 0.060 0.102 1.090
Gyro: -23.773 39.459 -14.770
Accel: 0.151 0.122 1.188
Gyro: 1.525 37.261 -6.790
Accel: 0.0000 0.120 0.917
Gyro: 11.840 33.340 -8.041
Accel: 0.023 0.144 1.006
Gyro: 21.865 29.754 -8.529
Accel: 0.076 0.157 1.065
Gyro: 43.487 23.345 -6.668
Accel: 0.050 0.139 1.037
Gyro: 61.370 18.142 -6.835
Accel: 0.046 0.105 1.064
Gyro: 73.394 12.817 -9.857
Accel: 0.060 0.088 1.091
Gyro: 85.525 7.431 -13.305
Accel: 0.062 0.084 1.091
Gyro: 89.096 4.180 -16.891
Accel: 0.007 0.079 1.085
Gyro: 93.261 2.502 -23.605
Accel: 0.023 0.090 1.174
Gyro: 92.773 -2.944 -32.653
Accel: 0.027 0.104 1.107
Gyro: 91.873 -16.265 -40.649
Accel: 0.038 0.192 1.147
Gyro: 88.836 -35.736 -47.363
Accel: 0.050 0.182 1.066
Gyro: 77.484 -44.677 -51.849
Accel: 0.065 0.129 1.039
Gyro: 59.875 -41.885 -52.154
Accel: 0.019 0.245 1.013
Gyro: 42.388 -34.790 -49.438
Accel: 0.018 0.186 0.983
Gyro: 30.227 -32.867 -46.569
Accel: 0.150 0.166 0.598
Gyro: -4.486 -20.080 -35.064
Accel: 0.191 0.295 0.958
Gyro: -8.560 -21.148 -22.354
Accel: 0.127 0.160 0.798
Gyro: -10.513 -11.245 -9.429
Accel: 0.093 0.057 0.900
Gyro: -11.840 1.907 -4.409
Accel: 0.023 0.060 0.986
Gyro: -6.576 13.122 -5.233
Accel: 0.0010 0.060 1.084
Gyro: -8.056 21.057 -15.258
Accel: 0.090 0.020 1.091
Gyro: -16.876 25.573 -8.117
Accel: 0.167 0.106 1.122
Gyro: -23.605 18.432 -2.227
Accel: 0.180 0.244 1.145
Gyro: -19.134 1.251 12.908
Accel: 0.113 0.132 1.132
Gyro: -14.144 -13.488 24.276
Accel: 0.044 0.134 1.081
Gyro: -16.754 -17.257 24.322
Accel: 0.129 0.105 1.094
Gyro: -11.947 -13.961 17.730
Accel: 0.177 0.083 0.987
Gyro: -7.507 -6.744 9.292
Accel: 0.185 0.064 0.880
Gyro: -9.933 0.686 -3.494
Accel: 0.153 0.082 0.894
Gyro: -10.726 1.098 -5.157
Accel: 0.117 0.186 0.954
Gyro: -5.737 -1.449 -7.873
Accel: 0.057 0.166 0.998
Gyro: 0.793 -3.494 -9.521
Accel: 0.022 0.177 1.038
Gyro: 1.861 -5.996 -10.055
Accel: 0.009 0.179 1.013
Gyro: 4.104 -10.177 -9.689
Accel: 0.013 0.143 0.997
Gyro: 4.333 -14.511 -9.338
Accel: 0.024 0.092 1.0000
Gyro: 6.149 -17.456 -9.246
Accel: 0.053 0.067 0.979
Gyro: 6.866 -17.990 -10.803
Accel: 0.032 0.077 0.979
Gyro: 6.881 -15.228 -12.161
Accel: 0.069 0.072 0.976
Gyro: 5.691 -8.560 -14.175
Accel: 0.088 0.088 0.972
Gyro: 5.401 -1.861 -16.830
Accel: 0.077 0.102 0.944
Gyro: 6.301 1.876 -18.753
Accel: 0.077 0.125 0.920
Gyro: 7.247 0.610 -20.660
Accel: 0.114 0.134 0.964
Gyro: 10.910 -4.531 -25.070
Accel: 0.119 0.086 1.093
Gyro: 18.081 -10.086 -30.929
Accel: 0.029 0.013 1.0000
Gyro: 22.888 -7.339 -28.900
Accel: 0.071 0.040 0.881
Gyro: 13.824 4.043 -19.287
Accel: 0.039 0.082 0.952
Gyro: 12.603 6.423 -10.803
Accel: 0.120 0.086 1.002
Gyro: 13.641 7.461 -9.521
Accel: 0.099 0.099 1.062
Gyro: 15.213 7.659 -11.672
Accel: 0.020 0.113 1.046
Gyro: 19.058 6.164 -8.087
Accel: 0.088 0.113 1.014
Gyro: 20.141 2.944 2.563
Accel: 0.0100 0.095 1.002
Gyro: 20.126 -1.586 10.284
Accel: 0.069 0.097 1.054
Gyro: 17.395 -11.764 0.137
Accel: 0.004 0.044 0.970
Gyro: 4.074 -16.906 -7.369
Accel: 0.068 0.019 1.023
Gyro: 2.334 -17.379 -7.095
Accel: 0.102 0.026 1.150
Gyro: 4.898 -13.427 -6.958
Accel: 0.122 0.032 1.209
Gyro: 8.987 -8.071 -6.820
Accel: 0.090 0.094 1.177
Gyro: 11.901 -8.239 -6.729
Accel: 0.075 0.095 1.144
Gyro: 14.160 -13.870 -5.203
Accel: 0.093 0.053 1.090
Gyro: 12.695 -21.057 -3.555
Accel: 0.118 0.008 1.050
Gyro: 7.324 -26.107 -3.601
Accel: 0.110 0.003 1.013
Gyro: 0.305 -30.364 -5.203
Accel: 0.083 0.021 1.032
Gyro: -6.347 -33.142 -6.378
Accel: 0.074 0.047 1.063
Gyro: -10.086 -33.203 -6.195
Accel: 0.073 0.055 1.092
Gyro: -9.811 -29.830 -5.157
Accel: 0.101 0.038 1.102
Gyro: -8.300 -24.673 -4.257
Accel: 0.062 0.034 1.087
Gyro: -7.369 -18.630 -3.326
Accel: 0.123 0.046 1.078
Gyro: -5.554 -13.137 -1.739
Accel: 0.150 0.061 1.052
Gyro: -3.982 -7.781 0.961
Accel: 0.138 0.083 1.052
Gyro: -2.563 0.961 0.320
Accel: 0.131 0.101 1.053
Gyro: 0.259 5.004 2.624
Accel: 0.120 0.107 1.059
Gyro: 4.165 8.804 4.180
Accel: 0.090 0.090 1.050
Gyro: 6.698 11.489 4.623
Accel: 0.075 0.087 1.041
Gyro: 7.888 14.739 3.158
Accel: 0.066 0.083 1.019
Gyro: 10.635 17.669 0.518
Accel: 0.061 0.082 0.989
Gyro: 14.190 20.507 -2.182
Accel: 0.060 0.055 0.940
Gyro: 16.937 22.476 -4.653
Accel: 0.049 0.053 0.919
Gyro: 19.104 23.345 -6.134
Accel: 0.037 0.047 0.906
Gyro: 27.282 20.874 -6.698
Accel: 0.025 0.042 0.903
Gyro: 27.954 16.067 -6.698
Accel: 0.027 0.033 0.905
Gyro: 31.906 9.582 -7.476
Accel: 0.014 0.041 0.913
Gyro: 32.943 2.578 -8.514
Accel: 0.026 0.026 0.909
Gyro: 31.387 -4.470 -10.162
Accel: 0.035 0.004 0.899
Gyro: 28.228 -10.910 -11.169
Accel: 0.054 0.019 0.892
Gyro: 25.360 -15.808 -11.169
Accel: 0.070 0.025 0.901
Gyro: 21.591 -20.431 -9.567
Accel: 0.065 0.015 0.917
Gyro: 11.901 -24.230 -8.041
Accel: 0.084 0.018 0.930
Gyro: 9.628 -26.855 -8.514
Accel: 0.086 0.0000 0.935
Gyro: 5.310 -28.320 -10.528
Accel: 0.083 0.022 0.961
Gyro: 2.319 -29.006 -13.519
Accel: 0.069 0.046 0.987
Gyro: 0.289 -29.571 -15.365
Accel: 0.097 0.040 1.018
Gyro: 0.061 -29.525 -16.006
Accel: 0.115 0.039 1.020
Gyro: 0.915 -23.712 -15.472
Accel: 0.130 0.024 1.021
Gyro: -2.243 -22.903 -13.519
Accel: 0.153 0.009 1.023
Gyro: -1.678 -12.054 -10.696
Accel: 0.165 0.004 1.019
Gyro: 0.244 -6.164 -7.705
Accel: 0.165 0.0001 1.023
Gyro: 7.736 4.379 -4.608
Accel: 0.160 0.011 1.017
Gyro: 7.827 12.756 -2.243
Accel: 0.145 0.014 1.025
Gyro: 11.474 18.432 0.610
Accel: 0.135 0.018 1.026
Gyro: 14.739 21.606 2.975
Accel: 0.124 0.018 1.030
Gyro: 17.379 22.659 5.538
Accel: 0.114 0.028 1.023
Gyro: 18.753 22.933 11.581
Accel: 0.111 0.026 1.018
Gyro: 19.760 22.476 9.475
Accel: 0.108 0.020 1.014
Gyro: 21.133 21.347 10.559
Accel: 0.087 0.029 1.007
Gyro: 22.384 19.668 10.971
Accel: 0.079 0.034 1.009
Gyro: 22.094 16.265 10.498
Accel: 0.070 0.021 1.002
Gyro: 21.102 11.291 9.826
Accel: 0.076 0.0000 0.991
Gyro: 19.058 5.966 8.651
Accel: 0.072 0.008 0.984
Gyro: 15.762 0.839 8.224
Accel: 0.081 0.020 0.986
Gyro: 12.359 -7.492 7.339
Accel: 0.084 0.027 0.990
Gyro: 9.490 -6.912 6.652
Accel: 0.095 0.039 0.985
Gyro: 6.576 -7.537 5.798
Accel: 0.105 0.045 0.984
Gyro: 0.015 -5.294 4.791
Accel: 0.112 0.046 0.982
Gyro: 2.044 -1.327 3.585
Accel: 0.117 0.045 0.979
Gyro: 0.579 2.197 2.410
Accel: 0.113 0.047 0.981
Gyro: 0.244 4.379 1.831
Accel: 0.114 0.044 0.977
Gyro: -1.342 5.401 1.419
Accel: 0.113 0.042 0.977
Gyro: -2.502 5.767 1.205
Accel: 0.112 0.049 0.978
Gyro: -4.180 5.615 1.281
Accel: 0.112 0.055 0.982
Gyro: -5.844 5.279 1.312
Accel: 0.109 0.047 0.984
Gyro: -7.965 5.416 0.915
Accel: 0.099 0.043 0.983
Gyro: -10.269 5.661 0.762
Accel: 0.093 0.042 0.973
Gyro: -13.763 4.623 0.793
Accel: 0.084 0.041 0.972
Gyro: -17.440 1.953 1.022
Accel: 0.073 0.040 0.964
Gyro: -21.514 0.915 1.251
Accel: 0.066 0.029 0.963
Gyro: -25.634 -3.326 0.671
Accel: 0.062 0.011 0.965
Gyro: -29.296 -4.974 0.717
Accel: 0.055 0.003 0.977
Gyro: -31.143 -6.561 -2.075
Accel: 0.055 0.0000 0.990
Gyro: -30.822 -8.132 -3.524
Accel: 0.056 0.005 0.989
Gyro: -30.258 -8.895 -5.233
Accel: 0.059 0.009 0.991
Gyro: -29.983 -8.880 -6.790
Accel: 0.065 0.0001 0.992
Gyro: -29.724 -8.224 -7.934
Accel: 0.070 0.0001 0.991
Gyro: -29.403 -7.720 -8.972
Accel: 0.069 0.007 0.994
Gyro: -28.915 -7.278 -10.116
Accel: 0.063 0.015 0.997
Gyro: -27.877 -7.934 -11.215
Accel: 0.058 0.027 0.994
Gyro: -27.221 -9.048 -12.313
Accel: 0.063 0.028 0.996
Gyro: -26.794 -10.360 -13.122
Accel: 0.066 0.025 1.004
Gyro: -25.482 -12.359 -13.381
Accel: 0.070 0.026 1.0010
Gyro: -24.063 -14.617 -13.687
Accel: 0.069 0.031 1.017
Gyro: -22.689 -16.250 -13.610
Accel: 0.076 0.026 1.022
Gyro: -20.996 -17.318 -13.198
Accel: 0.079 0.031 1.024
Gyro: -19.760 -17.120 -12.680
Accel: 0.077 0.042 1.030
Gyro: -18.112 -16.296 -11.993
Accel: 0.082 0.049 1.026
Gyro: -15.975 -14.770 -11.627
Accel: 0.085 0.053 1.027
Gyro: -13.168 -12.374 -11.291
Accel: 0.087 0.059 1.039
Gyro: -9.124 -8.697 -10.879
Accel: 0.096 0.059 1.045
Gyro: -3.784 -4.409 -10.559
Accel: 0.099 0.060 1.047
Gyro: 1.724 0.335 -10.147
Accel: 0.098 0.060 1.057
Gyro: 7.629 2.883 -9.429
Accel: 0.102 0.057 1.049
Gyro: 12.939 5.310 -8.422
Accel: 0.102 0.054 1.040
Gyro: 16.021 7.110 -7.644
Accel: 0.099 0.052 1.033
Gyro: 18.325 7.431 -6.759
Accel: 0.098 0.047 1.021
Gyro: 19.256 6.668 -5.645
Accel: 0.097 0.048 1.011
Gyro: 18.829 5.065 -4.669
Accel: 0.098 0.052 1.008
Gyro: 17.654 3.402 -3.936
Accel: 0.101 0.049 1.0010
Gyro: 16.601 1.953 -2.929
Accel: 0.105 0.042 1.007
Gyro: 15.777 0.457 -1.861
Accel: 0.111 0.041 1.005
Gyro: 14.160 0.885 -1.190
Accel: 0.113 0.034 1.007
Gyro: 12.161 -2.868 0.762
Accel: 0.114 0.029 1.011
Gyro: 10.040 -5.752 0.061
Accel: 0.115 0.031 1.008
Gyro: 7.705 -8.621 0.579
Accel: 0.116 0.033 1.007
Gyro: 5.035 -10.803 1.037
Accel: 0.117 0.028 1.013
Gyro: 2.655 -11.535 1.708
Accel: 0.126 0.023 1.019
Gyro: 1.190 -10.131 2.593
Accel: 0.129 0.022 1.023
Gyro: 0.518 -7.446 3.143
Accel: 0.128 0.028 1.027
Gyro: 0.396 -3.768 3.479
Accel: 0.132 0.029 1.030
Gyro: 0.488 0.411 3.417
Accel: 0.120 0.032 1.032
Gyro: 1.083 4.241 3.311
Accel: 0.118 0.037 1.029
Gyro: 1.510 7.141 2.822
Accel: 0.107 0.039 1.021
Gyro: 1.281 8.926 2.197
Accel: 0.099 0.039 1.015
Gyro: 0.686 9.658 1.739
Accel: 0.0100 0.031 1.007
Gyro: 0.106 10.406 1.358
Accel: 0.093 0.037 1.002
Gyro: 0.991 11.184 0.839
Accel: 0.084 0.038 0.996
Gyro: -1.831 11.871 0.595
Accel: 0.081 0.035 0.991
Gyro: -3.097 12.588 0.350
Accel: 0.073 0.035 0.990
Gyro: -3.921 12.634 0.289
Accel: 0.069 0.040 0.985
Gyro: -5.050 11.734 0.030
Accel: 0.059 0.048 0.979
Gyro: -6.347 10.208 0.366
Accel: 0.052 0.047 0.974
Gyro: -7.888 8.514 0.411
Accel: 0.052 0.043 0.972
Gyro: -9.216 6.454 0.122
Accel: 0.052 0.040 0.968
Gyro: -10.528 5.157 0.106
Accel: 0.057 0.042 0.968
Gyro: -11.734 4.348 0.030
Accel: 0.057 0.044 0.971
Gyro: -12.481 3.875 0.503
Accel: 0.054 0.047 0.974
Gyro: -12.313 3.234 -1.174
Accel: 0.054 0.048 0.972
Gyro: -12.0100 2.746 -1.861
Accel: 0.053 0.055 0.968
Gyro: -12.237 2.670 -2.624
Accel: 0.056 0.057 0.972
Gyro: -12.268 2.593 -3.387
Accel: 0.056 0.061 0.973
Gyro: -11.581 1.937 -4.196
Accel: 0.059 0.065 0.975
Gyro: -10.513 1.190 -4.608
Accel: 0.062 0.067 0.974
Gyro: -9.521 0.671 -4.638
Accel: 0.062 0.070 0.978
Gyro: -8.0010 0.808 -3.921
Accel: 0.067 0.068 0.978
Gyro: -6.057 1.358 -2.838
Accel: 0.073 0.065 0.971
Gyro: -4.547 2.059 -1.510
Accel: 0.072 0.067 0.967
Gyro: -3.295 2.593 0.259
Accel: 0.070 0.071 0.967
Gyro: -1.953 2.746 0.762
Accel: 0.072 0.072 0.961
Gyro: -1.235 2.563 1.586
Accel: 0.078 0.059 0.955
Gyro: -1.235 2.151 2.151
Accel: 0.084 0.061 0.964
Gyro: -1.007 2.014 2.502
Accel: 0.088 0.0001 0.974
Gyro: 0.381 2.548 2.761
Accel: 0.090 0.061 0.971
Gyro: 0.228 3.524 2.655
Accel: 0.091 0.058 0.975
Gyro: 0.366 4.486 2.090
Accel: 0.087 0.065 0.978
Gyro: 0.228 4.867 1.632
Accel: 0.086 0.068 0.979
Gyro: 0.0000 4.714 1.007
Accel: 0.083 0.071 0.975
Gyro: 0.091 3.555 -3.875
Accel: 0.080 0.069 0.978
Gyro: -3.890 0.869 0.640
Accel: 0.082 0.069 0.977
Gyro: 0.198 -2.334 -1.205
Accel: 0.088 0.068 0.979
Gyro: 0.457 -5.264 -1.831
Accel: 0.086 0.072 0.980
Gyro: 1.129 -7.476 -2.044
Accel: 0.093 0.071 0.988
Gyro: 1.922 -8.789 -2.044
Accel: 0.095 0.070 0.995
Gyro: 3.280 -9.902 -1.754
Accel: 0.102 0.065 0.997
Gyro: 4.669 -10.177 -1.129
Accel: 0.104 0.059 0.999
Gyro: 6.042 -10.223 0.564
Accel: 0.105 0.060 0.991
Gyro: 5.966 -9.689 0.335
Accel: 0.096 0.071 0.987
Gyro: 5.722 -9.796 0.061
Accel: 0.0100 0.062 0.989
Gyro: 4.974 -9.887 0.045
Accel: 0.096 0.060 0.991
Gyro: 4.592 -9.811 0.396
Accel: 0.105 0.060 0.998
Gyro: 4.669 -8.865 0.350
Accel: 0.096 0.066 1.002
Gyro: 4.623 -7.583 0.656
Accel: 0.101 0.059 1.006
Gyro: 5.371 -6.607 0.885
Accel: 0.098 0.062 1.007
Gyro: 5.966 -5.599 0.976
Accel: 0.095 0.066 1.0010
Gyro: 6.011 -4.913 0.961
Accel: 0.096 0.068 1.007
Gyro: 5.981 -4.333 0.778
Accel: 0.097 0.0000 1.008
Gyro: 5.813 -3.982 1.113
Accel: 0.099 0.058 1.006
Gyro: 5.920 -4.180 1.632
Accel: 0.098 0.054 1.002
Gyro: 5.126 -3.845 2.349
Accel: 0.104 0.052 1.008
Gyro: 4.760 -3.341 2.685
Accel: 0.106 0.051 1.009
Gyro: 4.653 -2.777 2.853
Accel: 0.101 0.053 1.011
Gyro: 4.592 -2.807 2.853
Accel: 0.0100 0.048 1.013
Gyro: 4.486 -3.524 3.067
Accel: 0.097 0.050 1.014
Gyro: 4.211 -4.501 3.189
Accel: 0.098 0.047 1.015
Gyro: 0.045 -5.615 2.990
Accel: 0.096 0.046 1.014
Gyro: 3.555 -6.530 2.700
Accel: 0.101 0.049 1.016
Gyro: 2.624 -6.729 2.059
Accel: 0.094 0.055 1.018
Gyro: 1.846 -6.149 1.739
Accel: 0.098 0.052 1.018
Gyro: 0.976 -4.837 1.419
Accel: 0.102 0.044 1.019
Gyro: 0.869 -4.074 1.571
Accel: 0.102 0.044 1.020
Gyro: 1.007 -3.112 1.922
Accel: 0.108 0.043 1.017
Gyro: 1.419 -2.044 1.953
Accel: 0.109 0.046 1.016
Gyro: 1.922 0.473 1.922
