Accel: 0.006 0.136 0.846
Gyro: 24.200 -3.280 7.888
Accel: 0.002 0.129 0.844
Gyro: 22.171 -2.944 6.683
Accel: 0.003 0.119 0.845
Gyro: 19.805 -2.700 5.706
Accel: 0.008 0.112 0.846
Gyro: 17.318 -2.807 5.386
Accel: 0.011 0.102 0.847
Gyro: 14.358 -2.716 5.828
Accel: 0.016 0.093 0.851
Gyro: 11.367 -2.319 6.256
Accel: 0.018 0.091 0.857
Gyro: 8.361 -1.403 6.454
Accel: 0.015 0.092 0.863
Gyro: 5.996 0.503 6.317
Accel: 0.009 0.088 0.872
Gyro: 3.555 0.076 5.523
Accel: 0.005 0.089 0.883
Gyro: 0.595 0.183 4.058
Accel: 0.002 0.094 0.891
Gyro: -2.380 0.793 1.953
Accel: 0.002 0.094 0.900
Gyro: -5.706 1.586 0.137
Accel: 0.008 0.092 0.910
Gyro: -8.621 2.212 0.915
Accel: 0.020 0.088 0.924
Gyro: -10.940 2.593 -1.129
Accel: 0.023 0.081 0.939
Gyro: -12.420 3.601 0.854
Accel: 0.023 0.082 0.949
Gyro: -12.802 4.806 0.198
Accel: 0.026 0.091 0.956
Gyro: -12.145 5.462 0.793
Accel: 0.018 0.101 0.964
Gyro: -11.230 6.149 1.739
Accel: 0.015 0.101 0.971
Gyro: -9.933 6.393 2.593
Accel: 0.014 0.097 0.979
Gyro: -8.193 6.393 3.051
Accel: 0.014 0.091 0.981
Gyro: -6.256 6.042 3.219
Accel: 0.018 0.093 0.983
Gyro: -4.470 5.462 3.448
Accel: 0.021 0.097 0.983
Gyro: -3.601 4.898 3.768
Accel: 0.027 0.102 0.982
Gyro: -3.402 4.592 4.028
Accel: 0.031 0.0100 0.981
Gyro: -4.074 4.089 4.089
Accel: 0.033 0.097 0.986
Gyro: -5.371 3.448 4.043
Accel: 0.031 0.102 0.989
Gyro: -7.431 2.578 3.906
Accel: 0.033 0.110 0.996
Gyro: -9.826 1.846 3.662
Accel: 0.039 0.118 1.004
Gyro: -12.359 0.930 3.280
Accel: 0.031 0.129 1.013
Gyro: -14.663 0.015 2.853
Accel: 0.021 0.133 1.026
Gyro: -17.211 -1.037 2.105
Accel: 0.013 0.131 1.044
Gyro: -20.309 -1.693 0.930
Accel: 0.007 0.124 1.062
Gyro: -23.513 -1.235 0.228
Accel: 0.008 0.120 1.086
Gyro: -26.565 0.122 -1.434
Accel: 0.020 0.186 1.114
Gyro: -29.693 1.693 -2.105
Accel: 0.034 0.141 1.140
Gyro: -31.158 3.372 -1.892
Accel: 0.051 0.154 1.175
Gyro: -30.517 4.135 -1.235
Accel: 0.050 0.166 1.209
Gyro: -26.718 5.233 0.015
Accel: 0.054 0.175 1.243
Gyro: -20.217 6.347 1.174
Accel: 0.060 0.188 1.271
Gyro: -12.329 6.301 2.319
Accel: 0.058 0.188 1.287
Gyro: -4.150 5.050 3.189
Accel: 0.052 0.185 1.298
Gyro: 2.548 3.234 3.494
Accel: 0.046 0.184 1.295
Gyro: 8.605 1.678 3.295
Accel: 0.048 0.184 1.289
Gyro: 12.557 0.381 2.853
Accel: 0.046 0.187 1.281
Gyro: 13.122 0.473 2.090
Accel: 0.048 0.189 1.274
Gyro: 11.215 0.793 1.678
Accel: 0.051 0.202 1.270
Gyro: 8.071 0.854 1.785
Accel: 0.043 0.223 1.266
Gyro: 5.249 -1.464 2.166
Accel: 0.040 0.244 1.263
Gyro: 3.860 -2.426 2.410
Accel: 0.040 0.255 1.265
Gyro: 3.341 -3.097 1.632
Accel: 0.041 0.261 1.266
Gyro: 7.766 -3.280 0.137
Accel: 0.038 0.268 1.264
Gyro: 5.554 -2.716 -2.243
Accel: 0.047 0.273 1.265
Gyro: 7.949 -1.800 -3.707
Accel: 0.049 0.276 1.269
Gyro: 9.933 0.091 -4.547
Accel: 0.049 0.289 1.267
Gyro: 11.825 2.609 -4.302
Accel: 0.049 0.306 1.263
Gyro: 14.038 4.653 -2.868
Accel: 0.053 0.310 1.260
Gyro: 16.693 6.042 -1.113
Accel: 0.050 0.296 1.255
Gyro: 19.699 6.149 0.228
Accel: 0.053 0.301 1.240
Gyro: 27.267 4.241 0.503
Accel: 0.065 0.325 1.216
Gyro: 27.816 1.327 2.822
Accel: 0.068 0.342 1.182
Gyro: 32.745 -1.556 5.920
Accel: 0.061 0.328 1.144
Gyro: 37.002 -3.341 7.858
Accel: 0.050 0.289 1.102
Gyro: 39.657 -4.455 8.529
Accel: 0.044 0.241 1.061
Gyro: 39.993 -5.599 7.583
Accel: 0.031 0.128 1.026
Gyro: 38.223 -6.378 5.416
Accel: 0.0010 0.141 0.991
Gyro: 34.286 -6.347 2.960
Accel: 0.003 0.116 0.955
Gyro: 29.785 -6.011 1.205
Accel: 0.005 0.087 0.925
Gyro: 24.581 -4.898 0.091
Accel: 0.014 0.054 0.900
Gyro: 18.173 -3.005 0.762
Accel: 0.027 0.030 0.878
Gyro: 11.596 0.457 0.579
Accel: 0.017 0.005 0.874
Gyro: 6.576 5.004 0.061
Accel: 0.014 0.023 0.876
Gyro: 1.678 10.055 0.503
Accel: 0.041 0.041 0.873
Gyro: -3.067 13.519 -1.174
Accel: 0.124 0.047 0.870
Gyro: -9.231 16.693 -1.876
Accel: 0.087 0.035 0.867
Gyro: -19.226 19.012 -1.693
Accel: 0.112 0.013 0.875
Gyro: -20.050 20.355 0.091
Accel: 0.118 0.015 0.893
Gyro: -24.047 22.445 2.334
Accel: 0.108 0.006 0.910
Gyro: -27.481 25.161 5.493
Accel: 0.088 0.014 0.920
Gyro: -29.754 27.786 9.460
Accel: 0.074 0.027 0.931
Gyro: -31.661 30.258 13.092
Accel: 0.068 0.031 0.942
Gyro: -33.523 32.211 15.090
Accel: 0.073 0.044 0.959
Gyro: -35.751 33.813 15.747
Accel: 0.094 0.068 0.975
Gyro: -37.292 34.759 15.579
Accel: 0.122 0.091 0.992
Gyro: -36.392 33.752 15.716
Accel: 0.126 0.099 1.013
Gyro: -33.477 30.563 16.265
Accel: 0.110 0.113 1.041
Gyro: -29.937 27.221 17.532
Accel: 0.099 0.133 1.062
Gyro: -25.787 22.369 23.376
Accel: 0.089 0.149 1.077
Gyro: -20.355 18.417 21.621
Accel: 0.075 0.160 1.089
Gyro: -14.328 15.960 23.452
Accel: 0.068 0.171 1.091
Gyro: -6.561 14.160 24.215
Accel: 0.058 0.250 1.089
Gyro: 7.049 12.481 23.651
Accel: 0.072 0.194 1.077
Gyro: 14.099 8.316 21.347
Accel: 0.090 0.188 1.060
Gyro: 25.650 1.296 18.264
Accel: 0.112 0.164 1.046
Gyro: 35.415 -6.790 15.472
Accel: 0.127 0.131 1.037
Gyro: 40.924 -15.502 12.695
Accel: 0.114 0.095 1.034
Gyro: 40.939 -21.850 10.131
Accel: 0.073 0.090 1.025
Gyro: 38.375 -26.0000 7.705
Accel: 0.036 0.105 1.009
Gyro: 35.690 -28.213 5.676
Accel: 0.036 0.132 0.989
Gyro: 35.217 -29.449 3.051
Accel: 0.050 0.156 0.960
Gyro: 37.384 -30.838 0.930
Accel: 0.058 0.180 0.935
Gyro: 40.481 -33.081 -5.920
Accel: 0.051 0.191 0.912
Gyro: 42.236 -36.392 -10.833
Accel: 0.047 0.182 0.895
Gyro: 41.870 -39.916 -14.587
Accel: 0.045 0.163 0.881
Gyro: 39.474 -43.548 -18.035
Accel: 0.039 0.136 0.873
Gyro: 36.376 -46.234 -20.156
Accel: 0.043 0.099 0.871
Gyro: 33.187 -47.134 -21.163
Accel: 0.059 0.057 0.877
Gyro: 28.945 -47.897 -20.874
Accel: 0.067 0.021 0.885
Gyro: 24.566 -48.416 -19.607
Accel: 0.053 0.009 0.884
Gyro: 20.843 -47.256 -18.325
Accel: 0.025 0.023 0.879
Gyro: 19.134 -44.692 -17.669
Accel: 0.018 0.066 0.871
Gyro: 18.798 -41.503 -17.089
Accel: 0.032 0.108 0.860
Gyro: 18.905 -35.293 -16.128
Accel: 0.045 0.125 0.854
Gyro: 18.173 -37.185 -15.060
Accel: 0.053 0.113 0.850
Gyro: 16.357 -35.125 -13.702
Accel: 0.052 0.075 0.852
Gyro: 13.458 -32.073 -11.337
Accel: 0.050 0.026 0.865
Gyro: 10.620 -28.579 -8.621
Accel: 0.045 0.002 0.877
Gyro: 8.270 -24.337 -5.813
Accel: 0.032 0.006 0.887
Gyro: 6.774 -20.111 -2.944
Accel: 0.002 0.005 0.888
Gyro: 7.751 -14.282 3.738
Accel: 0.019 0.029 0.874
Gyro: 11.795 -4.272 3.280
Accel: 0.028 0.042 0.858
Gyro: 17.242 -2.304 6.454
Accel: 0.020 0.041 0.839
Gyro: 21.408 2.639 8.834
Accel: 0.025 0.033 0.827
Gyro: 23.223 6.393 10.513
Accel: 0.032 0.024 0.826
Gyro: 21.606 8.682 11.367
Accel: 0.040 0.025 0.825
Gyro: 18.096 9.490 12.298
Accel: 0.062 0.031 0.827
Gyro: 14.968 10.803 12.817
Accel: 0.078 0.024 0.833
Gyro: 13.290 13.107 12.634
Accel: 0.075 0.005 0.840
Gyro: 11.108 14.739 11.962
Accel: 0.052 0.030 0.846
Gyro: 4.013 15.960 11.520
Accel: 0.021 0.032 0.843
Gyro: 3.524 17.272 11.505
Accel: 0.0000 0.051 0.986
Gyro: 16.006 0.625 -2.273
Accel: 0.052 0.048 0.980
Gyro: 15.853 1.052 -3.356
Accel: 0.042 0.043 0.980
Gyro: 15.350 1.388 -4.241
Accel: 0.041 0.034 0.977
Gyro: 14.434 2.120 -4.745
Accel: 0.039 0.025 0.976
Gyro: 13.732 2.716 -5.218
Accel: 0.041 0.012 0.978
Gyro: 12.390 3.097 -5.645
Accel: 0.046 0.061 0.983
Gyro: 10.467 3.356 -5.676
Accel: 0.048 0.004 0.985
Gyro: 8.270 3.631 -5.233
Accel: 0.050 0.002 0.988
Gyro: 6.896 3.768 -4.425
Accel: 0.056 0.0000 0.988
Gyro: 5.538 3.982 -3.723
Accel: 0.056 0.0000 0.986
Gyro: 4.470 3.417 -3.524
Accel: 0.061 0.002 0.987
Gyro: 3.372 2.532 -3.768
Accel: 0.066 0.0001 0.987
Gyro: 2.166 1.693 -4.364
Accel: 0.062 0.005 0.986
Gyro: 0.946 1.113 -5.218
Accel: 0.054 0.0010 0.990
Gyro: 0.167 0.411 -5.813
Accel: 0.047 0.014 0.990
Gyro: -1.388 0.244 -6.103
Accel: 0.041 0.005 0.989
Gyro: -2.243 0.381 -5.844
Accel: 0.039 0.005 0.992
Gyro: -2.960 0.396 -5.187
Accel: 0.038 0.012 0.998
Gyro: -4.287 0.061 -4.486
Accel: 0.039 0.023 1.003
Gyro: -5.462 0.366 -3.662
Accel: 0.044 0.028 1.007
Gyro: -5.752 0.610 -2.838
Accel: 0.053 0.016 1.013
Gyro: -5.325 0.411 -2.243
Accel: 0.058 0.002 1.022
Gyro: 0.137 0.015 -1.358
Accel: 0.057 0.002 1.026
Gyro: -2.182 0.305 0.061
Accel: 0.052 0.0000 1.028
Gyro: 0.137 0.595 0.823
Accel: 0.050 0.003 1.027
Gyro: 1.632 1.266 0.976
Accel: 0.047 0.008 1.024
Gyro: 3.234 1.708 0.900
Accel: 0.045 0.014 1.019
Gyro: 4.562 1.739 0.762
Accel: 0.043 0.023 1.012
Gyro: 5.142 1.846 0.976
Accel: 0.043 0.027 1.007
Gyro: 5.523 1.983 1.083
Accel: 0.044 0.031 1.002
Gyro: 5.340 1.876 1.419
Accel: 0.051 0.032 1.0000
Gyro: 5.142 1.785 1.571
Accel: 0.056 0.024 1.004
Gyro: 5.142 1.678 1.296
Accel: 0.056 0.017 1.003
Gyro: 5.126 1.129 1.083
Accel: 0.056 0.005 1.004
Gyro: 4.898 0.457 0.808
Accel: 0.052 0.004 1.0001
Gyro: 4.898 0.518 0.946
Accel: 0.053 0.019 1.004
Gyro: 5.126 -1.312 0.732
Accel: 0.058 0.021 1.003
Gyro: 5.584 -1.647 0.595
Accel: 0.054 0.015 1.0001
Gyro: 6.057 -2.487 0.335
Accel: 0.052 0.011 0.996
Gyro: 6.622 -3.417 0.030
Accel: 0.052 0.014 0.996
Gyro: 6.561 -4.196 0.762
Accel: 0.052 0.015 0.997
Gyro: 6.072 -5.035 -1.724
Accel: 0.051 0.013 0.990
Gyro: 5.691 -6.027 -2.609
Accel: 0.053 0.014 0.992
Gyro: 5.584 -7.141 -3.295
Accel: 0.060 0.013 0.989
Gyro: 5.310 -8.483 -4.287
Accel: 0.069 0.009 0.988
Gyro: 5.142 -9.918 -5.416
Accel: 0.075 0.0010 0.989
Gyro: 5.325 -10.986 -6.668
Accel: 0.075 0.017 0.989
Gyro: 5.569 -11.444 -8.178
Accel: 0.070 0.021 0.989
Gyro: 5.554 -12.054 -9.353
Accel: 0.059 0.018 0.989
Gyro: 5.645 -12.268 -9.948
Accel: 0.062 0.016 0.990
Gyro: 5.599 -12.145 -10.330
Accel: 0.065 0.017 0.992
Gyro: 5.279 -11.672 -10.742
Accel: 0.064 0.016 0.995
Gyro: 4.867 -11.184 -11.077
Accel: 0.067 0.0010 0.996
Gyro: 4.318 -10.726 -11.108
Accel: 0.070 0.007 0.994
Gyro: 3.692 -9.933 -11.123
Accel: 0.070 0.006 0.999
Gyro: 3.280 -9.216 -11.138
Accel: 0.073 0.003 0.999
Gyro: 2.593 -8.483 -11.474
Accel: 0.072 0.0000 0.998
Gyro: 1.800 -7.644 -11.398
Accel: 0.073 0.002 0.999
Gyro: 1.159 -7.110 -11.077
Accel: 0.077 0.0010 1.004
Gyro: 0.564 -6.622 -10.635
Accel: 0.083 0.016 1.011
Gyro: 0.091 -5.859 -10.147
Accel: 0.087 0.020 1.013
Gyro: 0.747 -5.538 -9.460
Accel: 0.089 0.018 1.018
Gyro: 0.885 -5.004 -8.834
Accel: 0.087 0.016 1.020
Gyro: 0.793 -4.364 -8.285
Accel: 0.081 0.018 1.020
Gyro: 0.625 -4.013 -7.263
Accel: 0.074 0.013 1.017
Gyro: 0.610 -3.387 -6.088
Accel: 0.075 0.009 1.013
Gyro: 0.671 -2.517 -5.096
Accel: 0.079 0.011 1.014
Gyro: 0.778 -1.937 -4.455
Accel: 0.082 0.015 1.017
Gyro: -1.052 -1.403 -4.180
Accel: 0.082 0.015 1.019
Gyro: -1.037 0.869 -3.829
Accel: 0.082 0.016 1.021
Gyro: 0.747 0.473 -3.463
Accel: 0.081 0.014 1.022
Gyro: 0.579 0.228 -2.960
Accel: 0.077 0.009 1.022
Gyro: 0.549 0.579 -2.243
Accel: 0.080 0.0000 1.020
Gyro: 0.747 0.976 -1.480
Accel: 0.081 0.007 1.015
Gyro: 0.854 1.205 0.854
Accel: 0.078 0.0010 1.013
Gyro: -1.510 1.190 0.381
Accel: 0.075 0.012 1.007
Gyro: -2.273 0.869 0.030
Accel: 0.076 0.011 1.003
Gyro: -2.899 0.488 0.091
Accel: 0.078 0.004 1.002
Gyro: -3.494 0.381 0.045
Accel: 0.079 0.0000 1.0001
Gyro: -3.799 0.442 0.122
Accel: 0.071 0.004 1.002
Gyro: -3.768 0.213 0.244
Accel: 0.070 0.014 1.005
Gyro: -3.463 0.213 0.503
Accel: 0.069 0.012 1.006
Gyro: -3.051 0.076 -1.129
Accel: 0.064 0.011 1.004
Gyro: -2.426 0.244 -1.708
Accel: 0.057 0.011 1.004
Gyro: -2.258 0.457 -1.800
Accel: 0.056 0.007 0.998
Gyro: -2.334 0.656 -1.556
Accel: 0.059 0.008 0.997
Gyro: -2.212 0.396 -1.312
Accel: 0.058 0.004 0.993
Gyro: -2.227 0.015 0.930
Accel: 0.055 0.008 0.994
Gyro: -2.578 0.228 0.259
Accel: 0.057 0.007 0.992
Gyro: -2.929 0.564 0.381
Accel: 0.058 0.0010 0.992
Gyro: -3.494 0.961 0.732
Accel: 0.056 0.009 0.994
Gyro: 0.045 1.434 0.717
Accel: 0.052 0.004 0.991
Gyro: -4.028 1.937 0.671
Accel: 0.048 0.002 0.988
Gyro: -3.997 2.319 0.564
Accel: 0.044 0.009 0.984
Gyro: -3.753 2.578 0.549
Accel: 0.047 0.014 0.979
Gyro: -3.921 2.761 0.518
Accel: 0.050 0.013 0.977
Gyro: -4.196 3.173 0.381
Accel: 0.057 0.011 0.976
Gyro: -5.172 3.036 0.122
Accel: 0.066 0.013 0.980
Gyro: -6.179 2.914 0.350
Accel: 0.069 0.017 0.987
Gyro: -7.614 2.670 -1.235
Accel: 0.059 0.025 0.995
Gyro: -8.712 1.998 -1.495
Accel: 0.055 0.026 1.0001
Gyro: -8.941 1.525 -1.174
Accel: 0.055 0.020 1.003
Gyro: -8.102 1.052 0.930
Accel: 0.052 0.014 1.006
Gyro: -6.591 0.488 0.823
Accel: 0.052 0.007 1.0001
Gyro: -5.035 0.106 0.762
Accel: 0.045 0.003 1.003
Gyro: -3.707 0.778 0.579
Accel: 0.049 0.003 1.0001
Gyro: -2.868 -1.525 0.350
Accel: 0.056 0.005 1.062
Gyro: -2.426 -1.953 0.381
Accel: 0.124 0.012 1.0001
Gyro: -1.953 -2.868 0.762
Accel: 0.068 0.014 1.003
Gyro: -1.693 -3.524 -1.464
Accel: 0.072 0.003 1.004
Gyro: -1.937 -3.631 -2.380
Accel: 0.070 0.008 1.002
Gyro: -2.075 -3.662 -3.036
Accel: 0.061 0.014 1.0001
Gyro: -2.044 -4.379 -3.662
Accel: 0.053 0.018 1.004
Gyro: -2.288 -4.806 -4.089
Accel: 0.053 0.020 1.005
Gyro: -2.380 -4.898 -3.799
Accel: 0.056 0.021 1.0000
Gyro: -2.655 -4.776 -3.112
Accel: 0.061 0.024 0.995
Gyro: -2.944 -4.440 -2.593
Accel: 0.064 0.019 0.989
Gyro: -3.433 -3.540 -2.197
Accel: 0.065 0.012 0.985
Gyro: -4.287 -2.868 -2.044
Accel: 0.070 0.013 0.986
Gyro: -5.294 -3.036 -2.120
Accel: 0.074 0.013 0.992
Gyro: -6.271 -2.716 -2.410
Accel: 0.065 0.017 1.0000
Gyro: -7.080 -3.051 -2.517
Accel: 0.059 0.021 1.007
Gyro: -7.339 -3.570 -1.831
Accel: 0.063 0.025 1.013
Gyro: -7.125 -4.119 0.961
Accel: 0.067 0.027 1.012
Gyro: -6.835 -4.425 0.091
Accel: 0.073 0.030 1.009
Gyro: -6.164 -4.409 0.457
Accel: 0.074 0.034 1.003
Gyro: -5.447 -4.272 0.396
Accel: 0.074 0.033 1.0001
Gyro: -4.913 -4.013 0.106
Accel: 0.072 0.033 0.996
Gyro: -4.501 -3.890 0.061
Accel: 0.070 0.027 0.996
Gyro: -3.845 -4.043 0.396
Accel: 0.072 0.025 0.996
Gyro: -3.280 -3.845 0.747
Accel: 0.078 0.022 0.997
Gyro: -2.670 -3.570 0.793
Accel: 0.077 0.016 0.995
Gyro: -2.212 -3.372 0.381
Accel: 0.078 0.006 0.993
Gyro: -1.785 -2.807 0.518
Accel: 0.082 0.0000 0.989
Gyro: -1.876 -2.288 1.113
Accel: 0.080 0.008 0.982
Gyro: -2.120 -1.815 1.419
Accel: 0.078 0.016 0.976
Gyro: -2.670 -1.510 1.708
Accel: 0.078 0.017 0.974
Gyro: -3.494 -1.403 1.876
Accel: 0.082 0.017 0.976
Gyro: -4.318 -1.083 1.617
Accel: 0.079 0.018 0.983
Gyro: -5.508 0.671 1.068
Accel: 0.074 0.020 0.987
Gyro: -6.301 0.289 0.915
Accel: 0.071 0.017 0.991
Gyro: -6.835 0.122 1.724
Accel: 0.070 0.016 0.998
Gyro: -7.415 0.534 2.960
Accel: 0.080 0.020 1.004
Gyro: -8.0010 0.808 4.013
Accel: 0.090 0.032 1.009
Gyro: -7.949 1.144 4.791
Accel: 0.089 0.042 1.014
Gyro: -7.659 1.007 5.020
Accel: 0.083 0.047 1.018
Gyro: -7.171 0.793 5.081
Accel: 0.084 0.049 1.022
Gyro: -6.103 0.595 5.218
Accel: 0.091 0.050 1.028
Gyro: -4.699 0.564 5.462
Accel: 0.093 0.040 1.034
Gyro: -3.295 0.564 5.584
Accel: 0.101 0.031 1.036
Gyro: -1.892 0.518 5.294
Accel: 0.104 0.037 1.034
Gyro: 0.122 0.396 5.111
Accel: 0.104 0.041 1.029
Gyro: 1.068 0.152 4.821
Accel: 0.101 0.046 1.024
Gyro: 2.105 0.183 4.211
Accel: 0.094 0.051 1.018
Gyro: 2.990 0.061 3.829
Accel: 0.090 0.054 1.017
Gyro: 4.211 0.106 3.082
Accel: 0.087 0.054 1.014
Gyro: 4.714 0.137 2.105
Accel: 0.086 0.047 1.013
Gyro: 5.203 0.534 1.876
Accel: 0.092 0.042 1.014
Gyro: 5.569 0.808 2.304
Accel: 0.097 0.042 1.014
Gyro: 5.889 -1.052 2.929
Accel: 0.104 0.041 1.014
Gyro: 5.981 -1.052 3.540
Accel: 0.103 0.050 1.011
Gyro: 5.813 -1.007 3.890
Accel: 0.099 0.054 1.004
Gyro: 5.340 -1.327 3.707
Accel: 0.098 0.058 1.0001
Gyro: 4.318 -1.708 3.067
Accel: 0.098 0.063 0.999
Gyro: 3.082 -1.403 1.876
Accel: 0.097 0.064 0.999
Gyro: 1.632 -1.113 0.778
Accel: 0.094 0.065 1.0000
Gyro: 0.091 -1.052 0.228
Accel: 0.097 0.068 1.0000
Gyro: -1.785 -1.022 0.900
Accel: 0.098 0.062 1.002
Gyro: -3.509 -1.342 -1.525
Accel: 0.101 0.063 1.003
Gyro: -4.669 -1.785 -1.983
Accel: 0.108 0.061 1.002
Gyro: -5.447 -2.166 -2.471
Accel: 0.111 0.065 1.002
Gyro: -6.011 -2.212 -2.822
Accel: 0.104 0.067 1.002
Gyro: -5.996 -2.395 -3.128
Accel: 0.098 0.066 1.009
Gyro: -5.950 -2.059 -3.646
Accel: 0.092 0.064 1.0010
Gyro: -5.645 0.869 -3.952
Accel: 0.081 0.068 1.011
Gyro: -4.684 0.289 -3.799
Accel: 0.065 0.056 1.016
Gyro: -3.585 0.778 -3.601
Accel: 0.065 0.044 1.021
Gyro: -3.219 0.869 -3.280
Accel: 0.076 0.044 1.020
Gyro: -2.548 0.854 -2.273
Accel: 0.088 0.041 1.019
Gyro: -1.403 0.701 0.854
Accel: 0.093 0.034 1.014
Gyro: 3.814 0.610 0.030
Accel: 0.088 0.037 1.007
Gyro: 1.129 0.579 0.610
Accel: 0.085 0.043 1.0001
Gyro: 1.953 0.259 0.900
Accel: 0.086 0.041 0.994
Gyro: 2.258 0.503 0.762
Accel: 0.076 0.036 0.987
Gyro: 2.670 0.564 0.762
Accel: 0.073 0.032 0.983
Gyro: 2.914 -3.784 0.930
Accel: 0.088 0.035 0.979
Gyro: 2.838 0.305 0.762
Accel: 0.096 0.036 0.978
Gyro: 2.883 0.289 0.259
Accel: 0.097 0.034 0.975
Gyro: 2.426 0.167 0.381
Accel: 0.097 0.039 0.970
Gyro: 1.800 0.381 0.701
Accel: 0.089 0.042 0.964
Gyro: 1.449 1.220 -1.098
Accel: 0.079 0.034 0.962
Gyro: 0.442 1.983 -1.235
Accel: 0.082 0.038 0.953
Gyro: 0.457 2.624 -1.068
Accel: 0.082 0.043 0.946
Gyro: -1.022 3.067 0.625
Accel: 0.073 0.041 0.942
Gyro: -1.098 3.189 0.061
Accel: 0.072 0.033 0.939
Gyro: -1.419 2.944 0.946
Accel: 0.078 0.026 0.939
Gyro: -1.495 2.899 1.602
Accel: 0.085 0.024 0.934
Gyro: -1.205 3.189 2.075
Accel: 0.090 0.016 0.929
Gyro: -1.266 3.890 2.334
Accel: 0.078 0.009 0.918
Gyro: -1.724 4.409 2.700
Accel: 0.072 0.015 0.906
Gyro: -2.120 4.562 3.463
Accel: 0.076 0.028 0.890
Gyro: -3.295 5.355 4.119
Accel: 0.076 0.049 0.866
Gyro: -4.486 6.591 4.577
Accel: 0.075 0.075 0.839
Gyro: -5.508 7.553 4.928
Accel: 0.070 0.097 0.805
Gyro: -6.225 7.949 5.676
Accel: 0.072 0.112 0.761
Gyro: -5.142 7.339 7.080
Accel: 0.071 0.106 0.713
Gyro: -2.639 6.469 9.353
Accel: 0.069 0.082 0.664
Gyro: 0.808 5.340 12.588
Accel: 0.075 0.062 0.595
Gyro: 0.488 4.440 15.487
Accel: 0.094 0.042 0.509
Gyro: 0.701 6.683 15.945
Accel: 0.095 0.015 0.391
Gyro: 2.014 5.615 13.290
Accel: 0.183 0.012 0.268
Gyro: 4.135 3.768 11.154
Accel: 0.122 0.027 0.189
Gyro: 9.918 -3.936 9.429
Accel: 0.047 0.032 0.109
Gyro: 18.569 -18.432 -3.326
Accel: 0.012 0.028 0.107
Gyro: 23.864 -34.210 -9.048
Accel: 0.0001 0.013 0.070
Gyro: 26.229 -41.641 -10.177
Accel: 0.007 0.003 0.042
Gyro: 26.275 -49.697 -7.690
Accel: 0.021 0.028 0.048
Gyro: 25.711 -54.031 -1.464
Accel: 0.006 0.011 0.021
Gyro: 28.991 -51.422 0.869
Accel: 0.0000 0.005 0.049
Gyro: 31.585 -47.821 -1.571
Accel: 0.002 0.004 0.047
Gyro: 33.645 -44.433 -2.334
Accel: 0.0000 0.005 0.047
Gyro: 34.927 -41.061 -3.051
Accel: 0.0001 0.003 0.043
Gyro: 35.858 -37.872 -3.692
Accel: 0.0000 0.005 0.042
Gyro: 36.361 -34.606 -4.165
Accel: 0.0001 0.004 0.046
Gyro: 36.804 -31.204 -4.745
Accel: 0.004 0.004 0.047
Gyro: 36.972 -27.893 -5.233
Accel: 0.004 0.004 0.052
Gyro: 36.911 -24.597 -5.676
Accel: 0.005 0.003 0.054
Gyro: 36.697 -21.331 -5.859
Accel: 0.005 0.003 0.058
Gyro: 36.499 -18.234 -6.301
Accel: 0.003 0.003 0.056
Gyro: 36.361 -15.243 -6.500
Accel: 0.005 0.003 0.067
Gyro: 36.178 -12.054 -6.790
Accel: 0.003 0.004 0.071
Gyro: 35.705 -9.307 -7.095
Accel: 0.005 0.0000 0.072
Gyro: 35.354 -6.057 -7.446
Accel: 0.003 0.002 0.075
Gyro: 34.759 -2.792 -7.797
Accel: 0.004 0.002 0.076
Gyro: 34.164 0.457 -8.071
Accel: 0.005 0.002 0.079
Gyro: 33.538 3.784 -8.392
Accel: 0.006 0.002 0.081
Gyro: 33.203 7.003 -8.636
Accel: 0.005 0.002 0.083
Gyro: 33.096 10.391 -8.697
Accel: 0.005 0.004 0.089
Gyro: 33.340 13.748 -8.697
Accel: 0.009 0.006 0.091
Gyro: 34.103 16.754 -8.605
Accel: 0.006 0.006 0.094
Gyro: 35.034 20.263 -8.377
Accel: 0.006 0.007 0.097
Gyro: 36.270 23.559 -8.148
Accel: 0.008 0.008 0.0100
Gyro: 37.811 27.160 -7.888
Accel: 0.008 0.007 0.104
Gyro: 39.276 30.700 -7.553
Accel: 0.007 0.009 0.108
Gyro: 41.137 34.378 -7.247
Accel: 0.009 0.0010 0.112
Gyro: 43.106 38.146 -6.820
Accel: 0.009 0.013 0.117
Gyro: 45.227 42.098 -6.439
Accel: 0.0010 0.013 0.121
Gyro: 47.531 45.593 -5.996
Accel: 0.0010 0.014 0.125
Gyro: 49.667 49.438 -5.523
Accel: 0.011 0.016 0.132
Gyro: 51.879 53.421 -4.852
Accel: 0.003 0.121 0.181
Gyro: 55.038 57.769 -1.998
Accel: -1.508 0.574 3.404
Gyro: -369.216 189.819 34.622
Accel: -5.340 0.976 7.999
Gyro: -499.969 -324.310 68.069
Accel: -2.365 -2.786 2.292
Gyro: 491.424 -25.192 -43.350
Accel: 1.833 0.834 -2.792
Gyro: 356.170 43.014 -70.434
Accel: 0.280 0.187 3.561
Gyro: 326.919 35.491 -56.289
Accel: 0.256 1.094 1.299
Gyro: 207.153 82.489 -41.351
Accel: 0.429 1.710 0.627
Gyro: 26.733 146.560 -24.368
Accel: 0.063 2.288 1.335
Gyro: -209.350 145.156 -12.115
Accel: 0.739 1.478 4.367
Gyro: -288.330 4.760 20.935
Accel: 0.521 0.329 4.333
Gyro: -175.994 64.636 26.367
Accel: 0.158 0.113 1.737
Gyro: -150.268 53.146 15.335
Accel: 0.278 0.149 1.336
Gyro: -136.901 11.230 -7.522
Accel: 0.311 0.489 1.061
Gyro: -113.510 -29.098 -21.453
Accel: 0.233 0.698 0.766
Gyro: -111.846 -44.723 -19.515
Accel: 0.009 0.788 0.721
Gyro: -115.646 -49.316 3.875
Accel: 0.213 0.860 0.793
Gyro: -101.715 -64.926 19.119
Accel: 0.350 0.918 0.890
Gyro: -72.372 -88.088 31.524
Accel: 0.396 -1.119 1.383
Gyro: -18.432 -80.413 45.196
Accel: 0.297 0.802 1.296
Gyro: 45.928 -24.200 46.691
Accel: 0.169 0.379 0.757
Gyro: 66.711 24.291 27.465
Accel: 0.142 0.415 0.763
Gyro: 52.383 43.975 10.986
Accel: 0.151 0.511 1.077
Gyro: 48.446 38.772 -3.829
Accel: 0.121 0.389 1.253
Gyro: 52.0001 22.842 -8.041
Accel: 0.032 0.068 1.207
Gyro: 50.170 14.266 -15.869
Accel: 0.067 0.177 1.109
Gyro: 38.375 13.427 -20.095
Accel: 0.091 0.176 1.122
Gyro: 20.477 6.851 -16.891
Accel: 0.047 0.112 1.215
Gyro: 17.089 -15.945 -7.263
Accel: 0.041 0.062 1.176
Gyro: 10.467 -46.539 0.930
Accel: 0.083 0.060 1.041
Gyro: -5.371 -63.171 3.723
Accel: 0.122 0.077 0.991
Gyro: -24.887 -62.210 1.708
Accel: 0.124 0.051 1.124
Gyro: -36.071 -53.710 -1.907
Accel: 0.082 0.009 1.174
Gyro: -34.103 -42.373 -3.799
Accel: 0.037 0.050 1.154
Gyro: -19.943 -30.990 -3.112
Accel: 0.031 0.037 0.990
Gyro: -18.188 -22.445 -2.563
Accel: 0.071 0.033 0.903
Gyro: -19.241 -15.975 -1.876
Accel: 0.183 0.048 0.937
Gyro: -18.493 -8.392 0.366
Accel: 0.146 0.052 0.989
Gyro: -12.588 0.259 1.571
Accel: 0.148 0.030 0.973
Gyro: -5.050 7.019 3.021
Accel: 0.139 0.024 0.947
Gyro: 0.198 10.681 4.135
Accel: 0.123 0.037 0.963
Gyro: 3.189 12.893 5.416
Accel: 0.108 0.035 0.986
Gyro: 5.935 12.908 5.996
Accel: 0.091 0.028 0.995
Gyro: 7.095 11.215 6.454
Accel: 0.050 0.016 0.995
Gyro: 5.722 10.864 6.500
Accel: 0.011 0.0010 0.995
Gyro: 2.304 11.993 5.325
Accel: 0.003 0.039 1.045
Gyro: -3.326 16.738 3.433
Accel: 0.077 0.092 1.141
Gyro: -12.603 21.774 2.929
Accel: 0.014 0.035 1.076
Gyro: -9.353 16.265 -2.487
Accel: 0.023 0.007 1.052
Gyro: -12.954 21.194 -4.837
Accel: 0.015 0.035 1.029
Gyro: -14.678 23.406 -6.225
Accel: 0.004 0.076 1.038
Gyro: -13.549 20.233 -6.256
Accel: 0.004 0.103 1.043
Gyro: -10.574 14.877 -5.157
Accel: 0.016 0.111 1.029
Gyro: -8.865 12.466 -4.043
Accel: 0.012 0.089 1.055
Gyro: -10.910 7.049 -3.906
Accel: 0.011 0.025 1.077
Gyro: -17.089 0.930 -2.761
Accel: 0.028 0.003 1.103
Gyro: -21.392 -3.005 -1.495
Accel: 0.046 0.047 1.130
Gyro: -21.636 -1.190 0.686
Accel: 0.041 0.109 1.120
Gyro: -18.508 2.670 0.259
Accel: 0.025 0.141 1.072
Gyro: -15.899 4.379 0.152
Accel: 0.0010 0.167 1.030
Gyro: -14.007 4.165 0.946
Accel: 0.057 0.207 1.012
Gyro: -7.705 5.416 -2.975
Accel: 0.056 0.197 1.022
Gyro: 0.961 13.046 -3.555
Accel: 0.096 0.150 1.076
Gyro: 4.928 22.415 -2.426
Accel: 0.065 0.129 1.087
Gyro: 8.773 31.723 3.677
Accel: 0.019 0.116 1.061
Gyro: 8.743 43.228 4.272
Accel: 0.007 0.184 1.040
Gyro: 7.156 52.825 10.726
Accel: 0.017 0.141 1.056
Gyro: 3.128 60.333 18.081
Accel: 0.032 0.114 0.998
Gyro: 3.021 62.637 22.430
Accel: 0.051 0.120 0.996
Gyro: 4.119 63.018 21.911
Accel: 0.027 0.166 0.987
Gyro: 6.362 62.713 22.094
Accel: 0.0010 0.111 0.982
Gyro: 9.887 62.438 20.477
Accel: 0.042 0.095 0.979
Gyro: 11.749 61.370 12.0100
Accel: 0.064 0.086 0.973
Gyro: 11.505 56.396 10.650
Accel: 0.079 0.070 0.940
Gyro: 9.933 48.843 7.110
Accel: 0.096 0.037 0.939
Gyro: 3.921 43.029 7.537
Accel: 0.144 0.030 0.954
Gyro: 10.635 34.301 9.201
Accel: 0.155 0.070 0.947
Gyro: 16.098 25.985 9.933
Accel: 0.184 0.140 0.965
Gyro: 27.435 17.700 4.074
Accel: 0.188 0.203 0.976
Gyro: 37.887 14.724 5.187
Accel: 0.179 0.235 0.961
Gyro: 44.281 13.916 4.226
Accel: 0.176 0.222 0.904
Gyro: 48.141 11.0001 4.348
Accel: 0.139 0.140 0.864
Gyro: 46.432 3.829 3.829
Accel: 0.079 0.023 0.835
Gyro: 35.568 -1.556 1.922
Accel: 0.043 0.077 0.833
Gyro: 30.670 -4.425 -2.273
Accel: 0.039 0.139 0.874
Gyro: 22.583 -5.661 -11.703
Accel: 0.069 0.106 0.934
Gyro: 16.128 -5.584 -12.969
Accel: 0.106 0.037 0.990
Gyro: 12.695 -4.653 -16.220
Accel: 0.130 0.020 1.035
Gyro: 12.908 -3.692 -17.837
Accel: 0.137 0.070 1.044
Gyro: 14.877 -4.089 -17.623
Accel: 0.136 0.074 1.031
Gyro: 13.427 -3.906 -15.380
Accel: 0.174 0.238 0.887
Gyro: 12.176 -5.950 -2.868
Accel: 0.181 0.064 0.905
Gyro: 16.128 -9.033 0.305
Accel: 0.159 0.025 0.945
Gyro: 15.136 -11.428 -4.699
Accel: 0.126 0.066 0.980
Gyro: 9.063 -15.182 -10.528
Accel: 0.094 0.089 1.023
Gyro: 5.294 -18.539 -16.220
Accel: 0.0100 0.055 1.052
Gyro: 4.318 -18.722 -20.233
Accel: 0.140 0.027 1.076
Gyro: 5.737 -14.724 -23.422
Accel: 0.166 0.050 1.092
Gyro: 6.973 -11.367 -23.284
Accel: 0.150 0.146 1.096
Gyro: 6.652 -10.116 -20.935
Accel: 0.130 0.142 1.090
Gyro: 7.385 -13.900 -22.125
Accel: 0.133 0.0100 1.065
Gyro: 2.822 -21.011 -25.833
Accel: 0.104 0.067 1.076
Gyro: -5.126 -26.596 -30.090
Accel: 0.065 0.036 1.087
Gyro: -6.164 -25.451 -27.374
Accel: 0.055 0.024 1.099
Gyro: -4.852 -22.399 -26.657
Accel: 0.062 0.019 1.041
Gyro: -4.516 -20.538 -23.086
Accel: 0.085 0.017 1.022
Gyro: -7.019 -22.598 -18.630
Accel: 0.085 0.031 1.008
Gyro: -11.0001 -28.533 -14.968
Accel: 0.053 0.042 1.013
Gyro: -11.764 -35.537 -14.495
Accel: 0.045 0.081 1.003
Gyro: -12.573 -39.810 -14.068
Accel: 0.035 0.110 0.948
Gyro: -13.916 -43.945 -12.054
Accel: 0.036 0.127 0.938
Gyro: -16.983 -47.180 -4.104
Accel: 0.042 0.113 0.885
Gyro: -21.286 -49.407 -3.540
Accel: 0.057 0.117 0.912
Gyro: -24.993 -50.933 1.190
Accel: 0.063 0.119 0.952
Gyro: -27.236 -51.315 5.142
Accel: 0.075 0.116 1.0001
Gyro: -25.238 -52.093 6.896
Accel: 0.088 0.137 1.047
Gyro: -20.263 -51.620 7.919
Accel: 0.070 0.129 1.087
Gyro: -13.977 -49.407 8.224
Accel: 0.018 0.101 1.123
Gyro: -5.966 -45.349 8.483
Accel: 0.017 0.0100 1.145
Gyro: 5.691 -39.993 8.544
Accel: 0.031 0.129 1.139
Gyro: 18.508 -34.957 10.726
Accel: 0.053 0.124 1.123
Gyro: 29.296 -30.044 13.046
Accel: 0.072 0.092 1.103
Gyro: 37.017 -25.207 12.771
Accel: 0.089 0.046 1.077
Gyro: 39.779 -21.484 10.452
Accel: 0.112 0.020 1.042
Gyro: 37.902 -18.096 6.317
Accel: 0.083 0.113 1.019
Gyro: 28.060 -21.240 1.113
Accel: 0.117 0.095 1.005
Gyro: 18.417 -21.224 0.274
Accel: 0.113 0.102 0.990
Gyro: 10.620 -20.416 -1.785
Accel: 0.122 0.044 0.995
Gyro: 5.447 -17.547 -2.227
Accel: 0.106 0.011 0.986
Gyro: 2.197 -15.991 -3.387
Accel: 0.105 0.023 1.061
Gyro: 0.244 -16.555 -5.950
Accel: 0.098 0.028 0.998
Gyro: -4.302 -19.668 -8.209
Accel: 0.108 0.019 0.991
Gyro: -8.087 -22.918 -8.758
Accel: 0.117 0.018 1.002
Gyro: -9.658 -23.742 -8.758
Accel: 0.110 0.045 1.006
Gyro: -9.674 -20.965 -8.300
Accel: 0.102 0.054 1.006
Gyro: -7.431 -17.501 -8.438
Accel: 0.097 0.064 1.014
Gyro: -4.028 -8.407 -9.460
Accel: 0.090 0.057 1.012
Gyro: 0.549 -5.874 -11.016
Accel: 0.080 0.052 1.009
Gyro: 7.781 0.427 -12.390
Accel: 0.082 0.034 1.007
Gyro: 6.317 5.416 -14.022
Accel: 0.090 0.020 1.008
Gyro: 11.703 9.490 -14.938
Accel: 0.094 0.013 1.002
Gyro: 9.643 12.451 -14.923
Accel: 0.097 0.022 0.996
Gyro: 11.520 14.785 -14.419
Accel: 0.096 0.025 0.987
Gyro: 12.847 16.708 -13.641
Accel: 0.094 0.016 0.981
Gyro: 12.756 18.524 -13.092
Accel: 0.089 0.006 0.974
Gyro: 10.971 18.798 -12.039
Accel: 0.086 0.0001 0.966
Gyro: 8.575 16.967 -10.528
Accel: 0.090 0.002 0.959
Gyro: 4.974 14.572 -8.636
Accel: 0.095 0.0001 0.957
Gyro: 1.663 12.603 -8.178
Accel: 0.096 0.013 0.958
Gyro: 0.839 11.917 -8.468
Accel: 0.094 0.021 0.964
Gyro: -2.243 12.390 -9.948
Accel: 0.089 0.033 0.969
Gyro: -2.487 13.900 -15.548
Accel: 0.072 0.041 0.974
Gyro: -2.075 15.350 -13.641
Accel: 0.057 0.049 0.977
Gyro: -1.373 15.777 -15.457
Accel: 0.046 0.046 0.979
Gyro: 0.900 14.968 -16.647
Accel: 0.040 0.040 0.978
Gyro: 0.518 12.985 -17.013
Accel: 0.037 0.027 0.978
Gyro: 0.076 10.635 -16.738
Accel: 0.037 0.033 0.981
Gyro: 1.190 9.765 -15.731
Accel: 0.041 0.034 0.989
Gyro: 3.662 8.880 -14.434
Accel: 0.045 0.042 0.991
Gyro: 6.698 8.743 -13.259
Accel: 0.042 0.043 0.992
Gyro: 9.353 7.751 -12.268
Accel: 0.038 0.044 0.992
Gyro: 11.245 6.011 -10.803
Accel: 0.036 0.037 0.992
Gyro: 13.595 3.479 -9.490
Accel: 0.032 0.024 0.989
Gyro: 15.747 1.770 -8.529
Accel: 0.029 0.0010 0.982
Gyro: 17.150 0.442 -7.629
Accel: 0.028 0.005 0.969
Gyro: 17.471 -2.792 -6.607
Accel: 0.036 0.0000 0.958
Gyro: 16.845 -4.913 -5.874
Accel: 0.046 0.007 0.950
Gyro: 15.548 -5.432 -5.004
Accel: 0.052 0.020 0.942
Gyro: 14.999 -4.974 -4.470
Accel: 0.054 0.025 0.937
Gyro: 13.992 -2.212 -3.540
Accel: 0.056 0.045 0.933
Gyro: 13.122 1.419 -2.731
Accel: 0.057 0.054 0.932
Gyro: 11.459 4.302 -1.831
Accel: 0.060 0.054 0.933
Gyro: 8.834 6.088 0.946
Accel: 0.061 0.049 0.934
Gyro: 5.355 5.722 0.213
Accel: 0.055 0.043 0.933
Gyro: 0.534 3.555 0.900
Accel: 0.059 0.049 0.939
Gyro: -4.730 1.113 2.304
Accel: 0.064 0.052 0.948
Gyro: -8.941 -1.144 3.112
Accel: 0.072 0.049 0.956
Gyro: -12.756 -3.219 3.326
Accel: 0.072 0.025 0.967
Gyro: -15.243 -4.455 3.402
Accel: 0.0001 0.007 0.975
Gyro: -15.151 -4.699 3.402
Accel: 0.056 0.033 0.981
Gyro: -13.351 -2.777 3.265
Accel: 0.058 0.035 0.987
Gyro: -10.223 0.061 2.853
Accel: 0.059 0.030 0.991
Gyro: -7.308 2.532 2.578
Accel: 0.056 0.018 0.997
Gyro: -5.554 3.677 2.487
Accel: 0.056 0.0001 1.009
Gyro: -5.020 3.265 2.410
Accel: 0.059 0.011 1.023
Gyro: -5.081 1.205 2.487
Accel: 0.062 0.017 1.038
Gyro: -5.355 0.717 2.227
Accel: 0.054 0.008 1.045
Gyro: -4.425 -2.487 1.739
Accel: 0.041 0.0000 1.041
Gyro: -2.670 -3.585 1.312
Accel: 0.047 0.009 1.024
Gyro: 0.274 -4.333 1.190
Accel: 0.051 0.002 1.009
Gyro: 2.410 -4.531 1.266
Accel: 0.048 0.005 0.991
Gyro: 4.745 -4.318 2.197
Accel: 0.039 0.016 0.978
Gyro: 6.027 -4.974 3.982
Accel: 0.032 0.029 0.971
Gyro: 5.523 -5.813 6.439
Accel: 0.049 0.056 0.972
Gyro: 3.112 -6.301 8.361
Accel: 0.070 0.065 0.981
Gyro: 0.106 -6.042 8.407
Accel: 0.092 0.047 0.986
Gyro: -2.212 -4.882 7.644
Accel: 0.102 0.020 0.992
Gyro: -2.395 -3.067 6.301
Accel: 0.098 0.0001 0.994
Gyro: -1.464 -1.052 4.241
Accel: 0.086 0.012 0.996
Gyro: 0.045 1.220 2.502
Accel: 0.069 0.011 0.992
Gyro: 1.235 2.517 1.434
Accel: 0.055 0.003 0.996
Gyro: 1.312 2.807 0.778
Accel: 0.042 0.013 0.996
Gyro: -3.799 1.739 0.518
Accel: 0.038 0.016 1.0001
Gyro: -2.365 0.335 0.457
Accel: 0.039 0.016 1.012
Gyro: -5.172 -2.777 0.289
Accel: 0.042 0.0010 1.022
Gyro: -7.446 -3.952 0.366
Accel: 0.046 0.0001 1.035
Gyro: -8.483 -3.677 -1.144
Accel: 0.046 0.006 1.048
Gyro: -4.013 -2.700 -1.937
Accel: 0.043 0.012 1.053
Gyro: -6.378 -1.037 -2.456
Accel: 0.041 0.014 1.057
Gyro: -4.501 0.427 -2.487
Accel: 0.033 0.020 1.058
Gyro: -2.914 1.586 -1.632
Accel: 0.034 0.011 1.060
Gyro: -1.266 2.365 -1.022
Accel: 0.029 0.007 1.064
Gyro: 0.106 2.578 0.732
Accel: 0.025 0.009 1.062
Gyro: 1.022 2.349 0.457
Accel: 0.022 0.012 1.063
Gyro: 1.739 1.876 0.381
Accel: 0.021 0.014 1.060
Gyro: 2.365 0.503 0.335
Accel: 0.025 0.0010 1.053
Gyro: 2.838 -1.022 0.137
Accel: 0.030 0.011 1.046
Gyro: 3.448 -2.182 0.076
Accel: 0.033 0.015 1.034
Gyro: 4.714 -2.777 0.061
Accel: 0.036 0.019 1.024
Gyro: 6.195 -2.609 0.137
Accel: 0.034 0.017 1.016
Gyro: 8.071 -2.487 0.564
Accel: 0.032 0.007 1.009
Gyro: 9.475 -2.914 0.823
Accel: 0.034 0.0000 1.007
Gyro: 10.116 -7.766 1.296
Accel: 0.035 0.008 1.004
Gyro: 10.086 -5.218 1.647
Accel: 0.040 0.016 1.0001
Gyro: 9.185 -6.500 1.327
Accel: 0.044 0.020 0.999
Gyro: 7.797 -7.766 0.442
Accel: 0.044 0.011 0.996
Gyro: 5.752 -8.300 0.473
Accel: 0.048 0.011 0.983
Gyro: 4.119 -9.262 -1.495
Accel: 0.057 0.014 0.983
Gyro: 2.395 -8.590 -1.785
Accel: 0.063 0.022 0.977
Gyro: 1.007 -7.690 -1.571
Accel: 0.065 0.025 0.979
Gyro: 0.030 -6.393 -1.388
Accel: 0.070 0.029 0.984
Gyro: 0.518 -4.882 -1.480
Accel: 0.066 0.017 0.990
Gyro: -1.037 -3.662 -1.785
Accel: 0.060 0.004 0.991
Gyro: -1.480 -2.471 -2.182
Accel: 0.057 0.0001 0.995
Gyro: -1.617 -1.708 -2.319
Accel: 0.057 0.003 1.002
Gyro: -1.556 0.869 -2.319
Accel: 0.061 0.0000 1.007
Gyro: -1.251 0.061 -2.441
Accel: 0.063 0.004 1.011
Gyro: 0.885 0.808 -2.548
Accel: 0.063 0.003 1.011
Gyro: 0.228 1.495 -2.563
Accel: 0.060 0.002 1.013
Gyro: 0.076 2.029 -2.212
Accel: 0.056 0.062 1.012
Gyro: 0.503 1.617 -1.907
Accel: 0.055 0.0001 1.009
Gyro: -1.266 0.625 -1.892
Accel: 0.053 0.004 1.011
Gyro: -1.815 0.167 -1.892
Accel: 0.053 0.008 1.012
Gyro: -1.144 0.350 -1.831
Accel: 0.048 0.0010 1.020
Gyro: 0.122 0.122 -1.754
Accel: 0.051 0.0010 1.020
Gyro: 1.251 0.457 -1.480
Accel: 0.055 0.011 1.022
Gyro: 2.670 0.320 -1.388
Accel: 0.058 0.012 1.019
Gyro: 4.196 0.259 -1.754
Accel: 0.061 0.015 1.015
Gyro: 5.905 0.671 -2.288
Accel: 0.056 0.016 1.0010
Gyro: 7.186 -2.029 -2.883
Accel: 0.049 0.018 1.006
Gyro: 7.751 -3.967 -3.036
Accel: 0.047 0.014 1.002
Gyro: 7.888 -5.798 -2.944
Accel: 0.048 0.005 0.997
Gyro: 7.354 -6.561 -2.883
Accel: 0.048 0.002 0.992
Gyro: 6.774 -6.210 -3.173
Accel: 0.050 0.009 0.987
Gyro: 5.615 -5.401 -3.707
Accel: 0.052 0.012 0.984
Gyro: 0.228 -4.531 -3.860
Accel: 0.057 0.017 0.984
Gyro: 2.166 -4.287 -3.982
Accel: 0.064 0.020 0.987
Gyro: -3.692 -3.768 -4.074
Accel: 0.070 0.024 0.990
Gyro: -1.266 -2.471 -4.043
Accel: 0.076 0.031 1.0000
Gyro: -1.754 0.183 -4.257
Accel: 0.072 0.027 1.004
Gyro: -1.296 2.761 -4.592
Accel: 0.062 0.020 1.007
Gyro: 0.473 5.096 -4.821
