Accel: 0.006 0.018 0.995
Gyro: 2.609 -6.301 0.015
Accel: 0.005 0.023 0.995
Gyro: 2.761 -7.431 0.106
Accel: 0.0001 0.024 0.990
Gyro: 2.731 -7.995 0.625
Accel: 0.009 0.020 0.992
Gyro: 2.746 -8.407 0.976
Accel: 0.008 0.021 0.997
Gyro: 3.158 -9.216 1.388
Accel: 0.006 0.021 1.002
Gyro: 3.646 -10.223 1.495
Accel: 0.005 0.022 1.006
Gyro: 3.540 -10.726 1.907
Accel: 0.006 0.015 1.013
Gyro: 2.792 -10.284 2.288
Accel: 0.011 0.014 1.018
Gyro: 2.075 -8.880 2.227
Accel: 0.017 0.019 1.021
Gyro: 1.327 -7.064 2.075
Accel: 0.022 0.020 1.026
Gyro: 0.732 -4.882 1.632
Accel: 0.028 0.022 1.024
Gyro: 0.381 -2.059 1.358
Accel: 0.028 0.024 1.027
Gyro: -3.875 0.595 1.342
Accel: 0.032 0.024 1.026
Gyro: 0.030 2.700 0.915
Accel: 0.026 0.027 1.024
Gyro: 0.534 4.409 0.396
Accel: 0.030 0.031 1.011
Gyro: 0.762 5.004 0.106
Accel: 0.029 0.030 1.002
Gyro: 0.366 5.233 0.579
Accel: 0.025 0.025 0.993
Gyro: 0.350 5.264 -1.113
Accel: 0.022 0.022 0.994
Gyro: 0.732 4.547 -1.449
Accel: 0.026 0.024 0.988
Gyro: -1.022 2.990 -1.708
Accel: 0.029 0.022 0.983
Gyro: -1.602 0.808 -1.861
Accel: 0.028 0.026 0.982
Gyro: -2.227 -1.785 -1.861
Accel: 0.032 0.027 0.983
Gyro: -2.548 -4.714 -1.739
Accel: 0.037 0.028 0.984
Gyro: -2.975 -7.583 -1.770
Accel: 0.036 0.026 0.987
Gyro: -3.387 -10.040 -1.739
Accel: 0.037 0.029 0.990
Gyro: -3.494 -11.367 -1.922
Accel: 0.040 0.032 0.999
Gyro: -3.402 -12.084 -2.044
Accel: 0.047 0.032 1.002
Gyro: -2.731 -7.873 -1.937
Accel: 0.047 0.030 1.002
Gyro: -2.273 -10.284 -1.449
Accel: 0.045 0.023 1.003
Gyro: -2.014 -7.720 0.579
Accel: 0.050 0.017 1.002
Gyro: -1.937 -4.821 0.427
Accel: 0.052 0.017 1.004
Gyro: -1.800 -1.785 1.663
Accel: 0.051 0.018 1.004
Gyro: -1.586 1.586 2.731
Accel: 0.055 0.022 1.0010
Gyro: -1.632 5.065 3.494
Accel: 0.060 0.032 1.012
Gyro: -1.525 7.965 3.814
Accel: 0.059 0.044 1.012
Gyro: -1.525 9.353 3.784
Accel: 0.055 0.055 1.011
Gyro: -1.098 9.170 3.402
Accel: 0.053 0.124 1.011
Gyro: 0.534 7.614 2.914
Accel: 0.050 0.066 1.0010
Gyro: 0.289 4.623 2.456
Accel: 0.044 0.067 1.0010
Gyro: 1.251 0.289 1.907
Accel: 0.041 0.067 1.015
Gyro: 2.044 -4.440 1.708
Accel: 0.039 0.065 1.022
Gyro: 2.807 -8.453 1.602
Accel: 0.034 0.058 1.033
Gyro: 3.570 -12.939 1.403
Accel: 0.035 0.060 1.041
Gyro: 3.952 -16.143 1.266
Accel: 0.040 0.061 1.056
Gyro: 4.119 -17.501 1.739
Accel: 0.047 0.056 1.068
Gyro: 4.287 -17.807 2.319
Accel: 0.049 0.057 1.075
Gyro: 4.272 -17.028 3.005
Accel: 0.047 0.053 1.082
Gyro: 4.165 -15.136 3.494
Accel: 0.049 0.051 1.081
Gyro: 4.592 -12.664 0.0000
Accel: 0.047 0.050 1.084
Gyro: 5.081 -9.780 4.302
Accel: 0.043 0.046 1.083
Gyro: 5.752 -6.668 4.959
Accel: 0.043 0.040 1.079
Gyro: 6.118 -3.494 5.538
Accel: 0.043 0.037 1.073
Gyro: 5.981 3.646 6.072
Accel: 0.041 0.036 1.071
Gyro: 5.584 2.471 6.393
Accel: 0.034 0.033 1.066
Gyro: 5.416 5.187 6.713
Accel: 0.036 0.027 1.057
Gyro: 4.547 7.400 6.744
Accel: 0.039 0.029 1.046
Gyro: 3.692 9.414 6.683
Accel: 0.031 0.025 1.032
Gyro: 3.051 10.971 6.408
Accel: 0.033 0.021 1.021
Gyro: 2.670 11.932 5.798
Accel: 0.033 0.018 1.004
Gyro: 2.151 12.283 5.126
Accel: 0.032 0.014 0.992
Gyro: 1.632 11.947 4.409
Accel: 0.031 0.007 0.982
Gyro: 1.403 10.467 3.631
Accel: 0.026 0.009 0.977
Gyro: 1.174 9.170 2.731
Accel: 0.028 0.013 0.976
Gyro: 1.159 7.156 1.785
Accel: 0.030 0.015 0.970
Gyro: 0.823 5.142 0.808
Accel: 0.028 0.015 0.969
Gyro: 0.579 3.280 0.061
Accel: 0.026 0.011 0.964
Gyro: -3.814 1.449 0.747
Accel: 0.028 0.006 0.960
Gyro: 0.579 -3.890 -1.235
Accel: 0.023 0.0001 0.958
Gyro: -1.251 0.885 -1.281
Accel: 0.025 0.002 0.955
Gyro: -2.044 -1.617 -1.129
Accel: 0.022 0.003 0.950
Gyro: -2.838 -2.029 0.823
Accel: 0.017 0.006 0.951
Gyro: -3.524 -1.876 0.534
Accel: 0.016 0.006 0.952
Gyro: -4.394 -1.632 0.366
Accel: 0.020 0.0001 0.952
Gyro: -5.065 -1.571 0.427
Accel: 0.031 0.004 0.952
Gyro: -5.493 -1.480 0.686
Accel: 0.028 0.006 0.962
Gyro: -5.371 -1.007 -1.312
Accel: 0.027 0.007 0.980
Gyro: -4.577 0.930 -1.937
Accel: 0.025 0.002 0.992
Gyro: -3.479 -1.373 -2.899
Accel: 0.021 0.008 1.005
Gyro: -2.105 -2.090 -3.768
Accel: 0.028 0.008 1.012
Gyro: 0.656 -2.548 -4.806
Accel: 0.035 0.016 1.015
Gyro: 0.885 -2.731 -5.767
Accel: 0.040 0.023 1.015
Gyro: 1.953 -3.173 -6.271
Accel: 0.044 0.029 1.020
Gyro: 2.578 -4.272 -6.271
Accel: 0.042 0.033 1.022
Gyro: 2.532 -5.554 -5.981
Accel: 0.038 0.035 1.033
Gyro: 1.480 -6.271 -5.325
Accel: 0.036 0.035 1.046
Gyro: 0.442 -6.118 -4.089
Accel: 0.042 0.032 1.050
Gyro: 0.610 -5.325 -2.456
Accel: 0.051 0.026 1.045
Gyro: -1.831 -3.234 0.808
Accel: 0.059 0.024 1.039
Gyro: -3.540 0.488 1.144
Accel: 0.058 0.020 1.035
Gyro: -4.882 2.929 2.899
Accel: 0.054 0.020 1.030
Gyro: -5.416 6.210 3.967
Accel: 0.047 0.027 1.026
Gyro: -4.989 8.438 4.440
Accel: 0.038 0.034 1.021
Gyro: -3.555 9.826 3.952
Accel: 0.028 0.041 1.016
Gyro: -1.480 10.513 2.487
Accel: 0.021 0.044 1.007
Gyro: 1.068 10.482 0.167
Accel: 0.021 0.051 0.994
Gyro: 3.234 9.277 -2.075
Accel: 0.018 0.058 0.984
Gyro: 4.531 7.507 -4.562
Accel: 0.014 0.058 0.974
Gyro: 5.111 4.867 -6.713
Accel: 0.0010 0.056 0.967
Gyro: 5.264 1.708 -8.575
Accel: 0.004 0.052 0.961
Gyro: 4.684 -1.770 -9.780
Accel: 0.0000 0.050 0.952
Gyro: 3.479 -5.371 -10.620
Accel: 0.0000 0.046 0.950
Gyro: 1.846 -8.590 -10.681
Accel: 0.0001 0.036 0.954
Gyro: 0.518 -11.062 -10.437
Accel: 0.007 0.031 0.967
Gyro: 0.595 -12.969 -9.918
Accel: 0.017 0.032 0.976
Gyro: -1.632 -14.495 -9.155
Accel: 0.027 0.034 0.992
Gyro: -2.136 -15.533 -7.797
Accel: 0.039 0.031 1.007
Gyro: -2.227 -16.632 -6.500
Accel: 0.047 0.035 1.024
Gyro: -1.525 -17.166 -5.508
Accel: 0.055 0.040 1.037
Gyro: 0.289 -17.440 -4.119
Accel: 0.066 0.039 1.051
Gyro: 1.129 -17.395 -2.761
Accel: 0.077 0.039 1.062
Gyro: 2.838 -17.410 -1.342
Accel: 0.082 0.035 1.071
Gyro: 4.074 -17.608 0.167
Accel: 0.086 0.040 1.081
Gyro: 5.355 -18.188 1.251
Accel: 0.093 0.047 1.095
Gyro: 6.835 -19.302 2.182
Accel: 0.095 0.051 1.109
Gyro: 8.132 -19.729 2.960
Accel: 0.096 0.060 1.122
Gyro: 9.735 -18.585 3.204
Accel: 0.096 0.065 1.136
Gyro: 10.864 -15.472 3.738
Accel: 0.101 0.063 1.148
Gyro: 11.703 -10.742 4.119
Accel: 0.104 0.066 1.158
Gyro: 12.847 -5.508 4.440
Accel: 0.094 0.064 1.160
Gyro: 13.717 0.930 4.699
Accel: 0.089 0.058 1.165
Gyro: 14.526 2.532 4.638
Accel: 0.084 0.063 1.166
Gyro: 15.121 3.402 4.730
Accel: 0.084 0.069 1.170
Gyro: 15.335 1.678 5.416
Accel: 0.085 0.069 1.177
Gyro: 14.419 -1.510 7.232
Accel: 0.091 0.048 1.197
Gyro: 12.573 -5.737 9.613
Accel: 0.083 0.013 1.225
Gyro: 10.101 -11.123 11.062
Accel: 0.061 0.011 1.251
Gyro: 7.324 -15.853 7.812
Accel: 0.049 0.031 1.269
Gyro: 4.898 -23.254 12.054
Accel: 0.049 0.039 1.266
Gyro: 2.105 -20.507 12.115
Accel: 0.053 0.036 1.249
Gyro: 0.671 -17.639 12.130
Accel: 0.027 0.080 0.865
Gyro: 6.500 6.668 0.183
Accel: 0.015 0.082 0.882
Gyro: 7.369 3.311 0.076
Accel: 0.008 0.083 0.889
Gyro: 8.087 1.068 0.518
Accel: 0.013 0.076 0.895
Gyro: 8.529 -1.037 -1.312
Accel: 0.019 0.067 0.895
Gyro: 8.926 -2.746 -2.304
Accel: 0.031 0.067 0.896
Gyro: 9.307 -3.860 -3.295
Accel: 0.044 0.071 0.901
Gyro: 9.445 -3.997 -3.845
Accel: 0.055 0.076 0.916
Gyro: 8.544 -2.349 -4.608
Accel: 0.067 0.086 0.946
Gyro: 7.568 0.015 -5.676
Accel: 0.059 0.097 0.966
Gyro: 6.744 2.227 -6.912
Accel: 0.047 0.094 0.971
Gyro: 6.500 4.821 -7.751
Accel: 0.044 0.077 0.969
Gyro: 6.042 7.843 -8.148
Accel: 0.053 0.056 0.968
Gyro: 5.935 10.726 -8.483
Accel: 0.057 0.048 0.962
Gyro: 5.981 12.771 -8.0010
Accel: 0.058 0.040 0.956
Gyro: 5.554 13.778 -7.278
Accel: 0.065 0.045 0.945
Gyro: 4.440 13.381 -6.027
Accel: 0.068 0.066 0.938
Gyro: 3.097 12.130 -5.126
Accel: 0.072 0.080 0.933
Gyro: 1.495 10.406 -4.562
Accel: 0.073 0.086 0.937
Gyro: 0.335 7.705 -4.348
Accel: 0.069 0.088 0.942
Gyro: -1.754 0.274 -4.333
Accel: 0.066 0.082 0.944
Gyro: -2.822 0.640 -4.287
Accel: 0.066 0.072 0.944
Gyro: -3.204 -2.838 -4.211
Accel: 0.075 0.065 0.946
Gyro: -3.417 -6.149 -4.074
Accel: 0.082 0.064 0.955
Gyro: -3.433 -9.155 -4.074
Accel: 0.079 0.067 0.959
Gyro: -3.128 -11.840 -4.089
Accel: 0.074 0.075 0.964
Gyro: -2.456 -14.312 -4.241
Accel: 0.069 0.078 0.968
Gyro: -2.105 -16.128 -4.531
Accel: 0.067 0.079 0.974
Gyro: -2.029 -16.387 -5.035
Accel: 0.060 0.073 0.986
Gyro: -2.258 -15.594 -5.325
Accel: 0.057 0.069 1.0000
Gyro: -2.532 -13.259 -5.447
Accel: 0.054 0.078 1.0010
Gyro: -1.815 -10.223 -5.355
Accel: 0.058 0.097 1.020
Gyro: 0.320 -7.553 -5.020
Accel: 0.040 0.085 1.007
Gyro: 1.495 -5.432 -5.065
Accel: 0.025 0.086 1.004
Gyro: 1.983 -2.639 -6.103
Accel: 0.036 0.090 1.004
Gyro: 2.746 3.845 -6.454
Accel: 0.032 0.081 1.003
Gyro: 3.341 2.517 -7.507
Accel: 0.030 0.079 0.998
Gyro: 4.241 6.088 -8.468
Accel: 0.027 0.073 1.005
Gyro: 5.813 10.345 -8.972
Accel: 0.024 0.070 1.011
Gyro: 7.553 13.488 -9.902
Accel: 0.029 0.075 1.008
Gyro: 9.140 15.655 -10.437
Accel: 0.031 0.081 0.999
Gyro: 10.421 16.540 -10.665
Accel: 0.030 0.079 0.991
Gyro: 11.184 16.662 -10.665
Accel: 0.026 0.079 0.977
Gyro: 15.579 15.853 -10.635
Accel: 0.024 0.075 0.967
Gyro: 12.390 14.678 -10.833
Accel: 0.029 0.068 0.958
Gyro: 13.336 12.939 -10.879
Accel: 0.035 0.061 0.953
Gyro: 13.702 10.498 -11.062
Accel: 0.051 0.059 0.956
Gyro: 13.748 7.247 -10.803
Accel: 0.066 0.056 0.961
Gyro: 13.244 3.540 -10.482
Accel: 0.072 0.052 0.965
Gyro: 12.466 0.518 -10.101
Accel: 0.066 0.052 0.968
Gyro: 11.993 -4.333 -9.521
Accel: 0.061 0.049 0.975
Gyro: 11.749 -11.627 -9.201
Accel: 0.061 0.047 0.978
Gyro: 11.520 -10.696 -8.972
Accel: 0.054 0.050 0.977
Gyro: 11.154 -12.649 -8.758
Accel: 0.057 0.051 0.970
Gyro: 10.482 -13.290 -8.056
Accel: 0.065 0.057 0.958
Gyro: 9.078 -12.924 -6.652
Accel: 0.073 0.057 0.951
Gyro: 7.522 -12.069 -4.776
Accel: 0.066 0.056 0.940
Gyro: 5.508 -10.833 -3.265
Accel: 0.055 0.058 0.924
Gyro: 3.219 -9.475 -2.227
Accel: 0.054 0.055 0.909
Gyro: 0.808 -7.415 -1.342
Accel: 0.060 0.054 0.909
Gyro: -2.243 -5.615 -1.098
Accel: 0.059 0.063 0.903
Gyro: -5.065 -4.714 0.732
Accel: 0.059 0.073 0.891
Gyro: -7.781 -4.043 0.061
Accel: 0.063 0.081 0.884
Gyro: -10.604 -3.555 0.595
Accel: 0.066 0.083 0.871
Gyro: -13.549 -3.616 1.083
Accel: 0.067 0.077 0.857
Gyro: -15.762 -3.631 1.312
Accel: 0.052 0.066 0.842
Gyro: -16.525 -3.936 2.029
Accel: 0.026 0.059 0.818
Gyro: -17.059 -4.440 3.021
Accel: 0.013 0.053 0.801
Gyro: -18.096 -6.652 3.967
Accel: 0.0010 0.052 0.782
Gyro: -19.119 -9.918 4.653
Accel: 0.020 0.045 0.763
Gyro: -20.767 -13.748 4.821
Accel: 0.034 0.035 0.747
Gyro: -23.956 -18.875 4.745
Accel: 0.054 0.037 0.720
Gyro: -28.396 -24.963 5.035
Accel: 0.078 0.063 0.702
Gyro: -32.150 -35.140 5.767
Accel: 0.089 0.084 0.662
Gyro: -36.270 -38.208 6.210
Accel: 0.079 0.092 0.602
Gyro: -42.221 -44.128 6.500
Accel: 0.044 0.097 0.534
Gyro: -47.470 -47.683 6.378
Accel: 0.003 0.084 0.444
Gyro: -50.262 -47.531 4.562
Accel: 0.071 0.116 0.343
Gyro: -45.654 -40.557 2.944
Accel: 0.027 0.029 0.207
Gyro: -33.416 -29.418 0.808
Accel: 0.115 0.047 0.041
Gyro: -20.706 -9.429 -2.700
Accel: 0.072 0.009 0.042
Gyro: -15.686 4.089 -7.995
Accel: 0.062 0.002 0.005
Gyro: -15.228 14.190 -11.428
Accel: 0.023 0.020 0.007
Gyro: -10.360 16.311 -11.322
Accel: 0.009 0.015 0.026
Gyro: -5.828 18.341 -11.169
Accel: 0.013 0.0010 0.020
Gyro: -2.151 20.095 -11.0001
Accel: 0.006 0.009 0.047
Gyro: 0.442 22.094 -10.742
Accel: 0.007 0.008 0.049
Gyro: 2.639 24.032 -10.482
Accel: 0.0000 0.006 0.055
Gyro: 4.150 26.031 -10.452
Accel: 0.0001 0.006 0.049
Gyro: 5.355 27.786 -10.437
Accel: 0.0001 0.005 0.053
Gyro: 6.072 29.403 -10.498
Accel: 0.0001 0.006 0.051
Gyro: 6.759 35.064 -10.452
Accel: 0.0000 0.004 0.055
Gyro: 7.431 32.760 -10.559
Accel: 0.0000 0.005 0.056
Gyro: 7.858 34.255 -10.635
Accel: 0.004 0.006 0.058
Gyro: 7.965 35.644 -10.833
Accel: 0.004 0.006 0.062
Gyro: 7.934 37.033 -11.093
Accel: 0.005 0.005 0.066
Gyro: 7.812 38.146 -11.459
Accel: 0.003 0.005 0.069
Gyro: 7.553 39.093 -11.810
Accel: 0.002 0.005 0.072
Gyro: 7.293 39.810 -12.161
Accel: 0.0001 0.005 0.069
Gyro: 7.202 40.618 -12.573
Accel: 0.002 0.007 0.075
Gyro: 7.278 41.198 -12.969
Accel: 0.0000 0.006 0.076
Gyro: 7.400 41.564 -13.336
Accel: 0.0001 0.006 0.082
Gyro: 11.703 41.976 -13.687
Accel: 0.002 0.008 0.086
Gyro: 8.346 42.373 -13.977
Accel: 0.002 0.008 0.094
Gyro: 9.521 42.633 -14.129
Accel: 0.003 0.009 0.120
Gyro: 11.474 42.968 -13.992
Accel: 0.732 -1.360 7.224
Gyro: 139.770 -458.160 -49.514
Accel: 1.091 -1.068 5.148
Gyro: -79.330 -499.969 -13.748
Accel: 0.822 -1.0001 -3.976
Gyro: 218.841 441.604 30.136
Accel: 0.302 -1.125 -1.054
Gyro: 250.976 305.130 71.517
Accel: 0.247 0.278 1.659
Gyro: 284.622 207.611 70.724
Accel: -1.059 0.045 1.377
Gyro: 263.366 93.902 80.261
Accel: -1.033 0.290 0.234
Gyro: 251.098 -15.853 82.794
Accel: -1.137 0.556 0.144
Gyro: 217.269 -79.849 76.095
Accel: -1.289 0.816 0.826
Gyro: 166.473 -149.871 59.341
Accel: 0.536 0.888 2.769
Gyro: 66.528 -144.912 40.359
Accel: 0.301 0.942 3.220
Gyro: 0.411 -64.254 0.473
Accel: 0.242 1.018 1.976
Gyro: -13.946 -60.653 -41.793
Accel: 0.321 0.506 1.471
Gyro: -38.925 -81.726 -34.225
Accel: 0.281 0.056 1.307
Gyro: -55.953 -103.866 -15.625
Accel: 0.183 0.0001 1.373
Gyro: -72.433 -126.708 -9.155
Accel: 0.266 0.145 1.556
Gyro: -90.362 -96.847 -13.626
Accel: 0.438 0.155 1.605
Gyro: -108.718 -37.979 -22.903
Accel: 0.504 0.126 1.448
Gyro: -126.586 0.106 -35.064
Accel: 0.406 0.019 1.575
Gyro: -127.395 23.696 -30.395
Accel: 0.326 0.0001 1.556
Gyro: -100.723 43.777 -21.026
Accel: 0.266 0.078 1.127
Gyro: -91.201 38.345 -9.948
Accel: 0.208 0.170 1.102
Gyro: -94.192 25.115 -1.724
Accel: 0.141 0.197 1.229
Gyro: -92.361 21.575 2.349
Accel: 0.032 0.167 1.245
Gyro: -81.634 22.705 5.676
Accel: 0.081 0.091 1.157
Gyro: -70.388 14.984 3.021
Accel: 0.067 0.036 1.088
Gyro: -60.012 2.243 -1.831
Accel: 0.031 0.022 1.075
Gyro: -48.736 -8.209 -5.096
Accel: 0.056 0.0001 1.061
Gyro: -39.733 -16.189 -6.637
Accel: 0.030 0.003 1.036
Gyro: -32.974 -24.063 -7.110
Accel: 0.009 0.006 0.995
Gyro: -27.008 -28.869 -6.835
Accel: 0.007 0.034 0.943
Gyro: -21.728 -31.616 -6.759
Accel: 0.027 0.089 0.920
Gyro: -16.357 -31.784 -7.507
Accel: 0.048 0.104 0.895
Gyro: -10.894 -28.671 -8.285
Accel: 0.073 0.090 0.873
Gyro: -5.111 -22.033 -10.055
Accel: 0.090 0.087 0.858
Gyro: 0.015 -14.160 -11.489
Accel: 0.096 0.076 0.838
Gyro: 3.753 -6.652 -12.298
Accel: 0.116 0.060 0.818
Gyro: 11.444 7.034 -13.412
Accel: 0.122 0.054 0.814
Gyro: 11.413 14.038 -16.128
Accel: 0.123 0.041 0.828
Gyro: 12.466 23.147 -19.271
Accel: 0.094 0.017 0.850
Gyro: 13.092 28.762 -20.965
Accel: 0.050 0.007 0.892
Gyro: 14.648 31.082 -20.675
Accel: 0.015 0.054 0.914
Gyro: 16.647 31.951 -18.371
Accel: 0.017 0.028 0.914
Gyro: 17.257 31.799 -16.921
Accel: 0.027 0.014 0.887
Gyro: 15.457 31.753 -15.167
Accel: 0.023 0.012 0.846
Gyro: 11.245 32.638 -13.031
Accel: 0.0010 0.006 0.838
Gyro: 0.701 31.570 -11.962
Accel: 0.008 0.061 0.874
Gyro: -2.929 29.373 -10.803
Accel: 0.028 0.029 0.937
Gyro: -8.956 28.274 -10.299
Accel: 0.024 0.042 0.989
Gyro: -11.718 29.220 -10.620
Accel: 0.014 0.020 1.016
Gyro: -12.603 31.326 -9.704
Accel: 0.004 0.0000 0.994
Gyro: -13.870 29.953 -6.881
Accel: 0.214 0.117 0.943
Gyro: -40.451 5.966 -4.287
Accel: 0.137 0.047 1.085
Gyro: -48.400 4.623 -5.081
Accel: 0.199 0.305 1.727
Gyro: -28.900 -18.188 -7.827
Accel: 0.192 0.173 1.149
Gyro: -11.474 -30.258 0.015
Accel: 0.130 0.143 1.202
Gyro: -2.853 -41.656 4.135
Accel: 0.078 0.063 1.136
Gyro: 3.341 -41.564 5.630
Accel: 0.026 0.039 1.041
Gyro: 0.183 -33.569 3.784
Accel: 0.088 0.087 1.002
Gyro: -8.651 -25.665 0.686
Accel: 0.173 0.164 0.864
Gyro: -16.555 -15.487 -8.636
Accel: 0.064 0.237 0.946
Gyro: -25.405 -2.380 -6.790
Accel: 0.089 0.071 1.070
Gyro: -13.244 10.482 -7.537
Accel: 0.085 0.039 1.142
Gyro: -9.948 10.971 -5.172
Accel: 0.039 0.055 1.104
Gyro: -2.410 12.664 -3.356
Accel: 0.021 0.065 1.160
Gyro: 5.050 10.513 0.839
Accel: 0.0010 0.016 1.191
Gyro: 13.214 10.345 2.273
Accel: 0.014 0.0000 1.148
Gyro: 17.471 12.573 5.737
Accel: 0.046 0.021 1.078
Gyro: 14.678 19.317 8.087
Accel: 0.064 0.052 1.059
Gyro: 10.025 17.837 10.238
Accel: 0.083 0.078 1.089
Gyro: 7.537 18.981 12.771
Accel: 0.098 0.072 1.102
Gyro: 9.033 20.019 15.380
Accel: 0.0000 0.102 1.088
Gyro: 15.487 21.820 17.471
Accel: 0.052 0.118 1.062
Gyro: 14.099 19.393 16.616
Accel: 0.059 0.129 1.033
Gyro: 15.060 13.290 14.434
Accel: 0.055 0.133 1.0010
Gyro: 14.541 5.554 12.344
Accel: 0.042 0.121 0.991
Gyro: 13.046 -1.373 10.192
Accel: 0.020 0.094 1.062
Gyro: 10.971 -7.064 4.089
Accel: 0.0000 0.082 1.037
Gyro: 9.948 -11.749 6.805
Accel: 0.002 0.085 1.053
Gyro: 11.886 -14.755 5.828
Accel: 0.008 0.088 1.046
Gyro: 14.968 -16.632 4.333
Accel: 0.020 0.103 1.031
Gyro: 18.386 -18.295 3.906
Accel: 0.051 0.109 1.009
Gyro: 21.026 -20.660 3.204
Accel: 0.045 0.107 0.953
Gyro: 24.383 -29.556 4.150
Accel: 0.048 0.057 0.950
Gyro: 25.115 -38.024 4.013
Accel: 0.060 0.009 0.946
Gyro: 24.215 -45.349 3.067
Accel: 0.056 0.022 0.935
Gyro: 21.987 -51.574 2.151
Accel: 0.038 0.053 0.925
Gyro: 18.768 -57.006 0.900
Accel: 0.050 0.034 0.893
Gyro: 16.632 -64.315 2.868
Accel: 0.007 0.009 0.892
Gyro: 15.823 -65.826 3.494
Accel: 0.048 0.0010 0.913
Gyro: 13.870 -65.185 3.265
Accel: 0.089 0.012 0.897
Gyro: 11.383 -66.390 3.219
Accel: 0.095 0.012 0.920
Gyro: 7.781 -66.268 3.173
Accel: 0.102 0.018 0.939
Gyro: 3.616 -63.415 3.631
Accel: 0.133 0.029 0.962
Gyro: 0.976 -57.418 4.196
Accel: 0.069 0.054 1.159
Gyro: -5.554 -27.618 2.288
Accel: 0.294 0.030 0.985
Gyro: -8.407 -28.457 7.980
Accel: 0.071 0.094 1.049
Gyro: -7.888 -20.141 4.898
Accel: 0.134 0.030 0.950
Gyro: -8.392 -9.918 3.753
Accel: 0.189 0.012 1.041
Gyro: -9.292 -2.166 3.402
Accel: 0.165 0.014 1.018
Gyro: -8.666 10.879 2.456
Accel: 0.162 0.047 1.015
Gyro: -8.316 17.440 2.105
Accel: 0.152 0.033 1.035
Gyro: -8.682 30.853 2.227
Accel: 0.154 0.033 1.006
Gyro: -9.979 34.820 1.922
Accel: 0.142 0.023 1.007
Gyro: -11.688 40.740 1.968
Accel: 0.127 0.002 0.996
Gyro: -11.337 43.975 1.373
Accel: 0.112 0.008 0.984
Gyro: -10.116 45.501 0.854
Accel: 0.097 0.007 0.969
Gyro: -9.872 46.264 0.366
Accel: 0.096 0.0000 0.961
Gyro: -9.567 45.852 -2.273
Accel: 0.079 0.017 0.953
Gyro: -9.002 44.113 -3.692
Accel: 0.063 0.033 0.939
Gyro: -8.560 41.244 -4.898
Accel: 0.045 0.037 0.933
Gyro: -7.629 36.926 -5.615
Accel: 0.037 0.044 0.918
Gyro: -7.095 31.356 -6.546
Accel: 0.020 0.051 0.910
Gyro: -6.439 24.978 -6.286
Accel: 0.011 0.042 0.906
Gyro: -5.798 18.447 -6.164
Accel: 0.007 0.043 0.905
Gyro: -5.371 12.664 -5.722
Accel: 0.011 0.044 0.904
Gyro: -5.050 6.347 -4.867
Accel: 0.023 0.044 0.903
Gyro: -4.547 -3.326 -3.387
Accel: 0.033 0.039 0.906
Gyro: -3.814 -4.104 -1.800
Accel: 0.047 0.032 0.920
Gyro: -3.509 -7.461 0.213
Accel: 0.058 0.032 0.935
Gyro: -4.058 -10.452 1.602
Accel: 0.064 0.034 0.945
Gyro: -5.020 -12.634 3.173
Accel: 0.073 0.037 0.949
Gyro: -5.950 -14.526 4.577
Accel: 0.084 0.046 0.958
Gyro: -6.362 -16.281 5.203
Accel: 0.086 0.059 0.969
Gyro: -6.622 -18.112 5.416
Accel: 0.094 0.059 0.980
Gyro: -6.576 -18.783 5.279
Accel: 0.102 0.060 0.985
Gyro: -6.225 -18.661 4.684
Accel: 0.106 0.052 0.988
Gyro: -5.325 -17.425 3.997
Accel: 0.114 0.042 0.989
Gyro: -3.906 -14.526 2.929
Accel: 0.121 0.041 0.987
Gyro: -2.426 -10.955 1.892
Accel: 0.118 0.048 0.994
Gyro: 0.305 -7.492 0.625
Accel: 0.113 0.055 0.990
Gyro: 1.846 -4.531 0.411
Accel: 0.103 0.057 0.984
Gyro: 3.326 -1.831 0.915
Accel: 0.094 0.060 0.977
Gyro: 4.379 0.656 0.869
Accel: 0.086 0.055 0.973
Gyro: 5.142 2.639 0.122
Accel: 0.082 0.045 0.971
Gyro: 5.386 4.196 1.113
Accel: 0.072 0.031 0.978
Gyro: 5.325 4.989 2.883
Accel: 0.061 0.014 0.981
Gyro: 5.081 5.905 4.653
Accel: 0.056 0.005 0.987
Gyro: 4.501 6.759 6.256
Accel: 0.059 0.003 0.993
Gyro: 4.364 7.339 7.812
Accel: 0.054 0.002 0.997
Gyro: 4.409 6.576 9.246
Accel: 0.049 0.0010 1.002
Gyro: 5.081 4.455 10.025
Accel: 0.040 0.018 0.998
Gyro: 6.195 1.007 10.543
Accel: 0.040 0.024 0.997
Gyro: 7.339 -3.326 10.925
Accel: 0.038 0.022 0.994
Gyro: 8.499 -8.0010 10.955
Accel: 0.039 0.017 0.994
Gyro: 9.506 -12.680 10.620
Accel: 0.039 0.018 0.993
Gyro: 9.994 -17.456 9.933
Accel: 0.042 0.023 0.992
Gyro: 9.567 -20.355 9.002
Accel: 0.048 0.024 0.996
Gyro: 8.300 -21.453 8.316
Accel: 0.054 0.020 1.002
Gyro: 6.912 -21.682 7.354
Accel: 0.056 0.013 1.013
Gyro: 6.179 -21.316 5.783
Accel: 0.052 0.009 1.019
Gyro: 5.706 -18.966 4.196
Accel: 0.059 0.003 1.028
Gyro: 5.203 -15.182 3.082
Accel: 0.063 0.0000 1.031
Gyro: 4.486 -10.772 1.647
Accel: 0.059 0.002 1.029
Gyro: 3.829 -5.920 0.289
Accel: 0.067 0.003 1.025
Gyro: 3.112 -2.166 0.946
Accel: 0.070 0.006 1.030
Gyro: 2.624 2.090 -2.502
Accel: 0.124 0.062 1.037
Gyro: 1.342 8.529 -2.548
Accel: 0.080 0.0000 1.046
Gyro: 0.061 15.563 -2.670
Accel: 0.088 0.003 1.047
Gyro: -1.281 21.560 -2.853
Accel: 0.089 0.011 1.039
Gyro: -2.609 25.985 -2.929
Accel: 0.092 0.017 1.034
Gyro: -3.402 27.481 -2.853
Accel: 0.086 0.011 1.030
Gyro: -2.868 26.092 -2.746
Accel: 0.081 0.002 1.018
Gyro: -2.288 22.781 -2.593
Accel: 0.084 0.062 1.006
Gyro: -1.907 17.532 -2.197
Accel: 0.081 0.009 1.0000
Gyro: 0.747 9.765 -1.571
Accel: 0.080 0.018 0.997
Gyro: 1.785 0.457 -1.098
Accel: 0.062 0.030 0.983
Gyro: 2.853 -9.262 0.335
Accel: 0.061 0.029 0.987
Gyro: 2.716 -15.640 1.770
Accel: 0.064 0.017 0.995
Gyro: 2.670 -19.805 3.067
Accel: 0.063 0.004 1.0000
Gyro: 2.685 -22.872 4.379
Accel: 0.066 0.004 1.006
Gyro: 3.524 -24.551 5.203
Accel: 0.068 0.005 1.005
Gyro: 4.928 -24.703 5.630
Accel: 0.071 0.003 0.996
Gyro: 5.752 -23.529 5.767
Accel: 0.076 0.002 0.985
Gyro: 5.676 -19.363 5.569
Accel: 0.067 0.013 0.990
Gyro: 4.455 -12.512 5.874
Accel: 0.075 0.011 1.007
Gyro: 3.082 -5.111 5.828
Accel: 0.077 0.005 1.018
Gyro: 2.136 0.976 5.386
Accel: 0.069 0.012 1.025
Gyro: 1.800 6.164 4.623
Accel: 0.066 0.011 1.033
Gyro: 1.953 8.819 3.860
Accel: 0.056 0.006 1.028
Gyro: 2.166 9.567 2.655
Accel: 0.047 0.0001 1.017
Gyro: 2.120 9.536 1.281
Accel: 0.039 0.0000 1.007
Gyro: 1.739 8.789 0.167
Accel: 0.027 0.0001 0.998
Gyro: 1.144 7.858 0.823
Accel: 0.022 0.0000 0.989
Gyro: 0.427 6.942 -1.251
Accel: 0.024 0.003 0.981
Gyro: 0.625 6.088 -1.342
Accel: 0.035 0.004 0.986
Gyro: -1.327 4.730 -1.144
Accel: 0.049 0.004 0.985
Gyro: -1.266 3.280 0.411
Accel: 0.062 0.007 0.985
Gyro: -1.327 1.586 0.289
Accel: 0.072 0.0010 0.986
Gyro: -1.449 0.717 1.022
Accel: 0.083 0.015 0.990
Gyro: -1.464 -4.501 1.251
Accel: 0.087 0.027 1.0001
Gyro: 0.686 -9.307 0.946
Accel: 0.083 0.039 1.0010
Gyro: 0.228 -13.473 1.083
Accel: 0.092 0.041 1.016
Gyro: 0.076 -17.822 0.488
Accel: 0.098 0.042 1.022
Gyro: 0.061 -21.957 0.411
Accel: 0.099 0.040 1.021
Gyro: 0.900 -24.322 -1.586
Accel: 0.105 0.032 1.013
Gyro: -2.532 -23.452 -2.456
Accel: 0.113 0.021 1.003
Gyro: -4.806 -19.332 -3.051
Accel: 0.114 0.0010 0.994
Gyro: -7.110 -13.061 -3.631
Accel: 0.118 0.004 0.991
Gyro: -8.575 -6.057 -4.226
Accel: 0.110 0.002 0.990
Gyro: -9.262 0.564 -4.867
Accel: 0.114 0.012 0.991
Gyro: -8.956 5.203 -5.859
Accel: 0.099 0.027 0.985
Gyro: -8.087 8.789 -6.698
Accel: 0.087 0.042 0.978
Gyro: -7.507 10.589 -6.958
Accel: 0.077 0.051 0.976
Gyro: -7.064 10.375 -6.912
Accel: 0.068 0.060 0.979
Gyro: -6.500 8.850 -5.981
Accel: 0.065 0.054 0.976
Gyro: -6.118 6.988 -4.379
Accel: 0.058 0.048 0.979
Gyro: -6.072 4.684 -2.685
Accel: 0.052 0.041 0.982
Gyro: -6.164 2.120 0.686
Accel: 0.045 0.040 0.986
Gyro: -5.828 -1.541 1.098
Accel: 0.047 0.034 0.986
Gyro: -5.416 -5.035 2.777
Accel: 0.052 0.039 0.989
Gyro: -4.806 -7.888 4.196
Accel: 0.060 0.048 0.991
Gyro: -3.845 -10.559 5.249
Accel: 0.072 0.054 0.998
Gyro: -2.059 -12.954 5.966
Accel: 0.082 0.068 1.003
Gyro: 0.259 -14.038 6.195
Accel: 0.080 0.074 1.014
Gyro: 0.625 -13.732 6.896
Accel: 0.095 0.070 1.022
Gyro: 1.464 -12.939 6.317
Accel: 0.0100 0.072 1.028
Gyro: 2.288 -11.199 5.294
Accel: 0.113 0.071 1.035
Gyro: 3.509 -9.017 3.662
Accel: 0.117 0.066 1.041
Gyro: 5.706 -7.064 1.922
Accel: 0.118 0.057 1.037
Gyro: 7.629 -4.867 0.183
Accel: 0.126 0.049 1.033
Gyro: 8.239 -2.685 -1.342
Accel: 0.132 0.042 1.027
Gyro: 8.331 -1.510 -2.868
Accel: 0.143 0.036 1.023
Gyro: 7.934 -1.037 -4.425
Accel: 0.142 0.038 1.021
Gyro: 7.507 -1.281 -5.645
Accel: 0.138 0.033 1.018
Gyro: 6.668 -1.296 -6.256
Accel: 0.143 0.025 1.018
Gyro: 5.264 -1.861 -6.988
Accel: 0.139 0.023 1.018
Gyro: 0.076 -3.402 -7.278
Accel: 0.136 0.018 1.017
Gyro: 2.380 -5.844 -7.263
Accel: 0.063 0.018 1.023
Gyro: 1.327 -9.323 -6.942
Accel: 0.117 0.015 1.024
Gyro: 0.289 -11.169 -6.164
Accel: 0.123 0.011 1.029
Gyro: -1.892 -12.405 -5.065
Accel: 0.119 0.013 1.033
Gyro: -2.853 -12.680 -3.738
Accel: 0.114 0.016 1.036
Gyro: -3.326 -12.283 -2.380
Accel: 0.109 0.020 1.035
Gyro: -3.173 -11.474 0.915
Accel: 0.098 0.026 1.035
Gyro: -3.005 -8.666 0.839
Accel: 0.103 0.026 1.037
Gyro: -2.349 -5.142 2.243
Accel: 0.105 0.028 1.035
Gyro: -1.693 -1.876 3.601
Accel: 0.106 0.031 1.033
Gyro: 0.610 0.473 4.455
Accel: 0.107 0.033 1.030
Gyro: 1.022 1.739 4.684
Accel: 0.098 0.036 1.020
Gyro: 2.487 3.158 4.898
Accel: 0.092 0.040 1.021
Gyro: 7.705 5.355 5.218
Accel: 0.093 0.038 1.023
Gyro: 5.065 7.415 5.432
Accel: 0.096 0.036 1.020
Gyro: 6.179 8.819 5.203
Accel: 0.094 0.037 1.016
Gyro: 6.820 10.162 4.821
