Accel: 0.039 0.002 1.008
Gyro: -1.388 2.349 -2.471
Accel: 0.044 0.005 1.008
Gyro: -1.983 0.137 -1.510
Accel: 0.041 0.0000 1.009
Gyro: -2.563 0.793 0.457
Accel: 0.046 0.0000 1.005
Gyro: -2.273 -1.388 0.411
Accel: 0.044 0.002 1.004
Gyro: -2.197 0.793 1.037
Accel: 0.045 0.0000 1.0000
Gyro: -2.136 0.137 1.739
Accel: 0.046 0.003 0.998
Gyro: -2.243 0.900 2.548
Accel: 0.051 0.005 0.993
Gyro: -2.227 1.541 3.097
Accel: 0.054 0.002 0.995
Gyro: -2.319 2.151 3.219
Accel: 0.055 0.007 0.995
Gyro: -2.182 2.090 3.067
Accel: 0.055 0.015 0.993
Gyro: -2.059 1.403 2.700
Accel: 0.054 0.018 0.992
Gyro: -1.907 0.732 2.212
Accel: 0.052 0.011 0.989
Gyro: -1.785 0.213 1.937
Accel: 0.053 0.007 0.989
Gyro: -2.334 -1.388 1.846
Accel: 0.055 0.003 0.986
Gyro: -2.944 -2.670 1.846
Accel: 0.060 0.002 0.984
Gyro: -3.570 -3.234 1.754
Accel: 0.065 0.002 0.982
Gyro: -4.150 -3.280 1.571
Accel: 0.066 0.007 0.980
Gyro: -5.142 -3.311 1.495
Accel: 0.067 0.0010 0.982
Gyro: -6.759 -3.875 1.617
Accel: 0.072 0.012 0.987
Gyro: -8.605 -4.837 1.495
Accel: 0.070 0.007 0.994
Gyro: -10.375 -6.271 1.312
Accel: 0.068 0.0000 1.062
Gyro: -11.245 -7.583 1.159
Accel: 0.059 0.008 1.007
Gyro: -11.688 -8.666 1.358
Accel: 0.055 0.0010 1.012
Gyro: -11.474 -8.834 1.739
Accel: 0.058 0.019 1.017
Gyro: -10.574 -8.285 2.441
Accel: 0.061 0.017 1.021
Gyro: -9.124 -6.759 2.868
Accel: 0.058 0.020 1.025
Gyro: -7.492 -4.806 3.036
Accel: 0.053 0.025 1.027
Gyro: -6.057 -3.219 3.524
Accel: 0.045 0.023 1.034
Gyro: -4.577 -2.517 4.104
Accel: 0.039 0.024 1.039
Gyro: -3.555 -2.105 4.531
Accel: 0.037 0.022 1.046
Gyro: -2.914 -1.983 5.020
Accel: 0.042 0.017 1.049
Gyro: -2.685 -2.838 5.432
Accel: 0.051 0.018 1.048
Gyro: -2.105 -3.280 5.447
Accel: 0.060 0.019 1.047
Gyro: -1.113 -3.082 5.157
Accel: 0.061 0.024 1.044
Gyro: 0.473 -2.471 4.821
Accel: 0.061 0.025 1.040
Gyro: 2.059 -1.876 4.699
Accel: 0.058 0.020 1.038
Gyro: 3.280 -1.724 4.577
Accel: 0.060 0.014 1.028
Gyro: 3.616 -1.983 4.287
Accel: 0.069 0.0010 1.023
Gyro: 3.448 -2.655 3.768
Accel: 0.080 0.013 1.019
Gyro: 2.975 -2.960 2.929
Accel: 0.087 0.020 1.015
Gyro: 2.410 -3.143 1.678
Accel: 0.093 0.023 1.014
Gyro: 1.800 -3.021 0.030
Accel: 0.092 0.021 1.012
Gyro: 1.525 -2.090 -1.464
Accel: 0.089 0.020 1.015
Gyro: 2.197 0.183 -2.441
Accel: 0.090 0.017 1.015
Gyro: 3.479 2.166 -3.311
Accel: 0.085 0.017 1.018
Gyro: 4.959 4.547 -4.150
Accel: 0.085 0.015 1.012
Gyro: 5.950 6.973 -5.264
Accel: 0.083 0.018 1.011
Gyro: 6.637 8.438 -5.966
Accel: 0.081 0.016 1.007
Gyro: 7.156 9.155 -6.698
Accel: 0.077 0.016 1.007
Gyro: 6.774 9.292 -7.263
Accel: 0.070 0.014 1.003
Gyro: 6.179 8.712 -7.690
Accel: 0.070 0.013 1.0000
Gyro: 5.157 8.148 -7.965
Accel: 0.073 0.007 1.0001
Gyro: 4.379 7.843 -8.590
Accel: 0.079 0.002 0.996
Gyro: 3.341 8.285 -9.536
Accel: 0.083 0.0001 0.995
Gyro: 2.532 8.987 -10.269
Accel: 0.074 0.003 0.995
Gyro: 2.349 9.826 -10.665
Accel: 0.0000 0.007 0.994
Gyro: 2.548 10.940 -10.620
Accel: 0.050 0.016 0.992
Gyro: 3.112 11.962 -10.192
Accel: 0.038 0.027 0.990
Gyro: 4.348 12.756 -9.185
Accel: 0.032 0.024 0.991
Gyro: 5.813 13.397 -8.666
Accel: 0.028 0.022 0.990
Gyro: 6.591 13.534 -8.560
Accel: 0.023 0.020 0.991
Gyro: 6.393 12.039 -8.377
Accel: 0.020 0.006 0.996
Gyro: 5.065 8.773 -7.812
Accel: 0.023 0.006 1.004
Gyro: 3.585 5.462 -7.019
Accel: 0.023 0.0010 1.008
Gyro: 2.822 3.097 -6.042
Accel: 0.021 0.007 1.009
Gyro: 2.288 1.083 -5.004
Accel: 0.011 0.003 1.007
Gyro: 2.304 -1.068 -3.570
Accel: 0.002 0.005 1.006
Gyro: 2.258 -3.128 -2.288
Accel: 0.0001 0.004 1.005
Gyro: 2.410 -4.638 -1.251
Accel: 0.006 0.0000 1.004
Gyro: 2.761 -5.523 0.091
Accel: 0.0000 0.0001 1.0010
Gyro: 3.570 -6.271 1.266
Accel: 0.002 0.004 1.011
Gyro: 4.211 -6.530 2.014
Accel: 0.0010 0.003 1.015
Gyro: 4.776 -6.774 2.471
Accel: 0.013 0.003 1.015
Gyro: 4.959 -7.995 2.548
Accel: 0.019 0.0001 1.017
Gyro: 4.730 -9.582 2.838
Accel: 0.027 0.011 1.018
Gyro: 4.241 -11.779 2.975
Accel: 0.034 0.019 1.021
Gyro: 3.494 -13.137 3.005
Accel: 0.041 0.021 1.017
Gyro: 2.578 -14.175 3.265
Accel: 0.041 0.023 1.016
Gyro: 1.403 -15.136 3.799
Accel: 0.048 0.025 1.0010
Gyro: 0.381 -15.945 4.180
Accel: 0.059 0.022 1.0010
Gyro: 0.305 -15.762 4.882
Accel: 0.067 0.023 1.015
Gyro: 0.335 -14.694 5.157
Accel: 0.070 0.021 1.015
Gyro: 0.411 -12.710 4.898
Accel: 0.072 0.018 1.018
Gyro: 1.525 -10.223 4.394
Accel: 0.071 0.015 1.019
Gyro: 2.670 -7.781 3.784
Accel: 0.069 0.015 1.017
Gyro: 3.555 -5.599 3.448
Accel: 0.072 0.019 1.016
Gyro: 4.348 -4.257 3.555
Accel: 0.076 0.024 1.011
Gyro: 4.562 -3.189 3.723
Accel: 0.074 0.023 1.0010
Gyro: 4.409 -2.197 4.318
Accel: 0.074 0.032 1.006
Gyro: 4.058 -1.419 4.333
Accel: 0.077 0.031 1.009
Gyro: 3.112 0.061 4.226
Accel: 0.077 0.029 1.006
Gyro: 2.288 0.625 3.936
Accel: 0.077 0.017 1.005
Gyro: 1.235 1.541 3.784
Accel: 0.076 0.016 1.004
Gyro: 0.427 2.197 3.417
Accel: 0.078 0.011 1.004
Gyro: 0.335 2.883 2.883
Accel: 0.076 0.008 1.062
Gyro: 0.625 3.601 2.532
Accel: 0.073 0.008 0.997
Gyro: -1.037 4.364 2.090
Accel: 0.071 0.008 0.992
Gyro: -1.800 4.669 1.846
Accel: 0.066 0.013 0.991
Gyro: -3.326 3.875 1.922
Accel: 0.067 0.024 0.989
Gyro: -6.042 2.029 2.105
Accel: 0.073 0.029 0.986
Gyro: -9.521 0.350 2.304
Accel: 0.073 0.014 0.979
Gyro: -13.580 0.839 3.219
Accel: 0.075 0.011 0.979
Gyro: -16.830 -1.480 3.997
Accel: 0.077 0.006 0.985
Gyro: -19.302 -1.281 4.318
Accel: 0.076 0.002 0.989
Gyro: -20.416 0.610 4.211
Accel: 0.073 0.012 0.992
Gyro: -20.736 0.488 3.890
Accel: 0.069 0.022 0.997
Gyro: -20.202 1.815 3.616
Accel: 0.065 0.027 0.999
Gyro: -19.241 3.112 3.479
Accel: 0.062 0.033 1.003
Gyro: -17.944 3.997 3.585
Accel: 0.056 0.041 1.007
Gyro: -16.311 4.364 4.226
Accel: 0.058 0.040 1.021
Gyro: -14.205 4.531 4.272
Accel: 0.057 0.044 1.033
Gyro: -11.428 4.898 3.646
Accel: 0.057 0.058 1.039
Gyro: -8.346 4.196 2.990
Accel: 0.060 0.064 1.043
Gyro: -4.943 3.402 2.258
Accel: 0.064 0.063 1.043
Gyro: -1.770 2.670 1.388
Accel: 0.066 0.059 1.046
Gyro: 1.296 1.892 0.869
Accel: 0.062 0.052 1.044
Gyro: 4.165 0.762 0.625
Accel: 0.058 0.050 1.042
Gyro: 7.003 0.198 0.640
Accel: 0.055 0.043 1.036
Gyro: 9.246 0.869 0.885
Accel: 0.050 0.034 1.032
Gyro: 10.894 -2.426 1.159
Accel: 0.052 0.034 1.029
Gyro: 11.825 -3.372 1.556
Accel: 0.054 0.028 1.027
Gyro: 13.366 -4.272 1.785
Accel: 0.049 0.024 1.026
Gyro: 14.190 -4.760 1.770
Accel: 0.049 0.023 1.022
Gyro: 14.770 -5.584 1.876
Accel: 0.051 0.022 1.017
Gyro: 14.892 -6.317 2.059
Accel: 0.057 0.019 1.013
Gyro: 15.090 -6.622 2.182
Accel: 0.060 0.015 1.009
Gyro: 15.014 -6.134 2.395
Accel: 0.062 0.003 1.008
Gyro: 14.724 -5.599 1.922
Accel: 0.060 0.0001 1.005
Gyro: 13.824 -5.020 1.419
Accel: 0.0000 0.0000 1.004
Gyro: 12.496 -5.050 0.473
Accel: 0.062 0.0001 1.006
Gyro: 10.742 -5.416 0.579
Accel: 0.056 0.008 1.0010
Gyro: 8.56040.344 9.292 21.652
Accel: 0.032 0.057 0.972
Gyro: 20.126 10.726 22.201
Accel: 0.036 0.060 0.937
Gyro: -1.617 13.992 24.597
Accel: 0.0010 0.093 0.923
Gyro: -22.735 15.487 25.253
Accel: 0.064 0.128 0.921
Gyro: -36.071 12.741 21.896
Accel: 0.070 0.075 0.944
Gyro: -47.714 9.689 20.187
Accel: 0.042 0.0010 0.962
Gyro: -55.953 6.072 21.499
Accel: 0.017 0.046 0.976
Gyro: -60.394 1.739 26.123
Accel: 0.027 0.080 0.985
Gyro: -60.913 -1.754 31.570
Accel: 0.028 0.113 0.994
Gyro: -58.944 -4.089 35.980
Accel: 0.025 0.147 0.991
Gyro: -55.267 -4.333 40.512
Accel: 0.017 0.164 0.988
Gyro: -50.109 -3.326 45.486
Accel: 0.008 0.141 0.998
Gyro: -44.784 3.555 48.904
Accel: 0.007 0.127 0.998
Gyro: -38.192 7.446 52.078
Accel: 0.018 0.106 0.995
Gyro: -27.816 6.530 53.833
Accel: 0.036 0.099 1.0000
Gyro: -25.573 6.866 52.978
Accel: 0.037 0.119 1.012
Gyro: -19.973 5.355 50.613
Accel: 0.041 0.146 1.020
Gyro: -16.403 4.699 47.515
Accel: 0.048 0.177 1.022
Gyro: -13.839 4.165 42.327
Accel: 0.050 0.185 1.029
Gyro: -11.428 4.608 36.056
Accel: 0.045 0.181 1.023
Gyro: -9.307 4.898 28.717
Accel: 0.024 0.190 1.005
Gyro: -6.072 3.890 21.865
Accel: 0.005 0.187 0.976
Gyro: 0.915 1.449 16.952
Accel: 0.011 0.166 0.966
Gyro: 6.072 1.632 14.022
Accel: 0.003 0.129 0.976
Gyro: 15.060 2.243 12.634
Accel: 0.019 0.090 0.995
Gyro: 24.597 2.334 13.427
Accel: 0.021 0.074 1.016
Gyro: 34.210 0.518 17.059
Accel: 0.007 0.080 1.038
Gyro: 44.433 -2.517 21.224
Accel: 0.006 0.102 1.058
Gyro: 58.151 -6.637 23.605
Accel: 0.031 0.141 1.054
Gyro: 69.671 -10.253 22.811
Accel: 0.124 0.160 1.036
Gyro: 81.069 -12.008 19.165
Accel: 0.083 0.146 1.015
Gyro: 86.608 -11.764 13.0000
Accel: 0.087 0.108 0.997
Gyro: 92.254 -9.826 5.584
Accel: 0.071 0.073 0.984
Gyro: 92.376 -5.950 -2.059
Accel: 0.020 0.053 0.980
Gyro: 85.556 0.381 -11.596
Accel: 0.027 0.040 0.965
Gyro: 75.881 4.669 -11.093
Accel: 0.046 0.036 0.949
Gyro: 63.217 7.598 -10.437
Accel: 0.043 0.036 0.941
Gyro: 54.733 7.492 -7.217
Accel: 0.012 0.057 0.949
Gyro: 52.612 5.081 -4.425
Accel: 0.026 0.049 0.968
Gyro: 50.170 2.105 -4.043
Accel: 0.052 0.105 0.989
Gyro: 48.019 1.907 -5.813
Accel: 0.058 0.161 1.004
Gyro: 45.333 2.822 -8.956
Accel: 0.047 0.203 1.017
Gyro: 39.871 3.692 -12.207
Accel: 0.024 0.207 1.019
Gyro: 31.158 4.104 -14.785
Accel: 0.0000 0.178 1.004
Gyro: 22.003 4.165 -15.457
Accel: 0.029 0.131 0.996
Gyro: 8.041 5.432 -13.626
Accel: 0.041 0.128 1.012
Gyro: 1.281 8.422 -11.428
Accel: 0.048 0.160 1.029
Gyro: -14.724 12.710 -10.116
Accel: 0.054 0.192 1.043
Gyro: -23.178 16.220 -9.094
Accel: 0.052 0.198 1.051
Gyro: -34.805 17.028 -7.324
Accel: 0.040 0.181 1.043
Gyro: -43.914 16.159 -4.882
Accel: 0.024 0.154 1.026
Gyro: -49.468 15.090 -1.647
Accel: 0.024 0.129 1.007
Gyro: -51.803 13.702 1.922
Accel: 0.019 0.135 0.990
Gyro: -51.483 11.398 3.677
Accel: 0.017 0.114 0.984
Gyro: -49.316 11.322 4.684
Accel: 0.044 0.082 0.989
Gyro: -46.035 12.954 5.462
Accel: 0.085 0.060 1.0001
Gyro: -43.411 14.877 6.088
Accel: 0.114 0.066 1.0001
Gyro: -41.046 15.625 4.928
Accel: 0.107 0.054 0.983
Gyro: -36.468 14.083 3.295
Accel: 0.087 0.023 0.962
Gyro: -29.022 8.712 2.471
Accel: 0.071 0.002 0.952
Gyro: -21.896 -3.021 2.227
Accel: 0.072 0.037 0.947
Gyro: -16.616 -10.192 3.372
Accel: 0.054 0.072 0.875
Gyro: -12.283 -18.234 6.484
Accel: 0.058 0.083 0.927
Gyro: -5.966 -18.142 8.743
Accel: 0.040 0.077 0.931
Gyro: 3.540 -10.696 7.934
Accel: 0.049 0.060 0.928
Gyro: 15.075 0.061 3.982
Accel: 0.0001 0.081 0.908
Gyro: 28.244 8.605 0.320
Accel: 0.059 0.121 0.885
Gyro: 40.603 12.939 0.885
Accel: 0.114 0.144 0.864
Gyro: 49.804 13.992 1.754
Accel: 0.130 0.149 0.840
Gyro: 58.288 12.390 6.729
Accel: 0.110 0.138 0.751
Gyro: 56.167 9.979 11.978
Accel: 0.075 0.126 0.788
Gyro: 56.137 7.598 16.326
Accel: 0.036 0.101 0.770
Gyro: 54.565 4.760 19.287
Accel: 0.0001 0.071 0.751
Gyro: 52.444 2.502 20.584
Accel: 0.017 0.040 0.732
Gyro: 51.025 1.449 20.324
Accel: 0.019 0.006 0.717
Gyro: 50.292 1.525 17.883
Accel: 0.0010 0.0010 0.696
Gyro: 51.025 2.822 13.809
Accel: 0.017 0.0010 0.680
Gyro: 53.787 2.883 9.185
Accel: 0.049 0.005 0.672
Gyro: 56.274 0.762 5.340
Accel: 0.065 0.062 0.675
Gyro: 56.365 -2.838 1.159
Accel: 0.056 0.014 0.682
Gyro: 52.566 -5.722 -2.655
Accel: 0.047 0.026 0.686
Gyro: 45.745 -7.919 -4.745
Accel: 0.041 0.049 0.693
Gyro: 37.857 -10.238 -6.271
Accel: 0.033 0.086 0.703
Gyro: 29.724 -11.398 -8.514
Accel: 0.042 0.105 0.705
Gyro: 23.132 -10.391 -15.426
Accel: 0.065 0.117 0.703
Gyro: 17.929 -8.544 -14.556
Accel: 0.098 0.114 0.706
Gyro: 11.810 -8.895 -16.830
Accel: 0.128 0.113 0.716
Gyro: 14.556 -11.062 -17.608
Accel: 0.130 0.116 0.730
Gyro: 12.756 -13.595 -17.303
Accel: 0.109 0.130 0.740
Gyro: 10.299 -15.487 -16.677
Accel: 0.069 0.162 0.752
Gyro: 7.659 -15.213 -16.159
Accel: 0.028 0.181 0.762
Gyro: 4.470 -8.255 -15.777
Accel: 0.006 0.178 0.766
Gyro: 1.312 -7.247 -15.380
Accel: 0.008 0.164 0.769
Gyro: -1.647 -3.005 -14.816
Accel: 0.011 0.169 0.782
Gyro: -3.402 0.305 -16.067
Accel: 0.036 0.178 0.804
Gyro: -4.516 0.396 -18.341
Accel: 0.078 0.180 0.824
Gyro: -3.982 0.259 -19.927
Accel: 0.108 0.166 0.837
Gyro: 0.778 -1.449 -20.416
Accel: 0.118 0.157 0.854
Gyro: 3.692 -3.250 -20.416
Accel: 0.108 0.165 0.866
Gyro: 11.474 -5.401 -20.355
Accel: 0.072 0.194 0.875
Gyro: 11.032 -7.019 -21.011
Accel: 0.046 0.215 0.877
Gyro: 13.259 -8.056 -21.865
Accel: 0.035 0.218 0.878
Gyro: 14.434 -10.345 -22.064
Accel: 0.025 0.220 0.882
Gyro: 14.846 -12.512 -21.087
Accel: 0.027 0.216 0.885
Gyro: 15.930 -13.351 -19.226
Accel: 0.031 0.235 0.894
Gyro: 18.646 -11.810 -17.776
Accel: 0.042 0.269 0.900
Gyro: 22.232 -4.226 -17.745
Accel: 0.070 0.284 0.901
Gyro: 26.336 -4.745 -17.974
Accel: 0.090 0.291 0.897
Gyro: 29.632 -2.929 -18.493
Accel: 0.094 0.274 0.893
Gyro: 31.524 -2.014 -19.424
Accel: 0.095 0.246 0.879
Gyro: 31.646 -1.510 -20.004
Accel: 0.0100 0.215 0.868
Gyro: 30.471 -2.029 -19.302
Accel: 0.104 0.204 0.858
Gyro: 28.030 -3.311 -17.990
Accel: 0.102 0.218 0.856
Gyro: 24.734 -5.081 -16.601
Accel: 0.094 0.248 0.864
Gyro: 21.072 -6.790 -14.633
Accel: 0.079 0.275 0.872
Gyro: 16.693 -7.781 -12.512
Accel: 0.063 0.281 0.812
Gyro: 12.725 -7.781 -10.620
Accel: 0.046 0.279 0.873
Gyro: 8.941 -6.698 -9.933
Accel: 0.041 0.271 0.870
Gyro: 5.706 -4.974 -10.147
Accel: 0.053 0.259 0.870
Gyro: 2.624 -3.936 -10.238
Accel: 0.071 0.241 0.877
Gyro: -1.235 -3.875 -8.422
Accel: 0.077 0.236 0.880
Gyro: -6.134 -3.814 -5.783
Accel: 0.068 0.245 0.880
Gyro: -10.772 -4.089 -3.677
Accel: 0.053 0.259 0.881
Gyro: -14.663 -4.318 -3.021
Accel: 0.044 0.248 0.885
Gyro: -18.890 -3.814 -2.899
Accel: 0.052 0.227 0.895
Gyro: -27.069 -3.158 -2.441
Accel: 0.070 0.206 0.914
Gyro: -27.191 -3.875 -1.327
Accel: 0.088 0.191 0.929
Gyro: -30.883 -5.767 0.335
Accel: 0.090 0.189 0.944
Gyro: -32.485 -7.797 -3.890
Accel: 0.077 0.193 0.966
Gyro: -33.020 -7.797 0.183
Accel: 0.064 0.193 0.987
Gyro: -33.370 -6.973 0.427
Accel: 0.050 0.193 1.0001
Gyro: -33.065 -6.454 0.656
Accel: 0.031 0.177 1.014
Gyro: -27.420 -6.530 -1.037
Accel: 0.022 0.145 1.029
Gyro: -28.381 -5.981 -1.327
Accel: 0.026 0.124 1.049
Gyro: -24.978 -5.493 -1.968
Accel: 0.035 0.105 1.070
Gyro: -22.308 -5.661 -2.166
Accel: 0.055 0.099 1.081
Gyro: -20.858 -5.935 -1.205
Accel: 0.057 0.107 1.088
Gyro: -20.278 -5.661 0.473
Accel: 0.041 0.129 1.090
Gyro: -19.790 -4.806 1.052
Accel: 0.028 0.125 1.083
Gyro: -18.646 -3.250 1.358
Accel: 0.020 0.121 1.068
Gyro: -16.189 -1.663 1.480
Accel: 0.018 0.112 1.052
Gyro: -13.442 0.167 1.403
Accel: 0.029 0.104 1.048
Gyro: -9.872 0.534 2.105
Accel: 0.037 0.113 1.052
Gyro: -7.064 0.259 2.777
Accel: 0.038 0.101 1.057
Gyro: -5.783 0.259 3.311
Accel: 0.021 0.0100 1.055
Gyro: -5.432 0.564 3.387
Accel: 0.0010 0.117 1.051
Gyro: -5.767 0.457 2.746
Accel: 0.006 0.124 1.041
Gyro: -6.271 0.427 2.532
Accel: 0.008 0.121 1.024
Gyro: -6.332 1.464 2.410
Accel: 0.013 0.108 1.004
Gyro: -7.003 1.281 2.120
Accel: 0.016 0.093 0.985
Gyro: -7.980 0.305 1.495
Accel: 0.017 0.091 0.972
Gyro: -9.140 0.274 0.701
Accel: 0.024 0.094 0.964
Gyro: -10.559 0.0000 0.640
Accel: 0.018 0.124 0.962
Gyro: -12.023 0.885 0.534
Accel: 0.024 0.148 0.962
Gyro: -13.092 1.846 0.976
Accel: 0.028 0.144 0.959
Gyro: -13.244 2.166 2.456
Accel: 0.021 0.132 0.945
Gyro: -12.878 3.051 4.318
Accel: 0.014 0.063 0.921
Gyro: -12.0100 4.791 6.393
Accel: 0.019 0.116 0.891
Gyro: -11.108 6.332 8.483
Accel: 0.017 0.120 0.861
Gyro: -10.742 8.102 10.116
Accel: 0.020 0.111 0.821
Gyro: -11.520 9.140 11.062
Accel: 0.024 0.092 0.782
Gyro: -13.275 8.636 11.413
Accel: 0.023 0.088 0.736
Gyro: -16.250 6.393 11.627
Accel: 0.028 0.071 0.672
Gyro: -20.492 3.692 11.215
Accel: 0.022 0.087 0.612
Gyro: -30.899 1.617 9.963
Accel: 0.012 0.125 0.545
Gyro: -35.934 -1.602 8.529
Accel: 0.005 0.149 0.473
Gyro: -46.813 -5.935 7.812
Accel: 0.026 0.151 0.390
Gyro: -57.937 -9.948 7.873
Accel: 0.035 0.117 0.302
Gyro: -66.986 -12.039 8.316
Accel: 0.013 0.052 0.173
Gyro: -70.297 -11.489 8.163
Accel: 0.009 0.011 0.074
Gyro: -68.145 -11.0001 6.225
Accel: 0.112 0.021 0.040
Gyro: -63.964 -10.406 -1.266
Accel: 0.009 0.023 0.037
Gyro: -55.816 -8.224 -2.838
Accel: 0.002 0.016 0.057
Gyro: -48.049 -5.249 -3.494
Accel: 0.0000 0.017 0.073
Gyro: -42.282 -2.151 -4.058
Accel: 0.008 0.017 0.048
Gyro: -37.261 1.129 -4.486
Accel: 0.003 0.0010 0.050
Gyro: -33.340 3.631 -4.943
Accel: 0.003 0.0010 0.026
Gyro: -30.120 6.454 -5.264
Accel: 0.005 0.009 0.038
Gyro: -27.801 9.185 -5.615
Accel: 0.0001 0.007 0.047
Gyro: -26.031 11.795 -5.737
Accel: 0.007 0.008 0.050
Gyro: -24.612 14.297 -5.905
Accel: 0.004 0.005 0.055
Gyro: -23.620 16.967 -6.271
Accel: 0.003 0.005 0.053
Gyro: -22.933 19.577 -6.652
Accel: 0.002 0.006 0.056
Gyro: -22.415 21.972 -6.973
Accel: 0.0000 0.004 0.061
Gyro: -22.018 24.429 -7.324
Accel: 0.002 0.003 0.066
Gyro: -21.835 26.611 -7.766
Accel: 0.003 0.004 0.066
Gyro: -21.591 28.793 -8.041
Accel: 0.004 0.006 0.068
Gyro: -21.301 35.125 -8.331
Accel: 0.002 0.005 0.071
Gyro: -21.118 33.355 -8.514
Accel: 0.002 0.002 0.074
Gyro: -21.072 35.308 -8.789
Accel: 0.003 0.003 0.077
Gyro: -21.408 37.307 -9.109
Accel: 0.0001 0.002 0.078
Gyro: -21.621 39.215 -9.536
Accel: 0.002 0.004 0.083
Gyro: -21.804 41.0000 -9.872
Accel: 0.003 0.002 0.084
Gyro: -21.759 42.556 -10.192
Accel: 0.003 0.003 0.084
Gyro: -21.560 44.250 -10.574
Accel: 0.0000 0.004 0.088
Gyro: -21.316 45.898 -11.0001
Accel: 0.0001 0.006 0.093
Gyro: -20.767 47.302 -11.291
Accel: 0.002 0.006 0.094
Gyro: -20.095 48.614 -11.489
Accel: 0.0001 0.006 0.0100
Gyro: -19.058 49.789 -11.520
Accel: 0.002 0.006 0.0100
Gyro: -17.059 50.994 -11.245
Accel: 0.003 0.011 0.102
Gyro: -14.266 51.971 -10.665
Accel: 0.0000 0.0010 0.107
Gyro: -11.0001 53.024 -10.147
Accel: 0.006 0.013 0.110
Gyro: -7.507 53.985 -9.002
Accel: 0.0000 0.007 0.113
Gyro: -4.852 55.007 -8.819
Accel: 0.003 0.002 0.114
Gyro: -4.440 55.831 -10.070
Accel: 0.008 0.006 0.120
Gyro: -4.837 56.686 -12.039
Accel: 0.009 0.0010 0.118
Gyro: -5.355 57.342 -14.358
Accel: 0.016 0.016 0.127
Gyro: -6.530 57.647 -17.440
Accel: 0.012 0.012 0.135
Gyro: -6.744 57.113 -21.392
Accel: 0.015 0.003 0.082
Gyro: -6.118 46.722 -21.163
Accel: 0.293 0.101 0.407
Gyro: -16.082 42.312 -27.679
Accel: 0.378 0.108 1.214
Gyro: -18.371 26.855 -29.739
Accel: -7.999 -5.374 7.999
Gyro: -499.969 -499.969 -75.805
Accel: -1.468 1.644 0.304
Gyro: 499.984 -336.471 20.248
Accel: 0.870 0.281 0.285
Gyro: 499.984 -189.132 24.276
Accel: 0.311 0.712 0.832
Gyro: 460.968 -196.029 -27.206
Accel: 0.290 1.105 0.222
Gyro: 246.475 -143.569 -74.386
Accel: 0.053 2.325 0.667
Gyro: -3.875 -81.756 -73.486
Accel: 0.335 2.273 0.723
Gyro: -203.842 -19.531 -69.519
Accel: 0.500 1.550 0.905
Gyro: -387.985 104.660 -50.384
Accel: 0.145 0.817 0.951
Gyro: -499.969 120.330 -33.859
Accel: -1.353 -2.727 7.964
Gyro: -484.344 36.056 19.882
Accel: 0.009 -1.963 3.257
Gyro: -2.761 164.779 64.102
Accel: 0.285 0.219 0.114
Gyro: -22.079 169.998 57.006
Accel: 0.238 0.247 0.116
Gyro: -72.036 146.057 57.510
Accel: 0.122 0.235 0.065
Gyro: -97.503 129.272 59.860
Accel: 0.124 0.683 0.815
Gyro: -76.934 123.886 66.162
Accel: 0.093 -1.147 1.354
Gyro: 22.994 127.868 69.534
Accel: 0.015 0.964 0.812
Gyro: 90.164 108.276 55.908
Accel: 0.310 0.846 0.475
Gyro: 72.814 68.222 33.645
Accel: 0.399 0.713 0.379
Gyro: 36.209 27.267 5.935
Accel: 0.456 0.543 0.565
Gyro: 10.040 -8.697 -1.892
Accel: 0.504 0.470 0.935
Gyro: 11.016 -30.563 0.076
Accel: 0.438 0.330 1.216
Gyro: 28.045 -37.780 7.736
Accel: 0.394 0.190 1.146
Gyro: 39.840 -37.643 13.198
Accel: 0.287 0.060 0.975
Gyro: 40.512 -45.562 16.464
Accel: 0.237 0.018 0.859
Gyro: 25.573 -52.673 11.978
Accel: 0.141 0.0001 1.012
Gyro: 5.737 -49.789 11.138
Accel: 0.115 0.0010 1.175
Gyro: -7.629 -40.435 4.638
Accel: 0.098 0.006 1.216
Gyro: -5.035 -33.447 -1.205
Accel: 0.092 0.122 1.086
Gyro: -6.332 -33.203 -5.355
Accel: 0.076 0.166 0.988
Gyro: -8.300 -38.879 -6.820
Accel: 0.072 0.288 0.990
Gyro: -6.622 -44.967 -5.264
Accel: 0.069 0.345 1.030
Gyro: 0.091 -46.890 -2.304
Accel: 0.066 0.304 1.031
Gyro: 6.866 -44.250 0.030
Accel: 0.059 0.207 0.999
Gyro: 9.948 -38.757 1.464
Accel: 0.052 0.132 0.979
Gyro: 10.818 -29.891 1.708
Accel: 0.080 0.085 0.988
Gyro: 11.825 -17.639 1.647
Accel: 0.127 0.061 1.038
Gyro: 14.450 -6.301 2.746
Accel: 0.165 0.047 1.077
Gyro: 18.463 -1.495 3.860
Accel: 0.173 0.048 1.090
Gyro: 23.117 -3.082 4.028
Accel: 0.153 0.052 1.066
Gyro: 26.535 -7.888 3.433
Accel: 0.117 0.053 1.049
Gyro: 28.503 -12.252 3.341
Accel: 0.082 0.063 1.062
Gyro: 31.356 -14.434 4.943
Accel: 0.038 0.045 1.173
Gyro: 31.967 -10.971 5.905
Accel: 0.078 0.015 1.166
Gyro: 33.706 -2.624 7.568
Accel: 0.054 0.024 1.245
Gyro: 36.224 5.554 8.850
Accel: 0.062 0.076 1.151
Gyro: 31.570 10.833 10.848
Accel: 0.096 0.095 1.076
Gyro: 29.479 11.627 13.977
Accel: 0.136 0.075 1.044
Gyro: 24.978 7.003 17.791
Accel: 0.160 0.047 1.050
Gyro: 24.703 1.312 20.904
Accel: 0.139 0.012 1.105
Gyro: 33.401 -7.446 22.354
Accel: 0.084 0.047 1.134
Gyro: 49.957 -6.988 20.782
Accel: 0.080 0.060 1.129
Gyro: 66.452 -8.087 14.389
Accel: 0.092 0.122 1.080
Gyro: 79.833 -8.712 5.493
Accel: 0.154 0.077 0.998
Gyro: 84.655 -11.291 -2.670
Accel: 0.237 0.113 1.006
Gyro: 84.350 -11.917 -6.072
Accel: 0.320 0.059 0.921
Gyro: 81.359 -4.501 -6.698
Accel: 0.292 0.070 0.920
Gyro: 59.127 0.320 -3.677
Accel: 0.250 0.187 0.917
Gyro: 32.577 6.622 2.822
Accel: 0.228 0.227 1.145
Gyro: 19.821 8.132 1.968
Accel: 0.142 0.159 1.295
Gyro: 34.332 9.033 0.839
Accel: 0.144 0.036 1.177
Gyro: 46.981 5.447 -5.081
Accel: 0.153 0.055 1.037
Gyro: 54.901 3.677 -5.813
Accel: 0.208 0.057 0.973
Gyro: 51.406 7.781 -1.235
Accel: 0.212 0.076 0.915
Gyro: 28.717 27.969 0.839
Accel: 0.180 0.146 0.997
Gyro: 7.934 30.639 1.464
Accel: 0.146 0.175 1.036
Gyro: -3.494 32.669 4.928
Accel: 0.115 0.137 1.071
Gyro: -7.324 36.071 7.461
Accel: 0.134 0.053 1.083
Gyro: -9.582 38.528 12.435
Accel: 0.122 0.042 1.040
Gyro: -11.062 37.261 19.851
Accel: 0.116 0.090 0.872
Gyro: 25.802 -9.536 18.890
Accel: 0.174 0.152 1.135
Gyro: 68.832 -42.739 11.489
Accel: 0.143 0.102 0.935
Gyro: 74.478 -19.958 9.994
Accel: 0.093 0.214 0.758
Gyro: 64.575 -14.160 9.826
Accel: 0.107 0.273 0.811
Gyro: 41.213 -18.249 10.406
Accel: 0.074 0.205 0.718
Gyro: 12.283 -11.199 14.343
Accel: 0.159 0.105 0.841
Gyro: -3.005 -3.753 14.053
Accel: 0.168 0.021 0.915
Gyro: -13.229 10.787 15.121
Accel: 0.147 0.058 1.017
Gyro: -20.553 23.132 17.654
Accel: 0.138 0.092 1.105
Gyro: -26.901 35.720 18.142
Accel: 0.181 0.110 1.127
Gyro: -32.287 38.955 18.005
Accel: 0.244 0.108 1.098
Gyro: -34.622 30.166 18.402
Accel: 0.281 0.086 1.069
Gyro: -34.866 19.836 21.255
Accel: 0.320 0.003 1.0100
Gyro: -33.203 23.574 27.481
Accel: 0.320 0.033 1.083
Gyro: -33.905 23.086 34.286
Accel: 0.228 0.057 1.180
Gyro: -45.532 8.529 38.116
Accel: 0.195 0.094 1.222
Gyro: -44.723 7.339 33.966
Accel: 0.172 0.134 1.137
Gyro: -45.043 -2.822 31.280
Accel: 0.181 0.120 1.140
Gyro: -44.311 -13.687 27.389
Accel: 0.200 0.122 1.105
Gyro: -42.816 -23.223 22.048
Accel: 0.221 0.121 1.071
Gyro: -41.076 -30.853 14.602
Accel: 0.244 0.0100 1.038
Gyro: -42.907 -34.286 7.019
Accel: 0.221 0.083 1.023
Gyro: -44.692 -38.421 -3.799
Accel: 0.184 0.085 1.021
Gyro: -47.088 -40.679 -5.889
Accel: 0.120 0.112 1.025
Gyro: -49.636 -39.443 -13.168
Accel: 0.072 0.110 1.017
Gyro: -52.139 -34.957 -21.392
Accel: 0.041 0.083 1.002
Gyro: -55.023 -29.251 -28.762
Accel: 0.020 0.042 0.982
Gyro: -57.998 -24.002 -34.912
Accel: 0.039 0.014 1.005
Gyro: -60.943 -18.112 -39.077
Accel: 0.058 0.008 1.028
Gyro: -61.325 -13.351 -40.283
Accel: 0.099 0.047 1.061
Gyro: -55.587 -9.429 -40.435
Accel: 0.126 0.098 1.047
Gyro: -47.836 -6.927 -40.0100
Accel: 0.146 0.140 1.036
Gyro: -38.223 -9.017 -38.970
Accel: 0.156 0.146 1.041
Gyro: -25.344 -11.398 -37.994
Accel: 0.171 0.141 1.034
Gyro: -8.193 -12.588 -37.124
Accel: 0.067 0.147 1.031
Gyro: 0.518 -15.640 -37.612
Accel: 0.118 0.146 1.034
Gyro: 9.307 -19.042 -37.811
Accel: 0.119 0.145 1.030
Gyro: 18.875 -22.155 -35.614
Accel: 0.120 0.125 1.006
Gyro: 26.031 -22.003 -27.404
Accel: 0.033 0.103 1.261
Gyro: 51.849 -3.555 -28.030
Accel: 0.044 0.087 1.069
Gyro: 71.990 7.339 -23.803
Accel: 0.057 0.061 0.998
Gyro: 71.136 7.095 -24.261
Accel: 0.046 0.043 0.946
Gyro: 63.964 4.760 -25.222
Accel: 0.057 0.058 0.925
Gyro: 56.106 0.015 -23.254
Accel: 0.084 0.067 0.891
Gyro: 46.844 -6.332 -19.424
Accel: 0.099 0.096 0.872
Gyro: 34.927 -14.205 -15.441
Accel: 0.095 0.114 0.862
Gyro: 21.316 -21.453 -11.611
Accel: 0.085 0.130 0.861
Gyro: 7.965 -28.152 -7.675
Accel: 0.081 0.119 0.871
Gyro: -6.805 -32.592 -4.364
Accel: 0.085 0.092 0.880
Gyro: -11.947 -35.675 -1.373
Accel: 0.084 0.068 0.883
Gyro: -18.402 -36.437 1.861
Accel: 0.082 0.070 0.911
Gyro: -22.491 -34.683 4.577
Accel: 0.080 0.061 0.925
Gyro: -24.246 -31.906 7.659
Accel: 0.079 0.035 0.939
Gyro: -23.651 -28.884 11.108
Accel: 0.079 0.013 0.958
Gyro: -20.904 -25.299 13.809
Accel: 0.070 0.005 0.954
Gyro: -18.508 -23.300 15.411
Accel: 0.058 0.006 0.959
Gyro: -16.113 -21.697 17.059
Accel: 0.036 0.011 0.970
Gyro: -12.542 -20.797 18.203
Accel: 0.024 0.017 0.978
Gyro: -7.156 -19.042 18.905
Accel: 0.026 0.020 0.989
Gyro: -2.304 -16.647 19.683
Accel: 0.035 0.025 0.996
Gyro: 1.983 -15.350 19.500
Accel: 0.049 0.046 1.0000
Gyro: 6.103 -15.838 18.814
Accel: 0.064 0.070 1.003
Gyro: 10.208 -18.539 17.974
Accel: 0.066 0.078 1.0001
Gyro: 13.198 -21.102 16.326
Accel: 0.063 0.078 0.996
Gyro: 15.228 -24.353 14.312
Accel: 0.054 0.065 0.986
Gyro: 16.342 -28.900 12.084
Accel: 0.036 0.043 0.978
Gyro: 15.380 -32.791 9.582
Accel: 0.025 0.024 0.962
Gyro: 12.603 -37.643 7.843
Accel: 0.008 0.002 0.956
Gyro: 8.956 -43.609 6.622
Accel: 0.008 0.021 0.954
Gyro: 4.653 -48.797 5.157
Accel: 0.016 0.026 0.957
Gyro: 1.022 -53.634 4.455
Accel: 0.023 0.027 0.964
Gyro: -1.068 -56.854 4.028
Accel: 0.036 0.027 0.971
Gyro: -1.525 -58.013 3.677
Accel: 0.053 0.030 0.975
Gyro: 0.900 -56.060 3.875
Accel: 0.069 0.034 0.971
Gyro: 0.137 -51.391 4.867
Accel: 0.085 0.044 0.964
Gyro: 1.052 -45.242 6.179
Accel: 0.103 0.056 0.960
Gyro: 1.281 -37.658 6.866
Accel: 0.118 0.059 0.958
Gyro: 1.861 -29.647 6.408
Accel: 0.128 0.055 0.968
Gyro: 2.899 -20.477 4.852
Accel: 0.129 0.046 0.973
Gyro: 4.272 -10.864 2.090
Accel: 0.124 0.028 0.981
Gyro: 6.729 3.784 0.457
Accel: 0.119 0.020 0.981
Gyro: 9.887 14.694 -2.761
Accel: 0.119 0.022 0.982
Gyro: 12.664 21.743 -4.623
Accel: 0.117 0.033 0.971
Gyro: 14.572 29.907 -5.218
Accel: 0.114 0.046 0.959
Gyro: 14.373 35.095 -5.416
Accel: 0.103 0.045 0.955
Gyro: 11.932 37.460 -5.645
Accel: 0.086 0.037 0.954
Gyro: 8.834 36.544 -5.508
Accel: 0.076 0.028 0.960
Gyro: 5.554 33.889 -6.118
Accel: 0.069 0.020 0.971
Gyro: 3.051 28.930 -7.034
Accel: 0.056 0.007 0.982
Gyro: 0.701 22.552 -7.720
Accel: 0.050 0.004 0.991
Gyro: 0.717 15.090 -8.041
Accel: 0.043 0.0001 0.998
Gyro: -1.098 7.186 -7.766
Accel: 0.045 0.003 0.998
Gyro: 0.442 -1.296 -7.354
Accel: 0.046 0.007 0.994
Gyro: 0.778 -9.918 -7.064
Accel: 0.040 0.006 0.988
Gyro: 0.762 -17.288 -7.095
Accel: 0.042 0.0000 0.989
Gyro: 0.534 -27.191 -8.087
Accel: 0.044 0.007 1.061
Gyro: 0.167 -31.158 -9.796
Accel: 0.050 0.011 1.014
Gyro: 0.289 -29.220 -11.077
Accel: 0.054 0.015 1.027
Gyro: 3.158 -30.136 -11.688
Accel: 0.059 0.017 1.037
Gyro: 8.361 -30.273 -11.825
Accel: 0.124 0.018 1.035
Gyro: 15.579 -30.014 -11.337
Accel: 0.067 0.024 1.024
Gyro: 22.918 -28.839 -10.772
Accel: 0.072 0.030 0.998
Gyro: 28.717 -27.206 -10.101
Accel: 0.074 0.039 0.965
Gyro: 31.768 -26.031 -8.758
Accel: 0.079 0.060 0.931
Gyro: 30.517 -24.337 -7.629
Accel: 0.084 0.077 0.899
Gyro: 24.902 -22.766 -6.286
Accel: 0.093 0.097 0.879
Gyro: 16.693 -21.133 -5.432
Accel: 0.107 0.110 0.877
Gyro: 7.400 -18.569 -4.913
Accel: 0.115 0.115 0.883
Gyro: -1.815 -14.404 -4.196
Accel: 0.125 0.113 0.890
Gyro: -9.597 -9.597 -3.036
Accel: 0.132 0.107 0.908
Gyro: -15.014 -4.318 -1.907
Accel: 0.126 0.088 0.918
Gyro: -18.264 0.534 -1.068
Accel: 0.117 0.068 0.929
Gyro: -19.866 5.218 0.198
Accel: 0.105 0.046 0.939
Gyro: -20.202 9.399 0.961
Accel: 0.093 0.024 0.946
Gyro: -19.195 12.435 2.014
Accel: 0.087 0.012 0.956
Gyro: -17.257 14.816 2.441
Accel: 0.081 0.0000 0.968
Gyro: -14.907 16.662 2.807
Accel: 0.082 0.006 0.978
Gyro: -11.962 17.135 3.005
Accel: 0.082 0.0010 0.990
Gyro: -8.865 16.876 2.502
Accel: 0.080 0.013 1.0001
Gyro: -6.027 16.067 1.449
Accel: 0.074 0.016 1.012
Gyro: -3.311 14.739 0.305
Accel: 0.069 0.019 1.017
Gyro: 3.799 12.283 0.976
Accel: 0.062 0.021 1.018
Gyro: 3.082 9.033 -2.136
Accel: 0.056 0.023 1.014
Gyro: 5.554 5.035 -2.944
Accel: 0.051 0.017 1.007
Gyro: 6.637 1.068 -3.845
Accel: 0.051 0.006 0.998
Gyro: 6.484 -2.685 -4.104
Accel: 0.058 0.007 0.992
Gyro: 5.722 -6.332 -4.150
Accel: 0.064 0.018 0.989
Gyro: 4.531 -8.468 0.045
Accel: 0.064 0.023 0.986
Gyro: 3.143 -10.192 -3.555
Accel: 0.062 0.028 0.986
Gyro: 1.434 -11.428 -3.402
Accel: 0.060 0.035 0.985
Gyro: 0.228 -12.084 -2.990
Accel: 0.059 0.039 0.990
Gyro: -1.449 -12.359 -2.593
Accel: 0.059 0.038 0.991
Gyro: -1.968 -12.191 -1.846
Accel: 0.060 0.041 0.990
Gyro: -1.785 -11.825 -1.068
Accel: 0.064 0.047 0.991
Gyro: -1.739 -10.986 0.152
Accel: 0.071 0.053 0.987
Gyro: -1.434 -9.735 0.747
Accel: 0.072 0.060 0.985
Gyro: -1.846 -4.028 1.388
Accel: 0.074 0.062 0.981
Gyro: -2.868 -6.164 2.243
Accel: 0.077 0.124 0.988
Gyro: -3.677 -4.455 3.341
Accel: 0.084 0.063 0.996
Gyro: -4.394 -2.685 4.074
Accel: 0.084 0.058 1.003
Gyro: -4.791 -1.098 4.592
Accel: 0.083 0.046 1.0010
Gyro: -4.455 0.228 4.867
Accel: 0.082 0.036 1.014
Gyro: -3.875 0.366 4.959
Accel: 0.080 0.024 1.020
Gyro: -2.593 0.625 5.111
Accel: 0.078 0.017 1.024
Gyro: -1.327 0.320 5.187
Accel: 0.077 0.015 1.025
Gyro: 3.784 0.030 5.462
Accel: 0.081 0.018 1.022
Gyro: 0.442 0.411 5.767
Accel: 0.086 0.026 1.021
Gyro: 0.732 0.946 5.844
Accel: 0.088 0.031 1.019
Gyro: 0.427 -1.876 6.103
Accel: 0.092 0.037 1.014
Gyro: 0.320 -3.158 6.362
Accel: 0.096 0.041 1.011
Gyro: -1.480 -4.287 6.774
Accel: 0.098 0.039 1.009
Gyro: -2.487 -5.676 7.400
Accel: 0.098 0.037 1.0010
Gyro: -3.005 -7.110 8.148
Accel: 0.101 0.031 1.011
Gyro: -2.792 -8.544 8.590
Accel: 0.103 0.029 1.0010
Gyro: -2.655 -9.765 8.590
Accel: 0.102 0.023 1.009
Gyro: -2.273 -10.818 8.651
Accel: 0.102 0.022 1.007
Gyro: -1.617 -12.680 8.819
Accel: 0.105 0.026 1.005
Gyro: -1.342 -13.900 8.895
Accel: 0.112 0.035 1.0001
Gyro: -1.266 -14.801 8.636
Accel: 0.116 0.037 0.996
Gyro: -2.059 -15.014 8.148
Accel: 0.120 0.040 0.989
Gyro: -2.944 -14.648 7.614
Accel: 0.129 0.038 0.990
Gyro: -3.234 -13.656 7.400
Accel: 0.132 0.040 0.989
Gyro: -3.463 -11.550 6.896
Accel: 0.136 0.039 0.988
Gyro: -3.875 -8.819 6.362
Accel: 0.137 0.037 0.989
Gyro: -4.257 -5.920 5.935
Accel: 0.138 0.035 0.992
Gyro: -4.730 -3.189 5.737
Accel: 0.140 0.034 0.996
Gyro: -5.096 0.640 5.264
Accel: 0.142 0.029 1.0001
Gyro: -5.462 1.937 4.760
Accel: 0.141 0.026 1.002
Gyro: -5.218 4.058 3.936
Accel: 0.141 0.019 1.003
Gyro: -4.684 5.661 3.280
Accel: 0.137 0.017 1.007
Gyro: -3.906 7.019 2.075
Accel: 0.133 0.0010 1.006
Gyro: -3.372 7.995 0.900
Accel: 0.124 0.0010 1.008
Gyro: -3.021 8.773 0.488
