Accel: 0.025 0.015 1.008
Gyro: 2.166 0.686 -4.119
Accel: 0.030 0.011 1.013
Gyro: 2.578 -1.754 -3.356
Accel: 0.042 0.002 1.018
Gyro: 1.983 -4.928 -1.770
Accel: 0.052 0.005 1.028
Gyro: 0.640 -8.834 0.274
Accel: 0.063 0.018 1.034
Gyro: 0.564 -13.290 1.876
Accel: 0.072 0.020 1.046
Gyro: -1.968 -17.623 3.326
Accel: 0.082 0.026 1.060
Gyro: -3.189 -21.453 4.318
Accel: 0.093 0.026 1.070
Gyro: -3.829 -24.642 4.806
Accel: 0.107 0.024 1.076
Gyro: -4.013 -25.573 4.882
Accel: 0.117 0.013 1.086
Gyro: -3.051 -24.505 4.989
Accel: 0.125 0.016 1.094
Gyro: -1.449 -21.286 4.714
Accel: 0.130 0.023 1.093
Gyro: 0.473 -16.494 3.875
Accel: 0.131 0.031 1.096
Gyro: 1.876 -10.421 3.036
Accel: 0.129 0.027 1.097
Gyro: 3.097 -3.799 2.227
Accel: 0.126 0.033 1.094
Gyro: 4.440 2.319 1.235
Accel: 0.120 0.035 1.087
Gyro: 5.493 8.636 0.152
Accel: 0.107 0.033 1.080
Gyro: 6.698 14.297 0.915
Accel: 0.0100 0.032 1.065
Gyro: 8.0010 19.104 -2.059
Accel: 0.092 0.029 1.045
Gyro: 8.850 22.918 -2.838
Accel: 0.082 0.028 1.032
Gyro: 9.643 25.238 -3.051
Accel: 0.075 0.027 1.015
Gyro: 9.948 25.680 -3.036
Accel: 0.064 0.031 1.0000
Gyro: 9.704 24.154 -2.777
Accel: 0.058 0.035 0.989
Gyro: 9.170 20.721 -2.349
Accel: 0.052 0.041 0.980
Gyro: 8.193 11.810 -2.288
Accel: 0.050 0.043 0.974
Gyro: 7.095 10.147 -2.456
Accel: 0.050 0.042 0.975
Gyro: 6.484 4.272 -2.365
Accel: 0.061 0.046 0.967
Gyro: 5.599 0.473 -2.166
Accel: 0.061 0.046 0.975
Gyro: 4.821 -3.738 -1.480
Accel: 0.061 0.044 0.986
Gyro: 4.760 -5.722 0.854
Accel: 0.061 0.046 0.989
Gyro: 4.699 -6.484 0.732
Accel: 0.058 0.042 0.993
Gyro: 4.455 -5.630 0.640
Accel: 0.057 0.035 1.062
Gyro: 4.440 -3.753 0.610
Accel: 0.053 0.037 0.999
Gyro: 4.394 0.823 -1.098
Accel: 0.048 0.037 0.998
Gyro: 4.302 2.243 -1.571
Accel: 0.041 0.040 0.994
Gyro: 4.058 5.554 -2.182
Accel: 0.041 0.039 0.992
Gyro: 3.585 8.438 -2.609
Accel: 0.041 0.043 0.990
Gyro: 3.356 10.162 -2.944
Accel: 0.041 0.045 0.986
Gyro: 2.731 10.635 -3.295
Accel: 0.041 0.038 0.980
Gyro: 2.243 10.162 -3.402
Accel: 0.041 0.030 0.970
Gyro: 1.449 8.850 -3.387
Accel: 0.047 0.026 0.966
Gyro: 0.747 7.202 -3.463
Accel: 0.052 0.021 0.962
Gyro: 0.091 5.218 -3.601
Accel: 0.052 0.023 0.964
Gyro: 0.381 2.929 -3.311
Accel: 0.049 0.027 0.968
Gyro: -1.037 0.595 -3.173
Accel: 0.047 0.030 0.977
Gyro: -1.785 -1.373 -3.112
Accel: 0.038 0.031 0.986
Gyro: -2.426 -3.021 -2.746
Accel: 0.036 0.030 0.991
Gyro: -3.067 -7.781 -2.319
Accel: 0.036 0.027 0.992
Gyro: -3.723 -3.784 -1.724
Accel: 0.037 0.030 0.991
Gyro: -4.531 -3.021 -1.220
Accel: 0.042 0.030 0.990
Gyro: -5.294 -2.182 0.869
Accel: 0.046 0.025 0.990
Gyro: -5.645 -1.785 0.823
Accel: 0.052 0.020 0.991
Gyro: -5.813 -1.968 0.869
Accel: 0.057 0.020 0.991
Gyro: -5.783 -2.212 0.900
Accel: 0.057 0.017 0.997
Gyro: -5.828 -2.883 0.701
Accel: 0.057 0.016 1.0001
Gyro: -5.752 -3.356 0.503
Accel: 0.054 0.017 1.0010
Gyro: -5.981 -3.356 0.366
Accel: 0.052 0.019 1.014
Gyro: -5.935 -2.792 0.061
Accel: 0.048 0.020 1.013
Gyro: -5.783 -1.770 0.106
Accel: 0.044 0.022 1.012
Gyro: -5.630 0.457 0.213
Accel: 0.043 0.025 1.008
Gyro: -5.737 1.174 0.167
Accel: 0.035 0.024 1.009
Gyro: -5.523 2.868 0.564
Accel: 0.032 0.023 1.009
Gyro: -5.020 4.272 -1.113
Accel: 0.031 0.025 1.004
Gyro: -4.745 5.523 -1.556
Accel: 0.031 0.029 1.002
Gyro: -4.577 7.049 -1.724
Accel: 0.031 0.031 1.0001
Gyro: -4.364 8.300 -1.876
Accel: 0.027 0.030 0.999
Gyro: -4.257 9.277 -1.907
Accel: 0.027 0.026 0.998
Gyro: -4.287 9.597 -1.907
Accel: 0.020 0.023 1.0000
Gyro: -4.226 9.445 -1.754
Accel: 0.013 0.020 1.0000
Gyro: -3.723 8.621 -1.678
Accel: 0.009 0.021 0.994
Gyro: -3.387 7.766 -1.785
Accel: 0.009 0.025 0.985
Gyro: -3.479 6.530 -1.724
Accel: 0.0010 0.027 0.982
Gyro: -3.417 4.409 -1.235
Accel: 0.0010 0.030 0.977
Gyro: -3.860 2.258 0.259
Accel: 0.0001 0.031 0.978
Gyro: -4.776 0.625 1.129
Accel: 0.002 0.028 0.974
Gyro: -5.783 -3.356 1.937
Accel: 0.002 0.016 0.962
Gyro: -6.958 -5.325 2.685
Accel: 0.011 0.013 0.945
Gyro: -11.657 -6.774 3.326
Accel: 0.011 0.012 0.926
Gyro: -8.666 -7.583 3.509
Accel: 0.007 0.025 0.889
Gyro: -10.833 -7.690 3.173
Accel: 0.007 0.027 0.854
Gyro: -14.801 -7.232 2.670
Accel: 0.022 0.017 0.826
Gyro: -19.180 -7.202 2.532
Accel: 0.0010 0.021 0.780
Gyro: -23.895 -7.095 1.815
Accel: 0.0001 0.013 0.719
Gyro: -27.206 -5.187 0.473
Accel: 0.016 0.017 0.572
Gyro: -27.832 0.564 -7.766
Accel: 0.020 0.0010 0.524
Gyro: -26.077 10.360 -7.537
Accel: 0.026 0.004 0.393
Gyro: -22.964 27.160 -11.611
Accel: 0.009 0.0000 0.262
Gyro: -21.240 36.178 -15.914
Accel: 0.014 0.062 0.204
Gyro: -16.906 46.798 -12.817
Accel: 0.0000 0.142 0.093
Gyro: -5.767 57.830 0.534
Accel: 0.015 0.071 0.072
Gyro: 1.052 63.644 4.516
Accel: 0.009 0.011 0.044
Gyro: 2.014 69.824 1.937
Accel: 0.004 0.025 0.047
Gyro: 5.020 68.939 1.373
Accel: 0.013 0.005 0.020
Gyro: 6.973 71.243 0.930
Accel: 0.004 0.022 0.039
Gyro: 8.773 73.471 0.671
Accel: 0.016 0.011 0.044
Gyro: 10.116 75.164 0.457
Accel: 0.016 0.0010 0.030
Gyro: 10.650 76.873 0.183
Accel: 0.014 0.009 0.041
Gyro: 10.940 78.277 0.015
Accel: 0.008 0.004 0.044
Gyro: 10.894 79.742 0.228
Accel: 0.005 0.0001 0.041
Gyro: 10.742 81.054 0.442
Accel: 0.0001 0.0000 0.048
Gyro: 10.452 82.458 0.671
Accel: 0.0000 0.002 0.048
Gyro: 10.055 83.618 0.946
Accel: 0.002 0.0001 0.048
Gyro: 9.262 84.716 -1.312
Accel: 0.0001 0.002 0.049
Gyro: 8.651 85.708 -1.693
Accel: 0.004 0.003 0.051
Gyro: 8.117 86.441 -1.907
Accel: 0.004 0.003 0.054
Gyro: 7.369 87.066 -2.258
Accel: 0.005 0.004 0.055
Gyro: 6.927 87.326 -2.502
Accel: 0.006 0.007 0.058
Gyro: 6.713 87.509 -2.731
Accel: 0.0010 0.0010 0.060
Gyro: 7.507 87.371 -2.197
Accel: 0.044 0.110 0.088
Gyro: 9.002 87.310 0.244
Accel: 0.330 0.322 -2.734
Gyro: -118.209 -39.154 -42.831
Accel: 1.539 0.399 0.053
Gyro: -397.644 -218.093 -143.844
Accel: -2.715 -1.963 7.970
Gyro: -499.969 -499.969 -205.047
Accel: 7.950 -7.177 7.999
Gyro: -390.716 -81.207 -98.251
Accel: 0.029 0.504 7.999
Gyro: 28.167 225.036 -9.887
Accel: 0.190 0.908 0.875
Gyro: 32.821 172.241 -7.522
Accel: 0.806 0.013 0.637
Gyro: -7.904 151.702 -10.269
Accel: 0.241 0.081 0.961
Gyro: -24.917 90.805 -9.399
Accel: 0.393 0.064 0.337
Gyro: -14.343 -66.741 -3.295
Accel: 0.356 0.300 0.875
Gyro: -14.068 -211.410 0.823
Accel: 0.981 0.724 5.828
Gyro: 9.582 25.405 2.914
Accel: 0.077 0.086 1.548
Gyro: -34.378 56.503 0.579
Accel: 0.318 0.247 0.733
Gyro: -72.082 -18.753 5.554
Accel: 0.246 0.033 0.747
Gyro: -110.076 -53.207 9.536
Accel: 0.210 0.386 0.981
Gyro: -142.822 -44.067 15.930
Accel: 0.229 0.607 1.291
Gyro: -136.306 -23.941 27.313
Accel: 0.147 0.748 1.252
Gyro: -99.182 -22.781 25.558
Accel: 0.042 0.677 1.075
Gyro: -60.592 -29.602 17.410
Accel: 0.008 0.748 0.959
Gyro: -31.265 -33.050 4.730
Accel: 0.055 0.638 0.838
Gyro: -9.368 -34.820 -4.699
Accel: 0.005 0.616 0.812
Gyro: 5.722 -34.744 -10.772
Accel: 0.034 0.553 0.854
Gyro: 21.530 -34.469 -13.595
Accel: 0.062 0.449 0.879
Gyro: 31.631 -33.569 -13.427
Accel: 0.056 0.343 0.865
Gyro: 42.083 -28.854 -12.466
Accel: 0.047 0.260 0.893
Gyro: 42.068 -25.878 -12.237
Accel: 0.018 0.205 0.957
Gyro: 21.133 -19.134 -12.847
Accel: 0.022 0.197 0.885
Gyro: 6.774 -10.223 -10.910
Accel: 0.005 0.197 0.904
Gyro: 0.274 -7.965 -7.751
Accel: 0.016 0.224 0.856
Gyro: -4.898 -5.447 -5.172
Accel: 0.034 0.270 0.885
Gyro: -7.736 -1.068 -2.807
Accel: 0.029 0.301 0.901
Gyro: -7.003 1.220 0.671
Accel: 0.014 0.304 0.897
Gyro: -4.547 1.190 0.808
Accel: 0.006 0.296 0.893
Gyro: -2.258 1.251 1.388
Accel: 0.002 0.295 0.887
Gyro: 0.122 2.349 1.419
Accel: 0.005 0.300 0.891
Gyro: 3.326 4.226 0.961
Accel: 0.007 0.308 0.905
Gyro: 7.781 6.835 0.030
Accel: 0.017 0.307 0.914
Gyro: 13.107 8.941 -1.281
Accel: 0.034 0.299 0.917
Gyro: 18.005 9.826 -2.517
Accel: 0.044 0.294 0.915
Gyro: 21.392 9.460 -3.265
Accel: 0.047 0.287 0.913
Gyro: 21.545 8.178 -3.646
Accel: 0.040 0.288 0.909
Gyro: 20.294 7.263 -2.868
Accel: 0.038 0.286 0.903
Gyro: 19.165 5.737 -1.403
Accel: 0.047 0.284 0.912
Gyro: 18.997 4.241 0.030
Accel: 0.057 0.288 0.932
Gyro: 19.561 3.219 0.671
Accel: 0.057 0.296 0.964
Gyro: 20.828 2.624 0.686
Accel: 0.053 0.298 0.971
Gyro: 22.079 2.410 0.289
Accel: 0.049 0.293 0.965
Gyro: 22.811 1.708 0.213
Accel: 0.053 0.290 0.967
Gyro: 22.598 0.671 0.793
Accel: 0.066 0.292 0.984
Gyro: 23.025 0.305 2.395
Accel: 0.084 0.288 0.994
Gyro: 23.574 -1.174 4.364
Accel: 0.086 0.282 0.988
Gyro: 24.902 -1.556 5.447
Accel: 0.080 0.280 0.976
Gyro: 25.695 -2.090 5.569
Accel: 0.072 0.273 0.967
Gyro: 25.512 -1.937 5.279
Accel: 0.066 0.261 0.971
Gyro: 24.490 -1.373 4.409
Accel: 0.062 0.262 0.980
Gyro: 23.727 3.784 4.043
Accel: 0.065 0.265 0.976
Gyro: 23.880 1.007 3.646
Accel: 0.071 0.268 0.976
Gyro: 25.039 1.998 2.563
Accel: 0.071 0.272 0.976
Gyro: 26.611 2.777 1.174
Accel: 0.070 0.276 0.974
Gyro: 28.198 3.051 0.320
Accel: 0.060 0.276 0.982
Gyro: 30.899 3.448 0.259
Accel: 0.056 0.280 0.984
Gyro: 35.690 4.989 -2.593
Accel: 0.072 0.265 0.984
Gyro: 40.115 6.286 -5.599
Accel: 0.086 0.189 0.965
Gyro: 41.580 7.461 -5.905
Accel: 0.096 0.230 0.954
Gyro: 40.893 8.514 -4.455
Accel: 0.114 0.209 0.946
Gyro: 37.796 8.438 -2.166
Accel: 0.128 0.182 0.955
Gyro: 33.233 6.759 0.411
Accel: 0.127 0.173 0.971
Gyro: 27.847 4.287 0.076
Accel: 0.120 0.181 0.989
Gyro: 24.032 2.258 0.366
Accel: 0.109 0.187 0.993
Gyro: 21.942 0.198 -1.296
Accel: 0.098 0.201 0.998
Gyro: 21.163 -3.662 -2.212
Accel: 0.103 0.190 1.002
Gyro: 22.369 -5.706 -1.937
Accel: 0.108 0.249 1.003
Gyro: 23.849 -7.415 0.640
Accel: 0.108 0.197 1.0000
Gyro: 25.436 -7.553 1.815
Accel: 0.102 0.189 1.006
Gyro: 23.727 -7.446 3.982
Accel: 0.092 0.174 1.009
Gyro: 20.645 -6.439 3.906
Accel: 0.079 0.151 1.014
Gyro: 16.616 -4.440 2.029
Accel: 0.094 0.064 1.019
Gyro: 11.810 -3.021 1.861
Accel: 0.081 0.146 1.027
Gyro: 7.003 0.762 0.381
Accel: 0.079 0.153 1.022
Gyro: 3.829 0.076 0.991
Accel: 0.043 0.234 1.031
Gyro: 12.023 0.244 -1.846
Accel: 0.052 0.258 1.079
Gyro: 18.997 2.288 0.732
Accel: 0.077 0.234 1.019
Gyro: 20.294 2.059 1.159
Accel: 0.110 0.167 1.020
Gyro: 19.729 0.381 4.165
Accel: 0.094 0.173 1.082
Gyro: 19.958 -2.426 5.386
Accel: 0.082 0.174 1.0100
Gyro: 20.568 -7.812 5.554
Accel: 0.070 0.167 1.132
Gyro: 23.666 -4.394 5.249
Accel: 0.052 0.143 1.027
Gyro: 23.0010 -4.074 4.074
Accel: 0.067 0.147 1.080
Gyro: 21.789 -3.173 4.364
Accel: 0.073 0.134 1.101
Gyro: 23.071 -2.029 4.730
Accel: 0.012 0.097 1.083
Gyro: 21.377 0.335 2.182
Accel: 0.032 0.062 1.071
Gyro: 17.868 1.602 -1.388
Accel: 0.013 0.059 1.080
Gyro: 13.641 2.288 -2.166
Accel: 0.009 0.099 1.0100
Gyro: 12.664 -3.738 -1.312
Accel: 0.0010 0.145 1.097
Gyro: 14.160 -5.325 1.525
Accel: 0.0010 0.208 1.036
Gyro: 15.609 -13.778 6.195
Accel: 0.065 0.064 0.986
Gyro: 15.869 -11.795 8.605
Accel: 0.077 0.137 0.983
Gyro: 17.028 -13.046 2.487
Accel: 0.141 0.131 0.983
Gyro: 18.646 -11.840 -4.592
Accel: 0.167 0.110 0.996
Gyro: 20.690 -14.923 -12.420
Accel: 0.149 0.116 1.044
Gyro: 24.780 -22.140 -18.112
Accel: 0.106 0.104 1.069
Gyro: 29.464 -34.896 -22.171
Accel: 0.068 0.131 1.084
Gyro: 33.248 -46.585 -22.018
Accel: 0.003 0.134 1.134
Gyro: 35.858 -58.105 -18.432
Accel: 0.039 0.098 1.119
Gyro: 37.918 -68.099 -13.458
Accel: 0.053 0.059 1.113
Gyro: 38.299 -82.656 -7.629
Accel: 0.060 0.036 1.110
Gyro: 35.552 -94.207 -2.960
Accel: 0.067 0.007 1.104
Gyro: 31.585 -99.777 0.625
Accel: 0.049 0.004 1.093
Gyro: 28.640 -96.893 0.579
Accel: 0.012 0.003 1.036
Gyro: 27.954 -82.901 -3.250
Accel: 0.029 0.008 1.047
Gyro: 25.848 -65.231 -8.514
Accel: 0.068 0.005 1.049
Gyro: 21.301 -45.272 -14.526
Accel: 0.104 0.018 1.054
Gyro: 13.839 -26.458 -19.714
Accel: 0.121 0.052 1.065
Gyro: 7.049 -10.147 -22.186
Accel: 0.126 0.075 1.080
Gyro: 3.723 3.311 -21.865
Accel: 0.130 0.080 1.068
Gyro: 2.639 13.641 -20.324
Accel: 0.145 0.073 1.043
Gyro: 1.647 19.790 -18.585
Accel: 0.141 0.077 1.027
Gyro: 0.976 21.484 -16.159
Accel: 0.112 0.096 1.020
Gyro: 1.754 20.706 -12.512
Accel: 0.104 0.099 0.993
Gyro: 3.433 19.165 -9.765
Accel: 0.092 0.096 0.967
Gyro: 5.065 17.730 -9.323
Accel: 0.0000 0.094 0.879
Gyro: 6.866 17.272 -9.597
Accel: 0.046 0.055 0.901
Gyro: 7.095 18.051 -11.718
Accel: 0.034 0.036 0.889
Gyro: 6.439 18.890 -14.801
Accel: 0.012 0.020 0.885
Gyro: 6.210 18.829 -17.288
Accel: 0.003 0.013 0.886
Gyro: 7.095 16.830 -18.600
Accel: 0.0000 0.008 0.899
Gyro: 9.384 13.748 -18.524
Accel: 0.0010 0.002 0.904
Gyro: 10.894 8.590 -17.318
Accel: 0.021 0.016 0.904
Gyro: 10.940 2.319 -15.716
Accel: 0.031 0.019 0.906
Gyro: 10.681 -5.035 -14.617
Accel: 0.015 0.005 0.938
Gyro: 12.039 -13.229 -13.031
Accel: 0.013 0.0001 0.952
Gyro: 14.709 -21.881 -12.527
Accel: 0.041 0.002 0.952
Gyro: 16.250 -30.960 -13.824
Accel: 0.033 0.0001 0.931
Gyro: 15.274 -38.696 -14.984
Accel: 0.051 0.002 0.938
Gyro: 13.092 -43.899 -16.647
Accel: 0.042 0.002 0.950
Gyro: 12.390 -46.234 -16.296
Accel: 0.064 0.028 0.985
Gyro: 13.778 -44.128 -14.648
Accel: 0.084 0.049 0.975
Gyro: 12.939 -39.657 -12.268
Accel: 0.106 0.0000 0.977
Gyro: 10.574 -34.118 -9.780
Accel: 0.119 0.037 0.971
Gyro: 6.088 -28.579 -7.659
Accel: 0.142 0.020 0.982
Gyro: 0.946 -22.415 -6.652
Accel: 0.145 0.038 1.0010
Gyro: -2.136 -16.616 -5.523
Accel: 0.144 0.039 1.032
Gyro: -3.631 -10.513 -4.364
Accel: 0.135 0.031 1.035
Gyro: -3.402 -3.875 -2.990
Accel: 0.132 0.024 1.047
Gyro: -1.022 4.898 -1.052
Accel: 0.140 0.011 1.048
Gyro: 2.365 14.450 1.159
Accel: 0.133 0.004 1.038
Gyro: 3.952 24.780 4.028
Accel: 0.127 0.024 1.031
Gyro: 3.860 34.378 7.034
Accel: 0.109 0.055 1.0010
Gyro: 1.190 41.793 10.437
Accel: 0.096 0.051 1.003
Gyro: -2.410 45.394 13.977
Accel: 0.079 0.046 1.017
Gyro: -5.233 44.372 17.517
Accel: 0.060 0.043 1.016
Gyro: -5.905 40.359 20.965
Accel: 0.046 0.038 1.025
Gyro: -5.599 33.706 23.147
Accel: 0.027 0.028 1.030
Gyro: 0.076 26.168 24.551
Accel: 0.018 0.030 1.022
Gyro: -2.105 18.722 24.505
Accel: 0.007 0.0010 1.015
Gyro: -1.281 12.329 23.605
Accel: 0.003 0.026 1.014
Gyro: -1.495 6.393 22.567
Accel: 0.002 0.039 1.013
Gyro: -1.663 1.571 20.690
Accel: 0.023 0.032 0.994
Gyro: -3.479 -2.197 19.256
Accel: 0.013 0.046 0.989
Gyro: -6.057 -4.989 16.510
Accel: 0.030 0.035 0.994
Gyro: -8.209 -7.110 14.022
Accel: 0.0010 0.031 1.022
Gyro: -9.140 -8.758 11.032
Accel: 0.019 0.025 1.014
Gyro: -9.201 -9.277 8.026
Accel: 0.007 0.022 1.008
Gyro: -10.025 -9.567 5.172
Accel: 0.008 0.024 1.002
Gyro: -11.520 -9.292 2.883
Accel: 0.0001 0.023 0.989
Gyro: -13.244 -8.636 0.778
Accel: 0.0010 0.023 0.995
Gyro: -16.036 -7.995 0.686
Accel: 0.016 0.0000 0.983
Gyro: -17.318 -7.034 -1.937
Accel: 0.032 0.014 0.968
Gyro: -17.654 -5.905 -2.853
Accel: 0.043 0.027 0.964
Gyro: -16.937 -4.776 -2.960
Accel: 0.058 0.035 0.971
Gyro: -14.282 -3.448 -2.426
Accel: 0.068 0.040 0.969
Gyro: -10.665 0.976 -1.144
Accel: 0.078 0.046 0.961
Gyro: -7.843 3.036 0.244
Accel: 0.077 0.047 0.958
Gyro: -5.798 8.590 1.449
Accel: 0.076 0.048 0.950
Gyro: -4.333 14.999 2.197
Accel: 0.066 0.040 0.944
Gyro: -3.723 20.095 2.914
Accel: 0.054 0.023 0.940
Gyro: -4.409 24.124 3.784
Accel: 0.049 0.008 0.934
Gyro: -5.828 26.260 4.455
Accel: 0.035 0.006 0.876
Gyro: -7.263 26.947 5.371
Accel: 0.041 0.002 0.931
Gyro: -8.621 25.955 5.111
Accel: 0.032 0.013 0.931
Gyro: -8.819 23.071 4.547
Accel: 0.0001 0.028 0.921
Gyro: -9.002 19.180 2.517
Accel: 0.015 0.027 0.946
Gyro: -7.812 14.602 0.549
Accel: 0.003 0.047 0.946
Gyro: -5.722 9.872 -1.693
Accel: 0.0010 0.053 0.950
Gyro: -3.875 5.249 -7.720
Accel: 0.020 0.056 0.965
Gyro: -1.541 1.190 -5.462
Accel: 0.028 0.061 0.979
Gyro: 1.464 -1.632 -6.286
Accel: 0.039 0.071 0.994
Gyro: 4.928 -3.250 -6.729
Accel: 0.046 0.073 0.999
Gyro: 8.193 -3.997 -6.286
Accel: 0.059 0.070 0.980
Gyro: 9.094 -4.394 -5.645
Accel: 0.069 0.068 0.977
Gyro: 8.911 -4.867 -4.196
Accel: 0.080 0.062 0.975
Gyro: 8.697 -5.050 -1.892
Accel: 0.092 0.055 0.971
Gyro: 8.148 -4.119 1.220
Accel: 0.095 0.057 0.972
Gyro: 7.888 -2.090 4.333
Accel: 0.083 0.056 0.979
Gyro: 8.148 0.091 6.774
Accel: 0.061 0.057 0.981
Gyro: 9.094 2.319 7.949
Accel: 0.035 0.048 0.988
Gyro: 9.506 3.860 8.0010
Accel: 0.009 0.037 0.999
Gyro: 9.475 5.722 6.576
Accel: 0.016 0.026 1.004
Gyro: 8.407 6.896 4.364
Accel: 0.037 0.014 1.007
Gyro: 6.546 7.202 2.075
Accel: 0.046 0.004 0.999
Gyro: 0.198 6.164 0.030
Accel: 0.046 0.005 0.989
Gyro: 0.442 3.829 -1.876
Accel: 0.041 0.007 0.990
Gyro: -2.929 0.869 -2.975
Accel: 0.033 0.007 0.998
Gyro: -4.562 -2.548 -3.417
Accel: 0.017 0.008 1.002
Gyro: -4.837 -6.591 -3.158
Accel: 0.002 0.002 1.0001
Gyro: -4.776 -10.421 -2.349
Accel: 0.023 0.012 1.011
Gyro: -4.226 -13.397 -1.037
Accel: 0.037 0.020 1.019
Gyro: -3.295 -15.975 0.442
Accel: 0.049 0.022 1.025
Gyro: -2.487 -17.623 1.541
Accel: 0.046 0.028 1.031
Gyro: -1.754 -17.486 2.288
Accel: 0.050 0.026 1.041
Gyro: 0.778 -15.426 2.166
Accel: 0.046 0.024 1.044
Gyro: 0.274 -11.459 1.815
Accel: 0.050 0.015 1.047
Gyro: 0.137 -6.973 0.732
Accel: 0.051 0.015 1.054
Gyro: 0.152 -3.204 0.213
Accel: 0.047 0.019 1.064
Gyro: 0.381 3.662 0.640
Accel: 0.048 0.018 1.066
Gyro: 0.640 1.937 0.915
Accel: 0.045 0.018 1.053
Gyro: -1.129 3.540 0.686
Accel: 0.043 0.016 1.044
Gyro: -1.724 4.333 0.396
Accel: 0.046 0.015 1.026
Gyro: -2.471 4.608 0.045
Accel: 0.043 0.014 1.016
Gyro: -3.814 5.004 0.762
Accel: 0.037 0.021 1.014
Gyro: -4.409 5.676 1.556
Accel: 0.032 0.017 1.006
Gyro: -4.714 6.668 2.044
Accel: 0.025 0.014 1.0001
Gyro: -5.310 7.186 2.258
Accel: 0.020 0.017 1.006
Gyro: -5.645 7.064 2.120
Accel: 0.0010 0.020 1.011
Gyro: -5.523 5.828 2.227
Accel: 0.0010 0.024 1.004
Gyro: -5.157 3.845 1.998
Accel: 0.007 0.025 0.991
Gyro: -5.004 1.907 1.876
Accel: 0.009 0.025 0.990
Gyro: -4.989 0.320 1.678
Accel: 0.009 0.032 0.991
Gyro: -4.150 -1.098 1.739
Accel: 0.012 0.033 0.988
Gyro: -3.585 -2.273 1.892
Accel: 0.0010 0.034 0.986
Gyro: -3.372 -2.807 2.090
Accel: 0.014 0.030 0.987
Gyro: -3.204 -3.173 2.105
Accel: 0.009 0.033 0.989
Gyro: -2.655 -3.189 2.304
Accel: 0.015 0.038 0.991
Gyro: -2.349 -2.899 2.273
Accel: 0.027 0.042 0.993
Gyro: -1.800 -1.892 2.120
Accel: 0.035 0.048 0.996
Gyro: -1.373 0.701 2.029
Accel: 0.040 0.051 0.997
Gyro: 0.640 0.595 2.304
Accel: 0.041 0.049 0.999
Gyro: 0.183 1.632 2.761
Accel: 0.040 0.043 1.0000
Gyro: 0.381 2.380 3.356
Accel: 0.034 0.041 1.002
Gyro: 0.793 2.624 3.784
Accel: 0.028 0.037 1.002
Gyro: 0.976 2.349 4.013
Accel: 0.027 0.034 1.0001
Gyro: 1.052 1.724 4.165
Accel: 0.027 0.029 1.003
Gyro: 0.778 1.342 4.089
Accel: 0.020 0.030 1.006
Gyro: 1.358 1.266 4.241
Accel: 0.019 0.030 1.0001
Gyro: 2.258 1.892 4.531
Accel: 0.025 0.031 0.997
Gyro: 2.700 3.433 4.669
Accel: 0.037 0.038 0.992
Gyro: 2.853 5.310 4.440
Accel: 0.037 0.046 0.994
Gyro: 2.990 7.278 4.241
Accel: 0.035 0.049 1.005
Gyro: 3.295 8.789 4.272
Accel: 0.034 0.044 1.011
Gyro: 3.479 9.948 4.196
Accel: 0.029 0.043 1.017
Gyro: 3.509 10.696 4.257
Accel: 0.022 0.041 1.022
Gyro: 3.494 10.757 4.043
Accel: 0.015 0.044 1.022
Gyro: 3.280 10.208 4.013
Accel: 0.014 0.045 1.020
Gyro: 2.731 9.109 4.058
Accel: 0.015 0.041 1.020
Gyro: 2.593 8.285 3.967
Accel: 0.009 0.046 1.016
Gyro: 2.624 7.186 4.165
Accel: 0.007 0.044 1.0010
Gyro: 2.365 5.767 4.226
Accel: 0.006 0.038 1.006
Gyro: 1.373 4.501 4.196
Accel: 0.006 0.032 1.005
Gyro: 0.411 2.670 3.890
Accel: 0.003 0.028 1.0000
Gyro: 0.686 0.976 3.463
Accel: 0.0000 0.026 1.002
Gyro: -1.037 0.518 3.112
Accel: 0.002 0.026 1.008
Gyro: 0.854 -1.586 2.853
Accel: 0.003 0.029 1.008
Gyro: 0.228 -2.441 2.563
Accel: 0.002 0.031 1.008
Gyro: 0.427 -3.082 2.380
Accel: 0.0001 0.032 1.006
Gyro: 0.991 -3.601 2.273
Accel: 0.0000 0.028 1.005
Gyro: 1.022 -3.631 2.136
Accel: 0.0000 0.029 1.002
Gyro: 0.991 -3.341 1.922
Accel: 0.0001 0.030 1.002
Gyro: 1.129 -2.777 1.480
Accel: 0.0000 0.024 1.009
Gyro: 1.602 -2.243 0.778
Accel: 0.0000 0.030 1.015
Gyro: 2.304 -1.449 0.137
Accel: 0.002 0.036 1.020
Gyro: 3.036 0.595 0.686
Accel: 0.003 0.044 1.023
Gyro: 3.952 0.213 -1.144
Accel: 0.004 0.047 1.022
Gyro: 4.898 0.869 -1.647
Accel: 0.003 0.044 1.018
Gyro: 5.722 1.190 -1.937
Accel: 0.003 0.033 1.014
Gyro: 5.783 1.327 -2.136
Accel: 0.0000 0.034 1.013
Gyro: 5.432 1.144 -2.243
Accel: 0.002 0.024 1.015
Gyro: 4.852 0.534 -2.243
Accel: 0.002 0.018 1.018
Gyro: 4.226 0.366 -2.288
Accel: 0.004 0.020 1.022
Gyro: 3.692 -1.281 -2.105
Accel: 0.003 0.022 1.032
Gyro: 3.433 -2.609 -1.724
Accel: 0.009 0.021 1.028
Gyro: 2.960 -3.784 -1.571
Accel: 0.011 0.023 1.028
Gyro: 2.380 -4.531 -1.358
Accel: 0.008 0.029 1.019
Gyro: 1.693 -4.425 0.991
Accel: 0.007 0.026 1.014
Gyro: 0.732 -4.119 0.839
Accel: 0.009 0.026 1.009
Gyro: 0.869 -3.234 0.823
Accel: 0.006 0.024 1.005
Gyro: -2.136 -2.136 0.579
Accel: 0.007 0.019 0.937
Gyro: -3.250 0.885 0.381
Accel: 0.007 0.020 0.995
Gyro: -4.074 0.350 0.0000
Accel: 0.007 0.018 0.996
Gyro: -4.455 0.793 0.457
Accel: 0.005 0.020 1.003
Gyro: -4.302 0.686 0.885
Accel: 0.003 0.026 1.004
Gyro: -3.677 0.152 1.266
Accel: 0.003 0.034 1.004
Gyro: -2.731 0.640 1.678
Accel: 0.0000 0.042 0.998
Gyro: -2.120 -1.251 1.800
Accel: 0.005 0.042 1.0000
Gyro: -1.861 -1.739 1.815
Accel: 0.003 0.041 1.002
Gyro: -1.861 -1.892 2.334
Accel: 0.008 0.034 1.004
Gyro: -1.861 -2.426 2.517
Accel: 0.0010 0.032 0.999
Gyro: -1.922 -2.807 2.685
Accel: 0.012 0.031 1.0000
Gyro: -1.510 -2.380 2.609
Accel: 0.012 0.037 1.004
Gyro: 0.946 -2.288 2.670
Accel: 0.014 0.037 1.006
Gyro: 0.076 -1.907 2.471
Accel: 0.011 0.042 1.011
Gyro: 0.991 -1.525 2.532
Accel: 0.012 0.045 1.0000
Gyro: 1.510 -1.022 2.502
Accel: 0.017 0.043 0.998
Gyro: 1.678 0.396 2.288
Accel: 0.019 0.047 1.005
Gyro: 1.525 0.366 2.182
Accel: 0.022 0.042 1.004
Gyro: 1.174 0.976 2.227
Accel: 0.026 0.038 1.008
Gyro: 0.869 1.007 2.105
Accel: 0.022 0.039 1.014
Gyro: 0.976 0.808 2.304
Accel: 0.021 0.038 1.015
Gyro: 0.778 0.640 2.334
Accel: 0.017 0.034 1.012
Gyro: 0.503 0.396 2.258
Accel: 0.015 0.030 1.0010
Gyro: 0.274 0.030 2.227
Accel: 0.011 0.033 1.013
Gyro: 0.122 0.701 2.105
Accel: 0.009 0.032 1.008
Gyro: 0.183 -1.190 2.120
Accel: 0.008 0.031 1.007
Gyro: 0.045 -1.617 2.090
Accel: 0.005 0.031 1.008
Gyro: 0.045 -2.136 2.227
Accel: 0.006 0.030 1.008
Gyro: 0.091 -2.502 2.197
Accel: 0.006 0.036 1.009
Gyro: 0.198 -2.761 2.334
Accel: 0.009 0.036 1.003
Gyro: 0.320 -2.670 2.380
Accel: 0.0010 0.032 1.003
Gyro: 0.122 -2.029 2.548
Accel: 0.008 0.030 1.006
Gyro: 0.473 -1.556 2.670
Accel: 0.009 0.029 1.008
Gyro: 0.610 -1.373 2.700
Accel: 0.003 0.033 1.003
Gyro: 0.762 -1.174 2.716
Accel: 0.007 0.036 1.004
Gyro: -1.159 0.976 2.471
Accel: 0.011 0.035 1.0010
Gyro: -1.312 0.732 2.197
Accel: 0.011 0.035 1.017
Gyro: 0.976 0.503 1.907
Accel: 0.012 0.037 1.016
Gyro: 0.381 0.640 1.541
Accel: 0.012 0.041 1.014
Gyro: 0.259 0.686 1.083
Accel: 0.015 0.041 1.012
Gyro: 0.488 0.885 0.732
Accel: 0.017 0.036 1.014
Gyro: 0.778 -1.083 0.366
Accel: 0.015 0.034 1.015
Gyro: 1.342 -1.602 0.167
Accel: 0.012 0.031 1.014
Gyro: 1.663 -2.304 0.106
Accel: 0.012 0.029 1.016
Gyro: 1.846 -2.929 0.061
Accel: 0.015 0.027 1.006
Gyro: 1.541 -3.112 0.030
Accel: 0.019 0.024 1.007
Gyro: 1.174 -3.311 0.198
Accel: 0.015 0.022 1.0010
Gyro: 0.900 -3.219 0.061
Accel: 0.016 0.022 1.007
Gyro: 0.656 -3.295 0.061
Accel: 0.015 0.020 1.002
Gyro: 0.152 -2.746 0.152
Accel: 0.021 0.018 1.007
Gyro: 0.396 -2.105 0.106
Accel: 0.019 0.022 1.0010
Gyro: 0.564 -1.327 0.381
Accel: 0.022 0.023 1.015
Gyro: 0.595 0.518 0.259
Accel: 0.019 0.025 1.015
Gyro: 0.122 0.183 0.183
Accel: 0.020 0.028 1.016
Gyro: 0.106 0.259 0.228
Accel: 0.018 0.030 1.016
Gyro: 0.503 0.534 0.213
Accel: 0.014 0.029 1.015
Gyro: 0.839 0.381 0.289
Accel: 0.012 0.028 1.0010
Gyro: 0.991 0.030 0.457
Accel: 0.0010 0.028 1.0001
Gyro: 0.549 0.457 0.640
Accel: 0.011 0.029 0.995
Gyro: 0.0000 0.747 1.007
Accel: 0.012 0.027 0.993
Gyro: 0.411 0.717 1.449
Accel: 0.013 0.029 0.989
Gyro: 0.961 0.503 1.632
Accel: 0.013 0.030 0.990
Gyro: -1.617 0.274 1.861
Accel: 0.0010 0.028 0.994
Gyro: -2.059 0.350 1.983
Accel: 0.008 0.027 0.999
Gyro: -2.304 0.839 1.907
Accel: 0.0010 0.029 0.997
Gyro: -2.548 1.220 1.678
Accel: 0.012 0.030 0.999
Gyro: -2.685 1.205 1.602
Accel: 0.014 0.033 1.004
Gyro: -2.441 0.610 1.571
Accel: 0.015 0.037 1.0010
Gyro: -2.120 0.228 1.510
Accel: 0.015 0.044 1.013
Gyro: -1.647 -1.449 1.480
Accel: 0.015 0.046 1.0010
Gyro: -1.037 -2.716 1.327
Accel: 0.014 0.047 1.012
Gyro: 0.534 -3.890 1.159
Accel: 0.013 0.046 1.012
Gyro: 0.366 -5.081 1.129
Accel: 0.017 0.045 1.011
Gyro: 0.503 -5.859 1.052
Accel: 0.021 0.040 1.012
Gyro: 0.717 -6.134 0.991
Accel: 0.023 0.037 1.011
Gyro: 0.671 -5.905 0.793
Accel: 0.026 0.036 1.018
Gyro: 0.473 -5.401 0.427
Accel: 0.024 0.040 1.024
Gyro: 0.198 -4.440 0.381
Accel: 0.027 0.043 1.024
Gyro: 0.869 -3.540 0.350
Accel: 0.026 0.041 1.022
Gyro: 1.144 -2.288 0.152
Accel: 0.026 0.041 1.021
Gyro: 1.403 0.854 0.213
Accel: 0.025 0.039 1.018
Gyro: 1.251 0.518 0.106
Accel: 0.025 0.034 1.018
Gyro: 1.068 1.922 0.122
Accel: 0.023 0.032 1.016
Gyro: 0.808 2.700 0.213
Accel: 0.023 0.029 1.013
Gyro: 0.610 3.494 0.274
Accel: 0.022 0.031 1.011
Gyro: 0.518 3.860 0.457
Accel: 0.020 0.033 1.0010
Gyro: 0.823 3.982 0.671
Accel: 0.018 0.033 1.007
Gyro: 1.235 3.829 0.640
Accel: 0.014 0.034 1.004
Gyro: 1.632 3.326 0.717
Accel: 0.011 0.034 1.004
Gyro: 2.166 2.975 0.717
Accel: 0.0010 0.033 1.002
Gyro: 2.487 2.593 0.823
Accel: 0.006 0.029 1.062
Gyro: 2.532 2.227 0.793
Accel: 0.006 0.028 0.998
Gyro: 2.227 1.876 0.732
Accel: 0.009 0.031 0.999
Gyro: 1.693 1.281 1.007
Accel: 0.007 0.031 1.0000
Gyro: 1.174 0.808 1.007
Accel: 0.009 0.032 0.998
Gyro: 0.991 0.503 1.113
Accel: 0.007 0.037 0.995
Gyro: 1.007 0.259 0.976
Accel: 0.009 0.040 0.998
Gyro: 0.885 0.289 0.976
Accel: 0.0010 0.039 0.937
Gyro: 0.946 0.900 1.037
Accel: 0.011 0.038 1.0000
Gyro: 1.052 -1.342 1.037
Accel: 0.0010 0.039 1.0000
Gyro: 1.220 -1.708 0.869
Accel: 0.012 0.038 1.0000
Gyro: 1.083 -2.105 0.564
Accel: 0.012 0.036 1.0000
Gyro: 0.778 -2.502 0.381
Accel: 0.015 0.038 1.007
Gyro: 0.534 -3.204 0.320
Accel: 0.011 0.036 1.0010
Gyro: 0.244 -4.165 0.488
Accel: 0.014 0.034 1.009
Gyro: 0.030 -4.776 0.427
Accel: 0.016 0.036 1.007
Gyro: 0.289 -5.126 0.320
Accel: 0.013 0.038 1.014
Gyro: 3.814 -5.371 0.503
Accel: 0.020 0.040 1.009
Gyro: 0.198 -5.584 0.427
Accel: 0.022 0.037 1.004
Gyro: 0.335 -5.630 0.473
Accel: 0.022 0.036 1.006
Gyro: 0.518 -5.447 0.549
Accel: 0.025 0.037 1.009
Gyro: 0.534 -4.653 0.564
Accel: 0.028 0.038 1.009
Gyro: 0.793 -3.814 0.488
Accel: 0.029 0.039 1.0010
Gyro: -1.281 -2.868 0.518
Accel: 0.029 0.037 1.016
Gyro: -1.373 -2.273 0.747
Accel: 0.027 0.036 1.018
Gyro: -1.480 -1.434 1.174
Accel: 0.026 0.034 1.016
Gyro: -1.480 0.762 1.434
Accel: 0.023 0.033 1.014
Gyro: -1.754 0.122 1.724
Accel: 0.020 0.036 1.013
Gyro: -1.556 0.213 1.785
Accel: 0.020 0.037 1.012
Gyro: -1.129 0.427 1.815
Accel: 0.019 0.038 1.0010
Gyro: 0.747 0.549 1.770
Accel: 0.020 0.038 1.006
Gyro: 0.518 0.640 1.754
Accel: 0.021 0.041 1.009
Gyro: 0.274 0.717 1.815
Accel: 0.024 0.039 1.005
Gyro: 0.259 1.007 1.983
Accel: 0.023 0.039 1.002
Gyro: 0.534 0.778 2.105
Accel: 0.020 0.036 1.004
Gyro: 0.808 0.396 2.319
Accel: 0.016 0.035 1.006
Gyro: 0.808 0.274 2.441
Accel: 0.012 0.034 1.005
Gyro: 0.946 -1.052 2.593
Accel: 0.012 0.036 1.005
Gyro: 0.991 -1.770 2.548
Accel: 0.012 0.038 1.005
Gyro: -1.007 -2.243 2.410
Accel: 0.014 0.041 1.005
Gyro: 0.976 -2.410 2.258
Accel: 0.017 0.042 1.006
Gyro: 0.854 -2.258 2.120
Accel: 0.019 0.042 1.006
Gyro: 0.839 -2.166 1.953
Accel: 0.020 0.042 1.008
Gyro: 0.656 -1.937 1.876
Accel: 0.015 0.039 1.006
Gyro: 0.457 -1.815 1.846
Accel: 0.018 0.037 1.004
Gyro: 0.396 -1.510 1.724
Accel: 0.015 0.037 1.004
Gyro: 0.396 -1.358 1.724
Accel: 0.017 0.036 1.004
Gyro: 0.503 -1.205 1.739
Accel: 0.016 0.033 1.005
Gyro: 0.823 -1.266 1.785
Accel: 0.019 0.033 1.004
Gyro: 0.793 -1.464 1.770
Accel: 0.016 0.035 1.003
Gyro: 0.839 -1.480 1.876
Accel: 0.019 0.037 1.003
Gyro: 0.915 -1.541 1.876
Accel: 0.020 0.038 1.004
Gyro: -1.068 -1.617 1.922
Accel: 0.020 0.037 1.007
Gyro: -1.144 -1.785 2.243
Accel: 0.021 0.036 1.007
Gyro: -1.007 -1.907 2.136
Accel: 0.023 0.037 1.013
Gyro: 0.640 -1.861 2.304
Accel: 0.026 0.039 1.015
Gyro: 0.015 -1.998 2.029
Accel: 0.026 0.041 1.015
Gyro: 0.473 -2.151 1.846
Accel: 0.025 0.043 1.016
Gyro: 1.251 -2.319 1.602
Accel: 0.025 0.041 1.016
Gyro: 1.724 -2.258 1.205
Accel: 0.024 0.041 1.011
Gyro: 2.105 -2.273 0.976
Accel: 0.023 0.041 1.009
Gyro: 1.968 -2.319 0.778
Accel: 0.022 0.038 1.005
Gyro: 1.663 -2.426 0.747
Accel: 0.023 0.035 1.005
Gyro: 1.068 -2.929 0.839
Accel: 0.022 0.033 1.005
Gyro: 0.579 -3.326 0.900
Accel: 0.023 0.032 1.005
Gyro: 0.274 -3.524 1.083
Accel: 0.024 0.029 1.007
Gyro: -3.906 -3.631 1.281
Accel: 0.025 0.024 1.0010
Gyro: 0.076 -3.402 1.266
Accel: 0.025 0.027 1.012
Gyro: 0.015 -3.143 1.205
Accel: 0.028 0.030 1.013
Gyro: 0.259 -2.914 0.869
Accel: 0.028 0.036 1.018
Gyro: 0.778 -2.517 0.595
Accel: 0.031 0.038 1.018
Gyro: 1.220 -2.243 0.228
Accel: 0.030 0.037 1.021
Gyro: 1.571 -1.998 0.045
Accel: 0.031 0.036 1.021
Gyro: 1.754 -1.876 0.274
Accel: 0.032 0.036 1.017
Gyro: 1.754 -1.785 0.366
Accel: 0.031 0.034 1.012
Gyro: 1.281 -1.998 0.350
Accel: 0.030 0.030 1.003
Gyro: 0.564 -2.044 0.381
Accel: 0.028 0.028 0.998
Gyro: 0.411 -2.044 0.289
Accel: 0.031 0.022 0.994
Gyro: -1.510 -1.907 0.289
Accel: 0.027 0.027 1.0001
Gyro: -1.876 -1.525 0.106
Accel: 0.029 0.024 1.0001
Gyro: -2.243 -1.129 -3.890
Accel: 0.031 0.026 1.004
Gyro: -2.395 0.686 0.015
Accel: 0.029 0.029 1.0010
Gyro: -2.227 0.030 0.091
Accel: 0.028 0.033 1.013
Gyro: -1.983 0.793 0.061
Accel: 0.030 0.035 1.011
Gyro: -1.815 1.358 0.0000
Accel: 0.029 0.036 1.009
Gyro: -1.892 1.785 0.015
Accel: 0.024 0.037 1.007
Gyro: -2.182 1.922 0.076
Accel: 0.023 0.036 1.002
Gyro: -2.075 1.785 0.183
Accel: 0.021 0.037 1.003
Gyro: -1.998 0.808 0.198
Accel: 0.019 0.039 0.998
Gyro: -2.105 0.244 0.350
Accel: 0.022 0.039 1.0001
Gyro: -2.136 -1.586 0.305
Accel: 0.021 0.041 1.005
Gyro: -1.861 -2.548 0.183
Accel: 0.022 0.043 1.006
Gyro: -1.342 -3.555 0.137
Accel: 0.026 0.046 1.008
Gyro: -1.068 -4.226 0.091
Accel: 0.031 0.048 1.0010
Gyro: 0.991 -4.196 -3.890
Accel: 0.030 0.050 1.012
Gyro: 0.885 -3.936 0.061
Accel: 0.030 0.048 1.013
Gyro: 0.854 -3.326 0.228
Accel: 0.027 0.051 1.014
Gyro: 0.625 -2.731 0.427
Accel: 0.027 0.052 1.016
Gyro: 0.305 -1.770 0.640
Accel: 0.032 0.050 1.013
Gyro: 0.274 0.762 0.854
Accel: 0.033 0.048 1.011
Gyro: 0.350 0.030 0.808
Accel: 0.034 0.045 1.008
Gyro: 0.320 0.717 0.900
Accel: 0.035 0.046 1.007
Gyro: 0.488 1.373 0.717
Accel: 0.034 0.046 1.009
Gyro: 0.396 1.907 0.610
Accel: 0.030 0.044 1.012
Gyro: 0.335 2.044 0.350
Accel: 0.028 0.043 1.012
Gyro: 0.091 1.907 0.167
Accel: 0.027 0.045 1.012
Gyro: 0.076 1.342 0.106
Accel: 0.026 0.045 1.013
Gyro: 0.076 1.052 0.244
Accel: 0.025 0.046 1.012
Gyro: 0.366 0.549 0.122
Accel: 0.028 0.046 1.008
Gyro: 0.564 0.167 0.259
Accel: 0.027 0.046 1.004
Gyro: 0.427 0.198 0.076
Accel: 0.030 0.044 1.002
Gyro: 0.213 0.320 0.076
Accel: 0.028 0.045 1.0000
Gyro: 0.061 0.289 0.274
Accel: 0.026 0.042 0.999
Gyro: 0.320 0.396 0.473
Accel: 0.023 0.043 0.999
Gyro: 0.930 0.518 0.625
Accel: 0.025 0.043 1.0001
Gyro: -1.144 0.656 0.640
Accel: 0.023 0.048 1.003
Gyro: 0.854 0.930 0.564
Accel: 0.022 0.051 1.002
Gyro: 0.732 -1.174 0.610
Accel: 0.026 0.049 1.004
Gyro: 0.518 -1.144 0.564
Accel: 0.028 0.049 1.007
Gyro: 0.228 -1.327 0.518
Accel: 0.029 0.051 1.007
Gyro: 0.045 -1.113 0.534
Accel: 0.031 0.052 1.0010
Gyro: 0.106 -1.052 0.488
Accel: 0.022 0.051 1.062
Gyro: 0.595 0.122 0.320
Accel: 0.026 0.053 0.999
Gyro: 0.564 0.350 0.076
Accel: 0.026 0.055 1.0001
Gyro: 0.503 0.686 0.076
Accel: 0.026 0.055 1.002
Gyro: 0.488 0.946 0.0000
Accel: 0.028 0.052 1.005
Gyro: 0.564 -1.327 0.030
Accel: 0.028 0.051 1.007
Gyro: 0.900 -1.235 0.091
