Accel: 0.013 0.054 1.0001
Gyro: 0.823 0.320 0.534
Accel: 0.013 0.057 1.0000
Gyro: 0.900 0.946 0.320
Accel: 0.0010 0.058 1.0001
Gyro: 0.640 -1.724 0.030
Accel: 0.013 0.055 1.002
Gyro: 0.274 -2.319 0.717
Accel: 0.014 0.056 1.002
Gyro: 0.045 -2.929 1.144
Accel: 0.015 0.056 1.008
Gyro: 0.274 -3.540 1.586
Accel: 0.018 0.056 1.007
Gyro: 0.335 -3.952 1.892
Accel: 0.017 0.058 1.009
Gyro: 0.320 -4.104 1.876
Accel: 0.017 0.055 1.009
Gyro: 0.564 -3.967 1.831
Accel: 0.015 0.054 1.0010
Gyro: 0.900 -3.585 1.602
Accel: 0.017 0.052 1.013
Gyro: -1.052 -3.067 1.358
Accel: 0.018 0.053 1.012
Gyro: -1.312 -2.151 1.068
Accel: 0.016 0.055 1.014
Gyro: -1.358 -1.281 0.839
Accel: 0.017 0.056 1.014
Gyro: -1.281 0.213 0.686
Accel: 0.018 0.055 1.014
Gyro: -1.220 0.534 0.625
Accel: 0.015 0.054 1.013
Gyro: -1.220 1.113 0.518
Accel: 0.014 0.054 1.012
Gyro: -1.129 1.556 0.503
Accel: 0.015 0.054 1.014
Gyro: 0.793 1.876 0.259
Accel: 0.014 0.056 1.0010
Gyro: 0.579 1.831 0.122
Accel: 0.016 0.056 1.012
Gyro: 0.366 1.495 0.091
Accel: 0.019 0.052 1.013
Gyro: 0.015 1.068 0.030
Accel: 0.018 0.052 1.012
Gyro: 0.350 0.167 0.030
Accel: 0.016 0.052 1.0010
Gyro: 0.320 0.640 0.274
Accel: 0.016 0.054 1.0010
Gyro: 0.427 -1.342 0.442
Accel: 0.017 0.053 1.009
Gyro: 0.503 -1.831 0.610
Accel: 0.018 0.054 1.009
Gyro: 0.762 -2.136 0.793
Accel: 0.020 0.051 1.009
Gyro: 1.083 -1.724 0.732
Accel: 0.016 0.049 1.007
Gyro: 1.296 -1.266 0.595
Accel: 0.017 0.049 1.0010
Gyro: 1.281 0.701 0.396
Accel: 0.015 0.049 1.009
Gyro: 1.266 0.0000 0.106
Accel: 0.014 0.049 1.008
Gyro: 1.220 0.686 0.595
Accel: 0.012 0.050 1.009
Gyro: 1.205 1.220 0.915
Accel: 0.011 0.048 1.004
Gyro: 1.235 1.800 0.930
Accel: 0.0010 0.049 1.003
Gyro: 1.098 2.059 0.793
Accel: 0.009 0.048 1.002
Gyro: 0.930 1.968 0.503
Accel: 0.009 0.049 1.002
Gyro: 0.671 1.693 0.274
Accel: 0.008 0.049 1.003
Gyro: 0.457 1.266 0.061
Accel: 0.009 0.047 1.0001
Gyro: 0.549 0.686 0.076
Accel: 0.008 0.045 1.003
Gyro: 0.595 0.152 0.137
Accel: 0.006 0.045 1.002
Gyro: 0.915 0.167 0.579
Accel: 0.006 0.045 1.0001
Gyro: 1.266 0.503 -1.068
Accel: 0.005 0.044 1.0001
Gyro: 1.708 0.335 -1.464
Accel: 0.006 0.047 0.999
Gyro: 2.090 0.213 -1.800
Accel: 0.007 0.046 0.995
Gyro: 2.548 0.106 -2.120
Accel: 0.007 0.049 0.995
Gyro: 2.792 0.015 -2.212
Accel: 0.005 0.051 0.997
Gyro: 2.807 0.122 -2.243
Accel: 0.0001 0.054 0.996
Gyro: 2.777 0.518 -2.243
Accel: 0.0000 0.059 0.997
Gyro: 2.502 -1.358 -2.090
Accel: 0.006 0.063 1.002
Gyro: 2.319 -1.861 -2.182
Accel: 0.0001 0.052 0.998
Gyro: 2.471 -2.182 -1.388
Accel: 0.012 0.059 0.993
Gyro: 2.365 -2.075 0.915
Accel: 0.014 0.054 0.997
Gyro: 1.998 -2.166 0.488
Accel: 0.018 0.050 1.004
Gyro: 1.953 -2.426 0.228
Accel: 0.024 0.052 1.009
Gyro: 2.029 -2.807 0.549
Accel: 0.024 0.052 1.013
Gyro: 1.892 -3.494 0.839
Accel: 0.023 0.055 1.018
Gyro: 1.876 -4.089 1.037
Accel: 0.023 0.056 1.018
Gyro: 1.724 -4.364 1.144
Accel: 0.023 0.056 1.016
Gyro: 1.617 -4.226 1.296
Accel: 0.022 0.055 1.017
Gyro: 1.327 -3.540 1.434
Accel: 0.021 0.056 1.017
Gyro: 1.266 -2.685 1.296
Accel: 0.018 0.057 1.017
Gyro: 1.220 -1.693 0.946
Accel: 0.016 0.059 1.020
Gyro: 1.007 0.839 0.747
Accel: 0.014 0.060 1.019
Gyro: 0.671 0.030 0.274
Accel: 0.012 0.061 1.018
Gyro: 0.396 1.266 0.259
Accel: 0.0010 0.061 1.017
Gyro: 0.030 2.227 0.640
Accel: 0.009 0.063 1.017
Gyro: 0.198 3.051 0.793
Accel: 0.0010 0.064 1.015
Gyro: 0.579 3.372 0.778
Accel: 0.0010 0.062 1.011
Gyro: -1.052 3.448 0.656
Accel: 0.009 0.063 1.008
Gyro: -1.510 3.326 0.518
Accel: 0.007 0.062 1.005
Gyro: -1.678 2.929 0.320
Accel: 0.006 0.0000 1.006
Gyro: -1.831 2.471 0.305
Accel: 0.003 0.064 1.006
Gyro: -2.090 1.632 0.167
Accel: 0.006 0.062 1.008
Gyro: -2.319 0.701 0.045
Accel: 0.011 0.059 1.007
Gyro: -2.456 0.183 0.427
Accel: 0.013 0.061 1.006
Gyro: -2.807 0.228 0.717
Accel: 0.013 0.056 1.005
Gyro: -3.036 0.259 1.052
Accel: 0.012 0.057 1.005
Gyro: -3.250 0.289 1.327
Accel: 0.0010 0.056 1.005
Gyro: -3.601 0.274 1.586
Accel: 0.0010 0.054 1.002
Gyro: -3.814 0.213 1.632
Accel: 0.011 0.054 1.0000
Gyro: -4.165 0.183 1.586
Accel: 0.013 0.049 0.999
Gyro: -4.241 0.885 1.266
Accel: 0.011 0.047 1.006
Gyro: -3.463 1.968 1.174
Accel: 0.0010 0.053 0.997
Gyro: -3.662 2.838 1.205
Accel: 0.014 0.054 0.993
Gyro: -4.394 3.692 0.778
Accel: 0.013 0.045 0.999
Gyro: -4.257 4.318 0.473
Accel: 0.0010 0.041 0.997
Gyro: -3.799 4.638 0.335
Accel: 0.008 0.042 0.991
Gyro: -3.768 4.440 0.045
Accel: 0.003 0.041 0.996
Gyro: -3.845 4.058 0.061
Accel: 0.0000 0.043 0.993
Gyro: -3.616 3.402 0.152
Accel: 0.004 0.043 0.992
Gyro: -3.616 2.471 0.228
Accel: 0.007 0.043 0.992
Gyro: -3.417 1.205 0.244
Accel: 0.004 0.042 0.998
Gyro: -2.883 0.274 0.122
Accel: 0.004 0.042 1.002
Gyro: -2.410 -1.968 0.350
Accel: 0.008 0.041 1.004
Gyro: -2.197 -3.845 0.473
Accel: 0.0010 0.038 1.004
Gyro: -2.105 -5.126 0.411
Accel: 0.004 0.038 1.004
Gyro: -1.953 -5.996 0.549
Accel: 0.0000 0.041 1.0001
Gyro: -2.029 -6.225 0.457
Accel: 0.0001 0.040 1.002
Gyro: -2.243 -5.859 0.213
Accel: 0.008 0.042 1.003
Gyro: -2.456 -5.432 0.198
Accel: 0.013 0.043 1.004
Gyro: -2.716 -4.608 0.656
Accel: 0.017 0.042 1.0010
Gyro: -2.578 -3.890 0.762
Accel: 0.011 0.041 1.017
Gyro: -2.319 -3.128 1.083
Accel: 0.008 0.042 1.018
Gyro: -1.937 -2.182 1.068
Accel: 0.002 0.039 1.016
Gyro: -1.831 -1.266 1.022
Accel: 0.003 0.034 1.014
Gyro: -2.075 0.305 0.976
Accel: 0.0010 0.032 1.011
Gyro: -1.907 0.411 0.991
Accel: 0.015 0.031 1.008
Gyro: -1.831 0.976 0.823
Accel: 0.017 0.032 1.009
Gyro: -1.296 1.159 0.854
Accel: 0.013 0.031 1.003
Gyro: 0.885 1.037 0.793
Accel: 0.012 0.030 0.994
Gyro: 0.350 0.350 0.885
Accel: 0.016 0.023 0.986
Gyro: 0.213 0.473 1.129
Accel: 0.006 0.006 0.964
Gyro: 0.854 -1.831 2.334
Accel: 0.0000 0.020 0.910
Gyro: 0.656 -3.387 2.349
Accel: 0.015 0.007 0.865
Gyro: -4.043 -5.233 1.098
Accel: 0.004 0.0000 0.768
Gyro: -11.627 -7.507 -1.678
Accel: 0.0010 0.0000 0.680
Gyro: -12.252 -15.625 -4.516
Accel: 0.025 0.009 0.581
Gyro: -14.480 -20.492 -8.560
Accel: 0.045 0.022 0.427
Gyro: -13.137 -33.660 -13.031
Accel: 0.070 0.012 0.280
Gyro: -13.488 -48.538 -22.018
Accel: 0.0000 0.120 0.040
Gyro: -14.282 -53.237 -26.016
Accel: 0.0001 0.026 0.067
Gyro: -12.588 -52.0001 -26.809
Accel: 0.005 0.019 0.017
Gyro: -6.576 -48.889 -27.359
Accel: 0.0001 0.018 0.011
Gyro: -1.663 -46.051 -27.847
Accel: 0.009 0.009 0.022
Gyro: 1.220 -42.938 -28.472
Accel: 0.009 0.011 0.015
Gyro: 4.104 -39.978 -28.976
Accel: 0.009 0.007 0.006
Gyro: 6.179 -37.139 -29.357
Accel: 0.009 0.009 0.016
Gyro: 11.657 -34.591 -29.800
Accel: 0.006 0.006 0.030
Gyro: 8.926 -31.921 -30.029
Accel: 0.006 0.004 0.037
Gyro: 9.384 -29.357 -30.273
Accel: 0.0000 0.005 0.040
Gyro: 9.475 -26.763 -30.593
Accel: 0.0001 0.002 0.041
Gyro: 9.109 -24.368 -30.838
Accel: 0.0001 0.002 0.043
Gyro: 8.392 -21.774 -31.097
Accel: 0.003 0.0001 0.044
Gyro: 7.537 -19.119 -31.250
Accel: 0.003 0.003 0.044
Gyro: 6.683 -16.387 -31.478
Accel: 0.0001 0.004 0.043
Gyro: 5.813 -13.931 -31.600
Accel: 0.005 0.004 0.048
Gyro: 4.928 -11.444 -31.784
Accel: 0.006 0.003 0.052
Gyro: 3.845 -8.911 -31.936
Accel: 0.003 0.0001 0.055
Gyro: 2.929 -6.698 -32.028
Accel: 0.005 0.004 0.061
Gyro: 1.632 -4.302 -32.028
Accel: 0.005 0.004 0.124
Gyro: 0.503 -2.182 -31.936
Accel: 0.006 0.004 0.064
Gyro: 0.381 0.076 -31.768
Accel: 0.004 0.006 0.068
Gyro: -1.190 2.014 -31.402
Accel: 0.006 0.006 0.071
Gyro: -1.647 4.211 -30.960
Accel: 0.005 0.006 0.080
Gyro: -1.815 6.454 -30.593
Accel: 0.005 0.007 0.091
Gyro: -1.998 8.682 -30.303
Accel: 0.009 0.009 0.124
Gyro: -2.136 11.657 -29.922
Accel: 1.0100 0.575 -4.032
Gyro: -255.706 203.247 9.017
Accel: 4.310 -7.999 7.999
Gyro: 446.182 274.719 -43.121
Accel: 0.143 -1.129 3.449
Gyro: 397.048 229.995 -24.673
Accel: 0.042 0.484 0.985
Gyro: 301.834 201.690 -30.654
Accel: 0.098 0.520 0.894
Gyro: 217.773 189.559 -57.556
Accel: 0.004 1.087 0.217
Gyro: 138.763 162.277 -75.881
Accel: 0.586 1.627 0.875
Gyro: 66.070 74.844 -79.711
Accel: 0.940 1.721 0.752
Gyro: -4.302 -24.841 -78.018
Accel: 0.921 1.531 0.652
Gyro: -95.764 -81.527 -68.557
Accel: 0.991 1.316 0.769
Gyro: -199.203 -138.046 -41.213
Accel: 0.896 0.850 1.228
Gyro: -273.300 -229.751 -8.911
Accel: 0.317 0.145 2.476
Gyro: -261.535 -296.005 9.338
Accel: 0.624 0.394 4.534
Gyro: -163.589 -127.548 27.648
Accel: 0.034 0.176 1.545
Gyro: -76.858 -55.541 34.820
Accel: 0.098 0.167 0.798
Gyro: -35.903 -62.866 37.307
Accel: 0.312 0.304 0.839
Gyro: -37.384 -48.095 34.027
Accel: 0.310 0.373 0.826
Gyro: -43.136 -25.619 24.459
Accel: 0.329 0.454 1.125
Gyro: -40.145 -14.343 13.961
Accel: 0.441 0.390 1.522
Gyro: -28.015 1.815 1.693
Accel: 0.350 0.146 1.399
Gyro: -16.540 12.084 -7.080
Accel: 0.214 0.057 1.179
Gyro: -13.595 19.515 -9.750
Accel: 0.147 0.083 1.091
Gyro: -16.159 16.448 -8.865
Accel: 0.063 0.008 1.126
Gyro: -19.058 13.458 -7.202
Accel: 0.103 0.028 1.141
Gyro: -20.675 9.460 -5.264
Accel: 0.051 0.002 1.131
Gyro: -21.118 5.889 -4.379
Accel: 0.003 0.031 1.091
Gyro: -20.706 3.265 -4.013
Accel: 0.027 0.038 1.032
Gyro: -21.484 -1.083 -2.807
Accel: 0.020 0.044 0.993
Gyro: -23.330 -6.271 0.381
Accel: 0.009 0.061 0.963
Gyro: -24.902 -15.487 2.349
Accel: 0.030 0.074 0.937
Gyro: -25.939 -16.921 4.425
Accel: 0.044 0.0000 0.907
Gyro: -25.878 -20.935 4.333
Accel: 0.060 0.035 0.896
Gyro: -24.887 -22.277 2.883
Accel: 0.074 0.017 0.904
Gyro: -21.987 -21.362 0.854
Accel: 0.088 0.0000 0.911
Gyro: -16.937 -19.256 0.350
Accel: 0.096 0.005 0.914
Gyro: -11.260 -16.510 0.473
Accel: 0.101 0.007 0.907
Gyro: -6.744 -14.251 0.045
Accel: 0.108 0.021 0.906
Gyro: -3.662 -8.0010 0.152
Accel: 0.123 0.022 0.924
Gyro: 0.549 -8.773 0.137
Accel: 0.131 0.020 0.932
Gyro: 1.968 -5.737 0.503
Accel: 0.133 0.024 0.931
Gyro: 3.234 -3.448 0.976
Accel: 0.130 0.023 0.933
Gyro: 4.013 -1.617 0.854
Accel: 0.122 0.023 0.945
Gyro: 3.692 0.732 0.717
Accel: 0.106 0.031 0.949
Gyro: 2.456 2.059 0.747
Accel: 0.095 0.040 0.943
Gyro: 0.137 2.410 0.442
Accel: 0.094 0.034 0.951
Gyro: -2.853 2.441 0.442
Accel: 0.095 0.021 0.969
Gyro: -4.959 2.471 1.937
Accel: 0.093 0.011 0.994
Gyro: -5.218 3.204 3.341
Accel: 0.094 0.007 1.015
Gyro: -3.448 5.004 3.646
Accel: 0.093 0.003 1.015
Gyro: -1.754 7.034 2.639
Accel: 0.088 0.004 1.012
Gyro: 0.442 8.0010 1.663
Accel: 0.074 0.003 1.003
Gyro: 0.244 3.952 1.251
Accel: 0.067 0.003 1.0001
Gyro: 0.076 7.110 1.632
Accel: 0.068 0.012 1.003
Gyro: 0.045 6.057 1.739
Accel: 0.070 0.009 1.007
Gyro: 0.320 4.623 1.998
Accel: 0.060 0.0000 1.0000
Gyro: 0.701 2.914 2.075
Accel: 0.052 0.005 0.999
Gyro: 0.961 1.098 2.090
Accel: 0.050 0.018 1.003
Gyro: 0.640 0.854 2.227
Accel: 0.056 0.031 1.008
Gyro: 0.015 2.166 2.655
Accel: 0.066 0.034 1.005
Gyro: 0.274 3.692 2.456
Accel: 0.062 0.036 1.004
Gyro: 0.259 4.760 1.785
Accel: 0.054 0.044 1.006
Gyro: 0.701 4.653 1.220
Accel: 0.048 0.052 1.0010
Gyro: 0.686 3.509 1.159
Accel: 0.048 0.057 1.022
Gyro: 0.061 2.410 1.220
Accel: 0.048 0.053 1.024
Gyro: 0.625 1.449 1.770
Accel: 0.043 0.040 1.015
Gyro: 0.289 0.686 2.197
Accel: 0.042 0.040 1.012
Gyro: 0.457 0.610 2.532
Accel: 0.049 0.030 1.004
Gyro: -1.693 -1.129 1.815
Accel: 0.030 0.046 0.971
Gyro: 0.686 3.738 0.244
Accel: 0.052 0.070 1.018
Gyro: 0.625 0.015 0.762
Accel: 0.036 0.066 1.015
Gyro: 1.144 0.259 -1.403
Accel: 0.037 0.066 0.964
Gyro: 0.335 0.564 -1.510
Accel: 0.035 0.055 0.987
Gyro: -1.693 1.052 -1.708
Accel: 0.040 0.041 1.007
Gyro: -3.341 2.365 -1.403
Accel: 0.044 0.046 0.998
Gyro: -3.768 3.784 0.213
Accel: 0.038 0.077 1.0001
Gyro: -1.480 5.065 0.411
Accel: 0.034 0.109 1.009
Gyro: 2.502 5.065 0.503
Accel: 0.018 0.109 1.050
Gyro: 7.156 4.135 0.503
Accel: 0.0010 0.081 0.982
Gyro: 8.682 2.746 0.030
Accel: 0.006 0.062 0.983
Gyro: 6.210 0.534 -1.831
Accel: 0.019 0.044 1.016
Gyro: 3.585 -1.510 -3.265
Accel: 0.009 0.021 1.040
Gyro: 3.082 -3.128 -3.082
Accel: 0.015 0.016 1.031
Gyro: 1.846 -4.974 -1.556
Accel: 0.026 0.007 1.025
Gyro: -1.998 -9.536 0.595
Accel: 0.062 0.032 1.017
Gyro: -5.508 -9.674 -1.617
Accel: 0.080 0.016 1.051
Gyro: -8.575 -7.522 -2.563
Accel: 0.184 0.026 1.099
Gyro: -6.027 -4.196 -3.158
Accel: 0.137 0.057 1.097
Gyro: 0.335 0.228 -2.624
Accel: 0.121 0.049 1.032
Gyro: 3.372 3.295 0.793
Accel: 0.116 0.023 1.031
Gyro: 2.532 2.502 0.366
Accel: 0.104 0.014 1.102
Gyro: 3.646 0.549 1.541
Accel: 0.098 0.008 1.101
Gyro: 4.394 -2.960 2.380
Accel: 0.098 0.004 1.073
Gyro: 2.685 -5.340 2.609
Accel: 0.082 0.017 1.081
Gyro: 0.808 -8.087 3.128
Accel: 0.074 0.006 1.084
Gyro: 0.091 -10.391 4.013
Accel: 0.062 0.026 1.050
Gyro: -1.174 -10.498 5.447
Accel: 0.047 0.043 1.050
Gyro: -1.556 -9.750 7.324
Accel: 0.016 0.069 1.046
Gyro: -1.480 -9.216 9.231
Accel: 0.013 0.070 1.044
Gyro: 0.503 -9.246 10.269
Accel: 0.013 0.059 1.037
Gyro: 0.274 -9.384 11.291
Accel: 0.028 0.041 1.038
Gyro: 0.946 -10.009 12.283
Accel: 0.051 0.026 1.034
Gyro: 1.266 -9.323 12.863
Accel: 0.075 0.012 1.042
Gyro: 1.205 -7.339 12.512
Accel: 0.104 0.020 1.057
Gyro: 2.029 -4.562 10.818
Accel: 0.119 0.027 1.052
Gyro: 3.631 0.411 9.185
Accel: 0.124 0.038 1.039
Gyro: 6.027 4.791 7.431
Accel: 0.122 0.027 1.019
Gyro: 8.087 15.090 5.767
Accel: 0.0100 0.024 0.999
Gyro: 8.926 16.036 4.684
Accel: 0.073 0.021 0.994
Gyro: 9.140 19.210 4.699
Accel: 0.124 0.061 0.981
Gyro: 9.399 21.682 6.881
Accel: 0.043 0.007 0.998
Gyro: 7.644 23.864 9.155
Accel: 0.026 0.016 1.0000
Gyro: 7.049 25.848 9.292
Accel: 0.037 0.007 0.982
Gyro: 5.661 25.665 9.201
Accel: 0.045 0.023 0.990
Gyro: 4.608 19.607 9.201
Accel: 0.047 0.021 0.985
Gyro: 4.394 21.377 9.368
Accel: 0.045 0.018 0.990
Gyro: 4.638 19.744 9.658
Accel: 0.037 0.022 0.989
Gyro: 4.806 18.707 9.658
Accel: 0.025 0.022 0.987
Gyro: 5.508 17.517 9.536
Accel: 0.009 0.020 0.977
Gyro: 5.737 15.579 9.582
Accel: 0.005 0.013 0.955
Gyro: 5.630 12.390 9.826
Accel: 0.017 0.017 0.937
Gyro: 6.256 8.102 10.025
Accel: 0.011 0.024 0.939
Gyro: 7.415 4.272 9.704
Accel: 0.007 0.025 0.944
Gyro: 8.300 0.900 8.789
Accel: 0.042 0.0010 0.981
Gyro: 8.422 0.564 6.423
Accel: 0.038 0.0010 0.976
Gyro: 9.506 0.183 4.074
Accel: 0.0010 0.009 0.976
Gyro: 11.413 -1.388 1.876
Accel: 0.061 0.021 0.963
Gyro: 13.427 -3.646 0.381
Accel: 0.004 0.012 0.968
Gyro: 14.129 -7.232 1.022
Accel: 0.008 0.008 0.964
Gyro: 13.702 -11.276 2.548
Accel: 0.023 0.011 0.970
Gyro: 12.237 -14.694 4.043
Accel: 0.036 0.007 0.989
Gyro: 10.879 -16.921 5.722
Accel: 0.045 0.061 1.011
Gyro: 9.063 -16.983 5.996
Accel: 0.050 0.005 1.018
Gyro: 7.369 -14.968 6.317
Accel: 0.054 0.0010 1.026
Gyro: 5.508 -11.306 6.317
Accel: 0.124 0.015 1.032
Gyro: 3.997 -6.744 5.661
Accel: 0.062 0.012 1.032
Gyro: 2.166 -2.182 5.004
Accel: 0.060 0.016 1.026
Gyro: 0.411 1.556 0.045
Accel: 0.070 0.015 1.022
Gyro: -1.174 6.423 2.349
Accel: 0.062 0.011 1.023
Gyro: -1.770 11.734 1.159
Accel: 0.053 0.005 1.019
Gyro: -1.998 16.540 0.610
Accel: 0.043 0.0000 1.018
Gyro: -2.288 19.882 0.656
Accel: 0.033 0.0000 1.014
Gyro: -2.426 21.881 1.342
Accel: 0.022 0.003 1.005
Gyro: -3.173 22.644 1.953
Accel: 0.016 0.0010 0.994
Gyro: -4.425 21.484 2.120
Accel: 0.011 0.009 0.981
Gyro: -5.783 18.768 1.861
Accel: 0.007 0.014 0.969
Gyro: -7.507 14.450 1.129
Accel: 0.006 0.009 0.958
Gyro: -8.789 10.070 0.289
Accel: 0.007 0.003 0.954
Gyro: -9.689 6.805 0.488
Accel: 0.008 0.0001 0.955
Gyro: -10.192 4.608 -1.144
Accel: 0.0010 0.005 0.961
Gyro: -9.963 2.777 -1.739
Accel: 0.009 0.0010 0.969
Gyro: -8.590 1.388 -2.014
Accel: 0.006 0.017 0.975
Gyro: -6.164 0.259 -2.075
Accel: 0.002 0.018 0.974
Gyro: -4.425 -1.892 -1.968
Accel: 0.006 0.011 0.978
Gyro: -3.616 -3.936 -1.800
Accel: 0.011 0.0010 0.978
Gyro: -3.555 -6.683 -1.770
Accel: 0.015 0.012 0.979
Gyro: -4.043 -10.040 -1.617
Accel: 0.022 0.016 0.974
Gyro: -4.776 -13.931 -1.327
Accel: 0.031 0.016 0.968
Gyro: -6.027 -17.196 -1.113
Accel: 0.044 0.019 0.967
Gyro: -7.369 -18.524 -1.205
Accel: 0.051 0.013 0.975
Gyro: -8.0010 -17.395 -1.495
Accel: 0.055 0.0010 0.982
Gyro: -7.675 -15.426 -1.663
Accel: 0.053 0.013 0.989
Gyro: -6.729 -8.087 -1.937
Accel: 0.056 0.014 0.996
Gyro: -5.462 -4.089 -2.212
Accel: 0.058 0.014 1.002
Gyro: -4.302 -3.463 -2.456
Accel: 0.058 0.013 1.002
Gyro: -3.540 0.869 -2.655
Accel: 0.056 0.0010 1.002
Gyro: -2.838 4.180 -2.700
Accel: 0.045 0.012 1.0000
Gyro: -2.136 6.454 -2.502
Accel: 0.036 0.011 0.996
Gyro: -1.266 7.751 -1.724
Accel: 0.029 0.008 0.993
Gyro: 0.854 8.224 0.671
Accel: 0.019 0.007 0.995
Gyro: 0.564 8.209 0.671
Accel: 0.007 0.0010 0.997
Gyro: 0.167 7.186 1.968
Accel: 0.003 0.015 1.0001
Gyro: 0.259 5.661 2.426
Accel: 0.0001 0.014 0.999
Gyro: 0.625 4.150 2.166
Accel: 0.003 0.012 0.994
Gyro: 0.991 3.189 1.266
Accel: 0.004 0.002 0.991
Gyro: 1.541 2.410 0.091
Accel: 0.007 0.0001 0.991
Gyro: 2.639 1.434 -2.166
Accel: 0.012 0.004 0.990
Gyro: 3.677 0.686 -4.241
Accel: 0.014 0.002 0.986
Gyro: 4.684 0.289 -6.195
Accel: 0.017 0.005 0.985
Gyro: 5.477 -1.449 -7.659
Accel: 0.020 0.008 0.984
Gyro: 5.661 -3.356 -8.026
Accel: 0.0010 0.013 0.986
Gyro: 4.959 -6.088 -7.598
Accel: 0.0000 0.018 0.989
Gyro: 3.372 -9.719 -6.607
Accel: 0.008 0.024 0.997
Gyro: 1.510 -13.839 -5.310
Accel: 0.019 0.027 1.004
Gyro: 0.167 -16.815 -4.074
Accel: 0.033 0.025 1.012
Gyro: -1.312 -18.966 -3.402
Accel: 0.038 0.023 1.019
Gyro: -2.075 -19.149 -2.990
Accel: 0.044 0.027 1.026
Gyro: -2.349 -18.142 -2.655
Accel: 0.049 0.028 1.036
Gyro: -2.120 -16.708 -2.365
Accel: 0.053 0.029 1.036
Gyro: -2.029 -14.907 -2.288
Accel: 0.058 0.028 1.037
Gyro: -1.922 -12.237 -2.288
Accel: 0.063 0.023 1.039
Gyro: -2.059 -8.621 -2.685
Accel: 0.060 0.025 1.035
Gyro: -1.937 -4.913 -2.975
Accel: 0.060 0.028 1.037
Gyro: -1.754 0.976 -3.067
Accel: 0.060 0.027 1.034
Gyro: -1.861 2.960 -3.250
Accel: 0.059 0.030 1.031
Gyro: -2.258 6.484 -3.494
Accel: 0.056 0.033 1.033
Gyro: -2.441 9.140 -3.494
Accel: 0.048 0.037 1.029
Gyro: -2.273 10.543 -3.082
Accel: 0.039 0.039 1.025
Gyro: -1.876 10.971 -2.365
Accel: 0.038 0.038 1.019
Gyro: -1.235 10.452 -1.388
Accel: 0.039 0.038 1.013
Gyro: 0.930 9.216 0.610
Accel: 0.039 0.040 1.011
Gyro: 0.762 7.476 0.122
Accel: 0.036 0.042 1.013
Gyro: 0.640 5.538 0.198
Accel: 0.037 0.042 1.013
Gyro: 0.686 3.295 0.549
Accel: 0.039 0.036 1.013
Gyro: 0.961 1.663 0.747
Accel: 0.040 0.031 1.017
Gyro: -1.022 0.518 0.701
Accel: 0.038 0.033 1.020
Gyro: 0.900 0.396 0.427
Accel: 0.038 0.035 1.023
Gyro: 0.823 0.701 0.122
Accel: 0.037 0.029 1.021
Gyro: 0.534 -1.007 0.808
Accel: 0.037 0.030 1.020
Gyro: 0.488 -1.663 -1.449
Accel: 0.037 0.024 1.014
Gyro: 0.183 -2.136 -2.182
Accel: 0.032 0.020 1.0010
Gyro: 0.183 -2.502 -2.868
Accel: 0.026 0.020 1.006
Gyro: 0.488 -3.265 -3.662
Accel: 0.028 0.014 1.004
Gyro: 0.579 -3.448 -4.287
Accel: 0.028 0.0010 1.003
Gyro: -1.129 -2.944 -4.241
Accel: 0.030 0.017 0.938
Gyro: -1.998 -2.655 -3.341
Accel: 0.031 0.022 0.998
Gyro: -2.975 -2.655 -1.739
Accel: 0.041 0.019 0.998
Gyro: -4.272 -3.494 0.015
Accel: 0.047 0.020 0.995
Gyro: -5.828 -4.211 0.839
Accel: 0.044 0.024 0.995
Gyro: -7.415 -4.791 1.174
Accel: 0.041 0.025 0.994
Gyro: -8.453 -5.355 1.159
Accel: 0.040 0.029 0.993
Gyro: -8.728 -5.599 0.946
Accel: 0.040 0.034 0.994
Gyro: -8.514 -5.142 0.747
Accel: 0.041 0.034 0.996
Gyro: -7.843 -4.486 0.823
Accel: 0.041 0.035 0.996
Gyro: -7.339 -3.463 1.007
Accel: 0.037 0.037 1.002
Gyro: -7.080 -2.731 1.693
Accel: 0.038 0.040 1.004
Gyro: -6.973 -2.502 2.319
Accel: 0.036 0.042 1.0001
Gyro: -7.003 -2.166 2.685
Accel: 0.035 0.041 1.0000
Gyro: -7.156 -1.632 2.868
Accel: 0.033 0.040 0.996
Gyro: -7.171 -1.144 2.639
Accel: 0.032 0.037 0.993
Gyro: -7.232 0.961 2.395
Accel: 0.028 0.041 0.995
Gyro: -6.942 0.686 2.090
Accel: 0.023 0.044 0.998
Gyro: -6.332 0.595 1.922
Accel: 0.023 0.041 0.997
Gyro: -5.523 0.061 1.632
Accel: 0.023 0.042 0.997
Gyro: -4.989 0.778 1.113
Accel: 0.026 0.043 1.0001
Gyro: -4.302 1.388 0.457
Accel: 0.024 0.044 0.999
Gyro: -3.921 2.182 0.091
Accel: 0.024 0.048 0.994
Gyro: -3.005 2.685 0.457
Accel: 0.027 0.047 0.989
Gyro: -1.846 3.402 0.503
Accel: 0.031 0.049 0.985
Gyro: 0.167 4.501 0.305
Accel: 0.030 0.052 0.981
Gyro: 2.120 5.493 0.015
Accel: 0.029 0.056 0.981
Gyro: 5.004 6.698 0.335
Accel: 0.030 0.049 0.974
Gyro: 8.300 8.239 0.503
Accel: 0.028 0.046 0.972
Gyro: 11.306 10.238 0.671
Accel: 0.025 0.041 0.973
Gyro: 13.839 12.069 0.778
Accel: 0.023 0.040 0.978
Gyro: 15.884 13.122 0.823
Accel: 0.022 0.035 0.980
Gyro: 16.860 13.885 1.235
Accel: 0.021 0.030 0.981
Gyro: 16.891 13.854 1.510
Accel: 0.014 0.025 0.980
Gyro: 16.433 12.969 1.846
Accel: 0.009 0.024 0.977
Gyro: 15.548 11.245 2.258
Accel: 0.007 0.017 0.975
Gyro: 14.770 8.880 2.288
Accel: 0.005 0.011 0.971
Gyro: 13.259 6.378 2.548
Accel: 0.003 0.007 0.974
Gyro: 11.352 3.326 2.822
Accel: 0.0000 0.007 0.977
Gyro: 9.628 0.503 3.311
Accel: 0.0000 0.006 0.978
Gyro: 8.041 -2.731 3.723
Accel: 0.002 0.003 0.984
Gyro: 6.500 -5.950 3.845
Accel: 0.005 0.007 0.993
Gyro: 5.462 -8.453 3.540
Accel: 0.011 0.004 1.005
Gyro: 4.684 -9.841 3.204
Accel: 0.018 0.004 1.013
Gyro: 3.784 -10.604 2.746
Accel: 0.022 0.008 1.023
Gyro: 3.173 -10.910 2.273
Accel: 0.025 0.013 1.026
Gyro: 2.578 -11.428 2.212
Accel: 0.024 0.008 1.033
Gyro: 1.983 -11.917 2.868
Accel: 0.039 0.003 1.037
Gyro: 1.190 -12.893 3.158
Accel: 0.039 0.0010 1.048
Gyro: 0.320 -13.549 3.341
Accel: 0.043 0.009 1.058
Gyro: -1.388 -14.114 3.082
Accel: 0.042 0.011 1.065
Gyro: -2.243 -14.373 2.365
Accel: 0.039 0.012 1.069
Gyro: -3.250 -13.519 1.388
Accel: 0.042 0.015 1.069
Gyro: -4.119 -11.825 0.701
Accel: 0.039 0.015 1.069
Gyro: -4.547 -9.292 0.518
Accel: 0.043 0.014 1.064
Gyro: -4.974 -6.072 0.183
Accel: 0.045 0.014 1.060
Gyro: -4.989 -2.120 0.061
Accel: 0.047 0.017 1.052
Gyro: -4.928 1.571 0.411
Accel: 0.042 0.020 1.043
Gyro: -5.004 4.989 0.579
Accel: 0.036 0.021 1.034
Gyro: -5.050 7.263 0.549
Accel: 0.030 0.023 1.032
Gyro: -5.203 8.270 0.503
Accel: 0.025 0.024 1.025
Gyro: -5.416 8.224 0.289
Accel: 0.019 0.031 1.026
Gyro: -5.554 7.141 0.274
Accel: 0.013 0.034 1.023
Gyro: -5.798 5.615 0.274
Accel: 0.012 0.036 1.017
Gyro: -5.798 4.104 0.518
Accel: 0.015 0.035 1.011
Gyro: -5.691 3.814 0.686
Accel: 0.018 0.035 1.007
Gyro: -5.249 4.013 0.793
Accel: 0.015 0.036 0.995
Gyro: -4.745 4.272 0.671
Accel: 0.021 0.035 0.986
Gyro: -4.440 4.440 0.885
Accel: 0.022 0.037 0.982
Gyro: -4.241 4.104 0.808
Accel: 0.019 0.041 0.979
Gyro: -3.753 3.265 0.885
Accel: 0.019 0.044 0.980
Gyro: -3.082 1.693 0.732
Accel: 0.018 0.042 0.977
Gyro: -2.777 0.595 0.625
Accel: 0.020 0.044 0.978
Gyro: -2.929 -3.097 0.762
Accel: 0.019 0.044 0.980
Gyro: -2.944 -5.661 0.854
Accel: 0.024 0.042 0.978
Gyro: -3.250 -7.980 -1.068
Accel: 0.025 0.039 0.979
Gyro: -3.387 -8.941 -1.388
Accel: 0.029 0.041 0.978
Gyro: -2.975 -9.185 -1.617
Accel: 0.031 0.043 0.976
Gyro: -2.120 -9.048 -1.831
Accel: 0.035 0.044 0.974
Gyro: -1.129 -8.590 -2.136
Accel: 0.040 0.045 0.972
Gyro: 0.076 -3.982 -2.365
Accel: 0.043 0.044 0.971
Gyro: 1.312 -6.805 -2.456
Accel: 0.045 0.043 0.969
Gyro: 2.609 -5.767 -2.517
Accel: 0.048 0.043 0.970
Gyro: 3.112 -4.791 -2.883
Accel: 0.051 0.039 0.977
Gyro: 3.311 -4.714 -3.021
Accel: 0.048 0.036 0.980
Gyro: 3.204 -4.821 -3.112
Accel: 0.049 0.036 0.983
Gyro: 2.761 -4.821 -2.929
Accel: 0.046 0.036 0.988
Gyro: 2.532 -4.867 -2.548
Accel: 0.047 0.033 0.995
Gyro: 2.365 -4.791 -1.998
Accel: 0.051 0.028 0.999
Gyro: 2.044 -4.348 -1.419
Accel: 0.050 0.028 1.005
Gyro: 1.861 -3.128 0.732
Accel: 0.049 0.031 1.011
Gyro: 2.014 -1.708 0.045
Accel: 0.051 0.033 1.015
Gyro: 2.029 0.747 0.381
Accel: 0.055 0.032 1.017
Gyro: 2.059 0.030 0.488
Accel: 0.058 0.033 1.018
Gyro: 1.770 0.885 0.595
Accel: 0.055 0.035 1.019
Gyro: 1.541 1.693 0.900
Accel: 0.052 0.038 1.017
Gyro: 1.220 1.785 1.235
Accel: 0.050 0.037 1.019
Gyro: 0.976 1.083 1.342
Accel: 0.051 0.036 1.015
Gyro: 1.312 0.335 1.342
Accel: 0.052 0.031 1.0010
Gyro: 1.022 0.823 1.647
Accel: 0.054 0.029 1.013
Gyro: 0.946 0.137 2.151
Accel: 0.047 0.033 1.015
Gyro: 0.991 1.358 2.807
Accel: 0.046 0.032 1.014
Gyro: 1.144 2.532 3.097
Accel: 0.046 0.029 1.013
Gyro: 1.220 3.311 2.761
Accel: 0.042 0.032 1.012
Gyro: 1.098 3.692 2.410
Accel: 0.037 0.034 1.012
Gyro: 1.266 3.723 2.227
Accel: 0.033 0.036 1.004
Gyro: 1.037 2.960 2.212
Accel: 0.029 0.035 0.998
Gyro: 0.503 1.281 2.273
Accel: 0.030 0.034 0.997
Gyro: 0.350 0.839 2.151
Accel: 0.030 0.031 0.990
Gyro: 0.091 -2.960 2.059
Accel: 0.030 0.030 0.992
Gyro: 0.564 -4.150 1.953
Accel: 0.026 0.032 0.996
Gyro: 0.793 -4.928 2.166
Accel: 0.026 0.033 1.0000
Gyro: 0.762 -5.706 2.120
Accel: 0.026 0.031 1.003
Gyro: 0.549 -5.798 1.647
Accel: 0.029 0.029 1.0001
Gyro: 0.595 -5.645 1.083
Accel: 0.032 0.029 1.005
Gyro: 0.762 -5.157 0.427
Accel: 0.031 0.032 1.016
Gyro: 0.717 -4.837 0.091
Accel: 0.033 0.036 1.018
Gyro: 0.778 -4.379 0.167
Accel: 0.036 0.033 1.020
Gyro: -1.022 -3.814 0.305
Accel: 0.040 0.032 1.018
Gyro: -1.174 -3.280 0.442
Accel: 0.041 0.034 1.018
Gyro: -1.205 -2.868 0.717
Accel: 0.045 0.031 1.015
Gyro: -1.251 -1.678 0.778
Accel: 0.047 0.030 1.018
Gyro: -1.312 0.244 0.915
Accel: 0.043 0.034 1.019
Gyro: -1.403 0.961 0.946
Accel: 0.044 0.037 1.018
Gyro: -1.373 1.678 -1.007
Accel: 0.042 0.036 1.018
Gyro: -1.098 2.304 -1.205
Accel: 0.039 0.038 1.014
Gyro: 0.518 2.502 -1.068
Accel: 0.035 0.038 1.012
Gyro: 0.122 2.685 0.747
Accel: 0.032 0.037 1.0010
Gyro: 0.610 2.136 0.427
Accel: 0.031 0.034 1.007
Gyro: 0.869 1.419 0.427
Accel: 0.032 0.032 1.007
Gyro: 1.083 0.808 0.656
Accel: 0.030 0.037 1.0010
Gyro: 1.571 0.289 0.747
Accel: 0.027 0.033 1.0010
Gyro: 2.059 0.152 0.778
Accel: 0.028 0.031 1.0010
Gyro: 2.349 0.366 0.747
Accel: 0.029 0.031 1.011
Gyro: 2.639 0.564 0.854
Accel: 0.030 0.030 1.011
Gyro: 2.792 0.747 0.793
Accel: 0.032 0.028 1.011
Gyro: 2.639 0.930 0.335
Accel: 0.032 0.028 1.014
Gyro: 2.334 0.885 0.122
Accel: 0.034 0.027 1.014
Gyro: 1.907 -1.083 0.534
Accel: 0.038 0.025 1.017
Gyro: 1.770 -1.068 0.457
Accel: 0.039 0.026 1.021
Gyro: 1.663 0.762 0.381
Accel: 0.040 0.030 1.024
Gyro: 1.602 0.442 0.396
Accel: 0.040 0.030 1.024
Gyro: 1.052 0.228 0.259
Accel: 0.042 0.030 1.023
Gyro: 0.671 0.213 0.320
Accel: 0.047 0.025 1.019
Gyro: 0.030 0.259 0.320
Accel: 0.047 0.024 1.020
Gyro: 0.579 1.281 0.610
Accel: 0.043 0.027 1.018
Gyro: -1.022 2.151 1.068
Accel: 0.042 0.030 1.020
Gyro: -1.037 2.670 1.266
Accel: 0.045 0.029 1.019
Gyro: 0.686 3.585 1.190
Accel: 0.045 0.030 1.018
Gyro: 0.366 5.096 1.174
Accel: 0.043 0.034 1.019
Gyro: 0.198 6.500 1.266
Accel: 0.040 0.035 1.018
Gyro: 0.076 7.186 1.159
Accel: 0.039 0.037 1.013
Gyro: 0.030 6.713 0.839
Accel: 0.039 0.037 1.007
Gyro: 0.0000 6.072 0.396
Accel: 0.040 0.028 1.003
Gyro: 0.274 6.362 0.122
Accel: 0.038 0.031 1.002
Gyro: 0.366 6.515 0.137
Accel: 0.031 0.037 1.003
Gyro: 0.442 6.240 0.396
Accel: 0.031 0.038 1.002
Gyro: 0.549 5.065 0.320
Accel: 0.029 0.037 0.995
Gyro: 0.656 3.707 0.183
Accel: 0.029 0.036 0.995
Gyro: -1.159 2.731 0.320
Accel: 0.025 0.035 0.994
Gyro: -1.220 1.770 0.610
Accel: 0.026 0.040 0.996
Gyro: -1.251 0.686 0.717
Accel: 0.029 0.039 0.997
Gyro: -1.129 0.518 0.534
Accel: 0.031 0.036 0.994
Gyro: -1.159 -1.342 0.259
Accel: 0.030 0.035 0.996
Gyro: -1.098 -1.586 0.091
Accel: 0.027 0.038 0.997
Gyro: 0.793 -1.831 0.167
Accel: 0.026 0.035 0.997
Gyro: 0.610 -1.663 0.381
Accel: 0.025 0.032 0.998
Gyro: 0.503 0.930 0.366
Accel: 0.028 0.031 0.998
Gyro: 0.732 0.488 0.411
Accel: 0.026 0.034 0.999
Gyro: 0.976 0.228 0.473
Accel: 0.027 0.034 0.998
Gyro: -1.052 0.335 0.442
Accel: 0.028 0.034 0.995
Gyro: -1.281 0.473 0.366
Accel: 0.028 0.035 0.993
Gyro: -1.586 0.488 0.335
Accel: 0.027 0.037 0.991
Gyro: -1.892 0.457 0.274
Accel: 0.026 0.038 0.992
Gyro: -2.395 0.717 0.183
Accel: 0.028 0.035 0.987
Gyro: -3.158 0.854 0.137
Accel: 0.028 0.030 0.983
Gyro: -3.982 -1.205 0.091
