Accel: 0.101 0.087 0.978
Gyro: 7.583 4.699 1.220
Accel: 0.101 0.081 0.978
Gyro: 5.889 5.935 1.296
Accel: 0.094 0.078 0.985
Gyro: 4.501 6.530 0.762
Accel: 0.087 0.072 0.991
Gyro: 3.250 6.973 0.122
Accel: 0.082 0.065 0.992
Gyro: 2.548 6.851 0.823
Accel: 0.073 0.057 0.999
Gyro: 1.876 5.615 -1.663
Accel: 0.071 0.069 0.992
Gyro: 1.220 5.081 -1.892
Accel: 0.070 0.067 0.991
Gyro: 0.656 4.806 -1.815
Accel: 0.073 0.066 0.992
Gyro: 0.244 4.348 -1.113
Accel: 0.077 0.067 0.997
Gyro: 0.244 4.562 0.686
Accel: 0.083 0.068 1.0000
Gyro: 0.305 5.004 0.488
Accel: 0.083 0.070 1.009
Gyro: 0.396 5.538 0.610
Accel: 0.086 0.067 1.014
Gyro: 0.289 5.508 -1.022
Accel: 0.090 0.055 1.022
Gyro: 0.534 5.371 -1.144
Accel: 0.091 0.054 1.030
Gyro: 1.388 5.310 -1.556
Accel: 0.084 0.054 1.040
Gyro: 2.334 4.959 -1.739
Accel: 0.075 0.124 1.040
Gyro: 3.250 4.302 -1.480
Accel: 0.066 0.068 1.037
Gyro: 3.890 3.402 0.366
Accel: 0.058 0.069 1.033
Gyro: 3.784 2.532 0.976
Accel: 0.048 0.072 1.031
Gyro: 3.875 0.976 2.243
Accel: 0.042 0.073 1.032
Gyro: 3.509 0.854 3.097
Accel: 0.045 0.073 1.036
Gyro: 3.387 -2.090 3.494
Accel: 0.052 0.063 1.037
Gyro: 3.479 -2.975 3.784
Accel: 0.062 0.057 1.039
Gyro: 4.394 -3.463 3.616
Accel: 0.072 0.054 1.039
Gyro: 6.408 -3.295 2.777
Accel: 0.075 0.048 1.035
Gyro: 8.636 -2.410 1.251
Accel: 0.073 0.044 1.027
Gyro: 10.757 -1.831 0.259
Accel: 0.068 0.044 1.022
Gyro: 12.466 -1.556 0.030
Accel: 0.063 0.062 1.017
Gyro: 13.381 -1.602 0.305
Accel: 0.056 0.076 1.009
Gyro: 13.519 -1.266 0.473
Accel: 0.052 0.085 1.0000
Gyro: 12.832 0.656 0.305
Accel: 0.054 0.086 0.992
Gyro: 7.812 -1.052 0.289
Accel: 0.061 0.086 0.988
Gyro: 10.147 -1.602 1.159
Accel: 0.067 0.094 0.982
Gyro: 9.475 -1.754 1.815
Accel: 0.078 0.106 0.980
Gyro: 9.109 -1.159 2.593
Accel: 0.086 0.117 0.973
Gyro: 8.712 0.244 3.387
Accel: 0.093 0.116 0.962
Gyro: 7.751 1.708 4.150
Accel: 0.097 0.096 0.950
Gyro: 6.439 7.720 4.470
Accel: 0.097 0.087 0.944
Gyro: 4.943 6.591 3.692
Accel: 0.092 0.076 0.950
Gyro: 2.731 8.575 1.632
Accel: 0.069 0.079 0.962
Gyro: 0.518 8.132 0.396
Accel: 0.045 0.079 0.973
Gyro: -4.104 6.256 -2.029
Accel: 0.015 0.099 0.987
Gyro: -7.400 3.631 -2.090
Accel: 0.012 0.102 0.995
Gyro: -9.475 0.747 0.930
Accel: 0.021 0.093 1.008
Gyro: -9.506 -1.312 0.900
Accel: 0.006 0.080 1.017
Gyro: -8.621 -1.831 2.182
Accel: 0.025 0.066 1.018
Gyro: -6.927 -2.426 2.990
Accel: 0.055 0.055 1.019
Gyro: -5.126 -2.304 2.929
Accel: 0.079 0.050 1.017
Gyro: -3.463 -1.373 2.288
Accel: 0.095 0.045 1.012
Gyro: -1.663 0.259 1.449
Accel: 0.102 0.049 1.008
Gyro: 0.045 1.785 0.778
Accel: 0.098 0.052 1.007
Gyro: 1.541 3.372 0.061
Accel: 0.084 0.054 1.008
Gyro: 2.777 4.302 0.183
Accel: 0.064 0.058 1.013
Gyro: 3.616 3.799 0.198
Accel: 0.052 0.068 1.018
Gyro: 4.531 2.746 0.747
Accel: 0.047 0.071 1.018
Gyro: 5.310 1.663 1.113
Accel: 0.053 0.066 1.016
Gyro: 6.027 0.488 1.464
Accel: 0.066 0.063 1.0010
Gyro: 6.225 -1.037 1.281
Accel: 0.079 0.056 1.008
Gyro: 6.103 -2.960 1.312
Accel: 0.084 0.062 1.006
Gyro: 5.416 -4.913 1.388
Accel: 0.085 0.073 1.005
Gyro: 3.936 -6.042 1.068
Accel: 0.081 0.086 1.006
Gyro: 2.441 -6.744 0.762
Accel: 0.073 0.087 1.0010
Gyro: 0.946 -6.835 0.854
Accel: 0.067 0.087 1.013
Gyro: 0.152 -6.515 1.144
Accel: 0.062 0.086 1.018
Gyro: 0.183 -5.889 1.159
Accel: 0.055 0.077 1.022
Gyro: 0.961 -5.538 1.022
Accel: 0.051 0.069 1.023
Gyro: 2.410 -5.233 1.052
Accel: 0.053 0.067 1.019
Gyro: 3.982 -4.608 0.961
Accel: 0.060 0.066 1.014
Gyro: 5.691 -3.631 0.854
Accel: 0.064 0.067 1.008
Gyro: 7.369 -2.548 0.610
Accel: 0.065 0.069 1.006
Gyro: 8.850 -1.083 0.213
Accel: 0.066 0.073 1.002
Gyro: 9.918 0.213 0.198
Accel: 0.063 0.076 1.0000
Gyro: 10.711 1.266 0.503
Accel: 0.064 0.081 0.998
Gyro: 11.352 2.075 0.686
Accel: 0.061 0.086 0.998
Gyro: 11.505 3.021 0.686
Accel: 0.061 0.086 0.995
Gyro: 11.703 3.936 0.549
Accel: 0.066 0.086 0.996
Gyro: 11.505 4.302 0.656
Accel: 0.069 0.086 0.994
Gyro: 10.864 5.035 0.732
Accel: 0.071 0.094 0.990
Gyro: 9.979 5.340 -1.159
Accel: 0.072 0.098 0.988
Gyro: 8.560 5.905 -1.907
Accel: 0.071 0.099 0.985
Gyro: 6.912 6.225 -2.731
Accel: 0.0000 0.096 0.981
Gyro: 4.928 6.820 -3.295
Accel: 0.056 0.0100 0.983
Gyro: 3.295 7.034 -3.524
Accel: 0.055 0.098 0.988
Gyro: 1.495 6.790 -3.707
Accel: 0.051 0.099 0.994
Gyro: 0.152 6.622 -3.952
Accel: 0.047 0.0100 1.062
Gyro: 0.671 6.271 -3.936
Accel: 0.043 0.097 1.007
Gyro: -1.296 5.691 -3.662
Accel: 0.041 0.098 1.008
Gyro: -1.602 4.837 -3.173
Accel: 0.034 0.093 1.008
Gyro: -2.014 4.028 -2.609
Accel: 0.037 0.093 1.006
Gyro: -2.441 3.158 -2.456
Accel: 0.039 0.089 1.002
Gyro: -3.189 2.853 -2.380
Accel: 0.043 0.089 0.998
Gyro: -3.616 3.189 -2.517
Accel: 0.047 0.090 0.993
Gyro: -3.479 7.766 -2.746
Accel: 0.052 0.089 0.991
Gyro: -2.929 4.898 -2.883
Accel: 0.045 0.093 0.992
Gyro: -2.166 6.286 -2.914
Accel: 0.042 0.097 0.992
Gyro: -1.281 8.468 -3.143
Accel: 0.041 0.097 0.994
Gyro: 0.656 10.162 -3.402
Accel: 0.040 0.0100 0.990
Gyro: 0.320 11.444 -3.219
Accel: 0.039 0.099 0.991
Gyro: 0.167 12.0100 -3.036
Accel: 0.033 0.105 0.992
Gyro: 0.671 12.649 -2.868
Accel: 0.029 0.109 0.991
Gyro: 0.869 12.557 -2.746
Accel: 0.029 0.105 0.987
Gyro: 0.640 12.435 -2.548
Accel: 0.025 0.114 0.984
Gyro: 0.778 11.795 -2.410
Accel: 0.020 0.109 0.985
Gyro: 1.037 10.910 -1.953
Accel: 0.034 0.113 0.966
Gyro: 0.976 10.330 -1.495
Accel: 0.024 0.110 0.988
Gyro: 0.732 10.223 -1.174
Accel: 0.019 0.109 0.982
Gyro: 0.488 9.887 0.732
Accel: 0.014 0.111 0.985
Gyro: 0.244 9.613 0.427
Accel: 0.014 0.113 0.984
Gyro: 0.503 8.972 0.137
Accel: 0.0010 0.113 0.990
Gyro: -1.129 7.568 0.152
Accel: 0.017 0.128 0.993
Gyro: -1.876 6.164 0.976
Accel: 0.008 0.107 0.989
Gyro: -1.861 4.409 2.059
Accel: 0.012 0.105 0.997
Gyro: -2.548 4.104 2.471
Accel: 0.012 0.108 0.997
Gyro: -3.387 3.616 2.609
Accel: 0.007 0.106 1.003
Gyro: -3.555 2.334 3.082
Accel: 0.0000 0.105 1.008
Gyro: -3.524 1.205 3.845
Accel: 0.0001 0.105 1.012
Gyro: -3.234 0.595 4.272
Accel: 0.004 0.101 1.018
Gyro: -2.349 0.122 4.318
Accel: 0.008 0.097 1.021
Gyro: -1.342 0.061 4.394
Accel: 0.006 0.096 1.026
Gyro: 0.350 0.289 4.699
Accel: 0.006 0.096 1.033
Gyro: 1.968 0.335 5.294
Accel: 0.006 0.0100 1.037
Gyro: 3.784 0.625 5.767
Accel: 0.007 0.105 1.038
Gyro: 5.264 0.610 5.935
Accel: 0.008 0.109 1.036
Gyro: 6.286 0.366 6.011
Accel: 0.008 0.113 1.033
Gyro: 7.507 0.396 6.103
Accel: 0.003 0.118 1.035
Gyro: 8.514 0.747 6.561
Accel: 0.062 0.118 1.035
Gyro: 9.750 0.915 6.973
Accel: 0.005 0.115 1.033
Gyro: 10.696 0.961 7.080
Accel: 0.004 0.116 1.032
Gyro: 11.520 0.747 7.003
Accel: 0.005 0.120 1.030
Gyro: 12.207 0.289 7.461
Accel: 0.012 0.128 1.026
Gyro: 12.710 0.137 8.0010
Accel: 0.020 0.154 1.020
Gyro: 12.878 -3.906 8.712
Accel: 0.004 0.078 0.639
Gyro: 45.593 14.419 0.045
Accel: 0.003 0.115 0.644
Gyro: 41.656 13.946 0.381
Accel: 0.016 0.136 0.648
Gyro: 35.263 14.709 0.732
Accel: 0.012 0.142 0.658
Gyro: 28.198 15.701 1.678
Accel: 0.003 0.138 0.669
Gyro: 21.041 15.792 2.975
Accel: 0.020 0.129 0.676
Gyro: 14.663 15.441 4.974
Accel: 0.032 0.127 0.678
Gyro: 9.765 14.862 7.156
Accel: 0.043 0.137 0.682
Gyro: 5.203 14.251 9.140
Accel: 0.040 0.161 0.696
Gyro: 1.083 13.519 10.589
Accel: 0.028 0.196 0.712
Gyro: -3.250 13.244 11.169
Accel: 0.019 0.220 0.728
Gyro: -7.629 13.015 10.925
Accel: 0.0010 0.227 0.740
Gyro: -12.512 12.786 10.406
Accel: 0.008 0.221 0.756
Gyro: -17.196 11.489 9.704
Accel: 0.015 0.208 0.773
Gyro: -21.682 9.124 8.880
Accel: 0.014 0.197 0.791
Gyro: -25.238 6.317 8.056
Accel: 0.012 0.176 0.807
Gyro: -27.969 3.829 7.019
Accel: 0.003 0.155 0.821
Gyro: -29.510 2.090 5.920
Accel: 0.002 0.137 0.834
Gyro: -29.785 1.739 4.730
Accel: 0.011 0.118 0.840
Gyro: -28.610 1.098 3.677
Accel: 0.021 0.106 0.848
Gyro: -26.580 0.167 3.311
Accel: 0.033 0.114 0.866
Gyro: -24.353 0.640 2.883
Accel: 0.029 0.121 0.885
Gyro: -22.583 -1.403 2.212
Accel: 0.015 0.121 0.905
Gyro: -20.889 -1.510 0.488
Accel: 0.002 0.115 0.924
Gyro: -18.661 -2.670 -2.273
Accel: 0.008 0.110 0.952
Gyro: -15.914 -4.806 -5.661
Accel: 0.0010 0.111 0.983
Gyro: -13.412 -6.072 -9.033
Accel: 0.008 0.108 1.0001
Gyro: -11.428 -5.264 -11.993
Accel: 0.003 0.085 1.009
Gyro: -9.216 -2.792 -13.656
Accel: 0.003 0.058 1.013
Gyro: -7.156 0.869 -14.587
Accel: 0.012 0.044 1.017
Gyro: -4.837 0.411 -14.923
Accel: 0.014 0.045 1.032
Gyro: -3.112 0.900 -15.289
Accel: 0.017 0.059 1.048
Gyro: -1.907 1.434 -15.441
Accel: 0.026 0.065 1.062
Gyro: -1.693 1.968 -15.014
Accel: 0.018 0.059 1.075
Gyro: -2.365 2.426 -14.236
Accel: 0.062 0.046 1.088
Gyro: -4.638 2.563 -13.198
Accel: 0.014 0.035 1.106
Gyro: -7.415 1.983 -12.863
Accel: 0.014 0.028 1.121
Gyro: -10.192 1.007 -13.488
Accel: 0.005 0.018 1.133
Gyro: -11.917 0.305 -14.633
Accel: 0.009 0.006 1.142
Gyro: -12.832 0.823 -15.151
Accel: 0.023 0.004 1.143
Gyro: -12.649 3.875 -14.328
Accel: 0.031 0.011 1.144
Gyro: -11.550 1.434 -12.359
Accel: 0.030 0.023 1.144
Gyro: -10.589 2.685 -10.086
Accel: 0.012 0.028 1.139
Gyro: -9.765 3.540 -8.178
Accel: 0.003 0.029 1.132
Gyro: -8.911 4.104 -7.293
Accel: 0.007 0.030 1.128
Gyro: -8.255 3.601 -6.927
Accel: 0.0000 0.036 1.124
Gyro: -7.781 2.563 -7.019
Accel: 0.013 0.038 1.125
Gyro: -6.927 0.946 -7.522
Accel: 0.019 0.031 1.124
Gyro: -5.493 0.335 -8.407
Accel: 0.018 0.020 1.118
Gyro: -3.601 -1.068 -9.216
Accel: 0.016 0.011 1.108
Gyro: -1.449 -1.647 -9.994
Accel: 0.018 0.0000 1.098
Gyro: 0.930 -2.090 -10.162
Accel: 0.021 0.011 1.086
Gyro: 3.906 -2.151 -9.628
Accel: 0.020 0.021 1.076
Gyro: 7.263 -2.502 -8.941
Accel: 0.015 0.032 1.071
Gyro: 10.375 -3.051 -8.422
Accel: 0.018 0.032 1.066
Gyro: 12.634 -4.150 -8.087
Accel: 0.029 0.034 1.0000
Gyro: 14.419 -5.157 -7.934
Accel: 0.035 0.034 1.055
Gyro: 15.808 -5.966 -8.285
Accel: 0.036 0.036 1.054
Gyro: 16.830 -6.607 -9.048
Accel: 0.043 0.042 1.052
Gyro: 18.005 -7.293 -9.750
Accel: 0.043 0.046 1.043
Gyro: 19.378 -7.904 -9.811
Accel: 0.045 0.052 1.037
Gyro: 20.843 -8.209 -9.384
Accel: 0.044 0.055 1.028
Gyro: 22.003 -8.285 -8.575
Accel: 0.040 0.058 1.018
Gyro: 22.399 -8.056 -3.952
Accel: 0.038 0.060 1.009
Gyro: 22.155 -7.431 -7.064
Accel: 0.039 0.068 0.999
Gyro: 21.575 -6.622 -6.332
Accel: 0.041 0.073 0.988
Gyro: 20.568 -5.752 -5.538
Accel: 0.043 0.083 0.980
Gyro: 19.287 -4.745 -5.004
Accel: 0.044 0.089 0.973
Gyro: 18.051 -3.601 -4.226
Accel: 0.046 0.092 0.967
Gyro: 16.860 -2.349 -3.601
Accel: 0.046 0.096 0.964
Gyro: 15.457 -2.151 -2.944
Accel: 0.038 0.099 0.966
Gyro: 13.702 -2.380 -2.777
Accel: 0.042 0.110 0.968
Gyro: 12.161 -2.593 -2.563
Accel: 0.035 0.113 0.966
Gyro: 10.681 -1.876 -2.471
Accel: 0.028 0.108 0.961
Gyro: 9.246 0.427 -2.670
Accel: 0.024 0.107 0.961
Gyro: 8.087 1.495 -3.463
Accel: 0.028 0.0100 0.964
Gyro: 6.698 3.509 -4.013
Accel: 0.037 0.097 0.968
Gyro: 5.706 4.898 -3.646
Accel: 0.037 0.098 0.972
Gyro: 5.218 5.508 -2.487
Accel: 0.030 0.097 0.977
Gyro: 5.203 5.828 -1.144
Accel: 0.025 0.099 0.981
Gyro: 5.584 6.103 0.015
Accel: 0.022 0.0100 0.983
Gyro: 6.149 6.088 0.686
Accel: 0.021 0.106 0.989
Gyro: 7.049 5.859 1.220
Accel: 0.020 0.109 0.985
Gyro: 8.224 5.462 1.586
Accel: 0.024 0.110 0.981
Gyro: 9.613 5.020 1.953
Accel: 0.028 0.108 0.977
Gyro: 10.925 4.653 2.227
Accel: 0.032 0.107 0.972
Gyro: 11.825 4.211 2.639
Accel: 0.031 0.113 0.970
Gyro: 13.031 3.128 2.746
Accel: 0.024 0.116 0.972
Gyro: 14.968 1.922 2.441
Accel: 0.024 0.118 0.973
Gyro: 17.044 0.549 2.166
Accel: 0.026 0.114 0.973
Gyro: 18.768 0.900 1.846
Accel: 0.030 0.118 0.973
Gyro: 20.294 -2.349 1.739
Accel: 0.034 0.122 0.971
Gyro: 21.224 -3.692 1.785
Accel: 0.035 0.125 0.968
Gyro: 21.621 -4.547 1.800
Accel: 0.036 0.132 0.965
Gyro: 21.301 -5.508 1.785
Accel: 0.038 0.142 0.962
Gyro: 20.248 -6.011 1.831
Accel: 0.038 0.151 0.955
Gyro: 18.859 -6.683 1.556
Accel: 0.038 0.161 0.953
Gyro: 17.105 -7.293 0.854
Accel: 0.037 0.166 0.953
Gyro: 14.556 -7.614 0.122
Accel: 0.040 0.173 0.956
Gyro: 11.337 -7.934 0.457
Accel: 0.037 0.175 0.958
Gyro: 7.949 -8.178 -1.266
Accel: 0.035 0.168 0.962
Gyro: 4.516 -8.285 -1.937
Accel: 0.030 0.162 0.963
Gyro: 1.312 -8.239 -2.212
Accel: 0.025 0.164 0.965
Gyro: -2.075 -7.766 -2.349
Accel: 0.016 0.172 0.977
Gyro: -4.776 -7.278 -2.532
Accel: 0.0010 0.182 0.997
Gyro: -7.507 -6.881 -2.761
Accel: 0.0001 0.182 1.013
Gyro: -10.299 -6.576 -3.051
Accel: 0.002 0.183 1.023
Gyro: -12.924 -6.027 -3.570
Accel: 0.006 0.182 1.031
Gyro: -15.213 -5.111 -4.211
Accel: 0.0010 0.176 1.039
Gyro: -17.150 -3.662 -4.898
Accel: 0.014 0.166 1.047
Gyro: -19.012 -2.212 -5.538
Accel: 0.015 0.154 1.054
Gyro: -20.797 0.610 -5.950
Accel: 0.013 0.135 1.059
Gyro: -22.018 0.732 -5.554
Accel: 0.0010 0.119 1.062
Gyro: -22.186 2.120 -4.943
Accel: 0.008 0.115 1.070
Gyro: -20.828 3.555 -3.997
Accel: 0.006 0.124 1.084
Gyro: -18.447 5.218 -3.112
Accel: 0.009 0.158 1.109
Gyro: -16.006 6.195 -2.548
Accel: 0.023 0.203 1.143
Gyro: -14.785 5.538 -2.273
Accel: 0.026 0.235 1.171
Gyro: -15.487 2.426 -2.243
Accel: 0.018 0.237 1.189
Gyro: -17.745 -2.838 -2.624
Accel: 0.0000 0.212 1.191
Gyro: -20.034 -8.911 -3.311
Accel: 0.016 0.172 1.189
Gyro: -21.667 -13.198 -3.463
Accel: 0.0010 0.147 1.188
Gyro: -22.583 -14.984 -3.036
Accel: 0.004 0.133 1.196
Gyro: -23.025 -15.701 -2.243
Accel: 0.012 0.127 1.213
Gyro: -23.834 -16.342 -1.235
Accel: 0.030 0.143 1.239
Gyro: -25.863 -16.754 0.885
Accel: 0.038 0.161 1.269
Gyro: -28.121 -16.860 -1.495
Accel: 0.036 0.161 1.289
Gyro: -30.868 -16.632 -2.029
Accel: 0.029 0.123 1.291
Gyro: -32.470 -15.655 -1.998
Accel: 0.020 0.069 1.282
Gyro: -31.463 -13.580 -1.144
Accel: 0.016 0.029 1.271
Gyro: -27.145 -10.848 0.350
Accel: 0.013 0.015 1.266
Gyro: -20.782 -7.095 1.953
Accel: 0.007 0.033 1.268
Gyro: -13.580 -2.792 3.967
Accel: 0.003 0.056 1.264
Gyro: -6.774 1.831 5.996
Accel: 0.005 0.052 1.240
Gyro: 3.341 7.308 7.919
Accel: 0.009 0.033 1.205
Gyro: 11.260 12.390 9.689
Accel: 0.004 0.007 1.156
Gyro: 16.204 16.632 11.184
Accel: 0.0000 0.004 1.106
Gyro: 25.543 19.500 12.710
Accel: 0.004 0.0000 1.063
Gyro: 34.118 20.462 13.458
Accel: 0.0000 0.020 1.033
Gyro: 40.390 20.004 13.153
Accel: 0.0000 0.046 1.005
Gyro: 43.853 19.393 12.145
Accel: 0.007 0.059 0.975
Gyro: 45.471 19.760 11.062
Accel: 0.0010 0.053 0.936
Gyro: 46.295 21.209 10.452
Accel: 0.0010 0.041 0.898
Gyro: 46.539 21.850 9.826
Accel: 0.012 0.045 0.872
Gyro: 45.654 20.751 8.743
Accel: 0.017 0.077 0.861
Gyro: 42.587 17.562 6.591
Accel: 0.017 0.116 0.857
Gyro: 36.636 13.671 3.417
Accel: 0.0000 0.131 0.850
Gyro: 28.045 9.765 0.045
Accel: 0.0010 0.116 0.830
Gyro: 18.630 6.835 -2.609
Accel: 0.023 0.090 0.810
Gyro: 10.742 0.213 -4.653
Accel: 0.033 0.080 0.796
Gyro: 6.439 0.488 -6.103
Accel: 0.035 0.090 0.814
Gyro: 3.402 -2.655 -6.988
Accel: 0.024 0.183 0.848
Gyro: 0.228 -5.020 -7.247
Accel: 0.059 0.171 0.882
Gyro: -5.081 -6.225 -7.476
Accel: 0.009 0.201 0.902
Gyro: -10.635 -7.141 -7.629
Accel: 0.004 0.192 0.913
Gyro: -15.502 -8.514 -7.690
Accel: 0.0001 0.159 0.914
Gyro: -19.165 -9.246 -7.766
Accel: 0.005 0.123 0.909
Gyro: -20.690 -9.582 -7.568
Accel: 0.015 0.112 0.915
Gyro: -19.866 -9.399 -6.546
Accel: 0.033 0.156 0.950
Gyro: -16.708 -8.514 -5.096
Accel: 0.036 0.229 1.0001
Gyro: -13.183 -6.530 -4.272
Accel: 0.044 0.278 1.045
Gyro: -10.940 -3.601 -3.845
Accel: 0.064 0.277 1.069
Gyro: -9.857 -1.815 -3.189
Accel: 0.072 0.226 1.070
Gyro: -8.773 -1.281 -1.846
Accel: 0.051 0.159 1.060
Gyro: -7.369 -1.190 0.366
Accel: 0.028 0.115 1.048
Gyro: -5.050 -1.831 1.022
Accel: 0.013 0.126 1.124
Gyro: -2.975 -3.646 2.044
Accel: 0.006 0.164 1.082
Gyro: -1.617 -6.027 2.288
Accel: 0.025 0.177 1.094
Gyro: -1.785 -8.697 1.419
Accel: 0.037 0.141 1.094
Gyro: -3.112 -11.016 0.335
Accel: 0.033 0.073 1.078
Gyro: -4.013 -13.397 -2.838
Accel: 0.022 0.007 1.055
Gyro: -3.753 -15.411 -5.661
Accel: 0.011 0.031 1.039
Gyro: -2.166 -16.586 -8.071
Accel: 0.004 0.020 1.046
Gyro: 0.167 -15.930 -9.658
Accel: 0.025 0.022 1.069
Gyro: 0.717 -13.793 -9.933
Accel: 0.038 0.044 1.083
Gyro: 0.701 -11.505 -8.575
Accel: 0.028 0.023 1.078
Gyro: 0.595 -7.766 -6.179
Accel: 0.013 0.020 1.062
Gyro: -1.266 -4.577 -3.768
Accel: 0.003 0.063 1.041
Gyro: 0.274 -2.410 -1.693
Accel: 0.002 0.061 1.032
Gyro: 1.937 0.701 0.366
Accel: 0.009 0.015 1.037
Gyro: 3.799 0.778 0.259
Accel: 0.012 0.040 1.046
Gyro: 3.707 1.861 -1.495
Accel: 0.013 0.094 1.056
Gyro: 1.693 2.975 -7.614
Accel: 0.031 0.136 1.068
Gyro: -2.593 2.548 -6.179
Accel: 0.045 0.157 1.080
Gyro: -8.361 0.610 -8.132
Accel: 0.040 0.137 1.086
Gyro: -14.953 0.686 -9.750
Accel: 0.041 0.107 1.106
Gyro: -20.950 -1.266 -9.536
Accel: 0.053 0.077 1.134
Gyro: -25.299 -2.075 -8.361
Accel: 0.049 0.044 1.159
Gyro: -28.503 -4.013 -7.202
Accel: 0.048 0.029 1.180
Gyro: -31.280 -6.042 -6.317
Accel: 0.035 0.018 1.199
Gyro: -34.210 -7.553 -5.615
Accel: 0.005 0.009 1.213
Gyro: -38.177 -7.934 -6.301
Accel: 0.026 0.008 1.214
Gyro: -41.900 -8.102 -9.155
Accel: 0.020 0.015 1.198
Gyro: -42.404 -8.758 -13.214
Accel: 0.062 0.021 1.176
Gyro: -38.299 -8.819 -15.808
Accel: 0.014 0.035 1.146
Gyro: -28.762 -7.598 -15.731
Accel: 0.029 0.074 1.119
Gyro: -14.739 -6.301 -13.870
Accel: 0.0000 0.099 1.078
Gyro: 1.007 -3.494 -11.672
Accel: 0.032 0.075 1.030
Gyro: 16.098 0.671 -10.681
Accel: 0.045 0.036 0.982
Gyro: 27.496 4.119 -11.062
Accel: 0.028 0.014 0.951
Gyro: 35.324 6.439 -11.779
Accel: 0.060 0.024 0.935
Gyro: 37.796 8.499 -12.207
Accel: 0.040 0.042 0.920
Gyro: 36.468 9.338 -12.619
Accel: 0.058 0.052 0.895
Gyro: 33.416 10.086 -12.405
Accel: 0.048 0.034 0.864
Gyro: 30.242 11.657 -12.130
Accel: 0.030 0.015 0.838
Gyro: 26.672 12.924 -10.818
Accel: 0.012 0.017 0.826
Gyro: 22.933 13.336 -8.590
Accel: 0.002 0.015 0.818
Gyro: 19.851 12.451 -6.240
Accel: 0.003 0.012 0.823
Gyro: 16.784 11.413 -4.196
Accel: 0.008 0.0010 0.835
Gyro: 12.969 11.627 -3.189
Accel: 0.034 0.002 0.846
Gyro: 8.438 12.390 -3.051
Accel: 0.054 0.020 0.850
Gyro: 4.745 12.817 -3.036
Accel: 0.057 0.035 0.845
Gyro: 2.578 12.847 -2.258
Accel: 0.051 0.028 0.835
Gyro: 2.120 13.061 -1.098
Accel: 0.039 0.006 0.834
Gyro: 3.372 13.427 0.778
Accel: 0.018 0.052 0.837
Gyro: 5.325 14.495 2.563
Accel: 0.008 0.091 0.846
Gyro: 8.239 14.831 3.982
Accel: 0.006 0.116 0.848
Gyro: 11.276 13.809 4.409
Accel: 0.031 0.108 0.847
Gyro: 13.198 13.809 4.486
Accel: 0.026 0.061 0.833
Gyro: 14.602 14.556 5.203
Accel: 0.006 0.004 0.817
Gyro: 16.128 16.021 6.988
Accel: 0.020 0.020 0.819
Gyro: 16.494 17.883 9.368
Accel: 0.051 0.008 0.829
Gyro: 15.319 19.531 15.441
Accel: 0.077 0.032 0.838
Gyro: 12.939 19.760 13.565
Accel: 0.074 0.094 0.844
Gyro: 11.383 17.898 15.274
Accel: 0.047 0.144 0.844
Gyro: 11.962 15.762 15.914
Accel: 0.011 0.151 0.830
Gyro: 14.404 13.717 15.472
Accel: 0.004 0.131 0.816
Gyro: 17.623 11.032 15.090
Accel: 0.0010 0.125 0.824
Gyro: 20.111 7.629 14.160
Accel: 0.0000 0.126 0.836
Gyro: 20.843 5.142 12.390
Accel: 0.021 0.130 0.841
Gyro: 21.057 2.716 10.482
Accel: 0.033 0.138 0.842
Gyro: 21.972 0.839 7.797
Accel: 0.042 0.139 0.840
Gyro: 27.160 0.228 4.791
Accel: 0.053 0.137 0.832
Gyro: 24.902 0.061 2.456
Accel: 0.055 0.150 0.822
Gyro: 26.214 0.259 0.350
Accel: 0.057 0.176 0.818
Gyro: 26.153 0.701 -1.678
Accel: 0.061 0.207 0.817
Gyro: 23.986 0.823 -3.417
Accel: 0.069 0.217 0.818
Gyro: 20.645 1.419 -3.738
Accel: 0.072 0.198 0.750
Gyro: 16.555 1.983 -2.593
Accel: 0.067 0.191 0.807
Gyro: 12.588 3.494 -1.678
Accel: 0.070 0.210 0.812
Gyro: 8.575 6.393 -1.632
Accel: 0.092 0.248 0.823
Gyro: 4.837 9.323 -1.617
Accel: 0.101 0.266 0.829
Gyro: 1.785 11.688 -1.922
Accel: 0.108 0.260 0.822
Gyro: 0.503 12.847 -2.502
Accel: 0.107 0.246 0.820
Gyro: -3.112 13.122 -2.975
Accel: 0.108 0.228 0.811
Gyro: -5.752 12.390 -2.899
Accel: 0.098 0.208 0.808
Gyro: -9.094 11.184 -2.166
Accel: 0.090 0.195 0.807
Gyro: -13.244 9.536 0.823
Accel: 0.080 0.208 0.819
Gyro: -18.646 8.331 0.335
Accel: 0.087 0.233 0.842
Gyro: -24.810 7.461 0.610
Accel: 0.099 0.247 0.864
Gyro: -29.724 5.722 -1.312
Accel: 0.093 0.236 0.873
Gyro: -32.394 4.653 -1.373
Accel: 0.073 0.217 0.812
Gyro: -32.943 4.653 -1.266
Accel: 0.067 0.212 0.882
Gyro: -31.723 4.577 -2.120
Accel: 0.071 0.194 0.895
Gyro: -29.464 3.860 -3.250
Accel: 0.079 0.145 0.895
Gyro: -26.596 1.632 -2.929
Accel: 0.085 0.103 0.881
Gyro: -23.254 -1.953 -1.327
Accel: 0.067 0.101 0.869
Gyro: -20.660 -5.950 0.350
Accel: 0.046 0.144 0.879
Gyro: -20.446 -9.140 0.350
Accel: 0.028 0.192 0.893
Gyro: -23.101 -10.482 0.885
Accel: 0.024 0.202 0.881
Gyro: -25.634 -10.986 0.488
Accel: 0.027 0.177 0.848
Gyro: -25.329 -11.810 0.915
Accel: 0.045 0.146 0.818
Gyro: -21.316 -12.023 2.273
Accel: 0.062 0.160 0.804
Gyro: -14.846 -11.489 0.808
Accel: 0.048 0.162 0.802
Gyro: -7.232 -7.614 -2.899
Accel: 0.064 0.093 0.770
Gyro: 1.037 -3.509 -4.180
Accel: 0.077 0.035 0.746
Gyro: 9.307 -1.724 -3.112
Accel: 0.0100 0.028 0.737
Gyro: 14.343 -2.319 -1.190
Accel: 0.118 0.079 0.725
Gyro: 16.281 -6.179 1.739
Accel: 0.092 0.150 0.701
Gyro: 14.297 -10.177 4.364
Accel: 0.044 0.194 0.627
Gyro: 11.337 -15.045 6.164
Accel: 0.005 0.196 0.530
Gyro: 10.299 -23.117 6.698
Accel: 0.041 0.163 0.434
Gyro: 9.460 -30.853 5.477
Accel: 0.027 0.097 0.321
Gyro: 8.041 -34.713 -3.616
Accel: 0.095 0.0000 0.148
Gyro: 13.046 -36.682 -8.560
Accel: 0.186 0.058 0.038
Gyro: 22.384 -35.217 -17.425
Accel: 0.036 0.017 0.0001
Gyro: 27.725 -34.866 -19.363
Accel: 0.040 0.024 0.043
Gyro: 34.042 -32.180 -19.958
Accel: 0.009 0.021 0.031
Gyro: 39.215 -28.976 -20.462
Accel: 0.003 0.018 0.052
Gyro: 43.319 -26.046 -20.996
Accel: 0.006 0.020 0.021
Gyro: 46.661 -23.132 -21.575
Accel: 0.013 0.015 0.033
Gyro: 48.995 -20.599 -22.125
Accel: 0.007 0.014 0.031
Gyro: 50.979 -18.142 -22.613
Accel: 0.012 0.012 0.042
Gyro: 52.291 -15.533 -23.147
Accel: 0.007 0.011 0.049
Gyro: 53.176 -13.107 -23.605
Accel: 0.007 0.0010 0.051
Gyro: 53.848 -10.620 -24.063
Accel: 0.003 0.006 0.055
Gyro: 54.077 -8.285 -24.551
Accel: 0.004 0.008 0.056
Gyro: 54.183 -5.676 -25.177
Accel: 0.0001 0.006 0.059
Gyro: 53.985 -3.555 -25.451
Accel: 0.003 0.006 0.057
Gyro: 53.451 -1.007 -25.939
Accel: 0.004 0.005 0.059
Gyro: 52.825 1.068 -26.397
Accel: 0.003 0.004 0.061
Gyro: 51.986 3.204 -26.809
Accel: 0.006 0.005 0.064
Gyro: 46.951 5.401 -27.221
Accel: 0.004 0.004 0.067
Gyro: 49.514 11.474 -27.923
Accel: 0.007 0.005 0.070
Gyro: 47.988 9.902 -28.350
Accel: 0.007 0.005 0.071
Gyro: 46.401 12.115 -28.793
Accel: 0.004 0.002 0.073
Gyro: 44.815 14.236 -29.296
Accel: 0.005 0.003 0.074
Gyro: 42.922 16.189 -29.891
Accel: 0.005 0.003 0.080
Gyro: 41.213 18.066 -30.059
Accel: 0.006 0.003 0.082
Gyro: 39.642 20.050 -30.380
Accel: 0.006 0.006 0.085
Gyro: 38.009 22.033 -30.441
Accel: 0.004 0.007 0.088
Gyro: 36.849 24.093 -30.364
Accel: 0.007 0.008 0.092
Gyro: 35.858 25.878 -30.258
Accel: 0.008 0.0010 0.095
Gyro: 35.110 27.923 -29.861
Accel: 0.007 0.0010 0.0100
Gyro: 34.652 29.754 -29.373
Accel: 0.009 0.013 0.103
Gyro: 34.744 31.631 -28.869
Accel: 0.008 0.014 0.108
Gyro: 35.339 33.264 -27.999
Accel: 0.0010 0.017 0.114
Gyro: 36.239 35.202 -27.297
Accel: 0.008 0.017 0.121
Gyro: 37.414 36.621 -26.229
Accel: 0.0010 0.016 0.126
Gyro: 38.253 38.558 -25.955
Accel: 0.009 0.019 0.131
Gyro: 40.588 40.008 -25.390
Accel: 0.012 0.022 0.135
Gyro: 42.678 41.351 -24.032
Accel: 0.014 0.049 0.155
Gyro: 44.540 43.334 -21.881
Accel: 0.002 0.019 0.119
Gyro: 44.296 43.548 -27.084
Accel: 0.905 2.886 4.189
Gyro: -499.969 88.577 -17.211
Accel: 0.447 1.121 0.053
Gyro: -499.969 8.056 -49.484
Accel: -7.999 -3.801 7.999
Gyro: -499.969 -392.227 0.122
Accel: 0.416 0.436 6.787
Gyro: -3.631 -259.750 34.912
Accel: 0.120 0.175 0.769
Gyro: -54.565 -287.139 35.934
Accel: 0.155 0.349 0.122
Gyro: -18.966 -235.931 35.232
Accel: 1.165 0.094 3.995
Gyro: 139.358 -87.646 -23.361
Accel: 1.387 0.071 2.065
Gyro: 152.816 10.726 -90.362
Accel: 1.152 0.280 1.676
Gyro: 112.411 110.076 -113.311
Accel: 0.270 0.268 1.602
Gyro: 7.705 164.611 -73.028
Accel: -1.552 0.154 2.467
Gyro: -59.204 163.024 28.213
Accel: -1.195 0.547 2.062
Gyro: -79.406 102.920 96.298
Accel: 0.373 0.0100 1.758
Gyro: -109.939 70.724 99.197
Accel: 0.417 0.368 1.491
Gyro: -115.539 78.872 71.014
Accel: 0.563 0.559 1.415
Gyro: -91.629 67.825 48.797
Accel: 0.364 0.504 1.238
Gyro: -57.617 42.007 27.236
Accel: 0.164 0.624 1.150
Gyro: -22.262 5.020 11.795
Accel: 0.019 0.498 0.960
Gyro: -2.075 -17.639 3.814
Accel: 0.062 0.385 0.828
Gyro: 8.224 -24.993 -1.510
Accel: 0.017 0.348 0.853
Gyro: 8.193 -26.077 -11.505
Accel: 0.069 0.352 0.913
Gyro: 9.826 -26.687 -11.474
Accel: 0.144 0.358 1.071
Gyro: 16.876 -29.464 -7.522
Accel: 0.236 0.395 1.210
Gyro: 29.373 -38.803 2.319
Accel: 0.280 0.406 1.247
Gyro: 37.918 -45.516 9.323
Accel: 0.275 0.414 1.242
Gyro: 27.908 -59.478 6.622
Accel: 0.114 0.382 1.265
Gyro: 29.693 -49.362 5.661
Accel: 0.017 0.333 1.240
Gyro: 30.578 -24.887 4.470
Accel: 0.015 0.290 1.234
Gyro: 28.106 -7.095 4.135
Accel: 0.020 0.268 1.260
Gyro: 24.902 -3.982 6.301
Accel: 0.037 0.234 1.257
Gyro: 21.469 -11.672 10.803
Accel: 0.053 0.125 1.191
Gyro: 18.188 -15.411 15.701
Accel: 0.064 0.137 1.287
Gyro: 16.311 -13.885 18.661
Accel: 0.055 0.115 1.329
Gyro: 16.372 -16.265 17.898
Accel: 0.042 0.109 1.342
Gyro: 14.877 -19.226 14.617
Accel: 0.046 0.115 1.324
Gyro: 12.283 -20.690 10.284
Accel: 0.050 0.118 1.312
Gyro: 7.263 -21.438 7.293
Accel: 0.059 0.113 1.304
Gyro: 3.402 -21.148 5.477
Accel: 0.062 0.124 1.295
Gyro: 2.410 -19.210 4.928
Accel: 0.057 0.138 1.289
Gyro: 3.097 -14.602 4.867
Accel: 0.058 0.147 1.283
Gyro: 3.555 -7.156 4.241
Accel: 0.051 0.158 1.277
Gyro: 4.119 -2.029 3.509
Accel: 0.044 0.155 1.242
Gyro: 4.135 0.640 3.646
Accel: 0.053 0.127 1.206
Gyro: 2.853 2.227 5.203
Accel: 0.061 0.106 1.200
Gyro: 1.983 3.463 7.446
Accel: 0.058 0.089 1.208
Gyro: 0.793 3.860 9.201
Accel: 0.042 0.088 1.203
Gyro: 0.381 7.781 9.811
Accel: 0.023 0.099 1.189
Gyro: -1.754 3.677 10.025
Accel: 0.005 0.108 1.157
Gyro: -3.143 2.288 10.253
Accel: 0.0001 0.115 1.136
Gyro: -3.616 0.305 10.375
Accel: 0.061 0.122 1.127
Gyro: -2.120 -1.983 9.719
Accel: 0.008 0.139 1.112
Gyro: 0.823 -3.738 7.980
Accel: 0.002 0.157 1.105
Gyro: 3.860 -5.279 5.493
Accel: 0.0001 0.167 1.094
Gyro: 6.347 -6.195 2.822
Accel: 0.0001 0.166 1.087
Gyro: 8.941 -5.477 0.915
Accel: 0.008 0.156 1.095
Gyro: 11.489 -4.043 0.427
Accel: 0.014 0.136 1.097
Gyro: 13.565 -2.593 -1.663
Accel: 0.060 0.093 1.103
Gyro: 14.450 -2.105 -2.487
Accel: 0.029 0.045 0.906
Gyro: 36.392 -34.286 -4.135
Accel: 0.032 0.151 0.962
Gyro: 16.784 -14.785 -2.914
Accel: 0.020 0.0001 1.083
Gyro: 8.651 -4.714 -1.586
Accel: 0.038 0.013 1.230
Gyro: 6.927 -3.173 -3.036
Accel: 0.034 0.041 1.130
Gyro: 2.304 -1.922 -2.243
Accel: 0.035 0.034 1.149
Gyro: -2.563 1.022 1.922
Accel: 0.097 0.008 0.979
Gyro: 6.042 -12.435 6.805
Accel: 0.008 0.114 1.135
Gyro: -3.280 4.409 14.190
Accel: 0.050 0.0010 1.219
Gyro: -6.713 17.822 15.258
Accel: 0.008 0.002 1.233
Gyro: -7.781 17.730 13.015
Accel: 0.0001 0.020 1.140
Gyro: -7.827 11.367 11.901
Accel: 0.032 0.008 1.039
Gyro: -10.833 8.407 11.474
Accel: 0.051 0.023 1.028
Gyro: -10.986 5.752 10.314
Accel: 0.076 0.049 1.046
Gyro: -7.034 3.906 8.071
Accel: 0.124 0.081 1.072
Gyro: 0.305 1.876 5.859
Accel: 0.284 0.096 1.019
Gyro: 0.946 9.399 6.530
Accel: 0.125 0.049 1.068
Gyro: -5.096 15.625 2.258
Accel: 0.036 0.075 1.120
Gyro: -6.546 17.379 2.182
Accel: 0.0000 0.073 1.042
Gyro: -3.936 12.496 5.661
Accel: 0.004 0.107 0.953
Gyro: -1.510 7.598 6.942
Accel: 0.004 0.247 0.969
Gyro: 1.358 6.027 7.431
Accel: 0.007 0.225 1.038
Gyro: 8.834 5.844 7.553
Accel: 0.021 0.196 1.076
Gyro: 16.876 7.980 8.087
Accel: 0.061 0.167 1.081
Gyro: 20.538 11.352 10.375
Accel: 0.071 0.171 1.039
Gyro: 26.596 4.699 19.180
Accel: 0.094 0.134 0.959
Gyro: 28.045 -1.419 21.759
Accel: 0.034 0.071 1.047
Gyro: 24.154 2.197 23.773
Accel: 0.035 0.0010 1.147
Gyro: 24.047 19.134 19.424
Accel: 0.052 0.017 1.300
Gyro: 20.248 22.155 17.593
Accel: 0.061 0.0000 1.239
Gyro: 12.069 21.697 23.254
Accel: 0.031 0.052 1.286
Gyro: 5.081 19.668 27.145
Accel: 0.0001 0.027 1.250
Gyro: -2.029 27.893 26.855
Accel: 0.004 0.0010 1.279
Gyro: -8.071 35.385 19.851
Accel: 0.018 0.026 1.276
Gyro: -10.772 36.376 9.796
Accel: 0.096 0.002 1.239
Gyro: -13.381 33.569 0.869
Accel: 0.133 0.014 1.202
Gyro: -15.151 23.757 -2.761
Accel: 0.117 0.020 1.168
Gyro: -13.488 20.507 -2.700
Accel: 0.091 0.025 1.129
Gyro: -7.446 18.508 -2.838
Accel: 0.067 0.024 1.062
Gyro: 1.846 22.628 -4.241
Accel: 0.041 0.026 1.032
Gyro: 10.589 31.677 -9.841
Accel: 0.009 0.093 1.021
Gyro: 14.877 44.631 -13.717
Accel: 0.055 0.047 1.029
Gyro: 19.638 54.824 -12.969
Accel: 0.095 0.020 1.054
Gyro: 17.883 63.064 -7.080
Accel: 0.125 0.018 1.089
Gyro: 11.032 61.721 -4.837
Accel: 0.144 0.051 1.135
Gyro: 2.929 53.039 -6.958
Accel: 0.156 0.086 1.151
Gyro: -6.134 41.778 -12.115
Accel: 0.137 0.070 1.123
Gyro: -14.648 32.363 -18.386
Accel: 0.118 0.062 1.129
Gyro: -23.239 28.930 -20.385
Accel: 0.154 0.085 1.159
Gyro: -27.481 25.955 -17.364
Accel: 0.181 0.113 1.150
Gyro: -26.809 20.965 -18.127
Accel: 0.187 0.165 1.169
Gyro: -25.817 17.898 -22.003
Accel: 0.196 0.201 1.156
Gyro: -17.807 4.776 -23.788
Accel: 0.215 0.247 1.171
Gyro: -10.574 3.433 -23.727
Accel: 0.207 0.208 1.135
Gyro: -1.174 -1.647 -22.155
Accel: 0.175 0.149 1.103
Gyro: 6.057 -4.272 -17.715
Accel: 0.141 0.080 1.088
Gyro: 11.535 -2.258 -11.856
Accel: 0.118 0.042 1.090
Gyro: 9.689 -2.212 -7.888
Accel: 0.108 0.050 1.116
Gyro: 12.420 -3.997 -5.981
Accel: 0.120 0.106 1.142
Gyro: 16.387 -8.361 -3.692
Accel: 0.147 0.161 1.163
Gyro: 23.956 -15.960 -2.792
Accel: 0.163 0.197 1.174
Gyro: 31.768 -24.688 -4.425
Accel: 0.162 0.205 1.171
Gyro: 40.359 -32.348 -7.003
Accel: 0.130 0.162 1.138
Gyro: 46.340 -36.819 -10.055
Accel: 0.088 0.092 1.092
Gyro: 48.965 -39.077 -12.542
Accel: 0.056 0.036 1.037
Gyro: 47.271 -39.062 -13.595
Accel: 0.050 0.004 0.972
Gyro: 43.579 -39.276 -12.542
Accel: 0.052 0.009 0.933
Gyro: 35.522 -35.491 -8.834
Accel: 0.049 0.008 0.896
Gyro: 26.779 -32.989 -2.380
Accel: 0.040 0.0001 0.885
Gyro: 18.920 -27.420 2.304
Accel: 0.038 0.004 0.869
Gyro: 8.087 -28.289 4.623
Accel: 0.033 0.003 0.858
Gyro: 5.050 -19.989 6.225
Accel: 0.028 0.009 0.844
Gyro: -1.937 -17.089 7.156
Accel: 0.026 0.012 0.827
Gyro: -7.659 -10.192 8.285
Accel: 0.022 0.019 0.810
Gyro: -12.741 -3.799 9.826
Accel: 0.022 0.044 0.800
Gyro: -17.745 2.304 12.252
Accel: 0.027 0.064 0.783
Gyro: -20.828 4.623 19.485
Accel: 0.030 0.078 0.787
Gyro: -22.491 4.913 17.761
Accel: 0.035 0.079 0.787
Gyro: -22.171 2.899 18.112
Accel: 0.038 0.081 0.792
Gyro: -21.026 0.244 16.937
Accel: 0.037 0.073 0.795
Gyro: -15.655 -3.494 14.724
Accel: 0.033 0.069 0.799
Gyro: -18.310 -6.057 12.176
Accel: 0.031 0.061 0.799
Gyro: -17.288 -7.995 9.796
Accel: 0.020 0.054 0.802
Gyro: -17.044 -9.628 8.743
Accel: 0.017 0.035 0.806
Gyro: -16.159 -12.847 7.675
Accel: 0.012 0.014 0.815
Gyro: -14.297 -17.303 5.050
Accel: 0.0010 0.008 0.823
Gyro: -12.512 -21.774 0.869
Accel: 0.011 0.015 0.838
Gyro: -10.940 -24.475 -3.631
Accel: 0.013 0.007 0.857
Gyro: -9.902 -24.581 -6.805
Accel: 0.006 0.007 0.882
Gyro: -7.949 -22.781 -8.270
Accel: 0.0000 0.023 0.910
Gyro: -4.089 -19.454 -9.475
Accel: 0.0001 0.043 0.932
Gyro: 1.464 -16.189 -10.192
Accel: 0.017 0.069 0.949
Gyro: 7.049 -12.664 -10.253
Accel: 0.035 0.075 0.963
Gyro: 11.611 -7.751 -10.726
Accel: 0.047 0.070 0.974
Gyro: 15.075 -3.463 -11.932
Accel: 0.051 0.065 0.983
Gyro: 17.486 0.732 -12.420
Accel: 0.042 0.058 0.992
Gyro: 18.478 4.302 -11.093
Accel: 0.037 0.053 0.997
Gyro: 19.256 6.072 -8.636
Accel: 0.028 0.058 1.012
Gyro: 19.943 7.186 -5.447
Accel: 0.024 0.068 1.023
Gyro: 21.316 6.820 -2.868
Accel: 0.028 0.075 1.033
Gyro: 23.178 5.599 -1.586
Accel: 0.036 0.080 1.036
Gyro: 24.215 4.257 -2.029
Accel: 0.045 0.087 1.032
Gyro: 24.856 1.678 -2.731
Accel: 0.052 0.095 1.020
Gyro: 24.536 0.701 -2.365
Accel: 0.043 0.080 1.0010
Gyro: 23.941 -3.616 -1.266
Accel: 0.023 0.060 1.0001
Gyro: 22.644 -6.378 0.381
Accel: 0.004 0.034 0.994
Gyro: 21.636 -9.582 1.296
Accel: 0.006 0.021 0.994
Gyro: 20.507 -12.680 1.327
Accel: 0.009 0.018 0.997
Gyro: 19.714 -14.831 0.350
Accel: 0.007 0.023 0.994
Gyro: 19.332 -17.333 0.610
Accel: 0.006 0.029 0.990
Gyro: 18.905 -19.088 -1.251
Accel: 0.007 0.031 0.981
Gyro: 18.951 -20.904 -1.266
Accel: 0.007 0.034 0.966
Gyro: 18.432 -22.430 0.625
Accel: 0.0010 0.015 0.947
Gyro: 16.601 -23.757 0.686
Accel: 0.0010 0.0010 0.929
Gyro: 12.741 -25.161 -1.449
Accel: 0.017 0.041 0.911
Gyro: 7.904 -26.687 -3.326
Accel: 0.021 0.062 0.903
Gyro: 2.151 -27.542 -7.034
Accel: 0.023 0.060 0.901
Gyro: -4.028 -27.160 -10.498
Accel: 0.029 0.059 0.902
Gyro: -9.017 -25.619 -12.985
Accel: 0.037 0.058 0.908
Gyro: -12.908 -23.300 -15.045
Accel: 0.030 0.043 0.917
Gyro: -15.151 -20.599 -16.525
Accel: 0.026 0.027 0.923
Gyro: -16.143 -17.318 -16.448
Accel: 0.027 0.028 0.922
Gyro: -16.036 -14.556 -15.014
Accel: 0.032 0.026 0.924
Gyro: -14.709 -11.993 -13.290
Accel: 0.029 0.019 0.923
Gyro: -12.939 -9.796 -11.062
Accel: 0.028 0.0010 0.923
Gyro: -11.093 -4.089 -8.300
Accel: 0.032 0.014 0.928
Gyro: -9.017 -5.538 -6.423
Accel: 0.037 0.013 0.944
Gyro: -5.950 -2.822 -5.996
Accel: 0.040 0.003 0.952
Gyro: -1.861 0.076 -5.981
Accel: 0.034 0.013 0.958
Gyro: 2.868 2.288 -5.661
Accel: 0.023 0.019 0.960
Gyro: 7.873 3.784 -5.371
Accel: 0.020 0.0001 0.957
Gyro: 12.420 4.898 -5.889
Accel: 0.023 0.013 0.950
Gyro: 16.662 5.462 -6.820
Accel: 0.026 0.025 0.938
Gyro: 19.973 6.042 -7.278
Accel: 0.030 0.030 0.928
Gyro: 22.705 6.210 -7.049
Accel: 0.030 0.031 0.916
Gyro: 24.612 6.011 -5.706
Accel: 0.031 0.039 0.907
Gyro: 25.009 5.477 -3.723
Accel: 0.035 0.054 0.901
Gyro: 24.246 3.921 -1.510
Accel: 0.045 0.082 0.902
Gyro: 22.033 2.105 0.0000
Accel: 0.052 0.105 0.903
Gyro: 18.325 0.534 0.335
Accel: 0.049 0.108 0.904
Gyro: 13.580 0.579 0.030
Accel: 0.044 0.102 0.907
Gyro: 9.658 -2.059 0.549
Accel: 0.043 0.097 0.907
Gyro: 6.256 -3.494 0.503
Accel: 0.046 0.084 0.908
Gyro: 4.165 -4.974 0.122
Accel: 0.047 0.081 0.904
Gyro: 2.685 -6.134 0.976
Accel: 0.053 0.090 0.906
Gyro: 1.541 -6.851 1.022
Accel: 0.058 0.098 0.906
Gyro: 0.259 -7.064 0.030
Accel: 0.063 0.099 0.909
Gyro: 0.839 -6.423 -1.419
Accel: 0.069 0.099 0.909
Gyro: -1.678 -5.783 -2.777
Accel: 0.070 0.095 0.917
Gyro: -1.892 -5.096 -4.333
Accel: 0.065 0.088 0.925
Gyro: -1.541 -4.196 -6.027
Accel: 0.053 0.070 0.930
Gyro: 0.503 -2.838 -7.507
Accel: 0.041 0.062 0.934
Gyro: 0.701 0.976 -8.666
Accel: 0.031 0.071 0.965
Gyro: 0.839 0.427 -8.682
Accel: 0.081 0.092 0.986
Gyro: -1.312 -4.180 -6.195
Accel: 0.148 0.133 0.978
Gyro: -4.425 -8.438 0.747
Accel: 0.139 0.153 0.989
Gyro: -7.965 -12.664 6.713
Accel: 0.098 0.172 0.975
Gyro: -11.932 -14.572 13.854
Accel: 0.043 0.161 0.988
Gyro: -16.326 -14.938 20.065
Accel: 0.024 0.140 1.005
Gyro: -20.355 -17.181 23.361
Accel: 0.056 0.112 1.019
Gyro: -24.093 -18.737 22.842
Accel: 0.071 0.080 0.982
Gyro: -25.161 -12.557 20.492
Accel: 0.095 0.059 0.956
Gyro: -23.162 0.961 17.807
Accel: 0.091 0.043 0.959
Gyro: -21.621 14.617 14.114
Accel: 0.069 0.042 1.043
Gyro: -19.348 15.853 7.843
Accel: 0.0010 0.121 1.094
Gyro: -18.951 17.868 11.657
Accel: 0.078 0.103 1.183
Gyro: -20.187 8.438 13.504
Accel: 0.0001 0.093 1.186
Gyro: -20.065 0.122 17.974
Accel: 0.014 0.080 1.188
Gyro: -17.929 -7.232 20.324
Accel: 0.038 0.050 1.207
Gyro: -15.106 -13.610 20.782
Accel: 0.081 0.021 1.208
Gyro: -11.352 -18.722 18.890
Accel: 0.112 0.006 1.193
Gyro: -7.095 -15.686 15.502
Accel: 0.128 0.011 1.179
Gyro: -1.937 -17.227 12.115
Accel: 0.119 0.011 1.172
Gyro: 3.311 -7.873 9.033
Accel: 0.104 0.011 1.174
Gyro: 9.307 0.625 7.263
Accel: 0.088 0.0000 1.180
Gyro: 16.265 1.510 6.591
Accel: 0.071 0.018 1.189
Gyro: 23.178 5.966 5.935
Accel: 0.038 0.028 1.202
Gyro: 29.479 7.827 5.096
Accel: 0.0010 0.011 1.202
Gyro: 36.224 7.431 4.440
Accel: 0.008 0.0010 1.193
Gyro: 43.807 5.737 3.967
Accel: 0.0000 0.018 1.164
Gyro: 51.849 5.172 4.135
Accel: 0.017 0.019 1.127
Gyro: 59.326 6.057 5.249
Accel: 0.033 0.022 1.081
Gyro: 67.031 8.117 5.462
Accel: 0.050 0.028 1.038
Gyro: 72.860 10.513 5.172
Accel: 0.054 0.043 0.993
Gyro: 76.034 13.229 5.218
Accel: 0.057 0.074 0.950
Gyro: 76.492 14.755 4.669
Accel: 0.057 0.110 0.914
Gyro: 73.867 15.884 3.494
Accel: 0.056 0.133 0.885
Gyro: 68.145 16.479 1.403
Accel: 0.058 0.146 0.859
Gyro: 60.424 16.357 0.473
Accel: 0.032 0.158 0.841
Gyro: 52.505 14.709 -1.159
Accel: 0.019 0.175 0.825
Gyro: 42.587 11.581 -1.037
Accel: 0.016 0.180 0.810
Gyro: 27.862 8.987 0.778
Accel: 0.017 0.188 0.807
Gyro: 21.408 6.027 -1.739
Accel: 0.020 0.181 0.814
Gyro: 11.276 3.860 -2.685
Accel: 0.023 0.172 0.816
Gyro: 2.243 2.029 -3.555
Accel: 0.034 0.161 0.819
Gyro: -5.050 1.144 -4.486
Accel: 0.040 0.148 0.825
Gyro: -10.360 0.991 -4.837
Accel: 0.045 0.143 0.834
Gyro: -14.816 1.312 -4.608
Accel: 0.048 0.138 0.841
Gyro: -18.402 2.609 -4.501
Accel: 0.051 0.129 0.851
Gyro: -21.759 4.241 -5.004
Accel: 0.050 0.118 0.858
Gyro: -24.612 5.249 -5.157
Accel: 0.045 0.122 0.871
Gyro: -26.657 6.149 -5.096
