Accel: 0.038 0.085 0.989
Gyro: 0.015 3.448 -1.663
Accel: 0.033 0.090 0.984
Gyro: 0.091 2.166 -1.815
Accel: 0.028 0.090 0.987
Gyro: 0.259 1.358 -1.678
Accel: 0.030 0.086 0.989
Gyro: 0.640 0.671 -1.724
Accel: 0.030 0.088 0.993
Gyro: 0.762 0.152 -1.831
Accel: 0.026 0.084 0.996
Gyro: 0.961 0.381 -1.632
Accel: 0.030 0.082 1.0000
Gyro: -1.083 0.793 -1.419
Accel: 0.032 0.080 1.002
Gyro: -1.098 1.388 -1.266
Accel: 0.035 0.078 1.004
Gyro: -1.098 1.708 -1.342
Accel: 0.037 0.081 1.005
Gyro: 0.900 1.678 -1.327
Accel: 0.035 0.082 0.999
Gyro: 0.503 1.602 -1.205
Accel: 0.032 0.085 0.998
Gyro: 0.610 1.388 -1.098
Accel: 0.026 0.085 0.996
Gyro: 0.976 1.235 0.686
Accel: 0.028 0.085 0.998
Gyro: -1.632 1.358 0.274
Accel: 0.033 0.086 0.998
Gyro: -2.273 1.678 0.061
Accel: 0.036 0.088 1.0000
Gyro: -2.670 1.770 0.091
Accel: 0.035 0.095 1.003
Gyro: -3.067 1.266 0.320
Accel: 0.035 0.091 1.005
Gyro: -3.250 1.083 0.350
Accel: 0.039 0.090 1.003
Gyro: -3.372 1.068 0.350
Accel: 0.037 0.087 1.006
Gyro: -3.219 1.022 0.396
Accel: 0.036 0.088 1.007
Gyro: -2.838 1.144 0.396
Accel: 0.034 0.089 1.007
Gyro: -2.273 1.678 0.442
Accel: 0.036 0.089 1.007
Gyro: -1.800 2.075 0.381
Accel: 0.034 0.088 1.007
Gyro: -1.174 1.617 0.366
Accel: 0.035 0.090 1.003
Gyro: 0.793 0.503 0.473
Accel: 0.028 0.091 1.004
Gyro: 0.762 0.106 0.732
Accel: 0.031 0.089 1.005
Gyro: 0.686 0.381 0.930
Accel: 0.032 0.088 1.007
Gyro: 0.701 0.671 1.022
Accel: 0.031 0.085 1.005
Gyro: 0.228 -1.296 1.052
Accel: 0.034 0.088 1.009
Gyro: 0.564 -2.319 1.037
Accel: 0.029 0.087 1.007
Gyro: 0.930 -2.838 0.991
Accel: 0.025 0.081 1.008
Gyro: 1.129 -1.876 0.808
Accel: 0.030 0.080 1.015
Gyro: 1.586 0.442 0.930
Accel: 0.030 0.078 1.014
Gyro: 1.739 0.839 1.129
Accel: 0.032 0.074 1.012
Gyro: 1.800 1.602 1.174
Accel: 0.032 0.076 1.011
Gyro: 1.647 2.441 1.449
Accel: 0.032 0.079 1.011
Gyro: 1.525 2.716 1.724
Accel: 0.033 0.078 1.009
Gyro: 1.281 2.349 1.663
Accel: 0.035 0.079 1.0010
Gyro: 1.586 1.251 1.464
Accel: 0.035 0.073 1.007
Gyro: 1.831 0.091 1.205
Accel: 0.034 0.071 1.002
Gyro: 1.602 -1.174 0.915
Accel: 0.032 0.071 1.003
Gyro: 1.907 -1.800 0.839
Accel: 0.029 0.070 0.993
Gyro: 1.373 -1.647 0.885
Accel: 0.035 0.082 1.013
Gyro: 1.647 -1.403 0.625
Accel: 0.031 0.082 1.014
Gyro: 1.281 0.640 0.503
Accel: 0.033 0.082 1.020
Gyro: 1.464 0.686 0.442
Accel: 0.041 0.079 1.023
Gyro: 1.434 1.846 0.045
Accel: 0.041 0.075 1.020
Gyro: 1.266 3.372 0.152
Accel: 0.037 0.075 1.018
Gyro: 1.037 4.928 0.274
Accel: 0.041 0.074 1.012
Gyro: 0.885 5.935 0.442
Accel: 0.035 0.073 1.004
Gyro: 0.366 6.362 0.549
Accel: 0.027 0.080 1.0000
Gyro: 0.442 6.591 0.320
Accel: 0.025 0.078 0.996
Gyro: -1.052 6.118 0.259
Accel: 0.021 0.079 0.992
Gyro: -1.480 5.264 0.320
Accel: 0.016 0.079 0.986
Gyro: -2.243 4.547 0.366
Accel: 0.018 0.076 0.991
Gyro: -2.731 3.784 0.366
Accel: 0.017 0.077 0.992
Gyro: -2.517 2.471 0.518
Accel: 0.016 0.081 0.994
Gyro: -2.548 1.434 0.442
Accel: 0.015 0.083 0.992
Gyro: -2.838 0.595 0.381
Accel: 0.015 0.085 0.993
Gyro: -3.250 0.244 0.366
Accel: 0.014 0.087 0.997
Gyro: -2.990 -1.144 0.442
Accel: 0.013 0.086 0.996
Gyro: -2.700 -2.044 0.686
Accel: 0.014 0.085 0.996
Gyro: -2.716 -2.410 0.778
Accel: 0.013 0.088 0.996
Gyro: -2.807 -2.807 0.732
Accel: 0.015 0.084 0.997
Gyro: -3.082 -3.128 0.579
Accel: 0.018 0.084 1.002
Gyro: -2.838 -3.738 0.442
Accel: 0.017 0.083 1.005
Gyro: -2.349 -3.768 0.442
Accel: 0.021 0.087 1.005
Gyro: -2.120 -3.555 0.320
Accel: 0.021 0.086 1.008
Gyro: -1.770 -3.433 0.167
Accel: 0.022 0.090 1.006
Gyro: -1.937 -3.723 0.183
Accel: 0.024 0.092 1.007
Gyro: -1.968 -4.089 0.198
Accel: 0.023 0.094 1.005
Gyro: -1.907 -3.952 0.061
Accel: 0.026 0.091 1.003
Gyro: -1.937 -3.204 0.152
Accel: 0.026 0.086 1.004
Gyro: -2.243 -2.349 0.350
Accel: 0.025 0.088 1.005
Gyro: -2.197 -1.480 0.381
Accel: 0.028 0.090 1.005
Gyro: -2.166 0.930 0.534
Accel: 0.028 0.092 1.008
Gyro: -2.136 0.686 0.564
Accel: 0.026 0.093 1.005
Gyro: -1.968 0.640 0.625
Accel: 0.031 0.096 1.005
Gyro: -1.632 0.976 0.610
Accel: 0.028 0.095 1.005
Gyro: 0.885 -1.831 0.595
Accel: 0.026 0.095 1.005
Gyro: 0.045 -2.670 0.457
Accel: 0.028 0.094 1.004
Gyro: 1.022 -3.311 0.183
Accel: 0.026 0.092 1.004
Gyro: 1.571 -3.448 0.091
Accel: 0.024 0.091 1.005
Gyro: 2.166 -3.219 0.076
Accel: 0.021 0.088 1.005
Gyro: 2.807 -2.792 0.091
Accel: 0.022 0.084 1.0001
Gyro: 3.311 -2.014 0.198
Accel: 0.023 0.084 1.0000
Gyro: 3.494 -1.037 0.198
Accel: 0.023 0.087 1.0001
Gyro: 3.311 0.259 0.030
Accel: 0.027 0.084 1.003
Gyro: 3.097 1.327 0.106
Accel: 0.026 0.081 1.002
Gyro: 2.731 1.281 -3.906
Accel: 0.030 0.079 1.005
Gyro: 2.609 0.854 0.061
Accel: 0.027 0.078 1.004
Gyro: 2.365 0.259 0.076
Accel: 0.027 0.079 1.006
Gyro: 1.983 0.396 0.259
Accel: 0.026 0.079 1.004
Gyro: 1.495 -1.296 0.457
Accel: 0.022 0.074 1.004
Gyro: 0.732 -2.258 0.396
Accel: 0.025 0.079 1.007
Gyro: 0.579 -3.219 0.137
Accel: 0.021 0.085 1.004
Gyro: 0.137 -2.349 0.457
Accel: 0.023 0.084 1.008
Gyro: -1.052 -1.190 0.534
Accel: 0.026 0.082 1.011
Gyro: -1.785 0.228 0.503
Accel: 0.024 0.084 1.0010
Gyro: -2.349 0.717 0.350
Accel: 0.028 0.086 1.0010
Gyro: -2.334 1.220 0.045
Accel: 0.029 0.092 1.0010
Gyro: -2.105 1.464 0.427
Accel: 0.023 0.098 1.0010
Gyro: -2.182 2.212 0.350
Accel: 0.029 0.097 1.014
Gyro: -2.304 2.868 0.473
Accel: 0.030 0.097 1.020
Gyro: -1.739 2.853 0.701
Accel: 0.030 0.098 1.019
Gyro: 0.946 2.456 0.900
Accel: 0.030 0.098 1.018
Gyro: 0.152 1.296 -1.327
Accel: 0.028 0.096 1.013
Gyro: 0.762 0.198 -1.556
Accel: 0.024 0.093 1.009
Gyro: 1.541 -1.693 -1.647
Accel: 0.020 0.090 1.003
Gyro: 1.739 -3.128 -1.556
Accel: 0.018 0.086 1.002
Gyro: 1.953 -4.318 -1.403
Accel: 0.019 0.087 1.0000
Gyro: 2.136 -4.013 -1.022
Accel: 0.015 0.091 1.009
Gyro: 1.998 -2.380 3.829
Accel: 0.022 0.080 1.007
Gyro: 1.586 0.534 0.762
Accel: 0.033 0.083 1.026
Gyro: 1.846 0.427 0.579
Accel: 0.035 0.083 1.026
Gyro: 2.212 2.136 0.396
Accel: 0.036 0.088 1.023
Gyro: 2.410 3.845 0.137
Accel: 0.036 0.084 1.023
Gyro: 2.380 5.538 0.030
Accel: 0.032 0.085 1.027
Gyro: 2.197 6.729 0.289
Accel: 0.026 0.088 1.022
Gyro: 1.937 7.400 0.289
Accel: 0.023 0.091 1.018
Gyro: 1.327 8.117 0.061
Accel: 0.020 0.093 1.014
Gyro: 0.701 8.605 0.152
Accel: 0.018 0.094 1.011
Gyro: 0.289 8.453 0.274
Accel: 0.013 0.095 1.007
Gyro: 0.167 8.239 0.427
Accel: 0.008 0.097 1.005
Gyro: 0.411 7.751 0.488
Accel: 0.007 0.096 0.998
Gyro: 0.671 6.790 0.671
Accel: 0.006 0.090 0.998
Gyro: 0.900 5.386 0.656
Accel: 0.0000 0.090 0.937
Gyro: 0.915 4.379 0.701
Accel: 0.002 0.094 0.999
Gyro: 0.793 3.753 0.808
Accel: 0.009 0.096 1.0000
Gyro: 0.747 2.944 0.778
Accel: 0.006 0.094 1.0001
Gyro: 0.747 2.090 0.488
Accel: 0.012 0.098 1.0000
Gyro: 0.396 0.930 0.259
Accel: 0.158 0.069 0.606
Gyro: 6.729 -4.959 7.843
Accel: 0.145 0.087 0.686
Gyro: 9.368 -8.651 8.514
Accel: 0.126 0.092 0.640
Gyro: 12.313 -12.664 4.257
Accel: 0.124 0.096 0.640
Gyro: 15.075 -16.296 0.244
Accel: 0.062 0.104 0.645
Gyro: 17.700 -18.890 -2.578
Accel: 0.123 0.103 0.659
Gyro: 20.233 -21.255 -3.936
Accel: 0.113 0.092 0.672
Gyro: 21.942 -23.681 -4.867
Accel: 0.097 0.078 0.695
Gyro: 22.552 -25.650 -5.538
Accel: 0.082 0.069 0.722
Gyro: 21.881 -26.550 -6.271
Accel: 0.080 0.070 0.757
Gyro: 21.057 -24.978 -7.843
Accel: 0.086 0.063 0.794
Gyro: 20.339 -21.743 -10.421
Accel: 0.098 0.063 0.818
Gyro: 19.958 -17.898 -12.908
Accel: 0.099 0.084 0.842
Gyro: 20.187 -14.434 -13.854
Accel: 0.082 0.095 0.869
Gyro: 20.492 -13.320 -13.107
Accel: 0.069 0.095 0.897
Gyro: 19.378 -14.343 -10.848
Accel: 0.062 0.094 0.922
Gyro: 18.157 -15.762 -7.720
Accel: 0.048 0.077 0.957
Gyro: 17.135 -17.257 -4.302
Accel: 0.051 0.072 0.986
Gyro: 11.810 -17.272 -1.663
Accel: 0.056 0.081 1.007
Gyro: 14.297 -14.266 0.228
Accel: 0.124 0.098 1.0010
Gyro: 12.664 -8.377 1.846
Accel: 0.072 0.090 1.007
Gyro: 10.040 0.686 3.204
Accel: 0.051 0.099 1.027
Gyro: 6.362 6.484 4.699
Accel: 0.036 0.112 1.063
Gyro: 3.524 11.795 7.019
Accel: 0.049 0.115 1.090
Gyro: 1.632 19.470 8.712
Accel: 0.064 0.122 1.119
Gyro: 0.656 19.119 9.094
Accel: 0.056 0.135 1.148
Gyro: 0.701 21.743 9.704
Accel: 0.041 0.141 1.157
Gyro: 0.198 23.849 11.581
Accel: 0.019 0.145 1.166
Gyro: -1.174 26.718 14.480
Accel: 0.005 0.137 1.163
Gyro: -2.487 30.975 17.639
Accel: 0.002 0.120 1.153
Gyro: -4.074 36.056 20.111
Accel: 0.018 0.098 1.154
Gyro: -5.661 42.892 22.125
Accel: 0.033 0.090 1.157
Gyro: -7.537 40.069 22.583
Accel: 0.049 0.101 1.167
Gyro: -8.422 38.162 22.384
Accel: 0.068 0.126 1.169
Gyro: -8.514 34.988 22.064
Accel: 0.081 0.154 1.178
Gyro: -7.415 30.502 21.362
Accel: 0.091 0.172 1.184
Gyro: -5.630 24.993 20.812
Accel: 0.102 0.175 1.186
Gyro: -4.333 19.805 20.446
Accel: 0.104 0.165 1.180
Gyro: -3.921 14.648 20.584
Accel: 0.102 0.155 1.173
Gyro: -4.562 9.963 20.950
Accel: 0.106 0.149 1.167
Gyro: -5.920 0.518 21.865
Accel: 0.104 0.149 1.169
Gyro: -7.034 -1.556 22.827
Accel: 0.099 0.143 1.161
Gyro: -8.071 -6.271 23.239
Accel: 0.114 0.143 1.169
Gyro: -9.109 -7.980 22.872
Accel: 0.130 0.133 1.181
Gyro: -9.597 -7.797 22.171
Accel: 0.124 0.126 1.197
Gyro: -8.468 -5.722 20.706
Accel: 0.107 0.119 1.213
Gyro: -6.256 -2.243 19.424
Accel: 0.080 0.112 1.222
Gyro: -3.875 1.251 17.837
Accel: 0.069 0.108 1.230
Gyro: -2.105 5.889 16.937
Accel: 0.072 0.117 1.228
Gyro: 0.900 15.014 16.189
Accel: 0.062 0.120 1.222
Gyro: 0.0000 16.311 15.716
Accel: 0.047 0.117 1.220
Gyro: 0.518 20.111 15.533
Accel: 0.026 0.122 1.218
Gyro: 2.090 22.521 15.838
Accel: 0.007 0.126 1.224
Gyro: 4.348 24.536 17.013
Accel: 0.031 0.122 1.222
Gyro: 7.385 26.489 18.112
Accel: 0.030 0.112 1.213
Gyro: 9.689 29.281 19.699
Accel: 0.024 0.0100 1.200
Gyro: 11.0001 33.889 21.011
Accel: 0.029 0.090 1.191
Gyro: 12.390 39.520 21.423
Accel: 0.027 0.073 1.176
Gyro: 13.977 45.700 21.057
Accel: 0.034 0.050 1.162
Gyro: 15.441 52.047 20.080
Accel: 0.054 0.037 1.136
Gyro: 16.723 58.959 18.783
Accel: 0.066 0.028 1.108
Gyro: 16.265 68.145 17.776
Accel: 0.084 0.022 1.070
Gyro: 14.541 79.956 16.738
Accel: 0.101 0.016 1.022
Gyro: 11.611 93.780 15.609
Accel: 0.102 0.013 0.974
Gyro: 8.102 107.101 14.526
Accel: 0.090 0.0010 0.918
Gyro: 4.531 121.932 13.778
Accel: 0.086 0.004 0.862
Gyro: 1.190 135.162 12.466
Accel: 0.081 0.007 0.801
Gyro: -1.525 145.645 11.413
Accel: 0.082 0.018 0.740
Gyro: -4.013 153.671 10.787
Accel: 0.073 0.030 0.693
Gyro: -5.767 158.142 10.803
Accel: 0.035 0.033 0.667
Gyro: -6.011 157.211 11.993
Accel: 0.021 0.020 0.649
Gyro: -5.691 150.238 14.739
Accel: 0.078 0.012 0.624
Gyro: -6.317 136.642 18.096
Accel: 0.129 0.007 0.604
Gyro: -7.431 113.754 21.347
Accel: 0.171 0.004 0.593
Gyro: -8.972 90.621 24.658
Accel: 0.191 0.0010 0.599
Gyro: -10.238 67.962 26.641
Accel: 0.198 0.033 0.607
Gyro: -11.581 40.847 26.245
Accel: 0.206 0.082 0.618
Gyro: -14.450 16.525 23.818
Accel: 0.240 0.111 0.650
Gyro: -17.486 -4.150 20.034
Accel: 0.291 0.105 0.694
Gyro: -19.897 -23.742 14.831
Accel: 0.347 0.085 0.736
Gyro: -21.942 -45.440 9.033
Accel: 0.387 0.060 0.803
Gyro: -22.598 -62.911 3.402
Accel: 0.426 0.053 0.878
Gyro: -16.128 -88.714 0.961
Accel: 0.431 0.052 0.954
Gyro: -14.160 -105.972 -4.302
Accel: 0.413 0.064 1.033
Gyro: -7.186 -126.083 -7.232
Accel: 0.384 0.105 1.082
Gyro: -1.678 -141.159 -8.621
Accel: 0.322 0.122 1.142
Gyro: 1.525 -150.253 -8.682
Accel: 0.253 0.115 1.192
Gyro: 3.723 -153.152 -8.041
Accel: 0.177 0.093 1.234
Gyro: 5.508 -150.726 -7.125
Accel: 0.128 0.086 1.281
Gyro: 6.484 -142.501 -5.081
Accel: 0.090 0.102 1.346
Gyro: 8.712 -125.274 -2.471
Accel: 0.068 0.115 1.399
Gyro: 11.184 -109.558 0.747
Accel: 0.052 0.112 1.433
Gyro: 11.886 -84.396 3.448
Accel: 0.041 0.102 1.444
Gyro: 11.489 -56.823 5.096
Accel: 0.033 0.113 1.431
Gyro: 10.192 -29.327 6.393
Accel: 0.021 0.120 1.392
Gyro: 8.651 -3.463 7.812
Accel: 0.013 0.109 1.343
Gyro: 7.110 16.784 9.368
Accel: 0.019 0.096 1.284
Gyro: 6.103 37.887 10.238
Accel: 0.043 0.0100 1.220
Gyro: 5.279 45.455 10.696
Accel: 0.067 0.098 1.149
Gyro: 4.241 51.910 10.848
Accel: 0.094 0.095 1.076
Gyro: 3.082 53.878 11.367
Accel: 0.129 0.086 1.009
Gyro: 1.068 51.712 11.825
Accel: 0.170 0.071 0.947
Gyro: -2.471 45.989 12.893
Accel: 0.188 0.066 0.890
Gyro: -6.179 38.787 13.534
Accel: 0.181 0.054 0.841
Gyro: -10.803 27.801 13.046
Accel: 0.166 0.057 0.801
Gyro: -16.815 23.117 7.843
Accel: 0.162 0.055 0.788
Gyro: -21.820 12.847 9.475
Accel: 0.151 0.044 0.786
Gyro: -25.314 2.059 6.149
Accel: 0.154 0.038 0.799
Gyro: -27.084 -8.544 2.746
Accel: 0.171 0.039 0.815
Gyro: -26.962 -18.508 0.183
Accel: 0.170 0.048 0.825
Gyro: -26.229 -27.084 -1.831
Accel: 0.149 0.042 0.848
Gyro: -24.917 -34.698 -3.219
Accel: 0.134 0.045 0.853
Gyro: -22.232 -40.695 -4.470
Accel: 0.119 0.052 0.867
Gyro: -18.005 -45.944 -5.950
Accel: 0.108 0.066 0.888
Gyro: -13.977 -50.338 -7.507
Accel: 0.101 0.081 0.901
Gyro: -10.147 -52.673 -8.865
Accel: 0.102 0.090 0.926
Gyro: -6.591 -52.291 -10.009
Accel: 0.114 0.095 0.945
Gyro: -2.883 -49.850 -10.192
Accel: 0.123 0.093 0.970
Gyro: 1.220 -47.058 -8.911
Accel: 0.130 0.098 0.990
Gyro: 5.615 -44.601 -7.446
Accel: 0.129 0.099 1.014
Gyro: 10.620 -42.724 -6.057
Accel: 0.111 0.102 1.034
Gyro: 16.494 -41.534 -5.722
Accel: 0.099 0.096 1.046
Gyro: 21.743 -40.679 -5.569
Accel: 0.081 0.105 1.055
Gyro: 26.214 -38.375 -5.508
Accel: 0.059 0.114 1.060
Gyro: 29.098 -33.615 -5.661
Accel: 0.046 0.118 1.057
Gyro: 30.151 -26.779 -5.752
Accel: 0.038 0.121 1.047
Gyro: 30.151 -18.157 -5.996
Accel: 0.051 0.129 1.030
Gyro: 28.594 -9.796 -6.347
Accel: 0.059 0.131 1.006
Gyro: 24.536 -2.182 -6.668
Accel: 0.072 0.135 0.988
Gyro: 19.714 1.892 -6.729
Accel: 0.077 0.062 0.982
Gyro: 11.978 1.144 -6.805
Accel: 0.068 0.104 0.983
Gyro: 13.397 -5.554 -7.446
Accel: 0.057 0.082 0.989
Gyro: 12.542 -16.448 -8.758
Accel: 0.041 0.074 0.998
Gyro: 12.741 -28.625 -9.582
Accel: 0.028 0.084 1.007
Gyro: 12.512 -37.139 -9.628
Accel: 0.009 0.090 1.021
Gyro: 11.077 -41.900 -9.811
Accel: 0.0001 0.098 1.026
Gyro: 8.255 -42.633 -10.101
Accel: 0.012 0.099 1.023
Gyro: 4.959 -40.557 -9.780
Accel: 0.013 0.086 1.026
Gyro: 1.907 -37.734 -9.109
Accel: 0.044 0.092 1.034
Gyro: 0.396 -35.675 -8.621
Accel: 0.074 0.080 1.067
Gyro: 7.461 -35.614 -9.063
Accel: 0.056 0.073 1.104
Gyro: 9.597 -36.941 -9.628
Accel: 0.032 0.090 1.138
Gyro: 15.640 -35.873 -9.765
Accel: 0.049 0.110 1.165
Gyro: 21.301 -31.921 -10.055
Accel: 0.091 0.126 1.187
Gyro: 27.053 -25.802 -10.406
Accel: 0.116 0.135 1.197
Gyro: 32.257 -18.859 -10.452
Accel: 0.122 0.134 1.196
Gyro: 36.483 -9.506 -10.162
Accel: 0.121 0.122 1.182
Gyro: 39.459 0.686 -10.269
Accel: 0.110 0.098 1.162
Gyro: 41.519 9.475 -10.803
Accel: 0.098 0.0001 1.155
Gyro: 43.167 13.473 -11.871
Accel: 0.095 0.015 1.154
Gyro: 45.455 10.940 -13.977
Accel: 0.058 0.005 1.137
Gyro: 46.661 4.577 -15.106
Accel: 0.044 0.022 1.099
Gyro: 45.028 1.708 -12.496
Accel: 0.114 0.043 1.094
Gyro: 41.839 3.540 -4.257
Accel: 0.109 0.003 1.0000
Gyro: 38.482 6.896 -4.837
Accel: 0.069 0.033 1.026
Gyro: 34.317 9.796 -1.800
Accel: 0.013 0.031 1.022
Gyro: 29.754 10.208 0.289
Accel: 0.027 0.0010 1.039
Gyro: 25.039 8.438 0.488
Accel: 0.077 0.025 1.074
Gyro: 19.973 5.966 -3.173
Accel: 0.097 0.053 1.103
Gyro: 14.938 3.555 -9.078
Accel: 0.093 0.074 1.098
Gyro: 10.925 4.180 -19.195
Accel: 0.081 0.081 1.089
Gyro: 7.293 7.171 -23.788
Accel: 0.055 0.072 1.078
Gyro: 4.577 15.228 -32.180
Accel: 0.032 0.058 1.054
Gyro: 2.670 19.485 -38.589
Accel: 0.016 0.038 1.021
Gyro: -1.083 19.989 -41.564
Accel: 0.020 0.037 0.988
Gyro: -6.179 22.399 -42.846
Accel: 0.033 0.054 0.962
Gyro: -12.145 21.133 -42.739
Accel: 0.054 0.115 0.952
Gyro: -14.648 15.335 -41.091
Accel: 0.070 0.174 0.934
Gyro: -13.885 6.774 -38.925
Accel: 0.078 0.162 0.919
Gyro: -12.115 -2.716 -36.331
Accel: 0.109 0.097 0.913
Gyro: -10.940 -9.536 -34.179
Accel: 0.120 0.032 0.916
Gyro: -11.016 -13.854 -31.738
Accel: 0.116 0.008 0.926
Gyro: -12.084 -14.450 -28.564
Accel: 0.110 0.005 0.928
Gyro: -13.519 -12.863 -25.0100
Accel: 0.086 0.025 0.931
Gyro: -14.221 -10.513 -21.209
Accel: 0.060 0.040 0.932
Gyro: -14.862 -9.307 -16.845
Accel: 0.047 0.041 0.929
Gyro: -14.892 -9.902 -13.626
Accel: 0.045 0.043 0.929
Gyro: -13.763 -11.657 -11.398
Accel: 0.062 0.048 0.932
Gyro: -11.795 -14.144 -11.215
Accel: 0.075 0.027 0.937
Gyro: -9.338 -15.380 -11.428
Accel: 0.080 0.019 0.950
Gyro: -5.935 -14.099 -11.932
Accel: 0.074 0.022 0.948
Gyro: -3.570 -10.696 -13.519
Accel: 0.061 0.017 0.942
Gyro: -2.258 -6.958 -16.296
Accel: 0.047 0.005 0.940
Gyro: -1.693 -4.348 -20.339
Accel: 0.036 0.014 0.928
Gyro: 0.106 -2.716 -24.459
Accel: 0.044 0.052 0.933
Gyro: 3.372 -3.768 -29.724
Accel: 0.069 0.092 0.942
Gyro: 10.177 -7.217 -35.385
Accel: 0.076 0.096 0.927
Gyro: 15.136 -10.406 -40.588
Accel: 0.062 0.050 0.918
Gyro: 17.379 -11.306 -44.326
Accel: 0.038 0.006 0.917
Gyro: 17.150 -10.314 -46.707
Accel: 0.012 0.012 0.918
Gyro: 15.167 -8.453 -47.714
Accel: 0.0001 0.011 0.923
Gyro: 11.581 -7.202 -46.737
Accel: 0.007 0.005 0.927
Gyro: 7.293 -6.210 -44.738
Accel: 0.018 0.008 0.921
Gyro: 2.609 -5.538 -41.778
Accel: 0.011 0.020 0.916
Gyro: -1.296 -4.806 -38.375
Accel: 0.002 0.032 0.929
Gyro: -2.334 -5.859 -35.171
Accel: 0.006 0.041 0.942
Gyro: -1.403 -9.109 -32.501
Accel: 0.0010 0.040 0.948
Gyro: 1.419 -12.939 -29.785
Accel: 0.004 0.036 0.937
Gyro: 4.272 -14.953 -27.084
Accel: 0.004 0.026 0.927
Gyro: 5.935 -14.068 -24.429
Accel: 0.008 0.023 0.921
Gyro: 6.317 -11.672 -22.247
Accel: 0.008 0.014 0.909
Gyro: 4.776 -9.765 -20.263
Accel: 0.018 0.005 0.898
Gyro: 0.915 -9.902 -19.668
Accel: 0.051 0.007 0.909
Gyro: -2.777 -13.458 -19.180
Accel: 0.080 0.004 0.939
Gyro: -3.753 -19.866 -17.883
Accel: 0.102 0.020 0.959
Gyro: -2.243 -25.787 -16.128
Accel: 0.103 0.025 0.962
Gyro: 0.747 -26.779 -14.968
Accel: 0.075 0.020 0.968
Gyro: 0.717 -22.552 -14.419
Accel: 0.059 0.017 0.982
Gyro: -1.800 -15.045 -14.923
Accel: 0.056 0.019 0.985
Gyro: -3.417 -7.064 -16.540
Accel: 0.058 0.031 0.979
Gyro: -5.981 1.312 -18.630
Accel: 0.071 0.030 0.968
Gyro: -8.941 11.260 -20.248
Accel: 0.088 0.023 0.963
Gyro: -11.978 10.757 -20.874
Accel: 0.115 0.031 0.982
Gyro: -12.756 10.467 -20.904
Accel: 0.125 0.042 0.982
Gyro: -11.779 9.597 -20.156
Accel: 0.121 0.031 0.975
Gyro: -10.482 11.550 -20.019
Accel: 0.092 0.024 0.964
Gyro: -9.918 15.792 -19.973
Accel: 0.071 0.020 0.949
Gyro: -9.506 19.943 -19.897
Accel: 0.058 0.021 0.939
Gyro: -10.177 24.291 -19.744
Accel: 0.047 0.023 0.932
Gyro: -11.154 26.245 -19.165
Accel: 0.047 0.020 0.919
Gyro: -12.176 25.772 -18.676
Accel: 0.040 0.004 0.913
Gyro: -12.512 22.842 -18.432
Accel: 0.030 0.003 0.922
Gyro: -11.901 17.196 -18.066
Accel: 0.023 0.0000 0.944
Gyro: -9.262 10.040 -17.501
Accel: 0.019 0.009 0.953
Gyro: -5.569 3.631 -16.616
Accel: 0.020 0.014 0.951
Gyro: -2.380 0.930 -15.289
Accel: 0.030 0.004 0.950
Gyro: 0.061 -4.409 -13.961
Accel: 0.028 0.005 0.960
Gyro: 1.556 -11.352 -12.649
Accel: 0.031 0.015 0.964
Gyro: 3.265 -10.650 -11.810
Accel: 0.041 0.018 0.964
Gyro: 4.928 -13.381 -11.703
Accel: 0.036 0.017 0.974
Gyro: 6.195 -15.808 -11.779
Accel: 0.035 0.008 0.975
Gyro: 6.591 -17.333 -11.505
Accel: 0.041 0.012 0.987
Gyro: 6.942 -17.517 -10.910
Accel: 0.043 0.024 0.997
Gyro: 7.873 -17.196 -10.192
Accel: 0.051 0.027 0.996
Gyro: 7.965 -16.067 -10.421
Accel: 0.050 0.013 1.002
Gyro: 8.361 -13.717 -11.154
Accel: 0.056 0.013 1.002
Gyro: 8.346 -10.635 -12.084
Accel: 0.060 0.016 1.005
Gyro: 8.0010 -6.546 -12.557
Accel: 0.059 0.011 1.006
Gyro: 7.247 -2.243 -12.374
Accel: 0.057 0.018 0.998
Gyro: 6.286 1.907 -11.581
Accel: 0.048 0.021 0.986
Gyro: 4.898 5.813 -10.162
Accel: 0.053 0.026 0.992
Gyro: 3.540 8.056 -8.773
Accel: 0.071 0.042 0.998
Gyro: 3.952 8.636 -8.407
Accel: 0.070 0.037 0.989
Gyro: 0.045 10.086 -8.499
Accel: 0.056 0.020 0.982
Gyro: 3.097 13.442 -8.544
Accel: 0.054 0.013 0.972
Gyro: 1.785 16.937 -8.728
Accel: 0.037 0.011 0.966
Gyro: 0.061 20.477 -7.995
Accel: 0.021 0.014 0.960
Gyro: -1.251 22.384 -6.713
Accel: 0.027 0.033 0.941
Gyro: -2.716 23.300 -5.661
Accel: 0.034 0.036 0.928
Gyro: -3.768 23.330 -4.882
Accel: 0.034 0.042 0.923
Gyro: -3.906 21.209 -4.852
Accel: 0.018 0.047 0.917
Gyro: -3.417 17.410 -5.020
Accel: 0.006 0.040 0.914
Gyro: -3.250 13.885 -5.767
Accel: 0.025 0.036 0.917
Gyro: -3.570 10.498 -6.912
Accel: 0.024 0.018 0.914
Gyro: -4.013 7.522 -7.705
Accel: 0.022 0.017 0.911
Gyro: -4.913 4.348 -7.720
Accel: 0.026 0.035 0.922
Gyro: -5.081 0.396 -7.583
Accel: 0.032 0.044 0.924
Gyro: -4.302 -2.044 -6.729
Accel: 0.018 0.052 0.924
Gyro: -3.204 -3.677 -6.195
Accel: 0.018 0.056 0.916
Gyro: -3.143 -4.318 -5.371
Accel: 0.033 0.036 0.925
Gyro: -3.829 -4.257 -3.402
Accel: 0.028 0.039 0.930
Gyro: -3.784 -4.165 -1.678
Accel: 0.023 0.052 0.916
Gyro: -4.577 -3.738 0.946
Accel: 0.034 0.044 0.897
Gyro: -6.546 -2.731 0.259
Accel: 0.029 0.032 0.873
Gyro: -8.255 -1.495 0.198
Accel: 0.027 0.031 0.830
Gyro: -10.147 1.266 0.183
Accel: 0.039 0.026 0.772
Gyro: -13.824 5.706 0.183
Accel: 0.013 0.124 0.683
Gyro: -18.142 12.420 0.030
Accel: 0.014 0.165 0.580
Gyro: -25.711 18.798 0.534
Accel: 0.032 0.190 0.453
Gyro: -33.798 23.406 -2.410
Accel: 0.115 0.189 0.297
Gyro: -38.192 25.405 -8.102
Accel: 0.149 0.254 0.216
Gyro: -29.083 31.738 -9.994
Accel: 0.180 0.214 0.033
Gyro: -15.533 41.381 -15.258
Accel: 0.076 0.014 0.030
Gyro: -10.971 50.613 -14.221
Accel: 0.006 0.014 0.056
Gyro: -4.943 49.728 -14.617
Accel: 0.060 0.011 0.025
Gyro: 3.799 52.124 -15.060
Accel: 0.003 0.014 0.020
Gyro: 3.829 54.763 -15.396
Accel: 0.009 0.016 0.032
Gyro: 6.927 56.823 -15.594
Accel: 0.006 0.011 0.036
Gyro: 9.475 58.853 -11.764
Accel: 0.0010 0.0010 0.032
Gyro: 11.260 60.760 -15.792
Accel: 0.007 0.009 0.035
Gyro: 12.664 62.530 -15.792
Accel: 0.005 0.006 0.041
Gyro: 13.519 64.208 -15.930
Accel: 0.003 0.004 0.044
Gyro: 14.343 66.162 -16.082
Accel: 0.002 0.006 0.048
Gyro: 14.755 67.764 -16.189
Accel: 0.0001 0.003 0.048
Gyro: 14.877 69.519 -16.464
Accel: 0.003 0.003 0.052
Gyro: 14.678 71.121 -16.738
Accel: 0.002 0.004 0.052
Gyro: 14.343 72.448 -17.105
Accel: 0.005 0.007 0.042
Gyro: 14.053 73.699 -17.425
Accel: 0.0000 0.002 0.063
Gyro: 13.610 74.523 -17.745
Accel: 0.006 0.002 0.057
Gyro: 13.290 75.576 -18.203
Accel: 0.004 0.003 0.062
Gyro: 12.939 76.339 -18.585
Accel: 0.002 0.004 0.059
Gyro: 12.786 77.026 -18.905
Accel: 0.003 0.004 0.065
Gyro: 12.573 77.499 -19.393
Accel: 0.0001 0.004 0.068
Gyro: 12.664 77.789 -19.638
Accel: 0.004 0.007 0.067
Gyro: 13.046 78.277 -19.897
Accel: 0.002 0.004 0.072
Gyro: 13.870 78.369 -19.973
Accel: 0.003 0.006 0.071
Gyro: 14.938 78.277 -19.790
Accel: 0.003 0.007 0.074
Gyro: 16.464 78.170 -19.668
Accel: 0.003 0.007 0.075
Gyro: 18.051 77.926 -19.241
Accel: 0.004 0.008 0.079
Gyro: 20.065 77.621 -18.890
Accel: 0.004 0.008 0.086
Gyro: 22.491 76.660 -18.264
Accel: 0.003 0.011 0.076
Gyro: 29.876 54.855 -29.647
Accel: -3.881 -1.993 0.791
Gyro: -118.331 -499.969 23.406
Accel: 0.034 -1.073 0.794
Gyro: -354.949 -499.969 97.976
Accel: 7.999 -1.787 7.999
Gyro: 237.548 -344.818 28.106
Accel: 0.037 0.135 -2.403
Gyro: 370.452 -11.856 -22.018
Accel: 0.502 0.218 -1.295
Gyro: 323.120 32.913 -6.286
Accel: 0.343 0.104 0.820
Gyro: 287.490 29.861 30.242
Accel: 0.484 0.630 0.793
Gyro: 241.531 -17.120 50.964
Accel: 0.718 0.943 1.167
Gyro: 215.469 -47.912 43.624
Accel: 0.195 1.232 1.230
Gyro: 158.081 -50.231 5.920
Accel: 0.104 1.203 2.654
Gyro: 98.678 -37.231 -19.439
Accel: 0.289 1.234 2.423
Gyro: 60.119 -41.336 -22.338
Accel: 0.069 0.999 1.802
Gyro: 23.254 -63.537 -14.343
Accel: 0.103 0.661 1.520
Gyro: -12.405 -101.928 1.052
Accel: 0.172 0.382 1.156
Gyro: -67.596 -118.576 -2.792
Accel: 0.479 0.180 1.075
Gyro: -124.465 -118.698 -16.830
Accel: 0.614 0.034 1.0000
Gyro: -157.791 -98.693 -25.741
Accel: 0.615 0.002 1.047
Gyro: -175.933 -71.823 -23.895
Accel: 0.747 0.102 1.407
Gyro: -159.454 -33.508 -18.341
Accel: 0.778 0.150 1.667
Gyro: -104.812 18.066 -13.519
Accel: 0.748 0.076 1.119
Gyro: -74.996 58.059 -6.149
Accel: 0.589 0.051 1.024
Gyro: -62.362 75.988 1.693
Accel: 0.467 0.040 1.111
Gyro: -46.722 82.122 8.850
Accel: 0.394 0.171 1.151
Gyro: -38.116 90.057 12.390
Accel: 0.308 0.305 1.259
Gyro: -31.280 94.512 13.885
Accel: 0.181 0.299 1.273
Gyro: -34.530 88.821 14.434
Accel: 0.077 0.323 1.198
Gyro: -37.200 70.678 14.450
Accel: 0.020 0.303 1.130
Gyro: -41.793 45.120 14.053
Accel: 0.024 0.248 1.111
Gyro: -47.378 21.652 13.580
Accel: 0.064 0.174 1.113
Gyro: -51.208 4.669 14.175
Accel: 0.111 0.097 1.101
Gyro: -51.757 -3.936 15.060
Accel: 0.137 0.026 1.079
Gyro: -48.919 0.411 13.702
Accel: 0.146 0.024 1.050
Gyro: -46.173 1.678 10.208
Accel: 0.152 0.050 1.021
Gyro: -41.717 7.843 6.210
Accel: 0.157 0.041 0.983
Gyro: -31.570 11.505 2.532
Accel: 0.157 0.031 0.953
Gyro: -27.267 13.824 0.198
Accel: 0.174 0.032 0.928
Gyro: -19.515 14.846 2.029
Accel: 0.224 0.069 0.883
Gyro: -12.374 14.434 6.912
Accel: 0.251 0.078 0.897
Gyro: -4.806 15.304 13.351
Accel: 0.236 0.093 0.900
Gyro: 1.388 20.324 24.612
Accel: 0.189 0.023 0.873
Gyro: 10.589 22.933 25.802
Accel: 0.122 0.092 0.758
Gyro: 18.173 23.468 22.048
Accel: 0.066 0.124 0.814
Gyro: 21.972 22.842 16.891
Accel: 0.124 0.112 0.853
Gyro: 26.443 23.712 12.008
Accel: 0.064 0.071 0.924
Gyro: 29.846 30.761 5.508
Accel: 0.078 0.048 0.989
Gyro: 26.947 43.518 0.045
Accel: 0.135 0.096 0.936
Gyro: 16.906 50.521 -2.853
Accel: 0.127 0.143 0.897
Gyro: 7.125 46.676 -5.065
Accel: 0.020 0.152 0.902
Gyro: 3.234 31.539 -6.393
Accel: 0.056 0.120 0.930
Gyro: 3.509 22.232 -3.433
Accel: 0.033 0.076 0.942
Gyro: 2.487 11.428 1.724
Accel: 0.054 0.031 0.980
Gyro: -1.983 6.515 6.576
Accel: 0.116 0.026 1.005
Gyro: -2.410 9.414 9.689
Accel: 0.115 0.053 0.982
Gyro: -2.243 17.562 10.879
Accel: 0.068 0.0010 0.950
Gyro: -3.479 23.651 4.241
Accel: 0.058 0.013 0.933
Gyro: -4.180 23.117 1.373
Accel: 0.069 0.012 0.948
Gyro: -3.326 12.359 -5.218
Accel: 0.031 0.048 1.041
Gyro: -6.408 7.675 -4.440
Accel: 0.054 0.028 1.003
Gyro: 0.579 4.470 -4.058
Accel: 0.059 0.020 0.998
Gyro: -8.087 4.013 -2.136
Accel: 0.061 0.068 1.026
Gyro: -19.439 4.684 -1.342
Accel: 0.032 0.041 1.093
Gyro: -20.355 4.608 0.900
Accel: 0.0001 0.017 1.085
Gyro: -22.674 0.061 -1.007
Accel: 0.026 0.006 1.092
Gyro: -21.484 -1.556 0.961
Accel: 0.047 0.007 1.109
Gyro: -19.058 -7.888 0.625
Accel: 0.067 0.016 1.075
Gyro: -18.676 -11.032 0.122
Accel: 0.091 0.040 1.059
Gyro: -21.774 -11.688 0.366
Accel: 0.077 0.016 1.018
Gyro: -25.878 -9.597 0.076
Accel: 0.085 0.002 1.0000
Gyro: -31.387 -4.577 0.244
Accel: 0.083 0.017 1.013
Gyro: -31.555 0.549 0.869
Accel: 0.086 0.025 1.008
Gyro: -27.450 4.577 -1.739
Accel: 0.083 0.035 1.011
Gyro: -21.469 6.210 -1.678
Accel: 0.072 0.017 0.982
Gyro: -17.395 7.995 0.473
Accel: 0.074 0.036 0.961
Gyro: -14.221 15.228 0.549
Accel: 0.055 0.091 0.988
Gyro: -9.689 16.189 1.724
Accel: 0.029 0.101 1.008
Gyro: -4.852 22.445 3.448
Accel: 0.037 0.074 1.031
Gyro: 0.427 26.107 5.416
Accel: 0.039 0.037 1.024
Gyro: 3.814 24.414 6.408
Accel: 0.041 0.006 1.030
Gyro: 7.598 18.142 7.095
Accel: 0.035 0.036 1.035
Gyro: 11.657 7.492 7.003
Accel: 0.106 0.044 1.074
Gyro: 16.525 -4.806 2.166
Accel: 0.216 0.036 1.088
Gyro: 23.330 -19.149 -11.840
Accel: 0.206 0.020 1.002
Gyro: 19.485 -22.903 -25.787
Accel: 0.147 0.073 1.019
Gyro: 18.859 -28.320 -34.332
Accel: 0.076 0.072 1.026
Gyro: 18.447 -30.471 -37.475
Accel: 0.011 0.060 1.046
Gyro: 18.692 -30.334 -36.026
Accel: 0.041 0.043 1.097
Gyro: 23.345 -32.867 -27.755
Accel: 0.051 0.012 1.181
Gyro: 30.334 -37.963 -26.550
Accel: 0.0001 0.051 1.181
Gyro: 36.178 -42.266 -21.789
Accel: 0.055 0.073 1.142
Gyro: 41.900 -44.738 -16.326
Accel: 0.022 0.135 0.923
Gyro: 31.219 -31.967 -4.928
Accel: 0.0000 0.020 0.976
Gyro: 13.809 -28.213 2.243
Accel: 0.006 0.019 0.991
Gyro: 9.063 -38.330 4.699
Accel: 0.041 0.087 1.040
Gyro: 6.637 -46.325 2.563
Accel: 0.142 0.123 1.070
Gyro: 5.340 -53.222 -7.644
Accel: 0.214 0.061 1.046
Gyro: 3.265 -65.490 -9.292
Accel: 0.189 0.035 0.898
Gyro: 1.403 -77.682 -4.074
Accel: 0.147 0.032 0.902
Gyro: 0.167 -81.558 -4.516
Accel: 0.150 0.023 0.940
Gyro: -1.663 -84.823 0.701
Accel: 0.201 0.034 0.972
Gyro: -1.693 -88.180 5.462
Accel: 0.232 0.047 0.989
Gyro: -2.685 -90.835 8.361
Accel: 0.251 0.028 1.0001
Gyro: -5.966 -89.874 9.796
Accel: 0.284 0.013 1.041
Gyro: -10.330 -84.243 9.338
Accel: 0.340 0.009 1.083
Gyro: -13.641 -71.319 7.293
Accel: 0.376 0.007 1.126
Gyro: -13.961 -61.157 6.118
Accel: 0.379 0.006 1.152
Gyro: -10.848 -39.718 6.072
Accel: 0.358 0.003 1.169
Gyro: -4.806 -24.261 7.690
Accel: 0.351 0.0010 1.165
Gyro: 1.586 -5.065 9.552
Accel: 0.355 0.017 1.153
Gyro: 6.713 11.688 10.681
Accel: 0.326 0.0010 1.138
Gyro: 8.651 26.443 11.856
Accel: 0.292 0.019 1.122
Gyro: 9.338 39.611 12.588
Accel: 0.278 0.036 1.096
Gyro: 8.712 49.484 12.619
Accel: 0.277 0.041 1.078
Gyro: 7.781 57.785 11.398
Accel: 0.260 0.042 1.052
Gyro: 7.385 63.323 9.841
Accel: 0.242 0.043 1.028
Gyro: 7.354 66.619 8.590
Accel: 0.216 0.050 0.999
Gyro: 7.873 67.138 7.156
Accel: 0.193 0.057 0.975
Gyro: 8.666 65.017 5.569
Accel: 0.165 0.055 0.950
Gyro: 8.514 60.058 4.455
Accel: 0.140 0.055 0.928
Gyro: 7.385 52.825 3.768
Accel: 0.120 0.062 0.911
Gyro: 5.722 45.227 3.082
Accel: 0.108 0.073 0.894
Gyro: 0.076 36.727 2.944
Accel: 0.109 0.076 0.879
Gyro: 1.296 29.418 2.960
Accel: 0.118 0.064 0.884
Gyro: 0.518 22.140 2.777
Accel: 0.113 0.049 0.889
Gyro: -1.205 15.182 2.822
Accel: 0.103 0.059 0.871
Gyro: -1.266 10.513 4.348
Accel: 0.117 0.040 0.885
Gyro: -1.632 7.888 5.279
Accel: 0.113 0.051 0.868
Gyro: -2.975 6.484 6.988
Accel: 0.117 0.058 0.933
Gyro: -4.837 6.164 8.987
Accel: 0.127 0.068 0.855
Gyro: -11.505 11.642 10.437
Accel: 0.141 0.033 0.888
Gyro: -10.025 9.994 11.550
Accel: 0.136 0.035 0.884
Gyro: -11.840 12.481 13.824
Accel: 0.138 0.024 0.887
Gyro: -12.207 14.846 16.128
Accel: 0.135 0.025 0.885
Gyro: -13.122 16.799 17.700
Accel: 0.128 0.034 0.898
Gyro: -14.099 17.623 18.753
Accel: 0.118 0.061 0.890
Gyro: -17.364 17.807 19.927
Accel: 0.108 0.0100 0.812
Gyro: -22.766 18.936 21.957
Accel: 0.093 0.072 0.900
Gyro: -24.856 18.707 25.543
Accel: 0.091 0.035 0.933
Gyro: -23.223 15.884 29.907
Accel: 0.184 0.002 0.942
Gyro: -18.829 13.061 32.211
Accel: 0.142 0.028 0.946
Gyro: -12.695 11.978 31.723
Accel: 0.148 0.048 0.947
Gyro: -6.820 11.535 28.762
Accel: 0.135 0.046 0.949
Gyro: -2.792 11.383 24.520
Accel: 0.119 0.033 0.941
Gyro: 0.747 11.337 19.470
Accel: 0.097 0.015 0.936
Gyro: 0.656 11.322 15.274
Accel: 0.097 0.002 0.927
Gyro: -2.029 11.016 12.527
Accel: 0.115 0.017 0.909
Gyro: -4.898 11.703 10.559
Accel: 0.134 0.013 0.907
Gyro: -7.156 13.229 8.712
Accel: 0.146 0.015 0.910
Gyro: -7.980 13.336 5.584
Accel: 0.110 0.062 0.952
Gyro: -5.523 9.445 2.349
Accel: 0.056 0.092 0.965
Gyro: 0.961 3.295 0.488
Accel: 0.040 0.083 0.952
Gyro: 1.739 -1.525 0.0000
Accel: 0.030 0.087 0.959
Gyro: 3.265 -11.276 0.839
Accel: 0.104 0.062 0.965
Gyro: 4.165 -14.343 0.091
Accel: 0.249 0.034 0.965
Gyro: 4.547 -20.874 -3.158
Accel: 0.230 0.024 0.960
Gyro: 3.829 -25.161 -7.080
Accel: 0.217 0.011 0.963
Gyro: 2.365 -27.557 -9.872
Accel: 0.177 0.006 0.978
Gyro: 0.808 -29.510 -11.291
Accel: 0.131 0.024 1.015
Gyro: 0.762 -32.455 -11.322
Accel: 0.104 0.039 1.029
Gyro: 1.296 -38.879 -10.314
Accel: 0.106 0.044 1.040
Gyro: 2.182 -35.873 -9.429
Accel: 0.126 0.043 1.039
Gyro: 3.112 -34.927 -9.338
Accel: 0.146 0.038 1.031
Gyro: 3.387 -31.372 -8.941
Accel: 0.165 0.036 1.027
Gyro: 2.777 -25.772 -8.346
Accel: 0.178 0.026 1.030
Gyro: 2.334 -19.836 -8.483
Accel: 0.172 0.004 1.035
Gyro: 1.541 -14.022 -8.117
Accel: 0.172 0.015 1.041
Gyro: 0.289 -8.850 -7.369
Accel: 0.165 0.019 1.041
Gyro: -1.571 -4.547 -6.225
Accel: 0.158 0.018 1.040
Gyro: -3.448 0.213 -5.142
Accel: 0.151 0.019 1.046
Gyro: -4.959 4.455 -4.425
Accel: 0.142 0.011 1.054
Gyro: -5.249 7.034 -4.150
Accel: 0.138 0.013 1.062
Gyro: -4.745 8.468 -4.272
Accel: 0.111 0.012 1.051
Gyro: -4.089 9.643 -3.448
Accel: 0.116 0.022 1.043
Gyro: -3.601 10.055 -3.463
Accel: 0.114 0.018 1.035
Gyro: -3.311 10.314 -3.448
Accel: 0.117 0.019 1.028
Gyro: -2.853 9.872 -3.143
Accel: 0.118 0.039 1.030
Gyro: -2.182 8.544 -2.151
Accel: 0.079 0.028 1.019
Gyro: -1.754 7.675 0.076
Accel: 0.083 0.033 1.009
Gyro: -2.166 7.110 1.251
Accel: 0.003 0.016 1.021
Gyro: -2.319 6.362 2.822
Accel: 0.122 0.016 1.022
Gyro: -1.846 5.737 4.241
Accel: 0.076 0.018 1.017
Gyro: -1.724 5.142 4.547
Accel: 0.088 0.019 1.014
Gyro: -1.663 4.959 4.516
Accel: 0.094 0.020 1.017
Gyro: -1.464 4.394 4.837
Accel: 0.094 0.024 1.024
Gyro: 0.503 3.265 4.837
Accel: 0.094 0.026 1.026
Gyro: 1.144 1.663 4.821
Accel: 0.093 0.029 1.025
Gyro: 2.578 0.350 4.379
Accel: 0.099 0.027 1.023
Gyro: 4.089 0.061 4.058
Accel: 0.105 0.026 1.014
Gyro: 5.050 0.503 3.952
Accel: 0.114 0.021 1.011
Gyro: 5.172 1.846 3.662
Accel: 0.118 0.017 1.005
Gyro: 4.470 3.265 3.280
Accel: 0.109 0.011 1.006
Gyro: 3.677 4.501 2.578
Accel: 0.111 0.009 0.998
Gyro: 2.883 5.310 1.647
Accel: 0.181 0.009 0.992
Gyro: 1.708 6.011 0.045
Accel: 0.115 0.0001 1.009
Gyro: 1.724 5.844 0.030
Accel: 0.099 0.0000 1.006
Gyro: 1.922 6.118 1.403
Accel: 0.132 0.0010 1.013
Gyro: 1.968 6.423 1.083
Accel: 0.131 0.012 1.013
Gyro: 2.227 6.729 0.762
Accel: 0.127 0.011 1.009
Gyro: 2.227 7.476 0.976
Accel: 0.138 0.0010 1.006
Gyro: 2.029 8.941 0.427
Accel: 0.140 0.006 0.999
Gyro: 1.754 10.482 0.137
Accel: 0.135 0.0000 0.997
Gyro: 1.922 11.627 0.091
Accel: 0.132 0.0001 0.994
Gyro: 1.937 12.344 0.106
Accel: 0.126 0.0001 0.990
Gyro: 1.770 12.588 0.274
Accel: 0.119 0.0000 0.986
Gyro: 1.159 12.710 0.167
Accel: 0.121 0.003 0.988
Gyro: 0.915 12.512 0.122
Accel: 0.122 0.004 0.986
Gyro: 0.579 12.435 0.061
Accel: 0.124 0.0001 0.983
Gyro: 0.152 11.688 0.564
Accel: 0.127 0.004 0.981
Gyro: 0.381 10.726 -1.022
Accel: 0.120 0.002 0.977
Gyro: 0.823 9.552 -1.159
Accel: 0.113 0.006 0.975
Gyro: -1.235 8.392 -1.174
Accel: 0.111 0.008 0.974
Gyro: -1.663 7.614 -1.373
Accel: 0.103 0.011 0.976
Gyro: -2.120 6.866 -1.495
Accel: 0.0100 0.0010 0.979
Gyro: -2.502 6.042 -1.693
Accel: 0.102 0.011 0.981
Gyro: -2.685 4.821 -2.105
Accel: 0.0100 0.012 0.978
Gyro: -2.975 0.030 -2.593
Accel: 0.0100 0.015 0.976
Gyro: -3.158 3.158 -2.899
Accel: 0.104 0.020 0.979
Gyro: -3.128 2.349 -3.280
Accel: 0.0100 0.022 0.984
Gyro: -2.883 1.892 -3.387
Accel: 0.091 0.025 0.990
Gyro: -2.746 1.434 -3.021
Accel: 0.087 0.022 0.996
Gyro: -2.593 1.129 -2.685
Accel: 0.098 0.021 0.989
Gyro: -3.005 0.625 -3.311
Accel: 0.072 0.024 1.004
Gyro: -3.341 0.503 -1.434
Accel: 0.077 0.023 1.005
Gyro: -3.128 0.656 0.549
Accel: 0.081 0.023 1.0010
Gyro: -2.059 0.747 0.610
Accel: 0.073 0.029 1.007
Gyro: 0.640 0.793 0.213
Accel: 0.074 0.031 1.006
Gyro: 0.885 1.327 0.701
Accel: 0.078 0.029 1.003
Gyro: 2.639 1.708 1.327
Accel: 0.088 0.026 0.999
Gyro: 3.677 1.586 1.480
Accel: 0.078 0.026 1.003
Gyro: 4.699 0.991 1.495
Accel: 0.076 0.020 1.004
Gyro: 5.645 0.259 0.946
Accel: 0.073 0.018 1.007
Gyro: 6.515 -1.953 0.534
Accel: 0.072 0.016 1.007
Gyro: 7.308 -4.119 0.717
Accel: 0.077 0.015 0.994
Gyro: 7.629 -5.355 -2.075
Accel: 0.028 0.031 1.0010
Gyro: 8.087 -5.386 0.274
Accel: 0.073 0.014 0.989
Gyro: 7.812 -4.302 0.381
Accel: 0.079 0.014 0.995
Gyro: 7.110 -2.975 0.259
Accel: 0.075 0.012 0.987
Gyro: 6.042 -1.342 1.266
Accel: 0.083 0.008 0.989
Gyro: 0.015 0.488 1.846
Accel: 0.088 0.003 0.995
Gyro: 2.380 1.388 1.861
