Accel: 0.908 0.180 0.282
Gyro: 1.388 -2.304 7.263
Accel: 0.911 0.187 0.287
Gyro: 1.785 -1.571 6.469
Accel: 0.913 0.191 0.289
Gyro: 2.136 0.930 5.752
Accel: 0.913 0.195 0.288
Gyro: 2.426 0.228 4.974
Accel: 0.915 0.200 0.283
Gyro: 2.609 0.045 4.074
Accel: 0.917 0.200 0.284
Gyro: 2.685 -3.845 3.097
Accel: 0.919 0.202 0.285
Gyro: 2.609 0.167 2.166
Accel: 0.921 0.205 0.285
Gyro: 2.517 0.808 1.190
Accel: 0.930 0.210 0.286
Gyro: 2.197 -1.388 0.686
Accel: 0.932 0.215 0.287
Gyro: 2.197 -2.105 0.381
Accel: 0.934 0.222 0.290
Gyro: 2.182 -2.655 0.320
Accel: 0.933 0.224 0.293
Gyro: 1.815 -2.929 0.198
Accel: 0.936 0.229 0.293
Gyro: 1.663 -3.082 0.183
Accel: 0.935 0.232 0.290
Gyro: 1.251 -3.341 0.198
Accel: 0.935 0.234 0.286
Gyro: 1.022 -3.463 0.106
Accel: 0.933 0.232 0.286
Gyro: 0.411 -3.707 0.122
Accel: 0.936 0.233 0.285
Gyro: 0.045 -3.860 0.213
Accel: -1.0000 0.233 0.289
Gyro: 0.503 -3.829 0.289
Accel: 0.939 0.236 0.294
Gyro: 0.946 -3.387 0.350
Accel: 0.947 0.234 0.289
Gyro: -1.403 -3.143 0.457
Accel: 0.952 0.231 0.291
Gyro: -1.907 -2.761 0.610
Accel: 0.948 0.227 0.293
Gyro: -2.288 -2.639 0.503
Accel: 0.946 0.221 0.291
Gyro: -2.670 -2.441 0.228
Accel: 0.941 0.214 0.292
Gyro: -3.204 -2.395 0.030
Accel: 0.940 0.208 0.296
Gyro: -3.555 -2.120 0.427
Accel: 0.938 0.206 0.301
Gyro: -3.677 -1.937 0.869
Accel: 0.941 0.203 0.306
Gyro: -3.723 -1.754 -1.373
Accel: 0.943 0.200 0.309
Gyro: -3.448 -1.510 -1.861
Accel: 0.945 0.202 0.309
Gyro: -3.082 -1.129 -2.182
Accel: 0.952 0.199 0.305
Gyro: -2.777 0.900 -2.273
Accel: 0.951 0.202 0.304
Gyro: -2.395 0.976 -2.029
Accel: 0.947 0.205 0.306
Gyro: -2.090 0.610 -1.922
Accel: 0.943 0.207 0.309
Gyro: -1.708 0.259 -1.892
Accel: 0.945 0.211 0.305
Gyro: -1.281 0.167 -1.678
Accel: 0.951 0.209 0.294
Gyro: -1.403 0.122 -1.510
Accel: 0.950 0.207 0.294
Gyro: -1.342 0.473 -1.144
Accel: 0.944 0.205 0.300
Gyro: -1.312 0.732 0.686
Accel: 0.939 0.202 0.296
Gyro: -1.129 0.961 0.442
Accel: 0.939 0.202 0.295
Gyro: 0.793 -1.266 0.122
Accel: 0.935 0.204 0.295
Gyro: 0.274 -1.693 0.778
Accel: 0.935 0.205 0.288
Gyro: 0.213 -1.708 1.632
Accel: 0.933 0.208 0.285
Gyro: 0.274 -1.785 2.471
Accel: 0.934 0.209 0.287
Gyro: 0.579 -2.075 2.990
Accel: 0.931 0.210 0.295
Gyro: 0.595 -2.120 3.417
Accel: 0.929 0.210 0.301
Gyro: 0.579 -2.136 3.936
Accel: 0.932 0.212 0.300
Gyro: 0.686 -2.319 4.562
Accel: -1.0000 0.215 0.297
Gyro: 0.701 -2.410 5.340
Accel: 0.943 0.217 0.297
Gyro: 0.183 -2.670 5.798
Accel: 0.946 0.222 0.300
Gyro: 0.198 -2.883 6.225
Accel: 0.937 0.221 0.305
Gyro: 0.747 -2.944 6.378
Accel: 0.934 0.220 0.306
Gyro: -1.022 -2.960 6.378
Accel: 0.932 0.218 0.304
Gyro: -1.373 -2.975 6.454
Accel: 0.934 0.220 0.294
Gyro: -1.647 -3.219 6.240
Accel: 0.942 0.228 0.287
Gyro: -2.075 -3.479 5.691
Accel: 0.944 0.230 0.297
Gyro: -2.639 -3.173 5.203
Accel: 0.941 0.230 0.303
Gyro: -2.807 -2.349 4.791
Accel: 0.940 0.230 0.302
Gyro: -2.716 -1.449 4.699
Accel: 0.939 0.236 0.302
Gyro: -2.487 0.686 4.608
Accel: 0.942 0.250 0.296
Gyro: -2.410 0.518 4.455
Accel: 0.947 0.260 0.297
Gyro: -2.731 1.892 4.180
Accel: 0.953 0.264 0.305
Gyro: -3.341 3.952 4.074
Accel: 0.957 0.261 0.320
Gyro: -3.753 6.622 4.974
Accel: 0.963 0.256 0.319
Gyro: -3.707 9.262 6.774
Accel: 0.982 0.245 0.251
Gyro: -3.570 10.925 10.574
Accel: -1.008 0.250 0.299
Gyro: -4.241 11.901 16.235
Accel: -1.043 0.265 0.297
Gyro: -5.599 12.329 23.620
Accel: -1.084 0.293 0.313
Gyro: -7.415 12.481 31.692
Accel: -1.141 0.322 0.338
Gyro: -8.804 14.053 39.810
Accel: -1.193 0.353 0.378
Gyro: -9.384 17.837 49.026
Accel: -1.309 0.354 0.406
Gyro: -7.507 22.827 60.317
Accel: -1.281 0.378 0.443
Gyro: -4.776 28.686 71.289
Accel: -1.309 0.428 0.443
Gyro: 0.091 33.996 84.167
Accel: -1.341 0.445 0.375
Gyro: 3.738 40.176 99.151
Accel: -1.353 0.467 0.430
Gyro: 6.805 45.562 114.486
Accel: -1.359 0.502 0.426
Gyro: 9.994 50.064 129.074
Accel: -1.354 0.521 0.421
Gyro: 13.046 53.283 143.661
Accel: -1.347 0.537 0.414
Gyro: 15.350 55.297 158.294
Accel: -1.328 0.561 0.392
Gyro: 17.684 56.182 171.615
Accel: -1.292 0.580 0.384
Gyro: 19.973 56.854 182.250
Accel: -1.234 0.596 0.371
Gyro: 22.857 58.242 192.016
Accel: -1.183 0.603 0.352
Gyro: 25.909 60.256 203.109
Accel: -1.149 0.615 0.310
Gyro: 28.381 61.843 203.796
Accel: -1.097 0.612 0.261
Gyro: 29.815 62.713 205.596
Accel: -1.045 0.604 0.202
Gyro: 28.961 62.438 205.718
Accel: 0.974 0.613 0.160
Gyro: 26.046 60.317 203.857
Accel: 0.906 0.614 0.117
Gyro: 21.179 57.052 199.981
Accel: 0.858 0.612 0.065
Gyro: 15.060 52.062 194.717
Accel: 0.823 0.603 0.026
Gyro: 7.690 46.249 190.139
Accel: 0.787 0.593 0.002
Gyro: 0.717 38.925 180.282
Accel: 0.752 0.592 0.008
Gyro: -5.706 30.639 172.546
Accel: 0.733 0.589 0.033
Gyro: -10.833 20.889 168.304
Accel: 0.728 0.586 0.060
Gyro: -13.870 10.848 161.880
Accel: 0.727 0.598 0.021
Gyro: -14.877 2.548 157.485
Accel: 0.711 0.622 0.027
Gyro: -15.243 -3.448 154.006
Accel: 0.666 0.643 0.009
Gyro: -14.999 -8.529 152.053
Accel: 0.601 0.603 0.016
Gyro: -14.633 -13.031 150.482
Accel: 0.502 0.633 0.044
Gyro: -14.099 -14.495 146.072
Accel: 0.423 0.650 0.024
Gyro: -14.724 -14.175 138.122
Accel: 0.389 0.643 0.007
Gyro: -14.083 -14.480 128.601
Accel: 0.372 0.648 0.011
Gyro: -13.107 -12.481 120.376
Accel: 0.374 0.628 0.029
Gyro: -10.253 -4.486 112.548
Accel: 0.388 0.619 0.058
Gyro: -6.240 -1.586 106.170
Accel: 0.405 0.653 0.032
Gyro: -2.548 5.874 101.303
Accel: 0.412 0.718 0.005
Gyro: 0.625 12.802 97.305
Accel: 0.365 0.773 0.045
Gyro: 2.227 19.485 94.406
Accel: 0.283 0.803 0.060
Gyro: 2.090 26.397 91.156
Accel: 0.229 0.801 0.066
Gyro: 2.471 38.391 89.614
Accel: 0.195 0.806 0.023
Gyro: 4.241 44.036 90.698
Accel: 0.171 0.827 0.009
Gyro: 8.377 57.983 94.085
Accel: 0.151 0.845 0.045
Gyro: 18.890 63.125 97.030
Accel: 0.122 0.866 0.115
Gyro: 22.583 72.525 98.175
Accel: 0.120 0.884 0.165
Gyro: 30.578 81.741 99.395
Accel: 0.138 0.903 0.202
Gyro: 37.841 90.621 100.662
Accel: 0.190 0.892 0.229
Gyro: 45.410 95.367 103.927
Accel: 0.227 0.861 0.227
Gyro: 50.704 98.190 108.230
Accel: 0.206 0.847 0.194
Gyro: 52.520 98.907 109.634
Accel: 0.176 0.848 0.125
Gyro: 53.512 96.084 106.369
Accel: 0.182 0.877 0.169
Gyro: 52.200 92.163 99.700
Accel: 0.195 0.893 0.125
Gyro: 48.522 84.411 93.063
Accel: 0.192 0.892 0.114
Gyro: 44.219 72.708 87.142
Accel: 0.162 0.868 0.108
Gyro: 40.206 58.380 81.924
Accel: 0.133 0.849 0.129
Gyro: 34.591 45.272 75.775
Accel: 0.123 0.843 0.147
Gyro: 28.106 30.899 70.159
Accel: 0.124 0.854 0.177
Gyro: 22.613 17.379 67.504
Accel: 0.123 0.888 0.196
Gyro: 16.296 5.737 66.497
Accel: 0.127 0.928 0.183
Gyro: 10.818 -4.394 64.773
Accel: 0.109 0.947 0.166
Gyro: 5.813 -13.229 62.118
Accel: 0.078 0.949 0.135
Gyro: 2.334 -21.270 58.334
Accel: 0.035 0.932 0.0100
Gyro: 0.411 -28.793 52.764
Accel: 0.013 0.907 0.056
Gyro: -4.791 -35.400 46.081
Accel: 0.012 1.005 0.015
Gyro: -6.927 0.061 6.607
Accel: 0.007 1.013 0.011
Gyro: -7.232 0.381 7.766
Accel: 0.004 1.015 0.0000
Gyro: -7.339 0.442 8.438
Accel: 0.009 1.015 0.009
Gyro: -7.156 0.167 8.834
Accel: 0.014 1.013 0.011
Gyro: -6.729 0.259 8.972
Accel: 0.023 1.008 0.016
Gyro: -6.195 0.411 9.246
Accel: 0.025 1.002 0.022
Gyro: -5.432 0.503 9.429
Accel: 0.022 0.994 0.026
Gyro: -4.745 0.701 9.292
Accel: 0.018 0.989 0.026
Gyro: -4.333 1.113 8.987
Accel: 0.007 0.991 0.026
Gyro: -4.135 1.556 8.438
Accel: 0.0000 0.990 0.029
Gyro: -3.829 2.319 7.400
Accel: 0.006 0.994 0.030
Gyro: -3.341 3.036 6.179
Accel: 0.004 0.996 0.030
Gyro: -3.051 3.814 4.928
Accel: 0.005 0.999 0.037
Gyro: -2.334 4.501 3.585
Accel: 0.006 0.997 0.040
Gyro: -1.647 4.898 2.502
Accel: 0.002 0.996 0.035
Gyro: 0.793 5.050 1.632
Accel: 0.003 0.990 0.036
Gyro: 0.244 4.714 1.159
Accel: 0.0010 0.984 0.036
Gyro: 0.320 4.180 0.991
Accel: 0.013 0.982 0.031
Gyro: 0.808 3.524 0.762
Accel: 0.015 0.980 0.025
Gyro: 0.991 2.471 0.671
Accel: 0.0010 0.987 0.023
Gyro: 1.190 1.541 0.152
Accel: 0.002 0.994 0.014
Gyro: 0.991 0.473 0.686
Accel: 0.0001 1.0000 0.004
Gyro: 0.534 0.823 -1.541
Accel: 0.004 1.062 0.0001
Gyro: 0.198 -2.349 -2.380
Accel: 0.011 0.998 0.002
Gyro: 0.518 -4.043 -3.295
Accel: 0.011 1.0000 0.009
Gyro: -1.312 -5.722 -3.814
Accel: 0.009 0.999 0.005
Gyro: -2.075 -7.583 -3.967
Accel: 0.005 0.999 0.0000
Gyro: -2.319 -9.078 -3.906
Accel: 0.002 0.998 0.006
Gyro: -2.563 -10.009 -3.570
Accel: 0.0000 0.997 0.017
Gyro: -2.243 -10.635 -3.128
Accel: 0.0000 0.997 0.028
Gyro: -1.785 -10.574 -2.273
Accel: 0.0001 0.999 0.029
Gyro: -1.266 -10.116 -1.296
Accel: 0.007 0.937 0.025
Gyro: 0.793 -9.353 0.335
Accel: 0.018 1.002 0.017
Gyro: 0.488 -9.017 0.656
Accel: 0.023 1.005 0.012
Gyro: 0.183 -8.941 1.541
Accel: 0.026 1.003 0.012
Gyro: 0.122 -8.834 2.349
Accel: 0.028 1.002 0.012
Gyro: 0.289 -8.804 2.883
Accel: 0.027 0.996 0.016
Gyro: 0.366 -8.529 3.326
Accel: 0.025 0.991 0.017
Gyro: 0.396 -8.300 3.555
Accel: 0.024 0.985 0.018
Gyro: 0.564 -7.827 3.723
Accel: 0.024 0.982 0.014
Gyro: 0.457 -7.385 3.753
Accel: 0.026 0.980 0.008
Gyro: 0.030 -7.080 3.433
Accel: 0.030 0.976 0.002
Gyro: 0.854 -6.774 2.822
Accel: 0.029 0.974 0.002
Gyro: -2.029 -6.881 2.548
Accel: 0.025 0.972 0.0001
Gyro: -2.944 -7.003 2.578
Accel: 0.021 0.970 0.0010
Gyro: -3.295 -7.247 2.731
Accel: 0.017 0.966 0.017
Gyro: -3.494 -7.141 3.219
Accel: 0.013 0.961 0.019
Gyro: -3.524 -7.431 3.723
Accel: 0.012 0.962 0.020
Gyro: -3.570 -7.339 4.241
Accel: 0.014 0.961 0.020
Gyro: -3.463 -7.247 4.455
Accel: 0.017 0.965 0.009
Gyro: -3.799 -7.278 4.119
Accel: 0.016 0.968 0.0000
Gyro: -4.547 -7.507 3.692
Accel: 0.012 0.971 0.0001
Gyro: -4.959 -8.316 3.509
Accel: 0.012 0.975 0.008
Gyro: -4.959 -8.911 3.265
Accel: 0.012 0.982 0.017
Gyro: -4.714 -8.972 2.761
Accel: 0.012 0.993 0.018
Gyro: -4.409 -8.453 2.243
Accel: 0.014 1.003 0.016
Gyro: -3.860 -7.858 1.907
Accel: 0.0010 1.011 0.016
Gyro: -3.540 -6.805 1.647
Accel: 0.007 1.018 0.018
Gyro: -2.990 -5.706 1.495
Accel: 0.0010 1.017 0.016
Gyro: -2.410 -4.501 1.022
Accel: 0.006 1.006 0.017
Gyro: -1.754 -3.479 0.427
Accel: 0.007 0.997 0.020
Gyro: -1.052 -2.624 0.320
Accel: 0.013 0.991 0.020
Gyro: 0.579 -1.846 -1.373
Accel: 0.016 0.990 0.019
Gyro: 0.259 -1.144 -2.456
Accel: 0.018 0.997 0.019
Gyro: 0.244 0.534 -3.097
Accel: 0.014 1.007 0.022
Gyro: 0.289 0.259 -3.280
Accel: 0.013 1.014 0.030
Gyro: 0.091 0.946 -3.128
Accel: 0.006 1.021 0.037
Gyro: 0.305 1.708 -2.731
Accel: 0.0001 1.021 0.045
Gyro: 1.144 2.334 -2.105
Accel: 0.003 1.021 0.048
Gyro: 2.273 2.960 -1.449
Accel: 0.0001 1.023 0.044
Gyro: 3.128 3.097 -1.159
Accel: 0.002 1.021 0.035
Gyro: 3.585 3.067 -1.205
Accel: 0.003 1.023 0.031
Gyro: 3.738 2.334 -1.403
Accel: 0.003 1.026 0.025
Gyro: 3.387 1.541 -1.663
Accel: 0.003 1.029 0.024
Gyro: 2.975 0.549 -1.800
Accel: 0.0001 1.027 0.025
Gyro: 2.395 0.396 -1.770
Accel: 0.0000 1.024 0.029
Gyro: 1.892 -1.190 -1.480
Accel: 0.004 1.016 0.031
Gyro: 1.235 -1.754 -1.052
Accel: 0.006 1.003 0.030
Gyro: 0.625 -2.395 0.747
Accel: 0.007 0.996 0.028
Gyro: 0.045 -3.387 0.320
Accel: 0.014 0.997 0.023
Gyro: 0.808 -4.241 0.030
Accel: 0.016 0.997 0.026
Gyro: -1.388 -5.325 0.015
Accel: 0.017 1.0000 0.025
Gyro: -1.846 -5.996 0.381
Accel: 0.008 1.0000 0.026
Gyro: -2.426 -6.423 1.052
Accel: 0.007 0.997 0.030
Gyro: -2.838 -6.561 1.968
Accel: 0.009 0.991 0.031
Gyro: -3.219 -6.439 2.487
Accel: 0.0010 0.984 0.025
Gyro: -3.646 -6.011 2.899
Accel: 0.011 0.982 0.015
Gyro: -4.211 -6.042 2.807
Accel: 0.011 0.980 0.006
Gyro: -4.776 -6.484 2.487
Accel: 0.018 0.986 0.006
Gyro: -5.081 -6.744 2.014
Accel: 0.017 0.989 0.013
Gyro: -5.432 -7.095 1.586
Accel: 0.014 0.992 0.016
Gyro: -5.233 -6.652 1.220
Accel: 0.011 0.992 0.023
Gyro: -4.913 -6.271 1.327
Accel: 0.008 0.992 0.031
Gyro: -4.043 -5.722 1.419
Accel: 0.004 0.991 0.038
Gyro: -3.128 -4.638 1.647
Accel: 0.002 0.987 0.037
Gyro: -2.166 -3.341 1.571
Accel: 0.0000 0.984 0.033
Gyro: -1.373 -2.227 1.388
Accel: 0.0000 0.980 0.029
Gyro: 0.701 -1.251 1.159
Accel: 0.003 0.983 0.025
Gyro: 0.305 0.717 0.534
Accel: 0.006 0.984 0.018
Gyro: 0.122 0.381 0.030
Accel: 0.0010 0.986 0.015
Gyro: 0.122 0.259 0.717
Accel: 0.012 0.990 0.020
Gyro: 0.091 0.396 -1.159
Accel: 0.009 0.994 0.026
Gyro: 0.015 0.259 -1.281
Accel: 0.006 0.993 0.032
Gyro: 0.183 0.045 -1.205
Accel: 0.006 0.993 0.038
Gyro: 0.732 0.030 -1.037
Accel: 0.005 0.994 0.039
Gyro: 1.403 0.244 0.885
Accel: 0.006 0.999 0.039
Gyro: 1.678 0.457 0.778
Accel: 0.008 1.002 0.037
Gyro: 2.090 0.808 0.488
Accel: 0.0010 1.004 0.037
Gyro: 2.014 1.174 0.152
Accel: 0.011 1.0001 0.031
Gyro: 1.495 1.464 0.167
Accel: 0.0010 0.999 0.024
Gyro: 0.778 1.525 0.457
Accel: 0.0010 0.997 0.027
Gyro: 0.061 1.235 0.732
Accel: 0.009 0.995 0.030
Gyro: 0.579 0.854 0.976
Accel: 0.004 0.997 0.029
Gyro: -1.174 -3.906 1.373
Accel: 0.0000 0.999 0.038
Gyro: -1.449 0.854 1.846
Accel: 0.0000 1.004 0.044
Gyro: -1.434 -1.296 2.044
Accel: 0.0000 1.011 0.048
Gyro: -1.403 -1.556 1.831
Accel: 0.003 1.015 0.047
Gyro: -1.312 -1.708 1.663
Accel: 0.006 1.018 0.044
Gyro: -1.113 -2.105 1.342
Accel: 0.009 1.020 0.036
Gyro: -1.388 -2.655 0.869
Accel: 0.008 1.016 0.033
Gyro: -1.754 -3.189 0.701
Accel: 0.012 1.009 0.032
Gyro: -2.243 -4.104 0.473
Accel: 0.023 1.003 0.026
Gyro: -3.158 -4.684 0.030
Accel: 0.028 0.995 0.019
Gyro: -4.440 -5.447 0.488
Accel: 0.034 0.986 0.022
Gyro: -5.508 -5.798 -1.190
Accel: 0.028 0.978 0.022
Gyro: -6.698 -5.874 -1.647
Accel: 0.021 0.971 0.016
Gyro: -7.690 -6.271 -1.998
Accel: 0.029 0.960 0.008
Gyro: -8.270 -6.958 -2.319
Accel: 0.029 0.931 0.0010
Gyro: -9.368 -7.293 -1.770
Accel: 0.047 0.885 0.028
Gyro: -9.536 -7.324 -1.983
Accel: 0.045 0.829 0.032
Gyro: -9.628 -6.332 -1.281
Accel: 0.046 0.761 0.038
Gyro: -10.314 -3.707 0.091
Accel: 0.062 0.677 0.034
Gyro: -11.093 0.518 0.228
Accel: 0.049 0.447 0.019
Gyro: -10.910 3.158 4.653
Accel: 0.081 0.269 0.055
Gyro: -8.255 1.342 4.470
Accel: 0.041 0.022 0.028
Gyro: -11.489 0.427 -1.327
Accel: 0.011 0.034 0.124
Gyro: -12.313 0.244 -4.806
Accel: 0.012 0.026 0.035
Gyro: -12.756 0.534 -8.026
Accel: 0.015 0.006 0.054
Gyro: -13.488 1.571 -11.169
Accel: 0.0000 0.045 0.002
Gyro: -16.525 2.258 -17.074
Accel: 0.062 0.073 0.012
Gyro: -22.399 2.548 -26.062
Accel: 0.006 0.096 0.0010
Gyro: -30.364 2.578 -36.163
Accel: 0.009 0.110 0.0001
Gyro: -39.093 2.822 -50.094
Accel: 0.0010 0.117 0.004
Gyro: -48.065 2.914 -62.301
Accel: 0.012 0.116 0.003
Gyro: -56.518 3.234 -71.487
Accel: 0.0010 0.111 0.059
Gyro: -63.659 3.570 -88.851
Accel: 0.012 0.108 0.002
Gyro: -71.273 4.028 -98.510
Accel: 0.020 0.162 0.004
Gyro: -84.548 5.523 -112.411
Accel: 0.006 0.063 0.008
Gyro: -95.291 8.132 -125.411
Accel: 0.021 0.084 0.0010
Gyro: -101.745 10.238 -135.971
Accel: 0.036 0.157 0.051
Gyro: -111.129 15.869 -136.260
Accel: -2.259 4.751 0.018
Gyro: -109.680 1.525 65.261
Accel: -1.304 6.740 0.178
Gyro: -219.131 -97.442 27.709
Accel: 0.834 2.142 0.425
Gyro: -262.084 -120.498 29.449
Accel: 0.183 1.259 0.028
Gyro: -253.860 -102.981 28.656
Accel: 0.003 1.166 0.211
Gyro: -243.927 -66.375 26.992
Accel: 0.137 1.011 0.218
Gyro: -268.936 -31.631 21.469
Accel: 0.188 0.875 0.074
Gyro: -279.785 -20.797 4.821
Accel: 0.300 0.886 0.047
Gyro: -274.902 -23.178 -12.908
Accel: 0.302 1.013 0.505
Gyro: -276.397 43.289 -40.084
Accel: 0.420 0.817 0.322
Gyro: -251.495 101.303 -56.884
Accel: 0.159 0.652 0.612
Gyro: -245.895 121.231 -42.068
Accel: 0.133 0.790 0.816
Gyro: -277.297 148.101 -29.785
Accel: 0.343 0.822 0.972
Gyro: -297.195 152.435 -32.211
Accel: 0.343 0.737 0.960
Gyro: -304.321 156.539 -36.178
Accel: 0.470 0.665 1.027
Gyro: -294.616 146.606 -46.051
Accel: 0.514 0.563 1.243
Gyro: -268.875 117.813 -54.199
Accel: 0.415 0.709 1.717
Gyro: -209.671 62.255 -47.958
Accel: 0.461 0.574 2.274
Gyro: -121.047 16.830 -35.095
Accel: 0.476 0.255 2.498
Gyro: -11.245 3.906 -7.949
Accel: 0.447 0.081 2.373
Gyro: 86.410 -2.777 17.913
Accel: 0.406 0.125 1.968
Gyro: 160.888 -26.321 22.186
Accel: 0.369 0.290 1.653
Gyro: 210.098 -44.342 17.547
Accel: 0.299 0.408 1.338
Gyro: 240.341 -55.023 11.840
Accel: 0.264 0.613 1.062
Gyro: 257.019 -64.956 7.461
Accel: 0.307 0.693 0.169
Gyro: 235.961 -32.272 4.302
Accel: 0.047 1.055 0.363
Gyro: 215.744 -50.567 1.724
Accel: 0.437 0.961 0.298
Gyro: 138.565 -45.684 2.822
Accel: 0.295 0.906 0.563
Gyro: 111.022 -49.560 -6.011
Accel: 0.044 0.818 0.168
Gyro: 82.351 -18.753 -13.977
Accel: 0.0001 0.973 0.097
Gyro: 51.025 -3.509 -17.105
Accel: 0.182 1.071 0.077
Gyro: 13.519 -3.234 -22.415
Accel: 0.282 0.998 0.136
Gyro: -19.622 3.341 -25.650
Accel: 0.379 0.876 0.284
Gyro: -46.096 4.974 -21.957
Accel: 0.478 0.828 0.583
Gyro: -47.637 -4.425 -17.059
Accel: 0.531 0.725 0.738
Gyro: -47.851 -10.879 -12.832
Accel: 0.459 0.716 0.704
Gyro: -42.160 -16.845 -6.988
Accel: 0.458 0.669 0.757
Gyro: -34.576 -16.296 2.548
Accel: 0.421 0.696 0.810
Gyro: -25.482 -13.687 13.076
Accel: 0.388 0.704 0.767
Gyro: -17.044 -12.313 22.064
Accel: 0.356 0.741 0.789
Gyro: -6.866 -12.878 27.191
Accel: 0.173 0.799 0.926
Gyro: 7.949 -7.843 24.765
Accel: 0.288 0.805 0.768
Gyro: 16.006 -18.722 23.498
Accel: 0.270 0.823 0.723
Gyro: 20.538 -20.965 20.751
Accel: 0.194 0.861 0.646
Gyro: 23.269 -17.990 18.035
Accel: 0.149 0.858 0.574
Gyro: 20.278 -13.763 15.258
Accel: 0.145 0.818 0.536
Gyro: 14.907 -4.196 13.061
Accel: 0.161 0.788 0.522
Gyro: 9.643 -1.419 11.795
Accel: 0.174 0.783 0.531
Gyro: 2.914 7.675 11.947
Accel: 0.185 0.789 0.548
Gyro: -3.372 7.247 12.619
Accel: 0.201 0.773 0.598
Gyro: -6.835 6.591 12.039
Accel: 0.231 0.747 0.635
Gyro: -7.598 3.982 11.413
Accel: 0.198 0.748 0.724
Gyro: -3.326 0.823 11.596
Accel: 0.181 0.739 0.752
Gyro: 4.531 -3.204 10.314
Accel: 0.168 0.743 0.768
Gyro: 12.557 -5.432 8.941
Accel: 0.156 0.742 0.742
Gyro: 20.187 -11.611 7.537
Accel: 0.155 0.747 0.695
Gyro: 30.899 -9.811 6.317
Accel: 0.163 0.740 0.683
Gyro: 32.821 -10.482 4.440
Accel: 0.160 0.735 0.676
Gyro: 36.987 -8.605 3.433
Accel: 0.157 0.750 0.664
Gyro: 39.932 -6.484 3.417
Accel: 0.158 0.771 0.642
Gyro: 42.327 -5.996 2.441
Accel: 0.157 0.781 0.621
Gyro: 44.158 -6.469 0.503
Accel: 0.170 0.786 0.590
Gyro: 44.311 -7.369 -3.356
Accel: 0.182 0.873 0.575
Gyro: 43.212 -8.636 -5.661
Accel: 0.208 0.750 0.568
Gyro: 42.770 -9.490 -6.469
Accel: 0.212 0.809 0.561
Gyro: 42.022 -9.323 -6.942
Accel: 0.203 0.818 0.551
Gyro: 39.367 -8.0010 -7.339
Accel: 0.176 0.828 0.530
Gyro: 35.415 -5.996 -11.688
Accel: 0.151 0.842 0.514
Gyro: 31.097 -2.960 -8.132
Accel: 0.160 0.895 0.492
Gyro: 26.077 1.754 -6.408
Accel: 0.178 0.920 0.489
Gyro: 24.398 5.737 -4.776
Accel: 0.199 0.934 0.532
Gyro: 25.848 7.537 -3.646
Accel: 0.230 0.999 0.562
Gyro: 27.206 5.310 -2.288
Accel: 0.240 0.936 0.586
Gyro: 27.816 2.059 -1.266
Accel: 0.227 0.925 0.595
Gyro: 29.205 0.213 -1.190
Accel: 0.206 0.902 0.585
Gyro: 29.632 0.854 -2.227
Accel: 0.191 0.866 0.572
Gyro: 31.097 -1.647 -2.517
Accel: 0.174 0.859 0.589
Gyro: 31.631 -1.083 0.427
Accel: 0.190 0.870 0.622
Gyro: 32.577 -1.312 0.915
Accel: 0.205 0.881 0.568
Gyro: 33.447 -1.068 1.632
Accel: 0.225 0.871 0.564
Gyro: 32.958 0.656 3.646
Accel: 0.229 0.863 0.570
Gyro: 32.363 0.122 4.730
Accel: 0.244 0.873 0.589
Gyro: 33.523 1.068 3.494
Accel: 0.256 0.920 0.601
Gyro: 34.057 4.730 0.747
Accel: 0.227 0.917 0.583
Gyro: 32.730 9.460 -3.921
Accel: 0.205 0.897 0.543
Gyro: 28.396 11.978 -3.936
Accel: 0.191 0.900 0.441
Gyro: 22.674 14.450 -3.311
Accel: 0.194 0.891 0.470
Gyro: 20.294 15.243 -3.738
Accel: 0.200 0.878 0.447
Gyro: 24.276 16.433 -3.387
Accel: 0.201 0.871 0.426
Gyro: 28.625 17.227 -4.501
Accel: 0.198 0.857 0.421
Gyro: 29.647 16.754 -4.745
Accel: 0.203 0.860 0.410
Gyro: 27.709 15.777 -3.326
Accel: 0.212 0.872 0.401
Gyro: 24.215 13.488 -1.144
Accel: 0.223 0.871 0.398
Gyro: 19.943 10.833 1.678
Accel: 0.226 0.864 0.395
Gyro: 11.901 8.605 4.379
Accel: 0.229 0.856 0.407
Gyro: 11.932 6.042 6.301
Accel: 0.222 0.847 0.417
Gyro: 9.124 3.677 7.644
Accel: 0.224 0.842 0.426
Gyro: 7.232 1.037 9.155
Accel: 0.234 0.854 0.444
Gyro: 3.662 -2.639 12.161
Accel: 0.227 0.846 0.431
Gyro: 1.037 -5.981 14.328
Accel: 0.219 0.830 0.428
Gyro: 0.061 -9.170 16.143
Accel: 0.211 0.823 0.426
Gyro: 0.137 -11.764 17.532
Accel: 0.210 0.830 0.433
Gyro: 0.564 -13.580 18.600
Accel: 0.210 0.831 0.436
Gyro: 1.449 -15.014 19.256
Accel: 0.204 0.826 0.436
Gyro: 1.892 -15.991 19.226
Accel: 0.210 0.821 0.432
Gyro: 1.449 -16.525 18.768
Accel: 0.203 0.822 0.431
Gyro: 0.427 -16.677 17.639
Accel: 0.200 0.822 0.433
Gyro: 0.534 -16.647 16.098
Accel: 0.189 0.828 0.435
Gyro: -1.708 -16.036 13.992
Accel: 0.183 0.835 0.438
Gyro: -2.319 -14.831 11.505
Accel: 0.173 0.838 0.430
Gyro: -2.334 -13.320 9.307
Accel: 0.172 0.838 0.431
Gyro: -1.831 -11.505 7.675
Accel: 0.161 0.841 0.435
Gyro: 0.762 -9.674 5.905
Accel: 0.153 0.841 0.429
Gyro: 0.122 -8.178 0.076
Accel: 0.147 0.839 0.428
Gyro: 0.793 -6.622 2.212
Accel: 0.145 0.838 0.438
Gyro: 1.205 -5.615 1.159
Accel: 0.145 0.841 0.450
Gyro: 1.358 -4.913 0.244
Accel: 0.146 0.850 0.458
Gyro: 1.861 -4.470 0.534
Accel: 0.147 0.854 0.468
Gyro: 2.182 -4.074 0.793
Accel: 0.154 0.857 0.469
Gyro: 2.487 -3.692 3.814
Accel: 0.097 0.852 0.407
Gyro: 13.214 0.564 0.701
Accel: 0.146 0.855 0.479
Gyro: 10.452 0.747 0.534
Accel: 0.158 0.865 0.479
Gyro: 7.507 0.030 0.686
Accel: 0.150 0.865 0.469
Gyro: 4.516 0.289 -1.388
Accel: 0.145 0.862 0.457
Gyro: 2.197 0.549 -2.197
Accel: 0.130 0.848 0.452
Gyro: 0.778 0.427 -3.051
Accel: 0.130 0.832 0.467
Gyro: 0.488 0.137 -3.387
Accel: 0.131 0.825 0.479
Gyro: 1.007 0.228 -3.982
Accel: 0.139 0.826 0.484
Gyro: 2.105 1.052 -4.608
Accel: 0.148 0.834 0.478
Gyro: 2.822 2.410 -4.867
Accel: 0.149 0.850 0.471
Gyro: 3.326 3.585 -5.004
Accel: 0.150 0.872 0.451
Gyro: 3.448 3.585 -5.126
Accel: 0.147 0.879 0.439
Gyro: 2.899 3.265 -4.623
Accel: 0.138 0.876 0.431
Gyro: 2.029 2.593 -3.845
Accel: 0.136 0.874 0.424
Gyro: 1.373 1.480 -2.929
Accel: 0.136 0.872 0.420
Gyro: 0.823 0.411 -1.785
Accel: 0.134 0.871 0.418
Gyro: 0.045 0.045 0.900
Accel: 0.141 0.868 0.417
Gyro: -1.205 0.289 0.305
Accel: 0.147 0.867 0.425
Gyro: -2.487 0.137 0.366
Accel: 0.156 0.869 0.435
Gyro: -3.433 0.946 0.839
Accel: 0.161 0.874 0.434
Gyro: -3.631 1.388 0.640
Accel: 0.163 0.876 0.434
Gyro: -3.311 1.434 0.289
Accel: 0.161 0.877 0.434
Gyro: -3.051 1.937 0.061
Accel: 0.156 0.881 0.434
Gyro: -2.655 2.593 0.381
Accel: 0.148 0.884 0.430
Gyro: -2.731 3.402 0.411
Accel: 0.146 0.887 0.430
Gyro: -3.143 4.028 0.244
Accel: 0.147 0.896 0.432
Gyro: -3.692 4.379 1.449
Accel: 0.149 0.900 0.437
Gyro: -4.623 4.516 2.609
Accel: 0.150 0.897 0.450
Gyro: -5.218 4.776 3.402
Accel: 0.158 0.892 0.377
Gyro: -5.767 3.646 7.781
Accel: 0.169 0.895 0.420
Gyro: -6.713 1.419 4.287
Accel: 0.177 0.890 0.420
Gyro: -8.911 -1.159 4.638
Accel: 0.180 0.889 0.420
Gyro: -15.335 -3.952 4.653
Accel: 0.183 0.894 0.427
Gyro: -14.282 -6.744 4.943
Accel: 0.197 0.896 0.435
Gyro: -16.296 -10.711 6.027
Accel: 0.209 0.890 0.443
Gyro: -17.288 -15.335 7.812
Accel: 0.211 0.883 0.447
Gyro: -16.998 -19.683 10.025
Accel: 0.216 0.869 0.463
Gyro: -14.968 -23.529 11.978
Accel: 0.208 0.868 0.454
Gyro: -12.374 -27.969 12.939
Accel: 0.193 0.875 0.449
Gyro: -10.421 -31.478 13.305
Accel: 0.182 0.885 0.445
Gyro: -10.177 -33.950 13.290
Accel: 0.167 0.881 0.448
Gyro: -10.879 -35.919 13.885
Accel: 0.156 0.882 0.452
Gyro: -12.191 -38.284 14.678
Accel: 0.147 0.884 0.471
Gyro: -13.992 -40.008 15.350
Accel: 0.140 0.877 0.477
Gyro: -16.159 -41.732 16.174
Accel: 0.134 0.874 0.480
Gyro: -17.883 -43.426 16.799
Accel: 0.124 0.874 0.486
Gyro: -19.027 -44.799 16.662
Accel: 0.114 0.869 0.498
Gyro: -19.271 -45.059 16.113
Accel: 0.101 0.865 0.506
Gyro: -17.425 -43.960 15.472
Accel: 0.083 0.858 0.508
Gyro: -13.870 -41.839 14.694
Accel: 0.0000 0.865 0.507
Gyro: -9.292 -38.696 14.068
Accel: 0.044 0.870 0.500
Gyro: -5.203 -35.064 13.031
Accel: 0.035 0.868 0.492
Gyro: -1.678 -31.112 12.283
Accel: 0.034 0.868 0.489
Gyro: 0.198 -23.452 11.306
Accel: 0.035 0.869 0.491
Gyro: 1.419 -23.254 10.284
Accel: 0.031 0.862 0.503
Gyro: 3.326 -18.997 9.399
Accel: 0.028 0.861 0.510
Gyro: 5.340 -15.289 8.590
Accel: 0.017 0.864 0.508
Gyro: 6.546 -12.054 7.400
Accel: 0.0010 0.861 0.510
Gyro: 6.713 -8.621 6.134
Accel: 0.013 0.866 0.507
Gyro: 6.011 -5.615 5.035
Accel: 0.025 0.872 0.507
Gyro: 5.462 -3.021 3.555
Accel: 0.034 0.868 0.507
Gyro: 6.118 0.335 1.983
Accel: 0.038 0.869 0.503
Gyro: 7.415 2.517 0.549
Accel: 0.042 0.868 0.498
Gyro: 8.773 5.264 0.717
Accel: 0.043 0.869 0.500
Gyro: 9.719 7.369 -1.983
Accel: 0.045 0.869 0.504
Gyro: 10.345 9.262 -2.883
Accel: 0.049 0.870 0.501
Gyro: 10.620 10.269 -3.936
Accel: 0.054 0.871 0.504
Gyro: 10.711 11.138 -4.989
Accel: 0.064 0.876 0.502
Gyro: 10.406 11.596 -5.783
Accel: 0.072 0.876 0.498
Gyro: 10.009 11.596 -6.698
Accel: 0.078 0.876 0.494
Gyro: 9.552 11.810 -7.690
Accel: 0.083 0.876 0.491
Gyro: 9.368 12.237 -8.575
Accel: 0.083 0.878 0.484
Gyro: 9.262 12.405 -9.460
Accel: 0.088 0.880 0.476
Gyro: 9.063 12.512 -10.360
Accel: 0.087 0.881 0.474
Gyro: 8.789 12.817 -10.772
Accel: 0.088 0.883 0.468
Gyro: 8.148 12.420 -10.971
Accel: 0.085 0.886 0.465
Gyro: 6.851 11.825 -10.772
Accel: 0.089 0.887 0.472
Gyro: 5.416 11.642 -10.284
Accel: 0.101 0.890 0.485
Gyro: 4.714 11.398 -9.338
Accel: 0.114 0.889 0.492
Gyro: 5.477 11.062 -8.209
Accel: 0.115 0.891 0.491
Gyro: 6.881 10.375 -7.095
Accel: 0.116 0.891 0.480
Gyro: 7.492 9.552 -6.286
Accel: 0.123 0.895 0.476
Gyro: 6.607 8.819 -5.462
Accel: 0.136 0.894 0.471
Gyro: 4.592 7.064 -4.318
Accel: 0.144 0.893 0.461
Gyro: 1.846 3.753 -3.128
Accel: 0.145 0.893 0.457
Gyro: -2.243 -3.707 -1.556
Accel: 0.144 0.892 0.460
Gyro: -6.393 -2.944 0.518
Accel: 0.133 0.891 0.471
Gyro: -9.567 -5.905 2.456
Accel: 0.120 0.889 0.481
Gyro: -10.498 -8.682 4.638
Accel: 0.116 0.890 0.486
Gyro: -10.086 -10.818 6.530
Accel: 0.116 0.896 0.483
Gyro: -9.429 -12.725 8.468
Accel: 0.113 0.892 0.488
Gyro: -8.087 -14.221 10.040
Accel: 0.113 0.879 0.488
Gyro: -5.462 -15.716 11.627
Accel: 0.111 0.872 0.477
Gyro: -2.136 -16.708 13.259
Accel: 0.102 0.871 0.467
Gyro: 0.457 -16.876 14.968
Accel: 0.091 0.876 0.460
Gyro: 1.770 -16.601 16.708
Accel: 0.090 0.892 0.465
Gyro: 2.410 -16.677 18.417
Accel: 0.082 0.885 0.464
Gyro: 2.792 -15.899 19.256
Accel: 0.071 0.874 0.459
Gyro: 2.990 -15.182 19.088
Accel: 0.057 0.864 0.462
Gyro: 3.112 -13.732 18.524
Accel: 0.056 0.868 0.458
Gyro: 3.219 -12.344 18.203
Accel: 0.046 0.854 0.454
Gyro: 2.105 -10.269 16.677
Accel: 0.057 0.881 0.441
Gyro: 1.388 -7.736 16.769
Accel: 0.055 0.879 0.440
Gyro: 0.900 -4.623 16.662
Accel: 0.053 0.885 0.444
Gyro: 1.770 -1.602 16.983
Accel: 0.047 0.890 0.453
Gyro: 2.807 0.442 17.196
