Accel: 0.038 0.058 1.003
Gyro: 10.314 -1.220 1.739
Accel: 0.039 0.052 1.002
Gyro: 9.613 0.778 2.090
Accel: 0.036 0.048 1.003
Gyro: 9.826 0.823 2.105
Accel: 0.039 0.049 1.0001
Gyro: 9.994 0.762 2.075
Accel: 0.040 0.047 0.995
Gyro: 9.963 0.518 1.953
Accel: 0.043 0.046 0.988
Gyro: 9.155 0.015 1.770
Accel: 0.045 0.047 0.984
Gyro: 7.537 0.473 1.770
Accel: 0.037 0.041 0.988
Gyro: 6.866 0.274 1.190
Accel: 0.034 0.040 0.993
Gyro: 6.942 0.244 0.595
Accel: 0.037 0.042 0.992
Gyro: 7.141 0.427 0.061
Accel: 0.041 0.039 0.989
Gyro: 7.080 0.717 0.305
Accel: 0.044 0.039 0.989
Gyro: 6.378 0.762 0.350
Accel: 0.046 0.036 0.993
Gyro: 4.928 0.076 0.045
Accel: 0.047 0.032 0.996
Gyro: 4.196 0.045 0.442
Accel: 0.047 0.033 1.002
Gyro: 4.241 0.503 0.717
Accel: 0.047 0.035 1.006
Gyro: 4.501 0.320 0.869
Accel: 0.046 0.037 1.006
Gyro: 4.592 0.320 0.640
Accel: 0.044 0.037 1.005
Gyro: 4.348 0.244 0.381
Accel: 0.047 0.034 1.0001
Gyro: 3.219 0.076 0.274
Accel: 0.047 0.030 0.999
Gyro: 1.892 0.122 0.335
Accel: 0.045 0.028 0.998
Gyro: 1.083 0.167 0.289
Accel: 0.045 0.031 1.003
Gyro: 0.579 0.625 0.106
Accel: 0.043 0.033 1.008
Gyro: 0.198 0.930 0.259
Accel: 0.043 0.032 1.015
Gyro: -1.693 0.793 0.625
Accel: 0.044 0.031 1.016
Gyro: -7.553 0.610 0.778
Accel: 0.048 0.031 1.016
Gyro: -6.546 0.152 0.625
Accel: 0.051 0.032 1.017
Gyro: -9.384 0.640 0.091
Accel: 0.045 0.030 1.016
Gyro: -11.840 1.190 0.473
Accel: 0.042 0.029 1.022
Gyro: -12.954 1.266 0.762
Accel: 0.045 0.038 1.032
Gyro: -12.954 1.159 1.022
Accel: 0.047 0.051 1.042
Gyro: -12.786 1.892 1.846
Accel: 0.047 0.057 1.049
Gyro: -12.908 3.173 2.441
Accel: 0.049 0.058 1.057
Gyro: -12.771 4.623 2.792
Accel: 0.044 0.063 1.062
Gyro: -12.283 6.454 3.295
Accel: 0.044 0.064 1.065
Gyro: -11.260 7.949 3.738
Accel: 0.042 0.064 1.066
Gyro: -9.338 8.987 3.936
Accel: 0.045 0.065 1.064
Gyro: -6.713 9.460 3.982
Accel: 0.046 0.068 1.061
Gyro: -3.311 9.658 3.768
Accel: 0.050 0.069 1.054
Gyro: 0.259 8.956 3.173
Accel: 0.052 0.066 1.049
Gyro: 5.340 7.690 2.365
Accel: 0.052 0.060 1.040
Gyro: 10.284 6.118 1.296
Accel: 0.054 0.054 1.028
Gyro: 15.411 4.638 0.503
Accel: 0.059 0.053 1.012
Gyro: 19.332 3.204 0.061
Accel: 0.061 0.046 0.997
Gyro: 21.682 2.395 0.335
Accel: 0.060 0.037 0.983
Gyro: 23.132 1.785 0.488
Accel: 0.060 0.029 0.968
Gyro: 23.666 0.946 0.793
Accel: 0.058 0.023 0.955
Gyro: 23.071 0.183 0.930
Accel: 0.057 0.019 0.943
Gyro: 21.697 0.167 0.839
Accel: 0.054 0.0010 0.936
Gyro: 19.226 0.442 0.762
Accel: 0.054 0.008 0.930
Gyro: 15.686 0.411 0.427
Accel: 0.058 0.004 0.926
Gyro: 11.489 0.457 0.0000
Accel: 0.061 0.003 0.929
Gyro: 6.973 0.137 0.534
Accel: 0.062 0.006 0.932
Gyro: 3.234 -1.083 1.113
Accel: 0.061 0.008 0.939
Gyro: 0.427 -2.410 1.495
Accel: 0.058 0.011 0.947
Gyro: -3.280 -3.677 1.190
Accel: 0.055 0.020 0.957
Gyro: -5.981 -4.608 0.839
Accel: 0.051 0.026 0.963
Gyro: -7.965 -5.371 0.564
Accel: 0.052 0.030 0.973
Gyro: -9.796 -5.783 0.305
Accel: 0.053 0.033 0.982
Gyro: -11.505 -5.371 0.228
Accel: 0.052 0.037 0.989
Gyro: -13.504 -4.882 0.305
Accel: 0.051 0.039 1.062
Gyro: -15.106 -5.111 0.228
Accel: 0.053 0.043 1.012
Gyro: -16.189 -5.493 0.289
Accel: 0.054 0.052 1.026
Gyro: -16.921 -5.096 0.625
Accel: 0.049 0.057 1.039
Gyro: -17.303 -4.409 0.762
Accel: 0.044 0.064 1.053
Gyro: -17.318 -3.250 1.220
Accel: 0.041 0.064 1.068
Gyro: -16.738 -1.373 1.403
Accel: 0.040 0.073 1.082
Gyro: -16.189 3.875 1.266
Accel: 0.041 0.076 1.094
Gyro: -16.159 1.296 0.717
Accel: 0.047 0.075 1.109
Gyro: -16.616 2.288 0.167
Accel: 0.124 0.079 1.126
Gyro: -17.440 3.097 0.991
Accel: 0.087 0.084 1.148
Gyro: -19.104 3.509 -1.129
Accel: 0.099 0.074 1.168
Gyro: -19.760 3.570 -1.358
Accel: 0.103 0.068 1.191
Gyro: -18.875 3.509 -1.480
Accel: 0.106 0.077 1.205
Gyro: -16.036 3.402 -1.678
Accel: 0.105 0.088 1.210
Gyro: -10.955 3.631 -1.892
Accel: 0.101 0.103 1.214
Gyro: -6.027 4.104 -2.258
Accel: 0.095 0.113 1.212
Gyro: -1.464 4.821 -2.838
Accel: 0.094 0.121 1.206
Gyro: 1.358 5.416 -3.707
Accel: 0.099 0.126 1.201
Gyro: 0.976 5.050 -4.776
Accel: 0.116 0.126 1.197
Gyro: -2.807 3.890 -5.218
Accel: 0.136 0.116 1.195
Gyro: -9.262 1.785 -5.523
Accel: 0.153 0.106 1.198
Gyro: -15.045 0.732 -5.432
Accel: 0.157 0.104 1.202
Gyro: -18.432 -1.983 -4.959
Accel: 0.164 0.111 1.202
Gyro: -19.256 -1.480 -4.302
Accel: 0.171 0.125 1.197
Gyro: -18.218 0.457 -3.906
Accel: 0.176 0.140 1.197
Gyro: -16.281 0.167 -4.119
Accel: 0.188 0.148 1.189
Gyro: -14.907 0.030 -4.745
Accel: 0.199 0.164 1.182
Gyro: -15.335 0.411 -5.096
Accel: 0.208 0.173 1.184
Gyro: -16.906 -1.251 -5.218
Accel: 0.207 0.182 1.191
Gyro: -19.561 -2.120 -5.310
Accel: 0.202 0.177 1.204
Gyro: -23.895 -3.067 -5.310
Accel: 0.196 0.170 1.221
Gyro: -27.709 -4.989 -5.462
Accel: 0.193 0.169 1.239
Gyro: -32.516 -7.873 -4.226
Accel: 0.200 0.173 1.254
Gyro: -37.979 -11.032 -2.136
Accel: 0.172 0.159 1.268
Gyro: -43.090 -12.741 0.0000
Accel: 0.137 0.167 1.269
Gyro: -46.722 -13.732 3.158
Accel: 0.108 0.163 1.284
Gyro: -46.127 -14.328 6.881
Accel: 0.090 0.176 1.290
Gyro: -42.373 -12.847 12.756
Accel: 0.087 0.183 1.277
Gyro: -36.926 -10.848 19.577
Accel: 0.078 0.169 1.263
Gyro: -30.426 -8.209 25.421
Accel: 0.061 0.147 1.187
Gyro: -20.690 -4.562 29.251
Accel: 0.034 0.123 1.236
Gyro: -4.989 -1.235 30.319
Accel: 0.008 0.123 1.215
Gyro: 6.988 1.495 30.181
Accel: 0.006 0.124 1.187
Gyro: 13.641 3.860 29.983
Accel: 0.0001 0.103 1.197
Gyro: 25.329 4.211 28.259
Accel: 0.014 0.101 1.208
Gyro: 38.986 3.158 24.887
Accel: 0.025 0.134 1.200
Gyro: 54.061 3.524 22.064
Accel: 0.027 0.164 1.166
Gyro: 68.435 5.294 20.004
Accel: 0.034 0.169 1.064
Gyro: 83.374 7.019 17.837
Accel: 0.036 0.147 1.081
Gyro: 94.238 7.781 15.380
Accel: 0.031 0.116 1.036
Gyro: 99.380 7.888 13.519
Accel: 0.024 0.084 0.988
Gyro: 99.121 8.117 13.0000
Accel: 0.012 0.060 0.935
Gyro: 94.757 8.438 14.511
Accel: 0.0001 0.030 0.890
Gyro: 87.219 8.499 17.135
Accel: 0.0000 0.020 0.860
Gyro: 77.667 8.392 20.019
Accel: 0.009 0.077 0.836
Gyro: 63.491 9.155 21.728
Accel: 0.021 0.185 0.816
Gyro: 50.827 10.482 22.476
Accel: 0.023 0.171 0.807
Gyro: 41.625 10.925 22.750
Accel: 0.020 0.197 0.799
Gyro: 28.854 10.894 22.338
Accel: 0.017 0.193 0.793
Gyro: 15.792 9.017 21.240
Accel: 0.020 0.177 0.793
Gyro: 3.677 6.454 15.808
Accel: 0.021 0.154 0.801
Gyro: -7.095 4.302 17.593
Accel: 0.0010 0.103 0.814
Gyro: -16.281 2.258 16.265
Accel: 0.020 0.050 0.827
Gyro: -26.931 0.473 16.555
Accel: 0.044 0.004 0.842
Gyro: -27.786 -3.967 18.920
Accel: 0.052 0.031 0.866
Gyro: -30.853 -7.400 21.713
Accel: 0.042 0.029 0.891
Gyro: -33.279 -9.750 23.559
Accel: 0.027 0.006 0.918
Gyro: -35.766 -11.825 23.880
Accel: 0.014 0.033 0.957
Gyro: -37.643 -14.907 22.674
Accel: 0.003 0.062 0.992
Gyro: -38.360 -17.028 20.294
Accel: 0.016 0.066 1.0010
Gyro: -36.499 -18.005 17.333
Accel: 0.065 0.008 1.021
Gyro: -2.731 -1.556 0.335
Accel: 0.059 0.015 1.022
Gyro: -3.677 -1.678 0.122
Accel: 0.051 0.024 1.024
Gyro: -4.730 -2.243 0.640
Accel: 0.049 0.031 1.029
Gyro: -5.493 -3.112 -1.861
Accel: 0.053 0.022 1.033
Gyro: -5.706 -4.333 -3.463
Accel: 0.056 0.015 1.043
Gyro: -5.874 -5.630 -5.172
Accel: 0.060 0.012 1.047
Gyro: -5.722 -6.515 -6.103
Accel: 0.061 0.018 1.047
Gyro: -4.928 -7.369 -6.210
Accel: 0.055 0.026 1.046
Gyro: -3.662 -3.936 -5.889
Accel: 0.048 0.031 1.044
Gyro: -2.182 -7.919 -5.172
Accel: 0.041 0.035 1.037
Gyro: 0.488 -7.339 -4.470
Accel: 0.039 0.029 1.033
Gyro: 0.915 -6.332 -3.982
Accel: 0.040 0.028 1.029
Gyro: 1.785 -5.340 -3.677
Accel: 0.042 0.032 1.024
Gyro: 2.502 -4.150 -3.494
Accel: 0.040 0.031 1.019
Gyro: 2.899 -3.112 -3.494
Accel: 0.040 0.028 1.014
Gyro: 3.921 -2.380 -3.677
Accel: 0.035 0.025 1.0010
Gyro: 5.203 -1.785 -3.906
Accel: 0.028 0.020 1.007
Gyro: 6.576 0.762 -4.135
Accel: 0.025 0.016 1.0000
Gyro: 8.346 0.961 -4.287
Accel: 0.028 0.011 0.995
Gyro: 10.116 2.487 -4.364
Accel: 0.036 0.0010 0.986
Gyro: 11.718 3.311 -4.364
Accel: 0.040 0.011 0.975
Gyro: 12.908 4.028 -4.013
Accel: 0.040 0.014 0.962
Gyro: 13.320 4.791 -3.570
Accel: 0.040 0.016 0.955
Gyro: 13.107 5.294 -2.975
Accel: 0.037 0.011 0.947
Gyro: 11.703 5.477 -2.624
Accel: 0.037 0.006 0.942
Gyro: 10.162 5.737 -2.731
Accel: 0.039 0.003 0.941
Gyro: 8.178 5.981 -2.731
Accel: 0.035 0.0010 0.944
Gyro: 6.103 5.935 -2.578
Accel: 0.031 0.014 0.947
Gyro: 4.241 5.889 -2.319
Accel: 0.028 0.016 0.954
Gyro: 2.792 5.599 -2.288
Accel: 0.026 0.019 0.958
Gyro: 1.327 4.989 -2.624
Accel: 0.028 0.019 0.959
Gyro: 0.259 4.318 -3.219
Accel: 0.029 0.018 0.966
Gyro: 0.717 3.234 -4.028
Accel: 0.029 0.018 0.970
Gyro: -1.861 2.151 -4.943
Accel: 0.029 0.020 0.977
Gyro: -3.097 0.900 -5.584
Accel: 0.031 0.019 0.983
Gyro: -4.379 0.335 -6.225
Accel: 0.027 0.017 0.990
Gyro: -5.126 -1.586 -6.652
Accel: 0.027 0.013 1.0000
Gyro: -5.599 -2.807 -6.896
Accel: 0.028 0.013 1.006
Gyro: -5.905 -4.287 -7.080
Accel: 0.030 0.014 1.012
Gyro: -5.615 -5.493 -7.003
Accel: 0.030 0.013 1.017
Gyro: -5.294 -6.469 -7.064
Accel: 0.031 0.0010 1.017
Gyro: -4.409 -7.431 -7.064
Accel: 0.032 0.009 1.017
Gyro: -3.494 -7.919 -7.492
Accel: 0.032 0.0010 1.016
Gyro: -2.700 -8.255 -7.690
Accel: 0.036 0.0010 1.014
Gyro: -2.304 -8.422 -7.873
Accel: 0.039 0.0010 1.011
Gyro: -2.456 -8.590 -7.751
Accel: 0.041 0.009 1.009
Gyro: -2.853 -8.621 -7.507
Accel: 0.040 0.007 1.008
Gyro: -3.311 -8.529 -7.049
Accel: 0.035 0.0001 1.009
Gyro: -3.723 -8.041 -6.652
Accel: 0.032 0.0000 1.009
Gyro: -3.936 -7.308 -6.210
Accel: 0.031 0.0000 1.011
Gyro: -4.043 -6.195 -5.676
Accel: 0.030 0.0000 1.013
Gyro: -3.997 -4.959 -5.249
Accel: 0.031 0.002 1.016
Gyro: -3.875 -3.967 -5.142
Accel: 0.034 0.003 1.017
Gyro: -3.540 -3.356 -5.203
Accel: 0.034 0.008 1.019
Gyro: -3.219 -2.899 -5.157
Accel: 0.034 0.009 1.018
Gyro: -2.960 -2.487 -5.249
Accel: 0.031 0.007 1.018
Gyro: -2.609 -2.349 -5.233
Accel: 0.026 0.003 1.015
Gyro: -2.502 -2.090 -5.172
Accel: 0.023 0.062 1.013
Gyro: -2.273 -2.059 -5.126
Accel: 0.021 0.0000 1.0010
Gyro: -1.678 -1.815 -5.218
Accel: 0.023 0.005 1.011
Gyro: 0.915 -1.632 -5.340
Accel: 0.030 0.009 1.007
Gyro: 0.030 -1.281 -5.538
Accel: 0.035 0.016 1.003
Gyro: 0.854 -1.190 -5.767
Accel: 0.034 0.016 1.0000
Gyro: 1.525 -1.449 -5.935
Accel: 0.029 0.015 0.997
Gyro: 1.632 -2.029 -6.408
Accel: 0.020 0.015 0.994
Gyro: 1.373 -2.578 -7.034
Accel: 0.018 0.018 0.992
Gyro: 1.388 -3.082 -7.659
Accel: 0.017 0.021 0.990
Gyro: 1.327 -3.036 -7.888
Accel: 0.026 0.021 0.989
Gyro: 1.052 -2.685 -7.659
Accel: 0.030 0.019 0.983
Gyro: 0.595 -2.960 -7.110
Accel: 0.027 0.012 0.980
Gyro: 0.030 -3.921 -6.698
Accel: 0.017 0.002 0.983
Gyro: 0.762 -5.233 -6.942
Accel: 0.003 0.005 0.984
Gyro: -1.312 -6.576 -7.843
Accel: 0.003 0.006 0.979
Gyro: -1.358 -7.278 -9.246
Accel: 0.0001 0.0000 0.973
Gyro: 0.381 -7.278 -10.818
Accel: 0.005 0.015 0.965
Gyro: 1.068 -6.637 -11.962
Accel: 0.016 0.027 0.957
Gyro: 2.166 -5.874 -12.191
Accel: 0.024 0.037 0.949
Gyro: 2.883 -5.401 -11.856
Accel: 0.028 0.046 0.941
Gyro: 2.746 -5.233 -11.566
Accel: 0.023 0.050 0.937
Gyro: 2.014 -5.004 -11.260
Accel: 0.015 0.053 0.932
Gyro: 0.640 -5.126 -11.260
Accel: 0.003 0.052 0.933
Gyro: 0.991 -5.371 -11.978
Accel: 0.009 0.050 0.935
Gyro: -2.532 -5.264 -12.939
Accel: 0.009 0.045 0.934
Gyro: -3.311 -4.791 -13.748
Accel: 0.006 0.041 0.927
Gyro: -3.463 -3.814 -14.083
Accel: 0.007 0.048 0.924
Gyro: -3.021 -2.532 -13.595
Accel: 0.023 0.054 0.917
Gyro: -2.136 0.869 -12.481
Accel: 0.031 0.057 0.908
Gyro: -1.083 0.762 -10.604
Accel: 0.036 0.060 0.895
Gyro: 0.198 1.663 -8.239
Accel: 0.034 0.064 0.883
Gyro: 0.122 2.166 -6.362
Accel: 0.038 0.076 0.878
Gyro: 0.976 2.014 -5.142
Accel: 0.036 0.081 0.872
Gyro: -2.182 1.312 -3.982
Accel: 0.017 0.077 0.865
Gyro: -3.387 1.449 -2.670
Accel: 0.014 0.076 0.854
Gyro: -4.531 3.021 -1.739
Accel: 0.030 0.074 0.833
Gyro: -4.623 5.142 0.961
Accel: 0.032 0.074 0.807
Gyro: -3.738 6.210 0.625
Accel: 0.027 0.073 0.780
Gyro: -3.387 7.156 0.625
Accel: 0.009 0.066 0.688
Gyro: -4.333 8.544 0.564
Accel: 0.011 0.053 0.718
Gyro: -6.851 9.155 0.274
Accel: 0.032 0.049 0.693
Gyro: -10.803 10.299 1.510
Accel: 0.051 0.046 0.673
Gyro: -15.808 11.352 2.853
Accel: 0.055 0.036 0.653
Gyro: -20.965 12.420 4.135
Accel: 0.063 0.033 0.641
Gyro: -25.314 13.595 4.959
Accel: 0.066 0.023 0.627
Gyro: -28.076 14.511 4.852
Accel: 0.050 0.0000 0.597
Gyro: -27.908 16.174 3.723
Accel: 0.027 0.033 0.559
Gyro: -24.765 19.042 1.953
Accel: 0.0010 0.054 0.503
Gyro: -18.661 21.774 0.915
Accel: 0.012 0.069 0.447
Gyro: -10.589 25.238 -4.669
Accel: 0.031 0.088 0.385
Gyro: -1.892 30.151 -8.300
Accel: 0.036 0.108 0.324
Gyro: 7.965 35.751 -11.322
Accel: 0.0010 0.106 0.268
Gyro: 17.532 40.725 -14.999
Accel: 0.0001 0.110 0.208
Gyro: 26.107 44.830 -19.088
Accel: 0.017 0.096 0.119
Gyro: 35.842 45.761 -23.0010
Accel: 0.011 0.017 0.171
Gyro: 40.573 49.270 -28.137
Accel: 0.030 0.012 0.058
Gyro: 42.388 52.307 -32.592
Accel: 0.040 0.023 0.039
Gyro: 44.662 54.397 -34.332
Accel: 0.003 0.014 0.031
Gyro: 47.546 55.740 -34.255
Accel: 0.013 0.014 0.015
Gyro: 50.231 57.403 -34.362
Accel: 0.007 0.011 0.042
Gyro: 52.154 58.685 -34.423
Accel: 0.007 0.012 0.048
Gyro: 53.771 60.058 -34.500
Accel: 0.004 0.013 0.050
Gyro: 54.855 61.187 -34.667
Accel: 0.0000 0.012 0.059
Gyro: 56.091 62.088 -34.545
Accel: 0.006 0.008 0.053
Gyro: 56.930 63.140 -34.225
Accel: 0.002 0.009 0.056
Gyro: 57.418 63.934 -34.210
Accel: 0.002 0.005 0.056
Gyro: 57.373 65.078 -34.454
Accel: 0.004 0.006 0.065
Gyro: 56.777 65.856 -34.790
Accel: 0.002 0.007 0.061
Gyro: 56.411 66.970 -39.062
Accel: 0.005 0.006 0.069
Gyro: 55.847 67.764 -35.675
Accel: 0.004 0.0010 0.066
Gyro: 55.694 68.588 -36.254
Accel: 0.006 0.009 0.066
Gyro: 55.801 69.259 -36.834
Accel: 0.004 0.0010 0.070
Gyro: 56.167 69.732 -37.277
Accel: 0.004 0.060 0.067
Gyro: 57.083 70.266 -36.254
Accel: 0.050 0.049 0.105
Gyro: 53.787 70.434 -41.076
Accel: 0.027 0.028 0.041
Gyro: 35.552 71.517 -67.520
Accel: 0.948 0.036 4.102
Gyro: -280.227 -110.534 -163.192
Accel: -1.350 -1.529 6.126
Gyro: -499.969 -231.826 -171.752
Accel: -1.977 -3.846 7.999
Gyro: -499.969 -262.985 -98.663
Accel: -1.208 -1.750 0.599
Gyro: 165.161 143.753 -34.835
Accel: -1.178 0.125 -3.040
Gyro: 52.871 125.122 -42.282
Accel: 0.618 0.090 0.887
Gyro: 25.314 52.307 -49.850
Accel: 0.687 0.026 0.046
Gyro: 3.341 18.905 -56.213
Accel: 0.478 0.037 0.464
Gyro: -30.807 7.766 -68.450
Accel: 0.197 0.045 0.206
Gyro: -82.275 -13.046 -75.592
Accel: 0.621 0.249 1.503
Gyro: -150.497 -135.238 -80.444
Accel: 0.551 -1.105 6.019
Gyro: 50.186 -43.365 -44.113
Accel: -1.396 0.138 1.375
Gyro: 26.428 -36.0010 -10.665
Accel: -1.205 0.025 1.078
Gyro: -42.556 -78.613 14.984
Accel: 0.601 0.197 2.115
Gyro: -45.257 -56.503 15.625
Accel: 0.306 0.405 1.567
Gyro: -28.961 -33.905 14.358
Accel: 0.250 0.440 1.280
Gyro: -16.662 -43.838 11.489
Accel: 0.287 0.539 1.446
Gyro: 2.014 -48.019 6.393
Accel: 0.258 0.545 1.349
Gyro: 19.012 -45.623 0.717
Accel: 0.255 0.494 1.191
Gyro: 28.381 -42.587 -6.149
Accel: 0.287 0.414 1.115
Gyro: 31.188 -37.002 -7.125
Accel: 0.279 0.332 1.074
Gyro: 30.715 -32.409 -4.531
Accel: 0.237 0.245 1.063
Gyro: 26.275 -29.663 0.976
Accel: 0.216 0.171 1.064
Gyro: 20.233 -29.586 2.716
Accel: 0.204 0.120 1.043
Gyro: 8.148 -30.242 6.149
Accel: 0.184 0.111 1.017
Gyro: -2.944 -29.083 8.392
Accel: 0.169 0.124 0.999
Gyro: -11.077 -27.252 9.033
Accel: 0.119 0.152 1.015
Gyro: -20.248 -24.993 7.095
Accel: 0.085 0.166 0.989
Gyro: -26.199 -21.347 4.302
Accel: 0.070 0.175 0.957
Gyro: -30.258 -18.722 1.480
Accel: 0.084 0.195 0.875
Gyro: -32.714 -15.991 0.076
Accel: 0.097 0.215 0.929
Gyro: -31.967 -12.557 0.381
Accel: 0.0100 0.234 0.935
Gyro: -27.175 -8.956 0.762
Accel: 0.093 0.250 0.921
Gyro: -15.808 -5.187 -2.151
Accel: 0.101 0.256 0.907
Gyro: -10.787 -2.792 -4.119
Accel: 0.112 0.262 0.893
Gyro: -1.174 -2.456 -5.889
Accel: 0.114 0.264 0.876
Gyro: 7.049 -4.058 -6.240
Accel: 0.0100 0.267 0.890
Gyro: 12.695 -5.783 -6.225
Accel: 0.098 0.264 0.895
Gyro: 15.930 -5.859 -6.362
Accel: 0.123 0.171 0.768
Gyro: 13.259 2.578 -9.078
Accel: 0.274 0.192 0.986
Gyro: 10.559 -1.296 -8.377
Accel: 0.095 0.097 1.006
Gyro: 8.041 1.037 -9.567
Accel: 0.072 0.133 0.993
Gyro: 12.0100 2.441 -10.818
Accel: 0.078 0.176 1.033
Gyro: 13.137 11.840 -11.596
Accel: 0.085 0.181 1.021
Gyro: 13.641 15.518 -12.939
Accel: 0.125 0.182 0.979
Gyro: 14.389 14.907 -13.977
Accel: 0.136 0.197 0.988
Gyro: 15.411 14.648 -13.916
Accel: 0.105 0.208 1.012
Gyro: 11.734 17.166 -11.566
Accel: 0.185 0.146 0.959
Gyro: 7.110 13.916 -9.918
Accel: 0.187 0.134 1.016
Gyro: -1.327 6.942 -7.202
Accel: 0.195 0.132 1.048
Gyro: -8.392 4.806 -3.677
Accel: 0.165 0.155 1.050
Gyro: -8.132 -1.998 0.991
Accel: 0.145 0.179 0.960
Gyro: 1.785 -11.962 0.747
Accel: 0.079 0.204 0.980
Gyro: 6.835 -11.642 3.173
Accel: 0.072 0.157 1.068
Gyro: 3.845 -4.104 1.052
Accel: 0.054 0.133 1.004
Gyro: -3.997 -2.426 -2.563
Accel: 0.124 0.144 1.028
Gyro: -10.772 0.289 -3.738
Accel: 0.084 0.195 1.025
Gyro: -7.873 1.449 -2.899
Accel: 0.096 0.263 0.992
Gyro: -8.148 2.700 -1.739
Accel: 0.116 0.318 0.967
Gyro: -2.166 4.135 -1.663
Accel: 0.122 0.341 0.956
Gyro: 5.493 5.905 -1.388
Accel: 0.104 0.323 0.999
Gyro: 16.387 9.002 1.052
Accel: 0.071 0.278 0.940
Gyro: 27.603 12.771 3.601
Accel: 0.046 0.229 0.932
Gyro: 37.017 16.372 4.241
Accel: 0.122 0.178 0.914
Gyro: 40.557 20.355 2.502
Accel: 0.089 0.142 0.916
Gyro: 39.0001 23.559 0.244
Accel: 0.104 0.136 0.926
Gyro: 35.583 25.680 -1.770
Accel: 0.128 0.152 0.943
Gyro: 31.875 25.497 -3.372
Accel: 0.164 0.149 0.972
Gyro: 26.382 24.139 -5.416
Accel: 0.203 0.140 0.979
Gyro: 19.073 21.560 -7.293
Accel: 0.231 0.138 0.986
Gyro: 7.919 15.274 -8.285
Accel: 0.209 0.143 1.017
Gyro: 3.585 10.025 -5.249
Accel: 0.143 0.156 1.017
Gyro: 0.747 10.604 3.616
Accel: 0.139 0.127 0.973
Gyro: 1.815 12.832 10.940
Accel: 0.189 0.079 0.954
Gyro: 0.305 10.833 8.819
Accel: 0.203 0.0001 0.901
Gyro: 5.737 0.946 1.708
Accel: 0.167 0.020 0.951
Gyro: 0.869 0.030 0.396
Accel: 0.156 0.088 1.017
Gyro: -5.218 -5.264 0.839
Accel: 0.187 0.144 1.082
Gyro: -11.260 -10.360 2.639
Accel: 0.207 0.195 1.116
Gyro: -11.367 -14.862 3.936
Accel: 0.193 0.238 1.115
Gyro: -6.683 -21.240 6.790
Accel: 0.161 0.277 1.081
Gyro: -1.052 -24.734 10.559
Accel: 0.152 0.258 1.063
Gyro: 3.723 -24.688 13.336
Accel: 0.132 0.198 1.054
Gyro: 6.042 -23.574 14.038
Accel: 0.109 0.181 1.030
Gyro: 7.324 -23.056 13.015
Accel: 0.095 0.181 1.004
Gyro: 7.751 -22.384 11.154
Accel: 0.097 0.171 0.986
Gyro: 6.271 -21.072 8.804
Accel: 0.103 0.170 0.991
Gyro: 3.662 -20.492 6.317
Accel: 0.104 0.174 1.003
Gyro: 1.831 -19.210 4.486
Accel: 0.095 0.241 1.024
Gyro: 0.991 -16.342 5.416
Accel: 0.099 0.203 1.047
Gyro: 3.204 -11.428 6.240
Accel: 0.087 0.177 1.064
Gyro: 7.843 -7.736 5.630
Accel: 0.076 0.179 1.057
Gyro: 12.176 -5.783 5.020
Accel: 0.081 0.180 1.038
Gyro: 14.129 -3.433 5.355
Accel: 0.101 0.176 1.033
Gyro: 14.205 0.366 6.484
Accel: 0.110 0.150 1.046
Gyro: 12.435 1.831 7.003
Accel: 0.104 0.065 1.062
Gyro: 9.582 3.982 6.637
Accel: 0.098 0.106 1.070
Gyro: 8.316 5.630 5.569
Accel: 0.104 0.114 1.081
Gyro: 9.613 6.515 5.966
Accel: 0.114 0.099 1.082
Gyro: 12.588 8.255 7.278
Accel: 0.119 0.139 1.071
Gyro: 16.265 9.918 8.834
Accel: 0.124 0.150 1.049
Gyro: 19.943 10.971 10.162
Accel: 0.069 0.187 1.033
Gyro: 25.085 9.674 11.367
Accel: 0.115 0.147 0.999
Gyro: 27.755 8.392 11.810
Accel: 0.152 0.132 0.974
Gyro: 26.184 5.706 11.703
Accel: 0.159 0.094 0.958
Gyro: 22.247 3.234 11.276
Accel: 0.157 0.083 0.941
Gyro: 17.471 2.685 10.879
Accel: 0.152 0.079 0.937
Gyro: 12.573 2.838 10.787
Accel: 0.138 0.081 0.875
Gyro: 9.048 3.372 11.169
Accel: 0.126 0.084 0.934
Gyro: 7.095 3.829 12.481
Accel: 0.139 0.095 0.932
Gyro: 5.676 5.111 14.144
Accel: 0.148 0.112 0.929
Gyro: 4.333 7.446 15.502
Accel: 0.149 0.123 0.924
Gyro: 3.753 9.353 16.540
Accel: 0.143 0.129 0.918
Gyro: 2.883 10.757 16.586
Accel: 0.125 0.128 0.929
Gyro: 0.717 11.413 14.755
Accel: 0.118 0.134 0.998
Gyro: -1.419 10.955 11.459
Accel: 0.135 0.124 0.958
Gyro: -2.624 10.131 8.422
Accel: 0.138 0.121 0.963
Gyro: -2.944 9.780 6.011
Accel: 0.152 0.126 0.975
Gyro: -4.089 7.980 5.004
Accel: 0.174 0.124 0.989
Gyro: -6.713 2.456 4.592
Accel: 0.184 0.120 1.011
Gyro: -9.292 -4.043 4.074
Accel: 0.174 0.131 1.027
Gyro: -10.681 -7.980 3.829
Accel: 0.138 0.141 1.050
Gyro: -9.338 -9.857 3.662
Accel: 0.123 0.127 1.060
Gyro: -5.477 -10.696 3.204
Accel: 0.114 0.118 1.066
Gyro: 3.570 -10.726 3.387
Accel: 0.108 0.113 1.082
Gyro: 6.607 -9.658 3.768
Accel: 0.109 0.109 1.091
Gyro: 18.600 -8.0010 3.890
Accel: 0.124 0.120 1.096
Gyro: 24.002 -7.171 4.318
Accel: 0.142 0.128 1.092
Gyro: 32.119 -8.209 4.730
Accel: 0.155 0.115 1.078
Gyro: 37.933 -10.665 4.714
Accel: 0.163 0.105 1.069
Gyro: 41.809 -13.351 4.241
Accel: 0.165 0.0100 1.053
Gyro: 43.807 -19.271 4.013
Accel: 0.163 0.083 1.047
Gyro: 43.640 -17.730 3.967
Accel: 0.159 0.072 1.037
Gyro: 43.045 -18.402 4.196
Accel: 0.157 0.068 1.021
Gyro: 41.931 -17.288 4.882
Accel: 0.142 0.0000 1.002
Gyro: 40.466 -14.663 5.371
Accel: 0.119 0.044 0.984
Gyro: 37.704 -11.703 5.172
Accel: 0.107 0.025 0.969
Gyro: 33.081 -8.895 4.211
Accel: 0.111 0.013 0.956
Gyro: 26.397 -6.896 3.280
Accel: 0.110 0.006 0.945
Gyro: 18.218 -6.500 2.258
Accel: 0.117 0.007 0.941
Gyro: 8.819 -7.278 1.113
Accel: 0.128 0.008 0.947
Gyro: -3.341 -7.904 0.213
Accel: 0.126 0.0000 0.959
Gyro: -11.230 -7.934 0.808
Accel: 0.118 0.007 0.968
Gyro: -13.366 -7.995 0.640
Accel: 0.114 0.020 0.968
Gyro: -16.769 -7.888 0.335
Accel: 0.106 0.038 0.966
Gyro: -18.997 -8.148 0.091
Accel: 0.102 0.039 0.962
Gyro: -21.591 -7.888 0.427
Accel: 0.112 0.031 0.965
Gyro: -24.810 -7.461 0.061
Accel: 0.115 0.039 0.959
Gyro: -31.250 -7.034 0.244
Accel: 0.112 0.046 0.965
Gyro: -29.357 -7.141 0.457
Accel: 0.105 0.049 0.975
Gyro: -29.891 -7.446 0.015
Accel: 0.096 0.058 0.987
Gyro: -29.190 -7.247 0.564
Accel: 0.094 0.068 0.997
Gyro: -26.626 -7.202 -1.098
Accel: 0.096 0.072 1.0001
Gyro: -22.201 -7.125 -1.159
Accel: 0.093 0.066 1.0001
Gyro: -16.265 -6.103 -1.052
Accel: 0.092 0.069 0.994
Gyro: -10.559 -4.989 0.625
Accel: 0.099 0.084 0.978
Gyro: -7.400 -3.906 0.244
Accel: 0.105 0.094 0.957
Gyro: -6.362 -3.433 0.061
Accel: 0.108 0.102 0.949
Gyro: -8.316 -4.135 0.305
Accel: 0.119 0.099 0.951
Gyro: -11.016 -4.776 0.213
Accel: 0.063 0.108 0.950
Gyro: -13.305 -5.630 0.076
Accel: 0.124 0.107 0.950
Gyro: -15.274 -7.003 0.808
Accel: 0.112 0.079 0.950
Gyro: -16.799 -7.781 0.518
Accel: 0.080 0.065 0.952
Gyro: -17.227 -8.590 -1.037
Accel: 0.075 0.082 0.951
Gyro: -17.639 -8.926 -1.556
Accel: 0.078 0.087 0.950
Gyro: -18.402 -8.789 -1.586
Accel: 0.073 0.087 0.948
Gyro: -19.927 -7.965 -1.998
Accel: 0.079 0.093 0.949
Gyro: -22.521 -8.712 -2.502
Accel: 0.083 0.103 0.959
Gyro: -24.398 -10.192 -2.868
Accel: 0.077 0.114 0.973
Gyro: -25.222 -11.703 -3.051
Accel: 0.072 0.123 0.990
Gyro: -25.558 -12.451 -2.655
Accel: 0.065 0.117 1.006
Gyro: -24.505 -12.130 -2.288
Accel: 0.054 0.116 1.017
Gyro: -22.399 -11.108 -1.647
Accel: 0.052 0.117 1.023
Gyro: -19.027 -10.299 -1.510
Accel: 0.050 0.131 1.021
Gyro: -14.739 -8.560 0.839
Accel: 0.051 0.134 1.017
Gyro: -10.818 -6.668 0.503
Accel: 0.048 0.131 1.016
Gyro: -7.446 -5.035 0.518
Accel: 0.053 0.138 1.018
Gyro: -5.096 -4.974 0.457
Accel: 0.059 0.137 1.022
Gyro: -3.158 -5.386 0.167
Accel: 0.061 0.123 1.031
Gyro: -1.098 -5.996 0.106
Accel: 0.056 0.112 1.036
Gyro: 0.411 -5.783 0.106
Accel: 0.046 0.098 1.035
Gyro: 1.953 -5.279 0.167
Accel: 0.039 0.090 1.033
Gyro: 7.736 -3.631 0.289
Accel: 0.039 0.090 1.028
Gyro: 6.408 -1.831 0.457
Accel: 0.044 0.096 1.017
Gyro: 9.216 0.335 0.595
Accel: 0.053 0.098 1.0010
Gyro: 11.184 0.518 0.686
Accel: 0.058 0.095 1.0000
Gyro: 11.871 0.793 0.595
Accel: 0.065 0.093 0.993
Gyro: 10.848 0.335 0.350
Accel: 0.069 0.096 0.988
Gyro: 8.712 0.167 0.518
Accel: 0.071 0.089 0.987
Gyro: 5.554 0.625 0.579
Accel: 0.066 0.077 0.985
Gyro: 3.021 1.541 0.549
Accel: 0.056 0.077 0.981
Gyro: 0.930 2.410 0.778
Accel: 0.055 0.078 0.983
Gyro: -1.098 3.295 1.052
Accel: 0.056 0.082 0.983
Gyro: -2.822 4.028 0.534
Accel: 0.062 0.099 0.986
Gyro: -4.119 5.065 0.335
Accel: 0.067 0.117 0.988
Gyro: -5.249 6.088 0.473
Accel: 0.073 0.127 0.993
Gyro: -6.958 6.820 0.656
Accel: 0.076 0.134 0.995
Gyro: -9.323 7.629 1.113
Accel: 0.078 0.134 0.999
Gyro: -11.856 8.102 1.266
Accel: 0.082 0.137 1.005
Gyro: -14.083 7.843 1.296
Accel: 0.087 0.140 1.012
Gyro: -15.350 6.835 1.083
Accel: 0.084 0.148 1.015
Gyro: -15.411 5.615 0.900
Accel: 0.084 0.159 1.015
Gyro: -14.556 4.119 0.885
Accel: 0.085 0.156 1.019
Gyro: -13.717 2.822 0.473
Accel: 0.081 0.162 1.018
Gyro: -13.092 1.815 0.503
Accel: 0.076 0.158 1.016
Gyro: -13.0000 0.076 0.503
Accel: 0.068 0.147 1.019
Gyro: -13.870 -2.349 0.167
Accel: 0.064 0.149 1.022
Gyro: -15.686 -5.096 0.717
Accel: 0.067 0.156 1.032
Gyro: -17.684 -7.766 0.900
Accel: 0.071 0.162 1.043
Gyro: -18.981 -9.445 -1.022
Accel: 0.080 0.172 1.055
Gyro: -19.439 -10.299 0.473
Accel: 0.094 0.178 1.064
Gyro: -19.271 -9.918 0.991
Accel: 0.106 0.196 1.069
Gyro: -18.447 -8.514 3.494
Accel: 0.115 0.217 1.073
Gyro: -17.501 -6.835 6.866
Accel: 0.109 0.224 1.080
Gyro: -17.639 -6.607 9.841
Accel: 0.092 0.217 1.084
Gyro: -18.997 -7.064 11.871
Accel: 0.075 0.209 1.086
Gyro: -19.226 -7.522 13.473
Accel: 0.059 0.200 1.086
Gyro: -17.974 -7.751 14.434
Accel: 0.050 0.189 1.090
Gyro: -15.853 -6.988 15.380
Accel: 0.044 0.173 1.089
Gyro: -13.381 -6.011 16.601
Accel: 0.050 0.154 1.088
Gyro: -10.299 -5.187 17.883
Accel: 0.067 0.151 1.084
Gyro: -6.835 -4.531 19.866
Accel: 0.084 0.156 1.079
Gyro: -3.295 -4.531 22.460
Accel: 0.094 0.165 1.073
Gyro: -1.495 -6.484 24.688
Accel: 0.099 0.181 1.066
Gyro: -1.831 -10.116 26.260
Accel: 0.087 0.191 1.057
Gyro: -3.173 -14.328 31.219
Accel: 0.060 0.208 1.051
Gyro: -4.211 -16.845 27.160
Accel: 0.055 0.215 1.044
Gyro: -5.004 -18.798 25.726
Accel: 0.045 0.202 1.041
Gyro: -5.676 -21.072 23.284
Accel: 0.040 0.190 1.037
Gyro: -6.378 -23.086 20.324
Accel: 0.036 0.179 1.035
Gyro: -5.905 -23.254 17.166
Accel: 0.038 0.172 1.036
Gyro: -4.089 -22.766 13.839
Accel: 0.053 0.179 1.033
Gyro: -1.556 -22.323 11.322
Accel: 0.062 0.192 1.027
Gyro: 0.701 -21.957 9.826
Accel: 0.060 0.179 1.030
Gyro: 1.632 -21.453 8.071
Accel: 0.051 0.166 1.028
Gyro: 0.946 -20.492 6.607
Accel: 0.041 0.159 1.028
Gyro: 0.701 -18.981 5.645
Accel: 0.038 0.153 1.029
Gyro: -3.143 -17.044 5.172
Accel: 0.034 0.136 1.039
Gyro: -5.142 -15.075 4.119
Accel: 0.030 0.142 1.051
Gyro: -6.500 -12.573 3.341
Accel: 0.029 0.154 1.059
Gyro: -6.042 -9.490 3.295
Accel: 0.028 0.167 1.066
Gyro: -3.646 -5.554 3.677
Accel: 0.034 0.181 1.068
Gyro: 0.427 -1.876 4.211
Accel: 0.048 0.196 1.064
Gyro: 5.111 1.296 5.310
Accel: 0.054 0.203 1.054
Gyro: 8.880 2.822 6.774
Accel: 0.057 0.206 1.041
Gyro: 11.428 3.143 8.026
Accel: 0.055 0.211 1.027
Gyro: 12.191 2.670 8.636
Accel: 0.051 0.212 1.017
Gyro: 10.925 1.464 8.636
Accel: 0.049 0.204 1.017
Gyro: 8.773 0.061 8.224
Accel: 0.046 0.201 1.015
Gyro: 6.637 -1.861 7.751
Accel: 0.033 0.198 1.015
Gyro: 5.310 -3.082 7.675
Accel: 0.021 0.193 1.013
Gyro: 5.172 -7.720 7.263
Accel: 0.017 0.196 1.006
Gyro: 5.340 -4.531 7.247
Accel: 0.014 0.195 0.937
Gyro: 4.806 -5.050 7.385
Accel: 0.015 0.197 0.990
Gyro: 3.479 -6.134 7.476
Accel: 0.011 0.197 0.988
Gyro: 1.998 -7.553 7.431
Accel: 0.014 0.194 0.994
Gyro: 1.403 -8.178 7.354
Accel: 0.019 0.199 0.997
Gyro: 2.304 -8.483 7.278
Accel: 0.022 0.201 0.994
Gyro: 4.302 -8.255 7.247
Accel: 0.020 0.197 0.984
Gyro: 6.805 -8.224 7.080
Accel: 0.022 0.187 0.974
Gyro: 9.536 -8.285 6.652
Accel: 0.027 0.173 0.961
Gyro: 12.252 -8.911 6.164
Accel: 0.038 0.158 0.953
Gyro: 15.640 -9.658 5.538
Accel: 0.038 0.149 0.942
Gyro: 20.004 -10.147 5.386
Accel: 0.038 0.149 0.919
Gyro: 25.070 -10.360 6.042
Accel: 0.034 0.144 0.896
Gyro: 29.266 -10.482 7.431
Accel: 0.034 0.137 0.877
Gyro: 30.914 -10.330 8.895
Accel: 0.033 0.133 0.863
Gyro: 30.395 -10.192 10.009
Accel: 0.022 0.139 0.854
Gyro: 28.762 -8.590 10.498
Accel: 0.0010 0.139 0.850
Gyro: 27.465 -6.469 10.437
