Accel: 0.016 0.056 1.025
Gyro: 0.793 -3.005 -1.098
Accel: 0.019 0.055 1.029
Gyro: 0.915 -2.624 0.152
Accel: 0.027 0.054 1.036
Gyro: 1.464 -1.647 1.098
Accel: 0.029 0.058 1.041
Gyro: 2.563 0.366 2.014
Accel: 0.031 0.058 1.041
Gyro: 3.677 0.793 2.639
Accel: 0.034 0.058 1.041
Gyro: 5.249 0.946 2.792
Accel: 0.034 0.055 1.031
Gyro: 6.546 1.266 2.792
Accel: 0.029 0.052 1.025
Gyro: 7.064 2.288 2.990
Accel: 0.035 0.052 1.022
Gyro: 7.827 4.013 3.219
Accel: 0.034 0.049 1.025
Gyro: 8.773 5.279 3.326
Accel: 0.031 0.049 1.019
Gyro: 9.536 5.599 3.280
Accel: 0.027 0.045 1.014
Gyro: 9.918 5.203 2.838
Accel: 0.020 0.039 1.003
Gyro: 9.689 4.196 2.288
Accel: 0.013 0.033 0.996
Gyro: 8.468 3.631 1.846
Accel: 0.0010 0.028 0.989
Gyro: 7.049 3.234 1.358
Accel: 0.0010 0.027 0.985
Gyro: 5.523 2.746 1.007
Accel: 0.007 0.026 0.978
Gyro: 0.045 1.327 0.946
Accel: 0.004 0.026 0.974
Gyro: 1.953 0.640 0.564
Accel: 0.0001 0.025 0.971
Gyro: 0.045 -2.563 0.518
Accel: 0.0001 0.028 0.976
Gyro: -1.815 -4.455 0.823
Accel: 0.0001 0.029 0.981
Gyro: -3.173 -6.271 1.190
Accel: 0.004 0.033 0.985
Gyro: -4.241 -7.629 1.434
Accel: 0.007 0.037 0.990
Gyro: -5.096 -8.728 1.556
Accel: 0.009 0.038 1.061
Gyro: -5.615 -9.628 1.647
Accel: 0.011 0.040 1.015
Gyro: -5.371 -10.437 1.968
Accel: 0.014 0.041 1.021
Gyro: -5.081 -10.620 2.304
Accel: 0.016 0.039 1.028
Gyro: -4.638 -10.162 2.578
Accel: 0.022 0.041 1.033
Gyro: -3.936 -9.475 2.716
Accel: 0.028 0.047 1.034
Gyro: -2.624 -8.438 2.975
Accel: 0.032 0.050 1.034
Gyro: -1.266 -7.202 3.082
Accel: 0.033 0.053 1.037
Gyro: 0.152 -5.722 3.189
Accel: 0.032 0.053 1.039
Gyro: 1.571 -4.348 3.204
Accel: 0.033 0.046 1.039
Gyro: 2.822 -2.517 3.250
Accel: 0.031 0.037 1.035
Gyro: 3.631 0.579 3.265
Accel: 0.027 0.031 1.032
Gyro: 4.287 1.739 3.204
Accel: 0.021 0.028 1.030
Gyro: 5.249 3.662 3.265
Accel: 0.020 0.021 1.020
Gyro: 5.981 5.081 3.402
Accel: 0.016 0.016 1.008
Gyro: 5.889 6.164 3.585
Accel: 0.012 0.012 1.0001
Gyro: 5.722 6.927 3.890
Accel: 0.012 0.0010 0.995
Gyro: 5.294 7.354 4.028
Accel: 0.0010 0.008 0.987
Gyro: 4.882 7.461 4.028
Accel: 0.009 0.004 0.981
Gyro: 4.043 6.668 3.967
Accel: 0.007 0.0001 0.976
Gyro: 3.036 4.837 3.540
Accel: 0.002 0.0001 0.973
Gyro: 1.876 2.456 2.838
Accel: 0.003 0.004 0.969
Gyro: 0.869 0.640 1.968
Accel: 0.004 0.006 0.965
Gyro: 0.244 -4.074 1.220
Accel: 0.005 0.006 0.963
Gyro: -1.068 -6.774 0.488
Accel: 0.011 0.003 0.963
Gyro: -1.739 -9.613 0.534
Accel: 0.018 0.0001 0.969
Gyro: -2.334 -11.795 -1.403
Accel: 0.024 0.0000 0.975
Gyro: -2.944 -13.046 -2.456
Accel: 0.032 0.002 0.986
Gyro: -3.036 -13.122 -3.555
Accel: 0.040 0.0010 0.999
Gyro: -2.716 -11.917 -4.440
Accel: 0.046 0.016 1.012
Gyro: -1.663 -10.467 -4.791
Accel: 0.051 0.022 1.020
Gyro: 0.747 -8.316 -5.065
Accel: 0.054 0.022 1.024
Gyro: 0.244 -5.828 -5.325
Accel: 0.055 0.021 1.023
Gyro: 1.220 -3.311 -5.340
Accel: 0.052 0.021 1.017
Gyro: 1.770 -1.586 -4.989
Accel: 0.044 0.016 1.014
Gyro: 2.166 0.076 -4.760
Accel: 0.038 0.016 1.012
Gyro: 2.578 1.098 -4.470
Accel: 0.033 0.013 1.004
Gyro: 2.716 1.541 -4.028
Accel: 0.031 0.014 1.0000
Gyro: 2.990 2.120 -3.295
Accel: 0.028 0.014 1.0000
Gyro: 3.128 2.731 -2.456
Accel: 0.022 0.013 1.0001
Gyro: 3.234 2.609 -1.693
Accel: 0.015 0.015 1.062
Gyro: 2.990 2.014 -1.480
Accel: 0.012 0.017 0.997
Gyro: 2.731 0.656 -1.312
Accel: 0.0010 0.019 0.991
Gyro: 2.838 -1.235 -1.144
Accel: 0.008 0.018 0.989
Gyro: 2.502 -3.250 -1.083
Accel: 0.0010 0.020 0.989
Gyro: 1.983 -5.126 -1.235
Accel: 0.0010 0.020 0.994
Gyro: 1.495 -6.652 -1.388
Accel: 0.015 0.022 0.999
Gyro: 1.159 -7.904 -1.647
Accel: 0.016 0.026 0.999
Gyro: 0.808 -8.697 -1.770
Accel: 0.021 0.029 1.003
Gyro: 0.793 -9.765 -2.182
Accel: 0.027 0.031 1.005
Gyro: 1.007 -9.643 -2.655
Accel: 0.036 0.032 1.017
Gyro: 1.342 -8.743 -2.944
Accel: 0.040 0.034 1.025
Gyro: 1.083 -7.705 -3.295
Accel: 0.042 0.031 1.030
Gyro: 0.427 -6.744 -3.768
Accel: 0.045 0.029 1.033
Gyro: 0.366 -6.210 -4.058
Accel: 0.046 0.024 1.032
Gyro: -1.327 -5.432 -4.043
Accel: 0.044 0.015 1.034
Gyro: -2.609 -4.837 0.015
Accel: 0.041 0.0010 1.033
Gyro: -4.013 -4.348 -4.013
Accel: 0.039 0.011 1.030
Gyro: -4.760 -4.226 -4.058
Accel: 0.044 0.014 1.026
Gyro: -5.096 -3.753 -4.226
Accel: 0.050 0.020 1.033
Gyro: -5.615 -1.953 -4.302
Accel: 0.056 0.020 1.035
Gyro: -5.447 0.473 -4.470
Accel: 0.059 0.019 1.033
Gyro: -4.913 2.502 -4.837
Accel: 0.059 0.023 1.027
Gyro: -3.982 4.302 -5.187
Accel: 0.060 0.022 1.023
Gyro: -2.624 6.301 -5.783
Accel: 0.061 0.020 1.014
Gyro: -1.449 7.553 -6.225
Accel: 0.059 0.020 1.007
Gyro: 0.946 8.468 -6.576
Accel: 0.052 0.023 1.007
Gyro: 0.534 8.483 -6.652
Accel: 0.047 0.020 1.002
Gyro: 0.228 8.209 -6.561
Accel: 0.044 0.014 1.0000
Gyro: 0.381 7.797 -5.935
Accel: 0.040 0.016 1.002
Gyro: 0.946 6.484 -5.523
Accel: 0.032 0.012 1.007
Gyro: -1.281 4.821 -5.340
Accel: 0.028 0.012 1.004
Gyro: -1.770 3.707 -5.035
Accel: 0.035 0.012 1.0001
Gyro: -2.273 2.883 -4.760
Accel: 0.039 0.015 1.002
Gyro: -2.410 1.907 -4.379
Accel: 0.039 0.021 1.004
Gyro: -2.426 0.732 -4.379
Accel: 0.039 0.028 1.002
Gyro: -2.136 0.152 -4.318
Accel: 0.042 0.028 1.008
Gyro: -2.288 0.518 -4.180
Accel: 0.046 0.031 1.013
Gyro: -2.563 -1.052 -4.013
Accel: 0.045 0.035 1.016
Gyro: -2.670 -2.105 -3.738
Accel: 0.041 0.039 1.017
Gyro: -3.311 -3.387 -3.372
Accel: 0.044 0.040 1.021
Gyro: -3.723 -4.028 -3.158
Accel: 0.046 0.041 1.028
Gyro: 0.045 -4.562 -2.868
Accel: 0.046 0.042 1.038
Gyro: -3.356 -5.050 -2.380
Accel: 0.043 0.045 1.036
Gyro: -2.517 -4.867 -1.861
Accel: 0.048 0.045 1.045
Gyro: -2.014 -3.906 -1.495
Accel: 0.046 0.052 1.053
Gyro: -1.098 -2.700 -1.358
Accel: 0.045 0.059 1.055
Gyro: 0.091 -1.174 -1.281
Accel: 0.047 0.062 1.055
Gyro: 1.220 0.411 -1.266
Accel: 0.047 0.066 1.056
Gyro: 2.410 1.647 -1.052
Accel: 0.041 0.064 1.052
Gyro: 3.051 2.792 0.579
Accel: 0.036 0.064 1.047
Gyro: 3.448 3.417 0.076
Accel: 0.033 0.065 1.038
Gyro: 3.555 3.555 0.595
Accel: 0.028 0.064 1.031
Gyro: 3.265 3.524 1.602
Accel: 0.025 0.062 1.024
Gyro: 2.548 3.097 2.487
Accel: 0.023 0.059 1.021
Gyro: 1.922 2.746 3.311
Accel: 0.026 0.058 1.018
Gyro: 0.976 2.716 4.043
Accel: 0.030 0.054 1.020
Gyro: 0.137 2.395 4.669
Accel: 0.026 0.055 1.020
Gyro: 0.961 1.922 5.065
Accel: 0.027 0.060 1.026
Gyro: -1.266 1.327 5.233
Accel: 0.034 0.061 1.022
Gyro: -1.831 1.876 5.218
Accel: 0.043 0.058 1.020
Gyro: -2.166 2.990 4.867
Accel: 0.045 0.058 1.020
Gyro: -2.792 4.425 4.501
Accel: 0.042 0.060 1.017
Gyro: -3.280 5.493 0.015
Accel: 0.041 0.057 1.012
Gyro: -3.646 6.042 3.372
Accel: 0.036 0.056 1.008
Gyro: -3.829 6.454 2.944
Accel: 0.034 0.051 1.007
Gyro: -4.043 6.881 2.319
Accel: 0.029 0.052 1.002
Gyro: -4.226 6.820 1.800
Accel: 0.027 0.055 0.999
Gyro: -3.982 6.072 1.205
Accel: 0.115 0.088 0.918
Gyro: 4.653 -32.043 -13.824
Accel: 0.187 0.083 0.956
Gyro: 3.982 -29.403 -13.793
Accel: 0.153 0.103 0.990
Gyro: 4.699 -27.130 -13.504
Accel: 0.161 0.110 1.012
Gyro: 5.630 -25.451 -13.870
Accel: 0.146 0.112 1.026
Gyro: 5.935 -24.078 -13.763
Accel: 0.112 0.112 1.027
Gyro: 5.798 -22.460 -13.122
Accel: 0.066 0.104 1.024
Gyro: 5.065 -20.538 -7.904
Accel: 0.031 0.095 1.023
Gyro: 4.379 -18.554 -9.765
Accel: 0.015 0.092 1.025
Gyro: 3.509 -11.978 -7.385
Accel: 0.022 0.104 1.038
Gyro: 2.792 -12.832 -5.264
Accel: 0.046 0.106 1.051
Gyro: 2.273 -10.665 -4.104
Accel: 0.072 0.097 1.061
Gyro: 1.632 -9.155 -4.425
Accel: 0.075 0.099 1.062
Gyro: 1.693 -7.537 -6.195
Accel: 0.058 0.102 1.047
Gyro: 2.807 -4.348 -11.718
Accel: 0.029 0.099 1.032
Gyro: 4.486 0.244 -8.956
Accel: 0.003 0.086 1.027
Gyro: 6.011 5.615 -9.429
Accel: 0.0010 0.086 1.029
Gyro: 6.958 9.048 -9.841
Accel: 0.005 0.096 1.030
Gyro: 7.186 10.116 -9.948
Accel: 0.040 0.114 1.033
Gyro: 6.713 9.887 -10.116
Accel: 0.082 0.127 1.038
Gyro: 6.561 8.544 -9.918
Accel: 0.099 0.118 1.027
Gyro: 6.179 7.339 -9.323
Accel: 0.096 0.102 1.015
Gyro: 5.081 6.561 -8.026
Accel: 0.089 0.092 1.0010
Gyro: 3.936 6.652 -5.828
Accel: 0.077 0.079 1.006
Gyro: 2.822 7.217 -3.082
Accel: 0.061 0.057 1.005
Gyro: 1.449 7.186 0.503
Accel: 0.057 0.044 1.008
Gyro: 0.381 6.164 1.754
Accel: 0.065 0.044 1.0010
Gyro: -2.227 3.387 3.921
Accel: 0.072 0.053 1.011
Gyro: -3.936 0.259 5.554
Accel: 0.083 0.064 1.0010
Gyro: -6.210 -4.653 6.484
Accel: 0.098 0.079 1.012
Gyro: -8.346 -8.544 7.019
Accel: 0.097 0.090 1.016
Gyro: -10.208 -11.383 7.858
Accel: 0.085 0.088 1.018
Gyro: -11.581 -13.732 8.926
Accel: 0.071 0.084 1.021
Gyro: -12.725 -15.075 9.628
Accel: 0.070 0.072 1.029
Gyro: -13.519 -15.136 10.452
Accel: 0.069 0.0000 1.044
Gyro: -13.824 -15.258 10.864
Accel: 0.0000 0.062 1.053
Gyro: -13.748 -14.984 10.391
Accel: 0.055 0.071 1.057
Gyro: -13.427 -14.129 9.918
Accel: 0.052 0.087 1.061
Gyro: -12.664 -12.817 9.277
Accel: 0.040 0.098 1.068
Gyro: -11.871 -11.779 8.102
Accel: 0.026 0.0100 1.070
Gyro: -10.833 -10.467 6.393
Accel: 0.022 0.104 1.076
Gyro: -9.536 -8.499 4.669
Accel: 0.023 0.098 1.081
Gyro: -8.361 -6.820 3.265
Accel: 0.025 0.088 1.083
Gyro: -7.446 -5.615 1.907
Accel: 0.026 0.089 1.078
Gyro: -6.652 -4.898 0.427
Accel: 0.032 0.098 1.078
Gyro: -5.538 -4.226 0.869
Accel: 0.031 0.101 1.077
Gyro: -4.196 -3.814 -2.059
Accel: 0.022 0.099 1.076
Gyro: -2.624 -3.021 -3.173
Accel: 0.012 0.094 1.073
Gyro: 0.717 -2.227 -3.936
Accel: 0.004 0.087 1.068
Gyro: 1.251 0.762 -4.638
Accel: 0.003 0.086 1.062
Gyro: 3.402 0.839 -5.432
Accel: 0.004 0.083 1.057
Gyro: 5.462 2.090 -6.240
Accel: 0.004 0.085 1.050
Gyro: 6.958 3.128 -7.080
Accel: 0.008 0.088 1.039
Gyro: 8.148 4.333 -7.461
Accel: 0.016 0.091 1.033
Gyro: 8.987 5.935 -7.629
Accel: 0.027 0.093 1.027
Gyro: 9.643 7.675 -7.553
Accel: 0.036 0.094 1.022
Gyro: 10.238 9.048 -7.461
Accel: 0.042 0.094 1.014
Gyro: 10.467 10.345 -7.263
Accel: 0.044 0.090 1.003
Gyro: 10.696 11.108 -6.820
Accel: 0.041 0.088 0.994
Gyro: 11.093 11.184 -6.591
Accel: 0.047 0.085 0.988
Gyro: 11.718 10.101 -6.469
Accel: 0.051 0.080 0.981
Gyro: 12.191 8.148 -6.622
Accel: 0.055 0.081 0.972
Gyro: 11.840 6.149 -6.790
Accel: 0.060 0.090 0.968
Gyro: 11.230 4.638 -6.622
Accel: 0.061 0.090 0.966
Gyro: 10.467 3.601 -6.484
Accel: 0.057 0.090 0.970
Gyro: 9.689 2.548 -6.546
Accel: 0.058 0.084 0.973
Gyro: 9.017 1.358 -6.256
Accel: 0.065 0.077 0.971
Gyro: 8.590 0.259 -5.859
Accel: 0.078 0.068 0.970
Gyro: 7.888 0.411 -5.645
Accel: 0.088 0.066 0.971
Gyro: 7.247 0.839 -5.432
Accel: 0.079 0.071 0.969
Gyro: 6.317 -1.403 -5.416
Accel: 0.067 0.078 0.971
Gyro: 5.569 -2.105 -5.096
Accel: 0.056 0.082 0.970
Gyro: 4.913 -2.883 -4.531
Accel: 0.057 0.083 0.969
Gyro: 3.829 -2.777 -3.707
Accel: 0.065 0.077 0.975
Gyro: 3.295 -2.014 -3.173
Accel: 0.076 0.072 0.977
Gyro: 2.792 0.900 -3.067
Accel: 0.086 0.070 0.981
Gyro: 2.609 0.122 -3.128
Accel: 0.099 0.069 0.985
Gyro: 2.563 1.342 -3.204
Accel: 0.095 0.069 0.987
Gyro: 2.059 1.876 -3.509
Accel: 0.079 0.071 0.986
Gyro: 2.014 1.876 0.030
Accel: 0.064 0.074 0.983
Gyro: 2.151 1.266 -3.738
Accel: 0.055 0.076 0.983
Gyro: 2.182 0.091 -3.280
Accel: 0.048 0.072 0.984
Gyro: 1.998 -1.663 -2.487
Accel: 0.047 0.067 0.985
Gyro: 1.602 -3.768 -1.953
Accel: 0.046 0.063 0.981
Gyro: 1.068 -5.783 -1.663
Accel: 0.048 0.066 0.980
Gyro: 0.076 -8.316 -1.876
Accel: 0.050 0.076 0.980
Gyro: -1.022 -10.848 -1.953
Accel: 0.046 0.082 0.975
Gyro: -1.617 -13.442 -2.075
Accel: 0.044 0.081 0.968
Gyro: -2.883 -14.678 -1.464
Accel: 0.058 0.086 0.976
Gyro: -3.356 -13.824 0.198
Accel: 0.061 0.002 0.971
Gyro: -3.356 -11.169 0.030
Accel: 0.041 0.044 0.952
Gyro: -3.860 -7.675 0.305
Accel: 0.033 0.040 0.929
Gyro: -4.608 -5.249 0.900
Accel: 0.040 0.055 0.881
Gyro: -5.264 -2.914 -2.090
Accel: 0.043 0.081 0.806
Gyro: -6.469 1.831 -7.659
Accel: 0.045 0.119 0.708
Gyro: -7.080 10.559 -4.638
Accel: 0.044 0.143 0.599
Gyro: -5.371 20.156 -2.578
Accel: 0.0010 0.158 0.443
Gyro: 1.525 29.663 2.685
Accel: 0.029 0.126 0.295
Gyro: 9.719 36.071 10.284
Accel: 0.062 0.021 0.181
Gyro: 18.783 38.833 18.142
Accel: 0.026 0.082 0.122
Gyro: 26.199 35.095 25.344
Accel: 0.021 0.074 0.169
Gyro: 33.111 37.200 32.241
Accel: 0.0000 0.015 0.0000
Gyro: 40.710 38.146 36.087
Accel: 0.016 0.014 0.051
Gyro: 43.991 39.871 36.087
Accel: 0.060 0.004 0.022
Gyro: 50.628 42.480 36.087
Accel: 0.059 0.0010 0.034
Gyro: 49.087 44.662 36.026
Accel: 0.005 0.009 0.047
Gyro: 50.857 46.905 35.949
Accel: 0.0000 0.0010 0.035
Gyro: 52.0001 49.331 35.949
Accel: 0.007 0.009 0.034
Gyro: 52.597 51.345 35.934
Accel: 0.009 0.008 0.035
Gyro: 52.673 53.176 36.0010
Accel: 0.009 0.008 0.035
Gyro: 52.810 55.053 36.026
Accel: 0.0010 0.007 0.041
Gyro: 52.413 56.793 35.919
Accel: 0.0010 0.006 0.046
Gyro: 51.986 62.377 35.827
Accel: 0.0010 0.006 0.047
Gyro: 47.058 60.211 35.507
Accel: 0.008 0.005 0.051
Gyro: 49.743 61.645 35.232
Accel: 0.008 0.005 0.051
Gyro: 48.324 63.323 34.790
Accel: 0.007 0.004 0.055
Gyro: 46.875 64.682 34.210
Accel: 0.006 0.003 0.056
Gyro: 45.410 66.070 33.767
Accel: 0.006 0.005 0.059
Gyro: 43.746 67.108 33.081
Accel: 0.006 0.002 0.059
Gyro: 42.053 67.871 32.424
Accel: 0.005 0.002 0.060
Gyro: 40.298 68.572 31.707
Accel: 0.005 0.004 0.060
Gyro: 38.421 69.290 31.005
Accel: 0.005 0.0001 0.063
Gyro: 36.437 69.473 30.273
Accel: 0.007 0.004 0.068
Gyro: 34.545 69.839 29.571
Accel: 0.006 0.003 0.070
Gyro: 32.913 69.961 28.945
Accel: 0.006 0.004 0.072
Gyro: 31.524 69.992 28.396
Accel: 0.007 0.004 0.074
Gyro: 30.380 70.129 28.091
Accel: 0.005 0.006 0.074
Gyro: 29.815 69.992 27.938
Accel: 0.004 0.007 0.076
Gyro: 29.556 69.946 27.893
Accel: 0.007 0.006 0.078
Gyro: 29.388 69.656 27.969
Accel: 0.007 0.0010 0.080
Gyro: 29.846 69.305 28.335
Accel: 0.0000 0.011 0.072
Gyro: 31.677 69.152 30.715
Accel: 0.004 0.115 0.376
Gyro: 16.433 53.222 20.050
Accel: 0.082 0.049 -1.408
Gyro: -499.969 -499.969 52.185
Accel: -1.463 0.474 2.079
Gyro: -499.969 -499.969 37.673
Accel: 0.952 -1.681 7.683
Gyro: -349.548 -499.969 6.790
Accel: 2.924 0.689 -7.956
Gyro: -95.321 -89.111 -89.141
Accel: 1.493 -1.569 3.154
Gyro: -62.728 -42.510 -64.498
Accel: 0.608 0.853 3.067
Gyro: -46.600 -74.127 -61.019
Accel: 0.618 -1.125 3.079
Gyro: 106.155 -39.657 -9.246
Accel: 0.060 0.236 2.0001
Gyro: 206.069 140.487 27.481
Accel: 0.255 0.030 0.962
Gyro: 218.032 335.174 37.338
Accel: 0.140 0.186 1.357
Gyro: 222.869 370.346 30.410
Accel: 0.569 0.112 2.852
Gyro: 124.099 69.137 50.491
Accel: 0.407 0.343 1.196
Gyro: 21.881 -26.947 36.392
Accel: 0.038 0.370 1.253
Gyro: -53.817 -85.464 12.741
Accel: 0.036 0.034 1.276
Gyro: -85.998 -142.150 0.152
Accel: 0.235 0.041 1.520
Gyro: -100.143 -152.282 -6.591
Accel: 0.343 0.229 1.527
Gyro: -80.413 -133.834 -5.752
Accel: 0.390 0.374 1.444
Gyro: -60.943 -94.940 5.798
Accel: 0.570 0.293 1.320
Gyro: -40.191 -51.071 14.007
Accel: 0.646 0.311 1.189
Gyro: -22.354 -12.786 17.425
Accel: 0.617 0.322 1.095
Gyro: -8.163 19.668 14.877
Accel: 0.598 0.331 1.075
Gyro: 1.403 48.934 9.918
Accel: 0.505 0.283 1.090
Gyro: 7.858 73.974 3.890
Accel: 0.354 0.198 1.119
Gyro: 12.023 80.551 -3.860
Accel: 0.164 0.121 1.124
Gyro: 16.357 70.159 -11.398
Accel: 0.003 0.037 1.078
Gyro: 15.060 46.691 -17.028
Accel: 0.096 0.006 1.011
Gyro: 5.599 23.605 -19.836
Accel: 0.104 0.022 1.014
Gyro: -3.158 6.576 -19.592
Accel: 0.083 0.074 1.002
Gyro: -7.064 -5.905 -17.074
Accel: 0.060 0.093 0.982
Gyro: -7.659 -15.838 -14.205
Accel: 0.053 0.094 0.977
Gyro: -6.927 -22.338 -11.962
Accel: 0.022 0.090 0.967
Gyro: -5.493 -26.306 -11.0001
Accel: 0.023 0.072 0.960
Gyro: -3.356 -26.245 -10.940
Accel: 0.069 0.055 0.953
Gyro: 0.411 -23.300 -11.016
Accel: 0.114 0.050 0.942
Gyro: 3.997 -17.257 -11.703
Accel: 0.149 0.054 0.938
Gyro: 9.796 -8.209 -12.741
Accel: 0.182 0.056 0.923
Gyro: 15.472 4.409 -13.427
Accel: 0.165 0.055 0.908
Gyro: 19.470 16.159 -13.153
Accel: 0.123 0.047 0.910
Gyro: 21.102 27.069 -11.947
Accel: 0.063 0.026 0.998
Gyro: 20.889 25.665 -10.238
Accel: 0.039 0.0000 0.936
Gyro: 18.722 24.948 -9.048
Accel: 0.047 0.026 0.911
Gyro: 13.427 23.452 -8.972
Accel: 0.067 0.032 0.919
Gyro: 8.239 22.232 -9.582
Accel: 0.092 0.027 0.943
Gyro: 5.554 23.0010 -9.948
Accel: 0.088 0.008 0.948
Gyro: 3.784 25.192 -10.375
Accel: 0.076 0.0010 0.968
Gyro: 3.570 27.664 -11.062
Accel: 0.056 0.016 0.984
Gyro: 4.089 29.647 -11.093
Accel: 0.031 0.008 0.991
Gyro: 3.738 27.908 -10.086
Accel: 0.0001 0.0010 1.003
Gyro: 2.731 23.223 -8.331
Accel: 0.026 0.020 1.0010
Gyro: 0.732 17.181 -5.981
Accel: 0.037 0.011 1.0010
Gyro: -1.785 10.025 -3.585
Accel: 0.019 0.0001 1.015
Gyro: -3.005 4.852 -1.968
Accel: 0.003 0.020 1.030
Gyro: -2.838 3.158 -2.059
Accel: 0.020 0.047 1.036
Gyro: -1.617 3.707 -2.990
Accel: 0.024 0.057 1.038
Gyro: 0.930 5.661 -3.631
Accel: 0.020 0.052 1.031
Gyro: 3.616 7.446 -7.812
Accel: 0.020 0.052 1.030
Gyro: 5.569 8.880 -3.494
Accel: 0.026 0.054 1.029
Gyro: 7.202 10.086 -3.448
Accel: 0.0000 0.024 1.030
Gyro: 5.645 8.392 -4.562
Accel: 0.018 0.059 1.040
Gyro: 2.197 4.684 -5.233
Accel: 0.031 0.0001 1.051
Gyro: -3.707 0.885 -5.645
Accel: 0.0001 0.042 1.058
Gyro: -6.103 -3.280 -5.020
Accel: 0.020 0.058 1.060
Gyro: -5.157 -3.372 -3.906
Accel: 0.048 0.078 1.051
Gyro: -2.761 -1.678 -3.234
Accel: 0.052 0.073 1.043
Gyro: 0.152 0.076 -2.441
Accel: 0.039 0.044 1.048
Gyro: 1.632 0.549 -2.410
Accel: 0.023 0.021 1.055
Gyro: 0.106 -2.990 -2.960
Accel: 0.018 0.022 1.046
Gyro: -4.272 -5.996 -4.074
Accel: 0.014 0.021 1.034
Gyro: -8.789 -9.765 -5.050
Accel: 0.0010 0.032 1.028
Gyro: -12.908 -13.168 -6.057
Accel: 0.016 0.043 1.032
Gyro: -15.731 -14.663 -6.759
Accel: 0.052 0.066 1.030
Gyro: -16.921 -13.351 -7.354
Accel: 0.051 0.051 1.009
Gyro: -6.790 0.320 -10.574
Accel: 0.067 0.124 0.908
Gyro: 0.823 14.053 -14.831
Accel: 0.056 0.079 0.945
Gyro: -10.910 24.597 -12.329
Accel: 0.035 0.099 0.997
Gyro: -10.070 21.743 -13.488
Accel: 0.009 0.169 1.009
Gyro: -12.405 14.617 -13.427
Accel: 0.099 0.217 0.995
Gyro: -8.972 10.833 -6.500
Accel: 0.021 0.136 1.027
Gyro: -10.253 8.926 0.503
Accel: 0.052 0.142 1.081
Gyro: -5.462 2.639 4.821
Accel: 0.111 0.136 1.058
Gyro: -5.355 -2.319 5.935
Accel: 0.105 0.068 1.060
Gyro: -8.499 -2.029 1.403
Accel: 0.143 0.095 1.186
Gyro: -4.074 -1.937 -3.219
Accel: 0.074 0.125 1.180
Gyro: -2.273 -5.172 -4.821
Accel: 0.040 0.160 1.194
Gyro: 8.300 -12.344 -5.645
Accel: 0.037 0.151 1.142
Gyro: 17.425 -18.615 -6.881
Accel: 0.024 0.077 1.068
Gyro: 22.308 -23.239 -7.080
Accel: 0.019 0.008 1.032
Gyro: 22.994 -26.443 -6.683
Accel: 0.006 0.031 1.035
Gyro: 21.743 -29.281 -6.240
Accel: 0.005 0.025 1.051
Gyro: 20.095 -31.494 -5.310
Accel: 0.003 0.007 1.065
Gyro: 17.028 -32.623 -4.287
Accel: 0.012 0.030 1.072
Gyro: 12.664 -32.928 -3.295
Accel: 0.014 0.066 1.061
Gyro: 8.682 -32.150 -2.883
Accel: 0.035 0.081 1.038
Gyro: 5.416 -30.090 -3.097
Accel: 0.043 0.089 1.020
Gyro: 3.128 -28.259 -3.982
Accel: 0.040 0.075 1.003
Gyro: 2.304 -27.648 -5.477
Accel: 0.046 0.063 0.990
Gyro: 2.639 -27.648 -7.354
Accel: 0.059 0.062 0.989
Gyro: 3.326 -23.590 -8.773
Accel: 0.072 0.059 0.981
Gyro: 3.921 -26.016 -10.177
Accel: 0.090 0.054 0.976
Gyro: 4.440 -22.827 -11.016
Accel: 0.0100 0.058 0.970
Gyro: 5.447 -18.585 -11.260
Accel: 0.109 0.050 0.973
Gyro: 6.988 -14.663 -11.764
Accel: 0.139 0.028 0.987
Gyro: 10.375 -10.833 -12.329
Accel: 0.108 0.044 0.970
Gyro: 12.527 -4.058 -4.104
Accel: 0.087 0.035 0.978
Gyro: 15.579 1.434 -6.912
Accel: 0.076 0.049 0.990
Gyro: 17.517 5.706 -6.866
Accel: 0.074 0.086 1.0001
Gyro: 20.202 7.232 -5.676
Accel: 0.080 0.082 1.008
Gyro: 24.230 8.651 -4.501
Accel: 0.092 0.065 1.0001
Gyro: 31.204 11.871 -3.631
Accel: 0.108 0.060 0.994
Gyro: 28.244 16.738 -2.792
Accel: 0.107 0.061 0.994
Gyro: 28.244 21.713 -1.510
Accel: 0.107 0.053 0.989
Gyro: 27.847 25.802 0.808
Accel: 0.103 0.045 0.978
Gyro: 26.763 27.893 0.137
Accel: 0.0100 0.033 0.961
Gyro: 25.131 28.717 0.579
Accel: 0.092 0.017 0.953
Gyro: 23.147 27.648 0.885
Accel: 0.078 0.062 0.955
Gyro: 20.706 25.039 1.556
Accel: 0.060 0.022 0.964
Gyro: 17.974 21.697 1.922
Accel: 0.064 0.045 0.974
Gyro: 15.319 19.042 1.327
Accel: 0.061 0.046 0.984
Gyro: 13.504 16.510 0.808
Accel: 0.061 0.045 0.986
Gyro: 12.207 14.129 0.259
Accel: 0.057 0.039 0.979
Gyro: 11.108 11.459 0.518
Accel: 0.060 0.039 0.967
Gyro: 9.719 8.514 -1.068
Accel: 0.064 0.028 0.965
Gyro: 8.804 4.760 -1.434
Accel: 0.056 0.031 0.963
Gyro: 8.178 0.747 -1.556
Accel: 0.059 0.044 0.961
Gyro: 6.256 -1.983 -2.105
Accel: 0.057 0.048 0.964
Gyro: 3.997 -4.028 -2.746
Accel: 0.058 0.048 0.974
Gyro: 1.602 -5.096 -3.463
Accel: 0.066 0.046 0.984
Gyro: 0.366 -5.249 -3.952
Accel: 0.078 0.042 0.991
Gyro: -2.105 -4.043 -4.013
Accel: 0.085 0.036 1.005
Gyro: -3.311 -2.578 -3.707
Accel: 0.086 0.032 1.015
Gyro: -3.936 -1.205 -3.677
Accel: 0.086 0.025 1.018
Gyro: -4.272 0.640 -3.997
Accel: 0.092 0.020 1.019
Gyro: -4.318 0.747 -4.943
Accel: 0.092 0.012 1.023
Gyro: -4.302 0.625 -5.905
Accel: 0.096 0.009 1.032
Gyro: -3.967 0.152 -6.759
Accel: 0.093 0.011 1.045
Gyro: -3.875 1.617 -6.774
Accel: 0.090 0.026 1.057
Gyro: -3.082 7.766 -6.423
Accel: 0.078 0.036 1.061
Gyro: -1.876 6.744 -5.432
Accel: 0.068 0.043 1.058
Gyro: -1.327 10.040 -4.501
Accel: 0.061 0.048 1.048
Gyro: 0.961 13.565 -3.875
Accel: 0.052 0.051 1.034
Gyro: -1.037 16.662 -3.158
Accel: 0.041 0.046 1.023
Gyro: 0.122 18.753 -2.456
Accel: 0.033 0.040 1.013
Gyro: 1.190 19.760 -1.525
Accel: 0.017 0.032 1.003
Gyro: 2.151 20.385 0.747
Accel: 0.008 0.031 0.999
Gyro: 2.670 20.126 0.091
Accel: 0.026 0.041 0.989
Gyro: 2.746 19.836 0.488
Accel: 0.038 0.046 0.984
Gyro: 3.021 20.004 0.289
Accel: 0.043 0.045 0.973
Gyro: 3.295 20.492 0.213
Accel: 0.029 0.047 0.962
Gyro: 3.250 21.148 -1.144
Accel: 0.016 0.039 0.955
Gyro: 3.433 21.301 -2.426
Accel: 0.002 0.028 0.947
Gyro: 3.295 21.133 -3.784
Accel: 0.007 0.019 0.941
Gyro: 2.929 19.195 -4.837
Accel: 0.005 0.020 0.942
Gyro: 2.410 12.084 -5.325
Accel: 0.003 0.025 0.951
Gyro: 2.044 11.657 -5.798
Accel: 0.005 0.026 0.963
Gyro: 2.197 5.828 -5.722
Accel: 0.006 0.037 0.967
Gyro: 2.334 0.213 -5.538
Accel: 0.004 0.052 0.976
Gyro: 1.846 -5.844 -5.432
Accel: 0.0001 0.061 0.984
Gyro: 1.358 -11.047 -5.477
Accel: 0.004 0.065 0.986
Gyro: 0.640 -15.151 -5.752
Accel: 0.012 0.058 0.993
Gyro: 0.061 -18.646 -5.950
Accel: 0.022 0.049 0.996
Gyro: -1.281 -20.126 -5.569
Accel: 0.031 0.042 1.007
Gyro: -1.861 -18.692 -5.249
Accel: 0.034 0.035 1.011
Gyro: -2.334 -15.411 -4.989
Accel: 0.039 0.030 1.016
Gyro: -2.563 -11.688 -4.989
Accel: 0.031 0.025 1.023
Gyro: -2.029 -7.705 -4.806
Accel: 0.032 0.028 1.022
Gyro: -2.731 -3.417 -4.348
Accel: 0.030 0.033 1.019
Gyro: -3.509 0.900 -3.677
Accel: 0.027 0.039 1.018
Gyro: -3.433 6.454 -3.112
Accel: 0.030 0.031 1.0010
Gyro: -3.662 10.620 -2.532
Accel: 0.022 0.020 0.999
Gyro: -4.425 14.480 -1.586
Accel: 0.020 0.024 0.997
Gyro: -6.301 18.493 0.732
Accel: 0.018 0.025 1.0000
Gyro: -7.385 21.240 0.305
Accel: 0.013 0.023 0.998
Gyro: -7.888 22.293 0.122
Accel: 0.0010 0.022 0.998
Gyro: -7.553 21.240 0.030
Accel: 0.0000 0.019 0.998
Gyro: -6.195 17.486 0.152
Accel: 0.007 0.016 0.986
Gyro: -4.653 8.209 0.183
Accel: 0.013 0.014 0.970
Gyro: -3.875 5.859 0.228
Accel: 0.015 0.013 0.962
Gyro: -3.631 -1.129 0.091
Accel: 0.012 0.008 0.968
Gyro: -2.700 -8.560 0.579
Accel: 0.005 0.0001 0.969
Gyro: 0.885 -15.167 0.946
Accel: 0.005 0.0000 0.975
Gyro: 0.305 -19.409 -1.281
Accel: 0.016 0.007 0.985
Gyro: 0.839 -22.201 -1.510
Accel: 0.019 0.008 0.997
Gyro: 1.113 -24.093 -1.556
Accel: 0.029 0.003 1.005
Gyro: 2.014 -24.581 -1.403
Accel: 0.036 0.002 1.0010
Gyro: 2.609 -23.376 0.625
Accel: 0.046 0.007 1.015
Gyro: 3.067 -20.523 0.427
Accel: 0.050 0.013 1.013
Gyro: 3.158 -16.525 1.388
Accel: 0.051 0.013 1.013
Gyro: 3.097 -11.856 2.151
Accel: 0.055 0.016 1.0010
Gyro: 2.822 -7.019 3.067
Accel: 0.053 0.020 1.006
Gyro: 1.800 -3.005 4.013
Accel: 0.048 0.027 1.004
Gyro: 0.625 0.701 4.745
Accel: 0.037 0.030 1.005
Gyro: 0.137 2.914 5.157
Accel: 0.033 0.035 0.937
Gyro: 0.076 3.952 5.477
Accel: 0.023 0.036 0.992
Gyro: 0.152 4.196 5.615
Accel: 0.012 0.037 0.995
Gyro: 0.091 2.883 5.065
Accel: 0.0000 0.029 0.994
Gyro: 0.823 0.671 4.867
Accel: 0.002 0.030 0.992
Gyro: 1.083 0.854 4.455
Accel: 0.007 0.028 0.996
Gyro: 0.686 -2.044 3.860
Accel: 0.006 0.030 1.0001
Gyro: 0.732 -3.372 3.021
Accel: 0.004 0.029 1.002
Gyro: 0.701 -4.623 1.770
Accel: 0.008 0.026 1.0001
Gyro: 0.305 -4.959 0.869
Accel: 0.0001 0.028 1.002
Gyro: 0.595 -4.714 0.045
Accel: 0.003 0.028 1.004
Gyro: -1.815 -4.364 0.854
Accel: 0.003 0.027 1.0010
Gyro: -2.670 -4.547 -1.800
Accel: 0.003 0.026 1.012
Gyro: -2.838 -4.837 -2.899
Accel: 0.0000 0.018 1.009
Gyro: -3.204 -4.180 -3.250
Accel: 0.008 0.020 1.011
Gyro: -3.631 -2.441 -3.387
Accel: 0.011 0.020 1.014
Gyro: -3.479 0.854 -3.311
Accel: 0.014 0.025 1.013
Gyro: -2.777 0.823 -3.509
Accel: 0.018 0.023 1.008
Gyro: -2.853 2.883 -3.845
Accel: 0.018 0.019 1.005
Gyro: -3.341 4.501 -4.302
Accel: 0.026 0.017 1.007
Gyro: -3.524 5.355 -4.882
Accel: 0.035 0.017 1.009
Gyro: -2.975 5.584 -5.416
Accel: 0.036 0.017 1.0010
Gyro: -2.044 6.408 -6.164
Accel: 0.042 0.0010 1.013
Gyro: -1.373 7.659 -6.866
Accel: 0.041 0.062 1.012
Gyro: 0.762 8.193 -7.217
Accel: 0.043 0.002 1.007
Gyro: 0.259 8.880 -7.278
Accel: 0.046 0.003 0.997
Gyro: 0.762 9.643 -6.958
Accel: 0.045 0.008 0.995
Gyro: -1.403 9.521 -6.256
Accel: 0.043 0.009 0.992
Gyro: -1.693 8.941 -5.340
Accel: 0.034 0.009 0.989
Gyro: -1.708 8.056 -4.226
Accel: 0.027 0.003 0.988
Gyro: -2.029 6.896 -3.143
Accel: 0.029 0.014 0.985
Gyro: -2.090 4.928 -1.907
Accel: 0.025 0.022 0.983
Gyro: -1.724 2.487 0.930
Accel: 0.020 0.027 0.984
Gyro: -1.586 0.137 0.167
Accel: 0.014 0.028 0.987
Gyro: -1.388 -3.326 0.213
Accel: 0.011 0.025 0.992
Gyro: -1.358 -7.461 0.289
Accel: 0.006 0.020 0.999
Gyro: 0.961 -11.535 0.320
Accel: 0.0000 0.013 1.004
Gyro: 0.915 -14.709 0.244
Accel: 0.0000 0.004 1.007
Gyro: 0.854 -16.448 0.137
Accel: 0.004 0.006 1.015
Gyro: 0.152 -16.952 0.671
Accel: 0.0010 0.008 1.020
Gyro: 1.052 -16.372 -1.022
Accel: 0.015 0.009 1.022
Gyro: 2.182 -13.931 0.946
Accel: 0.021 0.005 1.026
Gyro: 3.021 -10.086 0.854
Accel: 0.022 0.0001 1.033
Gyro: 3.372 -6.072 0.686
Accel: 0.020 0.012 1.039
Gyro: 3.540 -2.136 0.732
Accel: 0.016 0.018 1.038
Gyro: 3.265 1.144 0.671
Accel: 0.013 0.025 1.036
Gyro: 2.471 4.272 0.656
Accel: 0.009 0.031 1.033
Gyro: 1.678 6.973 0.625
Accel: 0.008 0.033 1.025
Gyro: 0.671 8.773 0.823
Accel: 0.016 0.036 1.027
Gyro: 0.305 8.987 -1.525
Accel: 0.009 0.031 1.021
Gyro: 0.549 8.453 -1.571
Accel: 0.012 0.038 1.0010
Gyro: 0.122 8.193 -1.754
Accel: 0.009 0.040 1.004
Gyro: 0.885 7.278 -2.258
Accel: 0.006 0.040 1.002
Gyro: -1.617 5.035 -2.944
Accel: 0.005 0.038 0.999
Gyro: -2.044 1.602 -4.043
Accel: 0.002 0.032 1.003
Gyro: -1.693 -2.029 -5.249
Accel: 0.006 0.030 1.008
Gyro: -2.136 -4.135 -5.966
Accel: 0.017 0.030 1.016
Gyro: -2.319 -6.042 -6.469
Accel: 0.021 0.031 1.020
Gyro: -2.334 -7.247 -6.713
Accel: 0.030 0.034 1.025
Gyro: -2.593 -8.895 -6.744
Accel: 0.027 0.037 1.026
Gyro: -3.005 -9.948 -6.423
Accel: 0.029 0.042 1.028
Gyro: -3.356 -9.750 -6.027
Accel: 0.029 0.037 1.030
Gyro: -4.028 -8.728 -5.065
Accel: 0.032 0.029 1.036
Gyro: -4.364 -7.202 -4.089
Accel: 0.035 0.026 1.035
Gyro: -4.531 -5.493 -3.341
Accel: 0.036 0.022 1.036
Gyro: -4.684 -2.990 -2.517
Accel: 0.041 0.017 1.034
Gyro: -4.776 0.106 -2.090
Accel: 0.049 0.012 1.034
Gyro: -4.776 3.295 -1.556
Accel: 0.050 0.007 1.042
Gyro: -3.753 5.950 -1.632
Accel: 0.041 0.005 1.043
Gyro: -2.258 7.202 -1.892
Accel: 0.042 0.005 1.039
Gyro: 0.854 8.819 -2.471
Accel: 0.039 0.003 1.040
Gyro: 0.488 10.101 -3.021
Accel: 0.036 0.002 1.037
Gyro: 2.227 10.665 -3.875
Accel: 0.030 0.0000 1.029
Gyro: 3.692 10.650 -4.287
Accel: 0.024 0.002 1.021
Gyro: 4.364 9.826 -4.470
Accel: 0.016 0.0001 1.015
Gyro: 4.699 8.163 -3.967
Accel: 0.0010 0.004 1.006
Gyro: 4.302 6.149 -2.990
Accel: 0.012 0.017 0.999
Gyro: 3.082 4.470 -1.159
Accel: 0.007 0.024 0.991
Gyro: 1.434 2.685 1.129
Accel: 0.0000 0.030 0.989
Gyro: 0.167 1.693 3.067
Accel: 0.009 0.038 0.992
Gyro: 0.823 0.946 4.043
Accel: 0.014 0.052 0.991
Gyro: 0.839 1.007 4.928
Accel: 0.012 0.060 0.999
Gyro: 0.320 1.281 5.447
Accel: 0.020 0.059 1.006
Gyro: 1.296 2.151 5.828
Accel: 0.017 0.050 1.008
Gyro: 2.792 3.570 5.676
Accel: 0.014 0.046 1.013
Gyro: 3.967 4.638 5.599
Accel: 0.014 0.038 1.013
Gyro: 4.913 5.126 5.218
Accel: 0.013 0.031 1.0010
Gyro: 5.218 5.416 4.638
Accel: 0.014 0.029 1.004
Gyro: 5.081 4.867 4.531
Accel: 0.017 0.022 0.998
Gyro: 4.516 3.814 4.425
