Accel: 0.091 0.016 0.993
Gyro: 6.439 11.184 3.585
Accel: 0.088 0.0010 0.987
Gyro: 5.935 9.475 3.234
Accel: 0.084 0.004 0.980
Gyro: 5.081 6.973 2.792
Accel: 0.083 0.004 0.975
Gyro: 3.768 4.547 2.578
Accel: 0.083 0.002 0.976
Gyro: 2.532 1.983 2.288
Accel: 0.087 0.002 0.979
Gyro: 1.403 0.061 1.922
Accel: 0.087 0.0001 0.982
Gyro: 0.518 -1.983 1.541
Accel: 0.088 0.009 0.986
Gyro: 0.167 -3.097 1.174
Accel: 0.091 0.016 0.987
Gyro: -1.098 -3.280 0.930
Accel: 0.095 0.018 0.989
Gyro: -1.907 -2.304 0.717
Accel: 0.097 0.017 0.988
Gyro: -2.700 -1.068 0.747
Accel: 0.093 0.015 0.988
Gyro: -3.570 1.312 0.961
Accel: 0.099 0.012 0.995
Gyro: -4.104 4.074 1.281
Accel: 0.101 0.013 1.0000
Gyro: -4.364 6.500 1.525
Accel: 0.106 0.009 1.0000
Gyro: -4.150 8.407 1.541
Accel: 0.108 0.012 1.002
Gyro: -3.356 9.323 1.342
Accel: 0.107 0.021 1.0000
Gyro: -2.517 8.804 1.190
Accel: 0.107 0.022 0.998
Gyro: -1.663 7.705 0.762
Accel: 0.109 0.024 1.061
Gyro: 0.427 5.065 0.228
Accel: 0.103 0.032 1.003
Gyro: 0.946 2.548 0.061
Accel: 0.106 0.032 1.015
Gyro: 1.693 0.671 0.289
Accel: 0.113 0.028 1.023
Gyro: 2.609 0.885 0.717
Accel: 0.115 0.029 1.029
Gyro: 3.768 -2.105 -1.052
Accel: 0.119 0.026 1.027
Gyro: 4.837 -3.173 -1.296
Accel: 0.111 0.026 1.027
Gyro: 5.340 -7.675 -1.266
Accel: 0.107 0.020 1.024
Gyro: 5.432 -4.714 -1.235
Accel: 0.103 0.017 1.019
Gyro: 5.218 -5.645 -1.190
Accel: 0.095 0.017 1.014
Gyro: 4.653 -6.256 -1.037
Accel: 0.086 0.020 1.015
Gyro: 3.723 -5.737 0.656
Accel: 0.089 0.017 1.015
Gyro: 3.128 -4.425 0.396
Accel: 0.088 0.014 1.017
Gyro: 2.685 -2.487 3.875
Accel: 0.087 0.013 1.019
Gyro: 2.517 0.366 0.305
Accel: 0.081 0.016 1.020
Gyro: 2.532 1.159 0.915
Accel: 0.081 0.015 1.018
Gyro: 2.273 2.456 1.434
Accel: 0.073 0.015 1.013
Gyro: 2.258 3.067 2.258
Accel: 0.075 0.009 1.006
Gyro: 2.014 3.372 3.021
Accel: 0.070 0.007 1.0001
Gyro: 1.525 3.448 3.936
Accel: 0.063 0.0010 0.993
Gyro: 0.564 4.348 4.928
Accel: 0.068 0.0010 0.992
Gyro: 0.686 5.386 5.630
Accel: 0.069 0.014 0.991
Gyro: -1.312 6.057 6.210
Accel: 0.073 0.017 0.992
Gyro: -1.602 6.561 6.515
Accel: 0.079 0.018 0.995
Gyro: -1.571 6.988 6.332
Accel: 0.087 0.016 0.996
Gyro: 0.854 7.263 5.538
Accel: 0.098 0.015 0.997
Gyro: 0.122 7.186 4.409
Accel: 0.107 0.0010 0.997
Gyro: 1.144 6.622 2.960
Accel: 0.107 0.012 0.993
Gyro: 1.983 6.561 1.861
Accel: 0.114 0.005 0.997
Gyro: 2.487 6.393 0.686
Accel: 0.114 0.002 0.999
Gyro: 3.067 5.920 0.579
Accel: 0.112 0.008 0.998
Gyro: 3.753 4.547 -1.892
Accel: 0.106 0.009 0.998
Gyro: 4.486 2.853 -3.143
Accel: 0.103 0.012 1.0000
Gyro: 4.577 1.647 -4.211
Accel: 0.102 0.013 0.999
Gyro: 4.364 0.915 -5.142
Accel: 0.104 0.012 0.997
Gyro: 4.028 0.640 -5.676
Accel: 0.106 0.009 0.993
Gyro: 3.433 0.396 -6.134
Accel: 0.0100 0.0000 0.989
Gyro: 3.005 0.411 -6.195
Accel: 0.099 0.006 0.979
Gyro: 2.105 1.953 -5.371
Accel: 0.102 0.005 0.975
Gyro: 1.052 7.736 -4.180
Accel: 0.097 0.003 0.976
Gyro: 0.488 5.096 -2.838
Accel: 0.095 0.0001 0.977
Gyro: 0.717 5.172 -1.678
Accel: 0.083 0.004 0.973
Gyro: 1.266 4.791 0.106
Accel: 0.072 0.006 0.973
Gyro: 1.342 4.516 1.327
Accel: 0.065 0.007 0.979
Gyro: 1.464 3.631 2.395
Accel: 0.061 0.013 0.980
Gyro: 1.586 2.197 2.899
Accel: 0.058 0.018 0.981
Gyro: 1.907 0.411 2.960
Accel: 0.052 0.027 0.979
Gyro: 2.471 -1.083 2.563
Accel: 0.049 0.030 0.976
Gyro: 3.067 -2.029 2.059
Accel: 0.048 0.034 0.979
Gyro: 3.707 -2.380 1.785
Accel: 0.049 0.032 0.975
Gyro: 3.723 -2.624 1.541
Accel: 0.049 0.026 0.980
Gyro: 3.433 -2.807 1.235
Accel: 0.047 0.019 0.982
Gyro: 2.746 -2.960 1.205
Accel: 0.049 0.0010 0.987
Gyro: 1.876 -3.082 1.235
Accel: 0.048 0.008 0.994
Gyro: 1.007 -3.082 1.419
Accel: 0.056 0.005 1.0001
Gyro: 0.518 -3.067 1.296
Accel: 0.060 0.005 1.004
Gyro: 0.152 -3.234 1.144
Accel: 0.063 0.007 1.005
Gyro: 0.915 -3.372 0.915
Accel: 0.066 0.0010 1.007
Gyro: -1.937 -4.104 0.198
Accel: 0.071 0.013 1.0010
Gyro: -2.426 -5.050 0.320
Accel: 0.073 0.015 1.0010
Gyro: -2.578 -5.493 -1.129
Accel: 0.080 0.016 1.013
Gyro: -2.777 -5.752 -1.693
Accel: 0.091 0.017 1.015
Gyro: -3.082 -5.599 -2.059
Accel: 0.095 0.018 1.015
Gyro: -3.189 -5.142 -2.059
Accel: 0.107 0.023 1.019
Gyro: -3.326 -5.279 -1.525
Accel: 0.109 0.028 1.025
Gyro: -3.189 -5.966 0.564
Accel: 0.110 0.027 1.030
Gyro: -2.700 -7.904 0.473
Accel: 0.107 0.031 1.038
Gyro: -2.151 -10.772 1.968
Accel: 0.105 0.031 1.039
Gyro: -1.998 -12.969 7.644
Accel: 0.105 0.030 1.046
Gyro: -2.136 -15.014 5.416
Accel: 0.106 0.030 1.050
Gyro: -2.212 -16.403 7.156
Accel: 0.109 0.032 1.053
Gyro: -2.120 -16.448 8.499
Accel: 0.113 0.037 1.053
Gyro: -1.831 -14.968 9.689
Accel: 0.113 0.043 1.051
Gyro: -1.159 -12.176 10.253
Accel: 0.115 0.048 1.048
Gyro: 0.411 -8.804 10.421
Accel: 0.118 0.050 1.044
Gyro: 0.885 -5.111 10.238
Accel: 0.117 0.047 1.039
Gyro: 2.304 -1.647 9.689
Accel: 0.121 0.040 1.033
Gyro: 3.799 1.464 8.743
Accel: 0.121 0.034 1.030
Gyro: 4.974 4.028 7.614
Accel: 0.115 0.029 1.029
Gyro: 5.935 6.607 6.515
Accel: 0.115 0.027 1.033
Gyro: 6.713 8.270 4.913
Accel: 0.113 0.025 1.032
Gyro: 7.034 9.552 3.479
Accel: 0.107 0.019 1.027
Gyro: 6.896 10.253 2.136
Accel: 0.096 0.012 1.021
Gyro: 6.530 11.0001 0.976
Accel: 0.090 0.0010 1.007
Gyro: 6.286 11.581 0.259
Accel: 0.082 0.0000 0.996
Gyro: 5.798 11.901 0.061
Accel: 0.077 0.061 0.989
Gyro: 5.462 12.329 0.061
Accel: 0.068 0.004 0.982
Gyro: 4.913 12.680 0.0000
Accel: 0.064 0.007 0.977
Gyro: 4.074 12.756 0.366
Accel: 0.0000 0.014 0.980
Gyro: 3.479 12.069 0.762
Accel: 0.055 0.020 0.978
Gyro: 3.097 11.062 1.296
Accel: 0.054 0.019 0.976
Gyro: 2.334 9.826 1.861
Accel: 0.056 0.013 0.976
Gyro: 1.434 3.952 2.380
Accel: 0.057 0.003 0.981
Gyro: 1.174 4.760 2.685
Accel: 0.056 0.003 0.979
Gyro: 0.808 1.770 2.975
Accel: 0.058 0.061 0.980
Gyro: 0.030 0.106 2.975
Accel: 0.063 0.062 0.982
Gyro: 0.762 0.991 2.777
Accel: 0.068 0.0000 0.981
Gyro: -1.281 -1.922 2.288
Accel: 0.075 0.004 0.984
Gyro: -1.098 -2.746 1.434
Accel: 0.077 0.0000 0.981
Gyro: -1.022 -1.892 0.701
Accel: 0.090 0.0000 0.987
Gyro: -1.449 0.228 -3.906
Accel: 0.094 0.0001 0.992
Gyro: -1.647 1.724 0.976
Accel: 0.094 0.002 0.991
Gyro: -1.907 2.120 -1.708
Accel: 0.097 0.0010 0.997
Gyro: -1.968 1.846 -2.975
Accel: 0.096 0.006 1.009
Gyro: 0.900 0.534 -4.287
Accel: 0.092 0.0010 1.008
Gyro: 0.061 0.0000 -4.714
Accel: 0.101 0.020 1.015
Gyro: 0.289 0.335 -5.371
Accel: 0.095 0.017 1.020
Gyro: 0.061 -1.052 -5.859
Accel: 0.095 0.017 1.019
Gyro: 0.030 -2.288 -6.896
Accel: 0.093 0.009 1.023
Gyro: 0.381 -4.196 -8.041
Accel: 0.079 0.002 1.018
Gyro: 1.022 -5.996 -8.422
Accel: 0.079 0.004 1.011
Gyro: 0.411 -6.469 -8.895
Accel: 0.072 0.006 1.009
Gyro: 0.747 -6.637 -8.743
Accel: 0.066 0.0000 1.006
Gyro: -2.014 -6.500 -8.392
Accel: 0.062 0.0001 1.002
Gyro: -2.716 -5.538 -8.163
Accel: 0.092 0.009 1.033
Gyro: 0.381 -4.074 0.564
Accel: 0.096 0.005 1.027
Gyro: 0.045 -2.090 0.411
Accel: 0.099 0.002 1.022
Gyro: 0.381 0.335 0.228
Accel: 0.097 0.004 1.015
Gyro: 0.610 1.068 0.045
Accel: 0.094 0.008 1.012
Gyro: 0.762 1.815 0.274
Accel: 0.093 0.007 1.009
Gyro: -1.037 2.090 0.595
Accel: 0.093 0.004 1.004
Gyro: -1.373 1.876 0.610
Accel: 0.089 0.0001 1.002
Gyro: -1.602 0.732 0.610
Accel: 0.088 0.0001 0.995
Gyro: -2.304 0.717 0.518
Accel: 0.091 0.0001 0.991
Gyro: -2.700 -2.227 0.427
Accel: 0.092 0.003 0.986
Gyro: -2.456 -3.250 0.198
Accel: 0.096 0.0010 0.980
Gyro: -2.334 -3.067 -3.890
Accel: 0.098 0.009 0.977
Gyro: -2.548 -1.770 0.198
Accel: 0.104 0.008 0.978
Gyro: -2.426 3.814 0.564
Accel: 0.110 0.012 0.983
Gyro: -1.556 0.335 0.854
Accel: 0.109 0.014 0.981
Gyro: 0.915 0.488 -1.052
Accel: 0.104 0.014 0.978
Gyro: 0.579 0.396 -1.098
Accel: 0.106 0.018 0.979
Gyro: 0.228 0.015 -1.312
Accel: 0.105 0.022 0.980
Gyro: 0.213 0.930 -1.235
Accel: 0.102 0.020 0.986
Gyro: 0.717 -2.334 -1.342
Accel: 0.104 0.020 0.995
Gyro: 1.403 -4.272 -1.434
Accel: 0.103 0.015 1.006
Gyro: 2.258 -6.439 -1.235
Accel: 0.0100 0.0010 1.023
Gyro: 3.021 -8.590 -1.617
Accel: 0.101 0.006 1.037
Gyro: 3.997 -10.391 -2.136
Accel: 0.101 0.0000 1.049
Gyro: 4.837 -12.390 -2.838
Accel: 0.106 0.002 1.074
Gyro: 5.661 -15.090 -3.051
Accel: 0.124 0.003 1.101
Gyro: 6.011 -19.653 -3.112
Accel: 0.126 0.009 1.127
Gyro: 5.035 -24.887 -2.410
Accel: 0.138 0.019 1.154
Gyro: 2.380 -34.652 -1.113
Accel: 0.146 0.025 1.194
Gyro: -1.235 -35.980 0.228
Accel: 0.135 0.028 1.229
Gyro: -5.081 -38.269 1.937
Accel: 0.147 0.025 1.261
Gyro: -8.483 -38.253 4.028
Accel: 0.166 0.019 1.284
Gyro: -11.566 -35.842 6.561
Accel: 0.182 0.009 1.306
Gyro: -13.763 -31.997 8.651
Accel: 0.190 0.005 1.314
Gyro: -15.563 -27.008 9.857
Accel: 0.190 0.008 1.314
Gyro: -17.608 -22.079 10.375
Accel: 0.190 0.015 1.307
Gyro: -19.622 -11.917 10.238
Accel: 0.196 0.031 1.295
Gyro: -21.255 -9.323 9.750
Accel: 0.199 0.047 1.282
Gyro: -21.896 -4.104 8.850
Accel: 0.189 0.053 1.266
Gyro: -21.438 0.930 7.156
Accel: 0.184 0.062 1.245
Gyro: -19.683 0.167 5.416
Accel: 0.191 0.071 1.221
Gyro: -17.105 -1.632 3.799
Accel: 0.185 0.087 1.206
Gyro: -13.504 -4.867 3.341
Accel: 0.183 0.085 1.197
Gyro: -9.735 -8.270 3.417
Accel: 0.166 0.084 1.203
Gyro: -5.615 -12.557 3.250
Accel: 0.152 0.084 1.205
Gyro: 3.555 -16.632 3.219
Accel: 0.115 0.073 1.216
Gyro: 4.074 -18.814 1.296
Accel: 0.065 0.066 1.230
Gyro: 7.415 -18.661 0.366
Accel: 0.084 0.049 1.220
Gyro: 8.392 -16.937 -1.708
Accel: 0.114 0.032 1.219
Gyro: 7.675 -16.433 -2.197
Accel: 0.125 0.035 1.239
Gyro: 7.751 -19.760 -2.075
Accel: 0.110 0.055 1.258
Gyro: 8.209 -25.970 -1.144
Accel: 0.131 0.063 1.265
Gyro: 8.163 -38.528 0.808
Accel: 0.130 0.086 1.292
Gyro: 7.659 -42.098 0.457
Accel: 0.155 0.080 1.301
Gyro: 6.286 -45.410 1.998
Accel: 0.206 0.066 1.297
Gyro: 3.890 -43.716 3.890
Accel: 0.238 0.053 1.286
Gyro: 1.541 -38.986 5.737
Accel: 0.264 0.044 1.269
Gyro: 0.503 -33.172 11.688
Accel: 0.283 0.025 1.246
Gyro: -3.540 -28.076 9.368
Accel: 0.332 0.009 1.232
Gyro: -5.630 -22.186 8.483
Accel: 0.340 0.022 1.226
Gyro: -5.828 -15.518 7.568
Accel: 0.349 0.035 1.206
Gyro: -4.989 -7.690 6.057
Accel: 0.364 0.048 1.175
Gyro: -4.806 0.915 4.638
Accel: 0.357 0.058 1.133
Gyro: -5.447 10.040 4.226
Accel: 0.353 0.058 1.083
Gyro: -6.790 18.768 3.875
Accel: 0.348 0.062 1.029
Gyro: -8.422 26.565 3.784
Accel: 0.335 0.058 0.983
Gyro: -10.009 32.913 3.845
Accel: 0.309 0.054 0.942
Gyro: -12.481 38.238 3.265
Accel: 0.279 0.056 0.906
Gyro: -13.961 41.168 2.288
Accel: 0.253 0.0000 0.812
Gyro: -13.259 39.703 0.442
Accel: 0.229 0.065 0.844
Gyro: -10.467 34.378 -2.609
Accel: 0.226 0.073 0.811
Gyro: -6.256 25.360 -6.286
Accel: 0.225 0.076 0.780
Gyro: -2.182 15.396 -9.338
Accel: 0.199 0.079 0.754
Gyro: 0.625 8.148 -9.414
Accel: 0.197 0.060 0.743
Gyro: 0.885 5.432 -4.028
Accel: 0.169 0.044 0.749
Gyro: 0.793 5.004 -5.538
Accel: 0.158 0.026 0.752
Gyro: -3.921 6.286 -3.372
Accel: 0.158 0.016 0.761
Gyro: -6.958 7.751 -2.288
Accel: 0.166 0.025 0.772
Gyro: -8.0010 8.117 -2.166
Accel: 0.249 0.032 0.775
Gyro: -7.659 7.797 -3.250
Accel: 0.204 0.039 0.773
Gyro: -6.805 6.912 -5.279
Accel: 0.215 0.050 0.775
Gyro: -5.218 8.392 -7.110
Accel: 0.199 0.055 0.794
Gyro: -4.577 11.840 -7.904
Accel: 0.192 0.054 0.800
Gyro: -5.249 17.547 -9.246
Accel: 0.190 0.059 0.805
Gyro: -6.408 24.124 -10.162
Accel: 0.185 0.068 0.810
Gyro: -6.652 29.739 -10.589
Accel: 0.186 0.071 0.806
Gyro: -5.661 33.935 -11.169
Accel: 0.182 0.063 0.798
Gyro: -4.699 36.239 -11.703
Accel: 0.171 0.054 0.785
Gyro: -3.906 37.796 -11.611
Accel: 0.164 0.047 0.778
Gyro: -3.326 38.833 -10.253
Accel: 0.159 0.032 0.769
Gyro: -3.524 40.115 -8.666
Accel: 0.154 0.037 0.760
Gyro: -4.592 41.351 -7.202
Accel: 0.160 0.051 0.744
Gyro: -5.676 43.014 -5.981
Accel: 0.167 0.063 0.733
Gyro: -5.630 44.616 -4.989
Accel: 0.154 0.065 0.720
Gyro: -4.531 44.692 -4.150
Accel: 0.129 0.061 0.704
Gyro: -3.372 42.938 -3.326
Accel: 0.111 0.054 0.686
Gyro: -2.197 39.688 -2.426
Accel: 0.105 0.043 0.672
Gyro: -2.426 36.270 -1.907
Accel: 0.088 0.060 0.681
Gyro: -2.868 27.389 -1.510
Accel: 0.066 0.072 0.682
Gyro: -3.707 24.917 0.808
Accel: 0.052 0.087 0.688
Gyro: -5.279 18.249 0.381
Accel: 0.034 0.086 0.690
Gyro: -7.858 13.397 1.907
Accel: 0.023 0.089 0.691
Gyro: -10.787 10.482 3.372
Accel: 0.022 0.092 0.685
Gyro: -13.122 9.262 4.653
Accel: 0.014 0.099 0.682
Gyro: -14.419 8.209 5.737
Accel: 0.003 0.099 0.680
Gyro: -14.694 5.844 6.164
Accel: 0.004 0.089 0.679
Gyro: -14.419 1.998 5.950
Accel: 0.006 0.086 0.671
Gyro: -13.732 -2.227 5.432
Accel: 0.011 0.083 0.673
Gyro: -13.015 -6.088 6.332
Accel: 0.004 0.073 0.670
Gyro: -11.535 -8.590 6.988
Accel: 0.006 0.061 0.667
Gyro: -9.643 -9.719 7.492
Accel: 0.0001 0.042 0.653
Gyro: -7.385 -10.971 7.827
Accel: 0.0010 0.027 0.613
Gyro: -6.790 -11.123 8.407
Accel: 0.007 0.023 0.576
Gyro: -5.859 -9.735 8.789
Accel: 0.022 0.020 0.524
Gyro: -3.707 -7.278 7.339
Accel: 0.038 0.003 0.441
Gyro: -3.570 -4.043 4.409
Accel: 0.045 0.006 0.346
Gyro: -6.668 0.762 1.647
Accel: 0.068 0.004 0.260
Gyro: -9.613 9.948 0.381
Accel: 0.085 0.0010 0.147
Gyro: -11.123 20.477 -1.480
Accel: 0.110 0.067 0.072
Gyro: -13.961 32.562 3.768
Accel: 0.110 0.062 0.017
Gyro: -8.178 54.397 2.578
Accel: 0.014 0.016 0.078
Gyro: 1.358 56.503 5.798
Accel: 0.021 0.051 0.054
Gyro: 3.005 60.714 3.616
Accel: 0.014 0.054 0.013
Gyro: 6.301 62.026 3.540
Accel: 0.0001 0.053 0.051
Gyro: 10.025 64.102 3.463
Accel: 0.018 0.002 0.074
Gyro: 13.320 66.116 3.540
Accel: 0.0010 0.004 0.052
Gyro: 16.006 68.145 3.738
Accel: 0.0010 0.0010 0.051
Gyro: 18.386 70.129 0.030
Accel: 0.002 0.008 0.029
Gyro: 20.233 71.441 3.967
Accel: 0.007 0.011 0.028
Gyro: 21.514 73.013 4.196
Accel: 0.013 0.0010 0.036
Gyro: 22.842 74.325 4.333
Accel: 0.011 0.0010 0.041
Gyro: 23.803 75.668 4.516
Accel: 0.013 0.009 0.046
Gyro: 24.719 76.660 4.486
Accel: 0.011 0.007 0.052
Gyro: 25.283 77.697 4.440
Accel: 0.008 0.007 0.055
Gyro: 25.695 78.491 4.302
Accel: 0.006 0.006 0.062
Gyro: 25.802 79.513 4.135
Accel: 0.004 0.004 0.064
Gyro: 25.741 80.215 3.723
Accel: 0.003 0.005 0.065
Gyro: 25.711 81.039 3.448
Accel: 0.002 0.005 0.063
Gyro: 25.802 81.573 3.097
Accel: 0.002 0.005 0.063
Gyro: 26.016 82.138 2.777
Accel: 0.004 0.007 0.066
Gyro: 26.397 82.504 2.487
Accel: 0.004 0.008 0.071
Gyro: 26.992 82.656 2.227
Accel: 0.005 0.008 0.080
Gyro: 27.603 82.717 2.059
Accel: 0.005 0.009 0.089
Gyro: 28.793 82.504 2.059
Accel: 0.006 0.009 0.107
Gyro: 30.349 81.970 1.953
Accel: -2.577 -1.690 7.999
Gyro: 52.0001 -499.969 -14.236
Accel: 1.188 0.932 1.723
Gyro: -205.215 -499.969 19.104
Accel: 5.160 -1.649 7.999
Gyro: 340.438 212.982 25.695
Accel: 0.592 0.243 0.675
Gyro: 358.551 245.925 21.362
Accel: -1.410 0.186 -2.953
Gyro: 310.882 180.511 27.923
Accel: 0.953 0.199 0.131
Gyro: 213.912 88.851 41.381
Accel: -1.285 0.788 0.977
Gyro: 151.992 14.099 23.971
Accel: -1.175 0.849 1.355
Gyro: 117.568 -39.916 12.054
Accel: 0.985 0.792 1.079
Gyro: 69.519 -84.671 9.429
Accel: 0.487 0.856 1.689
Gyro: -33.874 -74.462 -1.815
Accel: 0.230 0.930 1.915
Gyro: -113.235 -55.664 -19.729
Accel: 0.029 0.764 1.976
Gyro: -142.105 -58.456 -38.085
Accel: 0.166 0.496 1.921
Gyro: -157.531 -61.614 -41.778
Accel: 0.194 0.041 2.330
Gyro: -143.325 -60.028 -24.414
Accel: 0.072 0.164 2.085
Gyro: -74.295 -43.655 -9.490
Accel: 0.115 0.009 1.091
Gyro: -67.733 -58.151 0.213
Accel: 0.179 0.124 0.957
Gyro: -96.893 -65.704 5.859
Accel: 0.418 0.066 1.417
Gyro: -113.052 -41.549 6.988
Accel: 0.510 0.015 1.509
Gyro: -95.321 -5.630 4.760
Accel: 0.431 0.002 1.248
Gyro: -81.237 9.124 2.456
Accel: 0.347 0.062 1.141
Gyro: -72.692 15.670 2.975
Accel: 0.306 0.044 1.252
Gyro: -61.340 22.796 4.226
Accel: 0.089 0.024 1.280
Gyro: -48.721 27.160 5.905
Accel: 0.014 0.007 1.233
Gyro: -39.474 20.263 5.371
Accel: 0.035 0.004 1.202
Gyro: -32.806 4.882 4.470
Accel: 0.089 0.019 1.179
Gyro: -24.688 -15.121 3.814
Accel: 0.115 0.042 1.062
Gyro: -16.403 -31.234 3.784
Accel: 0.090 0.124 1.055
Gyro: -10.467 -35.675 3.112
Accel: 0.050 0.073 1.020
Gyro: -6.088 -36.788 1.129
Accel: 0.0010 0.065 0.976
Gyro: 0.854 -32.943 -1.586
Accel: 0.008 0.083 0.911
Gyro: 4.165 -26.412 -3.158
Accel: 0.021 0.092 0.872
Gyro: 7.141 -19.195 -4.547
Accel: 0.027 0.089 0.846
Gyro: 8.819 -14.373 -6.347
Accel: 0.023 0.058 0.751
Gyro: 8.697 -11.688 -8.499
Accel: 0.014 0.030 0.788
Gyro: 7.751 -7.537 -10.986
Accel: 0.026 0.037 0.774
Gyro: 6.408 -1.815 -13.427
Accel: 0.041 0.050 0.769
Gyro: 7.034 6.179 -14.709
Accel: 0.068 0.048 0.769
Gyro: 9.613 18.539 -15.411
Accel: 0.095 0.036 0.772
Gyro: 13.305 34.729 -15.594
Accel: 0.118 0.041 0.780
Gyro: 16.433 48.629 -15.060
Accel: 0.037 0.092 1.021
Gyro: 22.476 53.451 -19.302
Accel: 0.083 0.013 0.792
Gyro: 24.841 55.740 -14.877
Accel: 0.090 0.009 0.921
Gyro: 34.988 49.621 -15.197
Accel: 0.0000 0.133 1.027
Gyro: 40.405 44.540 -19.500
Accel: 0.024 0.078 0.880
Gyro: 40.344 49.285 -20.553
Accel: 0.011 0.089 0.811
Gyro: 30.456 54.672 -19.577
Accel: 0.022 0.068 0.805
Gyro: 18.463 58.197 -18.722
Accel: 0.038 0.080 0.866
Gyro: 0.823 56.045 -17.532
Accel: 0.142 0.119 0.854
Gyro: -45.989 36.148 -21.438
Accel: 0.216 0.051 1.130
Gyro: -79.788 12.191 -22.354
Accel: 0.497 0.175 2.450
Gyro: -23.605 -22.552 -13.824
Accel: 0.390 0.044 1.556
Gyro: -6.469 -45.486 -1.922
Accel: 0.221 0.015 1.296
Gyro: 10.406 -54.840 5.905
Accel: 0.028 0.030 1.107
Gyro: 18.051 -47.729 8.514
Accel: 0.092 0.021 0.953
Gyro: 16.342 -30.670 6.988
Accel: 0.182 0.024 0.878
Gyro: 11.306 -13.641 1.678
Accel: 0.093 0.072 0.913
Gyro: 5.630 -1.815 -7.476
Accel: 0.041 0.112 0.984
Gyro: 1.693 2.548 -5.401
Accel: 0.077 0.122 1.002
Gyro: -1.464 1.296 -4.852
Accel: 0.031 0.089 0.989
Gyro: -5.233 0.701 -3.997
Accel: 0.030 0.023 0.948
Gyro: -12.771 0.015 -3.021
Accel: 0.103 0.012 1.079
Gyro: -10.375 3.784 0.274
Accel: 0.144 0.006 1.072
Gyro: -13.687 9.750 -9.384
Accel: 0.046 0.012 1.102
Gyro: -11.535 14.602 -13.076
Accel: 0.017 0.071 1.081
Gyro: -9.536 21.408 -13.473
Accel: 0.008 0.052 1.098
Gyro: -6.378 31.219 -10.635
Accel: 0.042 0.026 1.070
Gyro: -3.311 32.638 -5.126
Accel: 0.143 0.004 1.053
Gyro: 0.015 35.781 0.259
Accel: 0.213 0.008 1.035
Gyro: 3.128 34.851 4.974
Accel: 0.182 0.019 1.024
Gyro: 3.509 31.539 7.949
Accel: 0.135 0.032 1.027
Gyro: 0.549 26.321 9.704
Accel: 0.107 0.040 1.032
Gyro: -4.394 19.836 10.772
Accel: 0.098 0.041 1.028
Gyro: -8.193 14.572 11.184
Accel: 0.084 0.040 1.019
Gyro: -9.796 11.978 11.611
Accel: 0.071 0.047 1.0010
Gyro: -9.567 10.650 11.871
Accel: 0.083 0.046 1.006
Gyro: -8.880 7.400 11.978
Accel: 0.099 0.012 0.966
Gyro: -14.648 -8.636 16.174
Accel: 0.053 0.174 1.048
Gyro: -10.192 -23.406 18.432
Accel: 0.126 0.081 0.997
Gyro: 1.815 -21.057 15.441
Accel: 0.088 0.070 0.965
Gyro: 8.544 -19.805 12.390
Accel: 0.055 0.079 0.979
Gyro: 11.795 -22.048 8.407
Accel: 0.070 0.062 0.973
Gyro: 11.459 -31.036 4.425
Accel: 0.079 0.044 0.966
Gyro: 10.223 -32.836 0.946
Accel: 0.075 0.030 0.955
Gyro: 10.040 -37.643 -1.663
Accel: 0.012 0.032 0.925
Gyro: 11.032 -42.724 0.061
Accel: 0.008 0.035 0.941
Gyro: 12.252 -45.913 1.647
Accel: 0.028 0.011 0.961
Gyro: 13.366 -47.592 1.403
Accel: 0.034 0.0001 0.978
Gyro: 12.664 -45.486 0.610
Accel: 0.021 0.011 1.017
Gyro: 12.298 -42.373 0.061
Accel: 0.003 0.014 1.046
Gyro: 12.359 -39.062 0.167
Accel: 0.002 0.009 1.058
Gyro: 12.008 -33.737 0.122
Accel: 0.016 0.012 1.066
Gyro: 11.077 -26.931 0.152
Accel: 0.022 0.016 1.079
Gyro: 10.040 -19.790 0.091
Accel: 0.022 0.019 1.087
Gyro: 9.552 -12.420 0.228
Accel: 0.026 0.031 1.090
Gyro: 9.140 -3.997 0.808
Accel: 0.029 0.036 1.091
Gyro: 9.475 6.179 1.800
Accel: 0.037 0.038 1.093
Gyro: 10.055 17.211 2.807
Accel: 0.035 0.031 1.090
Gyro: 10.101 26.077 7.797
Accel: 0.019 0.021 1.086
Gyro: 9.155 33.737 5.142
Accel: 0.0000 0.022 1.075
Gyro: 7.919 38.726 6.118
Accel: 0.018 0.020 1.055
Gyro: 6.927 41.442 6.576
Accel: 0.029 0.016 1.029
Gyro: 5.722 41.671 6.774
Accel: 0.038 0.012 1.005
Gyro: 4.058 39.0001 6.515
Accel: 0.056 0.014 0.987
Gyro: 2.685 33.569 6.515
Accel: 0.077 0.020 0.979
Gyro: 1.968 26.016 6.347
Accel: 0.087 0.017 0.965
Gyro: 1.434 18.188 5.905
Accel: 0.090 0.018 0.955
Gyro: 1.220 4.791 5.325
Accel: 0.090 0.020 0.952
Gyro: 1.922 -2.410 4.547
Accel: 0.094 0.025 0.939
Gyro: 2.670 -12.832 3.829
Accel: 0.095 0.024 0.933
Gyro: 2.395 -21.408 3.311
Accel: 0.080 0.011 0.944
Gyro: 2.120 -27.282 2.578
Accel: 0.052 0.011 0.953
Gyro: 1.815 -30.883 2.014
Accel: 0.026 0.011 0.955
Gyro: 1.235 -32.516 1.373
Accel: 0.009 0.012 0.958
Gyro: 0.534 -32.409 0.991
Accel: 0.008 0.019 0.969
Gyro: 0.183 -30.746 1.174
Accel: 0.020 0.027 0.979
Gyro: 0.656 -27.755 1.373
Accel: 0.033 0.032 0.982
Gyro: -1.663 -24.002 1.464
Accel: 0.042 0.037 0.988
Gyro: -2.807 -19.821 1.129
Accel: 0.041 0.031 0.994
Gyro: -3.158 -14.144 0.976
Accel: 0.051 0.028 1.002
Gyro: -3.524 -8.468 1.266
Accel: 0.061 0.026 1.003
Gyro: -4.318 -4.531 1.678
Accel: 0.057 0.025 0.999
Gyro: -5.325 -1.205 1.617
Accel: 0.053 0.025 0.991
Gyro: -6.378 2.258 1.388
Accel: 0.054 0.017 0.994
Gyro: -7.339 5.630 1.220
Accel: 0.055 0.017 0.990
Gyro: -8.148 8.239 1.480
Accel: 0.053 0.021 0.992
Gyro: -8.773 10.040 1.449
Accel: 0.048 0.019 0.996
Gyro: -8.605 11.169 0.885
Accel: 0.033 0.011 0.999
Gyro: -8.514 12.924 0.579
Accel: 0.033 0.007 1.004
Gyro: -7.797 15.274 0.137
Accel: 0.026 0.007 0.997
Gyro: -7.324 17.425 0.228
Accel: 0.021 0.008 0.993
Gyro: -6.805 19.500 0.259
Accel: 0.018 0.007 0.985
Gyro: -5.630 20.736 0.518
Accel: 0.005 0.004 0.973
Gyro: -5.081 21.804 0.198
Accel: 0.004 0.003 0.965
Gyro: -4.470 22.308 0.106
Accel: 0.012 0.004 0.958
Gyro: -3.723 21.591 0.396
Accel: 0.027 0.002 0.951
Gyro: -2.639 15.701 0.732
Accel: 0.040 0.005 0.936
Gyro: -2.136 17.562 1.068
Accel: 0.042 0.006 0.934
Gyro: -1.342 15.365 1.235
Accel: 0.048 0.006 0.935
Gyro: 0.122 12.145 1.495
Accel: 0.053 0.0001 0.930
Gyro: 2.075 8.712 1.495
Accel: 0.056 0.0000 0.919
Gyro: 3.341 5.767 1.220
Accel: 0.056 0.004 0.915
Gyro: 3.997 3.479 0.793
Accel: 0.057 0.006 0.926
Gyro: 5.004 0.946 0.396
Accel: 0.053 0.007 0.928
Gyro: 5.676 -1.678 0.015
Accel: 0.046 0.0001 0.929
Gyro: 4.974 -3.250 0.289
Accel: 0.038 0.002 0.935
Gyro: 3.417 -4.531 0.625
Accel: 0.036 0.002 0.948
Gyro: 1.998 -6.011 0.656
Accel: 0.038 0.0010 0.957
Gyro: 0.656 -8.224 0.488
Accel: 0.031 0.014 0.966
Gyro: 0.396 -10.086 -1.113
Accel: 0.029 0.0010 0.973
Gyro: -1.556 -11.062 -1.525
Accel: 0.020 0.009 0.980
Gyro: -2.380 -11.306 -1.724
Accel: 0.017 0.0010 0.989
Gyro: -3.097 -11.566 -1.937
Accel: 0.018 0.009 0.999
Gyro: -3.417 -11.901 -2.059
Accel: 0.018 0.007 1.006
Gyro: -3.311 -11.703 -2.136
Accel: 0.014 0.0010 1.012
Gyro: -3.128 -11.230 -1.953
Accel: 0.0010 0.006 1.0010
Gyro: -3.417 -11.199 -1.846
Accel: 0.006 0.0000 1.012
Gyro: -4.196 -11.169 -2.014
Accel: 0.0010 0.007 1.020
Gyro: -4.943 -10.589 -1.922
Accel: 0.012 0.006 1.027
Gyro: -5.081 -9.704 -1.998
Accel: 0.014 0.003 1.026
Gyro: -5.126 -8.941 -2.029
Accel: 0.015 0.004 1.027
Gyro: -5.340 -8.468 -2.151
Accel: 0.021 0.003 1.035
Gyro: -5.065 -8.422 -2.349
Accel: 0.022 0.005 1.040
Gyro: -3.311 -7.385 -2.502
Accel: 0.018 0.007 1.037
Gyro: -1.785 -5.889 -2.639
Accel: 0.019 0.005 1.027
Gyro: 0.656 -4.074 -2.655
Accel: 0.025 0.007 1.016
Gyro: 0.106 -2.899 -2.548
Accel: 0.024 0.004 1.011
Gyro: 0.106 -2.243 -2.655
Accel: 0.036 0.002 1.011
Gyro: 0.289 -1.220 -2.182
Accel: 0.030 0.004 1.020
Gyro: 0.427 0.167 -1.861
Accel: 0.034 0.008 1.021
Gyro: 0.915 0.366 -1.464
Accel: 0.041 0.009 1.0010
Gyro: 0.869 0.686 -1.037
Accel: 0.036 0.012 0.999
Gyro: 0.122 0.076 0.686
Accel: 0.034 0.0010 0.991
Gyro: 0.762 0.762 0.671
Accel: 0.039 0.003 0.991
Gyro: -1.525 0.854 0.686
Accel: 0.035 0.0000 0.996
Gyro: -2.090 -1.129 0.869
Accel: 0.033 0.004 0.998
Gyro: -2.319 -2.059 0.915
Accel: 0.031 0.006 0.993
Gyro: -2.578 -3.707 0.640
Accel: 0.028 0.006 0.988
Gyro: -3.036 -5.584 0.396
Accel: 0.019 0.014 0.984
Gyro: -3.036 -7.644 0.183
Accel: 0.018 0.020 0.985
Gyro: -3.005 -8.773 0.488
Accel: 0.009 0.018 0.991
Gyro: -3.311 -9.323 1.419
Accel: 0.0000 0.015 0.995
Gyro: -3.509 -10.467 2.120
Accel: 0.0001 0.015 1.0001
Gyro: -3.540 -12.0100 2.960
Accel: 0.004 0.015 1.008
Gyro: -2.944 -15.258 3.448
Accel: 0.0001 0.020 1.011
Gyro: -1.937 -18.356 3.448
Accel: 0.007 0.026 1.023
Gyro: 3.738 -19.668 3.356
Accel: 0.019 0.027 1.035
Gyro: 1.739 -19.943 3.036
Accel: 0.030 0.023 1.046
Gyro: 3.723 -19.378 1.846
Accel: 0.037 0.026 1.048
Gyro: 5.523 -17.288 0.518
Accel: 0.046 0.027 1.050
Gyro: 7.125 -13.580 0.488
Accel: 0.052 0.025 1.050
Gyro: 8.529 -9.338 -1.510
Accel: 0.052 0.023 1.049
Gyro: 9.536 0.152 -2.502
Accel: 0.048 0.014 1.041
Gyro: 9.872 1.113 -3.326
Accel: 0.043 0.007 1.033
Gyro: 9.262 5.691 -4.287
Accel: 0.037 0.003 1.022
Gyro: 8.285 9.033 -5.157
Accel: 0.027 0.0000 1.014
Gyro: 7.034 10.559 -5.676
Accel: 0.020 0.005 1.004
Gyro: 5.905 10.452 -6.088
Accel: 0.014 0.0010 0.995
Gyro: 4.455 9.506 -6.500
Accel: 0.0001 0.008 0.985
Gyro: 2.471 8.789 -6.271
Accel: 0.0001 0.013 0.986
Gyro: 0.610 7.629 -6.134
Accel: 0.003 0.016 0.982
Gyro: -1.846 6.057 -5.798
Accel: 0.005 0.020 0.979
Gyro: -4.196 4.837 -5.371
Accel: 0.006 0.020 0.978
Gyro: -6.759 4.547 -4.913
Accel: 0.009 0.017 0.982
Gyro: -8.636 4.302 -4.104
Accel: 0.009 0.013 0.985
Gyro: -9.963 4.119 -3.173
Accel: 0.007 0.003 0.989
Gyro: -11.047 3.570 -2.365
Accel: 0.006 0.009 0.994
Gyro: -12.023 2.349 -1.419
Accel: 0.004 0.016 1.002
Gyro: -12.329 0.991 0.671
Accel: 0.004 0.026 1.008
Gyro: -12.191 0.656 0.091
Accel: 0.002 0.033 1.009
Gyro: -12.161 -2.059 0.289
Accel: 0.0001 0.042 1.011
Gyro: -11.947 -2.960 0.366
Accel: 0.003 0.048 1.021
Gyro: -11.047 -3.738 0.213
Accel: 0.005 0.052 1.028
Gyro: -9.246 -4.699 -3.906
Accel: 0.002 0.057 1.032
Gyro: -6.988 -5.828 0.427
Accel: 0.005 0.065 1.036
Gyro: -4.241 -6.347 0.930
Accel: 0.005 0.065 1.037
Gyro: -1.708 -5.828 -1.220
Accel: 0.0001 0.057 1.040
Gyro: 0.946 -5.172 -1.449
Accel: 0.0001 0.051 1.040
Gyro: 3.463 -4.348 -1.464
Accel: 0.002 0.039 1.037
Gyro: 5.249 -3.829 -1.113
Accel: 0.004 0.029 1.030
Gyro: 6.195 -2.532 0.213
Accel: 0.0001 0.021 1.029
Gyro: 6.805 0.534 0.656
Accel: 0.002 0.014 1.031
Gyro: 7.019 0.915 1.785
Accel: 0.007 0.008 1.033
Gyro: 6.988 1.770 2.975
