Accel: 0.085 0.005 0.951
Gyro: -6.408 -10.314 4.302
Accel: 0.085 0.004 0.958
Gyro: -6.240 -10.391 4.592
Accel: 0.081 0.009 0.966
Gyro: -6.027 -10.314 5.020
Accel: 0.079 0.008 0.973
Gyro: -5.416 -9.811 5.447
Accel: 0.078 0.0010 0.981
Gyro: -5.081 -7.781 5.554
Accel: 0.082 0.008 0.986
Gyro: -4.425 -5.340 5.050
Accel: 0.082 0.009 0.986
Gyro: -4.180 -2.929 4.409
Accel: 0.084 0.013 0.983
Gyro: -4.333 -1.113 3.677
Accel: 0.077 0.019 0.987
Gyro: -4.913 0.274 3.234
Accel: 0.062 0.022 0.994
Gyro: -5.218 0.244 3.005
Accel: 0.050 0.023 0.997
Gyro: -5.416 0.213 2.502
Accel: 0.048 0.024 0.999
Gyro: -5.783 0.503 1.953
Accel: 0.051 0.024 0.999
Gyro: -5.981 1.892 1.815
Accel: 0.045 0.023 0.998
Gyro: -5.935 3.555 2.044
Accel: 0.043 0.023 0.994
Gyro: -5.783 4.714 2.410
Accel: 0.045 0.021 0.996
Gyro: -5.676 5.218 2.441
Accel: 0.042 0.018 0.998
Gyro: -5.599 4.882 2.029
Accel: 0.036 0.023 1.003
Gyro: -5.432 4.333 1.541
Accel: 0.031 0.031 1.005
Gyro: -5.477 3.387 1.388
Accel: 0.030 0.032 1.004
Gyro: -5.676 2.380 1.220
Accel: 0.029 0.031 1.0001
Gyro: -5.981 1.037 1.113
Accel: 0.039 0.036 1.0001
Gyro: -5.691 0.579 0.762
Accel: 0.043 0.040 1.006
Gyro: -5.645 -1.785 0.549
Accel: 0.043 0.038 1.011
Gyro: -4.989 -2.655 0.244
Accel: 0.040 0.045 1.012
Gyro: -4.272 -3.189 0.228
Accel: 0.042 0.053 1.008
Gyro: -4.150 -3.982 0.106
Accel: 0.047 0.046 1.004
Gyro: -4.150 -5.142 0.396
Accel: 0.054 0.048 1.005
Gyro: -4.119 -8.132 0.991
Accel: 0.054 0.058 1.0010
Gyro: -4.089 -10.498 0.961
Accel: 0.062 0.054 1.028
Gyro: -3.555 -11.230 0.839
Accel: 0.070 0.059 1.043
Gyro: -1.571 -11.062 0.930
Accel: 0.075 0.068 1.048
Gyro: 0.091 -10.147 -1.037
Accel: 0.076 0.070 1.050
Gyro: 1.022 -8.789 -1.327
Accel: 0.078 0.070 1.049
Gyro: 2.014 -7.278 -1.480
Accel: 0.082 0.068 1.047
Gyro: 2.777 -5.859 -1.480
Accel: 0.081 0.065 1.047
Gyro: 3.311 -4.394 -1.281
Accel: 0.078 0.064 1.044
Gyro: 4.180 -2.914 -1.144
Accel: 0.075 0.068 1.044
Gyro: 5.340 -1.815 0.930
Accel: 0.072 0.071 1.037
Gyro: 6.530 0.991 0.717
Accel: 0.063 0.067 1.032
Gyro: 7.797 0.366 0.152
Accel: 0.064 0.067 1.029
Gyro: 9.033 0.015 0.503
Accel: 0.065 0.072 1.027
Gyro: 9.689 1.388 1.281
Accel: 0.067 0.069 1.032
Gyro: 10.269 2.670 1.861
Accel: 0.067 0.067 1.031
Gyro: 10.711 3.570 2.349
Accel: 0.067 0.068 1.028
Gyro: 10.742 3.738 2.777
Accel: 0.064 0.065 1.024
Gyro: 10.375 3.738 3.570
Accel: 0.061 0.0000 1.020
Gyro: 9.796 3.234 4.898
Accel: 0.054 0.058 1.020
Gyro: 9.017 2.334 5.722
Accel: 0.043 0.073 1.023
Gyro: 8.514 1.419 5.615
Accel: 0.041 0.074 1.031
Gyro: 8.438 0.030 5.310
Accel: 0.040 0.061 1.023
Gyro: 8.636 -1.846 6.179
Accel: 0.038 0.067 1.014
Gyro: 7.141 -3.921 8.117
Accel: 0.020 0.051 1.012
Gyro: 4.745 -6.408 10.589
Accel: 0.003 0.032 1.014
Gyro: 1.449 -8.697 12.268
Accel: 0.009 0.079 0.900
Gyro: -11.917 -8.865 15.472
Accel: 0.056 0.0001 1.013
Gyro: -13.458 -17.227 13.580
Accel: 0.036 0.101 1.102
Gyro: -8.163 -29.281 11.657
Accel: 0.082 0.195 1.137
Gyro: 1.586 -42.221 11.932
Accel: 0.081 0.177 1.119
Gyro: 6.683 -51.559 13.641
Accel: 0.0010 0.156 1.136
Gyro: 10.986 -66.329 13.305
Accel: 0.044 0.064 1.152
Gyro: 13.259 -77.316 14.022
Accel: 0.021 0.093 1.184
Gyro: 12.008 -85.418 11.383
Accel: 0.015 0.134 1.243
Gyro: 12.725 -88.150 7.888
Accel: 0.032 0.169 1.302
Gyro: 14.816 -92.681 6.729
Accel: 0.090 0.155 1.344
Gyro: 17.166 -93.536 5.264
Accel: 0.153 0.117 1.376
Gyro: 18.936 -91.247 3.128
Accel: 0.208 0.096 1.410
Gyro: 21.438 -86.288 1.190
Accel: 0.262 0.080 1.424
Gyro: 23.483 -81.268 -1.632
Accel: 0.287 0.065 1.442
Gyro: 24.459 -76.354 -3.738
Accel: 0.288 0.066 1.459
Gyro: 24.337 -71.228 -4.821
Accel: 0.291 0.053 1.467
Gyro: 23.345 -64.956 -5.081
Accel: 0.304 0.033 1.471
Gyro: 21.606 -58.074 -5.187
Accel: 0.312 0.041 1.501
Gyro: 21.789 -49.591 -5.325
Accel: 0.325 0.028 1.527
Gyro: 23.483 -38.833 -5.630
Accel: 0.340 0.018 1.513
Gyro: 22.735 -24.139 -5.432
Accel: 0.350 0.057 1.437
Gyro: 18.554 -5.493 0.183
Accel: 0.358 0.087 1.488
Gyro: 13.717 10.803 0.930
Accel: 0.371 0.101 1.479
Gyro: 8.819 26.290 3.829
Accel: 0.371 0.120 1.466
Gyro: 0.183 36.346 9.582
Accel: 0.377 0.106 1.439
Gyro: -1.541 49.514 17.288
Accel: 0.378 0.091 1.410
Gyro: -9.521 61.981 25.283
Accel: 0.355 0.063 1.376
Gyro: -18.737 73.242 31.402
Accel: 0.341 0.042 1.343
Gyro: -26.901 83.450 33.828
Accel: 0.330 0.029 1.300
Gyro: -32.608 92.147 34.286
Accel: 0.319 0.008 1.258
Gyro: -35.644 104.782 31.219
Accel: 0.293 0.024 1.239
Gyro: -34.881 106.933 25.054
Accel: 0.272 0.048 1.200
Gyro: -30.776 109.466 17.791
Accel: 0.294 0.020 1.179
Gyro: -25.344 108.489 8.102
Accel: 0.254 0.026 1.163
Gyro: -18.432 103.439 -1.617
Accel: 0.241 0.042 1.145
Gyro: -11.917 95.092 -10.711
Accel: 0.209 0.054 1.114
Gyro: -7.263 84.350 -15.319
Accel: 0.158 0.038 1.097
Gyro: -4.241 70.388 -16.845
Accel: 0.093 0.032 1.085
Gyro: -3.326 52.032 -14.160
Accel: 0.073 0.061 1.057
Gyro: -4.180 35.675 -8.728
Accel: 0.138 0.070 1.030
Gyro: -8.132 26.809 -4.562
Accel: 0.184 0.085 1.025
Gyro: -12.313 18.142 -1.037
Accel: 0.191 0.051 1.024
Gyro: -15.930 13.977 3.768
Accel: 0.180 0.007 1.012
Gyro: -18.676 12.710 10.070
Accel: 0.185 0.025 0.993
Gyro: -20.584 13.610 17.166
Accel: 0.177 0.032 0.980
Gyro: -22.308 16.616 22.506
Accel: 0.186 0.057 0.982
Gyro: -22.918 20.431 26.184
Accel: 0.193 0.058 0.969
Gyro: -23.193 26.443 26.962
Accel: 0.204 0.060 0.963
Gyro: -23.574 38.833 24.658
Accel: 0.212 0.0000 0.876
Gyro: -23.590 46.905 20.523
Accel: 0.220 0.044 0.919
Gyro: -23.391 61.248 15.930
Accel: 0.205 0.030 0.902
Gyro: -22.369 75.851 11.917
Accel: 0.158 0.031 0.891
Gyro: -20.355 89.019 8.895
Accel: 0.102 0.055 0.884
Gyro: -17.395 99.792 6.072
Accel: 0.070 0.045 0.841
Gyro: -15.487 106.887 3.829
Accel: 0.043 0.059 0.841
Gyro: -13.626 109.588 2.410
Accel: 0.020 0.056 0.831
Gyro: -13.412 106.445 1.388
Accel: 0.003 0.035 0.826
Gyro: -14.251 97.167 0.106
Accel: 0.020 0.031 0.814
Gyro: -15.716 84.228 -1.052
Accel: 0.026 0.013 0.815
Gyro: -16.952 68.252 0.0000
Accel: 0.041 0.005 0.819
Gyro: -16.296 50.415 3.097
Accel: 0.077 0.016 0.815
Gyro: -14.373 32.653 6.439
Accel: 0.075 0.013 0.832
Gyro: -10.803 12.588 8.407
Accel: 0.0100 0.039 0.802
Gyro: -7.141 2.746 15.441
Accel: 0.108 0.082 0.802
Gyro: -11.718 -9.140 13.824
Accel: 0.107 0.093 0.819
Gyro: -7.324 -19.317 16.128
Accel: 0.096 0.098 0.808
Gyro: -5.889 -27.847 18.142
Accel: 0.082 0.109 0.811
Gyro: -4.058 -34.622 20.324
Accel: 0.061 0.111 0.807
Gyro: -1.663 -39.642 22.506
Accel: 0.058 0.101 0.794
Gyro: 0.869 -43.273 24.597
Accel: 0.050 0.071 0.794
Gyro: 3.829 -45.974 25.238
Accel: 0.052 0.026 0.801
Gyro: 7.354 -49.499 23.132
Accel: 0.062 0.006 0.802
Gyro: 15.335 -53.924 18.386
Accel: 0.072 0.027 0.791
Gyro: 15.075 -57.556 12.207
Accel: 0.059 0.062 0.770
Gyro: 17.105 -59.631 5.935
Accel: 0.050 0.059 0.754
Gyro: 17.105 -58.868 1.770
Accel: 0.036 0.066 0.993
Gyro: 0.915 -2.731 -2.014
Accel: 0.037 0.070 0.992
Gyro: -1.480 -2.944 -1.571
Accel: 0.034 0.076 0.995
Gyro: -1.846 -3.494 -1.144
Accel: 0.027 0.079 0.999
Gyro: -1.892 -4.623 -1.052
Accel: 0.024 0.075 1.004
Gyro: -1.525 -5.889 -1.205
Accel: 0.025 0.069 1.007
Gyro: -1.312 -7.217 -1.235
Accel: 0.024 0.063 1.006
Gyro: -1.480 -7.492 -1.037
Accel: 0.028 0.064 1.009
Gyro: -1.754 -6.805 0.625
Accel: 0.032 0.066 1.015
Gyro: -2.166 -5.477 0.350
Accel: 0.034 0.069 1.020
Gyro: -2.182 -3.723 0.381
Accel: 0.032 0.068 1.023
Gyro: -1.617 -2.090 0.473
Accel: 0.036 0.067 1.024
Gyro: -1.007 0.823 0.885
Accel: 0.043 0.066 1.024
Gyro: 0.625 0.0000 -1.541
Accel: 0.043 0.066 1.016
Gyro: 0.289 0.671 -1.815
Accel: 0.034 0.068 1.008
Gyro: 0.0000 1.678 -1.983
Accel: 0.024 0.070 1.002
Gyro: 0.289 2.136 -1.739
Accel: 0.019 0.074 1.0000
Gyro: 0.503 2.288 -1.541
Accel: 0.018 0.072 1.003
Gyro: 0.579 1.434 -1.754
Accel: 0.024 0.066 1.007
Gyro: 0.976 0.183 -2.105
Accel: 0.031 0.057 1.006
Gyro: 1.388 -1.220 -2.380
Accel: 0.035 0.053 1.006
Gyro: 1.876 -2.136 -2.883
Accel: 0.039 0.051 1.005
Gyro: 2.319 -2.410 -3.448
Accel: 0.044 0.052 1.0001
Gyro: 2.548 -2.792 -3.356
Accel: 0.042 0.060 0.995
Gyro: 2.700 -3.067 -2.807
Accel: 0.040 0.062 0.995
Gyro: 2.761 -3.234 -1.998
Accel: 0.036 0.063 0.994
Gyro: 3.082 -3.799 -1.602
Accel: 0.032 0.064 0.993
Gyro: 3.311 -4.669 -1.296
Accel: 0.030 0.061 0.991
Gyro: 3.295 -5.813 -1.113
Accel: 0.025 0.052 0.992
Gyro: 3.128 -6.668 -1.403
Accel: 0.027 0.043 0.997
Gyro: 2.929 -6.362 -2.288
Accel: 0.030 0.040 1.0000
Gyro: 2.716 -5.233 -2.807
Accel: 0.038 0.039 1.007
Gyro: 2.716 -3.601 -3.143
Accel: 0.043 0.040 1.011
Gyro: 2.883 -1.800 -3.280
Accel: 0.042 0.044 1.0010
Gyro: 2.746 0.106 -3.463
Accel: 0.042 0.048 1.009
Gyro: 2.487 1.327 -3.677
Accel: 0.036 0.050 1.004
Gyro: 2.166 2.166 -3.555
Accel: 0.029 0.053 0.997
Gyro: 2.014 2.609 -3.753
Accel: 0.028 0.054 0.995
Gyro: 1.831 2.426 -4.180
Accel: 0.031 0.053 0.991
Gyro: 1.480 1.953 -4.531
Accel: 0.043 0.051 0.993
Gyro: 1.327 0.976 -4.364
Accel: 0.044 0.055 0.990
Gyro: 1.113 0.381 -4.135
Accel: 0.042 0.055 0.992
Gyro: 0.915 -1.541 -4.089
Accel: 0.038 0.053 0.992
Gyro: 0.732 -2.655 -4.196
Accel: 0.033 0.050 0.995
Gyro: 0.564 -3.143 -3.875
Accel: 0.031 0.049 1.003
Gyro: 0.732 -3.875 -3.036
Accel: 0.029 0.057 1.006
Gyro: 0.930 -4.653 -2.456
Accel: 0.034 0.062 1.007
Gyro: 0.976 -4.898 -2.395
Accel: 0.041 0.065 1.009
Gyro: 0.976 -4.989 -1.937
Accel: 0.036 0.065 1.006
Gyro: 0.732 -4.623 -1.220
Accel: 0.028 0.065 1.008
Gyro: 0.320 -4.150 0.717
Accel: 0.023 0.062 1.011
Gyro: 0.091 -3.906 0.793
Accel: 0.020 0.124 1.015
Gyro: 0.503 -3.952 -1.266
Accel: 0.018 0.067 1.017
Gyro: 0.976 -4.211 -1.510
Accel: 0.012 0.068 1.017
Gyro: 1.388 -4.653 -1.708
Accel: 0.009 0.066 1.021
Gyro: 1.785 -4.730 -1.708
Accel: 0.009 0.066 1.022
Gyro: 1.983 -4.287 -1.586
Accel: 0.011 0.070 1.023
Gyro: 1.846 -3.662 -1.159
Accel: 0.0010 0.070 1.026
Gyro: 1.510 -2.975 0.808
Accel: 0.008 0.070 1.025
Gyro: 1.312 -2.227 0.640
Accel: 0.009 0.069 1.025
Gyro: 1.281 -1.083 0.701
Accel: 0.009 0.068 1.026
Gyro: 1.296 0.305 -1.113
Accel: 0.013 0.068 1.023
Gyro: 1.342 1.708 -1.800
Accel: 0.012 0.069 1.023
Gyro: 1.556 3.021 -2.487
Accel: 0.013 0.070 1.023
Gyro: 1.556 4.089 -2.792
Accel: 0.017 0.071 1.021
Gyro: 1.708 4.455 -3.250
Accel: 0.020 0.073 1.018
Gyro: 1.770 4.684 -3.570
Accel: 0.020 0.075 1.008
Gyro: 1.785 4.928 -3.570
Accel: 0.023 0.074 1.004
Gyro: 1.861 4.959 -3.479
Accel: 0.031 0.074 0.998
Gyro: 1.907 4.730 -3.402
Accel: 0.039 0.081 0.997
Gyro: 2.090 3.860 -3.494
Accel: 0.041 0.087 0.993
Gyro: 2.532 2.731 -3.753
Accel: 0.042 0.089 0.989
Gyro: 2.685 1.525 -4.119
Accel: 0.041 0.088 0.987
Gyro: 2.899 0.793 -4.394
Accel: 0.041 0.086 0.991
Gyro: 3.005 0.198 -4.638
Accel: 0.041 0.083 0.988
Gyro: 3.067 -1.159 -4.852
Accel: 0.040 0.083 0.986
Gyro: 2.792 -1.663 -4.928
Accel: 0.046 0.078 0.991
Gyro: 2.822 -1.861 -4.806
Accel: 0.049 0.082 0.992
Gyro: 2.639 -2.029 -4.547
Accel: 0.051 0.090 0.992
Gyro: 2.410 -2.136 -4.165
Accel: 0.053 0.092 0.994
Gyro: 2.227 -2.593 -3.631
Accel: 0.048 0.093 0.995
Gyro: 2.212 -2.685 -3.265
Accel: 0.047 0.091 0.995
Gyro: 2.227 -2.822 -2.883
Accel: 0.042 0.089 0.996
Gyro: 2.288 -3.021 -2.807
Accel: 0.038 0.091 0.997
Gyro: 2.227 -3.173 -3.036
Accel: 0.031 0.093 0.997
Gyro: 2.151 -3.295 -3.128
Accel: 0.024 0.092 0.998
Gyro: 2.075 -3.311 -2.944
Accel: 0.023 0.092 1.0000
Gyro: 2.014 -3.158 -3.158
Accel: 0.027 0.093 1.007
Gyro: 1.754 -2.975 -3.280
Accel: 0.038 0.093 1.011
Gyro: 1.190 -2.655 -3.036
Accel: 0.039 0.092 1.013
Gyro: 0.869 -2.075 -2.792
Accel: 0.032 0.094 1.0010
Gyro: 0.793 -1.159 -2.685
Accel: 0.027 0.093 1.008
Gyro: 0.732 0.137 -2.731
Accel: 0.032 0.093 1.003
Gyro: 0.534 1.037 -2.624
Accel: 0.035 0.093 1.002
Gyro: 0.137 2.090 -2.700
Accel: 0.035 0.093 0.999
Gyro: 0.427 3.051 -2.792
Accel: 0.033 0.090 1.0000
Gyro: 0.701 3.784 -2.990
Accel: 0.036 0.086 1.003
Gyro: 0.640 3.997 -3.173
Accel: 0.034 0.094 0.997
Gyro: 0.518 4.318 -3.433
Accel: 0.032 0.099 0.995
Gyro: 0.732 4.028 -3.662
Accel: 0.027 0.101 0.991
Gyro: 0.686 3.356 -3.814
Accel: 0.016 0.0100 0.986
Gyro: 0.518 2.120 -4.287
Accel: 0.006 0.098 0.983
Gyro: 0.122 0.244 -4.882
Accel: 0.005 0.102 0.978
Gyro: 0.930 -1.846 -5.462
Accel: 0.012 0.107 0.969
Gyro: 1.052 -3.372 -5.966
Accel: 0.034 0.106 0.964
Gyro: 0.869 -4.135 -5.249
Accel: 0.061 0.102 0.958
Gyro: 0.381 -4.226 -2.944
Accel: 0.077 0.091 0.948
Gyro: -2.349 -3.173 0.122
Accel: 0.085 0.083 0.930
Gyro: -4.959 -1.647 2.792
Accel: 0.085 0.090 0.901
Gyro: -7.720 0.091 5.554
Accel: 0.084 0.090 0.863
Gyro: -11.672 1.251 7.675
Accel: 0.062 0.077 0.826
Gyro: -14.694 1.876 8.422
Accel: 0.025 0.068 0.770
Gyro: -16.998 1.617 8.178
Accel: 0.0001 0.074 0.713
Gyro: -23.269 0.961 7.095
Accel: 0.055 0.069 0.623
Gyro: -22.048 -4.089 2.990
Accel: 0.0100 0.043 0.507
Gyro: -25.756 -5.035 -1.449
Accel: 0.111 0.011 0.378
Gyro: -30.883 -4.028 -5.310
Accel: 0.092 0.005 0.267
Gyro: -36.117 -4.013 -8.926
Accel: 0.102 0.111 0.186
Gyro: -39.093 -11.810 -2.944
Accel: 0.114 0.065 0.153
Gyro: -34.042 -16.174 7.843
Accel: 0.082 0.019 0.013
Gyro: -20.294 -14.328 16.693
Accel: 0.0001 0.035 0.033
Gyro: -10.299 -14.465 15.792
Accel: 0.053 0.021 0.007
Gyro: 0.213 -11.566 15.350
Accel: 0.016 0.012 0.078
Gyro: 0.762 -8.682 14.831
Accel: 0.0000 0.008 0.036
Gyro: 4.623 -6.011 14.404
Accel: 0.002 0.011 0.018
Gyro: 7.949 -3.097 14.053
Accel: 0.002 0.0010 0.024
Gyro: 10.726 0.701 13.732
Accel: 0.006 0.011 0.030
Gyro: 12.710 1.556 13.473
Accel: 0.0010 0.0010 0.040
Gyro: 13.916 4.089 13.320
Accel: 0.006 0.007 0.044
Gyro: 14.694 6.484 13.092
Accel: 0.006 0.007 0.047
Gyro: 14.892 8.773 12.908
Accel: 0.006 0.003 0.052
Gyro: 14.953 11.169 12.649
Accel: 0.004 0.002 0.052
Gyro: 14.617 13.427 12.283
Accel: 0.003 0.002 0.055
Gyro: 14.175 15.533 11.871
Accel: 0.006 0.004 0.053
Gyro: 13.519 17.776 11.520
Accel: 0.004 0.003 0.063
Gyro: 12.603 19.714 11.123
Accel: 0.004 0.003 0.059
Gyro: 11.596 21.621 10.711
Accel: 0.004 0.002 0.006
Gyro: 10.620 23.513 10.330
Accel: 0.005 0.002 0.067
Gyro: 9.506 25.466 9.948
Accel: 0.004 0.002 0.070
Gyro: 8.300 27.145 9.582
Accel: 0.003 0.0001 0.072
Gyro: 6.973 28.671 8.819
Accel: 0.003 0.0001 0.074
Gyro: 5.508 30.166 8.224
Accel: 0.004 0.0001 0.077
Gyro: 3.997 31.677 7.751
Accel: 0.003 0.002 0.079
Gyro: 2.243 32.745 7.019
Accel: 0.003 0.002 0.083
Gyro: 0.747 34.118 6.347
Accel: 0.002 0.0000 0.086
Gyro: 0.579 35.354 5.554
Accel: 0.003 0.002 0.089
Gyro: -2.044 36.621 4.882
Accel: 0.003 0.0001 0.090
Gyro: -3.326 37.948 4.318
Accel: 0.004 0.002 0.090
Gyro: -4.226 38.909 3.753
Accel: 0.003 0.0000 0.096
Gyro: -4.699 40.039 3.326
Accel: 0.0000 0.005 0.096
Gyro: -4.638 40.954 3.021
Accel: 0.006 0.005 0.106
Gyro: -6.454 41.870 1.358
Accel: 0.002 0.006 0.106
Gyro: -6.454 42.373 0.534
Accel: 0.008 0.0010 0.101
Gyro: -5.432 42.495 0.427
Accel: 0.0010 0.017 0.115
Gyro: -3.845 42.510 1.007
Accel: 0.0010 0.020 0.115
Gyro: -1.647 42.312 2.166
Accel: 0.013 0.023 0.124
Gyro: 0.854 42.190 3.723
Accel: 2.199 0.669 4.691
Gyro: -319.702 -361.648 141.235
Accel: 2.740 -1.381 2.236
Gyro: -499.969 -499.969 170.852
Accel: 2.648 -7.233 6.257
Gyro: -499.969 -499.969 185.302
Accel: 7.999 0.510 7.999
Gyro: -246.078 -340.118 52.627
Accel: -1.226 0.518 0.561
Gyro: 14.205 23.544 12.054
Accel: 0.0100 0.701 -1.557
Gyro: 118.545 139.099 40.130
Accel: 0.042 0.305 0.320
Gyro: 160.995 129.531 45.639
Accel: 0.510 0.075 1.790
Gyro: 175.537 97.167 51.376
Accel: 0.636 0.335 5.298
Gyro: 103.881 68.878 89.935
Accel: 0.268 0.350 4.500
Gyro: 36.575 299.285 85.571
Accel: 0.291 0.700 2.764
Gyro: 5.813 284.683 76.583
Accel: 0.004 0.183 2.165
Gyro: -30.838 226.669 64.971
Accel: 0.690 0.246 1.412
Gyro: -3.250 110.107 64.926
Accel: 0.408 0.623 1.127
Gyro: 1.983 27.832 63.995
Accel: 0.068 0.413 1.379
Gyro: -4.501 -41.687 66.024
Accel: 0.053 0.052 1.358
Gyro: -19.317 -92.147 56.793
Accel: 0.064 0.358 1.223
Gyro: -34.027 -133.148 46.890
Accel: 0.050 0.519 1.105
Gyro: -51.284 -164.245 38.772
Accel: 0.184 0.719 1.112
Gyro: -52.978 -181.671 35.598
Accel: 0.567 0.931 2.127
Gyro: -17.028 -88.958 37.918
Accel: 0.709 0.916 1.491
Gyro: 19.531 17.074 26.138
Accel: 0.628 0.818 0.993
Gyro: 24.520 41.152 16.510
Accel: 0.668 0.550 1.080
Gyro: 17.059 42.678 16.204
Accel: 0.603 0.339 1.197
Gyro: 19.271 43.762 15.258
Accel: 0.475 0.300 1.190
Gyro: 20.126 44.204 12.039
Accel: 0.369 0.297 1.218
Gyro: 21.652 44.708 10.894
Accel: 0.223 0.298 1.181
Gyro: 19.241 46.478 11.367
Accel: 0.093 0.310 1.114
Gyro: 14.785 44.433 12.039
Accel: 0.050 0.291 1.130
Gyro: 8.697 31.478 13.412
Accel: 0.166 0.215 1.144
Gyro: 0.274 13.137 16.082
Accel: 0.155 0.167 1.144
Gyro: 0.686 -4.394 18.386
Accel: 0.075 0.178 1.157
Gyro: -2.182 -19.302 18.386
Accel: 0.028 0.210 1.175
Gyro: -4.638 -19.653 15.075
Accel: 0.093 0.216 1.182
Gyro: -5.432 -12.176 9.475
Accel: 0.102 0.187 1.140
Gyro: -7.766 -9.109 4.776
Accel: 0.061 0.152 1.080
Gyro: -12.481 -14.144 0.076
Accel: 0.013 0.174 1.057
Gyro: -16.616 -21.621 -4.425
Accel: 0.002 0.221 1.031
Gyro: -18.463 -31.158 -7.156
Accel: 0.033 0.280 1.004
Gyro: -17.715 -27.755 -7.568
Accel: 0.071 0.328 1.006
Gyro: -13.931 -23.239 -6.683
Accel: 0.074 0.327 1.013
Gyro: -4.028 -16.769 -6.362
Accel: 0.090 0.311 0.985
Gyro: -4.028 -11.199 -7.003
Accel: 0.091 0.283 0.963
Gyro: -1.831 -9.521 -8.224
Accel: 0.101 0.262 0.949
Gyro: -1.144 -10.223 -9.979
Accel: 0.132 0.254 0.958
Gyro: 0.289 -9.140 -12.176
Accel: 0.143 0.304 1.020
Gyro: 0.091 -6.576 -13.412
Accel: 0.110 0.272 1.021
Gyro: 2.090 -4.150 -13.061
Accel: 0.087 0.276 1.050
Gyro: 3.662 -5.813 -11.566
Accel: 0.002 0.254 1.032
Gyro: 2.471 -9.963 -11.199
Accel: 0.079 0.236 1.016
Gyro: 0.183 -13.824 -12.084
Accel: 0.095 0.215 1.014
Gyro: -1.861 -15.548 -12.786
Accel: 0.124 0.227 1.011
Gyro: 0.854 -13.793 -11.947
Accel: 0.144 0.249 1.027
Gyro: 1.831 -9.841 -10.650
Accel: 0.132 0.249 1.022
Gyro: 2.441 -4.623 -10.040
Accel: 0.107 0.254 1.029
Gyro: 0.900 -2.624 -9.353
Accel: 0.088 0.253 1.038
Gyro: 0.122 -3.967 -7.827
Accel: 0.043 0.187 1.058
Gyro: -2.090 -10.116 -4.943
Accel: 0.092 0.202 1.029
Gyro: -3.189 -12.496 -4.196
Accel: 0.107 0.206 0.990
Gyro: -4.394 -13.854 -3.936
Accel: 0.136 0.249 0.973
Gyro: -3.036 -12.435 -5.172
Accel: 0.138 0.291 0.955
Gyro: 0.732 -9.750 -7.339
Accel: 0.129 0.301 0.934
Gyro: 1.724 -7.156 -8.834
Accel: 0.136 0.302 0.935
Gyro: 7.781 -5.859 -10.803
Accel: 0.124 0.292 0.942
Gyro: 7.095 -5.737 -12.0100
Accel: 0.127 0.295 0.938
Gyro: 6.057 -7.888 -12.969
Accel: 0.121 0.286 0.955
Gyro: 2.655 -9.628 -14.266
Accel: 0.120 0.282 0.978
Gyro: 0.579 -8.773 -15.319
Accel: 0.124 0.285 0.978
Gyro: -2.746 -7.598 -16.067
Accel: 0.138 0.293 0.958
Gyro: -2.761 -8.377 -15.991
Accel: 0.165 0.298 0.957
Gyro: 0.595 -8.728 -14.053
Accel: 0.184 0.298 0.953
Gyro: 6.607 -6.515 -12.0100
Accel: 0.195 0.305 0.945
Gyro: 13.610 -1.754 -9.918
Accel: 0.219 0.307 0.927
Gyro: 19.470 4.821 -8.544
Accel: 0.218 0.297 0.919
Gyro: 20.706 11.306 -8.453
Accel: 0.192 0.272 0.949
Gyro: 17.456 15.136 -9.521
Accel: 0.170 0.239 0.973
Gyro: 14.160 17.013 -8.575
Accel: 0.151 0.209 1.061
Gyro: 11.596 11.886 -6.729
Accel: 0.145 0.181 1.023
Gyro: 10.375 14.572 -4.364
Accel: 0.156 0.196 1.0001
Gyro: 10.192 14.953 -1.770
Accel: 0.164 0.209 0.974
Gyro: 10.452 15.792 0.259
Accel: 0.162 0.206 0.969
Gyro: 11.703 17.547 0.335
Accel: 0.176 0.218 0.961
Gyro: 12.069 19.302 0.213
Accel: 0.177 0.220 0.980
Gyro: 11.138 21.179 0.320
Accel: 0.164 0.213 1.004
Gyro: 10.757 22.476 0.930
Accel: 0.133 0.195 1.033
Gyro: 11.337 20.492 0.854
Accel: 0.0100 0.177 1.038
Gyro: 12.313 16.326 0.335
Accel: 0.091 0.189 1.037
Gyro: 14.114 13.214 0.198
Accel: 0.103 0.219 1.021
Gyro: 17.517 11.993 0.442
Accel: 0.115 0.248 1.004
Gyro: 20.111 11.917 -1.831
Accel: 0.133 0.270 1.0000
Gyro: 22.888 12.893 -2.792
Accel: 0.142 0.286 1.003
Gyro: 25.863 13.885 -3.280
Accel: 0.179 0.291 1.008
Gyro: 29.144 13.137 -5.767
Accel: 0.213 0.297 1.023
Gyro: 30.990 10.742 -10.528
Accel: 0.211 0.274 1.046
Gyro: 31.326 9.918 -15.945
Accel: 0.184 0.239 1.079
Gyro: 30.288 10.223 -19.256
Accel: 0.168 0.186 1.111
Gyro: 29.067 9.185 -20.141
Accel: 0.151 0.143 1.142
Gyro: 26.855 6.546 -19.622
Accel: 0.161 0.147 1.152
Gyro: 24.993 5.966 -19.271
Accel: 0.173 0.154 1.249
Gyro: 24.002 7.095 -19.607
Accel: 0.168 0.182 1.211
Gyro: 23.681 11.993 -20.553
Accel: 0.181 0.223 1.214
Gyro: 25.909 19.836 -22.506
Accel: 0.179 0.255 1.197
Gyro: 29.846 25.634 -25.161
Accel: 0.162 0.246 1.167
Gyro: 34.545 30.181 -26.153
Accel: 0.132 0.200 1.123
Gyro: 39.276 31.524 -25.375
Accel: 0.104 0.159 1.109
Gyro: 44.158 30.792 -21.438
Accel: 0.074 0.098 1.102
Gyro: 48.660 29.067 -16.296
Accel: 0.074 0.075 1.094
Gyro: 52.825 27.694 -12.145
Accel: 0.070 0.108 1.089
Gyro: 56.243 28.930 -10.894
Accel: 0.063 0.131 1.046
Gyro: 57.739 38.436 -10.681
Accel: 0.048 0.116 0.921
Gyro: 50.186 53.268 -8.789
Accel: 0.056 0.121 0.920
Gyro: 39.947 67.047 -8.758
Accel: 0.075 0.155 0.941
Gyro: 35.385 80.566 -10.711
Accel: 0.0000 0.156 0.966
Gyro: 35.354 91.949 -12.756
Accel: 0.015 0.114 0.993
Gyro: 38.665 93.292 -13.381
Accel: 0.051 0.048 0.998
Gyro: 42.953 88.226 -13.031
Accel: 0.090 0.019 0.980
Gyro: 45.608 79.360 -12.435
Accel: 0.089 0.052 0.966
Gyro: 46.661 72.128 -11.642
Accel: 0.119 0.041 0.967
Gyro: 47.927 67.077 -12.756
Accel: 0.130 0.033 0.958
Gyro: 47.866 60.440 -12.817
Accel: 0.138 0.029 0.951
Gyro: 49.865 54.840 -11.993
Accel: 0.144 0.031 0.937
Gyro: 51.818 48.767 -10.391
Accel: 0.157 0.021 0.924
Gyro: 52.490 40.924 -4.226
Accel: 0.172 0.002 0.921
Gyro: 53.009 33.294 0.366
Accel: 0.183 0.022 0.926
Gyro: 52.932 24.383 0.656
Accel: 0.181 0.029 0.935
Gyro: 52.536 15.396 2.365
Accel: 0.176 0.032 0.944
Gyro: 51.879 5.798 5.020
Accel: 0.163 0.023 0.948
Gyro: 51.605 -2.883 6.530
Accel: 0.157 0.029 0.949
Gyro: 51.620 -10.848 8.193
Accel: 0.157 0.046 0.942
Gyro: 51.116 -17.730 9.735
Accel: 0.152 0.062 0.929
Gyro: 50.079 -23.666 11.749
Accel: 0.137 0.075 0.921
Gyro: 48.263 -28.259 15.136
Accel: 0.116 0.076 0.917
Gyro: 42.984 -31.600 18.035
Accel: 0.086 0.065 0.916
Gyro: 45.196 -32.669 18.905
Accel: 0.055 0.056 0.919
Gyro: 42.816 -31.616 18.341
Accel: 0.031 0.124 0.928
Gyro: 39.581 -28.793 17.318
Accel: 0.014 0.067 0.934
Gyro: 36.163 -23.925 16.067
Accel: 0.007 0.074 0.936
Gyro: 31.661 -18.096 15.090
Accel: 0.008 0.088 0.938
Gyro: 26.565 -11.840 14.617
Accel: 0.016 0.105 0.935
Gyro: 21.469 -6.393 15.121
Accel: 0.018 0.122 0.933
Gyro: 16.525 -1.266 16.021
Accel: 0.018 0.130 0.935
Gyro: 11.535 3.311 16.235
Accel: 0.013 0.129 0.934
Gyro: 6.744 6.576 15.228
Accel: 0.0010 0.129 0.936
Gyro: 2.304 9.231 13.015
Accel: 0.004 0.131 0.942
Gyro: -1.281 11.550 10.665
Accel: 0.0000 0.128 0.947
Gyro: -3.768 13.702 9.002
Accel: 0.002 0.127 0.952
Gyro: -4.684 14.831 7.263
Accel: 0.012 0.126 0.952
Gyro: -5.096 14.770 5.264
Accel: 0.020 0.129 0.958
Gyro: -5.355 13.412 3.570
Accel: 0.021 0.135 0.965
Gyro: -4.119 12.237 2.304
Accel: 0.020 0.132 0.968
Gyro: -2.319 10.711 0.961
Accel: 0.018 0.126 0.970
Gyro: 0.473 8.758 0.579
Accel: 0.019 0.130 0.972
Gyro: 1.632 6.744 -1.480
Accel: 0.021 0.133 0.971
Gyro: 3.967 4.730 -2.090
Accel: 0.033 0.141 0.974
Gyro: 6.027 2.029 -2.929
Accel: 0.044 0.142 0.975
Gyro: 8.102 0.503 -3.433
Accel: 0.046 0.144 0.977
Gyro: 10.574 -2.807 -2.975
Accel: 0.045 0.144 0.976
Gyro: 13.626 -4.516 -1.739
Accel: 0.042 0.147 0.971
Gyro: 16.815 -5.996 0.289
Accel: 0.038 0.145 0.966
Gyro: 20.263 -7.003 0.732
Accel: 0.033 0.141 0.958
Gyro: 23.284 -7.858 1.403
Accel: 0.032 0.144 0.950
Gyro: 25.665 -8.941 1.953
Accel: 0.036 0.157 0.876
Gyro: 26.931 -10.360 2.075
Accel: 0.045 0.166 0.925
Gyro: 26.535 -12.634 1.556
Accel: 0.051 0.141 0.915
Gyro: 26.840 -14.007 0.259
Accel: 0.053 0.189 0.899
Gyro: 22.766 -19.439 1.724
Accel: 0.080 0.222 0.905
Gyro: 20.599 -21.026 3.479
Accel: 0.074 0.231 0.906
Gyro: 17.074 -21.728 4.821
Accel: 0.062 0.222 0.914
Gyro: 13.870 -21.301 5.493
Accel: 0.035 0.200 0.915
Gyro: 10.742 -15.655 4.653
Accel: 0.011 0.125 0.913
Gyro: 4.180 -16.632 3.341
Accel: 0.0000 0.178 0.905
Gyro: 5.081 -12.924 1.525
Accel: 0.0000 0.179 0.900
Gyro: 1.724 -9.658 0.213
Accel: 0.006 0.188 0.896
Gyro: -1.724 -6.622 0.061
Accel: 0.0010 0.199 0.898
Gyro: -5.172 -3.890 0.183
Accel: 0.012 0.202 0.898
Gyro: -8.895 -1.708 0.839
Accel: 0.012 0.199 0.902
Gyro: -12.588 0.335 -2.288
Accel: 0.011 0.196 0.908
Gyro: -19.531 0.686 -4.074
Accel: 0.009 0.191 0.915
Gyro: -18.630 1.022 -5.722
Accel: 0.0010 0.185 0.919
Gyro: -21.179 0.915 -7.324
Accel: 0.017 0.180 0.925
Gyro: -23.590 0.213 -8.789
Accel: 0.025 0.178 0.930
Gyro: -25.482 0.732 -9.506
Accel: 0.033 0.177 0.934
Gyro: -27.572 -2.441 -9.582
Accel: 0.041 0.175 0.939
Gyro: -29.708 -4.409 -9.216
Accel: 0.047 0.177 0.946
Gyro: -31.616 -7.339 -8.270
Accel: 0.049 0.174 0.956
Gyro: -33.020 -10.772 -6.942
Accel: 0.045 0.167 0.961
Gyro: -33.966 -13.931 -5.859
Accel: 0.037 0.161 0.968
Gyro: -34.362 -17.288 -4.623
Accel: 0.022 0.149 0.979
Gyro: -34.072 -20.095 -3.234
Accel: 0.004 0.143 0.989
Gyro: -33.020 -21.804 -2.487
Accel: 0.012 0.134 0.997
Gyro: -31.448 -22.430 -3.097
Accel: 0.030 0.121 1.0000
Gyro: -29.907 -22.155 -5.279
Accel: 0.040 0.113 1.002
Gyro: -28.640 -21.392 -7.934
Accel: 0.045 0.112 1.003
Gyro: -27.755 -19.821 -10.665
Accel: 0.035 0.102 1.031
Gyro: -25.482 -23.361 -12.725
Accel: 0.014 0.086 1.071
Gyro: -18.920 -22.583 -14.068
Accel: 0.0001 0.095 1.065
Gyro: -12.985 -26.031 -14.587
Accel: 0.016 0.0100 1.063
Gyro: -8.163 -28.762 -14.953
Accel: 0.021 0.099 1.053
Gyro: -4.470 -30.914 -15.411
Accel: 0.023 0.094 1.042
Gyro: -2.258 -32.012 -15.563
Accel: 0.026 0.081 1.041
Gyro: 0.717 -32.775 -15.319
Accel: 0.034 0.070 1.038
Gyro: 1.281 -33.447 -14.205
Accel: 0.065 0.0001 0.971
Gyro: -1.632 -29.113 -10.604
Accel: 0.186 0.031 0.942
Gyro: -15.197 -19.348 -3.219
Accel: 0.115 0.028 0.991
Gyro: -18.066 -13.458 3.341
Accel: 0.041 0.071 1.025
Gyro: -19.454 -13.137 4.989
Accel: 0.035 0.110 1.040
Gyro: -18.707 -15.274 1.998
Accel: 0.083 0.125 1.051
Gyro: -16.464 -17.242 -2.593
Accel: 0.097 0.107 1.050
Gyro: -13.504 -17.852 -7.949
Accel: 0.084 0.071 1.039
Gyro: -11.795 -16.708 -11.459
Accel: 0.061 0.049 1.038
Gyro: -10.223 -13.992 -12.298
Accel: 0.052 0.046 1.029
Gyro: -9.216 -10.345 -11.291
Accel: 0.124 0.054 1.021
Gyro: -8.850 -6.179 -10.482
Accel: 0.075 0.059 1.023
Gyro: -8.422 -2.838 -10.116
Accel: 0.080 0.062 1.015
Gyro: -7.904 0.305 -9.796
Accel: 0.069 0.065 1.009
Gyro: -7.843 1.708 -8.941
Accel: 0.058 0.065 1.007
Gyro: -8.621 3.128 -7.095
Accel: 0.052 0.067 1.018
Gyro: -8.529 3.799 -5.615
Accel: 0.054 0.059 1.040
Gyro: -7.247 3.097 -5.249
Accel: 0.044 0.044 1.054
Gyro: -4.760 1.388 -4.943
Accel: 0.028 0.035 1.057
Gyro: -1.785 0.473 -3.387
Accel: 0.016 0.028 1.051
Gyro: 0.808 0.183 -1.068
Accel: 0.014 0.037 1.045
Gyro: 3.250 0.183 1.068
Accel: 0.023 0.046 1.033
Gyro: 4.928 0.213 2.365
Accel: 0.032 0.065 1.020
Gyro: 5.599 0.717 3.234
Accel: 0.041 0.078 1.015
Gyro: 5.706 -1.205 3.768
Accel: 0.043 0.080 1.019
Gyro: 5.706 -1.541 4.043
Accel: 0.033 0.078 1.022
Gyro: 6.011 -2.273 3.845
Accel: 0.027 0.070 1.028
Gyro: 6.164 -3.005 3.387
Accel: 0.028 0.064 1.030
Gyro: 7.095 -3.250 2.822
Accel: 0.032 0.066 1.029
Gyro: 7.888 -2.716 2.563
Accel: 0.033 0.073 1.026
Gyro: 8.621 -1.251 2.593
Accel: 0.036 0.079 1.024
Gyro: 8.712 0.411 2.593
Accel: 0.034 0.087 1.019
Gyro: 8.453 2.075 1.922
Accel: 0.030 0.086 1.019
Gyro: 8.026 3.387 1.281
Accel: 0.025 0.082 1.012
Gyro: 7.537 4.913 0.625
Accel: 0.026 0.083 1.007
Gyro: 6.210 6.439 0.167
Accel: 0.030 0.084 1.0001
Gyro: 4.791 7.598 0.427
Accel: 0.032 0.087 1.0000
Gyro: 3.112 7.888 0.900
Accel: 0.030 0.085 1.0001
Gyro: 1.632 7.873 -1.754
Accel: 0.022 0.080 1.0000
Gyro: 0.213 7.415 -2.593
Accel: 0.016 0.078 1.002
Gyro: 0.823 6.637 -3.219
Accel: 0.012 0.071 1.004
Gyro: -1.022 5.004 -3.799
Accel: 0.0010 0.073 1.0000
Gyro: -1.388 2.990 -4.058
Accel: 0.011 0.073 0.998
Gyro: -1.968 1.464 -4.104
Accel: 0.016 0.074 0.994
Gyro: -2.426 0.228 -4.196
Accel: 0.021 0.077 0.995
Gyro: -3.402 0.869 -4.135
Accel: 0.020 0.075 0.997
Gyro: -4.180 -1.892 -4.150
Accel: 0.020 0.075 0.994
Gyro: -5.157 -3.128 -4.180
Accel: 0.014 0.087 0.994
Gyro: -6.347 -4.806 -3.936
Accel: 0.015 0.098 0.994
Gyro: -7.141 -6.607 -3.051
Accel: 0.022 0.111 0.995
Gyro: -8.209 -8.941 -1.419
Accel: 0.025 0.107 0.998
Gyro: -9.521 -10.955 0.762
Accel: 0.033 0.093 1.006
Gyro: -10.559 -12.496 -1.037
Accel: 0.050 0.074 1.011
Gyro: -10.879 -13.610 -1.144
Accel: 0.065 0.050 1.015
Gyro: -10.025 -13.381 -1.129
Accel: 0.072 0.034 1.016
Gyro: -8.514 -12.466 0.869
Accel: 0.077 0.028 1.014
Gyro: -6.927 -10.833 0.579
Accel: 0.077 0.028 1.013
Gyro: -5.142 -9.048 0.625
Accel: 0.075 0.035 1.011
Gyro: -3.463 -7.217 -1.129
Accel: 0.070 0.042 1.012
Gyro: -2.090 -5.233 -1.556
Accel: 0.071 0.045 1.0010
Gyro: -1.037 -3.051 -1.541
Accel: 0.081 0.048 1.009
Gyro: 0.030 0.244 -1.571
Accel: 0.089 0.046 1.011
Gyro: 1.220 2.792 -1.831
Accel: 0.089 0.038 1.0010
Gyro: 1.953 5.126 -2.365
Accel: 0.076 0.039 1.0010
Gyro: 2.777 7.415 -3.082
Accel: 0.065 0.038 1.0010
Gyro: 3.906 8.789 -3.555
Accel: 0.062 0.039 1.002
Gyro: 4.638 9.658 -3.433
Accel: 0.061 0.044 0.994
Gyro: 4.821 9.719 -3.143
Accel: 0.054 0.053 0.982
Gyro: 5.004 9.231 -2.670
Accel: 0.047 0.052 0.977
Gyro: 5.432 7.522 -2.182
Accel: 0.032 0.056 0.970
Gyro: 4.760 4.486 -1.937
Accel: 0.027 0.069 0.968
Gyro: 3.372 1.358 -1.510
Accel: 0.028 0.071 0.971
Gyro: 2.349 -1.846 -1.571
Accel: 0.037 0.065 0.978
Gyro: 1.983 -4.623 -1.708
