Accel: 0.066 0.049 1.032
Gyro: 0.457 -8.575 -4.440
Accel: 0.069 0.047 1.038
Gyro: 0.686 -6.271 -4.211
Accel: 0.066 0.044 1.044
Gyro: 0.930 -4.714 -3.601
Accel: 0.060 0.036 1.047
Gyro: 0.579 -4.196 -2.929
Accel: 0.063 0.034 1.050
Gyro: 0.045 -4.394 -2.380
Accel: 0.067 0.031 1.050
Gyro: 0.228 -5.325 -1.663
Accel: 0.075 0.034 1.051
Gyro: 0.671 -5.279 0.717
Accel: 0.077 0.039 1.053
Gyro: -1.098 -5.050 0.183
Accel: 0.077 0.041 1.050
Gyro: -1.312 -4.913 0.976
Accel: 0.079 0.041 1.046
Gyro: -1.663 -4.867 1.434
Accel: 0.082 0.038 1.046
Gyro: -1.312 -4.943 1.480
Accel: 0.083 0.032 1.039
Gyro: 0.610 -3.295 2.120
Accel: 0.085 0.029 1.032
Gyro: 0.076 0.381 3.234
Accel: 0.084 0.028 1.027
Gyro: 0.579 4.974 4.409
Accel: 0.074 0.031 1.024
Gyro: 1.708 9.399 5.065
Accel: 0.085 0.031 1.015
Gyro: 2.075 12.603 4.669
Accel: 0.069 0.039 0.997
Gyro: 3.311 14.602 4.898
Accel: 0.067 0.040 0.994
Gyro: 4.104 15.884 4.806
Accel: 0.054 0.036 0.982
Gyro: 4.486 17.990 5.493
Accel: 0.043 0.038 0.984
Gyro: 4.226 20.751 6.210
Accel: 0.042 0.040 0.984
Gyro: 4.165 22.048 6.469
Accel: 0.036 0.040 0.981
Gyro: 3.875 21.362 6.668
Accel: 0.033 0.038 0.975
Gyro: 2.960 19.256 6.622
Accel: 0.019 0.037 0.969
Gyro: 2.105 16.662 6.332
Accel: 0.0010 0.038 0.964
Gyro: 1.113 14.404 6.088
Accel: 0.002 0.039 0.958
Gyro: 0.457 7.827 5.706
Accel: 0.002 0.039 0.954
Gyro: 0.228 8.392 5.218
Accel: 0.006 0.042 0.952
Gyro: 0.778 4.776 4.989
Accel: 0.002 0.042 0.958
Gyro: -1.190 1.113 4.821
Accel: 0.0000 0.039 0.965
Gyro: -1.373 -3.326 4.440
Accel: 0.004 0.037 0.976
Gyro: -1.541 -8.316 3.845
Accel: 0.011 0.034 0.987
Gyro: -1.296 -13.244 2.716
Accel: 0.018 0.036 0.993
Gyro: 0.656 -18.142 1.480
Accel: 0.028 0.038 1.004
Gyro: 0.411 -21.575 0.411
Accel: 0.041 0.035 1.009
Gyro: 1.846 -23.529 0.198
Accel: 0.051 0.030 1.013
Gyro: 3.128 -22.964 0.442
Accel: 0.051 0.026 1.013
Gyro: 4.196 -20.172 0.442
Accel: 0.052 0.024 1.007
Gyro: 4.440 -15.441 0.183
Accel: 0.047 0.024 1.006
Gyro: 4.135 -10.314 0.320
Accel: 0.041 0.018 1.004
Gyro: 3.479 -5.752 0.534
Accel: 0.037 0.019 1.0001
Gyro: 3.112 3.417 0.991
Accel: 0.037 0.020 0.997
Gyro: 3.112 4.959 1.602
Accel: 0.037 0.020 0.999
Gyro: 3.372 9.582 2.227
Accel: 0.034 0.018 1.006
Gyro: 4.272 12.603 2.487
Accel: 0.031 0.014 1.007
Gyro: 5.752 14.465 2.288
Accel: 0.023 0.016 1.0010
Gyro: 7.232 14.877 2.090
Accel: 0.016 0.021 1.002
Gyro: 8.117 14.175 2.120
Accel: 0.009 0.024 0.997
Gyro: 7.965 12.527 2.365
Accel: 0.0001 0.026 0.993
Gyro: 7.553 10.208 2.853
Accel: 0.002 0.024 0.990
Gyro: 6.942 6.469 3.158
Accel: 0.062 0.022 0.985
Gyro: 5.645 2.853 3.707
Accel: 0.0001 0.025 0.982
Gyro: 3.570 0.167 4.272
Accel: 0.0001 0.029 0.987
Gyro: 1.342 -3.265 4.837
Accel: 0.005 0.029 0.990
Gyro: 0.503 -6.622 5.035
Accel: 0.019 0.029 1.060
Gyro: -1.281 -9.658 4.394
Accel: 0.022 0.029 1.005
Gyro: -1.205 -12.0100 3.585
Accel: 0.024 0.031 1.0010
Gyro: -1.098 -12.954 2.975
Accel: 0.032 0.029 1.019
Gyro: 0.839 -13.427 2.288
Accel: 0.041 0.028 1.031
Gyro: 0.686 -13.793 1.541
Accel: 0.054 0.027 1.040
Gyro: 0.198 -14.114 0.549
Accel: 0.058 0.030 1.042
Gyro: 0.518 -13.473 0.183
Accel: 0.064 0.031 1.047
Gyro: 0.946 -12.481 0.076
Accel: 0.068 0.028 1.049
Gyro: -1.113 -11.581 0.274
Accel: 0.068 0.027 1.044
Gyro: -1.098 -9.994 0.793
Accel: 0.062 0.026 1.035
Gyro: -1.770 -7.003 0.793
Accel: 0.060 0.032 1.031
Gyro: -2.014 -3.524 0.808
Accel: 0.056 0.034 1.022
Gyro: -1.815 0.335 -1.220
Accel: 0.052 0.037 1.015
Gyro: -1.266 3.921 -1.663
Accel: 0.046 0.038 1.009
Gyro: 0.0000 6.668 -2.212
Accel: 0.034 0.037 0.998
Gyro: 0.640 9.231 -1.968
Accel: 0.027 0.034 0.998
Gyro: 0.015 10.482 -1.129
Accel: 0.024 0.027 1.002
Gyro: 0.762 10.345 0.534
Accel: 0.023 0.023 1.011
Gyro: 0.976 8.483 0.717
Accel: 0.026 0.022 1.014
Gyro: 0.183 5.203 -1.174
Accel: 0.027 0.024 1.012
Gyro: 0.167 1.846 0.915
Accel: 0.029 0.026 1.019
Gyro: 0.030 -1.510 0.381
Accel: 0.030 0.024 1.025
Gyro: 0.030 -5.081 0.274
Accel: 0.039 0.022 1.030
Gyro: 0.503 -8.239 0.549
Accel: 0.043 0.024 1.032
Gyro: 1.296 -15.502 0.976
Accel: 0.048 0.025 1.027
Gyro: 1.800 -13.809 -1.144
Accel: 0.046 0.029 1.018
Gyro: 1.770 -13.488 0.793
Accel: 0.052 0.030 1.020
Gyro: 1.647 -10.421 0.427
Accel: 0.055 0.028 1.021
Gyro: 1.770 -5.844 0.335
Accel: 0.058 0.028 1.018
Gyro: 2.075 0.167 0.549
Accel: 0.058 0.031 1.008
Gyro: 2.578 5.172 0.549
Accel: 0.059 0.034 1.002
Gyro: 2.593 8.789 0.366
Accel: 0.054 0.029 0.994
Gyro: 2.197 10.879 0.122
Accel: 0.046 0.024 0.997
Gyro: 1.922 10.910 0.030
Accel: 0.041 0.023 0.995
Gyro: 1.953 9.506 0.183
Accel: 0.036 0.023 0.987
Gyro: 1.937 6.652 0.137
Accel: 0.035 0.024 0.984
Gyro: 2.029 3.051 0.045
Accel: 0.033 0.022 0.978
Gyro: 1.831 0.762 0.122
Accel: 0.030 0.022 0.974
Gyro: 1.495 -7.659 0.183
Accel: 0.026 0.025 0.969
Gyro: 0.991 -5.813 0.259
Accel: 0.022 0.029 0.968
Gyro: 0.305 -6.515 0.610
Accel: 0.024 0.028 0.973
Gyro: 0.427 -6.164 0.732
Accel: 0.031 0.029 0.981
Gyro: 0.671 -5.569 0.732
Accel: 0.034 0.028 0.990
Gyro: 0.747 -4.089 0.823
Accel: 0.039 0.026 1.0001
Gyro: 0.579 -2.716 0.976
Accel: 0.041 0.024 1.017
Gyro: 0.335 -1.724 1.052
Accel: 0.045 0.026 1.025
Gyro: 0.030 -1.510 0.946
Accel: 0.048 0.028 1.034
Gyro: 0.152 -2.441 1.052
Accel: 0.052 0.030 1.042
Gyro: 0.473 -4.302 1.174
Accel: 0.057 0.031 1.051
Gyro: 0.793 -7.141 1.083
Accel: 0.124 0.033 1.057
Gyro: 1.403 -10.177 0.900
Accel: 0.068 0.035 1.062
Gyro: 2.258 -12.680 0.503
Accel: 0.073 0.038 1.061
Gyro: 3.463 -14.114 0.244
Accel: 0.076 0.035 1.059
Gyro: 4.364 -14.114 0.076
Accel: 0.079 0.033 1.055
Gyro: 5.249 -12.283 0.167
Accel: 0.080 0.031 1.048
Gyro: 5.813 -9.002 0.289
Accel: 0.081 0.032 1.043
Gyro: 5.859 -4.791 0.228
Accel: 0.083 0.026 1.039
Gyro: 6.057 0.259 0.305
Accel: 0.083 0.018 1.033
Gyro: 6.027 5.310 0.549
Accel: 0.078 0.014 1.026
Gyro: 6.179 9.826 0.854
Accel: 0.073 0.007 1.017
Gyro: 6.271 13.610 -1.281
Accel: 0.067 0.0001 1.006
Gyro: 6.927 16.265 -1.831
Accel: 0.056 0.004 0.994
Gyro: 7.141 18.081 -2.197
Accel: 0.044 0.005 0.982
Gyro: 6.317 18.722 -2.212
Accel: 0.032 0.007 0.973
Gyro: 4.791 18.203 -1.937
Accel: 0.025 0.013 0.968
Gyro: 3.067 16.494 -1.739
Accel: 0.018 0.013 0.962
Gyro: 1.266 13.580 -1.174
Accel: 0.011 0.016 0.955
Gyro: 0.793 10.238 0.534
Accel: 0.007 0.014 0.953
Gyro: -2.670 6.607 0.259
Accel: 0.0010 0.0010 0.952
Gyro: -4.364 2.059 0.961
Accel: 0.014 0.005 0.959
Gyro: -5.340 -2.090 1.495
Accel: 0.019 0.0001 0.964
Gyro: -5.966 -6.149 1.861
Accel: 0.023 0.0010 0.967
Gyro: -6.362 -9.811 2.014
Accel: 0.028 0.020 0.972
Gyro: -6.439 -12.619 2.059
Accel: 0.038 0.024 0.982
Gyro: -6.835 -14.709 1.937
Accel: 0.048 0.028 0.990
Gyro: -6.607 -15.563 1.785
Accel: 0.058 0.033 0.996
Gyro: -5.920 -15.869 1.403
Accel: 0.069 0.035 1.004
Gyro: -4.852 -14.907 1.098
Accel: 0.047 0.008 1.045
Gyro: 5.386 0.640 4.852
Accel: 0.045 0.007 1.049
Gyro: 5.447 0.106 4.821
Accel: 0.042 0.003 1.054
Gyro: 5.737 0.839 4.852
Accel: 0.033 0.005 1.060
Gyro: 5.966 -3.433 4.867
Accel: 0.017 0.0010 1.073
Gyro: 6.225 -8.071 4.959
Accel: 0.005 0.0010 1.090
Gyro: 6.683 -14.572 4.486
Accel: 0.061 0.014 1.101
Gyro: 7.186 -21.438 3.646
Accel: 0.0001 0.013 1.106
Gyro: 7.598 -27.511 2.441
Accel: 0.006 0.0010 1.112
Gyro: 7.888 -32.043 1.296
Accel: 0.009 0.009 1.117
Gyro: 7.720 -34.912 0.488
Accel: 0.013 0.006 1.123
Gyro: 7.263 -36.941 0.259
Accel: 0.022 0.005 1.142
Gyro: 7.324 -38.604 0.640
Accel: 0.031 0.011 1.149
Gyro: 6.958 -37.139 0.503
Accel: 0.042 0.022 1.156
Gyro: 5.477 -32.730 0.030
Accel: 0.057 0.023 1.164
Gyro: 3.921 -26.901 0.625
Accel: 0.071 0.024 1.163
Gyro: 2.609 -19.424 1.144
Accel: 0.089 0.028 1.154
Gyro: 0.625 -11.444 1.571
Accel: 0.103 0.026 1.145
Gyro: -1.617 -4.791 1.525
Accel: 0.107 0.019 1.129
Gyro: -3.631 3.875 1.464
Accel: 0.109 0.013 1.102
Gyro: -5.157 4.211 1.174
Accel: 0.109 0.007 1.073
Gyro: -6.454 7.873 0.915
Accel: 0.105 0.0001 1.039
Gyro: -7.583 10.604 1.007
Accel: 0.105 0.0000 1.0010
Gyro: -7.843 12.390 0.778
Accel: 0.106 0.005 0.971
Gyro: -8.224 13.763 0.183
Accel: 0.102 0.015 0.944
Gyro: -7.965 14.205 0.991
Accel: 0.102 0.013 0.915
Gyro: -6.820 14.022 -1.708
Accel: 0.109 0.005 0.904
Gyro: -4.806 13.366 -2.761
Accel: 0.116 0.007 0.905
Gyro: -1.998 7.904 -4.714
Accel: 0.115 0.014 0.896
Gyro: 0.473 10.833 -6.896
Accel: 0.105 0.004 0.897
Gyro: 2.120 10.925 -8.316
Accel: 0.101 0.008 0.898
Gyro: 2.914 11.581 -9.078
Accel: 0.0100 0.019 0.902
Gyro: 2.624 12.222 -9.231
Accel: 0.099 0.025 0.909
Gyro: 1.388 11.688 -9.002
Accel: 0.0100 0.022 0.914
Gyro: 0.076 11.108 -8.560
Accel: 0.102 0.017 0.923
Gyro: 0.762 10.559 -7.781
Accel: 0.102 0.009 0.998
Gyro: 0.640 11.093 -6.423
Accel: 0.102 0.002 0.949
Gyro: 0.228 12.527 -5.218
Accel: 0.103 0.002 0.969
Gyro: 0.732 13.610 -4.470
Accel: 0.104 0.007 0.978
Gyro: 1.388 14.678 -4.425
Accel: 0.101 0.004 0.980
Gyro: 1.785 16.525 -4.180
Accel: 0.096 0.0001 0.980
Gyro: 2.044 18.493 -3.707
Accel: 0.089 0.0000 0.977
Gyro: 2.532 20.996 -3.082
Accel: 0.082 0.0001 0.971
Gyro: 3.005 23.529 -2.624
Accel: 0.075 0.003 0.970
Gyro: 7.675 24.795 -1.876
Accel: 0.066 0.0001 0.967
Gyro: 4.608 24.261 -1.464
Accel: 0.062 0.0000 0.962
Gyro: 5.355 22.094 -1.556
Accel: 0.056 0.0000 0.952
Gyro: 5.783 18.814 -1.998
Accel: 0.052 0.003 0.941
Gyro: 5.935 14.755 -2.395
Accel: 0.046 0.008 0.935
Gyro: 5.661 10.620 -2.792
Accel: 0.035 0.004 0.928
Gyro: 4.791 6.286 -3.265
Accel: 0.023 0.0001 0.927
Gyro: 3.540 2.822 -3.799
Accel: 0.018 0.0001 0.931
Gyro: 2.456 0.305 -4.104
Accel: 0.021 0.006 0.934
Gyro: 1.434 -3.143 -4.455
Accel: 0.026 0.007 0.936
Gyro: 0.091 -5.096 -4.547
Accel: 0.030 0.006 0.952
Gyro: 0.442 -6.469 -4.348
Accel: 0.035 0.013 0.966
Gyro: 0.442 -5.859 -4.150
Accel: 0.036 0.015 0.978
Gyro: 0.869 -3.402 -3.890
Accel: 0.039 0.014 0.990
Gyro: -1.144 3.784 -4.074
Accel: 0.043 0.006 0.993
Gyro: -1.449 2.639 -4.425
Accel: 0.045 0.0001 0.994
Gyro: -2.014 4.257 -4.745
Accel: 0.044 0.004 0.989
Gyro: -2.761 4.776 -4.806
Accel: 0.042 0.002 0.986
Gyro: -3.417 4.302 -4.913
Accel: 0.041 0.0000 0.986
Gyro: -3.906 3.967 -4.913
Accel: 0.038 0.0000 0.991
Gyro: -3.875 3.128 -4.959
Accel: 0.035 0.0000 0.992
Gyro: -3.952 2.548 -4.959
Accel: 0.030 0.0000 0.996
Gyro: -7.781 1.678 -4.959
Accel: 0.027 0.0000 1.062
Gyro: -3.707 1.419 -5.004
Accel: 0.024 0.003 0.999
Gyro: -3.128 1.083 -5.249
Accel: 0.025 0.009 0.999
Gyro: -2.426 0.213 -5.462
Accel: 0.025 0.014 0.998
Gyro: -1.922 0.396 -5.783
Accel: 0.027 0.014 1.0000
Gyro: -1.571 -1.922 -5.722
Accel: 0.027 0.013 1.003
Gyro: -1.525 -4.013 -5.493
Accel: 0.026 0.008 1.0010
Gyro: -2.166 -5.737 -5.096
Accel: 0.023 0.007 1.024
Gyro: -2.212 -6.240 -4.791
Accel: 0.023 0.011 1.036
Gyro: -1.831 -5.401 -4.562
Accel: 0.021 0.016 1.043
Gyro: -1.541 -4.516 -3.997
Accel: 0.022 0.021 1.050
Gyro: -1.403 -4.501 -3.768
Accel: 0.024 0.022 1.050
Gyro: -1.434 -5.676 -3.890
Accel: 0.026 0.028 1.056
Gyro: -1.525 -7.110 -3.936
Accel: 0.032 0.027 1.076
Gyro: -1.449 -6.973 -3.677
Accel: 0.029 0.019 1.097
Gyro: -1.861 -4.806 -2.792
Accel: 0.038 0.016 1.110
Gyro: -2.182 -2.792 -1.800
Accel: 0.048 0.014 1.117
Gyro: -2.670 -2.120 -1.403
Accel: 0.052 0.014 1.122
Gyro: -3.067 -2.639 -1.556
Accel: 0.052 0.014 1.117
Gyro: -3.250 -3.829 -1.831
Accel: 0.050 0.012 1.104
Gyro: -3.662 -4.272 -1.922
Accel: 0.046 0.018 1.087
Gyro: -4.150 -3.463 -1.922
Accel: 0.039 0.021 1.072
Gyro: -4.898 -1.556 -1.861
Accel: 0.034 0.024 1.057
Gyro: -5.096 1.266 -1.800
Accel: 0.032 0.024 1.041
Gyro: -4.959 3.677 -2.029
Accel: 0.031 0.027 1.018
Gyro: -4.623 5.447 -2.532
Accel: 0.019 0.029 0.991
Gyro: -3.738 6.469 -3.448
Accel: 0.008 0.029 0.954
Gyro: -2.822 6.271 -4.074
Accel: 0.005 0.035 0.912
Gyro: -2.899 4.302 -4.165
Accel: 0.017 0.044 0.877
Gyro: -3.112 0.335 -3.952
Accel: 0.036 0.046 0.848
Gyro: -4.913 -6.378 -3.936
Accel: 0.043 0.036 0.752
Gyro: -7.202 -18.722 -4.837
Accel: 0.041 0.016 0.693
Gyro: -9.185 -23.895 -6.576
Accel: 0.022 0.022 0.613
Gyro: -14.282 -29.434 -8.941
Accel: 0.039 0.015 0.509
Gyro: -20.217 -33.294 -9.292
Accel: 0.035 0.020 0.338
Gyro: -26.458 -34.484 -10.025
Accel: 0.008 0.022 0.196
Gyro: -26.565 -36.102 -10.696
Accel: 0.021 0.033 0.068
Gyro: -21.484 -36.849 -12.176
Accel: 0.051 0.017 0.039
Gyro: -13.595 -31.875 -12.329
Accel: 0.007 0.037 0.018
Gyro: -9.460 -28.594 -13.031
Accel: 0.012 0.006 0.039
Gyro: -5.035 -25.634 -13.519
Accel: 0.005 0.003 0.061
Gyro: -1.571 -22.888 -14.144
Accel: 0.002 0.004 0.046
Gyro: 1.327 -19.897 -14.633
Accel: 0.0010 0.003 0.029
Gyro: 4.272 -16.525 -14.694
Accel: 0.0001 0.004 0.025
Gyro: 6.164 -13.824 -14.984
Accel: 0.002 0.006 0.024
Gyro: 7.431 -11.199 -15.335
Accel: 0.005 0.006 0.029
Gyro: 8.270 -8.926 -15.609
Accel: 0.004 0.005 0.037
Gyro: 8.743 -6.408 -15.960
Accel: 0.007 0.005 0.038
Gyro: 8.941 0.106 -16.342
Accel: 0.006 0.006 0.042
Gyro: 8.758 -1.754 -16.494
Accel: 0.007 0.005 0.044
Gyro: 8.895 0.686 -16.708
Accel: 0.004 0.004 0.052
Gyro: 8.483 3.005 -17.013
Accel: 0.004 0.004 0.057
Gyro: 8.178 5.249 -17.272
Accel: 0.005 0.004 0.062
Gyro: 7.843 7.675 -17.440
Accel: 0.003 0.005 0.068
Gyro: 7.537 9.735 -17.654
Accel: 0.005 0.005 0.081
Gyro: 7.492 12.496 -17.791
Accel: 1.417 0.019 1.949
Gyro: -167.098 -224.822 70.693
Accel: 2.248 -1.205 7.949
Gyro: -173.065 126.556 113.937
Accel: 2.321 -1.177 0.054
Gyro: 278.244 412.216 38.452
Accel: 0.148 0.291 0.218
Gyro: 246.200 297.760 38.269
Accel: 0.031 0.474 0.641
Gyro: 213.394 219.451 29.891
Accel: 0.087 0.165 0.509
Gyro: 166.503 133.041 14.831
Accel: 0.711 0.020 0.687
Gyro: 142.059 37.322 7.293
Accel: 0.938 0.222 0.614
Gyro: 104.217 -25.177 -4.959
Accel: 0.892 0.297 0.700
Gyro: 47.027 -83.374 -7.965
Accel: 0.750 0.319 0.957
Gyro: -22.293 -137.451 -4.943
Accel: 0.248 0.617 1.963
Gyro: -97.427 -123.260 -4.089
Accel: 0.193 0.513 2.792
Gyro: -124.649 -59.432 -15.716
Accel: 0.149 0.327 2.541
Gyro: -39.794 6.622 -21.957
Accel: 0.194 0.221 1.037
Gyro: -17.776 -11.596 -10.009
Accel: 0.236 0.153 0.739
Gyro: -49.591 -54.367 1.983
Accel: 0.072 0.125 0.887
Gyro: -80.032 -79.223 8.651
Accel: 0.246 0.094 1.499
Gyro: -88.226 -59.143 5.508
Accel: 0.408 0.069 1.480
Gyro: -73.364 -16.983 -1.876
Accel: 0.311 0.047 1.007
Gyro: -65.002 -5.157 -6.271
Accel: 0.233 0.020 0.950
Gyro: -67.443 -6.439 -5.554
Accel: 0.194 0.091 1.114
Gyro: -59.234 -3.356 -1.327
Accel: 0.189 0.070 1.168
Gyro: -50.827 5.050 2.227
Accel: 0.172 0.041 1.072
Gyro: -42.358 9.628 2.563
Accel: 0.157 0.049 1.054
Gyro: -38.970 8.941 1.403
Accel: 0.143 0.066 1.089
Gyro: -35.491 6.988 0.350
Accel: 0.097 0.067 1.079
Gyro: -27.465 0.213 -1.861
Accel: 0.042 0.084 1.065
Gyro: -25.894 -1.068 -3.463
Accel: 0.020 0.098 1.066
Gyro: -20.843 -7.522 -4.226
Accel: 0.012 0.091 1.055
Gyro: -15.396 -14.785 -4.013
Accel: 0.0000 0.087 1.032
Gyro: -9.582 -21.148 -2.456
Accel: 0.004 0.085 1.007
Gyro: -3.433 -25.115 0.350
Accel: 0.020 0.090 0.989
Gyro: 2.075 -26.733 0.808
Accel: 0.042 0.089 0.976
Gyro: 6.622 -26.443 0.869
Accel: 0.069 0.081 0.961
Gyro: 10.681 -24.551 0.228
Accel: 0.093 0.072 0.947
Gyro: 14.144 -21.072 0.305
Accel: 0.108 0.064 0.922
Gyro: 17.547 -15.777 0.915
Accel: 0.112 0.059 0.898
Gyro: 19.592 -9.536 -1.358
Accel: 0.120 0.054 0.893
Gyro: 20.095 -2.548 -2.441
Accel: 0.129 0.044 0.901
Gyro: 19.317 3.952 -3.646
Accel: 0.130 0.036 0.909
Gyro: 18.630 8.666 -4.425
Accel: 0.109 0.043 0.907
Gyro: 17.730 11.230 -4.714
Accel: 0.089 0.046 0.909
Gyro: 16.754 13.519 -4.776
Accel: 0.086 0.031 0.914
Gyro: 15.365 19.424 -4.760
Accel: 0.081 0.019 0.932
Gyro: 12.252 16.342 -4.745
Accel: 0.072 0.014 0.956
Gyro: 8.270 15.518 -4.302
Accel: 0.056 0.024 0.976
Gyro: 6.210 14.053 -2.670
Accel: 0.041 0.032 0.992
Gyro: 6.301 12.420 -1.220
Accel: 0.038 0.027 0.998
Gyro: 6.866 12.252 0.030
Accel: 0.041 0.021 1.0000
Gyro: 6.698 13.580 0.656
Accel: 0.048 0.0010 1.006
Gyro: 5.554 16.174 0.442
Accel: 0.052 0.0000 1.013
Gyro: 2.853 19.256 0.122
Accel: 0.043 0.003 1.019
Gyro: 0.244 20.446 -1.098
Accel: 0.026 0.021 1.022
Gyro: -1.480 19.149 -2.731
Accel: 0.006 0.047 1.031
Gyro: -2.548 15.762 -4.562
Accel: 0.016 0.049 1.043
Gyro: -2.639 11.581 -4.989
Accel: 0.0000 0.036 1.043
Gyro: -1.754 6.103 -4.989
Accel: 0.016 0.025 1.030
Gyro: -1.174 2.273 -4.745
Accel: 0.022 0.023 1.019
Gyro: -1.251 0.137 -3.677
Accel: 0.011 0.029 1.013
Gyro: 0.640 0.015 -1.266
Accel: 0.018 0.034 1.007
Gyro: 1.022 1.358 1.037
Accel: 0.043 0.044 1.005
Gyro: 2.609 3.402 1.449
Accel: 0.080 0.083 1.027
Gyro: 6.072 4.623 -1.052
Accel: 0.068 0.104 1.005
Gyro: 10.421 5.691 -3.570
Accel: 0.043 0.102 1.015
Gyro: 13.702 7.507 -5.844
Accel: 0.036 0.107 1.038
Gyro: 18.188 8.468 -7.888
Accel: 0.021 0.114 1.070
Gyro: 24.078 6.835 -9.475
Accel: 0.006 0.088 1.084
Gyro: 31.387 3.051 -8.972
Accel: 0.093 0.055 1.114
Gyro: 26.596 -10.437 -6.683
Accel: 0.073 0.063 1.184
Gyro: 27.938 -20.614 -6.515
Accel: 0.111 0.111 1.088
Gyro: 10.726 -26.718 -5.844
Accel: 0.090 0.064 1.166
Gyro: -1.708 -29.342 -4.776
Accel: 0.006 0.053 1.197
Gyro: -5.340 -33.432 -5.233
Accel: 0.063 0.057 1.201
Gyro: -5.645 -32.165 -3.860
Accel: 0.097 0.032 1.182
Gyro: -1.907 -29.693 -3.265
Accel: 0.118 0.013 1.157
Gyro: 0.656 -26.931 -2.777
Accel: 0.149 0.058 1.147
Gyro: 1.388 -22.811 -4.394
Accel: 0.162 0.029 1.128
Gyro: 0.869 -17.425 -5.325
Accel: 0.156 0.018 1.133
Gyro: 0.396 -11.016 -5.004
Accel: 0.145 0.005 1.086
Gyro: -1.358 -4.394 -3.219
Accel: 0.110 0.0001 1.044
Gyro: -5.218 0.549 0.335
Accel: 0.106 0.0001 1.035
Gyro: -7.995 1.113 2.227
Accel: 0.105 0.015 1.029
Gyro: -8.804 2.990 4.669
Accel: 0.107 0.028 1.0010
Gyro: -9.170 7.934 7.293
Accel: 0.117 0.036 0.985
Gyro: -9.277 14.328 9.002
Accel: 0.122 0.059 0.973
Gyro: -7.522 20.492 10.040
Accel: 0.105 0.072 0.960
Gyro: -5.538 27.160 10.543
Accel: 0.085 0.067 0.951
Gyro: -3.997 33.874 9.933
Accel: 0.066 0.071 0.958
Gyro: -1.876 38.818 8.605
Accel: 0.049 0.055 0.969
Gyro: 1.708 41.168 7.186
Accel: 0.145 0.085 0.981
Gyro: 5.462 40.435 10.803
Accel: 0.027 0.033 0.876
Gyro: 10.391 37.170 11.093
Accel: 0.081 0.031 0.908
Gyro: 14.434 30.227 8.651
Accel: 0.101 0.017 0.881
Gyro: 16.754 20.690 4.653
Accel: 0.083 0.0010 0.850
Gyro: 16.235 10.208 0.335
Accel: 0.080 0.039 0.836
Gyro: 13.412 0.518 -2.838
Accel: 0.0100 0.065 0.835
Gyro: 9.780 -10.284 -5.844
Accel: 0.097 0.058 0.845
Gyro: 5.233 -20.187 -7.308
Accel: 0.093 0.034 0.761
Gyro: 3.067 -37.063 3.402
Accel: 0.035 0.059 0.760
Gyro: 2.838 -47.332 9.185
Accel: 0.003 0.025 0.800
Gyro: 2.365 -52.734 9.185
Accel: 0.020 0.032 0.845
Gyro: 2.105 -58.212 6.927
Accel: 0.011 0.022 0.868
Gyro: 1.586 -63.827 5.203
Accel: 0.018 0.024 0.907
Gyro: 0.854 -68.359 4.867
Accel: 0.055 0.030 0.939
Gyro: 1.541 -70.404 5.004
Accel: 0.081 0.038 0.975
Gyro: 2.792 -69.458 5.004
Accel: 0.0100 0.044 1.009
Gyro: 3.479 -65.734 4.653
Accel: 0.117 0.047 1.036
Gyro: 3.631 -54.870 4.257
Accel: 0.116 0.040 1.076
Gyro: 3.662 -48.019 3.799
Accel: 0.134 0.043 1.126
Gyro: 3.677 -33.981 2.197
Accel: 0.226 0.043 1.076
Gyro: 5.493 -21.987 2.609
Accel: 0.225 0.027 1.059
Gyro: 7.324 -9.490 4.394
Accel: 0.198 0.034 1.060
Gyro: 8.956 1.556 4.745
Accel: 0.184 0.031 1.071
Gyro: 9.353 12.298 2.975
Accel: 0.173 0.028 1.078
Gyro: 8.468 19.638 0.900
Accel: 0.165 0.025 1.072
Gyro: 7.049 23.590 0.625
Accel: 0.152 0.026 1.053
Gyro: 6.027 25.283 -1.586
Accel: 0.142 0.040 1.041
Gyro: 4.760 26.504 -2.624
Accel: 0.133 0.044 1.030
Gyro: 3.295 26.428 -3.219
Accel: 0.128 0.040 1.026
Gyro: 2.182 25.039 -3.524
Accel: 0.122 0.041 1.021
Gyro: 1.617 23.284 -3.982
Accel: 0.115 0.040 1.016
Gyro: 1.495 20.935 -3.982
Accel: 0.108 0.035 1.012
Gyro: 1.266 17.700 -3.875
Accel: 0.103 0.033 0.997
Gyro: 0.137 14.877 -3.433
Accel: 0.095 0.031 0.994
Gyro: -2.090 12.588 -3.280
Accel: 0.091 0.028 0.994
Gyro: -3.112 10.833 -3.143
Accel: 0.088 0.026 0.995
Gyro: -3.387 9.140 -2.838
Accel: 0.087 0.024 0.992
Gyro: -3.173 8.285 -2.227
Accel: 0.089 0.027 0.992
Gyro: -2.716 8.575 -1.846
Accel: 0.088 0.023 0.991
Gyro: -1.907 9.796 -1.617
Accel: 0.086 0.019 0.990
Gyro: 0.579 11.550 -1.159
Accel: 0.084 0.015 0.989
Gyro: 0.442 12.695 0.534
Accel: 0.088 0.016 0.985
Gyro: 1.083 13.351 0.076
Accel: 0.083 0.012 0.984
Gyro: 1.586 13.122 0.396
Accel: 0.076 0.012 0.987
Gyro: 1.770 11.932 0.991
Accel: 0.069 0.017 0.989
Gyro: 1.785 9.796 1.373
Accel: 0.059 0.020 0.988
Gyro: 1.403 7.186 1.525
Accel: 0.053 0.026 0.987
Gyro: 0.595 4.577 1.678
Accel: 0.055 0.029 0.991
Gyro: 0.228 1.434 2.105
Accel: 0.056 0.031 0.992
Gyro: 0.579 -2.380 2.624
Accel: 0.053 0.035 0.989
Gyro: 0.854 -5.905 3.402
Accel: 0.058 0.038 0.989
Gyro: -1.098 -8.911 4.013
Accel: 0.061 0.040 0.995
Gyro: 0.991 -11.856 4.516
Accel: 0.068 0.039 0.996
Gyro: 0.915 -14.663 4.867
Accel: 0.085 0.032 0.999
Gyro: 0.869 -16.510 4.592
Accel: 0.102 0.027 1.004
Gyro: -1.144 -16.860 4.226
Accel: 0.102 0.023 1.019
Gyro: -1.602 -16.784 3.967
Accel: 0.102 0.025 1.028
Gyro: -1.525 -16.433 3.631
Accel: 0.104 0.026 1.040
Gyro: 0.640 -15.625 3.616
Accel: 0.119 0.036 1.038
Gyro: 0.503 -12.619 3.814
Accel: 0.145 0.045 1.039
Gyro: 0.823 -8.636 7.766
Accel: 0.145 0.038 1.041
Gyro: -1.159 -2.960 4.409
Accel: 0.144 0.034 1.047
Gyro: -1.403 3.021 4.653
Accel: 0.147 0.031 1.046
Gyro: -1.373 8.407 4.150
Accel: 0.141 0.026 1.040
Gyro: -1.571 13.351 3.509
Accel: 0.131 0.026 1.033
Gyro: -1.968 17.776 2.914
Accel: 0.125 0.027 1.026
Gyro: -2.532 21.423 2.288
Accel: 0.120 0.027 1.023
Gyro: -2.990 23.605 1.449
Accel: 0.110 0.023 1.023
Gyro: -2.700 24.398 0.167
Accel: 0.097 0.021 1.017
Gyro: -2.258 24.642 0.701
Accel: 0.091 0.025 1.009
Gyro: -2.807 24.353 0.961
Accel: 0.085 0.029 1.009
Gyro: -3.280 24.032 -1.281
Accel: 0.073 0.029 1.009
Gyro: -3.158 23.483 -1.403
Accel: 0.063 0.025 1.007
Gyro: -2.410 22.064 -1.419
Accel: 0.051 0.014 1.004
Gyro: 0.946 19.866 -1.373
Accel: 0.045 0.008 1.0000
Gyro: 0.198 16.799 -1.159
Accel: 0.034 0.008 0.995
Gyro: 1.174 13.580 -1.113
Accel: 0.026 0.0010 0.994
Gyro: 2.624 9.933 0.900
Accel: 0.020 0.011 0.991
Gyro: 3.997 6.683 0.656
Accel: 0.020 0.013 0.986
Gyro: 5.004 4.135 0.228
Accel: 0.017 0.013 0.986
Gyro: 6.072 1.846 0.198
Accel: 0.012 0.009 0.989
Gyro: 7.629 0.671 1.007
Accel: 0.011 0.013 0.990
Gyro: 8.819 -2.700 1.541
Accel: 0.008 0.019 0.990
Gyro: 9.475 -4.165 2.197
Accel: 0.005 0.021 0.993
Gyro: 9.262 -4.837 2.944
Accel: 0.0001 0.025 0.992
Gyro: 8.773 -4.608 3.692
Accel: 0.006 0.029 0.993
Gyro: 7.446 0.061 4.211
Accel: 0.007 0.032 0.990
Gyro: 5.706 -3.143 4.226
Accel: 0.007 0.034 0.989
Gyro: 3.677 -2.471 4.074
Accel: 0.009 0.030 0.990
Gyro: 1.983 -2.090 3.601
Accel: 0.012 0.027 0.991
Gyro: 1.083 -1.235 2.914
Accel: 0.018 0.025 0.996
Gyro: 1.251 0.549 2.197
Accel: 0.019 0.022 0.998
Gyro: 2.258 0.244 1.693
Accel: 0.022 0.020 0.993
Gyro: 2.838 1.678 1.678
Accel: 0.026 0.022 0.996
Gyro: 7.659 3.158 1.586
Accel: 0.025 0.028 1.0000
Gyro: 5.050 4.058 1.739
Accel: 0.022 0.034 0.998
Gyro: 5.661 4.531 1.800
Accel: 0.021 0.040 1.004
Gyro: 5.798 4.760 1.647
Accel: 0.019 0.041 1.008
Gyro: 5.615 4.653 1.556
Accel: 0.015 0.040 1.012
Gyro: 5.416 4.180 1.205
Accel: 0.021 0.036 1.015
Gyro: 5.538 3.265 0.762
Accel: 0.021 0.033 1.014
Gyro: 5.798 2.655 0.350
Accel: 0.025 0.032 1.018
Gyro: 5.905 2.410 0.183
Accel: 0.030 0.031 1.021
Gyro: 6.179 1.647 0.503
Accel: 0.029 0.034 1.021
Gyro: 6.027 0.885 0.930
Accel: 0.026 0.037 1.022
Gyro: 5.371 0.732 -1.266
Accel: 0.026 0.037 1.019
Gyro: 4.608 0.915 -1.693
Accel: 0.031 0.036 1.016
Gyro: 3.677 0.396 -2.136
Accel: 0.032 0.035 1.012
Gyro: 2.426 0.671 -2.319
Accel: 0.030 0.039 1.014
Gyro: 0.518 -1.403 -2.700
Accel: 0.029 0.042 1.020
Gyro: 0.579 0.350 -3.234
Accel: 0.033 0.041 1.020
Gyro: -1.480 0.976 -3.448
Accel: 0.040 0.039 1.024
Gyro: -1.922 2.502 -3.616
Accel: 0.040 0.036 1.023
Gyro: -2.136 4.440 -3.570
Accel: 0.036 0.035 1.023
Gyro: -2.532 5.874 -3.173
Accel: 0.036 0.038 1.017
Gyro: -2.929 7.812 -3.036
Accel: 0.034 0.034 1.014
Gyro: -3.463 9.338 -2.899
Accel: 0.035 0.030 1.014
Gyro: -3.555 10.131 -2.410
Accel: 0.032 0.026 1.009
Gyro: -3.952 10.421 -2.014
Accel: 0.033 0.025 1.002
Gyro: -4.425 10.345 -1.831
Accel: 0.031 0.023 0.999
Gyro: -5.126 9.536 -1.556
Accel: 0.026 0.020 0.995
Gyro: -5.661 8.560 -1.403
Accel: 0.021 0.018 0.996
Gyro: -5.599 6.942 -1.464
Accel: 0.019 0.013 0.994
Gyro: -5.310 4.821 -1.129
Accel: 0.025 0.012 0.986
Gyro: -5.065 2.792 0.793
Accel: 0.027 0.011 0.986
Gyro: -5.050 1.983 0.518
Accel: 0.027 0.008 0.995
Gyro: -5.020 0.762 0.427
Accel: 0.023 0.004 1.0000
Gyro: -4.394 0.442 0.442
Accel: 0.024 0.006 0.997
Gyro: -4.333 -1.205 0.579
Accel: 0.027 0.0010 0.997
Gyro: -4.547 -1.480 0.885
Accel: 0.027 0.012 1.061
Gyro: -4.806 -1.647 -1.266
Accel: 0.029 0.0010 1.007
Gyro: -4.486 -1.510 -1.770
Accel: 0.031 0.007 1.005
Gyro: -3.646 -1.296 -1.968
Accel: 0.033 0.008 1.0001
Gyro: -2.655 0.762 -2.029
Accel: 0.033 0.0010 0.997
Gyro: -1.968 0.061 -2.014
Accel: 0.027 0.016 0.999
Gyro: -1.663 0.259 -1.892
Accel: 0.022 0.019 1.002
Gyro: -1.419 0.213 -2.090
Accel: 0.016 0.024 0.997
Gyro: -1.281 0.244 -2.258
Accel: 0.016 0.026 0.992
Gyro: -1.647 0.106 -2.166
Accel: 0.017 0.027 0.994
Gyro: -1.998 0.640 -2.105
Accel: 0.013 0.029 1.0001
Gyro: -2.288 -1.907 -2.182
Accel: 0.006 0.028 1.0001
Gyro: -2.761 -2.975 -2.578
Accel: 0.006 0.022 1.0001
Gyro: -3.204 -3.219 -2.685
Accel: 0.011 0.021 1.0001
Gyro: -3.707 -2.914 -2.487
Accel: 0.012 0.021 1.008
Gyro: -3.692 -2.517 -2.288
Accel: 0.007 0.021 1.0010
Gyro: -3.479 -2.105 -2.029
Accel: 0.002 0.024 1.009
Gyro: -2.822 -1.266 -1.449
Accel: 0.0001 0.027 1.013
Gyro: -1.831 0.747 0.793
Accel: 0.005 0.027 1.015
Gyro: 0.762 0.885 0.183
Accel: 0.008 0.026 1.016
Gyro: 0.228 -1.739 0.839
Accel: 0.015 0.028 1.018
Gyro: 1.052 -3.311 1.129
Accel: 0.014 0.029 1.016
Gyro: 1.571 -4.699 1.464
Accel: 0.005 0.032 1.018
Gyro: 1.586 -5.996 1.937
Accel: 0.0000 0.033 1.024
Gyro: 1.541 -7.019 2.319
Accel: 0.003 0.032 1.025
Gyro: 1.510 -7.629 2.532
Accel: 0.011 0.031 1.023
Gyro: 1.159 -7.263 2.395
Accel: 0.020 0.028 1.019
Gyro: 0.259 -5.783 1.998
Accel: 0.028 0.022 1.019
Gyro: 0.564 -4.089 1.556
Accel: 0.032 0.014 1.020
Gyro: -1.037 -1.983 0.946
Accel: 0.036 0.0010 1.020
Gyro: -1.510 0.137 0.305
Accel: 0.036 0.008 1.022
Gyro: -1.770 2.044 0.274
Accel: 0.033 0.006 1.022
Gyro: -2.136 3.601 0.610
Accel: 0.031 0.012 1.020
Gyro: -2.502 4.531 -1.113
Accel: 0.027 0.009 1.018
Gyro: -3.051 4.791 -1.693
Accel: 0.026 0.003 1.020
Gyro: -2.975 4.623 -2.334
Accel: 0.025 0.062 1.017
Gyro: -2.563 4.119 -2.960
Accel: 0.026 0.004 1.015
Gyro: -2.349 3.112 -3.494
Accel: 0.026 0.004 1.009
Gyro: -2.212 1.525 -3.433
Accel: 0.022 0.0000 1.011
Gyro: -2.105 0.137 -3.265
Accel: 0.018 0.005 1.012
Gyro: -1.556 -1.068 -3.082
Accel: 0.020 0.008 1.009
Gyro: -1.449 -1.419 -2.578
Accel: 0.026 0.008 1.005
Gyro: -1.724 -1.586 -1.907
Accel: 0.029 0.0010 1.007
Gyro: -2.288 0.717 -1.220
Accel: 0.029 0.011 1.0010
Gyro: -2.716 0.640 0.579
Accel: 0.026 0.007 1.014
Gyro: -2.975 2.258 0.198
Accel: 0.025 0.0001 1.0010
Gyro: -3.311 3.723 0.579
Accel: 0.027 0.002 1.003
Gyro: -4.058 4.699 0.946
Accel: 0.026 0.0001 1.008
Gyro: -4.226 5.065 1.342
Accel: 0.020 0.0000 1.014
Gyro: -2.853 4.348 1.602
Accel: 0.015 0.003 1.012
Gyro: -1.358 3.097 2.044
Accel: 0.015 0.005 1.002
Gyro: 0.350 1.296 2.182
Accel: 0.023 0.006 0.992
Gyro: 0.350 0.015 2.105
Accel: 0.025 0.0010 0.987
Gyro: 0.320 0.350 2.182
Accel: 0.026 0.008 0.991
Gyro: 0.213 0.411 2.426
Accel: 0.031 0.005 1.004
Gyro: 0.762 0.518 2.441
Accel: 0.030 0.006 1.011
Gyro: 1.358 0.671 2.548
Accel: 0.030 0.006 1.013
Gyro: 2.029 0.640 2.471
Accel: 0.031 0.005 1.018
Gyro: 2.609 0.366 2.502
Accel: 0.031 0.004 1.017
Gyro: 3.097 0.091 2.487
Accel: 0.033 0.004 1.018
Gyro: 3.417 0.076 2.456
Accel: 0.031 0.0001 1.012
Gyro: 3.601 0.122 2.410
Accel: 0.027 0.004 1.007
Gyro: 3.662 0.167 2.304
Accel: 0.015 0.0001 1.0001
Gyro: 3.707 0.366 2.502
Accel: 0.013 0.005 0.993
Gyro: 3.829 0.457 2.899
Accel: 0.0010 0.013 0.988
Gyro: 3.402 0.457 3.677
Accel: 0.008 0.018 0.984
Gyro: 2.578 0.228 4.577
Accel: 0.005 0.016 0.995
Gyro: 2.517 0.106 5.630
Accel: 0.0000 0.017 0.998
Gyro: 2.548 0.259 6.713
Accel: 0.002 0.019 1.003
Gyro: 2.807 0.686 7.659
Accel: 0.002 0.022 1.004
Gyro: 3.128 -1.220 8.483
Accel: 0.007 0.023 1.0010
Gyro: 3.631 -1.708 8.789
Accel: 0.009 0.020 1.013
Gyro: 4.409 -2.182 8.850
Accel: 0.013 0.016 1.012
Gyro: 5.157 -2.593 8.911
Accel: 0.017 0.016 1.015
Gyro: 5.584 -2.548 8.987
Accel: 0.020 0.017 1.020
Gyro: 6.118 -1.892 8.880
Accel: 0.020 0.017 1.021
Gyro: 6.713 0.946 8.575
Accel: 0.020 0.016 1.019
Gyro: 6.973 0.0000 7.980
Accel: 0.023 0.018 1.017
Gyro: 7.019 0.808 7.583
Accel: 0.020 0.022 1.013
Gyro: 6.637 1.358 7.141
Accel: 0.022 0.026 1.011
Gyro: 5.783 1.831 6.515
Accel: 0.019 0.024 1.008
Gyro: 5.203 1.739 5.767
Accel: 0.016 0.023 1.002
Gyro: 4.455 1.541 5.111
Accel: 0.015 0.021 0.997
Gyro: 3.295 0.946 4.440
Accel: 0.020 0.024 0.996
Gyro: 2.502 0.0000 3.890
Accel: 0.014 0.025 0.997
Gyro: 1.907 0.946 3.509
Accel: 0.016 0.031 0.998
Gyro: 1.266 -1.602 3.234
Accel: 0.014 0.031 0.999
Gyro: 0.625 -1.922 2.929
Accel: 0.016 0.030 1.002
Gyro: 0.091 -2.487 2.532
Accel: 0.016 0.029 1.008
Gyro: 0.228 -2.624 2.212
Accel: 0.017 0.029 1.011
Gyro: 0.396 -2.075 2.090
Accel: 0.021 0.030 1.011
Gyro: 0.350 -1.342 1.983
Accel: 0.023 0.030 1.009
Gyro: 0.106 0.350 1.800
Accel: 0.022 0.028 1.0010
Gyro: 0.305 0.732 1.647
Accel: 0.022 0.026 1.012
Gyro: 0.411 1.159 1.556
Accel: 0.020 0.026 1.013
Gyro: 0.061 1.068 1.480
Accel: 0.014 0.026 1.011
Gyro: 0.015 0.946 1.235
Accel: 0.012 0.024 1.005
Gyro: 0.305 0.320 0.808
Accel: 0.012 0.023 0.994
Gyro: -1.434 0.289 0.274
Accel: 0.013 0.025 0.997
Gyro: -2.792 0.045 0.030
Accel: 0.019 0.026 1.009
Gyro: -3.143 0.0000 0.137
Accel: 0.014 0.025 1.013
Gyro: -2.883 0.106 0.473
Accel: 0.017 0.023 1.0010
Gyro: -2.853 0.518 -1.037
Accel: 0.016 0.020 1.008
Gyro: -3.082 0.534 -1.647
Accel: 0.0010 0.020 1.007
Gyro: -2.975 0.228 -1.663
Accel: 0.009 0.023 1.009
Gyro: -2.410 -1.831 -1.800
Accel: 0.004 0.031 1.003
Gyro: -2.075 -3.311 -2.029
Accel: 0.003 0.027 1.004
Gyro: -1.602 -4.821 -2.349
Accel: 0.005 0.027 1.0000
Gyro: -1.342 -6.256 -2.380
Accel: 0.004 0.025 0.994
Gyro: -1.663 -6.668 -2.273
Accel: 0.0010 0.024 0.999
Gyro: -1.815 -6.240 -2.197
Accel: 0.015 0.023 1.007
Gyro: -1.464 -5.432 -1.953
Accel: 0.019 0.022 1.008
Gyro: -1.419 0.106 -1.556
Accel: 0.019 0.024 1.009
Gyro: -1.434 -2.456 -1.434
Accel: 0.018 0.023 1.012
Gyro: -1.663 -1.205 -1.037
Accel: 0.013 0.023 1.011
Gyro: -1.754 0.823 0.762
Accel: 0.0010 0.022 1.0010
Gyro: -1.892 -1.266 0.442
Accel: 0.011 0.022 1.008
Gyro: -2.136 -1.541 0.366
Accel: 0.017 0.022 1.007
Gyro: -2.166 -1.312 0.366
Accel: 0.022 0.019 1.008
Gyro: -2.029 0.717 0.198
Accel: 0.022 0.013 1.008
Gyro: -1.678 3.890 0.106
Accel: 0.021 0.011 1.007
Gyro: -1.190 0.366 0.213
Accel: 0.021 0.012 1.005
Gyro: 0.930 0.595 0.366
Accel: 0.019 0.011 1.006
Gyro: 0.381 0.747 0.686
Accel: 0.020 0.015 1.014
Gyro: 0.869 0.671 1.083
Accel: 0.019 0.019 1.015
Gyro: 2.014 0.106 1.495
Accel: 0.021 0.021 1.015
Gyro: 3.128 0.640 1.617
Accel: 0.018 0.019 1.011
Gyro: 4.211 -1.296 1.724
Accel: 0.021 0.018 1.009
Gyro: 5.035 -2.304 1.937
Accel: 0.022 0.018 1.007
Gyro: 5.920 -3.509 2.014
Accel: 0.021 0.019 1.004
Gyro: 6.713 -4.745 2.182
Accel: 0.022 0.022 1.0001
Gyro: 7.492 -5.493 2.288
Accel: 0.021 0.023 1.0001
Gyro: 8.056 -6.515 2.258
Accel: 0.022 0.024 0.997
Gyro: 8.682 -7.919 2.410
Accel: 0.021 0.023 0.995
Gyro: 8.850 -9.399 2.120
Accel: 0.022 0.025 0.992
Gyro: 8.895 -11.138 1.922
Accel: 0.021 0.025 0.989
Gyro: 8.468 -13.351 1.403
Accel: 0.030 0.027 0.988
Gyro: 8.132 -15.884 0.640
Accel: 0.027 0.026 0.978
Gyro: 7.125 -18.035 0.015
Accel: 0.036 0.025 0.984
Gyro: 5.966 -18.646 0.747
Accel: 0.047 0.022 0.993
Gyro: 5.050 -18.783 -1.358
Accel: 0.043 0.024 1.0010
Gyro: 3.616 -17.669 -1.525
Accel: 0.062 0.039 1.027
Gyro: 2.609 -15.792 -2.044
Accel: 0.066 0.044 1.034
Gyro: 2.090 -13.366 -2.670
Accel: 0.075 0.043 1.034
Gyro: 1.342 -9.689 -3.250
Accel: 0.078 0.045 1.034
Gyro: 0.320 -5.737 -3.936
Accel: 0.078 0.044 1.036
Gyro: 0.411 -1.800 -4.333
Accel: 0.073 0.043 1.035
Gyro: 0.946 2.227 -4.882
Accel: 0.071 0.039 1.030
Gyro: -1.510 5.935 -5.462
Accel: 0.069 0.039 1.027
Gyro: -1.998 8.636 -6.042
Accel: 0.058 0.036 1.025
Gyro: -2.426 9.979 -6.408
Accel: 0.052 0.038 1.019
Gyro: -2.563 10.177 -6.607
Accel: 0.042 0.041 1.011
Gyro: -2.761 9.613 -6.729
Accel: 0.036 0.037 1.006
Gyro: -2.777 8.636 -6.591
Accel: 0.031 0.036 0.998
Gyro: -2.502 6.546 -6.317
Accel: 0.031 0.035 0.995
Gyro: -2.380 4.211 -5.981
Accel: 0.030 0.033 0.994
Gyro: -2.120 1.541 -5.676
Accel: 0.030 0.035 0.994
Gyro: -1.586 -1.373 -5.233
Accel: 0.033 0.034 0.994
Gyro: 0.762 -4.165 -4.562
Accel: 0.033 0.033 0.990
Gyro: 0.701 -6.454 -4.043
Accel: 0.035 0.035 0.990
Gyro: 2.609 -8.483 -3.433
Accel: 0.086 0.037 0.964
Gyro: -3.707 13.778 -5.889
Accel: 0.086 0.034 0.968
Gyro: -3.326 11.444 -5.706
Accel: 0.088 0.028 0.972
Gyro: -2.883 8.789 -5.722
