Accel: 1.0001 0.006 0.004
Gyro: -1.510 28.961 0.289
Accel: 1.005 0.008 0.003
Gyro: -2.227 29.235 0.198
Accel: 0.995 0.017 0.007
Gyro: -4.898 29.495 0.305
Accel: 0.993 0.011 0.059
Gyro: -7.354 29.663 0.152
Accel: 0.997 0.008 0.009
Gyro: -9.399 28.732 0.152
Accel: 1.061 0.0010 0.026
Gyro: -12.527 28.060 0.106
Accel: 0.985 0.011 0.041
Gyro: -14.083 26.992 0.045
Accel: 1.014 0.006 0.085
Gyro: -14.511 27.557 0.015
Accel: 0.989 0.009 0.046
Gyro: -14.144 27.328 0.137
Accel: 0.996 0.0000 0.095
Gyro: -13.656 26.321 0.106
Accel: 0.996 0.003 0.077
Gyro: -13.198 26.428 0.274
Accel: 1.004 0.0001 0.098
Gyro: -11.871 25.848 0.259
Accel: 0.992 0.0001 0.072
Gyro: -11.810 26.016 0.335
Accel: 1.058 0.0000 0.067
Gyro: -15.563 25.299 0.534
Accel: 0.986 0.060 0.058
Gyro: -12.084 24.597 0.686
Accel: 0.993 0.005 0.088
Gyro: -12.283 24.291 0.717
Accel: 0.993 0.008 0.098
Gyro: -11.993 23.101 0.885
Accel: 0.998 0.005 0.115
Gyro: -11.337 22.552 0.930
Accel: 0.992 0.0001 0.111
Gyro: -10.848 22.491 0.793
Accel: 0.992 0.002 0.098
Gyro: -9.109 22.735 0.503
Accel: 0.994 0.0001 0.097
Gyro: -6.607 23.849 0.167
Accel: 0.998 0.002 0.097
Gyro: -3.753 25.299 0.091
Accel: 0.939 0.006 0.097
Gyro: -2.410 26.733 0.061
Accel: 0.986 0.007 0.093
Gyro: -3.662 26.443 0.198
Accel: 1.051 0.008 0.111
Gyro: -7.171 24.688 0.488
Accel: 0.976 0.0000 0.124
Gyro: -10.742 21.667 -1.113
Accel: 0.980 0.006 0.153
Gyro: -13.092 19.226 -1.419
Accel: 0.986 0.007 0.183
Gyro: -13.549 16.403 -1.586
Accel: 0.989 0.060 0.170
Gyro: -12.542 14.389 -1.388
Accel: 0.986 0.0000 0.191
Gyro: -10.238 12.771 -1.129
Accel: 0.979 0.004 0.195
Gyro: -8.087 10.330 -1.129
Accel: 0.989 0.003 0.202
Gyro: -6.851 7.614 0.808
Accel: 0.984 0.0001 0.202
Gyro: -5.722 4.638 0.717
Accel: 0.977 0.003 0.215
Gyro: -4.394 1.968 0.518
Accel: 0.985 0.002 0.221
Gyro: -2.868 0.930 0.259
Accel: 0.971 0.0000 0.214
Gyro: -1.586 -4.470 0.167
Accel: 0.981 0.003 0.211
Gyro: 0.259 -7.415 0.045
Accel: 0.981 0.003 0.193
Gyro: 0.900 -10.742 0.167
Accel: 0.987 0.005 0.177
Gyro: 0.686 -13.076 0.183
Accel: 0.982 0.003 0.164
Gyro: 0.564 -15.075 0.228
Accel: 0.989 0.004 0.156
Gyro: 0.640 -16.372 0.366
Accel: 0.979 0.003 0.145
Gyro: 0.457 -17.578 0.305
Accel: 0.977 0.002 0.139
Gyro: 0.610 -18.569 0.305
Accel: 0.984 0.0000 0.134
Gyro: 0.717 -19.195 0.305
Accel: 1.005 0.004 0.134
Gyro: 1.083 -19.515 0.350
Accel: 0.996 0.004 0.121
Gyro: 0.808 -19.989 0.274
Accel: 0.996 0.005 0.115
Gyro: 0.885 -20.034 0.244
Accel: 0.995 0.003 0.106
Gyro: 1.052 -19.638 0.274
Accel: 0.996 0.0000 0.096
Gyro: 1.083 -19.104 0.259
Accel: 1.008 0.006 0.089
Gyro: 0.915 -18.157 0.198
Accel: 1.004 0.003 0.083
Gyro: 0.839 -17.074 0.152
Accel: 0.989 0.005 0.076
Gyro: 0.610 -15.975 0.213
Accel: 1.002 0.003 0.073
Gyro: 0.411 -14.785 0.289
Accel: 0.988 0.060 0.074
Gyro: 0.350 -13.580 0.320
Accel: 1.007 0.005 0.076
Gyro: 0.396 -12.680 0.320
Accel: 0.999 0.0001 0.073
Gyro: 0.152 -11.489 0.320
Accel: 0.996 0.002 0.071
Gyro: 0.350 -10.452 0.274
Accel: 1.004 0.006 0.067
Gyro: 0.244 -9.414 0.259
Accel: 0.998 0.003 0.062
Gyro: 0.259 -8.148 0.228
Accel: 1.003 0.003 0.063
Gyro: 0.350 -6.790 0.183
Accel: 1.0001 0.002 0.066
Gyro: 0.320 -5.676 0.213
Accel: 1.006 0.004 0.069
Gyro: 0.244 -4.608 0.106
Accel: 0.999 0.004 0.067
Gyro: 0.244 -3.707 0.076
Accel: 1.002 0.004 0.069
Gyro: 0.259 -2.807 0.167
Accel: 1.0001 0.005 0.069
Gyro: 0.152 -2.304 0.137
Accel: 0.995 0.005 0.075
Gyro: 0.091 -1.861 0.213
Accel: 1.0000 0.005 0.073
Gyro: 0.259 -1.449 0.213
Accel: 1.0000 0.004 0.070
Gyro: 0.045 0.732 0.244
Accel: 0.998 0.0001 0.075
Gyro: 0.076 0.503 0.289
Accel: 1.0000 0.003 0.077
Gyro: 0.106 0.183 0.350
Accel: 0.997 0.002 0.076
Gyro: 0.061 0.122 0.274
Accel: 0.997 0.0001 0.081
Gyro: 0.183 0.213 0.198
Accel: 0.998 0.004 0.084
Gyro: 0.122 0.076 0.167
Accel: 1.0000 0.003 0.085
Gyro: 0.076 0.076 0.183
Accel: 0.996 0.003 0.086
Gyro: 0.183 0.503 0.167
Accel: 0.999 0.003 0.086
Gyro: 0.244 0.717 0.167
Accel: 0.998 0.002 0.091
Gyro: 0.213 -1.129 0.152
Accel: 0.996 0.003 0.090
Gyro: 0.289 -1.815 0.183
Accel: 0.997 0.005 0.089
Gyro: 0.244 -2.304 0.167
Accel: 0.995 0.006 0.090
Gyro: 0.152 -2.685 0.183
Accel: 0.994 0.002 0.090
Gyro: 0.244 -3.265 0.289
Accel: 0.998 0.004 0.090
Gyro: 0.106 -3.875 0.244
Accel: 0.999 0.002 0.092
Gyro: 0.244 -4.531 0.274
Accel: 0.994 0.004 0.092
Gyro: 0.350 -5.355 0.259
Accel: 0.995 0.003 0.089
Gyro: 0.488 -6.103 0.228
Accel: 0.995 0.002 0.080
Gyro: 0.442 -6.576 0.244
Accel: 0.997 0.002 0.082
Gyro: 0.320 -6.774 0.213
Accel: 1.0001 0.003 0.083
Gyro: 0.320 -7.232 0.213
Accel: 0.997 0.0001 0.082
Gyro: 0.564 -11.703 0.137
Accel: 0.997 0.0001 0.071
Gyro: 0.625 -7.873 0.152
Accel: 1.0001 0.004 0.062
Gyro: 0.289 -7.537 0.152
Accel: 0.996 0.003 0.071
Gyro: 0.289 -7.278 0.183
Accel: 0.999 0.005 0.072
Gyro: 0.366 -7.492 0.228
Accel: 1.0001 0.006 0.073
Gyro: 0.350 -7.598 0.289
Accel: 1.0000 0.0001 0.067
Gyro: 0.564 -7.644 0.289
Accel: 1.0000 0.005 0.051
Gyro: 0.427 -7.278 0.213
Accel: 1.006 0.002 0.046
Gyro: 0.0000 -6.286 0.076
Accel: 0.998 0.003 0.064
Gyro: 0.106 -5.996 0.030
Accel: 0.997 0.003 0.064
Gyro: 0.381 -6.011 0.122
Accel: 1.002 0.003 0.062
Gyro: 0.244 -6.042 0.061
Accel: 1.0000 0.003 0.058
Gyro: 0.488 -5.874 0.030
Accel: 0.998 0.002 0.056
Gyro: 0.427 -5.630 3.845
Accel: 1.0000 0.003 0.047
Gyro: 0.350 -5.111 0.076
Accel: 1.0000 0.004 0.054
Gyro: 0.045 -4.837 0.015
Accel: 1.062 0.003 0.066
Gyro: 0.213 -5.111 0.045
Accel: 1.0000 0.008 0.062
Gyro: 0.335 -5.371 0.045
Accel: 0.997 0.004 0.056
Gyro: 0.198 -5.462 0.183
Accel: 0.998 0.005 0.052
Gyro: 0.396 -5.462 0.259
Accel: 1.003 0.005 0.049
Gyro: 0.259 -5.111 0.244
Accel: 1.0000 0.003 0.050
Gyro: 0.305 -4.867 0.244
Accel: 1.003 0.004 0.048
Gyro: 0.289 -4.531 0.183
Accel: 1.004 0.002 0.046
Gyro: 0.305 -4.089 0.152
Accel: 0.999 0.002 0.043
Gyro: 0.305 -3.662 0.091
Accel: 1.0001 0.004 0.041
Gyro: 0.213 -3.128 0.122
Accel: 1.003 0.004 0.041
Gyro: 0.228 -2.609 0.198
Accel: 0.996 0.007 0.041
Gyro: 0.274 -1.998 0.320
Accel: 1.004 0.006 0.037
Gyro: 0.152 -1.373 0.320
Accel: 1.0000 0.002 0.037
Gyro: 0.015 0.488 0.411
Accel: 1.0001 0.0000 0.040
Gyro: 0.106 0.076 0.274
Accel: 1.0001 0.003 0.044
Gyro: 0.106 0.656 0.396
Accel: 1.0001 0.004 0.045
Gyro: 0.030 1.144 0.244
Accel: 1.062 0.003 0.044
Gyro: 0.061 1.480 0.259
Accel: 1.0001 0.004 0.048
Gyro: 0.015 1.770 0.305
Accel: 1.0001 0.002 0.050
Gyro: 0.167 2.044 0.213
Accel: 0.999 0.003 0.050
Gyro: 0.167 2.227 0.259
Accel: 1.002 0.005 0.049
Gyro: 0.015 2.304 0.228
Accel: 1.0000 0.005 0.051
Gyro: 0.198 2.426 0.274
Accel: 0.997 0.006 0.051
Gyro: 0.106 2.502 0.366
Accel: 1.002 0.007 0.058
Gyro: 0.0000 2.670 0.457
Accel: 0.999 0.003 0.060
Gyro: 0.091 2.319 0.473
Accel: 0.997 0.003 0.060
Gyro: 0.076 2.182 0.366
Accel: 0.996 0.0001 0.074
Gyro: 0.244 -2.029 0.228
Accel: 1.0000 0.003 0.079
Gyro: 0.320 -2.029 0.289
Accel: 0.994 0.002 0.075
Gyro: 0.289 -2.197 0.213
Accel: 1.005 0.006 0.076
Gyro: 0.350 -1.983 0.274
Accel: 1.0000 0.003 0.070
Gyro: 0.183 -1.693 0.122
Accel: 0.993 0.003 0.075
Gyro: 0.274 -1.541 0.244
Accel: 1.0001 0.004 0.076
Gyro: 0.335 -1.525 0.274
Accel: 1.0001 0.003 0.072
Gyro: 0.244 -1.327 0.213
Accel: 0.999 0.005 0.071
Gyro: 0.213 -1.113 0.167
Accel: 1.0000 0.0001 0.074
Gyro: 0.045 0.823 0.244
Accel: 0.994 0.002 0.077
Gyro: 0.442 0.869 0.289
Accel: 0.997 0.004 0.075
Gyro: 0.274 0.854 0.259
Accel: 1.0000 0.004 0.073
Gyro: 0.305 0.793 0.320
Accel: 1.0000 0.004 0.071
Gyro: 0.320 0.564 0.320
Accel: 1.0001 0.002 0.072
Gyro: 0.167 0.305 0.167
Accel: 1.0000 0.003 0.077
Gyro: 0.289 0.366 0.167
Accel: 0.997 0.003 0.072
Gyro: 0.381 0.152 0.213
Accel: 0.997 0.003 0.070
Gyro: 0.244 0.228 0.244
Accel: 1.002 0.004 0.068
Gyro: 0.289 0.717 0.213
Accel: 0.998 0.003 0.070
Gyro: 0.045 0.991 0.152
Accel: 0.999 0.0001 0.078
Gyro: 0.076 1.068 0.259
Accel: 0.999 0.003 0.081
Gyro: 0.274 0.854 0.198
Accel: 0.996 0.004 0.080
Gyro: 0.213 0.762 0.198
Accel: 0.997 0.004 0.078
Gyro: 0.320 0.625 0.198
Accel: 1.0000 0.003 0.074
Gyro: 0.259 0.717 0.228
Accel: 0.937 0.004 0.078
Gyro: 0.106 0.732 0.259
Accel: 0.997 0.003 0.082
Gyro: 0.259 0.579 0.183
Accel: 0.999 0.002 0.081
Gyro: 0.289 0.396 0.244
Accel: 0.998 0.003 0.078
Gyro: 0.183 0.335 0.228
Accel: 1.0001 0.003 0.078
Gyro: 0.274 0.534 0.152
Accel: 0.999 0.0001 0.078
Gyro: 0.167 0.625 0.274
Accel: 0.997 0.002 0.078
Gyro: 0.289 0.640 0.183
Accel: 0.999 0.002 0.081
Gyro: 0.305 0.610 0.213
Accel: 1.0000 0.002 0.079
Gyro: 0.442 0.701 0.228
Accel: 0.997 0.002 0.078
Gyro: 0.381 0.762 0.183
Accel: 1.0000 0.0001 0.078
Gyro: 0.289 0.976 0.183
Accel: 0.998 0.003 0.079
Gyro: 0.091 1.159 0.228
Accel: 0.995 0.004 0.081
Gyro: 0.274 1.052 0.213
Accel: 1.0001 0.003 0.080
Gyro: 0.061 1.266 0.350
Accel: 1.060 0.004 0.080
Gyro: 0.076 1.449 0.411
Accel: 0.999 0.003 0.078
Gyro: 0.045 1.770 0.274
Accel: 0.999 0.003 0.079
Gyro: 0.076 1.785 0.320
Accel: 1.0001 0.004 0.079
Gyro: 0.167 1.998 0.335
Accel: 0.998 0.005 0.080
Gyro: 0.152 2.258 0.274
Accel: 0.937 0.002 0.083
Gyro: 0.152 2.288 0.274
Accel: 0.996 0.002 0.083
Gyro: 0.122 2.426 0.335
Accel: 0.994 0.002 0.086
Gyro: 0.122 2.380 0.244
Accel: 0.999 0.002 0.089
Gyro: 0.274 2.273 0.244
Accel: 0.999 0.002 0.089
Gyro: 0.259 2.044 0.213
Accel: 0.996 0.0001 0.092
Gyro: 0.335 1.770 0.122
Accel: 0.998 0.004 0.096
Gyro: 0.396 1.327 0.152
Accel: 0.995 0.004 0.092
Gyro: 0.411 0.839 0.198
Accel: 0.994 0.002 0.094
Gyro: 0.381 0.473 0.213
Accel: 1.0000 0.006 0.095
Gyro: 0.350 0.015 0.198
Accel: 0.996 0.004 0.092
Gyro: 0.305 0.274 0.198
Accel: 0.997 0.003 0.088
Gyro: 0.473 0.488 0.183
Accel: 0.999 0.005 0.086
Gyro: 0.320 0.320 0.183
Accel: 0.996 0.003 0.088
Gyro: 0.244 0.549 0.213
Accel: 0.997 0.002 0.092
Gyro: 0.335 0.564 0.213
Accel: 1.0000 0.003 0.093
Gyro: 0.289 0.808 0.183
Accel: 0.994 0.003 0.093
Gyro: 0.228 -1.235 0.137
Accel: 0.997 0.002 0.093
Gyro: 0.198 -1.663 0.183
Accel: 0.997 0.002 0.095
Gyro: 0.274 -2.029 0.152
Accel: 0.996 0.003 0.097
Gyro: 0.244 -2.624 0.167
Accel: 0.996 0.0001 0.098
Gyro: 0.183 -3.234 0.137
Accel: 0.996 0.002 0.097
Gyro: 0.305 -3.662 0.045
Accel: 0.995 0.0001 0.098
Gyro: 0.381 -4.226 0.106
Accel: 0.996 0.0000 0.094
Gyro: 0.320 -4.974 0.045
Accel: 0.999 0.003 0.092
Gyro: 0.320 -5.462 0.076
Accel: 0.997 0.002 0.088
Gyro: 0.381 -5.737 0.106
Accel: 0.998 0.004 0.084
Gyro: 0.396 -5.767 -3.890
Accel: 1.0000 0.004 0.079
Gyro: 0.213 -5.737 0.061
Accel: 0.998 0.004 0.077
Gyro: 0.152 -5.584 0.045
Accel: 0.997 0.004 0.076
Gyro: 0.259 -5.325 0.106
Accel: 0.938 0.003 0.072
Gyro: 0.213 -4.943 0.183
Accel: 1.0000 0.0001 0.068
Gyro: 0.335 -4.318 0.076
Accel: 1.0000 0.004 0.077
Gyro: 0.518 -3.967 0.015
Accel: 0.999 0.002 0.081
Gyro: 0.747 -3.906 0.152
Accel: 0.999 0.002 0.068
Gyro: 0.762 -3.585 3.875
Accel: 1.009 0.0000 0.047
Gyro: 1.129 -2.136 0.152
Accel: 1.007 0.002 0.022
Gyro: 0.839 0.854 0.228
Accel: 1.006 0.008 0.0001
Gyro: 0.579 4.989 0.061
Accel: 1.015 0.004 0.004
Gyro: 0.793 11.230 0.152
Accel: 1.0010 0.0001 0.011
Gyro: 2.166 15.609 0.274
Accel: 1.020 0.008 0.048
Gyro: 2.227 19.760 0.305
Accel: 1.032 0.025 0.126
Gyro: 4.272 22.903 -1.602
Accel: 1.046 0.063 0.173
Gyro: 11.047 26.275 -3.082
Accel: 1.075 0.138 0.343
Gyro: 13.137 45.867 -4.623
Accel: 1.096 0.198 0.499
Gyro: 9.536 72.875 -3.524
Accel: 1.193 0.260 0.522
Gyro: -3.601 101.089 0.137
Accel: 1.273 0.209 0.588
Gyro: -10.528 132.888 5.279
Accel: 1.484 0.283 0.524
Gyro: -19.561 165.832 8.071
Accel: 1.437 0.221 0.583
Gyro: -28.808 200.241 6.607
Accel: 1.398 0.158 0.550
Gyro: -39.138 229.431 3.234
Accel: 1.343 0.093 0.522
Gyro: -49.346 253.524 0.106
Accel: 1.288 0.035 0.583
Gyro: -56.869 272.842 -3.509
Accel: 1.236 0.003 0.577
Gyro: -61.889 283.340 -7.049
Accel: 1.186 0.021 0.576
Gyro: -63.781 291.458 -10.528
Accel: 1.136 0.034 0.587
Gyro: -58.822 294.097 -14.221
Accel: 1.086 0.048 0.612
Gyro: -57.678 292.724 -18.341
Accel: 1.036 0.057 0.625
Gyro: -48.599 288.986 -22.872
Accel: 0.992 0.061 0.624
Gyro: -36.956 283.767 -27.465
Accel: 0.940 0.054 0.612
Gyro: -24.093 276.260 -32.455
Accel: 0.877 0.055 0.593
Gyro: -11.489 266.906 -35.720
Accel: 0.821 0.052 0.568
Gyro: 3.326 250.640 -36.926
Accel: 0.775 0.040 0.543
Gyro: 9.643 240.432 -36.712
Accel: 0.741 0.026 0.531
Gyro: 17.547 224.075 -35.430
Accel: 0.710 0.021 0.524
Gyro: 24.002 206.756 -32.897
Accel: 0.677 0.022 0.528
Gyro: 29.052 189.392 -29.815
Accel: 0.645 0.032 0.524
Gyro: 33.187 173.080 -26.382
Accel: 0.607 0.055 0.520
Gyro: 35.888 156.723 -23.178
Accel: 0.583 0.076 0.524
Gyro: 36.590 136.825 -20.492
Accel: 0.555 0.101 0.531
Gyro: 36.666 118.515 -19.500
Accel: 0.521 0.121 0.550
Gyro: 37.155 104.003 -19.744
Accel: 0.496 0.135 0.578
Gyro: 39.291 85.418 -20.751
Accel: 0.472 0.133 0.613
Gyro: 43.304 67.840 -22.232
Accel: 0.446 0.132 0.645
Gyro: 48.858 50.521 -23.437
Accel: 0.418 0.125 0.672
Gyro: 54.244 32.318 -23.406
Accel: 0.389 0.123 0.689
Gyro: 58.944 13.916 -21.972
Accel: 1.194 0.376 1.576
Gyro: 50.292 57.693 -30.044
Accel: 0.777 0.596 1.072
Gyro: 32.699 83.847 -44.036
Accel: 0.889 0.618 1.076
Gyro: 15.777 91.934 -62.103
Accel: 0.936 0.548 1.046
Gyro: 13.442 99.319 -80.307
Accel: 0.696 0.459 1.085
Gyro: 15.899 95.413 -93.093
Accel: 0.699 0.271 0.953
Gyro: 21.469 90.728 -95.916
Accel: 0.577 0.162 1.040
Gyro: 26.443 89.431 -94.375
Accel: 0.458 0.074 1.098
Gyro: 28.762 89.385 -90.606
Accel: 0.352 0.015 1.129
Gyro: 27.359 91.125 -78.765
Accel: 0.277 0.045 1.213
Gyro: 24.673 92.239 -71.594
Accel: 0.216 0.052 1.184
Gyro: 19.714 98.678 -60.241
Accel: 0.242 0.023 1.106
Gyro: 20.370 95.306 -54.183
Accel: 0.269 0.095 1.086
Gyro: 24.658 86.456 -52.413
Accel: 0.247 0.160 1.061
Gyro: 28.579 79.589 -50.491
Accel: 0.196 0.148 1.059
Gyro: 34.698 75.531 -48.141
Accel: 0.149 0.111 1.0000
Gyro: 39.413 73.883 -45.928
Accel: 0.129 0.073 0.999
Gyro: 44.250 71.685 -44.357
Accel: 0.119 0.079 0.935
Gyro: 45.684 69.549 -43.518
Accel: 0.067 0.054 0.926
Gyro: 46.829 58.319 -42.770
Accel: 0.067 0.099 0.904
Gyro: 50.323 41.259 -42.678
Accel: 0.146 0.176 0.975
Gyro: 57.052 38.619 -42.892
Accel: 0.153 0.209 1.019
Gyro: 64.117 40.451 -44.372
Accel: 0.145 0.186 1.031
Gyro: 66.268 40.298 -46.508
Accel: 0.155 0.199 0.998
Gyro: 69.992 41.137 -47.790
Accel: 0.162 0.238 0.980
Gyro: 75.836 40.481 -50.109
Accel: 0.132 0.265 0.959
Gyro: 83.938 38.650 -52.383
Accel: 0.077 0.277 0.878
Gyro: 92.437 37.704 -52.108
Accel: 0.039 0.288 0.916
Gyro: 99.838 37.811 -50.094
Accel: 0.033 0.304 0.815
Gyro: 105.789 39.749 -47.622
Accel: 0.089 0.306 0.855
Gyro: 108.398 43.655 -47.073
Accel: 0.071 0.300 0.796
Gyro: 108.627 46.005 -47.012
Accel: 0.085 0.363 0.759
Gyro: 107.192 47.927 -44.921
Accel: 0.066 0.411 0.728
Gyro: 103.256 48.736 -42.037
Accel: 0.040 0.435 0.693
Gyro: 98.297 47.714 -39.672
Accel: 0.012 0.433 0.672
Gyro: 92.895 46.493 -38.223
Accel: 0.028 0.441 0.652
Gyro: 87.615 43.548 -36.315
Accel: 0.061 0.461 0.629
Gyro: 78.353 39.688 -33.676
Accel: 0.085 0.459 0.615
Gyro: 77.987 36.972 -30.487
Accel: 0.087 0.478 0.557
Gyro: 75.363 35.476 -26.870
Accel: 0.089 0.484 0.526
Gyro: 72.479 37.582 -22.354
Accel: 0.105 0.489 0.502
Gyro: 66.635 41.656 -17.395
Accel: 0.118 0.503 0.474
Gyro: 58.044 44.754 -11.642
Accel: 0.158 0.506 0.480
Gyro: 43.548 43.930 -8.987
Accel: 0.136 0.538 0.505
Gyro: 29.830 36.529 -5.554
Accel: 0.139 0.538 0.518
Gyro: 17.425 33.126 -1.449
Accel: 0.133 0.527 0.542
Gyro: 10.528 32.516 2.700
Accel: 0.126 0.510 0.576
Gyro: 5.508 29.922 6.088
Accel: 0.138 0.499 0.601
Gyro: 0.335 23.574 8.743
Accel: 0.135 0.486 0.608
Gyro: -6.195 13.900 10.238
Accel: 0.121 0.481 0.606
Gyro: -12.588 4.959 10.345
Accel: 0.089 0.497 0.597
Gyro: -18.341 -1.724 9.338
Accel: 0.054 0.534 0.580
Gyro: -27.053 -5.599 7.507
Accel: 0.048 0.589 0.574
Gyro: -30.975 -8.972 5.615
Accel: 0.071 0.637 0.577
Gyro: -33.416 -11.764 5.661
Accel: 0.093 0.677 0.596
Gyro: -41.503 -16.235 6.729
Accel: 0.106 0.683 0.622
Gyro: -48.339 -21.774 7.736
Accel: 0.078 0.630 0.618
Gyro: -52.093 -20.874 7.431
Accel: 0.008 0.555 0.557
Gyro: -50.842 -5.126 3.433
Accel: 0.061 0.538 0.534
Gyro: -47.943 10.650 -1.907
Accel: 0.075 0.564 0.533
Gyro: -48.492 20.233 -6.546
Accel: 0.054 0.566 0.479
Gyro: -54.107 32.638 -9.826
Accel: 0.019 0.516 0.431
Gyro: -62.820 47.119 -10.971
Accel: 0.028 0.520 0.461
Gyro: -74.859 63.232 -11.657
Accel: 0.041 0.488 0.479
Gyro: -86.410 78.689 -10.253
Accel: 0.159 0.435 0.724
Gyro: -95.138 67.413 -6.576
Accel: 0.274 0.408 0.794
Gyro: -97.152 58.197 -3.250
Accel: 0.260 0.356 0.882
Gyro: -88.027 49.362 1.266
Accel: 0.190 0.294 0.946
Gyro: -70.587 42.495 5.798
Accel: 0.172 0.298 0.958
Gyro: -61.340 39.733 6.668
Accel: 0.177 0.312 0.955
Gyro: -50.765 36.743 7.537
Accel: 0.185 0.333 0.943
Gyro: -46.737 30.853 7.186
Accel: 0.183 0.327 0.934
Gyro: -49.774 18.402 0.442
Accel: 0.183 0.292 0.934
Gyro: -56.243 2.929 0.991
Accel: 0.208 0.250 0.974
Gyro: -64.773 -13.473 -5.584
Accel: 0.238 0.227 1.016
Gyro: -72.387 -26.153 -6.683
Accel: 0.247 0.230 1.064
Gyro: -78.369 -31.250 -4.989
Accel: 0.255 0.229 1.123
Gyro: -81.054 -30.395 -1.968
Accel: 0.221 0.202 1.153
Gyro: -77.392 -24.200 1.480
Accel: 0.174 0.178 1.161
Gyro: -65.826 -13.839 4.562
Accel: 0.140 0.189 1.126
Gyro: -49.392 -3.875 6.515
Accel: 0.107 0.207 1.047
Gyro: -31.570 7.202 7.858
Accel: 0.095 0.221 0.886
Gyro: -16.815 9.689 8.453
Accel: 0.080 0.253 0.759
Gyro: -9.552 12.634 9.689
Accel: 0.075 0.268 0.627
Gyro: -9.658 14.953 8.956
Accel: 0.051 0.297 0.584
Gyro: -14.831 16.601 6.774
Accel: 0.032 0.179 0.476
Gyro: -24.307 7.354 9.185
Accel: 0.090 0.351 0.552
Gyro: -36.453 0.762 2.243
Accel: 0.014 0.421 0.586
Gyro: -43.197 0.106 -2.487
Accel: 0.005 0.408 0.573
Gyro: -41.946 -13.702 -6.652
Accel: 0.031 0.365 0.566
Gyro: -35.537 -35.049 -12.863
Accel: 0.055 0.329 0.509
Gyro: -36.468 -58.105 -19.546
Accel: 0.067 0.282 0.445
Gyro: -33.935 -75.454 -26.245
Accel: 0.085 0.312 0.420
Gyro: -34.866 -88.775 -28.579
Accel: 0.122 0.240 0.454
Gyro: -42.816 -88.439 -23.956
Accel: 0.108 0.189 0.573
Gyro: -60.943 -71.762 -16.540
Accel: 0.054 0.125 0.646
Gyro: -84.045 -41.290 -7.751
Accel: 0.0000 0.090 0.653
Gyro: -100.280 -8.804 -1.266
Accel: 0.049 0.156 0.608
Gyro: -103.195 12.878 -1.663
Accel: 0.093 0.131 0.418
Gyro: -97.427 32.836 -3.982
Accel: 0.041 0.116 0.116
Gyro: -89.385 39.764 0.061
Accel: 0.177 0.062 0.086
Gyro: -79.330 29.800 9.292
Accel: 0.122 0.006 0.180
Gyro: -74.081 31.204 15.197
Accel: 0.064 0.038 0.267
Gyro: -69.702 41.900 15.167
Accel: 0.031 0.067 0.426
Gyro: -56.900 55.618 14.541
Accel: 0.002 0.070 0.575
Gyro: -32.897 62.896 11.215
Accel: 0.024 0.146 0.750
Gyro: 0.717 48.431 3.616
Accel: 0.056 0.337 0.818
Gyro: 41.824 22.125 -3.997
Accel: 0.088 0.795 0.720
Gyro: 86.624 0.167 1.770
Accel: 0.056 0.756 0.545
Gyro: 117.401 -7.995 15.579
Accel: 0.076 0.413 0.258
Gyro: 132.980 -3.326 11.993
Accel: 0.178 0.709 -7.999
Gyro: 11.291 -164.505 2.990
Accel: -2.569 -3.629 -3.581
Gyro: -499.969 -472.015 16.098
Accel: -1.324 -1.619 4.729
Gyro: -187.484 368.209 -4.806
Accel: 0.399 0.975 -5.999
Gyro: 36.636 5.340 -38.894
Accel: 0.455 -1.048 3.727
Gyro: 27.404 6.439 -18.814
Accel: 0.478 -1.121 1.400
Gyro: 12.512 -1.663 3.448
Accel: 0.003 0.018 0.879
Gyro: 4.882 0.137 4.440
Accel: 0.133 0.003 0.953
Gyro: 1.541 0.366 9.368
Accel: 0.012 0.004 0.999
Gyro: 1.693 0.579 10.543
Accel: 0.074 0.096 0.947
Gyro: 0.579 0.610 7.308
Accel: 0.121 0.018 0.751
Gyro: 0.122 0.503 1.846
Accel: 0.020 0.047 1.008
Gyro: 0.320 0.579 0.427
Accel: 0.046 0.042 0.999
Gyro: 0.564 0.854 0.122
Accel: 0.061 0.005 0.905
Gyro: 0.274 0.747 0.137
Accel: 0.009 0.019 0.952
Gyro: 0.122 0.778 0.183
Accel: 0.005 0.006 1.060
Gyro: 0.152 0.671 0.045
Accel: 0.0001 0.0001 1.042
Gyro: 0.289 0.946 0.045
Accel: 0.0010 0.039 1.021
Gyro: 0.320 0.701 0.091
Accel: 0.004 0.028 1.028
Gyro: 0.305 0.854 0.045
Accel: 0.013 0.061 1.003
Gyro: 0.381 0.961 0.015
Accel: 0.057 0.015 0.994
Gyro: 0.534 0.900 0.061
Accel: 0.0000 0.005 1.030
Gyro: 0.350 0.793 0.045
Accel: 0.003 0.004 0.976
Gyro: 0.183 0.778 0.122
Accel: 0.002 0.006 1.002
Gyro: 0.381 0.717 0.061
Accel: 0.0000 0.002 1.032
Gyro: 0.350 0.595 0.152
Accel: 0.003 0.004 1.021
Gyro: 0.244 0.762 0.183
Accel: 0.009 0.017 1.059
Gyro: 0.381 0.610 0.183
Accel: 0.005 0.0010 0.973
Gyro: 0.228 0.625 0.213
Accel: 0.007 0.0010 1.003
Gyro: 0.213 0.579 0.198
Accel: 0.0001 0.011 1.0010
Gyro: 0.411 0.793 0.152
Accel: 0.004 0.009 1.0001
Gyro: 0.274 0.671 0.137
Accel: 0.007 0.009 1.024
Gyro: 0.289 0.595 0.152
Accel: 0.004 0.012 1.015
Gyro: 0.350 0.656 0.122
Accel: 0.002 0.006 0.998
Gyro: 0.289 0.610 0.167
Accel: 0.002 0.009 1.008
Gyro: 0.335 0.671 0.167
Accel: 0.004 0.004 1.013
Gyro: 0.289 0.732 0.152
Accel: 0.0000 0.009 1.003
Gyro: 0.228 0.625 0.106
Accel: 0.006 0.012 1.005
Gyro: 0.259 0.747 0.167
Accel: 0.003 0.007 1.013
Gyro: 0.381 0.701 0.137
Accel: 0.003 0.006 0.995
Gyro: 0.259 0.793 0.122
Accel: 0.004 0.005 1.007
Gyro: 0.274 0.732 0.152
Accel: 0.006 0.005 1.006
Gyro: 0.320 0.717 0.183
Accel: 0.004 0.007 1.003
Gyro: 0.244 0.808 0.198
Accel: 0.004 0.009 1.013
Gyro: 0.213 0.747 0.152
Accel: 0.004 0.0010 1.018
Gyro: 0.289 0.762 0.183
Accel: 0.003 0.0010 1.007
Gyro: 0.381 0.656 0.213
Accel: 0.002 0.0010 1.006
Gyro: 0.213 0.656 0.213
Accel: 0.003 0.008 1.0010
Gyro: 0.289 0.808 0.122
Accel: 0.006 0.009 1.008
Gyro: 0.259 0.793 0.183
Accel: 0.004 0.007 1.011
Gyro: 0.244 0.717 0.122
Accel: 0.006 0.008 1.014
Gyro: 0.350 0.732 0.152
Accel: 0.004 0.009 1.0001
Gyro: 0.366 0.686 0.122
Accel: 0.004 0.005 1.005
Gyro: 0.198 0.640 0.183
Accel: 0.002 0.008 1.005
Gyro: 0.350 0.778 0.122
Accel: 0.004 0.007 1.007
Gyro: 0.320 0.686 0.152
Accel: 0.005 0.007 1.008
Gyro: 0.305 0.808 0.167
Accel: 0.004 0.008 1.012
Gyro: 0.350 0.732 0.198
Accel: 0.004 0.006 1.011
Gyro: 0.289 0.549 0.122
Accel: 0.004 0.008 1.002
Gyro: 0.244 0.671 0.152
Accel: 0.006 0.008 1.007
Gyro: 0.228 0.640 0.152
Accel: 0.003 0.007 1.008
Gyro: 0.274 0.686 0.152
Accel: 0.005 0.0010 1.008
Gyro: 0.335 0.671 0.106
Accel: 0.004 0.008 1.0010
Gyro: 0.350 0.640 0.213
Accel: 0.003 0.007 1.006
Gyro: 0.244 0.732 0.137
Accel: 0.004 0.009 1.005
Gyro: 0.289 0.686 0.137
Accel: 0.003 0.008 1.003
Gyro: 0.259 0.656 0.122
Accel: 0.003 0.006 1.007
Gyro: 0.244 0.686 0.152
Accel: 0.003 0.009 1.0010
Gyro: 0.289 0.656 0.198
Accel: 0.005 0.008 1.012
Gyro: 0.305 0.656 0.183
Accel: 0.005 0.007 1.0010
Gyro: 0.289 0.717 0.122
Accel: 0.007 0.006 1.0010
Gyro: 0.289 0.717 0.122
Accel: 0.004 0.006 1.003
Gyro: 0.289 0.671 0.091
Accel: 0.003 0.0010 1.004
Gyro: 0.244 0.717 0.076
Accel: 0.002 0.008 1.0010
Gyro: 0.152 0.717 0.213
Accel: 0.004 0.007 1.0010
Gyro: 0.305 0.717 0.183
Accel: 0.004 0.009 1.008
Gyro: 0.259 0.732 0.167
Accel: 0.004 0.0010 1.012
Gyro: 0.320 0.656 0.228
Accel: 0.003 0.008 1.008
Gyro: 0.259 0.686 0.137
Accel: 0.003 0.008 1.006
Gyro: 0.274 0.656 0.198
Accel: 0.003 0.008 1.0010
Gyro: 0.289 0.656 0.198
Accel: 0.0001 0.007 1.0010
Gyro: 0.320 0.717 0.213
Accel: 0.005 0.008 1.0010
Gyro: 0.244 0.610 0.213
Accel: 0.004 0.009 1.008
Gyro: 0.289 0.610 0.198
Accel: 0.006 0.008 1.011
Gyro: 0.366 0.625 0.122
Accel: 0.004 0.008 1.005
Gyro: 0.305 0.656 0.167
Accel: 0.003 0.008 1.008
Gyro: 0.259 0.717 0.106
Accel: 0.002 0.006 1.009
Gyro: 0.320 0.656 0.122
Accel: 0.003 0.008 1.007
Gyro: 0.289 0.808 0.183
Accel: 0.004 0.008 1.014
Gyro: 0.289 0.717 0.106
Accel: 0.004 0.008 1.0010
Gyro: 0.381 0.762 0.183
Accel: 0.003 0.009 1.007
Gyro: 0.320 0.640 0.122
Accel: 0.005 0.007 1.007
Gyro: 0.320 0.686 0.183
Accel: 0.004 0.007 1.005
Gyro: 0.381 0.671 0.183
Accel: 0.004 0.008 1.003
Gyro: 0.274 0.686 0.167
Accel: 0.006 0.007 1.0010
Gyro: 0.274 0.640 0.152
Accel: 0.003 0.008 1.009
Gyro: 0.335 0.610 0.213
Accel: 0.005 0.007 1.009
Gyro: 0.274 0.701 0.137
Accel: 0.003 0.009 1.006
Gyro: 0.411 0.579 0.167
Accel: 0.004 0.008 1.005
Gyro: 0.335 0.808 0.137
Accel: 0.003 0.006 1.009
Gyro: 0.442 0.640 0.228
Accel: 0.004 0.009 1.012
Gyro: 0.320 0.595 0.152
Accel: 0.003 0.008 1.007
Gyro: 0.289 0.640 0.183
Accel: 0.004 0.007 1.0010
Gyro: 0.335 0.717 0.091
Accel: 0.004 0.007 1.0010
Gyro: 0.289 0.640 0.152
Accel: 0.003 0.006 1.004
Gyro: 0.366 0.747 0.167
Accel: 0.005 0.008 1.007
Gyro: 0.320 0.656 0.137
Accel: 0.003 0.009 1.008
Gyro: 0.366 0.625 0.213
Accel: 0.003 0.009 1.007
Gyro: 0.366 0.701 0.122
Accel: 0.004 0.0010 1.0010
Gyro: 0.274 0.747 0.213
Accel: 0.004 0.008 1.009
Gyro: 0.350 0.656 0.183
Accel: 0.003 0.009 1.005
Gyro: 0.350 0.717 0.183
Accel: 0.004 0.008 1.007
Gyro: 0.320 0.686 0.213
Accel: 0.004 0.0010 1.0010
Gyro: 0.335 0.579 0.152
