Accel: 0.427 0.280 0.835
Gyro: 17.486 -20.935 -4.516
Accel: 0.432 0.280 0.831
Gyro: 16.235 -19.088 -4.150
Accel: 0.432 0.281 0.824
Gyro: 15.243 -16.769 -3.967
Accel: 0.437 0.286 0.827
Gyro: 14.144 -14.526 -3.814
Accel: 0.437 0.289 0.818
Gyro: 12.557 -12.207 -3.448
Accel: 0.441 0.294 0.811
Gyro: 10.314 -9.384 -3.280
Accel: 0.445 0.299 0.803
Gyro: 7.431 -6.546 -2.944
Accel: 0.445 0.296 0.794
Gyro: 4.211 -3.707 -2.685
Accel: 0.446 0.292 0.795
Gyro: 0.976 3.601 -2.914
Accel: 0.443 0.293 0.799
Gyro: -2.044 2.716 -3.005
Accel: 0.440 0.295 0.810
Gyro: -4.592 5.661 -2.990
Accel: 0.440 0.294 0.820
Gyro: -6.668 8.087 -2.853
Accel: 0.436 0.295 0.830
Gyro: -8.361 10.055 -2.548
Accel: 0.433 0.288 0.840
Gyro: -9.094 11.413 -2.304
Accel: 0.431 0.285 0.852
Gyro: -9.429 12.496 -2.136
Accel: 0.427 0.283 0.858
Gyro: -9.841 13.153 -1.861
Accel: 0.425 0.277 0.862
Gyro: -10.208 13.549 -2.044
Accel: 0.424 0.277 0.869
Gyro: -10.467 13.732 -2.197
Accel: 0.418 0.270 0.878
Gyro: -10.406 13.656 -2.410
Accel: 0.415 0.266 0.886
Gyro: -9.872 13.092 -2.807
Accel: 0.414 0.266 0.898
Gyro: -8.514 12.268 -3.219
Accel: 0.408 0.260 0.908
Gyro: -6.805 10.803 -3.616
Accel: 0.407 0.261 0.914
Gyro: -4.821 9.017 -3.967
Accel: 0.406 0.263 0.915
Gyro: -2.990 7.217 -4.196
Accel: 0.402 0.264 0.914
Gyro: -1.647 5.523 -4.379
Accel: 0.402 0.270 0.908
Gyro: 0.305 3.799 -4.364
Accel: 0.403 0.273 0.902
Gyro: 1.220 2.746 -4.089
Accel: 0.401 0.275 0.895
Gyro: 2.395 1.739 -3.860
Accel: 0.403 0.276 0.889
Gyro: 3.204 1.007 -3.692
Accel: 0.404 0.277 0.887
Gyro: 3.555 0.564 -3.494
Accel: 0.403 0.278 0.884
Gyro: 3.250 0.183 -3.387
Accel: 0.401 0.280 0.888
Gyro: 2.746 0.335 -3.295
Accel: 0.403 0.286 0.885
Gyro: 2.304 0.808 -2.792
Accel: 0.400 0.283 0.885
Gyro: 2.136 -1.083 -2.441
Accel: 0.400 0.282 0.886
Gyro: 2.166 -1.419 -2.120
Accel: 0.402 0.285 0.880
Gyro: 2.639 -1.480 -1.693
Accel: 0.402 0.285 0.877
Gyro: 3.021 -1.617 -1.296
Accel: 0.403 0.284 0.887
Gyro: 3.692 -1.724 -1.007
Accel: 0.403 0.281 0.887
Gyro: 4.577 -2.120 0.686
Accel: 0.403 0.279 0.887
Gyro: 5.416 -2.441 0.503
Accel: 0.405 0.280 0.886
Gyro: 6.301 -2.990 0.564
Accel: 0.403 0.282 0.886
Gyro: 6.698 -3.585 0.564
Accel: 0.401 0.277 0.896
Gyro: 6.958 -4.577 0.656
Accel: 0.401 0.279 0.910
Gyro: 7.568 -6.149 0.991
Accel: 0.404 0.274 0.923
Gyro: 9.353 -8.300 -1.281
Accel: 0.400 0.268 0.934
Gyro: 12.634 -11.062 -1.663
Accel: 0.400 0.257 0.961
Gyro: 16.632 -15.167 -2.655
Accel: 0.398 0.253 0.978
Gyro: 21.545 -20.172 -4.165
Accel: 0.396 0.260 0.972
Gyro: 30.883 -25.665 -5.325
Accel: 0.403 0.274 0.963
Gyro: 32.394 -30.776 -5.981
Accel: 0.406 0.291 0.943
Gyro: 37.002 -35.140 -6.057
Accel: 0.412 0.302 0.909
Gyro: 40.771 -38.284 -5.737
Accel: 0.422 0.313 0.873
Gyro: 42.938 -39.978 -5.355
Accel: 0.427 0.324 0.843
Gyro: 43.426 -40.466 -5.157
Accel: 0.441 0.337 0.811
Gyro: 41.931 -39.550 -4.852
Accel: 0.449 0.341 0.783
Gyro: 38.421 -37.796 -5.126
Accel: 0.457 0.351 0.767
Gyro: 33.493 -35.049 -5.340
Accel: 0.464 0.359 0.741
Gyro: 28.106 -31.509 -5.371
Accel: 0.471 0.366 0.726
Gyro: 22.308 -27.160 -5.493
Accel: 0.474 0.370 0.725
Gyro: 16.952 -22.705 -5.569
Accel: 0.477 0.372 0.724
Gyro: 11.901 -18.280 -5.538
Accel: 0.483 0.366 0.739
Gyro: 8.132 -14.404 -5.783
Accel: 0.479 0.364 0.753
Gyro: 5.447 -11.154 -5.996
Accel: 0.478 0.367 0.762
Gyro: 3.967 -8.346 -6.057
Accel: 0.478 0.363 0.781
Gyro: 4.226 -6.179 -5.935
Accel: 0.474 0.360 0.791
Gyro: 5.935 -4.852 -5.859
Accel: 0.473 0.359 0.805
Gyro: 8.361 -4.089 -5.813
Accel: 0.473 0.363 0.819
Gyro: 10.940 -3.814 -5.645
Accel: 0.471 0.366 0.816
Gyro: 13.122 -4.028 -5.340
Accel: 0.468 0.376 0.809
Gyro: 14.648 -4.364 -4.898
Accel: 0.470 0.385 0.818
Gyro: 14.953 -4.547 -4.333
Accel: 0.465 0.390 0.814
Gyro: 13.931 -5.889 -3.753
Accel: 0.468 0.384 0.828
Gyro: 12.969 -7.446 -3.555
Accel: 0.468 0.372 0.857
Gyro: 12.908 -10.284 -3.860
Accel: 0.465 0.364 0.873
Gyro: 14.785 -13.885 -4.516
Accel: 0.464 0.357 0.881
Gyro: 18.432 -18.234 -5.416
Accel: 0.470 0.360 0.887
Gyro: 23.239 -22.354 -6.210
Accel: 0.465 0.367 0.876
Gyro: 28.411 -26.748 -6.881
Accel: 0.476 0.371 0.857
Gyro: 32.730 -30.502 -7.461
Accel: 0.478 0.384 0.827
Gyro: 36.560 -33.157 -7.720
Accel: 0.483 0.395 0.799
Gyro: 38.467 -34.790 -7.995
Accel: 0.490 0.407 0.769
Gyro: 38.436 -35.339 -8.300
Accel: 0.496 0.422 0.743
Gyro: 36.666 -34.637 -8.087
Accel: 0.502 0.433 0.720
Gyro: 34.439 -33.493 -7.797
Accel: 0.507 0.439 0.713
Gyro: 32.363 -31.845 -7.202
Accel: 0.512 0.452 0.704
Gyro: 30.242 -29.510 -6.362
Accel: 0.515 0.458 0.696
Gyro: 28.610 -27.297 -5.203
Accel: 0.514 0.449 0.689
Gyro: 26.657 -25.024 -3.433
Accel: 0.516 0.433 0.682
Gyro: 24.490 -22.323 0.823
Accel: 0.521 0.441 0.683
Gyro: 21.850 -19.912 0.854
Accel: 0.530 0.460 0.685
Gyro: 19.226 -17.395 1.007
Accel: 0.534 0.479 0.679
Gyro: 16.998 -15.106 0.595
Accel: 0.536 0.484 0.677
Gyro: 15.014 -13.092 0.167
Accel: 0.537 0.487 0.682
Gyro: 13.214 -10.803 -1.235
Accel: 0.541 0.497 0.676
Gyro: 11.642 -8.697 -1.876
Accel: 0.538 0.469 0.677
Gyro: 9.948 -6.774 -1.541
Accel: 0.538 0.466 0.684
Gyro: 8.392 -4.882 -1.693
Accel: 0.538 0.463 0.688
Gyro: 6.698 -3.433 -1.937
Accel: 0.535 0.460 0.693
Gyro: 5.340 -2.426 -2.243
Accel: 0.537 0.462 0.701
Gyro: 3.921 -1.602 -2.593
Accel: 0.535 0.467 0.704
Gyro: 2.975 0.961 -2.670
Accel: 0.532 0.466 0.704
Gyro: 2.761 0.579 -2.487
Accel: 0.535 0.473 0.706
Gyro: 2.899 0.076 -2.288
Accel: 0.531 0.475 0.706
Gyro: 2.822 0.549 -1.800
Accel: 0.530 0.471 0.705
Gyro: 2.716 0.839 -1.510
Accel: 0.531 0.473 0.711
Gyro: 2.822 1.220 -1.235
Accel: 0.530 0.471 0.714
Gyro: 2.532 1.296 -1.144
Accel: 0.530 0.471 0.712
Gyro: 2.182 1.342 -1.098
Accel: 0.532 0.471 0.707
Gyro: 2.029 1.739 -1.052
Accel: 0.530 0.475 0.693
Gyro: 1.953 2.410 0.762
Accel: 0.529 0.474 0.695
Gyro: 1.251 3.128 0.701
Accel: 0.531 0.477 0.697
Gyro: 0.289 3.936 0.610
Accel: 0.531 0.476 0.696
Gyro: -2.090 4.776 0.534
Accel: 0.527 0.477 0.695
Gyro: -3.463 5.508 0.274
Accel: 0.527 0.482 0.714
Gyro: -4.669 5.905 0.106
Accel: 0.523 0.470 0.720
Gyro: -5.355 5.645 0.488
Accel: 0.522 0.469 0.720
Gyro: -5.310 5.203 0.640
Accel: 0.523 0.468 0.735
Gyro: -5.004 4.821 0.717
Accel: 0.518 0.461 0.734
Gyro: -4.470 3.753 0.625
Accel: 0.520 0.459 0.741
Gyro: -3.570 2.929 0.274
Accel: 0.522 0.457 0.736
Gyro: -2.258 2.212 0.061
Accel: 0.519 0.454 0.732
Gyro: 0.473 1.327 0.122
Accel: 0.520 0.454 0.745
Gyro: 0.961 0.671 0.518
Accel: 0.518 0.456 0.746
Gyro: 1.541 0.549 -1.174
Accel: 0.517 0.456 0.742
Gyro: 2.212 -1.541 -1.541
Accel: 0.520 0.461 0.736
Gyro: 3.280 -2.288 -1.754
Accel: 0.522 0.468 0.726
Gyro: 4.058 -2.716 -1.693
Accel: 0.518 0.462 0.739
Gyro: 4.211 -3.616 -1.968
Accel: 0.520 0.460 0.741
Gyro: 4.257 -4.669 -2.243
Accel: 0.525 0.457 0.726
Gyro: -1.708 1.296 0.122
Accel: 0.522 0.459 0.726
Gyro: -1.190 1.083 0.305
Accel: 0.527 0.460 0.728
Gyro: 0.686 0.915 0.350
Accel: 0.521 0.461 0.724
Gyro: 0.259 0.595 0.228
Accel: 0.524 0.464 0.727
Gyro: 0.274 0.381 0.167
Accel: 0.523 0.467 0.738
Gyro: 0.839 0.030 0.045
Accel: 0.521 0.466 0.737
Gyro: 1.876 0.610 0.442
Accel: 0.523 0.463 0.730
Gyro: 3.631 -1.037 0.625
Accel: 0.526 0.463 0.723
Gyro: 5.279 -1.129 0.885
Accel: 0.525 0.473 0.715
Gyro: 5.722 0.762 1.464
Accel: 0.528 0.478 0.699
Gyro: 5.065 3.890 2.120
Accel: 0.528 0.488 0.703
Gyro: 2.700 0.747 3.005
Accel: 0.518 0.491 0.700
Gyro: 0.442 1.510 4.028
Accel: 0.525 0.491 0.703
Gyro: -3.524 2.014 5.157
Accel: 0.520 0.495 0.702
Gyro: -6.301 2.716 6.668
Accel: 0.522 0.489 0.706
Gyro: -8.377 3.128 7.949
Accel: 0.522 0.486 0.726
Gyro: -9.689 3.204 9.429
Accel: 0.522 0.483 0.716
Gyro: -9.902 3.448 10.681
Accel: 0.522 0.472 0.717
Gyro: -9.078 3.829 11.947
Accel: 0.523 0.461 0.732
Gyro: -8.132 3.967 12.603
Accel: 0.521 0.458 0.728
Gyro: -7.644 3.921 13.076
Accel: 0.524 0.449 0.742
Gyro: -6.668 3.250 13.397
Accel: 0.527 0.434 0.764
Gyro: -5.752 2.029 12.908
Accel: 0.525 0.430 0.781
Gyro: -4.791 0.473 12.130
Accel: 0.522 0.435 0.795
Gyro: -3.387 -3.372 11.779
Accel: 0.527 0.442 0.828
Gyro: -1.464 -11.581 12.176
Accel: 0.516 0.407 0.814
Gyro: 1.007 -12.756 15.823
Accel: 0.502 0.360 0.789
Gyro: 7.629 -16.860 23.071
Accel: 0.506 0.437 0.770
Gyro: 5.569 -19.393 29.815
Accel: 0.533 0.391 0.751
Gyro: 5.294 -21.240 36.117
Accel: 0.562 0.403 0.732
Gyro: 2.075 -22.247 46.218
Accel: 0.616 0.426 0.777
Gyro: -2.319 -19.241 49.545
Accel: 0.704 0.452 0.836
Gyro: -8.209 -4.760 56.701
Accel: 0.799 0.467 0.906
Gyro: -18.844 10.986 63.217
Accel: 0.859 0.489 0.969
Gyro: -26.824 25.238 67.825
Accel: 0.906 0.503 1.026
Gyro: -28.488 44.113 70.541
Accel: 0.948 0.507 1.077
Gyro: -29.220 58.914 70.587
Accel: 0.982 0.496 1.120
Gyro: -24.749 68.603 67.901
Accel: 1.029 0.479 1.155
Gyro: -16.128 73.272 62.469
Accel: 1.063 0.473 1.178
Gyro: -4.348 75.683 54.229
Accel: 1.068 0.479 1.186
Gyro: 9.658 77.590 39.672
Accel: 1.058 0.484 1.176
Gyro: 26.275 78.582 27.770
Accel: 1.029 0.490 1.145
Gyro: 35.568 79.040 19.363
Accel: 1.0000 0.490 1.106
Gyro: 50.384 78.384 7.705
Accel: 0.992 0.478 1.071
Gyro: 54.687 77.270 -3.295
Accel: 0.977 0.476 1.034
Gyro: 60.791 77.072 -14.053
Accel: 0.878 0.478 0.993
Gyro: 65.536 77.331 -25.070
Accel: 0.886 0.486 0.946
Gyro: 69.107 76.995 -35.247
Accel: 0.823 0.492 0.896
Gyro: 72.326 74.600 -50.552
Accel: 0.751 0.497 0.854
Gyro: 75.027 69.625 -58.700
Accel: 0.690 0.491 0.750
Gyro: 77.301 58.731 -70.953
Accel: 0.645 0.483 0.785
Gyro: 79.864 53.649 -82.901
Accel: 0.612 0.477 0.779
Gyro: 83.206 44.265 -94.940
Accel: 0.582 0.473 0.784
Gyro: 88.302 35.629 -107.559
Accel: 0.544 0.466 0.792
Gyro: 95.092 27.603 -119.979
Accel: 0.520 0.450 0.786
Gyro: 101.821 20.965 -129.348
Accel: 0.496 0.423 0.774
Gyro: 108.276 15.594 -138.168
Accel: 0.456 0.408 0.757
Gyro: 114.456 11.703 -148.178
Accel: 0.436 0.392 0.735
Gyro: 119.018 8.743 -147.384
Accel: 0.449 0.385 0.720
Gyro: 122.436 7.080 -149.703
Accel: 0.455 0.402 0.711
Gyro: 125.320 7.293 -153.259
Accel: 0.462 0.427 0.710
Gyro: 129.013 9.094 -159.149
Accel: 0.441 0.459 0.698
Gyro: 133.422 11.032 -166.503
Accel: 0.416 0.481 0.675
Gyro: 138.549 13.427 -174.392
Accel: 0.382 0.490 0.638
Gyro: 144.256 15.472 -181.030
Accel: 0.346 0.482 0.592
Gyro: 149.169 15.808 -191.207
Accel: 0.325 0.469 0.550
Gyro: 152.160 15.274 -192.184
Accel: 0.315 0.474 0.512
Gyro: 153.533 14.709 -196.655
Accel: 0.290 0.488 0.476
Gyro: 154.113 15.625 -202.346
Accel: 0.249 0.503 0.439
Gyro: 153.198 16.342 -208.572
Accel: 0.212 0.510 0.405
Gyro: 151.397 16.693 -214.614
Accel: 0.173 0.514 0.371
Gyro: 150.466 18.615 -220.474
Accel: 0.113 0.514 0.326
Gyro: 150.497 21.255 -225.341
Accel: 0.040 0.499 0.271
Gyro: 150.726 23.071 -229.537
Accel: 0.037 0.472 0.212
Gyro: 150.405 23.376 -231.201
Accel: 0.128 0.450 0.139
Gyro: 148.269 22.171 -229.400
Accel: 0.216 0.442 0.071
Gyro: 143.173 19.485 -223.541
Accel: 0.290 0.445 0.009
Gyro: 135.040 15.548 -213.699
Accel: 0.357 0.461 0.047
Gyro: 123.825 10.635 -200.546
Accel: 0.424 0.486 0.104
Gyro: 110.488 4.196 -185.363
Accel: 0.481 0.511 0.146
Gyro: 95.397 -6.439 -169.845
Accel: 0.538 0.524 0.178
Gyro: 79.238 -22.232 -153.121
Accel: 0.603 0.539 0.203
Gyro: 62.896 -41.549 -144.485
Accel: 0.670 0.555 0.214
Gyro: 47.073 -64.392 -129.226
Accel: 0.743 0.576 0.211
Gyro: 33.721 -83.190 -117.630
Accel: 0.807 0.594 0.194
Gyro: 19.012 -106.674 -108.840
Accel: 0.866 0.608 0.167
Gyro: 3.890 -128.448 -93.978
Accel: 0.928 0.594 0.139
Gyro: -15.136 -148.147 -76.690
Accel: 0.985 0.560 0.099
Gyro: -26.046 -166.152 -55.618
Accel: -1.023 0.506 0.063
Gyro: -39.749 -181.579 -30.502
Accel: -1.032 0.436 0.011
Gyro: -53.054 -197.555 -3.662
Accel: 0.975 0.365 0.120
Gyro: -65.872 -211.593 36.666
Accel: 0.888 0.313 0.299
Gyro: -74.951 -221.389 79.727
Accel: 0.789 0.272 0.377
Gyro: -77.499 -221.557 122.146
Accel: 0.705 0.248 0.516
Gyro: -73.226 -210.891 168.655
Accel: 0.656 0.245 0.629
Gyro: -62.164 -191.970 212.738
Accel: 0.583 0.231 0.761
Gyro: -46.310 -173.339 252.044
Accel: 0.345 0.203 0.814
Gyro: -33.966 -156.234 286.331
Accel: 0.074 0.180 0.907
Gyro: -26.809 -137.496 315.856
Accel: 0.229 0.203 0.982
Gyro: -22.476 -107.666 339.477
Accel: 0.407 0.291 1.037
Gyro: -19.714 -67.504 343.856
Accel: 0.469 0.426 1.116
Gyro: -19.866 -27.481 335.800
Accel: 0.570 0.520 1.164
Gyro: -24.719 2.868 315.780
Accel: 0.706 0.581 1.197
Gyro: -31.341 24.642 289.535
Accel: 0.765 0.649 1.226
Gyro: -34.851 47.973 260.162
Accel: 0.760 0.709 1.233
Gyro: -35.354 66.345 230.239
Accel: 0.722 0.720 1.214
Gyro: -32.882 79.788 203.948
Accel: 0.703 0.702 1.196
Gyro: -27.206 88.058 183.319
Accel: 0.672 0.701 1.145
Gyro: -18.646 94.177 165.161
Accel: 0.625 0.705 1.097
Gyro: -8.361 96.511 157.623
Accel: 0.591 0.702 1.031
Gyro: 2.014 96.054 151.077
Accel: 0.562 0.698 0.973
Gyro: 15.289 93.399 148.208
Accel: 0.533 0.707 0.913
Gyro: 26.519 87.738 147.521
Accel: 0.524 0.709 0.854
Gyro: 33.721 78.491 147.399
Accel: 0.545 0.717 0.810
Gyro: 44.586 66.543 146.224
Accel: 0.624 0.751 0.780
Gyro: 55.892 53.741 142.333
Accel: 0.610 0.801 0.773
Gyro: 67.855 39.596 135.513
Accel: 0.628 0.879 0.791
Gyro: 82.580 26.092 117.843
Accel: 0.618 0.956 0.804
Gyro: 101.486 15.274 103.729
Accel: 0.613 0.987 0.792
Gyro: 124.725 5.523 85.098
Accel: 0.607 0.980 0.691
Gyro: 142.089 -7.003 67.626
Accel: 0.597 0.948 0.693
Gyro: 160.675 -12.542 52.566
Accel: 0.593 0.922 0.640
Gyro: 176.345 -22.277 40.924
Accel: 0.602 0.925 0.600
Gyro: 190.353 -30.273 29.861
Accel: 0.576 0.955 0.563
Gyro: 204.742 -35.903 18.524
Accel: 0.546 0.973 0.509
Gyro: 219.619 -40.222 4.989
Accel: 0.496 0.988 0.428
Gyro: 233.505 -42.419 -1.373
Accel: 0.422 0.998 0.255
Gyro: 242.034 -45.410 -10.055
Accel: 0.353 0.987 0.199
Gyro: 243.972 -49.682 -16.143
Accel: 0.298 0.959 0.089
Gyro: 240.295 -54.153 -18.920
Accel: 0.243 0.935 0.002
Gyro: 231.674 -58.853 -18.997
Accel: 0.185 0.911 0.060
Gyro: 220.703 -63.781 -18.936
Accel: 0.076 0.912 0.113
Gyro: 210.067 -67.398 -18.432
Accel: 0.070 0.928 0.135
Gyro: 199.752 -71.426 -16.433
Accel: 0.233 0.947 0.142
Gyro: 190.429 -75.531 -7.858
Accel: 0.369 0.926 0.144
Gyro: 183.425 -77.163 -4.959
Accel: 0.469 0.871 0.139
Gyro: 178.527 -77.545 4.547
Accel: 0.528 0.796 0.141
Gyro: 173.751 -76.675 17.562
Accel: 0.555 0.699 0.145
Gyro: 167.098 -73.501 33.996
Accel: 0.536 0.583 0.133
Gyro: 158.813 -69.473 53.604
Accel: 0.461 0.471 0.081
Gyro: 149.185 -66.589 76.004
Accel: 0.417 0.437 0.0010
Gyro: 141.174 -61.172 100.875
Accel: 0.395 0.447 0.068
Gyro: 138.793 -50.872 127.441
Accel: 0.322 0.470 0.154
Gyro: 142.440 -36.178 150.817
Accel: 0.131 0.481 0.232
Gyro: 152.313 -26.657 165.328
Accel: 0.079 0.613 0.285
Gyro: 165.924 -5.294 175.674
Accel: 0.263 0.739 0.373
Gyro: 186.187 10.665 174.697
Accel: 0.457 0.771 0.314
Gyro: 199.356 19.561 160.781
Accel: 0.652 0.842 0.281
Gyro: 219.009 31.005 139.282
Accel: 0.918 0.879 0.180
Gyro: 239.105 39.459 118.713
Accel: 1.088 0.906 0.031
Gyro: 253.753 41.534 99.990
Accel: 1.270 0.963 0.142
Gyro: 260.482 37.490 78.475
Accel: 1.375 1.027 0.301
Gyro: 259.277 24.185 58.624
Accel: 1.445 1.052 0.416
Gyro: 253.387 11.749 41.412
Accel: 1.461 1.080 0.514
Gyro: 249.450 4.989 21.148
Accel: 1.503 1.052 0.684
Gyro: 250.350 -1.022 3.601
Accel: 1.522 1.0010 0.751
Gyro: 255.462 -4.943 -10.345
Accel: 1.484 0.987 0.916
Gyro: 260.559 -7.843 -22.293
Accel: 1.422 0.971 -1.103
Gyro: 263.214 -12.832 -33.523
Accel: 1.340 0.961 -1.308
Gyro: 261.627 -22.003 -48.233
Accel: 1.262 0.930 -1.500
Gyro: 253.952 -38.406 -64.102
Accel: 1.231 0.863 -1.675
Gyro: 239.547 -58.868 -85.586
Accel: 1.243 0.768 -1.781
Gyro: 211.547 -85.632 -96.191
Accel: 1.245 0.670 -1.830
Gyro: 175.933 -112.014 -105.712
Accel: 1.171 0.565 -1.798
Gyro: 141.113 -135.009 -110.626
Accel: 1.106 0.551 -1.702
Gyro: 113.647 -149.353 -112.457
Accel: 1.047 0.479 -1.599
Gyro: 104.568 -159.164 -112.655
Accel: 1.034 0.372 -1.549
Gyro: 106.430 -162.841 -113.189
Accel: 1.047 0.245 -1.593
Gyro: 116.180 -165.374 -116.882
Accel: 1.041 0.118 -1.699
Gyro: 125.564 -172.012 -121.780
Accel: 0.985 0.027 -1.840
Gyro: 129.852 -187.667 -125.579
Accel: 0.927 0.097 -1.958
Gyro: 125.671 -213.973 -127.288
Accel: 0.841 0.228 -2.020
Gyro: 115.554 -244.842 -124.404
Accel: 0.763 0.367 -2.049
Gyro: 102.813 -266.632 -116.485
Accel: 0.746 0.510 -2.032
Gyro: 83.770 -286.712 -103.439
Accel: 0.761 0.668 -1.961
Gyro: 72.448 -289.367 -85.693
Accel: 0.791 0.775 -1.787
Gyro: 58.593 -286.026 -62.637
Accel: 0.856 0.904 -1.760
Gyro: 40.802 -280.075 -38.955
Accel: 0.834 0.930 -1.725
Gyro: 15.365 -268.753 -14.114
Accel: 0.762 0.930 -1.680
Gyro: -12.344 -259.979 8.361
Accel: 0.755 0.963 -1.621
Gyro: -37.872 -255.020 29.953
Accel: 0.765 0.973 -1.539
Gyro: -60.821 -255.157 49.072
Accel: 0.768 0.974 -1.462
Gyro: -81.314 -258.239 65.902
Accel: 0.733 0.969 -1.315
Gyro: -98.373 -263.351 75.378
Accel: 0.680 0.957 -1.264
Gyro: -117.263 -269.760 87.081
Accel: 0.646 0.955 -1.142
Gyro: -133.071 -272.094 97.427
Accel: 0.573 0.940 -1.002
Gyro: -147.735 -270.172 105.636
Accel: 0.437 0.933 0.886
Gyro: -156.509 -269.332 114.013
Accel: 0.383 0.924 0.751
Gyro: -165.756 -266.098 122.619
Accel: 0.366 0.921 0.617
Gyro: -172.271 -261.947 132.003
Accel: 0.319 0.911 0.482
Gyro: -175.781 -258.087 146.957
Accel: 0.270 0.901 0.340
Gyro: -176.391 -255.645 163.360
Accel: 0.216 0.869 0.243
Gyro: -174.194 -255.630 180.511
Accel: 0.147 0.817 0.071
Gyro: -169.265 -257.156 209.213
Accel: 0.160 0.797 0.020
Gyro: -158.920 -258.407 230.377
Accel: 0.237 0.774 0.084
Gyro: -142.913 -256.179 252.319
Accel: 0.248 0.634 0.178
Gyro: -119.110 -250.274 269.042
Accel: 0.203 0.547 0.249
Gyro: -103.302 -241.394 280.975
Accel: 0.065 0.391 0.299
Gyro: -86.059 -225.463 287.078
Accel: 0.102 0.302 0.354
Gyro: -69.580 -202.224 285.339
Accel: 0.117 0.244 0.411
Gyro: -54.840 -176.788 279.449
Accel: 0.169 0.218 0.443
Gyro: -41.824 -150.299 271.850
Accel: 0.209 0.198 0.434
Gyro: -31.494 -131.057 264.999
Accel: 0.201 0.162 0.427
Gyro: -28.091 -120.727 263.046
Accel: 0.228 0.099 0.456
Gyro: -30.090 -125.259 267.105
Accel: 0.244 0.095 0.484
Gyro: -29.708 -132.369 270.584
Accel: 0.287 0.081 0.594
Gyro: -25.207 -135.467 270.004
Accel: 0.318 0.119 0.726
Gyro: -12.924 -138.336 267.700
Accel: 0.318 0.141 0.820
Gyro: 8.483 -139.938 266.708
Accel: 0.345 0.185 0.896
Gyro: 40.451 -140.991 272.994
Accel: 0.451 0.203 0.962
Gyro: 78.689 -141.845 275.787
Accel: 0.550 0.115 1.003
Gyro: 115.661 -133.453 288.696
Accel: 0.647 0.029 1.041
Gyro: 148.101 -115.585 289.199
Accel: 0.781 0.115 1.057
Gyro: 171.432 -84.442 286.163
Accel: 0.993 0.158 1.064
Gyro: 180.404 -47.302 276.199
Accel: 1.172 0.309 1.034
Gyro: 186.706 0.762 259.475
Accel: 1.331 0.304 0.956
Gyro: 190.658 50.231 235.855
Accel: 1.504 0.397 0.887
Gyro: 194.458 99.746 210.510
Accel: 1.694 0.399 0.815
Gyro: 201.263 154.434 184.906
Accel: 1.913 0.325 0.684
Gyro: 205.764 214.309 170.669
Accel: 2.087 0.288 0.560
Gyro: 198.745 270.034 163.848
Accel: 2.296 0.192 0.429
Gyro: 183.578 335.464 166.397
Accel: 2.492 0.122 0.251
Gyro: 156.509 396.591 175.979
Accel: 2.602 0.147 0.239
Gyro: 126.052 440.994 190.887
Accel: 2.658 0.188 0.218
Gyro: 92.346 481.307 203.491
Accel: 2.666 0.220 0.272
Gyro: 68.572 499.984 210.433
Accel: 2.563 0.270 0.370
Gyro: 53.756 499.984 213.836
Accel: 2.578 0.257 0.484
Gyro: 57.434 499.984 212.966
Accel: 2.562 0.192 0.567
Gyro: 80.139 499.130 208.343
Accel: 2.519 0.116 0.592
Gyro: 117.721 464.691 201.568
Accel: 2.419 0.039 0.575
Gyro: 161.285 417.068 188.262
Accel: 2.346 0.045 0.517
Gyro: 208.786 366.134 184.555
Accel: 2.340 0.105 0.431
Gyro: 252.136 324.371 181.274
Accel: 2.374 0.127 0.333
Gyro: 278.213 288.681 175.415
Accel: 2.362 0.099 0.236
Gyro: 292.709 259.124 162.017
Accel: 2.305 0.046 0.177
Gyro: 292.068 231.933 140.869
Accel: 2.254 0.002 0.167
Gyro: 281.875 204.421 114.257
Accel: 2.189 0.031 0.175
Gyro: 268.844 179.824 87.738
Accel: 2.107 0.005 0.207
Gyro: 260.574 154.418 62.973
Accel: 2.048 0.083 0.253
Gyro: 261.184 130.584 44.174
Accel: 2.020 0.145 0.288
Gyro: 270.462 115.371 37.246
Accel: 2.030 0.237 0.290
Gyro: 286.788 103.225 28.274
Accel: 2.094 0.336 0.267
Gyro: 302.658 94.985 17.150
Accel: 2.155 0.371 0.238
Gyro: 311.538 85.571 4.592
Accel: 2.172 0.376 0.203
Gyro: 315.963 78.186 -10.971
Accel: 2.155 0.375 0.170
Gyro: 317.642 73.165 -30.792
Accel: 2.151 0.363 0.140
Gyro: 318.420 72.357 -46.142
Accel: 2.135 0.336 0.113
Gyro: 321.273 76.095 -53.009
Accel: 2.140 0.281 0.076
Gyro: 325.378 83.786 -59.555
Accel: 2.119 0.218 0.020
Gyro: 329.086 95.306 -66.406
Accel: 2.096 0.174 0.050
Gyro: 329.177 112.457 -77.392
Accel: 2.053 0.134 0.143
Gyro: 323.486 123.748 -90.347
Accel: 2.016 0.102 0.235
Gyro: 309.509 139.663 -103.012
Accel: 2.013 0.085 0.300
Gyro: 288.604 153.076 -116.760
Accel: 2.027 0.086 0.321
Gyro: 267.135 165.969 -133.346
Accel: 1.945 0.054 0.332
Gyro: 247.024 174.987 -155.334
Accel: 1.883 0.0010 0.259
Gyro: 230.941 173.614 -172.760
Accel: 1.780 0.008 0.164
Gyro: 226.501 165.771 -196.105
Accel: 1.714 0.019 0.027
Gyro: 235.717 152.481 -224.426
Accel: 1.644 0.052 0.0000
Gyro: 264.892 150.268 -241.409
Accel: 1.616 0.113 0.039
Gyro: 296.493 155.990 -257.232
Accel: 1.545 0.141 0.226
Gyro: 306.945 158.370 -265.640
Accel: 1.522 0.138 0.399
Gyro: 296.142 155.609 -269.485
Accel: 1.530 0.144 0.531
Gyro: 266.281 153.366 -270.156
Accel: 1.466 0.140 0.632
Gyro: 224.975 153.762 -269.241
Accel: 1.395 0.143 0.681
Gyro: 178.970 156.250 -265.335
Accel: 1.309 0.138 0.695
Gyro: 133.850 161.437 -251.235
Accel: 1.206 0.083 0.714
Gyro: 94.818 179.321 -232.116
Accel: 1.160 0.011 0.712
Gyro: 59.234 186.157 -206.893
Accel: 1.101 0.155 0.711
Gyro: 33.691 188.110 -173.583
Accel: 0.979 0.280 0.729
Gyro: 14.770 189.971 -143.844
Accel: 0.847 0.396 0.762
Gyro: 2.349 186.660 -115.310
Accel: 0.692 0.499 0.831
Gyro: -8.758 174.926 -86.959
Accel: 0.737 0.557 0.895
Gyro: -23.574 149.581 -58.776
Accel: 0.778 0.599 0.916
Gyro: -43.365 106.781 -33.386
Accel: 0.839 0.658 0.884
Gyro: -63.674 53.024 -14.022
Accel: 0.988 0.717 0.782
Gyro: -78.948 -17.852 4.058
Accel: 1.027 0.839 0.663
Gyro: -86.654 -84.945 8.300
Accel: 0.980 1.019 0.548
Gyro: -81.192 -130.447 -5.218
Accel: 1.0010 1.158 0.424
Gyro: -68.206 -174.453 -26.062
Accel: 1.186 1.175 0.291
Gyro: -56.594 -217.208 -44.677
Accel: 1.322 1.155 0.085
Gyro: -45.974 -264.495 -62.896
Accel: 1.490 1.248 0.184
Gyro: -22.033 -309.143 -92.987
Accel: 1.484 1.407 0.442
Gyro: 26.824 -343.017 -134.262
Accel: 1.485 1.374 0.560
Gyro: 87.173 -373.825 -171.157
Accel: 1.516 1.238 0.443
Gyro: 132.629 -389.358 -186.523
Accel: 1.447 1.195 0.361
Gyro: 148.620 -396.697 -189.559
Accel: 1.392 1.178 0.244
Gyro: 134.674 -393.432 -184.753
Accel: 1.378 1.155 0.191
Gyro: 105.880 -381.423 -178.497
Accel: 1.361 1.142 0.202
Gyro: 69.366 -363.906 -173.889
Accel: 1.376 1.106 0.268
Gyro: 40.435 -341.384 -171.203
Accel: 1.383 1.081 0.335
Gyro: 20.324 -310.791 -172.714
Accel: 1.381 1.053 0.330
Gyro: 4.364 -269.866 -182.632
Accel: 1.449 0.934 0.409
Gyro: -15.731 -231.826 -192.047
Accel: 1.265 0.879 0.308
Gyro: -42.694 -191.741 -213.531
Accel: 1.162 0.694 0.193
Gyro: -71.502 -156.372 -230.743
Accel: 0.995 0.543 0.092
Gyro: -100.921 -130.142 -251.312
Accel: 0.762 0.334 0.055
Gyro: -127.044 -117.431 -266.143
Accel: 0.607 0.105 0.098
Gyro: -137.252 -117.095 -275.344
Accel: 0.272 0.079 0.140
Gyro: -136.962 -139.022 -275.802
Accel: 0.055 0.235 0.136
Gyro: -122.863 -182.052 -262.695
Accel: 0.170 0.381 0.119
Gyro: -96.313 -233.795 -237.548
Accel: 0.244 0.517 0.094
Gyro: -63.308 -281.188 -206.237
Accel: 0.353 0.537 0.077
Gyro: -32.318 -325.225 -166.290
Accel: 0.402 0.611 0.081
Gyro: -2.731 -365.615 -117.523
Accel: 0.489 0.678 0.080
Gyro: 26.947 -412.673 -79.833
Accel: 0.614 0.709 0.034
Gyro: 56.152 -465.225 -33.645
Accel: 0.692 0.756 0.043
Gyro: 92.788 -499.969 12.649
Accel: 0.708 0.803 0.149
Gyro: 135.055 -499.969 57.846
Accel: 0.613 0.846 0.272
Gyro: 180.130 -499.969 101.821
Accel: 0.444 0.865 0.378
Gyro: 217.788 -499.969 146.804
Accel: 0.248 0.854 0.469
Gyro: 246.398 -499.969 193.130
Accel: 0.046 0.802 0.549
Gyro: 264.602 -499.969 240.524
Accel: 0.177 0.706 0.579
Gyro: 273.468 -499.969 286.621
Accel: 0.384 0.505 0.685
Gyro: 270.996 -495.910 323.364
Accel: 0.461 0.350 0.565
Gyro: 248.748 -425.292 352.279
Accel: 0.505 0.074 0.633
Gyro: 214.218 -358.184 367.065
Accel: 0.563 0.081 0.663
Gyro: 167.236 -278.091 370.315
Accel: 0.657 0.266 0.726
Gyro: 105.758 -194.427 364.318
Accel: 0.790 0.363 0.740
Gyro: 45.379 -101.333 349.029
Accel: 0.791 0.491 0.839
Gyro: -4.455 -22.384 328.323
Accel: 0.821 0.537 0.975
Gyro: -37.033 49.880 316.375
Accel: 0.867 0.476 1.089
Gyro: -46.386 105.834 306.823
Accel: 0.878 0.414 1.141
Gyro: -37.887 146.850 303.939
Accel: 0.919 0.331 1.170
Gyro: -18.981 164.077 307.815
Accel: 1.056 0.260 1.109
Gyro: 10.086 173.797 312.484
Accel: 1.062 0.418 1.033
Gyro: 28.137 175.247 312.515
Accel: 1.110 0.281 0.935
Gyro: 41.412 170.013 311.965
Accel: 1.246 0.305 0.895
Gyro: 45.761 160.797 309.143
Accel: 1.299 0.314 0.885
Gyro: 46.463 152.679 304.275
Accel: 1.407 0.340 0.917
Gyro: 47.790 147.506 295.684
Accel: 1.517 0.373 0.970
Gyro: 52.047 142.211 283.386
Accel: 1.588 0.394 1.019
Gyro: 59.814 138.473 268.005
Accel: 1.652 0.385 1.063
Gyro: 72.052 135.086 251.571
Accel: 1.749 0.384 1.084
Gyro: 86.959 133.789 235.549
Accel: 1.708 0.312 1.088
Gyro: 101.959 131.958 221.557
Accel: 1.783 0.311 1.098
Gyro: 116.195 131.637 211.425
Accel: 1.898 0.252 1.108
Gyro: 130.081 136.779 206.176
Accel: 2.015 0.225 1.114
Gyro: 141.586 148.803 201.889
Accel: 2.105 0.233 1.108
Gyro: 149.215 167.327 193.740
Accel: 2.143 0.277 1.083
Gyro: 152.450 191.207 177.963
Accel: 2.164 0.298 1.089
Gyro: 152.175 213.439 150.955
Accel: 2.153 0.294 1.054
Gyro: 144.638 234.115 128.158
Accel: 2.122 0.281 0.965
Gyro: 143.554 249.526 103.775
Accel: 2.073 0.239 0.943
Gyro: 139.770 257.263 83.999
Accel: 1.997 0.166 0.916
Gyro: 144.287 263.595 70.205
Accel: 1.899 0.092 0.877
Gyro: 146.728 262.390 62.484
Accel: 1.835 0.0001 0.830
Gyro: 157.699 255.050 59.478
Accel: 1.814 0.070 0.780
Gyro: 170.944 244.537 59.234
Accel: 1.846 0.120 0.734
Gyro: 183.959 230.758 59.402
Accel: 1.872 0.122 0.684
Gyro: 194.458 226.257 56.549
Accel: 1.851 0.093 0.620
Gyro: 200.027 219.589 49.468
Accel: 1.805 0.025 0.502
Gyro: 201.904 213.745 39.230
Accel: 1.736 0.123 0.517
Gyro: 199.584 208.328 26.565
Accel: 1.672 0.184 0.489
Gyro: 195.205 201.766 11.184
Accel: 1.606 0.144 0.467
Gyro: 189.895 194.931 -5.905
Accel: 1.526 0.140 0.450
Gyro: 185.028 187.866 -21.072
Accel: 1.440 0.116 0.434
Gyro: 181.365 180.877 -30.364
Accel: 1.399 0.068 0.411
Gyro: 178.314 174.682 -35.995
Accel: 1.408 0.022 0.394
Gyro: 174.179 164.520 -37.338
Accel: 1.437 0.039 0.382
Gyro: 167.724 157.989 -34.545
Accel: 1.383 0.150 0.388
Gyro: 157.958 144.378 -30.639
Accel: 1.250 0.270 0.405
Gyro: 147.460 131.103 -30.075
Accel: 1.261 0.433 0.430
Gyro: 133.300 118.606 -31.997
Accel: 1.237 0.441 0.465
Gyro: 127.288 105.636 -32.669
Accel: 1.285 0.473 0.518
Gyro: 120.223 93.688 -29.342
Accel: 1.363 0.523 0.568
Gyro: 117.492 84.411 -24.719
Accel: 1.409 0.622 0.605
Gyro: 117.324 77.713 -22.018
Accel: 1.416 0.736 0.628
Gyro: 117.065 71.350 -25.680
Accel: 1.459 0.804 0.652
Gyro: 117.324 65.216 -36.865
Accel: 1.492 0.875 0.662
Gyro: 119.293 60.180 -53.115
Accel: 1.468 0.954 0.655
Gyro: 124.053 56.198 -70.648
Accel: 1.424 1.0000 0.625
Gyro: 130.249 51.086 -88.226
Accel: 1.410 0.997 0.580
Gyro: 136.917 44.540 -105.667
Accel: 1.427 0.965 0.511
Gyro: 142.547 36.743 -122.802
Accel: 1.420 0.940 0.443
Gyro: 145.599 27.679 -138.442
Accel: 1.402 0.903 0.375
Gyro: 146.606 17.715 -159.866
Accel: 1.362 0.858 0.325
Gyro: 147.491 1.159 -171.951
Accel: 1.307 0.819 0.265
Gyro: 149.291 -8.422 -184.829
Accel: 1.258 0.788 0.209
Gyro: 152.542 -24.307 -195.205
Accel: 1.211 0.770 0.151
Gyro: 160.003 -42.587 -206.0100
Accel: 1.148 0.744 0.098
Gyro: 157.394 -60.745 -217.880
Accel: 1.103 0.697 0.048
Gyro: 155.792 -76.675 -228.103
Accel: 1.046 0.649 0.0000
Gyro: 152.206 -89.309 -234.954
Accel: 0.982 0.599 0.050
Gyro: 146.163 -98.754 -238.372
Accel: 0.907 0.561 0.101
Gyro: 136.810 -105.957 -239.456
Accel: 0.854 0.528 0.143
Gyro: 126.373 -110.778 -234.512
Accel: 0.780 0.531 0.196
Gyro: 115.737 -113.327 -236.221
Accel: 0.714 0.535 0.240
Gyro: 101.211 -112.655 -234.680
Accel: 0.670 0.529 0.281
Gyro: 84.075 -107.482 -234.909
Accel: 0.636 0.518 0.333
Gyro: 65.109 -98.754 -233.413
Accel: 0.599 0.414 0.360
Gyro: 44.815 -89.004 -235.626
Accel: 0.576 0.335 0.403
Gyro: 24.948 -79.940 -242.828
Accel: 0.482 0.327 0.428
Gyro: 3.967 -78.231 -245.712
Accel: 0.414 0.261 0.431
Gyro: -14.465 -80.612 -245.407
Accel: 0.374 0.158 0.429
Gyro: -29.403 -84.625 -244.934
Accel: 0.301 0.123 0.420
Gyro: -40.664 -96.832 -241.348
Accel: 0.222 0.093 0.400
Gyro: -51.406 -105.895 -234.466
Accel: 0.175 0.034 0.367
Gyro: -59.158 -120.956 -226.242
Accel: 0.065 0.012 0.330
Gyro: -63.507 -137.771 -216.506
Accel: 0.080 0.053 0.287
Gyro: -65.704 -155.059 -204.833
Accel: 0.049 0.104 0.240
Gyro: -67.367 -170.745 -192.489
Accel: 0.017 0.149 0.192
Gyro: -69.351 -185.104 -176.971
Accel: 0.012 0.181 0.143
Gyro: -71.853 -198.516 -167.098
Accel: 0.013 0.192 0.099
Gyro: -75.027 -214.263 -148.956
Accel: 0.018 0.196 0.041
Gyro: -77.682 -223.526 -136.917
Accel: 0.063 0.199 0.017
Gyro: -78.857 -235.824 -131.958
Accel: 0.103 0.196 0.065
Gyro: -76.980 -246.917 -124.313
Accel: 0.145 0.193 0.123
Gyro: -72.723 -258.544 -116.363
Accel: 0.180 0.201 0.180
Gyro: -66.589 -269.393 -106.048
Accel: 0.199 0.216 0.251
Gyro: -57.769 -278.854 -92.391
Accel: 0.219 0.230 0.319
Gyro: -48.034 -285.995 -77.575
Accel: 0.231 0.247 0.388
Gyro: -40.664 -292.984 -55.007
Accel: 0.221 0.282 0.445
Gyro: -37.124 -298.538 -35.430
Accel: 0.178 0.318 0.521
Gyro: -36.590 -302.566 -18.630
Accel: 0.102 0.345 0.597
Gyro: -37.643 -300.613 2.883
Accel: 0.045 0.354 0.746
Gyro: -40.634 -291.870 23.483
Accel: 0.034 0.328 0.768
Gyro: -47.912 -277.709 42.388
Accel: 0.072 0.293 0.860
Gyro: -60.653 -261.306 59.417
Accel: 0.107 0.281 0.963
Gyro: -75.256 -245.452 75.531
Accel: 0.180 0.292 1.016
Gyro: -87.539 -232.391 91.262
Accel: 0.225 0.277 1.132
Gyro: -96.847 -222.259 110.626
Accel: 0.177 0.320 1.299
Gyro: -99.929 -216.522 136.642
Accel: 0.025 0.326 1.423
Gyro: -100.280 -205.215 159.713
Accel: 0.124 0.302 1.618
Gyro: -102.844 -187.026 176.269
Accel: 0.255 0.259 1.744
Gyro: -109.634 -163.208 191.223
Accel: 0.330 0.129 1.813
Gyro: -120.834 -132.431 200.576
Accel: 0.342 0.122 1.922
Gyro: -120.635 -99.014 204.467
Accel: 0.300 0.051 2.015
Gyro: -118.072 -70.144 206.024
Accel: 0.262 0.0000 2.072
Gyro: -106.033 -46.829 206.161
Accel: 0.281 0.039 2.0100
Gyro: -87.020 -28.976 207.901
Accel: 0.343 0.052 2.096
Gyro: -65.185 -17.227 212.142
Accel: 0.454 0.071 2.069
Gyro: -44.067 -9.307 215.774
Accel: 0.583 0.099 2.013
Gyro: -24.505 0.549 215.774
Accel: 0.633 0.145 1.880
Gyro: -15.319 9.902 211.975
Accel: 0.635 0.208 1.870
Gyro: -6.500 15.502 206.497
Accel: 0.647 0.258 1.806
Gyro: 3.677 16.647 202.972
Accel: 0.664 0.294 1.757
Gyro: 6.256 14.846 203.811
Accel: 0.733 0.301 1.729
Gyro: 15.151 12.191 207.870
Accel: 0.819 0.304 1.708
Gyro: 25.909 12.908 210.388
Accel: 0.903 0.312 1.686
Gyro: 36.453 17.578 208.496
Accel: 0.959 0.353 1.649
Gyro: 43.991 33.889 201.995
Accel: 1.023 0.369 1.604
Gyro: 47.683 52.688 191.238
Accel: 1.041 0.380 1.534
Gyro: 47.180 70.648 177.230
Accel: 0.993 0.406 1.454
Gyro: 42.510 90.133 162.963
Accel: 0.910 0.418 1.373
Gyro: 37.170 105.392 151.809
Accel: 0.852 0.396 1.290
Gyro: 33.645 115.692 146.392
Accel: 0.825 0.359 1.220
Gyro: 32.470 120.925 146.453
Accel: 0.819 0.324 1.156
Gyro: 33.721 121.688 150.451
Accel: 0.845 0.301 1.107
Gyro: 36.270 120.132 159.896
Accel: 0.883 0.296 1.055
Gyro: 38.436 113.296 160.720
Accel: 0.919 0.305 1.008
Gyro: 39.810 113.265 161.621
Accel: 0.923 0.325 0.967
Gyro: 40.176 107.177 155.517
Accel: 0.896 0.342 0.932
Gyro: 40.130 99.182 142.364
Accel: 0.849 0.355 0.909
Gyro: 40.344 89.767 127.395
Accel: 0.815 0.355 0.890
Gyro: 42.083 78.414 116.394
Accel: 0.788 0.344 0.876
Gyro: 45.761 66.452 110.565
Accel: 0.771 0.334 0.863
Gyro: 52.062 51.116 106.475
Accel: 0.752 0.339 0.851
Gyro: 61.981 41.519 97.824
Accel: 0.719 0.345 0.828
Gyro: 77.499 24.124 94.680
Accel: 0.695 0.347 0.799
Gyro: 87.814 8.758 86.730
Accel: 0.697 0.330 0.764
Gyro: 101.654 -3.143 80.657
Accel: 0.712 0.326 0.724
Gyro: 112.579 -15.670 77.499
Accel: 0.738 0.330 0.684
Gyro: 118.362 -26.031 75.653
Accel: 0.762 0.361 0.651
Gyro: 118.682 -34.576 73.638
Accel: 0.765 0.411 0.622
Gyro: 114.486 -40.115 68.771
Accel: 0.760 0.457 0.607
Gyro: 108.047 -44.723 60.852
Accel: 0.750 0.487 0.595
Gyro: 97.854 -48.706 51.635
Accel: 0.739 0.506 0.587
Gyro: 96.237 -51.803 43.106
Accel: 0.734 0.508 0.587
Gyro: 92.590 -54.702 35.064
Accel: 0.735 0.510 0.582
Gyro: 88.638 -55.038 28.579
Accel: 0.734 0.513 0.577
Gyro: 82.427 -51.986 23.315
Accel: 0.729 0.512 0.564
Gyro: 74.584 -46.798 19.195
Accel: 0.724 0.520 0.557
Gyro: 65.567 -40.817 15.228
Accel: 0.709 0.534 0.554
Gyro: 56.396 -34.439 7.873
Accel: 0.693 0.543 0.547
Gyro: 48.278 -23.452 4.226
Accel: 0.678 0.540 0.537
Gyro: 39.871 -21.331 3.555
Accel: 0.663 0.534 0.531
Gyro: 32.241 -17.456 -1.693
Accel: 0.648 0.533 0.528
Gyro: 26.702 -16.891 -6.881
Accel: 0.634 0.521 0.525
Gyro: 23.727 -18.341 -11.703
Accel: 0.621 0.519 0.522
Gyro: 22.659 -22.384 -19.470
Accel: 0.600 0.523 0.518
Gyro: 21.697 -28.076 -23.284
Accel: 0.581 0.526 0.513
Gyro: 20.950 -33.386 -22.735
Accel: 0.568 0.527 0.514
Gyro: 20.477 -39.474 -25.833
Accel: 0.557 0.527 0.512
Gyro: 19.226 -44.906 -29.388
Accel: 0.544 0.528 0.515
Gyro: 16.815 -49.453 -32.974
Accel: 0.529 0.531 0.515
Gyro: 14.801 -53.787 -36.254
Accel: 0.514 0.524 0.520
Gyro: 12.924 -57.525 -38.970
Accel: 0.517 0.514 0.530
Gyro: 10.452 -60.287 -40.664
Accel: 0.513 0.513 0.541
Gyro: 6.851 -61.630 -40.939
Accel: 0.506 0.510 0.551
Gyro: 3.204 -62.042 -40.664
Accel: 0.499 0.509 0.557
Gyro: -3.692 -61.004 -39.810
Accel: 0.489 0.504 0.567
Gyro: -2.716 -59.143 -38.604
Accel: 0.560 0.483 0.575
Gyro: -6.759 -57.022 -37.246
Accel: 0.511 0.468 0.585
Gyro: -12.512 -54.748 -35.934
Accel: 0.504 0.467 0.597
Gyro: -18.768 -52.078 -34.393
Accel: 0.497 0.469 0.616
Gyro: -24.414 -48.950 -32.958
Accel: 0.493 0.468 0.638
Gyro: -29.525 -45.333 -32.028
Accel: 0.488 0.472 0.659
Gyro: -33.767 -40.740 -31.204
Accel: 0.474 0.478 0.674
Gyro: -36.148 -36.270 -30.258
Accel: 0.463 0.478 0.685
Gyro: -36.758 -30.593 -29.617
Accel: 0.465 0.471 0.693
Gyro: -36.254 -25.024 -28.747
Accel: 0.474 0.464 0.696
Gyro: -34.942 -19.729 -28.381
Accel: 0.478 0.458 0.695
Gyro: -33.050 -15.274 -28.533
Accel: 0.477 0.453 0.688
Gyro: -31.066 -11.596 -28.884
Accel: 0.481 0.444 0.679
Gyro: -29.724 -8.911 -29.098
Accel: 0.498 0.426 0.669
Gyro: -29.922 -7.522 -28.884
Accel: 0.516 0.419 0.667
Gyro: -31.448 -7.339 -28.945
Accel: 0.510 0.425 0.666
Gyro: -33.203 -7.034 -29.510
Accel: 0.498 0.439 0.671
Gyro: -34.286 -7.492 -29.632
Accel: 0.492 0.439 0.672
Gyro: -34.835 -9.017 -28.198
Accel: 0.497 0.431 0.677
Gyro: -34.912 -11.077 -25.726
Accel: 0.499 0.426 0.680
Gyro: -34.896 -13.305 -21.865
Accel: 0.561 0.423 0.690
Gyro: -34.927 -15.625 -16.845
Accel: 0.515 0.425 0.706
Gyro: -34.667 -17.883 -12.329
Accel: 0.529 0.447 0.721
Gyro: -34.057 -18.356 -8.316
Accel: 0.540 0.470 0.737
Gyro: -33.325 -18.157 -5.996
Accel: 0.544 0.486 0.747
Gyro: -32.867 -17.532 -5.264
Accel: 0.556 0.496 0.758
Gyro: -32.546 -16.403 -5.294
Accel: 0.574 0.496 0.770
Gyro: -32.424 -15.487 -5.584
Accel: 0.586 0.503 0.780
Gyro: -32.501 -14.343 -5.752
Accel: 0.589 0.506 0.794
Gyro: -32.257 -13.854 -5.462
Accel: 0.600 0.504 0.803
Gyro: -31.219 -13.031 -5.493
Accel: 0.608 0.499 0.816
Gyro: -29.495 -11.505 -5.691
Accel: 0.625 0.496 0.827
Gyro: -27.404 -10.299 -5.889
Accel: 0.632 0.502 0.835
Gyro: -25.558 -8.804 -5.828
Accel: 0.633 0.504 0.841
Gyro: -23.406 -7.354 -5.615
