Accel: 0.034 0.144 0.995
Gyro: 3.768 -24.688 18.569
Accel: 0.023 0.156 0.986
Gyro: 1.434 -23.391 17.059
Accel: 0.020 0.164 0.973
Gyro: 1.556 -22.445 15.762
Accel: 0.015 0.170 0.957
Gyro: 1.083 -21.316 15.197
Accel: 0.0010 0.173 0.948
Gyro: 0.076 -18.676 15.335
Accel: 0.005 0.178 0.938
Gyro: 0.762 -15.533 19.500
Accel: 0.014 0.177 0.920
Gyro: 0.610 -7.843 15.975
Accel: 0.019 0.174 0.911
Gyro: 0.335 -8.316 16.632
Accel: 0.025 0.176 0.901
Gyro: 0.534 -5.447 17.089
Accel: 0.026 0.175 0.894
Gyro: -1.190 -3.204 17.532
Accel: 0.021 0.172 0.896
Gyro: -3.372 -1.815 17.959
Accel: 0.023 0.175 0.907
Gyro: -6.958 -1.281 18.142
Accel: 0.020 0.171 0.930
Gyro: -11.032 -2.288 18.127
Accel: 0.022 0.158 0.950
Gyro: -14.495 -3.448 18.447
Accel: 0.037 0.148 0.966
Gyro: -15.457 -3.417 19.027
Accel: 0.048 0.141 0.975
Gyro: -14.221 -2.975 19.165
Accel: 0.052 0.130 0.984
Gyro: -11.505 -3.158 19.042
Accel: 0.052 0.127 0.988
Gyro: -8.621 -3.631 18.539
Accel: 0.056 0.122 0.989
Gyro: -5.950 -4.043 17.669
Accel: 0.060 0.125 0.985
Gyro: -4.226 -3.768 16.555
Accel: 0.066 0.134 0.980
Gyro: -3.402 -2.761 14.953
Accel: 0.073 0.145 0.977
Gyro: -4.379 0.930 13.153
Accel: 0.070 0.157 0.987
Gyro: -11.627 0.793 11.596
Accel: 0.070 0.169 1.016
Gyro: -13.946 2.532 10.696
Accel: 0.083 0.180 1.043
Gyro: -21.286 4.592 10.772
Accel: 0.105 0.188 1.065
Gyro: -27.465 6.851 11.230
Accel: 0.122 0.174 1.089
Gyro: -30.929 8.575 11.474
Accel: 0.122 0.148 1.116
Gyro: -31.555 9.582 11.260
Accel: 0.123 0.128 1.132
Gyro: -28.259 10.269 9.963
Accel: 0.121 0.108 1.137
Gyro: -21.865 10.681 3.936
Accel: 0.115 0.095 1.132
Gyro: -8.239 11.352 5.645
Accel: 0.108 0.091 1.128
Gyro: -1.525 12.741 3.555
Accel: 0.0100 0.099 1.112
Gyro: 8.071 14.511 1.617
Accel: 0.097 0.101 1.099
Gyro: 18.493 16.281 0.350
Accel: 0.092 0.113 1.080
Gyro: 27.069 18.081 0.900
Accel: 0.081 0.126 1.060
Gyro: 32.669 18.890 -2.441
Accel: 0.066 0.134 1.047
Gyro: 35.064 18.524 -4.150
Accel: 0.070 0.109 1.013
Gyro: 37.490 21.347 -7.553
Accel: 0.052 0.150 0.978
Gyro: 41.931 28.442 -8.026
Accel: 0.013 0.220 0.967
Gyro: 46.142 35.324 -5.554
Accel: 0.043 0.258 0.966
Gyro: 47.409 38.574 -2.075
Accel: 0.075 0.256 0.957
Gyro: 45.501 36.880 0.823
Accel: 0.069 0.209 0.938
Gyro: 43.426 34.301 0.488
Accel: 0.036 0.172 0.927
Gyro: 41.793 31.433 -1.342
Accel: 0.033 0.163 0.931
Gyro: 40.023 28.518 -3.326
Accel: 0.039 0.176 0.926
Gyro: 38.345 26.123 -4.806
Accel: 0.056 0.196 0.927
Gyro: 35.919 19.653 -4.959
Accel: 0.071 0.204 0.930
Gyro: 33.569 21.209 -4.287
Accel: 0.080 0.202 0.935
Gyro: 31.005 18.432 -3.585
Accel: 0.087 0.194 0.942
Gyro: 27.893 14.251 -3.433
Accel: 0.093 0.201 0.940
Gyro: 24.871 9.231 -3.128
Accel: 0.108 0.222 0.938
Gyro: 22.125 4.516 -2.273
Accel: 0.122 0.238 0.933
Gyro: 19.256 0.518 3.784
Accel: 0.136 0.253 0.927
Gyro: 16.387 -2.624 2.349
Accel: 0.142 0.187 0.927
Gyro: 12.863 -5.050 4.364
Accel: 0.145 0.240 0.934
Gyro: 9.124 -8.285 5.599
Accel: 0.142 0.236 0.943
Gyro: 5.752 -12.054 6.881
Accel: 0.130 0.242 0.949
Gyro: 3.463 -14.770 8.499
Accel: 0.121 0.249 0.958
Gyro: 2.029 -16.448 10.116
Accel: 0.108 0.249 0.962
Gyro: 2.120 -17.166 11.917
Accel: 0.094 0.255 0.963
Gyro: 2.700 -17.395 13.656
Accel: 0.084 0.258 0.959
Gyro: 3.189 -16.937 15.136
Accel: 0.075 0.254 0.955
Gyro: 3.402 -16.448 16.159
Accel: 0.002 0.254 0.951
Gyro: 2.807 -16.586 16.998
Accel: 0.052 0.252 0.948
Gyro: 1.373 -16.220 17.395
Accel: 0.039 0.248 0.946
Gyro: 0.106 -14.923 17.150
Accel: 0.028 0.250 0.943
Gyro: 0.885 -13.534 16.830
Accel: 0.020 0.252 0.946
Gyro: -1.266 -11.703 16.372
Accel: 0.015 0.254 0.948
Gyro: -1.129 -9.674 16.098
Accel: 0.0010 0.257 0.952
Gyro: 0.625 -3.967 15.853
Accel: 0.004 0.261 0.958
Gyro: 0.289 -6.362 15.548
Accel: 0.008 0.260 0.963
Gyro: 1.815 -4.669 15.121
Accel: 0.016 0.257 0.968
Gyro: 3.967 -3.143 14.343
Accel: 0.022 0.252 0.968
Gyro: 6.072 -1.358 13.275
Accel: 0.029 0.246 0.964
Gyro: 7.797 0.183 11.901
Accel: 0.035 0.246 0.963
Gyro: 8.529 0.198 10.162
Accel: 0.038 0.242 0.961
Gyro: 8.163 0.167 8.453
Accel: 0.041 0.246 0.959
Gyro: 6.958 0.167 7.125
Accel: 0.038 0.255 0.965
Gyro: 5.691 0.228 6.240
Accel: 0.040 0.251 0.968
Gyro: 5.035 0.427 5.081
Accel: 0.038 0.244 0.972
Gyro: 4.669 1.144 3.997
Accel: 0.030 0.254 0.978
Gyro: 5.065 2.227 3.479
Accel: 0.022 0.267 0.976
Gyro: 5.813 3.097 3.540
Accel: 0.015 0.269 0.973
Gyro: 6.958 3.540 3.738
Accel: 0.009 0.266 0.968
Gyro: 8.377 3.601 3.997
Accel: 0.004 0.270 0.962
Gyro: 9.475 3.753 4.135
Accel: 0.002 0.270 0.956
Gyro: 9.811 3.677 3.753
Accel: 0.0000 0.270 0.947
Gyro: 8.728 3.723 3.326
Accel: 0.0001 0.272 0.945
Gyro: 6.774 3.753 2.960
Accel: 0.002 0.269 0.947
Gyro: 4.577 4.180 2.334
Accel: 0.0000 0.266 0.949
Gyro: 2.731 3.784 1.663
Accel: 0.0001 0.267 0.951
Gyro: 1.449 2.182 1.556
Accel: 0.0000 0.269 0.953
Gyro: 0.671 0.0000 2.014
Accel: 0.0000 0.273 0.954
Gyro: 0.411 -2.288 2.426
Accel: 0.002 0.268 0.951
Gyro: 0.427 -4.104 2.746
Accel: 0.006 0.267 0.948
Gyro: 0.274 -4.989 3.204
Accel: 0.011 0.272 0.940
Gyro: 0.091 -5.233 3.814
Accel: 0.019 0.273 0.933
Gyro: 0.869 -5.172 4.547
Accel: 0.023 0.273 0.929
Gyro: -2.395 -4.745 5.172
Accel: 0.030 0.274 0.931
Gyro: -4.760 -4.760 5.874
Accel: 0.037 0.273 0.936
Gyro: -8.087 -5.264 6.240
Accel: 0.042 0.270 0.944
Gyro: -11.276 -6.607 6.607
Accel: 0.040 0.266 0.953
Gyro: -13.549 -7.339 6.973
Accel: 0.037 0.267 0.960
Gyro: -14.663 -6.973 7.217
Accel: 0.033 0.265 0.965
Gyro: -14.663 -6.271 7.705
Accel: 0.030 0.264 0.970
Gyro: -14.144 -4.928 8.041
Accel: 0.026 0.263 0.976
Gyro: -13.442 -3.494 7.919
Accel: 0.021 0.262 0.983
Gyro: -12.786 -2.029 7.507
Accel: 0.016 0.258 0.987
Gyro: -12.252 0.808 6.805
Accel: 0.011 0.252 0.999
Gyro: -12.084 0.213 5.935
Accel: 0.013 0.246 1.008
Gyro: -11.444 0.717 5.218
Accel: 0.0010 0.241 1.021
Gyro: -10.330 0.564 4.409
Accel: 0.006 0.238 1.028
Gyro: -8.728 0.396 3.707
Accel: 0.007 0.235 1.030
Gyro: -6.820 0.228 3.082
Accel: 0.006 0.237 1.036
Gyro: -4.699 0.442 2.639
Accel: 0.005 0.235 1.037
Gyro: -2.807 -1.174 2.105
Accel: 0.003 0.235 1.031
Gyro: 0.457 -1.449 1.556
Accel: 0.0001 0.237 1.020
Gyro: 1.846 -1.327 1.205
Accel: 0.003 0.242 1.011
Gyro: 3.601 0.518 0.762
Accel: 0.006 0.245 1.005
Gyro: 4.470 0.061 0.183
Accel: 0.009 0.249 0.997
Gyro: 5.020 0.183 0.350
Accel: 0.009 0.312 0.985
Gyro: 5.355 -3.906 0.717
Accel: 0.0010 0.250 0.977
Gyro: 5.264 0.396 0.900
Accel: 0.008 0.249 0.971
Gyro: 4.791 0.503 0.961
Accel: 0.004 0.249 0.971
Gyro: 4.119 -1.068 0.946
Accel: 0.0000 0.249 0.966
Gyro: 3.387 -1.846 0.610
Accel: 0.0000 0.247 0.964
Gyro: 2.716 -2.914 0.167
Accel: 0.003 0.248 0.964
Gyro: 1.708 -3.448 0.289
Accel: 0.003 0.250 0.965
Gyro: 0.335 -4.333 0.823
Accel: 0.004 0.250 0.960
Gyro: -1.144 -5.126 1.373
Accel: 0.231 0.377 0.896
Gyro: 3.463 7.766 -7.614
Accel: 0.235 0.371 0.892
Gyro: 3.936 8.102 -7.720
Accel: 0.241 0.368 0.895
Gyro: 4.074 8.056 -8.041
Accel: 0.250 0.368 0.908
Gyro: 4.043 6.332 -8.193
Accel: 0.250 0.367 0.916
Gyro: 3.921 4.791 -8.377
Accel: 0.254 0.366 0.927
Gyro: 4.104 3.509 -8.560
Accel: 0.188 0.370 0.926
Gyro: 4.699 3.829 -8.499
Accel: 0.245 0.374 0.925
Gyro: 5.630 4.974 -8.590
Accel: 0.243 0.375 0.920
Gyro: 7.110 6.149 -8.209
Accel: 0.244 0.374 0.917
Gyro: 8.743 7.965 -7.690
Accel: 0.245 0.371 0.919
Gyro: 10.009 9.490 -7.308
Accel: 0.250 0.371 0.924
Gyro: 11.749 9.628 -6.866
Accel: 0.254 0.371 0.928
Gyro: 13.366 8.819 -6.469
Accel: 0.261 0.372 0.927
Gyro: 14.984 7.720 -6.134
Accel: 0.263 0.372 0.924
Gyro: 16.311 7.171 -5.996
Accel: 0.263 0.374 0.919
Gyro: 17.288 6.668 -5.859
Accel: 0.264 0.378 0.913
Gyro: 18.020 6.530 -5.844
Accel: 0.266 0.385 0.908
Gyro: 18.783 6.439 -5.859
Accel: 0.263 0.387 0.902
Gyro: 19.607 6.759 -5.813
Accel: 0.267 0.389 0.902
Gyro: 20.584 6.500 -5.569
Accel: 0.263 0.375 0.899
Gyro: 21.469 5.157 -5.142
Accel: 0.261 0.403 0.905
Gyro: 21.987 2.563 -4.364
Accel: 0.279 0.418 0.909
Gyro: 21.484 0.549 -3.219
Accel: 0.283 0.410 0.891
Gyro: 21.484 -2.151 -1.541
Accel: 0.257 0.357 0.859
Gyro: 20.843 -2.426 0.961
Accel: 0.250 0.421 0.835
Gyro: 20.019 -1.495 0.793
Accel: 0.235 0.358 0.818
Gyro: 18.569 0.427 1.235
Accel: 0.234 0.451 0.802
Gyro: 18.142 2.685 4.562
Accel: 0.286 0.511 0.804
Gyro: 17.929 2.990 10.971
Accel: 0.268 0.480 0.789
Gyro: 16.555 3.982 14.953
Accel: 0.197 0.431 0.788
Gyro: 14.801 8.743 17.379
Accel: 0.227 0.429 0.788
Gyro: 12.771 10.131 18.783
Accel: 0.249 0.419 0.874
Gyro: 10.528 6.912 19.180
Accel: 0.262 0.416 0.818
Gyro: 7.751 2.532 19.119
Accel: 0.255 0.427 0.816
Gyro: 0.350 0.610 18.753
Accel: 0.243 0.439 0.792
Gyro: 0.411 0.457 18.524
Accel: 0.241 0.444 0.782
Gyro: -6.439 0.488 18.295
Accel: 0.237 0.437 0.788
Gyro: -14.480 0.198 17.196
Accel: 0.236 0.427 0.803
Gyro: -24.505 -2.426 15.426
Accel: 0.240 0.427 0.803
Gyro: -36.437 -5.477 12.741
Accel: 0.231 0.427 0.810
Gyro: -45.227 -6.225 11.184
Accel: 0.242 0.429 0.824
Gyro: -53.726 -6.164 12.039
Accel: 0.242 0.411 0.846
Gyro: -61.004 -5.996 13.397
Accel: 0.212 0.391 0.838
Gyro: -67.230 -5.401 12.847
Accel: 0.184 0.361 0.849
Gyro: -69.931 -7.003 12.603
Accel: 0.179 0.347 0.852
Gyro: -70.632 -8.422 11.627
Accel: 0.176 0.343 0.862
Gyro: -71.594 -10.589 9.963
Accel: 0.188 0.342 0.869
Gyro: -75.088 -14.389 9.231
Accel: 0.187 0.348 0.848
Gyro: -77.117 -16.281 9.918
Accel: 0.192 0.354 0.846
Gyro: -76.217 -18.157 11.322
Accel: 0.184 0.345 0.851
Gyro: -74.569 -22.735 13.168
Accel: 0.178 0.328 0.857
Gyro: -72.586 -28.594 16.510
Accel: 0.166 0.320 0.873
Gyro: -70.373 -36.651 19.912
Accel: 0.138 0.300 0.884
Gyro: -67.901 -44.845 22.521
Accel: 0.110 0.296 0.907
Gyro: -66.497 -50.537 25.070
Accel: 0.096 0.305 0.922
Gyro: -67.657 -52.062 27.877
Accel: 0.066 0.298 0.962
Gyro: -69.442 -46.951 30.807
Accel: 0.040 0.278 0.984
Gyro: -71.273 -48.645 34.255
Accel: 0.034 0.263 0.982
Gyro: -69.885 -47.912 36.346
Accel: 0.017 0.245 1.020
Gyro: -63.522 -49.667 37.155
Accel: 0.033 0.225 1.052
Gyro: -52.871 -53.131 36.499
Accel: 0.196 0.315 0.990
Gyro: -37.902 -70.907 28.381
Accel: 0.195 0.338 1.016
Gyro: -18.020 -90.484 19.027
Accel: 0.188 0.338 1.088
Gyro: 4.562 -102.737 10.879
Accel: 0.240 0.436 0.916
Gyro: 23.925 -122.940 2.593
Accel: 0.381 0.439 0.915
Gyro: 45.074 -145.385 -15.396
Accel: 0.412 0.512 0.912
Gyro: 55.938 -165.328 -32.257
Accel: 0.458 0.517 0.932
Gyro: 64.910 -180.389 -46.112
Accel: 0.501 0.503 0.932
Gyro: 68.359 -189.224 -57.113
Accel: 0.524 0.510 0.919
Gyro: 66.146 -191.970 -65.643
Accel: 0.538 0.516 0.891
Gyro: 57.815 -189.132 -71.563
Accel: 0.554 0.518 0.869
Gyro: 43.701 -181.930 -76.583
Accel: 0.560 0.508 0.861
Gyro: 26.062 -174.072 -81.069
Accel: 0.550 0.489 0.872
Gyro: 5.355 -166.091 -89.492
Accel: 0.554 0.452 0.911
Gyro: -8.316 -157.897 -90.789
Accel: 0.549 0.410 0.962
Gyro: -26.550 -147.354 -95.733
Accel: 0.522 0.374 1.020
Gyro: -32.012 -136.978 -99.792
Accel: 0.497 0.339 1.063
Gyro: -35.919 -128.540 -102.691
Accel: 0.472 0.306 1.089
Gyro: -34.683 -121.429 -104.858
Accel: 0.442 0.279 1.093
Gyro: -30.395 -116.470 -106.414
Accel: 0.405 0.257 1.085
Gyro: -25.756 -114.532 -107.788
Accel: 0.370 0.223 1.089
Gyro: -23.468 -115.371 -108.871
Accel: 0.323 0.203 1.109
Gyro: -21.453 -115.646 -108.184
Accel: 0.290 0.179 1.116
Gyro: -19.042 -114.135 -105.148
Accel: 0.269 0.145 1.186
Gyro: -16.250 -108.413 -99.380
Accel: 0.257 0.063 1.135
Gyro: -14.236 -99.212 -91.522
Accel: 0.243 0.112 1.143
Gyro: -13.183 -85.784 -82.641
Accel: 0.216 0.118 1.146
Gyro: -13.244 -70.495 -73.684
Accel: 0.191 0.123 1.141
Gyro: -14.877 -56.762 -67.184
Accel: 0.174 0.123 1.132
Gyro: -18.051 -46.829 -62.301
Accel: 0.144 0.126 1.121
Gyro: -21.377 -40.588 -59.677
Accel: 0.112 0.131 1.116
Gyro: -23.910 -35.751 -58.013
Accel: 0.087 0.118 1.117
Gyro: -25.482 -32.028 -56.655
Accel: 0.072 0.103 1.123
Gyro: -25.619 -28.991 -55.267
Accel: 0.053 0.091 1.133
Gyro: -24.536 -26.565 -53.588
Accel: 0.032 0.083 1.141
Gyro: -22.109 -23.712 -51.834
Accel: 0.004 0.065 1.150
Gyro: -19.363 -20.401 -49.926
Accel: 0.034 0.044 1.165
Gyro: -16.204 -15.106 -42.999
Accel: 0.065 0.024 1.174
Gyro: -13.092 -8.728 -40.893
Accel: 0.097 0.009 1.176
Gyro: -10.009 3.524 -32.226
Accel: 0.120 0.0000 1.176
Gyro: -4.058 8.117 -22.949
Accel: 0.145 0.005 1.167
Gyro: -6.393 15.747 -14.068
Accel: 0.164 0.017 1.155
Gyro: -5.493 22.521 -6.454
Accel: 0.249 0.033 1.142
Gyro: -5.615 28.305 -1.266
Accel: 0.214 0.050 1.126
Gyro: -6.668 32.867 1.876
Accel: 0.231 0.053 1.111
Gyro: -7.858 36.392 3.265
Accel: 0.245 0.041 1.098
Gyro: -9.414 38.543 3.982
Accel: 0.261 0.024 1.088
Gyro: -11.123 40.008 5.722
Accel: 0.284 0.0001 1.079
Gyro: -13.290 42.037 8.728
Accel: 0.300 0.020 1.067
Gyro: -16.174 45.608 12.847
Accel: 0.329 0.057 1.057
Gyro: -20.660 54.260 17.990
Accel: 0.355 0.080 1.052
Gyro: -26.611 55.313 25.115
Accel: 0.387 0.104 1.052
Gyro: -33.752 58.395 33.554
Accel: 0.406 0.142 1.056
Gyro: -40.252 60.592 42.694
Accel: 0.426 0.204 1.067
Gyro: -44.906 62.683 49.911
Accel: 0.470 0.270 1.090
Gyro: -48.446 63.720 61.523
Accel: 0.506 0.343 1.120
Gyro: -50.735 63.049 73.059
Accel: 0.488 0.467 1.162
Gyro: -53.344 61.065 82.214
Accel: 0.500 0.620 1.217
Gyro: -55.999 57.769 97.595
Accel: 0.529 0.643 1.277
Gyro: -56.945 53.314 117.202
Accel: 0.545 0.750 1.330
Gyro: -53.497 48.538 139.495
Accel: 0.557 0.844 1.373
Gyro: -44.540 43.457 165.939
Accel: 0.539 0.938 1.403
Gyro: -30.960 35.888 197.128
Accel: 0.440 -1.022 1.417
Gyro: -14.007 25.878 232.147
Accel: 0.256 -1.0100 1.438
Gyro: 5.233 14.862 265.365
Accel: 0.092 -1.105 1.463
Gyro: 25.588 7.629 295.883
Accel: 0.071 -1.081 1.463
Gyro: 48.248 6.835 317.886
Accel: 0.245 -1.051 1.443
Gyro: 72.647 14.038 338.119
Accel: 0.436 -1.011 1.386
Gyro: 87.738 24.765 353.942
Accel: 0.625 0.978 1.318
Gyro: 101.852 35.140 366.516
Accel: 0.932 0.918 1.247
Gyro: 111.251 44.662 375.473
Accel: 1.025 0.794 1.177
Gyro: 118.148 56.655 377.212
Accel: 1.120 0.619 1.106
Gyro: 121.490 73.089 370.101
Accel: 1.185 0.435 1.043
Gyro: 118.209 89.920 353.027
Accel: 1.220 0.291 0.977
Gyro: 108.383 102.432 332.290
Accel: 1.244 0.199 0.923
Gyro: 94.970 116.699 311.828
Accel: 1.227 0.154 0.860
Gyro: 78.704 118.927 288.116
Accel: 1.206 0.130 0.804
Gyro: 69.152 118.667 267.868
Accel: 1.221 0.066 0.760
Gyro: 57.434 112.258 251.785
Accel: 1.201 0.005 0.716
Gyro: 49.835 104.156 236.465
Accel: 1.141 0.006 0.664
Gyro: 45.791 94.604 219.131
Accel: 1.064 0.030 0.574
Gyro: 41.488 82.824 200.073
Accel: 1.084 0.083 0.475
Gyro: 36.819 72.540 169.235
Accel: 2.666 1.197 0.154
Gyro: 34.637 72.341 69.015
Accel: 1.954 0.917 0.886
Gyro: 36.178 41.687 35.034
Accel: 1.416 0.250 1.014
Gyro: 32.211 49.758 55.877
Accel: 0.623 0.243 0.887
Gyro: 45.333 34.133 80.413
Accel: 0.525 0.176 0.483
Gyro: 56.320 21.606 90.194
Accel: 0.290 0.0100 0.804
Gyro: 66.909 28.457 93.688
Accel: 0.335 0.280 0.943
Gyro: 73.593 34.545 110.458
Accel: 0.581 0.172 1.205
Gyro: 70.312 43.182 112.258
Accel: 0.337 0.156 0.706
Gyro: 72.372 56.777 110.366
Accel: 0.206 0.520 0.643
Gyro: 81.970 77.743 100.997
Accel: 0.036 0.449 0.754
Gyro: 86.669 99.868 98.175
Accel: 0.156 0.379 0.770
Gyro: 84.960 117.279 102.172
Accel: 0.196 0.461 0.727
Gyro: 79.040 125.976 100.372
Accel: 0.218 0.478 0.779
Gyro: 71.624 129.638 95.962
Accel: 0.225 0.471 0.829
Gyro: 60.852 132.858 93.719
Accel: 0.215 0.464 0.903
Gyro: 47.042 136.047 94.146
Accel: 0.206 0.435 0.956
Gyro: 34.164 135.437 97.045
Accel: 0.184 0.400 0.989
Gyro: 24.703 128.250 100.326
Accel: 0.145 0.370 1.033
Gyro: 18.676 116.455 102.249
Accel: 0.080 0.341 1.055
Gyro: 12.878 103.790 103.698
Accel: 0.058 0.309 1.075
Gyro: 5.905 94.024 105.0010
Accel: 0.086 0.284 1.090
Gyro: -6.958 88.424 105.987
Accel: 0.176 0.249 1.125
Gyro: -12.222 87.966 106.643
Accel: 0.259 0.189 1.161
Gyro: -18.310 88.973 105.987
Accel: 0.307 0.114 1.197
Gyro: -19.378 88.256 103.424
Accel: 0.343 0.040 1.232
Gyro: -14.175 85.556 97.396
Accel: 0.387 0.020 1.259
Gyro: -4.013 83.358 88.531
Accel: 0.445 0.054 1.276
Gyro: 7.919 82.412 77.438
Accel: 0.505 0.092 1.271
Gyro: 26.031 83.129 65.063
Accel: 0.554 0.113 1.266
Gyro: 36.148 85.784 51.437
Accel: 0.593 0.113 1.252
Gyro: 48.080 89.416 36.956
Accel: 0.596 0.118 1.228
Gyro: 57.113 90.515 22.644
Accel: 0.601 0.113 1.215
Gyro: 63.446 88.806 8.544
Accel: 0.597 0.104 1.217
Gyro: 67.199 86.181 -6.851
Accel: 0.594 0.089 1.220
Gyro: 69.442 78.475 -13.793
Accel: 0.600 0.073 1.218
Gyro: 71.273 76.049 -27.008
Accel: 0.602 0.058 1.217
Gyro: 72.387 68.313 -31.402
Accel: 0.585 0.038 1.201
Gyro: 71.029 57.983 -38.650
Accel: 0.547 0.028 1.187
Gyro: 62.789 43.991 -45.303
Accel: 0.505 0.022 1.177
Gyro: 60.470 26.489 -51.345
Accel: 0.476 0.012 1.171
Gyro: 53.268 6.347 -57.174
Accel: 0.475 0.0000 1.162
Gyro: 45.394 -15.548 -66.085
Accel: 0.471 0.009 1.156
Gyro: 36.041 -36.529 -66.665
Accel: 0.477 0.024 1.147
Gyro: 26.077 -54.962 -74.203
Accel: 0.488 0.034 1.133
Gyro: 15.304 -75.012 -73.562
Accel: 0.498 0.037 1.118
Gyro: 0.976 -94.177 -76.049
Accel: 0.509 0.039 1.107
Gyro: -6.500 -116.470 -78.613
Accel: 0.513 0.022 1.105
Gyro: -17.578 -128.494 -81.314
Accel: 0.511 0.003 1.101
Gyro: -27.679 -140.960 -84.655
Accel: 0.505 0.021 1.108
Gyro: -36.453 -149.978 -88.684
Accel: 0.501 0.048 1.121
Gyro: -43.472 -155.197 -92.880
Accel: 0.500 0.072 1.136
Gyro: -48.492 -157.028 -97.030
Accel: 0.493 0.113 1.157
Gyro: -51.376 -152.511 -101.821
Accel: 0.482 0.164 1.178
Gyro: -52.047 -154.495 -108.139
Accel: 0.451 0.210 1.204
Gyro: -51.132 -151.184 -116.928
Accel: 0.416 0.261 1.231
Gyro: -48.522 -146.942 -127.365
Accel: 0.380 0.305 1.255
Gyro: -44.158 -141.311 -138.748
Accel: 0.336 0.340 1.272
Gyro: -38.070 -134.063 -150.482
Accel: 0.291 0.362 1.285
Gyro: -30.944 -125.442 -162.261
Accel: 0.242 0.377 1.294
Gyro: -22.872 -115.631 -173.187
Accel: 0.193 0.384 1.304
Gyro: -14.495 -104.797 -182.266
Accel: 0.132 0.385 1.311
Gyro: -6.515 -93.765 -194.900
Accel: 0.064 0.382 1.317
Gyro: 0.885 -84.091 -202.941
Accel: 0.006 0.312 1.326
Gyro: 11.154 -70.404 -210.494
Accel: 0.107 0.357 1.332
Gyro: 14.373 -64.880 -214.233
Accel: 0.205 0.326 1.321
Gyro: 22.506 -57.113 -222.457
Accel: 0.369 0.287 1.304
Gyro: 32.241 -50.933 -230.667
Accel: 0.404 0.237 1.263
Gyro: 42.709 -46.035 -237.609
Accel: 0.458 0.159 1.228
Gyro: 53.619 -43.304 -244.354
Accel: 0.524 0.112 1.189
Gyro: 64.193 -40.863 -247.177
Accel: 0.599 0.047 1.130
Gyro: 73.745 -38.299 -248.168
Accel: 0.806 0.200 0.094
Gyro: 72.540 -63.705 -236.846
Accel: -1.534 0.502 1.082
Gyro: 61.981 -92.239 -218.780
Accel: -1.520 0.747 1.054
Gyro: 62.957 -99.609 -197.586
Accel: -1.124 0.593 1.049
Gyro: 64.514 -109.985 -172.012
Accel: 0.797 0.458 0.916
Gyro: 67.382 -100.982 -154.174
Accel: 0.835 0.400 0.848
Gyro: 68.435 -84.197 -145.477
Accel: 0.859 0.335 1.050
Gyro: 63.888 -82.199 -139.785
Accel: 0.751 0.329 1.038
Gyro: 47.714 -73.516 -135.910
Accel: 0.489 0.223 0.977
Gyro: 36.666 -60.897 -126.144
Accel: 0.383 0.196 0.958
Gyro: 34.149 -39.978 -122.039
Accel: 0.420 0.261 0.735
Gyro: 37.872 0.152 -123.153
Accel: 0.429 0.204 0.808
Gyro: 42.297 31.173 -125.625
Accel: 0.596 0.274 0.901
Gyro: 40.908 39.016 -126.495
Accel: 0.967 0.613 1.141
Gyro: 47.027 19.485 -101.501
Accel: 0.980 0.817 1.077
Gyro: 57.983 5.340 -63.659
Accel: -1.051 1.032 1.093
Gyro: 66.894 -15.380 -24.398
Accel: 0.960 1.063 1.023
Gyro: 71.395 -37.628 4.196
Accel: 0.747 0.812 0.994
Gyro: 70.831 -58.029 17.608
Accel: 0.489 0.679 0.986
Gyro: 64.636 -73.394 21.514
Accel: 0.427 0.718 0.910
Gyro: 48.187 -99.380 29.174
Accel: 0.266 0.691 0.948
Gyro: 30.624 -124.267 43.441
Accel: 0.291 0.694 1.054
Gyro: 1.831 -129.562 61.218
Accel: 0.082 0.683 1.115
Gyro: -18.692 -130.126 73.532
Accel: 0.036 0.705 1.063
Gyro: -40.939 -136.230 81.298
Accel: 0.113 0.689 1.180
Gyro: -55.480 -143.722 84.411
Accel: 0.330 0.761 1.255
Gyro: -53.390 -148.101 70.343
Accel: 0.451 0.803 1.400
Gyro: -30.334 -133.056 46.417
Accel: 0.405 0.942 1.554
Gyro: 15.258 -107.498 5.126
Accel: 0.428 1.0010 1.604
Gyro: 65.933 -82.199 -29.632
Accel: 0.545 0.971 1.571
Gyro: 116.882 -62.103 -63.980
Accel: 0.628 0.923 1.546
Gyro: 150.741 -41.030 -90.438
Accel: 0.633 0.879 1.394
Gyro: 163.406 -22.766 -108.291
Accel: 0.637 0.829 1.253
Gyro: 161.895 -4.638 -117.752
Accel: 0.646 0.795 1.128
Gyro: 149.444 12.985 -118.865
Accel: 0.653 0.780 1.039
Gyro: 133.285 27.053 -112.838
Accel: 0.672 0.788 0.968
Gyro: 118.576 35.934 -101.470
Accel: 0.668 0.816 0.899
Gyro: 107.818 42.312 -89.630
Accel: 0.631 0.852 0.845
Gyro: 94.421 39.062 -82.702
Accel: 0.586 0.902 0.814
Gyro: 91.842 40.0100 -82.366
Accel: 0.546 0.947 0.802
Gyro: 90.408 36.666 -88.012
Accel: 0.536 0.988 0.772
Gyro: 94.558 32.577 -96.878
Accel: 0.467 1.008 0.765
Gyro: 103.210 25.421 -106.124
Accel: 0.413 1.018 0.736
Gyro: 113.510 13.198 -113.433
Accel: 0.329 1.026 0.687
Gyro: 124.145 -1.190 -119.064
Accel: 0.230 1.031 0.635
Gyro: 132.232 -13.488 -120.849
Accel: 0.144 1.023 0.564
Gyro: 135.910 -30.639 -119.827
Accel: 0.070 1.013 0.490
Gyro: 134.933 -42.968 -116.485
Accel: 0.0010 1.006 0.417
Gyro: 129.638 -49.072 -111.755
Accel: 0.036 0.972 0.363
Gyro: 122.192 -58.563 -108.718
Accel: 0.085 0.938 0.297
Gyro: 113.174 -66.818 -109.298
Accel: 0.160 0.925 0.239
Gyro: 101.760 -73.852 -114.135
Accel: 0.234 0.908 0.197
Gyro: 87.020 -78.994 -122.329
Accel: 0.288 0.859 0.177
Gyro: 68.572 -82.458 -134.826
Accel: 0.327 0.785 0.172
Gyro: 49.209 -83.038 -151.702
Accel: 0.364 0.712 0.179
Gyro: 33.111 -78.765 -157.608
Accel: 0.405 0.618 0.179
Gyro: 12.496 -71.670 -163.589
Accel: 0.450 0.526 0.170
Gyro: -3.601 -64.590 -164.398
Accel: 0.460 0.416 0.194
Gyro: -13.046 -58.502 -159.759
Accel: 0.376 0.298 0.247
Gyro: -22.247 -54.290 -150.619
Accel: 0.413 0.183 0.287
Gyro: -25.558 -49.179 -139.221
Accel: 0.379 0.086 0.312
Gyro: -24.520 -42.877 -128.372
Accel: 0.339 0.002 0.322
Gyro: -25.741 -36.560 -113.342
Accel: 0.301 0.065 0.329
Gyro: -34.194 -28.869 -107.269
Accel: 0.281 0.106 0.335
Gyro: -50.476 -21.881 -98.052
Accel: 0.279 0.152 0.351
Gyro: -62.545 -18.051 -89.691
Accel: 0.297 0.196 0.375
Gyro: -76.354 -16.891 -82.321
Accel: 0.283 0.261 0.426
Gyro: -86.639 -17.089 -76.431
Accel: 0.259 0.343 0.491
Gyro: -95.809 -17.105 -71.090
Accel: 0.217 0.459 0.573
Gyro: -102.981 -15.426 -62.789
Accel: 0.173 0.571 0.673
Gyro: -108.596 -16.220 -61.950
Accel: 0.183 0.662 0.752
Gyro: -114.196 -20.324 -57.128
Accel: 0.202 0.718 0.934
Gyro: -117.370 -28.701 -47.210
Accel: 0.171 0.769 1.029
Gyro: -116.333 -40.344 -45.166
Accel: 0.249 0.817 1.245
Gyro: -107.711 -49.346 -39.993
Accel: 0.288 0.812 1.318
Gyro: -88.668 -49.911 -30.853
Accel: 0.383 0.778 1.416
Gyro: -59.082 -39.733 -13.290
Accel: 0.401 0.748 1.469
Gyro: -24.078 -20.477 11.901
Accel: 0.395 0.658 1.469
Gyro: 7.675 2.471 44.357
Accel: 0.405 0.511 1.443
Gyro: 30.639 23.742 79.177
Accel: 0.347 0.350 1.419
Gyro: 43.518 39.642 106.582
Accel: 0.293 0.175 1.404
Gyro: 48.385 55.068 132.614
Accel: 0.283 0.038 1.393
Gyro: 54.458 76.721 139.190
Accel: 0.281 0.296 1.384
Gyro: 52.154 92.895 134.628
Accel: 0.343 0.490 1.372
Gyro: 50.949 111.083 115.951
Accel: 0.483 0.632 1.341
Gyro: 46.066 126.129 91.491
Accel: 0.557 0.749 1.315
Gyro: 41.915 140.243 69.915
Accel: 0.537 0.752 1.273
Gyro: 42.297 155.197 50.994
Accel: 0.558 0.745 1.212
Gyro: 44.387 171.676 39.138
Accel: 0.604 0.729 1.142
Gyro: 43.563 175.369 36.453
Accel: 0.617 0.681 1.060
Gyro: 41.366 178.070 34.515
Accel: 0.579 0.513 0.938
Gyro: 40.542 177.383 35.140
Accel: 0.539 0.447 0.939
Gyro: 39.932 173.156 36.743
Accel: 0.571 0.348 0.880
Gyro: 40.512 167.587 40.710
Accel: 0.551 0.130 0.867
Gyro: 42.968 155.303 41.915
Accel: 0.606 0.014 0.854
Gyro: 50.567 137.908 50.170
Accel: 0.750 0.063 0.848
Gyro: 65.231 118.453 65.612
Accel: 0.810 0.108 0.827
Gyro: 86.547 106.094 88.912
Accel: 0.814 0.117 0.792
Gyro: 109.832 98.205 114.547
Accel: 0.719 0.134 0.736
Gyro: 141.784 96.893 146.972
Accel: 0.514 0.151 0.639
Gyro: 169.723 98.968 177.200
Accel: 0.324 0.067 0.501
Gyro: 188.735 110.290 202.819
Accel: 0.230 0.065 0.330
Gyro: 199.035 128.479 220.642
Accel: 0.112 0.022 0.145
Gyro: 192.153 151.260 228.652
Accel: 0.027 0.114 0.024
Gyro: 169.616 173.889 231.307
Accel: 0.040 0.190 0.154
Gyro: 134.902 194.580 230.224
Accel: 0.097 0.249 0.281
Gyro: 94.207 206.817 228.347
Accel: 0.139 0.299 0.343
Gyro: 51.589 205.139 229.629
Accel: 0.247 0.316 0.385
Gyro: 12.710 201.538 233.688
Accel: 0.273 0.315 0.366
Gyro: -21.072 198.059 238.189
Accel: 0.256 0.309 0.383
Gyro: -47.378 199.920 240.829
Accel: 0.131 0.315 0.433
Gyro: -75.271 207.473 240.386
Accel: 0.119 0.294 0.488
Gyro: -102.508 214.004 236.633
Accel: 0.047 0.255 0.544
Gyro: -128.524 213.836 229.690
Accel: 0.016 0.211 0.569
Gyro: -149.246 200.515 225.387
Accel: 0.059 0.155 0.597
Gyro: -162.216 181.701 229.507
Accel: 0.113 0.070 0.628
Gyro: -175.262 158.462 242.248
Accel: 0.248 0.082 0.677
Gyro: -178.314 136.276 256.546
Accel: 0.306 0.103 0.730
Gyro: -191.207 107.513 269.622
Accel: 0.474 0.142 0.731
Gyro: -196.990 73.867 283.615
Accel: 0.796 0.171 0.648
Gyro: -207.626 34.820 300.506
Accel: 1.083 0.219 0.483
Gyro: -224.166 -6.759 314.651
Accel: 1.432 0.306 0.232
Gyro: -251.510 -43.182 322.372
Accel: 1.701 0.430 0.120
Gyro: -280.471 -63.735 307.098
Accel: 1.816 0.588 0.472
Gyro: -298.965 -69.702 259.216
Accel: 1.929 0.746 0.843
Gyro: -299.667 -69.0000 191.528
Accel: 2.071 0.675 1.301
Gyro: -272.796 -66.955 113.586
Accel: 2.149 0.452 1.562
Gyro: -227.966 -67.199 47.241
Accel: 2.175 0.245 1.803
Gyro: -179.733 -76.065 -10.391
Accel: 2.094 0.043 1.961
Gyro: -127.395 -89.263 -48.812
Accel: 1.999 0.179 2.056
Gyro: -84.640 -88.943 -61.859
Accel: 1.924 0.270 2.038
Gyro: -50.430 -74.508 -56.655
Accel: 1.837 0.278 1.969
Gyro: -23.880 -45.700 -35.781
Accel: 1.728 0.217 1.832
Gyro: -3.051 0.610 -13.092
Accel: 1.612 0.114 1.639
Gyro: 8.026 47.119 10.421
Accel: 1.518 0.014 1.428
Gyro: 10.833 104.583 24.658
Accel: 1.430 0.143 1.137
Gyro: 3.433 144.912 34.362
Accel: 1.336 0.266 0.831
Gyro: -17.425 183.670 36.422
Accel: 1.281 0.356 0.564
Gyro: -38.543 210.586 31.402
Accel: 1.234 0.426 0.329
Gyro: -70.907 223.709 20.156
Accel: 1.193 0.481 0.149
Gyro: -108.581 221.969 0.610
Accel: 1.151 0.520 0.045
Gyro: -146.270 207.260 -16.601
Accel: 1.080 0.548 0.003
Gyro: -179.656 187.622 -41.946
Accel: 1.030 0.547 0.007
Gyro: -206.039 164.901 -57.830
Accel: 1.047 0.523 0.050
Gyro: -216.735 142.349 -73.944
Accel: 1.083 0.524 0.115
Gyro: -223.358 122.375 -86.563
Accel: 1.160 0.540 0.188
Gyro: -222.610 95.657 -99.960
Accel: 1.201 0.560 0.272
Gyro: -213.439 66.467 -119.583
Accel: 1.122 0.612 0.311
Gyro: -196.319 37.582 -141.891
Accel: 1.174 0.492 0.425
Gyro: -169.525 5.813 -171.707
Accel: 1.158 0.462 0.476
Gyro: -142.196 -21.759 -204.193
Accel: 1.105 0.433 0.510
Gyro: -124.618 -43.151 -226.928
Accel: 1.148 0.323 0.546
Gyro: -117.691 -68.771 -252.441
Accel: 1.177 0.217 0.593
Gyro: -118.942 -85.174 -276.596
Accel: 1.247 0.014 0.659
Gyro: -132.720 -95.687 -301.391
Accel: 1.308 0.066 0.772
Gyro: -145.477 -110.992 -327.148
Accel: 1.381 0.210 0.913
Gyro: -165.649 -125.091 -354.034
Accel: 1.450 0.415 1.072
Gyro: -185.668 -135.650 -382.446
Accel: 1.427 0.579 1.190
Gyro: -203.399 -141.525 -403.594
Accel: 1.328 0.666 1.190
Gyro: -213.424 -138.458 -415.588
Accel: 1.266 0.760 1.379
Gyro: -222.015 -128.143 -416.687
Accel: 1.209 0.866 1.479
Gyro: -226.119 -108.886 -405.181
Accel: 1.085 0.915 1.539
Gyro: -223.602 -85.937 -375.228
Accel: 1.041 0.921 1.720
Gyro: -217.697 -62.301 -341.796
Accel: 1.023 -1.061 1.856
Gyro: -205.673 -47.409 -305.648
Accel: 0.927 -1.026 1.891
Gyro: -183.898 -41.534 -275.833
Accel: 0.794 -1.004 1.916
Gyro: -164.703 -41.290 -252.029
Accel: 0.628 0.989 1.936
Gyro: -137.817 -44.021 -234.039
Accel: 0.581 0.948 1.947
Gyro: -107.254 -44.708 -219.573
Accel: 0.481 0.910 1.944
Gyro: -75.042 -42.449 -209.167
Accel: 0.391 0.866 1.942
Gyro: -46.997 -38.055 -199.050
Accel: 0.350 0.797 2.058
Gyro: -27.114 -33.035 -183.700
Accel: 0.376 0.775 2.098
Gyro: -14.663 -19.836 -176.834
Accel: 0.405 0.732 2.178
Gyro: -2.014 -1.586 -167.068
Accel: 0.387 0.684 2.217
Gyro: 9.780 18.127 -160.064
Accel: 0.189 0.607 2.186
Gyro: 22.811 39.550 -156.326
Accel: 0.098 0.535 2.117
Gyro: 24.948 57.403 -154.144
Accel: 0.012 0.493 2.041
Gyro: 29.266 73.608 -151.702
Accel: 0.098 0.462 2.008
Gyro: 32.638 89.385 -147.460
Accel: 0.168 0.442 1.968
Gyro: 37.277 110.794 -139.541
Accel: 0.188 0.452 1.928
Gyro: 44.311 136.566 -130.249
Accel: 0.161 0.498 1.936
Gyro: 54.214 156.005 -123.886
Accel: 0.215 0.508 1.855
Gyro: 59.371 161.575 -120.773
Accel: 0.328 0.510 1.785
Gyro: 77.926 164.276 -119.003
Accel: 0.429 0.530 1.700
Gyro: 91.217 164.703 -116.256
Accel: 0.481 0.559 1.594
Gyro: 106.445 168.060 -109.756
Accel: 0.505 0.590 1.500
Gyro: 120.788 173.400 -98.602
Accel: 0.529 0.606 1.403
Gyro: 136.093 179.977 -85.922
Accel: 0.582 0.596 1.285
Gyro: 148.651 188.385 -66.696
Accel: 0.628 0.572 1.168
Gyro: 154.174 195.785 -51.849
Accel: 0.644 0.581 1.054
Gyro: 152.709 201.721 -40.985
Accel: 0.680 0.593 0.886
Gyro: 147.338 204.055 -29.922
Accel: 0.774 0.575 0.886
Gyro: 139.129 202.301 -19.485
Accel: 0.756 0.615 0.762
Gyro: 125.198 197.891 -9.140
Accel: 0.768 0.641 0.695
Gyro: 118.820 191.375 2.731
Accel: 0.800 0.653 0.613
Gyro: 111.419 185.058 18.798
Accel: 0.827 0.668 0.540
Gyro: 108.078 180.023 38.436
Accel: 0.870 0.666 0.439
Gyro: 107.437 174.865 52.093
Accel: 0.920 0.650 0.350
Gyro: 106.018 164.520 67.321
Accel: 0.953 0.634 0.243
Gyro: 97.991 152.801 80.581
Accel: 0.960 0.628 0.156
Gyro: 92.208 138.992 92.132
Accel: 0.877 0.660 0.086
Gyro: 75.317 117.950 103.012
Accel: 0.905 0.708 0.018
Gyro: 66.177 98.114 116.119
Accel: 0.869 0.756 0.035
Gyro: 55.389 80.917 130.538
Accel: 0.835 0.796 0.078
Gyro: 46.401 65.780 144.409
Accel: 0.798 0.819 0.120
Gyro: 36.361 54.016 159.576
Accel: 0.739 0.839 0.163
Gyro: 23.422 48.248 171.340
Accel: 0.685 0.854 0.207
Gyro: 5.340 48.171 179.763
Accel: 0.598 0.875 0.238
Gyro: -19.470 51.986 193.267
Accel: 0.469 0.916 0.258
Gyro: -43.731 60.043 207.107
Accel: 0.306 0.948 0.267
Gyro: -81.024 71.136 221.176
Accel: 0.122 0.951 0.269
Gyro: -114.318 82.229 236.557
Accel: 0.043 0.856 0.285
Gyro: -154.098 90.209 256.210
Accel: 0.199 0.936 0.274
Gyro: -191.024 97.732 269.927
Accel: 0.355 0.886 0.317
Gyro: -223.037 103.408 281.906
Accel: 0.418 0.820 0.324
Gyro: -251.983 99.731 294.525
Accel: 0.604 0.799 0.311
Gyro: -280.883 81.359 306.365
Accel: 0.947 0.849 0.134
Gyro: -304.779 31.723 316.543
Accel: 1.258 0.857 0.039
Gyro: -337.799 -28.961 325.546
Accel: 1.463 0.781 0.215
Gyro: -362.716 -116.348 335.357
Accel: 1.738 0.707 0.543
Gyro: -369.995 -199.493 340.042
Accel: 1.863 0.631 0.925
Gyro: -357.772 -256.439 336.502
Accel: 2.146 0.473 1.417
Gyro: -321.334 -270.751 319.961
Accel: 2.385 0.296 1.931
Gyro: -275.039 -250.717 283.248
Accel: 2.357 0.113 2.261
Gyro: -241.775 -217.285 230.285
Accel: 2.695 0.159 2.392
Gyro: -220.718 -156.250 171.981
Accel: 2.603 0.078 2.544
Gyro: -202.896 -80.169 138.549
Accel: 2.393 0.003 2.557
Gyro: -186.218 -12.649 124.389
Accel: 2.344 0.007 2.470
Gyro: -173.736 39.855 115.142
Accel: 2.266 0.018 2.321
Gyro: -163.009 77.239 110.076
Accel: 2.165 0.067 2.162
Gyro: -153.701 100.952 104.568
Accel: 2.110 0.114 2.047
Gyro: -146.408 108.703 93.673
Accel: 2.044 0.207 1.965
Gyro: -138.626 106.719 78.277
Accel: 1.917 0.288 1.919
Gyro: -120.681 98.297 55.191
Accel: 1.777 0.359 1.878
Gyro: -92.956 82.855 26.489
Accel: 1.653 0.409 1.834
Gyro: -59.951 69.259 -6.759
Accel: 1.555 0.438 1.768
Gyro: -28.411 49.865 -35.491
Accel: 1.510 0.428 1.682
Gyro: -6.439 33.538 -65.490
Accel: 1.377 0.418 1.594
Gyro: 13.076 20.080 -92.727
Accel: 1.343 0.405 1.501
Gyro: 26.016 7.446 -116.287
Accel: 1.286 0.368 1.415
Gyro: 34.240 -3.280 -135.696
Accel: 1.255 0.331 1.342
Gyro: 39.535 -12.802 -152.328
Accel: 1.253 0.276 1.269
Gyro: 41.290 -23.468 -171.585
Accel: 1.235 0.237 1.222
Gyro: 38.726 -36.163 -190.093
Accel: 1.244 0.193 1.197
Gyro: 34.683 -52.795 -210.388
Accel: 1.207 0.159 1.178
Gyro: 31.616 -71.990 -232.437
Accel: 1.172 0.113 1.167
Gyro: 29.617 -95.916 -250.076
Accel: 1.152 0.051 1.163
Gyro: 28.686 -111.663 -270.248
Accel: 1.150 0.013 1.173
Gyro: 25.985 -131.774 -288.406
Accel: 1.225 0.091 1.188
Gyro: 19.088 -150.482 -307.373
Accel: 1.297 0.185 1.224
Gyro: 8.773 -166.656 -328.491
Accel: 1.351 0.264 1.270
Gyro: -4.516 -181.991 -351.058
Accel: 1.455 0.394 1.360
Gyro: -17.593 -196.380 -367.538
Accel: 1.557 0.538 1.483
Gyro: -25.588 -207.489 -387.908
Accel: 1.607 0.645 1.641
Gyro: -23.300 -212.722 -410.018
Accel: 1.617 0.723 1.861
Gyro: -11.672 -208.404 -422.515
Accel: 1.556 0.800 1.924
Gyro: 8.575 -190.780 -436.492
Accel: 1.518 0.828 2.0010
Gyro: 32.211 -157.730 -443.130
Accel: 1.568 0.895 2.050
Gyro: 55.252 -115.921 -445.358
Accel: 1.602 -1.015 2.018
Gyro: 73.394 -74.905 -449.569
Accel: 1.598 -1.112 1.924
Gyro: 82.412 -41.885 -454.574
Accel: 1.612 -1.225 1.841
Gyro: 83.374 -22.018 -459.091
Accel: 1.599 -1.311 1.786
Gyro: 80.596 -15.701 -462.127
Accel: 1.593 -1.315 1.764
Gyro: 80.718 -12.802 -457.107
Accel: 1.538 -1.293 1.756
Gyro: 83.343 -14.816 -452.697
Accel: 1.438 -1.187 1.761
Gyro: 93.551 -16.555 -434.097
Accel: 1.309 -1.169 1.722
Gyro: 100.067 -9.582 -417.434
Accel: 1.132 -1.104 1.663
Gyro: 113.418 11.444 -393.875
Accel: 1.057 -1.020 1.570
Gyro: 126.403 30.014 -368.499
Accel: 1.124 0.935 1.491
Gyro: 133.316 51.544 -344.436
Accel: 1.105 0.883 1.438
Gyro: 133.407 63.156 -327.636
Accel: 1.082 0.810 1.386
Gyro: 128.631 66.329 -316.253
Accel: 0.983 0.745 1.334
Gyro: 123.367 65.338 -309.616
Accel: 0.802 0.664 1.279
Gyro: 122.268 65.063 -303.070
Accel: 0.693 0.586 1.244
Gyro: 127.929 66.802 -295.822
Accel: 0.603 0.543 1.213
Gyro: 138.259 67.214 -290.176
Accel: 0.488 0.506 1.164
Gyro: 154.144 63.751 -286.117
Accel: 0.358 0.461 1.093
Gyro: 177.581 58.609 -282.241
Accel: 0.222 0.429 1.007
Gyro: 195.388 53.894 -278.213
Accel: 0.123 0.394 0.913
Gyro: 215.362 50.872 -273.803
Accel: 0.071 0.361 0.822
Gyro: 231.216 48.675 -269.378
Accel: 0.004 0.320 0.730
Gyro: 242.630 47.531 -261.978
Accel: 0.094 0.286 0.635
Gyro: 250.762 46.859 -262.252
Accel: 0.172 0.246 0.562
Gyro: 255.798 45.303 -258.834
Accel: 0.243 0.224 0.482
Gyro: 257.995 43.746 -255.783
Accel: 0.338 0.205 0.407
Gyro: 257.446 43.151 -252.426
Accel: 0.410 0.162 0.331
Gyro: 254.562 44.219 -246.215
Accel: 0.444 0.130 0.261
Gyro: 247.116 47.454 -238.525
Accel: 0.475 0.120 0.192
Gyro: 235.900 52.810 -231.582
Accel: 0.512 0.094 0.135
Gyro: 220.901 60.272 -224.609
Accel: 0.533 0.072 0.071
Gyro: 200.744 69.686 -216.567
Accel: 0.577 0.045 0.007
Gyro: 172.042 79.116 -208.648
Accel: 0.633 0.035 0.075
Gyro: 136.352 91.949 -200.775
Accel: 0.668 0.029 0.128
Gyro: 97.473 109.207 -191.665
Accel: 0.690 0.037 0.171
Gyro: 59.097 118.637 -181.854
Accel: 0.723 0.058 0.218
Gyro: 23.895 131.286 -172.653
Accel: 0.765 0.073 0.260
Gyro: -4.104 141.769 -163.269
Accel: 0.810 0.103 0.316
Gyro: -32.302 150.0100 -153.945
Accel: 0.842 0.151 0.349
Gyro: -56.076 156.051 -141.540
Accel: 0.919 0.175 0.404
Gyro: -75.576 156.356 -129.425
Accel: 0.988 0.207 0.447
Gyro: -90.408 150.650 -119.689
Accel: -1.034 0.236 0.492
Gyro: -100.753 138.687 -102.310
Accel: -1.069 0.253 0.529
Gyro: -107.086 123.336 -93.185
Accel: -1.103 0.258 0.558
Gyro: -116.943 108.078 -80.154
Accel: -1.186 0.259 0.583
Gyro: -120.162 94.421 -66.970
Accel: -1.136 0.263 0.594
Gyro: -130.264 84.869 -54.168
Accel: -1.137 0.266 0.606
Gyro: -142.456 81.405 -41.961
Accel: -1.138 0.272 0.614
Gyro: -155.715 83.435 -30.609
Accel: -1.128 0.280 0.633
Gyro: -170.684 88.363 -20.843
Accel: -1.112 0.290 0.640
Gyro: -185.806 93.917 -11.108
Accel: -1.107 0.291 0.661
Gyro: -201.873 105.239 -3.814
Accel: -1.108 0.291 0.679
Gyro: -222.152 110.366 0.381
Accel: -1.099 0.297 0.708
Gyro: -239.059 122.177 0.900
Accel: -1.083 0.298 0.729
Gyro: -264.450 134.323 -4.104
Accel: -1.0000 0.306 0.764
Gyro: -284.149 143.417 -9.368
Accel: -1.068 0.302 0.793
Gyro: -296.661 146.118 -16.021
Accel: -1.089 0.285 0.816
Gyro: -309.722 143.142 -23.513
Accel: -1.096 0.281 0.823
Gyro: -318.572 136.398 -28.442
Accel: -1.076 0.323 0.814
Gyro: -323.104 127.288 -30.136
Accel: -1.072 0.335 0.799
Gyro: -324.996 113.601 -25.833
Accel: -1.065 0.337 0.780
Gyro: -322.479 108.306 -17.166
Accel: -1.050 0.336 0.781
Gyro: -321.365 94.451 -7.614
Accel: -1.028 0.338 0.788
Gyro: -321.975 84.106 4.272
Accel: 0.983 0.358 0.784
Gyro: -325.729 65.246 16.876
Accel: 0.919 0.378 0.763
Gyro: -333.145 43.487 29.403
Accel: 0.838 0.397 0.726
Gyro: -342.102 22.186 42.419
Accel: 0.753 0.412 0.677
Gyro: -350.830 2.395 58.471
Accel: 0.656 0.432 0.625
Gyro: -359.802 -18.295 67.428
Accel: 0.556 0.456 0.570
Gyro: -369.430 -32.058 78.735
Accel: 0.453 0.486 0.440
Gyro: -382.064 -49.026 87.509
Accel: 0.344 0.524 0.432
Gyro: -387.512 -69.122 93.429
Accel: 0.245 0.622 0.359
Gyro: -396.652 -81.237 95.809
Accel: 0.065 0.598 0.288
Gyro: -406.661 -97.534 93.811
Accel: 0.049 0.646 0.196
Gyro: -419.921 -115.982 85.861
Accel: 0.102 0.715 0.123
Gyro: -437.225 -139.053 71.884
Accel: 0.221 0.778 0.031
Gyro: -456.527 -167.739 51.864
Accel: 0.343 0.842 0.066
Gyro: -472.183 -200.958 35.064
Accel: 0.477 0.915 0.155
Gyro: -481.811 -234.298 10.665
Accel: 0.714 -1.009 0.293
Gyro: -488.250 -266.769 -24.948
Accel: 0.917 -1.182 0.411
Gyro: -484.725 -298.522 -64.727
Accel: 0.952 -1.207 0.537
Gyro: -487.365 -327.087 -115.280
Accel: 1.132 -1.419 0.599
Gyro: -492.279 -358.062 -177.276
Accel: 1.267 -1.515 0.716
Gyro: -499.969 -388.656 -235.809
Accel: 1.393 -1.675 0.849
Gyro: -499.969 -420.639 -277.084
Accel: 1.620 -1.929 1.041
Gyro: -499.969 -453.430 -300.582
Accel: 1.544 -2.134 1.367
Gyro: -499.969 -488.784 -297.103
Accel: 1.172 -2.068 1.771
Gyro: -498.199 -499.969 -250.320
Accel: 0.889 -2.126 2.171
Gyro: -424.087 -472.793 -163.848
Accel: 1.076 -2.436 2.680
Gyro: -296.646 -377.883 -87.509
Accel: 0.697 -2.123 2.784
Gyro: -171.859 -281.799 -21.713
Accel: 0.431 -1.872 2.590
Gyro: -92.666 -216.094 20.309
Accel: 0.539 -1.625 2.425
Gyro: -44.494 -160.995 40.344
Accel: 0.807 -1.538 2.174
Gyro: -19.302 -121.200 44.113
Accel: 0.852 -1.402 1.953
Gyro: -8.712 -92.605 39.810
Accel: 0.847 -1.270 1.797
Gyro: -14.328 -86.105 33.004
Accel: 0.766 -1.149 1.703
Gyro: -27.969 -94.955 27.648
Accel: 0.688 -1.060 1.652
Gyro: -41.702 -107.345 24.932
Accel: 0.605 0.977 1.635
Gyro: -50.369 -114.013 25.314
Accel: 0.530 0.906 1.643
Gyro: -51.742 -111.694 27.954
Accel: 0.456 0.844 1.649
Gyro: -49.057 -98.663 31.951
Accel: 0.407 0.781 1.637
Gyro: -39.642 -89.584 35.629
Accel: 0.389 0.727 1.613
Gyro: -34.271 -74.890 36.895
Accel: 0.400 0.694 1.567
Gyro: -22.628 -59.860 33.935
Accel: 0.420 0.679 1.523
Gyro: -8.224 -46.524 26.687
Accel: 0.407 0.642 1.462
Gyro: 6.790 -37.963 18.203
Accel: 0.368 0.591 1.400
Gyro: 20.156 -35.919 12.634
Accel: 0.342 0.560 1.351
Gyro: 31.890 -37.643 9.719
Accel: 0.325 0.538 1.296
Gyro: 42.526 -40.466 9.521
Accel: 0.304 0.519 1.245
Gyro: 51.025 -42.343 11.093
Accel: 0.279 0.495 1.197
Gyro: 58.715 -42.800 12.985
Accel: 0.266 0.485 1.152
Gyro: 64.666 -42.327 13.076
Accel: 0.256 0.479 1.111
Gyro: 68.069 -41.915 10.421
Accel: 0.243 0.471 1.080
Gyro: 68.435 -42.434 6.393
Accel: 0.236 0.477 1.051
Gyro: 66.619 -42.572 1.754
Accel: 0.222 0.489 1.036
Gyro: 63.201 -42.465 -3.417
Accel: 0.209 0.506 1.033
Gyro: 60.134 -42.831 -8.148
Accel: 0.178 0.524 1.036
Gyro: 59.341 -41.900 -11.428
Accel: 0.141 0.542 1.056
Gyro: 63.003 -40.267 -12.084
Accel: 0.062 0.610 0.903
Gyro: 69.122 -40.435 -7.949
Accel: 0.181 0.577 0.900
Gyro: 72.418 -38.024 -4.013
Accel: 0.154 0.625 1.068
Gyro: 79.620 -35.308 1.007
Accel: 0.167 0.619 1.048
Gyro: 85.952 -32.806 6.134
Accel: 0.164 0.624 1.002
Gyro: 92.086 -31.433 15.060
Accel: 0.172 0.618 1.002
Gyro: 99.105 -31.341 16.403
Accel: 0.205 0.623 1.036
Gyro: 108.352 -33.050 20.370
Accel: 0.241 0.631 1.045
Gyro: 119.338 -35.888 22.628
Accel: 0.275 0.638 1.054
Gyro: 133.941 -38.055 23.529
Accel: 0.292 0.629 1.055
Gyro: 151.428 -38.528 23.712
Accel: 0.286 0.603 1.051
Gyro: 156.280 -36.849 24.520
Accel: 0.268 0.557 1.049
Gyro: 159.896 -34.011 27.130
Accel: 0.268 0.523 1.046
Gyro: 159.362 -28.442 30.990
Accel: 0.285 0.491 1.026
Gyro: 156.036 -20.019 38.742
Accel: 0.310 0.460 1.007
Gyro: 150.848 -9.353 39.108
Accel: 0.333 0.425 0.997
Gyro: 144.256 0.747 42.633
Accel: 0.354 0.389 0.970
Gyro: 133.102 14.816 44.692
Accel: 0.366 0.358 0.942
Gyro: 127.151 18.722 44.708
Accel: 0.365 0.317 0.916
Gyro: 116.546 23.895 43.060
Accel: 0.356 0.280 0.893
Gyro: 102.401 27.191 40.481
Accel: 0.346 0.249 0.874
Gyro: 95.718 29.022 36.880
Accel: 0.319 0.224 0.860
Gyro: 84.503 30.258 32.669
Accel: 0.291 0.194 0.850
Gyro: 72.967 31.265 29.205
Accel: 0.275 0.171 0.790
Gyro: 60.882 30.532 25.985
Accel: 0.250 0.171 0.824
Gyro: 53.146 34.317 19.546
Accel: 0.261 0.160 0.867
Gyro: 45.394 39.642 22.003
Accel: 0.271 0.156 0.819
Gyro: 38.406 42.724 21.392
Accel: 0.291 0.160 0.856
Gyro: 31.768 42.388 20.675
Accel: 0.276 0.139 0.890
Gyro: 29.235 42.709 19.363
Accel: 0.250 0.117 0.845
Gyro: 28.488 42.358 18.432
Accel: 0.216 0.126 0.811
Gyro: 28.564 41.625 17.623
Accel: 0.189 0.139 0.798
Gyro: 27.893 40.344 17.181
Accel: 0.168 0.139 0.792
Gyro: 25.146 36.071 18.249
Accel: 0.163 0.144 0.780
Gyro: 16.036 30.471 20.996
Accel: 0.171 0.145 0.771
Gyro: 13.168 24.948 24.932
Accel: 0.183 0.141 0.768
Gyro: 4.791 20.278 29.861
Accel: 0.186 0.133 0.770
Gyro: -4.440 16.860 35.095
Accel: 0.180 0.120 0.777
Gyro: -13.748 13.488 39.215
Accel: 0.168 0.114 0.788
Gyro: -23.147 10.925 41.915
Accel: 0.146 0.109 0.795
Gyro: -32.897 8.850 42.312
Accel: 0.120 0.103 0.806
Gyro: -46.630 6.637 41.275
Accel: 0.104 0.0100 0.824
Gyro: -54.809 4.577 39.474
Accel: 0.097 0.108 0.848
Gyro: -66.757 4.043 37.811
