Accel: 0.245 0.243 0.950
Gyro: -4.394 8.117 -5.477
Accel: 0.250 0.239 0.952
Gyro: -6.240 9.262 -5.294
Accel: 0.251 0.235 0.953
Gyro: -7.507 10.787 -4.745
Accel: 0.187 0.232 0.953
Gyro: -8.392 11.962 -4.562
Accel: 0.252 0.235 0.954
Gyro: -8.666 12.725 -4.699
Accel: 0.260 0.234 0.954
Gyro: -8.560 12.680 -5.233
Accel: 0.263 0.233 0.952
Gyro: -7.614 12.466 -5.661
Accel: 0.262 0.229 0.950
Gyro: -6.759 11.383 -5.920
Accel: 0.265 0.225 0.951
Gyro: -5.599 9.948 -6.759
Accel: 0.277 0.223 0.953
Gyro: -4.196 8.636 -7.324
Accel: 0.284 0.220 0.953
Gyro: -2.044 7.873 -6.958
Accel: 0.285 0.211 0.950
Gyro: 0.091 7.034 -6.103
Accel: 0.286 0.209 0.948
Gyro: 1.632 5.416 -5.249
Accel: 0.288 0.208 0.945
Gyro: 3.356 3.753 -4.776
Accel: 0.298 0.214 0.943
Gyro: 5.630 2.380 -4.760
Accel: 0.304 0.218 0.937
Gyro: 7.537 1.022 -4.608
Accel: 0.298 0.217 0.932
Gyro: 8.499 0.976 -4.272
Accel: 0.304 0.220 0.927
Gyro: 8.407 -3.372 -3.372
Accel: 0.302 0.221 0.929
Gyro: 7.781 -5.722 -2.731
Accel: 0.301 0.218 0.940
Gyro: 7.064 -7.415 -2.288
Accel: 0.299 0.225 0.954
Gyro: 6.988 -6.927 -1.739
Accel: 0.297 0.225 0.960
Gyro: 7.415 -5.081 0.915
Accel: 0.295 0.226 0.954
Gyro: 7.232 -2.883 0.076
Accel: 0.294 0.226 0.947
Gyro: 6.195 -1.708 1.312
Accel: 0.283 0.229 0.944
Gyro: 5.004 0.976 2.685
Accel: 0.278 0.235 0.944
Gyro: 3.616 0.961 2.792
Accel: 0.277 0.241 0.951
Gyro: 3.250 -1.403 1.739
Accel: 0.270 0.242 0.953
Gyro: 3.860 -1.861 0.473
Accel: 0.269 0.241 0.955
Gyro: 4.867 -2.502 0.259
Accel: 0.270 0.242 0.951
Gyro: 6.164 -3.631 0.610
Accel: 0.268 0.241 0.948
Gyro: 7.400 -4.745 0.732
Accel: 0.263 0.239 0.948
Gyro: 9.124 -6.408 0.930
Accel: 0.260 0.238 0.947
Gyro: 10.864 -8.651 -1.281
Accel: 0.258 0.233 0.948
Gyro: 13.198 -11.322 -1.983
Accel: 0.256 0.231 0.950
Gyro: 16.525 -14.328 -2.593
Accel: 0.251 0.233 0.953
Gyro: 20.401 -17.395 -3.143
Accel: 0.245 0.233 0.948
Gyro: 23.834 -20.523 -3.799
Accel: 0.236 0.236 0.953
Gyro: 27.053 -23.712 -4.531
Accel: 0.236 0.238 0.954
Gyro: 29.907 -25.909 -5.584
Accel: 0.233 0.239 0.955
Gyro: 32.653 -27.557 -6.744
Accel: 0.228 0.240 0.948
Gyro: 34.103 -27.877 -7.522
Accel: 0.231 0.248 0.941
Gyro: 33.889 -27.069 -8.178
Accel: 0.236 0.254 0.931
Gyro: 32.012 -24.993 -8.621
Accel: 0.239 0.255 0.919
Gyro: 28.320 -22.552 -8.758
Accel: 0.242 0.260 0.917
Gyro: 23.300 -20.187 -8.117
Accel: 0.244 0.260 0.923
Gyro: 18.142 -17.059 -7.232
Accel: 0.245 0.263 0.932
Gyro: 13.504 -13.031 -5.859
Accel: 0.247 0.270 0.940
Gyro: 9.613 -7.736 -4.547
Accel: 0.254 0.278 0.941
Gyro: 6.668 -2.227 -3.768
Accel: 0.260 0.283 0.940
Gyro: 3.723 2.487 -3.189
Accel: 0.265 0.286 0.933
Gyro: 1.251 6.210 -2.899
Accel: 0.273 0.290 0.926
Gyro: -1.144 8.621 -2.395
Accel: 0.279 0.288 0.920
Gyro: -3.479 10.040 -1.632
Accel: 0.284 0.284 0.918
Gyro: -4.852 10.314 0.885
Accel: 0.287 0.283 0.921
Gyro: -5.493 9.841 0.183
Accel: 0.286 0.281 0.926
Gyro: -5.233 9.155 0.183
Accel: 0.293 0.282 0.930
Gyro: -4.501 8.377 0.473
Accel: 0.295 0.282 0.932
Gyro: -3.585 7.736 0.823
Accel: 0.297 0.285 0.932
Gyro: -2.410 7.446 1.525
Accel: 0.297 0.289 0.928
Gyro: -1.541 7.614 2.090
Accel: 0.302 0.296 0.922
Gyro: 0.854 7.843 2.395
Accel: 0.296 0.297 0.914
Gyro: 0.686 7.614 2.410
Accel: 0.302 0.304 0.911
Gyro: 0.915 7.080 2.090
Accel: 0.308 0.305 0.909
Gyro: -1.373 6.439 1.724
Accel: 0.303 0.299 0.909
Gyro: -1.968 5.477 1.541
Accel: 0.299 0.293 0.911
Gyro: -2.761 4.241 1.525
Accel: 0.301 0.291 0.917
Gyro: -2.670 3.082 1.678
Accel: 0.299 0.286 0.923
Gyro: -1.647 2.777 2.304
Accel: 0.291 0.282 0.923
Gyro: 0.656 2.471 2.822
Accel: 0.297 0.286 0.920
Gyro: 0.335 2.243 3.311
Accel: 0.304 0.287 0.919
Gyro: 0.152 2.471 3.997
Accel: 0.301 0.282 0.916
Gyro: 1.113 2.914 4.684
Accel: 0.291 0.282 0.912
Gyro: 1.556 2.609 5.844
Accel: 0.285 0.281 0.910
Gyro: 1.266 1.632 6.164
Accel: 0.294 0.286 0.914
Gyro: 1.190 0.976 6.225
Accel: 0.290 0.284 0.915
Gyro: 1.739 0.885 6.530
Accel: 0.289 0.284 0.911
Gyro: 2.441 0.946 7.125
Accel: 0.291 0.288 0.905
Gyro: 2.426 0.808 8.026
Accel: 0.278 0.284 0.901
Gyro: 1.724 0.228 8.560
Accel: 0.268 0.285 0.906
Gyro: 0.732 -1.510 8.331
Accel: 0.262 0.290 0.914
Gyro: 0.152 -2.380 7.415
Accel: 0.261 0.293 0.921
Gyro: 0.152 -2.182 6.423
Accel: 0.259 0.298 0.921
Gyro: 0.473 -1.937 5.813
Accel: 0.254 0.293 0.918
Gyro: 0.549 -1.495 5.279
Accel: 0.247 0.293 0.917
Gyro: 0.305 -1.800 4.852
Accel: 0.250 0.297 0.918
Gyro: -3.906 -1.815 4.394
Accel: 0.246 0.292 0.916
Gyro: 0.228 -1.998 3.555
Accel: 0.241 0.291 0.914
Gyro: 0.259 -2.212 2.716
Accel: 0.241 0.293 0.911
Gyro: 0.671 -3.112 2.471
Accel: 0.240 0.295 0.910
Gyro: 0.961 -4.394 2.365
Accel: 0.240 0.296 0.910
Gyro: -1.220 -5.752 2.471
Accel: 0.239 0.299 0.911
Gyro: 0.717 -7.522 3.143
Accel: 0.231 0.302 0.916
Gyro: 0.045 -9.094 3.768
Accel: 0.224 0.310 0.919
Gyro: 0.564 -9.841 3.921
Accel: 0.217 0.313 0.924
Gyro: 0.503 -9.460 3.356
Accel: 0.204 0.320 0.922
Gyro: 0.122 -8.193 2.365
Accel: 0.197 0.324 0.925
Gyro: -1.892 -7.431 1.358
Accel: 0.193 0.326 0.927
Gyro: -3.723 -6.744 0.320
Accel: 0.195 0.326 0.931
Gyro: -5.203 -6.393 -1.754
Accel: 0.193 0.324 0.939
Gyro: -6.179 -6.637 -2.639
Accel: 0.196 0.320 0.945
Gyro: -6.439 -7.095 -3.189
Accel: 0.184 0.307 0.947
Gyro: -6.027 -7.095 -3.982
Accel: 0.181 0.305 0.953
Gyro: -5.218 -7.369 -4.974
Accel: 0.187 0.304 0.962
Gyro: -4.623 -7.995 -6.469
Accel: 0.184 0.299 0.965
Gyro: -3.799 -8.316 -7.827
Accel: 0.183 0.289 0.967
Gyro: -2.761 -8.407 -9.155
Accel: 0.192 0.286 0.966
Gyro: -1.586 -8.377 -9.963
Accel: 0.205 0.284 0.962
Gyro: 0.305 -8.499 -10.116
Accel: 0.211 0.279 0.957
Gyro: 0.808 -8.819 -10.223
Accel: 0.218 0.275 0.957
Gyro: 1.571 -9.796 -10.375
Accel: 0.228 0.273 0.954
Gyro: 2.258 -10.620 -10.635
Accel: 0.223 0.260 0.955
Gyro: 2.792 -11.0001 -10.910
Accel: 0.224 0.257 0.952
Gyro: 3.067 -11.566 -10.818
Accel: 0.230 0.250 0.954
Gyro: 3.097 -13.031 -10.498
Accel: 0.228 0.249 0.957
Gyro: 2.990 -14.694 -10.086
Accel: 0.220 0.242 0.961
Gyro: 3.128 -15.121 -9.567
Accel: 0.216 0.241 0.965
Gyro: 3.448 -15.029 -9.002
Accel: 0.214 0.239 0.967
Gyro: 3.738 -15.151 -8.636
Accel: 0.213 0.239 0.968
Gyro: 3.677 -15.487 -8.575
Accel: 0.225 0.237 0.978
Gyro: 3.814 -17.257 -8.666
Accel: 0.222 0.225 0.986
Gyro: 4.608 -20.324 -8.132
Accel: 0.214 0.214 0.985
Gyro: 5.584 -24.383 -6.896
Accel: 0.201 0.204 0.983
Gyro: 8.377 -27.587 -5.218
Accel: 0.198 0.213 1.004
Gyro: 14.694 -29.098 -3.829
Accel: 0.188 0.225 1.011
Gyro: 22.109 -29.388 -3.112
Accel: 0.174 0.238 1.0010
Gyro: 28.640 -30.181 -2.685
Accel: 0.165 0.254 1.005
Gyro: 33.828 -30.761 -2.395
Accel: 0.160 0.269 0.994
Gyro: 37.857 -30.899 -2.151
Accel: 0.154 0.282 0.978
Gyro: 40.802 -31.005 -1.831
Accel: 0.151 0.297 0.963
Gyro: 42.312 -35.140 -1.556
Accel: 0.137 0.305 0.954
Gyro: 42.831 -32.165 -1.281
Accel: 0.128 0.312 0.940
Gyro: 42.816 -33.370 -1.068
Accel: 0.355 0.875 0.568
Gyro: 34.713 -66.650 -44.784
Accel: 0.324 0.849 0.569
Gyro: 35.888 -64.559 -49.026
Accel: 0.294 0.828 0.561
Gyro: 36.605 -61.141 -49.407
Accel: 0.273 0.808 0.545
Gyro: 36.895 -57.373 -46.005
Accel: 0.253 0.798 0.523
Gyro: 37.185 -54.397 -35.766
Accel: 0.250 0.801 0.440
Gyro: 37.918 -53.527 -32.165
Accel: 0.260 0.809 0.482
Gyro: 39.825 -55.267 -26.870
Accel: 0.258 0.824 0.470
Gyro: 43.182 -58.685 -25.314
Accel: 0.255 0.836 0.454
Gyro: 47.470 -62.545 -26.031
Accel: 0.260 0.835 0.436
Gyro: 49.301 -66.116 -27.343
Accel: 0.260 0.832 0.420
Gyro: 46.646 -69.625 -27.297
Accel: 0.263 0.837 0.418
Gyro: 41.137 -72.235 -25.405
Accel: 0.264 0.855 0.427
Gyro: 34.622 -73.577 -22.476
Accel: 0.276 0.894 0.449
Gyro: 31.005 -74.630 -19.866
Accel: 0.279 0.949 0.476
Gyro: 30.807 -75.317 -19.348
Accel: 0.278 1.002 0.501
Gyro: 36.773 -76.980 -21.896
Accel: 0.285 1.039 0.511
Gyro: 48.187 -81.420 -26.901
Accel: 0.299 1.057 0.498
Gyro: 63.125 -86.502 -33.752
Accel: 0.303 1.074 0.468
Gyro: 78.231 -91.598 -40.496
Accel: 0.317 1.086 0.420
Gyro: 89.431 -95.977 -45.532
Accel: 0.332 1.103 0.362
Gyro: 95.581 -98.464 -50.277
Accel: 0.321 1.127 0.310
Gyro: 96.649 -99.395 -55.007
Accel: 0.315 1.142 0.259
Gyro: 95.825 -101.974 -60.165
Accel: 0.281 1.161 0.205
Gyro: 95.748 -106.002 -67.062
Accel: 0.243 1.182 0.146
Gyro: 96.923 -110.687 -73.745
Accel: 0.228 1.177 0.095
Gyro: 97.473 -117.614 -78.475
Accel: 0.251 1.141 0.060
Gyro: 94.207 -125.122 -79.650
Accel: 0.315 1.114 0.060
Gyro: 84.945 -131.271 -76.385
Accel: 0.348 1.119 0.082
Gyro: 73.150 -135.437 -66.833
Accel: 0.338 1.154 0.116
Gyro: 63.095 -135.864 -63.201
Accel: 0.312 1.191 0.142
Gyro: 57.083 -132.049 -56.549
Accel: 0.287 1.208 0.156
Gyro: 55.191 -124.313 -51.452
Accel: 0.262 1.210 0.141
Gyro: 54.718 -110.382 -48.202
Accel: 0.268 1.125 0.111
Gyro: 53.680 -104.568 -45.394
Accel: 0.333 1.168 0.079
Gyro: 50.491 -94.741 -44.525
Accel: 0.352 1.178 0.043
Gyro: 45.364 -84.350 -48.553
Accel: 0.386 1.167 0.012
Gyro: 38.619 -76.034 -56.411
Accel: 0.399 1.144 0.017
Gyro: 32.546 -71.807 -65.231
Accel: 0.378 1.111 0.031
Gyro: 29.800 -72.784 -75.210
Accel: 0.337 1.065 0.038
Gyro: 30.868 -81.558 -83.984
Accel: 0.281 1.011 0.038
Gyro: 33.889 -89.553 -90.362
Accel: 0.242 0.958 0.032
Gyro: 38.299 -92.941 -92.544
Accel: 0.213 0.906 0.024
Gyro: 41.549 -98.159 -91.156
Accel: 0.162 0.873 0.017
Gyro: 43.334 -100.402 -86.212
Accel: 0.162 0.843 0.015
Gyro: 42.770 -98.693 -78.765
Accel: 0.151 0.821 0.020
Gyro: 38.650 -94.390 -71.624
Accel: 0.153 0.809 0.022
Gyro: 31.433 -88.378 -65.414
Accel: 0.168 0.793 0.025
Gyro: 22.674 -78.704 -59.722
Accel: 0.157 0.779 0.023
Gyro: 14.358 -75.942 -56.961
Accel: 0.156 0.767 0.012
Gyro: 7.614 -68.481 -56.655
Accel: 0.153 0.736 0.003
Gyro: 1.617 -60.195 -58.944
Accel: 0.116 0.693 0.018
Gyro: -1.434 -52.276 -62.179
Accel: 0.052 0.655 0.029
Gyro: -2.105 -45.806 -62.316
Accel: 0.011 0.603 0.035
Gyro: 0.701 -41.305 -58.013
Accel: 0.052 0.568 0.0010
Gyro: 5.737 -39.169 -47.164
Accel: 0.115 0.527 0.020
Gyro: 11.322 -40.435 -40.863
Accel: 0.178 0.472 0.045
Gyro: 16.265 -43.853 -24.322
Accel: 0.289 0.472 0.074
Gyro: 23.193 -48.965 -7.934
Accel: 0.333 0.432 0.086
Gyro: 22.064 -58.273 9.017
Accel: 0.349 0.368 0.097
Gyro: 24.429 -57.723 34.744
Accel: 0.334 0.320 0.114
Gyro: 24.414 -57.739 68.038
Accel: 0.297 0.285 0.120
Gyro: 19.561 -55.374 106.430
Accel: 0.130 0.267 0.121
Gyro: 9.963 -47.393 145.553
Accel: 0.071 0.321 0.116
Gyro: -4.165 -33.660 178.939
Accel: 0.195 0.430 0.118
Gyro: -22.308 -16.540 195.907
Accel: -7.858 2.684 1.914
Gyro: -49.911 -63.186 -98.251
Accel: 7.418 1.951 2.574
Gyro: -49.758 -48.339 -80.749
Accel: 0.369 1.0001 0.249
Gyro: -28.823 -24.826 -75.561
Accel: 0.362 0.522 0.808
Gyro: -5.599 -10.467 -34.667
Accel: 0.305 0.856 0.485
Gyro: 13.366 6.912 26.779
Accel: 0.141 0.798 0.170
Gyro: 16.098 21.194 69.259
Accel: 0.391 0.867 0.141
Gyro: 2.929 36.117 81.130
Accel: 0.589 1.063 0.114
Gyro: -20.980 54.229 53.955
Accel: 0.639 1.208 0.030
Gyro: -38.589 71.121 0.854
Accel: 0.500 1.273 0.023
Gyro: -41.763 88.699 -64.712
Accel: 0.263 1.070 0.059
Gyro: -27.404 93.444 -121.932
Accel: 0.056 0.855 0.029
Gyro: -2.090 81.329 -155.532
Accel: 0.322 0.567 0.107
Gyro: 31.082 53.405 -161.651
Accel: 0.727 0.425 0.213
Gyro: 75.759 14.526 -146.133
Accel: -1.018 0.273 0.291
Gyro: 116.577 -33.432 -111.892
Accel: -1.258 0.159 0.355
Gyro: 142.257 -79.696 -56.457
Accel: -1.336 0.080 0.395
Gyro: 145.843 -105.957 10.772
Accel: -1.268 0.063 0.420
Gyro: 126.998 -106.323 88.684
Accel: -1.132 0.086 0.437
Gyro: 91.583 -83.297 159.301
Accel: 0.789 0.0100 0.386
Gyro: 44.113 -46.661 175.872
Accel: -5.089 3.317 -4.182
Gyro: -17.196 -60.806 53.237
Accel: 0.858 1.122 0.171
Gyro: -44.570 0.549 0.640
Accel: 0.132 0.880 0.337
Gyro: -66.055 26.885 22.064
Accel: 0.094 0.718 0.291
Gyro: -61.752 51.834 62.423
Accel: 0.242 0.712 0.177
Gyro: -61.004 79.986 106.369
Accel: 0.204 0.863 2.311
Gyro: -71.228 55.023 110.214
Accel: 0.299 1.145 0.776
Gyro: -85.662 77.774 95.596
Accel: 0.449 1.187 0.109
Gyro: -92.178 89.309 51.040
Accel: 0.487 1.356 0.245
Gyro: -85.067 92.773 -7.949
Accel: 0.432 1.259 0.090
Gyro: -55.938 88.348 -66.909
Accel: 0.197 1.146 0.213
Gyro: -21.423 68.603 -115.158
Accel: 0.052 0.968 0.080
Gyro: 26.016 35.324 -146.942
Accel: 0.250 0.771 0.058
Gyro: 73.593 -7.537 -157.501
Accel: 0.518 0.618 0.184
Gyro: 114.013 -49.468 -151.306
Accel: 0.794 0.507 0.264
Gyro: 139.160 -78.201 -126.754
Accel: -1.045 0.432 0.275
Gyro: 143.478 -92.788 -91.827
Accel: -1.209 0.343 0.292
Gyro: 123.382 -84.884 -45.013
Accel: -1.290 0.241 0.374
Gyro: 88.317 -58.563 21.301
Accel: -1.191 0.144 0.342
Gyro: 36.407 -22.323 99.670
Accel: -1.168 0.102 0.385
Gyro: -6.515 14.862 180.221
Accel: 0.997 0.091 0.423
Gyro: -52.154 39.916 252.990
Accel: -7.999 2.315 3.722
Gyro: -98.144 -22.628 28.961
Accel: -2.967 1.598 2.189
Gyro: -79.284 11.901 -5.508
Accel: 0.342 0.737 0.914
Gyro: -66.772 22.888 16.098
Accel: 0.089 1.039 0.377
Gyro: -24.902 23.818 68.679
Accel: 1.162 1.308 0.201
Gyro: -6.866 15.640 91.735
Accel: 0.020 0.914 0.283
Gyro: -9.231 18.478 110.412
Accel: 0.653 1.032 0.311
Gyro: -38.375 16.067 80.856
Accel: 0.528 1.129 0.203
Gyro: -60.607 35.110 45.349
Accel: 0.650 1.265 0.234
Gyro: -70.175 52.795 -2.227
Accel: 0.594 1.309 0.112
Gyro: -65.216 65.231 -53.894
Accel: 0.253 1.239 0.115
Gyro: -36.437 71.670 -99.319
Accel: 0.074 1.090 0.056
Gyro: 8.056 56.823 -129.608
Accel: 0.286 0.854 0.092
Gyro: 55.969 30.044 -143.600
Accel: 0.555 0.668 0.155
Gyro: 98.815 -2.441 -139.877
Accel: 0.722 0.553 0.283
Gyro: 123.794 -27.847 -120.208
Accel: 0.863 0.469 0.356
Gyro: 121.978 -44.387 -85.586
Accel: 0.963 0.390 0.418
Gyro: 102.340 -44.265 -41.961
Accel: -1.122 0.305 0.474
Gyro: 67.932 -32.012 6.225
Accel: -1.223 0.213 0.519
Gyro: 30.151 -14.205 65.505
Accel: -1.230 0.115 0.564
Gyro: -3.448 2.914 118.820
Accel: -1.214 0.074 0.603
Gyro: -33.172 0.137 179.595
Accel: 5.782 7.685 0.854
Gyro: -51.803 -48.583 -116.180
Accel: -3.945 2.209 0.284
Gyro: -79.452 -30.456 -25.650
Accel: -1.490 0.614 0.941
Gyro: -73.150 36.407 -5.935
Accel: 0.202 1.434 0.137
Gyro: -64.468 26.184 21.240
Accel: 0.021 1.061 0.042
Gyro: -36.285 31.188 26.336
Accel: 0.037 1.157 0.007
Gyro: -20.202 25.253 35.278
Accel: 0.061 0.981 0.126
Gyro: -21.728 21.499 37.384
Accel: 0.008 0.945 0.002
Gyro: -31.509 26.657 33.187
Accel: 0.0001 0.921 0.184
Gyro: -40.420 28.350 26.473
Accel: 0.031 0.890 0.070
Gyro: -48.339 35.369 20.446
Accel: 0.023 0.927 0.104
Gyro: -54.306 40.267 15.502
Accel: 0.013 0.946 0.118
Gyro: -56.228 43.365 11.215
Accel: 0.019 0.945 0.072
Gyro: -53.283 43.945 8.651
Accel: 0.037 0.954 0.012
Gyro: -47.225 41.564 8.056
Accel: 0.026 0.989 0.023
Gyro: -41.839 37.551 8.102
Accel: 0.037 1.0010 0.035
Gyro: -39.688 34.347 9.140
Accel: 0.048 1.008 0.025
Gyro: -38.024 27.450 10.665
Accel: 0.039 1.062 0.020
Gyro: -35.919 28.549 11.260
Accel: 0.046 0.985 0.029
Gyro: -35.095 26.794 10.650
Accel: 0.043 0.966 0.023
Gyro: -36.544 26.046 9.033
Accel: 0.040 0.956 0.025
Gyro: -39.0001 25.985 6.347
Accel: 0.033 0.944 0.042
Gyro: -40.664 25.115 2.899
Accel: 0.037 0.945 0.052
Gyro: -41.809 24.169 0.427
Accel: 0.049 0.953 0.065
Gyro: -41.397 22.537 0.717
Accel: 0.046 0.964 0.082
Gyro: -37.918 15.808 -1.419
Accel: 0.034 0.978 0.0000
Gyro: -31.219 16.921 -3.540
Accel: 0.039 0.978 0.086
Gyro: -27.008 14.190 -4.669
Accel: 0.051 0.991 0.071
Gyro: -27.679 13.702 -4.974
Accel: 0.053 0.995 0.058
Gyro: -31.341 15.258 -5.157
Accel: 0.055 0.995 0.060
Gyro: -35.369 16.784 -5.432
Accel: 0.058 0.987 0.091
Gyro: -39.932 18.783 -4.501
Accel: 0.056 0.985 0.092
Gyro: -44.372 18.951 -3.005
Accel: 0.051 0.992 0.116
Gyro: -48.645 19.836 -1.693
Accel: 0.049 1.005 0.180
Gyro: -58.197 21.057 -1.571
Accel: 0.064 0.999 0.124
Gyro: -65.979 23.880 0.106
Accel: 0.072 0.989 0.116
Gyro: -69.076 26.687 2.304
Accel: 0.068 0.990 0.136
Gyro: -74.035 28.854 5.371
Accel: 0.061 1.0001 0.142
Gyro: -74.630 29.479 8.132
Accel: 0.055 1.025 0.170
Gyro: -72.387 28.045 9.277
Accel: 0.038 1.067 0.196
Gyro: -67.306 25.894 8.392
Accel: 0.030 1.061 0.181
Gyro: -58.242 22.064 6.683
Accel: 0.045 1.013 0.162
Gyro: -49.133 18.676 6.484
Accel: 0.072 1.023 0.153
Gyro: -47.454 20.706 9.033
Accel: 0.083 1.045 0.158
Gyro: -52.780 26.138 12.191
Accel: 0.086 1.047 0.161
Gyro: -60.409 32.501 15.304
Accel: 0.079 1.031 0.165
Gyro: -67.565 38.543 17.852
Accel: 0.069 1.002 0.186
Gyro: -71.670 43.090 19.531
Accel: 0.055 0.969 0.210
Gyro: -70.663 45.150 19.958
Accel: 0.044 0.957 0.265
Gyro: -65.673 44.815 19.943
Accel: 0.043 0.943 0.281
Gyro: -57.434 41.397 20.080
Accel: 0.039 0.926 0.319
Gyro: -44.921 34.194 20.294
Accel: 0.032 0.915 0.357
Gyro: -24.520 20.156 20.751
Accel: 0.035 0.907 0.390
Gyro: -10.955 12.619 21.514
Accel: 0.036 0.907 0.393
Gyro: 4.730 1.602 21.652
Accel: 0.042 0.900 0.372
Gyro: 15.426 -6.774 20.980
Accel: 0.057 0.907 0.364
Gyro: 20.538 -12.344 20.294
Accel: 0.060 0.927 0.342
Gyro: 22.659 -15.686 18.814
Accel: 0.066 0.935 0.329
Gyro: 22.994 -18.615 17.837
Accel: 0.078 0.957 0.316
Gyro: 22.583 -20.156 17.593
Accel: 0.090 0.977 0.305
Gyro: 20.751 -20.736 18.554
Accel: 0.095 0.980 0.285
Gyro: 18.280 -20.614 19.744
Accel: 0.094 0.962 0.268
Gyro: 16.616 -20.065 19.851
Accel: 0.088 0.936 0.250
Gyro: 16.586 -19.317 18.615
Accel: 0.087 0.923 0.258
Gyro: 18.005 -19.180 16.891
Accel: 0.095 0.932 0.260
Gyro: 20.339 -19.485 15.411
Accel: 0.107 0.946 0.242
Gyro: 22.384 -19.256 14.694
Accel: 0.118 0.961 0.227
Gyro: 22.338 -17.669 14.846
Accel: 0.123 0.968 0.229
Gyro: 19.927 -15.197 14.862
Accel: 0.125 0.965 0.238
Gyro: 12.161 -12.481 14.297
Accel: 0.123 0.954 0.237
Gyro: 11.886 -10.162 13.473
Accel: 0.123 0.945 0.236
Gyro: 7.812 -7.904 11.657
Accel: 0.119 0.934 0.236
Gyro: 4.013 -5.874 9.750
Accel: 0.124 0.940 0.225
Gyro: 0.213 -3.799 7.690
Accel: 0.139 0.960 0.210
Gyro: -7.766 3.768 6.668
Accel: 0.151 0.875 0.192
Gyro: -9.887 4.638 7.263
