Accel: 0.265 0.441 0.912
Gyro: 1.876 16.601 -3.845
Accel: 0.264 0.421 0.906
Gyro: 2.929 13.961 -2.655
Accel: 0.259 0.426 0.882
Gyro: 3.936 11.703 -2.426
Accel: 0.241 0.434 0.876
Gyro: 5.142 7.873 -1.541
Accel: 0.233 0.431 0.892
Gyro: 4.791 2.838 -2.044
Accel: 0.233 0.402 0.908
Gyro: 6.881 0.503 -2.014
Accel: 0.239 0.392 0.902
Gyro: 9.140 -1.602 -1.571
Accel: 0.250 0.382 0.886
Gyro: 10.910 -2.029 0.244
Accel: 0.253 0.372 0.872
Gyro: 11.077 -2.365 1.007
Accel: 0.252 0.313 0.862
Gyro: 9.124 -2.868 2.014
Accel: 0.258 0.386 0.862
Gyro: 6.484 -4.501 3.097
Accel: 0.260 0.386 0.872
Gyro: 0.167 -6.057 4.394
Accel: 0.254 0.377 0.880
Gyro: 1.693 -6.286 5.798
Accel: 0.275 0.363 0.884
Gyro: -1.174 -5.264 6.790
Accel: 0.229 0.399 0.889
Gyro: -3.784 -1.449 9.719
Accel: 0.223 0.417 0.905
Gyro: -7.675 0.259 11.184
Accel: 0.208 0.425 0.918
Gyro: -10.955 0.320 11.032
Accel: 0.210 0.432 0.998
Gyro: -12.329 0.549 11.581
Accel: 0.207 0.431 0.952
Gyro: -11.108 -1.632 12.298
Accel: 0.202 0.429 0.963
Gyro: -7.553 -1.953 13.046
Accel: 0.196 0.434 0.961
Gyro: -4.180 -1.907 13.534
Accel: 0.191 0.440 0.956
Gyro: -1.693 -2.212 13.641
Accel: 0.191 0.447 0.954
Gyro: 0.152 -3.189 13.366
Accel: 0.194 0.447 0.956
Gyro: 2.471 -4.852 12.741
Accel: 0.193 0.442 0.953
Gyro: 4.440 -6.530 12.039
Accel: 0.192 0.375 0.946
Gyro: 6.011 -7.629 11.199
Accel: 0.194 0.431 0.935
Gyro: 6.546 -8.270 10.559
Accel: 0.193 0.431 0.924
Gyro: 6.851 -8.438 9.933
Accel: 0.194 0.430 0.920
Gyro: 7.019 -8.666 9.307
Accel: 0.195 0.418 0.918
Gyro: 7.553 -8.422 9.002
Accel: 0.196 0.407 0.913
Gyro: 8.270 -7.461 9.277
Accel: 0.191 0.402 0.906
Gyro: 8.605 -5.798 9.475
Accel: 0.186 0.402 0.898
Gyro: 8.0010 -4.638 9.384
Accel: 0.184 0.396 0.883
Gyro: 7.202 -4.058 9.399
Accel: 0.172 0.398 0.888
Gyro: 6.835 -3.311 9.307
Accel: 0.200 0.389 0.905
Gyro: 8.392 -2.899 8.666
Accel: 0.193 0.400 0.895
Gyro: 9.536 -1.388 8.605
Accel: 0.197 0.396 0.890
Gyro: 9.674 0.946 9.307
Accel: 0.189 0.392 0.884
Gyro: 8.361 0.625 9.414
Accel: 0.184 0.392 0.881
Gyro: 7.400 -1.037 9.338
Accel: 0.189 0.397 0.889
Gyro: 6.744 -1.678 9.399
Accel: 0.197 0.400 0.896
Gyro: 6.286 -1.541 9.933
Accel: 0.193 0.397 0.900
Gyro: 6.042 0.518 10.559
Accel: 0.184 0.398 0.898
Gyro: 5.233 0.045 10.955
Accel: 0.180 0.402 0.895
Gyro: 4.379 0.015 10.971
Accel: 0.179 0.402 0.895
Gyro: 4.074 0.442 11.0001
Accel: 0.183 0.404 0.896
Gyro: 4.150 0.778 11.306
Accel: 0.182 0.406 0.895
Gyro: 3.692 0.762 11.825
Accel: 0.177 0.416 0.898
Gyro: 1.571 0.930 11.932
Accel: 0.175 0.423 0.902
Gyro: 0.961 -1.770 11.627
Accel: 0.179 0.419 0.910
Gyro: -2.777 -2.548 11.306
Accel: 0.188 0.417 0.915
Gyro: -2.929 -3.494 11.337
Accel: 0.188 0.415 0.920
Gyro: -1.754 -3.982 11.779
Accel: 0.186 0.413 0.929
Gyro: 0.579 -3.723 12.145
Accel: 0.178 0.420 0.932
Gyro: 0.350 -3.479 11.978
Accel: 0.174 0.425 0.929
Gyro: 1.724 -3.799 11.383
Accel: 0.177 0.418 0.927
Gyro: 3.479 -4.272 11.215
Accel: 0.181 0.406 0.921
Gyro: 5.554 -4.714 11.306
Accel: 0.183 0.407 0.914
Gyro: 7.492 -5.569 11.795
Accel: 0.179 0.401 0.913
Gyro: 8.422 -6.515 12.039
Accel: 0.179 0.394 0.911
Gyro: 8.850 -7.034 12.634
Accel: 0.185 0.385 0.905
Gyro: 9.170 -7.293 13.214
Accel: 0.191 0.381 0.896
Gyro: 9.246 -6.988 14.144
Accel: 0.194 0.376 0.891
Gyro: 8.956 -6.698 15.350
Accel: 0.193 0.377 0.892
Gyro: 7.278 -6.896 16.204
Accel: 0.190 0.375 0.893
Gyro: 5.111 -7.324 16.616
Accel: 0.192 0.374 0.895
Gyro: 3.295 -7.751 16.952
Accel: 0.195 0.372 0.898
Gyro: 1.678 -8.438 17.181
Accel: 0.194 0.372 0.904
Gyro: 0.183 -9.292 17.181
Accel: 0.193 0.372 0.915
Gyro: 0.946 -9.887 17.166
Accel: 0.190 0.373 0.931
Gyro: -1.037 -9.399 17.364
Accel: 0.181 0.373 0.940
Gyro: 0.396 -8.422 17.318
Accel: 0.176 0.381 0.947
Gyro: 0.534 -7.965 16.677
Accel: 0.179 0.384 0.956
Gyro: 1.647 -8.331 16.052
Accel: 0.182 0.380 0.958
Gyro: 3.250 -8.346 15.502
Accel: 0.181 0.376 0.956
Gyro: 5.294 -7.888 15.090
Accel: 0.174 0.372 0.949
Gyro: 7.003 -7.507 14.602
Accel: 0.172 0.368 0.940
Gyro: 8.636 -7.019 14.266
Accel: 0.170 0.372 0.932
Gyro: 9.078 -6.912 13.244
Accel: 0.167 0.373 0.934
Gyro: 8.316 -7.064 12.222
Accel: 0.168 0.367 0.934
Gyro: 7.797 -7.339 11.611
Accel: 0.165 0.358 0.937
Gyro: 7.369 -7.461 11.428
Accel: 0.161 0.358 0.933
Gyro: 7.324 -6.896 15.548
Accel: 0.165 0.356 0.933
Gyro: 7.369 -5.905 12.390
Accel: 0.167 0.352 0.927
Gyro: 7.156 0.106 13.610
Accel: 0.167 0.357 0.919
Gyro: 6.774 -2.334 14.556
Accel: 0.161 0.359 0.918
Gyro: 6.011 -1.876 15.167
Accel: 0.159 0.353 0.919
Gyro: 5.355 -2.273 15.548
Accel: 0.160 0.353 0.921
Gyro: 5.081 -3.189 15.731
Accel: 0.161 0.351 0.921
Gyro: 4.653 -3.662 15.914
Accel: 0.159 0.352 0.920
Gyro: 4.074 -4.028 16.036
Accel: 0.157 0.352 0.918
Gyro: 3.067 -4.623 15.747
Accel: 0.160 0.353 0.919
Gyro: 2.349 -5.538 15.274
Accel: 0.160 0.354 0.925
Gyro: 2.380 -6.607 14.465
Accel: 0.157 0.350 0.934
Gyro: 3.067 -7.522 13.671
Accel: 0.154 0.350 0.937
Gyro: 4.257 -7.858 12.847
Accel: 0.154 0.351 0.939
Gyro: 5.676 -7.553 12.176
Accel: 0.155 0.345 0.936
Gyro: 6.774 -6.698 11.642
Accel: 0.153 0.346 0.934
Gyro: 7.537 -6.149 10.910
Accel: 0.156 0.351 0.930
Gyro: 8.193 -5.676 9.994
Accel: 0.159 0.351 0.926
Gyro: 8.239 -4.562 9.536
Accel: 0.157 0.348 0.923
Gyro: 7.293 -3.341 9.201
Accel: 0.154 0.348 0.920
Gyro: 5.844 -2.731 8.834
Accel: 0.151 0.348 0.923
Gyro: 4.455 -2.578 8.438
Accel: 0.153 0.349 0.928
Gyro: 3.753 -2.609 7.873
Accel: 0.157 0.345 0.930
Gyro: 3.616 -2.136 7.400
Accel: 0.163 0.344 0.929
Gyro: 3.616 -1.693 7.431
Accel: 0.166 0.343 0.929
Gyro: 3.372 -1.556 7.308
Accel: 0.163 0.347 0.935
Gyro: 3.326 -1.907 7.141
Accel: 0.161 0.345 0.940
Gyro: 4.058 -2.136 6.958
Accel: 0.162 0.341 0.941
Gyro: 5.187 -2.014 6.820
Accel: 0.159 0.339 0.934
Gyro: 6.088 -2.395 6.805
Accel: 0.158 0.338 0.927
Gyro: 5.767 -2.395 6.820
Accel: 0.161 0.343 0.925
Gyro: 5.157 -2.807 6.774
Accel: 0.158 0.340 0.931
Gyro: 4.974 -3.341 6.637
Accel: 0.156 0.337 0.937
Gyro: 5.065 -4.013 6.393
Accel: 0.155 0.331 0.936
Gyro: 5.554 -4.409 6.011
Accel: 0.156 0.330 0.934
Gyro: 5.783 -5.233 5.737
Accel: 0.159 0.331 0.934
Gyro: 5.279 -5.172 5.645
Accel: 0.164 0.324 0.937
Gyro: 4.730 -4.592 5.874
Accel: 0.160 0.322 0.938
Gyro: 4.684 0.030 6.118
Accel: 0.157 0.318 0.939
Gyro: 4.562 -3.677 6.195
Accel: 0.157 0.318 0.940
Gyro: 4.684 -3.845 6.134
Accel: 0.160 0.316 0.943
Gyro: 5.569 -3.768 6.164
Accel: 0.161 0.316 0.945
Gyro: 6.652 -3.387 6.301
Accel: 0.161 0.312 0.939
Gyro: 7.034 -2.517 6.561
Accel: 0.155 0.314 0.934
Gyro: 6.561 -2.426 6.530
Accel: 0.154 0.314 0.932
Gyro: 5.844 -2.761 6.362
Accel: 0.154 0.312 0.933
Gyro: 5.691 -3.356 5.996
Accel: 0.155 0.313 0.937
Gyro: 6.027 -3.494 5.905
Accel: 0.150 0.311 0.943
Gyro: 5.798 -2.807 6.103
Accel: 0.151 0.313 0.947
Gyro: 5.310 -2.014 6.423
Accel: 0.099 0.253 1.013
Gyro: 18.142 6.225 -27.069
Accel: 0.108 0.238 0.979
Gyro: 27.145 9.506 -25.115
Accel: 0.119 0.222 0.947
Gyro: 26.397 11.795 -23.284
Accel: 0.133 0.210 0.922
Gyro: 27.099 12.527 -21.179
Accel: 0.150 0.197 0.903
Gyro: 26.031 11.825 -19.378
Accel: 0.167 0.185 0.896
Gyro: 23.574 9.704 -17.211
Accel: 0.178 0.184 0.901
Gyro: 19.973 6.820 -15.304
Accel: 0.194 0.179 0.914
Gyro: 16.998 2.990 -13.214
Accel: 0.210 0.179 0.933
Gyro: 14.755 0.732 -10.574
Accel: 0.211 0.181 0.949
Gyro: 13.519 -3.463 -7.598
Accel: 0.207 0.188 0.956
Gyro: 13.076 -5.569 -4.562
Accel: 0.201 0.198 0.958
Gyro: 12.634 -7.629 -1.647
Accel: 0.195 0.206 0.958
Gyro: 11.718 -9.323 0.595
Accel: 0.186 0.214 0.957
Gyro: 10.284 -10.650 2.471
Accel: 0.179 0.225 0.956
Gyro: 8.468 -12.0100 3.753
Accel: 0.174 0.235 0.956
Gyro: 6.378 -13.351 4.486
Accel: 0.170 0.244 0.962
Gyro: 0.076 -14.007 4.714
Accel: 0.164 0.257 0.971
Gyro: 1.541 -14.312 4.547
Accel: 0.160 0.270 0.982
Gyro: 0.549 -13.626 4.104
Accel: 0.155 0.282 0.992
Gyro: -1.983 -11.962 3.662
Accel: 0.151 0.293 1.007
Gyro: -2.304 -9.674 3.097
Accel: 0.145 0.301 1.024
Gyro: -1.480 -3.997 2.395
Accel: 0.133 0.301 1.031
Gyro: 1.358 -6.484 1.358
Accel: 0.125 0.301 1.031
Gyro: 5.340 -5.981 0.106
Accel: 0.062 0.299 1.021
Gyro: 10.345 -6.744 0.991
Accel: 0.121 0.292 1.005
Gyro: 14.877 -7.690 -1.602
Accel: 0.115 0.280 0.987
Gyro: 18.630 -8.605 -1.617
Accel: 0.107 0.265 0.968
Gyro: 21.179 -9.185 -1.419
Accel: 0.0100 0.252 0.955
Gyro: 22.430 -9.918 -1.220
Accel: 0.091 0.235 0.941
Gyro: 22.628 -10.879 -1.190
Accel: 0.087 0.219 0.930
Gyro: 22.521 -11.962 -1.037
Accel: 0.087 0.203 0.917
Gyro: 22.171 -13.107 0.579
Accel: 0.077 0.125 0.910
Gyro: 20.523 -13.351 0.122
Accel: 0.064 0.249 0.904
Gyro: 17.227 -12.390 0.473
Accel: 0.058 0.192 0.906
Gyro: 13.168 -11.199 1.068
Accel: 0.056 0.192 0.916
Gyro: 8.712 -9.277 1.678
Accel: 0.061 0.200 0.928
Gyro: 4.135 -6.912 2.471
Accel: 0.069 0.207 0.945
Gyro: 0.473 -4.653 3.448
Accel: 0.072 0.213 0.967
Gyro: -7.705 -1.724 4.425
Accel: 0.075 0.218 0.984
Gyro: -5.889 1.235 5.493
Accel: 0.071 0.222 0.997
Gyro: -6.118 3.326 6.301
Accel: 0.067 0.222 1.004
Gyro: -5.172 4.669 6.774
Accel: 0.067 0.223 1.009
Gyro: -3.601 4.791 6.988
Accel: 0.064 0.220 1.008
Gyro: -1.602 3.890 6.958
Accel: 0.062 0.219 1.0010
Gyro: 0.350 2.426 6.546
Accel: 0.062 0.217 1.011
Gyro: 2.441 0.488 6.011
Accel: 0.065 0.218 1.009
Gyro: 4.348 -1.373 5.691
Accel: 0.068 0.211 1.002
Gyro: 6.271 -3.219 5.752
Accel: 0.076 0.212 0.996
Gyro: 7.705 -4.425 6.179
Accel: 0.080 0.210 0.989
Gyro: 8.377 -6.027 6.713
Accel: 0.086 0.211 0.987
Gyro: 8.621 -7.553 7.217
Accel: 0.090 0.205 0.985
Gyro: 8.651 -8.987 7.812
Accel: 0.091 0.198 0.980
Gyro: 8.834 -9.933 8.789
Accel: 0.091 0.198 0.979
Gyro: 8.499 -11.062 9.689
Accel: 0.089 0.197 0.980
Gyro: 7.537 -12.435 10.330
Accel: 0.093 0.193 0.985
Gyro: 7.110 -13.534 10.818
Accel: 0.095 0.187 0.989
Gyro: 7.354 -13.916 11.245
Accel: 0.094 0.184 0.988
Gyro: 7.766 -13.732 11.825
Accel: 0.092 0.185 0.987
Gyro: 8.346 -13.229 12.359
Accel: 0.083 0.190 0.989
Gyro: 8.132 -13.519 12.420
Accel: 0.079 0.188 0.990
Gyro: 8.239 -14.190 12.115
Accel: 0.076 0.179 0.991
Gyro: 9.017 -15.289 11.611
Accel: 0.068 0.173 0.994
Gyro: 9.841 -15.777 11.062
Accel: 0.065 0.173 0.993
Gyro: 10.650 -15.914 10.589
Accel: 0.056 0.170 0.990
Gyro: 11.077 -16.021 9.902
Accel: 0.047 0.166 0.991
Gyro: 11.413 -16.342 9.063
Accel: 0.045 0.166 0.994
Gyro: 11.856 -15.991 8.544
Accel: 0.044 0.163 0.988
Gyro: 12.252 -15.518 8.193
Accel: 0.035 0.160 0.984
Gyro: 11.978 -14.709 7.858
Accel: 0.029 0.156 0.983
Gyro: 11.199 -14.419 7.308
Accel: 0.029 0.154 0.983
Gyro: 10.437 -13.870 6.820
Accel: 0.025 0.152 0.982
Gyro: 9.567 -12.802 6.332
Accel: 0.022 0.149 0.981
Gyro: 8.377 -11.520 5.905
Accel: 0.021 0.149 0.982
Gyro: 6.851 -10.391 5.462
Accel: 0.021 0.146 0.987
Gyro: 5.462 -9.414 5.203
Accel: 0.022 0.145 0.995
Gyro: 4.516 -8.178 4.913
Accel: 0.020 0.143 1.062
Gyro: 4.348 -6.652 4.455
Accel: 0.023 0.144 1.0001
Gyro: 4.577 -5.416 3.829
Accel: 0.025 0.145 1.006
Gyro: 4.684 -4.791 3.341
Accel: 0.027 0.145 1.006
Gyro: 5.401 -4.318 2.838
Accel: 0.027 0.140 1.008
Gyro: 6.530 -3.570 2.410
Accel: 0.028 0.139 1.003
Gyro: 7.644 -3.082 1.815
Accel: 0.027 0.135 0.999
Gyro: 8.255 -3.051 1.434
Accel: 0.023 0.132 0.998
Gyro: 8.560 -2.670 0.991
Accel: 0.021 0.129 0.993
Gyro: 8.987 -2.120 0.518
Accel: 0.022 0.127 0.986
Gyro: 9.368 -1.922 0.015
Accel: 0.025 0.124 0.981
Gyro: 9.628 -1.586 0.320
Accel: 0.026 0.120 0.977
Gyro: 9.582 0.854 0.381
Accel: 0.028 0.119 0.973
Gyro: 9.094 0.305 0.579
Accel: 0.027 0.120 0.968
Gyro: 7.873 0.762 -1.083
Accel: 0.026 0.118 0.969
Gyro: 6.179 0.900 -1.480
Accel: 0.028 0.114 0.969
Gyro: 4.928 1.068 -2.029
Accel: 0.027 0.117 0.966
Gyro: 3.433 0.762 -2.807
Accel: 0.028 0.121 0.971
Gyro: 2.151 0.274 -3.707
Accel: 0.032 0.121 0.979
Gyro: 1.144 0.732 -4.318
Accel: 0.031 0.122 0.985
Gyro: 0.823 0.411 -4.425
Accel: 0.031 0.125 0.985
Gyro: 0.579 0.167 -4.348
Accel: 0.033 0.128 0.983
Gyro: 0.030 0.305 -4.257
Accel: 0.034 0.133 0.988
Gyro: -1.022 0.350 -4.165
Accel: 0.032 0.131 0.991
Gyro: -1.602 0.061 -3.784
Accel: 0.028 0.128 0.994
Gyro: -1.556 0.305 -3.555
Accel: 0.026 0.127 0.994
Gyro: -1.785 -1.510 -3.463
Accel: 0.024 0.130 0.995
Gyro: -2.197 -3.295 -3.097
Accel: 0.020 0.128 0.997
Gyro: -2.777 -4.806 -2.899
Accel: 0.016 0.131 1.0001
Gyro: -3.158 -6.164 -2.334
Accel: 0.013 0.129 1.003
Gyro: -2.929 -7.049 -1.846
Accel: 0.0010 0.127 1.0001
Gyro: -2.670 -8.071 -1.296
Accel: 0.009 0.130 1.0000
Gyro: -2.304 -8.575 0.717
Accel: 0.008 0.131 1.0000
Gyro: -2.029 -8.819 0.152
Accel: 0.006 0.129 1.0001
Gyro: -1.480 -9.048 0.152
Accel: 0.002 0.125 0.999
Gyro: 0.778 -9.048 0.595
Accel: 0.0000 0.122 0.999
Gyro: 0.274 -8.941 0.854
Accel: 0.0001 0.121 0.997
Gyro: 0.091 -8.834 0.854
Accel: 0.0001 0.121 0.996
Gyro: 0.518 -8.697 0.793
Accel: 0.002 0.116 0.995
Gyro: 0.885 -9.002 0.350
Accel: 0.003 0.113 0.991
Gyro: 1.312 -9.460 0.427
Accel: 0.0000 0.112 0.991
Gyro: 1.205 -9.735 -1.022
Accel: 0.062 0.109 0.994
Gyro: 0.762 -9.475 -1.419
Accel: 0.002 0.111 0.996
Gyro: 0.259 -9.017 -1.831
Accel: 0.003 0.110 0.999
Gyro: 0.137 -8.377 -2.243
Accel: 0.007 0.106 1.002
Gyro: 0.411 -7.614 -2.426
Accel: 0.012 0.109 1.004
Gyro: 0.946 -6.744 -2.380
Accel: 0.020 0.110 1.008
Gyro: -1.831 -5.920 -2.182
Accel: 0.024 0.112 1.013
Gyro: -2.548 -5.447 -1.724
Accel: 0.030 0.110 1.016
Gyro: -3.097 -4.592 0.823
Accel: 0.036 0.111 1.019
Gyro: -3.417 -3.341 0.167
Accel: 0.038 0.114 1.023
Gyro: -3.555 -3.082 1.098
Accel: 0.038 0.114 1.029
Gyro: -2.822 -3.387 1.953
Accel: 0.037 0.114 1.033
Gyro: -1.556 -3.112 3.128
Accel: 0.036 0.115 1.033
Gyro: 3.845 -2.853 4.196
Accel: 0.035 0.116 1.030
Gyro: 1.129 -3.265 5.157
Accel: 0.038 0.115 1.028
Gyro: 2.105 -4.333 6.042
Accel: 0.034 0.114 1.027
Gyro: 3.128 -5.172 7.019
Accel: 0.034 0.113 1.026
Gyro: 3.982 -5.538 7.934
Accel: 0.030 0.112 1.024
Gyro: 4.516 -5.996 8.789
Accel: 0.024 0.115 1.025
Gyro: 4.852 -6.927 9.307
Accel: 0.022 0.117 1.033
Gyro: 4.913 -11.672 9.613
Accel: 0.017 0.119 1.038
Gyro: 5.615 -8.392 9.780
Accel: 0.013 0.117 1.044
Gyro: 6.729 -8.605 9.841
Accel: 0.012 0.117 1.048
Gyro: 8.392 -8.285 9.979
Accel: 0.014 0.117 1.044
Gyro: 9.780 -7.873 9.857
Accel: 0.0010 0.115 1.041
Gyro: 11.520 -6.851 10.162
Accel: 0.005 0.115 1.037
Gyro: 13.305 -4.928 10.208
Accel: 0.005 0.117 1.028
Gyro: 14.144 -2.410 10.375
Accel: 0.006 0.112 1.018
Gyro: 14.038 0.335 10.574
Accel: 0.0001 0.105 1.007
Gyro: 13.427 1.464 10.574
Accel: 0.003 0.102 0.997
Gyro: 12.420 2.807 10.299
Accel: 0.006 0.098 0.984
Gyro: 11.0001 3.692 9.628
Accel: 0.004 0.095 0.976
Gyro: 8.972 4.699 9.307
Accel: 0.0001 0.093 0.973
Gyro: 6.958 6.057 9.552
Accel: 0.002 0.095 0.976
Gyro: 4.699 7.247 10.009
Accel: 0.002 0.101 0.986
Gyro: 3.311 8.0010 10.299
Accel: 0.0001 0.104 0.996
Gyro: 2.655 8.514 10.910
Accel: 0.003 0.109 1.004
Gyro: 2.441 8.941 11.535
Accel: 0.0001 0.111 1.009
Gyro: 2.426 8.804 12.313
Accel: 0.062 0.108 1.012
Gyro: 2.929 8.453 13.275
Accel: 0.004 0.105 1.014
Gyro: 7.690 7.400 14.328
Accel: 0.061 0.102 1.014
Gyro: 4.714 6.423 15.258
Accel: 0.0000 0.098 1.0010
Gyro: 5.661 5.416 16.265
Accel: 0.0001 0.098 1.004
Gyro: 6.362 4.150 16.967
Accel: 0.003 0.098 0.997
Gyro: 6.866 3.219 17.791
Accel: 0.006 0.097 0.992
Gyro: 6.683 2.334 18.341
Accel: 0.007 0.096 0.989
Gyro: 6.103 1.068 18.936
Accel: 0.0010 0.095 0.987
Gyro: 5.325 0.106 19.332
Accel: 0.015 0.095 0.988
Gyro: 3.799 -1.647 19.256
Accel: 0.017 0.095 0.989
Gyro: 2.059 -3.967 19.027
Accel: 0.020 0.092 0.990
Gyro: 0.747 -5.264 18.905
Accel: 0.021 0.088 0.998
Gyro: 0.534 -5.752 19.210
Accel: 0.026 0.090 1.007
Gyro: 0.411 -6.301 19.104
Accel: 0.027 0.090 1.016
Gyro: 0.778 -6.958 18.814
Accel: 0.005 0.082 1.020
Gyro: 2.075 -6.881 17.974
Accel: 0.029 0.101 1.015
Gyro: 2.700 -6.423 17.654
Accel: 0.025 0.089 1.027
Gyro: 3.952 -5.981 17.974
Accel: 0.035 0.089 1.022
Gyro: 5.035 -5.218 17.974
Accel: 0.037 0.089 1.022
Gyro: 6.271 -4.913 17.517
Accel: 0.037 0.087 1.017
Gyro: 7.400 -4.211 17.135
Accel: 0.031 0.082 1.015
Gyro: 8.026 -3.479 17.166
Accel: 0.031 0.081 1.015
Gyro: 8.392 -2.883 17.227
Accel: 0.033 0.076 1.016
Gyro: 8.102 -2.456 17.028
Accel: 0.031 0.077 1.018
Gyro: 7.751 -2.029 16.967
Accel: 0.024 0.079 1.022
Gyro: 7.095 -1.586 16.799
Accel: 0.020 0.078 1.025
Gyro: 6.347 -1.373 16.586
Accel: 0.017 0.083 1.030
Gyro: 5.691 -1.647 16.113
Accel: 0.012 0.086 1.036
Gyro: 5.050 -2.288 15.838
Accel: 0.0010 0.086 1.042
Gyro: 4.760 -2.593 15.487
Accel: 0.005 0.091 1.045
Gyro: 4.974 -3.234 15.396
Accel: 0.002 0.090 1.048
Gyro: 5.355 -4.089 15.090
Accel: 0.0010 0.084 1.049
Gyro: 6.546 -5.096 14.862
Accel: 0.020 0.081 1.046
Gyro: 7.858 -5.905 14.755
Accel: 0.026 0.082 1.038
Gyro: 9.399 -6.668 14.556
Accel: 0.027 0.080 1.030
Gyro: 10.818 -7.293 14.312
Accel: 0.025 0.077 1.020
Gyro: 11.795 -7.797 13.854
Accel: 0.018 0.075 1.012
Gyro: 12.512 -8.300 13.122
Accel: 0.0010 0.071 1.003
Gyro: 13.153 -8.880 12.390
Accel: 0.0001 0.066 0.996
Gyro: 13.717 -9.460 11.459
Accel: 0.002 0.062 0.987
Gyro: 14.251 -10.192 10.360
Accel: 0.006 0.060 0.976
Gyro: 13.671 -11.169 8.743
Accel: 0.0010 0.054 0.971
Gyro: 13.824 -11.016 7.324
Accel: 0.012 0.050 0.970
Gyro: 14.068 -10.162 5.630
Accel: 0.015 0.047 0.966
Gyro: 14.739 -8.590 4.211
Accel: 0.016 0.041 0.961
Gyro: 14.938 -6.790 2.593
Accel: 0.014 0.045 0.963
Gyro: 14.053 -5.157 0.366
Accel: 0.020 0.040 0.956
Gyro: 13.031 -2.807 0.320
Accel: 0.022 0.038 0.962
Gyro: 10.940 0.473 -1.022
Accel: 0.020 0.044 0.968
Gyro: 8.270 2.090 -1.663
Accel: 0.018 0.055 0.983
Gyro: 5.630 4.058 -2.059
Accel: 0.006 0.060 1.0001
Gyro: 3.234 5.874 -2.029
Accel: 0.008 0.092 1.027
Gyro: 1.998 7.064 0.915
Accel: 0.022 0.080 1.122
Gyro: 1.602 9.948 0.335
Accel: 0.028 0.065 1.096
Gyro: 2.578 11.169 0.579
Accel: 0.037 0.085 1.132
Gyro: 5.676 9.902 0.030
Accel: 0.022 0.098 1.153
Gyro: 10.818 7.965 1.266
Accel: 0.013 0.088 1.162
Gyro: 18.005 6.301 2.471
Accel: 0.0010 0.077 1.150
Gyro: 26.260 5.645 3.952
Accel: 0.016 0.066 1.129
Gyro: 33.859 6.607 5.844
Accel: 0.016 0.055 1.114
Gyro: 39.230 10.345 8.514
Accel: 0.014 0.036 1.103
Gyro: 42.480 14.587 15.502
Accel: 0.021 0.004 1.087
Gyro: 44.631 17.562 13.931
Accel: 0.026 0.020 1.070
Gyro: 46.508 23.284 15.563
Accel: 0.031 0.030 1.050
Gyro: 47.424 21.377 15.914
Accel: 0.041 0.041 1.029
Gyro: 47.103 22.583 15.838
Accel: 0.048 0.054 1.002
Gyro: 45.776 23.452 15.457
Accel: 0.048 0.066 0.989
Gyro: 44.052 24.383 15.029
Accel: 0.051 0.080 0.968
Gyro: 41.870 25.344 14.739
Accel: 0.052 0.087 0.945
Gyro: 39.581 31.158 14.404
Accel: 0.056 0.0100 0.921
Gyro: 37.597 30.227 14.389
Accel: 0.057 0.113 0.900
Gyro: 31.478 33.309 14.266
Accel: 0.063 0.121 0.889
Gyro: 32.592 34.515 13.763
Accel: 0.080 0.121 0.881
Gyro: 28.915 33.706 12.695
Accel: 0.095 0.116 0.882
Gyro: 24.536 32.699 11.138
Accel: 0.112 0.111 0.882
Gyro: 19.821 31.234 9.719
Accel: 0.125 0.113 0.880
Gyro: 15.594 28.350 8.560
Accel: 0.133 0.118 0.882
Gyro: 11.352 26.107 8.224
Accel: 0.144 0.114 0.891
Gyro: 7.110 24.581 9.170
Accel: 0.154 0.108 0.904
Gyro: 2.639 19.531 10.818
Accel: 0.161 0.111 0.920
Gyro: 0.335 22.277 11.932
Accel: 0.167 0.113 0.934
Gyro: -1.907 20.843 12.283
Accel: 0.178 0.111 0.955
Gyro: -3.448 19.912 12.115
Accel: 0.187 0.105 0.980
Gyro: -5.569 19.226 11.825
Accel: 0.194 0.109 1.013
Gyro: -8.285 18.615 10.940
Accel: 0.190 0.127 1.063
Gyro: -11.260 18.569 9.521
Accel: 0.185 0.151 1.114
Gyro: -13.977 18.554 7.995
Accel: 0.184 0.166 1.163
Gyro: -14.663 18.463 7.217
Accel: 0.191 0.176 1.217
Gyro: -13.549 18.951 7.720
Accel: 0.212 0.192 1.278
Gyro: -11.795 20.889 8.178
Accel: 0.247 0.223 1.343
Gyro: -10.757 25.985 8.392
Accel: 0.315 0.258 1.419
Gyro: -10.269 33.203 9.353
Accel: 0.398 0.295 1.506
Gyro: -8.636 42.617 12.0100
Accel: 0.473 0.326 1.680
Gyro: -4.562 39.855 15.899
Accel: 0.522 0.342 1.722
Gyro: 7.064 28.167 20.309
Accel: 0.536 0.349 1.867
Gyro: 12.603 18.127 25.527
Accel: 0.533 0.251 1.866
Gyro: 27.236 2.487 30.242
Accel: 0.512 0.272 1.877
Gyro: 39.245 -11.398 34.652
Accel: 0.494 0.225 1.874
Gyro: 61.294 -21.667 39.596
Accel: 0.473 0.183 1.834
Gyro: 84.320 -26.275 44.647
Accel: 0.448 0.140 1.778
Gyro: 106.002 -27.114 51.055
Accel: 0.417 0.105 1.713
Gyro: 125.427 -25.650 57.678
Accel: 0.377 0.075 1.570
Gyro: 141.433 -24.917 62.774
Accel: 0.343 0.040 1.551
Gyro: 156.555 -25.466 66.009
Accel: 0.317 0.061 1.471
Gyro: 166.320 -26.412 67.886
Accel: 0.291 0.031 1.382
Gyro: 172.531 -27.709 68.984
Accel: 0.261 0.059 1.288
Gyro: 178.070 -28.137 69.305
Accel: 0.232 0.075 1.197
Gyro: 183.181 -27.252 69.061
Accel: 0.199 0.092 1.098
Gyro: 188.903 -24.520 68.344
Accel: 0.177 0.107 1.0001
Gyro: 194.839 -21.835 67.016
Accel: 0.160 0.122 0.906
Gyro: 199.829 -18.890 64.346
Accel: 0.152 0.131 0.798
Gyro: 206.924 -11.779 60.821
Accel: 0.141 0.124 0.633
Gyro: 203.918 -12.771 56.991
Accel: 0.126 0.103 0.604
Gyro: 202.209 -9.704 53.161
Accel: 0.112 0.083 0.516
Gyro: 199.645 -6.439 49.743
Accel: 0.099 0.062 0.429
Gyro: 197.128 -2.868 46.615
Accel: 0.078 0.043 0.352
Gyro: 195.114 1.098 43.533
Accel: 0.058 0.025 0.280
Gyro: 192.886 4.104 39.779
Accel: 0.037 0.006 0.216
Gyro: 189.941 6.561 31.509
Accel: 0.017 0.014 0.149
Gyro: 186.004 8.575 30.761
Accel: 0.004 0.048 0.087
Gyro: 179.611 10.330 26.123
Accel: 0.009 0.098 0.035
Gyro: 170.623 10.894 21.392
Accel: 0.025 0.145 0.008
Gyro: 158.538 10.162 16.586
Accel: 0.039 0.201 0.036
Gyro: 143.218 9.170 11.734
Accel: 0.059 0.269 0.057
Gyro: 125.442 7.720 7.354
Accel: 0.068 0.347 0.063
Gyro: 106.658 5.615 2.365
Accel: 0.077 0.419 0.061
Gyro: 87.142 3.677 -2.731
Accel: 0.083 0.490 0.041
Gyro: 69.198 1.220 -7.705
Accel: 0.093 0.567 0.020
Gyro: 43.975 1.220 -12.557
Accel: 0.092 0.647 0.092
Gyro: 26.718 3.005 -17.288
Accel: 0.071 0.709 0.150
Gyro: 8.865 2.593 -20.843
Accel: 0.035 0.758 0.201
Gyro: -5.157 0.839 -21.942
Accel: 0.003 0.796 0.252
Gyro: -15.472 0.381 -20.584
Accel: 0.042 0.819 0.293
Gyro: -23.223 2.334 -16.784
Accel: 0.069 0.827 0.332
Gyro: -27.984 6.958 -11.642
Accel: 0.082 0.837 0.371
Gyro: -30.075 13.473 -5.325
Accel: 0.088 0.845 0.397
Gyro: -31.280 21.087 1.922
Accel: 0.078 0.849 0.426
Gyro: -31.997 28.991 8.331
Accel: 0.051 0.851 0.461
Gyro: -34.515 36.544 12.847
Accel: 0.043 0.856 0.491
Gyro: -37.689 40.374 16.372
Accel: 0.044 0.852 0.523
Gyro: -40.618 40.740 18.981
Accel: 0.048 0.840 0.566
Gyro: -44.158 41.137 21.591
Accel: 0.056 0.829 0.603
Gyro: -47.851 42.205 23.773
Accel: 0.049 0.795 0.635
Gyro: -51.239 40.039 24.017
Accel: 0.047 0.784 0.679
Gyro: -52.780 34.667 23.773
Accel: 0.033 0.765 0.722
Gyro: -52.185 29.418 23.422
Accel: 0.020 0.739 0.748
Gyro: -48.568 24.215 22.644
Accel: 0.004 0.725 0.760
Gyro: -42.663 18.981 21.774
Accel: 0.013 0.715 0.764
Gyro: -36.544 14.358 20.996
Accel: 0.030 0.716 0.769
Gyro: -31.784 10.253 19.989
Accel: 0.041 0.726 0.791
Gyro: -30.197 5.935 18.661
Accel: 0.046 0.730 0.816
Gyro: -30.273 2.746 17.074
Accel: 0.044 0.723 0.836
Gyro: -28.594 1.022 15.731
Accel: 0.041 0.709 0.842
Gyro: -19.592 0.473 14.434
Accel: 0.037 0.689 0.830
Gyro: -14.724 1.190 13.275
Accel: 0.025 0.650 0.796
Gyro: -2.807 1.892 12.313
Accel: 0.006 0.602 0.727
Gyro: 13.183 0.900 11.413
Accel: 0.0001 0.572 0.642
Gyro: 31.234 -6.561 9.552
Accel: 0.005 0.560 0.541
Gyro: 49.835 -13.259 6.866
Accel: 0.0001 0.536 0.423
Gyro: 60.577 -23.208 4.119
Accel: 0.005 0.528 0.296
Gyro: 77.911 -24.154 1.464
Accel: 0.009 0.479 0.164
Gyro: 86.196 -29.418 -1.174
Accel: 0.016 0.368 0.0000
Gyro: 97.473 -36.682 -2.655
Accel: 0.025 0.287 0.213
Gyro: 107.864 -48.645 -2.563
Accel: 0.049 0.250 0.503
Gyro: 117.630 -61.859 0.732
Accel: 0.062 0.322 0.918
Gyro: 117.538 -66.574 2.563
Accel: 0.084 0.408 -1.339
Gyro: 89.080 -59.936 10.070
Accel: 0.032 0.302 -1.771
Gyro: 19.348 -52.047 26.153
Accel: 0.413 0.075 -2.202
Gyro: -52.169 -80.688 36.743
Accel: 0.371 0.158 -2.041
Gyro: -185.562 -78.018 55.450
Accel: 0.169 0.090 -2.054
Gyro: -324.859 -71.929 74.081
Accel: 0.036 0.187 -1.799
Gyro: -476.242 -43.289 93.368
Accel: 0.045 0.479 -1.401
Gyro: -499.969 3.677 112.167
Accel: 0.160 0.954 0.857
Gyro: -499.969 62.789 118.072
Accel: 0.391 -1.649 0.186
Gyro: -499.969 111.999 114.837
Accel: 0.704 -2.456 0.800
Gyro: -499.969 121.917 98.724
Accel: 0.819 -3.127 1.681
Gyro: -499.969 61.172 89.370
Accel: 1.013 -3.531 3.080
Gyro: -499.969 -4.257 62.255
Accel: 0.558 -3.219 4.535
Gyro: -499.969 0.686 41.152
Accel: 0.018 -3.346 4.471
Gyro: -427.703 -16.815 39.443
Accel: 0.313 -2.576 4.068
Gyro: -251.007 -27.343 37.994
Accel: 0.103 -1.813 3.740
Gyro: -142.913 -10.879 27.542
Accel: 0.178 -1.453 3.460
Gyro: -63.308 13.046 21.331
Accel: 0.260 -1.203 3.031
Gyro: -1.632 32.150 16.754
Accel: 0.291 0.945 2.572
Gyro: 46.615 39.291 6.469
Accel: 0.208 0.828 2.217
Gyro: 75.531 36.407 -5.722
Accel: 0.228 0.780 1.925
Gyro: 94.711 33.874 -16.723
Accel: 0.141 0.570 1.681
Gyro: 101.226 30.746 -26.763
Accel: 0.117 0.490 1.452
Gyro: 99.990 29.525 -30.670
Accel: 0.080 0.365 1.279
Gyro: 96.435 30.456 -31.753
Accel: 0.050 0.261 1.144
Gyro: 88.226 29.815 -31.539
Accel: 0.029 0.162 1.024
Gyro: 77.728 28.945 -30.929
Accel: 0.028 0.079 0.933
Gyro: 66.253 26.748 -30.075
Accel: 0.036 0.022 0.857
Gyro: 50.842 19.760 -29.968
Accel: 0.048 0.018 0.801
Gyro: 35.644 20.645 -30.685
Accel: 0.036 0.057 0.798
Gyro: 19.653 16.769 -31.341
Accel: 0.050 0.044 0.750
Gyro: 8.102 15.014 -32.211
Accel: 0.034 0.023 0.754
Gyro: -6.088 14.236 -32.516
Accel: 0.014 0.015 0.767
Gyro: -19.042 15.609 -31.982
Accel: 0.005 0.009 0.793
Gyro: -30.883 17.669 -27.359
Accel: 0.015 0.045 0.828
Gyro: -41.229 19.638 -30.441
Accel: 0.011 0.077 0.877
Gyro: -47.637 21.713 -29.998
Accel: 0.003 0.119 0.933
Gyro: -50.613 23.513 -30.471
Accel: 0.014 0.160 0.982
Gyro: -49.453 24.780 -32.592
Accel: 0.014 0.208 1.029
Gyro: -45.272 25.756 -35.751
Accel: 0.002 0.257 1.061
Gyro: -39.794 27.053 -39.047
Accel: 0.016 0.304 1.090
Gyro: -33.737 29.129 -41.839
Accel: 0.038 0.346 1.112
Gyro: -27.984 31.875 -43.838
Accel: 0.064 0.381 1.134
Gyro: -23.345 38.848 -45.608
Accel: 0.088 0.408 1.154
Gyro: -15.792 36.819 -46.585
Accel: 0.0100 0.429 1.173
Gyro: -15.380 37.124 -47.149
Accel: 0.108 0.499 1.182
Gyro: -10.009 36.544 -47.012
Accel: 0.110 0.440 1.190
Gyro: -3.860 36.361 -46.340
Accel: 0.109 0.445 1.185
Gyro: 3.128 36.544 -45.211
Accel: 0.104 0.447 1.173
Gyro: 10.971 36.804 -44.250
Accel: 0.104 0.454 1.159
Gyro: 19.119 37.475 -43.502
Accel: 0.106 0.453 1.134
Gyro: 27.404 37.109 -42.526
Accel: 0.106 0.442 1.103
Gyro: 35.202 35.705 -41.397
Accel: 0.104 0.423 1.0000
Gyro: 41.610 33.706 -40.496
Accel: 0.101 0.403 1.019
Gyro: 47.119 32.196 -39.413
Accel: 0.0100 0.385 0.974
Gyro: 50.369 31.204 -38.070
Accel: 0.104 0.371 0.938
Gyro: 50.872 31.799 -36.437
Accel: 0.113 0.357 0.914
Gyro: 49.011 33.905 -34.362
Accel: 0.116 0.339 0.899
Gyro: 46.279 35.934 -32.562
Accel: 0.110 0.318 0.887
Gyro: 43.853 37.780 -30.914
Accel: 0.108 0.302 0.812
Gyro: 41.580 42.861 -29.632
Accel: 0.111 0.288 0.866
Gyro: 39.825 40.512 -28.533
Accel: 0.104 0.281 0.849
Gyro: 38.436 42.556 -27.526
Accel: 0.098 0.281 0.849
Gyro: 37.155 44.830 -26.718
Accel: 0.094 0.281 0.850
Gyro: 36.270 45.959 -26.245
Accel: 0.097 0.280 0.867
Gyro: 35.552 46.096 -26.138
Accel: 0.113 0.278 0.895
Gyro: 33.538 45.028 -26.245
Accel: 0.126 0.295 0.930
Gyro: 30.563 42.175 -26.733
Accel: 0.137 0.300 0.958
Gyro: 27.114 37.139 -27.679
Accel: 0.142 0.296 0.976
Gyro: 24.810 30.364 -28.732
Accel: 0.148 0.277 0.982
Gyro: 23.971 19.989 -28.945
Accel: 0.153 0.260 0.984
Gyro: 24.719 18.661 -28.182
Accel: 0.156 0.251 0.977
Gyro: 26.245 14.831 -26.931
Accel: 0.157 0.249 0.968
Gyro: 27.755 12.496 -25.650
Accel: 0.161 0.248 0.957
Gyro: 28.518 11.566 -24.734
Accel: 0.169 0.245 0.947
Gyro: 28.472 11.459 -23.391
Accel: 0.179 0.242 0.941
Gyro: 27.587 12.191 -21.728
Accel: 0.186 0.234 0.939
Gyro: 26.565 12.741 -20.095
Accel: 0.192 0.228 0.947
Gyro: 24.978 13.778 -18.951
Accel: 0.201 0.228 0.961
Gyro: 23.178 15.838 -17.517
Accel: 0.208 0.226 0.977
Gyro: 22.201 18.402 -16.052
Accel: 0.212 0.218 0.989
Gyro: 22.842 20.370 -14.984
Accel: 0.208 0.213 0.995
Gyro: 25.085 21.820 -14.434
Accel: 0.217 0.198 0.998
Gyro: 27.816 22.888 -13.336
Accel: 0.220 0.186 0.993
Gyro: 30.624 25.009 -7.904
Accel: 0.218 0.183 0.982
Gyro: 33.233 28.076 -10.208
Accel: 0.221 0.185 0.976
Gyro: 35.522 32.958 -8.468
Accel: 0.231 0.191 0.976
Gyro: 36.727 39.062 -6.683
Accel: 0.251 0.200 0.998
Gyro: 36.697 45.898 -5.096
Accel: 0.281 0.209 1.040
Gyro: 35.552 53.726 -3.112
Accel: 0.320 0.231 1.109
Gyro: 35.583 62.866 3.768
Accel: 0.349 0.231 1.177
Gyro: 40.084 70.083 4.562
Accel: 0.364 0.197 1.219
Gyro: 50.399 75.134 9.628
Accel: 0.361 0.158 1.243
Gyro: 63.583 79.605 14.846
Accel: 0.369 0.134 1.235
Gyro: 84.945 83.221 19.714
Accel: 0.397 0.144 1.216
Gyro: 99.288 84.838 23.178
Accel: 0.429 0.148 1.182
Gyro: 115.768 83.435 25.054
Accel: 0.464 0.132 1.162
Gyro: 128.051 77.209 26.077
Accel: 0.479 0.093 1.124
Gyro: 136.428 67.169 27.069
Accel: 0.499 0.047 1.077
Gyro: 140.762 53.833 28.518
Accel: 0.551 0.0000 1.041
Gyro: 140.701 38.375 30.639
Accel: 0.596 0.033 0.994
Gyro: 137.481 18.569 32.989
Accel: 0.621 0.075 0.941
Gyro: 134.292 -1.586 36.666
Accel: 0.545 0.107 0.864
Gyro: 134.002 -16.876 40.832
Accel: 0.738 0.201 0.765
Gyro: 131.301 -33.523 47.134
Accel: 0.827 0.342 0.634
Gyro: 126.663 -42.816 59.326
Accel: 0.692 0.377 0.519
Gyro: 118.408 -50.964 71.380
Accel: 0.688 0.350 0.446
Gyro: 102.752 -66.162 77.056
Accel: 0.702 0.371 0.373
Gyro: 79.498 -88.577 80.734
Accel: 0.754 0.419 0.333
Gyro: 50.323 -119.033 84.732
Accel: 0.774 0.426 0.339
Gyro: 17.227 -153.854 91.751
Accel: 0.718 0.366 0.368
Gyro: -8.148 -183.609 101.806
Accel: 0.648 0.292 0.458
Gyro: -37.750 -211.334 111.389
Accel: 0.550 0.200 0.530
Gyro: -62.057 -222.0000 120.834
Accel: 0.536 0.201 0.661
Gyro: -62.698 -231.292 137.268
Accel: 0.511 0.106 0.718
Gyro: -56.686 -240.661 155.609
Accel: 0.439 0.032 0.781
Gyro: -47.943 -249.588 172.424
Accel: 0.391 0.021 0.854
Gyro: -34.759 -255.126 188.186
Accel: 0.324 0.048 0.944
Gyro: -11.795 -265.411 199.279
Accel: 0.153 0.048 1.170
Gyro: 22.903 -272.186 202.880
Accel: 0.103 0.192 1.137
Gyro: 85.678 -315.261 186.218
Accel: 0.305 0.269 1.253
Gyro: 159.103 -341.964 158.767
Accel: 0.426 0.395 1.239
Gyro: 214.797 -379.440 127.868
Accel: 0.470 0.486 1.192
Gyro: 256.362 -408.538 99.090
Accel: 0.613 0.494 1.125
Gyro: 268.173 -403.320 78.689
Accel: 0.588 0.496 1.041
Gyro: 303.726 -438.568 64.132
Accel: 0.610 0.465 0.904
Gyro: 328.262 -466.171 52.413
Accel: 0.683 0.443 0.695
Gyro: 352.218 -496.093 45.898
Accel: 0.800 0.438 0.666
Gyro: 371.276 -499.969 44.189
Accel: 0.907 0.465 0.617
Gyro: 400.558 -499.969 40.084
Accel: 0.979 0.511 0.540
Gyro: 429.046 -499.969 29.876
Accel: 1.029 0.621 0.445
Gyro: 456.909 -499.969 13.351
Accel: 1.065 0.600 0.313
Gyro: 475.189 -499.969 -5.233
Accel: 1.068 0.598 0.174
Gyro: 490.081 -499.969 -24.826
Accel: 1.034 0.600 0.037
Gyro: 495.803 -499.969 -43.334
Accel: 1.039 0.569 0.087
Gyro: 493.331 -478.927 -65.979
Accel: 1.053 0.482 0.195
Gyro: 489.089 -430.068 -81.588
Accel: 1.0010 0.413 0.298
Gyro: 483.749 -387.176 -96.176
Accel: 0.965 0.341 0.417
Gyro: 469.528 -351.654 -110.382
Accel: 0.910 0.277 0.508
Gyro: 455.947 -314.773 -129.898
Accel: 0.859 0.126 0.580
Gyro: 430.877 -275.894 -149.673
Accel: 0.856 0.119 0.578
Gyro: 411.773 -232.543 -166.778
Accel: 0.914 0.007 0.643
Gyro: 384.246 -190.109 -180.847
Accel: 0.911 0.058 0.624
Gyro: 353.042 -147.140 -186.813
Accel: 0.948 0.079 0.770
Gyro: 314.254 -110.183 -184.478
Accel: 0.986 0.105 0.867
Gyro: 271.377 -85.067 -169.311
Accel: 0.948 0.061 0.991
Gyro: 227.371 -73.196 -158.355
Accel: 0.800 0.048 -1.004
Gyro: 189.483 -76.278 -148.696
Accel: 0.698 0.086 -1.126
Gyro: 160.446 -93.368 -146.987
Accel: 0.646 0.102 -1.170
Gyro: 136.749 -101.516 -145.996
Accel: 0.687 0.249 -1.225
Gyro: 120.040 -99.243 -144.287
Accel: 0.710 0.241 -1.327
Gyro: 95.458 -87.097 -141.372
Accel: 0.657 0.218 -1.408
Gyro: 58.517 -76.385 -137.786
Accel: 0.582 0.208 -1.470
Gyro: 13.137 -66.024 -135.238
Accel: 0.521 0.238 -1.520
Gyro: -31.890 -56.304 -132.461
Accel: 0.462 0.253 -1.502
Gyro: -73.226 -39.810 -127.746
Accel: 0.427 0.255 -1.606
Gyro: -114.715 -28.106 -120.330
Accel: 0.430 0.264 -1.745
Gyro: -164.932 -19.851 -110.687
Accel: 0.386 0.188 -1.754
Gyro: -226.531 -20.370 -98.754
Accel: 0.355 0.240 -1.771
Gyro: -288.116 -21.820 -86.761
Accel: 0.364 0.304 -1.714
Gyro: -346.389 -23.880 -76.492
Accel: 0.351 0.342 -1.655
Gyro: -411.514 -25.573 -67.291
Accel: 0.376 0.409 -1.513
Gyro: -468.124 -24.841 -61.889
Accel: 0.421 0.458 -1.354
Gyro: -499.969 -21.255 -59.555
Accel: 0.434 0.488 -1.228
Gyro: -499.969 -10.726 -62.591
Accel: 0.401 0.511 -1.101
Gyro: -499.969 5.249 -70.571
Accel: 0.327 0.548 0.976
Gyro: -499.969 30.593 -80.673
Accel: 0.262 0.636 0.839
Gyro: -499.969 51.895 -90.255
Accel: 0.162 0.738 0.688
Gyro: -499.969 77.835 -97.824
Accel: 0.021 0.857 0.530
Gyro: -499.969 102.905 -104.507
Accel: 0.125 -1.020 0.340
Gyro: -499.969 111.953 -109.985
Accel: 0.285 -1.183 0.104
Gyro: -499.969 88.378 -108.947
Accel: 0.484 -1.356 0.171
Gyro: -499.969 35.858 -99.411
Accel: 0.571 -1.496 0.496
Gyro: -499.969 -26.809 -77.331
Accel: 0.741 -1.377 0.813
Gyro: -499.969 -106.857 -26.367
Accel: 0.455 -1.655 1.189
Gyro: -499.969 -188.766 38.787
Accel: 0.445 -1.541 1.479
Gyro: -456.146 -282.623 96.389
Accel: 0.433 -1.377 1.638
Gyro: -313.323 -386.352 146.072
Accel: 0.483 -1.198 1.994
Gyro: -158.935 -437.896 157.546
Accel: 0.406 0.629 2.532
Gyro: 45.410 -417.327 136.886
Accel: 0.042 0.467 2.666
Gyro: 147.521 -419.662 138.320
Accel: 0.568 0.407 2.663
Gyro: 206.542 -353.851 146.972
Accel: 0.837 0.142 2.633
Gyro: 234.222 -243.682 170.043
Accel: 1.164 0.0000 2.574
Gyro: 219.070 -127.853 184.646
Accel: 1.451 0.072 2.512
Gyro: 168.716 6.149 202.453
Accel: 1.587 0.247 2.449
Gyro: 113.586 144.363 210.662
Accel: 1.599 0.364 2.221
Gyro: 59.036 243.179 219.070
Accel: 1.490 0.451 2.075
Gyro: 19.577 322.769 229.232
Accel: 1.388 0.545 1.978
Gyro: 10.452 365.692 242.797
Accel: 1.351 0.637 1.835
Gyro: 31.250 380.020 255.233
Accel: 1.383 0.705 1.590
Gyro: 67.962 369.430 263.290
Accel: 1.471 0.807 1.376
Gyro: 108.169 339.584 268.615
Accel: 1.585 0.879 1.175
Gyro: 149.703 289.718 269.088
Accel: 1.797 0.924 0.884
Gyro: 198.760 252.090 265.228
Accel: 2.117 0.916 0.681
Gyro: 236.694 208.068 252.944
Accel: 2.438 1.103 0.261
Gyro: 264.389 165.466 218.460
Accel: 2.507 1.482 0.012
Gyro: 265.808 133.834 157.791
Accel: 2.530 1.621 0.299
Gyro: 255.752 95.535 80.154
Accel: 2.486 1.582 0.510
Gyro: 230.972 66.772 9.353
Accel: 2.373 1.472 0.653
Gyro: 202.987 48.126 -45.150
Accel: 2.196 1.299 0.740
Gyro: 177.932 36.987 -83.267
Accel: 1.978 1.144 0.795
Gyro: 157.089 32.897 -105.133
Accel: 1.763 1.006 0.839
Gyro: 142.532 34.484 -108.840
Accel: 1.601 0.820 0.906
Gyro: 134.826 40.145 -107.650
Accel: 1.468 0.688 -1.021
Gyro: 126.937 40.0100 -104.370
Accel: 1.364 0.613 -1.153
Gyro: 120.788 31.356 -99.929
Accel: 1.216 0.516 -1.268
Gyro: 111.282 8.773 -99.151
Accel: 1.095 0.396 -1.337
Gyro: 97.198 -29.006 -98.785
Accel: 1.028 0.297 -1.371
Gyro: 84.167 -78.125 -96.389
Accel: 0.921 0.234 -1.380
Gyro: 72.647 -137.527 -95.626
Accel: 0.849 0.094 -1.376
Gyro: 68.435 -204.040 -95.840
Accel: 0.768 0.029 -1.349
Gyro: 72.982 -276.0000 -94.375
Accel: 0.728 0.162 -1.333
Gyro: 80.703 -337.066 -87.570
Accel: 0.721 0.262 -1.314
Gyro: 93.338 -389.648 -73.501
Accel: 0.713 0.346 -1.292
Gyro: 87.738 -434.677 -55.587
Accel: 0.651 0.403 -1.209
Gyro: 67.504 -468.185 -35.400
Accel: 0.622 0.456 -1.088
Gyro: 44.036 -493.240 -11.764
Accel: 0.501 0.464 0.919
Gyro: 7.507 -498.840 14.541
Accel: 0.466 0.465 0.677
Gyro: -40.603 -491.439 44.036
Accel: 0.316 0.465 0.273
Gyro: -95.611 -473.846 75.134
Accel: 0.237 0.354 0.038
Gyro: -156.280 -442.687 111.419
Accel: 0.112 0.232 0.271
Gyro: -223.602 -408.935 153.152
Accel: 0.111 0.219 0.726
Gyro: -285.293 -375.793 190.505
Accel: 0.265 0.261 1.338
Gyro: -335.754 -343.200 226.608
Accel: 0.657 0.189 2.052
Gyro: -349.807 -306.777 253.494
Accel: 1.166 0.216 2.893
Gyro: -321.197 -242.233 260.177
Accel: 1.729 0.059 3.661
Gyro: -264.495 -163.558 248.107
Accel: 1.925 0.214 4.080
Gyro: -195.098 -79.788 220.886
Accel: 2.009 0.342 4.408
Gyro: -121.353 0.396 184.539
Accel: 1.933 0.517 4.194
Gyro: -62.164 65.826 151.489
Accel: 1.837 0.599 3.958
Gyro: -14.907 120.391 123.138
Accel: 1.713 0.604 3.795
Gyro: 21.148 157.867 105.316
Accel: 1.648 0.543 3.524
Gyro: 53.924 195.892 92.544
Accel: 1.595 0.459 3.271
Gyro: 89.385 233.612 88.592
Accel: 1.572 0.358 3.006
Gyro: 123.672 276.107 93.627
Accel: 1.632 0.273 2.636
Gyro: 151.367 318.161 104.537
Accel: 1.756 0.257 2.247
Gyro: 176.345 361.358 115.966
Accel: 1.927 0.309 1.864
Gyro: 193.801 405.136 125.762
Accel: 2.168 0.352 1.402
Gyro: 209.060 445.541 135.711
Accel: 2.382 0.375 0.957
Gyro: 228.027 463.150 142.272
Accel: 2.536 0.416 0.477
Gyro: 247.512 453.292 140.609
Accel: 2.673 0.468 0.036
Gyro: 266.479 421.859 132.232
Accel: 2.755 0.575 0.314
Gyro: 280.288 370.681 117.935
Accel: 2.803 0.706 0.647
Gyro: 283.233 305.633 93.338
Accel: 2.818 0.776 0.887
Gyro: 274.734 230.224 57.693
Accel: 2.831 0.811 -1.043
Gyro: 263.870 160.614 22.384
Accel: 2.878 0.770 -1.197
Gyro: 258.544 104.431 -8.087
Accel: 2.837 0.784 -1.322
Gyro: 250.946 59.173 -37.216
Accel: 2.814 0.806 -1.459
Gyro: 236.755 30.532 -59.478
Accel: 2.756 0.841 -1.588
Gyro: 213.638 10.025 -89.370
Accel: 2.679 0.839 -1.692
Gyro: 179.962 -2.807 -110.824
Accel: 2.570 0.691 -1.741
Gyro: 143.341 -7.965 -133.529
Accel: 2.468 0.610 -1.749
Gyro: 106.567 -8.499 -151.290
Accel: 2.351 0.465 -1.724
Gyro: 69.335 -10.391 -162.567
Accel: 2.136 0.374 -1.687
Gyro: 35.537 -20.324 -168.273
Accel: 2.047 0.282 -1.639
Gyro: 1.174 -47.683 -171.951
Accel: 1.880 0.212 -1.547
Gyro: -26.519 -98.510 -176.422
Accel: 1.679 0.166 -1.416
Gyro: -45.837 -165.802 -183.685
Accel: 1.493 0.064 -1.191
Gyro: -53.009 -236.541 -195.083
Accel: 1.322 0.079 -1.002
Gyro: -49.545 -297.363 -195.724
Accel: 1.176 0.297 0.872
Gyro: -41.503 -352.935 -195.327
Accel: 1.027 0.403 0.712
Gyro: -27.404 -391.006 -190.475
Accel: 0.819 0.564 0.570
Gyro: -24.108 -424.758 -180.816
Accel: 0.725 0.698 0.446
Gyro: -22.933 -448.379 -164.764
Accel: 0.585 0.868 0.327
Gyro: -29.373 -463.867 -142.471
Accel: 0.461 -1.033 0.192
Gyro: -44.982 -471.313 -111.923
Accel: 0.394 -1.209 0.032
Gyro: -72.509 -470.458 -75.027
Accel: 0.387 -1.339 0.167
Gyro: -113.571 -461.120 -35.125
Accel: 0.315 -1.390 0.384
Gyro: -165.618 -439.804 5.218
Accel: 0.145 -1.409 0.746
Gyro: -214.965 -408.248 43.792
Accel: 0.091 -1.404 1.120
Gyro: -240.478 -361.663 73.699
Accel: 0.267 -1.404 1.540
Gyro: -241.729 -311.767 102.645
Accel: 0.360 -1.419 1.856
Gyro: -224.258 -280.578 132.583
Accel: 0.411 -1.356 2.137
Gyro: -201.004 -247.802 164.154
Accel: 0.399 -1.203 2.379
Gyro: -170.654 -212.890 191.345
Accel: 0.354 -1.023 2.557
Gyro: -148.147 -175.354 214.294
Accel: 0.206 0.876 2.722
Gyro: -137.054 -127.883 234.390
Accel: 0.074 0.739 2.844
Gyro: -134.307 -69.046 258.300
Accel: 0.007 0.532 2.951
Gyro: -135.421 -10.742 288.269
Accel: 0.119 0.391 3.064
Gyro: -130.569 53.146 315.948
Accel: 0.316 0.229 3.145
Gyro: -116.592 107.055 338.272
Accel: 0.625 0.003 3.165
Gyro: -96.572 170.257 358.856
Accel: 1.006 0.103 3.099
Gyro: -76.568 222.976 368.331
Accel: 1.354 0.280 2.982
Gyro: -62.164 275.909 372.985
Accel: 1.608 0.362 2.823
Gyro: -45.425 319.686 379.592
Accel: 1.787 0.430 2.639
Gyro: -31.433 339.050 387.847
Accel: 2.074 0.438 2.496
Gyro: -15.670 330.062 389.953
Accel: 2.425 0.520 2.432
Gyro: 4.241 303.161 379.013
Accel: 2.834 0.615 2.445
Gyro: 29.434 277.175 357.040
Accel: 3.198 0.715 2.479
Gyro: 64.117 247.512 316.452
Accel: 3.497 0.825 2.489
Gyro: 102.951 233.367 275.802
Accel: 3.746 0.999 2.459
Gyro: 144.790 216.339 216.613
Accel: 3.759 0.990 2.361
Gyro: 198.226 195.678 150.695
Accel: 3.690 0.995 2.136
Gyro: 243.530 175.079 88.516
Accel: 3.708 0.915 1.808
Gyro: 289.154 154.922 34.194
Accel: 3.652 0.837 1.448
Gyro: 321.899 139.587 -11.917
Accel: 3.568 0.767 1.084
Gyro: 343.261 132.675 -54.473
Accel: 3.438 0.665 0.697
Gyro: 355.255 128.631 -92.819
Accel: 3.291 0.492 0.328
Gyro: 363.403 123.794 -124.618
Accel: 3.128 0.299 0.057
Gyro: 371.673 111.968 -142.944
Accel: 2.877 0.098 0.388
Gyro: 377.593 93.093 -157.928
Accel: 2.633 0.041 0.735
Gyro: 378.158 61.737 -168.838
Accel: 2.463 0.046 -1.022
Gyro: 367.126 18.814 -177.490
Accel: 2.229 0.036 -1.241
Gyro: 334.930 -28.427 -186.218
Accel: 2.097 0.078 -1.389
Gyro: 285.293 -64.529 -194.931
Accel: 1.873 0.029 -1.486
Gyro: 221.328 -94.802 -203.140
Accel: 1.700 0.052 -1.464
Gyro: 156.906 -116.867 -213.058
Accel: 1.518 0.132 -1.416
Gyro: 100.555 -130.599 -223.648
Accel: 1.361 0.240 -1.251
Gyro: 54.016 -141.220 -232.162
Accel: 1.212 0.349 -1.215
Gyro: 17.654 -155.792 -235.092
Accel: 1.056 0.450 -1.144
Gyro: 0.854 -170.516 -234.375
Accel: 0.900 0.513 -1.074
Gyro: -16.601 -190.582 -232.437
Accel: 0.743 0.575 -1.022
Gyro: -26.580 -221.328 -230.072
Accel: 0.618 0.656 0.947
Gyro: -32.867 -255.187 -226.959
Accel: 0.483 0.742 0.875
Gyro: -40.176 -291.519 -221.771
Accel: 0.360 0.860 0.794
Gyro: -49.285 -327.163 -214.355
Accel: 0.230 0.980 0.694
Gyro: -62.271 -361.129 -202.072
Accel: 0.071 -1.070 0.615
Gyro: -82.397 -390.380 -185.791
Accel: 0.066 -1.152 0.486
Gyro: -110.870 -416.275 -161.285
Accel: 0.157 -1.221 0.330
Gyro: -142.303 -431.060 -139.785
Accel: 0.225 -1.293 0.076
Gyro: -174.011 -448.410 -107.040
Accel: 0.236 -1.381 0.0100
Gyro: -205.230 -450.820 -66.360
Accel: 0.251 -1.385 0.406
Gyro: -235.916 -449.127 -17.257
Accel: 0.371 -1.358 0.799
Gyro: -251.358 -424.942 34.164
Accel: 0.343 -1.347 1.299
Gyro: -251.678 -373.718 79.971
Accel: 0.309 -1.297 1.803
Gyro: -251.739 -313.720 125.152
Accel: 0.131 -1.286 2.206
Gyro: -255.187 -237.319 173.309
Accel: 0.075 -1.269 2.443
Gyro: -257.949 -150.665 219.421
Accel: 0.240 -1.238 2.809
Gyro: -266.998 -66.772 259.063
Accel: 0.368 -1.164 2.878
Gyro: -274.429 11.032 285.751
Accel: 0.504 -1.034 3.026
Gyro: -275.894 80.825 305.587
Accel: 0.568 0.823 3.108
Gyro: -262.008 127.700 312.988
Accel: 0.589 0.747 3.128
Gyro: -236.831 167.129 312.469
Accel: 0.580 0.621 3.048
Gyro: -205.169 191.787 310.928
Accel: 0.634 0.548 2.899
Gyro: -167.755 202.224 312.561
Accel: 0.747 0.466 2.717
Gyro: -134.399 205.352 316.955
Accel: 0.864 0.337 2.532
Gyro: -107.666 206.344 327.270
Accel: 1.040 0.210 2.314
Gyro: -86.700 206.222 332.046
Accel: 1.212 0.064 2.219
Gyro: -71.594 205.474 343.414
Accel: 1.374 0.077 2.093
Gyro: -60.821 202.453 343.185
Accel: 1.518 0.220 1.986
Gyro: -49.163 191.757 340.454
Accel: 1.661 0.331 1.926
Gyro: -37.704 183.746 328.536
Accel: 1.824 0.465 1.888
Gyro: -28.747 171.432 306.106
Accel: 1.994 0.654 1.892
Gyro: -23.880 165.252 271.652
Accel: 1.941 0.803 1.870
Gyro: -20.965 165.298 224.700
Accel: 1.877 0.902 1.857
Gyro: -17.044 169.113 173.782
Accel: 1.767 0.868 1.803
Gyro: -7.690 173.187 127.777
Accel: 1.641 0.748 1.705
Gyro: 8.193 174.819 97.122
Accel: 1.520 0.624 1.668
Gyro: 24.398 171.737 70.495
Accel: 1.416 0.441 1.555
Gyro: 46.432 164.916 61.538
Accel: 1.331 0.408 1.441
Gyro: 60.180 156.372 53.268
Accel: 1.242 0.333 1.317
Gyro: 76.187 146.362 45.501
Accel: 1.154 0.282 1.193
Gyro: 89.553 135.787 37.368
Accel: 1.090 0.231 1.072
Gyro: 99.700 122.421 30.349
Accel: 1.031 0.191 0.958
Gyro: 109.298 106.552 25.939
Accel: 0.948 0.181 0.854
Gyro: 120.178 89.340 21.820
Accel: 0.864 0.172 0.764
Gyro: 133.148 66.131 15.579
Accel: 0.777 0.162 0.670
Gyro: 146.331 33.386 5.828
Accel: 0.701 0.168 0.579
Gyro: 163.818 5.752 -6.027
Accel: 0.642 0.181 0.496
Gyro: 160.690 -21.774 -17.807
Accel: 0.624 0.193 0.439
Gyro: 151.596 -36.529 -26.123
Accel: 0.602 0.184 0.413
Gyro: 129.867 -38.543 -31.143
Accel: 0.551 0.202 0.404
Gyro: 104.003 -33.935 -32.653
Accel: 0.501 0.214 0.411
Gyro: 75.988 -26.199 -32.653
Accel: 0.460 0.219 0.422
Gyro: 49.270 -14.358 -31.829
Accel: 0.427 0.221 0.449
Gyro: 24.459 -1.266 -29.739
Accel: 0.404 0.217 0.477
Gyro: 9.719 14.999 -26.519
Accel: 0.312 0.216 0.509
Gyro: -7.614 20.751 -22.598
Accel: 0.351 0.211 0.550
Gyro: -12.481 25.726 -20.050
Accel: 0.332 0.220 0.590
Gyro: -16.708 28.060 -19.210
Accel: 0.306 0.235 0.626
Gyro: -17.044 28.869 -20.126
Accel: 0.272 0.255 0.647
Gyro: -15.396 27.313 -22.491
Accel: 0.250 0.264 0.660
Gyro: -13.381 19.760 -25.955
Accel: 0.215 0.277 0.670
Gyro: -12.023 17.318 -30.227
Accel: 0.186 0.286 0.681
Gyro: -11.337 9.033 -34.942
Accel: 0.172 0.279 0.697
Gyro: -11.245 0.076 -39.413
Accel: 0.153 0.277 0.711
Gyro: -11.871 -9.033 -42.373
Accel: 0.139 0.275 0.753
Gyro: -14.038 -16.326 -43.762
Accel: 0.129 0.277 0.792
Gyro: -17.898 -20.690 -43.869
