Accel: 0.002 0.613 0.373
Gyro: -70.617 90.652 -101.364
Accel: 0.009 0.598 0.330
Gyro: -60.913 67.672 -109.390
Accel: 0.033 0.604 0.337
Gyro: -45.715 45.516 -120.254
Accel: 0.073 0.597 0.334
Gyro: -29.983 17.028 -134.155
Accel: 0.108 0.584 0.329
Gyro: -15.670 -12.176 -147.933
Accel: 0.154 0.577 0.324
Gyro: -5.233 -41.519 -157.928
Accel: 0.215 0.559 0.329
Gyro: 0.518 -75.805 -166.687
Accel: 0.258 0.520 0.344
Gyro: 0.762 -117.401 -173.797
Accel: 0.293 0.477 0.387
Gyro: 2.487 -168.167 -178.894
Accel: 0.324 0.378 0.463
Gyro: 8.316 -227.432 -182.418
Accel: 0.321 0.315 0.551
Gyro: 25.558 -281.509 -183.853
Accel: 0.283 0.305 0.645
Gyro: 43.823 -329.528 -179.656
Accel: 0.228 0.240 0.747
Gyro: 72.235 -364.959 -167.388
Accel: 0.161 0.170 0.895
Gyro: 98.449 -391.067 -145.919
Accel: 0.079 0.128 1.084
Gyro: 118.240 -397.293 -115.371
Accel: 0.043 0.152 1.295
Gyro: 133.666 -375.274 -85.693
Accel: 0.014 0.207 1.457
Gyro: 145.828 -332.015 -54.153
Accel: 0.093 0.257 1.566
Gyro: 154.342 -269.592 -27.938
Accel: 0.139 0.268 1.551
Gyro: 167.556 -212.142 -22.109
Accel: 0.244 0.422 1.493
Gyro: 163.818 -171.157 -21.911
Accel: 0.275 0.420 1.501
Gyro: 159.317 -142.517 -25.497
Accel: 0.326 0.479 1.343
Gyro: 152.740 -130.935 -31.936
Accel: 0.321 0.574 1.260
Gyro: 147.323 -130.752 -41.641
Accel: 0.285 0.655 1.221
Gyro: 147.415 -135.772 -57.495
Accel: 0.236 0.730 1.196
Gyro: 152.923 -138.229 -68.466
Accel: 0.217 0.749 1.184
Gyro: 161.087 -129.135 -80.200
Accel: 0.185 0.745 1.143
Gyro: 169.342 -114.715 -86.090
Accel: 0.139 0.765 1.080
Gyro: 175.399 -94.390 -85.845
Accel: 0.129 0.782 0.938
Gyro: 175.674 -75.668 -81.085
Accel: 0.117 0.873 0.911
Gyro: 172.424 -53.482 -74.310
Accel: 0.117 0.842 0.816
Gyro: 167.556 -35.964 -69.473
Accel: 0.109 0.881 0.724
Gyro: 162.750 -26.229 -68.862
Accel: 0.092 0.903 0.641
Gyro: 159.439 -23.605 -71.441
Accel: 0.093 0.903 0.567
Gyro: 158.813 -25.726 -75.241
Accel: 0.099 0.906 0.514
Gyro: 159.896 -31.951 -78.948
Accel: 0.101 0.917 0.467
Gyro: 160.598 -46.508 -81.665
Accel: 0.084 0.941 0.432
Gyro: 161.300 -61.203 -84.716
Accel: 0.071 0.953 0.408
Gyro: 164.428 -70.480 -89.111
Accel: 0.067 0.947 0.388
Gyro: 169.769 -78.399 -93.841
Accel: 0.054 0.945 0.367
Gyro: 175.888 -79.681 -97.640
Accel: 0.047 0.944 0.338
Gyro: 179.733 -75.454 -99.212
Accel: 0.062 0.948 0.292
Gyro: 179.306 -68.588 -99.517
Accel: 0.069 0.965 0.247
Gyro: 173.995 -62.057 -100.204
Accel: 0.046 0.967 0.192
Gyro: 166.793 -57.556 -102.615
Accel: 0.020 0.967 0.142
Gyro: 157.669 -56.030 -105.667
Accel: 0.006 0.964 0.111
Gyro: 147.674 -57.922 -108.520
Accel: 0.025 0.945 0.088
Gyro: 138.977 -61.233 -109.832
Accel: 0.051 0.943 0.082
Gyro: 131.195 -63.781 -109.786
Accel: 0.094 0.932 0.076
Gyro: 124.542 -64.132 -109.359
Accel: 0.128 0.920 0.070
Gyro: 119.003 -62.057 -109.0100
Accel: 0.148 0.898 0.058
Gyro: 113.769 -57.495 -108.200
Accel: 0.159 0.885 0.040
Gyro: 107.208 -52.566 -105.972
Accel: 0.191 0.874 0.024
Gyro: 100.875 -47.607 -102.828
Accel: 0.221 0.864 0.006
Gyro: 92.727 -39.428 -98.678
Accel: 0.242 0.858 0.008
Gyro: 84.197 -38.574 -93.521
Accel: 0.269 0.846 0.021
Gyro: 76.156 -33.584 -87.615
Accel: 0.290 0.837 0.032
Gyro: 68.954 -29.190 -81.298
Accel: 0.303 0.833 0.045
Gyro: 62.377 -25.863 -74.813
Accel: 0.317 0.830 0.055
Gyro: 56.686 -23.986 -68.939
Accel: 0.341 0.836 0.064
Gyro: 51.269 -23.269 -62.484
Accel: 0.369 0.838 0.075
Gyro: 46.386 -23.483 -56.472
Accel: 0.389 0.839 0.077
Gyro: 42.587 -24.063 -50.842
Accel: 0.401 0.832 0.079
Gyro: 38.650 -24.902 -45.227
Accel: 0.410 0.818 0.080
Gyro: 34.927 -24.856 -39.520
Accel: 0.403 0.813 0.079
Gyro: 30.853 -23.941 -32.592
Accel: 0.401 0.830 0.077
Gyro: 26.306 -22.079 -25.039
Accel: 0.403 0.838 0.076
Gyro: 21.453 -19.592 -18.905
Accel: 0.404 0.839 0.076
Gyro: 15.838 -16.403 -13.809
Accel: 0.409 0.832 0.075
Gyro: 10.421 -12.817 -9.735
Accel: 0.416 0.839 0.069
Gyro: 6.576 -8.880 -6.332
Accel: 0.382 0.837 0.075
Gyro: 3.585 -4.394 -1.937
Accel: 0.370 0.856 0.083
Gyro: 0.793 0.778 2.426
Accel: 0.370 0.870 0.091
Gyro: -2.853 0.122 5.447
Accel: 0.367 0.867 0.092
Gyro: -6.729 0.427 7.202
Accel: 0.373 0.859 0.086
Gyro: -9.826 0.289 8.453
Accel: 0.388 0.848 0.077
Gyro: -11.779 0.579 10.299
Accel: 0.404 0.848 0.067
Gyro: -12.329 2.395 13.076
Accel: 0.377 0.849 0.067
Gyro: -12.176 4.501 16.983
Accel: 0.349 0.862 0.075
Gyro: -12.390 6.927 20.629
Accel: 0.335 0.887 0.086
Gyro: -13.809 8.132 23.666
Accel: 0.304 0.912 0.097
Gyro: -16.510 8.865 25.894
Accel: 0.275 0.934 0.110
Gyro: -19.729 9.048 26.428
Accel: 0.259 0.955 0.119
Gyro: -24.169 8.193 25.573
Accel: 0.249 0.968 0.120
Gyro: -29.479 6.683 23.422
Accel: 0.241 0.974 0.115
Gyro: -34.835 5.279 21.438
Accel: 0.244 0.987 0.109
Gyro: -42.800 4.791 19.805
Accel: 0.245 0.993 0.102
Gyro: -46.707 4.241 17.944
Accel: 0.241 0.988 0.097
Gyro: -50.491 3.540 15.853
Accel: 0.247 0.982 0.091
Gyro: -50.445 2.792 14.572
Accel: 0.189 0.979 0.081
Gyro: -54.763 2.166 15.121
Accel: 0.241 0.985 0.074
Gyro: -59.677 2.532 16.220
Accel: 0.248 0.999 0.068
Gyro: -65.155 2.349 15.991
Accel: 0.238 0.992 0.059
Gyro: -71.105 2.456 13.916
Accel: 0.230 0.981 0.049
Gyro: -76.828 3.402 11.795
Accel: 0.238 0.976 0.034
Gyro: -82.885 4.455 10.833
Accel: 0.251 0.961 0.013
Gyro: -88.333 4.028 11.199
Accel: 0.252 0.951 0.006
Gyro: -92.330 3.112 13.031
Accel: 0.249 0.942 0.028
Gyro: -95.153 1.785 14.816
Accel: 0.256 0.949 0.044
Gyro: -96.633 0.350 15.808
Accel: 0.257 0.937 0.062
Gyro: -96.984 -1.129 15.365
Accel: 0.243 0.916 0.079
Gyro: -96.572 -1.922 14.221
Accel: 0.244 0.901 0.095
Gyro: -96.069 -2.319 13.473
Accel: 0.244 0.886 0.112
Gyro: -95.977 -3.662 13.458
Accel: 0.241 0.874 0.126
Gyro: -96.221 -5.371 14.343
Accel: 0.242 0.873 0.141
Gyro: -96.679 -7.431 15.304
Accel: 0.250 0.876 0.169
Gyro: -97.030 -11.276 15.960
Accel: 0.243 0.866 0.202
Gyro: -96.038 -16.571 16.540
Accel: 0.227 0.853 0.248
Gyro: -92.895 -20.904 17.135
Accel: 0.215 0.844 0.288
Gyro: -87.814 -23.971 17.608
Accel: 0.203 0.840 0.329
Gyro: -78.247 -25.222 18.188
Accel: 0.197 0.840 0.367
Gyro: -75.622 -19.592 18.417
Accel: 0.197 0.841 0.397
Gyro: -68.862 -19.256 18.066
Accel: 0.198 0.845 0.416
Gyro: -63.003 -13.717 17.898
Accel: 0.197 0.844 0.427
Gyro: -58.532 -7.919 18.692
Accel: 0.199 0.846 0.422
Gyro: -55.480 -3.280 19.927
Accel: 0.190 0.850 0.422
Gyro: -53.833 0.274 21.774
Accel: 0.183 0.850 0.426
Gyro: -53.894 1.678 23.620
Accel: 0.179 0.858 0.425
Gyro: -55.374 3.311 25.558
Accel: 0.177 0.868 0.425
Gyro: -58.059 5.325 27.374
Accel: 0.173 0.875 0.426
Gyro: -60.714 7.217 28.930
Accel: 0.167 0.881 0.437
Gyro: -63.034 7.980 29.785
Accel: 0.160 0.883 0.449
Gyro: -63.476 7.049 30.197
Accel: 0.160 0.883 0.463
Gyro: -61.721 4.592 30.227
Accel: 0.160 0.881 0.480
Gyro: -57.662 1.632 29.922
Accel: 0.159 0.889 0.491
Gyro: -52.322 -1.144 29.373
Accel: 0.155 0.896 0.505
Gyro: -46.554 -3.036 28.274
Accel: 0.230 0.963 0.223
Gyro: 0.686 -3.433 0.640
Accel: 0.232 0.958 0.225
Gyro: 0.350 -2.716 0.778
Accel: 0.239 0.956 0.225
Gyro: 0.381 -1.922 0.915
Accel: 0.248 0.956 0.223
Gyro: 0.808 -1.327 0.900
Accel: 0.252 0.957 0.222
Gyro: 1.510 -1.098 0.595
Accel: 0.252 0.954 0.218
Gyro: 2.334 0.976 0.335
Accel: 0.253 0.954 0.215
Gyro: 2.655 -1.235 0.137
Accel: 0.250 0.958 0.213
Gyro: 2.929 -1.907 0.564
Accel: 0.245 0.957 0.215
Gyro: 3.082 -2.105 0.808
Accel: 0.239 0.962 0.216
Gyro: 3.097 -1.785 0.854
Accel: 0.237 0.968 0.218
Gyro: 2.853 -1.235 0.854
Accel: 0.235 0.972 0.219
Gyro: 2.716 0.701 0.579
Accel: 0.235 0.981 0.219
Gyro: 2.777 0.442 0.320
Accel: 0.241 0.991 0.224
Gyro: 2.914 0.427 0.244
Accel: 0.239 0.993 0.229
Gyro: 3.479 0.122 0.839
Accel: 0.238 1.0000 0.232
Gyro: 4.577 0.564 -1.464
Accel: 0.233 1.012 0.232
Gyro: 5.859 1.144 -1.831
Accel: 0.229 1.022 0.234
Gyro: 7.263 1.144 -2.685
Accel: 0.219 1.037 0.230
Gyro: 9.170 0.625 -3.677
Accel: 0.201 1.054 0.232
Gyro: 11.703 0.823 -5.401
Accel: 0.126 1.075 0.229
Gyro: 15.716 -3.341 -8.453
Accel: 0.162 1.098 0.225
Gyro: 22.155 -7.202 -12.847
Accel: 0.144 1.117 0.226
Gyro: 32.455 -12.542 -20.462
Accel: 0.134 1.125 0.215
Gyro: 46.325 -23.162 -31.448
Accel: 0.125 1.125 0.192
Gyro: 59.814 -29.632 -44.067
Accel: 0.136 1.121 0.167
Gyro: 74.783 -46.447 -56.442
Accel: 0.157 1.107 0.133
Gyro: 93.643 -56.655 -67.977
Accel: 0.248 1.077 0.083
Gyro: 108.520 -72.296 -78.323
Accel: 0.227 1.041 0.050
Gyro: 117.324 -88.531 -86.929
Accel: 0.260 0.998 0.014
Gyro: 125.762 -103.408 -93.383
Accel: 0.289 0.948 0.025
Gyro: 129.196 -115.676 -97.152
Accel: 0.324 0.885 0.054
Gyro: 127.700 -123.138 -99.822
Accel: 0.379 0.806 0.079
Gyro: 122.573 -129.013 -101.089
Accel: 0.441 0.729 0.085
Gyro: 110.198 -133.132 -99.578
Accel: 0.510 0.643 0.080
Gyro: 101.287 -135.635 -94.528
Accel: 0.583 0.552 0.061
Gyro: 83.145 -135.406 -86.364
Accel: 0.676 0.449 0.024
Gyro: 67.794 -130.599 -74.783
Accel: 0.797 0.359 0.032
Gyro: 53.649 -118.148 -56.716
Accel: 0.920 0.288 0.099
Gyro: 32.470 -97.274 -26.702
Accel: -1.033 0.239 0.157
Gyro: 5.065 -70.999 15.869
Accel: -1.125 0.216 0.194
Gyro: -28.198 -43.395 72.433
Accel: -1.116 0.177 0.340
Gyro: -66.696 -22.109 126.525
Accel: -1.097 0.147 0.358
Gyro: -106.307 4.776 179.061
Accel: 0.972 0.089 0.430
Gyro: -143.524 36.575 231.048
Accel: 0.840 0.061 0.439
Gyro: -179.351 63.674 275.787
Accel: 0.709 0.025 0.506
Gyro: -210.266 94.329 312.881
Accel: 0.508 0.005 0.594
Gyro: -243.576 122.344 345.504
Accel: 0.401 0.016 0.670
Gyro: -274.230 148.498 376.342
Accel: 0.229 0.004 0.744
Gyro: -302.291 172.302 404.724
Accel: 0.060 0.037 0.840
Gyro: -327.636 191.513 425.430
Accel: 0.099 0.075 0.979
Gyro: -347.610 208.297 435.058
Accel: 0.249 0.083 1.161
Gyro: -356.933 211.029 443.008
Accel: 0.397 0.040 1.402
Gyro: -353.881 199.325 445.999
Accel: 0.535 0.036 1.748
Gyro: -327.301 174.209 442.825
Accel: 0.710 0.183 1.980
Gyro: -274.810 137.130 433.944
Accel: 0.976 0.158 2.238
Gyro: -205.047 113.082 414.947
Accel: 1.086 0.071 2.433
Gyro: -108.871 101.409 383.178
Accel: 1.122 0.049 2.508
Gyro: -7.308 89.706 344.909
Accel: 1.203 0.150 2.416
Gyro: 92.315 80.398 304.916
Accel: 1.336 0.316 2.226
Gyro: 177.871 81.970 265.533
Accel: 1.460 0.541 1.884
Gyro: 238.983 88.836 225.189
Accel: 1.549 0.717 1.583
Gyro: 275.695 105.438 187.316
Accel: 1.583 0.859 1.357
Gyro: 286.956 128.219 147.811
Accel: 1.572 0.958 1.124
Gyro: 286.0010 149.490 114.837
Accel: 1.578 0.995 0.926
Gyro: 277.130 177.963 89.645
Accel: 1.567 1.053 0.702
Gyro: 263.259 205.337 71.304
Accel: 1.589 1.110 0.450
Gyro: 245.407 230.514 55.938
Accel: 1.597 1.196 0.225
Gyro: 224.273 249.298 41.381
Accel: 1.541 1.254 0.0010
Gyro: 201.614 260.513 16.647
Accel: 1.470 1.336 0.130
Gyro: 181.427 261.169 0.152
Accel: 1.177 1.357 0.189
Gyro: 166.488 251.831 -12.863
Accel: 0.930 1.299 0.213
Gyro: 160.995 241.561 -8.712
Accel: 1.252 1.021 0.350
Gyro: 168.273 209.457 0.534
Accel: 1.154 1.002 0.512
Gyro: 163.803 159.271 -11.367
Accel: 1.057 1.038 0.566
Gyro: 155.761 111.984 -23.132
Accel: 1.055 1.051 0.615
Gyro: 151.382 74.539 -32.012
Accel: 1.007 1.082 0.643
Gyro: 143.920 43.792 -44.525
Accel: 0.968 1.065 0.657
Gyro: 132.858 16.311 -63.323
Accel: 0.932 1.052 0.658
Gyro: 120.223 -7.736 -83.587
Accel: 0.856 1.047 0.621
Gyro: 107.879 -21.820 -108.108
Accel: 0.793 0.980 0.629
Gyro: 91.125 -30.731 -122.955
Accel: 0.689 0.895 0.620
Gyro: 77.987 -34.606 -137.329
Accel: 0.700 0.791 0.625
Gyro: 57.754 -37.826 -144.851
Accel: 0.727 0.702 0.629
Gyro: 40.390 -40.466 -144.714
Accel: 0.684 0.684 0.668
Gyro: 24.719 -47.302 -142.761
Accel: 0.667 0.636 0.695
Gyro: 7.873 -61.096 -141.220
Accel: 0.633 0.622 0.691
Gyro: -10.131 -75.088 -137.817
Accel: 0.574 0.639 0.677
Gyro: -33.721 -90.164 -131.576
Accel: 0.533 0.623 0.650
Gyro: -55.435 -102.706 -123.733
Accel: 0.508 0.608 0.618
Gyro: -87.890 -113.632 -114.135
Accel: 0.495 0.617 0.574
Gyro: -114.059 -127.334 -101.196
Accel: 0.518 0.680 0.500
Gyro: -140.274 -149.429 -88.241
Accel: 0.573 0.756 0.376
Gyro: -158.905 -191.207 -82.489
Accel: 0.638 0.817 0.179
Gyro: -166.458 -250.671 -86.837
Accel: 0.672 0.864 0.062
Gyro: -161.254 -319.259 -99.411
Accel: 0.787 0.864 0.368
Gyro: -143.112 -375.106 -119.445
Accel: 0.933 0.865 0.576
Gyro: -117.324 -410.873 -140.579
Accel: 1.086 0.877 0.825
Gyro: -101.181 -426.651 -159.790
Accel: 1.213 0.880 1.070
Gyro: -91.613 -415.664 -182.952
Accel: 1.290 0.874 1.332
Gyro: -91.644 -392.105 -207.611
Accel: 1.353 0.867 1.606
Gyro: -94.268 -347.900 -231.964
Accel: 1.321 0.853 1.856
Gyro: -94.284 -284.866 -257.202
Accel: 1.252 0.760 2.062
Gyro: -86.105 -221.359 -282.730
Accel: 1.111 0.629 2.146
Gyro: -62.026 -173.156 -304.901
Accel: 0.975 0.473 2.403
Gyro: -23.406 -139.816 -330.993
Accel: 0.688 0.358 2.262
Gyro: 25.955 -124.435 -347.396
Accel: 0.433 0.224 2.162
Gyro: 78.582 -124.877 -351.974
Accel: 0.200 0.082 2.022
Gyro: 130.264 -129.653 -354.919
Accel: 0.025 0.049 1.895
Gyro: 172.836 -142.410 -352.798
Accel: 0.222 0.200 1.788
Gyro: 206.680 -146.072 -344.589
Accel: 0.408 0.299 1.677
Gyro: 223.617 -138.854 -329.650
Accel: 0.563 0.415 1.555
Gyro: 226.669 -121.307 -310.028
Accel: 0.718 0.478 1.588
Gyro: 215.316 -100.585 -282.455
Accel: 0.918 0.584 1.380
Gyro: 189.987 -69.671 -251.663
Accel: -1.092 0.645 1.253
Gyro: 160.568 -42.434 -213.088
Accel: -1.222 0.703 1.132
Gyro: 131.683 -7.949 -170.196
Accel: -1.316 0.755 1.069
Gyro: 111.633 19.378 -117.248
Accel: -1.356 0.829 1.015
Gyro: 91.003 32.638 -74.142
Accel: -1.385 0.880 1.020
Gyro: 81.710 41.320 -23.986
Accel: -1.420 0.900 0.975
Gyro: 73.852 46.875 27.557
Accel: -1.404 0.914 0.940
Gyro: 70.785 56.152 80.902
Accel: -1.361 0.911 0.899
Gyro: 66.406 73.287 137.847
Accel: -1.299 0.858 0.877
Gyro: 55.587 95.748 201.568
Accel: -1.208 0.798 0.854
Gyro: 36.758 123.352 268.875
Accel: -1.042 0.742 0.820
Gyro: 12.741 149.230 338.745
Accel: 0.809 0.743 0.830
Gyro: -12.313 186.630 400.711
Accel: 0.498 0.710 0.821
Gyro: -43.273 224.472 467.498
Accel: 0.170 0.660 0.830
Gyro: -81.878 264.205 499.984
Accel: 0.303 0.507 0.843
Gyro: -116.714 311.279 499.984
Accel: 0.695 0.456 0.869
Gyro: -158.157 355.300 499.984
Accel: 1.167 0.355 0.917
Gyro: -198.181 385.711 499.984
Accel: 1.686 0.255 0.997
Gyro: -233.291 401.565 499.984
Accel: 2.187 0.057 1.131
Gyro: -262.222 407.455 499.984
Accel: 2.617 0.228 1.271
Gyro: -283.660 405.853 499.984
Accel: 2.791 0.557 1.466
Gyro: -291.625 377.609 499.984
Accel: 2.971 0.566 1.860
Gyro: -265.426 297.225 499.984
Accel: 2.973 0.708 2.247
Gyro: -178.543 224.029 422.302
Accel: 2.652 1.045 2.513
Gyro: -43.212 146.804 325.241
Accel: 2.445 1.126 2.589
Gyro: 90.057 77.514 255.294
Accel: 2.429 1.159 2.373
Gyro: 225.830 40.664 206.054
Accel: 2.471 1.297 1.973
Gyro: 320.175 36.209 172.882
Accel: 2.596 1.475 1.517
Gyro: 365.936 66.238 145.370
Accel: 2.793 1.695 1.029
Gyro: 367.553 127.151 118.316
Accel: 2.853 1.926 0.560
Gyro: 338.348 195.800 85.189
Accel: 2.794 2.068 0.130
Gyro: 291.381 261.672 52.978
Accel: 2.487 2.222 0.245
Gyro: 236.999 299.575 33.966
Accel: 2.383 2.101 0.476
Gyro: 184.265 305.984 32.669
Accel: 2.248 1.822 0.699
Gyro: 138.122 272.552 18.981
Accel: 2.007 1.853 0.799
Gyro: 94.970 213.241 8.331
Accel: 1.908 1.756 0.675
Gyro: 62.042 143.020 2.532
Accel: 1.808 1.615 0.469
Gyro: 54.031 68.466 -7.186
Accel: 1.725 1.564 0.274
Gyro: 64.743 -8.682 -18.524
Accel: 1.722 1.549 0.072
Gyro: 86.685 -79.376 -41.961
Accel: 1.728 1.526 0.0010
Gyro: 115.966 -142.944 -79.895
Accel: 1.712 1.479 0.110
Gyro: 146.347 -193.588 -123.748
Accel: 1.658 1.316 0.165
Gyro: 174.163 -238.250 -176.696
Accel: 1.555 1.208 0.198
Gyro: 196.075 -282.211 -228.012
Accel: 1.424 1.011 0.203
Gyro: 218.475 -316.955 -273.147
Accel: 1.270 0.814 0.212
Gyro: 235.229 -341.567 -308.792
Accel: 1.144 0.603 0.205
Gyro: 245.605 -353.271 -334.213
Accel: 1.063 0.380 0.197
Gyro: 249.496 -351.943 -349.411
Accel: 0.989 0.174 0.190
Gyro: 248.641 -342.834 -358.779
Accel: 0.901 0.005 0.161
Gyro: 242.507 -330.551 -362.152
Accel: 0.776 0.108 0.185
Gyro: 235.687 -322.372 -360.977
Accel: 0.694 0.312 0.096
Gyro: 223.129 -317.886 -359.954
Accel: 0.617 0.380 0.084
Gyro: 217.773 -313.903 -359.786
Accel: 0.581 0.618 0.054
Gyro: 207.046 -305.755 -358.398
Accel: 0.520 0.756 0.025
Gyro: 188.919 -297.378 -352.462
Accel: 0.393 0.920 0.033
Gyro: 161.178 -275.390 -335.159
Accel: 0.327 -1.083 0.037
Gyro: 121.276 -247.390 -303.680
Accel: 0.235 -1.224 0.067
Gyro: 72.982 -211.578 -263.671
Accel: 0.052 -1.338 0.113
Gyro: 23.040 -170.700 -218.643
Accel: 0.154 -1.442 0.081
Gyro: -27.160 -129.837 -161.880
Accel: 0.354 -1.531 0.130
Gyro: -64.208 -98.815 -107.055
Accel: 0.530 -1.638 0.236
Gyro: -98.800 -87.280 -44.937
Accel: 0.659 -1.732 0.253
Gyro: -128.219 -86.853 12.573
Accel: 0.770 -1.779 0.372
Gyro: -145.782 -92.346 66.497
Accel: 0.838 -1.821 0.538
Gyro: -154.571 -97.579 117.416
Accel: 0.884 -1.853 0.631
Gyro: -145.645 -100.387 165.161
Accel: 0.896 -1.902 0.855
Gyro: -118.072 -103.775 213.378
Accel: 0.799 -1.918 0.974
Gyro: -75.958 -102.966 264.099
Accel: 0.634 -1.847 1.051
Gyro: -28.732 -92.391 314.285
Accel: 0.443 -1.738 1.099
Gyro: 12.817 -69.595 363.113
Accel: 0.193 -1.519 1.090
Gyro: 35.858 -25.329 397.155
Accel: 0.057 -1.268 1.047
Gyro: 42.358 22.964 439.117
Accel: 0.304 -1.056 0.951
Gyro: 30.426 81.359 482.925
Accel: 0.666 0.686 0.870
Gyro: 0.625 147.109 499.984
Accel: 1.027 0.223 0.808
Gyro: -47.225 215.118 499.984
Accel: 1.361 0.200 0.707
Gyro: -107.467 280.227 499.984
Accel: 1.848 0.501 0.617
Gyro: -181.213 321.136 499.984
Accel: 2.328 0.828 0.597
Gyro: -263.168 343.353 499.984
Accel: 2.637 1.250 0.628
Gyro: -346.450 344.299 499.984
Accel: 2.822 1.667 0.827
Gyro: -424.438 328.994 499.984
Accel: 3.020 1.788 1.143
Gyro: -480.072 294.662 490.447
Accel: 3.096 1.995 1.561
Gyro: -495.651 256.912 415.283
Accel: 3.033 2.056 2.139
Gyro: -461.959 216.857 353.454
Accel: 3.154 2.018 2.566
Gyro: -399.383 182.388 304.916
Accel: 3.224 2.054 2.864
Gyro: -328.720 158.737 263.961
Accel: 3.446 1.974 3.103
Gyro: -248.504 153.457 210.556
Accel: 3.584 1.974 3.237
Gyro: -167.877 140.975 145.355
Accel: 3.613 1.882 3.276
Gyro: -85.922 105.072 75.424
Accel: 3.531 1.685 3.195
Gyro: 4.211 41.213 2.319
Accel: 3.319 1.526 3.071
Gyro: 112.060 -33.401 -51.956
Accel: 3.150 1.369 2.770
Gyro: 217.773 -106.750 -97.991
Accel: 3.047 1.337 2.479
Gyro: 300.689 -154.602 -139.160
Accel: 2.992 1.432 2.091
Gyro: 344.741 -183.609 -184.906
Accel: 2.886 1.381 1.742
Gyro: 361.495 -187.850 -234.054
Accel: 2.770 1.313 1.433
Gyro: 354.034 -168.884 -282.165
Accel: 2.534 1.162 1.080
Gyro: 333.023 -140.563 -327.133
Accel: 2.302 1.029 0.969
Gyro: 300.292 -106.704 -370.239
Accel: 2.035 0.768 0.785
Gyro: 266.525 -71.395 -402.862
Accel: 1.766 0.496 0.675
Gyro: 235.885 -40.420 -437.149
Accel: 1.507 0.240 0.531
Gyro: 208.297 -16.464 -456.787
Accel: 1.280 0.124 0.414
Gyro: 188.766 -3.707 -472.366
Accel: 1.020 0.286 0.310
Gyro: 181.060 0.732 -478.973
Accel: 0.857 0.552 0.201
Gyro: 174.819 -14.892 -481.414
Accel: 0.669 0.653 0.150
Gyro: 175.781 -40.054 -481.460
Accel: 0.510 0.814 0.114
Gyro: 188.568 -69.778 -479.537
Accel: 0.342 0.957 0.061
Gyro: 209.579 -102.722 -474.014
Accel: 0.154 -1.053 0.006
Gyro: 231.002 -138.305 -458.312
Accel: 0.034 -1.063 0.046
Gyro: 247.970 -170.761 -439.620
Accel: 0.199 -1.085 0.182
Gyro: 256.607 -203.079 -416.122
Accel: 0.384 -1.076 0.245
Gyro: 256.317 -241.180 -396.545
Accel: 0.478 -1.079 0.220
Gyro: 243.347 -279.373 -373.641
Accel: 0.584 -1.095 0.237
Gyro: 233.078 -311.767 -351.074
Accel: 0.672 -1.121 0.231
Gyro: 208.587 -347.167 -327.331
Accel: 0.812 -1.162 0.167
Gyro: 186.340 -382.080 -299.926
Accel: 0.801 -1.234 0.062
Gyro: 158.096 -407.241 -267.456
Accel: 0.860 -1.265 0.086
Gyro: 131.652 -421.096 -227.600
Accel: 0.914 -1.289 0.278
Gyro: 107.696 -430.465 -181.686
Accel: 0.927 -1.339 0.506
Gyro: 86.593 -431.213 -134.231
Accel: 0.929 -1.340 0.809
Gyro: 69.747 -413.772 -84.167
Accel: 0.961 -1.301 1.098
Gyro: 55.145 -364.379 -33.935
Accel: 0.988 -1.194 1.313
Gyro: 51.635 -295.867 22.918
Accel: 0.997 -1.168 1.526
Gyro: 44.845 -214.370 81.008
Accel: 0.994 -1.035 1.629
Gyro: 33.660 -115.310 137.176
Accel: 0.947 0.942 1.658
Gyro: 16.464 -18.707 189.590
Accel: 0.860 0.870 1.586
Gyro: -7.049 67.810 238.433
Accel: 0.791 0.799 1.477
Gyro: -34.790 135.482 282.257
Accel: 0.697 0.743 1.373
Gyro: -63.171 183.181 323.684
Accel: 0.565 0.705 1.288
Gyro: -88.455 217.269 362.213
Accel: 0.410 0.658 1.225
Gyro: -112.030 238.067 397.613
Accel: 0.229 0.589 1.196
Gyro: -131.759 253.158 426.376
Accel: 0.049 0.489 1.201
Gyro: -150.970 269.226 457.946
Accel: 0.189 0.411 1.230
Gyro: -171.020 286.468 490.005
Accel: 0.500 0.348 1.295
Gyro: -187.713 310.729 499.984
Accel: 0.875 0.315 1.377
Gyro: -208.801 336.761 499.984
Accel: 1.343 0.251 1.464
Gyro: -233.703 359.634 499.984
Accel: 1.646 0.114 1.584
Gyro: -258.697 371.536 499.984
Accel: 2.0001 0.006 1.746
Gyro: -275.756 357.452 499.984
Accel: 2.300 0.121 1.889
Gyro: -280.502 328.781 499.984
Accel: 2.472 0.269 2.074
Gyro: -273.254 303.375 499.984
Accel: 2.731 0.357 2.314
Gyro: -250.457 288.604 499.984
Accel: 2.912 0.470 2.621
Gyro: -220.382 292.068 499.984
Accel: 2.815 0.796 2.801
Gyro: -181.228 291.732 489.410
Accel: 2.885 0.804 2.929
Gyro: -127.853 295.471 430.282
Accel: 2.903 0.842 2.922
Gyro: -67.276 302.444 375.198
Accel: 2.850 0.899 2.767
Gyro: -1.037 306.716 325.637
Accel: 2.776 0.955 2.509
Gyro: 55.038 304.779 282.791
Accel: 2.728 1.004 2.204
Gyro: 96.893 301.452 245.208
Accel: 2.656 1.077 1.876
Gyro: 122.039 296.676 210.937
Accel: 2.622 1.139 1.677
Gyro: 133.300 290.115 182.846
Accel: 2.633 1.247 1.408
Gyro: 135.406 282.775 145.904
Accel: 2.548 1.254 1.280
Gyro: 128.936 273.208 116.043
Accel: 2.458 1.275 1.0100
Gyro: 131.027 259.445 79.879
Accel: 2.343 1.257 1.029
Gyro: 134.948 243.392 43.701
Accel: 2.217 1.194 0.904
Gyro: 147.842 221.633 9.719
Accel: 2.093 1.136 0.777
Gyro: 168.472 192.0001 -22.155
Accel: 1.951 1.086 0.647
Gyro: 191.848 154.998 -54.855
Accel: 1.841 1.051 0.524
Gyro: 209.762 117.965 -85.815
Accel: 1.729 1.034 0.434
Gyro: 218.444 84.945 -115.173
Accel: 1.599 0.963 0.387
Gyro: 224.304 58.441 -143.920
Accel: 1.473 0.818 0.329
Gyro: 231.445 33.569 -164.688
Accel: 1.344 0.786 0.283
Gyro: 245.864 8.239 -183.792
Accel: 1.187 0.627 0.207
Gyro: 257.537 -6.729 -200.073
Accel: 1.140 0.617 0.124
Gyro: 262.924 -24.017 -215.438
Accel: 0.942 0.557 0.047
Gyro: 269.088 -42.541 -231.002
Accel: 0.896 0.470 0.006
Gyro: 273.620 -61.370 -244.796
Accel: 0.804 0.379 0.040
Gyro: 278.289 -79.818 -254.165
Accel: 0.706 0.291 0.059
Gyro: 283.691 -98.739 -262.680
Accel: 0.629 0.187 0.080
Gyro: 289.657 -119.689 -269.561
Accel: 0.563 0.067 0.128
Gyro: 298.446 -130.767 -273.788
Accel: 0.450 0.025 0.210
Gyro: 303.970 -143.218 -274.139
Accel: 0.361 0.102 0.320
Gyro: 299.880 -153.335 -267.089
Accel: 0.247 0.114 0.437
Gyro: 276.321 -169.067 -251.998
Accel: 0.121 0.109 0.495
Gyro: 245.117 -190.887 -230.850
Accel: 0.014 0.119 0.524
Gyro: 200.820 -213.088 -205.688
Accel: 0.085 0.138 0.521
Gyro: 157.379 -234.283 -179.855
Accel: 0.163 0.160 0.495
Gyro: 120.758 -257.797 -150.833
Accel: 0.215 0.205 0.433
Gyro: 95.108 -288.055 -119.506
Accel: 0.279 0.241 0.371
Gyro: 80.673 -326.705 -83.724
Accel: 0.318 0.264 0.299
Gyro: 79.086 -367.675 -46.981
Accel: 0.307 0.248 0.210
Gyro: 89.675 -409.393 -3.112
Accel: 0.278 0.197 0.093
Gyro: 95.062 -440.795 41.488
Accel: 0.234 0.117 0.048
Gyro: 104.446 -466.751 86.105
Accel: 0.164 0.014 0.220
Gyro: 110.916 -480.361 132.064
Accel: 0.072 0.212 0.408
Gyro: 114.395 -480.148 175.979
Accel: 0.059 0.401 0.600
Gyro: 119.827 -459.030 213.043
Accel: 0.348 0.588 0.744
Gyro: 122.985 -416.397 240.966
Accel: 0.672 0.862 0.833
Gyro: 117.889 -357.345 250.961
Accel: 1.016 1.283 0.935
Gyro: 94.055 -285.354 244.796
Accel: 1.315 1.644 0.831
Gyro: 48.370 -225.448 210.769
Accel: 1.556 2.096 0.891
Gyro: -15.487 -169.128 155.487
Accel: 1.571 2.296 0.959
Gyro: -73.425 -118.804 92.819
Accel: 1.545 2.326 1.056
Gyro: -106.781 -78.994 30.624
Accel: 1.403 2.241 1.165
Gyro: -124.649 -50.170 -22.201
Accel: 1.153 2.117 1.251
Gyro: -117.401 -33.798 -62.347
Accel: 0.909 1.956 1.286
Gyro: -87.387 -29.022 -89.630
Accel: 0.659 1.852 1.254
Gyro: -43.975 -36.361 -104.736
Accel: 0.511 1.761 1.177
Gyro: 5.462 -60.287 -110.549
Accel: 0.434 1.716 1.008
Gyro: 53.405 -90.988 -123.901
Accel: 0.392 1.699 0.961
Gyro: 96.847 -121.520 -145.126
Accel: 0.343 1.657 0.862
Gyro: 129.241 -151.702 -172.485
Accel: 0.282 1.576 0.767
Gyro: 155.639 -171.234 -199.966
Accel: 0.204 1.438 0.676
Gyro: 172.256 -179.946 -223.526
Accel: 0.110 1.289 0.592
Gyro: 178.604 -180.648 -241.088
Accel: 0.003 1.139 0.521
Gyro: 175.628 -174.667 -251.388
Accel: 0.105 0.995 0.457
Gyro: 165.206 -165.618 -261.581
Accel: 0.214 0.856 0.407
Gyro: 148.513 -149.322 -259.246
Accel: 0.330 0.749 0.362
Gyro: 125.823 -139.968 -255.752
Accel: 0.425 0.644 0.324
Gyro: 102.737 -126.831 -247.894
Accel: 0.500 0.505 0.288
Gyro: 79.269 -114.059 -237.060
Accel: 0.674 0.562 0.168
Gyro: 58.959 -104.370 -223.922
Accel: 0.670 0.447 0.205
Gyro: 44.921 -93.826 -209.182
Accel: 0.704 0.364 0.252
Gyro: 28.533 -83.770 -194.030
Accel: 0.736 0.290 0.275
Gyro: 16.571 -75.363 -181.198
Accel: 0.712 0.238 0.246
Gyro: 7.766 -70.083 -167.068
Accel: 0.772 0.221 0.201
Gyro: 0.900 -67.947 -155.883
Accel: 0.783 0.205 0.248
Gyro: 0.885 -66.024 -145.294
Accel: 0.802 0.199 0.179
Gyro: 0.991 -68.542 -134.429
Accel: 0.799 0.178 0.173
Gyro: 6.118 -73.364 -124.343
Accel: 0.816 0.172 0.174
Gyro: 13.137 -79.711 -114.974
Accel: 0.837 0.190 0.186
Gyro: 21.163 -85.922 -104.248
Accel: 0.853 0.204 0.197
Gyro: 30.838 -90.408 -90.072
Accel: 0.864 0.217 0.204
Gyro: 41.610 -93.521 -79.040
Accel: 0.879 0.230 0.207
Gyro: 51.528 -95.184 -72.998
Accel: 0.875 0.236 0.208
Gyro: 62.316 -96.542 -64.849
Accel: 0.862 0.228 0.206
Gyro: 63.232 -96.649 -58.776
Accel: 0.848 0.214 0.209
Gyro: 65.551 -95.245 -53.604
Accel: 0.819 0.183 0.202
Gyro: 66.284 -91.781 -50.903
Accel: 0.797 0.160 0.194
Gyro: 62.850 -88.973 -50.048
Accel: 0.805 0.165 0.190
Gyro: 52.566 -88.577 -50.979
Accel: 0.802 0.155 0.189
Gyro: 37.673 -90.469 -51.910
Accel: 0.788 0.132 0.200
Gyro: 19.561 -93.215 -52.597
Accel: 0.789 0.068 0.274
Gyro: 0.793 -90.927 -51.315
Accel: 0.797 0.018 0.325
Gyro: -25.878 -82.077 -45.913
Accel: 0.843 0.017 0.403
Gyro: -50.247 -78.704 -33.813
Accel: 0.883 0.064 0.493
Gyro: -70.999 -66.680 -16.082
Accel: 0.962 0.095 0.637
Gyro: -94.009 -47.500 8.087
Accel: -1.081 0.084 0.773
Gyro: -113.784 -23.559 40.512
Accel: -1.186 0.072 0.889
Gyro: -129.608 3.280 79.757
Accel: -1.233 0.077 0.979
Gyro: -141.906 30.456 123.046
Accel: -1.229 0.074 1.022
Gyro: -150.360 57.937 168.304
Accel: -1.167 0.078 1.052
Gyro: -155.014 78.689 212.570
Accel: -1.052 0.084 1.058
Gyro: -156.845 99.227 250.976
Accel: 0.892 0.081 1.048
Gyro: -158.203 114.639 290.710
Accel: 0.720 0.076 1.038
Gyro: -159.088 124.786 326.644
Accel: 0.529 0.060 1.036
Gyro: -158.401 131.195 356.796
Accel: 0.334 0.029 1.039
Gyro: -154.525 135.269 378.906
Accel: 0.064 0.006 1.044
Gyro: -146.759 141.296 391.662
Accel: 0.066 0.062 1.040
Gyro: -136.444 150.588 396.392
Accel: 0.225 0.136 1.029
Gyro: -125.259 163.116 395.370
Accel: 0.351 0.211 0.940
Gyro: -116.500 181.716 389.144
Accel: 0.457 0.269 0.952
Gyro: -114.746 196.304 380.813
Accel: 0.548 0.316 0.896
Gyro: -123.580 212.615 374.282
Accel: 0.644 0.383 0.871
Gyro: -143.936 217.773 370.407
Accel: 0.696 0.474 0.897
Gyro: -150.985 210.205 366.821
Accel: 0.793 0.507 0.935
Gyro: -149.078 198.135 363.922
Accel: 0.934 0.571 0.975
Gyro: -133.728 188.491 360.916
Accel: 0.935 0.651 1.006
Gyro: -108.200 184.753 357.101
Accel: 1.045 0.718 1.008
Gyro: -79.101 185.852 351.287
Accel: 1.153 0.793 0.961
Gyro: -54.626 189.910 342.361
Accel: 1.250 0.878 0.819
Gyro: -40.847 196.075 324.661
Accel: 1.318 0.959 0.780
Gyro: -39.260 201.309 311.492
Accel: 1.339 1.028 0.697
Gyro: -45.104 196.563 290.451
Accel: 1.294 1.085 0.662
Gyro: -54.397 179.016 265.441
Accel: 1.257 1.118 0.659
Gyro: -50.003 158.004 239.990
Accel: 1.237 1.110 0.672
Gyro: -43.655 134.063 210.678
Accel: 1.184 1.127 0.676
Gyro: -31.219 113.296 179.855
Accel: 1.107 1.161 0.680
Gyro: -14.160 97.259 156.036
Accel: 1.032 1.151 0.663
Gyro: 3.158 83.557 129.974
Accel: 0.964 1.120 0.636
Gyro: 18.142 72.860 115.005
Accel: 0.905 1.089 0.602
Gyro: 29.449 62.133 99.777
Accel: 0.876 1.076 0.572
Gyro: 42.343 53.726 89.752
Accel: 0.864 1.101 0.539
Gyro: 44.631 48.446 84.457
Accel: 0.863 1.123 0.499
Gyro: 47.012 45.623 79.696
Accel: 0.876 1.132 0.459
Gyro: 44.708 45.043 72.830
Accel: 0.897 1.149 0.426
Gyro: 37.536 47.454 64.926
Accel: 0.893 1.156 0.401
Gyro: 26.947 51.422 57.235
Accel: 0.896 1.150 0.437
Gyro: 15.136 54.428 47.866
Accel: 0.861 1.145 0.417
Gyro: 1.403 57.479 38.314
Accel: 0.817 1.138 0.345
Gyro: -10.330 58.013 28.320
Accel: 0.776 1.107 0.363
Gyro: -21.316 56.854 18.798
Accel: 0.737 1.060 0.389
Gyro: -28.747 54.290 10.955
Accel: 0.707 1.011 0.418
Gyro: -33.004 50.323 6.530
Accel: 0.683 0.986 0.450
Gyro: -32.791 47.058 6.546
Accel: 0.666 0.966 0.468
Gyro: -28.594 44.113 7.568
Accel: 0.659 0.947 0.471
Gyro: -22.949 40.939 6.988
Accel: 0.658 0.932 0.468
Gyro: -17.333 36.422 3.662
Accel: 0.650 0.924 0.456
Gyro: -13.153 27.542 -2.212
Accel: 0.642 0.922 0.441
Gyro: -9.735 26.123 -10.498
Accel: 0.631 0.913 0.430
Gyro: -8.087 20.050 -20.828
Accel: 0.616 0.889 0.423
Gyro: -6.973 13.412 -31.478
Accel: 0.586 0.863 0.418
Gyro: -6.301 6.607 -41.488
Accel: 0.552 0.829 0.415
Gyro: -5.844 0.122 -48.889
Accel: 0.504 0.795 0.412
Gyro: -6.286 -5.187 -55.145
Accel: 0.443 0.777 0.411
Gyro: -7.873 -10.803 -59.295
Accel: 0.379 0.761 0.418
Gyro: -9.902 -17.120 -61.920
Accel: 0.333 0.740 0.430
Gyro: -12.741 -23.406 -63.079
Accel: 0.298 0.709 0.440
Gyro: -19.378 -28.732 -63.827
Accel: 0.267 0.678 0.452
Gyro: -18.463 -33.233 -65.185
Accel: 0.237 0.648 0.469
Gyro: -21.347 -36.682 -66.482
Accel: 0.214 0.613 0.491
Gyro: -24.154 -39.627 -67.184
Accel: 0.184 0.586 0.510
Gyro: -26.687 -41.564 -66.741
Accel: 0.149 0.565 0.529
Gyro: -28.961 -43.243 -64.849
Accel: 0.118 0.554 0.553
Gyro: -30.685 -44.418 -61.462
Accel: 0.098 0.533 0.579
Gyro: -32.272 -44.830 -56.747
Accel: 0.088 0.518 0.611
Gyro: -33.233 -44.525 -50.659
Accel: 0.077 0.510 0.641
Gyro: -33.523 -43.701 -43.640
Accel: 0.080 0.502 0.672
Gyro: -33.508 -41.717 -35.858
Accel: 0.094 0.501 0.701
Gyro: -34.164 -38.406 -28.747
Accel: 0.105 0.508 0.727
Gyro: -35.522 -33.798 -21.286
Accel: 0.113 0.514 0.754
Gyro: -36.636 -28.411 -14.587
Accel: 0.118 0.515 0.776
Gyro: -37.139 -21.896 -8.529
Accel: 0.115 0.516 0.796
Gyro: -36.849 -11.993 -2.746
Accel: 0.104 0.518 0.816
Gyro: -35.568 -11.489 3.326
Accel: 0.105 0.514 0.834
Gyro: -32.287 -8.361 9.368
Accel: 0.117 0.512 0.845
Gyro: -27.389 -4.913 14.923
Accel: 0.130 0.515 0.846
Gyro: -22.430 -1.937 19.073
Accel: 0.140 0.526 0.843
Gyro: -18.188 0.244 27.099
Accel: 0.156 0.543 0.835
Gyro: -15.029 1.907 30.990
Accel: 0.180 0.556 0.825
Gyro: -13.381 3.707 30.303
Accel: 0.202 0.572 0.816
Gyro: -13.092 5.233 32.684
Accel: 0.219 0.600 0.810
Gyro: -14.450 7.156 34.103
Accel: 0.242 0.617 0.808
Gyro: -17.120 10.482 35.507
Accel: 0.256 0.631 0.808
Gyro: -19.027 14.129 36.178
Accel: 0.257 0.654 0.805
Gyro: -20.370 17.944 36.254
Accel: 0.270 0.674 0.803
Gyro: -21.560 21.636 36.331
Accel: 0.278 0.693 0.802
Gyro: -22.048 25.115 35.919
Accel: 0.283 0.706 0.797
Gyro: -21.850 28.244 34.774
Accel: 0.289 0.715 0.787
Gyro: -21.148 30.212 33.035
Accel: 0.285 0.720 0.779
Gyro: -19.439 31.143 31.188
Accel: 0.278 0.726 0.771
Gyro: -15.914 30.883 29.907
Accel: 0.297 0.718 0.761
Gyro: -12.557 28.839 28.991
Accel: 0.313 0.723 0.751
Gyro: -10.284 25.192 27.709
Accel: 0.319 0.736 0.745
Gyro: -8.422 20.462 25.482
Accel: 0.324 0.742 0.743
Gyro: -6.164 16.525 22.308
Accel: 0.325 0.747 0.740
Gyro: -3.082 12.802 18.524
Accel: 0.333 0.748 0.739
Gyro: 0.793 9.658 14.984
Accel: 0.349 0.745 0.730
Gyro: 4.302 6.988 12.008
Accel: 0.355 0.750 0.721
Gyro: 6.011 4.440 9.124
Accel: 0.355 0.755 0.714
Gyro: 6.546 2.487 6.469
Accel: 0.351 0.756 0.708
Gyro: 6.729 1.739 3.860
Accel: 0.348 0.749 0.703
Gyro: 6.866 1.785 0.976
Accel: 0.349 0.741 0.697
Gyro: 6.530 2.151 -1.174
Accel: 0.353 0.734 0.691
Gyro: 5.706 2.029 -2.975
Accel: 0.351 0.727 0.686
Gyro: 0.061 1.190 -4.776
Accel: 0.343 0.724 0.684
Gyro: 2.105 0.076 -6.607
Accel: 0.336 0.715 0.683
Gyro: 0.854 0.839 -8.224
Accel: 0.334 0.706 0.684
Gyro: 0.213 -1.434 -9.887
Accel: 0.331 0.696 0.685
Gyro: -1.693 -1.983 -10.986
Accel: 0.324 0.687 0.685
Gyro: -3.509 -2.563 -12.115
Accel: 0.317 0.677 0.691
Gyro: -4.913 -2.899 -13.137
Accel: 0.316 0.673 0.701
Gyro: -6.057 -2.807 -13.870
Accel: 0.313 0.668 0.710
Gyro: -7.446 -2.670 -14.602
Accel: 0.307 0.664 0.720
Gyro: -8.804 -2.426 -15.655
Accel: 0.298 0.656 0.727
Gyro: -9.109 -1.403 -16.510
Accel: 0.295 0.645 0.738
Gyro: -8.666 0.610 -17.303
Accel: 0.292 0.642 0.742
Gyro: -8.087 0.106 -18.096
Accel: 0.285 0.637 0.747
Gyro: -7.736 0.366 -18.859
Accel: 0.275 0.629 0.749
Gyro: -7.324 0.671 -19.393
Accel: 0.260 0.622 0.748
Gyro: -6.317 1.174 -19.500
Accel: 0.242 0.618 0.743
Gyro: -5.172 1.708 -19.073
Accel: 0.229 0.608 0.741
Gyro: -3.738 1.876 -17.593
Accel: 0.236 0.601 0.737
Gyro: -3.234 1.052 -15.136
Accel: 0.234 0.603 0.735
Gyro: -3.845 0.503 -13.168
Accel: 0.233 0.604 0.737
Gyro: -4.669 -1.632 -11.566
Accel: 0.231 0.603 0.739
Gyro: -5.096 -2.105 -10.543
Accel: 0.224 0.603 0.739
Gyro: -4.928 -1.968 -9.811
Accel: 0.220 0.595 0.741
Gyro: -4.425 -1.831 -9.201
Accel: 0.226 0.592 0.741
Gyro: -4.043 -2.090 -8.178
Accel: 0.228 0.594 0.742
Gyro: -4.089 -2.578 -7.522
Accel: 0.232 0.594 0.742
Gyro: -4.623 -3.280 -7.385
Accel: 0.236 0.594 0.745
Gyro: -4.959 -3.372 -6.958
Accel: 0.233 0.595 0.748
Gyro: -5.355 -3.463 -6.362
Accel: 0.234 0.601 0.750
Gyro: -5.310 -3.372 -5.935
Accel: 0.236 0.604 0.756
Gyro: -5.218 -2.731 -6.271
Accel: 0.236 0.608 0.755
Gyro: -4.898 -1.983 -7.141
Accel: 0.232 0.611 0.755
Gyro: -4.119 0.869 -7.919
Accel: 0.228 0.608 0.753
Gyro: -3.326 0.228 -8.575
Accel: 0.220 0.609 0.748
Gyro: -2.182 0.0000 -8.804
Accel: 0.211 0.611 0.740
Gyro: 0.854 0.091 -8.514
Accel: 0.208 0.610 0.731
Gyro: 0.198 0.503 -7.949
Accel: 0.203 0.616 0.723
Gyro: 0.213 -1.556 -7.232
Accel: 0.199 0.628 0.720
Gyro: 0.457 -2.426 -6.713
Accel: 0.194 0.635 0.719
Gyro: -1.266 -2.197 -6.530
Accel: 0.185 0.640 0.715
Gyro: -2.166 -1.693 -6.866
Accel: 0.177 0.637 0.711
Gyro: -3.173 -1.312 -6.591
Accel: 0.184 0.629 0.710
Gyro: -4.730 -1.495 -6.225
Accel: 0.187 0.627 0.711
Gyro: -6.820 -2.120 -5.920
Accel: 0.188 0.627 0.717
Gyro: -9.002 -3.051 -5.813
Accel: 0.185 0.624 0.725
Gyro: -10.925 -3.479 -5.401
Accel: 0.179 0.620 0.733
Gyro: -11.749 -3.463 -4.486
Accel: 0.177 0.614 0.742
Gyro: -11.886 -3.524 -2.365
Accel: 0.178 0.606 0.754
Gyro: -11.886 -4.028 0.335
Accel: 0.181 0.607 0.770
Gyro: -11.291 -4.364 2.670
Accel: 0.187 0.601 0.783
Gyro: -9.780 -3.753 4.547
Accel: 0.189 0.598 0.791
Gyro: -7.583 -2.868 6.134
Accel: 0.193 0.598 0.791
Gyro: -5.386 -2.166 7.537
Accel: 0.217 0.597 0.790
Gyro: -3.265 -1.647 8.407
Accel: 0.235 0.606 0.786
Gyro: -3.280 -1.571 7.873
Accel: 0.251 0.615 0.790
Gyro: -4.943 -1.403 6.378
Accel: 0.253 0.614 0.793
Gyro: -6.256 0.930 4.547
Accel: 0.248 0.614 0.797
Gyro: -7.385 0.198 3.112
Accel: 0.241 0.609 0.805
Gyro: -7.415 1.739 2.304
Accel: 0.239 0.602 0.809
Gyro: -6.088 2.990 2.761
Accel: 0.239 0.600 0.813
Gyro: -4.455 7.751 3.997
Accel: 0.238 0.600 0.810
Gyro: -2.349 4.287 5.279
Accel: 0.237 0.604 0.803
Gyro: 3.692 4.440 6.134
Accel: 0.233 0.608 0.796
Gyro: 1.937 4.379 6.835
Accel: 0.231 0.609 0.789
Gyro: 3.906 4.135 7.431
Accel: 0.234 0.614 0.782
Gyro: 5.401 3.143 7.537
Accel: 0.241 0.616 0.773
Gyro: 6.057 2.548 7.293
Accel: 0.250 0.619 0.764
Gyro: 6.149 2.166 6.454
Accel: 0.250 0.620 0.757
Gyro: 5.279 1.480 5.844
Accel: 0.249 0.621 0.753
Gyro: 4.364 0.930 5.447
Accel: 0.247 0.620 0.756
Gyro: 3.433 0.549 5.081
Accel: 0.247 0.622 0.755
Gyro: 2.807 0.823 5.004
Accel: 0.246 0.622 0.751
Gyro: 2.395 1.129 5.310
Accel: 0.246 0.621 0.751
Gyro: 1.968 1.403 5.767
Accel: 0.251 0.620 0.752
Gyro: 1.373 1.342 5.981
Accel: 0.257 0.622 0.755
Gyro: 1.312 1.480 5.798
Accel: 0.259 0.625 0.760
Gyro: 1.632 1.495 5.035
Accel: 0.263 0.622 0.761
Gyro: 2.349 1.556 3.860
Accel: 0.268 0.619 0.758
Gyro: 3.067 1.525 2.578
Accel: 0.271 0.616 0.753
Gyro: 3.463 0.762 1.556
Accel: 0.267 0.617 0.748
Gyro: 3.677 0.167 0.518
Accel: 0.260 0.619 0.744
Gyro: 3.829 0.610 0.198
Accel: 0.258 0.614 0.738
Gyro: 3.570 -1.312 0.381
Accel: 0.257 0.616 0.738
Gyro: 2.777 -2.075 0.259
Accel: 0.252 0.685 0.742
Gyro: 1.800 -2.456 0.228
Accel: 0.250 0.625 0.746
Gyro: 1.220 -1.770 0.244
Accel: 0.252 0.623 0.748
Gyro: 0.762 0.534 0.320
Accel: 0.254 0.623 0.749
Gyro: 0.152 0.381 0.335
Accel: 0.255 0.623 0.749
Gyro: 0.473 0.930 0.640
Accel: 0.256 0.623 0.750
Gyro: 0.961 1.373 -1.190
Accel: 0.258 0.619 0.750
Gyro: -1.312 1.907 -1.831
Accel: 0.257 0.615 0.750
Gyro: -1.510 2.059 -2.059
Accel: 0.254 0.612 0.750
Gyro: -2.090 1.266 -1.892
Accel: 0.249 0.612 0.756
Gyro: -2.761 0.137 -1.663
Accel: 0.247 0.611 0.760
Gyro: -2.517 -1.159 -1.800
