Accel: 0.641 0.500 0.847
Gyro: -15.609 -3.311 -7.339
Accel: 0.647 0.498 0.848
Gyro: -13.824 -2.105 -8.987
Accel: 0.640 0.495 0.846
Gyro: -12.191 -1.388 -10.696
Accel: 0.629 0.491 0.843
Gyro: -10.147 0.839 -12.313
Accel: 0.614 0.485 0.839
Gyro: -4.028 0.274 -13.839
Accel: 0.608 0.475 0.840
Gyro: -4.623 0.610 -14.968
Accel: 0.610 0.457 0.837
Gyro: -1.556 -1.235 -15.762
Accel: 0.604 0.453 0.830
Gyro: 1.266 -2.288 -16.921
Accel: 0.587 0.449 0.824
Gyro: 4.180 -3.036 -18.035
Accel: 0.568 0.449 0.813
Gyro: 7.797 -3.906 -18.600
Accel: 0.549 0.446 0.799
Gyro: 11.703 -4.547 -18.951
Accel: 0.533 0.442 0.786
Gyro: 15.792 -4.882 -18.768
Accel: 0.532 0.429 0.764
Gyro: 18.585 -5.874 -18.371
Accel: 0.533 0.425 0.744
Gyro: 19.760 -7.019 -17.944
Accel: 0.520 0.432 0.728
Gyro: 19.378 -7.934 -17.654
Accel: 0.503 0.441 0.719
Gyro: 18.173 -8.987 -17.120
Accel: 0.490 0.446 0.714
Gyro: 16.891 -10.116 -16.387
Accel: 0.487 0.454 0.715
Gyro: 16.006 -10.650 -15.716
Accel: 0.485 0.460 0.717
Gyro: 16.143 -10.513 -15.670
Accel: 0.483 0.467 0.718
Gyro: 16.784 -9.933 -16.143
Accel: 0.480 0.472 0.714
Gyro: 17.837 -9.033 -16.845
Accel: 0.479 0.478 0.704
Gyro: 19.073 -7.247 -17.364
Accel: 0.479 0.479 0.690
Gyro: 19.515 -4.989 -17.562
Accel: 0.477 0.481 0.678
Gyro: 18.737 -3.540 -17.181
Accel: 0.485 0.482 0.671
Gyro: 16.906 -2.212 -16.067
Accel: 0.484 0.490 0.663
Gyro: 14.343 0.106 -15.350
Accel: 0.475 0.499 0.659
Gyro: 11.383 3.051 -15.029
Accel: 0.467 0.499 0.655
Gyro: 8.239 4.714 -14.480
Accel: 0.467 0.491 0.652
Gyro: 5.691 6.637 -13.076
Accel: 0.474 0.482 0.655
Gyro: 3.509 7.644 -11.093
Accel: 0.481 0.483 0.660
Gyro: 2.059 8.255 -8.666
Accel: 0.479 0.494 0.665
Gyro: 1.449 9.887 -7.171
Accel: 0.475 0.510 0.668
Gyro: 0.747 11.505 -6.347
Accel: 0.470 0.520 0.665
Gyro: 0.228 12.954 -5.752
Accel: 0.466 0.518 0.662
Gyro: 0.991 14.480 -5.187
Accel: 0.462 0.513 0.659
Gyro: -2.029 15.090 0.076
Accel: 0.467 0.510 0.659
Gyro: -3.326 14.846 -2.502
Accel: 0.473 0.518 0.665
Gyro: -4.684 14.633 -1.602
Accel: 0.470 0.527 0.669
Gyro: -5.538 14.953 -1.617
Accel: 0.469 0.533 0.672
Gyro: -6.240 14.694 -1.907
Accel: 0.470 0.532 0.674
Gyro: -6.668 14.434 -1.846
Accel: 0.469 0.523 0.674
Gyro: -6.988 13.732 -1.525
Accel: 0.465 0.516 0.676
Gyro: -6.668 12.649 0.671
Accel: 0.475 0.512 0.680
Gyro: -5.767 11.077 0.305
Accel: 0.479 0.518 0.683
Gyro: -4.913 10.284 0.381
Accel: 0.476 0.527 0.685
Gyro: -4.379 9.445 0.473
Accel: 0.477 0.530 0.686
Gyro: -4.028 8.270 -1.724
Accel: 0.477 0.525 0.682
Gyro: -3.784 7.324 -2.624
Accel: 0.480 0.520 0.683
Gyro: -3.463 5.844 -3.005
Accel: 0.482 0.517 0.684
Gyro: -3.143 4.089 -3.234
Accel: 0.479 0.521 0.684
Gyro: -2.777 3.219 -3.601
Accel: 0.472 0.523 0.684
Gyro: -2.136 2.334 -3.738
Accel: 0.468 0.520 0.677
Gyro: -1.510 1.983 -3.479
Accel: 0.468 0.512 0.669
Gyro: -1.266 1.205 -2.716
Accel: 0.469 0.507 0.663
Gyro: -1.647 0.167 -2.075
Accel: 0.472 0.509 0.659
Gyro: -2.334 -1.998 -1.785
Accel: 0.473 0.509 0.659
Gyro: -2.670 -4.241 -1.892
Accel: 0.471 0.508 0.657
Gyro: -2.685 -6.942 -1.815
Accel: 0.473 0.505 0.657
Gyro: -2.593 -9.780 -1.510
Accel: 0.477 0.503 0.656
Gyro: -2.349 -12.954 -1.235
Accel: 0.479 0.502 0.661
Gyro: -2.456 -15.899 -1.266
Accel: 0.486 0.501 0.665
Gyro: -2.868 -18.371 -1.266
Accel: 0.492 0.496 0.672
Gyro: -3.570 -20.187 -1.403
Accel: 0.498 0.494 0.681
Gyro: -3.906 -21.301 -1.068
Accel: 0.505 0.493 0.692
Gyro: -4.013 -21.469 0.213
Accel: 0.514 0.501 0.701
Gyro: -4.089 -20.553 0.488
Accel: 0.519 0.506 0.709
Gyro: -5.096 -18.936 0.640
Accel: 0.523 0.512 0.714
Gyro: -6.698 -16.708 0.152
Accel: 0.524 0.516 0.719
Gyro: -8.956 -13.778 0.518
Accel: 0.525 0.516 0.725
Gyro: -11.291 -10.528 -1.174
Accel: 0.525 0.511 0.731
Gyro: -13.259 -7.110 -1.937
Accel: 0.523 0.508 0.737
Gyro: -15.182 -4.119 -2.273
Accel: 0.525 0.499 0.742
Gyro: -16.464 -1.312 -1.754
Accel: 0.531 0.487 0.747
Gyro: -17.028 0.625 0.396
Accel: 0.531 0.482 0.750
Gyro: -17.257 1.968 1.296
Accel: 0.528 0.485 0.757
Gyro: -16.921 3.021 2.777
Accel: 0.525 0.488 0.759
Gyro: -16.143 3.967 3.799
Accel: 0.528 0.492 0.762
Gyro: -15.518 4.608 4.074
Accel: 0.525 0.498 0.765
Gyro: -14.862 5.294 3.997
Accel: 0.522 0.504 0.763
Gyro: -14.175 6.500 3.341
Accel: 0.517 0.507 0.765
Gyro: -13.748 7.354 2.624
Accel: 0.514 0.504 0.762
Gyro: -13.488 11.657 1.495
Accel: 0.509 0.509 0.761
Gyro: -13.473 8.026 0.534
Accel: 0.501 0.507 0.763
Gyro: -13.351 8.026 0.259
Accel: 0.562 0.500 0.763
Gyro: -12.893 7.583 -1.129
Accel: 0.501 0.498 0.766
Gyro: -12.145 7.125 -1.907
Accel: 0.505 0.495 0.766
Gyro: -11.428 7.019 -2.349
Accel: 0.504 0.489 0.767
Gyro: -10.803 6.774 -2.532
Accel: 0.503 0.484 0.768
Gyro: -9.826 6.149 -2.288
Accel: 0.501 0.479 0.768
Gyro: -8.666 5.538 -2.029
Accel: 0.500 0.479 0.769
Gyro: -7.522 4.684 -1.464
Accel: 0.503 0.481 0.770
Gyro: -6.225 4.089 -1.098
Accel: 0.502 0.483 0.770
Gyro: -4.898 3.402 -1.083
Accel: 0.504 0.487 0.770
Gyro: -4.226 2.822 -1.693
Accel: 0.504 0.486 0.768
Gyro: -3.921 2.395 -2.609
Accel: 0.505 0.486 0.769
Gyro: -3.692 2.105 -7.736
Accel: 0.502 0.481 0.768
Gyro: -3.463 1.647 -5.126
Accel: 0.498 0.475 0.767
Gyro: -3.128 1.113 -5.798
Accel: 0.495 0.472 0.768
Gyro: -2.548 0.686 -5.920
Accel: 0.492 0.465 0.769
Gyro: -1.678 0.122 -5.569
Accel: 0.497 0.460 0.769
Gyro: 0.381 0.152 -5.218
Accel: 0.497 0.460 0.768
Gyro: 0.915 0.381 -4.852
Accel: 0.495 0.461 0.764
Gyro: 2.014 0.244 -4.531
Accel: 0.492 0.463 0.761
Gyro: 2.777 0.305 -4.440
Accel: 0.493 0.463 0.757
Gyro: 3.005 0.152 -4.470
Accel: 0.489 0.463 0.754
Gyro: 2.777 0.106 -4.318
Accel: 0.484 0.465 0.812
Gyro: 2.487 0.350 -3.890
Accel: 0.483 0.463 0.750
Gyro: 2.304 0.885 -3.646
Accel: 0.484 0.467 0.748
Gyro: 2.532 1.525 -3.524
Accel: 0.480 0.468 0.746
Gyro: 2.639 2.105 -3.372
Accel: 0.479 0.467 0.738
Gyro: 2.914 2.548 -3.326
Accel: 0.482 0.464 0.732
Gyro: 3.021 2.838 -3.005
Accel: 0.479 0.465 0.728
Gyro: 2.731 2.975 -2.655
Accel: 0.474 0.466 0.723
Gyro: 1.831 2.990 -2.380
Accel: 0.470 0.464 0.719
Gyro: 1.098 2.716 -2.075
Accel: 0.468 0.461 0.720
Gyro: 0.503 1.907 -1.724
Accel: 0.467 0.463 0.720
Gyro: 0.228 1.632 -1.037
Accel: 0.466 0.465 0.723
Gyro: 0.152 1.281 0.274
Accel: 0.471 0.463 0.725
Gyro: 0.259 1.312 0.289
Accel: 0.474 0.467 0.727
Gyro: 0.946 2.151 0.793
Accel: 0.475 0.472 0.730
Gyro: -1.449 2.960 1.220
Accel: 0.473 0.476 0.731
Gyro: -2.243 3.936 1.129
Accel: 0.476 0.476 0.732
Gyro: -3.112 4.882 0.762
Accel: 0.479 0.476 0.735
Gyro: -4.013 5.630 0.381
Accel: 0.481 0.473 0.734
Gyro: -4.592 6.164 0.106
Accel: 0.478 0.474 0.736
Gyro: -5.432 6.179 0.015
Accel: 0.476 0.470 0.737
Gyro: -5.828 5.905 0.518
Accel: 0.480 0.467 0.740
Gyro: -6.271 5.203 0.991
Accel: 0.476 0.468 0.743
Gyro: -6.820 4.470 -1.251
Accel: 0.451 0.497 0.755
Gyro: -4.226 9.948 -4.180
Accel: 0.450 0.495 0.754
Gyro: -4.638 10.223 -3.204
Accel: 0.449 0.495 0.754
Gyro: -4.669 10.604 -2.487
Accel: 0.449 0.496 0.757
Gyro: -4.501 10.299 -2.182
Accel: 0.448 0.499 0.756
Gyro: 0.061 10.070 -1.907
Accel: 0.446 0.498 0.756
Gyro: -3.021 9.796 -1.586
Accel: 0.450 0.499 0.754
Gyro: -2.120 9.582 -1.296
Accel: 0.449 0.503 0.750
Gyro: -1.144 9.109 -1.312
Accel: 0.448 0.510 0.745
Gyro: 0.411 8.697 -1.770
Accel: 0.445 0.515 0.744
Gyro: 0.167 8.148 -2.746
Accel: 0.442 0.520 0.739
Gyro: 0.061 7.537 -4.104
Accel: 0.438 0.516 0.734
Gyro: 0.152 6.744 -5.493
Accel: 0.433 0.514 0.730
Gyro: 0.473 5.462 -6.576
Accel: 0.435 0.507 0.730
Gyro: 1.098 3.631 -7.095
Accel: 0.438 0.500 0.728
Gyro: 1.876 1.922 -6.988
Accel: 0.443 0.503 0.729
Gyro: 3.097 0.289 -6.500
Accel: 0.447 0.505 0.727
Gyro: 4.119 -1.007 -5.493
Accel: 0.448 0.513 0.724
Gyro: 5.203 -1.815 0.183
Accel: 0.452 0.523 0.721
Gyro: 5.996 -2.853 -2.487
Accel: 0.456 0.530 0.715
Gyro: 6.698 -3.524 0.625
Accel: 0.456 0.539 0.711
Gyro: 7.537 -4.531 1.388
Accel: 0.469 0.546 0.708
Gyro: 8.499 -6.057 3.601
Accel: 0.481 0.559 0.708
Gyro: 9.857 -7.522 5.706
Accel: 0.495 0.572 0.705
Gyro: 11.734 -9.140 6.973
Accel: 0.503 0.589 0.704
Gyro: 14.251 -11.886 6.774
Accel: 0.490 0.611 0.701
Gyro: 17.242 -15.930 5.340
Accel: 0.475 0.616 0.709
Gyro: 20.339 -27.206 0.030
Accel: 0.463 0.604 0.726
Gyro: 30.593 -33.996 3.829
Accel: 0.452 0.598 0.742
Gyro: 36.697 -47.805 5.737
Accel: 0.448 0.589 0.752
Gyro: 49.224 -64.453 9.353
Accel: 0.467 0.593 0.757
Gyro: 64.102 -82.733 13.198
Accel: 0.482 0.617 0.753
Gyro: 81.0100 -103.225 15.060
Accel: 0.522 0.651 0.732
Gyro: 100.952 -128.555 13.275
Accel: 0.535 0.696 0.721
Gyro: 125.015 -163.528 5.310
Accel: 0.547 0.735 0.706
Gyro: 154.357 -205.368 -6.118
Accel: 0.580 0.754 0.691
Gyro: 187.194 -248.748 -18.585
Accel: 0.617 0.771 0.683
Gyro: 225.280 -286.697 -29.724
Accel: 0.641 0.799 0.651
Gyro: 266.204 -323.196 -39.627
Accel: 0.670 0.803 0.590
Gyro: 302.886 -352.111 -48.446
Accel: 0.704 0.814 0.479
Gyro: 337.722 -371.444 -54.992
Accel: 0.723 0.828 0.346
Gyro: 361.389 -384.643 -58.868
Accel: 0.763 0.831 0.195
Gyro: 374.343 -389.511 -61.248
Accel: 0.760 0.869 0.007
Gyro: 379.058 -390.441 -63.003
Accel: 0.772 0.897 0.120
Gyro: 377.212 -387.313 -65.292
Accel: 0.812 0.905 0.170
Gyro: 372.009 -380.126 -69.564
Accel: 0.814 0.924 0.267
Gyro: 364.624 -367.294 -76.248
Accel: 0.831 0.924 0.365
Gyro: 355.0010 -363.037 -86.761
Accel: 0.814 0.938 0.446
Gyro: 343.933 -353.195 -99.349
Accel: 0.778 0.933 0.530
Gyro: 331.634 -343.063 -113.418
Accel: 0.741 0.911 0.591
Gyro: 318.832 -337.432 -128.448
Accel: 0.685 0.865 0.638
Gyro: 306.427 -332.839 -141.967
Accel: 0.608 0.787 0.683
Gyro: 298.675 -326.904 -154.998
Accel: 0.528 0.730 0.602
Gyro: 302.154 -315.673 -164.459
Accel: 0.450 0.667 0.624
Gyro: 304.809 -310.989 -174.179
Accel: 0.381 0.578 0.610
Gyro: 316.864 -301.345 -182.983
Accel: 0.306 0.540 0.567
Gyro: 335.418 -295.471 -191.040
Accel: 0.205 0.489 0.728
Gyro: 352.752 -290.954 -199.874
Accel: 0.231 0.407 0.589
Gyro: 374.160 -287.414 -209.350
Accel: 0.109 0.412 0.603
Gyro: 390.777 -293.212 -215.789
Accel: 0.086 0.306 0.587
Gyro: 406.341 -294.067 -225.921
Accel: 0.004 0.259 0.572
Gyro: 416.778 -293.548 -227.050
Accel: 0.065 0.188 0.610
Gyro: 422.225 -288.558 -228.576
Accel: 0.071 0.106 0.604
Gyro: 420.898 -270.416 -228.469
Accel: 0.102 0.069 0.566
Gyro: 416.381 -253.646 -226.028
Accel: 0.140 0.0001 0.549
Gyro: 408.004 -223.251 -225.158
Accel: 0.153 0.088 0.537
Gyro: 400.970 -192.459 -225.021
Accel: 0.137 0.089 0.520
Gyro: 389.663 -169.570 -225.494
Accel: 0.309 0.134 0.528
Gyro: 373.214 -156.677 -229.385
Accel: 0.339 0.203 0.525
Gyro: 357.391 -143.249 -231.445
Accel: 0.328 0.274 0.522
Gyro: 344.177 -128.265 -230.194
Accel: 0.331 0.328 0.535
Gyro: 336.639 -108.795 -225.769
Accel: 0.366 0.358 0.504
Gyro: 328.079 -94.451 -216.461
Accel: 0.329 0.438 0.541
Gyro: 317.153 -88.836 -203.948
Accel: 0.351 0.492 0.617
Gyro: 308.807 -81.115 -201.690
Accel: 0.338 0.655 -1.847
Gyro: 285.537 -58.868 -199.691
Accel: -1.021 -1.318 -1.221
Gyro: 216.125 -63.095 -161.499
Accel: 0.378 -1.012 0.807
Gyro: 209.777 -53.253 -134.552
Accel: 0.490 -1.136 0.645
Gyro: 200.439 -60.821 -104.507
Accel: 0.511 -1.086 0.629
Gyro: 193.832 -67.855 -84.014
Accel: 0.398 -1.014 0.621
Gyro: 182.388 -71.823 -67.230
Accel: 0.348 0.974 0.589
Gyro: 168.273 -71.243 -55.343
Accel: 0.307 0.954 0.514
Gyro: 148.208 -69.580 -49.240
Accel: 0.269 0.929 0.495
Gyro: 130.599 -62.683 -41.290
Accel: 0.260 0.928 0.456
Gyro: 110.656 -64.895 -34.103
Accel: 0.297 0.967 0.490
Gyro: 96.237 -65.856 -23.208
Accel: 0.311 0.982 0.544
Gyro: 73.043 -70.312 -9.780
Accel: 0.303 0.929 0.514
Gyro: 46.539 -76.843 5.950
Accel: 0.343 0.833 0.536
Gyro: 13.717 -92.041 21.621
Accel: 0.512 -1.066 0.196
Gyro: 0.076 -98.510 60.699
Accel: 0.820 -1.737 0.455
Gyro: 48.599 -103.805 125.213
Accel: 0.779 -1.285 0.416
Gyro: 29.571 -152.297 182.495
Accel: 0.675 -1.102 0.298
Gyro: 3.295 -184.143 216.873
Accel: 0.691 -1.005 0.354
Gyro: -23.056 -218.917 242.630
Accel: 0.668 0.926 0.260
Gyro: -38.009 -255.859 261.550
Accel: 0.554 0.780 0.206
Gyro: -41.046 -297.348 274.246
Accel: 0.511 0.665 0.280
Gyro: -44.876 -350.082 293.395
Accel: 0.521 0.640 0.159
Gyro: -31.997 -409.683 328.277
Accel: 0.465 0.593 0.104
Gyro: -3.601 -470.138 365.554
Accel: 0.429 0.575 0.031
Gyro: 34.500 -499.969 395.919
Accel: 0.531 0.650 0.074
Gyro: 76.553 -499.969 415.603
Accel: 0.507 0.817 0.334
Gyro: 86.105 -499.969 430.725
Accel: 0.687 0.870 0.147
Gyro: 90.103 -499.969 424.942
Accel: 0.606 0.619 0.244
Gyro: 74.539 -478.149 428.848
Accel: 0.679 0.638 0.518
Gyro: 66.879 -409.988 425.628
Accel: 0.366 0.590 0.307
Gyro: 53.527 -334.533 409.774
Accel: 0.482 0.437 0.838
Gyro: 34.835 -286.315 390.686
Accel: 0.538 0.408 0.205
Gyro: 19.256 -247.299 378.433
Accel: 0.519 0.266 0.779
Gyro: 8.377 -232.437 360.412
Accel: 0.480 0.137 0.657
Gyro: 9.231 -236.221 348.236
Accel: 0.408 0.077 0.562
Gyro: 23.696 -259.628 341.903
Accel: 0.420 0.040 0.424
Gyro: 47.683 -284.744 335.571
Accel: 0.438 0.0000 0.373
Gyro: 79.315 -320.266 333.114
Accel: 0.465 0.023 0.286
Gyro: 107.376 -354.156 331.634
Accel: 0.389 0.063 0.411
Gyro: 140.625 -374.740 325.424
Accel: 0.225 0.203 0.403
Gyro: 179.107 -373.153 312.393
Accel: 0.208 0.409 0.418
Gyro: 208.602 -348.907 293.167
Accel: 0.252 0.434 0.388
Gyro: 231.399 -314.849 290.740
Accel: 0.263 0.478 0.452
Gyro: 242.279 -295.776 284.072
Accel: 0.370 0.442 0.415
Gyro: 248.138 -287.033 280.364
Accel: 0.424 0.391 0.409
Gyro: 245.071 -296.249 273.681
Accel: 0.373 0.372 0.496
Gyro: 239.837 -316.024 266.128
Accel: 0.164 0.406 0.317
Gyro: 236.328 -341.491 248.519
Accel: 0.124 0.506 0.583
Gyro: 238.327 -356.109 226.348
Accel: 0.098 0.548 0.577
Gyro: 231.002 -355.651 207.824
Accel: 0.025 0.623 0.545
Gyro: 216.522 -349.868 188.217
Accel: 0.079 0.649 0.582
Gyro: 201.049 -336.288 165.954
Accel: 0.143 0.679 0.504
Gyro: 178.817 -316.833 141.906
Accel: 0.185 0.731 0.568
Gyro: 146.636 -282.318 121.246
Accel: 0.202 0.696 0.460
Gyro: 114.471 -233.261 95.672
Accel: 0.265 0.797 0.562
Gyro: 75.683 -181.961 69.946
Accel: 0.270 0.882 0.550
Gyro: 44.631 -127.822 42.724
Accel: 0.235 0.970 0.410
Gyro: 17.257 -86.898 14.648
Accel: 0.237 1.040 0.583
Gyro: -3.036 -60.272 -12.435
Accel: 0.263 1.078 0.575
Gyro: -14.526 -44.540 -49.285
Accel: 0.239 1.062 0.571
Gyro: -19.744 -39.855 -75.393
Accel: 0.183 1.058 0.539
Gyro: -21.957 -45.715 -103.912
Accel: 0.199 1.031 0.565
Gyro: -19.012 -62.042 -122.741
Accel: 0.233 1.018 0.601
Gyro: -8.041 -72.448 -143.905
Accel: 0.237 1.036 0.604
Gyro: -1.876 -84.411 -161.773
Accel: 0.229 1.048 0.617
Gyro: 10.299 -90.103 -174.743
Accel: 0.166 1.068 0.609
Gyro: 19.073 -91.384 -180.633
Accel: 0.109 1.059 0.601
Gyro: 23.895 -85.922 -179.367
Accel: 0.135 1.021 0.600
Gyro: 24.215 -71.273 -175.735
Accel: 0.194 1.006 0.626
Gyro: 22.888 -47.485 -168.197
Accel: 0.180 1.027 0.599
Gyro: 18.966 -26.535 -160.552
Accel: 0.185 0.986 0.646
Gyro: 16.128 -1.037 -153.823
Accel: 0.187 0.935 0.665
Gyro: 14.022 8.224 -141.372
Accel: 0.224 0.923 0.677
Gyro: 11.245 12.557 -130.218
Accel: 0.286 0.904 0.694
Gyro: 7.446 15.213 -120.315
Accel: 0.322 0.933 0.652
Gyro: 0.183 24.520 -108.535
Accel: 0.315 0.968 0.604
Gyro: -11.688 38.497 -91.217
Accel: 0.337 0.929 0.642
Gyro: -24.642 44.403 -80.520
Accel: 0.312 0.896 0.662
Gyro: -35.873 37.261 -62.576
Accel: 0.340 0.913 0.746
Gyro: -43.945 12.924 -55.297
Accel: 0.310 0.915 0.683
Gyro: -54.641 -13.198 -41.946
Accel: 0.309 0.930 0.702
Gyro: -55.221 -47.561 -27.740
Accel: 0.302 0.950 0.678
Gyro: -56.976 -78.948 -12.405
Accel: 0.287 0.948 0.651
Gyro: -59.448 -101.654 5.004
Accel: 0.285 0.953 0.621
Gyro: -61.798 -114.257 20.935
Accel: 0.344 0.963 0.609
Gyro: -63.110 -117.660 33.874
Accel: 0.382 0.942 0.563
Gyro: -61.050 -110.809 46.524
Accel: 0.378 0.875 0.590
Gyro: -59.463 -93.536 49.713
Accel: 0.388 0.917 0.581
Gyro: -58.700 -64.0010 53.756
Accel: 0.389 0.895 0.544
Gyro: -60.577 -35.644 55.465
Accel: 0.343 0.873 0.514
Gyro: -69.992 -3.814 57.373
Accel: 0.345 0.842 0.513
Gyro: -70.663 19.195 55.953
Accel: 0.345 0.805 0.504
Gyro: -72.891 28.182 51.040
Accel: 0.369 0.768 0.483
Gyro: -72.402 25.299 43.945
Accel: 0.354 0.718 0.471
Gyro: -67.535 14.755 28.564
Accel: 0.316 0.699 0.446
Gyro: -61.416 -1.388 16.281
Accel: 0.303 0.659 0.453
Gyro: -53.741 -19.210 9.338
Accel: 0.268 0.612 0.456
Gyro: -48.141 -24.948 3.799
Accel: 0.232 0.590 0.439
Gyro: -39.566 -33.798 2.548
Accel: 0.210 0.551 0.433
Gyro: -37.094 -42.648 5.493
Accel: 0.230 0.530 0.405
Gyro: -31.372 -51.589 8.758
Accel: 0.250 0.482 0.471
Gyro: -28.244 -58.975 11.749
Accel: 0.268 0.498 0.492
Gyro: -29.037 -62.927 14.984
Accel: 0.346 0.639 1.929
Gyro: -67.749 -87.738 30.838
Accel: 0.311 1.046 0.934
Gyro: -103.027 -109.802 43.701
Accel: 0.551 0.823 0.997
Gyro: -114.425 -131.713 57.556
Accel: 0.435 0.759 0.785
Gyro: -132.522 -140.029 63.293
Accel: 0.353 0.659 0.615
Gyro: -130.371 -144.775 59.753
Accel: 0.241 0.598 0.627
Gyro: -129.943 -145.645 51.925
Accel: 0.149 0.544 0.696
Gyro: -130.203 -144.958 37.277
Accel: 0.146 0.473 0.672
Gyro: -129.440 -146.102 27.191
Accel: 0.189 0.499 0.687
Gyro: -128.768 -150.146 20.217
Accel: 0.281 0.478 0.775
Gyro: -127.990 -163.146 17.074
Accel: 0.334 0.550 0.794
Gyro: -121.307 -170.440 16.418
Accel: 0.380 0.577 0.873
Gyro: -119.583 -181.259 15.121
Accel: 0.431 0.572 0.755
Gyro: -111.206 -190.872 13.275
Accel: 0.505 0.624 0.713
Gyro: -100.708 -199.569 9.201
Accel: 0.584 0.629 0.686
Gyro: -91.690 -210.937 3.723
Accel: 0.641 0.938 0.496
Gyro: -67.565 -232.803 4.821
Accel: 0.847 0.664 0.605
Gyro: -57.617 -272.354 13.320
Accel: 1.027 0.495 0.444
Gyro: -58.319 -334.350 25.0100
Accel: 1.063 0.466 0.337
Gyro: -64.392 -404.434 38.284
Accel: 0.979 0.508 0.132
Gyro: -71.075 -481.719 41.595
Accel: 0.899 0.456 0.054
Gyro: -74.584 -499.969 53.054
Accel: 0.844 0.355 0.017
Gyro: -76.263 -499.969 74.295
Accel: 0.803 0.302 0.022
Gyro: -81.451 -499.969 106.063
Accel: 0.994 0.223 0.143
Gyro: -82.443 -499.969 135.559
Accel: 0.975 0.169 0.209
Gyro: -78.552 -499.969 167.282
Accel: 0.923 0.069 0.461
Gyro: -81.619 -499.969 202.301
Accel: 0.873 0.140 -1.140
Gyro: -107.467 -499.969 238.067
Accel: 0.931 0.099 -1.170
Gyro: -107.421 -499.969 277.191
Accel: 1.172 0.197 -1.310
Gyro: -119.049 -499.969 297.241
Accel: 1.090 0.414 -1.278
Gyro: -120.285 -499.969 323.471
Accel: 0.942 0.502 -1.308
Gyro: -105.270 -499.969 355.606
Accel: 0.857 0.636 -1.323
Gyro: -73.150 -499.969 382.095
Accel: 0.784 0.681 -1.223
Gyro: -39.627 -499.969 393.615
Accel: 0.742 0.693 0.851
Gyro: 8.575 -499.969 387.420
Accel: 0.718 0.627 0.503
Gyro: 57.037 -499.969 364.685
Accel: 0.742 0.486 0.847
Gyro: 101.913 -499.969 323.730
Accel: 0.632 0.338 0.967
Gyro: 130.172 -499.969 262.405
Accel: 0.505 0.294 -1.003
Gyro: 147.705 -499.969 198.623
Accel: 0.360 0.174 -1.040
Gyro: 141.845 -499.969 131.637
Accel: 0.250 0.184 -1.049
Gyro: 121.688 -499.969 65.612
Accel: 0.127 0.215 0.985
Gyro: 83.465 -401.489 14.358
Accel: 0.186 0.060 0.856
Gyro: 40.466 -249.816 -18.066
Accel: 0.145 0.176 0.825
Gyro: -1.571 -89.920 -35.949
Accel: 0.114 0.354 0.827
Gyro: -37.872 55.328 -42.694
Accel: 0.047 0.398 0.891
Gyro: -64.422 169.250 -48.904
Accel: 0.009 0.324 0.928
Gyro: -86.105 251.083 -68.710
Accel: 0.045 0.238 0.942
Gyro: -103.179 308.822 -97.549
Accel: 0.011 0.195 0.942
Gyro: -111.450 357.940 -121.749
Accel: 0.040 0.186 0.923
Gyro: -112.579 406.219 -144.393
Accel: 0.085 0.167 0.936
Gyro: -98.464 447.921 -166.748
Accel: 0.185 0.074 0.994
Gyro: -88.424 498.168 -190.200
Accel: 0.179 0.035 -1.076
Gyro: -82.214 499.984 -214.294
Accel: 0.273 0.048 -1.141
Gyro: -86.212 499.984 -237.274
Accel: 0.377 0.031 -1.198
Gyro: -100.936 499.984 -260.757
Accel: 0.448 0.097 -1.235
Gyro: -121.032 499.984 -278.091
Accel: 0.504 0.188 -1.234
Gyro: -142.242 499.984 -306.167
Accel: 0.562 0.212 -1.131
Gyro: -160.018 499.984 -334.381
Accel: 0.600 0.197 -1.096
Gyro: -163.772 499.984 -363.052
Accel: 0.655 0.134 0.973
Gyro: -161.621 499.984 -394.561
Accel: 0.801 0.029 0.861
Gyro: -154.357 499.984 -415.084
Accel: 0.846 0.027 0.784
Gyro: -141.403 499.984 -422.180
Accel: 0.889 0.103 0.710
Gyro: -118.392 499.984 -427.688
Accel: 0.896 0.164 0.647
Gyro: -86.410 499.984 -435.562
Accel: 0.879 0.202 0.582
Gyro: -48.919 499.984 -442.596
Accel: 0.859 0.229 0.505
Gyro: -6.530 499.984 -446.166
Accel: 0.728 0.214 0.498
Gyro: 40.161 499.984 -443.115
Accel: 0.689 0.153 0.481
Gyro: 79.620 499.984 -425.689
Accel: 0.636 0.197 0.473
Gyro: 106.185 499.984 -392.776
Accel: 0.535 0.280 0.465
Gyro: 134.735 499.984 -356.369
Accel: 0.313 0.328 0.451
Gyro: 147.720 499.984 -325.515
Accel: 0.136 0.404 0.429
Gyro: 155.975 499.984 -304.046
Accel: 0.012 0.477 0.400
Gyro: 157.119 499.984 -291.076
Accel: 0.146 0.555 0.366
Gyro: 152.847 499.984 -283.279
Accel: 0.283 0.630 0.330
Gyro: 148.101 499.984 -272.857
Accel: 0.405 0.675 0.295
Gyro: 141.403 469.528 -256.240
Accel: 0.518 0.707 0.188
Gyro: 132.476 385.284 -233.840
Accel: 0.621 0.759 0.209
Gyro: 120.330 306.808 -204.528
Accel: 0.680 0.673 0.163
Gyro: 109.329 243.484 -171.691
Accel: 0.735 0.570 0.118
Gyro: 97.854 180.999 -142.929
Accel: 0.777 0.526 0.088
Gyro: 95.703 127.731 -121.551
Accel: 0.792 0.517 0.068
Gyro: 92.346 87.463 -107.223
Accel: 0.807 0.540 0.066
Gyro: 91.979 62.332 -94.604
Accel: 0.826 0.643 0.062
Gyro: 92.391 51.834 -86.471
Accel: 0.828 0.712 0.0001
Gyro: 90.270 51.300 -80.932
Accel: 0.820 0.757 0.055
Gyro: 78.536 59.600 -68.450
Accel: 0.790 0.790 0.049
Gyro: 69.915 74.218 -51.300
Accel: 0.688 0.800 0.062
Gyro: 56.274 90.530 -32.791
Accel: 0.709 0.825 0.086
Gyro: 42.266 103.942 -18.707
Accel: 0.676 0.875 0.121
Gyro: 30.578 112.136 -14.282
Accel: 0.658 0.967 0.152
Gyro: 21.621 114.334 -18.493
Accel: 0.681 1.075 0.186
Gyro: 14.984 110.900 -28.442
Accel: 0.707 1.072 0.209
Gyro: 7.110 104.309 -40.222
Accel: 0.737 1.070 0.230
Gyro: -2.044 90.591 -48.751
Accel: 0.772 1.184 0.221
Gyro: -19.927 79.086 -54.336
Accel: 0.800 1.177 0.212
Gyro: -43.502 71.884 -57.006
Accel: 0.841 1.128 0.194
Gyro: -72.616 61.157 -56.930
Accel: 0.880 1.139 0.155
Gyro: -90.438 51.437 -56.549
Accel: 0.929 1.104 0.116
Gyro: -107.284 43.426 -56.274
Accel: 0.964 1.040 0.075
Gyro: -119.308 37.521 -54.977
Accel: -1.003 1.011 0.045
Gyro: -127.899 33.706 -52.062
Accel: -1.048 0.942 0.014
Gyro: -132.324 30.883 -44.830
Accel: -1.073 0.813 0.0001
Gyro: -134.521 26.611 -35.064
Accel: -1.083 0.727 0.008
Gyro: -128.936 15.838 -22.491
Accel: -1.088 0.704 0.017
Gyro: -132.369 4.989 -8.987
Accel: -1.080 0.701 0.029
Gyro: -133.392 -4.348 5.554
Accel: -1.0000 0.685 0.062
Gyro: -138.626 -18.798 19.439
Accel: -1.003 0.502 0.712
Gyro: -126.434 -23.147 33.691
Accel: 0.926 0.758 0.344
Gyro: -122.436 -22.232 41.366
Accel: -1.260 0.541 2.211
Gyro: -32.943 71.655 61.294
Accel: 0.844 0.844 0.275
Gyro: -23.132 73.898 40.252
Accel: 0.617 1.068 0.031
Gyro: -26.733 49.514 36.041
Accel: 0.647 0.846 0.0010
Gyro: -35.217 17.456 31.661
Accel: 0.708 0.769 0.032
Gyro: -46.661 -7.904 35.827
Accel: 0.733 0.865 0.051
Gyro: -47.149 -36.117 40.161
Accel: 0.765 0.805 0.019
Gyro: -55.099 -55.313 47.637
Accel: 0.859 0.686 0.174
Gyro: -57.037 -60.119 62.545
Accel: 0.826 0.677 0.199
Gyro: -58.731 -53.939 77.453
Accel: 0.696 0.720 0.195
Gyro: -61.630 -42.419 89.782
Accel: 0.518 0.759 0.302
Gyro: -61.462 -27.709 94.177
Accel: 0.492 0.761 0.495
Gyro: -51.132 -4.760 86.013
Accel: 0.357 0.933 0.546
Gyro: -45.394 12.573 77.194
Accel: 0.344 0.890 0.546
Gyro: -32.043 38.055 64.819
Accel: 0.375 0.989 0.513
Gyro: -32.455 66.055 57.281
Accel: 0.422 1.005 0.419
Gyro: -37.094 98.709 49.118
Accel: 0.376 0.936 0.339
Gyro: -49.057 133.605 40.267
Accel: 0.445 0.906 0.301
Gyro: -63.705 167.694 30.349
Accel: 0.441 0.851 0.266
Gyro: -79.559 199.264 16.433
Accel: 0.401 0.814 0.206
Gyro: -94.635 230.026 12.405
Accel: 0.397 0.772 0.202
Gyro: -106.185 259.490 9.368
Accel: 0.401 0.833 0.152
Gyro: -105.529 288.742 5.249
Accel: 0.328 0.903 0.056
Gyro: -97.198 311.492 1.953
Accel: 0.415 0.934 0.007
Gyro: -86.929 333.541 2.258
Accel: 0.450 0.965 0.026
Gyro: -80.245 353.057 6.469
Accel: 0.482 0.992 0.018
Gyro: -76.354 370.925 12.435
Accel: 0.470 0.981 0.016
Gyro: -71.685 390.014 16.662
Accel: 0.399 0.953 0.055
Gyro: -66.101 412.689 20.416
Accel: 0.336 0.927 0.022
Gyro: -64.300 429.779 19.943
Accel: 0.326 0.890 0.017
Gyro: -66.452 450.103 18.127
Accel: 0.365 0.882 0.0000
Gyro: -70.693 469.848 17.349
Accel: 0.395 0.871 0.035
Gyro: -72.509 487.197 18.249
Accel: 0.421 0.816 0.090
Gyro: -77.804 497.024 17.166
Accel: 0.386 0.797 0.144
Gyro: -83.572 489.028 12.496
Accel: 0.399 0.662 0.163
Gyro: -83.343 457.351 3.921
Accel: 0.389 0.500 0.129
Gyro: -73.303 405.746 -5.020
Accel: 0.373 0.607 0.315
Gyro: -63.171 360.275 -17.303
Accel: 0.437 0.613 0.299
Gyro: -67.398 330.535 -22.293
Accel: 0.479 0.686 0.197
Gyro: -78.048 309.478 -21.362
Accel: 0.555 0.677 0.193
Gyro: -75.942 305.648 -13.305
Accel: 0.456 0.732 0.151
Gyro: -72.509 299.926 -10.055
Accel: 0.345 0.718 0.190
Gyro: -74.371 297.882 -14.617
Accel: 0.059 0.855 0.592
Gyro: -70.907 303.665 -31.692
Accel: 0.221 0.522 0.199
Gyro: -94.0100 315.490 -37.414
Accel: 0.316 0.784 0.476
Gyro: -109.817 342.391 -35.690
Accel: 0.343 0.847 0.591
Gyro: -132.934 366.775 -32.394
Accel: 0.394 0.901 0.503
Gyro: -145.980 384.033 -25.0100
Accel: 0.391 0.889 0.457
Gyro: -150.680 398.681 -17.105
Accel: 0.351 0.851 0.395
Gyro: -137.924 399.414 -11.0001
Accel: 0.307 0.830 0.333
Gyro: -117.919 384.262 -7.171
Accel: 0.234 0.697 0.343
Gyro: -94.0100 354.629 -5.157
Accel: 0.224 0.720 0.439
Gyro: -69.702 313.201 -2.014
Accel: 0.241 0.721 0.531
Gyro: -55.160 261.474 2.471
Accel: 0.180 0.743 0.445
Gyro: -42.083 205.017 3.128
Accel: 0.163 0.701 0.496
Gyro: -23.193 144.653 4.852
Accel: 0.134 0.664 0.496
Gyro: 1.632 92.330 6.286
Accel: 0.096 0.630 0.375
Gyro: 20.095 41.976 7.751
Accel: 0.074 0.660 0.468
Gyro: 42.297 4.714 7.949
Accel: 0.120 0.687 0.491
Gyro: 49.102 -24.978 10.040
Accel: 0.074 0.711 0.452
Gyro: 57.479 -40.939 9.201
Accel: 0.056 0.695 0.420
Gyro: 65.856 -42.861 7.766
Accel: 0.071 0.684 0.384
Gyro: 74.005 -31.890 7.598
Accel: 0.060 0.685 0.372
Gyro: 80.871 -8.972 6.347
Accel: 0.042 0.692 0.373
Gyro: 84.701 18.829 3.005
Accel: 0.0010 0.691 0.414
Gyro: 84.838 47.317 -3.936
Accel: 0.015 0.731 0.561
Gyro: 75.653 79.498 -11.032
Accel: 0.058 0.783 0.578
Gyro: 62.088 109.725 -17.471
Accel: 0.108 0.895 0.487
Gyro: 43.716 135.833 -22.888
Accel: 0.197 0.929 0.459
Gyro: 35.003 158.248 -25.238
Accel: 0.210 0.952 0.420
Gyro: 38.650 174.377 -25.222
Accel: 0.195 0.943 0.458
Gyro: 45.013 180.862 -21.377
Accel: 0.136 0.958 0.469
Gyro: 48.538 178.680 -17.501
Accel: 0.098 0.958 0.475
Gyro: 45.257 165.054 -14.587
Accel: 0.059 0.906 0.350
Gyro: 31.265 155.059 -13.793
Accel: 0.048 0.815 0.490
Gyro: 19.729 140.533 -13.092
Accel: 0.035 0.816 0.427
Gyro: 10.360 120.437 -15.121
Accel: 0.037 0.859 0.646
Gyro: 3.250 113.830 -14.205
Accel: 0.228 1.143 0.909
Gyro: 6.225 135.116 -7.019
Accel: 0.128 1.218 0.875
Gyro: 4.211 166.259 -4.989
Accel: 0.036 0.944 0.781
Gyro: -2.639 188.812 -5.325
Accel: 0.209 0.743 0.714
Gyro: -15.060 195.495 -3.433
Accel: 0.216 0.899 0.653
Gyro: -20.446 193.893 1.327
Accel: 0.177 0.966 0.593
Gyro: -16.006 192.123 8.438
Accel: 0.022 1.049 0.604
Gyro: -21.820 189.910 19.866
Accel: 0.224 0.845 0.797
Gyro: -35.736 199.264 21.057
Accel: 0.291 0.824 0.744
Gyro: -42.053 220.947 23.742
Accel: 0.195 0.887 0.719
Gyro: -48.782 235.565 32.135
Accel: 0.156 0.892 0.660
Gyro: -58.258 248.672 38.452
Accel: 0.141 0.413 0.957
Gyro: -87.875 262.695 60.623
Accel: 0.106 0.874 0.911
Gyro: -150.283 299.972 67.932
Accel: 0.336 1.137 0.342
Gyro: -190.338 346.725 50.765
Accel: 0.378 1.042 0.130
Gyro: -196.853 384.704 32.165
Accel: 0.109 0.799 0.454
Gyro: -224.105 417.846 30.334
Accel: 0.025 0.717 0.706
Gyro: -262.619 452.819 40.267
Accel: 0.004 0.749 0.813
Gyro: -320.312 478.500 50.155
Accel: 0.066 0.610 0.416
Gyro: -358.184 499.984 66.223
Accel: 0.046 0.438 0.282
Gyro: -383.773 499.984 75.988
Accel: 0.103 0.452 0.207
Gyro: -405.319 499.984 84.487
Accel: 0.107 0.526 0.156
Gyro: -429.031 499.984 87.432
Accel: 0.145 0.552 0.085
Gyro: -452.468 499.984 85.723
Accel: 0.160 0.521 0.011
Gyro: -472.976 499.984 80.520
Accel: 0.119 0.508 0.148
Gyro: -492.095 499.984 75.027
Accel: 0.076 0.463 0.323
Gyro: -495.574 470.153 69.061
Accel: 0.030 0.410 0.547
Gyro: -477.508 421.768 61.370
Accel: 0.0010 0.343 0.769
Gyro: -438.720 377.349 53.527
Accel: 0.033 0.244 0.961
Gyro: -383.087 334.640 45.913
Accel: 0.028 0.126 1.110
Gyro: -318.328 285.766 40.344
Accel: 0.014 0.003 1.224
Gyro: -251.998 241.912 37.506
Accel: 0.026 0.048 1.297
Gyro: -191.802 192.596 35.018
Accel: 0.123 0.092 1.343
Gyro: -142.410 149.398 29.800
Accel: 0.092 0.154 1.365
Gyro: -98.617 107.727 20.812
Accel: 0.089 0.176 1.366
Gyro: -68.450 73.379 9.384
Accel: 0.072 0.192 1.347
Gyro: -41.229 47.348 0.961
Accel: 0.062 0.215 1.310
Gyro: -19.943 30.242 -7.934
Accel: 0.047 0.236 1.267
Gyro: -6.408 21.209 -13.351
Accel: 0.033 0.264 1.212
Gyro: -1.937 16.784 -16.220
Accel: 0.021 0.285 1.171
Gyro: -4.882 17.303 -17.654
Accel: 0.012 0.302 1.141
Gyro: -13.900 23.040 -19.378
Accel: 0.009 0.298 1.127
Gyro: -24.520 34.317 -20.416
Accel: 0.019 0.284 1.120
Gyro: -35.018 48.522 -19.409
Accel: 0.043 0.273 1.109
Gyro: -44.525 63.125 -16.510
Accel: 0.088 0.280 1.197
Gyro: -49.087 72.311 -12.435
Accel: 0.093 0.245 1.109
Gyro: -57.083 86.746 -8.804
Accel: 0.082 0.250 1.040
Gyro: -64.697 102.142 -6.057
Accel: 0.116 0.259 1.042
Gyro: -72.448 114.440 -4.623
Accel: 0.141 0.275 0.961
Gyro: -80.764 128.463 -5.218
Accel: 0.169 0.277 1.017
Gyro: -87.631 131.729 -8.132
Accel: 0.207 0.189 1.005
Gyro: -91.308 135.421 -12.557
Accel: 0.234 0.225 1.007
Gyro: -91.491 136.016 -18.020
Accel: 0.283 0.201 0.995
Gyro: -88.043 133.285 -23.605
Accel: 0.317 0.176 0.979
Gyro: -81.848 126.983 -27.557
Accel: 0.358 0.169 0.961
Gyro: -73.715 113.510 -29.388
Accel: 0.386 0.161 0.938
Gyro: -64.651 98.876 -29.708
Accel: 0.407 0.159 0.916
Gyro: -56.793 84.915 -29.510
Accel: 0.424 0.153 0.896
Gyro: -48.568 66.116 -29.479
Accel: 0.498 0.135 0.885
Gyro: -41.259 46.279 -29.296
Accel: 0.440 0.118 0.877
Gyro: -34.912 24.856 -28.106
Accel: 0.440 0.103 0.872
Gyro: -29.113 3.219 -27.114
Accel: 0.439 0.094 0.875
Gyro: -23.437 -17.684 -26.763
Accel: 0.445 0.109 0.880
Gyro: -17.547 -37.338 -26.123
Accel: 0.445 0.123 0.885
Gyro: -11.962 -57.693 -24.475
Accel: 0.434 0.126 0.895
Gyro: -6.515 -70.892 -22.018
Accel: 0.415 0.130 0.907
Gyro: 3.601 -84.609 -19.027
Accel: 0.392 0.142 0.917
Gyro: 5.279 -93.597 -15.884
Accel: 0.365 0.156 0.923
Gyro: 8.224 -97.167 -13.0000
Accel: 0.327 0.166 0.929
Gyro: 6.973 -95.748 -11.444
Accel: 0.295 0.175 0.925
Gyro: 2.487 -89.996 -11.184
Accel: 0.276 0.183 0.964
Gyro: -4.684 -81.726 -12.130
Accel: 0.267 0.185 0.959
Gyro: -13.824 -71.960 -13.580
Accel: 0.257 0.171 0.958
Gyro: -21.621 -61.096 -14.297
Accel: 0.258 0.150 0.960
Gyro: -28.472 -51.986 -13.198
Accel: 0.258 0.063 0.961
Gyro: -32.806 -46.142 -10.040
Accel: 0.246 0.104 0.962
Gyro: -35.217 -43.060 -5.737
Accel: 0.239 0.101 0.967
Gyro: -36.087 -41.030 -1.922
Accel: 0.237 0.108 0.979
Gyro: -35.842 -40.695 1.144
Accel: 0.231 0.119 0.989
Gyro: -34.622 -40.603 3.479
Accel: 0.225 0.123 0.991
Gyro: -31.845 -40.740 5.172
Accel: 0.231 0.115 0.946
Gyro: -26.931 -41.992 6.469
Accel: 0.202 0.112 0.956
Gyro: -20.828 -50.552 6.591
Accel: 0.206 0.111 0.932
Gyro: -12.741 -62.301 4.623
Accel: 0.207 0.112 0.883
Gyro: -2.517 -75.836 1.190
Accel: 0.002 0.105 1.072
Gyro: 7.247 -83.129 -2.349
Accel: 0.0001 0.114 1.121
Gyro: 20.339 -90.927 -8.666
Accel: 0.004 0.168 1.145
Gyro: 31.173 -104.492 -19.134
Accel: 0.019 0.156 1.112
Gyro: 38.467 -113.540 -20.767
Accel: 0.0010 0.102 1.233
Gyro: 43.975 -114.562 -22.018
Accel: 0.006 0.072 1.177
Gyro: 41.976 -102.401 -18.493
Accel: 0.013 0.185 1.151
Gyro: 34.942 -94.055 -16.067
Accel: 0.045 0.099 1.093
Gyro: 23.895 -93.017 -14.694
Accel: 0.098 0.107 1.129
Gyro: 22.384 -87.280 -13.275
Accel: 0.178 0.116 1.146
Gyro: 19.348 -75.561 -11.795
Accel: 0.190 0.166 1.120
Gyro: 17.913 -63.690 -12.130
Accel: 0.200 0.174 1.131
Gyro: 16.311 -49.072 -12.695
Accel: 0.162 0.152 1.122
Gyro: 13.732 -34.606 -11.550
Accel: 0.109 0.116 1.090
Gyro: 12.191 -22.735 -7.461
Accel: 0.073 0.090 1.074
Gyro: 11.215 -12.817 -1.312
Accel: 0.062 0.093 1.0000
Gyro: 9.033 -3.234 4.699
Accel: 0.071 0.113 1.050
Gyro: 5.187 5.966 8.880
Accel: 0.087 0.133 1.042
Gyro: 0.274 14.343 10.986
Accel: 0.103 0.147 1.042
Gyro: -5.828 21.575 11.779
Accel: 0.110 0.145 1.041
Gyro: -10.421 26.916 11.703
Accel: 0.107 0.141 1.037
Gyro: -13.229 28.976 10.452
Accel: 0.096 0.134 1.041
Gyro: -14.129 27.725 4.165
Accel: 0.086 0.062 1.055
Gyro: -12.771 25.115 4.974
Accel: 0.070 0.127 1.058
Gyro: -9.155 21.194 2.075
Accel: 0.061 0.124 1.055
Gyro: 0.106 15.686 0.823
Accel: 0.052 0.128 1.041
Gyro: 1.525 9.124 -4.074
Accel: 0.051 0.138 1.035
Gyro: 6.210 3.845 -7.400
Accel: 0.055 0.140 1.028
Gyro: 9.658 0.289 -10.192
Accel: 0.052 0.134 1.024
Gyro: 11.840 -2.090 -12.329
Accel: 0.047 0.125 1.020
Gyro: 13.381 -2.990 -12.756
Accel: 0.043 0.121 1.019
Gyro: 14.190 -3.036 -11.672
Accel: 0.054 0.112 1.004
Gyro: 14.739 -2.578 -10.665
Accel: 0.064 0.112 0.994
Gyro: 14.083 -2.410 -9.918
Accel: 0.068 0.116 0.988
Gyro: 7.995 -1.510 -9.124
Accel: 0.075 0.118 0.981
Gyro: 8.590 0.320 -8.239
Accel: 0.075 0.133 0.979
Gyro: 5.096 3.479 -7.461
Accel: 0.070 0.136 0.980
Gyro: 1.525 7.278 -6.668
Accel: 0.049 0.132 0.983
Gyro: -1.525 9.399 -6.240
Accel: 0.036 0.122 0.988
Gyro: -7.720 9.338 -5.447
Accel: 0.033 0.117 0.991
Gyro: -4.928 8.392 -4.333
Accel: 0.037 0.126 0.992
Gyro: -5.157 7.873 -3.555
Accel: 0.042 0.134 0.984
Gyro: -4.989 7.568 -2.960
Accel: 0.052 0.126 0.981
Gyro: -5.447 7.293 -2.716
Accel: 0.054 0.110 0.982
Gyro: -6.607 7.278 -2.944
Accel: 0.051 0.106 0.988
Gyro: -7.995 7.431 -3.387
Accel: 0.046 0.107 1.062
Gyro: -8.956 7.614 -3.570
Accel: 0.040 0.106 1.003
Gyro: -9.353 7.431 -3.707
Accel: 0.032 0.112 1.002
Gyro: -8.193 6.820 -3.372
Accel: 0.020 0.114 1.004
Gyro: -6.027 5.645 -3.143
Accel: 0.006 0.108 1.007
Gyro: -3.814 2.960 -3.601
Accel: 0.002 0.102 1.009
Gyro: -1.968 0.762 -4.043
Accel: 0.0001 0.105 1.009
Gyro: 0.701 -3.219 -4.409
Accel: 0.006 0.110 1.006
Gyro: 0.244 -4.089 -4.455
