Accel: 0.706 0.509 0.496
Gyro: -10.696 22.949 4.760
Accel: 0.697 0.513 0.495
Gyro: -10.635 22.674 5.813
Accel: 0.693 0.513 0.498
Gyro: -10.848 22.750 7.049
Accel: 0.690 0.507 0.502
Gyro: -11.428 23.803 8.575
Accel: 0.692 0.510 0.508
Gyro: -11.825 26.397 9.933
Accel: 0.694 0.514 0.519
Gyro: -12.496 30.029 10.848
Accel: 0.697 0.516 0.535
Gyro: -12.847 34.896 10.879
Accel: 0.699 0.512 0.548
Gyro: -12.466 41.305 10.482
Accel: 0.695 0.505 0.559
Gyro: -10.940 48.645 9.643
Accel: 0.691 0.496 0.570
Gyro: -8.529 56.365 9.002
Accel: 0.688 0.482 0.575
Gyro: -5.706 69.854 8.834
Accel: 0.687 0.460 0.574
Gyro: -4.196 75.164 9.353
Accel: 0.682 0.463 0.572
Gyro: -5.233 81.710 10.650
Accel: 0.670 0.471 0.573
Gyro: -7.232 84.503 12.207
Accel: 0.655 0.479 0.572
Gyro: -9.582 83.801 13.671
Accel: 0.646 0.471 0.574
Gyro: -11.734 80.230 14.678
Accel: 0.641 0.472 0.584
Gyro: -12.237 75.256 15.502
Accel: 0.636 0.472 0.593
Gyro: -11.108 68.664 15.472
Accel: 0.636 0.468 0.600
Gyro: -9.292 61.614 14.984
Accel: 0.637 0.461 0.610
Gyro: -6.271 54.229 14.755
Accel: 0.639 0.455 0.614
Gyro: -2.975 46.813 14.328
Accel: 0.644 0.454 0.616
Gyro: 0.793 39.062 13.946
Accel: 0.642 0.455 0.614
Gyro: 0.045 31.463 14.022
Accel: 0.647 0.452 0.617
Gyro: 0.442 23.681 14.251
Accel: 0.653 0.457 0.621
Gyro: 0.564 17.333 14.038
Accel: 0.656 0.462 0.627
Gyro: 0.015 10.864 12.985
Accel: 0.659 0.464 0.632
Gyro: 0.671 5.416 11.856
Accel: 0.663 0.460 0.641
Gyro: 0.885 2.334 11.245
Accel: 0.672 0.455 0.646
Gyro: 0.686 1.632 10.971
Accel: 0.678 0.459 0.655
Gyro: 0.640 3.356 10.711
Accel: 0.681 0.463 0.665
Gyro: 0.976 6.149 10.314
Accel: 0.680 0.465 0.671
Gyro: 1.815 9.796 9.750
Accel: 0.682 0.454 0.675
Gyro: 2.273 14.739 9.078
Accel: 0.685 0.454 0.678
Gyro: 2.136 20.751 8.636
Accel: 0.682 0.459 0.681
Gyro: 1.495 27.160 8.117
Accel: 0.670 0.461 0.681
Gyro: 1.388 33.157 7.247
Accel: 0.657 0.458 0.677
Gyro: 1.785 38.452 5.981
Accel: 0.645 0.452 0.676
Gyro: 1.770 43.212 5.050
Accel: 0.633 0.452 0.675
Gyro: 1.113 47.378 4.623
Accel: 0.620 0.465 0.674
Gyro: 0.0000 51.101 3.662
Accel: 0.603 0.471 0.677
Gyro: -1.113 54.382 2.319
Accel: 0.584 0.467 0.678
Gyro: -2.136 57.296 1.586
Accel: 0.571 0.458 0.680
Gyro: -2.792 59.753 1.922
Accel: 0.556 0.450 0.688
Gyro: -3.417 61.904 2.975
Accel: 0.548 0.444 0.697
Gyro: -2.792 63.827 4.089
Accel: 0.539 0.437 0.704
Gyro: -1.739 65.856 4.516
Accel: 0.526 0.437 0.705
Gyro: -1.037 67.291 4.638
Accel: 0.512 0.435 0.704
Gyro: -1.586 68.176 4.745
Accel: 0.498 0.438 0.706
Gyro: -2.365 68.572 4.211
Accel: 0.487 0.442 0.709
Gyro: -2.838 68.405 3.448
Accel: 0.476 0.438 0.716
Gyro: -2.655 67.672 3.540
Accel: 0.468 0.427 0.720
Gyro: -1.693 67.260 4.409
Accel: 0.463 0.413 0.725
Gyro: 0.991 67.596 6.011
Accel: 0.464 0.416 0.733
Gyro: 0.488 69.122 7.965
Accel: 0.465 0.414 0.737
Gyro: 1.785 71.304 9.353
Accel: 0.466 0.412 0.739
Gyro: 1.739 73.745 10.620
Accel: 0.465 0.410 0.735
Gyro: 0.747 75.500 12.557
Accel: 0.462 0.409 0.732
Gyro: 0.595 75.775 14.953
Accel: 0.459 0.405 0.734
Gyro: -1.647 73.867 16.647
Accel: 0.461 0.403 0.737
Gyro: -3.372 70.083 17.898
Accel: 0.468 0.410 0.741
Gyro: -5.142 64.239 19.042
Accel: 0.472 0.412 0.747
Gyro: -6.515 57.678 19.622
Accel: 0.479 0.419 0.755
Gyro: -6.973 51.559 19.287
Accel: 0.486 0.425 0.768
Gyro: -6.179 44.570 18.203
Accel: 0.491 0.421 0.777
Gyro: -4.714 37.887 16.174
Accel: 0.494 0.416 0.782
Gyro: -3.433 31.539 13.916
Accel: 0.496 0.414 0.786
Gyro: -2.929 25.543 11.764
Accel: 0.494 0.414 0.790
Gyro: -2.456 19.744 10.040
Accel: 0.494 0.410 0.793
Gyro: -2.136 14.144 8.560
Accel: 0.492 0.409 0.797
Gyro: -2.182 9.796 7.369
Accel: 0.493 0.412 0.800
Gyro: -2.548 5.722 6.637
Accel: 0.496 0.414 0.806
Gyro: -3.280 3.387 5.767
Accel: 0.494 0.419 0.814
Gyro: -4.028 1.678 5.065
Accel: 0.492 0.417 0.820
Gyro: -4.379 0.686 4.562
Accel: 0.491 0.410 0.826
Gyro: -4.608 0.564 3.921
Accel: 0.489 0.412 0.831
Gyro: -5.218 1.296 3.326
Accel: 0.486 0.417 0.840
Gyro: -5.538 2.975 2.304
Accel: 0.481 0.415 0.846
Gyro: -5.538 4.623 1.205
Accel: 0.475 0.408 0.851
Gyro: -5.004 6.729 0.213
Accel: 0.469 0.401 0.854
Gyro: -4.791 8.926 0.366
Accel: 0.463 0.398 0.855
Gyro: -4.684 11.199 0.442
Accel: 0.457 0.401 0.856
Gyro: -4.394 13.214 0.244
Accel: 0.448 0.397 0.855
Gyro: -3.997 14.511 0.091
Accel: 0.443 0.392 0.852
Gyro: -4.287 15.075 0.091
Accel: 0.436 0.396 0.854
Gyro: -4.714 15.380 0.473
Accel: 0.429 0.407 0.859
Gyro: -4.226 14.755 -1.235
Accel: 0.417 0.409 0.865
Gyro: -2.929 12.725 -2.227
Accel: 0.409 0.402 0.865
Gyro: 0.503 10.131 -3.219
Accel: 0.403 0.392 0.862
Gyro: 1.449 7.049 -3.540
Accel: 0.400 0.386 0.859
Gyro: 2.822 4.058 -3.631
Accel: 0.393 0.390 0.859
Gyro: 3.982 1.449 -3.692
Accel: 0.388 0.397 0.853
Gyro: 4.730 0.747 -3.585
Accel: 0.384 0.397 0.849
Gyro: 5.340 -2.304 -3.143
Accel: 0.383 0.396 0.843
Gyro: 5.310 -3.341 -2.578
Accel: 0.383 0.395 0.839
Gyro: 4.470 -3.753 -1.785
Accel: 0.381 0.405 0.838
Gyro: 3.738 -3.204 -1.235
Accel: 0.380 0.412 0.840
Gyro: 3.936 -2.258 -1.083
Accel: 0.378 0.408 0.840
Gyro: 4.791 -1.052 0.885
Accel: 0.375 0.404 0.835
Gyro: 5.722 0.259 0.457
Accel: 0.374 0.399 0.831
Gyro: 5.935 1.495 0.366
Accel: 0.373 0.403 0.826
Gyro: 5.722 2.807 1.144
Accel: 0.376 0.406 0.825
Gyro: 5.081 4.455 1.449
Accel: 0.379 0.413 0.823
Gyro: 4.028 5.996 1.678
Accel: 0.376 0.415 0.825
Gyro: 2.883 7.339 1.846
Accel: 0.374 0.415 0.823
Gyro: 1.495 8.148 2.136
Accel: 0.374 0.417 0.826
Gyro: 0.305 8.697 2.380
Accel: 0.374 0.418 0.829
Gyro: 0.015 8.819 2.655
Accel: 0.371 0.418 0.832
Gyro: 0.305 8.361 2.609
Accel: 0.369 0.417 0.833
Gyro: 1.235 7.415 2.563
Accel: 0.366 0.412 0.826
Gyro: 2.441 6.088 2.151
Accel: 0.366 0.414 0.829
Gyro: 2.868 5.096 1.693
Accel: 0.367 0.423 0.831
Gyro: 2.685 4.699 1.190
Accel: 0.366 0.423 0.834
Gyro: 2.349 4.516 1.159
Accel: 0.360 0.424 0.833
Gyro: 2.578 4.318 1.113
Accel: 0.352 0.423 0.826
Gyro: 3.402 4.333 1.449
Accel: 0.349 0.417 0.823
Gyro: 3.479 4.272 1.983
Accel: 0.352 0.414 0.827
Gyro: 2.517 4.776 3.082
Accel: 0.359 0.415 0.838
Gyro: 0.915 5.477 4.104
Accel: 0.363 0.412 0.847
Gyro: 0.0000 6.317 4.516
Accel: 0.362 0.416 0.850
Gyro: 0.106 7.339 4.638
Accel: 0.357 0.417 0.849
Gyro: 1.174 8.239 4.577
Accel: 0.353 0.414 0.847
Gyro: 2.395 8.758 4.699
Accel: 0.350 0.408 0.843
Gyro: 3.341 9.048 5.111
Accel: 0.349 0.406 0.839
Gyro: 3.677 8.651 5.966
Accel: 0.348 0.406 0.835
Gyro: 3.601 8.392 6.912
Accel: 0.348 0.407 0.832
Gyro: 3.189 7.720 8.285
Accel: 0.345 0.410 0.830
Gyro: 3.158 6.408 9.307
Accel: 0.345 0.412 0.828
Gyro: 2.899 4.699 10.162
Accel: 0.348 0.413 0.828
Gyro: 2.777 3.417 10.818
Accel: 0.354 0.411 0.831
Gyro: 3.143 2.059 11.047
Accel: 0.360 0.407 0.832
Gyro: 7.736 1.052 10.955
Accel: 0.367 0.405 0.833
Gyro: 4.531 0.137 10.665
Accel: 0.349 0.327 0.890
Gyro: 1.052 18.646 10.482
Accel: 0.349 0.337 0.892
Gyro: 7.232 26.214 14.053
Accel: 0.382 0.425 0.961
Gyro: 9.719 34.759 12.634
Accel: 0.383 0.406 0.955
Gyro: 14.099 43.563 12.878
Accel: 0.354 0.401 0.933
Gyro: 20.019 50.552 14.816
Accel: 0.316 0.388 0.945
Gyro: 25.894 56.137 16.860
Accel: 0.264 0.397 0.941
Gyro: 29.220 59.890 19.683
Accel: 0.219 0.429 0.925
Gyro: 28.747 61.904 22.247
Accel: 0.183 0.459 0.892
Gyro: 26.138 61.370 24.414
Accel: 0.162 0.500 0.846
Gyro: 21.255 56.777 26.199
Accel: 0.177 0.529 0.775
Gyro: 14.846 46.524 26.626
Accel: 0.229 0.524 0.698
Gyro: 5.569 31.570 24.642
Accel: 0.311 0.509 0.716
Gyro: -3.952 18.035 20.477
Accel: 0.428 0.474 0.788
Gyro: -11.581 9.277 14.328
Accel: 0.390 0.396 0.795
Gyro: -14.251 10.650 1.281
Accel: 0.525 0.387 0.981
Gyro: -18.188 16.235 2.197
Accel: 0.525 0.393 0.862
Gyro: -9.170 25.802 21.484
Accel: 0.584 0.494 0.803
Gyro: -17.074 27.877 33.432
Accel: 0.572 0.385 0.940
Gyro: -13.916 43.731 39.276
Accel: 0.619 0.192 0.959
Gyro: -15.457 62.118 45.989
Accel: 0.505 0.428 1.080
Gyro: -23.742 83.633 54.595
Accel: 0.429 0.570 0.971
Gyro: -26.763 101.623 59.967
Accel: 0.455 0.399 1.0001
Gyro: -32.196 110.534 69.229
Accel: 0.383 0.328 1.041
Gyro: -34.423 116.714 74.462
Accel: 0.331 0.335 1.182
Gyro: -36.712 115.447 77.148
Accel: 0.296 0.347 1.135
Gyro: -27.755 109.222 75.363
Accel: 0.138 0.547 1.177
Gyro: -25.0100 97.427 66.665
Accel: 0.084 0.469 1.143
Gyro: -13.259 80.535 61.248
Accel: 0.049 0.387 1.107
Gyro: 1.205 54.138 60.897
Accel: 0.101 0.359 1.212
Gyro: 15.991 18.646 59.921
Accel: 0.196 0.362 1.256
Gyro: 36.224 -8.514 51.269
Accel: 0.191 0.340 1.211
Gyro: 58.975 -27.862 46.524
Accel: 0.080 0.348 1.255
Gyro: 67.687 -48.431 43.304
Accel: 0.249 0.421 1.216
Gyro: 80.123 -52.627 38.162
Accel: 0.196 0.389 1.146
Gyro: 89.233 -49.179 32.058
Accel: 0.199 0.363 1.037
Gyro: 97.808 -22.537 21.514
Accel: 0.293 0.300 0.625
Gyro: 111.450 19.760 7.492
Accel: 0.151 0.427 1.078
Gyro: 83.282 14.938 11.932
Accel: 0.325 0.592 1.468
Gyro: 59.051 3.799 19.378
Accel: 0.495 0.544 1.420
Gyro: 53.695 8.102 12.603
Accel: 0.271 0.422 1.163
Gyro: 49.774 20.401 7.446
Accel: 0.143 0.382 1.018
Gyro: 35.461 25.146 4.501
Accel: 0.149 0.414 1.094
Gyro: 30.120 23.590 -1.129
Accel: 0.207 0.427 1.151
Gyro: 29.174 19.805 -3.768
Accel: 0.250 0.430 1.079
Gyro: 33.309 12.741 -3.753
Accel: 0.239 0.447 0.976
Gyro: 38.360 3.280 -3.265
Accel: 0.233 0.499 0.918
Gyro: 47.927 -4.348 0.732
Accel: 0.224 0.606 0.850
Gyro: 58.181 -13.031 3.265
Accel: 0.131 0.691 0.960
Gyro: 69.900 -23.864 6.576
Accel: 0.242 0.562 0.949
Gyro: 71.960 -31.433 8.056
Accel: 0.246 0.597 0.973
Gyro: 73.059 -38.879 11.383
Accel: 0.267 0.571 0.901
Gyro: 71.441 -42.800 13.992
Accel: 0.261 0.517 0.828
Gyro: 67.413 -41.366 15.167
Accel: 0.264 0.467 0.730
Gyro: 59.097 -37.338 15.380
Accel: 0.292 0.431 0.682
Gyro: 48.400 -30.242 13.534
Accel: 0.312 0.373 0.648
Gyro: 37.521 -13.275 11.154
Accel: 0.311 0.328 0.639
Gyro: 29.449 3.540 10.696
Accel: 0.327 0.373 0.633
Gyro: 16.647 15.090 11.947
Accel: 0.322 0.354 0.675
Gyro: 8.972 25.878 18.417
Accel: 0.310 0.428 0.713
Gyro: -2.548 35.415 25.741
Accel: 0.198 0.544 0.684
Gyro: -14.999 45.715 32.714
Accel: 0.118 0.634 0.649
Gyro: -25.482 56.457 35.125
Accel: 0.087 0.614 0.671
Gyro: -34.332 60.699 33.538
Accel: 0.078 0.553 0.636
Gyro: -39.733 57.220 29.846
Accel: 0.099 0.492 0.654
Gyro: -44.891 52.322 24.276
Accel: 0.102 0.477 0.486
Gyro: -46.920 49.530 23.223
Accel: 0.134 0.429 0.426
Gyro: -48.278 43.807 23.269
Accel: 0.133 0.397 0.451
Gyro: -48.751 37.765 23.239
Accel: 0.155 0.405 0.435
Gyro: -41.183 38.940 22.277
Accel: 0.141 0.435 0.375
Gyro: -30.761 37.582 20.217
Accel: 0.064 0.375 0.345
Gyro: -20.553 35.751 17.547
Accel: 0.014 0.295 0.399
Gyro: -13.473 29.693 14.266
Accel: 0.031 0.310 0.431
Gyro: -6.744 25.009 10.345
Accel: 0.049 0.265 0.473
Gyro: -4.638 23.208 7.644
Accel: 0.059 0.288 0.477
Gyro: -6.744 22.720 5.187
Accel: 0.002 0.311 0.536
Gyro: -11.199 22.232 2.777
Accel: 0.053 0.308 0.512
Gyro: -16.464 21.133 0.534
Accel: 0.056 0.293 0.501
Gyro: -20.690 20.050 -2.487
Accel: 0.068 0.278 0.503
Gyro: -23.544 19.149 -4.455
Accel: 0.088 0.268 0.479
Gyro: -25.588 21.057 -4.852
Accel: 0.090 0.257 0.561
Gyro: -30.364 25.085 -3.768
Accel: 0.112 0.240 0.548
Gyro: -37.475 33.203 -2.212
Accel: 0.142 0.236 0.508
Gyro: -47.195 43.777 0.183
Accel: 0.172 0.241 0.487
Gyro: -59.356 53.787 3.906
Accel: 0.178 0.258 0.484
Gyro: -70.190 60.028 6.729
Accel: 0.148 0.256 0.477
Gyro: -75.729 61.691 8.163
Accel: 0.092 0.210 0.489
Gyro: -75.973 58.959 7.202
Accel: 0.033 0.172 0.518
Gyro: -73.379 55.465 4.852
Accel: 0.0000 0.115 0.540
Gyro: -71.334 54.595 2.166
Accel: 0.007 0.087 0.573
Gyro: -72.753 58.471 0.213
Accel: 0.031 0.070 0.653
Gyro: -77.270 64.346 0.930
Accel: 0.060 0.120 0.697
Gyro: -82.977 69.992 0.335
Accel: 0.047 0.181 0.739
Gyro: -85.891 71.945 0.595
Accel: 0.008 0.210 0.785
Gyro: -84.716 69.702 2.838
Accel: 0.044 0.210 0.845
Gyro: -82.717 62.164 2.639
Accel: 0.077 0.132 0.937
Gyro: -81.314 52.612 1.586
Accel: 0.055 0.119 0.950
Gyro: -80.612 46.081 0.0000
Accel: 0.028 0.048 0.947
Gyro: -81.863 43.212 -1.159
Accel: 0.011 0.004 0.922
Gyro: -84.655 44.326 0.335
Accel: 0.043 0.059 0.890
Gyro: -88.272 49.896 3.479
Accel: 0.046 0.141 0.926
Gyro: -90.606 54.809 3.662
Accel: 0.034 0.151 0.981
Gyro: -90.377 55.679 2.090
Accel: 0.081 0.135 1.062
Gyro: -88.500 54.656 0.518
Accel: 0.087 0.090 1.0010
Gyro: -82.046 53.924 -4.699
Accel: 0.125 0.037 1.019
Gyro: -85.144 56.915 -8.132
Accel: 0.150 0.008 1.052
Gyro: -87.600 62.744 -10.177
Accel: 0.068 0.014 1.113
Gyro: -91.705 68.572 -8.377
Accel: 0.043 0.071 1.130
Gyro: -96.511 74.111 -3.799
Accel: 0.047 0.008 1.177
Gyro: -95.718 72.479 -3.280
Accel: 0.123 0.070 1.214
Gyro: -87.799 61.874 -1.464
Accel: 0.161 0.093 1.252
Gyro: -76.538 45.562 0.823
Accel: 0.205 0.178 1.373
Gyro: -61.889 33.691 1.770
Accel: 0.369 0.210 1.401
Gyro: -49.148 29.953 1.953
Accel: 0.400 0.433 1.421
Gyro: -34.271 23.330 -3.417
Accel: 0.258 0.339 1.544
Gyro: -24.078 22.445 3.417
Accel: 0.111 0.032 1.447
Gyro: -19.927 29.739 17.349
Accel: 0.078 0.063 1.430
Gyro: -16.052 36.102 18.707
Accel: 0.218 0.072 1.288
Gyro: -6.713 32.684 11.734
Accel: 0.246 0.043 1.176
Gyro: 3.463 22.537 13.641
Accel: 0.177 0.108 0.987
Gyro: 13.122 14.907 8.865
Accel: 0.081 0.181 0.695
Gyro: 27.328 11.749 6.881
Accel: 0.061 0.148 0.503
Gyro: 33.279 10.894 6.057
Accel: 0.095 0.173 0.140
Gyro: 45.349 7.385 1.052
Accel: 0.196 0.321 0.269
Gyro: 48.614 -4.821 -9.902
Accel: 0.243 0.327 0.555
Gyro: 42.953 -18.951 -19.546
Accel: 0.283 0.046 0.653
Gyro: 35.812 -22.369 -23.986
Accel: 0.295 0.114 0.640
Gyro: 27.481 2.151 -16.052
Accel: 0.191 0.358 0.575
Gyro: 19.851 53.710 -12.863
Accel: 0.093 0.574 0.464
Gyro: 0.961 112.609 -6.866
Accel: 0.844 0.474 -2.771
Gyro: -188.156 48.324 -94.726
Accel: -2.340 -2.025 7.658
Gyro: -257.583 -499.969 -85.861
Accel: 0.413 0.838 1.103
Gyro: -35.079 -377.655 -19.088
Accel: -1.489 0.163 6.081
Gyro: 246.856 -372.375 0.885
Accel: 1.752 0.062 0.809
Gyro: 275.390 -325.592 47.241
Accel: 1.257 1.501 3.621
Gyro: 78.247 -21.820 15.121
Accel: 0.269 0.520 -1.104
Gyro: -62.423 109.970 -5.172
Accel: 0.161 0.200 1.063
Gyro: -112.503 125.595 -9.704
Accel: 0.378 0.128 3.325
Gyro: -92.559 112.014 -8.590
Accel: 0.074 0.045 1.957
Gyro: -11.703 23.284 -3.158
Accel: 0.014 0.101 0.117
Gyro: 29.785 -31.463 1.571
Accel: 0.041 0.093 0.316
Gyro: 17.135 -26.733 -2.746
Accel: 0.060 0.041 1.149
Gyro: -14.495 8.331 -3.799
Accel: 0.004 0.066 1.219
Gyro: -30.197 30.532 0.625
Accel: 0.049 0.0001 0.960
Gyro: -26.0000 26.977 0.549
Accel: 0.005 0.027 1.104
Gyro: -17.410 16.799 0.167
Accel: 0.038 0.028 1.098
Gyro: -9.597 10.665 0.167
Accel: 0.066 0.045 0.997
Gyro: 0.061 5.172 0.762
Accel: 0.119 0.072 0.962
Gyro: 2.731 -4.913 0.732
Accel: 0.072 0.051 1.028
Gyro: 12.329 -16.784 2.441
Accel: 0.028 0.030 1.021
Gyro: 20.156 -26.855 3.280
Accel: 0.004 0.038 0.940
Gyro: 24.963 -31.387 3.494
Accel: 0.061 0.015 1.006
Gyro: 25.253 -31.555 2.853
Accel: 0.125 0.052 1.016
Gyro: 21.942 -26.351 1.327
Accel: 0.143 0.066 1.013
Gyro: 15.258 -18.341 0.610
Accel: 0.142 0.069 0.975
Gyro: 7.644 -9.429 0.579
Accel: 0.107 0.056 0.972
Gyro: 0.564 -1.190 -2.243
Accel: 0.061 0.028 0.996
Gyro: -3.814 3.753 -3.311
Accel: 0.025 0.018 1.0000
Gyro: -4.547 4.196 -3.402
Accel: 0.035 0.0001 1.012
Gyro: -2.471 1.083 -3.311
Accel: 0.034 0.0010 1.015
Gyro: 1.007 -3.952 -2.716
Accel: 0.031 0.005 1.027
Gyro: 4.104 -8.316 -2.395
Accel: 0.030 0.005 1.019
Gyro: 6.637 -10.345 -2.136
Accel: 0.019 0.0010 0.994
Gyro: 7.125 -10.452 -1.876
Accel: 0.020 0.014 1.002
Gyro: 5.096 -7.354 -1.754
Accel: 0.042 0.034 1.033
Gyro: 2.334 -3.463 -2.105
Accel: 0.044 0.037 1.0010
Gyro: 0.091 0.045 -1.831
Accel: 0.058 0.054 1.0010
Gyro: -2.212 2.532 -1.800
Accel: 0.066 0.048 1.008
Gyro: -3.646 4.562 -1.876
Accel: 0.066 0.041 0.999
Gyro: -4.394 5.172 -1.373
Accel: 0.074 0.033 1.0001
Gyro: -4.501 5.111 -1.022
Accel: 0.060 0.026 1.007
Gyro: -4.013 4.104 0.961
Accel: 0.045 0.031 1.011
Gyro: -3.189 3.097 0.854
Accel: 0.041 0.030 1.008
Gyro: -2.441 2.243 0.793
Accel: 0.049 0.032 1.023
Gyro: -2.288 2.471 0.793
Accel: 0.049 0.028 1.008
Gyro: -3.280 4.119 0.686
Accel: 0.041 0.017 0.993
Gyro: -4.745 5.966 0.625
Accel: 0.039 0.018 1.004
Gyro: -5.371 7.019 0.228
Accel: 0.040 0.015 1.011
Gyro: -4.928 6.286 0.167
Accel: 0.036 0.007 1.024
Gyro: -3.189 4.074 0.701
Accel: 0.028 0.009 1.015
Gyro: -1.434 1.708 1.144
Accel: 0.030 0.006 0.989
Gyro: 0.213 0.076 1.953
Accel: 0.045 0.007 0.998
Gyro: 0.595 -1.129 2.227
Accel: 0.049 0.020 1.017
Gyro: 0.549 0.854 2.120
Accel: 0.038 0.025 1.005
Gyro: 0.625 0.335 2.029
Accel: 0.042 0.021 0.999
Gyro: -2.044 2.487 1.602
Accel: 0.048 0.032 1.033
Gyro: -4.196 5.798 1.098
Accel: 0.047 0.024 1.005
Gyro: -6.271 7.980 0.991
Accel: 0.047 0.015 0.994
Gyro: -6.698 8.438 0.640
Accel: 0.030 0.008 1.011
Gyro: -6.134 7.720 0.473
Accel: 0.022 0.008 1.004
Gyro: -4.470 5.477 0.549
Accel: 0.020 0.003 1.006
Gyro: -2.334 2.761 0.595
Accel: 0.024 0.002 1.018
Gyro: 0.473 0.350 0.732
Accel: 0.026 0.0001 1.016
Gyro: 0.473 0.976 1.052
Accel: 0.028 0.0001 1.0000
Gyro: 0.137 0.488 0.930
Accel: 0.027 0.005 0.996
Gyro: 0.946 0.976 0.946
Accel: 0.028 0.0001 1.011
Gyro: -1.968 2.700 0.701
Accel: 0.028 0.0000 1.015
Gyro: -2.685 3.372 0.320
Accel: 0.025 0.0000 1.0010
Gyro: -2.532 3.158 0.122
Accel: 0.022 0.0000 1.0010
Gyro: -2.212 2.426 0.335
Accel: 0.040 0.020 1.004
Gyro: -1.937 1.922 0.137
Accel: 0.030 0.008 0.998
Gyro: -1.525 1.083 0.183
Accel: 0.031 0.011 1.0001
Gyro: -1.052 0.625 0.366
Accel: 0.029 0.003 1.011
Gyro: 0.976 0.396 0.320
Accel: 0.031 0.0000 1.008
Gyro: -1.068 0.381 0.198
Accel: 0.030 0.002 1.013
Gyro: 0.885 0.320 0.137
Accel: 0.019 0.003 1.015
Gyro: 0.946 0.579 0.183
Accel: 0.031 0.018 0.997
Gyro: -1.251 0.854 0.091
Accel: 0.022 0.023 1.004
Gyro: -1.525 1.678 0.167
Accel: 0.023 0.013 1.0010
Gyro: -1.754 1.983 0.427
Accel: 0.023 0.007 1.008
Gyro: -1.663 1.937 0.610
Accel: 0.021 0.0001 1.009
Gyro: -1.419 1.358 0.778
Accel: 0.021 0.002 1.016
Gyro: 0.991 0.961 0.747
Accel: 0.023 0.0000 1.0010
Gyro: 0.549 0.564 0.793
Accel: 0.022 0.002 0.999
Gyro: 0.564 0.717 0.732
Accel: 0.021 0.0000 1.002
Gyro: 0.793 0.701 0.915
Accel: 0.030 0.0001 1.0010
Gyro: 0.961 1.022 1.144
Accel: 0.028 0.005 1.009
Gyro: 0.946 0.762 1.052
Accel: 0.022 0.005 1.015
Gyro: 0.930 0.579 0.610
Accel: 0.017 0.0000 1.0010
Gyro: 0.686 0.595 0.427
Accel: 0.030 0.0001 1.003
Gyro: 0.991 0.915 0.198
Accel: 0.017 0.018 0.995
Gyro: -1.480 1.251 0.640
Accel: 0.031 0.006 1.007
Gyro: -2.090 1.892 0.442
Accel: 0.028 0.004 1.013
Gyro: -1.831 2.105 0.564
Accel: 0.028 0.007 1.019
Gyro: -1.907 1.800 0.350
Accel: 0.033 0.013 1.005
Gyro: -2.593 2.578 0.015
Accel: 0.023 0.013 1.007
Gyro: -7.797 4.302 0.137
Accel: 0.023 0.0010 1.009
Gyro: -4.913 5.706 0.534
Accel: 0.013 0.004 1.002
Gyro: -5.599 6.210 0.381
Accel: 0.007 0.002 1.011
Gyro: -5.096 5.828 0.274
Accel: 0.005 0.0001 1.013
Gyro: -4.119 4.623 -3.906
Accel: 0.011 0.0001 1.011
Gyro: -3.494 4.211 0.076
Accel: 0.014 0.009 1.013
Gyro: -3.387 4.318 0.152
Accel: 0.013 0.0010 1.012
Gyro: -3.433 4.272 0.137
Accel: 0.009 0.0010 0.999
Gyro: -3.036 3.311 0.183
Accel: 0.012 0.015 0.998
Gyro: -2.243 2.288 0.473
Accel: 0.014 0.0010 1.011
Gyro: -1.617 1.571 0.381
Accel: 0.012 0.009 1.017
Gyro: -1.510 1.251 0.137
Accel: 0.011 0.008 1.014
Gyro: -1.419 1.358 0.091
Accel: 0.0010 0.005 1.008
Gyro: -1.586 1.373 0.061
Accel: 0.006 0.005 1.006
Gyro: -1.403 1.266 0.122
Accel: 0.005 0.0010 1.013
Gyro: 0.961 0.671 0.122
Accel: 0.005 0.0010 1.007
Gyro: 0.579 0.076 0.015
Accel: 0.009 0.013 1.0000
Gyro: 0.030 0.762 0.213
Accel: 0.005 0.011 1.018
Gyro: 0.503 -1.113 0.259
Accel: 0.003 0.0010 1.018
Gyro: 0.915 -1.388 0.106
Accel: 0.005 0.009 0.997
Gyro: 0.686 0.961 0.137
Accel: 0.0010 0.007 1.006
Gyro: 0.015 0.366 0.015
Accel: 0.005 0.022 1.0000
Gyro: 0.656 0.320 0.549
Accel: 0.024 0.006 1.008
Gyro: -1.342 1.296 0.152
Accel: 0.006 0.013 1.012
Gyro: 0.717 0.396 0.259
Accel: 0.008 0.009 1.008
Gyro: 0.030 0.457 0.183
Accel: 0.008 0.013 1.002
Gyro: 0.030 0.869 0.091
Accel: 0.006 0.013 1.012
Gyro: 0.213 0.381 0.0000
Accel: 0.004 0.0010 1.011
Gyro: 0.396 3.875 0.137
Accel: 0.003 0.011 1.0010
Gyro: 0.228 0.091 0.167
Accel: 0.008 0.012 1.011
Gyro: 0.030 0.610 0.274
Accel: 0.012 0.005 1.007
Gyro: 0.213 0.335 0.076
Accel: 0.016 0.004 1.006
Gyro: 0.793 0.350 0.091
Accel: 0.016 0.004 1.009
Gyro: -1.403 1.205 0.167
Accel: 0.0010 0.002 1.0010
Gyro: -1.296 1.098 0.076
Accel: 0.0001 0.012 1.009
Gyro: 0.869 0.717 0.030
Accel: 0.004 0.013 1.013
Gyro: 0.732 0.473 0.106
Accel: 0.002 0.011 1.005
Gyro: 0.686 0.488 0.137
Accel: 0.011 0.006 1.008
Gyro: 0.915 1.007 0.228
Accel: 0.009 0.0010 1.012
Gyro: -1.068 1.159 0.259
Accel: 0.004 0.014 1.004
Gyro: -1.037 1.007 0.381
Accel: 0.005 0.0010 1.0010
Gyro: 0.793 0.885 0.259
Accel: 0.004 0.0010 1.014
Gyro: 0.808 1.007 0.030
Accel: 0.009 0.0010 1.009
Gyro: -1.174 1.525 0.030
Accel: 0.0010 0.012 1.008
Gyro: -1.770 2.029 0.167
Accel: 0.007 0.009 1.0010
Gyro: -2.014 2.227 0.244
Accel: 0.007 0.009 1.005
Gyro: -2.151 2.380 0.381
Accel: 0.008 0.007 1.005
Gyro: -2.212 2.471 0.503
Accel: 0.002 0.008 1.009
Gyro: -2.182 2.502 0.442
Accel: 0.002 0.014 1.007
Gyro: -1.937 1.998 0.350
Accel: 0.003 0.017 1.013
Gyro: -1.388 1.159 0.381
Accel: 0.0000 0.018 1.013
Gyro: 0.823 0.213 0.305
Accel: 0.002 0.020 1.002
Gyro: 0.106 0.411 0.152
Accel: 0.005 0.020 1.009
Gyro: 0.366 -1.022 0.0000
Accel: 0.002 0.016 1.013
Gyro: 0.778 -1.388 0.030
Accel: 0.003 0.017 1.007
Gyro: 0.930 -1.770 0.305
Accel: 0.061 0.019 1.013
Gyro: 0.991 -1.785 0.366
Accel: 0.003 0.019 1.013
Gyro: 0.930 -1.525 0.289
Accel: 0.003 0.015 1.005
Gyro: 0.717 -1.342 0.152
Accel: 0.0000 0.011 1.0010
Gyro: 0.656 -1.220 0.091
Accel: 0.003 0.007 1.006
Gyro: 0.839 -1.586 0.183
Accel: 0.003 0.0010 1.0001
Gyro: 0.915 -1.708 0.335
Accel: 0.002 0.009 1.015
Gyro: 0.839 -1.296 0.396
Accel: 0.004 0.009 1.019
Gyro: 0.366 0.595 0.457
Accel: 0.006 0.014 1.005
Gyro: 0.244 0.228 0.381
Accel: 0.013 0.014 1.0000
Gyro: 0.885 0.671 0.350
Accel: 0.007 0.013 1.009
Gyro: -1.266 1.159 0.289
Accel: 0.005 0.0010 1.011
Gyro: -1.602 1.846 0.137
Accel: 0.004 0.009 1.011
Gyro: -2.014 2.365 0.122
Accel: 0.0001 0.0010 1.006
Gyro: -2.319 2.609 0.335
Accel: 0.0000 0.016 1.006
Gyro: -2.334 2.593 0.427
Accel: 0.003 0.018 1.009
Gyro: -2.075 2.120 0.167
Accel: 0.0001 0.018 1.0010
Gyro: -1.419 1.434 0.228
Accel: 0.002 0.020 1.004
Gyro: 0.946 0.595 0.030
Accel: 0.005 0.021 1.013
Gyro: 0.305 0.198 0.0000
Accel: 0.006 0.020 1.008
Gyro: 0.274 0.762 0.0000
Accel: 0.0000 0.017 1.004
Gyro: 0.289 -1.068 0.122
Accel: 0.002 0.008 1.0010
Gyro: 0.274 0.991 0.396
Accel: 0.0000 0.012 1.008
Gyro: 0.274 0.915 0.442
Accel: 0.0000 0.014 1.006
Gyro: 0.0000 0.549 0.534
Accel: 0.0000 0.015 1.017
Gyro: 0.091 0.152 0.427
Accel: 0.003 0.016 1.012
Gyro: 0.320 0.305 0.320
Accel: 0.0001 0.018 1.002
Gyro: 0.686 0.442 0.350
Accel: 0.0001 0.018 1.007
Gyro: 0.381 0.122 0.366
Accel: 0.002 0.021 1.009
Gyro: 0.045 0.335 0.366
Accel: 0.002 0.022 1.008
Gyro: 0.457 0.930 0.244
Accel: 0.005 0.018 1.009
Gyro: 0.869 -1.510 0.183
Accel: 0.002 0.018 1.007
Gyro: 0.762 -1.388 0.320
Accel: 0.002 0.018 1.009
Gyro: 0.518 -1.190 0.228
Accel: 0.061 0.015 1.015
Gyro: 0.427 -1.129 0.305
Accel: 0.0001 0.016 1.006
Gyro: 0.564 0.930 0.320
Accel: 0.003 0.019 1.008
Gyro: 0.534 -1.022 0.213
Accel: 0.0000 0.018 1.011
Gyro: 0.549 -1.068 0.122
Accel: 0.004 0.017 1.006
Gyro: 0.411 0.808 0.106
Accel: 0.004 0.012 1.009
Gyro: 0.137 0.350 0.183
Accel: 0.0001 0.012 1.013
Gyro: 0.091 0.152 0.106
Accel: 0.0000 0.011 1.003
Gyro: 0.473 0.030 0.152
Accel: 0.002 0.013 1.006
Gyro: 0.442 0.305 0.167
Accel: 0.0001 0.016 1.013
Gyro: 0.427 0.289 0.167
Accel: 0.0001 0.018 1.008
Gyro: 0.259 -3.784 0.061
Accel: 0.003 0.021 1.008
Gyro: 0.015 0.137 0.091
Accel: 0.002 0.017 1.0010
Gyro: 0.167 0.457 0.076
Accel: 0.0001 0.018 1.008
Gyro: 0.152 0.457 0.122
Accel: 0.061 0.016 1.009
Gyro: 0.076 0.549 0.091
Accel: 0.0000 0.019 1.007
Gyro: 0.213 0.518 0.122
Accel: 0.0001 0.018 1.007
Gyro: 0.244 0.488 0.152
Accel: 0.0001 0.016 1.0010
Gyro: 0.015 0.396 0.122
Accel: 0.002 0.014 1.0010
Gyro: 0.061 0.442 0.183
Accel: 0.002 0.016 1.007
Gyro: 0.045 0.366 0.228
Accel: 0.004 0.016 1.013
Gyro: 0.167 0.457 0.289
Accel: 0.003 0.018 1.008
Gyro: 0.305 0.518 0.335
Accel: 0.0001 0.020 1.003
Gyro: 0.244 0.595 0.350
Accel: 0.007 0.021 1.012
Gyro: 0.366 0.762 0.228
Accel: 0.003 0.018 1.011
Gyro: 0.640 -1.144 0.122
Accel: 0.0001 0.015 1.004
Gyro: 0.869 -1.495 0.137
Accel: 0.0000 0.015 1.009
Gyro: 0.839 -1.541 0.228
Accel: 0.0000 0.018 1.0010
Gyro: 0.808 -1.312 0.381
Accel: 0.0000 0.016 1.008
Gyro: 0.457 0.946 0.289
Accel: 0.062 0.017 1.011
Gyro: 0.381 0.747 0.335
Accel: 0.002 0.012 1.005
Gyro: 0.228 0.625 0.274
Accel: 0.0001 0.014 1.007
Gyro: 0.183 0.411 0.259
Accel: 0.0001 0.014 1.015
Gyro: 0.320 0.518 0.198
Accel: 0.0000 0.018 1.006
Gyro: 0.320 0.762 0.167
Accel: 0.0001 0.018 1.004
Gyro: 0.228 0.671 0.213
