Accel: 0.079 0.142 0.989
Gyro: 0.686 6.546 18.188
Accel: 0.079 0.142 0.994
Gyro: 0.823 7.324 17.868
Accel: 0.076 0.138 0.997
Gyro: 0.518 8.255 17.654
Accel: 0.070 0.134 1.009
Gyro: 0.534 8.087 17.257
Accel: 0.069 0.128 1.016
Gyro: 0.717 6.729 16.418
Accel: 0.070 0.119 1.012
Gyro: 0.122 5.645 15.548
Accel: 0.069 0.120 1.014
Gyro: 1.754 5.874 14.892
Accel: 0.058 0.120 1.011
Gyro: 3.768 6.835 14.648
Accel: 0.050 0.121 1.009
Gyro: 4.760 7.324 14.205
Accel: 0.046 0.113 1.020
Gyro: 4.318 5.661 13.458
Accel: 0.050 0.105 1.031
Gyro: 3.356 2.426 12.268
Accel: 0.057 0.104 1.030
Gyro: 3.250 0.152 11.138
Accel: 0.060 0.103 1.028
Gyro: 4.562 0.808 10.559
Accel: 0.057 0.108 1.022
Gyro: 6.225 0.228 10.589
Accel: 0.056 0.113 1.019
Gyro: 7.293 1.159 10.787
Accel: 0.062 0.111 1.0010
Gyro: 7.873 2.365 10.803
Accel: 0.068 0.113 0.997
Gyro: 8.193 3.280 10.589
Accel: 0.074 0.121 0.984
Gyro: 8.422 4.760 10.452
Accel: 0.069 0.128 0.970
Gyro: 7.904 6.134 10.391
Accel: 0.062 0.132 0.965
Gyro: 6.835 6.591 10.131
Accel: 0.056 0.133 0.964
Gyro: 4.745 6.179 9.719
Accel: 0.056 0.138 0.969
Gyro: 2.731 5.767 9.124
Accel: 0.050 0.138 0.972
Gyro: 1.907 6.301 8.850
Accel: 0.047 0.146 0.970
Gyro: 2.365 7.263 8.621
Accel: 0.041 0.151 0.976
Gyro: 3.082 7.934 8.255
Accel: 0.035 0.149 0.991
Gyro: 2.563 7.064 7.766
Accel: 0.034 0.152 1.002
Gyro: 1.388 5.599 7.553
Accel: 0.030 0.156 1.0010
Gyro: 0.244 5.477 7.888
Accel: 0.019 0.158 1.017
Gyro: 0.122 6.332 9.201
Accel: 0.017 0.161 1.022
Gyro: 1.525 7.232 10.620
Accel: 0.014 0.163 1.023
Gyro: 2.639 7.400 11.535
Accel: 0.007 0.159 1.032
Gyro: 2.685 6.164 11.962
Accel: 0.004 0.151 1.046
Gyro: 2.029 3.631 12.069
Accel: 0.007 0.149 1.049
Gyro: 2.517 2.166 12.588
Accel: 0.013 0.148 1.047
Gyro: 4.272 1.800 13.122
Accel: 0.021 0.149 1.043
Gyro: 7.080 1.876 13.748
Accel: 0.029 0.148 1.037
Gyro: 9.002 1.846 14.068
Accel: 0.036 0.152 1.031
Gyro: 9.750 1.785 13.870
Accel: 0.042 0.148 1.025
Gyro: 9.460 2.166 13.793
Accel: 0.041 0.150 1.023
Gyro: 9.231 3.067 13.656
Accel: 0.038 0.152 1.022
Gyro: 9.674 4.074 13.565
Accel: 0.036 0.153 1.022
Gyro: 10.406 4.959 13.473
Accel: 0.028 0.148 1.031
Gyro: 11.138 5.661 13.534
Accel: 0.030 0.142 1.034
Gyro: 12.145 6.240 13.366
Accel: 0.035 0.136 1.035
Gyro: 13.687 6.668 13.031
Accel: 0.035 0.134 1.031
Gyro: 15.701 6.530 12.512
Accel: 0.030 0.133 1.028
Gyro: 17.669 6.668 12.084
Accel: 0.025 0.132 1.016
Gyro: 19.607 7.064 12.008
Accel: 0.025 0.135 1.004
Gyro: 21.408 7.614 11.871
Accel: 0.021 0.141 0.989
Gyro: 23.071 8.209 11.825
Accel: 0.016 0.143 0.979
Gyro: 24.108 8.590 11.520
Accel: 0.005 0.165 0.973
Gyro: 24.368 8.926 12.237
Accel: 0.0010 0.157 0.958
Gyro: 23.834 8.987 11.871
Accel: 0.018 0.148 0.946
Gyro: 22.644 8.636 11.215
Accel: 0.018 0.158 0.937
Gyro: 20.553 8.102 10.848
Accel: 0.020 0.166 0.930
Gyro: 18.203 7.568 10.925
Accel: 0.020 0.174 0.923
Gyro: 15.686 7.293 11.352
Accel: 0.017 0.177 0.923
Gyro: 13.092 7.217 11.901
Accel: 0.018 0.176 0.922
Gyro: 10.910 6.942 12.313
Accel: 0.022 0.179 0.917
Gyro: 8.926 6.973 12.481
Accel: 0.026 0.181 0.917
Gyro: 6.576 7.324 12.817
Accel: 0.027 0.184 0.915
Gyro: 4.074 7.537 13.153
Accel: 0.027 0.185 0.919
Gyro: 1.327 7.522 13.534
Accel: 0.029 0.184 0.925
Gyro: -1.388 7.537 13.656
Accel: 0.032 0.183 0.934
Gyro: -3.433 7.507 13.580
Accel: 0.030 0.180 0.942
Gyro: -4.806 7.446 13.305
Accel: 0.026 0.178 0.954
Gyro: -5.432 8.056 13.183
Accel: 0.023 0.172 0.967
Gyro: -5.844 8.651 12.741
Accel: 0.020 0.171 0.980
Gyro: -5.538 8.514 12.008
Accel: 0.016 0.173 0.990
Gyro: -4.333 8.163 11.169
Accel: 0.012 0.173 0.990
Gyro: -2.517 8.132 10.391
Accel: 0.012 0.177 0.998
Gyro: -1.098 7.843 9.750
Accel: 0.016 0.172 1.006
Gyro: 0.717 6.973 9.170
Accel: 0.025 0.174 1.008
Gyro: 0.198 5.615 8.255
Accel: 0.034 0.181 1.007
Gyro: 0.396 4.638 7.171
Accel: 0.030 0.182 1.003
Gyro: 1.220 4.394 6.500
Accel: 0.025 0.190 1.002
Gyro: 1.815 4.241 6.118
Accel: 0.025 0.193 1.003
Gyro: 2.105 3.829 5.752
Accel: 0.028 0.193 1.002
Gyro: 1.998 3.479 5.310
Accel: 0.033 0.198 0.997
Gyro: 2.273 3.601 5.050
Accel: 0.039 0.205 0.996
Gyro: 2.532 7.766 4.791
Accel: 0.037 0.204 1.002
Gyro: 2.258 0.030 4.486
Accel: 0.039 0.204 1.0010
Gyro: 1.190 3.433 4.119
Accel: 0.041 0.203 1.016
Gyro: 0.717 2.777 3.723
Accel: 0.039 0.201 1.020
Gyro: 0.686 1.800 3.280
Accel: 0.029 0.199 1.030
Gyro: 1.525 0.717 2.807
Accel: 0.013 0.202 1.048
Gyro: 3.372 -1.098 2.471
Accel: 0.0000 0.211 1.058
Gyro: 6.744 -2.517 2.716
Accel: 0.005 0.198 1.059
Gyro: 10.833 -3.555 1.815
Accel: 0.015 0.198 1.056
Gyro: 14.907 -3.585 0.457
Accel: 0.023 0.202 1.048
Gyro: 18.173 -3.448 0.961
Accel: 0.030 0.208 1.032
Gyro: 19.424 -3.326 -2.731
Accel: 0.036 0.213 1.019
Gyro: 19.027 -3.387 -4.531
Accel: 0.039 0.216 1.007
Gyro: 16.891 -3.952 -5.691
Accel: 0.038 0.226 1.004
Gyro: 15.029 -3.601 -6.942
Accel: 0.020 0.231 0.993
Gyro: 13.320 -3.128 -7.385
Accel: 0.016 0.245 0.989
Gyro: 13.198 -1.831 -6.942
Accel: 0.012 0.237 0.985
Gyro: 14.221 3.692 -6.591
Accel: 0.020 0.207 0.975
Gyro: 15.274 1.800 -7.171
Accel: 0.009 0.230 0.977
Gyro: 16.464 3.646 -7.232
Accel: 0.021 0.229 0.971
Gyro: 17.639 5.111 -7.537
Accel: 0.032 0.221 0.965
Gyro: 18.600 6.286 -8.422
Accel: 0.034 0.222 0.967
Gyro: 19.561 6.988 -9.384
Accel: 0.034 0.219 0.968
Gyro: 20.736 7.949 -10.528
Accel: 0.040 0.215 0.974
Gyro: 21.163 9.124 -11.505
Accel: 0.077 0.203 0.960
Gyro: 27.297 15.792 -11.627
Accel: 0.047 0.204 0.994
Gyro: 26.016 18.203 -12.603
Accel: 0.038 0.217 0.979
Gyro: 28.762 19.699 -12.924
Accel: 0.020 0.215 0.972
Gyro: 32.012 23.910 -13.0000
Accel: 0.033 0.214 0.978
Gyro: 35.278 27.389 -12.695
Accel: 0.047 0.222 0.984
Gyro: 38.009 28.747 -12.435
Accel: 0.053 0.228 0.986
Gyro: 39.901 28.533 -12.191
Accel: 0.056 0.235 0.987
Gyro: 40.176 27.511 -11.947
Accel: 0.061 0.239 0.978
Gyro: 39.611 26.962 -11.566
Accel: 0.0000 0.245 0.961
Gyro: 38.848 26.824 -10.818
Accel: 0.074 0.246 0.953
Gyro: 38.131 26.855 -9.902
Accel: 0.072 0.253 0.943
Gyro: 36.529 26.016 -8.773
Accel: 0.116 0.285 0.945
Gyro: 34.210 23.773 -7.385
Accel: 0.145 0.309 0.921
Gyro: 33.035 23.895 -4.547
Accel: 0.172 0.330 0.907
Gyro: 31.158 23.727 3.845
Accel: 0.172 0.325 0.884
Gyro: 29.281 24.383 7.629
Accel: 0.139 0.373 0.891
Gyro: 25.161 24.169 7.888
Accel: 0.146 0.324 0.924
Gyro: 21.224 22.613 11.276
Accel: 0.161 0.332 0.867
Gyro: 16.021 19.622 15.686
Accel: 0.153 0.326 0.861
Gyro: 7.705 14.678 19.500
Accel: 0.144 0.330 0.866
Gyro: 1.724 7.644 27.008
Accel: 0.126 0.326 0.878
Gyro: -3.433 0.717 30.975
Accel: 0.114 0.324 0.899
Gyro: -7.781 -9.231 30.105
Accel: 0.118 0.326 0.952
Gyro: -15.625 -20.629 32.287
Accel: 0.146 0.321 1.034
Gyro: -16.876 -32.546 35.766
Accel: 0.114 0.340 1.015
Gyro: -15.136 -34.713 42.877
Accel: 0.253 0.636 0.734
Gyro: 55.053 -22.399 8.544
Accel: 0.254 0.640 0.718
Gyro: 57.388 -23.635 11.108
Accel: 0.259 0.645 0.702
Gyro: 59.707 -25.436 14.083
Accel: 0.263 0.656 0.684
Gyro: 61.843 -27.923 17.089
Accel: 0.283 0.668 0.663
Gyro: 64.651 -32.028 19.622
Accel: 0.332 0.691 0.637
Gyro: 69.152 -39.0001 21.072
Accel: 0.352 0.744 0.616
Gyro: 73.532 -43.838 19.256
Accel: 0.367 0.783 0.579
Gyro: 74.981 -48.431 15.365
Accel: 0.395 0.792 0.544
Gyro: 73.379 -52.780 10.406
Accel: 0.419 0.795 0.523
Gyro: 69.061 -56.518 5.386
Accel: 0.435 0.796 0.506
Gyro: 64.880 -60.134 0.411
Accel: 0.463 0.822 0.521
Gyro: 64.270 -65.704 -5.615
Accel: 0.486 0.839 0.533
Gyro: 65.658 -68.893 -11.0001
Accel: 0.527 0.855 0.539
Gyro: 68.008 -70.892 -16.555
Accel: 0.549 0.881 0.541
Gyro: 69.274 -70.846 -22.079
Accel: 0.560 0.905 0.541
Gyro: 69.473 -68.557 -27.816
Accel: 0.567 0.917 0.543
Gyro: 67.916 -64.071 -33.035
Accel: 0.588 0.924 0.552
Gyro: 64.346 -55.114 -37.139
Accel: 0.592 0.940 0.562
Gyro: 60.272 -54.336 -40.740
Accel: 0.585 0.956 0.578
Gyro: 57.647 -50.827 -43.991
Accel: 0.588 0.962 0.607
Gyro: 57.922 -51.559 -47.256
Accel: 0.586 0.981 0.641
Gyro: 62.728 -54.901 -54.397
Accel: 0.580 1.007 0.663
Gyro: 72.204 -58.670 -54.794
Accel: 0.585 1.029 0.675
Gyro: 83.663 -66.299 -60.028
Accel: 0.583 1.049 0.671
Gyro: 94.970 -65.704 -70.037
Accel: 0.562 1.072 0.652
Gyro: 107.971 -66.497 -71.517
Accel: 0.539 1.084 0.619
Gyro: 124.542 -66.207 -74.508
Accel: 0.514 1.118 0.573
Gyro: 135.879 -64.437 -73.776
Accel: 0.487 1.182 0.526
Gyro: 141.754 -62.225 -70.190
Accel: 0.455 1.258 0.459
Gyro: 149.902 -59.326 -66.238
Accel: 0.444 1.324 0.400
Gyro: 155.868 -58.914 -64.407
Accel: 0.437 1.399 0.331
Gyro: 160.781 -59.539 -64.666
Accel: 0.447 1.461 0.259
Gyro: 163.818 -62.866 -67.459
Accel: 0.429 1.524 0.224
Gyro: 164.566 -74.096 -72.052
Accel: 0.432 1.574 0.175
Gyro: 164.443 -75.973 -77.789
Accel: 0.446 1.594 0.148
Gyro: 162.948 -80.612 -83.724
Accel: 0.524 1.589 0.083
Gyro: 161.529 -81.451 -89.248
Accel: 0.395 1.597 0.071
Gyro: 160.125 -77.194 -93.597
Accel: 0.443 1.571 0.048
Gyro: 158.615 -72.097 -95.779
Accel: 0.409 1.558 0.026
Gyro: 157.669 -67.382 -96.267
Accel: 0.349 1.550 0.020
Gyro: 159.194 -64.437 -95.260
Accel: 0.325 1.560 0.050
Gyro: 163.131 -65.994 -92.910
Accel: 0.278 1.556 0.095
Gyro: 168.670 -71.670 -91.415
Accel: 0.235 1.542 0.139
Gyro: 179.672 -85.174 -90.362
Accel: 0.215 1.531 0.172
Gyro: 180.679 -94.512 -89.080
Accel: 0.192 1.510 0.180
Gyro: 184.143 -106.369 -88.165
Accel: 0.205 1.473 0.173
Gyro: 187.850 -115.249 -86.730
Accel: 0.126 1.478 0.163
Gyro: 191.802 -119.903 -87.249
Accel: 0.167 1.462 0.166
Gyro: 194.519 -121.093 -93.551
Accel: 0.138 1.421 0.182
Gyro: 194.290 -119.766 -92.254
Accel: 0.084 1.378 0.211
Gyro: 191.040 -116.943 -92.453
Accel: 0.024 1.324 0.254
Gyro: 184.982 -115.203 -85.983
Accel: 0.012 1.267 0.298
Gyro: 178.421 -114.822 -85.922
Accel: 0.038 1.261 0.340
Gyro: 173.217 -115.234 -85.464
Accel: 0.054 1.219 0.375
Gyro: 167.541 -117.294 -90.744
Accel: 0.065 1.145 0.397
Gyro: 161.300 -121.154 -99.014
Accel: 0.184 1.070 0.418
Gyro: 156.921 -125.793 -107.162
Accel: 0.225 0.993 0.437
Gyro: 156.219 -130.249 -117.065
Accel: 0.328 0.892 0.460
Gyro: 160.812 -132.537 -117.538
Accel: 0.431 0.844 0.503
Gyro: 172.821 -133.499 -115.707
Accel: 0.585 0.833 0.560
Gyro: 190.979 -138.870 -108.810
Accel: 0.628 0.795 0.659
Gyro: 206.161 -154.891 -100.341
Accel: 0.657 0.716 0.806
Gyro: 215.148 -169.418 -90.408
Accel: 0.663 0.644 0.835
Gyro: 230.224 -190.139 -78.826
Accel: 0.688 0.598 0.897
Gyro: 233.489 -213.836 -67.260
Accel: 0.807 0.600 0.953
Gyro: 238.998 -236.297 -56.030
Accel: 0.817 0.647 -1.0010
Gyro: 238.571 -253.845 -43.289
Accel: 0.830 0.653 -1.045
Gyro: 226.531 -263.320 -38.055
Accel: 0.771 0.574 -1.068
Gyro: 205.444 -258.117 -23.483
Accel: 0.727 0.461 -1.113
Gyro: 178.482 -248.687 -13.763
Accel: 0.734 0.340 -1.158
Gyro: 146.163 -233.566 5.355
Accel: 0.738 0.176 -1.136
Gyro: 115.707 -217.0010 26.138
Accel: 0.568 0.0010 -1.176
Gyro: 95.138 -200.057 48.889
Accel: 0.561 0.089 -1.141
Gyro: 73.348 -205.978 74.645
Accel: 0.376 0.250 -1.097
Gyro: 54.702 -218.109 102.798
Accel: 0.287 0.347 -1.034
Gyro: 42.205 -235.412 137.756
Accel: 0.023 0.511 0.951
Gyro: 27.267 -252.960 178.298
Accel: 0.281 0.644 0.832
Gyro: 8.071 -262.771 224.746
Accel: 0.545 0.634 0.679
Gyro: -20.523 -263.748 283.615
Accel: 0.891 0.631 0.535
Gyro: -65.063 -256.500 332.351
Accel: 1.324 0.539 0.316
Gyro: -117.843 -231.674 376.983
Accel: 1.625 0.267 0.196
Gyro: -169.769 -202.209 396.011
Accel: 1.867 0.022 0.090
Gyro: -209.655 -166.687 383.087
Accel: 1.694 0.341 0.146
Gyro: -229.904 -115.280 340.148
Accel: 1.388 0.723 0.236
Gyro: -230.819 -49.591 276.657
Accel: 1.275 0.891 0.241
Gyro: -228.775 3.677 208.801
Accel: 1.313 0.896 0.212
Gyro: -248.687 28.411 151.596
Accel: 1.094 1.023 0.278
Gyro: -278.854 31.051 97.610
Accel: 0.817 1.120 0.396
Gyro: -298.034 32.302 43.273
Accel: 0.507 1.201 0.667
Gyro: -302.764 42.785 0.915
Accel: 0.336 1.092 0.813
Gyro: -277.252 57.876 -46.371
Accel: 0.225 0.762 0.916
Gyro: -228.729 83.206 -86.181
Accel: 0.052 0.578 0.869
Gyro: -168.838 99.563 -112.854
Accel: 0.250 0.434 0.712
Gyro: -102.584 96.496 -125.289
Accel: 0.403 0.327 0.535
Gyro: -42.755 72.174 -127.471
Accel: 0.564 0.278 0.383
Gyro: 8.544 36.132 -117.904
Accel: 0.705 0.292 0.288
Gyro: 49.591 -3.082 -110.687
Accel: 0.789 0.374 0.212
Gyro: 81.359 -32.043 -98.770
Accel: 0.797 0.311 0.181
Gyro: 98.556 -57.907 -87.142
Accel: 0.694 0.312 0.160
Gyro: 108.734 -62.103 -74.371
Accel: 0.700 0.339 0.140
Gyro: 107.940 -57.952 -59.738
Accel: 0.681 0.393 0.107
Gyro: 96.969 -44.143 -44.601
Accel: 0.712 0.455 0.064
Gyro: 80.703 -23.529 -28.488
Accel: 0.753 0.511 0.017
Gyro: 62.179 -1.724 -16.555
Accel: 0.768 0.556 0.025
Gyro: 41.610 19.454 -4.714
Accel: 0.777 0.595 0.082
Gyro: 22.506 29.113 7.110
Accel: 0.787 0.640 0.185
Gyro: 1.922 34.317 14.419
Accel: 0.746 0.649 0.131
Gyro: -15.716 32.257 24.139
Accel: 0.659 0.649 0.113
Gyro: -28.930 26.779 31.600
Accel: 0.608 0.673 0.081
Gyro: -36.544 20.950 35.675
Accel: 0.601 0.731 0.056
Gyro: -37.567 16.906 35.797
Accel: 0.607 0.776 0.025
Gyro: -31.860 15.060 33.248
Accel: 0.573 0.788 0.0010
Gyro: -21.545 14.739 28.305
Accel: 0.542 0.788 0.014
Gyro: -9.674 13.534 23.422
Accel: 0.545 0.813 0.038
Gyro: 3.250 9.124 20.721
Accel: 0.555 0.847 0.058
Gyro: 6.668 1.235 20.706
Accel: 0.441 0.833 0.058
Gyro: 11.871 -7.324 21.148
Accel: 0.446 0.822 0.049
Gyro: 15.853 -12.924 20.095
Accel: 0.418 0.837 0.033
Gyro: 19.241 -13.900 17.150
Accel: 0.439 0.857 0.039
Gyro: 22.384 -11.154 12.802
Accel: 0.447 0.867 0.043
Gyro: 24.291 -5.233 6.790
Accel: 0.476 0.872 0.124
Gyro: 26.336 7.339 1.510
Accel: 0.490 0.858 0.085
Gyro: 28.549 11.978 -2.304
Accel: 0.494 0.822 0.120
Gyro: 30.944 18.600 -5.203
Accel: 0.561 0.796 0.155
Gyro: 32.119 21.484 -6.561
Accel: 0.507 0.770 0.190
Gyro: 31.127 21.041 -6.118
Accel: 0.514 0.754 0.213
Gyro: 27.816 17.456 -4.394
Accel: 0.526 0.754 0.214
Gyro: 21.194 11.810 -2.197
Accel: 0.540 0.758 0.197
Gyro: 12.344 7.339 0.305
Accel: 0.543 0.736 0.164
Gyro: 6.088 6.118 1.220
Accel: 0.535 0.705 0.123
Gyro: 3.021 8.514 0.228
Accel: 0.527 0.659 0.093
Gyro: 4.302 14.282 -2.151
Accel: 0.529 0.628 0.083
Gyro: 9.262 23.239 -4.165
Accel: 0.528 0.608 0.097
Gyro: 13.946 32.913 -4.531
Accel: 0.514 0.591 0.115
Gyro: 14.175 40.618 -3.143
Accel: 0.483 0.570 0.129
Gyro: 8.300 46.295 3.799
Accel: 0.438 0.551 0.180
Gyro: -3.372 49.926 4.135
Accel: 0.404 0.542 0.116
Gyro: -22.567 52.764 7.949
Accel: 0.360 0.523 0.078
Gyro: -39.184 55.465 10.437
Accel: 0.302 0.476 0.030
Gyro: -60.211 60.562 10.833
Accel: 0.235 0.412 0.020
Gyro: -77.758 69.580 10.025
Accel: 0.170 0.344 0.069
Gyro: -90.393 81.787 9.048
Accel: 0.102 0.268 0.103
Gyro: -98.052 96.130 8.239
Accel: 0.027 0.187 0.117
Gyro: -101.837 111.785 3.906
Accel: 0.059 0.111 0.127
Gyro: -104.507 125.900 7.766
Accel: 0.138 0.050 0.121
Gyro: -106.872 147.064 8.102
Accel: 0.171 0.023 0.107
Gyro: -110.824 164.215 8.300
Accel: 0.161 0.117 0.146
Gyro: -118.865 187.347 8.453
Accel: 0.137 0.051 0.081
Gyro: -130.386 210.052 9.826
Accel: 0.105 0.076 0.067
Gyro: -144.775 228.500 12.710
Accel: 0.033 0.108 0.064
Gyro: -158.386 243.759 18.218
Accel: 0.0010 0.130 0.061
Gyro: -169.052 256.881 25.421
Accel: 0.056 0.131 0.053
Gyro: -173.934 266.342 38.253
Accel: 0.069 0.112 0.054
Gyro: -173.233 272.445 46.295
Accel: 0.065 0.088 0.047
Gyro: -169.357 276.367 49.041
Accel: 0.081 0.086 0.031
Gyro: -163.314 278.869 54.702
Accel: 0.131 0.112 0.013
Gyro: -158.096 278.549 60.287
Accel: 0.180 0.150 0.002
Gyro: -154.907 272.811 66.314
Accel: 0.202 0.182 0.006
Gyro: -153.518 262.756 71.701
Accel: 0.226 0.198 0.0010
Gyro: -152.297 251.541 74.386
Accel: 0.228 0.212 0.014
Gyro: -148.818 243.133 75.149
Accel: 0.208 0.217 0.026
Gyro: -142.379 236.663 75.531
Accel: 0.209 0.232 0.044
Gyro: -136.917 226.791 75.424
Accel: 0.266 0.305 0.068
Gyro: -136.764 219.192 75.592
Accel: 0.415 0.418 0.076
Gyro: -142.898 210.250 76.385
Accel: 0.531 0.495 0.059
Gyro: -150.665 193.069 77.545
Accel: 0.447 0.381 0.014
Gyro: -152.755 178.192 78.582
Accel: 0.387 0.352 0.053
Gyro: -147.933 169.250 79.483
Accel: 0.306 0.314 0.104
Gyro: -139.724 165.817 81.161
Accel: 0.284 0.372 0.119
Gyro: -132.369 167.572 86.486
Accel: 0.337 0.526 0.079
Gyro: -133.483 171.600 100.662
Accel: 0.484 0.757 0.021
Gyro: -150.604 169.754 106.781
Accel: 0.615 0.928 0.024
Gyro: -183.868 158.920 105.529
Accel: 0.621 1.019 0.091
Gyro: -225.357 145.721 101.577
Accel: 0.554 0.982 0.017
Gyro: -265.930 141.326 83.419
Accel: 0.501 0.988 0.106
Gyro: -301.788 140.151 66.680
Accel: 0.590 1.075 0.201
Gyro: -333.694 122.833 64.117
Accel: 0.501 1.054 0.354
Gyro: -366.424 90.148 73.944
Accel: 0.487 1.040 0.711
Gyro: -383.560 52.169 84.381
Accel: 0.380 1.047 0.821
Gyro: -386.062 27.496 87.966
Accel: 0.284 1.083 0.917
Gyro: -373.489 19.470 71.701
Accel: 0.126 1.050 0.955
Gyro: -360.809 8.636 44.006
Accel: 0.039 1.013 1.029
Gyro: -355.148 -4.455 20.523
Accel: 0.040 0.959 1.141
Gyro: -354.385 -31.219 7.675
Accel: 0.057 0.811 1.295
Gyro: -348.892 -54.290 7.431
Accel: 0.082 0.710 1.516
Gyro: -334.884 -74.966 14.511
Accel: 0.112 0.683 1.721
Gyro: -311.935 -89.187 21.896
Accel: 0.165 0.677 1.861
Gyro: -286.407 -93.185 25.741
Accel: 0.250 0.643 1.933
Gyro: -270.645 -93.078 29.647
Accel: 0.290 0.611 2.006
Gyro: -267.913 -94.726 36.560
Accel: 0.305 0.541 2.182
Gyro: -264.266 -89.675 53.787
Accel: 0.385 0.423 2.269
Gyro: -247.940 -82.885 65.032
Accel: 0.381 0.353 2.359
Gyro: -221.649 -74.249 79.620
Accel: 0.434 0.307 2.372
Gyro: -182.373 -65.185 95.0001
Accel: 0.370 0.347 2.315
Gyro: -144.851 -55.831 107.345
Accel: 0.352 0.401 2.264
Gyro: -114.151 -56.747 107.879
Accel: 0.327 0.446 2.197
Gyro: -88.058 -59.463 103.179
Accel: 0.325 0.444 2.107
Gyro: -62.759 -59.173 98.388
Accel: 0.700 0.672 2.264
Gyro: -45.074 -35.629 85.708
Accel: 0.507 0.694 1.906
Gyro: -36.422 -12.252 67.626
Accel: 0.471 0.660 1.914
Gyro: -27.679 1.022 55.786
Accel: 0.394 0.611 1.792
Gyro: -25.787 8.697 43.075
Accel: 0.285 0.558 1.594
Gyro: -22.628 11.199 32.882
Accel: 0.213 0.521 1.436
Gyro: -23.574 11.917 23.834
Accel: 0.176 0.501 1.334
Gyro: -31.066 10.589 15.319
Accel: 0.165 0.468 1.295
Gyro: -42.388 12.527 9.933
Accel: 0.133 0.419 1.237
Gyro: -52.505 15.243 6.790
Accel: 0.104 0.349 1.204
Gyro: -59.509 18.569 5.783
Accel: 0.074 0.287 1.161
Gyro: -63.705 21.163 6.301
Accel: 0.063 0.234 1.131
Gyro: -63.140 18.127 5.294
Accel: 0.054 0.177 1.120
Gyro: -57.586 13.473 2.761
Accel: 0.031 0.142 1.105
Gyro: -47.744 7.980 -2.105
Accel: 0.021 0.0100 1.0100
Gyro: -36.636 0.534 -6.820
