Accel: 0.111 0.169 0.961
Gyro: -87.829 13.946 33.615
Accel: 0.116 0.206 1.008
Gyro: -85.784 17.425 27.450
Accel: 0.118 0.242 1.035
Gyro: -79.437 20.339 29.327
Accel: 0.112 0.267 1.054
Gyro: -71.853 23.788 28.457
Accel: 0.103 0.285 1.065
Gyro: -62.469 26.351 28.991
Accel: 0.101 0.306 1.0001
Gyro: -53.024 28.060 30.685
Accel: 0.0100 0.326 1.050
Gyro: -43.975 28.778 32.592
Accel: 0.094 0.337 1.031
Gyro: -35.888 28.457 34.851
Accel: 0.094 0.340 1.014
Gyro: -28.884 26.596 37.353
Accel: 0.109 0.343 1.0000
Gyro: -22.994 23.666 39.138
Accel: 0.116 0.344 0.991
Gyro: -17.333 19.744 39.794
Accel: 0.120 0.334 0.989
Gyro: -11.703 12.008 39.932
Accel: 0.128 0.323 0.991
Gyro: -6.011 8.071 39.306
Accel: 0.131 0.250 0.992
Gyro: 1.419 4.028 37.689
Accel: 0.064 0.300 0.988
Gyro: 9.765 5.004 35.171
Accel: 0.115 0.285 0.984
Gyro: 18.661 2.532 31.341
Accel: 0.104 0.271 0.971
Gyro: 26.885 0.289 26.229
Accel: 0.101 0.264 0.958
Gyro: 33.218 -2.044 16.326
Accel: 0.104 0.255 0.946
Gyro: 36.483 -5.187 12.878
Accel: 0.112 0.249 0.940
Gyro: 36.987 -8.743 5.752
Accel: 0.115 0.249 0.935
Gyro: 36.529 -12.420 0.656
Accel: 0.110 0.244 0.935
Gyro: 35.446 -14.801 -5.798
Accel: 0.107 0.238 0.936
Gyro: 33.493 -16.021 -10.086
Accel: 0.105 0.240 0.939
Gyro: 30.502 -16.021 -13.229
Accel: 0.099 0.240 0.946
Gyro: 27.053 -15.258 -15.045
Accel: 0.094 0.240 0.951
Gyro: 23.803 -13.488 -14.877
Accel: 0.095 0.245 0.952
Gyro: 20.431 -10.711 -14.053
Accel: 0.098 0.260 0.955
Gyro: 16.128 -7.659 -12.847
Accel: 0.088 0.259 0.966
Gyro: 8.224 -4.791 -10.482
Accel: 0.082 0.260 0.970
Gyro: 8.621 -2.182 -7.049
Accel: 0.079 0.262 0.967
Gyro: 6.347 1.235 -3.372
Accel: 0.078 0.264 0.960
Gyro: 4.104 4.150 0.152
Accel: 0.079 0.272 0.956
Gyro: 0.595 5.813 2.792
Accel: 0.074 0.268 0.967
Gyro: -4.074 6.164 4.974
Accel: 0.068 0.266 0.977
Gyro: -7.614 6.317 11.489
Accel: 0.063 0.267 0.982
Gyro: -8.743 7.598 10.177
Accel: 0.053 0.263 0.980
Gyro: -8.178 9.323 12.374
Accel: 0.041 0.256 0.971
Gyro: -6.515 10.345 14.373
Accel: 0.041 0.260 0.971
Gyro: -4.623 9.750 15.029
Accel: 0.058 0.268 0.972
Gyro: -3.387 6.835 14.358
Accel: 0.063 0.269 0.976
Gyro: -2.090 2.334 13.168
Accel: 0.057 0.265 0.982
Gyro: 0.793 -1.861 12.145
Accel: 0.049 0.260 0.982
Gyro: 5.310 -5.203 11.016
Accel: 0.044 0.261 0.981
Gyro: 10.742 -8.071 9.689
Accel: 0.047 0.268 0.980
Gyro: 15.014 -15.365 8.377
Accel: 0.052 0.265 0.990
Gyro: 18.707 -15.396 7.568
Accel: 0.061 0.263 1.0001
Gyro: 22.369 -19.027 7.293
Accel: 0.071 0.261 1.008
Gyro: 26.489 -21.072 6.835
Accel: 0.071 0.249 1.009
Gyro: 30.487 -22.048 6.057
Accel: 0.077 0.234 1.013
Gyro: 34.255 -23.132 4.989
Accel: 0.096 0.219 1.017
Gyro: 37.948 -24.047 2.655
Accel: 0.107 0.199 1.012
Gyro: 41.885 -23.818 0.885
Accel: 0.107 0.181 1.004
Gyro: 45.394 -22.933 -5.172
Accel: 0.112 0.174 0.995
Gyro: 48.858 -22.811 -9.414
Accel: 0.187 0.166 0.984
Gyro: 51.239 -23.315 -12.481
Accel: 0.140 0.159 0.975
Gyro: 53.054 -23.437 -13.946
Accel: 0.156 0.155 0.962
Gyro: 53.833 -23.696 -14.556
Accel: 0.166 0.152 0.955
Gyro: 52.886 -24.749 -15.304
Accel: 0.168 0.150 0.950
Gyro: 49.453 -25.863 -15.792
Accel: 0.160 0.141 0.950
Gyro: 44.601 -26.535 -15.090
Accel: 0.157 0.137 0.952
Gyro: 40.481 -25.802 -13.259
Accel: 0.167 0.139 0.954
Gyro: 35.720 -23.925 -11.337
Accel: 0.180 0.137 0.961
Gyro: 30.593 -21.316 -9.948
Accel: 0.179 0.129 0.968
Gyro: 25.131 -17.639 -9.216
Accel: 0.171 0.122 0.976
Gyro: 19.943 -13.092 -9.033
Accel: 0.163 0.116 0.972
Gyro: 15.792 -7.522 -9.048
Accel: 0.156 0.115 0.963
Gyro: 11.383 -2.166 -9.338
Accel: 0.166 0.121 0.959
Gyro: 5.691 1.266 -9.750
Accel: 0.171 0.124 0.959
Gyro: 0.488 3.723 -10.192
Accel: 0.166 0.062 0.961
Gyro: -11.337 5.371 -10.299
Accel: 0.152 0.127 0.966
Gyro: -12.802 6.973 -9.796
Accel: 0.137 0.132 0.970
Gyro: -16.433 8.972 -8.758
Accel: 0.130 0.143 0.974
Gyro: -19.027 10.055 -7.095
Accel: 0.116 0.152 0.978
Gyro: -20.385 10.543 -4.409
Accel: 0.114 0.157 0.985
Gyro: -20.675 10.025 -1.419
Accel: 0.120 0.166 0.993
Gyro: -20.004 9.002 1.617
Accel: 0.125 0.172 0.999
Gyro: -18.539 7.995 3.967
Accel: 0.124 0.172 1.003
Gyro: -16.189 7.171 5.737
Accel: 0.117 0.166 1.005
Gyro: -12.954 6.072 7.156
Accel: 0.126 0.168 1.008
Gyro: -9.338 4.577 7.858
Accel: 0.133 0.165 1.008
Gyro: -6.301 2.685 7.812
Accel: 0.127 0.158 1.007
Gyro: -3.677 0.808 7.019
Accel: 0.119 0.154 1.007
Gyro: -1.022 0.976 6.332
Accel: 0.117 0.150 1.005
Gyro: 1.510 -2.151 5.294
Accel: 0.127 0.154 1.009
Gyro: 3.967 -3.173 4.165
Accel: 0.145 0.160 1.013
Gyro: 5.447 -4.486 2.868
Accel: 0.150 0.158 1.013
Gyro: 6.439 -5.004 2.090
Accel: 0.142 0.155 1.0010
Gyro: 7.263 -4.898 1.632
Accel: 0.134 0.157 1.0010
Gyro: 7.919 -3.845 1.785
Accel: 0.130 0.154 1.0010
Gyro: 8.636 -2.502 2.548
Accel: 0.144 0.161 1.006
Gyro: 8.651 0.961 3.311
Accel: 0.151 0.160 0.998
Gyro: 7.415 0.427 3.982
Accel: 0.144 0.156 0.992
Gyro: 5.386 1.388 4.791
Accel: 0.137 0.150 0.986
Gyro: 3.448 2.639 5.523
Accel: 0.140 0.149 0.986
Gyro: 1.495 3.463 6.210
Accel: 0.153 0.154 0.985
Gyro: 0.442 4.165 6.362
Accel: 0.154 0.152 0.985
Gyro: -2.273 4.653 6.240
Accel: 0.143 0.149 0.984
Gyro: -2.975 5.203 6.347
Accel: 0.134 0.147 0.985
Gyro: -2.746 5.874 6.698
Accel: 0.138 0.147 0.981
Gyro: -2.288 6.362 6.958
Accel: 0.144 0.150 0.977
Gyro: -2.136 6.546 6.835
Accel: 0.136 0.146 0.969
Gyro: -2.044 6.515 6.668
Accel: 0.131 0.148 0.966
Gyro: -1.937 6.149 6.561
Accel: 0.132 0.149 0.963
Gyro: -1.907 5.340 6.637
Accel: 0.141 0.149 0.963
Gyro: -2.563 3.890 6.515
Accel: 0.143 0.148 0.964
Gyro: -3.417 2.349 6.271
Accel: 0.138 0.147 0.965
Gyro: -4.089 1.129 5.706
Accel: 0.131 0.147 0.969
Gyro: -4.302 0.228 5.310
Accel: 0.126 0.145 0.972
Gyro: -4.196 0.564 5.249
Accel: 0.128 0.147 0.978
Gyro: -3.906 -1.098 5.523
Accel: 0.128 0.147 0.979
Gyro: -3.448 -1.632 5.828
Accel: 0.128 0.148 0.983
Gyro: -2.777 -1.785 5.874
Accel: 0.131 0.149 0.986
Gyro: -2.487 -2.166 6.042
Accel: 0.137 0.151 0.988
Gyro: -2.380 -2.471 6.393
Accel: 0.141 0.150 0.991
Gyro: -2.593 -2.853 6.317
Accel: 0.137 0.149 0.997
Gyro: -2.807 -3.555 6.454
Accel: 0.135 0.150 1.002
Gyro: -2.563 -3.799 6.881
Accel: 0.141 0.148 1.007
Gyro: -1.815 -3.768 7.186
Accel: 0.149 0.147 1.011
Gyro: -1.037 -3.448 7.019
Accel: 0.146 0.143 1.012
Gyro: 0.198 -2.639 6.469
Accel: 0.142 0.137 1.011
Gyro: 0.686 -1.449 5.935
Accel: 0.146 0.140 1.008
Gyro: 1.449 0.534 5.371
Accel: 0.156 0.145 1.004
Gyro: 1.235 0.427 4.714
Accel: 0.151 0.140 1.003
Gyro: 0.885 0.915 4.272
Accel: 0.148 0.139 1.002
Gyro: 0.946 -1.159 4.211
Accel: 0.141 0.136 0.996
Gyro: 1.861 0.671 4.013
Accel: 0.145 0.138 0.998
Gyro: 2.655 0.579 3.692
Accel: 0.150 0.140 0.997
Gyro: 2.624 -1.190 3.082
Accel: 0.147 0.135 0.995
Gyro: 2.685 -1.525 2.716
Accel: 0.141 0.132 0.993
Gyro: 3.082 -1.220 2.609
Accel: 0.121 0.056 0.989
Gyro: 23.391 2.441 22.262
Accel: 0.118 0.055 0.985
Gyro: 20.309 1.007 21.972
Accel: 0.110 0.052 0.978
Gyro: 21.514 0.0000 22.216
Accel: 0.108 0.051 0.971
Gyro: 22.521 0.640 22.949
Accel: 0.109 0.054 0.962
Gyro: 23.071 -1.480 24.093
Accel: 0.105 0.051 0.955
Gyro: 22.888 -2.578 25.817
Accel: 0.095 0.046 0.952
Gyro: 22.171 -4.043 28.091
Accel: 0.093 0.039 0.951
Gyro: 21.286 -6.027 30.151
Accel: 0.093 0.038 0.956
Gyro: 20.446 -8.178 31.600
Accel: 0.094 0.037 0.967
Gyro: 19.668 -10.192 32.333
Accel: 0.095 0.041 0.974
Gyro: 19.775 -11.917 33.340
Accel: 0.104 0.033 0.998
Gyro: 20.370 -11.642 34.622
Accel: 0.121 0.023 1.015
Gyro: 20.736 -9.735 36.361
Accel: 0.138 0.011 1.036
Gyro: 20.004 -7.019 36.895
Accel: 0.139 0.002 1.036
Gyro: 18.341 0.137 36.376
Accel: 0.120 0.0001 1.026
Gyro: 16.586 -2.334 35.537
Accel: 0.096 0.008 1.0010
Gyro: 16.113 -1.815 35.781
Accel: 0.081 0.015 0.994
Gyro: 17.318 -2.273 36.956
Accel: 0.070 0.014 0.964
Gyro: 19.454 -2.838 38.681
Accel: 0.060 0.003 0.937
Gyro: 21.987 -3.570 40.740
Accel: 0.071 0.046 0.930
Gyro: 20.629 -4.806 43.334
Accel: 0.160 0.102 0.969
Gyro: 17.013 2.197 42.114
Accel: 0.246 0.219 0.964
Gyro: 10.848 14.022 35.064
Accel: 0.294 0.292 0.903
Gyro: 3.402 20.645 22.720
Accel: 0.282 0.262 0.937
Gyro: -4.455 21.469 11.505
Accel: 0.311 0.256 0.751
Gyro: -7.415 21.392 4.882
Accel: 0.301 0.252 0.741
Gyro: -6.805 15.472 2.792
Accel: 0.219 0.148 0.874
Gyro: -3.448 6.835 0.595
Accel: 0.088 0.107 1.052
Gyro: -2.029 11.459 1.327
Accel: 0.025 0.006 0.978
Gyro: -3.387 27.496 7.843
Accel: 0.054 0.041 0.846
Gyro: -4.257 41.702 14.755
Accel: 0.027 0.093 0.867
Gyro: -8.773 52.841 21.774
Accel: 0.027 0.136 0.882
Gyro: -14.236 61.386 24.871
Accel: 0.052 0.175 0.927
Gyro: -25.756 65.505 24.429
Accel: 0.067 0.171 1.002
Gyro: -40.817 67.520 25.726
Accel: 0.094 0.135 1.121
Gyro: -51.345 64.895 30.807
Accel: 0.145 0.172 1.321
Gyro: -53.192 60.104 39.688
Accel: 0.043 0.225 1.444
Gyro: -44.464 64.300 53.741
Accel: 0.037 0.022 1.744
Gyro: -29.266 56.228 57.388
Accel: 0.041 0.053 1.840
Gyro: -9.735 52.276 53.665
Accel: 0.138 0.0000 1.999
Gyro: 13.534 42.251 48.355
Accel: 0.175 0.047 2.024
Gyro: 38.726 24.154 44.372
Accel: 0.145 0.049 2.137
Gyro: 54.122 3.341 39.413
Accel: 0.037 0.148 2.175
Gyro: 68.161 -8.880 38.650
Accel: 0.015 0.155 2.083
Gyro: 83.236 -12.512 44.067
Accel: 0.021 0.101 1.999
Gyro: 102.218 -15.304 52.032
Accel: 0.0000 0.056 1.896
Gyro: 124.832 -16.586 56.243
Accel: 0.040 0.025 1.697
Gyro: 142.257 -12.863 58.990
Accel: 0.004 0.065 1.506
Gyro: 163.452 -9.506 61.340
Accel: 0.122 0.105 1.432
Gyro: 175.155 -4.302 59.463
Accel: 0.145 0.109 1.351
Gyro: 176.635 1.937 52.673
Accel: 0.150 0.063 1.287
Gyro: 173.446 9.704 47.668
Accel: 0.120 0.009 1.219
Gyro: 163.757 17.364 47.103
Accel: 0.074 0.014 1.134
Gyro: 151.657 24.093 48.080
Accel: 0.050 0.002 1.037
Gyro: 141.189 30.059 47.607
Accel: 0.021 0.028 0.887
Gyro: 133.789 37.643 45.425
Accel: 0.019 0.068 0.763
Gyro: 129.669 44.723 41.488
Accel: 0.024 0.095 0.634
Gyro: 125.900 49.591 36.071
Accel: 0.056 0.099 0.592
Gyro: 120.498 56.457 29.907
Accel: 0.064 0.095 0.508
Gyro: 111.877 63.903 24.154
Accel: 0.043 0.084 0.419
Gyro: 100.433 70.663 19.912
Accel: 0.024 0.087 0.333
Gyro: 88.012 77.575 17.242
Accel: 0.0000 0.092 0.259
Gyro: 75.607 84.075 15.228
Accel: 0.033 0.096 0.128
Gyro: 66.055 86.959 12.802
Accel: 0.054 0.055 0.067
Gyro: 61.508 85.372 12.0100
Accel: 0.077 0.011 0.041
Gyro: 60.394 77.377 15.075
Accel: 0.047 0.007 0.021
Gyro: 61.157 67.077 21.652
Accel: 0.029 0.037 0.057
Gyro: 59.478 59.936 23.452
Accel: 0.038 0.050 0.112
Gyro: 55.038 53.512 20.370
Accel: 0.0000 0.140 0.200
Gyro: 48.309 47.164 20.675
Accel: 0.024 0.191 0.246
Gyro: 39.352 40.176 21.682
Accel: 0.017 0.183 0.285
Gyro: 26.138 33.477 19.866
Accel: 0.017 0.203 0.330
Gyro: 7.522 23.773 17.211
Accel: 0.025 0.238 0.379
Gyro: -19.058 24.246 14.511
Accel: 0.014 0.289 0.494
Gyro: -47.729 21.163 13.717
Accel: 0.050 0.305 0.431
Gyro: -84.014 23.086 15.197
Accel: 0.062 0.305 0.351
Gyro: -120.971 28.244 16.616
Accel: 0.056 0.354 0.188
Gyro: -163.757 37.429 20.034
Accel: 0.033 0.069 0.031
Gyro: -211.608 46.203 19.210
Accel: 0.037 0.069 0.218
Gyro: -246.170 62.347 22.659
Accel: 0.052 0.019 0.788
Gyro: -269.378 59.677 26.458
Accel: 0.039 0.140 1.583
Gyro: -276.702 47.576 28.518
Accel: 0.008 0.472 2.316
Gyro: -254.516 36.880 21.957
Accel: 0.075 0.750 2.879
Gyro: -207.565 18.905 8.392
Accel: 0.260 0.788 3.284
Gyro: -152.832 0.244 0.289
Accel: 0.498 0.676 3.468
Gyro: -104.125 -13.305 1.022
Accel: 0.460 0.377 3.457
Gyro: -49.346 -22.140 3.707
Accel: 0.396 0.069 3.280
Gyro: 3.753 -24.459 7.186
Accel: 0.368 0.145 2.947
Gyro: 58.227 -23.162 13.992
Accel: 0.371 0.295 2.582
Gyro: 108.871 -20.660 20.126
Accel: 0.366 0.409 2.301
Gyro: 144.775 -16.937 24.291
Accel: 0.331 0.523 1.951
Gyro: 174.331 -14.770 25.634
Accel: 0.278 0.614 1.775
Gyro: 181.106 -14.251 24.887
Accel: 0.264 0.662 1.545
Gyro: 182.083 -13.458 25.634
Accel: 0.188 0.683 1.354
Gyro: 176.574 -13.046 28.732
Accel: 0.223 0.641 1.129
Gyro: 168.670 -9.887 29.800
Accel: 0.176 0.665 1.0000
Gyro: 161.239 -6.896 32.562
Accel: 0.175 0.666 0.867
Gyro: 153.427 -4.913 34.225
Accel: 0.148 0.617 0.695
Gyro: 149.291 -3.494 36.941
Accel: 0.147 0.505 0.573
Gyro: 144.134 -4.180 38.375
Accel: 0.164 0.442 0.451
Gyro: 135.848 -6.896 40.267
Accel: 0.170 0.426 0.323
Gyro: 123.458 -5.889 42.160
Accel: 0.074 0.272 0.226
Gyro: 104.125 -5.737 44.418
Accel: 0.083 0.276 0.092
Gyro: 86.303 -5.783 43.914
Accel: 0.036 0.291 0.068
Gyro: 67.581 -4.043 43.273
Accel: 0.028 0.246 0.044
Gyro: 51.757 -4.119 43.563
Accel: 0.0010 0.243 0.009
Gyro: 40.603 -2.670 40.786
Accel: 0.047 0.225 0.018
Gyro: 32.165 -2.166 35.186
Accel: 0.065 0.253 0.014
Gyro: 25.054 -3.875 28.121
Accel: 0.077 0.233 0.019
Gyro: 18.936 -8.590 19.210
Accel: 0.089 0.164 0.046
Gyro: 13.153 -12.725 8.987
Accel: 0.093 0.096 0.048
Gyro: 6.729 -13.839 0.076
Accel: 0.060 0.065 0.042
Gyro: -1.098 -13.381 -6.896
Accel: 0.007 0.053 0.020
Gyro: -11.886 -14.083 -13.412
Accel: 0.075 0.055 0.031
Gyro: -28.915 -11.169 -15.411
Accel: 0.075 0.079 0.0000
Gyro: -52.947 -8.224 -16.891
Accel: 0.038 0.012 0.109
Gyro: -66.757 -8.514 -20.904
Accel: 0.036 0.022 0.168
Gyro: -86.349 -6.454 -22.384
Accel: 0.051 0.013 0.233
Gyro: -99.090 -6.301 -24.215
Accel: 0.056 0.033 0.299
Gyro: -103.759 -6.057 -26.412
Accel: 0.059 0.036 0.342
Gyro: -103.897 -4.196 -26.962
Accel: 0.052 0.027 0.379
Gyro: -99.121 -2.258 -26.779
Accel: 0.045 0.018 0.325
Gyro: -90.499 0.671 -26.947
Accel: 0.019 0.030 0.288
Gyro: -81.542 1.174 -26.107
Accel: 0.020 0.035 0.190
Gyro: -73.837 5.874 -24.032
Accel: 0.011 0.025 0.183
Gyro: -70.449 9.078 -22.369
Accel: 0.002 0.008 0.112
Gyro: -71.853 8.438 -21.682
Accel: 0.008 0.015 0.033
Gyro: -77.606 8.087 -22.354
Accel: 0.018 0.034 0.039
Gyro: -88.577 9.414 -22.094
Accel: 0.037 0.011 0.134
Gyro: -108.489 13.275 -27.191
Accel: 0.022 0.036 0.208
Gyro: -137.069 19.851 -24.642
Accel: 0.006 0.148 0.228
Gyro: -170.776 33.996 -24.673
Accel: 0.025 0.396 0.090
Gyro: -218.124 42.663 -26.519
Accel: 0.147 0.561 0.265
Gyro: -255.355 25.177 -34.912
Accel: 0.341 0.560 0.867
Gyro: -283.813 10.208 -39.459
Accel: 0.377 0.701 1.950
Gyro: -292.221 10.574 -39.093
Accel: 0.560 -1.053 2.976
Gyro: -294.555 -1.449 -37.109
Accel: 0.491 -1.329 3.920
Gyro: -290.069 -21.240 -32.379
Accel: 0.452 -1.312 4.662
Gyro: -253.387 -31.509 -25.238
Accel: 0.530 0.973 4.937
Gyro: -165.405 -39.566 -10.742
Accel: 0.552 0.656 4.766
Gyro: -52.551 -43.106 5.523
Accel: 0.427 0.464 4.341
Gyro: 45.761 -43.548 17.837
Accel: 0.346 0.183 3.628
Gyro: 114.059 -45.654 24.032
Accel: 0.300 0.030 3.098
Gyro: 143.341 -49.713 25.634
Accel: 0.373 0.247 2.682
Gyro: 137.573 -52.032 27.053
Accel: 0.331 0.211 2.444
Gyro: 124.679 -55.419 28.198
Accel: 0.330 0.194 2.292
Gyro: 112.304 -61.508 28.732
Accel: 0.348 0.187 2.135
Gyro: 116.027 -67.138 29.388
Accel: 0.361 0.153 1.940
Gyro: 131.652 -70.770 31.524
Accel: 0.364 0.125 1.651
Gyro: 149.856 -66.513 39.0001
Accel: 0.353 0.0100 1.426
Gyro: 170.120 -67.565 39.535
Accel: 0.322 0.111 1.112
Gyro: 187.438 -66.345 42.938
Accel: 0.283 0.115 0.769
Gyro: 196.884 -65.429 46.417
Accel: 0.254 0.097 0.605
Gyro: 204.071 -62.454 50.476
Accel: 0.212 0.079 0.411
Gyro: 207.656 -58.258 54.153
Accel: 0.159 0.054 0.250
Gyro: 208.053 -51.803 57.159
Accel: 0.104 0.016 0.121
Gyro: 205.368 -43.472 58.471
Accel: 0.059 0.048 0.002
Gyro: 203.308 -36.544 57.342
Accel: 0.013 0.112 0.150
Gyro: 200.607 -28.945 53.176
Accel: 0.048 0.139 0.334
Gyro: 188.812 -16.525 45.623
Accel: 0.112 0.109 0.504
Gyro: 174.392 -7.904 35.171
Accel: 0.165 0.002 0.701
Gyro: 148.086 -5.157 24.658
Accel: 0.302 0.077 0.920
Gyro: 112.579 2.746 13.275
Accel: 0.251 0.111 -1.084
Gyro: 70.343 12.390 5.905
Accel: 0.259 0.121 -1.241
Gyro: 23.345 22.933 1.220
Accel: 0.278 0.139 -1.400
Gyro: -25.787 33.676 -2.807
Accel: 0.296 0.149 -1.558
Gyro: -78.643 46.173 -6.378
Accel: 0.320 0.136 -1.534
Gyro: -134.048 50.827 -9.384
Accel: 0.321 0.092 -1.492
Gyro: -195.053 55.694 -10.589
Accel: 0.345 0.058 -1.258
Gyro: -240.524 58.349 -9.628
Accel: 0.402 0.029 0.996
Gyro: -282.394 65.399 -9.246
Accel: 0.430 0.063 0.582
Gyro: -316.864 71.289 -8.193
Accel: 0.277 0.168 0.140
Gyro: -358.566 72.921 -9.323
Accel: 0.344 0.389 0.753
Gyro: -395.812 67.459 -10.406
Accel: 0.267 0.678 2.160
Gyro: -408.691 61.416 -15.640
Accel: 0.236 0.993 3.273
Gyro: -366.882 61.004 -13.198
Accel: 0.046 -1.173 4.328
Gyro: -278.961 50.872 -9.429
Accel: 0.104 -1.336 5.290
Gyro: -194.839 46.524 -7.507
Accel: 0.136 -1.312 5.675
Gyro: -94.360 27.389 -4.989
Accel: 0.166 0.790 5.251
Gyro: 23.132 5.142 -8.255
Accel: 0.218 0.364 4.432
Gyro: 121.017 -10.574 -5.920
Accel: 0.225 0.186 3.483
Gyro: 202.697 -19.790 -1.892
Accel: 0.186 0.003 2.578
Gyro: 251.907 -26.260 0.854
Accel: 0.158 0.172 1.889
Gyro: 270.385 -32.379 -1.205
Accel: 0.127 0.250 1.375
Gyro: 266.372 -42.572 -1.693
Accel: 0.092 0.264 1.022
Gyro: 252.685 -45.089 -2.761
Accel: 0.052 0.248 0.851
Gyro: 230.667 -50.872 -3.875
Accel: 0.014 0.204 0.669
Gyro: 220.245 -52.108 -5.538
Accel: 0.017 0.124 0.496
Gyro: 212.478 -49.514 -8.224
Accel: 0.030 0.065 0.310
Gyro: 209.030 -45.150 -12.191
Accel: 0.030 0.024 0.153
Gyro: 205.383 -38.818 -16.067
Accel: 0.005 0.008 0.023
Gyro: 199.798 -31.753 -23.315
Accel: 0.015 0.041 0.172
Gyro: 193.572 -25.863 -21.240
Accel: 0.008 0.046 0.359
Gyro: 184.051 -15.991 -24.398
Accel: 0.008 0.037 0.537
Gyro: 173.095 -11.383 -28.579
Accel: 0.023 0.008 0.934
Gyro: 150.726 1.617 -32.913
Accel: 0.054 0.064 -1.274
Gyro: 108.276 17.364 -37.322
Accel: 0.107 0.388 -1.663
Gyro: 44.464 35.217 -43.350
Accel: 0.098 0.324 -1.951
Gyro: -49.789 45.898 -51.376
Accel: 0.172 0.140 -2.192
Gyro: -168.136 59.555 -58.609
Accel: 0.132 0.077 -2.079
Gyro: -297.927 61.141 -67.092
Accel: 0.0010 0.209 -1.995
Gyro: -427.963 63.156 -73.699
Accel: 0.089 0.008 -1.690
Gyro: -499.969 60.562 -77.377
Accel: 0.102 0.425 -1.209
Gyro: -499.969 53.680 -79.299
Accel: 0.250 0.961 0.256
Gyro: -499.969 22.247 -83.023
Accel: 0.358 -1.562 1.033
Gyro: -499.969 -24.597 -87.966
Accel: 0.414 -2.082 2.929
Gyro: -499.969 -58.731 -98.724
Accel: 0.436 -2.646 4.627
Gyro: -499.969 -77.178 -86.791
Accel: 0.288 -3.059 5.496
Gyro: -336.273 -95.092 -54.779
Accel: 0.260 -3.195 6.306
Gyro: -101.577 -58.685 -38.497
Accel: 0.205 -3.021 6.458
Gyro: 113.067 -26.382 -9.414
Accel: 0.238 -1.979 5.577
Gyro: 270.782 2.563 8.544
Accel: 0.245 -1.719 4.477
Gyro: 372.802 14.190 30.166
Accel: 0.199 -1.391 3.412
Gyro: 445.159 22.567 36.743
Accel: 0.007 -1.105 2.574
Gyro: 486.846 29.342 44.387
Accel: 0.111 0.861 2.108
Gyro: 499.984 25.985 50.033
Accel: 0.185 0.691 1.573
Gyro: 499.984 19.714 53.482
Accel: 0.152 0.545 1.074
Gyro: 499.984 7.049 56.121
Accel: 0.124 0.435 0.602
Gyro: 499.328 -7.049 55.999
Accel: 0.091 0.424 0.163
Gyro: 478.317 -24.658 52.322
Accel: 0.016 0.485 0.381
Gyro: 453.155 -53.863 44.601
Accel: 0.141 0.427 -1.0100
Gyro: 416.213 -70.190 32.608
Accel: 0.296 0.040 -1.950
Gyro: 351.547 -56.655 19.912
Accel: 0.499 0.300 -2.806
Gyro: 245.773 -22.964 9.262
Accel: 0.426 0.349 -3.621
Gyro: 99.868 20.355 3.097
Accel: 0.408 0.442 -4.0010
Gyro: -48.812 53.665 -1.739
Accel: 0.350 0.441 -4.118
Gyro: -214.965 78.948 -4.867
Accel: 0.241 0.293 -3.930
Gyro: -368.560 90.972 -4.821
Accel: 0.133 0.070 -3.449
Gyro: -496.154 86.334 -5.569
Accel: 0.071 0.311 -2.651
Gyro: -499.969 71.151 -15.045
Accel: 0.006 0.908 -1.171
Gyro: -499.969 41.320 -24.475
Accel: 0.239 -1.553 1.238
Gyro: -499.969 -26.855 -40.954
Accel: 0.391 -2.189 3.746
Gyro: -499.969 -100.250 -67.901
Accel: 0.730 -2.968 6.295
Gyro: -325.805 -154.342 -67.260
Accel: 0.596 -3.264 7.893
Gyro: -91.644 -154.159 -27.770
Accel: 0.265 -2.700 7.999
Gyro: 159.698 -103.515 0.167
Accel: 0.135 -1.585 6.766
Gyro: 353.591 -65.765 20.935
Accel: 0.210 -1.563 5.327
Gyro: 473.526 -34.072 27.130
Accel: 0.021 -1.012 3.512
Gyro: 499.984 -16.235 21.850
Accel: 0.123 0.449 2.157
Gyro: 499.984 -11.199 6.332
Accel: 0.131 0.158 1.023
Gyro: 499.984 0.488 -10.360
Accel: 0.0100 0.166 0.096
Gyro: 499.984 5.386 -21.987
Accel: 0.343 0.196 0.826
Gyro: 465.301 23.086 -31.265
Accel: 0.510 0.325 -1.733
Gyro: 414.428 33.386 -43.029
Accel: 0.633 0.508 -2.644
Gyro: 316.284 42.282 -54.992
Accel: 0.659 0.602 -3.561
Gyro: 184.921 60.531 -63.522
Accel: 0.546 0.635 -4.012
Gyro: 30.654 76.858 -64.224
Accel: 0.384 0.677 -4.041
Gyro: -142.196 89.981 -60.958
Accel: 0.239 0.570 -3.716
Gyro: -307.678 97.0000 -56.915
Accel: 0.123 0.281 -3.202
Gyro: -451.339 95.947 -54.153
Accel: 0.004 0.008 -2.519
Gyro: -499.969 82.550 -51.223
Accel: 0.104 0.472 -1.791
Gyro: -499.969 67.840 -49.270
Accel: 0.253 0.935 0.662
Gyro: -499.969 35.598 -50.079
Accel: 0.553 -1.316 0.754
Gyro: -499.969 -21.697 -55.282
Accel: 0.617 -1.550 2.144
Gyro: -499.969 -114.089 -72.875
Accel: 0.717 -1.689 3.336
Gyro: -449.249 -233.154 -96.832
Accel: 0.831 -1.857 4.288
Gyro: -256.164 -329.971 -82.321
Accel: 0.695 -2.195 4.694
Gyro: -70.571 -349.594 -18.569
Accel: 0.251 -1.856 4.409
Gyro: 39.657 -311.264 27.679
Accel: 0.069 -1.412 3.881
Gyro: 106.735 -260.757 55.847
Accel: 0.013 -1.301 3.252
Gyro: 141.067 -213.592 75.500
Accel: 0.346 0.853 3.031
Gyro: 158.752 -175.292 85.983
Accel: 0.247 0.494 2.131
Gyro: 157.196 -137.847 78.842
Accel: 0.179 0.171 1.737
Gyro: 154.708 -113.708 62.301
Accel: 0.101 0.026 1.589
Gyro: 146.911 -91.888 42.587
Accel: 0.012 0.098 1.324
Gyro: 138.885 -67.504 16.754
Accel: 0.146 0.189 1.067
Gyro: 119.705 -39.093 -2.288
Accel: 0.341 0.199 0.889
Gyro: 103.637 -23.284 -10.818
Accel: 0.321 0.293 0.902
Gyro: 104.995 -11.688 -13.656
Accel: 0.305 0.347 0.952
Gyro: 120.895 -2.655 -7.308
Accel: 0.349 0.264 1.0010
Gyro: 143.005 7.781 2.304
Accel: 0.442 0.312 1.044
Gyro: 163.009 18.936 18.417
Accel: 0.586 0.393 1.062
Gyro: 185.897 28.366 40.634
Accel: 0.623 0.518 0.998
Gyro: 200.881 40.237 67.962
Accel: 0.596 0.624 0.897
Gyro: 203.170 57.205 93.566
Accel: 0.584 0.669 0.751
Gyro: 193.222 77.896 115.478
Accel: 0.526 0.695 0.678
Gyro: 171.875 91.781 129.287
Accel: 0.480 0.665 0.567
Gyro: 150.085 109.436 139.968
Accel: 0.464 0.602 0.628
Gyro: 130.096 132.812 147.064
Accel: 0.451 0.537 0.664
Gyro: 121.978 158.615 155.746
Accel: 0.413 0.482 0.712
Gyro: 123.809 185.119 165.893
Accel: 0.364 0.435 0.763
Gyro: 136.260 214.782 177.719
Accel: 0.333 0.385 0.795
Gyro: 153.030 247.375 188.873
Accel: 0.308 0.352 0.819
Gyro: 173.019 279.739 201.171
Accel: 0.250 0.330 0.847
Gyro: 196.517 311.187 211.532
Accel: 0.201 0.250 0.833
Gyro: 222.579 338.882 218.048
Accel: 0.159 0.290 0.761
Gyro: 238.403 358.993 222.030
Accel: 0.108 0.272 0.669
Gyro: 245.132 370.529 227.020
Accel: 0.038 0.257 0.580
Gyro: 234.207 384.628 233.367
Accel: 0.037 0.223 0.531
Gyro: 205.505 399.642 242.309
Accel: 0.115 0.178 0.531
Gyro: 162.612 412.414 249.664
Accel: 0.152 0.093 0.617
Gyro: 109.878 422.485 253.356
Accel: 0.161 0.002 0.802
Gyro: 52.490 429.763 251.571
Accel: 0.144 0.144 1.047
Gyro: -4.180 428.634 243.453
Accel: 0.083 0.327 1.213
Gyro: -50.857 401.687 230.453
Accel: 0.035 0.538 1.539
Gyro: -80.795 355.987 210.952
Accel: 0.070 0.709 1.794
Gyro: -88.439 302.597 181.671
Accel: 0.195 0.936 2.044
Gyro: -82.031 219.177 140.289
Accel: 0.374 -1.070 2.259
Gyro: -61.233 128.616 86.746
Accel: 0.415 -1.217 2.344
Gyro: -33.554 36.239 24.246
Accel: 0.533 -1.278 2.365
Gyro: -15.457 -44.021 -32.852
Accel: 0.698 -1.251 2.394
Gyro: -24.002 -91.979 -78.536
Accel: 0.843 -1.172 2.377
Gyro: -39.825 -121.109 -109.161
Accel: 0.961 -1.110 2.372
Gyro: -48.706 -148.178 -122.619
Accel: 1.044 -1.095 2.388
Gyro: -53.146 -153.732 -130.081
Accel: 1.098 -1.069 2.335
Gyro: -46.600 -161.026 -138.824
Accel: 1.0100 -1.086 2.246
Gyro: -30.731 -174.652 -154.861
Accel: 1.060 -1.113 2.113
Gyro: -14.419 -190.170 -181.411
Accel: 0.935 -1.125 1.955
Gyro: -4.272 -207.244 -216.583
Accel: 0.743 -1.111 1.834
Gyro: -1.770 -219.650 -254.776
Accel: 0.512 -1.059 1.736
Gyro: -1.190 -227.371 -292.114
Accel: 0.216 0.946 1.622
Gyro: 2.288 -231.918 -326.141
Accel: 0.092 0.777 1.552
Gyro: 10.147 -227.874 -354.202
Accel: 0.392 0.541 1.503
Gyro: 24.047 -210.449 -375.122
Accel: 0.771 0.262 1.464
Gyro: 39.855 -176.528 -397.827
Accel: -1.224 0.106 1.354
Gyro: 61.218 -154.754 -413.650
Accel: -1.504 0.240 1.301
Gyro: 71.289 -137.603 -417.205
Accel: -1.886 0.418 1.243
Gyro: 84.350 -124.038 -394.775
Accel: -2.088 0.732 1.177
Gyro: 91.323 -116.012 -358.276
Accel: -2.309 0.959 1.094
Gyro: 91.857 -118.530 -313.247
Accel: -2.330 1.133 0.969
Gyro: 79.727 -135.894 -269.149
Accel: -2.428 1.164 0.894
Gyro: 58.807 -168.884 -215.499
Accel: -2.389 1.265 0.866
Gyro: 34.927 -206.497 -168.441
Accel: -2.443 1.251 0.853
Gyro: 17.822 -241.943 -125.930
Accel: -2.475 1.278 0.829
Gyro: 17.929 -262.084 -92.636
Accel: -2.360 1.336 0.703
Gyro: 21.667 -265.396 -59.112
Accel: -2.282 1.378 0.581
Gyro: 14.755 -262.176 -26.184
Accel: -2.016 1.410 0.465
Gyro: -10.787 -258.132 7.751
Accel: -1.811 1.382 0.440
Gyro: -36.224 -251.403 43.838
Accel: -1.444 1.327 0.475
Gyro: -60.546 -247.070 83.572
Accel: -1.196 1.182 0.584
Gyro: -71.640 -246.398 124.694
Accel: 0.873 0.959 0.650
Gyro: -70.404 -252.899 162.017
Accel: 0.565 0.684 0.650
Gyro: -61.065 -266.983 190.078
Accel: 0.264 0.437 0.634
Gyro: -48.416 -287.826 204.238
Accel: 0.0000 0.187 0.553
Gyro: -33.706 -294.525 213.577
Accel: 0.198 0.108 0.384
Gyro: -22.994 -296.981 214.050
Accel: 0.386 0.0000 0.351
Gyro: -12.329 -295.166 206.375
Accel: 0.681 0.126 0.360
Gyro: 7.705 -293.945 190.063
Accel: 0.791 0.290 0.394
Gyro: 39.779 -274.063 169.540
Accel: 0.902 0.418 0.347
Gyro: 79.589 -251.739 147.491
Accel: 1.027 0.513 0.320
Gyro: 120.559 -220.901 117.691
Accel: 1.101 0.563 0.422
Gyro: 156.143 -177.810 92.025
Accel: 1.104 0.475 0.542
Gyro: 173.858 -131.118 64.819
Accel: 0.768 0.306 0.626
Gyro: 83.480 -142.593 35.003
Accel: 1.062 0.217 0.080
Gyro: 2.014 -134.170 16.265
Accel: 1.216 0.137 0.137
Gyro: -20.965 -94.421 -18.966
Accel: 1.122 0.189 0.273
Gyro: -29.998 -48.004 -45.776
Accel: 0.968 0.016 0.338
Gyro: -41.290 -15.304 -67.962
Accel: 0.846 0.250 0.411
Gyro: -54.931 0.289 -70.526
Accel: 0.351 1.232 0.673
Gyro: -62.362 -7.186 -30.899
Accel: 0.159 1.820 0.770
Gyro: -35.842 -19.973 52.246
Accel: 0.020 0.843 0.568
Gyro: 13.595 -17.242 67.337
Accel: 0.200 0.268 0.649
Gyro: 31.921 -14.724 54.718
Accel: 0.385 0.360 0.649
Gyro: 36.773 -20.721 41.656
Accel: 0.630 0.378 0.626
Gyro: 27.069 -34.103 39.291
Accel: 0.731 0.416 0.524
Gyro: 33.828 -45.059 44.296
Accel: 0.777 0.289 0.518
Gyro: 45.028 -57.006 52.658
Accel: 0.872 0.402 0.461
Gyro: 44.464 -78.643 53.634
Accel: 1.080 0.441 0.361
Gyro: 48.187 -101.165 53.115
Accel: 0.907 0.026 0.409
Gyro: 56.961 -107.452 67.840
Accel: 0.840 0.067 0.262
Gyro: 70.846 -132.232 86.517
Accel: 0.977 0.380 0.175
Gyro: 78.598 -155.303 99.578
Accel: 1.008 0.376 0.035
Gyro: 72.387 -181.900 110.107
Accel: 1.058 0.366 0.035
Gyro: 52.566 -198.471 128.646
Accel: 0.966 0.032 0.051
Gyro: 36.880 -202.362 154.647
Accel: 1.045 0.374 0.166
Gyro: 18.768 -209.472 171.813
Accel: 1.183 0.284 0.355
Gyro: -11.0001 -217.117 173.156
Accel: 1.302 0.186 0.492
Gyro: -49.819 -218.811 167.449
Accel: 1.375 0.149 0.492
Gyro: -92.742 -211.135 142.120
Accel: 1.437 0.099 0.527
Gyro: -134.475 -202.957 113.220
Accel: 1.437 0.031 0.543
Gyro: -171.539 -185.531 73.501
Accel: 1.404 0.015 0.522
Gyro: -201.965 -164.566 31.646
Accel: 1.390 0.105 0.454
Gyro: -217.651 -145.568 1.220
Accel: 1.332 0.160 0.378
Gyro: -230.850 -125.595 -22.308
Accel: 1.231 0.085 0.282
Gyro: -245.712 -100.967 -40.573
Accel: 1.139 0.037 0.143
Gyro: -266.113 -69.900 -62.332
Accel: 1.007 0.030 0.023
Gyro: -294.662 -34.423 -77.423
Accel: 0.850 0.037 0.351
Gyro: -332.870 -3.921 -86.059
Accel: 0.693 0.084 0.715
Gyro: -376.098 3.555 -93.688
Accel: 0.606 0.323 1.298
Gyro: -411.331 -5.737 -97.412
Accel: 0.543 0.562 2.0000
Gyro: -423.751 -27.496 -99.197
Accel: 0.388 0.631 2.887
Gyro: -406.890 -54.794 -90.057
Accel: 0.340 0.845 3.672
Gyro: -327.194 -72.784 -66.131
Accel: 0.296 -1.021 4.220
Gyro: -180.038 -82.656 -23.345
Accel: 0.342 -1.081 4.389
Gyro: -12.268 -82.214 24.536
Accel: 0.506 0.962 4.157
Gyro: 133.560 -62.210 69.046
Accel: 0.737 0.919 3.633
Gyro: 247.787 -11.444 97.274
Accel: 0.953 0.949 2.979
Gyro: 338.394 56.930 105.651
Accel: 1.0100 -1.118 2.137
Gyro: 404.602 120.849 106.323
Accel: 1.191 -1.123 1.257
Gyro: 442.764 155.624 103.302
Accel: 1.276 -1.113 0.423
Gyro: 447.296 165.893 102.066
Accel: 1.399 -1.116 0.564
Gyro: 418.884 151.245 101.593
Accel: 1.481 0.980 -1.504
Gyro: 367.050 111.740 99.822
Accel: 1.494 0.708 -2.166
Gyro: 292.572 52.932 98.602
Accel: 1.534 0.457 -2.587
Gyro: 207.641 -5.523 91.415
Accel: 1.554 0.363 -2.756
Gyro: 135.345 -59.524 85.342
Accel: 1.613 0.363 -2.825
Gyro: 83.068 -104.751 79.391
Accel: 1.687 0.378 -2.843
Gyro: 42.419 -132.308 65.826
Accel: 1.768 0.333 -2.860
Gyro: 5.584 -135.650 44.479
Accel: 1.800 0.213 -2.854
Gyro: -33.630 -123.443 13.107
Accel: 1.744 0.082 -2.819
Gyro: -72.235 -99.029 -24.917
Accel: 1.594 0.094 -2.748
Gyro: -113.876 -74.249 -65.567
Accel: 1.415 0.139 -2.628
Gyro: -157.272 -57.830 -100.769
Accel: 1.216 0.252 -2.486
Gyro: -207.473 -52.719 -122.741
Accel: 0.980 0.352 -2.317
Gyro: -267.959 -58.380 -144.332
Accel: 0.677 0.318 -1.954
Gyro: -345.840 -62.576 -147.323
Accel: 0.408 0.439 -1.513
Gyro: -427.947 -83.709 -135.482
Accel: 0.248 0.680 0.878
Gyro: -498.168 -115.844 -109.680
Accel: 0.222 0.810 0.069
Gyro: -499.969 -149.108 -77.133
Accel: 0.395 -1.235 0.690
Gyro: -499.969 -179.702 -44.921
Accel: 0.807 -1.628 1.813
Gyro: -499.969 -192.321 -8.697
Accel: 1.139 -1.936 2.963
Gyro: -499.969 -178.115 31.982
Accel: 1.398 -2.142 4.109
Gyro: -499.969 -115.463 59.402
Accel: 1.594 -2.034 4.998
Gyro: -396.804 -16.555 95.291
Accel: 1.674 -1.827 5.533
Gyro: -240.493 100.708 114.151
Accel: 1.683 -1.464 5.653
Gyro: -81.436 207.397 119.369
Accel: 1.589 -1.283 5.301
Gyro: 63.247 294.647 106.048
Accel: 1.393 -1.146 4.650
Gyro: 193.664 328.948 94.177
Accel: 1.079 -1.075 3.762
Gyro: 297.790 321.228 77.789
Accel: 0.845 -1.012 2.987
Gyro: 385.894 278.808 65.689
Accel: 0.617 0.987 2.060
Gyro: 446.853 201.660 61.248
Accel: 0.537 -1.051 1.089
Gyro: 491.485 106.536 64.956
Accel: 0.597 -1.171 0.168
Gyro: 499.984 10.971 79.086
Accel: 0.836 -1.289 0.717
Gyro: 499.984 -73.150 99.899
Accel: 1.138 -1.016 -1.555
Gyro: 482.116 -131.317 112.030
Accel: 1.426 0.735 -2.152
Gyro: 404.449 -153.610 111.892
Accel: 1.685 0.426 -2.596
Gyro: 299.484 -140.899 90.072
Accel: 1.900 0.350 -2.790
Gyro: 202.743 -103.927 80.627
Accel: 1.869 0.331 -2.818
Gyro: 116.577 -61.172 64.285
Accel: 1.834 0.259 -2.720
Gyro: 53.344 -10.253 47.454
Accel: 1.752 0.383 -2.583
Gyro: 18.554 34.057 33.233
Accel: 1.737 0.389 -2.506
Gyro: -2.868 63.781 16.799
Accel: 1.681 0.420 -2.529
Gyro: -22.476 75.851 -1.235
Accel: 1.640 0.362 -2.654
Gyro: -53.543 65.658 -27.877
Accel: 1.497 0.294 -2.726
Gyro: -105.575 20.736 -67.565
Accel: 1.317 0.370 -2.682
Gyro: -159.637 -60.913 -99.334
Accel: 1.135 0.549 -2.493
Gyro: -196.731 -162.460 -116.958
Accel: 1.042 0.687 -2.226
Gyro: -226.898 -262.252 -126.266
Accel: 0.973 0.761 -1.910
Gyro: -263.122 -338.226 -125.579
Accel: 0.895 0.873 -1.533
Gyro: -296.981 -392.166 -112.197
Accel: 0.750 0.826 -1.046
Gyro: -339.111 -415.740 -84.976
Accel: 0.772 0.842 0.409
Gyro: -377.685 -395.339 -43.121
Accel: 0.811 0.836 0.300
Gyro: -414.245 -334.671 9.735
Accel: 1.012 0.777 1.470
Gyro: -451.339 -244.354 69.641
Accel: 1.174 -1.005 1.930
Gyro: -486.877 -126.251 117.752
Accel: 1.314 -1.134 2.641
Gyro: -499.969 -14.053 159.896
Accel: 1.595 -1.570 3.396
Gyro: -493.530 82.412 183.319
Accel: 1.696 -1.661 4.292
Gyro: -436.279 165.481 195.693
Accel: 1.632 -1.623 5.057
Gyro: -309.967 215.347 191.772
Accel: 1.588 -1.272 5.458
Gyro: -147.262 223.709 168.823
Accel: 1.476 0.966 5.529
Gyro: 6.378 201.095 130.294
Accel: 1.346 0.829 5.085
Gyro: 168.167 155.975 80.093
Accel: 1.234 0.762 4.436
Gyro: 304.733 111.068 27.786
Accel: 1.096 0.923 3.612
Gyro: 408.905 76.522 -9.338
Accel: 0.939 -1.188 2.753
Gyro: 491.348 43.518 -37.979
Accel: 0.813 -1.337 1.939
Gyro: 499.984 13.290 -47.225
Accel: 0.749 -1.558 1.172
Gyro: 499.984 -17.211 -46.966
Accel: 0.786 -1.663 0.408
Gyro: 499.984 -38.940 -32.821
Accel: 0.855 -1.820 0.293
Gyro: 499.984 -58.181 -8.789
Accel: 0.962 -1.852 0.937
Gyro: 499.984 -67.749 20.767
Accel: 1.172 -1.811 -1.526
Gyro: 499.984 -68.176 50.430
Accel: 1.268 -1.566 -2.070
Gyro: 499.984 -62.820 75.500
Accel: 1.423 -1.382 -2.563
Gyro: 422.744 -53.085 86.044
Accel: 1.527 -1.118 -2.902
Gyro: 324.920 -35.797 91.110
Accel: 1.259 -1.031 -3.009
Gyro: 250.305 -15.670 113.082
Accel: 1.287 -1.174 -2.976
Gyro: 151.245 -33.477 99.258
Accel: 1.333 0.718 -2.902
Gyro: 56.152 -39.596 85.205
Accel: 1.313 0.952 -2.675
Gyro: 8.071 -66.345 71.823
Accel: 1.293 -1.086 -2.433
Gyro: -8.392 -96.343 63.461
Accel: 1.273 -1.197 -2.346
Gyro: -18.447 -140.518 58.029
Accel: 1.257 -1.045 -2.423
Gyro: -32.546 -198.150 50.643
Accel: 1.190 0.722 -2.523
Gyro: -61.676 -267.242 35.400
Accel: 1.126 0.531 -2.509
Gyro: -100.265 -343.276 22.735
Accel: 1.067 0.442 -2.393
Gyro: -142.517 -427.459 19.546
Accel: 0.983 0.372 -2.142
Gyro: -179.046 -499.969 28.564
Accel: 0.966 0.448 -1.970
Gyro: -199.020 -499.969 55.816
Accel: 1.024 0.504 -1.783
Gyro: -193.389 -499.969 87.646
Accel: 1.177 0.502 -1.563
Gyro: -179.779 -499.969 122.497
Accel: 1.250 0.479 -1.508
Gyro: -176.879 -499.969 152.679
Accel: 1.431 0.392 -1.380
Gyro: -169.677 -499.969 171.295
Accel: 1.479 0.261 -1.216
Gyro: -168.426 -499.969 177.764
Accel: 1.573 0.183 0.983
Gyro: -175.109 -499.969 173.187
Accel: 1.674 0.198 0.690
Gyro: -188.430 -439.743 159.423
Accel: 1.741 0.153 0.471
Gyro: -213.623 -294.052 133.529
Accel: 1.634 0.016 0.305
Gyro: -250.137 -169.021 109.024
Accel: 1.390 0.099 0.307
Gyro: -283.462 -69.122 72.219
Accel: 1.276 0.049 0.430
Gyro: -316.497 18.478 41.183
Accel: 1.025 0.118 0.892
Gyro: -345.397 85.494 12.649
Accel: 0.755 0.420 1.624
Gyro: -355.331 156.097 -7.080
Accel: 0.462 0.494 2.229
Gyro: -330.398 222.961 -7.141
Accel: 0.179 0.573 2.751
Gyro: -257.965 274.810 14.724
Accel: 0.140 0.660 3.114
Gyro: -151.046 293.273 54.473
Accel: 0.359 0.658 3.226
Gyro: -23.620 277.862 96.481
Accel: 0.377 0.726 3.063
Gyro: 114.120 239.044 151.931
Accel: 0.181 0.902 2.727
Gyro: 259.704 199.218 191.040
Accel: 0.194 -1.177 2.132
Gyro: 390.090 179.306 217.483
Accel: 0.617 -1.400 1.396
Gyro: 490.951 155.822 235.336
Accel: 0.994 -1.585 0.595
Gyro: 499.984 124.465 237.457
Accel: 1.230 -1.383 0.301
Gyro: 499.984 79.925 217.864
Accel: 1.494 -1.264 -1.288
Gyro: 499.984 37.078 182.525
Accel: 1.676 -1.035 -2.090
Gyro: 499.984 -5.844 143.920
Accel: 1.755 -1.213 -2.665
Gyro: 439.056 -42.236 114.227
Accel: 1.696 -1.022 -3.068
Gyro: 356.521 -64.849 77.316
Accel: 1.739 0.988 -3.404
Gyro: 266.098 -67.886 50.506
Accel: 1.740 0.994 -3.650
Gyro: 186.920 -65.780 29.220
Accel: 1.691 0.977 -3.733
Gyro: 121.276 -52.047 12.496
Accel: 1.585 0.932 -3.729
Gyro: 75.515 -35.720 -3.540
Accel: 1.433 0.896 -3.705
Gyro: 36.651 -28.427 -19.042
Accel: 1.288 0.896 -3.681
Gyro: 7.995 -22.842 -31.982
Accel: 1.148 0.905 -3.637
Gyro: -30.853 -23.971 -41.961
Accel: 1.019 0.941 -3.603
Gyro: -79.986 -34.790 -47.698
Accel: 0.909 0.878 -3.541
Gyro: -143.264 -61.157 -49.774
Accel: 0.780 0.820 -3.366
Gyro: -214.263 -103.012 -49.819
Accel: 0.675 0.846 -3.005
Gyro: -273.376 -155.746 -49.041
Accel: 0.596 0.887 -2.566
Gyro: -306.045 -196.731 -47.836
Accel: 0.499 0.773 -2.085
Gyro: -321.609 -219.055 -47.424
Accel: 0.472 0.847 -1.672
Gyro: -322.387 -218.658 -50.888
Accel: 0.411 0.799 -1.295
Gyro: -320.846 -196.731 -52.749
Accel: 0.308 0.745 0.895
Gyro: -325.912 -158.828 -55.618
Accel: 0.232 0.765 0.448
Gyro: -342.926 -110.763 -56.625
Accel: 0.220 0.860 0.083
Gyro: -364.318 -55.206 -46.035
Accel: 0.229 -1.023 0.666
Gyro: -380.279 -1.342 -21.575
Accel: 0.215 -1.103 1.247
Gyro: -385.375 42.770 9.307
Accel: 0.173 -1.015 1.799
Gyro: -380.859 67.840 44.662
Accel: 0.107 0.994 2.347
Gyro: -352.966 85.021 73.303
Accel: 0.093 0.943 2.701
Gyro: -293.395 89.828 101.791
Accel: 0.233 0.911 3.033
Gyro: -197.311 84.701 125.732
Accel: 0.287 0.688 3.253
Gyro: -74.783 74.356 139.953
Accel: 0.490 0.621 3.271
Gyro: 42.358 63.247 137.405
Accel: 0.599 0.505 3.088
Gyro: 181.457 53.024 122.253
Accel: 0.738 0.515 2.558
Gyro: 315.399 47.775 91.827
Accel: 0.818 0.574 1.908
Gyro: 434.997 39.474 53.512
Accel: 0.839 0.704 1.177
Gyro: 499.984 38.665 11.505
Accel: 0.842 0.854 0.425
Gyro: 499.984 31.295 -27.664
Accel: 0.860 0.963 0.384
Gyro: 499.984 25.024 -62.927
Accel: 0.895 -1.077 -1.064
Gyro: 499.984 22.384 -81.008
Accel: 0.927 -1.143 -1.606
Gyro: 499.984 26.916 -80.230
Accel: 0.940 -1.138 -1.907
Gyro: 438.964 42.953 -70.480
Accel: 0.958 -1.005 -2.178
Gyro: 355.728 64.956 -52.520
Accel: 0.956 0.976 -2.337
Gyro: 279.571 87.463 -34.759
Accel: 0.941 0.873 -2.426
Gyro: 207.763 101.669 -15.365
Accel: 0.952 0.783 -2.416
Gyro: 144.592 107.955 -2.807
Accel: 0.964 0.739 -2.326
Gyro: 97.854 110.183 1.800
Accel: 0.977 0.704 -2.168
Gyro: 63.644 110.946 0.259
Accel: 0.976 0.658 -1.983
Gyro: 39.688 113.403 -7.369
Accel: 0.981 0.672 -1.777
Gyro: 23.986 119.049 -15.625
Accel: 0.986 0.678 -1.612
Gyro: 16.891 127.868 -21.636
Accel: 0.987 0.663 -1.480
Gyro: 9.338 140.396 -27.069
Accel: 0.995 0.616 -1.374
Gyro: 4.287 153.808 -31.692
Accel: 1.008 0.607 -1.289
Gyro: 1.998 165.451 -37.796
Accel: 1.042 0.582 -1.218
Gyro: 3.341 172.256 -46.798
Accel: 1.092 0.504 -1.276
Gyro: -2.105 180.130 -49.713
Accel: 1.039 0.501 -1.093
Gyro: -10.482 182.601 -55.938
Accel: 1.053 0.483 -1.030
Gyro: -23.391 182.312 -59.051
Accel: 1.040 0.501 -1.020
Gyro: -34.591 178.436 -62.271
Accel: 1.031 0.489 0.936
Gyro: -38.146 172.302 -64.468
Accel: 1.026 0.476 0.857
Gyro: -42.755 164.581 -66.574
Accel: 1.016 0.449 0.781
Gyro: -46.615 154.754 -68.862
Accel: 1.002 0.415 0.709
Gyro: -49.713 144.470 -72.219
Accel: 0.984 0.386 0.639
Gyro: -50.689 135.848 -76.477
Accel: 0.970 0.358 0.572
Gyro: -54.641 128.051 -80.673
Accel: 0.947 0.334 0.507
Gyro: -51.239 117.416 -85.220
Accel: 0.929 0.319 0.444
Gyro: -49.972 117.523 -89.111
Accel: 0.915 0.302 0.387
Gyro: -47.332 116.790 -92.041
Accel: 0.895 0.277 0.338
Gyro: -43.640 119.232 -94.360
Accel: 0.899 0.271 0.306
Gyro: -39.794 126.663 -95.977
Accel: 0.898 0.246 0.267
Gyro: -36.712 136.016 -96.664
Accel: 0.888 0.218 0.247
Gyro: -35.049 145.141 -97.381
Accel: 0.876 0.191 0.227
Gyro: -35.156 154.602 -98.098
Accel: 0.878 0.170 0.187
Gyro: -35.003 166.091 -98.800
Accel: 0.885 0.170 0.141
Gyro: -39.047 183.349 -98.815
Accel: 0.881 0.168 0.095
Gyro: -34.545 193.099 -97.305
Accel: 0.864 0.133 0.059
Gyro: -31.494 205.474 -93.383
Accel: 0.847 0.122 0.023
Gyro: -26.962 215.148 -88.790
Accel: 0.850 0.110 0.015
Gyro: -22.033 222.274 -83.328
Accel: 0.851 0.086 0.050
Gyro: -17.242 227.249 -76.293
Accel: 0.847 0.055 0.071
Gyro: -12.710 229.293 -69.442
Accel: 0.835 0.012 0.094
Gyro: -8.819 229.370 -63.674
Accel: 0.834 0.061 0.120
Gyro: -6.668 225.387 -58.700
Accel: 0.852 0.008 0.159
Gyro: -5.187 216.339 -52.352
Accel: 0.857 0.012 0.206
Gyro: -2.532 203.414 -46.005
Accel: 0.845 0.004 0.243
Gyro: 1.968 186.401 -40.069
Accel: 0.830 0.023 0.276
Gyro: 7.751 167.526 -34.744
Accel: 0.824 0.030 0.305
Gyro: 13.229 149.597 -30.654
Accel: 0.832 0.049 0.339
Gyro: 18.539 134.597 -27.221
Accel: 0.839 0.063 0.365
Gyro: 23.239 114.334 -24.749
Accel: 0.841 0.072 0.387
Gyro: 26.748 98.785 -23.117
Accel: 0.840 0.080 0.402
Gyro: 29.510 88.180 -21.041
Accel: 0.837 0.083 0.417
Gyro: 31.066 76.019 -18.753
Accel: 0.841 0.077 0.431
Gyro: 31.082 66.390 -15.792
Accel: 0.846 0.083 0.441
Gyro: 29.617 59.722 -12.542
Accel: 0.851 0.087 0.452
Gyro: 27.069 55.267 -9.841
Accel: 0.850 0.080 0.462
Gyro: 25.039 51.956 -6.912
Accel: 0.841 0.083 0.469
Gyro: 23.986 49.255 -3.723
Accel: 0.826 0.090 0.480
Gyro: 23.727 45.639 0.656
Accel: 0.812 0.093 0.489
Gyro: 25.115 41.412 2.319
Accel: 0.808 0.082 0.500
Gyro: 27.023 36.361 5.462
Accel: 0.807 0.085 0.504
Gyro: 30.105 31.188 8.331
Accel: 0.810 0.088 0.500
Gyro: 32.867 25.451 10.177
Accel: 0.818 0.115 0.499
Gyro: 35.186 20.263 11.169
Accel: 0.828 0.124 0.496
Gyro: 37.384 16.555 10.894
Accel: 0.843 0.130 0.496
Gyro: 38.757 14.526 10.452
Accel: 0.856 0.136 0.495
Gyro: 39.154 15.090 9.963
Accel: 0.866 0.141 0.491
Gyro: 38.543 18.310 9.582
Accel: 0.868 0.147 0.490
Gyro: 37.124 23.147 9.582
Accel: 0.869 0.141 0.489
Gyro: 35.034 28.579 9.613
Accel: 0.870 0.138 0.490
Gyro: 32.531 34.515 10.147
Accel: 0.870 0.145 0.493
Gyro: 30.181 40.374 10.757
Accel: 0.868 0.145 0.500
Gyro: 28.015 44.906 10.986
Accel: 0.874 0.154 0.512
Gyro: 26.962 49.636 10.818
Accel: 0.869 0.164 0.522
Gyro: 26.672 53.344 10.040
Accel: 0.865 0.164 0.532
Gyro: 27.557 55.252 8.605
Accel: 0.860 0.157 0.546
Gyro: 29.373 55.923 7.339
Accel: 0.859 0.142 0.553
Gyro: 31.143 56.320 6.912
Accel: 0.857 0.136 0.555
Gyro: 31.677 55.831 7.186
Accel: 0.848 0.140 0.557
Gyro: 31.570 54.931 7.888
Accel: 0.844 0.138 0.558
Gyro: 31.280 53.680 8.651
Accel: 0.846 0.144 0.559
Gyro: 30.487 51.910 9.170
Accel: 0.846 0.144 0.624
Gyro: 28.472 49.667 9.094
Accel: 0.846 0.140 0.569
Gyro: 26.062 46.951 9.063
Accel: 0.845 0.129 0.582
Gyro: 23.620 44.281 9.277
Accel: 0.844 0.123 0.597
Gyro: 21.911 41.091 10.162
Accel: 0.839 0.116 0.609
Gyro: 21.240 37.246 11.016
Accel: 0.830 0.117 0.618
Gyro: 21.575 33.447 12.023
Accel: 0.823 0.117 0.628
Gyro: 22.277 29.281 13.076
Accel: 0.819 0.120 0.639
Gyro: 23.605 25.711 13.961
Accel: 0.817 0.119 0.644
Gyro: 25.405 22.781 14.434
