Accel: 0.352 0.648 0.550
Gyro: -8.087 1.403 -19.805
Accel: 0.345 0.639 0.551
Gyro: -9.979 0.946 -16.845
Accel: 0.353 0.638 0.565
Gyro: -12.832 -3.509 -13.366
Accel: 0.357 0.635 0.584
Gyro: -15.853 -5.844 -9.796
Accel: 0.359 0.627 0.600
Gyro: -17.807 -6.088 -6.484
Accel: 0.350 0.619 0.611
Gyro: -18.066 -4.287 -3.112
Accel: 0.339 0.608 0.612
Gyro: -17.517 -1.571 3.707
Accel: 0.338 0.599 0.608
Gyro: -16.860 1.708 2.716
Accel: 0.365 0.601 0.609
Gyro: -17.196 3.295 5.279
Accel: 0.372 0.620 0.617
Gyro: -19.287 2.960 7.537
Accel: 0.365 0.632 0.626
Gyro: -21.499 2.761 8.789
Accel: 0.359 0.631 0.631
Gyro: -22.842 3.753 9.231
Accel: 0.347 0.627 0.634
Gyro: -23.559 5.966 9.338
Accel: 0.339 0.624 0.635
Gyro: -24.139 7.873 9.918
Accel: 0.358 0.627 0.640
Gyro: -25.512 8.163 11.138
Accel: 0.366 0.635 0.647
Gyro: -27.099 7.354 12.786
Accel: 0.363 0.637 0.654
Gyro: -28.289 6.423 13.854
Accel: 0.354 0.634 0.660
Gyro: -28.762 6.546 14.328
Accel: 0.339 0.627 0.661
Gyro: -28.350 7.476 14.755
Accel: 0.328 0.624 0.666
Gyro: -27.114 8.789 15.884
Accel: 0.337 0.623 0.669
Gyro: -25.787 9.017 17.776
Accel: 0.359 0.623 0.669
Gyro: -24.963 8.300 20.126
Accel: 0.368 0.630 0.667
Gyro: -24.536 6.973 22.003
Accel: 0.369 0.635 0.666
Gyro: -24.353 5.187 22.811
Accel: 0.380 0.643 0.673
Gyro: -24.063 3.494 22.476
Accel: 0.385 0.652 0.687
Gyro: -23.147 1.770 21.270
Accel: 0.390 0.656 0.702
Gyro: -21.301 1.571 19.332
Accel: 0.391 0.655 0.713
Gyro: -18.814 1.922 17.166
Accel: 0.391 0.651 0.718
Gyro: -15.563 3.005 15.441
Accel: 0.400 0.645 0.721
Gyro: -12.649 3.570 14.190
Accel: 0.398 0.648 0.722
Gyro: -10.162 4.074 13.381
Accel: 0.393 0.647 0.721
Gyro: -8.636 4.211 13.214
Accel: 0.383 0.640 0.714
Gyro: -6.958 4.562 13.427
Accel: 0.379 0.631 0.708
Gyro: -5.722 5.004 13.900
Accel: 0.381 0.631 0.707
Gyro: -5.325 4.348 14.739
Accel: 0.370 0.638 0.708
Gyro: -5.340 3.860 15.548
Accel: 0.367 0.633 0.710
Gyro: -4.913 3.417 15.472
Accel: 0.360 0.629 0.708
Gyro: -4.318 3.997 15.060
Accel: 0.350 0.627 0.708
Gyro: -3.494 4.074 14.709
Accel: 0.366 0.625 0.713
Gyro: -3.112 2.838 14.877
Accel: 0.372 0.634 0.717
Gyro: -3.067 1.708 15.258
Accel: 0.374 0.637 0.725
Gyro: -2.929 1.144 15.335
Accel: 0.369 0.636 0.724
Gyro: -2.182 1.541 14.846
Accel: 0.364 0.633 0.726
Gyro: 0.991 2.517 14.373
Accel: 0.367 0.632 0.724
Gyro: 0.518 2.578 14.572
Accel: 0.380 0.639 0.729
Gyro: 0.793 1.602 15.197
Accel: 0.394 0.642 0.739
Gyro: -1.251 0.381 11.718
Accel: 0.398 0.647 0.747
Gyro: -1.281 0.259 15.075
Accel: 0.391 0.650 0.752
Gyro: 0.473 1.159 14.053
Accel: 0.390 0.647 0.753
Gyro: 0.595 2.197 12.802
Accel: 0.390 0.646 0.760
Gyro: 1.846 2.853 11.779
Accel: 0.397 0.641 0.770
Gyro: 3.128 2.761 11.215
Accel: 0.398 0.638 0.780
Gyro: 5.035 2.853 11.093
Accel: 0.396 0.632 0.786
Gyro: 7.720 3.036 11.444
Accel: 0.392 0.628 0.784
Gyro: 10.314 3.646 11.886
Accel: 0.391 0.625 0.785
Gyro: 13.0000 3.646 12.313
Accel: 0.396 0.628 0.782
Gyro: 15.243 3.280 12.664
Accel: 0.399 0.635 0.783
Gyro: 17.013 2.807 12.176
Accel: 0.398 0.635 0.779
Gyro: 19.104 2.960 11.108
Accel: 0.400 0.635 0.773
Gyro: 21.331 3.326 10.131
Accel: 0.402 0.636 0.769
Gyro: 23.056 3.662 9.384
Accel: 0.411 0.635 0.771
Gyro: 24.414 3.158 9.094
Accel: 0.420 0.640 0.777
Gyro: 25.726 3.601 8.666
Accel: 0.421 0.643 0.777
Gyro: 27.114 5.004 7.659
Accel: 0.414 0.643 0.771
Gyro: 28.823 7.156 6.546
Accel: 0.407 0.641 0.760
Gyro: 30.639 9.323 5.722
Accel: 0.405 0.638 0.748
Gyro: 32.012 11.123 5.371
Accel: 0.401 0.640 0.738
Gyro: 32.928 12.268 5.462
Accel: 0.398 0.641 0.726
Gyro: 33.889 13.107 5.493
Accel: 0.395 0.645 0.715
Gyro: 34.851 14.083 4.974
Accel: 0.385 0.646 0.699
Gyro: 35.552 14.816 4.409
Accel: 0.376 0.645 0.683
Gyro: 36.041 14.846 3.997
Accel: 0.370 0.641 0.671
Gyro: 36.224 14.083 3.738
Accel: 0.367 0.641 0.663
Gyro: 36.483 13.732 3.479
Accel: 0.361 0.641 0.660
Gyro: 36.727 13.427 3.540
Accel: 0.357 0.639 0.652
Gyro: 37.414 13.351 3.814
Accel: 0.352 0.637 0.642
Gyro: 37.994 13.427 4.547
Accel: 0.353 0.638 0.632
Gyro: 38.299 12.664 5.661
Accel: 0.356 0.641 0.625
Gyro: 37.948 11.703 6.896
Accel: 0.352 0.648 0.622
Gyro: 37.078 11.047 8.102
Accel: 0.355 0.653 0.620
Gyro: 36.605 10.330 9.094
Accel: 0.361 0.658 0.612
Gyro: 36.071 10.467 9.933
Accel: 0.365 0.662 0.604
Gyro: 35.552 10.314 10.574
Accel: 0.364 0.664 0.593
Gyro: 34.606 9.628 11.169
Accel: 0.365 0.669 0.583
Gyro: 33.233 8.880 11.901
Accel: 0.367 0.667 0.576
Gyro: 31.723 7.431 12.481
Accel: 0.375 0.673 0.572
Gyro: 29.998 5.966 13.259
Accel: 0.378 0.679 0.569
Gyro: 28.259 4.974 13.824
Accel: 0.382 0.748 0.568
Gyro: 26.199 4.348 13.916
Accel: 0.384 0.693 0.564
Gyro: 24.063 4.226 13.961
Accel: 0.387 0.699 0.559
Gyro: 21.408 4.562 13.626
Accel: 0.391 0.704 0.556
Gyro: 18.280 4.974 13.351
Accel: 0.390 0.708 0.548
Gyro: 14.785 5.783 13.015
Accel: 0.387 0.704 0.543
Gyro: 11.581 6.134 12.664
Accel: 0.389 0.704 0.537
Gyro: 7.797 6.317 12.771
Accel: 0.387 0.705 0.537
Gyro: 4.348 6.393 13.366
Accel: 0.383 0.700 0.536
Gyro: 1.556 6.256 13.854
Accel: 0.387 0.697 0.542
Gyro: 0.579 6.179 14.541
Accel: 0.396 0.699 0.550
Gyro: -1.861 5.783 15.441
Accel: 0.396 0.702 0.557
Gyro: -1.953 5.798 16.647
Accel: 0.398 0.699 0.566
Gyro: -1.403 5.874 17.318
Accel: 0.407 0.703 0.575
Gyro: 0.320 5.462 17.578
Accel: 0.415 0.712 0.583
Gyro: 0.900 4.638 17.669
Accel: 0.422 0.713 0.588
Gyro: 2.319 4.135 17.227
Accel: 0.425 0.711 0.592
Gyro: 4.043 3.295 16.296
Accel: 0.439 0.714 0.597
Gyro: 6.057 1.770 15.106
Accel: 0.442 0.721 0.608
Gyro: 7.766 0.762 13.992
Accel: 0.444 0.719 0.614
Gyro: 10.131 -2.456 12.832
Accel: 0.441 0.714 0.620
Gyro: 12.802 -3.311 11.428
Accel: 0.435 0.709 0.621
Gyro: 15.975 -2.868 9.887
Accel: 0.434 0.705 0.621
Gyro: 18.920 -2.410 8.087
Accel: 0.435 0.705 0.615
Gyro: 21.148 -2.380 6.622
Accel: 0.434 0.706 0.609
Gyro: 22.415 -3.143 5.981
Accel: 0.428 0.703 0.604
Gyro: 22.964 -4.013 5.752
Accel: 0.422 0.695 0.599
Gyro: 23.361 -4.455 5.462
Accel: 0.418 0.691 0.594
Gyro: 23.651 -4.302 5.004
Accel: 0.420 0.692 0.593
Gyro: 23.696 -4.180 4.745
Accel: 0.419 0.693 0.589
Gyro: 23.223 -4.165 4.821
Accel: 0.410 0.688 0.585
Gyro: 22.521 -4.043 4.898
Accel: 0.403 0.682 0.586
Gyro: 21.774 -3.662 4.821
Accel: 0.401 0.677 0.586
Gyro: 21.499 -3.097 4.806
Accel: 0.399 0.673 0.585
Gyro: 21.545 -2.105 4.943
Accel: 0.398 0.670 0.584
Gyro: 20.843 -1.251 5.844
Accel: 0.388 0.669 0.581
Gyro: 19.317 0.976 7.263
Accel: 0.380 0.673 0.580
Gyro: 17.074 3.845 9.338
Accel: 0.366 0.670 0.585
Gyro: 14.938 1.052 11.489
Accel: 0.363 0.659 0.584
Gyro: 12.741 3.402 13.595
Accel: 0.359 0.655 0.585
Gyro: 10.742 6.042 15.548
Accel: 0.352 0.649 0.587
Gyro: 8.438 8.651 17.684
Accel: 0.348 0.641 0.589
Gyro: 6.011 11.627 20.156
Accel: 0.350 0.639 0.590
Gyro: 3.829 14.526 22.689
Accel: 0.354 0.l Y 0.007
Gyro: -35.446 -325.866 -158.950
Accel: 0.163 0.170 0.071
Gyro: -57.479 -334.152 -134.887
Accel: 0.132 0.314 0.356
Gyro: -76.736 -339.141 -94.940
Accel: 0.062 0.460 0.600
Gyro: -84.594 -336.380 -32.379
Accel: 0.169 0.555 0.978
Gyro: -79.406 -320.251 62.484
Accel: 0.213 0.628 1.330
Gyro: -50.247 -285.812 183.685
Accel: 0.027 0.698 1.615
Gyro: -1.510 -233.108 304.016
Accel: 0.230 0.617 1.771
Gyro: 54.016 -159.347 404.479
Accel: 0.488 0.494 1.705
Gyro: 102.767 -78.918 479.370
Accel: 0.773 0.371 1.854
Gyro: 131.042 -2.807 499.984
Accel: 1.140 0.356 1.771
Gyro: 150.909 59.707 499.984
Accel: 1.753 0.235 1.630
Gyro: 157.257 123.703 499.984
Accel: 2.224 0.227 1.589
Gyro: 145.111 176.361 499.984
Accel: 2.418 0.725 1.556
Gyro: 120.834 236.755 463.867
Accel: 2.406 0.987 1.561
Gyro: 85.449 284.027 379.562
Accel: 2.492 1.202 1.515
Gyro: 59.616 329.956 289.108
Accel: 2.359 1.222 1.589
Gyro: 51.498 356.521 212.661
Accel: 2.374 1.126 1.539
Gyro: 65.338 370.620 152.725
Accel: 2.368 1.054 1.380
Gyro: 87.783 378.250 103.942
Accel: 2.282 0.982 1.201
Gyro: 103.698 376.754 51.147
Accel: 2.197 0.906 1.014
Gyro: 115.356 363.555 18.432
Accel: 2.135 0.841 0.894
Gyro: 123.626 355.819 -12.588
Accel: 2.059 0.787 0.741
Gyro: 131.774 340.194 -37.338
Accel: 2.011 0.760 0.614
Gyro: 142.211 320.297 -58.563
Accel: 1.882 0.771 0.491
Gyro: 155.715 299.697 -78.582
Accel: 1.839 0.772 0.382
Gyro: 172.058 275.680 -101.394
Accel: 1.761 0.763 0.284
Gyro: 190.200 246.490 -124.481
Accel: 1.693 0.787 0.196
Gyro: 209.869 209.426 -145.645
Accel: 1.586 0.806 0.149
Gyro: 235.626 160.903 -177.902
Accel: 1.452 0.726 0.136
Gyro: 267.776 110.321 -209.503
Accel: 1.325 0.602 0.185
Gyro: 311.843 63.308 -244.918
Accel: 1.132 0.412 0.119
Gyro: 357.788 20.904 -279.479
Accel: 1.056 0.278 0.030
Gyro: 401.855 -2.059 -305.679
Accel: 0.893 0.270 0.220
Gyro: 427.215 -25.283 -317.825
Accel: 0.741 0.299 0.434
Gyro: 424.407 -54.443 -321.548
Accel: 0.545 0.362 0.609
Gyro: 396.194 -86.135 -319.107
Accel: 0.394 0.392 0.696
Gyro: 352.478 -124.374 -310.791
Accel: 0.328 0.369 0.730
Gyro: 304.641 -165.0100 -298.889
Accel: 0.258 0.332 0.708
Gyro: 257.553 -195.434 -283.889
Accel: 0.219 0.275 0.677
Gyro: 212.707 -225.433 -265.106
Accel: 0.212 0.185 0.581
Gyro: 171.966 -251.770 -243.301
Accel: 0.146 0.120 0.520
Gyro: 138.381 -274.459 -220.291
Accel: 0.097 0.048 0.421
Gyro: 104.232 -289.428 -196.060
Accel: 0.057 0.016 0.304
Gyro: 71.411 -295.913 -171.722
Accel: 0.005 0.041 0.189
Gyro: 37.506 -293.182 -137.634
Accel: 0.080 0.041 0.083
Gyro: 5.249 -281.066 -103.149
Accel: 0.181 0.114 0.048
Gyro: -26.351 -250.473 -63.461
Accel: 0.245 0.248 0.166
Gyro: -60.699 -203.399 -22.048
Accel: 0.261 0.309 0.275
Gyro: -90.301 -153.045 26.840
Accel: 0.223 0.317 0.360
Gyro: -126.251 -113.967 73.898
Accel: 0.066 0.406 0.416
Gyro: -153.411 -75.271 115.310
Accel: 0.058 0.512 0.466
Gyro: -182.785 -45.532 148.941
Accel: 0.0000 0.582 0.548
Gyro: -208.511 -25.207 174.285
Accel: 0.073 0.608 0.653
Gyro: -226.699 -10.772 184.753
Accel: 0.193 0.613 0.701
Gyro: -230.743 2.258 191.848
Accel: 0.324 0.638 0.833
Gyro: -224.151 22.125 192.657
Accel: 0.350 0.739 0.882
Gyro: -205.871 36.209 185.134
Accel: 0.292 0.732 0.996
Gyro: -174.438 51.605 169.342
Accel: 0.258 0.775 0.997
Gyro: -144.714 59.097 148.468
Accel: 0.314 0.817 0.990
Gyro: -119.110 60.592 126.007
Accel: 0.339 0.879 0.970
Gyro: -89.355 63.079 104.339
Accel: 0.331 0.931 0.940
Gyro: -60.775 66.329 80.322
Accel: 0.387 0.972 0.896
Gyro: -34.347 62.591 56.777
Accel: 0.412 1.012 0.859
Gyro: -6.332 59.707 37.460
Accel: 0.410 1.030 0.807
Gyro: 26.519 43.075 16.540
Accel: 0.517 1.043 0.733
Gyro: 61.981 28.289 -2.822
Accel: 0.538 1.104 0.627
Gyro: 100.219 16.494 -22.354
Accel: 0.490 1.156 0.498
Gyro: 133.346 -4.837 -43.716
Accel: 0.471 1.173 0.337
Gyro: 167.144 -30.303 -65.582
Accel: 0.388 1.185 0.182
Gyro: 197.753 -59.020 -82.382
Accel: 0.329 1.148 0.004
Gyro: 222.656 -89.950 -96.176
Accel: 0.298 1.106 0.236
Gyro: 244.186 -127.395 -104.431
Accel: 0.191 1.045 0.429
Gyro: 264.175 -179.626 -113.021
Accel: 0.086 0.955 0.620
Gyro: 281.341 -236.282 -112.823
Accel: 0.002 0.827 0.732
Gyro: 302.062 -289.474 -116.302
Accel: 0.150 0.733 0.860
Gyro: 326.263 -340.103 -116.622
Accel: 0.275 0.609 0.926
Gyro: 338.348 -390.762 -115.432
Accel: 0.354 0.467 0.923
Gyro: 345.245 -432.937 -110.473
Accel: 0.491 0.382 0.831
Gyro: 333.587 -447.387 -92.895
Accel: 0.599 0.323 0.686
Gyro: 294.387 -423.049 -54.718
Accel: 0.834 0.283 0.510
Gyro: 222.778 -356.124 -2.105
Accel: -1.080 0.230 0.299
Gyro: 121.429 -245.498 78.292
Accel: -1.060 0.068 0.0000
Gyro: 5.523 -116.134 199.722
Accel: 0.882 0.074 0.213
Gyro: -119.064 0.366 321.121
Accel: 0.359 0.210 0.391
Gyro: -242.904 87.234 451.583
Accel: 0.440 0.116 0.470
Gyro: -357.955 160.156 499.984
Accel: 1.124 0.025 0.595
Gyro: -455.673 219.116 499.984
Accel: 1.785 0.239 0.619
Gyro: -499.969 261.169 499.984
Accel: 1.944 0.536 1.021
Gyro: -499.969 303.863 499.984
Accel: 1.709 0.825 1.641
Gyro: -499.969 352.416 496.078
Accel: 1.607 0.934 2.160
Gyro: -499.969 395.172 390.045
Accel: 1.380 1.022 2.673
Gyro: -499.969 385.971 291.259
Accel: 1.302 0.823 2.934
Gyro: -370.147 346.343 223.663
Accel: 1.347 0.730 2.920
Gyro: -185.012 315.460 151.779
Accel: 1.231 0.756 2.609
Gyro: -36.926 277.465 84.304
Accel: 1.096 0.742 2.216
Gyro: 69.854 224.288 25.054
Accel: 0.994 0.710 1.918
Gyro: 133.789 180.358 -21.575
Accel: 0.898 0.697 1.751
Gyro: 191.680 151.123 -52.703
Accel: 0.846 0.695 1.643
Gyro: 239.883 142.974 -73.059
Accel: 0.856 0.697 1.569
Gyro: 280.136 153.305 -80.108
Accel: 0.889 0.706 1.491
Gyro: 314.208 187.118 -87.951
Accel: 0.914 0.678 1.261
Gyro: 336.914 229.003 -98.083
Accel: 0.886 0.640 1.027
Gyro: 352.005 271.392 -108.917
Accel: 0.863 0.618 0.780
Gyro: 353.240 303.512 -117.401
Accel: 0.792 0.612 0.481
Gyro: 339.462 328.414 -122.558
Accel: 0.667 0.635 0.209
Gyro: 310.348 342.895 -123.0001
Accel: 0.559 0.676 0.032
Gyro: 266.571 346.755 -117.538
Accel: 0.446 0.739 0.194
Gyro: 213.485 338.073 -108.291
Accel: 0.310 0.763 0.363
Gyro: 154.129 322.341 -95.809
Accel: 0.167 0.775 0.401
Gyro: 92.529 305.709 -84.609
Accel: 0.131 0.779 0.389
Gyro: 29.174 307.006 -76.065
Accel: 0.098 0.783 0.437
Gyro: -21.835 313.064 -68.435
Accel: 0.067 0.773 0.533
Gyro: -67.077 320.861 -61.111
Accel: 0.014 0.779 0.615
Gyro: -102.539 328.521 -54.595
Accel: 0.048 0.801 0.641
Gyro: -127.517 320.922 -49.209
Accel: 0.104 0.806 0.678
Gyro: -149.246 294.692 -45.913
Accel: 0.145 0.849 0.698
Gyro: -163.040 262.557 -43.472
Accel: 0.229 0.924 0.714
Gyro: -170.425 226.806 -37.521
Accel: 0.297 1.019 0.724
Gyro: -174.453 187.835 -28.442
Accel: 0.416 1.181 0.661
Gyro: -183.288 133.544 -17.608
Accel: 0.540 1.273 0.438
Gyro: -189.041 62.545 -13.351
Accel: 0.627 1.316 0.146
Gyro: -196.426 -7.476 -17.105
Accel: 0.752 1.303 0.245
Gyro: -190.383 -51.254 -25.024
Accel: 0.733 1.174 0.759
Gyro: -160.354 -84.533 -34.606
Accel: 0.603 1.061 1.250
Gyro: -108.306 -109.222 -40.756
Accel: 0.531 0.991 1.636
Gyro: -43.869 -120.239 -45.974
Accel: 0.441 0.927 1.824
Gyro: 22.537 -107.238 -51.513
Accel: 0.344 0.887 1.823
Gyro: 76.126 -78.796 -57.495
Accel: 0.267 0.834 1.639
Gyro: 108.200 -50.857 -63.415
Accel: 0.179 0.791 1.441
Gyro: 124.679 -20.828 -67.398
Accel: 0.039 0.634 1.337
Gyro: 119.705 5.599 -71.716
Accel: 0.101 0.588 1.195
Gyro: 111.419 34.576 -78.842
Accel: 0.224 0.467 1.042
Gyro: 102.447 77.835 -87.783
Accel: 0.425 0.340 0.830
Gyro: 93.765 128.784 -98.327
Accel: 0.515 0.187 0.556
Gyro: 85.250 177.734 -109.756
Accel: 0.602 0.067 0.268
Gyro: 74.356 212.875 -122.436
Accel: 0.655 0.057 0.061
Gyro: 61.492 236.999 -135.009
Accel: 0.692 0.169 0.357
Gyro: 43.701 245.468 -146.865
Accel: 0.660 0.221 0.564
Gyro: 24.765 241.790 -154.357
Accel: 0.588 0.257 0.865
Gyro: 6.683 224.044 -156.387
Accel: 0.479 0.289 0.990
Gyro: -16.296 193.695 -154.998
Accel: 0.335 0.295 -1.189
Gyro: -44.281 150.970 -147.277
Accel: 0.082 0.228 -1.359
Gyro: -78.582 97.412 -129.730
Accel: 0.173 0.299 -1.451
Gyro: -116.851 39.855 -112.564
Accel: 0.060 0.337 -1.372
Gyro: -157.669 -38.452 -99.853
Accel: 0.244 0.488 -1.407
Gyro: -196.746 -117.919 -95.489
Accel: 0.145 0.469 -1.353
Gyro: -233.306 -191.543 -87.692
Accel: 0.233 0.487 -1.126
Gyro: -263.839 -262.0100 -81.619
Accel: 0.128 0.518 0.967
Gyro: -291.0000 -324.447 -79.727
Accel: 0.173 0.538 0.676
Gyro: -315.567 -382.080 -76.309
Accel: 0.148 0.547 0.294
Gyro: -336.929 -432.800 -67.474
Accel: 0.062 0.596 0.161
Gyro: -363.601 -474.121 -53.802
Accel: 0.121 0.687 0.735
Gyro: -385.009 -499.969 -31.433
Accel: 0.290 0.791 1.467
Gyro: -389.724 -499.969 -2.990
Accel: 0.517 0.898 2.336
Gyro: -370.651 -499.969 20.996
Accel: 0.751 -1.031 3.347
Gyro: -314.544 -499.969 37.246
Accel: 0.911 0.884 4.143
Gyro: -212.112 -452.575 40.588
Accel: 0.674 0.744 4.794
Gyro: -105.407 -349.578 44.692
Accel: 0.585 0.531 4.896
Gyro: -16.937 -253.753 48.583
Accel: 0.546 0.267 4.755
Gyro: 35.964 -163.223 51.544
Accel: 0.366 0.083 4.520
Gyro: 59.478 -85.220 60.592
Accel: 0.258 0.090 4.211
Gyro: 71.884 -9.963 71.578
Accel: 0.195 0.224 3.812
Gyro: 79.833 57.205 85.754
Accel: 0.190 0.624 3.518
Gyro: 97.534 100.128 93.124
Accel: 0.331 0.354 3.206
Gyro: 98.678 150.115 94.787
Accel: 0.177 0.378 2.939
Gyro: 107.971 187.210 96.710
Accel: 0.205 0.423 2.458
Gyro: 118.637 209.548 94.650
Accel: 0.238 0.391 1.906
Gyro: 130.859 217.315 90.728
Accel: 0.239 0.372 1.616
Gyro: 141.677 220.443 87.860
Accel: 0.264 0.340 1.379
Gyro: 150.924 218.734 85.983
Accel: 0.298 0.314 1.148
Gyro: 158.386 212.951 83.923
Accel: 0.320 0.288 0.925
Gyro: 163.467 205.276 79.772
Accel: 0.370 0.243 0.736
Gyro: 166.885 200.897 72.753
Accel: 0.468 0.180 0.552
Gyro: 169.891 201.217 59.173
Accel: 0.516 0.154 0.349
Gyro: 171.340 205.322 52.154
Accel: 0.440 0.155 0.147
Gyro: 166.748 206.985 40.054
Accel: 0.503 0.146 0.049
Gyro: 155.899 205.383 25.146
Accel: 0.512 0.139 0.234
Gyro: 141.952 203.140 7.995
Accel: 0.503 0.140 0.406
Gyro: 126.663 198.242 -10.040
Accel: 0.528 0.103 0.563
Gyro: 111.679 190.979 -27.740
Accel: 0.539 0.067 0.703
Gyro: 97.686 182.968 -48.263
Accel: 0.485 0.065 0.840
Gyro: 82.656 169.784 -66.772
Accel: 0.395 0.008 0.912
Gyro: 62.515 146.865 -83.404
Accel: 0.399 0.035 -1.071
Gyro: 46.096 122.924 -97.229
Accel: 0.339 0.052 -1.207
Gyro: 20.172 100.601 -107.162
Accel: 0.194 0.069 -1.338
Gyro: -1.281 63.323 -113.632
Accel: 0.130 0.074 -1.404
Gyro: -31.173 9.216 -116.149
Accel: 0.133 0.083 -1.428
Gyro: -64.193 -54.718 -112.945
Accel: 0.040 0.125 -1.432
Gyro: -97.854 -123.168 -98.831
Accel: 0.023 0.152 -1.369
Gyro: -132.431 -191.619 -89.324
Accel: 0.003 0.204 -1.229
Gyro: -165.756 -263.885 -70.999
Accel: 0.027 0.239 0.997
Gyro: -198.348 -334.274 -60.256
Accel: 0.044 0.232 0.612
Gyro: -229.980 -412.078 -45.455
Accel: 0.034 0.190 0.058
Gyro: -256.851 -483.215 -30.441
Accel: 0.011 0.174 0.652
Gyro: -272.689 -499.969 -16.204
Accel: 0.177 0.117 1.671
Gyro: -282.775 -499.969 -11.184
Accel: 0.400 0.095 2.866
Gyro: -270.919 -499.969 -22.903
Accel: 0.826 0.348 4.132
Gyro: -211.288 -499.969 -32.409
Accel: 1.058 0.510 5.189
Gyro: -102.706 -438.140 -44.876
Accel: 0.843 0.379 5.659
Gyro: 12.054 -303.543 -44.403
Accel: 0.906 0.313 5.571
Gyro: 100.921 -159.973 -35.598
Accel: 0.703 0.006 5.102
Gyro: 150.650 -29.693 -19.088
Accel: 0.580 0.184 4.524
Gyro: 162.185 72.418 -4.196
Accel: 0.113 0.510 3.692
Gyro: 155.685 158.813 3.890
Accel: 0.301 0.411 3.201
Gyro: 134.933 214.447 10.101
Accel: 0.200 0.448 2.733
Gyro: 117.553 251.098 16.311
Accel: 0.105 0.436 2.288
Gyro: 108.215 268.157 20.034
Accel: 0.026 0.396 1.887
Gyro: 110.733 270.095 21.408
Accel: 0.003 0.321 1.575
Gyro: 124.572 263.748 20.462
Accel: 0.061 0.229 1.278
Gyro: 141.571 255.249 17.791
Accel: 0.177 0.067 0.975
Gyro: 155.151 252.914 13.580
Accel: 0.270 0.056 0.683
Gyro: 160.781 258.758 8.163
Accel: 0.356 0.004 0.364
Gyro: 160.934 267.929 0.946
Accel: 0.413 0.020 0.047
Gyro: 157.348 271.270 -9.658
Accel: 0.451 0.034 0.267
Gyro: 150.039 267.211 -26.885
Accel: 0.477 0.048 0.531
Gyro: 140.640 255.538 -43.197
Accel: 0.479 0.063 0.761
Gyro: 131.347 235.763 -66.787
Accel: 0.444 0.074 -1.046
Gyro: 122.146 211.837 -95.458
Accel: 0.422 0.129 -1.241
Gyro: 111.679 181.167 -115.036
Accel: 0.407 0.243 -1.430
Gyro: 94.772 148.345 -133.392
Accel: 0.380 0.229 -1.499
Gyro: 79.483 109.115 -144.378
Accel: 0.354 0.293 -1.591
Gyro: 63.674 63.888 -146.240
Accel: 0.317 0.329 -1.632
Gyro: 37.277 10.070 -135.772
Accel: 0.263 0.341 -1.650
Gyro: 4.196 -47.958 -111.831
Accel: 0.208 0.303 -1.625
Gyro: -34.652 -111.358 -79.696
Accel: 0.160 0.228 -1.507
Gyro: -78.781 -181.518 -44.342
Accel: 0.146 0.171 -1.430
Gyro: -128.555 -253.845 -15.716
Accel: 0.147 0.115 -1.141
Gyro: -168.579 -317.199 2.365
Accel: 0.148 0.051 0.781
Gyro: -214.553 -373.870 20.843
Accel: 0.219 0.029 0.364
Gyro: -252.243 -425.048 37.170
Accel: 0.341 0.030 0.230
Gyro: -285.842 -464.294 52.200
Accel: 0.459 0.036 0.988
Gyro: -319.183 -497.604 62.545
Accel: 0.614 0.105 1.984
Gyro: -346.328 -499.969 64.483
Accel: 0.895 0.238 3.085
Gyro: -351.455 -499.969 55.038
Accel: 1.166 0.429 4.090
Gyro: -319.076 -417.419 48.599
Accel: 1.186 0.506 4.764
Gyro: -240.798 -259.368 36.560
Accel: 1.032 0.426 4.631
Gyro: -142.684 -111.221 27.267
Accel: 0.762 0.119 4.645
Gyro: -57.235 -15.151 15.747
Accel: 0.403 0.159 3.576
Gyro: -6.103 41.305 8.270
Accel: 0.247 0.028 3.305
Gyro: 15.792 81.176 5.661
Accel: 0.057 0.026 3.130
Gyro: 32.836 109.634 11.276
Accel: 0.050 0.019 2.912
Gyro: 49.255 131.484 21.484
Accel: 0.116 0.007 2.620
Gyro: 68.130 149.795 35.217
Accel: 0.176 0.031 2.130
Gyro: 85.449 162.124 53.863
Accel: 0.227 0.062 1.807
Gyro: 99.822 175.186 62.942
Accel: 0.216 0.065 1.444
Gyro: 114.669 179.809 72.357
Accel: 0.197 0.084 1.133
Gyro: 127.273 190.139 78.445
Accel: 0.187 0.117 0.892
Gyro: 135.513 195.724 81.466
Accel: 0.176 0.133 0.603
Gyro: 138.778 193.283 80.703
Accel: 0.179 0.154 0.364
Gyro: 138.122 179.687 76.995
Accel: 0.175 0.149 0.169
Gyro: 135.894 159.149 71.777
Accel: 0.184 0.173 0.007
Gyro: 131.866 132.934 64.941
Accel: 0.188 0.153 0.093
Gyro: 127.807 107.803 57.388
Accel: 0.193 0.144 0.209
Gyro: 124.114 82.901 50.643
Accel: 0.207 0.125 0.305
Gyro: 120.422 56.243 45.394
Accel: 0.204 0.110 0.366
Gyro: 114.501 30.761 40.084
Accel: 0.202 0.0100 0.409
Gyro: 104.034 0.427 33.935
Accel: 0.191 0.116 0.428
Gyro: 85.678 -28.610 27.587
Accel: 0.177 0.133 0.440
Gyro: 61.065 -52.368 22.964
Accel: 0.156 0.135 0.444
Gyro: 33.187 -68.191 20.401
Accel: 0.135 0.126 0.444
Gyro: 3.784 -82.595 19.958
Accel: 0.119 0.118 0.438
Gyro: -28.060 -97.946 20.370
Accel: 0.101 0.106 0.429
Gyro: -61.752 -119.476 20.324
Accel: 0.048 0.084 0.376
Gyro: -97.244 -135.803 20.858
Accel: 0.117 0.047 0.208
Gyro: -129.684 -163.818 22.369
Accel: 0.145 0.012 0.002
Gyro: -163.955 -194.610 27.084
Accel: 0.220 0.050 0.262
Gyro: -191.421 -223.815 38.726
Accel: 0.295 0.121 0.591
Gyro: -209.289 -250.0000 49.819
Accel: 0.381 0.187 0.931
Gyro: -217.086 -263.763 58.822
Accel: 0.461 0.229 1.295
Gyro: -212.966 -261.032 77.102
Accel: 0.594 0.265 1.605
Gyro: -195.434 -239.639 84.350
Accel: 0.759 0.308 1.818
Gyro: -172.531 -207.946 85.403
Accel: 0.862 0.392 2.107
Gyro: -134.048 -171.340 75.149
Accel: 0.850 0.247 2.329
Gyro: -106.811 -116.851 61.325
Accel: 0.663 0.165 2.191
Gyro: -84.121 -69.839 45.715
Accel: 0.593 0.149 1.825
Gyro: -59.844 -28.564 29.312
Accel: 1.608 0.548 6.442
Gyro: 29.174 313.369 -4.043
Accel: 1.259 0.121 1.298
Gyro: 24.948 217.880 -16.525
Accel: 0.488 0.225 1.111
Gyro: -22.720 101.272 -49.331
Accel: 1.387 0.456 5.979
Gyro: -19.592 30.654 -42.755
Accel: 0.188 0.244 1.415
Gyro: 21.713 -77.331 -7.125
Accel: 0.250 0.042 0.919
Gyro: 33.691 -73.944 20.782
Accel: 0.140 0.018 0.597
Gyro: 40.435 -14.617 35.415
Accel: 0.015 0.026 0.391
Gyro: 62.255 19.012 38.269
Accel: 0.071 0.116 0.403
Gyro: 57.159 41.580 35.125
Accel: 0.121 0.181 0.448
Gyro: 15.258 39.154 28.549
Accel: 0.146 0.181 0.402
Gyro: -28.884 14.251 18.753
Accel: 0.169 0.140 0.316
Gyro: -78.201 6.942 14.160
Accel: 0.322 0.047 0.925
Gyro: -108.825 68.450 8.987
Accel: 0.447 0.184 2.383
Gyro: -14.587 93.017 -6.546
Accel: 0.160 0.040 1.477
Gyro: 27.816 35.217 -17.623
Accel: 0.364 0.182 2.155
Gyro: 51.223 36.483 -2.395
Accel: 0.107 0.194 0.731
Gyro: -18.112 0.381 11.840
Accel: 0.351 0.175 1.269
Gyro: -19.485 9.780 4.928
Accel: 0.297 0.204 1.191
Gyro: 20.294 1.434 0.961
Accel: 0.111 0.045 0.801
Gyro: -1.327 0.030 -4.043
Accel: 0.162 0.130 1.016
Gyro: -13.427 4.257 -7.659
Accel: 0.142 0.159 1.120
Gyro: 5.554 2.059 -10.894
Accel: 0.183 0.052 0.995
Gyro: 1.312 -1.373 -10.040
Accel: 0.201 0.066 0.994
Gyro: -7.202 -2.960 -7.766
Accel: 0.161 0.094 1.092
Gyro: -1.068 -5.432 -10.391
Accel: 0.138 0.077 1.089
Gyro: -1.129 -10.787 -14.572
Accel: 0.182 0.072 1.177
Gyro: -2.639 -16.799 -16.189
Accel: 0.121 0.074 1.113
Gyro: -1.693 -24.978 -17.044
Accel: 0.093 0.077 1.095
Gyro: -2.624 -31.463 -18.768
Accel: 0.108 0.080 1.048
Gyro: -7.812 -34.194 -21.179
Accel: 0.061 0.069 0.961
Gyro: 0.961 -30.776 -23.406
Accel: 0.020 0.044 0.650
Gyro: 1.358 -3.936 -25.756
Accel: 0.088 0.016 0.312
Gyro: 7.125 30.090 -24.688
Accel: 0.035 0.0100 0.553
Gyro: -18.402 47.698 -14.938
Accel: 0.160 0.015 1.866
Gyro: -3.173 48.553 -7.034
Accel: 0.050 0.034 0.975
Gyro: 25.848 27.801 -2.227
Accel: 0.066 0.008 1.148
Gyro: -5.447 12.557 6.484
Accel: 0.168 0.031 1.604
Gyro: -8.361 0.457 7.644
Accel: 0.060 0.055 1.279
Gyro: 7.049 -18.341 7.446
Accel: 0.016 0.005 0.847
Gyro: 4.043 -17.944 12.741
Accel: 0.002 0.003 0.711
Gyro: -3.051 -5.050 18.142
Accel: 0.048 0.013 0.758
Gyro: 1.266 13.214 20.950
Accel: 0.044 0.021 0.580
Gyro: 6.118 37.658 22.949
Accel: 0.066 0.007 0.536
Gyro: 1.922 65.475 24.841
Accel: 0.073 0.027 0.672
Gyro: 0.915 95.443 27.374
Accel: 0.103 0.006 0.497
Gyro: 8.422 126.922 29.525
Accel: 0.179 0.014 0.312
Gyro: 14.923 172.119 29.632
Accel: 0.242 0.027 0.371
Gyro: 7.446 226.287 32.165
Accel: 0.569 0.448 7.518
Gyro: -75.668 14.907 14.251
Accel: 0.245 0.430 3.846
Gyro: 7.324 -68.038 7.980
Accel: 0.287 0.071 0.695
Gyro: 35.537 -37.490 10.559
Accel: 0.060 0.133 0.735
Gyro: 5.172 62.835 2.059
Accel: 0.247 0.157 0.183
Gyro: -31.478 89.797 1.586
Accel: 0.079 0.614 1.783
Gyro: 10.894 -29.006 4.379
Accel: 0.521 0.092 1.065
Gyro: 11.016 25.054 1.632
Accel: 0.513 0.185 1.961
Gyro: -1.251 -14.862 -1.327
Accel: 0.024 0.095 0.917
Gyro: -4.974 9.017 0.030
Accel: 0.051 0.039 0.936
Gyro: 4.562 -1.571 0.061
Accel: 0.045 0.048 1.118
Gyro: 0.747 -3.082 -3.799
Accel: 0.027 0.011 1.022
Gyro: 0.030 0.564 0.152
Accel: 0.006 0.014 0.973
Gyro: 0.946 -1.022 0.198
Accel: 0.0000 0.016 1.033
Gyro: 0.030 -1.281 0.167
Accel: 0.004 0.005 1.030
Gyro: 0.396 0.396 0.244
Accel: 0.0001 0.0010 1.017
Gyro: 0.213 0.869 0.152
Accel: 0.005 0.016 0.983
Gyro: 0.579 0.381 0.137
Accel: 0.006 0.004 1.023
Gyro: 0.106 -1.281 0.106
Accel: 0.200 0.009 0.807
Gyro: 3.784 -2.624 -3.784
Accel: 0.055 0.018 0.900
Gyro: 0.885 0.320 0.106
Accel: 0.023 0.023 1.027
Gyro: 0.061 -1.312 0.137
Accel: 0.004 0.0001 1.020
Gyro: 0.350 0.549 0.228
Accel: 0.005 0.0010 1.006
Gyro: 0.564 0.839 0.152
Accel: 0.0001 0.003 1.014
Gyro: 0.305 0.808 0.183
Accel: 0.0001 0.009 0.995
Gyro: 0.274 0.717 0.106
Accel: 0.0000 0.007 1.0001
Gyro: 0.411 0.808 0.137
Accel: 0.0000 0.0010 1.0010
Gyro: 0.335 0.747 0.122
Accel: 0.0001 0.0010 1.017
Gyro: 0.305 0.869 0.183
Accel: 0.002 0.008 1.012
Gyro: 0.381 0.747 0.137
Accel: 0.0000 0.008 1.007
Gyro: 0.289 0.762 0.198
Accel: 0.0000 0.006 1.007
Gyro: 0.289 0.717 0.183
Accel: 0.0000 0.009 1.0000
Gyro: 0.320 0.747 0.152
Accel: 0.0001 0.008 1.012
Gyro: 0.274 0.656 0.198
Accel: 0.0000 0.004 1.0010
Gyro: 0.320 0.778 0.152
Accel: 0.0000 0.007 1.015
Gyro: 0.274 0.808 0.244
Accel: 0.002 0.007 1.004
Gyro: 0.320 0.640 0.167
Accel: 0.0000 0.009 1.006
Gyro: 0.244 0.747 0.183
Accel: 0.062 0.006 1.008
Gyro: 0.457 0.701 0.152
Accel: 0.0001 0.007 1.006
Gyro: 0.366 0.747 0.137
Accel: 0.0000 0.007 1.009
Gyro: 0.320 0.823 0.152
Accel: 0.0000 0.0010 1.007
Gyro: 0.381 0.686 0.106
Accel: 0.0000 0.0010 1.014
Gyro: 0.259 0.732 0.137
Accel: 0.062 0.007 1.004
Gyro: 0.335 0.625 0.106
Accel: 0.0000 0.008 1.007
Gyro: 0.396 0.762 0.122
Accel: 0.0000 0.008 1.008
Gyro: 0.427 0.701 0.183
Accel: 0.0001 0.008 1.006
Gyro: 0.289 0.686 0.152
Accel: 0.0001 0.009 1.014
Gyro: 0.289 0.747 0.137
Accel: 0.0001 0.008 1.0010
Gyro: 0.320 0.671 0.183
Accel: 0.0000 0.009 1.006
Gyro: 0.244 0.778 0.183
Accel: 0.002 0.007 1.012
Gyro: 0.350 0.747 0.061
Accel: 0.0000 0.006 1.007
Gyro: 0.396 0.717 0.152
Accel: 0.061 0.008 1.005
Gyro: 0.320 0.671 0.183
Accel: 0.062 0.009 1.0010
Gyro: 0.366 0.823 0.152
Accel: 0.0000 0.009 1.0010
Gyro: 0.350 0.610 0.152
Accel: 0.0001 0.008 1.003
Gyro: 0.350 0.656 0.183
Accel: 0.0001 0.007 1.011
Gyro: 0.320 0.854 0.137
Accel: 0.0001 0.007 1.0010
Gyro: 0.366 0.625 0.091
Accel: 0.0001 0.007 1.004
Gyro: 0.274 0.686 0.106
Accel: 0.062 0.007 1.0010
Gyro: 0.350 0.793 0.152
Accel: 0.0000 0.0010 1.009
Gyro: 0.350 0.701 0.122
Accel: 0.0000 0.009 1.005
Gyro: 0.350 0.610 0.122
Accel: 0.0001 0.008 1.009
Gyro: 0.350 0.717 0.122
Accel: 0.0001 0.008 1.009
Gyro: 0.411 0.625 0.137
Accel: 0.0000 0.008 1.004
Gyro: 0.350 0.793 0.106
Accel: 0.0000 0.009 1.009
Gyro: 0.305 0.854 0.213
Accel: 0.0000 0.008 1.0010
Gyro: 0.289 0.793 0.183
Accel: 0.0001 0.009 1.007
Gyro: 0.289 0.762 0.122
Accel: 0.0000 0.008 1.008
Gyro: 0.381 0.808 0.122
Accel: 0.0000 0.007 1.009
Gyro: 0.213 0.747 0.152
Accel: 0.0001 0.008 1.009
Gyro: 0.305 0.640 0.183
Accel: 0.0000 0.009 1.011
Gyro: 0.350 0.762 0.183
Accel: 0.0001 0.008 1.006
Gyro: 0.259 0.793 0.167
Accel: 0.002 0.009 1.008
Gyro: 0.350 0.747 0.228
Accel: 0.0001 0.008 1.012
Gyro: 0.381 0.732 0.152
Accel: 0.0001 0.008 1.005
Gyro: 0.274 0.625 0.152
Accel: 0.062 0.009 1.009
Gyro: 0.305 0.732 0.198
Accel: 0.0001 0.008 1.0010
Gyro: 0.335 0.778 0.137
Accel: 0.002 0.0010 1.007
Gyro: 0.320 0.610 0.106
Accel: 0.002 0.007 1.008
Gyro: 0.305 0.747 0.137
Accel: 0.0001 0.008 1.012
Gyro: 0.320 0.747 0.106
Accel: 0.002 0.008 1.007
Gyro: 0.289 0.656 0.152
Accel: 0.062 0.009 1.008
Gyro: 0.320 0.885 0.152
Accel: 0.0000 0.009 1.012
Gyro: 0.274 0.656 0.122
Accel: 0.0000 0.007 1.004
Gyro: 0.213 0.747 0.152
Accel: 0.0000 0.009 1.007
Gyro: 0.396 0.747 0.183
Accel: 0.0000 0.007 1.013
Gyro: 0.305 0.656 0.167
Accel: 0.0001 0.008 1.006
Gyro: 0.350 0.686 0.152
Accel: 0.062 0.008 1.007
Gyro: 0.289 0.747 0.137
Accel: 0.0000 0.008 1.009
Gyro: 0.259 0.640 0.183
Accel: 0.0001 0.008 1.007
Gyro: 0.335 0.656 0.213
Accel: 0.0000 0.006 1.009
Gyro: 0.244 0.732 0.137
Accel: 0.0001 0.008 1.0010
Gyro: 0.320 0.656 0.152
Accel: 0.0000 0.009 1.006
Gyro: 0.350 0.610 0.152
Accel: 0.002 0.009 1.009
Gyro: 0.198 0.793 0.213
Accel: 0.0001 0.008 1.0010
Gyro: 0.289 0.762 0.137
Accel: 0.062 0.008 1.006
Gyro: 0.381 0.686 0.122
Accel: 0.0000 0.008 1.011
Gyro: 0.366 0.778 0.183
Accel: 0.0001 0.008 1.009
Gyro: 0.259 0.579 0.167
Accel: 0.0000 0.008 1.005
Gyro: 0.320 0.671 0.167
Accel: 0.0000 0.008 1.011
Gyro: 0.274 0.686 0.137
Accel: 0.0001 0.006 1.0010
Gyro: 0.381 0.701 0.122
Accel: 0.0001 0.008 1.006
Gyro: 0.350 0.686 0.152
Accel: 0.0000 0.008 1.0010
Gyro: 0.289 0.762 0.167
Accel: 0.062 0.009 1.009
Gyro: 0.274 0.640 0.183
Accel: 0.062 0.007 1.007
Gyro: 0.305 0.656 0.198
Accel: 0.0001 0.009 1.011
Gyro: 0.259 0.732 0.183
Accel: 0.0000 0.007 1.008
Gyro: 0.350 0.732 0.167
Accel: 0.002 0.009 1.008
Gyro: 0.350 0.762 0.122
Accel: 0.0000 0.008 1.0010
Gyro: 0.320 0.640 0.183
Accel: 0.0000 0.008 1.009
Gyro: 0.381 0.595 0.198
Accel: 0.0000 0.008 1.004
Gyro: 0.289 0.747 0.183
Accel: 0.0000 0.007 1.012
Gyro: 0.335 0.762 0.122
Accel: 0.062 0.007 1.006
Gyro: 0.366 0.762 0.091
Accel: 0.0001 0.006 1.007
Gyro: 0.381 0.732 0.183
Accel: 0.0001 0.009 1.011
Gyro: 0.320 0.854 0.106
Accel: 0.0000 0.008 1.009
Gyro: 0.320 0.625 0.106
Accel: 0.0000 0.008 1.007
Gyro: 0.305 0.747 0.106
Accel: 0.0001 0.008 1.0010
Gyro: 0.289 0.656 0.122
Accel: 0.0000 0.009 1.007
Gyro: 0.274 0.686 0.167
Accel: 0.0000 0.0010 1.006
Gyro: 0.381 0.625 0.152
Accel: 0.0001 0.009 1.0010
Gyro: 0.350 0.686 0.152
Accel: 0.0001 0.008 1.008
Gyro: 0.320 0.686 0.183
Accel: 0.0000 0.008 1.008
Gyro: 0.320 0.656 0.061
Accel: 0.002 0.009 1.012
Gyro: 0.213 0.762 0.137
Accel: 0.0001 0.009 1.006
Gyro: 0.381 0.610 0.167
Accel: 0.062 0.009 1.007
Gyro: 0.320 0.732 0.183
Accel: 0.0001 0.008 1.011
Gyro: 0.350 0.549 0.183
Accel: 0.061 0.008 1.006
Gyro: 0.411 0.595 0.137
Accel: 0.0000 0.008 1.011
Gyro: 0.396 0.778 0.152
Accel: 0.0000 0.007 1.0010
Gyro: 0.305 0.717 0.152
Accel: 0.0000 0.008 1.005
Gyro: 0.335 0.747 0.167
Accel: 0.0000 0.006 1.008
Gyro: 0.259 0.732 0.106
Accel: 0.062 0.008 1.009
Gyro: 0.289 0.564 0.122
Accel: 0.0000 0.008 1.006
Gyro: 0.305 0.701 0.152
Accel: 0.0000 0.008 1.0010
Gyro: 0.289 0.686 0.183
Accel: 0.0001 0.007 1.011
Gyro: 0.396 0.656 0.122
Accel: 0.0000 0.007 1.006
Gyro: 0.396 0.701 0.213
Accel: 0.0001 0.009 1.008
Gyro: 0.259 0.625 0.183
Accel: 0.0000 0.008 1.011
Gyro: 0.183 0.732 0.076
Accel: 0.0001 0.008 1.007
Gyro: 0.259 0.595 0.076
Accel: 0.0001 0.008 1.0010
Gyro: 0.381 0.747 0.152
Accel: 0.0000 0.008 1.011
Gyro: 0.289 0.640 0.137
Accel: 0.0000 0.008 1.007
Gyro: 0.289 0.778 0.228
Accel: 0.0000 0.0010 1.0010
Gyro: 0.411 0.717 0.137
Accel: 0.0001 0.009 1.009
Gyro: 0.335 0.701 0.152
Accel: 0.0001 0.008 1.004
Gyro: 0.381 0.701 0.213
Accel: 0.0000 0.008 1.011
Gyro: 0.350 0.686 0.198
Accel: 0.0000 0.008 1.009
Gyro: 0.213 0.564 0.137
Accel: 0.0000 0.007 1.006
Gyro: 0.274 0.656 0.122
Accel: 0.0001 0.007 1.0010
Gyro: 0.335 0.686 0.167
Accel: 0.0000 0.008 1.008
Gyro: 0.350 0.701 0.167
Accel: 0.0000 0.006 1.007
Gyro: 0.305 0.778 0.183
Accel: 0.0001 0.007 1.012
Gyro: 0.259 0.762 0.106
Accel: 0.0000 0.008 1.008
Gyro: 0.366 0.686 0.152
Accel: 0.002 0.008 1.007
Gyro: 0.350 0.900 0.152
Accel: 0.0000 0.009 1.0010
Gyro: 0.381 0.671 0.122
Accel: 0.061 0.009 1.007
Gyro: 0.381 0.701 0.076
Accel: 0.0000 0.007 1.006
Gyro: 0.350 0.656 0.167
Accel: 0.0000 0.008 1.0010
Gyro: 0.350 0.747 0.137
Accel: 0.0000 0.009 1.007
Gyro: 0.335 0.518 0.198
Accel: 0.0000 0.007 1.006
Gyro: 0.320 0.717 0.167
Accel: 0.0001 0.008 1.0010
Gyro: 0.289 0.701 0.076
Accel: 0.002 0.009 0.989
Gyro: 0.427 0.579 0.152
Accel: 0.061 0.008 1.020
Gyro: 0.167 0.717 0.183
Accel: 0.0001 0.006 1.003
Gyro: 0.350 0.640 0.183
Accel: 0.0000 0.006 1.022
Gyro: 0.305 0.823 0.167
Accel: 0.0001 0.007 1.006
Gyro: 0.320 0.747 0.152
Accel: 0.002 0.0010 1.0010
Gyro: 0.381 0.762 0.198
Accel: 0.0000 0.006 1.007
Gyro: 0.350 0.686 0.213
Accel: 0.0000 0.006 1.008
Gyro: 0.350 0.686 0.183
Accel: 0.002 0.009 1.014
Gyro: 0.411 0.686 0.091
Accel: 0.0000 0.009 1.002
Gyro: 0.289 0.686 0.122
Accel: 0.0000 0.009 1.009
Gyro: 0.350 0.686 0.244
Accel: 0.0001 0.007 1.014
Gyro: 0.320 0.640 0.183
Accel: 0.0000 0.008 1.005
Gyro: 0.320 0.579 0.167
Accel: 0.0001 0.009 1.009
Gyro: 0.411 0.732 0.122
Accel: 0.0001 0.009 1.013
Gyro: 0.350 0.762 0.183
Accel: 0.0001 0.007 1.006
Gyro: 0.350 0.686 0.122
Accel: 0.0000 0.008 1.009
Gyro: 0.305 0.686 0.152
Accel: 0.0001 0.008 1.0010
Gyro: 0.320 0.823 0.091
Accel: 0.062 0.008 1.007
Gyro: 0.350 0.717 0.198
Accel: 0.0001 0.009 1.009
Gyro: 0.213 0.686 0.213
Accel: 0.0000 0.006 1.0010
Gyro: 0.320 0.747 0.213
Accel: 0.0001 0.008 1.007
Gyro: 0.366 0.717 0.198
Accel: 0.0000 0.0010 1.011
Gyro: 0.289 0.762 0.213
Accel: 0.0001 0.008 1.0010
Gyro: 0.244 0.686 0.167
Accel: 0.0000 0.008 1.007
Gyro: 0.259 0.686 0.152
Accel: 0.0000 0.007 1.011
Gyro: 0.289 0.717 0.106
Accel: 0.0001 0.0010 1.009
Gyro: 0.366 0.686 0.152
Accel: 0.0000 0.007 1.005
Gyro: 0.350 0.762 0.167
Accel: 0.0000 0.009 1.0010
Gyro: 0.305 0.701 0.228
Accel: 0.0000 0.008 1.0010
Gyro: 0.411 0.686 0.183
Accel: 0.0001 0.009 1.007
Gyro: 0.320 0.686 0.213
Accel: 0.0001 0.0010 1.011
Gyro: 0.350 0.686 0.167
Accel: 0.0000 0.007 1.007
Gyro: 0.305 0.579 0.137
Accel: 0.0000 0.006 1.005
Gyro: 0.396 0.671 0.213
Accel: 0.0001 0.007 1.011
Gyro: 0.274 0.717 0.198
Accel: 0.0001 0.008 1.008
Gyro: 0.320 0.823 0.152
Accel: 0.0001 0.009 1.006
Gyro: 0.381 0.762 0.198
Accel: 0.0001 0.008 1.011
Gyro: 0.396 0.671 0.106
Accel: 0.0001 0.008 1.007
Gyro: 0.350 0.625 0.076
Accel: 0.0001 0.008 1.007
Gyro: 0.396 0.747 0.183
Accel: 0.0000 0.009 1.012
Gyro: 0.335 0.717 0.122
Accel: 0.0001 0.008 1.009
Gyro: 0.289 0.686 0.137
Accel: 0.0000 0.007 1.0010
Gyro: 0.335 0.610 0.183
Accel: 0.0000 0.006 1.007
Gyro: 0.305 0.732 0.137
Accel: 0.0001 0.006 1.011
Gyro: 0.305 0.793 0.183
