Accel: 0.004 0.0000 1.006
Gyro: 0.091 0.610 0.213
Accel: 0.004 0.0000 1.002
Gyro: 0.0000 0.701 0.167
Accel: 0.005 0.003 1.006
Gyro: 0.259 0.808 0.244
Accel: 0.003 0.0000 1.008
Gyro: 0.183 0.823 0.167
Accel: 0.005 0.0000 1.007
Gyro: 0.076 0.762 0.198
Accel: 0.005 0.0000 1.013
Gyro: 0.091 0.732 0.259
Accel: 0.004 0.002 1.0010
Gyro: 0.213 0.793 0.183
Accel: 0.004 0.0000 1.007
Gyro: 0.335 0.686 0.183
Accel: 0.004 0.003 1.008
Gyro: 0.457 0.778 0.137
Accel: 0.002 0.003 1.009
Gyro: 0.427 0.640 0.213
Accel: 0.002 0.002 1.008
Gyro: 0.411 0.717 0.152
Accel: 0.004 0.0001 1.007
Gyro: 0.274 0.701 0.167
Accel: 0.004 0.061 1.012
Gyro: 0.259 0.762 0.183
Accel: 0.003 0.0000 1.008
Gyro: 0.381 0.686 0.183
Accel: 0.003 0.0000 1.007
Gyro: 0.457 0.686 0.183
Accel: 0.003 0.0001 1.003
Gyro: 0.381 0.717 0.152
Accel: 0.004 0.0001 1.007
Gyro: 0.427 0.747 0.152
Accel: 0.006 0.0000 1.0010
Gyro: 0.213 0.793 0.183
Accel: 0.004 0.0000 1.0010
Gyro: 0.213 0.717 0.198
Accel: 0.003 0.0001 1.0010
Gyro: 0.244 0.671 0.152
Accel: 0.005 0.0000 1.009
Gyro: 0.305 0.762 0.137
Accel: 0.004 0.0000 1.003
Gyro: 0.305 0.640 0.198
Accel: 0.004 0.0000 1.003
Gyro: 0.289 0.701 0.152
Accel: 0.004 0.0000 1.012
Gyro: 0.076 0.701 0.244
Accel: 0.0001 0.0000 1.0010
Gyro: 0.045 0.793 0.137
Accel: 0.005 0.0000 1.012
Gyro: 0.244 0.747 0.076
Accel: 0.004 0.0000 1.013
Gyro: 0.167 0.656 0.152
Accel: 0.004 0.002 1.006
Gyro: 0.350 0.656 0.106
Accel: 0.004 0.0001 1.002
Gyro: 0.396 0.808 0.137
Accel: 0.002 0.0001 1.011
Gyro: 0.137 0.671 0.198
Accel: 0.003 0.0000 1.007
Gyro: 0.213 0.762 0.228
Accel: 0.003 0.0000 1.011
Gyro: 0.213 0.686 0.198
Accel: 0.004 0.0000 1.011
Gyro: 0.152 0.717 0.091
Accel: 0.005 0.0000 1.006
Gyro: 0.396 0.747 0.152
Accel: 0.003 0.062 1.004
Gyro: 0.350 0.717 0.198
Accel: 0.003 0.058 0.955
Gyro: 0.152 0.961 -1.388
Accel: 0.108 0.003 0.902
Gyro: -12.344 1.312 -6.835
Accel: 0.006 0.028 1.040
Gyro: -9.262 -1.953 -7.064
Accel: 0.0001 0.041 1.031
Gyro: -2.899 0.839 -7.125
Accel: 0.020 0.032 1.015
Gyro: 2.441 0.457 -7.781
Accel: 0.066 0.033 0.996
Gyro: 3.524 0.137 -7.720
Accel: 0.053 0.013 1.015
Gyro: 3.341 0.595 -5.020
Accel: 0.011 0.044 1.175
Gyro: 15.609 1.800 0.473
Accel: 0.034 0.035 0.995
Gyro: 9.811 0.747 0.167
Accel: 0.062 0.018 0.952
Gyro: 1.846 -1.586 0.259
Accel: 0.0010 0.017 0.999
Gyro: -3.372 0.396 0.305
Accel: 0.007 0.007 1.031
Gyro: -3.036 0.625 0.274
Accel: 0.0001 0.012 1.029
Gyro: 0.320 0.991 0.213
Accel: 0.004 0.004 1.023
Gyro: 2.471 0.839 0.167
Accel: 0.004 0.003 1.012
Gyro: 2.227 0.854 0.167
Accel: 0.004 0.006 1.003
Gyro: 0.411 0.778 0.213
Accel: 0.004 0.0001 1.007
Gyro: 0.457 0.732 0.198
Accel: 0.004 0.0001 1.014
Gyro: 0.274 0.701 0.198
Accel: 0.004 0.0001 1.011
Gyro: 0.305 0.701 0.106
Accel: 0.003 0.0000 1.005
Gyro: 0.701 0.762 0.244
Accel: 0.003 0.0001 1.008
Gyro: 0.595 0.717 0.183
Accel: 0.004 0.0001 1.006
Gyro: 0.350 0.686 0.091
Accel: 0.004 0.0000 1.005
Gyro: 0.198 0.656 0.228
Accel: 0.003 0.0001 1.009
Gyro: 0.350 0.747 0.152
Accel: 0.002 0.0000 1.009
Gyro: 0.503 0.747 0.228
Accel: 0.004 0.0000 1.005
Gyro: 0.457 0.671 0.152
Accel: 0.004 0.0001 1.008
Gyro: 0.289 0.656 0.152
Accel: 0.004 0.0001 1.0010
Gyro: 0.350 0.701 0.076
Accel: 0.003 0.0000 1.008
Gyro: 0.396 0.656 0.106
Accel: 0.002 0.0000 1.013
Gyro: 0.289 0.762 0.137
Accel: 0.004 0.0000 1.008
Gyro: 0.350 0.640 0.122
Accel: 0.003 0.0000 1.008
Gyro: 0.427 0.717 0.137
Accel: 0.004 0.0001 1.007
Gyro: 0.381 0.686 0.122
Accel: 0.004 0.0001 1.008
Gyro: 0.274 0.747 0.183
Accel: 0.003 0.0001 1.0010
Gyro: 0.335 0.717 0.259
Accel: 0.004 0.0000 1.0010
Gyro: 0.289 0.747 0.152
Accel: 0.004 0.0000 1.007
Gyro: 0.335 0.640 0.167
Accel: 0.002 0.0000 1.006
Gyro: 0.320 0.640 0.137
Accel: 0.003 0.0000 1.0010
Gyro: 0.274 0.717 0.198
Accel: 0.004 0.0000 1.005
Gyro: 0.305 0.686 0.183
Accel: 0.003 0.0001 1.0010
Gyro: 0.320 0.656 0.213
Accel: 0.0001 0.0000 1.012
Gyro: 0.289 0.717 0.152
Accel: 0.004 0.0000 1.008
Gyro: 0.350 0.686 0.106
Accel: 0.003 0.0000 1.006
Gyro: 0.335 0.701 0.167
Accel: 0.006 0.0000 1.0010
Gyro: 0.274 0.732 0.213
Accel: 0.002 0.0000 1.005
Gyro: 0.350 0.717 0.152
Accel: 0.004 0.0000 1.009
Gyro: 0.274 0.671 0.152
Accel: 0.004 0.0001 1.009
Gyro: 0.198 0.549 0.183
Accel: 0.005 0.002 1.0000
Gyro: 0.778 0.534 0.259
Accel: 0.003 0.0001 1.0010
Gyro: 0.869 0.732 0.198
Accel: 0.004 0.002 1.014
Gyro: 0.015 0.793 0.228
Accel: 0.003 0.0001 1.008
Gyro: 0.885 0.732 0.106
Accel: 0.003 0.062 1.006
Gyro: 0.885 0.717 0.152
Accel: 0.005 0.0001 1.006
Gyro: 0.335 0.732 0.198
Accel: 0.004 0.002 1.006
Gyro: 0.091 0.793 0.183
Accel: 0.004 0.0000 1.0010
Gyro: 0.061 0.793 0.320
Accel: 0.003 0.0001 1.011
Gyro: 0.106 0.778 0.167
Accel: 0.004 0.0001 1.009
Gyro: 0.625 0.701 0.289
Accel: 0.005 0.062 1.011
Gyro: 0.854 0.762 0.183
Accel: 0.004 0.0000 1.008
Gyro: 0.778 0.778 0.167
Accel: 0.003 0.061 1.006
Gyro: 0.762 0.701 0.076
Accel: 0.004 0.0001 1.008
Gyro: 0.534 0.701 0.152
Accel: 0.003 0.0000 1.009
Gyro: 0.381 0.701 0.106
Accel: 0.003 0.0000 1.007
Gyro: 0.320 0.656 0.198
Accel: 0.003 0.0000 1.0010
Gyro: 0.427 0.747 0.228
Accel: 0.004 0.0000 1.007
Gyro: 0.320 0.747 0.228
Accel: 0.003 0.0001 1.003
Gyro: 0.061 0.656 0.183
Accel: 0.003 0.002 1.006
Gyro: 0.701 0.732 0.228
Accel: 0.0001 0.0000 1.0001
Gyro: -1.403 0.595 0.564
Accel: 0.0001 0.006 1.011
Gyro: -1.220 0.762 2.105
Accel: 0.0001 0.005 1.021
Gyro: 0.045 0.473 7.629
Accel: 0.0000 0.003 1.011
Gyro: 0.976 0.747 4.806
Accel: 0.003 0.0000 1.006
Gyro: 1.022 0.549 5.325
Accel: 0.002 0.007 1.061
Gyro: 0.091 0.503 5.630
Accel: 0.002 0.0000 0.938
Gyro: -1.800 0.503 6.607
Accel: 0.018 0.005 1.0000
Gyro: -4.043 0.259 7.400
Accel: 0.030 0.004 1.029
Gyro: -6.500 3.555 7.934
Accel: 0.053 0.018 1.051
Gyro: -10.940 12.390 7.385
Accel: 0.048 0.014 1.066
Gyro: -15.441 17.059 6.500
Accel: 0.0000 0.073 1.052
Gyro: 5.081 13.336 5.905
Accel: 0.049 0.006 0.932
Gyro: 0.610 11.596 4.547
Accel: 0.004 0.004 1.009
Gyro: -1.815 8.193 4.165
Accel: 0.0001 0.004 1.109
Gyro: -2.700 15.533 4.089
Accel: 0.019 0.008 1.214
Gyro: -11.138 19.912 4.501
Accel: 0.040 0.007 1.252
Gyro: -15.731 30.075 6.347
Accel: 0.049 0.029 1.238
Gyro: -26.031 39.337 10.101
Accel: 0.052 0.054 1.188
Gyro: -36.254 46.752 14.999
Accel: 0.050 0.071 1.161
Gyro: -45.654 52.780 20.767
Accel: 0.023 0.063 1.140
Gyro: -53.878 57.098 25.848
Accel: 0.012 0.077 1.150
Gyro: -59.524 61.050 28.991
Accel: 0.062 0.238 1.292
Gyro: -41.336 61.752 27.557
Accel: 0.066 0.060 0.983
Gyro: -25.619 64.865 21.331
Accel: 0.034 0.096 0.744
Gyro: -29.769 73.211 12.313
Accel: 0.057 0.082 0.900
Gyro: -22.186 67.642 7.659
Accel: 0.105 0.022 0.941
Gyro: -18.890 64.254 6.347
Accel: 0.154 0.041 0.945
Gyro: -19.027 60.867 7.049
Accel: 0.166 0.071 0.961
Gyro: -21.392 57.312 8.483
Accel: 0.169 0.102 0.986
Gyro: -24.444 9.292 0.244
Accel: 0.085 0.821 0.764
Gyro: 8.544 8.636 0.244
Accel: 0.087 0.822 0.738
Gyro: 12.802 8.056 0.198
Accel: 0.084 0.819 0.711
Gyro: 15.441 7.431 0.137
Accel: 0.086 0.824 0.687
Gyro: 16.754 6.896 0.061
Accel: 0.084 0.822 0.667
Gyro: 17.059 6.698 0.015
Accel: 0.081 0.820 0.644
Gyro: 16.540 6.256 3.860
Accel: 0.083 0.819 0.563
Gyro: 15.396 5.462 0.213
Accel: 0.084 0.815 0.605
Gyro: 14.053 4.608 0.595
Accel: 0.077 0.808 0.587
Gyro: 12.619 3.829 0.946
Accel: 0.073 0.799 0.567
Gyro: 10.681 3.128 1.388
Accel: 0.072 0.794 0.553
Gyro: 8.407 2.120 1.846
Accel: 0.062 0.790 0.547
Gyro: 6.011 1.281 2.029
Accel: 0.052 0.781 0.545
Gyro: 2.975 0.701 1.968
Accel: 0.047 0.772 0.563
Gyro: 0.122 0.473 1.541
Accel: 0.048 0.761 0.593
Gyro: -3.189 0.320 1.068
Accel: 0.053 0.688 0.617
Gyro: -5.172 0.610 0.839
Accel: 0.063 0.743 0.645
Gyro: -6.134 2.075 0.885
Accel: 0.075 0.740 0.659
Gyro: -6.469 3.143 1.129
Accel: 0.072 0.734 0.684
Gyro: -6.683 3.479 1.205
Accel: 0.073 0.736 0.703
Gyro: -6.607 3.326 1.235
Accel: 0.075 0.736 0.728
Gyro: -5.401 3.158 0.930
Accel: 0.071 0.736 0.746
Gyro: -2.563 2.304 0.411
Accel: 0.071 0.734 0.768
Gyro: 1.312 1.083 0.152
Accel: 0.072 0.744 0.790
Gyro: 6.301 0.701 0.244
Accel: 0.046 0.759 0.868
Gyro: 7.080 5.935 1.235
Accel: 0.073 0.774 0.804
Gyro: 6.256 8.529 1.495
Accel: 0.079 0.804 0.768
Gyro: 6.805 8.758 0.778
Accel: 0.072 0.834 0.787
Gyro: 8.544 9.567 0.595
Accel: 0.066 0.825 0.793
Gyro: 15.441 10.131 -1.129
Accel: 0.074 0.829 0.781
Gyro: 15.869 9.338 -1.617
Accel: 0.093 0.836 0.757
Gyro: 21.469 8.087 -1.785
Accel: 0.101 0.843 0.749
Gyro: 26.092 6.286 -1.510
Accel: 0.113 0.851 0.748
Gyro: 28.549 4.730 -1.113
Accel: 0.127 0.864 0.740
Gyro: 28.854 3.433 0.640
Accel: 0.134 0.871 0.748
Gyro: 26.840 0.793 0.564
Accel: 0.127 0.936 0.769
Gyro: 24.108 -1.403 -1.068
Accel: 0.123 0.884 0.809
Gyro: 22.476 -2.746 -2.029
Accel: 0.129 0.878 0.854
Gyro: 22.735 -4.043 -3.280
Accel: 0.127 0.870 0.882
Gyro: 26.168 -3.890 -4.776
Accel: 0.119 0.860 0.894
Gyro: 33.264 -3.494 -6.088
Accel: 0.109 0.844 0.912
Gyro: 41.870 -2.655 -7.110
Accel: 0.097 0.834 0.927
Gyro: 50.827 -1.754 -7.583
Accel: 0.102 0.816 0.939
Gyro: 57.479 -1.831 -7.659
Accel: 0.110 0.804 0.947
Gyro: 63.949 -1.953 -6.927
Accel: 0.115 0.798 0.934
Gyro: 71.273 -2.868 -5.935
Accel: 0.122 0.788 0.895
Gyro: 81.787 -4.074 -4.638
Accel: 0.129 0.768 0.839
Gyro: 94.573 -6.698 -2.716
Accel: 0.129 0.740 0.767
Gyro: 107.635 -10.437 3.799
Accel: 0.132 0.722 0.699
Gyro: 119.277 -12.237 2.578
Accel: 0.131 0.713 0.604
Gyro: 127.273 -12.939 5.035
Accel: 0.140 0.715 0.492
Gyro: 136.535 -13.610 7.263
Accel: 0.137 0.709 0.379
Gyro: 134.277 -15.380 9.338
Accel: 0.126 0.696 0.275
Gyro: 131.835 -19.409 11.016
Accel: 0.122 0.683 0.178
Gyro: 127.700 -23.132 12.451
Accel: 0.119 0.673 0.071
Gyro: 122.772 -25.329 13.351
Accel: 0.109 0.666 0.056
Gyro: 115.142 -25.238 14.022
Accel: 0.107 0.667 0.169
Gyro: 102.203 -24.963 14.343
Accel: 0.106 0.681 0.284
Gyro: 84.899 -24.261 14.495
Accel: 0.103 0.689 0.436
Gyro: 56.793 -22.872 14.373
Accel: 0.099 0.694 0.430
Gyro: 34.271 -22.766 14.678
Accel: 0.088 0.711 0.448
Gyro: 6.942 -23.117 15.319
Accel: 0.065 0.751 0.414
Gyro: -19.897 -21.911 15.594
Accel: 0.045 0.784 0.344
Gyro: -42.465 -20.141 14.785
Accel: 0.026 0.796 0.244
Gyro: -59.707 -17.608 13.229
Accel: 0.040 0.803 0.150
Gyro: -71.655 -15.487 11.428
Accel: 0.073 0.817 0.057
Gyro: -76.171 -12.207 10.116
Accel: 0.086 0.838 0.038
Gyro: -76.217 -4.074 9.246
Accel: 0.082 0.854 0.125
Gyro: -72.814 -4.318 8.026
Accel: 0.068 0.867 0.187
Gyro: -67.062 -2.136 6.011
Accel: 0.064 0.880 0.249
Gyro: -62.271 -1.388 4.577
Accel: 0.072 0.899 0.322
Gyro: -60.272 0.183 4.180
Accel: 0.074 0.924 0.396
Gyro: -59.738 1.098 4.089
Accel: 0.067 0.945 0.455
Gyro: -60.333 1.632 4.211
Accel: 0.063 0.959 0.538
Gyro: -60.958 3.341 4.669
Accel: 0.059 0.977 0.607
Gyro: -60.317 5.645 4.943
Accel: 0.061 0.985 0.663
Gyro: -57.220 7.644 4.837
Accel: 0.061 0.974 0.700
Gyro: -51.330 8.163 4.592
Accel: 0.063 0.951 0.735
Gyro: -43.441 7.324 3.997
Accel: 0.065 0.930 0.768
Gyro: -33.523 6.973 3.112
Accel: 0.069 0.909 0.779
Gyro: -21.392 8.682 1.770
Accel: 0.078 0.880 0.755
Gyro: -5.050 11.016 0.366
Accel: 0.095 0.852 0.703
Gyro: 5.752 12.435 0.717
Accel: 0.103 0.833 0.637
Gyro: 23.254 14.099 -1.510
Accel: 0.104 0.823 0.556
Gyro: 30.731 16.479 -2.395
Accel: 0.104 0.817 0.454
Gyro: 37.597 18.936 -3.311
Accel: 0.102 0.814 0.348
Gyro: 38.879 19.744 -3.524
Accel: 0.097 0.814 0.258
Gyro: 34.881 20.263 -3.601
Accel: 0.092 0.801 0.130
Gyro: 28.350 21.774 -3.189
Accel: 0.085 0.774 0.120
Gyro: 20.797 23.513 -3.189
Accel: 0.066 0.741 0.037
Gyro: 14.251 24.093 -4.440
Accel: 0.048 0.710 0.034
Gyro: 6.530 25.772 -5.966
Accel: 0.050 0.690 0.091
Gyro: -4.623 29.281 -7.247
Accel: 0.048 0.693 0.130
Gyro: -21.148 34.225 -7.324
Accel: 0.035 0.696 0.161
Gyro: -43.640 40.252 -6.805
Accel: 0.036 0.680 0.167
Gyro: -69.137 45.806 -5.798
Accel: 0.058 0.643 0.158
Gyro: -91.293 49.606 -4.714
Accel: 0.062 0.613 0.129
Gyro: -117.004 50.430 -4.577
Accel: 0.056 0.577 0.109
Gyro: -129.470 49.346 -5.996
Accel: 0.030 0.443 0.095
Gyro: -137.786 47.027 -9.368
Accel: 0.030 0.429 0.078
Gyro: -138.778 48.660 -13.854
Accel: 0.023 0.403 0.110
Gyro: -134.597 48.141 -20.828
Accel: 0.041 0.307 0.149
Gyro: -121.795 49.896 -34.881
Accel: 0.084 0.239 0.270
Gyro: -100.051 53.665 -41.0000
Accel: 0.060 0.219 0.519
Gyro: -85.845 57.586 -47.134
Accel: 0.012 0.220 0.828
Gyro: -90.423 55.999 -46.920
Accel: 0.055 0.253 -1.226
Gyro: -130.523 44.540 -42.251
Accel: 0.066 0.247 -1.339
Gyro: -200.088 25.375 -36.849
Accel: 0.088 0.157 -1.374
Gyro: -272.583 6.805 -32.318
Accel: 0.072 0.011 -1.170
Gyro: -352.691 -13.259 -22.750
Accel: 0.103 0.063 0.864
Gyro: -433.227 -24.536 -10.940
Accel: 0.166 0.268 0.353
Gyro: -499.969 -43.273 5.905
Accel: 0.108 0.658 0.405
Gyro: -499.969 -101.226 23.330
Accel: 0.066 -1.144 1.783
Gyro: -499.969 -161.407 21.240
Accel: 0.546 -1.644 4.467
Gyro: -499.969 -111.801 3.585
Accel: 0.114 -2.455 5.799
Gyro: -499.969 -71.441 -5.050
Accel: 0.652 -3.307 6.525
Gyro: -397.949 -94.467 -1.907
Accel: 0.437 -2.774 7.434
Gyro: -190.185 -93.444 22.293
Accel: 0.016 -1.413 7.180
Gyro: 23.239 -63.873 21.087
Accel: 0.164 0.949 6.017
Gyro: 205.535 -49.133 18.844
Accel: 0.312 0.866 4.539
Gyro: 335.586 -51.864 25.497
Accel: 0.265 0.519 3.330
Gyro: 405.410 -55.618 33.264
Accel: 0.098 0.150 2.485
Gyro: 428.070 -56.381 35.888
Accel: 0.086 0.109 1.753
Gyro: 426.300 -55.282 32.043
Accel: 0.172 0.229 1.208
Gyro: 414.916 -49.606 25.665
Accel: 0.170 0.303 0.667
Gyro: 396.209 -37.811 20.126
Accel: 0.153 0.357 0.166
Gyro: 363.891 -21.728 12.069
Accel: 0.138 0.393 0.266
Gyro: 324.966 -8.422 -3.463
Accel: 0.117 0.394 0.645
Gyro: 282.806 -3.173 -18.234
Accel: 0.124 0.351 -1.030
Gyro: 243.453 -3.570 -27.389
Accel: 0.127 0.290 -1.418
Gyro: 217.300 -2.273 -33.035
Accel: 0.119 0.302 -1.858
Gyro: 194.793 11.688 -35.247
Accel: 0.080 0.313 -2.386
Gyro: 157.714 20.568 -40.542
Accel: 0.032 0.285 -2.851
Gyro: 93.963 30.517 -47.866
Accel: 0.028 0.237 -3.291
Gyro: 23.483 41.839 -51.696
Accel: 0.126 0.245 -3.541
Gyro: -63.247 50.430 -49.926
Accel: 0.224 0.295 -3.517
Gyro: -157.791 51.101 -44.235
Accel: 0.260 0.264 -3.212
Gyro: -258.682 48.385 -32.882
Accel: 0.251 0.149 -2.682
Gyro: -356.491 42.846 -17.471
Accel: 0.213 0.114 -1.969
Gyro: -440.963 37.918 -3.402
Accel: 0.185 0.367 0.945
Gyro: -498.046 27.755 4.425
Accel: 0.279 0.612 0.299
Gyro: -499.969 19.683 4.898
Accel: 0.385 -1.004 2.367
Gyro: -499.969 -4.974 0.305
Accel: 0.435 -1.637 4.435
Gyro: -499.969 -40.206 2.136
Accel: 0.380 -2.109 6.246
Gyro: -417.205 -79.971 5.355
Accel: 0.520 -2.022 7.332
Gyro: -277.191 -104.858 -1.998
Accel: 0.310 -1.661 7.558
Gyro: -93.658 -98.098 1.770
Accel: 0.182 0.940 7.075
Gyro: 90.209 -77.484 3.402
Accel: 0.112 -1.136 5.559
Gyro: 237.930 -59.402 5.050
Accel: 0.084 0.867 4.070
Gyro: 341.354 -51.834 0.976
Accel: 0.095 0.593 3.016
Gyro: 403.900 -46.737 -3.311
Accel: 0.122 0.394 2.037
Gyro: 430.831 -42.358 -5.355
Accel: 0.182 0.197 1.169
Gyro: 434.982 -35.369 -6.378
Accel: 0.174 0.034 0.452
Gyro: 423.187 -27.648 -8.087
Accel: 0.251 0.075 0.206
Gyro: 395.111 -22.033 -12.145
Accel: 0.291 0.216 0.781
Gyro: 353.561 -16.296 -21.133
Accel: 0.291 0.284 -1.304
Gyro: 307.800 -15.869 -31.723
Accel: 0.216 0.312 -1.752
Gyro: 262.237 -20.172 -38.162
Accel: 0.120 0.187 -2.291
Gyro: 227.813 -23.162 -33.981
Accel: 0.006 0.087 -2.926
Gyro: 198.745 -16.113 -22.476
Accel: 0.118 0.094 -3.528
Gyro: 141.098 5.493 -12.313
Accel: 0.145 0.221 -3.930
Gyro: 40.283 26.351 -4.608
Accel: 0.188 0.327 -4.009
Gyro: -91.491 38.879 0.076
Accel: 0.158 0.300 -3.688
Gyro: -230.346 43.579 4.302
Accel: 0.149 0.110 -3.091
Gyro: -354.583 40.847 8.117
Accel: 0.105 0.108 -2.249
Gyro: -445.877 34.179 11.856
Accel: 0.055 0.260 -1.034
Gyro: -499.282 32.394 6.866
Accel: 0.018 0.393 0.413
Gyro: -499.969 38.345 -8.239
Accel: 0.103 0.943 2.537
Gyro: -499.969 19.302 -21.774
Accel: 0.243 -1.585 4.884
Gyro: -499.969 -18.447 -27.374
Accel: 0.396 -1.924 6.913
Gyro: -422.836 -41.885 -24.063
Accel: 0.379 -1.803 7.999
Gyro: -229.141 -60.882 -21.972
Accel: 0.093 -1.302 7.999
Gyro: 4.577 -71.777 -13.183
Accel: 0.159 -1.007 7.207
Gyro: 209.579 -60.440 0.030
Accel: 0.027 0.814 5.177
Gyro: 347.534 -40.512 0.976
Accel: 0.183 0.505 3.664
Gyro: 430.419 -37.246 0.976
Accel: 0.170 0.211 2.527
Gyro: 476.425 -30.883 -9.643
Accel: 0.204 0.045 1.381
Gyro: 485.153 -22.033 -20.309
Accel: 0.197 0.180 0.453
Gyro: 466.308 -11.291 -29.953
Accel: 0.174 0.346 0.240
Gyro: 419.525 -3.601 -39.352
Accel: 0.167 0.352 0.747
Gyro: 352.493 0.823 -54.458
Accel: 0.169 0.288 -1.066
Gyro: 277.938 0.991 -60.440
Accel: 0.143 0.244 -1.394
Gyro: 213.394 0.915 -66.390
Accel: 0.095 0.014 -1.754
Gyro: 165.222 -5.889 -62.911
Accel: 0.045 0.103 -2.175
Gyro: 147.872 -15.960 -51.116
Accel: 0.015 0.148 -2.621
Gyro: 135.177 -17.074 -38.009
Accel: 0.051 0.164 -2.976
Gyro: 100.509 -5.233 -24.475
Accel: 0.132 0.133 -3.238
Gyro: 36.941 10.543 -11.016
Accel: 0.141 0.016 -3.383
Gyro: -49.789 24.566 1.113
Accel: 0.149 0.052 -3.366
Gyro: -150.299 30.410 9.963
Accel: 0.090 0.032 -3.018
Gyro: -251.602 27.404 19.104
Accel: 0.033 0.070 -2.522
Gyro: -350.845 24.780 18.890
Accel: 0.006 0.228 -1.999
Gyro: -424.850 15.380 18.737
Accel: 0.004 0.376 -1.248
Gyro: -476.135 7.217 11.108
Accel: 0.025 0.520 0.218
Gyro: -499.969 -4.989 -2.838
Accel: 0.074 0.864 1.448
Gyro: -499.969 -19.866 -16.326
Accel: 0.130 -1.417 3.633
Gyro: -499.969 -24.490 -32.485
Accel: 0.334 -2.006 5.629
Gyro: -499.969 -22.216 -29.754
Accel: 0.208 -2.294 7.007
Gyro: -408.294 -22.567 -11.108
Accel: 0.088 -1.849 7.806
Gyro: -216.918 -17.593 -7.766
Accel: 0.087 -1.323 7.585
Gyro: -24.734 -14.175 -1.708
Accel: 0.060 -1.321 6.426
Gyro: 139.450 -3.555 5.554
Accel: 0.048 0.976 5.032
Gyro: 259.704 -10.757 8.804
Accel: 0.072 0.697 3.602
Gyro: 349.533 -20.553 10.696
Accel: 0.062 0.419 2.446
Gyro: 394.378 -28.884 10.726
Accel: 0.032 0.145 1.538
Gyro: 408.432 -36.392 4.318
Accel: 0.004 0.093 0.765
Gyro: 403.976 -42.221 1.876
Accel: 0.043 0.265 0.179
Gyro: 386.474 -44.860 -6.469
Accel: 0.119 0.360 0.416
Gyro: 348.678 -45.669 -18.356
Accel: 0.175 0.383 0.872
Gyro: 303.695 -44.158 -31.372
Accel: 0.223 0.385 -1.394
Gyro: 260.940 -32.531 -42.495
Accel: 0.185 0.354 -1.873
Gyro: 216.735 -15.365 -47.775
Accel: 0.148 0.279 -2.361
Gyro: 176.300 -2.807 -47.500
Accel: 0.140 0.261 -2.812
Gyro: 134.674 9.979 -44.830
Accel: 0.096 0.250 -3.185
Gyro: 80.276 28.182 -38.269
Accel: 0.0001 0.279 -3.316
Gyro: 8.605 54.199 -29.144
Accel: 0.052 0.319 -3.318
Gyro: -85.433 65.979 -19.927
Accel: 0.075 0.310 -3.113
Gyro: -186.996 64.636 -11.886
Accel: 0.182 0.236 -2.674
Gyro: -282.867 61.416 -1.510
Accel: 0.145 0.103 -2.065
Gyro: -359.222 55.007 9.857
Accel: 0.194 0.025 -1.274
Gyro: -426.193 33.111 15.884
Accel: 0.278 0.262 0.104
Gyro: -481.155 -2.136 16.036
Accel: 0.317 0.747 1.665
Gyro: -499.969 -31.616 7.934
Accel: 0.368 -1.265 3.843
Gyro: -499.969 -56.640 6.713
Accel: 0.376 -1.792 5.919
Gyro: -455.871 -81.680 6.057
Accel: 0.032 -1.777 7.195
Gyro: -301.055 -78.201 11.169
Accel: 0.233 -1.394 7.693
Gyro: -113.082 -59.402 8.041
Accel: 0.021 -1.178 7.210
Gyro: 73.410 -29.327 9.429
Accel: 0.075 -1.233 6.247
Gyro: 209.335 -6.439 11.962
Accel: 0.033 0.824 4.459
Gyro: 320.266 0.259 12.420
Accel: 0.040 0.541 2.935
Gyro: 388.656 -3.845 10.543
Accel: 0.017 0.285 1.803
Gyro: 418.991 -9.216 6.454
Accel: 0.017 0.064 0.893
Gyro: 421.340 -14.358 -3.906
Accel: 0.033 0.070 0.221
Gyro: 402.542 -20.095 -8.087
Accel: 0.062 0.215 0.471
Gyro: 363.433 -22.979 -20.309
Accel: 0.074 0.294 -1.046
Gyro: 315.780 -23.0010 -32.989
Accel: 0.052 0.294 -1.661
Gyro: 257.537 -22.842 -42.663
Accel: 0.023 0.205 -2.253
Gyro: 202.896 -27.481 -48.278
Accel: 0.0100 0.105 -2.822
Gyro: 164.718 -31.890 -43.212
Accel: 0.239 0.0010 -3.243
Gyro: 126.358 -33.874 -32.424
Accel: 0.270 0.067 -3.547
Gyro: 70.632 -17.227 -25.894
Accel: 0.299 0.006 -3.696
Gyro: -11.550 9.658 -16.677
Accel: 0.332 0.043 -3.795
Gyro: -114.440 31.356 -7.125
Accel: 0.325 0.058 -3.600
Gyro: -228.851 51.086 0.244
Accel: 0.266 0.097 -3.159
Gyro: -336.990 61.141 7.064
Accel: 0.183 0.333 -2.471
Gyro: -427.581 65.002 13.031
Accel: 0.157 0.544 -1.338
Gyro: -499.969 69.625 17.135
Accel: 0.128 0.867 0.529
Gyro: -499.969 78.491 20.538
Accel: 0.003 -1.472 3.006
Gyro: -499.969 89.172 19.882
Accel: 0.044 -2.099 5.592
Gyro: -499.969 66.299 24.765
Accel: 0.195 -2.445 7.581
Gyro: -473.953 27.740 29.602
Accel: 0.280 -2.315 7.999
Gyro: -231.735 -7.446 38.330
Accel: 0.281 -1.715 7.999
Gyro: 0.686 -28.320 42.800
Accel: 0.415 -1.483 6.552
Gyro: 170.547 -41.427 44.784
Accel: 0.069 -1.078 5.052
Gyro: 272.796 -44.754 44.204
Accel: 0.034 0.661 3.568
Gyro: 353.118 -32.958 43.914
Accel: 0.004 0.380 2.423
Gyro: 389.648 -27.343 41.290
Accel: 0.0000 0.109 1.593
Gyro: 393.463 -25.604 35.919
Accel: 0.097 0.092 0.950
Gyro: 383.880 -26.718 24.139
Accel: 0.056 0.201 0.383
Gyro: 365.036 -29.495 17.486
Accel: 0.090 0.268 0.003
Gyro: 344.177 -34.225 6.057
Accel: 0.102 0.270 0.363
Gyro: 317.031 -38.543 -4.791
Accel: 0.184 0.242 0.667
Gyro: 287.261 -42.709 -14.663
Accel: 0.148 0.232 0.969
Gyro: 251.602 -45.379 -23.544
Accel: 0.144 0.186 -1.281
Gyro: 215.789 -42.388 -28.594
Accel: 0.091 0.089 -1.667
Gyro: 184.646 -36.254 -30.700
Accel: 0.015 0.006 -2.186
Gyro: 162.216 -23.574 -23.483
Accel: 0.006 0.053 -2.770
Gyro: 136.642 -4.318 -21.697
Accel: 0.023 0.081 -3.323
Gyro: 90.362 25.650 -21.270
Accel: 0.029 0.0001 -3.700
Gyro: 14.877 53.894 -20.980
Accel: 0.097 0.057 -3.882
Gyro: -99.151 69.885 -18.753
Accel: 0.094 0.032 -3.771
Gyro: -215.194 77.026 -18.951
Accel: 0.077 0.197 -3.313
Gyro: -341.735 71.777 -18.905
Accel: 0.056 0.409 -2.667
Gyro: -455.947 53.253 -16.708
Accel: 0.113 0.620 -1.821
Gyro: -499.969 14.617 -15.991
Accel: 0.206 -1.033 0.517
Gyro: -499.969 -32.409 -18.920
Accel: 0.005 -1.798 1.274
Gyro: -499.969 -49.545 -22.781
Accel: 0.107 -2.457 3.347
Gyro: -499.969 -32.089 -26.351
Accel: 0.097 -3.028 5.012
Gyro: -499.969 -4.943 -15.197
Accel: 0.113 -3.150 6.083
Gyro: -480.438 3.860 14.495
Accel: 0.164 -2.535 6.356
Gyro: -284.088 16.357 22.460
Accel: 0.003 -2.002 5.839
Gyro: -134.994 23.040 25.070
Accel: 0.101 -1.960 4.605
Gyro: -27.847 36.651 28.823
Accel: 0.069 -1.505 4.159
Gyro: 49.819 42.907 23.498
Accel: 0.037 -1.074 3.223
Gyro: 122.833 41.625 23.971
Accel: 0.079 0.717 2.287
Gyro: 178.482 33.569 20.782
Accel: 0.130 0.425 1.536
Gyro: 209.976 21.118 17.898
Accel: 0.149 0.165 0.943
Gyro: 212.387 6.500 15.960
Accel: 0.125 0.102 0.605
Gyro: 195.510 -7.705 14.221
Accel: 0.086 0.224 0.316
Gyro: 175.735 -19.790 10.864
Accel: 0.066 0.337 0.081
Gyro: 142.669 -26.016 9.963
Accel: 0.008 0.478 0.045
Gyro: 106.430 -28.564 6.820
Accel: 0.013 0.539 0.129
Gyro: 68.283 -28.717 4.547
Accel: 0.004 0.558 0.192
Gyro: 29.769 -23.513 3.280
Accel: 0.019 0.571 0.192
Gyro: -8.605 -25.283 0.701
Accel: 0.028 0.593 0.165
Gyro: -47.424 -24.124 -3.433
Accel: 0.024 0.562 0.098
Gyro: -81.680 -23.956 -7.507
Accel: 0.062 0.504 0.028
Gyro: -117.965 -25.253 -12.008
Accel: 0.026 0.460 0.197
Gyro: -153.717 -27.435 -17.410
Accel: 0.018 0.375 0.401
Gyro: -189.147 -29.251 -23.513
Accel: 0.003 0.246 0.642
Gyro: -217.651 -30.746 -34.744
Accel: 0.0000 0.068 0.963
Gyro: -230.026 -29.739 -35.125
Accel: 0.006 0.079 1.353
Gyro: -212.417 -30.014 -31.707
Accel: 0.120 0.259 1.704
Gyro: -167.221 -28.182 -23.559
Accel: 0.131 0.324 1.974
Gyro: -105.087 -16.220 -17.807
Accel: 0.123 0.371 2.132
Gyro: -49.057 0.259 -14.907
Accel: 0.073 0.389 2.075
Gyro: 0.457 13.092 -11.779
Accel: 0.071 0.371 1.947
Gyro: 33.843 23.0010 -10.131
Accel: 0.087 0.346 1.784
Gyro: 52.963 28.472 -10.955
Accel: 0.058 0.310 1.617
Gyro: 61.141 30.456 -12.893
Accel: 0.018 0.266 1.481
Gyro: 63.659 29.556 -14.572
Accel: 0.0010 0.204 1.361
Gyro: 64.483 23.498 -15.533
Accel: 0.030 0.148 1.261
Gyro: 65.231 25.466 -15.914
Accel: 0.048 0.0100 1.172
Gyro: 66.329 23.849 -15.686
Accel: 0.057 0.066 1.092
Gyro: 67.672 22.506 -14.648
Accel: 0.056 0.045 1.016
Gyro: 69.290 21.011 -13.504
Accel: 0.061 0.031 0.950
Gyro: 70.236 19.805 -12.283
Accel: 0.058 0.008 0.896
Gyro: 69.915 19.729 -10.864
Accel: 0.053 0.009 0.828
Gyro: 68.786 19.226 -8.926
Accel: 0.042 0.024 0.771
Gyro: 65.826 17.547 -7.186
Accel: 0.035 0.029 0.730
Gyro: 60.119 15.640 -6.195
Accel: 0.032 0.040 0.699
Gyro: 50.613 14.343 -5.722
Accel: 0.035 0.043 0.683
Gyro: 38.925 12.435 -5.218
Accel: 0.034 0.038 0.673
Gyro: 27.267 9.445 -4.669
Accel: 0.028 0.025 0.681
Gyro: 16.754 4.837 -4.943
Accel: 0.033 0.0010 0.702
Gyro: 7.843 -1.266 -5.813
Accel: 0.050 0.003 0.740
Gyro: 1.312 -5.203 -6.332
Accel: 0.050 0.029 0.782
Gyro: -4.119 -8.178 -5.981
Accel: 0.044 0.054 0.819
Gyro: -7.064 -11.047 -5.279
