Accel: 0.006 0.129 0.990
Gyro: 22.506 -10.421 -5.096
Accel: 0.0000 0.132 0.986
Gyro: 22.903 -10.910 -5.004
Accel: 0.006 0.135 0.984
Gyro: 23.101 -11.718 -5.020
Accel: 0.014 0.141 0.981
Gyro: 22.552 -13.031 -5.218
Accel: 0.019 0.143 0.982
Gyro: 21.774 -15.075 -5.752
Accel: 0.026 0.148 0.986
Gyro: 21.469 -17.257 -6.225
Accel: 0.030 0.154 0.990
Gyro: 22.369 -19.195 -6.256
Accel: 0.036 0.158 0.991
Gyro: 24.520 -21.057 -6.042
Accel: 0.036 0.164 0.988
Gyro: 27.542 -22.918 -5.981
Accel: 0.040 0.167 0.979
Gyro: 30.258 -24.871 -6.011
Accel: 0.048 0.172 0.981
Gyro: 31.997 -26.733 -6.271
Accel: 0.056 0.177 0.983
Gyro: 32.913 -27.008 -6.469
Accel: 0.059 0.185 0.985
Gyro: 33.950 -25.558 -7.034
Accel: 0.054 0.193 0.980
Gyro: 34.637 -23.620 -11.672
Accel: 0.049 0.201 0.971
Gyro: 34.652 -21.911 -8.590
Accel: 0.043 0.209 0.954
Gyro: 33.905 -19.882 -9.307
Accel: 0.038 0.213 0.875
Gyro: 32.089 -18.218 -9.780
Accel: 0.036 0.215 0.921
Gyro: 29.037 -17.440 -10.360
Accel: 0.032 0.217 0.913
Gyro: 24.917 -16.677 -10.818
Accel: 0.026 0.223 0.909
Gyro: 19.714 -15.197 -11.184
Accel: 0.019 0.228 0.909
Gyro: 13.885 -13.198 -15.579
Accel: 0.014 0.222 0.913
Gyro: 8.102 -11.184 -12.435
Accel: 0.003 0.221 0.921
Gyro: 2.487 -9.048 -12.710
Accel: 0.006 0.214 0.932
Gyro: -1.419 -6.271 -12.359
Accel: 0.004 0.202 0.945
Gyro: -5.279 -3.021 -11.566
Accel: 0.003 0.191 0.961
Gyro: -8.087 0.366 -10.589
Accel: 0.006 0.181 0.972
Gyro: -10.070 3.479 -9.368
Accel: 0.014 0.177 0.980
Gyro: -11.306 6.240 -8.0010
Accel: 0.018 0.170 0.985
Gyro: -12.0100 8.422 -6.973
Accel: 0.022 0.166 0.990
Gyro: -12.908 9.719 -5.920
Accel: 0.026 0.167 0.994
Gyro: -13.839 10.330 -4.791
Accel: 0.031 0.167 1.0000
Gyro: -14.526 10.665 -3.768
Accel: 0.035 0.164 1.007
Gyro: -14.831 10.284 -2.883
Accel: 0.037 0.160 1.020
Gyro: -14.312 9.414 -1.892
Accel: 0.033 0.152 1.034
Gyro: -12.924 8.361 -1.037
Accel: 0.031 0.150 1.048
Gyro: -10.772 7.400 0.030
Accel: 0.034 0.147 1.057
Gyro: -7.507 6.942 0.762
Accel: 0.031 0.146 1.062
Gyro: -3.768 6.698 1.525
Accel: 0.028 0.147 1.0000
Gyro: 0.076 6.820 2.334
Accel: 0.024 0.146 1.058
Gyro: 2.944 7.247 3.356
Accel: 0.019 0.148 1.049
Gyro: 5.935 7.293 4.455
Accel: 0.014 0.148 1.036
Gyro: 8.163 7.675 5.264
Accel: 0.0010 0.158 1.024
Gyro: 9.323 7.720 5.874
Accel: 0.009 0.167 1.012
Gyro: 9.521 7.980 6.362
Accel: 0.0010 0.175 1.002
Gyro: 9.414 8.483 6.607
Accel: 0.0010 0.183 0.991
Gyro: 9.033 9.002 6.942
Accel: 0.004 0.188 0.982
Gyro: 8.560 9.246 7.232
Accel: 0.003 0.192 0.971
Gyro: 7.675 9.155 7.278
Accel: 0.0001 0.192 0.962
Gyro: 6.790 8.743 7.247
Accel: 0.0010 0.196 0.956
Gyro: 5.584 7.949 7.034
Accel: 0.019 0.205 0.955
Gyro: 4.074 6.408 6.561
Accel: 0.029 0.211 0.957
Gyro: 2.822 4.867 5.569
Accel: 0.032 0.223 0.956
Gyro: 1.647 3.372 4.226
Accel: 0.031 0.230 0.961
Gyro: 0.946 1.983 2.792
Accel: 0.031 0.231 0.968
Gyro: 0.701 0.137 1.708
Accel: 0.034 0.227 0.975
Gyro: 1.251 0.976 0.900
Accel: 0.033 0.223 0.976
Gyro: 2.838 -1.708 0.350
Accel: 0.033 0.216 0.978
Gyro: 5.233 -1.892 0.045
Accel: 0.031 0.207 0.969
Gyro: 7.781 -1.724 0.137
Accel: 0.027 0.201 0.955
Gyro: 10.162 -1.419 0.213
Accel: 0.021 0.190 0.941
Gyro: 11.795 -1.266 0.534
Accel: 0.011 0.182 0.920
Gyro: 12.008 -1.068 0.823
Accel: 0.0000 0.171 0.902
Gyro: 11.016 0.991 -1.083
Accel: 0.014 0.162 0.889
Gyro: 9.094 -1.251 0.442
Accel: 0.025 0.149 0.885
Gyro: 6.759 -2.426 1.235
Accel: 0.042 0.133 0.886
Gyro: 4.714 -3.952 3.936
Accel: 0.058 0.122 0.889
Gyro: 3.967 -5.859 7.263
Accel: 0.072 0.108 0.895
Gyro: 4.623 -7.522 15.365
Accel: 0.083 0.098 0.895
Gyro: 6.225 -8.407 15.792
Accel: 0.094 0.095 0.897
Gyro: 7.644 -9.399 20.278
Accel: 0.081 0.093 0.904
Gyro: 7.659 -10.635 24.551
Accel: 0.073 0.107 0.916
Gyro: 6.149 -11.184 28.244
Accel: 0.081 0.127 0.931
Gyro: 4.058 -11.062 31.463
Accel: 0.069 0.143 0.954
Gyro: 0.961 -10.833 33.584
Accel: 0.064 0.164 0.978
Gyro: -3.128 -10.757 34.622
Accel: 0.061 0.180 1.003
Gyro: -6.744 -10.299 35.354
Accel: 0.044 0.189 1.035
Gyro: -8.758 -9.384 35.705
Accel: 0.021 0.199 1.081
Gyro: -9.582 -8.361 36.026
Accel: 0.059 0.229 1.137
Gyro: -8.728 -6.851 36.254
Accel: 0.028 0.265 1.217
Gyro: -7.522 -5.722 34.255
Accel: 0.015 0.329 1.302
Gyro: -5.371 -4.974 29.327
Accel: 0.028 0.390 1.377
Gyro: 0.976 -4.608 22.583
Accel: 0.048 0.412 1.438
Gyro: 4.943 -5.508 17.364
Accel: 0.058 0.414 1.479
Gyro: 11.749 -11.520 15.136
Accel: 0.065 0.397 1.526
Gyro: 23.056 -15.243 17.425
Accel: 0.049 0.371 1.580
Gyro: 29.510 -16.296 23.040
Accel: 0.036 0.349 1.625
Gyro: 44.265 -19.271 30.914
Accel: 0.016 0.336 1.648
Gyro: 63.110 -19.958 39.672
Accel: 0.015 0.322 1.633
Gyro: 83.755 -19.195 47.409
Accel: 0.051 0.316 1.589
Gyro: 103.195 -18.859 52.932
Accel: 0.097 0.307 1.538
Gyro: 120.025 -19.058 55.343
Accel: 0.142 0.308 1.485
Gyro: 133.911 -23.422 50.811
Accel: 0.465 0.505 1.990
Gyro: 137.939 12.405 40.985
Accel: 0.363 0.517 1.652
Gyro: 125.625 33.157 32.440
Accel: 0.503 0.600 1.467
Gyro: 113.906 67.733 13.687
Accel: 0.430 0.461 1.370
Gyro: 108.734 85.632 5.355
Accel: 0.330 0.363 1.211
Gyro: 104.843 93.902 2.197
Accel: 0.248 0.293 1.079
Gyro: 106.109 94.055 2.243
Accel: 0.194 0.235 0.970
Gyro: 111.129 88.409 7.583
Accel: 0.125 0.156 0.860
Gyro: 118.957 74.966 7.049
Accel: 0.096 0.125 0.776
Gyro: 129.318 65.307 9.857
Accel: 0.053 0.134 0.662
Gyro: 138.748 44.525 10.940
Accel: 0.065 0.172 0.584
Gyro: 146.987 31.845 9.414
Accel: 0.083 0.220 0.523
Gyro: 151.657 18.264 6.118
Accel: 0.081 0.269 0.469
Gyro: 153.335 6.607 2.029
Accel: 0.082 0.307 0.422
Gyro: 151.580 -2.243 -2.670
Accel: 0.073 0.343 0.379
Gyro: 146.499 -8.560 -6.958
Accel: 0.064 0.376 0.341
Gyro: 138.504 -11.810 -11.291
Accel: 0.044 0.410 0.310
Gyro: 128.326 -13.031 -14.587
Accel: 0.020 0.427 0.285
Gyro: 109.619 -12.207 -16.662
Accel: 0.005 0.433 0.273
Gyro: 97.045 -9.445 -17.669
Accel: 0.012 0.430 0.254
Gyro: 80.245 -5.096 -17.425
Accel: 0.024 0.425 0.243
Gyro: 64.071 0.244 -16.036
Accel: 0.030 0.415 0.229
Gyro: 47.760 7.446 -12.573
Accel: 0.044 0.410 0.203
Gyro: 33.828 13.916 -8.834
Accel: 0.054 0.414 0.175
Gyro: 21.896 18.096 -5.187
Accel: 0.050 0.425 0.149
Gyro: 8.300 21.286 -1.892
Accel: 0.036 0.457 0.145
Gyro: 1.708 22.384 0.473
Accel: 0.006 0.507 0.153
Gyro: -8.850 21.530 1.327
Accel: 0.006 0.558 0.178
Gyro: -19.241 18.844 0.747
Accel: 0.011 0.609 0.162
Gyro: -28.869 10.467 -1.312
Accel: 0.023 0.653 0.244
Gyro: -36.376 1.495 -5.142
Accel: 0.006 0.625 0.303
Gyro: -42.343 -3.372 -5.737
Accel: 0.058 0.591 0.345
Gyro: -46.569 -5.493 -2.655
Accel: 0.086 0.581 0.379
Gyro: -49.636 -6.057 1.190
Accel: 0.088 0.593 0.402
Gyro: -52.276 -6.881 4.302
Accel: 0.080 0.618 0.416
Gyro: -53.466 -6.958 6.561
Accel: 0.0001 0.639 0.424
Gyro: -54.473 -6.164 7.522
Accel: 0.051 0.668 0.430
Gyro: -58.166 -3.814 5.981
Accel: 0.054 0.687 0.424
Gyro: -67.291 -1.480 2.502
Accel: 0.083 0.692 0.414
Gyro: -81.359 0.228 -1.251
Accel: 0.107 0.670 0.424
Gyro: -95.748 3.173 -2.258
Accel: 0.115 0.645 0.418
Gyro: -116.043 15.213 -2.090
Accel: 0.109 0.597 0.431
Gyro: -128.921 20.721 -4.058
Accel: 0.121 0.541 0.447
Gyro: -143.142 28.869 -6.515
Accel: 0.103 0.469 0.465
Gyro: -148.513 37.322 -8.483
Accel: 0.020 0.457 0.427
Gyro: -145.675 50.704 -4.104
Accel: 0.136 0.417 0.669
Gyro: -140.655 44.326 -1.556
Accel: 0.006 0.313 0.873
Gyro: -136.108 26.153 -11.291
Accel: 0.074 0.261 0.817
Gyro: -131.072 11.062 -13.977
Accel: 0.015 0.312 0.841
Gyro: -126.358 3.402 -17.028
Accel: 0.087 0.370 0.880
Gyro: -121.749 -17.715 -13.656
Accel: 0.175 0.424 0.906
Gyro: -123.504 -39.413 -6.225
Accel: 0.237 0.341 0.912
Gyro: -135.925 -68.923 0.122
Accel: 0.117 0.303 0.943
Gyro: -144.958 -94.467 6.774
Accel: 0.093 0.225 1.051
Gyro: -140.518 -108.230 22.781
Accel: 0.0100 0.165 1.168
Gyro: -137.161 -104.858 40.161
Accel: 0.110 0.141 1.230
Gyro: -130.157 -89.508 66.146
Accel: 0.044 0.246 1.229
Gyro: -116.928 -62.210 78.964
Accel: 0.042 0.238 1.197
Gyro: -100.631 -21.362 89.721
Accel: 0.075 0.260 1.145
Gyro: -74.264 22.430 87.478
Accel: 0.096 0.210 1.106
Gyro: -65.338 56.671 82.321
Accel: 0.076 0.071 1.078
Gyro: -67.489 72.799 76.080
Accel: 0.085 0.050 1.089
Gyro: -77.041 76.965 67.184
Accel: 0.138 0.109 1.150
Gyro: -82.794 73.928 58.486
Accel: 0.184 0.0100 1.303
Gyro: -76.797 66.619 48.858
Accel: 0.163 0.079 1.344
Gyro: -59.371 67.733 37.750
Accel: 0.088 0.105 1.560
Gyro: -49.148 60.226 21.179
Accel: 0.064 0.146 1.647
Gyro: -38.238 44.052 0.091
Accel: 0.131 0.131 1.755
Gyro: -25.436 25.527 -15.838
Accel: 0.221 0.069 1.798
Gyro: -7.019 9.277 -21.148
Accel: 0.231 0.014 1.785
Gyro: 15.579 -3.631 -19.027
Accel: 0.171 0.041 1.722
Gyro: 39.916 -11.489 -15.625
Accel: 0.119 0.109 1.622
Gyro: 63.751 -14.389 -11.459
Accel: 0.091 0.151 1.438
Gyro: 85.388 -13.916 -6.759
Accel: 0.069 0.169 1.262
Gyro: 101.760 -7.995 -1.693
Accel: 0.047 0.197 1.070
Gyro: 115.722 -9.979 2.777
Accel: 0.033 0.308 0.959
Gyro: 123.336 -8.575 6.515
Accel: 0.025 0.289 0.788
Gyro: 124.145 -7.186 9.613
Accel: 0.005 0.322 0.635
Gyro: 118.774 -6.225 12.573
Accel: 0.028 0.354 0.496
Gyro: 109.146 -6.134 14.602
Accel: 0.067 0.364 0.318
Gyro: 97.579 -5.950 15.975
Accel: 0.079 0.367 0.197
Gyro: 82.946 -9.567 15.945
Accel: 0.084 0.371 0.144
Gyro: 71.075 -23.162 13.092
Accel: 0.089 0.387 0.046
Gyro: 61.630 -30.151 9.307
Accel: 0.082 0.409 0.036
Gyro: 42.388 -38.024 6.851
Accel: 0.074 0.385 0.027
Gyro: 8.911 -39.489 6.805
Accel: 0.083 0.327 0.106
Gyro: -42.617 -32.989 9.918
Accel: 0.082 0.264 0.359
Gyro: -104.080 -24.169 14.587
Accel: 0.084 0.211 0.731
Gyro: -156.356 -16.815 18.768
Accel: 0.104 0.183 1.096
Gyro: -181.457 -7.720 20.462
Accel: 0.149 0.148 1.345
Gyro: -176.956 3.540 18.173
Accel: 0.182 0.076 1.673
Gyro: -152.465 0.564 11.795
Accel: 0.180 0.006 1.801
Gyro: -116.226 -1.388 4.348
Accel: 0.131 0.053 1.871
Gyro: -82.839 1.342 0.381
Accel: 0.079 0.036 1.830
Gyro: -51.132 5.523 0.518
Accel: 0.062 0.024 1.722
Gyro: -29.129 9.307 0.335
Accel: 0.064 0.098 1.607
Gyro: -14.846 11.367 0.595
Accel: 0.057 0.159 1.476
Gyro: -6.347 12.0100 -1.342
Accel: 0.041 0.215 1.356
Gyro: -1.708 10.345 -2.548
Accel: 0.022 0.247 1.261
Gyro: -2.319 5.294 -4.196
Accel: 0.006 0.268 1.197
Gyro: -5.218 0.183 -5.508
Accel: 0.004 0.282 1.139
Gyro: -7.461 -3.692 -5.752
Accel: 0.0010 0.279 1.089
Gyro: -8.102 -5.126 -5.462
Accel: 0.012 0.262 1.048
Gyro: -8.285 -5.508 -4.577
Accel: 0.0010 0.248 1.012
Gyro: -8.834 -4.806 -3.326
Accel: 0.008 0.240 0.977
Gyro: -10.238 -3.036 -2.151
Accel: 0.006 0.235 0.970
Gyro: -12.756 0.656 -1.052
Accel: 0.003 0.211 0.992
Gyro: -19.500 1.434 0.198
Accel: 0.003 0.188 1.0010
Gyro: -16.799 2.380 0.213
Accel: 0.0001 0.169 1.028
Gyro: -16.174 2.227 0.137
Accel: 0.004 0.142 1.088
Gyro: -15.823 3.158 0.167
Accel: 0.018 0.119 1.125
Gyro: -13.442 5.859 1.083
Accel: 0.029 0.107 1.139
Gyro: -7.827 8.865 2.441
Accel: 0.026 0.0100 1.148
Gyro: 3.219 10.574 3.280
Accel: 0.024 0.101 1.141
Gyro: 8.361 10.131 3.417
Accel: 0.027 0.107 1.114
Gyro: 17.883 8.224 3.265
Accel: 0.029 0.120 1.074
Gyro: 24.597 6.317 2.822
Accel: 0.019 0.137 1.047
Gyro: 26.412 3.936 2.090
Accel: 0.0001 0.157 1.027
Gyro: 23.895 2.380 1.052
Accel: 0.020 0.183 1.019
Gyro: 19.912 3.433 0.122
Accel: 0.035 0.207 1.029
Gyro: 17.150 6.271 -1.144
Accel: 0.045 0.202 1.066
Gyro: 16.067 9.628 -2.548
Accel: 0.038 0.185 1.086
Gyro: 18.661 12.527 -3.219
Accel: 0.036 0.179 1.077
Gyro: 24.276 13.397 -3.890
Accel: 0.040 0.187 1.055
Gyro: 30.548 13.168 -4.867
Accel: 0.039 0.199 1.019
Gyro: 35.644 13.015 -5.584
Accel: 0.030 0.208 0.973
Gyro: 38.162 12.390 -5.889
Accel: 0.018 0.220 0.931
Gyro: 37.536 11.581 -6.118
Accel: 0.008 0.234 0.885
Gyro: 34.759 9.536 -6.210
Accel: 0.0000 0.244 0.841
Gyro: 30.136 6.942 -6.271
Accel: 0.007 0.252 0.801
Gyro: 20.187 4.028 -6.393
Accel: 0.0010 0.258 0.773
Gyro: 16.693 1.266 -6.546
Accel: 0.012 0.259 0.755
Gyro: 8.026 0.122 -6.607
Accel: 0.014 0.261 0.739
Gyro: 0.991 0.366 -6.652
Accel: 0.018 0.254 0.752
Gyro: -11.383 -2.563 -7.461
Accel: 0.020 0.228 0.794
Gyro: -21.240 -3.952 -8.453
Accel: 0.030 0.212 0.830
Gyro: -27.740 -5.264 -9.002
Accel: 0.035 0.198 0.850
Gyro: -31.692 -6.057 -9.155
Accel: 0.037 0.184 0.864
Gyro: -33.630 -6.896 -9.552
Accel: 0.038 0.171 0.876
Gyro: -34.454 -7.476 -9.933
Accel: 0.042 0.158 0.873
Gyro: -34.942 -8.209 -10.223
Accel: 0.047 0.146 0.856
Gyro: -35.507 -9.338 -10.620
Accel: 0.043 0.138 0.843
Gyro: -37.475 -9.887 -11.032
Accel: 0.039 0.131 0.825
Gyro: -41.198 -9.719 -11.352
Accel: 0.032 0.118 0.815
Gyro: -45.715 -9.735 -11.291
Accel: 0.029 0.111 0.788
Gyro: -50.155 -8.758 -10.925
Accel: 0.032 0.109 0.739
Gyro: -53.253 -7.766 -10.482
Accel: 0.035 0.117 0.681
Gyro: -56.182 -7.034 -9.918
Accel: 0.032 0.122 0.619
Gyro: -60.379 -6.042 -9.109
Accel: 0.034 0.118 0.550
Gyro: -65.475 -4.913 -8.224
Accel: 0.044 0.116 0.474
Gyro: -69.839 -5.187 -7.019
Accel: 0.052 0.133 0.357
Gyro: -72.158 -8.987 -6.774
Accel: 0.045 0.147 0.243
Gyro: -74.661 -15.731 -7.492
Accel: 0.029 0.144 0.148
Gyro: -80.947 -21.820 -7.904
Accel: 0.016 0.113 0.075
Gyro: -91.018 -25.375 -7.278
Accel: 0.017 0.064 0.019
Gyro: -104.614 -28.366 -5.706
Accel: 0.015 0.025 0.0010
Gyro: -120.819 -31.463 -3.540
Accel: 0.023 0.018 0.029
Gyro: -141.006 -32.440 -1.693
Accel: 0.029 0.060 0.031
Gyro: -166.275 -31.982 0.442
Accel: 0.047 0.120 0.002
Gyro: -194.122 -32.409 0.167
Accel: 0.056 0.275 0.183
Gyro: -219.039 -45.852 0.656
Accel: 0.056 0.516 0.558
Gyro: -242.782 -54.016 -1.358
Accel: 0.096 0.704 0.864
Gyro: -261.901 -52.673 0.823
Accel: 0.003 0.854 1.331
Gyro: -270.355 -33.218 5.783
Accel: 0.0001 0.960 1.635
Gyro: -261.566 -14.511 16.510
Accel: 0.082 -1.041 1.902
Gyro: -229.187 3.448 30.685
Accel: 0.061 -1.072 2.203
Gyro: -179.656 26.641 36.499
Accel: 0.029 -1.127 2.403
Gyro: -130.203 48.416 53.543
Accel: 0.775 -3.439 6.937
Gyro: 434.173 142.303 31.036
Accel: -1.105 0.354 1.390
Gyro: 183.242 63.201 57.113
Accel: 0.211 0.435 0.049
Gyro: 40.206 70.846 50.125
Accel: 0.019 0.871 2.598
Gyro: -3.005 55.068 37.155
Accel: 0.176 0.549 2.124
Gyro: 20.980 49.575 25.650
Accel: 0.029 0.289 1.830
Gyro: -27.923 41.030 13.0000
Accel: 0.087 0.380 2.006
Gyro: -29.174 14.739 0.305
Accel: 0.159 0.416 2.038
Gyro: 5.249 -7.507 -4.943
Accel: 0.224 0.389 2.038
Gyro: 59.616 -21.148 -11.016
Accel: 0.194 0.350 2.040
Gyro: 126.556 -25.299 -10.009
Accel: 0.180 0.333 1.825
Gyro: 189.788 -23.941 -6.622
Accel: 0.141 0.305 1.608
Gyro: 232.345 -24.261 -4.547
Accel: 0.102 0.244 1.297
Gyro: 252.471 -25.924 -4.074
Accel: 0.082 0.156 1.006
Gyro: 255.065 -28.015 -3.829
Accel: 0.072 0.064 0.753
Gyro: 240.982 -29.617 -2.914
Accel: 0.051 0.0010 0.546
Gyro: 215.957 -30.349 -2.319
Accel: 0.012 0.053 0.365
Gyro: 184.585 -29.434 -3.417
Accel: 0.029 0.070 0.142
Gyro: 151.0000 -24.932 -6.820
Accel: 0.038 0.124 0.032
Gyro: 114.608 -18.936 -11.062
Accel: 0.056 0.065 0.176
Gyro: 75.378 -8.361 -14.862
Accel: 0.080 0.086 0.217
Gyro: 37.307 -5.096 -18.020
Accel: 0.086 0.093 0.296
Gyro: 5.172 0.991 -19.027
Accel: 0.075 0.063 0.419
Gyro: -14.373 4.745 -18.157
Accel: 0.062 0.057 0.600
Gyro: -31.005 6.362 -16.265
Accel: 0.061 0.087 0.793
Gyro: -50.689 9.231 -7.904
Accel: 0.057 0.0100 0.951
Gyro: -78.247 12.451 -6.942
Accel: 0.046 0.068 -1.178
Gyro: -113.830 14.816 -3.280
Accel: 0.036 0.020 -1.251
Gyro: -157.760 16.662 0.335
Accel: 0.018 0.039 -1.342
Gyro: -217.453 17.791 1.388
Accel: 0.013 0.141 -1.317
Gyro: -288.574 13.198 0.717
Accel: 0.062 0.361 -1.076
Gyro: -366.333 -4.867 -8.483
Accel: 0.134 0.755 0.383
Gyro: -450.744 -30.120 -19.714
Accel: 0.109 -1.208 0.751
Gyro: -499.969 -47.958 -26.046
Accel: 0.049 -1.956 1.087
Gyro: -391.555 -319.564 2.746
Accel: 0.141 6.147 -6.562
Gyro: 451.980 -14.587 -32.791
Accel: 0.614 0.093 -3.503
Gyro: 105.499 -30.609 -4.943
Accel: 0.069 -2.023 5.986
Gyro: 6.088 7.308 24.383
Accel: 0.077 0.718 0.106
Gyro: -34.912 1.434 29.373
Accel: 0.250 0.287 2.458
Gyro: -53.726 9.521 29.617
Accel: 0.177 0.409 2.042
Gyro: -116.195 33.859 27.114
Accel: 0.028 0.668 1.943
Gyro: -136.0001 47.348 30.899
Accel: 0.054 0.593 2.290
Gyro: -87.585 51.513 25.527
Accel: 0.068 0.593 2.475
Gyro: 22.903 56.564 18.554
Accel: 0.034 0.643 2.271
Gyro: 133.255 59.371 14.877
Accel: 0.072 0.512 1.803
Gyro: 203.765 51.239 8.087
Accel: 0.091 0.349 1.249
Gyro: 241.836 38.360 2.471
Accel: 0.076 0.224 0.804
Gyro: 235.610 18.066 -3.738
Accel: 0.047 0.123 0.483
Gyro: 221.160 -2.944 -9.170
Accel: 0.029 0.035 0.254
Gyro: 196.960 -20.095 -13.076
Accel: 0.019 0.028 0.108
Gyro: 171.569 -29.052 -13.793
Accel: 0.008 0.072 0.026
Gyro: 147.689 -26.931 -8.041
Accel: 0.007 0.120 0.234
Gyro: 126.312 -19.073 -4.013
Accel: 0.026 0.142 0.337
Gyro: 101.806 -10.604 -3.189
Accel: 0.015 0.155 0.470
Gyro: 72.708 -5.599 -1.235
Accel: 0.012 0.142 0.604
Gyro: 39.901 -5.508 -1.968
Accel: 0.016 0.156 0.767
Gyro: 8.728 -7.369 -3.250
Accel: 0.028 0.185 0.908
Gyro: -17.242 -8.697 -3.204
Accel: 0.030 0.168 -1.0000
Gyro: -50.018 -9.078 -1.525
Accel: 0.027 0.107 -1.076
Gyro: -88.668 -9.521 0.823
Accel: 0.018 0.052 -1.131
Gyro: -134.780 -10.742 7.690
Accel: 0.0010 0.011 -1.140
Gyro: -187.881 -13.565 5.279
Accel: 0.030 0.134 -1.058
Gyro: -242.630 -16.448 5.020
Accel: 0.009 0.414 0.803
Gyro: -297.836 -14.785 3.677
Accel: 0.044 0.631 0.259
Gyro: -343.475 -7.202 1.007
Accel: 0.020 -1.011 0.616
Gyro: -367.950 -5.844 -4.058
Accel: 3.145 -7.999 7.999
Gyro: 499.984 -160.949 -13.214
Accel: -1.228 2.648 -5.682
Gyro: 399.948 -93.551 -28.472
Accel: 0.011 0.047 1.827
Gyro: 204.299 294.113 24.978
Accel: 0.297 0.255 0.135
Gyro: -53.817 99.807 61.264
Accel: 0.029 0.051 4.482
Gyro: -65.917 -13.320 10.269
Accel: 0.337 0.391 0.339
Gyro: -19.882 -5.996 -6.134
Accel: 0.413 0.003 1.599
Gyro: -187.362 11.688 5.477
Accel: 0.397 0.359 2.437
Gyro: -230.972 28.289 8.987
Accel: 0.209 0.357 2.208
Gyro: -179.656 72.586 0.061
Accel: 0.223 0.391 2.379
Gyro: -78.231 76.705 -2.349
Accel: 0.0100 0.542 2.207
Gyro: 55.130 49.987 -4.440
Accel: 0.007 0.532 1.925
Gyro: 178.970 37.933 -9.445
Accel: 0.052 0.430 1.392
Gyro: 259.338 30.670 -10.620
Accel: 0.076 0.296 0.920
Gyro: 292.190 16.464 -10.940
Accel: 0.042 0.065 0.393
Gyro: 288.192 11.703 -11.749
Accel: 0.012 0.018 0.097
Gyro: 263.214 4.135 -12.573
Accel: 0.003 0.081 0.159
Gyro: 232.147 -2.456 -12.680
Accel: 0.007 0.154 0.444
Gyro: 190.307 -9.704 -12.374
Accel: 0.012 0.188 0.793
Gyro: 145.858 -17.318 -11.901
Accel: 0.022 0.186 -1.071
Gyro: 97.488 -18.692 -11.886
Accel: 0.039 0.232 -1.302
Gyro: 43.289 -10.910 -10.421
Accel: 0.054 0.287 -1.415
Gyro: -18.768 1.525 -3.417
Accel: 0.066 0.289 -1.589
Gyro: -84.152 10.620 6.988
Accel: 0.061 0.285 -1.871
Gyro: -164.062 13.214 17.486
Accel: 0.054 0.227 -1.934
Gyro: -262.512 8.056 23.956
Accel: 0.047 0.035 -1.756
Gyro: -378.128 3.677 22.857
Accel: 0.0001 0.572 -1.109
Gyro: -499.969 8.224 15.014
Accel: 0.058 -1.112 0.134
Gyro: -499.969 22.277 3.433
Accel: 0.117 -1.657 1.224
Gyro: -499.969 27.404 -1.937
Accel: 0.131 -7.827 7.999
Gyro: 437.500 -363.189 -11.901
Accel: 0.255 2.631 1.884
Gyro: 274.673 -101.882 6.729
Accel: 0.291 0.971 2.436
Gyro: 8.621 -60.394 65.139
Accel: 0.149 -1.517 2.515
Gyro: -181.900 -70.709 59.005
Accel: 0.342 0.934 3.143
Gyro: -197.799 -61.447 18.859
Accel: 0.105 0.831 4.005
Gyro: -18.280 -47.348 23.757
Accel: 0.033 -1.248 4.219
Gyro: 203.262 -5.371 30.014
Accel: 0.237 -1.356 3.195
Gyro: 344.772 29.281 14.129
Accel: 0.284 0.898 1.816
Gyro: 421.249 41.809 0.137
Accel: 0.214 0.487 0.539
Gyro: 439.788 38.650 -9.277
Accel: 0.069 0.134 0.814
Gyro: 427.627 18.920 -18.478
Accel: 0.017 0.268 -2.176
Gyro: 379.562 -21.759 -25.756
Accel: 0.166 0.823 -3.189
Gyro: 267.395 -37.139 -11.322
Accel: 0.113 0.763 -3.770
Gyro: 88.821 -23.376 19.363
Accel: 0.156 0.751 -4.278
Gyro: -107.315 3.616 31.860
Accel: 0.185 0.545 -3.789
Gyro: -312.805 5.203 32.989
Accel: 0.065 0.050 -2.992
Gyro: -474.166 0.885 32.943
Accel: 0.028 0.368 -2.178
Gyro: -499.969 9.063 29.495
Accel: 0.065 0.894 -1.188
Gyro: -499.969 26.199 21.896
Accel: 0.055 -1.526 0.593
Gyro: -499.969 26.367 8.193
Accel: 0.087 -2.405 2.697
Gyro: -499.969 -178.222 -20.446
Accel: -1.488 4.877 -7.999
Gyro: 499.984 -39.123 -58.380
Accel: 0.422 0.227 7.902
Gyro: 290.863 -45.562 -59.219
Accel: 0.312 -2.138 1.911
Gyro: 25.833 -9.765 -5.813
Accel: 0.079 -1.090 1.237
Gyro: -121.307 -42.022 -4.592
Accel: 0.064 0.175 2.540
Gyro: -91.293 -23.498 -25.344
Accel: 0.239 0.981 3.392
Gyro: 70.846 -3.509 -9.902
Accel: 0.031 -1.417 2.967
Gyro: 196.151 1.449 -11.520
Accel: 0.104 -1.098 1.967
Gyro: 288.085 -14.266 -26.596
Accel: 0.018 0.678 0.805
Gyro: 330.551 -41.793 -43.151
Accel: 0.124 0.280 0.240
Gyro: 342.041 -66.131 -50.033
Accel: 0.075 0.027 -1.307
Gyro: 325.958 -90.316 -52.688
Accel: 0.056 0.416 -2.261
Gyro: 267.837 -85.952 -42.098
Accel: 0.049 0.675 -3.051
Gyro: 143.844 -42.297 -12.008
Accel: 0.078 0.766 -3.481
Gyro: -45.394 9.887 25.070
Accel: 0.142 0.666 -3.405
Gyro: -251.724 45.104 43.289
Accel: 0.115 0.205 -2.837
Gyro: -439.102 55.999 53.527
Accel: 0.005 0.347 -1.939
Gyro: -499.969 72.113 61.599
Accel: 0.115 0.989 0.547
Gyro: -499.969 114.868 69.900
Accel: 0.199 -1.798 1.365
Gyro: -499.969 136.901 67.092
Accel: 0.351 3.301 -7.999
Gyro: 499.984 94.604 29.281
Accel: 0.128 0.580 7.999
Gyro: 295.455 39.672 29.922
Accel: 0.580 0.780 0.371
Gyro: -39.535 32.043 30.426
Accel: 0.184 0.640 0.748
Gyro: -256.927 -23.574 6.668
Accel: 0.375 0.282 3.339
Gyro: -262.130 -20.584 -9.262
Accel: 0.562 0.682 3.819
Gyro: 5.294 -4.470 17.135
Accel: 0.142 -1.022 3.728
Gyro: 221.450 10.330 15.411
Accel: 0.180 -1.117 2.314
Gyro: 329.757 1.174 -14.312
Accel: 0.012 0.515 0.952
Gyro: 366.806 -14.404 -36.666
Accel: 0.111 0.084 0.292
Gyro: 354.232 -36.346 -48.965
Accel: 0.113 0.253 -1.375
Gyro: 305.740 -51.620 -51.559
Accel: 0.072 0.475 -2.325
Gyro: 205.093 -36.911 -42.572
Accel: 0.259 0.663 -3.282
Gyro: 52.871 -5.172 -15.808
Accel: 0.224 0.767 -3.717
Gyro: -137.741 19.470 7.202
Accel: 0.197 0.504 -3.527
Gyro: -338.317 19.180 16.387
Accel: 0.126 0.036 -2.945
Gyro: -497.619 8.071 24.978
Accel: 0.009 0.597 -2.088
Gyro: -499.969 10.772 30.380
Accel: 0.092 -1.212 -1.077
Gyro: -499.969 34.942 28.991
Accel: 3.343 -7.999 7.999
Gyro: 499.984 -6.256 11.474
Accel: 0.894 5.484 -7.999
Gyro: 406.646 -26.107 -54.0000
Accel: 0.920 0.951 3.522
Gyro: -4.577 -17.181 15.304
Accel: 1.095 -5.838 7.999
Gyro: 127.731 7.781 10.131
Accel: 0.402 1.083 2.675
Gyro: 29.129 -31.707 3.845
Accel: 0.256 0.522 5.013
Gyro: 71.655 8.590 4.364
Accel: 0.097 0.136 1.017
Gyro: -45.745 29.708 14.373
Accel: 0.051 0.140 1.427
Gyro: -25.711 26.657 11.108
Accel: 0.045 0.155 2.009
Gyro: -71.075 21.636 9.384
Accel: 0.039 0.166 1.259
Gyro: -82.489 14.450 10.162
Accel: 0.179 0.209 1.009
Gyro: -98.037 6.271 12.008
Accel: 0.105 0.220 0.828
Gyro: -91.629 2.868 11.459
Accel: 0.101 0.199 0.691
Gyro: -84.091 -2.807 9.643
Accel: 0.091 0.189 0.565
Gyro: -73.043 -9.063 7.446
Accel: 0.062 0.169 0.621
Gyro: -51.773 -17.333 4.394
Accel: 0.022 0.147 0.648
Gyro: -38.421 -24.291 1.983
Accel: 0.020 0.070 0.647
Gyro: -22.781 -24.581 0.457
Accel: 0.113 0.122 0.671
Gyro: 2.929 -9.780 -1.556
Accel: 0.096 0.118 0.896
Gyro: 14.389 -2.029 -5.493
Accel: 0.093 0.133 0.816
Gyro: 21.133 0.213 -8.224
Accel: 0.057 0.191 0.886
Gyro: 30.212 2.166 -6.820
Accel: 0.067 0.126 0.972
Gyro: 34.286 2.395 -4.318
Accel: 0.044 0.243 0.951
Gyro: 35.415 1.251 -1.068
Accel: 0.030 0.206 1.015
Gyro: 35.507 0.457 0.534
Accel: 0.020 0.165 1.062
Gyro: 32.577 1.052 0.961
Accel: 0.016 0.165 1.075
Gyro: 27.267 1.876 1.464
Accel: 0.006 0.165 1.141
Gyro: 20.156 0.183 1.388
Accel: 0.006 0.157 1.186
Gyro: 11.047 -1.205 1.129
Accel: 0.005 0.151 1.188
Gyro: 0.961 -2.044 0.610
Accel: 0.003 0.154 1.158
Gyro: -8.209 -2.319 0.244
Accel: 0.003 0.160 1.121
Gyro: -19.302 -1.907 0.061
Accel: 0.005 0.165 1.080
Gyro: -21.362 -1.937 0.045
Accel: 0.0000 0.167 1.033
Gyro: -25.039 -2.105 0.213
Accel: 0.061 0.173 1.0010
Gyro: -26.397 -1.602 0.915
Accel: 0.008 0.187 0.981
Gyro: -26.229 0.991 -1.708
Accel: 0.004 0.195 0.961
Gyro: -25.268 0.442 -2.319
Accel: 0.0000 0.222 0.962
Gyro: -24.124 0.045 -3.219
Accel: 0.0001 0.209 0.946
Gyro: -22.003 0.152 -3.723
Accel: 0.003 0.208 0.934
Gyro: -15.930 0.320 -3.967
Accel: 0.0010 0.219 0.927
Gyro: -17.013 0.122 -3.768
Accel: 0.016 0.223 0.916
Gyro: -13.168 0.381 -3.219
Accel: 0.020 0.226 0.923
Gyro: -9.262 0.076 -2.456
Accel: 0.019 0.235 0.923
Gyro: -5.996 0.213 -1.785
Accel: 0.012 0.235 0.930
Gyro: -2.761 0.183 -1.373
Accel: 0.014 0.232 0.942
Gyro: 0.259 0.335 0.854
Accel: 0.018 0.235 0.945
Gyro: 1.434 0.274 0.213
Accel: 0.015 0.229 0.957
Gyro: 3.128 0.076 0.259
Accel: 0.006 0.227 0.965
Gyro: 4.302 0.289 0.183
Accel: 0.009 0.222 0.964
Gyro: 5.462 0.0000 0.320
Accel: 0.006 0.223 0.971
Gyro: 6.439 0.427 0.152
Accel: 0.005 0.218 0.982
Gyro: 6.805 0.259 0.137
Accel: 0.004 0.216 0.987
Gyro: 6.500 0.152 0.106
Accel: 0.003 0.214 0.996
Gyro: 6.103 0.732 0.030
Accel: 0.062 0.210 1.004
Gyro: 5.294 -1.281 0.305
Accel: 0.002 0.209 1.018
Gyro: 0.045 -1.968 0.488
Accel: 0.005 0.213 1.022
Gyro: 2.227 -2.563 0.656
Accel: 0.009 0.196 1.022
Gyro: 0.381 -2.975 -1.358
Accel: 0.008 0.209 1.027
Gyro: -1.754 -3.067 -2.136
Accel: 0.0001 0.225 1.020
Gyro: -4.043 -2.395 -2.929
Accel: 0.0001 0.217 1.019
Gyro: -6.103 -1.739 -3.585
Accel: 0.0000 0.209 1.021
Gyro: -7.919 -1.571 -4.104
Accel: 0.0000 0.210 1.009
Gyro: -9.201 -1.495 -4.684
Accel: 0.0001 0.212 1.0001
Gyro: -10.177 -1.647 -5.081
Accel: 0.004 0.215 0.977
Gyro: -10.330 -1.312 -5.233
Accel: 0.007 0.221 0.967
Gyro: -9.826 -1.007 -5.126
Accel: 0.017 0.224 0.961
Gyro: -8.621 0.625 -4.867
Accel: 0.020 0.227 0.951
Gyro: -7.278 0.274 -4.531
Accel: 0.024 0.229 0.953
Gyro: -5.569 0.320 -4.058
Accel: 0.029 0.230 0.952
Gyro: -4.196 1.022 -3.234
Accel: 0.027 0.234 0.958
Gyro: -2.899 1.480 -2.349
Accel: 0.025 0.234 0.968
Gyro: -2.105 1.510 -1.480
Accel: 0.019 0.231 0.972
Gyro: -1.434 1.327 0.839
Accel: 0.016 0.233 0.978
Gyro: 0.823 0.534 0.167
Accel: 0.014 0.230 0.980
Gyro: 0.579 0.061 0.122
Accel: 0.011 0.230 0.981
Gyro: 0.396 0.106 0.274
Accel: 0.007 0.232 0.978
Gyro: 0.122 0.137 0.091
Accel: 0.009 0.231 0.975
Gyro: 0.167 0.076 0.198
Accel: 0.011 0.230 0.975
Gyro: 0.305 0.305 0.198
Accel: 0.011 0.230 0.980
Gyro: 0.396 0.411 0.198
Accel: 0.008 0.231 0.986
Gyro: 0.274 0.564 0.213
Accel: 0.007 0.229 0.987
Gyro: 0.167 0.564 0.213
Accel: 0.008 0.229 0.987
Gyro: 0.488 0.625 0.183
Accel: 0.006 0.229 0.992
Gyro: 0.793 0.671 0.076
Accel: 0.0001 0.229 0.989
Gyro: -1.266 0.473 0.091
Accel: 0.006 0.230 0.989
Gyro: -1.724 0.167 0.137
Accel: 0.006 0.226 0.988
Gyro: -1.861 0.442 0.213
Accel: 0.006 0.231 0.982
Gyro: -1.937 0.717 0.213
Accel: 0.0010 0.235 0.976
Gyro: -1.907 0.885 3.845
Accel: 0.011 0.237 0.973
Gyro: -1.388 0.381 0.091
Accel: 0.011 0.237 0.971
Gyro: 0.885 0.488 0.244
Accel: 0.009 0.235 0.969
Gyro: 0.244 0.061 0.320
Accel: 0.008 0.236 0.964
Gyro: 0.808 0.289 0.366
Accel: 0.009 0.237 0.964
Gyro: 1.800 0.213 0.350
Accel: 0.008 0.237 0.967
Gyro: 2.792 0.015 0.488
Accel: 0.002 0.233 0.967
Gyro: 3.448 0.274 0.350
Accel: 0.0001 0.232 0.970
Gyro: 4.028 0.442 0.167
Accel: 0.006 0.231 0.978
Gyro: 4.486 0.961 0.167
Accel: 0.004 0.230 0.987
Gyro: 4.470 -1.327 0.152
Accel: 0.007 0.229 0.988
Gyro: 4.135 -1.327 0.061
Accel: 0.006 0.229 0.991
Gyro: 3.829 -1.510 0.122
Accel: 0.006 0.225 0.988
Gyro: 3.372 -1.525 0.152
Accel: 0.008 0.225 0.995
Gyro: 2.670 -1.205 0.152
Accel: 0.005 0.228 0.996
Gyro: 2.059 -1.022 0.122
Accel: 0.006 0.225 0.996
Gyro: 1.464 0.656 0.137
Accel: 0.008 0.225 0.990
Gyro: 0.885 0.213 0.167
Accel: 0.008 0.226 0.990
Gyro: 0.549 0.076 0.152
Accel: 0.005 0.226 0.991
Gyro: 0.167 0.579 0.106
Accel: 0.004 0.227 0.988
Gyro: 0.167 -1.022 0.198
Accel: 0.006 0.227 0.982
Gyro: 0.213 -1.129 0.167
Accel: 0.007 0.227 0.982
Gyro: 0.076 -1.266 0.137
Accel: 0.008 0.228 0.978
Gyro: 0.228 -1.068 0.198
Accel: 0.009 0.229 0.977
Gyro: 0.198 0.823 0.198
Accel: 0.006 0.228 0.976
Gyro: 0.625 0.823 0.198
Accel: 0.0010 0.231 0.978
Gyro: 0.823 0.915 0.289
Accel: 0.008 0.229 0.979
Gyro: 1.144 0.885 0.305
Accel: 0.007 0.227 0.976
Gyro: 1.281 0.717 0.213
Accel: 0.007 0.229 0.977
Gyro: 1.419 0.274 0.198
Accel: 0.007 0.226 0.979
Gyro: 1.785 0.045 0.122
Accel: 0.007 0.227 0.979
Gyro: 2.044 0.061 0.198
Accel: 0.006 0.227 0.979
Gyro: 2.197 0.305 0.122
Accel: 0.007 0.226 0.980
Gyro: 2.395 0.411 0.122
Accel: 0.004 0.224 0.983
Gyro: 2.548 0.442 0.137
Accel: 0.008 0.224 0.982
Gyro: 2.365 0.366 0.076
Accel: 0.007 0.227 0.977
Gyro: 2.746 0.015 0.152
Accel: 0.007 0.225 0.980
Gyro: 2.990 0.289 0.137
Accel: 0.006 0.225 0.984
Gyro: 2.914 0.076 0.137
Accel: 0.004 0.223 0.984
Gyro: 2.853 0.076 0.152
Accel: 0.006 0.221 0.983
Gyro: 2.792 0.091 0.091
Accel: 0.006 0.222 0.992
Gyro: 2.502 0.045 0.152
Accel: 0.005 0.221 0.993
Gyro: 1.922 0.228 0.259
Accel: 0.004 0.220 0.993
Gyro: 1.358 0.732 0.152
Accel: 0.004 0.221 0.995
Gyro: 0.793 -1.190 0.167
Accel: 0.005 0.220 0.995
Gyro: 0.289 -1.296 0.122
Accel: 0.007 0.220 0.992
Gyro: 0.366 -1.373 0.183
Accel: 0.006 0.221 0.992
Gyro: 0.869 -1.251 0.122
Accel: 0.007 0.221 0.992
Gyro: -1.419 0.808 0.167
Accel: 0.007 0.220 0.993
Gyro: -1.922 0.747 0.152
Accel: 0.005 0.221 0.994
Gyro: -2.410 0.976 0.106
Accel: 0.006 0.224 0.994
Gyro: -2.807 -1.144 0.228
Accel: 0.004 0.223 0.989
Gyro: -3.189 -1.342 0.167
Accel: 0.006 0.225 0.986
Gyro: -3.463 -1.403 0.137
Accel: 0.007 0.224 0.982
Gyro: -3.494 -1.174 0.137
Accel: 0.007 0.225 0.983
Gyro: -3.402 -1.190 0.122
Accel: 0.005 0.228 0.985
Gyro: -3.463 -1.373 0.137
Accel: 0.007 0.226 0.984
Gyro: -3.524 -1.419 0.137
Accel: 0.008 0.228 0.984
Gyro: -3.784 -1.449 0.076
Accel: 0.007 0.229 0.982
Gyro: -3.799 -1.281 0.183
Accel: 0.007 0.229 0.981
Gyro: -3.662 -1.296 0.152
Accel: 0.007 0.229 0.979
Gyro: -3.662 -1.373 0.198
Accel: 0.007 0.233 0.975
Gyro: -3.280 -1.327 0.183
Accel: 0.007 0.232 0.977
Gyro: -2.960 -1.586 0.198
Accel: 0.009 0.232 0.977
Gyro: -2.624 -1.739 0.152
Accel: 0.0010 0.234 0.971
Gyro: -2.059 -1.342 0.076
Accel: 0.011 0.232 0.960
Gyro: -1.220 0.823 0.244
Accel: 0.008 0.232 0.956
Gyro: 0.244 0.152 0.122
Accel: 0.008 0.235 0.965
Gyro: 0.640 0.579 0.152
Accel: 0.007 0.232 0.974
Gyro: 1.113 0.808 0.106
Accel: 0.007 0.234 0.978
Gyro: 1.556 0.900 0.152
Accel: 0.006 0.232 0.985
Gyro: 1.708 0.991 0.076
Accel: 0.002 0.229 0.984
Gyro: 1.693 -1.129 0.137
Accel: 0.0010 0.233 0.981
Gyro: 1.571 -1.098 0.152
Accel: 0.012 0.232 0.985
Gyro: 1.403 0.900 0.061
Accel: 0.011 0.230 0.990
Gyro: 0.946 0.610 0.106
Accel: 0.0010 0.231 0.995
Gyro: 0.152 0.061 0.137
Accel: 0.009 0.229 0.997
Gyro: 0.610 0.350 0.167
Accel: 0.008 0.229 0.937
Gyro: -1.647 0.228 0.259
Accel: 0.009 0.231 0.992
Gyro: -2.441 0.274 0.259
Accel: 0.007 0.231 0.992
Gyro: -2.990 0.885 0.228
Accel: 0.006 0.231 0.989
Gyro: -3.601 -1.205 0.198
Accel: 0.008 0.232 0.984
Gyro: -3.860 -1.327 0.198
Accel: 0.008 0.234 0.981
Gyro: -3.753 -1.358 0.183
Accel: 0.008 0.235 0.977
Gyro: -3.509 -1.083 0.259
Accel: 0.009 0.238 0.971
Gyro: -3.265 0.793 0.183
Accel: 0.009 0.238 0.966
Gyro: -2.685 0.686 0.228
Accel: 0.006 0.238 0.969
Gyro: -1.998 0.656 0.213
Accel: 0.008 0.239 0.968
Gyro: -1.388 0.579 0.183
Accel: 0.009 0.239 0.969
Gyro: 0.808 0.228 0.122
Accel: 0.008 0.238 0.973
Gyro: 0.473 0.473 0.122
Accel: 0.008 0.239 0.977
Gyro: 0.244 0.701 0.137
Accel: 0.008 0.239 0.978
Gyro: 0.122 0.762 0.152
Accel: 0.007 0.238 0.974
Gyro: 0.106 0.549 0.213
Accel: 0.007 0.238 0.980
Gyro: 0.396 0.778 0.106
Accel: 0.009 0.238 0.980
Gyro: 0.381 0.946 0.137
Accel: 0.008 0.237 0.984
Gyro: 0.366 0.808 0.137
Accel: 0.008 0.239 0.983
Gyro: 0.228 0.854 0.167
Accel: 0.009 0.239 0.981
Gyro: 0.183 0.610 0.228
Accel: 0.008 0.236 0.973
Gyro: 0.259 0.167 0.167
Accel: 0.009 0.240 0.977
Gyro: 0.427 0.305 0.259
