Accel: 0.815 0.143 0.651
Gyro: 28.045 21.636 13.259
Accel: 0.806 0.142 0.652
Gyro: 27.221 23.895 12.695
Accel: 0.799 0.132 0.657
Gyro: 25.527 26.489 12.313
Accel: 0.796 0.121 0.662
Gyro: 23.956 29.403 12.603
Accel: 0.787 0.120 0.666
Gyro: 22.186 31.997 12.725
Accel: 0.777 0.117 0.665
Gyro: 21.240 33.569 12.176
Accel: 0.771 0.126 0.668
Gyro: 20.370 34.759 11.093
Accel: 0.757 0.138 0.671
Gyro: 20.050 34.606 9.521
Accel: 0.742 0.141 0.672
Gyro: 20.370 34.133 7.568
Accel: 0.732 0.136 0.679
Gyro: 20.858 33.569 5.874
Accel: 0.724 0.135 0.689
Gyro: 20.980 33.737 4.867
Accel: 0.708 0.127 0.698
Gyro: 21.362 33.966 4.760
Accel: 0.684 0.122 0.703
Gyro: 22.781 34.240 5.340
Accel: 0.665 0.112 0.701
Gyro: 24.337 34.255 6.744
Accel: 0.673 0.078 0.704
Gyro: 25.039 34.088 9.002
Accel: 0.678 0.090 0.705
Gyro: 24.154 34.713 11.672
Accel: 0.674 0.107 0.705
Gyro: 22.644 34.896 13.198
Accel: 0.663 0.121 0.704
Gyro: 22.247 34.347 14.114
Accel: 0.645 0.135 0.699
Gyro: 23.529 33.340 14.709
Accel: 0.645 0.120 0.699
Gyro: 24.673 31.539 15.396
Accel: 0.662 0.105 0.706
Gyro: 25.177 30.136 16.632
Accel: 0.674 0.0100 0.709
Gyro: 24.322 29.693 17.974
Accel: 0.677 0.111 0.709
Gyro: 23.422 30.151 18.829
Accel: 0.672 0.128 0.706
Gyro: 22.903 30.548 19.042
Accel: 0.668 0.123 0.710
Gyro: 22.415 30.639 18.646
Accel: 0.681 0.115 0.714
Gyro: 21.331 30.654 18.341
Accel: 0.688 0.116 0.718
Gyro: 19.668 30.776 17.623
Accel: 0.689 0.121 0.717
Gyro: 18.051 30.593 16.601
Accel: 0.691 0.125 0.720
Gyro: 16.662 30.334 15.319
Accel: 0.684 0.132 0.725
Gyro: 16.021 30.075 14.160
Accel: 0.677 0.129 0.728
Gyro: 15.899 29.663 13.366
Accel: 0.680 0.125 0.737
Gyro: 16.464 29.678 12.985
Accel: 0.680 0.122 0.740
Gyro: 17.517 30.761 12.710
Accel: 0.677 0.128 0.741
Gyro: 18.615 32.318 12.283
Accel: 0.675 0.132 0.739
Gyro: 19.119 34.545 12.207
Accel: 0.677 0.127 0.740
Gyro: 18.936 36.605 12.191
Accel: 0.678 0.122 0.744
Gyro: 18.005 38.116 12.481
Accel: 0.676 0.114 0.743
Gyro: 17.181 38.696 12.664
Accel: 0.678 0.103 0.741
Gyro: 16.036 37.750 12.603
Accel: 0.685 0.098 0.745
Gyro: 14.343 35.903 11.810
Accel: 0.687 0.098 0.750
Gyro: 12.710 33.538 10.803
Accel: 0.686 0.097 0.755
Gyro: 12.145 30.548 9.552
Accel: 0.684 0.099 0.758
Gyro: 12.222 27.160 7.781
Accel: 0.677 0.105 0.761
Gyro: 12.496 24.444 5.798
Accel: 0.674 0.110 0.760
Gyro: 12.695 22.964 3.784
Accel: 0.671 0.118 0.759
Gyro: 12.710 22.827 1.708
Accel: 0.671 0.130 0.758
Gyro: 12.268 24.322 0.442
Accel: 0.669 0.138 0.754
Gyro: 11.047 27.160 -2.929
Accel: 0.664 0.135 0.755
Gyro: 8.361 29.830 -5.950
Accel: 0.656 0.121 0.762
Gyro: 5.218 32.302 -8.331
Accel: 0.636 0.098 0.775
Gyro: 3.402 34.194 -8.895
Accel: 0.608 0.070 0.788
Gyro: 3.250 35.034 -7.324
Accel: 0.581 0.124 0.792
Gyro: 3.997 35.308 -3.540
Accel: 0.561 0.069 0.793
Gyro: 4.318 35.858 0.961
Accel: 0.553 0.093 0.790
Gyro: 3.616 37.628 5.401
Accel: 0.549 0.114 0.777
Gyro: 2.502 39.916 7.568
Accel: 0.548 0.133 0.765
Gyro: 0.350 41.397 8.071
Accel: 0.551 0.157 0.759
Gyro: -7.537 42.358 7.156
Accel: 0.546 0.173 0.757
Gyro: -7.125 42.037 5.035
Accel: 0.542 0.173 0.755
Gyro: -10.330 40.145 2.044
Accel: 0.538 0.169 0.757
Gyro: -12.329 36.575 0.915
Accel: 0.535 0.175 0.758
Gyro: -12.710 32.058 -3.784
Accel: 0.523 0.175 0.753
Gyro: -12.847 27.572 -7.492
Accel: 0.521 0.177 0.743
Gyro: -13.961 22.476 -11.123
Accel: 0.513 0.182 0.739
Gyro: -16.479 18.035 -14.755
Accel: 0.509 0.175 0.744
Gyro: -23.284 13.092 -17.776
Accel: 0.509 0.166 0.687
Gyro: -22.644 4.119 -19.332
Accel: 0.512 0.150 0.763
Gyro: -24.719 3.021 -19.546
Accel: 0.519 0.135 0.776
Gyro: -25.238 -1.022 -18.814
Accel: 0.527 0.139 0.783
Gyro: -24.871 -2.990 -18.081
Accel: 0.532 0.148 0.789
Gyro: -25.009 -3.112 -17.776
Accel: 0.537 0.152 0.795
Gyro: -25.924 -1.266 -17.532
Accel: 0.543 0.142 0.801
Gyro: -27.130 1.953 -17.852
Accel: 0.554 0.130 0.809
Gyro: -29.129 6.729 -18.966
Accel: 0.563 0.129 0.821
Gyro: -31.890 12.115 -20.172
Accel: 0.570 0.132 0.860
Gyro: -34.637 20.584 -22.460
Accel: 0.874 0.186 1.006
Gyro: -32.348 47.668 -35.049
Accel: 0.791 0.196 0.975
Gyro: -31.082 62.423 -45.318
Accel: 0.798 0.193 1.013
Gyro: -25.756 81.954 -56.289
Accel: 0.701 0.145 0.935
Gyro: -22.430 93.917 -66.253
Accel: 0.589 0.119 0.883
Gyro: -20.721 99.746 -64.865
Accel: 0.479 0.106 0.853
Gyro: -22.430 101.104 -64.331
Accel: 0.397 0.105 0.823
Gyro: -26.184 97.290 -61.965
Accel: 0.325 0.104 0.811
Gyro: -32.089 88.500 -58.349
Accel: 0.265 0.094 0.830
Gyro: -38.391 75.988 -53.634
Accel: 0.219 0.088 0.883
Gyro: -42.602 63.385 -48.019
Accel: 0.189 0.089 0.915
Gyro: -43.563 51.574 -42.724
Accel: 0.190 0.097 0.947
Gyro: -41.397 40.481 -35.385
Accel: 0.207 0.110 0.972
Gyro: -36.605 30.654 -37.322
Accel: 0.231 0.122 0.984
Gyro: -30.197 23.345 -37.368
Accel: 0.248 0.133 0.994
Gyro: -24.581 12.145 -38.558
Accel: 0.250 0.138 1.0010
Gyro: -18.692 10.696 -39.901
Accel: 0.187 0.135 1.017
Gyro: -13.092 6.774 -41.275
Accel: 0.247 0.127 1.015
Gyro: -8.834 3.372 -42.221
Accel: 0.243 0.122 1.009
Gyro: -5.645 0.045 -42.449
Accel: 0.241 0.114 0.999
Gyro: -2.960 -3.585 -42.572
Accel: 0.254 0.104 0.997
Gyro: -1.022 -6.515 -42.755
Accel: 0.264 0.107 0.989
Gyro: 1.129 -8.255 -42.175
Accel: 0.290 0.098 0.989
Gyro: 3.372 -10.711 -40.618
Accel: 0.312 0.088 1.005
Gyro: 5.233 -13.107 -37.628
Accel: 0.334 0.084 0.978
Gyro: 6.896 -18.615 -33.615
Accel: 0.432 0.118 0.988
Gyro: 10.025 -26.260 -32.226
Accel: 0.441 0.133 0.970
Gyro: 14.846 -35.614 -32.470
Accel: 0.409 0.109 1.0010
Gyro: 20.462 -39.596 -30.685
Accel: 0.356 0.084 1.036
Gyro: 26.748 -37.048 -27.069
Accel: 0.331 0.130 0.994
Gyro: 32.592 -36.254 -25.222
Accel: 0.348 0.182 1.011
Gyro: 37.155 -32.974 -25.833
Accel: 0.326 0.191 0.998
Gyro: 40.618 -26.138 -27.282
Accel: 0.317 0.202 0.982
Gyro: 43.090 -20.248 -28.472
Accel: 0.334 0.305 0.946
Gyro: 44.113 -13.961 -29.174
Accel: 0.194 0.453 0.840
Gyro: 42.663 -5.615 -25.878
Accel: 0.338 0.258 0.813
Gyro: 34.683 0.823 -22.598
Accel: 0.376 0.296 0.812
Gyro: 14.495 -1.663 -24.215
Accel: 0.384 0.356 0.832
Gyro: -14.343 -1.419 -31.555
Accel: 0.348 0.287 0.809
Gyro: -35.034 2.975 -34.774
Accel: 0.347 0.266 0.796
Gyro: -44.448 7.858 -36.056
Accel: 0.350 0.262 0.818
Gyro: -49.621 15.594 -36.270
Accel: 0.277 0.295 0.870
Gyro: -52.658 15.930 -36.621
Accel: 0.320 0.209 0.873
Gyro: -53.070 19.470 -37.918
Accel: 0.331 0.165 0.899
Gyro: -52.246 20.111 -38.452
Accel: 0.343 0.138 0.886
Gyro: -50.216 19.271 -38.803
Accel: 0.339 0.145 0.927
Gyro: -46.966 18.356 -38.238
Accel: 0.329 0.155 0.957
Gyro: -43.136 17.868 -36.697
Accel: 0.322 0.149 0.975
Gyro: -39.901 17.318 -35.003
Accel: 0.289 0.120 0.989
Gyro: -35.781 17.227 -36.468
Accel: 0.326 0.057 0.974
Gyro: -32.211 17.135 -40.176
Accel: 0.324 0.039 0.988
Gyro: -27.969 16.098 -43.487
Accel: 0.337 0.026 1.0000
Gyro: -21.820 13.977 -46.981
Accel: 0.351 0.017 1.0010
Gyro: -14.022 11.444 -50.674
Accel: 0.393 0.774 1.028
Gyro: 72.967 -62.469 -34.332
Accel: 0.419 0.772 1.026
Gyro: 76.721 -54.489 -37.322
Accel: 0.499 0.774 1.016
Gyro: 81.375 -47.805 -39.611
Accel: 0.468 0.779 0.997
Gyro: 86.578 -43.258 -40.725
Accel: 0.495 0.795 0.976
Gyro: 91.659 -40.817 -41.992
Accel: 0.525 0.823 0.959
Gyro: 95.794 -40.039 -44.204
Accel: 0.557 0.859 0.938
Gyro: 98.220 -40.756 -47.348
Accel: 0.593 0.894 0.931
Gyro: 98.907 -46.752 -51.376
Accel: 0.685 0.943 0.929
Gyro: 98.953 -44.433 -56.076
Accel: 0.653 0.994 0.931
Gyro: 99.716 -44.296 -62.194
Accel: 0.710 1.040 0.943
Gyro: 100.006 -41.809 -70.602
Accel: 0.779 1.078 0.946
Gyro: 99.212 -36.0010 -81.665
Accel: 0.833 1.111 0.943
Gyro: 97.457 -28.366 -97.640
Accel: 0.873 1.134 0.927
Gyro: 94.970 -19.699 -109.634
Accel: 0.876 1.138 0.902
Gyro: 92.529 -11.611 -131.896
Accel: 0.866 1.104 0.868
Gyro: 90.866 0.091 -146.514
Accel: 0.847 1.053 0.843
Gyro: 90.270 0.503 -163.040
Accel: 0.803 0.980 0.782
Gyro: 92.102 2.044 -177.642
Accel: 0.755 0.914 0.737
Gyro: 95.352 3.402 -190.673
Accel: 0.703 0.842 0.687
Gyro: 99.166 3.707 -202.514
Accel: 0.622 0.777 0.613
Gyro: 103.408 4.516 -213.134
Accel: 0.547 0.696 0.543
Gyro: 107.498 5.767 -225.738
Accel: 0.486 0.614 0.481
Gyro: 110.870 6.347 -233.901
Accel: 0.426 0.525 0.411
Gyro: 113.510 11.611 -241.714
Accel: 0.375 0.426 0.252
Gyro: 116.775 11.917 -246.459
Accel: 0.255 0.254 0.126
Gyro: 120.269 17.883 -255.722
Accel: 0.231 0.226 0.044
Gyro: 121.322 21.835 -263.595
Accel: 0.067 0.122 0.131
Gyro: 119.033 22.750 -270.706
Accel: 0.004 0.008 0.350
Gyro: 113.632 18.173 -276.565
Accel: 0.203 0.078 0.577
Gyro: 98.495 -1.327 -279.983
Accel: 0.380 0.216 0.761
Gyro: 65.277 -42.617 -283.782
Accel: 0.493 0.449 0.886
Gyro: 18.646 -82.794 -292.160
Accel: 0.597 0.706 0.945
Gyro: -24.963 -126.190 -286.361
Accel: 0.716 0.941 0.891
Gyro: -71.701 -163.177 -262.344
Accel: 0.826 -1.197 0.740
Gyro: -107.452 -182.113 -224.975
Accel: -1.064 -1.430 0.570
Gyro: -136.260 -199.005 -167.648
Accel: -1.423 -1.490 0.423
Gyro: -150.878 -206.085 -86.822
Accel: -1.683 -1.571 0.283
Gyro: -159.042 -208.374 15.991
Accel: -1.819 -1.615 0.131
Gyro: -160.339 -209.243 135.467
Accel: -1.930 -1.592 0.023
Gyro: -157.089 -208.953 268.768
Accel: -1.783 -1.567 0.184
Gyro: -152.786 -208.862 396.484
Accel: -1.292 -1.618 0.379
Gyro: -152.664 -206.024 499.984
Accel: 0.338 -1.662 0.683
Gyro: -161.361 -188.995 499.984
Accel: 0.898 -1.644 0.946
Gyro: -185.256 -170.364 499.984
Accel: 2.085 -1.390 1.411
Gyro: -217.132 -148.178 499.984
Accel: 3.013 0.911 1.737
Gyro: -245.086 -129.638 499.984
Accel: 3.224 0.061 2.154
Gyro: -243.957 -112.274 499.984
Accel: 3.422 0.977 2.608
Gyro: -219.131 -83.862 423.431
Accel: 3.476 1.587 3.049
Gyro: -174.331 -46.157 249.755
Accel: 3.111 1.725 3.021
Gyro: -125.732 -4.333 121.810
Accel: 2.669 1.554 2.930
Gyro: -76.843 33.569 52.703
Accel: 2.187 1.400 2.645
Gyro: -24.154 70.098 31.890
Accel: 1.869 1.329 2.291
Gyro: 25.238 90.087 42.373
Accel: 1.756 1.362 1.965
Gyro: 64.773 95.428 47.775
Accel: 1.740 1.500 1.694
Gyro: 95.703 88.485 36.361
Accel: 1.736 1.654 1.571
Gyro: 125.900 72.250 -3.204
Accel: 1.667 1.757 1.417
Gyro: 158.493 50.018 -63.018
Accel: 1.495 1.752 1.260
Gyro: 201.416 22.033 -126.724
Accel: 1.248 1.612 1.099
Gyro: 245.681 -10.177 -182.388
Accel: 1.025 1.392 0.947
Gyro: 285.247 -44.586 -225.158
Accel: 0.822 1.163 0.818
Gyro: 318.344 -74.813 -254.409
Accel: 0.639 0.939 0.632
Gyro: 343.292 -95.153 -282.806
Accel: 0.481 0.725 0.559
Gyro: 359.283 -110.839 -299.667
Accel: 0.314 0.501 0.388
Gyro: 351.913 -121.154 -306.167
Accel: 0.174 0.410 0.241
Gyro: 337.844 -127.456 -312.896
Accel: 0.041 0.266 0.125
Gyro: 309.738 -130.691 -316.329
Accel: 0.048 0.126 0.046
Gyro: 273.895 -134.613 -317.276
Accel: 0.108 0.017 0.011
Gyro: 225.997 -143.508 -318.481
Accel: 0.128 0.146 0.014
Gyro: 174.011 -151.885 -322.280
Accel: 0.109 0.276 0.043
Gyro: 122.268 -156.845 -328.628
Accel: 0.084 0.435 0.047
Gyro: 72.570 -158.721 -337.127
Accel: 0.090 0.632 0.008
Gyro: 20.034 -158.813 -344.696
Accel: 0.163 0.863 0.016
Gyro: -23.773 -149.307 -339.797
Accel: 0.373 0.974 0.018
Gyro: -65.353 -143.600 -310.684
Accel: 0.721 -1.223 0.174
Gyro: -90.591 -122.238 -250.686
Accel: -1.433 -1.267 0.125
Gyro: -119.125 -110.702 -147.109
Accel: -2.202 -1.376 0.174
Gyro: -149.856 -108.795 -7.095
Accel: -2.736 -1.477 0.243
Gyro: -170.364 -103.500 149.993
Accel: -2.929 -1.498 0.352
Gyro: -178.268 -99.456 308.364
Accel: -2.645 -1.502 0.451
Gyro: -179.260 -93.078 456.726
Accel: -2.431 -1.505 0.519
Gyro: -176.330 -83.160 499.984
Accel: -1.0100 -1.642 0.655
Gyro: -173.767 -63.369 499.984
Accel: 0.161 -1.761 0.933
Gyro: -182.357 -28.503 499.984
Accel: 1.830 -1.569 1.171
Gyro: -204.742 32.821 499.984
Accel: 3.347 -1.021 1.461
Gyro: -239.349 85.342 499.984
Accel: 3.961 0.154 1.755
Gyro: -259.399 104.278 499.984
Accel: 3.512 1.666 2.364
Gyro: -248.504 79.498 444.107
Accel: 4.058 2.240 2.971
Gyro: -176.971 48.492 204.681
Accel: 3.436 2.181 3.095
Gyro: -85.678 28.442 25.787
Accel: 2.582 1.825 2.998
Gyro: 3.677 17.593 -62.637
Accel: 1.879 1.536 2.803
Gyro: 79.345 23.559 -81.436
Accel: 1.483 1.391 2.437
Gyro: 134.109 41.763 -60.668
Accel: 1.394 1.290 2.161
Gyro: 168.395 67.825 -37.094
Accel: 1.345 1.244 1.807
Gyro: 187.911 92.834 -24.536
Accel: 1.221 1.231 1.476
Gyro: 192.337 114.700 -37.017
Accel: 1.0000 1.176 1.196
Gyro: 192.184 130.203 -65.872
Accel: 0.839 1.080 0.945
Gyro: 193.878 140.914 -97.564
Accel: 0.604 0.907 0.697
Gyro: 197.723 144.821 -128.570
Accel: 0.340 0.809 0.545
Gyro: 197.830 143.188 -141.021
Accel: 0.095 0.678 0.394
Gyro: 194.030 132.949 -149.215
Accel: 0.0100 0.586 0.267
Gyro: 186.172 126.556 -149.658
Accel: 0.234 0.495 0.165
Gyro: 177.673 115.524 -143.432
Accel: 0.369 0.401 0.092
Gyro: 169.097 103.164 -130.035
Accel: 0.385 0.347 0.072
Gyro: 166.015 88.378 -108.749
Accel: 0.437 0.305 0.016
Gyro: 170.501 69.229 -80.886
Accel: 0.507 0.295 0.034
Gyro: 181.762 45.684 -53.222
Accel: 0.589 0.307 0.066
Gyro: 196.701 18.112 -25.711
Accel: 0.644 0.362 0.080
Gyro: 209.350 -11.657 -3.707
Accel: 0.668 0.421 0.075
Gyro: 215.148 -36.407 26.535
Accel: 0.659 0.495 0.049
Gyro: 210.968 -61.019 55.587
Accel: 0.451 0.588 0.009
Gyro: 206.619 -67.413 83.068
Accel: 0.196 0.807 0.051
Gyro: 187.988 -63.385 110.870
Accel: 0.031 0.914 0.085
Gyro: 170.593 -47.149 127.136
Accel: 0.261 1.127 0.107
Gyro: 141.891 -24.017 127.487
Accel: 0.561 1.357 0.122
Gyro: 106.277 0.061 107.818
Accel: 0.658 1.554 0.140
Gyro: 68.023 25.268 70.907
Accel: 0.784 1.659 0.146
Gyro: 35.583 47.378 30.227
Accel: 0.826 1.716 0.163
Gyro: 8.514 66.345 -4.959
Accel: 0.811 1.677 0.215
Gyro: -8.666 68.832 -30.426
Accel: 0.768 1.617 0.210
Gyro: -19.729 59.188 -53.482
Accel: 0.743 1.527 0.246
Gyro: -21.270 49.224 -70.327
Accel: 0.699 1.420 0.296
Gyro: -10.742 28.106 -82.626
Accel: 0.594 1.330 0.321
Gyro: 11.032 1.388 -92.956
Accel: 0.478 1.206 0.324
Gyro: 39.657 -27.008 -101.608
Accel: 0.386 1.095 0.307
Gyro: 71.365 -53.543 -107.940
Accel: 0.309 0.932 0.286
Gyro: 101.364 -76.950 -110.946
Accel: 0.201 0.784 0.249
Gyro: 132.614 -90.011 -110.946
Accel: 0.077 0.685 0.126
Gyro: 149.398 -100.631 -106.445
Accel: 0.028 0.553 0.132
Gyro: 161.071 -102.539 -95.199
Accel: 0.109 0.399 0.073
Gyro: 164.688 -96.847 -76.446
Accel: 0.053 0.289 0.029
Gyro: 159.530 -82.870 -49.026
Accel: 0.107 0.320 0.049
Gyro: 138.320 -56.991 -19.348
Accel: 0.143 0.367 0.135
Gyro: 100.784 -29.556 6.103
Accel: 0.182 0.391 0.187
Gyro: 57.220 -11.123 20.904
Accel: 0.196 0.402 0.388
Gyro: 21.942 0.961 35.842
Accel: 0.184 0.400 0.306
Gyro: -4.302 5.874 48.690
Accel: 0.280 0.376 0.152
Gyro: -20.965 13.488 61.508
Accel: 0.313 0.411 0.123
Gyro: -28.549 18.524 69.808
Accel: 0.384 0.496 0.166
Gyro: -30.975 20.538 71.319
Accel: 0.460 0.619 0.212
Gyro: -31.463 26.931 64.773
Accel: 0.524 0.698 0.230
Gyro: -35.964 33.630 53.390
Accel: 0.591 0.717 0.214
Gyro: -41.854 27.603 41.961
Accel: 0.567 0.702 0.200
Gyro: -39.627 13.565 32.531
Accel: 0.430 0.655 0.174
Gyro: -29.632 -9.292 23.773
Accel: 0.256 0.506 0.149
Gyro: -5.447 -37.475 22.171
Accel: 0.166 0.467 0.114
Gyro: 22.216 -61.370 29.861
Accel: 0.003 0.367 0.095
Gyro: 50.292 -83.633 50.308
Accel: 0.046 0.229 0.087
Gyro: 81.802 -96.099 87.020
Accel: 0.302 0.178 0.092
Gyro: 103.103 -92.712 135.421
Accel: 0.620 0.298 0.142
Gyro: 104.309 -76.507 181.793
Accel: 0.908 0.519 0.208
Gyro: 83.038 -56.015 203.262
Accel: 1.129 0.763 0.282
Gyro: 39.535 -42.785 195.861
Accel: 7.999 4.201 0.178
Gyro: -17.837 -26.321 -58.502
Accel: 0.528 2.074 0.146
Gyro: -57.922 -33.416 36.026
Accel: 1.810 0.081 0.141
Gyro: -77.301 -11.413 -36.865
Accel: 0.782 1.165 0.329
Gyro: -85.983 13.351 -60.211
Accel: 0.500 1.271 0.206
Gyro: -83.587 11.489 -71.014
Accel: 0.631 0.894 0.014
Gyro: -66.238 9.277 -108.047
Accel: 0.272 0.987 0.054
Gyro: -39.321 -6.225 -121.704
Accel: 0.063 0.836 0.062
Gyro: -13.031 -23.544 -127.685
Accel: 0.164 0.700 0.095
Gyro: 9.216 -52.597 -126.205
Accel: 0.427 0.620 0.023
Gyro: 32.775 -70.495 -110.717
Accel: 0.668 0.488 0.007
Gyro: 57.388 -85.372 -83.282
Accel: 0.818 0.336 0.0010
Gyro: 70.190 -91.262 -42.678
Accel: -1.014 0.176 0.027
Gyro: 81.848 -87.097 15.823
Accel: -1.017 0.050 0.022
Gyro: 88.745 -68.801 91.064
Accel: 0.942 0.002 0.006
Gyro: 87.173 -41.091 171.234
Accel: 0.496 0.035 0.054
Gyro: 73.837 -9.002 247.497
Accel: -7.999 2.854 0.333
Gyro: 19.165 -45.303 69.213
Accel: -2.569 2.400 0.378
Gyro: -12.588 -10.971 37.994
Accel: 0.936 0.188 0.935
Gyro: -45.043 -17.166 70.236
Accel: 0.534 0.704 0.069
Gyro: -61.920 49.804 114.334
Accel: 0.582 1.296 0.038
Gyro: -72.219 95.352 126.556
Accel: 0.938 1.203 0.229
Gyro: -90.576 110.488 69.961
Accel: 0.930 1.461 0.105
Gyro: -98.114 112.396 0.579
Accel: 0.784 1.423 0.069
Gyro: -93.505 98.495 -69.458
Accel: 0.540 1.200 0.173
Gyro: -74.874 67.947 -123.382
Accel: 0.175 0.932 0.177
Gyro: -44.433 23.681 -162.048
Accel: 0.299 0.626 0.071
Gyro: -5.508 -20.614 -178.207
Accel: 0.706 0.407 0.016
Gyro: 39.916 -65.322 -171.600
Accel: -1.012 0.110 0.031
Gyro: 88.760 -89.950 -131.362
Accel: -1.301 0.079 0.014
Gyro: 126.052 -97.396 -61.614
Accel: -1.379 0.145 0.0100
Gyro: 146.789 -89.294 25.283
Accel: -1.254 0.151 0.205
Gyro: 139.007 -67.764 114.105
Accel: 0.937 0.076 0.305
Gyro: 102.920 -34.149 192.413
Accel: 0.385 0.042 0.357
Gyro: 47.058 0.915 4.287
Accel: -6.205 4.248 0.572
Gyro: -6.195 65.338 -58.959
Accel: 0.571 0.745 2.390
Gyro: -67.443 22.018 9.017
Accel: 1.012 0.056 0.259
Gyro: -100.036 46.249 72.723
Accel: 0.770 0.956 -1.041
Gyro: -115.066 41.488 151.947
Accel: 0.782 1.191 0.175
Gyro: -118.423 55.236 176.315
Accel: 0.890 1.251 0.126
Gyro: -116.760 54.214 126.235
Accel: 1.097 1.687 0.160
Gyro: -113.815 62.713 27.206
Accel: 0.932 1.839 0.315
Gyro: -97.717 69.274 -70.892
Accel: 0.730 1.513 0.230
Gyro: -74.920 59.738 -151.428
Accel: 0.222 1.197 0.112
Gyro: -47.088 46.371 -197.418
Accel: 0.447 0.867 0.056
Gyro: -10.864 16.784 -219.436
Accel: 0.947 0.345 0.019
Gyro: 38.711 -11.352 -212.890
Accel: -1.320 0.015 0.066
Gyro: 86.837 -30.227 -162.643
Accel: -1.573 0.278 0.179
Gyro: 124.267 -47.363 -74.234
Accel: -1.699 0.355 0.309
Gyro: 137.557 -57.022 34.881
Accel: -1.410 0.369 0.407
Gyro: 118.698 -54.077 149.093
Accel: 0.703 0.208 0.423
Gyro: 73.257 -38.345 257.064
Accel: 0.234 0.205 0.203
Gyro: 10.299 -23.666 -122.085
Accel: -2.801 5.265 2.482
Gyro: -41.534 65.109 22.567
Accel: 1.302 0.333 1.663
Gyro: -101.196 58.090 73.425
Accel: 1.274 0.296 0.568
Gyro: -131.835 60.714 95.0001
Accel: 0.644 1.495 0.431
Gyro: -129.180 59.707 106.430
Accel: 0.841 1.459 0.291
Gyro: -113.906 40.405 36.239
Accel: 0.976 1.510 0.180
Gyro: -83.419 39.794 -64.224
Accel: 0.577 1.523 0.378
Gyro: -34.881 40.573 -146.057
Accel: 0.214 1.153 0.199
Gyro: 3.005 24.627 -202.011
Accel: 0.308 0.704 0.028
Gyro: 37.933 2.197 -221.435
Accel: 0.782 0.266 0.075
Gyro: 71.548 -25.680 -206.985
Accel: -1.098 0.118 0.177
Gyro: 100.021 -50.170 -145.294
Accel: -1.323 0.257 0.213
Gyro: 110.946 -61.096 -67.825
Accel: -1.490 0.328 0.305
Gyro: 103.195 -62.973 34.011
Accel: -1.301 0.250 0.282
Gyro: 77.392 -45.791 137.603
Accel: 0.674 0.134 0.299
Gyro: 34.393 -19.226 227.539
Accel: 0.039 0.171 0.261
Gyro: -26.046 5.249 239.624
Accel: -3.703 5.879 -3.628
Gyro: -90.606 30.944 27.725
Accel: 0.198 1.108 0.496
Gyro: -110.671 60.012 40.512
Accel: 0.865 0.0000 0.579
Gyro: -124.664 71.456 40.939
Accel: 0.179 1.426 0.065
Gyro: -97.091 63.171 55.435
Accel: 0.620 1.193 0.067
Gyro: -69.366 28.488 2.227
Accel: 0.780 1.338 0.229
Gyro: -36.911 11.245 -74.768
Accel: 0.546 1.248 0.186
Gyro: -2.975 -8.804 -134.262
Accel: 0.099 0.944 0.066
Gyro: 20.477 -27.679 -173.248
Accel: 0.419 0.584 0.029
Gyro: 47.744 -40.161 -180.969
Accel: 0.782 0.173 0.027
Gyro: 72.738 -47.073 -150.955
Accel: -1.161 0.099 0.013
Gyro: 90.713 -46.646 -74.447
Accel: -1.493 0.279 0.019
Gyro: 97.0000 -37.368 24.459
Accel: -1.516 0.356 0.183
Gyro: 88.607 -12.603 138.107
Accel: -1.290 0.345 0.212
Gyro: 55.587 8.697 238.586
Accel: 2.999 4.993 4.211
Gyro: 0.350 -35.583 45.333
Accel: -6.163 1.596 3.461
Gyro: -28.381 -1.724 59.371
Accel: 1.067 0.271 0.454
Gyro: -71.121 14.160 127.044
Accel: 0.867 1.007 0.660
Gyro: -83.297 19.714 199.813
Accel: 0.720 1.599 0.061
Gyro: -89.950 24.688 202.682
Accel: 1.177 1.378 0.0000
Gyro: -90.133 23.101 99.380
Accel: 1.271 1.967 0.289
Gyro: -64.712 50.033 -37.719
Accel: 0.922 1.930 0.004
Gyro: -38.070 56.365 -158.309
Accel: 0.510 1.339 0.035
Gyro: -9.033 43.792 -233.901
Accel: 0.197 0.770 0.019
Gyro: 28.015 26.260 -274.505
Accel: 0.755 0.249 0.138
Gyro: 74.920 -8.987 -267.639
Accel: -1.285 0.208 0.217
Gyro: 115.768 -50.277 -208.801
Accel: -1.581 0.422 0.264
Gyro: 147.857 -83.724 -104.797
Accel: -1.831 0.506 0.304
Gyro: 152.465 -100.997 24.215
Accel: -1.681 0.510 0.335
Gyro: 125.442 -90.530 161.407
Accel: -1.217 0.385 0.324
Gyro: 73.272 -55.801 284.439
Accel: 0.199 0.099 0.273
Gyro: 2.182 -12.496 372.406
Accel: -7.999 5.095 -2.362
Gyro: -107.345 -45.959 87.249
Accel: 0.374 2.268 0.487
Gyro: -133.743 91.140 57.373
Accel: 0.916 0.304 0.607
Gyro: -169.219 87.265 65.246
Accel: 0.486 1.142 0.224
Gyro: -157.363 99.548 88.272
Accel: 0.564 1.603 0.398
Gyro: -123.519 57.876 38.970
Accel: 1.027 1.439 0.313
Gyro: -71.243 24.047 -75.805
Accel: 0.759 1.558 0.205
Gyro: -2.212 -1.831 -163.894
Accel: 0.435 1.118 0.167
Gyro: 50.888 -31.585 -219.238
Accel: 0.089 0.694 0.121
Gyro: 86.120 -56.213 -237.152
Accel: 0.647 0.278 0.079
Gyro: 110.946 -67.657 -219.787
Accel: -1.111 0.042 0.050
Gyro: 120.651 -62.118 -156.646
Accel: -1.501 0.234 0.028
Gyro: 112.442 -41.809 -51.818
Accel: -1.723 0.360 0.047
Gyro: 86.715 -12.023 78.826
Accel: -1.621 0.400 0.145
Gyro: 46.417 24.978 210.052
Accel: -1.201 0.358 0.218
Gyro: -4.425 54.077 319.702
Accel: 0.411 0.170 0.260
Gyro: -56.472 70.037 302.551
Accel: -5.570 6.775 -4.342
Gyro: -105.621 75.286 65.109
Accel: 0.231 1.247 0.372
Gyro: -106.353 59.677 64.331
Accel: 0.647 0.287 0.818
Gyro: -99.563 52.581 73.562
Accel: 0.349 1.290 0.172
Gyro: -54.763 50.109 93.978
Accel: 0.717 1.419 0.377
Gyro: -31.982 11.322 40.222
Accel: 1.130 1.433 0.0100
Gyro: -13.336 -21.865 -54.962
Accel: 0.972 1.563 0.019
Gyro: 12.039 -36.834 -130.767
Accel: 0.690 1.322 0.023
Gyro: 24.139 -45.867 -189.559
Accel: 0.282 1.020 0.017
Gyro: 34.347 -43.228 -220.626
Accel: 0.156 0.696 0.020
Gyro: 47.637 -39.871 -225.433
Accel: 0.637 0.418 0.052
Gyro: 57.235 -40.359 -195.251
Accel: -1.099 0.080 0.121
Gyro: 67.138 -38.131 -141.662
Accel: -1.536 0.084 0.031
Gyro: 81.253 -29.220 -59.982
Accel: -1.655 0.364 0.0010
Gyro: 80.657 -19.104 40.649
Accel: -1.644 0.434 0.102
Gyro: 69.274 -6.851 149.444
Accel: -1.383 0.441 0.204
Gyro: 42.953 7.797 249.725
Accel: 0.943 0.351 0.249
Gyro: 7.492 17.425 325.180
Accel: -7.999 3.979 1.523
Gyro: -53.588 -29.724 46.585
Accel: 1.191 2.348 -1.583
Gyro: -77.301 34.606 0.991
Accel: 0.613 0.387 0.364
Gyro: -74.295 34.591 15.884
Accel: 0.455 1.062 0.297
Gyro: -43.395 29.571 60.287
Accel: 0.317 1.297 0.226
Gyro: -21.209 24.826 71.838
Accel: 0.226 0.811 0.116
Gyro: -10.787 16.036 68.527
Accel: 0.299 0.738 0.025
Gyro: -2.716 14.266 63.079
Accel: 0.259 0.814 0.034
Gyro: -4.760 17.181 58.197
Accel: 0.323 0.819 0.024
Gyro: -19.210 19.500 43.884
Accel: 0.276 0.843 0.103
Gyro: -36.544 18.707 34.286
Accel: 0.330 0.848 0.012
Gyro: -47.729 23.635 21.896
Accel: 0.183 0.822 0.052
Gyro: -59.204 23.605 19.287
Accel: 0.067 0.771 0.016
Gyro: -65.338 23.300 21.270
Accel: 1.132 1.046 0.144
Gyro: -63.079 23.727 11.230
Accel: 0.062 1.0010 0.125
Gyro: -60.363 17.166 11.489
Accel: 0.215 0.980 0.170
Gyro: -53.222 10.009 9.857
Accel: 0.327 1.015 0.148
Gyro: -43.777 1.708 4.730
Accel: 0.263 1.088 0.212
Gyro: -31.402 -4.821 -6.851
Accel: 0.216 1.140 0.348
Gyro: -16.220 -7.080 -10.848
Accel: 0.244 1.098 0.411
Gyro: 2.593 -6.912 -17.013
Accel: 0.246 1.110 0.192
Gyro: 12.557 -12.832 -20.019
Accel: 0.321 1.0000 0.175
Gyro: 21.545 -21.163 -17.120
Accel: 0.301 1.028 0.135
Gyro: 30.532 -26.824 -13.549
Accel: 0.302 1.006 0.092
Gyro: 37.521 -29.861 -12.268
Accel: 0.305 1.008 0.002
Gyro: 41.656 -27.999 -12.863
Accel: 0.294 0.993 0.063
Gyro: 40.542 -20.904 -14.633
Accel: 0.295 0.972 0.0100
Gyro: 33.432 -10.238 -17.730
Accel: 0.318 0.963 0.087
Gyro: 16.738 4.562 -18.554
Accel: 0.338 0.942 0.048
Gyro: -3.128 19.927 -15.106
Accel: 0.348 0.929 0.0001
Gyro: -25.466 33.554 -9.429
Accel: 0.332 0.998 0.042
Gyro: -45.883 42.877 -5.844
Accel: 0.321 0.928 0.059
Gyro: -59.295 47.790 0.106
Accel: 0.298 0.919 0.032
Gyro: -69.839 47.225 3.768
Accel: 0.296 0.901 0.0001
Gyro: -75.637 39.611 6.988
Accel: 0.231 0.860 0.046
Gyro: -77.758 31.738 12.817
Accel: 0.501 0.905 0.182
Gyro: -75.637 28.350 21.484
Accel: 0.241 0.886 0.167
Gyro: -73.944 18.341 34.469
Accel: 0.150 0.877 0.225
Gyro: -62.774 13.900 36.209
Accel: 0.260 0.918 0.324
Gyro: -52.658 15.441 32.745
Accel: 0.503 0.955 0.339
Gyro: -35.751 21.209 15.823
Accel: 0.644 1.018 0.349
Gyro: -20.141 27.938 -4.974
Accel: 0.726 1.034 0.290
Gyro: -10.696 28.198 -23.712
Accel: 0.757 1.045 0.266
Gyro: -7.080 19.577 -46.768
Accel: 0.739 1.0001 0.264
Gyro: -6.057 18.325 -62.103
Accel: 0.659 0.983 0.249
Gyro: -5.920 12.969 -68.405
Accel: 0.562 0.878 0.234
Gyro: -5.920 9.506 -73.120
Accel: 0.508 0.814 0.230
Gyro: -5.249 9.384 -71.929
Accel: 0.481 0.797 0.217
Gyro: -4.852 11.596 -66.390
Accel: 0.466 0.715 0.202
Gyro: -5.157 15.686 -59.051
Accel: 0.468 0.642 0.178
Gyro: -7.156 19.973 -52.154
Accel: 0.463 0.584 0.155
Gyro: -11.291 23.803 -45.104
Accel: 0.446 0.541 0.140
Gyro: -17.730 27.709 -38.925
Accel: 0.431 0.503 0.129
Gyro: -24.551 32.470 -33.599
Accel: 0.435 0.467 0.122
Gyro: -33.081 42.831 -28.915
Accel: 0.436 0.446 0.125
Gyro: -46.234 45.822 -24.475
Accel: 0.405 0.432 0.137
Gyro: -52.169 52.734 -20.996
Accel: 0.349 0.420 0.156
Gyro: -62.240 60.729 -18.157
Accel: 0.283 0.412 0.178
Gyro: -71.640 69.854 -14.770
Accel: 0.222 0.420 0.194
Gyro: -80.612 79.132 -4.379
Accel: 0.139 0.435 0.205
Gyro: -88.195 93.139 3.799
Accel: 0.060 0.492 0.223
Gyro: -94.177 101.089 10.131
Accel: 0.050 0.454 0.237
Gyro: -100.021 101.760 22.506
Accel: 0.018 0.504 0.242
Gyro: -104.568 103.683 35.949
