Accel: 0.041 0.079 0.183
Gyro: 103.591 -40.130 -261.032
Accel: 0.009 0.038 0.158
Gyro: 83.084 -39.718 -252.029
Accel: 0.063 0.136 0.171
Gyro: 66.421 -41.976 -242.446
Accel: 0.074 0.221 0.136
Gyro: 54.550 -46.279 -231.170
Accel: 0.120 0.291 0.129
Gyro: 39.184 -52.352 -217.819
Accel: 0.154 0.358 0.118
Gyro: 22.781 -60.180 -199.249
Accel: 0.185 0.416 0.107
Gyro: 5.172 -69.152 -180.236
Accel: 0.216 0.463 0.104
Gyro: -14.083 -78.552 -163.284
Accel: 0.277 0.503 0.108
Gyro: -29.983 -84.442 -141.571
Accel: 0.344 0.539 0.121
Gyro: -42.800 -85.800 -117.767
Accel: 0.382 0.554 0.141
Gyro: -48.339 -84.915 -90.393
Accel: 0.598 0.604 0.168
Gyro: -54.077 -80.459 -60.989
Accel: 0.689 0.650 0.210
Gyro: -57.067 -71.105 -26.062
Accel: 0.840 0.650 0.258
Gyro: -57.632 -60.470 17.166
Accel: 0.950 0.663 0.288
Gyro: -55.831 -44.754 67.794
Accel: -1.024 0.662 0.298
Gyro: -53.543 -24.063 128.234
Accel: -1.067 0.653 0.299
Gyro: -52.658 -10.803 185.073
Accel: -1.049 0.636 0.289
Gyro: -53.390 7.431 244.644
Accel: 0.977 0.604 0.283
Gyro: -56.091 16.616 309.783
Accel: 0.802 0.538 0.288
Gyro: -58.944 30.273 376.098
Accel: 0.490 0.447 0.306
Gyro: -62.240 46.585 439.758
Accel: 0.105 0.285 0.328
Gyro: -70.114 65.658 495.635
Accel: 0.747 0.002 0.325
Gyro: -90.057 88.027 499.984
Accel: 1.517 0.343 0.333
Gyro: -123.367 102.233 499.984
Accel: 2.007 0.667 0.365
Gyro: -161.773 87.615 499.984
Accel: 1.827 1.150 0.467
Gyro: -193.359 63.583 475.219
Accel: 1.668 1.476 0.549
Gyro: -191.818 58.273 390.808
Accel: 1.753 1.738 0.733
Gyro: -176.361 66.528 290.802
Accel: 1.810 1.764 0.844
Gyro: -153.015 79.0010 205.337
Accel: 1.737 1.711 0.905
Gyro: -136.581 86.364 141.143
Accel: 1.508 1.631 0.871
Gyro: -118.652 90.118 98.907
Accel: 1.356 1.522 0.779
Gyro: -104.827 90.728 76.034
Accel: 1.224 1.383 0.717
Gyro: -94.970 79.727 64.0010
Accel: 1.103 1.286 0.694
Gyro: -82.748 62.454 63.613
Accel: 0.996 1.201 0.688
Gyro: -64.941 42.602 68.618
Accel: 0.915 1.153 0.687
Gyro: -45.623 25.772 74.417
Accel: 0.866 1.063 0.679
Gyro: -22.598 13.717 78.872
Accel: 0.859 1.187 0.657
Gyro: 0.457 7.736 78.140
Accel: 0.831 1.151 0.619
Gyro: 21.224 6.393 69.931
Accel: 0.790 1.165 0.568
Gyro: 37.475 6.195 55.541
Accel: 0.766 1.140 0.520
Gyro: 49.697 6.469 36.483
Accel: 0.812 1.112 0.483
Gyro: 57.495 6.134 25.0100
Accel: 0.800 1.094 0.448
Gyro: 61.141 5.477 8.041
Accel: 0.766 1.073 0.433
Gyro: 61.843 5.111 1.129
Accel: 0.742 1.028 0.409
Gyro: 60.012 5.981 -6.362
Accel: 0.704 0.982 0.405
Gyro: 56.198 8.666 -8.880
Accel: 0.714 0.954 0.381
Gyro: 49.697 11.779 -7.110
Accel: 0.724 0.934 0.381
Gyro: 40.817 14.572 -2.960
Accel: 0.700 0.925 0.380
Gyro: 30.609 17.669 0.320
Accel: 0.650 0.907 0.378
Gyro: 21.621 22.109 1.296
Accel: 0.603 0.880 0.379
Gyro: 11.810 28.213 0.518
Accel: 0.565 0.851 0.378
Gyro: 11.489 34.286 -3.265
Accel: 0.540 0.808 0.374
Gyro: 9.384 38.452 -5.264
Accel: 0.538 0.772 0.362
Gyro: 8.483 39.276 -6.500
Accel: 0.526 0.745 0.355
Gyro: 8.224 37.719 -7.141
Accel: 0.498 0.722 0.346
Gyro: 9.277 34.240 -7.369
Accel: 0.512 0.705 0.345
Gyro: 11.016 29.144 -6.896
Accel: 0.512 0.702 0.354
Gyro: 13.397 22.552 -5.523
Accel: 0.494 0.704 0.367
Gyro: 16.586 16.860 -4.150
Accel: 0.479 0.697 0.378
Gyro: 21.026 13.137 -3.402
Accel: 0.468 0.688 0.384
Gyro: 25.802 10.726 -2.166
Accel: 0.492 0.686 0.384
Gyro: 30.014 7.537 0.808
Accel: 0.502 0.691 0.377
Gyro: 33.142 4.379 4.699
Accel: 0.495 0.694 0.377
Gyro: 35.263 0.946 7.186
Accel: 0.489 0.694 0.313
Gyro: 37.322 -1.525 8.712
Accel: 0.486 0.690 0.368
Gyro: 39.108 -2.975 9.201
Accel: 0.480 0.681 0.361
Gyro: 40.756 -3.723 9.628
Accel: 0.487 0.668 0.355
Gyro: 41.824 -4.211 9.918
Accel: 0.539 0.676 0.353
Gyro: 42.007 -5.981 10.925
Accel: 0.573 0.705 0.356
Gyro: 41.198 -8.773 12.924
Accel: 0.591 0.724 0.360
Gyro: 40.008 -10.787 14.236
Accel: 0.594 0.737 0.361
Gyro: 39.169 -11.459 14.358
Accel: 0.583 0.743 0.360
Gyro: 38.452 -10.910 13.320
Accel: 0.576 0.742 0.354
Gyro: 37.536 -9.658 7.919
Accel: 0.602 0.741 0.351
Gyro: 36.254 -8.895 10.604
Accel: 0.616 0.756 0.346
Gyro: 33.828 -8.331 9.643
Accel: 0.620 0.763 0.343
Gyro: 30.914 -7.019 8.026
Accel: 0.613 0.767 0.339
Gyro: 27.694 -4.837 6.118
Accel: 0.598 0.764 0.334
Gyro: 24.230 -1.647 4.425
Accel: 0.579 0.756 0.327
Gyro: 20.660 2.243 3.143
Accel: 0.571 0.749 0.319
Gyro: 16.342 5.767 3.341
Accel: 0.570 0.763 0.312
Gyro: 11.413 9.262 4.898
Accel: 0.585 0.760 0.316
Gyro: 5.889 15.457 6.027
Accel: 0.595 0.761 0.315
Gyro: 1.235 15.258 6.362
Accel: 0.576 0.763 0.311
Gyro: -2.609 18.981 6.134
Accel: 0.551 0.757 0.305
Gyro: -5.935 21.408 5.508
Accel: 0.531 0.742 0.299
Gyro: -8.453 23.284 4.867
Accel: 0.522 0.728 0.294
Gyro: -10.009 23.880 5.065
Accel: 0.542 0.723 0.291
Gyro: -10.787 22.933 6.469
Accel: 0.546 0.728 0.291
Gyro: -11.016 20.721 8.300
Accel: 0.535 0.731 0.291
Gyro: -10.360 17.990 9.155
Accel: 0.520 0.735 0.291
Gyro: -8.453 15.365 9.414
Accel: 0.521 0.738 0.293
Gyro: -5.371 12.176 10.391
Accel: 0.542 0.745 0.291
Gyro: -1.724 8.972 11.703
Accel: 0.548 0.753 0.286
Gyro: 2.304 6.256 12.557
Accel: 0.548 0.760 0.277
Gyro: 6.118 0.289 12.664
Accel: 0.548 0.764 0.265
Gyro: 8.819 1.556 12.542
Accel: 0.547 0.768 0.251
Gyro: 10.589 -1.846 12.130
Accel: 0.546 0.769 0.238
Gyro: 11.291 -5.554 11.901
Accel: 0.542 0.766 0.227
Gyro: 10.696 -9.323 11.932
Accel: 0.541 0.764 0.219
Gyro: 9.109 -13.107 12.542
Accel: 0.553 0.771 0.218
Gyro: 6.210 -17.272 13.641
Accel: 0.564 0.786 0.219
Gyro: 2.273 -20.996 14.602
Accel: 0.591 0.795 0.228
Gyro: -2.166 -23.971 14.495
Accel: 0.632 0.800 0.247
Gyro: -6.362 -25.680 13.626
Accel: 0.661 0.821 0.266
Gyro: -11.016 -25.421 11.871
Accel: 0.679 0.840 0.288
Gyro: -19.470 -23.117 8.422
Accel: 0.687 0.843 0.307
Gyro: -19.271 -18.981 3.295
Accel: 0.697 0.842 0.325
Gyro: -22.369 -14.587 -1.754
Accel: 0.711 0.833 0.337
Gyro: -24.719 -11.474 -5.355
Accel: 0.701 0.823 0.354
Gyro: -25.817 -9.674 -8.117
Accel: 0.679 0.810 0.368
Gyro: -25.344 -7.705 -10.421
Accel: 0.657 0.794 0.383
Gyro: -19.699 -5.035 -11.871
Accel: 0.639 0.773 0.392
Gyro: -20.217 -1.739 -11.764
Accel: 0.629 0.757 0.398
Gyro: -12.084 0.701 -9.796
Accel: 0.629 0.741 0.399
Gyro: -11.016 1.907 -6.958
Accel: 0.612 0.734 0.402
Gyro: -5.157 2.502 -4.333
Accel: 0.602 0.729 0.398
Gyro: 1.190 2.746 -2.944
Accel: 0.589 0.724 0.389
Gyro: 7.537 2.624 -2.182
Accel: 0.577 0.722 0.313
Gyro: 12.817 1.693 -1.403
Accel: 0.575 0.715 0.366
Gyro: 17.562 0.106 0.137
Accel: 0.581 0.707 0.355
Gyro: 21.377 -2.258 1.464
Accel: 0.583 0.711 0.347
Gyro: 24.291 -4.211 2.731
Accel: 0.580 0.715 0.344
Gyro: 26.336 -5.859 2.883
Accel: 0.580 0.719 0.335
Gyro: 27.435 -7.217 2.182
Accel: 0.580 0.722 0.332
Gyro: 27.923 -8.132 1.388
Accel: 0.577 0.718 0.326
Gyro: 27.557 -8.422 0.503
Accel: 0.582 0.714 0.322
Gyro: 26.687 -9.185 0.076
Accel: 0.581 0.712 0.322
Gyro: 25.924 -9.994 0.152
Accel: 0.485 0.530 0.544
Gyro: 50.735 62.423 33.264
Accel: 0.490 0.535 0.526
Gyro: 49.682 66.101 34.317
Accel: 0.483 0.539 0.510
Gyro: 47.897 64.727 34.729
Accel: 0.484 0.535 0.501
Gyro: 45.135 66.635 35.034
Accel: 0.495 0.529 0.495
Gyro: 41.870 68.847 35.903
Accel: 0.515 0.524 0.497
Gyro: 37.887 70.999 38.024
Accel: 0.525 0.521 0.504
Gyro: 33.767 74.081 41.0000
Accel: 0.531 0.513 0.510
Gyro: 30.456 77.636 44.067
Accel: 0.528 0.507 0.506
Gyro: 27.969 81.558 47.698
Accel: 0.527 0.501 0.503
Gyro: 26.321 84.533 51.712
Accel: 0.524 0.497 0.495
Gyro: 25.405 87.005 55.831
Accel: 0.534 0.493 0.483
Gyro: 24.627 87.554 59.967
Accel: 0.552 0.498 0.473
Gyro: 23.635 85.861 63.964
Accel: 0.563 0.508 0.463
Gyro: 22.994 82.504 67.199
Accel: 0.566 0.523 0.456
Gyro: 23.788 77.926 69.900
Accel: 0.568 0.538 0.449
Gyro: 26.428 72.998 71.487
Accel: 0.583 0.550 0.445
Gyro: 30.288 68.710 72.692
Accel: 0.614 0.573 0.437
Gyro: 34.484 65.963 73.791
Accel: 0.654 0.605 0.417
Gyro: 36.956 65.933 74.890
Accel: 0.690 0.646 0.387
Gyro: 35.827 67.291 75.531
Accel: 0.740 0.692 0.350
Gyro: 29.891 69.519 75.881
Accel: 0.792 0.741 0.314
Gyro: 18.630 71.029 75.485
Accel: 0.836 0.769 0.294
Gyro: 4.928 69.931 73.822
Accel: 0.875 0.776 0.281
Gyro: -7.080 68.145 71.456
Accel: 0.920 0.786 0.287
Gyro: -14.862 65.872 68.923
Accel: 0.978 0.800 0.293
Gyro: -17.700 62.484 62.545
Accel: 1.0010 0.824 0.299
Gyro: -16.265 57.174 64.117
Accel: 1.042 0.838 0.299
Gyro: -11.322 49.835 60.607
Accel: 1.087 0.863 0.297
Gyro: -2.914 39.154 56.579
Accel: 1.139 0.909 0.292
Gyro: 8.880 25.329 51.986
Accel: 1.194 0.966 0.284
Gyro: 24.108 8.392 46.966
Accel: 1.205 1.037 0.276
Gyro: 41.412 -10.955 41.687
Accel: 1.217 1.0100 0.240
Gyro: 56.365 -29.373 33.172
Accel: 1.261 1.156 0.220
Gyro: 62.896 -47.012 21.484
Accel: 1.297 1.209 0.219
Gyro: 60.348 -66.711 4.211
Accel: 1.360 1.243 0.218
Gyro: 47.576 -83.526 -6.500
Accel: 1.400 1.272 0.250
Gyro: 40.405 -97.717 -23.025
Accel: 1.397 1.283 0.289
Gyro: 27.694 -107.727 -41.213
Accel: 1.388 1.262 0.318
Gyro: 26.702 -114.349 -60.012
Accel: 1.372 1.228 0.336
Gyro: 23.056 -121.582 -77.850
Accel: 1.354 1.180 0.331
Gyro: 19.561 -128.631 -91.873
Accel: 1.337 1.130 0.318
Gyro: 15.975 -135.971 -108.612
Accel: 1.313 1.077 0.281
Gyro: 10.787 -147.994 -114.379
Accel: 1.276 1.018 0.230
Gyro: 1.785 -159.484 -122.375
Accel: 1.198 0.969 0.204
Gyro: -9.353 -178.604 -131.759
Accel: 1.063 0.913 0.191
Gyro: -24.353 -199.157 -143.936
Accel: 1.070 0.834 0.202
Gyro: -40.771 -212.539 -159.378
Accel: 1.013 0.748 0.220
Gyro: -58.502 -224.868 -176.376
Accel: 0.957 0.655 0.241
Gyro: -78.445 -231.781 -193.298
Accel: 0.905 0.541 0.271
Gyro: -101.119 -233.398 -208.175
Accel: 0.845 0.411 0.310
Gyro: -125.122 -229.980 -223.724
Accel: 0.777 0.281 0.355
Gyro: -148.208 -219.360 -241.210
Accel: 0.696 0.134 0.427
Gyro: -168.365 -213.623 -248.611
Accel: 0.593 0.055 0.521
Gyro: -182.281 -204.940 -256.042
Accel: 0.472 0.184 0.656
Gyro: -189.056 -196.762 -258.255
Accel: 0.359 0.230 0.789
Gyro: -183.273 -184.829 -254.638
Accel: 0.143 0.325 0.924
Gyro: -163.116 -167.755 -246.353
Accel: 0.052 0.393 1.026
Gyro: -130.142 -146.316 -232.849
Accel: 0.102 0.453 1.099
Gyro: -89.569 -125.213 -215.576
Accel: 0.241 0.502 1.148
Gyro: -47.714 -108.337 -194.839
Accel: 0.382 0.525 1.162
Gyro: -8.773 -100.997 -161.254
Accel: 0.469 0.541 1.181
Gyro: 24.383 -103.118 -123.596
Accel: 0.498 0.555 1.219
Gyro: 50.796 -117.645 -74.966
Accel: 0.477 0.557 1.264
Gyro: 78.125 -139.312 -35.217
Accel: 0.414 0.517 1.330
Gyro: 108.947 -147.781 10.742
Accel: 0.253 0.451 1.404
Gyro: 134.689 -148.422 51.300
Accel: 0.134 0.360 1.484
Gyro: 150.711 -135.818 84.976
Accel: 0.030 0.276 1.552
Gyro: 162.689 -111.083 115.814
Accel: 0.152 0.183 1.610
Gyro: 162.963 -77.072 147.842
Accel: 0.282 0.076 1.647
Gyro: 152.435 -35.949 179.656
Accel: 0.389 0.0001 1.627
Gyro: 135.421 9.552 203.933
Accel: 0.658 0.065 1.707
Gyro: 110.092 62.255 223.724
Accel: 0.871 0.140 1.727
Gyro: 82.321 111.618 234.039
Accel: 1.120 0.217 1.782
Gyro: 56.961 158.523 235.855
Accel: 1.221 0.261 1.826
Gyro: 41.412 201.004 231.170
Accel: 1.325 0.275 1.881
Gyro: 30.517 233.901 224.380
Accel: 1.399 0.239 1.917
Gyro: 31.936 256.515 218.490
Accel: 1.412 0.137 1.963
Gyro: 45.654 268.203 214.141
Accel: 1.428 0.018 2.011
Gyro: 72.631 270.309 211.669
Accel: 1.483 0.107 2.035
Gyro: 108.566 268.310 212.966
Accel: 1.526 0.220 2.007
Gyro: 153.778 276.794 212.173
Accel: 1.662 0.337 1.974
Gyro: 200.500 281.799 205.398
Accel: 1.744 0.435 1.915
Gyro: 243.667 291.397 200.073
Accel: 1.933 0.452 1.847
Gyro: 277.191 297.256 196.609
Accel: 2.168 0.618 1.775
Gyro: 297.851 304.351 194.488
Accel: 2.283 0.613 1.691
Gyro: 318.130 315.551 192.901
Accel: 2.446 0.691 1.585
Gyro: 337.615 333.770 186.874
Accel: 2.624 0.782 1.431
Gyro: 357.574 362.701 172.531
Accel: 2.777 0.866 1.239
Gyro: 374.877 398.117 163.101
Accel: 2.915 0.944 1.026
Gyro: 385.055 434.127 151.443
Accel: 2.972 0.979 0.712
Gyro: 385.131 461.654 142.440
Accel: 2.982 -1.062 0.542
Gyro: 373.641 481.094 135.971
Accel: 3.0010 -1.050 0.264
Gyro: 352.737 488.235 132.919
Accel: 3.024 -1.088 0.155
Gyro: 337.112 480.636 136.550
Accel: 3.077 -1.078 0.041
Gyro: 326.065 456.0100 146.911
Accel: 3.079 0.967 0.030
Gyro: 304.443 422.134 159.805
Accel: 2.929 0.816 0.050
Gyro: 280.593 382.232 168.670
Accel: 2.747 0.699 0.055
Gyro: 260.421 341.476 164.367
Accel: 2.579 0.655 0.058
Gyro: 247.024 304.260 160.049
Accel: 2.467 0.603 0.091
Gyro: 242.645 274.444 153.015
Accel: 2.384 0.513 0.135
Gyro: 239.852 247.650 151.870
Accel: 2.233 0.412 0.170
Gyro: 230.621 217.773 153.976
Accel: 2.016 0.251 0.199
Gyro: 225.189 183.944 150.222
Accel: 1.907 0.218 0.221
Gyro: 215.652 155.258 139.038
Accel: 1.767 0.156 0.221
Gyro: 208.633 129.058 120.651
Accel: 1.571 0.118 0.228
Gyro: 202.209 108.367 96.527
Accel: 1.513 0.113 0.229
Gyro: 196.014 93.063 70.098
Accel: 1.434 0.138 0.237
Gyro: 188.568 81.710 44.067
Accel: 1.352 0.184 0.246
Gyro: 178.054 72.784 23.712
Accel: 1.301 0.244 0.258
Gyro: 166.168 65.933 13.290
Accel: 1.264 0.273 0.263
Gyro: 152.618 63.659 6.072
Accel: 1.217 0.279 0.260
Gyro: 146.728 61.660 4.959
Accel: 1.178 0.283 0.268
Gyro: 139.038 59.814 5.966
Accel: 1.120 0.290 0.311
Gyro: 134.735 61.828 5.737
Accel: 1.078 0.282 0.358
Gyro: 126.144 58.746 4.058
Accel: 1.008 0.251 0.398
Gyro: 112.060 49.896 2.502
Accel: 0.959 0.249 0.433
Gyro: 95.932 39.794 1.113
Accel: 0.967 0.268 0.445
Gyro: 78.918 31.112 0.946
Accel: 0.982 0.270 0.454
Gyro: 64.956 22.430 4.867
Accel: 0.992 0.264 0.454
Gyro: 47.180 13.046 12.786
Accel: 1.008 0.265 0.455
Gyro: 37.597 2.059 22.399
Accel: 1.024 0.282 0.458
Gyro: 23.0010 -10.696 31.417
Accel: 1.079 0.305 0.416
Gyro: 7.431 -25.466 39.398
Accel: 1.134 0.320 0.356
Gyro: -8.346 -38.848 46.997
Accel: 1.173 0.313 0.302
Gyro: -22.994 -46.569 57.449
Accel: 1.214 0.295 0.266
Gyro: -35.781 -51.528 66.497
Accel: 1.261 0.282 0.205
Gyro: -45.654 -61.920 70.861
Accel: 1.292 0.253 0.156
Gyro: -58.334 -63.522 69.732
Accel: 1.334 0.218 0.110
Gyro: -61.126 -69.869 64.468
Accel: 1.380 0.177 0.097
Gyro: -65.719 -77.285 56.289
Accel: 1.422 0.158 0.081
Gyro: -69.793 -87.661 44.311
Accel: 1.510 0.141 0.068
Gyro: -74.096 -103.195 29.342
Accel: 1.560 0.0100 0.091
Gyro: -78.933 -116.104 12.969
Accel: 1.600 0.094 0.087
Gyro: -87.966 -135.055 2.471
Accel: 1.623 0.113 0.072
Gyro: -102.188 -158.843 -10.467
Accel: 1.710 0.170 0.060
Gyro: -123.306 -178.131 -23.040
Accel: 1.796 0.236 0.069
Gyro: -143.478 -198.135 -19.821
Accel: 1.930 0.239 0.223
Gyro: -166.320 -215.530 -12.405
Accel: 1.922 0.250 0.187
Gyro: -188.537 -233.688 -3.494
Accel: 2.066 0.232 0.235
Gyro: -217.880 -251.358 0.015
Accel: 2.219 0.145 0.325
Gyro: -243.194 -277.923 -3.570
Accel: 2.340 0.120 0.499
Gyro: -261.306 -309.570 -14.068
Accel: 2.509 0.099 0.750
Gyro: -272.369 -329.223 -27.832
Accel: 2.580 0.041 0.996
Gyro: -280.471 -323.104 -32.440
Accel: 2.559 0.009 1.199
Gyro: -288.696 -281.478 -25.253
Accel: 2.447 0.078 1.363
Gyro: -303.710 -239.166 -4.531
Accel: 2.380 0.158 1.533
Gyro: -314.437 -210.784 15.075
Accel: 2.368 0.194 1.564
Gyro: -325.912 -199.447 40.023
Accel: 2.440 0.229 1.700
Gyro: -320.892 -210.418 65.719
Accel: 2.539 0.322 1.850
Gyro: -306.549 -231.140 91.735
Accel: 2.366 0.497 1.853
Gyro: -275.009 -244.506 115.234
Accel: 2.225 0.674 1.869
Gyro: -234.527 -246.902 129.989
Accel: 2.165 0.818 1.867
Gyro: -191.818 -246.688 136.764
Accel: 2.219 0.882 1.841
Gyro: -147.613 -245.040 139.450
Accel: 2.329 0.933 1.741
Gyro: -105.117 -242.111 140.487
Accel: 2.331 0.970 1.501
Gyro: -69.198 -241.012 139.007
Accel: 2.314 1.014 1.354
Gyro: -46.997 -244.415 132.980
Accel: 2.235 1.075 1.148
Gyro: -48.629 -244.903 123.703
Accel: 2.176 1.082 1.0001
Gyro: -64.0010 -243.774 112.747
Accel: 2.126 1.093 0.900
Gyro: -95.016 -241.592 102.798
Accel: 2.153 1.084 0.816
Gyro: -124.481 -235.290 91.033
Accel: 2.124 1.037 0.745
Gyro: -157.440 -230.285 74.981
Accel: 2.098 0.988 0.686
Gyro: -184.844 -228.012 52.597
Accel: 2.0010 0.960 0.633
Gyro: -208.267 -225.982 30.349
Accel: 1.907 0.918 0.599
Gyro: -231.124 -223.861 -6.317
Accel: 1.774 0.869 0.576
Gyro: -253.173 -221.023 -42.007
Accel: 1.626 0.789 0.624
Gyro: -273.300 -216.140 -73.822
Accel: 1.473 0.663 0.549
Gyro: -279.953 -209.564 -107.696
Accel: 1.359 0.534 0.512
Gyro: -282.669 -202.117 -136.184
Accel: 1.277 0.408 0.465
Gyro: -273.742 -197.326 -156.341
Accel: 1.180 0.326 0.405
Gyro: -266.296 -194.885 -167.114
Accel: 1.0100 0.250 0.349
Gyro: -251.068 -199.310 -171.646
Accel: 1.009 0.245 0.294
Gyro: -233.474 -209.228 -169.433
Accel: 0.978 0.221 0.252
Gyro: -216.567 -225.036 -165.939
Accel: 0.923 0.245 0.221
Gyro: -204.0010 -246.307 -160.797
Accel: 0.902 0.264 0.195
Gyro: -196.594 -278.945 -155.700
Accel: 0.891 0.275 0.188
Gyro: -193.710 -301.971 -152.389
Accel: 0.883 0.281 0.192
Gyro: -193.847 -326.873 -152.404
Accel: 0.901 0.255 0.199
Gyro: -196.029 -337.326 -157.012
Accel: 0.924 0.126 0.218
Gyro: -198.242 -345.138 -167.083
Accel: 0.922 0.108 0.245
Gyro: -198.394 -345.123 -180.236
Accel: 0.901 0.037 0.263
Gyro: -194.915 -336.166 -191.131
Accel: 0.886 0.047 0.272
Gyro: -188.674 -322.738 -202.957
Accel: 0.850 0.121 0.264
Gyro: -179.382 -307.418 -207.305
Accel: 0.766 0.176 0.248
Gyro: -167.266 -292.633 -218.521
Accel: 0.668 0.221 0.200
Gyro: -154.647 -273.941 -219.558
Accel: 0.583 0.263 0.146
Gyro: -140.121 -268.417 -221.572
Accel: 0.520 0.333 0.124
Gyro: -122.238 -265.853 -221.939
Accel: 0.431 0.386 0.125
Gyro: -106.903 -268.280 -218.536
Accel: 0.273 0.406 0.109
Gyro: -90.667 -269.866 -209.045
Accel: 0.138 0.458 0.138
Gyro: -63.064 -272.003 -194.778
Accel: 0.0001 0.505 0.109
Gyro: -29.159 -276.733 -179.199
Accel: 0.126 0.560 0.082
Gyro: 8.666 -284.255 -159.576
Accel: 0.243 0.595 0.053
Gyro: 47.134 -294.433 -134.384
Accel: 0.322 0.620 0.061
Gyro: 83.480 -306.594 -116.210
Accel: 0.362 0.645 0.041
Gyro: 114.837 -323.745 -92.895
Accel: 0.377 0.659 0.075
Gyro: 134.368 -332.824 -65.673
Accel: 0.381 0.662 0.092
Gyro: 152.206 -345.382 -33.798
Accel: 0.382 0.652 0.093
Gyro: 152.114 -358.505 1.296
Accel: 0.395 0.635 0.080
Gyro: 147.338 -372.482 37.460
Accel: 0.385 0.624 0.059
Gyro: 136.932 -386.276 72.814
Accel: 0.359 0.630 0.015
Gyro: 123.214 -398.468 104.736
Accel: 0.319 0.657 0.047
Gyro: 109.039 -405.578 129.318
Accel: 0.300 0.671 0.145
Gyro: 94.131 -408.599 157.119
Accel: 0.315 0.677 0.290
Gyro: 88.851 -408.691 186.477
Accel: 0.336 0.678 0.449
Gyro: 85.556 -403.457 217.895
Accel: 0.288 0.691 0.622
Gyro: 92.147 -391.647 249.877
Accel: 0.127 0.675 0.762
Gyro: 107.955 -371.063 279.937
Accel: 0.114 0.642 0.869
Gyro: 129.852 -341.262 306.106
Accel: 0.026 0.602 0.937
Gyro: 154.724 -305.923 324.737
Accel: 0.191 0.549 0.978
Gyro: 178.726 -265.762 343.185
Accel: 0.363 0.486 0.997
Gyro: 196.640 -223.297 347.763
Accel: 0.529 0.406 1.002
Gyro: 204.849 -177.871 352.294
Accel: 0.640 0.304 1.0001
Gyro: 202.835 -134.445 354.843
Accel: 0.700 0.196 1.009
Gyro: 189.941 -97.747 355.224
Accel: 0.869 0.145 1.015
Gyro: 168.716 -68.038 352.233
Accel: 0.999 0.129 1.030
Gyro: 157.394 -32.974 346.145
Accel: 1.076 0.087 1.065
Gyro: 146.041 0.137 337.158
Accel: 1.191 0.064 1.082
Gyro: 138.763 29.647 323.532
Accel: 1.356 0.036 1.160
Gyro: 133.422 59.753 306.823
Accel: 1.554 0.068 1.233
Gyro: 131.851 92.864 281.692
Accel: 1.844 0.146 1.372
Gyro: 133.590 119.598 261.978
Accel: 2.165 0.221 1.414
Gyro: 138.870 139.709 250.701
Accel: 2.436 0.269 1.577
Gyro: 155.151 142.227 240.325
Accel: 2.794 0.356 1.792
Gyro: 176.040 140.258 227.157
Accel: 3.181 0.558 1.975
Gyro: 229.644 152.053 208.908
Accel: 3.613 0.695 2.141
Gyro: 296.096 175.109 189.987
Accel: 3.832 0.876 2.195
Gyro: 397.842 217.163 173.690
Accel: 4.285 -1.217 2.108
Gyro: 499.984 284.011 149.826
Accel: 4.819 -1.475 1.750
Gyro: 499.984 365.982 123.062
Accel: 5.143 -1.655 1.129
Gyro: 499.984 433.883 91.644
Accel: 5.204 -1.825 0.414
Gyro: 499.984 458.374 52.917
Accel: 5.201 -1.860 0.249
Gyro: 499.984 455.307 16.784
Accel: 5.257 -1.862 0.790
Gyro: 499.984 447.433 -17.013
Accel: 5.217 -1.715 -1.213
Gyro: 499.984 429.138 -44.311
Accel: 5.120 -1.539 -1.541
Gyro: 499.984 395.462 -70.465
Accel: 4.792 -1.302 -1.762
Gyro: 499.984 353.271 -102.462
Accel: 4.494 0.941 -1.870
Gyro: 499.984 296.386 -134.643
Accel: 4.197 0.688 -1.822
Gyro: 473.403 224.029 -168.518
Accel: 4.151 0.645 -1.553
Gyro: 350.433 173.446 -204.452
Accel: 4.115 0.707 -1.242
Gyro: 268.829 168.060 -237.014
Accel: 3.987 0.784 0.894
Gyro: 224.624 186.096 -264.297
Accel: 3.843 0.876 0.722
Gyro: 208.084 200.942 -282.424
Accel: 3.697 0.974 0.535
Gyro: 205.551 216.705 -300.399
Accel: 3.507 -1.068 0.384
Gyro: 214.309 224.533 -312.637
Accel: 3.431 -1.120 0.278
Gyro: 219.085 231.704 -314.727
Accel: 3.343 -1.066 0.200
Gyro: 230.636 235.336 -307.632
Accel: 3.226 -1.053 0.124
Gyro: 242.538 224.990 -295.898
Accel: 3.064 0.899 0.099
Gyro: 251.358 206.619 -284.667
Accel: 2.974 0.728 0.133
Gyro: 258.178 196.334 -279.052
Accel: 2.681 0.545 0.169
Gyro: 261.383 190.475 -279.479
Accel: 2.364 0.421 0.271
Gyro: 259.124 186.218 -283.187
Accel: 2.146 0.374 0.341
Gyro: 252.059 172.271 -287.521
Accel: 1.947 0.333 0.435
Gyro: 240.463 155.838 -287.689
Accel: 1.820 0.307 0.372
Gyro: 228.927 130.569 -281.661
Accel: 1.740 0.272 0.357
Gyro: 215.042 103.073 -269.729
Accel: 1.654 0.167 0.357
Gyro: 209.197 77.529 -252.670
Accel: 1.549 0.027 0.373
Gyro: 195.877 59.387 -234.893
Accel: 1.447 0.069 0.362
Gyro: 178.527 46.234 -218.841
Accel: 1.365 0.126 0.350
Gyro: 159.332 35.095 -213.241
Accel: 1.283 0.168 0.347
Gyro: 140.396 30.090 -206.634
Accel: 1.218 0.188 0.335
Gyro: 123.016 25.787 -201.522
Accel: 1.148 0.190 0.320
Gyro: 111.022 20.248 -197.616
Accel: 1.110 0.186 0.320
Gyro: 103.149 16.448 -193.908
Accel: 1.027 0.180 0.305
Gyro: 104.980 14.404 -188.903
Accel: 0.924 0.203 0.338
Gyro: 114.624 9.368 -182.281
Accel: 0.885 0.207 0.363
Gyro: 125.0000 0.930 -173.782
Accel: 0.884 0.196 0.398
Gyro: 126.785 -12.527 -166.595
Accel: 0.918 0.208 0.413
Gyro: 130.050 -36.087 -158.996
Accel: 0.924 0.272 0.438
Gyro: 134.780 -74.142 -153.839
Accel: 0.824 0.363 0.464
Gyro: 133.499 -108.276 -152.633
Accel: 0.726 0.410 0.441
Gyro: 124.435 -128.372 -156.066
Accel: 0.704 0.445 0.498
Gyro: 104.690 -132.644 -163.787
Accel: 0.695 0.481 0.486
Gyro: 67.474 -127.502 -170.654
Accel: 0.678 0.467 0.455
Gyro: 28.518 -113.372 -174.942
Accel: 0.644 0.408 0.415
Gyro: -19.531 -92.666 -178.329
Accel: 0.599 0.324 0.399
Gyro: -69.107 -68.588 -180.908
Accel: 0.550 0.219 0.360
Gyro: -115.692 -45.196 -182.205
Accel: 0.508 0.118 0.329
Gyro: -157.623 -26.687 -182.418
Accel: 0.448 0.052 0.251
Gyro: -195.007 -10.131 -182.525
Accel: 0.379 0.061 0.304
Gyro: -223.297 2.304 -184.234
Accel: 0.251 0.052 0.308
Gyro: -251.312 11.932 -187.332
Accel: 0.258 0.127 0.309
Gyro: -274.795 23.284 -192.047
Accel: 0.218 0.195 0.297
Gyro: -293.029 35.018 -196.594
Accel: 0.182 0.248 0.274
Gyro: -306.381 44.479 -199.325
Accel: 0.161 0.291 0.242
Gyro: -315.368 51.086 -199.142
Accel: 0.152 0.325 0.203
Gyro: -319.549 54.718 -191.589
Accel: 0.141 0.334 0.159
Gyro: -318.801 55.435 -183.761
Accel: 0.111 0.324 0.0100
Gyro: -314.849 56.686 -172.058
Accel: 0.093 0.310 0.032
Gyro: -307.495 59.265 -162.185
Accel: 0.106 0.286 0.046
Gyro: -293.151 60.775 -147.811
Accel: 0.111 0.241 0.105
Gyro: -283.843 62.652 -132.492
Accel: 0.140 0.186 0.145
Gyro: -268.264 64.544 -117.156
Accel: 0.185 0.135 0.161
Gyro: -250.350 65.032 -103.790
Accel: 0.172 0.072 0.176
Gyro: -232.162 58.624 -94.757
Accel: 0.183 0.019 0.210
Gyro: -216.491 40.206 -89.294
Accel: 0.194 0.045 0.235
Gyro: -204.116 8.178 -87.142
Accel: 0.150 0.127 0.259
Gyro: -191.848 -29.067 -86.471
Accel: 0.084 0.213 0.274
Gyro: -188.812 -62.622 -87.280
Accel: 0.059 0.253 0.301
Gyro: -183.395 -98.266 -91.995
Accel: 0.054 0.260 0.353
Gyro: -178.756 -131.469 -101.531
Accel: 0.097 0.247 0.445
Gyro: -173.187 -162.231 -114.013
Accel: 0.177 0.236 0.554
Gyro: -164.443 -190.353 -126.266
Accel: 0.225 0.245 0.658
Gyro: -150.115 -212.509 -134.552
Accel: 0.260 0.254 0.739
Gyro: -130.798 -228.622 -141.448
Accel: 0.327 0.258 0.785
Gyro: -110.656 -240.585 -152.297
Accel: 0.380 0.264 0.874
Gyro: -93.872 -260.009 -157.333
Accel: 0.406 0.278 0.831
Gyro: -91.781 -280.563 -168.457
Accel: 0.409 0.316 0.834
Gyro: -97.579 -299.987 -179.183
Accel: 0.417 0.340 0.834
Gyro: -100.357 -326.461 -187.316
Accel: 0.443 0.338 0.823
Gyro: -106.323 -355.285 -191.970
Accel: 0.488 0.317 0.816
Gyro: -109.268 -384.414 -193.115
Accel: 0.626 0.283 0.846
Gyro: -108.062 -418.762 -192.0001
Accel: 0.795 0.281 0.894
Gyro: -103.790 -452.926 -188.110
Accel: 0.927 0.282 0.918
Gyro: -100.250 -480.178 -182.235
Accel: 1.120 0.255 0.927
Gyro: -102.157 -494.094 -178.573
Accel: 1.323 0.217 0.943
Gyro: -113.739 -499.969 -179.214
Accel: 1.514 0.165 0.974
Gyro: -136.764 -499.969 -182.052
Accel: 1.708 0.105 1.034
Gyro: -164.947 -499.969 -183.578
Accel: 1.890 0.041 1.090
Gyro: -197.631 -499.969 -182.510
Accel: 1.922 0.037 1.198
Gyro: -218.673 -499.755 -176.223
Accel: 1.835 0.088 1.357
Gyro: -233.871 -473.388 -161.911
Accel: 1.711 0.145 1.582
Gyro: -236.297 -429.183 -140.151
Accel: 1.643 0.128 1.798
Gyro: -225.463 -361.526 -111.816
Accel: 1.835 0.142 1.944
Gyro: -208.068 -275.115 -95.611
Accel: 2.078 0.240 1.978
Gyro: -197.006 -185.455 -103.958
Accel: 2.015 0.222 1.958
Gyro: -194.549 -124.649 -121.704
Accel: 1.888 0.235 1.882
Gyro: -197.463 -86.837 -145.904
Accel: 1.843 0.285 1.703
Gyro: -190.689 -64.224 -164.260
Accel: 1.888 0.317 1.745
Gyro: -171.157 -55.541 -177.047
Accel: 2.058 0.378 1.677
Gyro: -145.263 -53.268 -191.879
Accel: 1.994 0.427 1.641
Gyro: -118.896 -61.477 -212.478
Accel: 1.944 0.470 1.623
Gyro: -93.765 -75.973 -234.542
Accel: 1.969 0.554 1.642
Gyro: -72.814 -87.860 -252.334
Accel: 1.952 0.582 1.694
Gyro: -55.969 -90.469 -263.992
Accel: 1.882 0.574 1.770
Gyro: -40.756 -85.037 -268.264
Accel: 1.797 0.569 1.809
Gyro: -23.498 -67.657 -269.973
Accel: 1.667 0.534 1.816
Gyro: -10.574 -47.195 -270.507
Accel: 1.544 0.438 1.788
Gyro: 13.519 -25.726 -270.584
Accel: 1.417 0.462 1.725
Gyro: 31.509 1.037 -269.332
Accel: 1.345 0.417 1.625
Gyro: 50.949 26.229 -267.181
Accel: 1.310 0.372 1.461
Gyro: 64.559 45.379 -264.846
Accel: 1.264 0.308 1.382
Gyro: 68.817 58.471 -263.778
Accel: 1.195 0.275 1.285
Gyro: 66.864 64.285 -264.343
Accel: 1.121 0.247 1.204
Gyro: 60.714 64.651 -264.373
Accel: 1.114 0.201 1.154
Gyro: 53.192 60.897 -262.573
Accel: 1.154 0.151 1.153
Gyro: 39.947 52.0001 -259.780
Accel: 1.078 0.077 1.179
Gyro: 31.524 41.595 -255.920
Accel: 0.960 0.007 1.207
Gyro: 32.119 37.170 -251.159
Accel: 0.883 0.048 1.226
Gyro: 33.950 43.334 -246.383
Accel: 0.853 0.107 1.214
Gyro: 38.406 60.409 -243.270
Accel: 0.822 0.145 1.186
Gyro: 42.526 81.253 -243.347
Accel: 0.756 0.166 1.134
Gyro: 45.272 99.029 -246.429
Accel: 0.702 0.178 1.070
Gyro: 46.279 116.241 -250.228
Accel: 0.683 0.176 0.998
Gyro: 46.157 128.265 -253.143
Accel: 0.631 0.175 0.926
Gyro: 45.639 132.247 -254.074
Accel: 0.584 0.175 0.871
Gyro: 45.639 134.750 -252.243
Accel: 0.544 0.182 0.824
Gyro: 46.127 132.995 -248.107
Accel: 0.498 0.211 0.797
Gyro: 46.783 129.211 -241.424
Accel: 0.430 0.250 0.768
Gyro: 47.439 126.770 -233.276
Accel: 0.338 0.279 0.745
Gyro: 47.943 125.350 -225.997
Accel: 0.230 0.307 0.728
Gyro: 48.461 124.786 -214.996
Accel: 0.148 0.329 0.700
Gyro: 48.507 125.320 -212.524
Accel: 0.072 0.343 0.636
Gyro: 48.553 126.693 -206.054
Accel: 0.036 0.343 0.666
Gyro: 48.843 129.577 -199.630
Accel: 0.006 0.351 0.645
Gyro: 48.370 132.598 -192.382
Accel: 0.042 0.360 0.625
Gyro: 47.500 134.841 -184.265
Accel: 0.082 0.356 0.604
Gyro: 46.493 136.718 -175.628
Accel: 0.104 0.352 0.578
Gyro: 45.684 139.587 -164.413
Accel: 0.113 0.351 0.555
Gyro: 43.807 143.600 -159.942
Accel: 0.121 0.349 0.531
Gyro: 41.168 147.491 -152.053
Accel: 0.137 0.354 0.514
Gyro: 38.482 150.421 -144.393
Accel: 0.172 0.365 0.515
Gyro: 34.667 151.016 -137.084
Accel: 0.213 0.378 0.528
Gyro: 30.075 152.114 -131.332
Accel: 0.246 0.368 0.533
Gyro: 26.199 156.860 -127.075
Accel: 0.265 0.341 0.525
Gyro: 25.482 166.290 -124.114
Accel: 0.275 0.314 0.500
Gyro: 27.343 178.985 -120.956
Accel: 0.296 0.291 0.463
Gyro: 31.066 191.833 -117.172
Accel: 0.323 0.277 0.421
Gyro: 34.744 200.759 -111.968
Accel: 0.347 0.261 0.372
Gyro: 37.216 207.275 -101.760
Accel: 0.372 0.261 0.325
Gyro: 36.682 210.525 -98.251
Accel: 0.392 0.264 0.281
Gyro: 32.135 212.402 -90.057
Accel: 0.406 0.249 0.228
Gyro: 20.431 214.492 -82.336
Accel: 0.402 0.218 0.188
Gyro: 14.450 215.805 -76.004
Accel: 0.401 0.187 0.165
Gyro: 4.257 212.356 -70.770
Accel: 0.420 0.169 0.149
Gyro: -5.050 204.818 -62.652
Accel: 0.452 0.153 0.125
Gyro: -12.588 196.243 -62.179
Accel: 0.466 0.138 0.121
Gyro: -17.578 189.636 -54.855
Accel: 0.492 0.132 0.109
Gyro: -20.492 184.753 -55.664
Accel: 0.515 0.131 0.094
Gyro: -22.857 181.549 -52.947
Accel: 0.546 0.145 0.089
Gyro: -25.726 179.031 -49.133
Accel: 0.589 0.138 0.077
Gyro: -29.693 179.412 -46.005
Accel: 0.614 0.146 0.059
Gyro: -34.225 181.777 -42.022
Accel: 0.668 0.152 0.025
Gyro: -39.169 183.700 -37.277
Accel: 0.726 0.158 0.019
Gyro: -44.174 184.020 -31.890
Accel: 0.787 0.162 0.047
Gyro: -50.064 179.718 -25.497
Accel: 0.819 0.144 0.059
Gyro: -57.098 173.614 -19.485
Accel: 0.804 0.112 0.059
Gyro: -63.781 168.426 -13.504
Accel: 0.769 0.093 0.037
Gyro: -71.411 164.642 -5.996
Accel: 0.749 0.087 0.018
Gyro: -80.444 163.238 4.623
Accel: 0.723 0.087 0.006
Gyro: -90.774 164.382 19.195
Accel: 0.703 0.091 0.017
Gyro: -103.530 167.419 37.734
Accel: 0.685 0.090 0.029
Gyro: -118.682 171.508 59.478
Accel: 0.674 0.094 0.034
Gyro: -135.894 176.589 84.594
Accel: 0.652 0.093 0.051
Gyro: -154.205 181.274 108.352
Accel: 0.600 0.077 0.058
Gyro: -170.883 191.024 126.220
Accel: 0.542 0.074 0.060
Gyro: -187.225 194.458 145.294
Accel: 0.503 0.098 0.053
Gyro: -194.046 201.538 162.139
Accel: 0.472 0.142 0.044
Gyro: -202.117 206.863 177.261
Accel: 0.418 0.195 0.045
Gyro: -209.152 209.793 190.368
Accel: 0.353 0.246 0.050
Gyro: -216.629 209.472 200.347
Accel: 0.293 0.288 0.053
Gyro: -224.639 206.192 206.680
Accel: 0.248 0.336 0.058
Gyro: -232.696 201.110 209.411
Accel: 0.229 0.389 0.066
Gyro: -240.753 194.198 209.854
Accel: 0.242 0.436 0.086
Gyro: -247.772 185.409 208.358
Accel: 0.150 0.494 0.171
Gyro: -252.365 168.380 206.039
Accel: 0.132 0.540 0.153
Gyro: -254.531 155.807 203.643
Accel: 0.104 0.575 0.204
Gyro: -252.182 141.006 200.561
Accel: 0.067 0.612 0.245
Gyro: -245.407 130.142 196.807
Accel: 0.038 0.655 0.285
Gyro: -237.091 121.673 191.131
Accel: 0.011 0.687 0.306
Gyro: -229.904 113.159 182.220
Accel: 0.025 0.716 0.325
Gyro: -225.006 101.745 168.807
Accel: 0.059 0.749 0.365
Gyro: -220.275 84.854 165.222
Accel: 0.129 0.752 0.427
Gyro: -210.617 64.178 164.733
Accel: 0.215 0.750 0.502
Gyro: -194.671 53.955 175.369
Accel: 0.299 0.766 0.565
Gyro: -165.802 44.372 182.662
Accel: 0.345 0.791 0.595
Gyro: -136.810 39.123 193.420
Accel: 0.369 0.817 0.592
Gyro: -112.716 36.331 199.127
Accel: 0.382 0.866 0.557
Gyro: -91.400 33.477 198.074
Accel: 0.380 0.921 0.516
Gyro: -80.490 27.481 190.368
Accel: 0.390 0.951 0.490
Gyro: -78.369 15.838 179.183
Accel: 0.413 0.965 0.499
Gyro: -79.376 2.670 166.961
Accel: 0.458 0.969 0.547
Gyro: -76.873 -14.724 159.225
Accel: 0.514 0.960 0.604
Gyro: -68.344 -16.632 156.738
Accel: 0.570 0.955 0.649
Gyro: -53.955 -16.082 156.463
Accel: 0.599 0.964 0.665
Gyro: -38.345 -12.542 156.204
Accel: 0.606 0.980 0.653
Gyro: -24.444 -8.117 154.815
Accel: 0.686 1.004 0.626
Gyro: -15.930 -5.889 152.435
Accel: 0.646 1.041 0.602
Gyro: -13.854 -6.866 150.283
Accel: 0.690 1.079 0.595
Gyro: -15.258 -9.994 149.627
Accel: 0.744 1.120 0.601
Gyro: -15.945 -12.268 151.260
Accel: 0.783 1.161 0.609
Gyro: -15.228 -10.391 152.740
Accel: 0.799 1.190 0.602
Gyro: -14.114 0.244 151.473
Accel: 0.806 1.225 0.592
Gyro: -13.519 4.119 146.652
Accel: 0.805 1.257 0.564
Gyro: -19.302 14.846 138.397
Accel: 0.817 1.274 0.531
Gyro: -21.392 26.168 126.770
Accel: 0.825 1.284 0.496
Gyro: -31.723 35.110 113.510
Accel: 0.841 1.287 0.476
Gyro: -45.257 38.848 97.900
Accel: 0.838 1.274 0.469
Gyro: -58.044 38.696 89.813
Accel: 0.820 1.247 0.477
Gyro: -66.787 38.284 75.103
Accel: 0.803 1.211 0.490
Gyro: -70.709 39.306 68.450
Accel: 0.784 1.178 0.500
Gyro: -71.838 40.176 58.364
Accel: 0.764 1.148 0.509
Gyro: -72.006 38.528 48.919
Accel: 0.735 1.120 0.511
Gyro: -71.945 35.217 39.855
Accel: 0.721 1.091 0.523
Gyro: -71.472 30.975 31.494
Accel: 0.702 1.077 0.545
Gyro: -70.571 26.184 24.490
Accel: 0.684 1.047 0.572
Gyro: -67.749 21.942 16.937
Accel: 0.664 1.013 0.589
Gyro: -62.942 20.416 9.643
Accel: 0.634 0.982 0.600
Gyro: -57.830 20.095 2.761
Accel: 0.620 0.950 0.609
Gyro: -52.017 20.019 -3.417
Accel: 0.609 0.934 0.618
Gyro: -47.622 19.073 -8.605
Accel: 0.589 0.912 0.627
Gyro: -44.113 17.196 -13.290
Accel: 0.560 0.883 0.631
Gyro: -40.451 16.296 -17.623
Accel: 0.527 0.852 0.627
Gyro: -36.315 16.876 -21.392
Accel: 0.489 0.821 0.620
Gyro: -31.860 18.402 -24.414
Accel: 0.468 0.789 0.616
Gyro: -27.343 19.775 -31.082
Accel: 0.465 0.767 0.608
Gyro: -24.017 15.701 -29.281
Accel: 0.460 0.754 0.602
Gyro: -21.133 17.761 -29.617
Accel: 0.442 0.739 0.592
Gyro: -18.753 15.319 -28.823
Accel: 0.418 0.716 0.582
Gyro: -16.189 13.122 -27.832
Accel: 0.388 0.693 0.578
Gyro: -13.610 11.383 -26.901
Accel: 0.379 0.674 0.576
Gyro: -10.696 10.223 -26.214
Accel: 0.380 0.665 0.569
Gyro: -7.904 9.262 -25.375
