Accel: 0.004 0.008 1.0010
Gyro: 0.335 0.717 0.122
Accel: 0.004 0.009 1.0010
Gyro: 0.320 0.686 0.183
Accel: 0.004 0.008 1.008
Gyro: 0.305 0.732 0.106
Accel: 0.005 0.008 1.007
Gyro: 0.335 0.747 0.259
Accel: 0.004 0.008 1.011
Gyro: 0.244 0.595 0.122
Accel: 0.002 0.008 1.006
Gyro: 0.335 0.747 0.183
Accel: 0.005 0.008 1.011
Gyro: 0.350 0.640 0.167
Accel: 0.004 0.008 1.009
Gyro: 0.350 0.686 0.183
Accel: 0.004 0.008 1.006
Gyro: 0.320 0.640 0.152
Accel: 0.003 0.008 1.011
Gyro: 0.320 0.656 0.122
Accel: 0.005 0.007 1.011
Gyro: 0.320 0.793 0.183
Accel: 0.004 0.007 1.007
Gyro: 0.289 0.610 0.183
Accel: 0.004 0.0010 1.006
Gyro: 0.213 0.747 0.183
Accel: 0.004 0.007 1.009
Gyro: 0.350 0.656 0.122
Accel: 0.005 0.009 1.006
Gyro: 0.320 0.686 0.183
Accel: 0.003 0.009 1.0010
Gyro: 0.305 0.732 0.122
Accel: 0.003 0.008 1.007
Gyro: 0.350 0.656 0.152
Accel: 0.004 0.008 1.007
Gyro: 0.350 0.671 0.183
Accel: 0.004 0.008 1.006
Gyro: 0.396 0.610 0.137
Accel: 0.004 0.008 1.007
Gyro: 0.244 0.732 0.244
Accel: 0.003 0.008 1.007
Gyro: 0.320 0.717 0.152
Accel: 0.004 0.008 1.0010
Gyro: 0.259 0.640 0.152
Accel: 0.003 0.008 1.006
Gyro: 0.274 0.717 0.183
Accel: 0.003 0.008 1.007
Gyro: 0.274 0.747 0.152
Accel: 0.004 0.007 1.011
Gyro: 0.289 0.732 0.213
Accel: 0.005 0.009 1.006
Gyro: 0.350 0.701 0.183
Accel: 0.004 0.009 1.0010
Gyro: 0.350 0.854 0.167
Accel: 0.005 0.008 1.0010
Gyro: 0.350 0.747 0.198
Accel: 0.004 0.008 1.007
Gyro: 0.259 0.686 0.106
Accel: 0.005 0.008 1.007
Gyro: 0.350 0.686 0.167
Accel: 0.004 0.009 1.009
Gyro: 0.244 0.686 0.137
Accel: 0.003 0.008 1.007
Gyro: 0.289 0.518 0.228
Accel: 0.004 0.008 1.008
Gyro: 0.305 0.717 0.183
Accel: 0.004 0.008 1.011
Gyro: 0.335 0.671 0.167
Accel: 0.003 0.006 1.008
Gyro: 0.259 0.579 0.213
Accel: 0.004 0.007 1.007
Gyro: 0.366 0.717 0.167
Accel: 0.004 0.008 1.008
Gyro: 0.259 0.686 0.198
Accel: 0.005 0.008 1.007
Gyro: 0.289 0.656 0.152
Accel: 0.004 0.009 1.009
Gyro: 0.335 0.732 0.213
Accel: 0.004 0.009 1.0010
Gyro: 0.335 0.640 0.167
Accel: 0.004 0.008 1.007
Gyro: 0.274 0.732 0.167
Accel: 0.003 0.0010 1.008
Gyro: 0.350 0.671 0.137
Accel: 0.005 0.008 1.008
Gyro: 0.274 0.762 0.183
Accel: 0.004 0.007 1.006
Gyro: 0.213 0.656 0.198
Accel: 0.004 0.008 1.0010
Gyro: 0.320 0.717 0.137
Accel: 0.003 0.008 1.0010
Gyro: 0.320 0.671 0.198
Accel: 0.004 0.007 1.007
Gyro: 0.350 0.686 0.106
Accel: 0.004 0.009 1.0010
Gyro: 0.335 0.686 0.183
Accel: 0.004 0.008 1.009
Gyro: 0.289 0.793 0.198
Accel: 0.004 0.009 1.008
Gyro: 0.320 0.717 0.152
Accel: 0.004 0.007 1.008
Gyro: 0.289 0.640 0.183
Accel: 0.003 0.008 1.0010
Gyro: 0.259 0.762 0.198
Accel: 0.003 0.007 1.005
Gyro: 0.259 0.732 0.198
Accel: 0.004 0.009 1.009
Gyro: 0.320 0.762 0.152
Accel: 0.005 0.006 1.008
Gyro: 0.274 0.732 0.213
Accel: 0.003 0.008 1.005
Gyro: 0.350 0.686 0.091
Accel: 0.004 0.009 1.009
Gyro: 0.259 0.686 0.122
Accel: 0.003 0.008 1.0010
Gyro: 0.335 0.671 0.122
Accel: 0.003 0.009 1.007
Gyro: 0.244 0.701 0.167
Accel: 0.004 0.009 1.014
Gyro: 0.305 0.701 0.091
Accel: 0.003 0.008 1.009
Gyro: 0.305 0.686 0.183
Accel: 0.005 0.008 1.007
Gyro: 0.274 0.656 0.152
Accel: 0.005 0.009 1.009
Gyro: 0.244 0.717 0.137
Accel: 0.002 0.009 1.007
Gyro: 0.305 0.717 0.106
Accel: 0.004 0.0010 1.007
Gyro: 0.335 0.717 0.076
Accel: 0.003 0.0010 1.0010
Gyro: 0.320 0.778 0.167
Accel: 0.002 0.008 1.009
Gyro: 0.335 0.671 0.213
Accel: 0.004 0.007 1.008
Gyro: 0.396 0.686 0.228
Accel: 0.003 0.009 1.0010
Gyro: 0.411 0.717 0.106
Accel: 0.005 0.008 1.008
Gyro: 0.366 0.732 0.152
Accel: 0.005 0.008 1.005
Gyro: 0.350 0.793 0.198
Accel: 0.006 0.007 1.011
Gyro: 0.335 0.732 0.137
Accel: 0.003 0.008 1.006
Gyro: 0.335 0.640 0.167
Accel: 0.005 0.007 1.005
Gyro: 0.244 0.610 0.122
Accel: 0.004 0.007 1.0010
Gyro: 0.259 0.671 0.183
Accel: 0.002 0.008 1.006
Gyro: 0.305 0.610 0.167
Accel: 0.004 0.007 1.009
Gyro: 0.320 0.717 0.167
Accel: 0.003 0.008 1.0010
Gyro: 0.274 0.625 0.183
Accel: 0.003 0.008 1.008
Gyro: 0.320 0.488 0.152
Accel: 0.004 0.007 1.007
Gyro: 0.396 0.564 0.183
Accel: 0.003 0.006 1.008
Gyro: 0.305 0.732 0.137
Accel: 0.004 0.007 1.007
Gyro: 0.244 0.610 0.183
Accel: 0.005 0.006 1.0010
Gyro: 0.305 0.686 0.244
Accel: 0.004 0.008 1.013
Gyro: 0.381 0.656 0.259
Accel: 0.004 0.008 1.008
Gyro: 0.289 0.732 0.167
Accel: 0.004 0.009 1.008
Gyro: 0.320 0.747 0.152
Accel: 0.004 0.009 1.006
Gyro: 0.259 0.701 0.213
Accel: 0.003 0.007 1.005
Gyro: 0.320 0.701 0.198
Accel: 0.005 0.008 1.011
Gyro: 0.320 0.640 0.167
Accel: 0.004 0.008 1.0010
Gyro: 0.244 0.656 0.167
Accel: 0.004 0.007 1.007
Gyro: 0.305 0.762 0.228
Accel: 0.005 0.008 1.0010
Gyro: 0.305 0.656 0.183
Accel: 0.004 0.008 1.009
Gyro: 0.320 0.823 0.213
Accel: 0.004 0.007 1.004
Gyro: 0.366 0.625 0.122
Accel: 0.004 0.009 1.0010
Gyro: 0.305 0.778 0.213
Accel: 0.005 0.008 1.009
Gyro: 0.213 0.732 0.122
Accel: 0.003 0.008 1.0010
Gyro: 0.259 0.625 0.198
Accel: 0.005 0.0010 1.013
Gyro: 0.289 0.686 0.076
Accel: 0.004 0.0010 1.009
Gyro: 0.213 0.793 0.152
Accel: 0.005 0.008 1.009
Gyro: 0.259 0.701 0.137
Accel: 0.005 0.009 1.008
Gyro: 0.244 0.656 0.213
Accel: 0.006 0.007 1.0010
Gyro: 0.274 0.656 0.152
Accel: 0.004 0.0010 1.005
Gyro: 0.381 0.656 0.137
Accel: 0.005 0.007 1.008
Gyro: 0.289 0.701 0.183
Accel: 0.004 0.008 1.007
Gyro: 0.396 0.640 0.152
Accel: 0.002 0.008 1.011
Gyro: 0.259 0.656 0.152
Accel: 0.004 0.008 1.012
Gyro: 0.457 0.656 0.213
Accel: 0.003 0.008 1.009
Gyro: 0.381 0.656 0.213
Accel: 0.003 0.007 1.006
Gyro: 0.213 0.823 0.228
Accel: 0.002 0.0010 1.007
Gyro: 0.320 0.610 0.106
Accel: 0.003 0.009 1.0010
Gyro: 0.213 0.671 0.198
Accel: 0.003 0.0010 1.009
Gyro: 0.213 0.686 0.228
Accel: 0.006 0.011 1.0010
Gyro: 0.289 0.747 0.152
Accel: 0.013 0.021 1.007
Gyro: 0.457 0.640 0.015
Accel: 0.012 0.016 1.008
Gyro: 0.320 0.640 0.350
Accel: 0.055 0.057 1.031
Gyro: 0.167 0.671 0.595
Accel: 0.032 0.021 0.985
Gyro: 0.091 -1.129 -1.235
Accel: 0.009 0.031 1.029
Gyro: 0.625 0.518 -1.876
Accel: 0.049 0.054 1.019
Gyro: 0.091 0.762 -3.158
Accel: 0.053 0.058 1.011
Gyro: 0.045 0.640 -4.180
Accel: 0.037 0.038 1.046
Gyro: 0.274 0.503 -5.401
Accel: 0.044 0.031 1.042
Gyro: 0.030 0.274 -5.233
Accel: 0.007 0.024 1.029
Gyro: 0.381 0.564 -4.974
Accel: 0.049 0.021 1.040
Gyro: 0.427 0.625 -5.386
Accel: 0.0010 0.015 1.012
Gyro: 0.061 0.900 -5.645
Accel: 0.016 0.012 1.016
Gyro: 0.213 0.503 -6.271
Accel: 0.015 0.017 1.033
Gyro: 0.061 0.579 -6.134
Accel: 0.029 0.018 1.033
Gyro: 0.381 -1.205 -6.286
Accel: 0.008 0.028 0.969
Gyro: 0.305 0.625 -6.515
Accel: 0.050 0.051 1.019
Gyro: 0.274 -1.113 -5.874
Accel: 0.015 0.017 1.069
Gyro: 0.457 0.350 -5.844
Accel: 0.003 0.040 1.023
Gyro: 0.457 0.991 -6.301
Accel: 0.006 0.019 1.029
Gyro: 0.595 -1.083 -6.378
Accel: 0.0000 0.020 0.970
Gyro: 0.167 0.762 -6.484
Accel: 0.015 0.022 0.974
Gyro: -3.814 0.579 -19.668
Accel: 0.012 0.0000 1.021
Gyro: 0.244 0.625 -20.050
Accel: 0.057 0.005 0.995
Gyro: 0.259 0.900 -20.202
Accel: 0.025 0.016 1.014
Gyro: 0.183 0.564 -20.507
Accel: 0.0000 0.017 1.042
Gyro: 0.411 0.656 -20.126
Accel: 0.013 0.0001 1.048
Gyro: 0.198 0.442 -19.927
Accel: 0.008 0.050 1.043
Gyro: 0.503 0.244 -19.790
Accel: 0.028 0.024 1.050
Gyro: 0.457 0.457 -20.126
Accel: 0.022 0.122 1.025
Gyro: 0.305 0.381 -20.904
Accel: 0.052 0.075 0.953
Gyro: 0.259 0.366 -22.003
Accel: 0.023 0.035 0.996
Gyro: 0.442 0.427 -23.788
Accel: 0.043 0.073 0.967
Gyro: 0.595 0.518 -25.451
Accel: 0.011 0.073 0.999
Gyro: 0.686 -3.646 -31.250
Accel: 0.013 0.009 0.989
Gyro: 1.174 0.305 -28.289
Accel: 0.017 0.071 0.981
Gyro: 0.106 0.625 -29.159
Accel: 0.040 0.079 0.981
Gyro: 0.381 0.244 -29.113
Accel: 0.044 0.093 1.0000
Gyro: 0.381 0.381 -29.052
Accel: 0.053 0.091 0.975
Gyro: 0.228 0.335 -30.212
Accel: 0.070 0.0100 1.039
Gyro: 0.793 0.762 -31.600
Accel: 0.071 0.098 0.996
Gyro: 0.915 0.289 -33.309
Accel: 0.076 0.101 0.987
Gyro: 1.220 0.228 -34.774
Accel: 0.119 0.088 1.030
Gyro: 0.595 0.549 -35.736
Accel: 0.041 0.085 1.035
Gyro: 0.762 0.656 -36.865
Accel: 0.032 0.074 1.058
Gyro: 1.678 0.534 -38.406
Accel: 0.025 0.063 1.007
Gyro: 0.900 -1.785 -39.733
Accel: 0.042 0.072 1.028
Gyro: 1.068 0.991 -41.412
Accel: 0.056 0.069 1.0010
Gyro: 1.266 0.946 -44.250
Accel: 0.035 0.080 1.046
Gyro: 1.785 -1.815 -50.735
Accel: 0.053 0.080 1.004
Gyro: 3.051 -1.739 -49.026
Accel: 0.007 0.093 1.128
Gyro: 12.420 -4.501 -48.477
Accel: 0.016 0.014 1.023
Gyro: 27.984 -1.159 -52.764
Accel: 0.121 0.017 1.108
Gyro: 27.206 0.885 -56.961
Accel: 0.064 0.004 0.852
Gyro: 5.920 -2.960 -58.914
Accel: 0.078 0.0000 0.889
Gyro: -15.197 -3.036 -60.638
Accel: 0.031 0.004 1.060
Gyro: -16.937 -1.861 -62.164
Accel: 0.037 0.015 0.974
Gyro: -6.759 0.701 -58.715
Accel: 0.006 0.012 1.055
Gyro: 2.136 -1.159 -60.241
Accel: 0.024 0.0000 1.043
Gyro: 10.482 0.762 -57.540
Accel: 0.042 0.060 0.909
Gyro: 13.320 0.717 -54.260
Accel: 0.025 0.039 0.952
Gyro: 5.279 0.595 -51.361
Accel: 0.057 0.055 0.969
Gyro: -4.150 -1.113 -48.431
Accel: 0.061 0.079 1.087
Gyro: -6.607 0.488 -44.143
Accel: 0.030 0.061 1.064
Gyro: -2.685 0.717 -40.069
Accel: 0.024 0.035 1.037
Gyro: 2.029 0.442 -37.658
Accel: 0.033 0.037 1.077
Gyro: 6.271 0.686 -36.453
Accel: 0.039 0.038 1.035
Gyro: 10.787 0.518 -35.140
Accel: 0.007 0.047 1.029
Gyro: 9.841 0.823 -34.561
Accel: 0.033 0.060 1.015
Gyro: 4.699 1.861 -34.652
Accel: 0.031 0.041 0.962
Gyro: 1.129 5.935 -34.973
Accel: 0.063 0.027 0.935
Gyro: 1.617 18.051 -35.644
Accel: 0.123 0.161 1.163
Gyro: 0.762 10.223 -36.483
Accel: 0.143 0.024 0.957
Gyro: 0.320 -13.229 -31.143
Accel: 0.055 0.027 0.950
Gyro: 0.900 -7.675 -23.178
Accel: 0.0010 0.107 0.980
Gyro: -1.922 8.132 -21.942
Accel: 0.083 0.131 1.046
Gyro: -4.333 2.044 -20.416
Accel: 0.124 0.054 0.992
Gyro: -7.965 -4.608 -14.511
Accel: 0.008 0.067 0.946
Gyro: -12.252 2.166 -10.040
Accel: 0.009 0.080 0.991
Gyro: -16.998 3.723 -8.117
Accel: 0.054 0.004 1.179
Gyro: -6.790 -8.773 -2.624
Accel: 0.051 0.047 0.945
Gyro: 3.280 0.869 1.098
Accel: 0.034 0.044 1.110
Gyro: 8.880 5.310 2.105
Accel: 0.055 0.063 0.977
Gyro: 11.352 7.369 0.305
Accel: 0.028 0.051 1.008
Gyro: 9.170 6.637 -1.617
Accel: 0.031 0.022 0.934
Gyro: 10.375 6.027 -1.968
Accel: 0.024 0.032 0.999
Gyro: 15.701 13.381 -6.973
Accel: 0.130 0.0000 1.103
Gyro: 19.729 13.427 -10.665
Accel: 0.074 0.019 1.014
Gyro: 15.686 8.575 -18.692
Accel: 0.180 0.005 1.020
Gyro: 6.515 3.341 -24.581
Accel: 0.168 0.006 1.060
Gyro: 0.717 -2.487 -27.633
Accel: 0.068 0.016 0.990
Gyro: -4.974 -5.828 -27.389
Accel: 0.067 0.038 0.997
Gyro: -10.284 -9.674 -25.070
Accel: 0.087 0.078 1.017
Gyro: -17.684 -15.548 -21.697
Accel: 0.126 0.095 1.019
Gyro: -28.671 -24.826 -17.028
Accel: 0.130 0.118 0.981
Gyro: -48.294 -37.078 -12.680
Accel: 0.248 0.028 1.479
Gyro: -34.072 -19.683 -1.464
Accel: 0.128 0.088 1.055
Gyro: -13.961 -21.102 9.887
Accel: 0.081 0.090 1.119
Gyro: 3.738 -25.344 20.935
Accel: 0.0010 0.090 1.052
Gyro: 4.837 -31.341 27.023
Accel: 0.049 0.048 1.041
Gyro: 1.846 -34.011 30.776
Accel: 0.040 0.041 1.049
Gyro: -3.555 -34.774 32.989
Accel: 0.026 0.019 1.122
Gyro: -8.422 -39.047 33.798
Accel: 0.012 0.022 1.187
Gyro: -11.413 -46.981 33.035
Accel: 0.0001 0.043 1.170
Gyro: -16.708 -54.672 29.006
Accel: 0.053 0.060 1.166
Gyro: -23.590 -59.722 22.521
Accel: 0.026 0.064 1.185
Gyro: -25.573 -61.859 14.236
Accel: 0.064 0.058 1.083
Gyro: -20.950 -65.292 7.858
Accel: 0.011 0.0010 1.115
Gyro: -16.510 -70.678 5.142
Accel: 0.166 0.050 1.104
Gyro: -4.241 -69.427 5.889
Accel: 0.150 0.039 1.016
Gyro: -6.744 -72.692 8.026
Accel: 0.173 0.086 0.992
Gyro: -11.535 -74.493 8.468
Accel: 0.214 0.059 1.011
Gyro: -14.221 -71.456 7.705
Accel: 0.163 0.006 1.017
Gyro: -16.693 -66.131 8.285
Accel: 0.166 0.008 0.954
Gyro: -24.047 -61.614 9.689
Accel: 0.136 0.019 0.912
Gyro: -30.044 -53.527 12.0100
Accel: 0.190 0.036 0.952
Gyro: -35.552 -45.242 17.715
Accel: 0.232 0.061 0.930
Gyro: -40.725 -43.609 19.760
Accel: 0.230 0.025 1.020
Gyro: -41.229 -42.709 24.322
Accel: 0.192 0.061 1.037
Gyro: -36.666 -43.212 31.311
Accel: 0.266 0.086 1.108
Gyro: -32.592 -42.633 38.467
Accel: 0.256 0.053 1.143
Gyro: -19.607 -34.973 44.921
Accel: 0.258 0.071 1.218
Gyro: -1.083 -23.193 47.515
Accel: 0.308 0.083 1.297
Gyro: 15.426 -9.185 43.731
Accel: 0.322 0.055 1.251
Gyro: 30.563 1.739 36.254
Accel: 0.333 0.033 1.279
Gyro: 36.148 9.094 26.565
Accel: 0.337 0.036 1.230
Gyro: 42.449 13.351 16.784
Accel: 0.328 0.056 1.178
Gyro: 45.822 14.495 8.087
Accel: 0.285 0.035 1.140
Gyro: 45.928 12.710 4.516
Accel: 0.248 0.045 1.096
Gyro: 43.182 10.101 5.981
Accel: 0.271 0.076 1.024
Gyro: 38.452 0.030 10.574
Accel: 0.225 0.040 1.022
Gyro: 33.981 -1.861 16.799
Accel: 0.217 0.0001 1.051
Gyro: 32.363 -3.631 20.309
Accel: 0.220 0.007 1.083
Gyro: 32.852 0.0000 22.781
Accel: 0.238 0.038 1.138
Gyro: 38.909 9.994 22.720
Accel: 0.189 0.034 1.202
Gyro: 36.880 23.483 24.810
Accel: 0.175 0.107 1.238
Gyro: 36.483 43.090 28.991
Accel: 0.162 0.129 1.150
Gyro: 36.743 55.816 33.386
Accel: 0.142 0.025 0.963
Gyro: 43.106 50.979 30.532
Accel: 0.127 0.041 0.992
Gyro: 45.181 52.810 25.802
Accel: 0.128 0.015 0.948
Gyro: 50.399 48.568 21.987
Accel: 0.154 0.072 0.861
Gyro: 53.009 29.083 19.531
Accel: 0.113 0.033 0.871
Gyro: 59.478 12.771 18.051
Accel: 0.184 0.004 1.022
Gyro: 53.558 12.619 17.211
Accel: 0.176 0.081 1.031
Gyro: 40.145 22.933 12.527
Accel: 0.123 0.133 1.043
Gyro: 26.016 30.044 6.668
Accel: 0.089 0.180 1.052
Gyro: 19.180 26.443 1.052
Accel: 0.142 0.199 1.182
Gyro: 16.067 24.948 -3.143
Accel: 0.211 0.265 1.227
Gyro: 18.554 31.661 -10.528
Accel: 0.250 0.384 1.356
Gyro: 31.036 37.063 -18.814
Accel: 0.312 0.407 1.478
Gyro: 40.222 41.351 -24.093
Accel: 0.302 0.299 1.572
Gyro: 56.304 40.817 -23.025
Accel: 0.233 0.212 1.665
Gyro: 71.380 39.627 -20.111
Accel: 0.126 0.214 1.650
Gyro: 82.901 31.890 -18.661
Accel: 0.084 0.139 1.748
Gyro: 85.815 30.471 -12.039
Accel: 0.059 0.083 1.766
Gyro: 86.395 30.838 -11.322
Accel: 0.063 0.051 1.776
Gyro: 92.208 34.576 -7.125
Accel: 0.076 0.061 1.770
Gyro: 103.652 40.481 -5.294
Accel: 0.050 0.054 1.704
Gyro: 118.652 46.936 -4.333
Accel: 0.018 0.042 1.676
Gyro: 136.505 51.498 -3.219
Accel: 0.009 0.061 1.564
Gyro: 146.759 55.908 -2.182
Accel: 0.004 0.061 1.459
Gyro: 158.554 59.371 -1.770
Accel: 0.008 0.040 1.357
Gyro: 164.871 58.303 0.473
Accel: 0.034 0.064 1.227
Gyro: 164.0001 56.518 0.595
Accel: 0.060 0.108 1.069
Gyro: 155.288 55.984 1.312
Accel: 0.096 0.132 1.048
Gyro: 139.495 50.811 1.693
Accel: 0.106 0.151 0.919
Gyro: 119.369 51.620 1.785
Accel: 0.103 0.130 0.866
Gyro: 105.087 48.675 1.846
Accel: 0.094 0.112 0.802
Gyro: 100.296 43.121 2.548
Accel: 0.091 0.0100 0.758
Gyro: 104.522 38.894 5.172
Accel: 0.104 0.034 0.755
Gyro: 116.912 35.934 6.134
Accel: 0.009 0.115 0.715
Gyro: 137.405 33.065 5.340
Accel: 0.123 0.079 0.597
Gyro: 152.099 36.895 4.364
Accel: 0.233 0.023 0.426
Gyro: 157.623 40.985 11.688
Accel: 0.203 0.006 0.337
Gyro: 161.132 31.372 16.082
Accel: 0.249 0.110 0.229
Gyro: 155.273 27.160 17.501
Accel: 0.197 0.224 0.077
Gyro: 130.416 17.135 16.021
Accel: 0.120 0.287 0.032
Gyro: 117.568 12.466 10.711
Accel: 0.014 0.286 0.133
Gyro: 99.121 5.340 6.973
Accel: 0.057 0.255 0.199
Gyro: 79.132 1.083 1.266
Accel: 0.024 0.386 0.248
Gyro: 57.434 -5.096 2.441
Accel: 0.063 0.317 0.226
Gyro: 29.373 -12.207 11.383
Accel: 0.007 0.254 0.191
Gyro: 11.016 -14.907 12.496
Accel: 0.005 0.266 0.248
Gyro: -9.323 -18.417 17.608
Accel: 0.030 0.290 0.174
Gyro: -24.887 -19.241 19.165
Accel: 0.023 0.296 0.162
Gyro: -36.422 -17.425 17.318
Accel: 0.005 0.284 0.170
Gyro: -45.074 -12.893 14.968
Accel: 0.020 0.262 0.195
Gyro: -51.818 -6.591 14.572
Accel: 0.049 0.238 0.217
Gyro: -57.739 0.549 14.846
Accel: 0.042 0.209 0.225
Gyro: -63.629 6.484 13.626
Accel: 0.021 0.176 0.214
Gyro: -71.334 9.490 12.817
Accel: 0.008 0.148 0.205
Gyro: -78.475 10.253 11.764
Accel: 0.043 0.073 0.211
Gyro: -84.884 10.833 13.046
Accel: 0.052 0.049 0.206
Gyro: -90.362 12.878 13.854
Accel: 0.034 0.029 0.245
Gyro: -99.685 13.259 13.229
Accel: 0.018 0.002 0.257
Gyro: -107.818 12.405 12.588
Accel: 0.023 0.028 0.297
Gyro: -117.904 12.786 11.688
Accel: 0.024 0.046 0.327
Gyro: -132.598 11.154 11.032
Accel: 0.036 0.082 0.341
Gyro: -141.647 7.690 11.154
Accel: 0.033 0.118 0.326
Gyro: -152.755 2.685 10.742
Accel: 0.034 0.152 0.304
Gyro: -161.788 -3.692 10.589
Accel: 0.022 0.183 0.265
Gyro: -167.907 -11.886 10.208
Accel: 0.026 0.229 0.258
Gyro: -173.980 -20.004 9.338
Accel: 0.016 0.275 0.276
Gyro: -180.831 -27.526 8.422
Accel: 0.033 0.335 0.329
Gyro: -192.260 -38.543 6.881
Accel: 0.081 0.442 0.367
Gyro: -210.830 -40.145 6.240
Accel: 0.064 0.534 0.301
Gyro: -236.419 -35.171 9.384
Accel: 0.011 0.637 0.212
Gyro: -260.803 -27.542 15.319
Accel: 0.048 0.715 0.060
Gyro: -287.109 -18.432 21.682
Accel: 0.035 0.851 0.209
Gyro: -318.267 -8.209 23.971
Accel: 0.069 -1.083 0.622
Gyro: -359.680 -11.703 17.929
Accel: 0.327 -1.443 1.090
Gyro: -409.637 -31.921 0.915
Accel: 0.443 -1.858 1.820
Gyro: -467.742 -57.342 -14.953
Accel: 0.496 -2.211 2.653
Gyro: -499.969 -47.958 -15.625
Accel: 1.131 -5.276 7.987
Gyro: 417.572 83.068 26.947
Accel: -6.157 1.788 7.999
Gyro: 499.984 -499.969 55.160
Accel: 0.215 4.151 3.280
Gyro: -124.710 213.134 64.758
Accel: 0.008 0.991 -3.185
Gyro: 0.289 132.614 49.789
Accel: 0.671 0.545 0.086
Gyro: 56.640 24.703 1.190
Accel: 0.568 0.048 0.147
Gyro: 45.379 -7.843 -42.770
Accel: 0.216 0.015 0.826
Gyro: -6.576 -19.973 -57.113
Accel: 0.087 0.005 0.587
Gyro: -87.539 -36.529 -35.415
Accel: 0.032 0.177 0.104
Gyro: -160.140 -42.816 -25.695
Accel: 0.208 0.223 0.828
Gyro: -196.197 -32.348 -18.585
Accel: 0.283 0.056 1.539
Gyro: -201.599 -32.760 -2.502
Accel: 0.184 0.749 6.352
Gyro: 45.440 1.098 8.438
Accel: 0.279 0.712 0.232
Gyro: 90.042 -66.329 24.108
Accel: 0.167 0.105 0.151
Gyro: 41.595 -17.486 1.678
Accel: 0.194 0.053 0.297
Gyro: -5.599 15.319 -15.167
Accel: 0.098 0.134 0.156
Gyro: -72.235 5.386 -11.901
Accel: 0.075 0.785 3.222
Gyro: -17.135 16.281 4.165
Accel: 0.250 0.119 1.056
Gyro: 49.972 -35.598 9.857
Accel: 0.235 0.088 0.0010
Gyro: 0.396 -11.093 -6.454
Accel: 0.069 0.353 0.727
Gyro: -21.057 18.493 -12.054
Accel: 0.137 0.260 1.631
Gyro: 3.128 0.396 -1.800
Accel: 0.060 0.0100 1.089
Gyro: 24.795 -17.486 1.342
Accel: 0.051 0.117 0.631
Gyro: 5.615 -5.386 -1.647
Accel: 0.049 0.136 1.073
Gyro: -3.875 1.602 -2.761
Accel: 0.033 0.091 1.188
Gyro: 7.293 -7.415 0.350
Accel: 0.032 0.087 0.927
Gyro: 9.307 -5.218 1.083
Accel: 0.083 0.101 0.854
Gyro: -3.723 -1.129 0.122
Accel: 0.094 0.128 1.033
Gyro: 0.976 0.274 0.228
Accel: 0.089 0.120 1.065
Gyro: 5.279 -2.151 0.625
Accel: 0.079 0.095 0.953
Gyro: 4.058 -3.005 1.190
Accel: 0.062 0.084 0.993
Gyro: 1.327 -1.541 1.022
Accel: 0.057 0.088 1.027
Gyro: 1.876 -1.281 0.595
Accel: 0.064 0.108 1.012
Gyro: 2.136 -1.846 0.671
Accel: 0.073 0.126 0.970
Gyro: 0.762 -1.144 0.564
Accel: 0.076 0.070 0.975
Gyro: 0.122 0.0000 0.473
Accel: 0.082 0.135 1.057
Gyro: 0.732 0.244 0.885
