Accel: 0.024 0.640 0.817
Gyro: -23.040 -2.807 0.167
Accel: 0.022 0.635 0.874
Gyro: -25.375 -2.670 0.228
Accel: 0.021 0.632 0.802
Gyro: -26.763 -1.693 0.335
Accel: 0.021 0.620 0.775
Gyro: -26.275 -1.052 0.259
Accel: 0.038 0.615 0.765
Gyro: -24.826 -1.342 0.473
Accel: 0.030 0.613 0.774
Gyro: -22.918 -1.724 0.991
Accel: 0.028 0.609 0.788
Gyro: -21.697 -2.075 -1.312
Accel: 0.024 0.610 0.803
Gyro: -21.697 -2.029 -1.403
Accel: 0.025 0.608 0.815
Gyro: -22.155 -2.136 -1.617
Accel: 0.024 0.607 0.817
Gyro: -23.040 -2.029 -1.831
Accel: 0.024 0.606 0.817
Gyro: -23.925 -1.632 -2.014
Accel: 0.022 0.600 0.817
Gyro: -24.429 -1.510 -2.059
Accel: 0.022 0.592 0.814
Gyro: -24.688 -1.068 -2.075
Accel: 0.021 0.585 0.805
Gyro: -24.505 0.915 -2.014
Accel: 0.018 0.577 0.815
Gyro: -23.788 -1.388 -1.373
Accel: 0.0010 0.569 0.815
Gyro: -23.666 -1.800 0.274
Accel: 0.013 0.577 0.874
Gyro: -23.193 -2.151 0.640
Accel: 0.018 0.574 0.818
Gyro: -22.552 -2.044 0.701
Accel: 0.031 0.562 0.819
Gyro: -22.201 -1.586 0.167
Accel: 0.024 0.568 0.827
Gyro: -21.865 -1.281 0.259
Accel: 0.024 0.565 0.829
Gyro: -21.591 -1.419 0.183
Accel: 0.029 0.562 0.820
Gyro: -20.874 -1.281 0.030
Accel: 0.027 0.562 0.818
Gyro: -19.515 -1.388 0.305
Accel: 0.030 0.562 0.821
Gyro: -17.959 -1.541 0.961
Accel: 0.031 0.559 0.829
Gyro: -17.227 -2.120 -1.708
Accel: 0.027 0.556 0.832
Gyro: -16.586 -1.480 -2.273
Accel: 0.028 0.553 0.841
Gyro: -15.975 -1.541 -2.807
Accel: 0.031 0.555 0.850
Gyro: -16.342 -1.800 -3.463
Accel: 0.030 0.552 0.854
Gyro: -16.769 -1.846 -3.906
Accel: 0.028 0.550 0.847
Gyro: -16.784 -1.770 -4.287
Accel: 0.026 0.542 0.838
Gyro: -16.464 -1.739 -4.730
Accel: 0.026 0.537 0.840
Gyro: -15.823 -1.586 -4.867
Accel: 0.023 0.531 0.845
Gyro: -15.151 -1.327 -4.867
Accel: 0.022 0.528 0.849
Gyro: -14.862 -1.281 -4.669
Accel: 0.024 0.528 0.853
Gyro: -14.572 -1.296 -4.608
Accel: 0.022 0.524 0.844
Gyro: -13.656 -1.235 -4.531
Accel: 0.024 0.520 0.848
Gyro: -12.802 -1.602 -4.348
Accel: 0.019 0.517 0.856
Gyro: -12.222 -1.205 -4.058
Accel: 0.020 0.512 0.845
Gyro: -11.581 0.686 -3.677
Accel: 0.019 0.507 0.843
Gyro: -10.803 0.778 -3.036
Accel: 0.018 0.510 0.863
Gyro: -10.314 -1.144 -2.365
Accel: 0.018 0.513 0.870
Gyro: -10.513 -1.419 -1.693
Accel: 0.020 0.511 0.869
Gyro: -11.154 -1.632 -1.190
Accel: 0.023 0.511 0.874
Gyro: -11.779 -1.831 0.961
Accel: 0.025 0.510 0.864
Gyro: -11.978 -1.846 0.793
Accel: 0.028 0.509 0.866
Gyro: -12.207 -2.380 0.732
Accel: 0.022 0.506 0.873
Gyro: -12.451 -2.120 0.518
Accel: 0.018 0.504 0.881
Gyro: -13.092 -1.632 0.122
Accel: 0.020 0.504 0.883
Gyro: -14.160 -1.525 0.320
Accel: 0.025 0.503 0.880
Gyro: -14.831 -1.358 0.274
Accel: 0.027 0.499 0.875
Gyro: -15.197 -1.602 0.350
Accel: 0.028 0.498 0.871
Gyro: -15.350 -2.120 0.305
Accel: 0.025 0.492 0.869
Gyro: -15.045 -2.410 0.289
Accel: 0.025 0.490 0.864
Gyro: -14.114 -2.105 0.244
Accel: 0.026 0.485 0.870
Gyro: -13.442 -2.136 0.152
Accel: 0.024 0.484 0.872
Gyro: -12.756 -2.395 0.137
Accel: 0.026 0.487 0.872
Gyro: -12.176 -2.395 0.045
Accel: 0.035 0.491 0.874
Gyro: -11.611 -2.075 0.823
Accel: 0.031 0.486 0.868
Gyro: -10.498 -1.617 -1.403
Accel: 0.027 0.478 0.861
Gyro: -9.094 -1.266 -1.602
Accel: 0.026 0.473 0.867
Gyro: -7.934 -1.556 -1.617
Accel: 0.020 0.475 0.873
Gyro: -6.652 -1.464 -1.464
Accel: 0.018 0.473 0.881
Gyro: -6.225 -1.358 -1.007
Accel: 0.019 0.473 0.888
Gyro: -6.362 -1.388 0.625
Accel: 0.018 0.474 0.895
Gyro: -6.759 -1.449 0.366
Accel: 0.021 0.474 0.893
Gyro: -7.354 -1.632 0.061
Accel: 0.024 0.474 0.888
Gyro: -7.705 -1.724 0.045
Accel: 0.026 0.477 0.889
Gyro: -7.675 -1.159 0.350
Accel: 0.032 0.478 0.887
Gyro: -7.705 0.701 -1.083
Accel: 0.032 0.479 0.888
Gyro: -7.751 0.900 -1.815
Accel: 0.032 0.477 0.890
Gyro: -7.476 -1.144 -2.609
Accel: 0.032 0.471 0.893
Gyro: -7.553 -1.434 -3.036
Accel: 0.028 0.469 0.903
Gyro: -7.965 -1.434 -3.311
Accel: 0.026 0.467 0.896
Gyro: -8.453 -1.358 -3.402
Accel: 0.025 0.464 0.886
Gyro: -8.392 0.946 -3.479
Accel: 0.026 0.462 0.890
Gyro: -8.178 -1.129 -3.646
Accel: 0.029 0.465 0.890
Gyro: -7.797 -1.068 -3.784
Accel: 0.028 0.461 0.883
Gyro: -7.400 -1.281 -3.997
Accel: 0.031 0.462 0.888
Gyro: -6.866 -1.312 -4.364
Accel: 0.031 0.461 0.899
Gyro: -6.591 -1.525 -4.867
Accel: 0.027 0.461 0.902
Gyro: -7.034 -1.220 -4.913
Accel: 0.026 0.456 0.904
Gyro: -7.415 -1.022 -4.974
Accel: 0.024 0.453 0.900
Gyro: -7.812 0.869 -4.837
Accel: 0.024 0.449 0.887
Gyro: -7.583 0.427 -4.577
Accel: 0.023 0.447 0.890
Gyro: -6.713 0.610 -4.257
Accel: 0.024 0.446 0.901
Gyro: -6.484 0.930 -3.967
Accel: 0.023 0.445 0.900
Gyro: -6.530 -1.464 -3.540
Accel: 0.025 0.446 0.900
Gyro: -6.408 -1.663 -3.479
Accel: 0.024 0.442 0.892
Gyro: -6.027 -1.312 -3.189
Accel: 0.024 0.441 0.897
Gyro: -5.722 -1.098 -2.929
Accel: 0.028 0.443 0.901
Gyro: -5.462 0.701 -2.838
Accel: 0.030 0.444 0.900
Gyro: -5.249 0.732 -2.929
Accel: 0.031 0.443 0.900
Gyro: -5.126 0.518 -2.929
Accel: 0.026 0.440 0.900
Gyro: -4.714 0.305 -2.746
Accel: 0.024 0.434 0.895
Gyro: -4.150 0.122 -2.273
Accel: 0.021 0.429 0.889
Gyro: -3.494 0.259 -1.693
Accel: 0.023 0.430 0.891
Gyro: -2.380 0.625 -1.144
Accel: 0.026 0.435 0.899
Gyro: -1.785 0.991 0.717
Accel: 0.030 0.439 0.901
Gyro: -1.373 0.991 0.656
Accel: 0.033 0.442 0.908
Gyro: -1.205 -1.037 0.793
Accel: 0.030 0.375 0.907
Gyro: -1.312 -1.098 0.869
Accel: 0.027 0.432 0.904
Gyro: -1.388 -1.098 0.549
Accel: 0.023 0.431 0.910
Gyro: -1.510 -1.068 0.091
Accel: 0.032 0.438 0.910
Gyro: -1.907 0.991 0.183
Accel: 0.031 0.439 0.911
Gyro: -2.548 0.976 0.122
Accel: 0.030 0.441 0.917
Gyro: -3.326 -1.403 0.091
Accel: 0.033 0.441 0.913
Gyro: -4.226 -1.358 0.076
Accel: 0.032 0.439 0.914
Gyro: -4.943 -1.312 0.076
Accel: 0.038 0.455 0.912
Gyro: -5.310 0.961 -1.113
Accel: 0.034 0.442 0.890
Gyro: -5.386 0.198 -1.724
Accel: 0.036 0.437 0.903
Gyro: -5.050 0.854 -2.090
Accel: 0.036 0.437 0.904
Gyro: -4.577 -1.083 -2.426
Accel: 0.039 0.437 0.904
Gyro: -4.272 -1.373 -2.899
Accel: 0.034 0.435 0.901
Gyro: -3.677 -1.098 -3.433
Accel: 0.038 0.435 0.893
Gyro: -2.685 0.900 -3.982
Accel: 0.038 0.435 0.892
Gyro: -1.541 0.930 -4.333
Accel: 0.039 0.441 0.901
Gyro: 0.518 0.808 -4.745
Accel: 0.038 0.429 0.906
Gyro: 0.305 0.793 -5.233
Accel: 0.033 0.432 0.906
Gyro: 0.427 0.549 -5.371
Accel: 0.033 0.430 0.908
Gyro: 0.579 0.564 -5.432
Accel: 0.032 0.429 0.905
Gyro: 0.869 0.335 -5.371
Accel: 0.035 0.425 0.906
Gyro: 1.007 0.411 -5.218
Accel: 0.030 0.426 0.911
Gyro: 1.007 0.534 -5.065
Accel: 0.028 0.426 0.911
Gyro: 0.930 0.442 -4.547
Accel: 0.027 0.426 0.912
Gyro: 0.518 0.213 -4.013
Accel: 0.027 0.427 0.917
Gyro: 0.015 0.305 -3.387
Accel: 0.028 0.426 0.914
Gyro: 0.381 0.289 -2.883
Accel: 0.030 0.426 0.905
Gyro: 0.610 0.427 -2.441
Accel: 0.030 0.424 0.912
Gyro: 0.686 0.671 -1.983
Accel: 0.032 0.427 0.914
Gyro: 0.930 0.961 -1.647
Accel: 0.046 0.207 0.506
Gyro: 37.780 -25.650 -30.914
Accel: 0.002 0.251 0.508
Gyro: 26.046 -31.341 -28.976
Accel: 0.027 0.371 0.532
Gyro: 8.117 -33.691 -28.594
Accel: 0.030 0.364 0.547
Gyro: 0.549 -33.172 -27.770
Accel: 0.013 0.400 0.548
Gyro: -9.643 -29.846 -27.389
Accel: 0.004 0.386 0.554
Gyro: -16.921 -23.788 -29.312
Accel: 0.062 0.380 0.551
Gyro: -22.338 -15.594 -30.929
Accel: 0.091 0.372 0.574
Gyro: -25.650 -7.202 -31.707
Accel: 0.101 0.367 0.602
Gyro: -27.770 3.433 -30.609
Accel: 0.073 0.380 0.648
Gyro: -29.403 11.489 -27.969
Accel: 0.007 0.420 0.668
Gyro: -31.311 14.633 -25.924
Accel: 0.045 0.454 0.653
Gyro: -31.661 19.515 -25.970
Accel: 0.030 0.473 0.623
Gyro: -28.656 23.651 -28.045
Accel: 0.047 0.532 0.627
Gyro: -24.414 29.495 -27.633
Accel: 0.085 0.572 0.647
Gyro: -24.169 36.666 -26.672
Accel: 0.102 0.544 0.642
Gyro: -30.548 40.023 -26.550
Accel: 0.140 0.556 0.654
Gyro: -39.596 38.986 -22.720
Accel: 0.147 0.552 0.689
Gyro: -51.391 35.903 -18.920
Accel: 0.140 0.574 0.736
Gyro: -69.839 32.852 -14.328
Accel: 0.147 0.582 0.785
Gyro: -85.342 28.350 -9.368
Accel: 0.176 0.585 0.837
Gyro: -96.755 19.531 -3.845
Accel: 0.202 0.588 0.878
Gyro: -109.436 6.408 1.861
Accel: 0.228 0.557 0.918
Gyro: -119.110 -8.361 5.966
Accel: 0.256 0.470 0.985
Gyro: -128.692 -24.688 7.843
Accel: 0.205 0.364 1.029
Gyro: -132.568 -37.841 6.378
Accel: 0.297 0.394 1.395
Gyro: -134.246 -60.974 10.162
Accel: 0.323 0.331 1.767
Gyro: -138.610 -91.491 10.314
Accel: 0.242 0.191 2.007
Gyro: -136.077 -114.242 6.500
Accel: 0.202 0.160 2.193
Gyro: -120.834 -130.767 2.563
Accel: 0.200 0.128 2.302
Gyro: -91.262 -135.894 2.731
Accel: 0.200 0.175 2.335
Gyro: -47.042 -128.707 6.622
Accel: 0.171 0.206 2.241
Gyro: 8.377 -110.412 10.803
Accel: 0.118 0.229 2.074
Gyro: 62.347 -89.630 13.610
Accel: 0.062 0.263 1.829
Gyro: 104.263 -72.570 8.056
Accel: 0.023 0.329 1.506
Gyro: 131.362 -62.484 9.201
Accel: 0.031 0.396 1.290
Gyro: 136.734 -59.463 7.400
Accel: 0.052 0.423 1.041
Gyro: 134.796 -56.884 7.156
Accel: 0.076 0.477 0.786
Gyro: 126.296 -57.586 6.378
Accel: 0.124 0.532 0.611
Gyro: 118.499 -58.197 8.087
Accel: 0.027 0.606 0.422
Gyro: 102.478 -56.076 3.067
Accel: 0.025 0.624 0.262
Gyro: 88.714 -50.476 2.593
Accel: 0.066 0.655 0.070
Gyro: 74.966 -42.373 0.976
Accel: 0.107 0.727 0.030
Gyro: 51.040 -36.407 -4.074
Accel: 0.033 0.792 0.028
Gyro: 20.233 -38.925 -5.050
Accel: 0.072 0.748 0.128
Gyro: -6.942 -36.819 1.556
Accel: 0.182 0.653 0.178
Gyro: -29.754 -27.984 7.812
Accel: 0.084 0.647 0.173
Gyro: -50.796 -18.829 12.374
Accel: 0.097 0.657 0.195
Gyro: -77.224 -5.462 16.967
Accel: 0.108 0.645 0.184
Gyro: -103.042 7.980 20.980
Accel: 0.071 0.575 0.141
Gyro: -129.470 17.608 22.750
Accel: 0.046 0.499 0.048
Gyro: -157.043 23.956 20.385
Accel: 0.003 0.376 0.143
Gyro: -185.028 25.573 17.196
Accel: 0.044 0.303 0.344
Gyro: -208.038 28.488 15.029
Accel: 0.028 0.290 0.423
Gyro: -219.757 40.863 16.937
Accel: 0.133 0.311 0.647
Gyro: -224.838 56.808 19.958
Accel: 0.177 0.289 0.797
Gyro: -226.852 78.842 26.763
Accel: 0.113 0.147 0.924
Gyro: -220.336 103.622 33.401
Accel: 0.072 0.005 1.158
Gyro: -209.396 118.682 36.972
Accel: 0.025 0.140 1.380
Gyro: -198.944 119.476 35.903
Accel: 0.003 0.314 1.680
Gyro: -183.700 96.557 24.398
Accel: 0.011 0.422 2.037
Gyro: -179.275 73.425 15.823
Accel: 0.085 0.505 2.260
Gyro: -170.181 56.671 7.308
Accel: 0.204 0.578 2.425
Gyro: -141.784 42.953 6.011
Accel: 0.235 0.576 2.508
Gyro: -106.246 32.073 7.461
Accel: 0.199 0.524 2.477
Gyro: -53.817 25.970 8.087
Accel: 0.158 0.436 2.384
Gyro: 3.295 25.604 7.217
Accel: 0.143 0.368 2.230
Gyro: 55.938 30.334 6.118
Accel: 0.147 0.313 2.041
Gyro: 100.402 35.156 6.286
Accel: 0.153 0.193 1.802
Gyro: 135.879 38.055 6.393
Accel: 0.149 0.193 1.545
Gyro: 157.546 39.611 5.645
Accel: 0.141 0.133 1.290
Gyro: 173.690 41.473 4.348
Accel: 0.152 0.087 1.061
Gyro: 182.067 43.273 2.731
Accel: 0.146 0.034 0.855
Gyro: 183.471 45.257 1.586
Accel: 0.122 0.032 0.685
Gyro: 178.604 46.875 0.320
Accel: 0.0100 0.094 0.548
Gyro: 168.411 47.683 -1.876
Accel: 0.078 0.151 0.384
Gyro: 153.961 47.790 -4.302
Accel: 0.056 0.207 0.348
Gyro: 138.702 47.302 -6.851
Accel: 0.045 0.268 0.266
Gyro: 119.644 47.378 -9.399
Accel: 0.044 0.314 0.194
Gyro: 95.275 48.370 -11.779
Accel: 0.125 0.351 0.130
Gyro: 77.835 48.767 -13.076
Accel: 0.072 0.368 0.075
Gyro: 56.457 49.163 -12.649
Accel: 0.065 0.382 0.042
Gyro: 34.179 52.581 -11.535
Accel: 0.063 0.386 0.051
Gyro: 10.238 60.241 -10.787
Accel: 0.078 0.348 0.187
Gyro: -16.891 66.436 -11.169
Accel: 0.130 0.293 0.253
Gyro: -46.249 59.494 -12.435
Accel: 0.150 0.240 0.417
Gyro: -70.312 47.683 -13.198
Accel: 0.156 0.205 0.565
Gyro: -88.867 30.426 -13.824
Accel: 0.173 0.217 0.719
Gyro: -102.157 16.387 -12.176
Accel: 0.108 0.161 0.917
Gyro: -114.486 22.506 -10.116
Accel: 0.222 0.179 1.303
Gyro: -126.251 22.796 -6.713
Accel: 0.315 0.233 1.585
Gyro: -138.351 10.559 2.304
Accel: 0.458 0.172 1.857
Gyro: -142.288 -7.949 7.522
Accel: 0.516 0.037 1.908
Gyro: -131.820 -33.859 9.963
Accel: 0.501 0.041 1.943
Gyro: -99.441 -41.656 14.129
Accel: 0.461 0.055 1.921
Gyro: -61.492 -46.447 18.417
Accel: 0.419 0.030 1.846
Gyro: -21.057 -46.081 21.606
Accel: 0.318 0.006 1.726
Gyro: 11.901 -39.566 24.429
Accel: 0.327 0.030 1.581
Gyro: 37.384 -30.471 27.069
Accel: 0.282 0.074 1.410
Gyro: 50.292 -23.468 29.388
Accel: 0.238 0.094 1.254
Gyro: 53.283 -20.996 30.761
Accel: 0.190 0.102 1.071
Gyro: 52.352 -20.599 30.868
Accel: 0.156 0.102 0.939
Gyro: 53.146 -20.904 31.021
Accel: 0.133 0.102 0.864
Gyro: 59.906 -25.650 31.433
Accel: 0.109 0.111 0.736
Gyro: 67.779 -34.423 30.868
Accel: 0.086 0.105 0.619
Gyro: 70.175 -43.090 29.220
Accel: 0.082 0.095 0.494
Gyro: 65.185 -50.720 26.748
Accel: 0.075 0.104 0.401
Gyro: 54.214 -57.205 25.360
Accel: 0.039 0.095 0.317
Gyro: 37.445 -62.316 24.017
Accel: 0.002 0.105 0.269
Gyro: 15.823 -64.773 22.827
Accel: 0.030 0.093 0.281
Gyro: -9.826 -58.685 22.872
Accel: 0.043 0.095 0.298
Gyro: -36.788 -51.101 21.408
Accel: 0.043 0.0001 0.315
Gyro: -65.689 -42.510 18.966
Accel: 0.036 0.029 0.327
Gyro: -87.478 -27.236 16.662
Accel: 0.044 0.008 0.333
Gyro: -109.329 -11.444 14.129
Accel: 0.056 0.035 0.389
Gyro: -131.912 2.944 11.550
Accel: 0.069 0.085 0.481
Gyro: -157.867 18.417 9.078
Accel: 0.050 0.124 0.686
Gyro: -181.671 33.111 8.346
Accel: 0.025 0.163 0.823
Gyro: -197.723 52.017 8.895
Accel: 0.005 0.187 1.055
Gyro: -198.974 71.502 11.672
Accel: 0.042 0.267 1.240
Gyro: -179.855 83.282 13.259
Accel: 0.089 0.384 1.374
Gyro: -154.739 81.039 8.377
Accel: 0.152 0.510 1.663
Gyro: -135.818 59.906 0.808
Accel: 0.192 0.629 1.941
Gyro: -120.544 27.374 -9.002
Accel: 0.229 0.701 2.112
Gyro: -104.156 -2.914 -19.409
Accel: 0.289 0.677 2.136
Gyro: -74.844 -18.966 -18.432
Accel: 0.300 0.552 2.098
Gyro: -31.707 -22.323 -13.977
Accel: 0.248 0.487 1.982
Gyro: 14.083 -18.722 -9.628
Accel: 0.217 0.398 1.761
Gyro: 57.373 -8.377 -5.142
Accel: 0.168 0.363 1.500
Gyro: 92.025 -5.325 -1.861
Accel: 0.160 0.297 1.318
Gyro: 113.006 -5.462 0.808
Accel: 0.140 0.248 1.057
Gyro: 117.935 -4.837 1.846
Accel: 0.127 0.158 0.858
Gyro: 118.362 -6.576 3.448
Accel: 0.109 0.073 0.643
Gyro: 113.510 -9.002 5.752
Accel: 0.082 0.0010 0.428
Gyro: 101.913 -9.246 8.071
Accel: 0.062 0.119 0.196
Gyro: 82.015 -5.416 10.375
Accel: 0.027 0.199 0.105
Gyro: 53.085 6.973 12.145
Accel: 0.017 0.244 0.069
Gyro: 13.717 14.511 11.444
Accel: 0.022 0.229 0.202
Gyro: -40.588 22.171 8.743
Accel: 0.021 0.193 0.257
Gyro: -106.399 23.635 6.301
Accel: 0.017 0.130 0.177
Gyro: -184.402 17.944 4.104
Accel: 0.006 0.033 0.147
Gyro: -253.921 4.470 1.007
Accel: 0.028 0.210 0.618
Gyro: -299.270 -18.783 -4.287
Accel: 0.042 0.357 1.109
Gyro: -312.057 -39.581 -8.285
Accel: -1.977 -2.029 6.812
Gyro: -124.649 -227.783 8.422
Accel: 0.205 0.544 2.521
Gyro: 113.800 -108.703 7.125
Accel: 0.376 0.162 0.849
Gyro: 8.209 -83.679 -7.034
Accel: 0.347 0.401 1.095
Gyro: -15.335 -119.155 9.475
Accel: 0.099 0.616 1.362
Gyro: -15.258 -109.375 29.739
Accel: 0.094 0.479 1.499
Gyro: 0.915 -93.414 33.798
Accel: 0.0000 0.376 1.600
Gyro: 24.810 -74.951 30.242
Accel: 0.0001 0.419 1.652
Gyro: 63.598 -64.392 29.220
Accel: 0.031 0.416 1.506
Gyro: 97.900 -56.823 30.151
Accel: 0.080 0.359 1.326
Gyro: 128.875 -48.507 29.754
Accel: 0.110 0.298 1.187
Gyro: 142.013 -41.290 28.549
Accel: 0.120 0.266 0.993
Gyro: 155.914 -35.964 27.862
Accel: 0.118 0.201 0.804
Gyro: 155.319 -29.510 27.267
Accel: 0.142 0.131 0.606
Gyro: 151.245 -20.935 26.519
Accel: 0.156 0.064 0.447
Gyro: 140.121 -12.725 25.619
Accel: 0.127 0.0000 0.368
Gyro: 123.367 -6.820 24.276
Accel: 0.153 0.013 0.282
Gyro: 104.858 2.578 21.789
Accel: 0.141 0.183 0.213
Gyro: 84.945 13.916 19.226
Accel: 0.118 0.230 0.168
Gyro: 54.733 23.773 17.974
Accel: 0.049 0.303 0.137
Gyro: 25.115 30.838 18.356
Accel: 0.011 0.331 0.134
Gyro: -3.234 32.760 18.844
Accel: 0.008 0.283 0.152
Gyro: -39.505 28.594 16.189
Accel: 0.017 0.217 0.265
Gyro: -81.0100 11.962 11.123
Accel: 0.013 0.149 0.525
Gyro: -126.327 -32.287 6.774
Accel: 0.021 0.038 0.938
Gyro: -160.308 -107.604 3.585
Accel: 0.087 0.178 1.371
Gyro: -192.810 -194.702 -2.014
Accel: 0.255 0.341 1.510
Gyro: -210.449 -271.606 -14.236
Accel: 0.420 0.624 1.747
Gyro: -204.086 -333.053 -25.680
Accel: 0.458 0.661 1.509
Gyro: -170.883 -361.450 -27.420
Accel: 0.420 0.503 1.514
Gyro: -110.641 -372.467 -12.924
Accel: 0.469 0.418 0.791
Gyro: -39.443 -370.468 0.305
Accel: 0.359 0.558 3.648
Gyro: 270.019 -252.914 17.562
Accel: 0.319 0.035 0.690
Gyro: 243.316 -335.998 20.477
Accel: 0.708 0.149 1.093
Gyro: 193.023 -315.414 16.098
Accel: 0.519 0.011 0.839
Gyro: 152.999 -287.612 7.888
Accel: 0.551 0.125 0.910
Gyro: 121.063 -221.374 0.335
Accel: 0.542 0.201 0.711
Gyro: 89.523 -157.699 -10.360
Accel: 0.435 0.265 0.561
Gyro: 69.427 -96.984 -27.389
Accel: 0.250 0.296 0.413
Gyro: 54.382 -44.891 -43.777
Accel: 0.210 0.214 0.186
Gyro: 32.470 0.457 -48.965
Accel: 0.107 0.124 0.015
Gyro: 0.106 27.297 -39.093
Accel: 0.0000 0.088 0.138
Gyro: -35.324 36.941 -32.012
Accel: 0.017 0.121 0.208
Gyro: -64.300 44.052 -22.766
Accel: 0.005 0.036 0.175
Gyro: -94.772 62.683 2.502
Accel: 0.011 0.065 0.096
Gyro: -123.611 73.974 26.641
Accel: 0.096 0.114 0.021
Gyro: -145.553 80.688 46.447
Accel: 0.208 0.195 0.125
Gyro: -166.061 83.648 60.562
Accel: 0.438 0.354 0.238
Gyro: -188.125 125.289 17.242
Accel: 1.357 0.218 4.172
Gyro: 38.742 215.759 -27.740
Accel: 0.800 0.150 1.508
Gyro: -29.464 68.511 -16.006
Accel: 1.109 -1.171 1.719
Gyro: -6.896 -25.695 -34.179
Accel: 1.078 -1.083 1.406
Gyro: -3.982 -146.697 -38.177
Accel: 0.689 0.720 1.672
Gyro: 16.006 -229.217 -33.981
Accel: 0.536 0.600 1.811
Gyro: 62.942 -235.244 -39.154
Accel: 0.654 0.444 2.199
Gyro: 163.604 -145.385 -42.648
Accel: 0.736 0.371 1.996
Gyro: 237.274 -46.981 -25.863
Accel: 0.671 0.264 1.440
Gyro: 278.198 36.026 -16.891
Accel: 0.578 0.112 0.885
Gyro: 276.885 111.083 -16.189
Accel: 0.484 0.055 0.320
Gyro: 242.828 177.276 -18.569
Accel: 0.346 0.216 0.131
Gyro: 180.023 221.893 -24.581
Accel: 0.209 0.434 0.624
Gyro: 92.697 234.024 -26.657
Accel: 0.148 0.438 0.866
Gyro: 7.125 236.312 -23.681
Accel: 0.142 0.404 0.981
Gyro: -61.584 237.228 -20.141
Accel: 0.011 0.393 -1.064
Gyro: -116.470 210.678 -17.944
Accel: 0.051 0.321 -1.063
Gyro: -177.383 156.082 -15.914
Accel: 0.034 0.200 0.940
Gyro: -216.171 97.381 -9.307
Accel: 0.008 0.084 0.679
Gyro: -237.838 36.468 0.915
Accel: 0.130 0.126 0.261
Gyro: -243.362 -37.185 8.590
Accel: 0.332 0.395 0.217
Gyro: -230.529 -135.314 12.084
Accel: 0.479 0.620 0.720
Gyro: -205.963 -233.917 7.324
Accel: 1.023 0.478 1.912
Gyro: -226.577 -222.366 -1.861
Accel: 3.485 -3.763 5.667
Gyro: -8.102 66.986 -36.727
Accel: 0.911 0.582 3.085
Gyro: 241.165 76.400 -2.929
Accel: 0.308 0.188 0.629
Gyro: 44.769 44.677 -1.266
Accel: 1.210 -1.182 1.216
Gyro: 0.686 76.110 -20.965
Accel: 0.793 0.398 1.151
Gyro: -43.075 112.884 -17.517
Accel: 0.211 0.002 1.375
Gyro: -56.198 151.046 1.098
Accel: 0.485 0.273 1.304
Gyro: -26.489 205.368 2.731
Accel: 0.501 0.147 0.884
Gyro: 8.056 242.614 2.670
Accel: 0.337 0.281 0.306
Gyro: 56.915 224.777 -6.927
Accel: 0.274 0.307 0.060
Gyro: 86.074 206.405 -17.837
Accel: 0.106 0.286 0.400
Gyro: 90.789 182.601 -21.301
Accel: 0.042 0.260 0.800
Gyro: 61.172 144.134 -17.929
Accel: 0.054 0.159 0.997
Gyro: 9.063 105.987 0.579
Accel: 0.144 0.203 -1.076
Gyro: -52.062 80.917 10.116
Accel: 0.023 0.118 0.707
Gyro: -114.883 58.074 11.642
Accel: 0.456 0.430 0.063
Gyro: -203.033 -7.034 -1.174
Accel: 0.544 0.630 0.668
Gyro: -299.118 -69.503 -17.791
Accel: 3.230 -3.498 7.999
Gyro: -87.997 251.022 11.550
Accel: -1.703 0.544 3.472
Gyro: 136.657 77.499 -5.203
Accel: 0.051 0.227 0.724
Gyro: -9.323 -20.217 -15.869
Accel: 0.478 -1.098 1.752
Gyro: -12.130 -49.896 -39.749
Accel: 0.343 0.103 1.929
Gyro: -25.543 -72.387 -37.719
Accel: 0.293 0.218 1.131
Gyro: -30.776 -71.792 -37.841
Accel: 0.364 0.140 1.325
Gyro: -19.287 -57.586 -44.372
Accel: 0.258 0.291 1.274
Gyro: 30.639 -21.957 -41.442
Accel: 0.053 0.128 1.026
Gyro: 78.781 8.300 -22.827
Accel: 0.153 0.135 0.666
Gyro: 137.435 37.567 0.747
Accel: 0.205 0.200 0.305
Gyro: 183.334 66.375 19.744
Accel: 0.238 0.189 0.029
Gyro: 201.995 83.969 32.058
Accel: 0.240 0.071 0.349
Gyro: 180.130 79.605 41.412
Accel: 0.206 0.196 0.519
Gyro: 123.977 70.205 45.547
Accel: 0.032 0.054 0.678
Gyro: 58.074 68.252 36.499
Accel: 0.233 0.113 0.488
Gyro: -34.896 67.184 19.805
Accel: 0.406 0.061 0.036
Gyro: -141.174 60.211 -3.311
Accel: 0.593 0.080 0.681
Gyro: -250.411 27.923 -27.008
Accel: 0.512 0.335 1.218
Gyro: -337.692 -13.610 -44.311
Accel: 2.127 -3.495 7.999
Gyro: -157.272 247.024 -9.765
Accel: 0.633 1.066 0.355
Gyro: 74.050 37.429 -36.041
Accel: 0.455 0.250 1.727
Gyro: -24.551 -44.265 -55.175
Accel: 0.185 0.668 1.290
Gyro: -50.903 -53.085 -81.771
Accel: 0.183 0.519 1.211
Gyro: -31.524 -48.156 -80.307
Accel: 0.088 0.300 0.860
Gyro: 8.499 -23.727 -59.356
Accel: 0.073 0.143 0.634
Gyro: 69.458 17.761 -28.869
Accel: 0.075 0.011 0.319
Gyro: 120.071 74.096 -5.371
Accel: 0.141 0.017 0.061
Gyro: 158.767 116.149 7.049
Accel: 0.256 0.095 0.397
Gyro: 175.872 133.468 13.046
Accel: 0.232 0.093 0.711
Gyro: 146.987 114.334 10.162
Accel: 0.090 0.045 0.793
Gyro: 78.582 73.699 -7.522
Accel: 0.126 0.041 0.630
Gyro: -16.113 20.584 -23.193
Accel: 0.207 0.119 0.044
Gyro: -142.227 -40.924 -34.561
Accel: 0.240 0.299 0.927
Gyro: -284.942 -113.143 -51.239
Accel: 0.250 0.580 1.749
Gyro: -406.326 -158.859 -55.130
Accel: 0.407 0.490 3.172
Gyro: 188.842 45.700 -13.137
Accel: -1.004 0.593 4.644
Gyro: -13.092 4.730 -36.605
Accel: 0.526 0.159 0.187
Gyro: -67.047 -17.471 -57.556
Accel: 0.303 0.600 1.059
Gyro: -49.957 10.620 -41.915
Accel: 0.136 0.230 0.983
Gyro: 15.060 64.834 0.411
Accel: 0.133 0.167 0.228
Gyro: 106.948 123.519 35.171
Accel: 0.117 0.201 0.252
Gyro: 201.782 196.060 54.275
Accel: 0.192 0.156 0.725
Gyro: 267.532 244.689 64.544
Accel: 0.030 0.106 0.913
Gyro: 264.358 235.733 48.828
Accel: 0.102 0.083 -1.283
Gyro: 193.847 144.790 13.793
Accel: 0.220 0.144 0.878
Gyro: 29.907 -38.208 -18.798
Accel: 0.073 0.021 0.072
Gyro: -199.188 -206.970 -40.939
Accel: 0.106 0.383 0.863
Gyro: -386.108 -300.689 -61.859
Accel: 0.167 0.909 1.765
Gyro: -477.218 -334.259 -74.310
Accel: 0.211 -1.038 0.681
Gyro: -438.674 -321.289 -59.112
Accel: 0.467 0.631 1.951
Gyro: 229.690 -52.978 -8.636
Accel: 0.592 0.583 0.947
Gyro: 210.479 47.531 6.561
Accel: 0.162 0.750 0.798
Gyro: 253.143 138.793 28.091
Accel: 0.302 0.098 0.839
Gyro: 291.702 167.266 55.557
Accel: 0.239 0.016 0.981
Gyro: 309.036 203.811 80.444
Accel: 0.040 0.219 -1.412
Gyro: 254.425 188.674 81.146
Accel: 0.343 0.174 -1.512
Gyro: 119.430 108.993 45.074
Accel: 0.206 0.270 0.930
Gyro: -92.834 -59.555 22.903
Accel: 0.006 0.212 0.094
Gyro: -314.163 -215.194 13.0000
Accel: 0.276 0.354 0.757
Gyro: -446.319 -278.244 0.244
Accel: 0.416 0.659 1.515
Gyro: -499.969 -286.666 -19.668
Accel: 1.280 -4.056 7.999
Gyro: 234.634 -15.487 11.352
Accel: 1.819 0.621 3.022
Gyro: 192.489 79.376 6.896
Accel: 0.253 0.092 0.204
Gyro: 141.357 96.557 -2.380
Accel: 0.523 0.476 0.193
Gyro: 160.095 136.0001 -2.410
Accel: 0.042 0.103 0.144
Gyro: 193.344 160.446 10.284
Accel: 0.096 0.014 0.270
Gyro: 196.304 169.631 15.213
Accel: 0.081 0.205 0.542
Gyro: 162.261 135.528 -2.059
Accel: 0.127 0.034 0.437
Gyro: 65.994 44.128 -25.131
Accel: 0.144 0.303 0.192
Gyro: -87.753 -74.539 -35.873
Accel: 0.206 0.035 0.531
Gyro: -229.263 -182.601 -42.678
Accel: 0.049 0.128 1.271
Gyro: -344.741 -222.473 -50.811
Accel: 0.104 0.307 1.862
Gyro: -395.843 -201.797 -50.292
Accel: 0.161 0.520 2.451
Gyro: -370.864 -175.521 -38.284
Accel: 0.244 0.670 2.009
Gyro: -274.124 -85.968 -13.351
Accel: 0.673 0.190 1.800
Gyro: 39.489 15.411 10.864
Accel: 0.409 0.317 2.270
Gyro: 170.684 119.171 30.548
Accel: 0.134 0.270 1.075
Gyro: 286.590 161.422 45.150
Accel: 0.038 0.292 0.528
Gyro: 374.237 197.311 57.769
Accel: 0.065 0.399 0.135
Gyro: 429.702 222.442 59.494
Accel: 0.283 0.601 0.441
Gyro: 459.182 200.897 45.150
Accel: 0.312 0.286 0.975
Gyro: 408.432 141.006 20.141
Accel: 0.153 0.263 -1.432
Gyro: 266.555 62.286 9.750
Accel: 0.112 0.471 -1.528
Gyro: 66.894 -20.660 7.293
Accel: 0.199 0.497 -1.107
Gyro: -160.171 -94.528 -1.296
Accel: 0.098 0.373 0.346
Gyro: -370.956 -155.838 -20.629
Accel: 0.079 0.048 0.509
Gyro: -499.969 -186.172 -33.401
Accel: 0.134 0.540 1.065
Gyro: -499.969 -220.367 -38.406
Accel: 0.339 0.982 1.653
Gyro: -499.969 -259.384 -39.184
Accel: 0.484 -1.418 0.290
Gyro: -499.969 -148.101 -8.865
Accel: 1.300 0.343 1.439
Gyro: 238.708 -36.834 -12.680
Accel: 0.358 0.866 0.997
Gyro: 144.973 -27.496 -38.589
Accel: 0.385 -1.112 2.239
Gyro: 160.018 -42.617 -49.270
Accel: 0.184 0.858 0.570
Gyro: 213.439 -39.688 -38.513
Accel: 0.214 0.259 0.257
Gyro: 264.419 -12.756 -11.428
Accel: 0.066 0.002 0.187
Gyro: 301.208 39.505 1.403
Accel: 0.089 0.180 0.191
Gyro: 318.115 89.172 3.265
Accel: 0.072 0.209 0.542
Gyro: 315.216 131.576 7.720
Accel: 0.097 0.110 0.843
Gyro: 280.761 158.798 10.696
Accel: 0.188 0.079 -1.075
Gyro: 223.114 166.275 6.103
Accel: 0.367 0.094 -1.179
Gyro: 145.446 164.0001 -3.936
Accel: 0.438 0.040 -1.190
Gyro: 44.952 150.955 -15.838
Accel: 0.344 0.002 -1.261
Gyro: -74.188 115.676 -23.300
Accel: 0.166 0.007 -1.027
Gyro: -199.859 43.029 -26.077
Accel: 0.064 0.076 0.556
Gyro: -345.550 -41.152 -27.450
Accel: 0.157 0.354 0.155
Gyro: -464.538 -131.515 -29.815
Accel: 0.145 0.658 0.929
Gyro: -499.969 -192.718 -28.839
Accel: 0.085 -1.125 1.562
Gyro: -499.969 -219.635 -23.742
Accel: 0.591 -5.190 7.999
Gyro: 394.012 -34.942 38.040
Accel: 0.819 1.656 0.866
Gyro: 132.766 92.041 26.733
Accel: -1.082 0.046 2.130
Gyro: 48.461 -6.057 4.516
Accel: 0.040 -1.142 1.261
Gyro: 8.377 -77.331 7.385
Accel: 0.184 0.832 1.747
Gyro: -30.136 -94.421 11.886
Accel: 0.023 0.349 2.154
Gyro: -60.638 -90.744 0.671
Accel: 0.172 0.399 2.180
Gyro: -63.934 -59.127 -12.588
Accel: 0.250 0.679 2.277
Gyro: -32.958 -14.755 -10.818
Accel: 0.201 0.661 2.236
Gyro: 54.214 64.819 3.051
Accel: 0.0100 0.378 1.985
Gyro: 168.716 140.548 14.038
Accel: 0.225 0.397 1.412
Gyro: 259.063 177.551 19.836
Accel: 0.290 0.400 0.846
Gyro: 326.705 195.022 17.974
Accel: 0.256 0.334 0.418
Gyro: 375.411 204.391 15.960
Accel: 0.244 0.370 0.084
Gyro: 415.512 213.455 11.306
Accel: 0.285 0.364 0.148
Gyro: 446.044 214.096 2.807
Accel: 0.322 0.450 0.468
Gyro: 476.242 201.950 -4.364
Accel: 0.258 0.447 0.939
Gyro: 493.621 179.885 0.335
Accel: 0.210 0.254 -1.562
Gyro: 468.368 132.461 -1.632
Accel: 0.364 0.069 -2.138
Gyro: 401.504 75.302 -2.655
Accel: 0.229 0.682 -2.467
Gyro: 284.744 -2.395 25.451
Accel: 0.021 0.293 -2.859
Gyro: 138.412 -63.964 71.945
Accel: 0.070 0.383 -2.333
Gyro: -11.611 -81.283 93.154
Accel: 0.123 0.211 -2.167
Gyro: -177.413 -100.494 93.460
Accel: 0.117 0.104 -1.875
Gyro: -330.383 -105.941 66.375
Accel: 0.121 0.124 -1.404
Gyro: -472.518 -97.946 31.921
Accel: 0.034 0.148 0.702
Gyro: -499.969 -105.484 2.349
Accel: 0.013 0.649 0.180
Gyro: -499.969 -161.315 -15.670
Accel: 0.135 -1.383 1.150
Gyro: -499.969 -236.129 -27.023
Accel: 0.400 -2.039 1.837
Gyro: -499.969 -296.264 -16.204
Accel: 0.296 -2.354 2.798
Gyro: -499.969 -393.402 -1.937
Accel: 1.230 2.178 -7.945
Gyro: 499.984 128.845 -9.078
Accel: -2.190 1.617 7.775
Gyro: 302.642 46.539 5.874
Accel: 0.103 0.262 -1.816
Gyro: 149.581 -17.700 -31.539
Accel: 0.011 -1.357 2.526
Gyro: 92.178 -21.286 -40.161
Accel: 0.389 0.655 1.683
Gyro: -2.944 -45.013 -10.177
Accel: 0.137 0.334 1.258
Gyro: -61.569 -54.260 3.723
Accel: 0.073 0.497 1.880
Gyro: -56.030 -16.204 -3.921
Accel: 0.098 0.599 2.229
Gyro: 19.149 46.844 -10.040
Accel: 0.045 0.667 2.103
Gyro: 104.248 78.689 -6.393
Accel: 0.058 0.728 1.881
Gyro: 191.711 117.858 -5.950
Accel: 0.101 0.672 1.523
Gyro: 276.870 149.887 -7.965
Accel: 0.167 0.559 0.928
Gyro: 329.0010 167.510 -9.445
Accel: 0.180 0.458 0.355
Gyro: 368.896 167.434 -10.635
Accel: 0.158 0.342 0.070
Gyro: 401.428 163.528 -9.277
Accel: 0.127 0.205 0.346
Gyro: 435.073 165.710 -3.356
Accel: 0.162 0.312 0.598
Gyro: 465.301 174.072 5.767
Accel: 0.133 0.511 0.696
Gyro: 475.677 168.090 9.521
Accel: 0.184 0.468 0.931
Gyro: 455.215 159.729 15.319
Accel: 0.226 0.300 -1.007
Gyro: 409.744 129.898 23.849
Accel: 0.147 0.199 -1.098
Gyro: 329.193 91.201 49.530
Accel: 0.132 0.110 -1.190
Gyro: 253.097 60.272 59.295
Accel: 0.127 0.020 -1.219
Gyro: 163.711 32.775 56.777
Accel: 0.165 0.132 -1.229
Gyro: 68.313 4.165 53.726
Accel: 0.115 0.247 -1.236
Gyro: -22.994 -27.038 44.708
Accel: 0.066 0.294 -1.182
Gyro: -104.034 -58.502 34.057
Accel: 0.084 0.274 -1.0100
Gyro: -181.274 -80.673 23.376
Accel: 0.113 0.191 0.990
Gyro: -259.277 -87.631 12.161
Accel: 0.127 0.210 0.803
Gyro: -341.567 -91.262 0.137
Accel: 0.135 0.097 0.626
Gyro: -426.742 -86.944 -12.069
Accel: 0.129 0.081 0.450
Gyro: -499.969 -75.759 -23.757
Accel: 0.102 0.327 0.236
Gyro: -499.969 -66.741 -34.301
Accel: 0.098 0.581 0.024
Gyro: -499.969 -71.258 -41.397
Accel: 0.094 0.860 0.216
Gyro: -499.969 -94.161 -47.363
Accel: 0.092 -1.200 0.589
Gyro: -499.969 -143.875 -49.240
Accel: 0.137 -1.632 1.024
Gyro: -499.969 -179.656 -42.724
Accel: 1.958 -7.999 7.999
Gyro: 499.984 -480.438 13.198
Accel: -1.640 0.292 -1.425
Gyro: 308.486 -301.727 -7.690
Accel: 0.420 0.545 0.170
Gyro: 212.814 -406.723 35.171
Accel: 1.607 0.119 4.379
Gyro: 201.690 -126.342 44.799
Accel: 0.546 0.396 0.808
Gyro: 135.696 42.419 63.522
Accel: 0.002 0.374 0.921
Gyro: 37.872 -23.666 69.732
Accel: 0.569 0.307 0.046
Gyro: -55.313 -24.841 50.399
Accel: 0.648 0.283 0.187
Gyro: -108.352 -19.104 18.234
Accel: 1.276 0.523 4.653
Gyro: -87.844 98.220 -10.360
Accel: 0.747 0.044 1.077
Gyro: -16.754 96.588 -19.653
Accel: 0.118 0.107 0.305
Gyro: -69.885 72.784 -25.878
Accel: 0.081 0.358 1.192
Gyro: -59.539 113.037 -24.093
Accel: 0.145 0.193 1.071
Gyro: -56.167 90.347 -20.202
Accel: 0.071 0.272 1.885
Gyro: -48.278 65.353 -9.262
Accel: 0.041 0.047 1.199
Gyro: -27.740 35.171 -7.354
Accel: 0.091 0.052 0.794
Gyro: -28.884 24.505 -4.821
Accel: 0.073 0.101 0.812
Gyro: -22.338 22.521 -4.928
Accel: 0.046 0.133 0.983
Gyro: -11.169 15.106 -5.325
Accel: 0.046 0.135 1.031
Gyro: 7.095 3.707 -5.401
Accel: 0.059 0.130 0.981
Gyro: 14.190 -8.041 -5.264
Accel: 0.057 0.116 0.905
Gyro: 22.369 -13.488 -5.310
Accel: 0.058 0.118 1.0010
Gyro: 26.443 -17.807 -5.767
Accel: 0.051 0.106 1.070
Gyro: 30.944 -23.574 -6.011
Accel: 0.058 0.079 1.060
Gyro: 33.508 -27.664 -5.767
Accel: 0.075 0.046 0.998
Gyro: 33.569 -29.037 -4.928
Accel: 0.094 0.016 0.991
Gyro: 30.914 -27.313 -3.479
Accel: 0.108 0.018 1.027
Gyro: 27.206 -24.063 -2.471
Accel: 0.112 0.016 1.047
Gyro: 19.790 -21.469 -1.037
Accel: 0.110 0.005 1.028
Gyro: 20.782 -19.134 0.106
Accel: 0.107 0.012 0.992
Gyro: 17.837 -16.845 1.022
Accel: 0.113 0.027 0.997
Gyro: 15.579 -14.877 1.373
Accel: 0.107 0.031 1.014
Gyro: 14.602 -14.038 1.541
Accel: 0.0100 0.043 1.048
Gyro: 15.136 -12.039 1.510
Accel: 0.110 0.036 0.988
Gyro: 13.290 -11.230 1.144
Accel: 0.103 0.032 1.061
Gyro: 11.169 -8.544 0.610
Accel: 0.105 0.032 1.0010
Gyro: 9.368 -7.522 0.213
Accel: 0.112 0.025 0.996
Gyro: 7.598 -5.966 0.061
Accel: 0.113 0.019 1.004
Gyro: 5.737 -4.669 0.274
Accel: 0.115 0.020 0.994
Gyro: 4.241 -3.662 0.198
Accel: 0.115 0.022 0.993
Gyro: 3.158 -2.731 0.396
Accel: 0.115 0.023 1.004
Gyro: 2.166 -1.937 0.579
Accel: 0.117 0.019 1.0000
Gyro: 1.052 0.793 0.564
Accel: 0.119 0.016 0.986
Gyro: 0.549 0.503 0.473
Accel: 0.115 0.019 1.0001
Gyro: -1.754 1.632 0.457
Accel: 0.103 0.020 1.015
Gyro: -1.525 0.930 0.381
Accel: 0.0100 0.023 0.997
Gyro: 0.457 0.152 0.579
Accel: 0.102 0.031 1.005
Gyro: 1.113 -1.098 0.930
