Accel: 0.476 0.436 0.772
Gyro: 4.394 -3.021 -1.174
Accel: 0.475 0.435 0.769
Gyro: 4.470 -3.143 -1.190
Accel: 0.474 0.436 0.767
Gyro: 4.867 -2.960 -1.251
Accel: 0.473 0.433 0.764
Gyro: 4.791 -2.944 -1.541
Accel: 0.475 0.432 0.763
Gyro: 4.653 -2.838 -1.785
Accel: 0.479 0.437 0.762
Gyro: 4.379 -2.655 -1.663
Accel: 0.483 0.438 0.758
Gyro: 4.074 -2.243 -1.663
Accel: 0.480 0.439 0.757
Gyro: 3.463 -1.785 -1.449
Accel: 0.478 0.439 0.755
Gyro: 2.777 -1.174 -1.205
Accel: 0.478 0.438 0.754
Gyro: 1.983 0.381 0.976
Accel: 0.480 0.438 0.753
Gyro: 1.022 0.335 0.717
Accel: 0.480 0.439 0.753
Gyro: 0.198 1.296 0.335
Accel: 0.482 0.438 0.753
Gyro: 0.625 1.800 0.076
Accel: 0.481 0.439 0.754
Gyro: -1.358 2.288 0.671
Accel: 0.482 0.441 0.754
Gyro: -1.937 2.487 1.205
Accel: 0.482 0.444 0.756
Gyro: -2.410 2.685 1.617
Accel: 0.480 0.444 0.757
Gyro: -2.960 2.746 1.525
Accel: 0.478 0.445 0.758
Gyro: -3.692 2.487 1.205
Accel: 0.479 0.444 0.764
Gyro: -4.150 2.380 0.869
Accel: 0.481 0.444 0.770
Gyro: -4.318 2.166 0.640
Accel: 0.484 0.440 0.772
Gyro: -4.013 2.014 0.564
Accel: 0.488 0.441 0.776
Gyro: -3.601 1.785 0.793
Accel: 0.491 0.433 0.779
Gyro: -3.311 1.403 1.007
Accel: 0.493 0.428 0.783
Gyro: -3.143 0.732 1.403
Accel: 0.493 0.428 0.785
Gyro: -2.929 0.198 1.647
Accel: 0.493 0.428 0.789
Gyro: -2.502 0.091 1.693
Accel: 0.491 0.428 0.789
Gyro: -1.663 0.030 1.480
Accel: 0.485 0.430 0.789
Gyro: 0.442 0.320 1.083
Accel: 0.483 0.432 0.788
Gyro: 0.915 0.671 0.625
Accel: 0.480 0.433 0.786
Gyro: 2.548 1.022 0.167
Accel: 0.479 0.432 0.782
Gyro: 3.707 1.571 0.381
Accel: 0.478 0.436 0.774
Gyro: 4.699 2.304 0.762
Accel: 0.482 0.439 0.766
Gyro: 5.050 2.868 -1.342
Accel: 0.481 0.439 0.759
Gyro: 4.669 3.341 -1.815
Accel: 0.484 0.439 0.750
Gyro: 3.890 3.646 -2.319
Accel: 0.486 0.436 0.747
Gyro: 2.471 3.799 -2.731
Accel: 0.489 0.433 0.747
Gyro: 0.961 3.417 -2.899
Accel: 0.494 0.430 0.747
Gyro: 0.595 3.128 -2.792
Accel: 0.494 0.427 0.749
Gyro: -1.617 2.639 -2.365
Accel: 0.495 0.427 0.753
Gyro: -2.044 2.166 -1.861
Accel: 0.493 0.427 0.756
Gyro: -2.273 1.464 -1.129
Accel: 0.486 0.425 0.758
Gyro: -2.151 0.549 0.671
Accel: 0.484 0.425 0.762
Gyro: -1.754 0.122 0.274
Accel: 0.481 0.425 0.768
Gyro: -1.129 0.625 0.045
Accel: 0.479 0.423 0.771
Gyro: 0.549 0.930 0.106
Accel: 0.480 0.424 0.770
Gyro: 0.122 -1.052 0.274
Accel: 0.479 0.422 0.773
Gyro: 0.579 -1.251 0.213
Accel: 0.476 0.417 0.774
Gyro: 0.915 -1.617 0.015
Accel: 0.469 0.416 0.774
Gyro: 1.083 -2.166 0.305
Accel: 0.466 0.418 0.774
Gyro: 1.022 -2.441 0.671
Accel: 0.471 0.420 0.774
Gyro: 1.266 -2.838 -1.129
Accel: 0.473 0.420 0.773
Gyro: 1.647 -3.158 -1.510
Accel: 0.476 0.419 0.771
Gyro: 1.892 -3.189 -1.800
Accel: 0.482 0.422 0.769
Gyro: 2.182 -3.463 -1.922
Accel: 0.486 0.424 0.774
Gyro: 2.517 -3.402 -1.754
Accel: 0.487 0.423 0.768
Gyro: 2.853 -2.914 -1.449
Accel: 0.485 0.427 0.768
Gyro: 3.143 -2.700 0.976
Accel: 0.483 0.431 0.765
Gyro: 3.204 -2.365 0.778
Accel: 0.483 0.499 0.763
Gyro: 3.067 -1.831 0.717
Accel: 0.487 0.441 0.761
Gyro: 2.777 -1.434 0.640
Accel: 0.488 0.441 0.759
Gyro: 2.258 -1.159 0.686
Accel: 0.493 0.439 0.758
Gyro: 1.312 -1.144 0.686
Accel: 0.497 0.437 0.758
Gyro: 0.564 -1.312 0.671
Accel: 0.501 0.437 0.760
Gyro: 0.152 -1.480 0.503
Accel: 0.506 0.436 0.763
Gyro: 0.045 -1.617 0.335
Accel: 0.501 0.433 0.764
Gyro: 0.274 -1.754 0.167
Accel: 0.500 0.431 0.765
Gyro: 0.640 -2.029 0.015
Accel: 0.498 0.435 0.767
Gyro: 1.251 -2.273 0.213
Accel: 0.495 0.436 0.770
Gyro: 1.724 -2.471 0.381
Accel: 0.491 0.438 0.770
Gyro: 2.166 -2.746 0.442
Accel: 0.487 0.438 0.772
Gyro: 2.395 -2.716 0.289
Accel: 0.484 0.435 0.769
Gyro: 2.197 -2.838 0.076
Accel: 0.483 0.433 0.770
Gyro: 2.349 -2.700 0.244
Accel: 0.481 0.431 0.770
Gyro: 2.426 -2.563 0.442
Accel: 0.479 0.428 0.769
Gyro: 2.609 -2.410 0.595
Accel: 0.477 0.427 0.767
Gyro: 3.051 -2.319 0.747
Accel: 0.477 0.429 0.762
Gyro: 3.295 -2.243 0.946
Accel: 0.476 0.432 0.757
Gyro: 3.448 -2.441 -1.098
Accel: 0.476 0.435 0.752
Gyro: 3.417 -3.051 -1.251
Accel: 0.476 0.433 0.748
Gyro: 3.585 -3.692 -1.419
Accel: 0.477 0.431 0.746
Gyro: 3.753 -4.882 -1.388
Accel: 0.476 0.425 0.744
Gyro: 4.196 -6.546 -1.174
Accel: 0.479 0.423 0.748
Gyro: 4.867 -8.285 0.854
Accel: 0.475 0.425 0.751
Gyro: 5.325 -9.185 0.671
Accel: 0.472 0.429 0.757
Gyro: 5.294 -9.704 0.564
Accel: 0.470 0.433 0.761
Gyro: 4.379 -9.735 0.656
Accel: 0.464 0.434 0.762
Gyro: 2.731 -9.918 0.991
Accel: 0.462 0.438 0.769
Gyro: 1.205 -9.887 -1.541
Accel: 0.460 0.436 0.776
Gyro: 0.045 -9.704 -2.319
Accel: 0.460 0.437 0.786
Gyro: 0.442 -9.475 -3.005
Accel: 0.455 0.375 0.790
Gyro: 0.076 -9.719 -3.662
Accel: 0.452 0.434 0.797
Gyro: 1.083 -10.330 -4.501
Accel: 0.446 0.430 0.803
Gyro: 2.792 -11.184 -5.401
Accel: 0.441 0.424 0.808
Gyro: 5.050 -12.329 -6.454
Accel: 0.442 0.419 0.750
Gyro: 7.751 -13.717 -7.385
Accel: 0.446 0.415 0.818
Gyro: 10.528 -15.716 -8.0010
Accel: 0.453 0.417 0.826
Gyro: 14.205 -17.227 -8.209
Accel: 0.453 0.416 0.831
Gyro: 18.035 -18.569 -8.605
Accel: 0.448 0.417 0.832
Gyro: 21.133 -20.034 -9.246
Accel: 0.446 0.422 0.835
Gyro: 23.452 -21.560 -10.421
Accel: 0.446 0.425 0.833
Gyro: 25.344 -23.162 -11.428
Accel: 0.453 0.434 0.830
Gyro: 26.840 -24.475 -12.191
Accel: 0.461 0.436 0.829
Gyro: 28.381 -24.887 -12.313
Accel: 0.469 0.437 0.820
Gyro: 29.220 -25.283 -7.949
Accel: 0.476 0.436 0.813
Gyro: 29.541 -26.046 -10.589
Accel: 0.485 0.440 0.802
Gyro: 28.823 -26.382 -8.499
Accel: 0.491 0.437 0.790
Gyro: 27.572 -26.687 -5.874
Accel: 0.493 0.442 0.781
Gyro: 25.482 -26.519 -2.700
Accel: 0.500 0.443 0.771
Gyro: 23.101 -26.168 0.396
Accel: 0.486 0.456 0.763
Gyro: 20.935 -26.336 7.598
Accel: 0.472 0.461 0.766
Gyro: 19.119 -26.596 6.637
Accel: 0.461 0.474 0.768
Gyro: 18.173 -26.519 8.926
Accel: 0.449 0.490 0.771
Gyro: 18.035 -26.916 10.070
Accel: 0.436 0.500 0.774
Gyro: 19.073 -27.023 10.543
Accel: 0.421 0.513 0.777
Gyro: 20.797 -26.687 10.208
Accel: 0.408 0.519 0.776
Gyro: 22.766 -26.290 9.277
Accel: 0.402 0.521 0.775
Gyro: 24.429 -25.970 8.193
Accel: 0.401 0.524 0.772
Gyro: 26.214 -25.543 7.080
Accel: 0.402 0.528 0.764
Gyro: 27.847 -24.887 5.981
Accel: 0.394 0.530 0.754
Gyro: 28.656 -23.910 4.882
Accel: 0.386 0.535 0.750
Gyro: 28.381 -22.460 3.479
Accel: 0.381 0.539 0.743
Gyro: 26.489 -21.041 2.059
Accel: 0.377 0.537 0.744
Gyro: 23.773 -19.653 0.732
Accel: 0.375 0.534 0.744
Gyro: 21.194 -18.310 0.686
Accel: 0.375 0.534 0.746
Gyro: 19.287 -17.593 -1.617
Accel: 0.373 0.530 0.747
Gyro: 18.646 -16.952 -2.471
Accel: 0.372 0.531 0.747
Gyro: 18.997 -16.571 -2.990
Accel: 0.370 0.533 0.740
Gyro: 19.805 -15.914 -3.540
Accel: 0.370 0.539 0.738
Gyro: 21.270 -14.984 -4.226
Accel: 0.436 0.546 0.739
Gyro: 22.979 -13.977 -4.760
Accel: 0.382 0.555 0.735
Gyro: 24.688 -13.122 -5.020
Accel: 0.237 0.057 0.974
Gyro: -4.562 -5.737 3.311
Accel: 0.239 0.058 0.978
Gyro: -4.043 -5.844 2.120
Accel: 0.239 0.056 0.983
Gyro: -3.936 -5.844 0.976
Accel: 0.242 0.057 0.988
Gyro: -3.875 -5.599 0.167
Accel: 0.246 0.056 0.995
Gyro: -3.646 -5.325 0.564
Accel: 0.256 0.054 1.005
Gyro: -2.838 -4.547 0.976
Accel: 0.264 0.048 1.012
Gyro: -2.090 -3.509 -1.235
Accel: 0.265 0.043 1.020
Gyro: -1.220 -2.197 -1.464
Accel: 0.263 0.040 1.026
Gyro: 0.762 -1.098 -1.205
Accel: 0.261 0.041 1.036
Gyro: 0.503 0.396 0.823
Accel: 0.256 0.042 1.042
Gyro: 0.335 1.998 0.473
Accel: 0.255 0.042 1.050
Gyro: 1.251 3.295 0.076
Accel: 0.264 0.047 1.054
Gyro: 1.846 4.089 0.015
Accel: 0.270 0.048 1.057
Gyro: 2.197 4.669 0.442
Accel: 0.276 0.048 1.061
Gyro: 2.365 4.470 -1.113
Accel: 0.281 0.051 1.062
Gyro: 3.036 0.0000 -2.426
Accel: 0.288 0.057 1.066
Gyro: 4.348 7.797 -7.690
Accel: 0.299 0.059 1.069
Gyro: 6.256 4.684 -4.928
Accel: 0.306 0.048 1.069
Gyro: 9.155 6.652 -5.538
Accel: 0.307 0.022 1.069
Gyro: 10.513 9.033 -5.599
Accel: 0.308 0.007 1.059
Gyro: 8.087 11.291 -5.279
Accel: 0.344 0.020 1.041
Gyro: 0.762 14.450 -6.057
Accel: 0.335 0.008 1.028
Gyro: -5.294 20.645 -7.934
Accel: 0.314 0.027 1.020
Gyro: -10.406 24.215 -9.597
Accel: 0.298 0.045 1.012
Gyro: -12.542 23.635 -10.772
Accel: 0.288 0.049 1.028
Gyro: -13.900 24.307 -12.023
Accel: 0.274 0.050 1.038
Gyro: -15.045 26.153 -13.427
Accel: 0.266 0.042 1.039
Gyro: -18.905 35.064 -15.167
Accel: 0.237 0.124 1.009
Gyro: -22.491 35.140 -16.525
Accel: 0.212 0.078 1.017
Gyro: -22.766 34.957 -17.669
Accel: 0.182 0.081 1.029
Gyro: -20.339 34.866 -18.936
Accel: 0.143 0.105 1.012
Gyro: -13.061 29.541 -19.927
Accel: 0.140 0.104 1.029
Gyro: -4.211 22.613 -21.865
Accel: 0.144 0.104 1.041
Gyro: 4.226 17.257 -24.597
Accel: 0.152 0.108 1.123
Gyro: 15.350 12.451 -26.931
Accel: 0.150 0.104 1.073
Gyro: 18.524 8.346 -28.564
Accel: 0.149 0.096 1.069
Gyro: 24.536 5.111 -29.464
Accel: 0.151 0.088 1.059
Gyro: 29.373 2.548 -30.181
Accel: 0.151 0.080 1.048
Gyro: 33.477 0.869 -30.532
Accel: 0.150 0.073 1.035
Gyro: 36.437 0.091 -30.090
Accel: 0.144 0.063 1.019
Gyro: 38.070 -1.129 -29.418
Accel: 0.137 0.053 0.938
Gyro: 38.925 -2.273 -28.686
Accel: 0.132 0.045 0.985
Gyro: 38.864 -3.036 -27.801
Accel: 0.125 0.038 0.974
Gyro: 37.567 -3.631 -27.008
Accel: 0.126 0.031 0.970
Gyro: 35.690 -3.387 -26.153
Accel: 0.127 0.029 0.969
Gyro: 33.859 -2.288 -25.054
Accel: 0.130 0.026 0.967
Gyro: 32.546 0.579 -23.605
Accel: 0.128 0.021 0.963
Gyro: 31.478 1.556 -21.881
Accel: 0.128 0.0010 0.962
Gyro: 30.242 3.097 -20.233
Accel: 0.125 0.004 0.965
Gyro: 28.976 4.226 -18.585
Accel: 0.124 0.0000 0.962
Gyro: 27.847 5.355 -17.044
Accel: 0.118 0.002 0.965
Gyro: 26.962 6.027 -15.838
Accel: 0.113 0.0010 0.964
Gyro: 25.802 6.072 -14.862
Accel: 0.108 0.021 0.965
Gyro: 24.459 5.691 -13.824
Accel: 0.105 0.030 0.965
Gyro: 23.117 5.676 -12.634
Accel: 0.101 0.035 0.963
Gyro: 21.484 5.554 -11.398
Accel: 0.099 0.036 0.967
Gyro: 19.668 5.477 -10.101
Accel: 0.097 0.042 0.971
Gyro: 17.684 5.569 -8.666
Accel: 0.098 0.052 0.982
Gyro: 15.747 5.950 -6.759
Accel: 0.103 0.061 0.991
Gyro: 13.977 6.393 -4.547
Accel: 0.103 0.068 1.002
Gyro: 12.863 6.591 -2.166
Accel: 0.101 0.070 1.006
Gyro: 12.802 6.057 0.137
Accel: 0.099 0.070 1.006
Gyro: 13.275 4.837 2.395
Accel: 0.099 0.063 1.002
Gyro: 14.480 3.097 4.333
Accel: 0.0100 0.065 0.996
Gyro: 16.235 1.510 5.905
Accel: 0.103 0.073 0.987
Gyro: 18.341 0.030 7.202
Accel: 0.111 0.078 0.986
Gyro: 20.462 -1.708 8.438
Accel: 0.128 0.080 0.986
Gyro: 21.987 -3.067 9.429
Accel: 0.137 0.087 0.981
Gyro: 23.101 -4.180 10.131
Accel: 0.150 0.098 0.977
Gyro: 23.315 -5.050 10.375
Accel: 0.163 0.104 0.973
Gyro: 22.918 -5.279 10.437
Accel: 0.168 0.112 0.968
Gyro: 22.354 -4.653 10.269
Accel: 0.166 0.120 0.968
Gyro: 21.621 -3.494 10.299
Accel: 0.163 0.125 0.961
Gyro: 20.385 -1.724 10.284
Accel: 0.156 0.127 0.959
Gyro: 19.424 0.473 9.933
Accel: 0.150 0.129 0.952
Gyro: 18.218 2.349 9.475
Accel: 0.151 0.187 0.951
Gyro: 17.456 3.906 9.246
Accel: 0.149 0.124 0.948
Gyro: 15.838 5.432 8.834
Accel: 0.154 0.124 0.947
Gyro: 15.243 6.988 8.789
Accel: 0.158 0.126 0.951
Gyro: 14.923 7.705 8.880
Accel: 0.157 0.127 0.954
Gyro: 14.801 8.468 9.033
Accel: 0.151 0.127 0.956
Gyro: 14.511 8.911 9.201
Accel: 0.148 0.124 0.958
Gyro: 14.053 8.819 9.536
Accel: 0.148 0.123 0.961
Gyro: 13.549 8.316 9.887
Accel: 0.151 0.122 0.965
Gyro: 13.183 7.843 10.284
Accel: 0.154 0.119 0.965
Gyro: 12.756 7.324 10.650
Accel: 0.162 0.114 0.963
Gyro: 12.176 6.530 10.833
Accel: 0.166 0.106 0.958
Gyro: 11.535 4.669 10.543
Accel: 0.166 0.104 0.958
Gyro: 11.734 1.678 9.689
Accel: 0.166 0.102 0.959
Gyro: 12.649 -2.136 8.529
Accel: 0.169 0.107 0.962
Gyro: 14.648 -5.889 7.675
Accel: 0.173 0.116 0.958
Gyro: 17.654 -9.063 6.973
Accel: 0.175 0.125 0.950
Gyro: 21.057 -11.367 6.454
Accel: 0.180 0.137 0.936
Gyro: 24.215 -12.649 6.072
Accel: 0.188 0.150 0.918
Gyro: 26.397 -12.664 5.966
Accel: 0.192 0.167 0.900
Gyro: 27.282 -7.919 5.981
Accel: 0.200 0.177 0.884
Gyro: 27.023 -10.543 5.889
Accel: 0.208 0.248 0.866
Gyro: 25.878 -9.750 5.279
Accel: 0.214 0.195 0.853
Gyro: 24.093 -9.521 4.058
Accel: 0.209 0.204 0.843
Gyro: 21.774 -10.269 2.548
Accel: 0.202 0.206 0.835
Gyro: 19.699 -11.123 1.449
Accel: 0.198 0.203 0.833
Gyro: 17.578 -11.749 0.869
Accel: 0.190 0.209 0.832
Gyro: 15.258 -10.498 0.778
Accel: 0.180 0.214 0.833
Gyro: 12.939 -8.224 1.205
Accel: 0.173 0.215 0.835
Gyro: 11.169 -4.364 2.502
Accel: 0.170 0.214 0.836
Gyro: 9.490 0.595 4.852
Accel: 0.168 0.227 0.840
Gyro: 9.521 6.484 7.568
Accel: 0.152 0.267 0.851
Gyro: 12.069 12.603 10.437
Accel: 0.120 0.283 0.837
Gyro: 16.189 17.547 12.252
Accel: 0.087 0.260 0.804
Gyro: 20.599 20.248 12.359
Accel: 0.041 0.229 0.780
Gyro: 23.834 20.355 12.893
Accel: 0.007 0.187 0.761
Gyro: 24.887 19.180 14.984
Accel: 0.002 0.159 0.743
Gyro: 25.299 18.051 17.929
Accel: 0.002 0.149 0.732
Gyro: 25.985 16.571 21.514
Accel: 0.003 0.141 0.731
Gyro: 28.198 14.282 25.741
Accel: 0.025 0.164 0.755
Gyro: 32.928 13.107 28.823
Accel: 0.056 0.218 0.772
Gyro: 40.893 12.741 31.600
Accel: 0.083 0.276 0.773
Gyro: 51.696 12.130 34.317
Accel: 0.111 0.311 0.771
Gyro: 63.079 11.947 37.048
Accel: 0.119 0.338 0.759
Gyro: 72.204 11.550 39.428
Accel: 0.111 0.346 0.730
Gyro: 76.461 11.138 41.687
Accel: 0.115 0.342 0.710
Gyro: 70.709 9.796 42.709
Accel: 0.133 0.305 0.705
Gyro: 65.383 6.225 40.420
Accel: 0.138 0.270 0.727
Gyro: 53.314 0.640 35.919
Accel: 0.119 0.259 0.766
Gyro: 43.426 -5.615 29.830
Accel: 0.099 0.242 0.809
Gyro: 39.291 -10.269 22.964
Accel: 0.081 0.203 0.847
Gyro: 41.763 -12.954 12.0100
Accel: 0.077 0.159 0.862
Gyro: 48.828 -13.259 10.360
Accel: 0.071 0.128 0.857
Gyro: 58.639 -11.413 6.866
Accel: 0.115 0.081 0.828
Gyro: 66.864 -10.818 4.409
Accel: 0.190 0.049 0.818
Gyro: 71.502 -12.725 0.289
Accel: 0.212 0.049 0.801
Gyro: 76.370 -13.732 -4.852
Accel: 0.174 0.051 0.770
Gyro: 82.611 -11.825 -8.682
Accel: 0.130 0.079 0.733
Gyro: 88.577 -6.927 -11.886
Accel: 0.113 0.120 0.693
Gyro: 92.285 0.854 -14.739
Accel: 0.111 0.166 0.648
Gyro: 93.460 6.637 -17.044
Accel: 0.113 0.197 0.608
Gyro: 91.812 15.686 -18.890
Accel: 0.123 0.210 0.574
Gyro: 87.112 26.184 -21.347
Accel: 0.125 0.206 0.549
Gyro: 81.451 37.292 -25.054
Accel: 0.106 0.214 0.536
Gyro: 76.919 47.180 -27.755
Accel: 0.077 0.245 0.525
Gyro: 73.501 54.901 -28.015
Accel: 0.062 0.266 0.516
Gyro: 68.252 60.485 -26.763
Accel: 0.052 0.275 0.514
Gyro: 59.860 61.492 -24.307
Accel: 0.036 0.275 0.534
Gyro: 49.987 57.373 -21.148
Accel: 0.0001 0.253 0.557
Gyro: 38.787 50.628 -18.249
Accel: 0.030 0.233 0.582
Gyro: 28.762 43.411 -16.403
Accel: 0.063 0.226 0.614
Gyro: 21.133 36.239 -15.457
Accel: 0.094 0.221 0.646
Gyro: 16.860 30.944 -14.099
Accel: 0.108 0.238 0.674
Gyro: 14.755 28.137 -7.843
Accel: 0.118 0.258 0.689
Gyro: 13.107 28.717 -8.346
Accel: 0.123 0.252 0.684
Gyro: 12.268 30.288 -4.608
Accel: 0.107 0.231 0.670
Gyro: 12.451 31.677 -2.075
Accel: 0.083 0.225 0.656
Gyro: 13.504 27.374 -2.410
Accel: 0.091 0.220 0.628
Gyro: 16.540 27.786 -4.318
Accel: 0.114 0.214 0.562
Gyro: 22.048 22.689 -6.530
Accel: 0.109 0.221 0.506
Gyro: 25.604 18.951 -9.399
Accel: 0.077 0.275 0.481
Gyro: 23.681 17.562 -14.038
Accel: 0.060 0.367 0.474
Gyro: 18.814 18.157 -18.905
Accel: 0.056 0.445 0.492
Gyro: 11.856 19.989 -21.850
Accel: 0.053 0.560 0.510
Gyro: 4.943 22.872 -22.888
Accel: 0.044 0.545 0.542
Gyro: -2.563 24.551 -23.254
Accel: 0.022 0.601 0.615
Gyro: -11.886 25.558 -24.154
Accel: 0.008 0.693 0.739
Gyro: -23.254 27.709 -24.291
Accel: 0.029 0.789 0.895
Gyro: -38.055 32.852 -22.506
Accel: 0.050 0.862 1.089
Gyro: -59.844 41.595 -19.088
Accel: 0.070 0.895 1.354
Gyro: -88.989 54.733 -14.968
Accel: 0.050 0.903 1.627
Gyro: -114.562 67.352 -10.757
Accel: 0.015 0.883 1.991
Gyro: -125.106 75.439 -6.576
Accel: 0.033 0.753 2.241
Gyro: -113.952 72.052 -5.706
Accel: 0.115 0.634 2.347
Gyro: -93.292 55.969 -10.070
Accel: 0.208 0.592 2.431
Gyro: -52.398 34.973 -16.433
Accel: 0.271 0.579 2.403
Gyro: -14.373 16.357 -19.958
Accel: 0.292 0.629 2.277
Gyro: 22.354 2.746 -19.760
Accel: 0.274 0.689 2.078
Gyro: 47.134 -6.439 -18.157
Accel: 0.258 0.764 1.851
Gyro: 59.448 -12.298 -11.779
Accel: 0.235 0.818 1.652
Gyro: 59.478 -17.944 -13.854
Accel: 0.229 0.849 1.387
Gyro: 50.415 -21.820 -11.428
Accel: 0.236 0.865 1.272
Gyro: 27.481 -24.139 -7.705
Accel: 0.215 0.856 1.127
Gyro: 0.823 -24.917 -3.936
Accel: 0.177 0.823 1.020
Gyro: -26.962 -24.917 -1.403
Accel: 0.124 0.781 0.956
Gyro: -60.195 -23.910 -1.571
Accel: 0.066 0.738 0.951
Gyro: -89.950 -23.574 -5.081
Accel: 0.030 0.666 0.995
Gyro: -109.771 -24.505 -11.932
Accel: 0.035 0.588 1.047
Gyro: -115.921 -24.520 -18.859
Accel: 0.041 0.530 1.105
Gyro: -111.145 -22.094 -24.826
Accel: 0.025 0.473 1.137
Gyro: -97.549 -18.371 -30.136
Accel: 0.018 0.429 1.139
Gyro: -75.042 -14.785 -33.996
Accel: 0.021 0.394 1.106
Gyro: -54.916 -10.726 -35.797
Accel: 0.021 0.356 1.039
Gyro: -40.954 -7.141 -35.812
Accel: 0.016 0.317 0.975
Gyro: -27.770 -4.180 -35.430
Accel: 0.016 0.288 0.912
Gyro: -18.554 -1.663 -34.606
Accel: 0.022 0.270 0.859
Gyro: -12.725 3.875 -32.287
Accel: 0.024 0.248 0.801
Gyro: -10.314 0.534 -28.991
Accel: 0.017 0.231 0.764
Gyro: -11.062 1.068 -25.558
Accel: 0.013 0.224 0.740
Gyro: -14.144 0.930 -22.644
Accel: 0.018 0.222 0.733
Gyro: -17.868 -1.312 -20.812
Accel: 0.027 0.220 0.750
Gyro: -20.965 -5.111 -19.760
Accel: 0.057 0.217 0.779
Gyro: -21.743 -8.270 -18.096
Accel: 0.084 0.223 0.811
Gyro: -19.760 -10.360 -15.350
Accel: 0.110 0.222 0.840
Gyro: -16.662 -11.489 -8.071
Accel: 0.126 0.214 0.934
Gyro: -14.282 -12.496 -9.017
Accel: 0.137 0.207 0.902
Gyro: -12.695 -13.488 -7.003
Accel: 0.148 0.207 0.925
Gyro: -10.314 -14.099 -5.661
Accel: 0.150 0.215 0.952
Gyro: -7.415 -15.350 -5.233
Accel: 0.149 0.220 0.976
Gyro: -2.914 -15.914 -5.752
Accel: 0.143 0.233 0.991
Gyro: 3.997 -15.975 -7.278
Accel: 0.135 0.249 0.995
Gyro: 12.573 -15.655 -9.094
Accel: 0.127 0.267 0.989
Gyro: 20.721 -14.877 -10.848
Accel: 0.127 0.284 0.968
Gyro: 26.931 -12.649 -11.749
Accel: 0.125 0.296 0.876
Gyro: 29.449 -10.238 -12.512
Accel: 0.136 0.310 0.917
Gyro: 28.091 -8.285 -12.725
Accel: 0.145 0.329 0.912
Gyro: 19.653 -5.676 -12.008
Accel: 0.154 0.348 0.921
Gyro: 17.929 -3.219 -10.681
Accel: 0.153 0.347 0.938
Gyro: 13.275 -1.632 -9.994
Accel: 0.156 0.330 0.968
Gyro: 10.940 -1.358 -10.375
Accel: 0.166 0.311 1.0000
Gyro: 11.734 -1.754 -10.543
Accel: 0.163 0.308 1.025
Gyro: 15.274 0.930 -10.147
Accel: 0.153 0.304 1.039
Gyro: 18.920 0.0000 -9.185
Accel: 0.145 0.299 1.041
Gyro: 22.415 0.396 -7.873
Accel: 0.146 0.307 1.031
Gyro: 24.444 0.076 -5.920
Accel: 0.147 0.327 1.013
Gyro: 24.765 0.595 -3.723
Accel: 0.154 0.352 0.987
Gyro: 23.162 -1.770 0.946
Accel: 0.164 0.368 0.969
Gyro: 19.805 -3.036 1.831
Accel: 0.153 0.377 0.958
Gyro: 14.816 -4.211 4.547
Accel: 0.138 0.381 0.961
Gyro: 9.078 -5.981 5.966
Accel: 0.127 0.375 0.969
Gyro: 0.198 -11.566 6.698
Accel: 0.114 0.375 0.987
Gyro: 0.488 -10.345 6.881
Accel: 0.107 0.371 1.0010
Gyro: -4.150 -13.122 6.652
Accel: 0.107 0.367 1.022
Gyro: -6.439 -15.304 6.988
Accel: 0.104 0.364 1.029
Gyro: -6.973 -17.013 7.461
Accel: 0.0100 0.366 1.028
Gyro: -6.484 -18.096 8.071
Accel: 0.088 0.365 1.020
Gyro: -5.706 -18.722 8.850
Accel: 0.071 0.354 1.0010
Gyro: -5.767 -19.332 9.002
Accel: 0.054 0.341 0.996
Gyro: -6.896 -18.722 8.605
Accel: 0.038 0.335 0.990
Gyro: -9.216 -16.082 8.102
Accel: 0.018 0.333 0.994
Gyro: -11.978 -13.107 7.156
Accel: 0.061 0.332 0.999
Gyro: -13.931 -9.460 5.569
Accel: 0.0001 0.325 1.009
Gyro: -14.892 -6.500 3.875
Accel: 0.006 0.320 1.018
Gyro: -14.465 -3.952 2.990
Accel: 0.016 0.318 1.021
Gyro: -12.237 -1.403 2.487
Accel: 0.016 0.316 1.017
Gyro: -9.338 0.244 2.304
Accel: 0.015 0.308 1.0010
Gyro: -6.774 1.739 2.044
Accel: 0.014 0.305 1.002
Gyro: -3.570 2.426 1.663
Accel: 0.012 0.302 0.993
Gyro: 0.289 2.639 1.358
Accel: 0.015 0.298 0.979
Gyro: 3.005 2.258 1.373
Accel: 0.018 0.305 0.960
Gyro: 6.317 1.266 1.571
Accel: 0.025 0.311 0.942
Gyro: 8.529 0.152 2.212
Accel: 0.029 0.309 0.922
Gyro: 9.262 0.869 2.960
Accel: 0.028 0.305 0.905
Gyro: 8.193 -2.136 3.280
Accel: 0.021 0.295 0.897
Gyro: 6.332 -7.705 2.777
Accel: 0.017 0.298 0.899
Gyro: 5.249 -5.416 1.998
Accel: 0.020 0.306 0.901
Gyro: 6.362 -6.149 1.693
Accel: 0.029 0.304 0.898
Gyro: 8.804 -6.271 1.846
Accel: 0.030 0.308 0.886
Gyro: 11.322 -6.668 1.693
Accel: 0.033 0.315 0.870
Gyro: 12.954 -7.125 1.464
Accel: 0.036 0.319 0.860
Gyro: 12.664 -7.202 1.571
Accel: 0.037 0.325 0.857
Gyro: 10.711 -6.805 1.831
Accel: 0.030 0.339 0.867
Gyro: 4.013 -6.561 2.090
Accel: 0.025 0.339 0.885
Gyro: 4.867 -6.759 1.846
Accel: 0.031 0.346 0.908
Gyro: 3.051 -6.805 1.754
Accel: 0.035 0.349 0.933
Gyro: 3.463 -5.691 2.151
Accel: 0.027 0.357 0.947
Gyro: 4.882 -3.967 2.532
Accel: 0.019 0.362 0.952
Gyro: 5.981 -2.990 2.746
Accel: 0.016 0.353 0.952
Gyro: 6.011 -2.105 2.532
Accel: 0.023 0.360 0.952
Gyro: 5.203 -1.052 2.563
Accel: 0.027 0.369 0.958
Gyro: 0.015 0.106 3.295
Accel: 0.023 0.370 0.965
Gyro: 1.831 1.007 3.997
