Accel: 0.086 0.446 0.994
Gyro: -18.737 4.058 -10.604
Accel: 0.114 0.457 1.016
Gyro: -28.961 18.753 -16.372
Accel: 0.120 0.435 1.034
Gyro: -39.291 28.244 -26.947
Accel: 0.109 0.408 1.0000
Gyro: -48.690 31.997 -26.855
Accel: 0.075 0.370 1.016
Gyro: -58.273 33.386 -25.817
Accel: 0.110 0.334 1.026
Gyro: -57.189 32.211 -22.186
Accel: 0.120 0.314 0.991
Gyro: -55.541 32.409 -18.173
Accel: 0.162 0.374 1.008
Gyro: -47.271 32.333 -15.655
Accel: 0.196 0.300 1.0001
Gyro: -45.547 29.663 -15.365
Accel: 0.220 0.292 1.028
Gyro: -38.833 24.063 -16.067
Accel: 0.197 0.270 1.018
Gyro: -29.724 18.798 -16.036
Accel: 0.162 0.241 1.023
Gyro: -18.157 14.709 -15.045
Accel: 0.145 0.236 1.028
Gyro: -5.722 10.009 -13.885
Accel: 0.160 0.235 1.039
Gyro: 5.859 3.112 -14.511
Accel: 0.169 0.242 1.034
Gyro: 22.872 -7.400 -16.937
Accel: 0.178 0.256 1.029
Gyro: 31.509 -10.009 -20.355
Accel: 0.171 0.271 1.019
Gyro: 41.961 -17.166 -23.406
Accel: 0.159 0.269 0.991
Gyro: 50.949 -24.200 -25.863
Accel: 0.104 0.262 0.961
Gyro: 59.463 -30.899 -27.633
Accel: 0.078 0.270 0.949
Gyro: 67.077 -36.499 -29.922
Accel: 0.074 0.284 0.945
Gyro: 73.013 -40.390 -33.508
Accel: 0.093 0.302 0.954
Gyro: 78.079 -43.930 -35.736
Accel: 0.088 0.324 0.940
Gyro: 83.602 -44.921 -34.881
Accel: 0.080 0.343 0.936
Gyro: 88.699 -44.326 -32.424
Accel: 0.057 0.358 0.927
Gyro: 95.0001 -40.359 -28.350
Accel: 0.042 0.384 0.923
Gyro: 102.828 -33.065 -24.978
Accel: 0.061 0.412 0.916
Gyro: 107.086 -29.953 -24.475
Accel: 0.063 0.447 0.902
Gyro: 107.269 -31.478 -26.062
Accel: 0.050 0.481 0.890
Gyro: 104.446 -35.781 -28.823
Accel: 0.055 0.503 0.892
Gyro: 99.990 -40.023 -33.035
Accel: 0.041 0.509 0.891
Gyro: 94.726 -44.036 -37.933
Accel: 0.0001 0.521 0.894
Gyro: 89.630 -45.394 -41.397
Accel: 0.024 0.531 0.901
Gyro: 82.977 -39.199 -43.930
Accel: 0.014 0.547 0.900
Gyro: 75.866 -39.169 -45.959
Accel: 0.015 0.568 0.909
Gyro: 68.466 -34.759 -47.546
Accel: 0.037 0.568 0.920
Gyro: 61.676 -30.212 -48.553
Accel: 0.048 0.555 0.926
Gyro: 55.572 -25.756 -48.324
Accel: 0.025 0.547 0.937
Gyro: 51.651 -21.072 -45.181
Accel: 0.017 0.539 0.955
Gyro: 50.765 -14.816 -42.007
Accel: 0.032 0.538 0.973
Gyro: 52.520 -9.841 -40.084
Accel: 0.049 0.546 0.985
Gyro: 61.996 -6.057 -39.443
Accel: 0.071 0.563 0.986
Gyro: 67.108 -3.372 -40.084
Accel: 0.043 0.552 0.983
Gyro: 76.934 -2.120 -41.259
Accel: 0.018 0.578 0.976
Gyro: 87.417 -1.663 -43.670
Accel: 0.033 0.611 0.964
Gyro: 98.068 -2.975 -47.836
Accel: 0.054 0.629 0.949
Gyro: 108.352 -6.149 -52.902
Accel: 0.076 0.638 0.929
Gyro: 118.087 -8.895 -56.106
Accel: 0.102 0.641 0.908
Gyro: 126.785 -10.070 -57.540
Accel: 0.117 0.652 0.886
Gyro: 134.674 -10.955 -57.312
Accel: 0.120 0.676 0.869
Gyro: 139.694 -11.535 -55.587
Accel: 0.108 0.708 0.854
Gyro: 141.296 -15.563 -53.756
Accel: 0.113 0.756 0.852
Gyro: 141.021 -23.773 -52.154
Accel: 0.122 0.813 0.864
Gyro: 140.487 -32.913 -50.827
Accel: 0.115 0.890 0.905
Gyro: 142.395 -40.893 -49.301
Accel: 0.105 0.983 0.953
Gyro: 149.078 -43.746 -52.154
Accel: 0.054 1.056 1.004
Gyro: 157.760 -40.664 -60.485
Accel: 0.002 1.092 1.046
Gyro: 165.237 -27.923 -72.235
Accel: 0.034 1.118 1.077
Gyro: 175.674 -19.042 -83.374
Accel: 0.081 1.121 1.084
Gyro: 175.109 -5.096 -91.278
Accel: 0.094 1.129 1.083
Gyro: 177.017 10.177 -98.754
Accel: 0.096 1.135 1.032
Gyro: 177.291 21.255 -107.223
Accel: 0.094 1.129 1.030
Gyro: 176.910 25.238 -116.378
Accel: 0.061 1.112 0.989
Gyro: 176.605 27.328 -124.176
Accel: 0.036 1.0100 0.937
Gyro: 177.352 29.998 -130.691
Accel: 0.035 1.027 0.889
Gyro: 177.047 33.065 -137.283
Accel: 0.032 0.980 0.762
Gyro: 176.696 39.764 -143.081
Accel: 0.065 0.958 0.763
Gyro: 176.940 48.522 -149.810
Accel: 0.086 0.763 0.679
Gyro: 178.405 57.952 -159.027
Accel: 0.106 0.645 0.579
Gyro: 190.734 67.459 -169.189
Accel: 0.137 0.500 0.398
Gyro: 202.331 71.075 -180.480
Accel: 0.339 0.264 0.229
Gyro: 218.292 62.042 -192.047
Accel: 0.550 0.130 0.074
Gyro: 225.097 45.898 -188.964
Accel: 0.772 0.019 0.073
Gyro: 222.167 27.175 -171.096
Accel: 0.962 0.090 0.194
Gyro: 210.678 5.020 -142.990
Accel: -1.072 0.199 0.328
Gyro: 187.957 -15.106 -120.956
Accel: -1.108 0.312 0.497
Gyro: 157.546 -27.847 -93.093
Accel: -1.173 0.454 0.500
Gyro: 113.571 -35.324 -66.558
Accel: -1.224 0.571 0.526
Gyro: 68.817 -32.180 -36.163
Accel: -1.270 0.664 0.534
Gyro: 17.272 -22.277 -2.319
Accel: -1.193 0.805 0.562
Gyro: -42.755 -3.387 28.015
Accel: -1.250 0.861 0.565
Gyro: -102.264 19.226 60.577
Accel: -1.226 0.953 0.561
Gyro: -156.127 33.843 90.118
Accel: -1.214 0.998 0.548
Gyro: -200.790 38.650 126.983
Accel: -1.161 -1.085 0.536
Gyro: -237.243 31.890 156.616
Accel: -1.096 -1.028 0.474
Gyro: -258.972 19.546 190.444
Accel: -1.069 -1.276 0.421
Gyro: -274.368 6.088 220.779
Accel: 0.957 -1.300 0.282
Gyro: -280.746 -8.377 269.119
Accel: -1.106 -1.286 0.187
Gyro: -282.623 -30.715 325.515
Accel: 0.844 -1.362 0.033
Gyro: -285.858 -43.487 387.207
Accel: 0.612 -1.270 0.120
Gyro: -289.413 -39.779 448.974
Accel: 0.213 -1.151 0.261
Gyro: -296.325 -19.088 499.984
Accel: 0.235 0.974 0.366
Gyro: -310.913 4.425 499.984
Accel: 0.817 0.701 0.447
Gyro: -337.722 30.426 499.984
Accel: 1.231 0.331 0.523
Gyro: -375.823 43.090 499.984
Accel: 1.794 0.081 0.655
Gyro: -418.060 47.073 499.984
Accel: 2.076 0.076 0.929
Gyro: -462.005 44.082 471.115
Accel: 2.274 0.140 1.113
Gyro: -488.754 14.816 391.296
Accel: 2.241 0.199 1.513
Gyro: -495.361 -38.345 316.513
Accel: 2.180 0.191 2.013
Gyro: -468.048 -98.129 263.336
Accel: 2.187 0.123 2.555
Gyro: -403.244 -145.294 223.861
Accel: 2.212 0.189 3.088
Gyro: -310.043 -160.247 183.959
Accel: 2.186 0.427 3.515
Gyro: -200.546 -128.952 140.655
Accel: 2.161 0.633 3.697
Gyro: -97.412 -84.426 97.961
Accel: 2.031 0.868 3.740
Gyro: -9.963 -36.834 51.300
Accel: 1.888 0.868 3.500
Gyro: 73.028 7.431 15.319
Accel: 1.589 0.867 3.221
Gyro: 149.215 27.923 -20.217
Accel: 1.346 0.794 2.832
Gyro: 215.332 27.648 -44.769
Accel: 1.092 0.700 2.475
Gyro: 276.870 12.710 -56.335
Accel: 1.041 0.669 2.122
Gyro: 329.849 -4.211 -65.032
Accel: 1.034 0.762 1.806
Gyro: 360.305 -20.812 -88.073
Accel: 0.987 0.857 1.566
Gyro: 365.249 -39.657 -124.053
Accel: 0.912 0.855 1.376
Gyro: 357.620 -51.239 -161.331
Accel: 0.801 0.790 1.352
Gyro: 350.509 -48.233 -187.072
Accel: 0.651 0.701 1.285
Gyro: 343.353 -28.274 -194.244
Accel: 0.448 0.601 1.227
Gyro: 335.708 -9.490 -192.840
Accel: 0.361 0.496 1.172
Gyro: 328.948 3.280 -182.449
Accel: 0.244 0.398 1.118
Gyro: 324.386 13.549 -166.198
Accel: 0.174 0.325 1.061
Gyro: 322.525 22.338 -147.003
Accel: 0.139 0.246 1.0010
Gyro: 323.043 32.104 -128.555
Accel: 0.141 0.184 0.939
Gyro: 323.379 45.120 -112.075
Accel: 0.129 0.147 0.864
Gyro: 324.142 55.999 -93.688
Accel: 0.129 0.127 0.767
Gyro: 320.999 69.961 -77.636
Accel: 0.145 0.107 0.679
Gyro: 314.834 74.813 -64.788
Accel: 0.127 0.106 0.565
Gyro: 306.640 75.363 -56.335
Accel: 0.118 0.088 0.593
Gyro: 300.537 71.655 -50.857
Accel: 0.152 0.062 0.573
Gyro: 297.485 70.266 -47.256
Accel: 0.190 0.035 0.555
Gyro: 297.073 73.501 -45.425
Accel: 0.264 0.007 0.522
Gyro: 301.498 81.863 -43.655
Accel: 0.319 0.039 0.440
Gyro: 312.103 96.466 -40.985
Accel: 0.380 0.081 0.324
Gyro: 328.063 109.344 -37.063
Accel: 0.430 0.116 0.157
Gyro: 344.558 115.859 -32.165
Accel: 0.493 0.121 0.062
Gyro: 366.500 119.644 -26.092
Accel: 0.524 0.081 0.321
Gyro: 379.577 113.632 -22.476
Accel: 0.613 0.027 0.652
Gyro: 389.114 98.358 -25.802
Accel: 0.637 0.054 -1.014
Gyro: 389.328 71.731 -40.496
Accel: 0.616 0.067 -1.349
Gyro: 378.158 34.149 -60.409
Accel: 0.560 0.022 -1.624
Gyro: 348.846 -1.663 -70.602
Accel: 0.513 0.043 -1.829
Gyro: 296.829 -13.656 -68.450
Accel: 0.433 0.097 -1.957
Gyro: 232.177 8.346 -47.348
Accel: 0.385 0.163 -2.102
Gyro: 164.352 51.864 -27.191
Accel: 0.321 0.165 -2.269
Gyro: 97.763 97.900 0.961
Accel: 0.282 0.162 -2.438
Gyro: 38.787 121.459 23.620
Accel: 0.255 0.130 -2.586
Gyro: -9.048 121.368 43.243
Accel: 0.311 0.087 -2.684
Gyro: -47.485 93.978 58.700
Accel: 0.293 0.073 -2.737
Gyro: -69.137 49.377 67.932
Accel: 0.370 0.067 -2.726
Gyro: -78.628 -7.858 77.972
Accel: 0.441 0.043 -2.665
Gyro: -78.155 -69.519 81.878
Accel: 0.474 0.012 -2.553
Gyro: -71.701 -122.756 80.673
Accel: 0.488 0.114 -2.426
Gyro: -59.082 -174.774 82.977
Accel: 0.463 0.136 -2.284
Gyro: -58.258 -210.449 90.118
Accel: 0.461 0.218 -2.164
Gyro: -60.791 -235.015 101.837
Accel: 0.478 0.371 -2.083
Gyro: -74.493 -256.317 112.411
Accel: 0.568 0.527 -1.995
Gyro: -102.600 -283.325 116.470
Accel: 0.739 0.674 -1.847
Gyro: -142.211 -309.494 115.600
Accel: 0.927 0.804 -1.624
Gyro: -191.802 -334.762 111.404
Accel: 1.162 0.886 -1.364
Gyro: -246.017 -358.367 103.332
Accel: 1.425 0.916 0.954
Gyro: -301.589 -378.906 83.419
Accel: 1.670 0.894 0.622
Gyro: -359.146 -387.268 63.217
Accel: 1.866 0.804 0.135
Gyro: -412.857 -375.030 32.958
Accel: 1.946 0.668 0.228
Gyro: -458.282 -347.702 -3.173
Accel: 1.846 0.520 0.625
Gyro: -499.710 -296.249 -43.090
Accel: 1.663 0.307 0.955
Gyro: -499.969 -240.432 -83.587
Accel: 1.440 0.117 1.622
Gyro: -499.969 -209.274 -122.589
Accel: 1.110 0.189 1.540
Gyro: -499.969 -188.919 -158.676
Accel: 0.796 0.433 1.572
Gyro: -458.053 -190.200 -184.158
Accel: 0.625 0.632 1.658
Gyro: -383.697 -206.695 -201.293
Accel: 0.423 0.834 1.761
Gyro: -294.830 -214.859 -205.642
Accel: 0.167 0.894 1.918
Gyro: -202.499 -219.696 -194.549
Accel: 0.026 -1.033 1.994
Gyro: -108.444 -205.673 -169.601
Accel: 0.118 -1.109 2.080
Gyro: -45.883 -190.658 -124.740
Accel: 0.222 -1.020 2.195
Gyro: -19.485 -166.656 -64.559
Accel: 0.360 0.918 2.337
Gyro: -16.876 -115.783 3.723
Accel: 0.422 0.920 2.447
Gyro: -25.192 -37.292 71.914
Accel: 0.461 0.941 2.375
Gyro: -25.085 46.371 137.466
Accel: 0.718 0.970 2.427
Gyro: -17.181 120.056 215.255
Accel: 0.843 -1.013 2.209
Gyro: 2.410 162.994 304.229
Accel: 0.801 0.988 2.029
Gyro: 29.815 184.799 392.333
Accel: 0.571 0.891 1.830
Gyro: 47.027 208.908 470.291
Accel: 0.192 0.724 1.601
Gyro: 55.389 230.712 499.984
Accel: 0.310 0.482 1.388
Gyro: 43.228 263.229 499.984
Accel: 0.898 0.193 1.208
Gyro: 24.841 301.574 499.984
Accel: 1.575 0.019 1.089
Gyro: -10.925 333.358 499.984
Accel: 2.218 0.211 1.071
Gyro: -54.779 346.511 499.984
Accel: 2.787 0.510 1.105
Gyro: -96.023 357.513 499.984
Accel: 3.099 0.947 1.212
Gyro: -139.572 363.601 499.984
Accel: 3.077 1.406 1.468
Gyro: -172.943 356.903 499.984
Accel: 3.029 1.594 1.670
Gyro: -186.798 323.608 438.415
Accel: 2.796 1.707 1.923
Gyro: -156.158 263.351 349.853
Accel: 2.524 1.653 2.196
Gyro: -77.651 212.295 278.854
Accel: 2.414 1.468 2.306
Gyro: 38.009 162.673 231.628
Accel: 2.530 1.312 2.177
Gyro: 149.215 138.397 194.915
Accel: 2.653 1.409 1.879
Gyro: 247.695 134.902 149.551
Accel: 2.740 1.606 1.490
Gyro: 300.064 145.004 96.420
Accel: 2.775 1.741 1.112
Gyro: 310.974 174.026 28.747
Accel: 2.680 1.813 0.806
Gyro: 291.839 216.766 -32.699
Accel: 2.493 1.755 0.493
Gyro: 257.659 262.054 -96.343
Accel: 2.262 1.593 0.243
Gyro: 220.687 295.593 -137.161
Accel: 2.016 1.362 0.0000
Gyro: 189.651 307.403 -167.984
Accel: 1.780 1.238 0.295
Gyro: 175.354 306.137 -183.029
Accel: 1.583 0.995 0.197
Gyro: 156.784 288.848 -190.628
Accel: 1.361 0.884 0.328
Gyro: 153.747 261.871 -194.946
Accel: 1.174 0.770 0.296
Gyro: 155.105 231.155 -199.005
Accel: 1.069 0.665 0.301
Gyro: 161.788 204.986 -204.284
Accel: 0.929 0.572 0.336
Gyro: 169.906 179.580 -211.410
Accel: 0.820 0.480 0.389
Gyro: 174.163 153.488 -222.473
Accel: 0.749 0.372 0.436
Gyro: 173.751 140.106 -230.438
Accel: 0.687 0.260 0.558
Gyro: 164.260 129.913 -235.092
Accel: 0.583 0.175 0.594
Gyro: 151.870 124.145 -239.868
Accel: 0.385 0.108 0.696
Gyro: 116.821 115.295 -238.403
Accel: 0.250 0.072 0.731
Gyro: 76.843 100.997 -231.475
Accel: 0.196 0.025 0.739
Gyro: 29.251 84.899 -219.726
Accel: 0.136 0.037 0.678
Gyro: -14.709 73.760 -205.505
Accel: 0.096 0.098 0.602
Gyro: -52.017 69.015 -183.670
Accel: 0.078 0.156 0.551
Gyro: -81.771 69.610 -165.420
Accel: 0.046 0.208 0.547
Gyro: -104.614 73.562 -148.941
Accel: 0.042 0.223 0.596
Gyro: -120.697 69.046 -135.406
Accel: 0.138 0.219 0.645
Gyro: -131.378 47.821 -117.416
Accel: 0.208 0.225 0.665
Gyro: -143.203 14.495 -99.563
Accel: 0.244 0.246 0.667
Gyro: -149.551 -24.230 -81.558
Accel: 0.305 0.255 0.653
Gyro: -153.884 -69.320 -60.668
Accel: 0.393 0.257 0.632
Gyro: -154.953 -118.331 -33.782
Accel: 0.492 0.293 0.615
Gyro: -147.384 -172.332 -2.014
Accel: 0.546 0.343 0.589
Gyro: -131.607 -242.874 38.146
Accel: 0.593 0.302 0.534
Gyro: -113.189 -336.334 80.413
Accel: 0.516 0.137 0.362
Gyro: -79.788 -435.974 137.496
Accel: 0.348 0.055 0.129
Gyro: -37.002 -499.969 191.741
Accel: 0.064 0.062 0.036
Gyro: 11.978 -499.969 226.364
Accel: 0.567 0.033 0.207
Gyro: 64.132 -499.969 244.186
Accel: 1.033 0.237 0.405
Gyro: 115.081 -499.969 242.889
Accel: 1.484 0.532 0.598
Gyro: 159.942 -499.969 230.392
Accel: 1.802 0.974 0.847
Gyro: 192.489 -499.969 205.123
Accel: 2.111 1.455 1.098
Gyro: 213.912 -499.969 173.568
Accel: 2.509 1.853 1.408
Gyro: 223.800 -499.969 124.633
Accel: 2.854 2.065 1.533
Gyro: 216.186 -499.969 64.910
Accel: 3.014 2.286 1.613
Gyro: 189.224 -491.607 -3.692
Accel: 2.938 2.360 1.583
Gyro: 144.195 -351.654 -66.406
Accel: 2.770 2.202 1.441
Gyro: 101.516 -211.212 -114.837
Accel: 2.520 1.930 1.221
Gyro: 63.018 -107.559 -147.659
Accel: 2.280 1.705 0.997
Gyro: 35.186 -44.342 -167.266
Accel: 1.965 1.503 0.816
Gyro: 19.744 -20.950 -176.132
Accel: 1.658 1.401 0.675
Gyro: 17.913 -34.835 -181.411
Accel: 1.425 1.379 0.509
Gyro: 21.240 -68.084 -191.375
Accel: 1.258 1.344 0.546
Gyro: 27.969 -102.447 -195.877
Accel: 1.156 1.300 0.541
Gyro: 39.138 -125.015 -205.703
Accel: 1.151 1.356 0.639
Gyro: 45.471 -137.145 -220.443
Accel: 0.959 1.306 0.592
Gyro: 54.382 -134.490 -241.760
Accel: 0.923 1.247 0.540
Gyro: 54.031 -120.101 -265.380
Accel: 0.806 1.153 0.468
Gyro: 57.250 -98.922 -286.056
Accel: 0.659 1.0010 0.397
Gyro: 62.774 -79.345 -298.553
Accel: 0.506 0.879 0.312
Gyro: 68.511 -69.107 -306.060
Accel: 0.366 0.772 0.232
Gyro: 72.830 -63.293 -307.327
Accel: 0.255 0.626 0.136
Gyro: 75.561 -61.920 -304.870
Accel: 0.146 0.590 0.057
Gyro: 76.400 -65.155 -301.254
Accel: 0.072 0.439 0.006
Gyro: 76.843 -72.113 -295.181
Accel: 0.0001 0.377 0.041
Gyro: 76.507 -85.922 -287.857
Accel: 0.072 0.396 0.056
Gyro: 75.347 -102.600 -280.929
Accel: 0.143 0.356 0.033
Gyro: 72.860 -118.392 -273.406
Accel: 0.179 0.313 0.002
Gyro: 70.129 -129.837 -265.609
Accel: 0.244 0.296 0.027
Gyro: 66.757 -134.140 -257.415
Accel: 0.278 0.267 0.047
Gyro: 64.559 -131.530 -249.008
Accel: 0.322 0.225 0.051
Gyro: 61.431 -126.541 -239.654
Accel: 0.380 0.170 0.031
Gyro: 56.625 -122.299 -230.712
Accel: 0.440 0.161 0.032
Gyro: 48.934 -119.186 -221.237
Accel: 0.485 0.123 0.031
Gyro: 35.736 -115.982 -210.647
Accel: 0.526 0.092 0.037
Gyro: 29.067 -112.564 -199.645
Accel: 0.563 0.062 0.045
Gyro: 16.784 -109.344 -186.950
Accel: 0.591 0.012 0.062
Gyro: 2.822 -106.719 -171.905
Accel: 0.598 0.073 0.072
Gyro: -13.092 -105.072 -164.031
Accel: 0.644 0.163 0.080
Gyro: -30.349 -105.911 -148.620
Accel: 0.697 0.228 0.129
Gyro: -48.080 -109.588 -140.335
Accel: 0.777 0.294 0.206
Gyro: -72.875 -111.694 -124.771
Accel: 0.844 0.352 0.305
Gyro: -86.395 -108.398 -104.660
Accel: 0.993 0.406 0.409
Gyro: -97.961 -98.312 -81.344
Accel: -1.0010 0.453 0.482
Gyro: -105.133 -82.260 -56.289
Accel: -1.081 0.486 0.537
Gyro: -111.145 -63.034 -28.488
Accel: -1.128 0.523 0.575
Gyro: -116.668 -43.304 2.578
Accel: -1.150 0.552 0.594
Gyro: -122.756 -23.880 31.707
Accel: -1.187 0.590 0.633
Gyro: -130.020 -14.205 72.860
Accel: -1.234 0.615 0.676
Gyro: -135.787 -2.670 118.560
Accel: -1.306 0.595 0.719
Gyro: -142.318 7.919 167.144
Accel: -1.339 0.590 0.867
Gyro: -150.466 18.936 222.732
Accel: -1.312 0.595 0.859
Gyro: -163.558 33.676 278.839
Accel: -1.240 0.592 0.898
Gyro: -169.250 51.834 334.869
Accel: -1.114 0.570 0.932
Gyro: -181.289 73.989 389.938
Accel: 0.944 0.548 0.953
Gyro: -196.075 98.602 442.291
Accel: 0.718 0.490 0.974
Gyro: -214.477 126.831 496.139
Accel: 0.452 0.419 0.982
Gyro: -238.052 156.753 499.984
Accel: 0.144 0.368 0.989
Gyro: -268.081 193.984 499.984
Accel: 0.185 0.337 0.941
Gyro: -300.537 223.709 499.984
Accel: 0.549 0.311 1.027
Gyro: -336.364 244.384 499.984
Accel: 0.855 0.324 1.087
Gyro: -375.869 257.003 499.984
Accel: 1.138 0.355 1.177
Gyro: -410.232 258.712 499.984
Accel: 1.623 0.382 1.286
Gyro: -445.297 255.920 499.984
Accel: 1.917 0.396 1.440
Gyro: -474.426 235.366 499.984
Accel: 2.118 0.362 1.634
Gyro: -490.676 205.215 499.984
Accel: 2.209 0.321 1.906
Gyro: -488.540 186.172 499.984
Accel: 2.076 0.256 2.185
Gyro: -466.415 177.719 466.461
Accel: 1.834 0.193 2.349
Gyro: -421.920 174.133 395.965
Accel: 1.597 0.187 2.485
Gyro: -365.844 172.836 349.975
Accel: 1.386 0.207 2.525
Gyro: -286.804 172.470 308.853
Accel: 1.275 0.161 2.452
Gyro: -214.416 167.404 278.289
Accel: 1.162 0.141 2.296
Gyro: -150.253 157.073 251.846
Accel: 1.0100 0.132 2.105
Gyro: -92.025 140.518 226.516
Accel: 1.042 0.093 1.920
Gyro: -42.984 117.614 205.276
Accel: 1.013 0.047 1.753
Gyro: -3.524 92.315 184.783
Accel: 0.977 0.030 1.636
Gyro: 25.680 69.839 170.913
Accel: 0.905 0.125 1.534
Gyro: 46.768 43.899 149.398
Accel: 0.856 0.184 1.383
Gyro: 65.643 30.853 136.642
Accel: 0.812 0.241 1.385
Gyro: 77.499 22.415 120.361
Accel: 0.791 0.274 1.343
Gyro: 85.601 19.744 105.865
Accel: 0.803 0.301 1.289
Gyro: 83.938 23.071 93.582
Accel: 0.767 0.354 1.242
Gyro: 78.857 27.542 82.550
Accel: 0.727 0.388 1.204
Gyro: 69.503 33.645 73.043
Accel: 0.699 0.390 1.172
Gyro: 59.921 42.297 62.393
Accel: 0.695 0.360 1.144
Gyro: 51.559 49.667 47.790
Accel: 0.714 0.333 1.126
Gyro: 44.723 58.334 42.861
Accel: 0.691 0.355 1.186
Gyro: 36.804 54.946 35.964
Accel: 0.749 0.365 1.133
Gyro: 30.990 54.122 28.137
Accel: 0.681 0.436 1.144
Gyro: 28.305 56.869 17.349
Accel: 0.638 0.383 1.155
Gyro: 28.488 63.446 5.065
Accel: 0.592 0.371 1.150
Gyro: 30.090 72.418 -4.577
Accel: 0.572 0.352 1.159
Gyro: 31.890 78.826 -10.925
Accel: 0.534 0.353 1.180
Gyro: 36.285 83.938 -14.694
Accel: 0.516 0.329 1.196
Gyro: 44.952 90.637 -18.508
Accel: 0.507 0.294 1.182
Gyro: 59.432 98.876 -22.598
Accel: 0.465 0.271 1.143
Gyro: 79.299 102.294 -27.221
Accel: 0.422 0.266 1.073
Gyro: 98.098 100.357 -32.455
Accel: 0.388 0.249 0.995
Gyro: 115.005 95.092 -38.894
Accel: 0.369 0.236 0.921
Gyro: 130.462 86.898 -45.486
Accel: 0.360 0.254 0.854
Gyro: 139.114 77.667 -52.0001
Accel: 0.328 0.287 0.809
Gyro: 141.952 70.266 -61.203
Accel: 0.293 0.294 0.781
Gyro: 142.227 64.376 -71.807
Accel: 0.246 0.287 0.749
Gyro: 143.814 62.118 -81.420
Accel: 0.186 0.276 0.707
Gyro: 146.926 61.325 -88.165
Accel: 0.136 0.264 0.652
Gyro: 148.956 58.471 -91.461
Accel: 0.088 0.259 0.596
Gyro: 147.186 52.658 -92.041
Accel: 0.043 0.271 0.556
Gyro: 140.121 43.518 -90.820
Accel: 0.017 0.304 0.536
Gyro: 128.051 34.042 -89.462
Accel: 0.088 0.336 0.522
Gyro: 112.991 27.404 -87.768
Accel: 0.143 0.354 0.511
Gyro: 97.122 24.658 -84.732
Accel: 0.181 0.355 0.504
Gyro: 78.292 22.384 -80.261
Accel: 0.217 0.369 0.510
Gyro: 64.437 16.860 -75.408
Accel: 0.243 0.374 0.522
Gyro: 43.579 8.621 -70.831
Accel: 0.270 0.377 0.545
Gyro: 33.859 0.488 -66.757
Accel: 0.282 0.389 0.575
Gyro: 24.291 -7.705 -62.637
Accel: 0.297 0.404 0.610
Gyro: 17.456 -15.518 -60.150
Accel: 0.294 0.407 0.642
Gyro: 13.351 -21.514 -59.249
Accel: 0.292 0.410 0.669
Gyro: 11.627 -24.948 -59.219
Accel: 0.291 0.421 0.698
Gyro: 10.925 -28.244 -58.776
Accel: 0.271 0.430 0.737
Gyro: 10.070 -32.485 -58.181
Accel: 0.262 0.433 0.774
Gyro: 9.017 -34.988 -58.380
Accel: 0.260 0.435 0.806
Gyro: 9.613 -33.508 -58.395
Accel: 0.274 0.442 0.824
Gyro: 10.986 -28.030 -57.250
Accel: 0.300 0.458 0.836
Gyro: 12.145 -21.972 -50.979
Accel: 0.316 0.466 0.829
Gyro: 11.932 -17.227 -46.997
Accel: 0.291 0.481 0.835
Gyro: 8.178 -16.540 -46.371
Accel: 0.268 0.512 0.863
Gyro: 2.822 -17.028 -43.869
Accel: 0.239 0.525 0.914
Gyro: -2.090 -14.663 -43.334
Accel: 0.224 0.548 0.970
Gyro: -3.311 -8.132 -43.106
Accel: 0.220 0.560 1.005
Gyro: 0.0000 1.129 -42.602
Accel: 0.216 0.560 1.011
Gyro: 5.783 8.758 -41.976
Accel: 0.213 0.562 0.994
Gyro: 11.871 12.466 -41.091
Accel: 0.206 0.575 0.967
Gyro: 15.838 10.940 -40.771
Accel: 0.200 0.589 0.948
Gyro: 18.173 6.484 -42.480
Accel: 0.179 0.601 0.942
Gyro: 23.361 -3.448 -45.516
Accel: 0.182 0.615 0.943
Gyro: 21.148 -2.838 -49.575
Accel: 0.186 0.623 0.936
Gyro: 23.086 -3.799 -52.871
Accel: 0.197 0.633 0.918
Gyro: 24.063 -3.738 -54.824
Accel: 0.223 0.642 0.887
Gyro: 23.757 -3.631 -56.030
Accel: 0.235 0.645 0.852
Gyro: 22.094 -4.852 -57.250
Accel: 0.223 0.652 0.816
Gyro: 18.478 -10.772 -59.020
Accel: 0.225 0.668 0.786
Gyro: 15.396 -19.729 -64.178
Accel: 0.219 0.688 0.748
Gyro: 16.555 -37.796 -71.945
Accel: 0.219 0.699 0.713
Gyro: 22.140 -61.813 -82.824
Accel: 0.223 0.628 0.684
Gyro: 31.250 -89.813 -98.144
Accel: 0.234 0.645 0.677
Gyro: 43.243 -123.0001 -113.372
Accel: 0.230 0.576 0.696
Gyro: 56.381 -151.626 -123.245
Accel: 0.237 0.500 0.727
Gyro: 69.595 -174.270 -126.312
Accel: 0.262 0.427 0.737
Gyro: 83.786 -189.819 -123.779
Accel: 0.292 0.360 0.743
Gyro: 100.524 -210.800 -116.561
Accel: 0.296 0.303 0.768
Gyro: 122.360 -246.902 -108.123
Accel: 0.262 0.262 0.803
Gyro: 153.701 -297.485 -101.074
Accel: 0.223 0.265 0.867
Gyro: 199.081 -365.585 -96.176
Accel: 0.170 0.292 0.926
Gyro: 253.082 -424.911 -94.512
Accel: 0.052 0.340 0.992
Gyro: 314.971 -479.492 -93.551
Accel: 0.176 0.463 1.037
Gyro: 363.281 -499.969 -92.407
Accel: 0.310 0.642 1.073
Gyro: 404.525 -499.969 -96.206
Accel: 0.421 0.823 1.097
Gyro: 426.986 -499.969 -108.566
Accel: 0.573 1.019 1.116
Gyro: 431.442 -465.438 -123.565
Accel: 0.674 1.165 1.102
Gyro: 420.318 -404.312 -141.799
Accel: 0.742 1.243 1.039
Gyro: 397.674 -329.177 -173.873
Accel: 0.788 1.241 0.922
Gyro: 370.834 -252.593 -196.960
Accel: 0.778 1.195 0.782
Gyro: 333.053 -184.539 -217.346
Accel: 0.686 1.104 0.594
Gyro: 299.057 -143.768 -228.866
Accel: 0.512 1.054 0.478
Gyro: 267.608 -112.716 -228.103
Accel: 0.429 1.023 0.437
Gyro: 244.262 -99.929 -215.621
Accel: 0.233 1.037 0.377
Gyro: 224.243 -102.905 -199.096
Accel: 0.115 1.009 0.280
Gyro: 211.517 -110.137 -185.836
Accel: 0.065 0.990 0.195
Gyro: 204.528 -119.171 -175.674
Accel: 0.019 1.104 0.080
Gyro: 198.379 -126.251 -173.736
Accel: 0.025 0.971 0.062
Gyro: 189.651 -128.128 -174.758
Accel: 0.059 0.931 0.047
Gyro: 172.348 -123.718 -178.085
Accel: 0.103 0.930 0.009
Gyro: 153.976 -114.471 -181.381
Accel: 0.153 0.824 0.029
Gyro: 133.255 -103.393 -181.594
Accel: 0.221 0.764 0.048
Gyro: 115.936 -93.551 -178.817
Accel: 0.287 0.698 0.065
Gyro: 95.855 -86.730 -173.919
Accel: 0.351 0.627 0.065
Gyro: 76.995 -83.679 -167.678
Accel: 0.413 0.559 0.060
Gyro: 59.524 -82.839 -158.096
Accel: 0.472 0.491 0.044
Gyro: 41.717 -83.435 -141.220
Accel: 0.527 0.437 0.018
Gyro: 20.660 -84.320 -125.473
Accel: 0.566 0.388 0.020
Gyro: 3.753 -82.962 -110.809
Accel: 0.683 0.347 0.073
Gyro: -22.872 -76.858 -90.408
Accel: 0.673 0.283 0.144
Gyro: -46.707 -65.689 -67.535
Accel: 0.759 0.214 0.228
Gyro: -65.368 -48.583 -42.297
Accel: 0.859 0.149 0.317
Gyro: -85.464 -24.826 -11.978
Accel: 0.931 0.081 0.396
Gyro: -102.828 3.936 30.990
Accel: -1.065 0.052 0.428
Gyro: -118.713 32.043 72.570
Accel: -1.099 0.032 0.454
Gyro: -133.270 59.249 128.082
Accel: -1.075 0.0010 0.454
Gyro: -149.307 85.830 176.376
Accel: 0.989 0.0000 0.440
Gyro: -175.521 102.142 221.160
Accel: 0.892 0.007 0.452
Gyro: -201.934 122.055 264.968
Accel: 0.782 0.025 0.479
Gyro: -232.376 145.355 307.479
Accel: 0.702 0.040 0.548
Gyro: -261.169 169.036 351.013
Accel: 0.614 0.055 0.613
Gyro: -292.404 191.085 395.584
Accel: 0.448 0.084 0.680
Gyro: -319.458 213.638 439.590
Accel: 0.209 0.093 0.730
Gyro: -343.124 239.578 481.491
Accel: 0.076 0.067 0.779
Gyro: -366.271 270.553 499.984
Accel: 0.390 0.043 0.843
Gyro: -389.450 296.325 499.984
Accel: 0.666 0.015 0.950
Gyro: -403.167 291.351 499.984
Accel: 0.922 0.019 1.098
Gyro: -400.711 258.453 499.984
Accel: 1.191 0.023 1.281
Gyro: -368.377 222.061 499.984
Accel: 1.454 0.029 1.492
Gyro: -315.307 188.552 493.835
Accel: 1.705 0.141 1.686
Gyro: -246.978 177.978 444.976
Accel: 1.785 0.391 1.870
Gyro: -170.608 185.836 376.495
Accel: 1.738 0.651 1.936
Gyro: -110.305 201.675 303.298
Accel: 1.702 0.784 1.887
Gyro: -70.388 217.803 241.699
Accel: 1.635 0.795 1.807
Gyro: -39.764 217.620 180.328
Accel: 1.476 0.769 1.697
Gyro: -4.699 201.843 132.812
Accel: 1.267 0.739 1.588
Gyro: 35.888 172.485 108.078
Accel: 1.085 0.701 1.466
Gyro: 80.581 143.234 90.240
Accel: 0.963 0.656 1.330
Gyro: 126.174 121.276 85.342
Accel: 0.916 0.635 1.216
Gyro: 163.391 101.150 88.378
Accel: 0.927 0.660 1.059
Gyro: 193.832 86.334 93.154
Accel: 0.946 0.744 0.947
Gyro: 210.693 76.934 94.268
Accel: 0.964 0.865 0.861
Gyro: 214.004 77.285 89.263
Accel: 0.992 0.978 0.809
Gyro: 206.405 92.117 74.508
Accel: 1.028 1.065 0.740
Gyro: 187.637 113.830 61.676
Accel: 1.042 1.111 0.665
Gyro: 167.785 150.451 39.810
Accel: 1.027 1.125 0.515
Gyro: 134.307 180.313 16.510
Accel: 0.968 1.065 0.500
Gyro: 101.837 210.403 -5.584
Accel: 0.903 1.104 0.422
Gyro: 72.357 236.083 -24.826
Accel: 0.840 1.067 0.373
Gyro: 39.382 256.668 -39.978
Accel: 0.768 1.030 0.328
Gyro: 8.850 272.888 -50.903
Accel: 0.679 0.996 0.287
Gyro: -18.722 283.203 -60.653
Accel: 0.587 0.955 0.256
Gyro: -42.724 290.359 -69.046
Accel: 0.506 0.909 0.218
Gyro: -64.987 293.090 -76.416
Accel: 0.431 0.856 0.125
Gyro: -81.314 288.757 -82.183
Accel: 0.363 0.752 0.167
Gyro: -93.627 276.0000 -84.945
Accel: 0.286 0.787 0.169
Gyro: -98.068 254.455 -85.067
Accel: 0.208 0.763 0.175
Gyro: -102.127 228.378 -84.213
Accel: 0.141 0.735 0.190
Gyro: -102.218 200.103 -83.786
Accel: 0.088 0.707 0.214
Gyro: -99.395 170.440 -85.052
