Accel: 0.074 0.728 0.287
Gyro: -127.655 110.641 81.405
Accel: 0.018 0.800 0.310
Gyro: -141.662 116.073 93.353
Accel: 0.031 0.876 0.336
Gyro: -158.157 120.666 96.084
Accel: 0.076 0.934 0.399
Gyro: -172.973 120.864 95.748
Accel: 0.078 0.962 0.555
Gyro: -180.969 114.593 89.126
Accel: 0.043 1.059 0.585
Gyro: -169.082 106.231 81.939
Accel: 0.021 1.016 0.649
Gyro: -151.733 93.200 77.545
Accel: 0.040 1.022 0.668
Gyro: -125.396 75.103 74.645
Accel: 0.040 1.038 0.666
Gyro: -101.013 53.115 72.082
Accel: 0.029 1.047 0.659
Gyro: -81.420 31.539 69.671
Accel: 0.037 1.033 0.659
Gyro: -68.176 13.366 67.672
Accel: 0.072 1.016 0.748
Gyro: -61.782 0.427 67.825
Accel: 0.066 1.028 0.733
Gyro: -56.198 -10.711 71.105
Accel: 0.099 1.026 0.784
Gyro: -48.507 -15.151 74.340
Accel: 0.144 1.026 0.823
Gyro: -40.237 -16.220 73.913
Accel: 0.164 1.054 0.843
Gyro: -32.180 -15.716 68.649
Accel: 0.175 1.067 0.847
Gyro: -25.726 -15.518 59.158
Accel: 0.178 1.050 0.846
Gyro: -21.835 -16.174 48.965
Accel: 0.191 1.034 0.849
Gyro: -19.042 -15.197 35.446
Accel: 0.204 1.002 0.860
Gyro: -16.510 -13.061 32.363
Accel: 0.205 0.968 0.860
Gyro: -13.442 -9.826 28.503
Accel: 0.199 0.942 0.846
Gyro: -4.333 -6.484 27.908
Accel: 0.189 0.931 0.815
Gyro: -1.846 -4.043 28.640
Accel: 0.183 0.924 0.732
Gyro: 4.104 -3.433 27.893
Accel: 0.208 0.907 0.733
Gyro: 7.949 -4.272 25.634
Accel: 0.237 0.904 0.704
Gyro: 8.178 -6.317 21.072
Accel: 0.232 0.902 0.702
Gyro: 6.271 -9.796 14.816
Accel: 0.226 0.892 0.702
Gyro: 2.929 -12.237 6.896
Accel: 0.225 0.861 0.708
Gyro: 0.274 -8.026 1.113
Accel: 0.217 0.836 0.713
Gyro: -3.173 -3.997 0.961
Accel: 0.195 0.809 0.714
Gyro: -5.920 -2.288 0.122
Accel: 0.185 0.776 0.710
Gyro: -9.033 3.906 3.173
Accel: 0.188 0.754 0.702
Gyro: -12.741 9.811 8.026
Accel: 0.207 0.746 0.685
Gyro: -17.318 14.007 11.978
Accel: 0.222 0.748 0.686
Gyro: -21.759 16.113 13.641
Accel: 0.236 0.744 0.721
Gyro: -24.902 16.784 12.435
Accel: 0.248 0.731 0.735
Gyro: -25.848 14.999 9.872
Accel: 0.246 0.716 0.806
Gyro: -23.269 12.649 6.866
Accel: 0.236 0.697 0.758
Gyro: -17.959 10.101 4.516
Accel: 0.223 0.681 0.773
Gyro: -11.077 7.415 4.730
Accel: 0.223 0.665 0.783
Gyro: -3.677 6.072 7.354
Accel: 0.231 0.660 0.783
Gyro: 2.609 5.844 10.971
Accel: 0.246 0.668 0.783
Gyro: 6.423 6.149 14.617
Accel: 0.247 0.682 0.774
Gyro: 8.499 8.407 16.143
Accel: 0.256 0.690 0.761
Gyro: 9.307 12.054 15.899
Accel: 0.268 0.690 0.752
Gyro: 8.438 15.975 14.801
Accel: 0.286 0.686 0.745
Gyro: 5.157 18.356 14.144
Accel: 0.304 0.686 0.742
Gyro: 0.579 19.836 13.061
Accel: 0.312 0.696 0.744
Gyro: -3.219 21.530 10.620
Accel: 0.320 0.701 0.747
Gyro: -6.103 23.330 7.385
Accel: 0.322 0.696 0.748
Gyro: -8.285 25.405 3.280
Accel: 0.309 0.686 0.741
Gyro: -9.689 28.411 0.244
Accel: 0.291 0.674 0.726
Gyro: -12.115 35.125 -1.235
Accel: 0.271 0.658 0.714
Gyro: -19.409 33.889 -1.113
Accel: 0.257 0.645 0.711
Gyro: -19.012 36.071 0.976
Accel: 0.258 0.629 0.708
Gyro: -22.033 37.399 3.967
Accel: 0.260 0.625 0.708
Gyro: -24.993 37.658 6.378
Accel: 0.263 0.624 0.716
Gyro: -27.267 37.368 11.657
Accel: 0.263 0.626 0.725
Gyro: -28.442 38.406 7.781
Accel: 0.263 0.622 0.728
Gyro: -28.854 40.542 7.217
Accel: 0.264 0.614 0.727
Gyro: -29.296 41.870 6.896
Accel: 0.254 0.607 0.716
Gyro: -29.159 41.275 7.263
Accel: 0.239 0.605 0.712
Gyro: -28.839 38.055 7.339
Accel: 0.237 0.606 0.715
Gyro: -28.808 32.928 7.431
Accel: 0.236 0.604 0.732
Gyro: -29.571 28.076 7.629
Accel: 0.238 0.605 0.753
Gyro: -30.517 25.329 7.965
Accel: 0.236 0.598 0.773
Gyro: -31.600 25.115 8.575
Accel: 0.234 0.586 0.791
Gyro: -32.546 26.336 9.475
Accel: 0.237 0.578 0.801
Gyro: -33.142 28.076 10.650
Accel: 0.242 0.575 0.812
Gyro: -33.233 29.586 11.215
Accel: 0.230 0.590 0.812
Gyro: -32.104 32.165 10.910
Accel: 0.219 0.598 0.809
Gyro: -31.295 35.354 10.543
Accel: 0.225 0.601 0.805
Gyro: -32.485 37.704 10.437
Accel: 0.211 0.611 0.802
Gyro: -35.369 39.337 10.437
Accel: 0.204 0.610 0.871
Gyro: -38.482 40.588 10.238
Accel: 0.199 0.599 0.826
Gyro: -39.871 40.679 9.552
Accel: 0.187 0.591 0.843
Gyro: -38.436 39.901 8.255
Accel: 0.181 0.578 0.855
Gyro: -34.957 37.689 6.500
Accel: 0.173 0.569 0.864
Gyro: -30.395 34.484 4.608
Accel: 0.162 0.560 0.866
Gyro: -24.993 30.960 2.883
Accel: 0.152 0.543 0.863
Gyro: -19.302 27.877 1.907
Accel: 0.140 0.529 0.856
Gyro: -14.236 25.146 1.815
Accel: 0.135 0.512 0.846
Gyro: -10.101 21.530 2.929
Accel: 0.132 0.506 0.837
Gyro: -7.720 17.883 4.226
Accel: 0.132 0.503 0.829
Gyro: -6.469 14.648 5.065
Accel: 0.135 0.499 0.827
Gyro: -6.439 12.298 5.386
Accel: 0.141 0.491 0.829
Gyro: -6.820 10.025 5.065
Accel: 0.138 0.483 0.833
Gyro: -7.171 8.407 4.516
Accel: 0.136 0.467 0.835
Gyro: -6.149 7.278 4.272
Accel: 0.136 0.453 0.830
Gyro: -4.196 6.057 4.547
Accel: 0.134 0.441 0.823
Gyro: -2.288 3.677 5.340
Accel: 0.135 0.437 0.819
Gyro: 0.335 -3.784 6.668
Accel: 0.142 0.441 0.816
Gyro: 3.448 -3.143 7.720
Accel: 0.154 0.447 0.811
Gyro: 6.179 -5.477 8.666
Accel: 0.156 0.459 0.804
Gyro: 7.385 -7.064 9.201
Accel: 0.152 0.472 0.796
Gyro: 7.110 -8.0010 9.277
Accel: 0.190 0.489 0.796
Gyro: 5.340 -7.659 9.124
Accel: 0.207 0.519 0.784
Gyro: 2.487 -7.431 7.446
Accel: 0.209 0.518 0.788
Gyro: 0.579 -7.400 6.103
Accel: 0.235 0.513 0.794
Gyro: -4.333 -7.095 4.714
Accel: 0.233 0.526 0.784
Gyro: -6.683 -8.270 2.868
Accel: 0.239 0.528 0.797
Gyro: -8.117 -7.904 0.854
Accel: 0.253 0.523 0.780
Gyro: -8.682 -7.644 -1.007
Accel: 0.239 0.525 0.779
Gyro: -9.353 -8.285 -2.410
Accel: 0.238 0.531 0.774
Gyro: -10.528 -8.743 -7.690
Accel: 0.234 0.536 0.780
Gyro: -11.749 -8.819 -5.111
Accel: 0.237 0.532 0.784
Gyro: -13.977 -8.575 -6.378
Accel: 0.234 0.531 0.789
Gyro: -17.440 -8.575 -7.522
Accel: 0.233 0.532 0.804
Gyro: -21.499 -8.209 -8.728
Accel: 0.232 0.529 0.832
Gyro: -24.780 -6.759 -10.086
Accel: 0.231 0.527 0.855
Gyro: -26.062 -3.692 -11.611
Accel: 0.219 0.530 0.869
Gyro: -26.351 0.030 -13.0000
Accel: 0.206 0.524 0.869
Gyro: -26.794 2.349 -14.160
Accel: 0.200 0.511 0.865
Gyro: -27.954 4.409 -15.045
Accel: 0.184 0.504 0.850
Gyro: -29.678 0.045 -15.121
Accel: 0.162 0.488 0.837
Gyro: -31.646 0.198 -14.587
Accel: 0.150 0.467 0.835
Gyro: -32.775 -5.386 -13.061
Accel: 0.147 0.451 0.852
Gyro: -31.890 -11.032 -11.535
Accel: 0.141 0.417 0.864
Gyro: -28.991 -16.265 -9.033
Accel: 0.156 0.422 0.953
Gyro: -25.405 -16.601 -7.553
Accel: 0.155 0.429 0.948
Gyro: -22.674 -14.511 -6.790
Accel: 0.169 0.425 0.961
Gyro: -21.942 -7.843 -6.576
Accel: 0.182 0.422 0.966
Gyro: -21.530 -4.272 -5.859
Accel: 0.170 0.427 0.964
Gyro: -20.462 -3.326 -4.699
Accel: 0.153 0.427 0.953
Gyro: -19.500 1.129 -3.570
Accel: 0.133 0.431 0.947
Gyro: -18.737 3.585 -2.273
Accel: 0.107 0.431 0.941
Gyro: -17.532 4.196 0.823
Accel: 0.081 0.436 0.934
Gyro: -15.426 3.158 0.473
Accel: 0.058 0.441 0.928
Gyro: -12.771 1.312 2.212
Accel: 0.118 0.341 0.949
Gyro: -11.642 18.356 55.389
Accel: 0.117 0.342 0.945
Gyro: -10.528 17.288 53.604
Accel: 0.115 0.343 0.938
Gyro: -9.811 15.762 52.0001
Accel: 0.119 0.344 0.937
Gyro: -9.674 14.556 50.369
Accel: 0.132 0.344 0.946
Gyro: -10.147 13.916 48.339
Accel: 0.135 0.342 0.953
Gyro: -10.528 14.648 45.898
Accel: 0.131 0.338 0.962
Gyro: -10.467 16.082 43.945
Accel: 0.128 0.325 0.963
Gyro: -10.177 18.600 42.800
Accel: 0.112 0.322 0.959
Gyro: -10.391 21.743 43.212
Accel: 0.099 0.321 0.947
Gyro: -11.398 24.703 45.089
Accel: 0.111 0.318 0.936
Gyro: -13.0000 26.077 46.600
Accel: 0.128 0.330 0.930
Gyro: -14.724 25.634 46.356
Accel: 0.137 0.344 0.932
Gyro: -15.853 22.903 43.487
Accel: 0.134 0.355 0.938
Gyro: -15.914 19.424 39.611
Accel: 0.135 0.351 0.951
Gyro: -14.938 15.594 31.265
Accel: 0.125 0.338 0.964
Gyro: -13.092 11.611 31.921
Accel: 0.105 0.328 0.971
Gyro: -9.735 8.605 30.670
Accel: 0.088 0.317 0.969
Gyro: -5.798 6.835 31.951
Accel: 0.077 0.308 0.957
Gyro: -3.036 6.668 34.729
Accel: 0.079 0.303 0.943
Gyro: -2.182 6.958 38.345
Accel: 0.095 0.302 0.938
Gyro: -4.089 6.515 41.427
Accel: 0.136 0.321 0.955
Gyro: -6.698 7.110 42.800
Accel: 0.333 0.435 1.0100
Gyro: -11.627 19.561 38.757
Accel: 0.326 0.553 1.030
Gyro: -17.242 31.219 30.288
Accel: 0.361 0.498 1.016
Gyro: -27.008 35.385 27.282
Accel: 0.363 0.421 0.950
Gyro: -22.583 35.614 28.945
Accel: 0.274 0.371 0.876
Gyro: -14.907 25.054 30.136
Accel: 0.200 0.326 0.887
Gyro: -6.362 13.153 28.625
Accel: 0.144 0.299 0.924
Gyro: -2.075 5.813 25.924
Accel: 0.088 0.274 0.946
Gyro: -3.494 4.592 23.864
Accel: 0.050 0.225 0.977
Gyro: -8.178 8.666 23.300
Accel: 0.068 0.234 0.954
Gyro: -14.221 19.302 23.452
Accel: 0.040 0.172 1.018
Gyro: -24.215 31.066 25.466
Accel: 0.030 0.085 0.941
Gyro: -35.156 36.361 32.577
Accel: 0.110 0.079 0.996
Gyro: -35.522 46.783 39.123
Accel: 0.104 0.072 1.0000
Gyro: -41.015 57.083 44.647
Accel: 0.082 0.118 0.975
Gyro: -45.120 62.728 47.042
Accel: 0.016 0.185 0.963
Gyro: -47.821 66.879 46.005
Accel: 0.039 0.229 0.973
Gyro: -49.270 67.810 42.053
Accel: 0.024 0.223 1.045
Gyro: -51.239 75.698 38.574
Accel: 0.072 0.298 0.846
Gyro: -46.325 61.264 32.516
Accel: 0.058 0.201 1.048
Gyro: -28.610 48.629 23.391
Accel: 0.023 0.102 1.011
Gyro: -17.623 42.037 20.187
Accel: 0.051 0.085 1.026
Gyro: -3.128 35.095 20.004
Accel: 0.044 0.105 1.028
Gyro: 7.583 27.496 20.187
Accel: 0.038 0.120 1.033
Gyro: 13.626 21.179 19.165
Accel: 0.048 0.144 1.036
Gyro: 15.609 14.831 17.044
Accel: 0.060 0.139 1.013
Gyro: 15.045 4.089 14.968
Accel: 0.065 0.135 0.994
Gyro: 13.671 1.037 14.358
Accel: 0.060 0.133 0.994
Gyro: 11.474 -4.226 14.465
Accel: 0.053 0.131 0.993
Gyro: 9.109 -7.995 14.968
Accel: 0.041 0.133 0.993
Gyro: 7.980 -9.994 16.220
Accel: 0.029 0.125 0.997
Gyro: 6.866 -9.170 17.150
Accel: 0.026 0.150 0.998
Gyro: 5.065 -6.469 17.761
Accel: 0.125 0.133 0.910
Gyro: 6.484 4.699 16.784
Accel: 0.065 0.160 0.919
Gyro: 5.279 10.406 15.319
Accel: 0.057 0.191 0.961
Gyro: -2.105 5.233 14.465
Accel: 0.005 0.213 0.967
Gyro: -9.750 0.885 15.151
Accel: 0.060 0.216 0.982
Gyro: -8.163 -1.571 17.318
Accel: 0.076 0.232 1.008
Gyro: -5.142 6.164 20.217
Accel: 0.067 0.204 0.968
Gyro: -2.700 7.736 22.369
Accel: 0.013 0.197 0.991
Gyro: -2.929 8.346 22.460
Accel: 0.056 0.199 0.998
Gyro: -1.571 10.528 20.187
Accel: 0.049 0.189 1.013
Gyro: 0.396 12.985 11.764
Accel: 0.046 0.197 1.023
Gyro: 4.226 15.411 9.536
Accel: 0.056 0.226 1.047
Gyro: 9.384 17.974 4.516
Accel: 0.018 0.277 1.073
Gyro: 13.412 21.133 1.419
Accel: 0.015 0.312 1.084
Gyro: 17.929 23.391 0.213
Accel: 0.019 0.333 1.060
Gyro: 22.201 27.191 0.213
Accel: 0.019 0.351 1.043
Gyro: 25.802 31.265 0.793
Accel: 0.005 0.375 1.038
Gyro: 27.435 35.507 2.792
Accel: 0.0000 0.390 1.037
Gyro: 27.725 39.550 4.776
Accel: 0.0000 0.398 1.046
Gyro: 27.648 40.725 6.225
Accel: 0.068 0.510 1.066
Gyro: 27.511 41.793 12.649
Accel: 0.084 0.494 1.080
Gyro: 26.168 39.840 17.166
Accel: 0.087 0.464 1.078
Gyro: 23.162 33.645 19.332
Accel: 0.077 0.460 1.081
Gyro: 18.707 26.336 20.324
Accel: 0.079 0.447 1.081
Gyro: 14.358 20.126 21.469
Accel: 0.077 0.431 1.079
Gyro: 11.199 14.907 22.262
Accel: 0.075 0.409 1.079
Gyro: 10.162 9.613 22.506
Accel: 0.071 0.381 1.086
Gyro: 9.979 5.859 22.232
Accel: 0.044 0.343 1.104
Gyro: 11.093 5.584 21.484
Accel: 0.026 0.250 1.115
Gyro: 14.373 6.698 19.958
Accel: 0.021 0.278 1.128
Gyro: 18.310 7.888 17.456
Accel: 0.026 0.247 1.144
Gyro: 21.926 7.812 14.450
Accel: 0.022 0.229 1.152
Gyro: 25.283 4.760 10.513
Accel: 0.017 0.211 1.155
Gyro: 28.976 0.900 6.530
Accel: 0.006 0.207 1.136
Gyro: 32.852 -3.448 3.158
Accel: 0.0010 0.210 1.108
Gyro: 37.612 -6.347 0.305
Accel: 0.031 0.217 1.068
Gyro: 41.442 -7.385 -1.953
Accel: 0.043 0.234 1.025
Gyro: 43.395 -7.537 -3.601
Accel: 0.042 0.273 0.990
Gyro: 42.495 -6.240 -4.608
Accel: 0.023 0.321 0.974
Gyro: 38.269 -5.416 -4.531
Accel: 0.011 0.375 0.968
Gyro: 32.958 -6.637 -3.189
Accel: 0.051 0.412 0.977
Gyro: 29.129 -9.735 0.488
Accel: 0.096 0.432 0.991
Gyro: 25.054 -15.777 2.578
Accel: 0.115 0.455 0.996
Gyro: 21.301 -22.918 5.630
Accel: 0.113 0.476 0.993
Gyro: 18.280 -28.793 8.331
Accel: 0.104 0.500 0.992
Gyro: 15.762 -32.165 10.116
Accel: 0.092 0.529 1.003
Gyro: 14.450 -33.843 10.543
Accel: 0.063 0.553 1.015
Gyro: 16.204 -33.950 10.726
Accel: 0.035 0.567 1.030
Gyro: 19.989 -33.050 11.032
Accel: 0.020 0.557 1.041
Gyro: 24.063 -32.073 11.642
Accel: 0.002 0.543 1.044
Gyro: 27.648 -29.708 11.611
Accel: 0.009 0.524 1.024
Gyro: 30.227 -26.565 10.803
Accel: 0.021 0.512 1.006
Gyro: 30.105 -22.384 10.086
Accel: 0.034 0.503 1.009
Gyro: 28.274 -16.632 9.658
Accel: 0.053 0.503 1.045
Gyro: 25.604 -8.285 10.055
Accel: 0.058 0.486 1.112
Gyro: 24.658 0.915 11.077
Accel: 0.045 0.447 1.163
Gyro: 27.542 2.197 11.917
Accel: 0.031 0.402 1.189
Gyro: 34.164 2.609 12.435
Accel: 0.019 0.363 1.193
Gyro: 46.066 2.349 12.741
Accel: 0.003 0.334 1.177
Gyro: 51.132 1.907 12.863
Accel: 0.002 0.326 1.145
Gyro: 58.609 1.205 12.481
Accel: 0.007 0.331 1.105
Gyro: 64.0010 1.007 11.398
Accel: 0.024 0.343 1.067
Gyro: 67.169 2.059 10.162
Accel: 0.042 0.353 1.030
Gyro: 68.923 3.082 9.140
Accel: 0.054 0.356 0.996
Gyro: 69.458 3.311 7.781
Accel: 0.060 0.354 0.961
Gyro: 68.038 2.349 5.462
Accel: 0.056 0.364 0.915
Gyro: 64.285 0.381 1.968
Accel: 0.041 0.378 0.864
Gyro: 58.197 -2.304 -2.273
Accel: 0.026 0.393 0.821
Gyro: 50.018 -4.272 -6.484
Accel: 0.0010 0.417 0.795
Gyro: 40.802 -4.501 -10.040
Accel: 0.013 0.441 0.791
Gyro: 32.058 -4.348 -13.092
Accel: 0.016 0.458 0.810
Gyro: 26.473 -5.981 -15.335
Accel: 0.011 0.482 0.834
Gyro: 25.421 -11.550 -18.142
Accel: 0.032 0.483 0.779
Gyro: 26.702 -13.961 -18.646
Accel: 0.004 0.509 0.984
Gyro: 31.066 0.503 -16.906
Accel: 0.007 0.506 1.014
Gyro: 31.921 17.913 -13.046
Accel: 0.009 0.504 1.046
Gyro: 49.697 28.686 -7.583
Accel: 0.018 0.479 1.031
Gyro: 66.253 35.675 -4.104
Accel: 0.029 0.457 1.002
Gyro: 85.113 39.077 -3.280
Accel: 0.009 0.426 0.935
Gyro: 100.997 39.489 -2.960
Accel: 0.028 0.394 0.853
Gyro: 114.074 37.307 -2.044
Accel: 0.058 0.369 0.782
Gyro: 122.665 34.423 -1.098
Accel: 0.085 0.363 0.683
Gyro: 126.419 31.066 -1.098
Accel: 0.113 0.435 0.588
Gyro: 125.473 26.367 -1.312
Accel: 0.139 0.393 0.443
Gyro: 114.212 20.645 0.961
Accel: 0.150 0.404 0.425
Gyro: 106.933 12.298 0.0000
Accel: 0.106 0.458 0.391
Gyro: 93.734 4.562 0.640
Accel: 0.054 0.498 0.376
Gyro: 79.681 0.671 -2.548
Accel: 0.012 0.525 0.348
Gyro: 67.276 -4.302 -4.150
Accel: 0.009 0.534 0.322
Gyro: 57.952 -4.745 -5.020
Accel: 0.002 0.541 0.284
Gyro: 47.012 -3.875 -5.157
Accel: 0.020 0.546 0.233
Gyro: 39.108 -3.494 -5.081
Accel: 0.021 0.562 0.156
Gyro: 31.311 -2.548 -5.187
Accel: 0.021 0.592 0.083
Gyro: 26.824 -3.631 -6.027
Accel: 0.008 0.622 0.033
Gyro: 15.396 -3.417 -7.888
Accel: 0.008 0.639 0.024
Gyro: 0.244 -2.471 -10.040
Accel: 0.021 0.620 0.090
Gyro: -17.227 -4.592 -12.741
Accel: 0.027 0.584 0.155
Gyro: -34.194 -9.674 -16.418
Accel: 0.034 0.561 0.197
Gyro: -48.751 -17.196 -20.126
Accel: 0.051 0.527 0.177
Gyro: -67.291 -27.984 -23.498
Accel: 0.125 0.458 0.083
Gyro: -92.803 -40.039 -26.535
Accel: 0.059 0.347 0.110
Gyro: -117.004 -59.295 -31.173
Accel: 0.051 0.112 0.533
Gyro: -142.745 -78.842 -37.261
Accel: 0.081 0.109 1.151
Gyro: -177.886 -91.934 -38.742
Accel: 0.097 0.211 1.870
Gyro: -202.774 -93.414 -34.927
Accel: 0.110 0.215 2.499
Gyro: -187.210 -67.855 -20.233
Accel: 0.136 0.261 3.050
Gyro: -87.707 -24.795 2.487
Accel: 0.006 0.310 3.134
Gyro: 48.278 20.248 18.249
Accel: 0.184 0.071 2.665
Gyro: 175.491 58.227 24.078
Accel: 0.076 0.185 1.860
Gyro: 271.453 85.952 26.931
Accel: 0.022 0.470 0.896
Gyro: 316.131 114.059 32.546
Accel: 0.190 0.675 0.053
Gyro: 316.726 128.021 35.675
Accel: 0.210 0.871 0.781
Gyro: 272.613 114.822 30.120
Accel: 0.108 0.980 -1.425
Gyro: 188.629 80.276 19.195
Accel: 0.047 1.093 -1.840
Gyro: 89.660 57.403 10.360
Accel: 0.136 1.205 -2.063
Gyro: -38.192 24.261 0.930
Accel: 0.164 1.021 -1.928
Gyro: -185.470 -18.463 -11.276
Accel: 0.151 0.843 -1.308
Gyro: -317.947 -62.515 -19.378
Accel: 0.139 0.558 0.485
Gyro: -425.933 -102.569 -23.635
Accel: 0.075 0.210 0.697
Gyro: -493.606 -117.431 -22.949
Accel: 0.672 -6.408 7.999
Gyro: 487.533 -115.264 -7.705
Accel: -1.613 3.210 -6.445
Gyro: 163.528 -59.173 -19.592
Accel: 0.436 0.117 0.500
Gyro: -28.976 -66.818 27.328
Accel: 0.214 0.382 2.024
Gyro: -127.471 -23.544 36.148
Accel: 0.649 0.791 2.407
Gyro: -86.441 -14.068 37.048
Accel: 0.436 0.386 2.096
Gyro: 41.259 38.070 25.054
Accel: 0.214 0.290 1.333
Gyro: 145.645 57.464 14.572
Accel: 0.0000 0.658 0.629
Gyro: 198.455 60.058 6.652
Accel: 0.050 0.901 0.086
Gyro: 190.261 67.489 6.240
Accel: 0.043 0.983 0.718
Gyro: 141.159 68.572 10.437
Accel: 0.023 0.905 -1.127
Gyro: 63.659 59.509 10.040
Accel: 0.024 0.848 -1.239
Gyro: -29.373 37.536 0.701
Accel: 0.007 0.795 0.950
Gyro: -122.528 0.228 -4.547
Accel: 0.0100 0.519 0.013
Gyro: -208.419 -28.533 -9.155
Accel: 0.209 0.302 1.342
Gyro: -260.910 -61.645 -9.750
Accel: 0.224 0.191 2.614
Gyro: -221.115 -87.417 -11.062
Accel: 0.218 0.017 3.208
Gyro: -79.299 -82.443 -3.005
Accel: 0.574 0.240 2.861
Gyro: 84.411 -62.927 3.448
Accel: 0.109 0.218 1.392
Gyro: 187.515 -19.058 0.396
Accel: 0.034 0.686 0.583
Gyro: 233.718 14.877 2.563
Accel: 0.019 0.928 0.707
Gyro: 207.092 37.246 8.636
Accel: 0.062 1.022 -1.314
Gyro: 129.470 47.271 12.771
Accel: 0.183 0.941 -1.615
Gyro: 13.305 49.972 8.682
Accel: 0.218 0.770 -1.299
Gyro: -124.664 32.165 -3.280
Accel: 0.063 0.445 0.265
Gyro: -256.134 5.844 -12.573
Accel: 0.108 0.211 1.313
Gyro: -336.456 -33.325 4.592
Accel: -1.664 1.529 0.308
Gyro: 75.683 14.053 -12.268
Accel: 0.735 0.474 -1.310
Gyro: -18.005 -17.364 12.680
Accel: 0.032 0.513 1.355
Gyro: 48.934 1.113 22.293
Accel: 0.066 0.323 2.116
Gyro: 161.346 8.0010 24.002
Accel: 0.084 0.429 1.267
Gyro: 250.366 20.126 28.976
Accel: 0.016 0.834 0.018
Gyro: 272.766 28.381 32.379
Accel: 0.042 1.014 -1.008
Gyro: 226.562 42.236 32.760
Accel: 0.156 0.980 -1.637
Gyro: 137.237 41.595 28.701
Accel: 0.238 0.982 -1.918
Gyro: 43.991 29.327 17.974
Accel: 0.239 0.997 -1.935
Gyro: -61.370 0.274 5.157
Accel: 0.136 0.872 -1.500
Gyro: -169.387 -32.714 -3.173
Accel: 0.118 0.614 0.601
Gyro: -275.024 -56.549 -15.609
Accel: 0.188 0.415 0.426
Gyro: -334.808 -75.317 -27.160
Accel: 0.017 0.282 1.530
Gyro: -307.327 -52.719 -20.187
Accel: 0.158 0.119 2.300
Gyro: -196.228 0.076 -7.095
Accel: 1.573 -3.755 7.999
Gyro: 210.800 0.411 4.684
Accel: 0.363 0.902 -1.834
Gyro: 129.272 44.067 -10.818
Accel: 0.148 0.554 0.033
Gyro: 70.434 60.943 -5.081
Accel: 0.124 0.606 0.628
Gyro: -3.585 -20.309 0.045
Accel: 0.428 0.140 1.639
Gyro: -2.166 -30.517 -18.371
Accel: 0.004 0.340 2.341
Gyro: -92.224 -47.302 -20.309
Accel: 0.119 0.478 2.070
Gyro: -125.427 -51.940 -13.366
Accel: 0.218 0.366 2.886
Gyro: 0.350 -39.749 -1.419
Accel: 0.148 0.020 3.101
Gyro: 149.902 -43.136 0.915
Accel: 0.085 0.071 2.332
Gyro: 274.032 -41.946 0.579
Accel: 0.110 0.457 0.994
Gyro: 344.0100 -34.179 0.289
Accel: 0.042 0.773 0.318
Gyro: 346.908 -24.642 0.061
Accel: 0.028 1.015 -1.291
Gyro: 283.584 -24.520 0.289
Accel: 0.028 1.178 -1.805
Gyro: 176.0010 -31.890 1.708
Accel: 0.081 1.218 -2.007
Gyro: 60.440 -33.447 2.426
Accel: 0.156 1.218 -2.089
Gyro: -35.354 -20.080 0.656
Accel: 0.172 1.123 -1.947
Gyro: -109.069 -5.462 -5.859
Accel: 0.131 0.974 -1.839
Gyro: -170.043 17.288 -8.193
Accel: 0.131 0.796 -1.473
Gyro: -236.801 33.538 -8.865
Accel: 0.095 0.374 0.441
Gyro: -313.781 53.878 -5.874
Accel: 0.029 0.033 0.813
Gyro: -388.778 55.633 -2.609
Accel: 0.018 0.208 2.155
Gyro: -381.713 16.921 -6.103
Accel: -3.209 -4.582 0.989
Gyro: 272.125 -167.556 -6.195
Accel: 0.340 0.955 4.703
Gyro: 84.411 0.732 -11.398
Accel: 0.332 0.563 0.123
Gyro: 9.826 -5.569 2.563
Accel: 0.012 0.700 1.244
Gyro: 21.972 -21.392 3.219
Accel: 0.177 0.344 1.457
Gyro: 86.044 -13.717 5.065
Accel: 0.128 0.394 1.057
Gyro: 173.965 7.843 10.757
Accel: 0.055 0.629 0.074
Gyro: 208.511 20.721 11.154
Accel: 0.023 0.850 0.804
Gyro: 200.271 31.585 9.933
Accel: 0.013 0.946 -1.434
Gyro: 153.747 30.197 8.270
Accel: 0.073 0.898 -1.759
Gyro: 73.669 17.501 1.846
Accel: 0.202 0.864 -1.851
Gyro: -33.233 -4.867 -14.602
Accel: 0.287 0.828 -1.365
Gyro: -162.933 -40.817 -24.734
Accel: 0.132 0.622 0.178
Gyro: -293.975 -63.415 -30.883
Accel: 0.004 0.252 1.305
Gyro: -395.919 -52.551 -23.620
Accel: 0.248 0.259 2.809
Gyro: -371.566 -32.730 -5.569
Accel: -1.504 0.332 3.838
Gyro: 143.585 53.939 -6.744
Accel: 0.299 0.262 3.989
Gyro: 123.260 -5.264 -6.225
Accel: 0.200 0.799 1.623
Gyro: 173.812 10.955 -9.979
Accel: 0.015 0.823 0.311
Gyro: 188.415 15.777 -7.736
Accel: 0.019 0.767 0.502
Gyro: 186.004 44.677 -4.806
Accel: 0.125 0.984 -1.233
Gyro: 150.939 63.079 -6.835
Accel: 0.098 1.059 -1.593
Gyro: 79.833 64.773 -10.528
Accel: 0.007 0.939 -1.583
Gyro: -32.760 41.839 -15.975
Accel: 0.014 0.791 -1.063
Gyro: -154.510 -9.414 -21.255
Accel: 0.152 0.463 0.235
Gyro: -271.621 -60.653 -20.339
Accel: 0.372 0.357 1.621
Gyro: -315.795 -61.721 -6.973
Accel: 0.497 0.229 2.990
Gyro: -214.477 0.900 28.533
Accel: 0.193 0.234 3.831
Gyro: -35.034 55.206 48.446
Accel: 0.158 0.233 3.413
Gyro: 130.477 87.905 55.160
Accel: 0.217 0.204 2.128
Gyro: 252.609 113.723 59.082
Accel: 0.110 0.661 0.883
Gyro: 302.291 133.697 63.949
Accel: 0.008 0.885 0.330
Gyro: 283.370 130.493 60.699
Accel: 0.186 0.953 -1.185
Gyro: 200.759 101.882 45.349
Accel: 0.246 1.011 -1.569
Gyro: 86.837 51.071 29.129
Accel: 0.009 1.076 -1.602
Gyro: -31.707 -35.156 18.417
Accel: 0.099 0.931 -1.271
Gyro: -130.355 -134.490 0.396
Accel: 0.133 0.732 0.592
Gyro: -207.275 -206.817 -10.635
Accel: 0.266 0.522 0.524
Gyro: -264.526 -198.501 -14.511
Accel: 0.286 0.441 1.680
Gyro: -246.612 -120.712 4.165
Accel: 0.0001 0.313 2.304
Gyro: -143.707 -44.418 23.0010
Accel: 0.392 0.0100 2.342
Gyro: -19.958 8.255 17.868
Accel: 0.410 0.188 1.646
Gyro: 82.443 38.848 8.193
Accel: 0.268 0.557 0.705
Gyro: 126.815 42.526 2.761
Accel: 0.207 0.831 0.058
Gyro: 108.139 39.840 -7.492
Accel: 0.363 0.558 1.231
Gyro: 63.812 -12.435 -3.662
Accel: 0.197 0.763 1.614
Gyro: 35.354 -37.368 -8.987
Accel: 0.267 0.768 1.575
Gyro: -45.806 -46.768 -9.872
Accel: 0.068 0.726 1.931
Gyro: -109.237 -31.784 -3.723
Accel: 0.118 0.846 1.432
Gyro: -124.694 4.669 4.058
Accel: 0.051 0.733 1.733
Gyro: -41.473 9.353 8.575
Accel: 0.003 0.420 1.914
Gyro: 80.917 14.663 3.341
Accel: 0.033 0.480 1.250
Gyro: 169.128 19.226 0.823
Accel: 0.103 0.765 0.252
Gyro: 225.662 29.556 0.640
Accel: 0.073 0.919 0.752
Gyro: 236.373 33.554 -2.349
Accel: 0.050 0.958 -1.685
Gyro: 194.534 22.674 -8.865
Accel: 0.095 0.989 -2.103
Gyro: 94.955 -3.585 -18.341
Accel: 0.197 1.015 -2.223
Gyro: -47.805 -26.794 -25.909
Accel: 0.160 0.929 -1.858
Gyro: -194.580 -45.913 -30.212
Accel: 0.106 0.604 0.995
Gyro: -339.645 -75.057 -34.973
Accel: 0.030 0.153 0.566
Gyro: -459.167 -19.104 -5.615
Accel: 0.249 1.518 5.830
Gyro: 188.369 -45.104 -39.871
Accel: 0.101 0.345 1.976
Gyro: -130.371 -18.066 -23.269
Accel: 0.065 0.458 1.434
Gyro: -154.449 58.975 -4.882
Accel: 0.006 0.967 0.776
Gyro: -114.395 0.305 -8.987
Accel: 0.082 0.230 1.843
Gyro: -38.269 11.978 -20.980
Accel: 0.127 0.141 1.426
Gyro: 69.274 20.690 -11.672
Accel: 0.003 0.457 0.829
Gyro: 129.821 35.598 -8.575
Accel: 0.002 0.622 0.172
Gyro: 154.235 42.404 -8.956
Accel: 0.003 0.706 0.515
Gyro: 146.224 38.269 -7.522
Accel: 0.038 0.755 0.986
Gyro: 107.391 35.888 -5.691
Accel: 0.029 0.754 -1.154
Gyro: 36.178 21.163 -5.477
Accel: 0.005 0.758 -1.062
Gyro: -64.498 10.086 -5.279
Accel: 0.0010 0.704 0.537
Gyro: -166.580 -2.105 -5.508
Accel: 0.014 0.489 0.422
Gyro: -252.914 -33.355 -8.834
Accel: 0.343 0.374 1.948
Gyro: -231.445 -258.0010 13.504
Accel: 0.671 1.251 0.560
Gyro: 20.187 -51.116 0.762
Accel: 0.151 0.511 0.412
Gyro: -13.900 -49.667 20.767
Accel: 0.124 0.517 2.462
Gyro: 69.732 7.492 30.990
Accel: 0.158 0.386 1.783
Gyro: 161.056 24.230 23.727
Accel: 0.060 0.379 0.875
Gyro: 227.569 47.393 26.184
Accel: 0.072 0.782 0.158
Gyro: 245.956 86.654 31.341
Accel: 0.146 0.949 0.846
Gyro: 220.077 116.592 31.921
Accel: 0.302 0.938 -1.233
Gyro: 156.875 133.163 23.330
Accel: 0.352 0.855 -1.396
Gyro: 67.337 125.167 9.658
Accel: 0.307 0.892 -1.372
Gyro: -22.384 92.376 0.198
Accel: 0.156 0.878 -1.194
Gyro: -100.952 32.913 -11.459
Accel: 0.050 0.737 0.865
Gyro: -174.423 -44.570 -14.480
Accel: 0.032 0.656 0.445
Gyro: -235.748 -111.419 -20.568
Accel: 0.058 0.505 0.234
Gyro: -279.251 -158.828 -28.915
Accel: 0.047 0.486 0.055
Gyro: -291.0000 -177.383 -37.231
Accel: 1.420 0.942 7.999
Gyro: 289.916 -189.086 -9.216
Accel: 0.752 1.673 2.328
Gyro: 156.158 -78.231 -28.533
Accel: 0.732 0.204 1.947
Gyro: 98.541 17.333 -18.585
Accel: 0.202 0.758 0.310
Gyro: 24.383 53.924 -22.583
Accel: 0.616 0.872 0.653
Gyro: 48.706 21.865 -21.514
Accel: 0.013 0.675 0.773
Gyro: 17.410 14.419 -23.941
Accel: 0.038 0.896 0.852
Gyro: -13.488 7.537 -19.714
Accel: 0.067 0.936 0.709
Gyro: -27.725 2.395 -11.932
Accel: 0.004 0.871 0.752
Gyro: -33.493 0.076 -5.142
Accel: 0.047 0.784 0.659
Gyro: -38.085 -1.403 -2.166
Accel: 0.009 0.709 0.650
Gyro: -38.558 -2.380 0.793
Accel: 0.030 0.693 0.602
Gyro: -33.386 -2.075 -1.022
Accel: 0.031 0.672 0.593
Gyro: -25.070 -1.876 -1.037
Accel: 0.027 0.652 0.569
Gyro: -16.189 -1.586 -1.052
Accel: 0.013 0.679 0.632
Gyro: -8.972 0.900 0.228
Accel: 0.018 0.681 0.660
Gyro: 0.015 0.762 0.183
Accel: 0.026 0.696 0.717
Gyro: -1.861 -1.449 0.152
Accel: 0.020 0.688 0.738
Gyro: -2.365 -1.892 0.274
Accel: 0.025 0.703 0.756
Gyro: -4.074 -2.120 0.152
Accel: 0.024 0.692 0.761
Gyro: -7.232 -2.670 0.183
Accel: 0.023 0.697 0.772
Gyro: -10.589 -2.670 0.045
Accel: 0.021 0.694 0.768
Gyro: -13.580 -2.716 0.061
Accel: 0.021 0.697 0.774
Gyro: -16.830 -2.197 0.076
Accel: 0.020 0.689 0.774
Gyro: -20.324 -1.922 0.122
Accel: 0.018 0.686 0.765
Gyro: -22.857 0.946 0.152
Accel: 0.044 0.710 0.752
Gyro: -24.597 0.228 -1.113
Accel: 0.047 0.701 0.743
Gyro: -25.314 0.976 -3.082
Accel: 0.039 0.687 0.746
Gyro: -25.314 1.022 -4.287
Accel: 0.029 0.675 0.740
Gyro: -24.948 0.274 -4.760
Accel: 0.021 0.661 0.744
Gyro: -24.795 0.610 -4.364
Accel: 0.011 0.650 0.747
Gyro: -24.414 -1.312 -3.234
Accel: 0.005 0.638 0.744
Gyro: -19.561 -1.876 -1.724
Accel: 0.009 0.633 0.730
Gyro: -21.759 -1.617 0.473
Accel: 0.012 0.634 0.727
Gyro: -19.165 -1.083 0.289
Accel: 0.024 0.644 0.726
Gyro: -15.487 0.732 0.305
Accel: 0.027 0.637 0.719
Gyro: -12.191 0.839 0.244
Accel: 0.026 0.641 0.728
Gyro: -8.956 0.869 0.152
Accel: 0.025 0.635 0.732
Gyro: -5.630 -1.312 0.122
Accel: 0.024 0.636 0.734
Gyro: -2.929 -1.449 0.076
Accel: 0.022 0.636 0.737
Gyro: 0.259 -1.312 0.228
Accel: 0.024 0.644 0.775
Gyro: 0.808 -1.281 0.259
Accel: 0.027 0.649 0.810
Gyro: -1.205 -1.571 0.183
Accel: 0.023 0.657 0.828
Gyro: -5.096 -1.495 0.152
Accel: 0.025 0.657 0.833
Gyro: -9.170 -1.678 0.183
Accel: 0.023 0.653 0.817
Gyro: -13.320 -1.968 0.274
Accel: 0.027 0.649 0.789
Gyro: -16.159 -2.029 0.228
Accel: 0.025 0.646 0.779
Gyro: -17.333 -1.983 0.213
