Accel: 0.020 0.034 1.060
Gyro: -16.967 -12.115 -7.843
Accel: 0.025 0.0010 1.044
Gyro: -11.550 -15.869 -8.605
Accel: 0.023 0.0000 1.031
Gyro: -8.422 -17.639 -1.907
Accel: 0.003 0.020 1.021
Gyro: -6.393 -17.089 7.034
Accel: 0.003 0.012 1.005
Gyro: -7.095 -14.419 14.160
Accel: 0.036 0.041 1.0000
Gyro: -10.055 -11.886 18.585
Accel: 0.055 0.081 0.992
Gyro: -14.480 -10.086 20.156
Accel: 0.072 0.106 0.994
Gyro: -18.661 -9.231 19.012
Accel: 0.091 0.121 0.998
Gyro: -21.514 -8.911 16.281
Accel: 0.101 0.132 1.007
Gyro: -23.025 -8.621 12.374
Accel: 0.108 0.138 1.020
Gyro: -23.361 -7.369 9.445
Accel: 0.111 0.128 1.045
Gyro: -23.422 -5.447 8.377
Accel: 0.117 0.118 1.069
Gyro: -23.269 -3.082 9.002
Accel: 0.118 0.108 1.087
Gyro: -22.766 0.259 10.787
Accel: 0.121 0.110 1.0100
Gyro: -22.354 2.639 12.939
Accel: 0.118 0.123 1.108
Gyro: -23.056 5.294 14.312
Accel: 0.117 0.128 1.111
Gyro: -24.826 7.781 14.770
Accel: 0.120 0.126 1.112
Gyro: -26.428 9.719 14.511
Accel: 0.117 0.114 1.116
Gyro: -26.702 10.818 13.732
Accel: 0.107 0.103 1.122
Gyro: -25.161 10.879 12.512
Accel: 0.095 0.092 1.121
Gyro: -21.194 11.459 11.871
Accel: 0.088 0.077 1.107
Gyro: -12.084 11.825 11.886
Accel: 0.088 0.0001 1.097
Gyro: -11.642 9.979 11.993
Accel: 0.080 0.056 1.098
Gyro: -7.919 5.950 12.023
Accel: 0.069 0.062 1.0100
Gyro: -2.563 3.799 11.932
Accel: 0.071 0.054 1.097
Gyro: 3.631 2.777 11.505
Accel: 0.076 0.053 1.080
Gyro: 8.850 1.846 11.352
Accel: 0.076 0.054 1.067
Gyro: 11.795 -3.692 11.245
Accel: 0.081 0.049 1.060
Gyro: 12.557 -2.502 10.726
Accel: 0.079 0.049 1.065
Gyro: 13.259 -3.524 9.704
Accel: 0.071 0.052 1.066
Gyro: 15.029 -1.541 8.453
Accel: 0.072 0.042 1.056
Gyro: 17.196 1.617 7.781
Accel: 0.070 0.029 1.036
Gyro: 18.493 4.455 7.507
Accel: 0.063 0.027 1.012
Gyro: 18.035 6.454 7.583
Accel: 0.052 0.021 0.990
Gyro: 15.930 7.980 7.888
Accel: 0.047 0.019 0.974
Gyro: 12.756 8.834 8.544
Accel: 0.050 0.023 0.962
Gyro: 9.262 8.544 8.575
Accel: 0.052 0.033 0.959
Gyro: 5.310 7.125 7.705
Accel: 0.069 0.035 0.969
Gyro: 1.937 4.852 6.378
Accel: 0.093 0.032 0.998
Gyro: 0.442 2.548 4.623
Accel: 0.106 0.031 1.040
Gyro: 0.442 2.471 2.593
Accel: 0.115 0.029 1.080
Gyro: 1.541 4.440 1.251
Accel: 0.116 0.018 1.098
Gyro: 4.959 7.156 0.503
Accel: 0.111 0.016 1.107
Gyro: 8.712 10.406 0.091
Accel: 0.112 0.015 1.109
Gyro: 11.917 13.641 0.701
Accel: 0.120 0.016 1.105
Gyro: 13.809 16.815 -2.059
Accel: 0.120 0.022 1.104
Gyro: 14.709 20.355 -3.402
Accel: 0.129 0.029 1.106
Gyro: 14.358 25.192 -4.669
Accel: 0.131 0.038 1.110
Gyro: 12.237 30.349 -7.583
Accel: 0.138 0.062 1.109
Gyro: 10.452 35.156 -10.879
Accel: 0.201 0.019 1.157
Gyro: 7.888 43.380 -15.625
Accel: 0.133 0.052 1.086
Gyro: 5.874 47.012 -13.854
Accel: 0.142 0.054 1.070
Gyro: 5.935 48.629 -17.669
Accel: 0.179 0.089 1.069
Gyro: 8.316 48.400 -24.719
Accel: 0.182 0.094 1.053
Gyro: 10.986 47.302 -31.005
Accel: 0.168 0.114 1.024
Gyro: 14.007 44.891 -36.575
Accel: 0.163 0.121 1.007
Gyro: 16.143 41.595 -39.794
Accel: 0.159 0.130 0.992
Gyro: 17.211 37.689 -40.802
Accel: 0.165 0.148 0.989
Gyro: 17.257 33.920 -40.115
Accel: 0.182 0.165 0.990
Gyro: 16.326 31.234 -38.619
Accel: 0.193 0.187 0.992
Gyro: 14.724 29.739 -37.506
Accel: 0.203 0.217 0.997
Gyro: 12.237 27.862 -36.926
Accel: 0.201 0.310 1.0001
Gyro: 10.375 26.504 -37.521
Accel: 0.198 0.268 1.003
Gyro: 9.292 24.414 -39.855
Accel: 0.126 0.282 1.006
Gyro: 8.850 20.263 -43.777
Accel: 0.170 0.290 1.005
Gyro: 9.902 15.121 -48.721
Accel: 0.151 0.287 1.005
Gyro: 12.374 9.399 -53.421
Accel: 0.119 0.278 1.007
Gyro: 16.265 3.204 -57.769
Accel: 0.084 0.249 1.012
Gyro: 20.828 -3.997 -60.638
Accel: 0.054 0.215 1.015
Gyro: 30.929 -15.625 -60.714
Accel: 0.026 0.177 1.014
Gyro: 34.118 -19.668 -58.273
Accel: 0.007 0.146 1.014
Gyro: 41.717 -28.137 -53.604
Accel: 0.034 0.117 1.015
Gyro: 49.591 -36.895 -47.378
Accel: 0.049 0.095 1.016
Gyro: 57.632 -45.074 -40.252
Accel: 0.064 0.083 1.014
Gyro: 65.399 -52.688 -33.874
Accel: 0.078 0.080 1.013
Gyro: 72.387 -58.944 -23.803
Accel: 0.083 0.071 1.0010
Gyro: 78.933 -63.385 -22.354
Accel: 0.087 0.072 0.998
Gyro: 84.304 -67.016 -17.883
Accel: 0.085 0.068 0.997
Gyro: 88.333 -71.060 -14.541
Accel: 0.093 0.070 0.990
Gyro: 91.583 -74.584 -12.069
Accel: 0.106 0.078 0.981
Gyro: 95.031 -76.843 -9.796
Accel: 0.114 0.073 0.966
Gyro: 97.488 -78.277 -8.346
Accel: 0.117 0.079 0.946
Gyro: 97.793 -79.620 -6.927
Accel: 0.120 0.089 0.933
Gyro: 95.611 -79.956 -5.477
Accel: 0.122 0.105 0.925
Gyro: 91.384 -79.132 0.045
Accel: 0.115 0.116 0.917
Gyro: 82.321 -77.636 -3.417
Accel: 0.107 0.186 0.911
Gyro: 79.544 -74.951 -3.677
Accel: 0.0100 0.134 0.906
Gyro: 71.655 -71.655 -4.074
Accel: 0.088 0.143 0.905
Gyro: 58.670 -66.894 -5.111
Accel: 0.087 0.154 0.905
Gyro: 53.466 -59.051 -6.622
Accel: 0.099 0.168 0.903
Gyro: 43.640 -48.416 -7.904
Accel: 0.105 0.167 0.894
Gyro: 32.806 -36.041 -8.239
Accel: 0.109 0.165 0.877
Gyro: 20.919 -20.004 -7.400
Accel: 0.107 0.169 0.863
Gyro: 7.568 -11.672 -5.493
Accel: 0.113 0.174 0.850
Gyro: -5.081 -1.663 -3.738
Accel: 0.129 0.188 0.842
Gyro: -17.913 7.125 -2.166
Accel: 0.139 0.195 0.848
Gyro: -29.083 13.122 0.289
Accel: 0.139 0.201 0.856
Gyro: -37.429 17.410 1.815
Accel: 0.143 0.205 0.866
Gyro: -42.755 20.065 4.379
Accel: 0.143 0.209 0.876
Gyro: -45.257 21.743 6.668
Accel: 0.137 0.210 0.885
Gyro: -45.944 22.659 8.819
Accel: 0.131 0.221 0.900
Gyro: -45.333 23.361 10.375
Accel: 0.122 0.225 0.917
Gyro: -43.472 23.727 11.0001
Accel: 0.114 0.227 0.930
Gyro: -40.222 24.230 11.352
Accel: 0.104 0.233 0.943
Gyro: -36.0010 23.818 12.237
Accel: 0.093 0.234 0.956
Gyro: -32.455 22.033 13.656
Accel: 0.098 0.242 0.971
Gyro: -28.274 20.935 15.960
Accel: 0.096 0.248 0.982
Gyro: -23.544 21.072 18.585
Accel: 0.084 0.246 0.983
Gyro: -19.546 20.706 21.697
Accel: 0.062 0.255 0.989
Gyro: -17.547 18.051 23.803
Accel: 0.055 0.270 0.997
Gyro: -16.677 15.136 24.185
Accel: 0.045 0.282 1.011
Gyro: -15.838 12.634 23.574
Accel: 0.033 0.282 1.024
Gyro: -15.487 10.772 22.644
Accel: 0.022 0.280 1.034
Gyro: -15.014 8.926 22.201
Accel: 0.0000 0.267 1.061
Gyro: -15.319 5.905 22.354
Accel: 0.031 0.256 1.0100
Gyro: -15.747 3.921 22.903
Accel: 0.052 0.251 1.143
Gyro: -13.702 6.332 23.818
Accel: 0.071 0.242 1.163
Gyro: -9.948 15.258 24.703
Accel: 0.081 0.235 1.168
Gyro: -6.713 17.929 25.558
Accel: 0.091 0.232 1.159
Gyro: 0.091 24.291 27.343
Accel: 0.095 0.230 1.143
Gyro: -2.761 28.701 29.800
Accel: 0.099 0.231 1.127
Gyro: -2.655 31.539 32.577
Accel: 0.101 0.233 1.114
Gyro: -1.998 33.645 34.790
Accel: 0.111 0.238 1.099
Gyro: 0.762 34.149 36.148
Accel: 0.116 0.242 1.088
Gyro: 0.534 32.516 36.651
Accel: 0.119 0.249 1.077
Gyro: 3.112 30.593 36.178
Accel: 0.123 0.248 1.064
Gyro: 6.790 28.854 35.125
Accel: 0.131 0.252 1.048
Gyro: 10.955 26.992 33.615
Accel: 0.133 0.258 1.025
Gyro: 13.610 24.322 31.982
Accel: 0.133 0.262 1.0000
Gyro: 19.409 22.048 30.380
Accel: 0.608 0.486 0.794
Gyro: -27.496 36.483 21.484
Accel: 0.593 0.483 0.796
Gyro: -28.228 39.337 20.416
Accel: 0.580 0.478 0.797
Gyro: -27.633 40.740 19.287
Accel: 0.571 0.471 0.798
Gyro: -25.756 40.863 18.417
Accel: 0.566 0.464 0.796
Gyro: -23.452 39.718 17.517
Accel: 0.567 0.450 0.802
Gyro: -21.041 37.551 16.525
Accel: 0.563 0.445 0.805
Gyro: -18.005 35.308 15.289
Accel: 0.552 0.375 0.807
Gyro: -13.687 33.233 14.404
Accel: 0.544 0.429 0.807
Gyro: -8.712 31.295 13.778
Accel: 0.545 0.418 0.806
Gyro: -3.723 29.190 13.351
Accel: 0.546 0.411 0.804
Gyro: 1.251 27.633 13.107
Accel: 0.549 0.404 0.802
Gyro: 5.447 26.885 13.504
Accel: 0.557 0.398 0.803
Gyro: 9.017 27.206 14.587
Accel: 0.567 0.394 0.802
Gyro: 11.688 28.656 15.991
Accel: 0.572 0.396 0.802
Gyro: 13.809 30.853 17.379
Accel: 0.576 0.400 0.798
Gyro: 15.930 32.730 17.944
Accel: 0.580 0.402 0.792
Gyro: 17.517 35.064 17.608
Accel: 0.582 0.405 0.785
Gyro: 18.325 37.902 16.571
Accel: 0.582 0.409 0.775
Gyro: 18.066 40.313 15.060
Accel: 0.576 0.409 0.765
Gyro: 17.181 43.045 13.320
Accel: 0.568 0.409 0.754
Gyro: 15.823 46.142 11.505
Accel: 0.561 0.406 0.743
Gyro: 13.504 48.904 10.269
Accel: 0.562 0.404 0.741
Gyro: 11.199 51.101 9.033
Accel: 0.553 0.410 0.746
Gyro: 9.048 53.482 7.812
Accel: 0.540 0.418 0.747
Gyro: 7.934 56.915 6.866
Accel: 0.524 0.423 0.740
Gyro: 6.423 59.982 6.225
Accel: 0.508 0.423 0.729
Gyro: 3.280 61.645 5.996
Accel: 0.486 0.426 0.716
Gyro: -1.342 62.194 6.240
Accel: 0.478 0.423 0.708
Gyro: -6.500 62.072 6.576
Accel: 0.474 0.420 0.707
Gyro: -11.718 60.928 6.790
Accel: 0.464 0.421 0.709
Gyro: -15.640 58.471 6.561
Accel: 0.461 0.415 0.722
Gyro: -18.447 55.801 6.042
Accel: 0.465 0.400 0.738
Gyro: -19.714 53.161 5.767
Accel: 0.463 0.386 0.753
Gyro: -19.409 51.177 5.813
Accel: 0.448 0.380 0.761
Gyro: -18.035 49.362 6.408
Accel: 0.437 0.373 0.759
Gyro: -16.204 47.103 7.156
Accel: 0.427 0.360 0.755
Gyro: -15.838 43.609 8.819
Accel: 0.403 0.355 0.727
Gyro: -15.945 40.390 9.933
Accel: 0.377 0.357 0.718
Gyro: -14.968 37.704 10.833
Accel: 0.342 0.355 0.707
Gyro: -13.427 33.676 11.322
Accel: 0.289 0.342 0.688
Gyro: -12.420 25.695 12.252
Accel: 0.264 0.315 0.687
Gyro: -11.581 16.754 14.434
Accel: 0.241 0.291 0.684
Gyro: -11.230 6.622 19.119
Accel: 0.257 0.283 0.673
Gyro: -11.901 -4.989 30.548
Accel: 0.194 0.311 0.711
Gyro: -14.602 -13.732 35.476
Accel: 0.130 0.332 0.721
Gyro: -14.389 -29.983 42.175
Accel: 0.067 0.343 0.811
Gyro: -10.147 -45.150 48.217
Accel: 0.018 0.338 0.768
Gyro: -2.532 -62.698 55.084
Accel: 0.007 0.253 0.771
Gyro: 9.292 -88.882 61.935
Accel: 0.032 0.266 0.759
Gyro: 24.108 -118.316 71.517
Accel: 0.038 0.218 0.741
Gyro: 37.445 -149.246 85.662
Accel: 0.053 0.176 0.756
Gyro: 49.362 -179.580 105.346
Accel: 0.146 0.184 0.839
Gyro: 70.068 -198.593 114.120
Accel: 0.232 0.217 0.885
Gyro: 94.543 -202.423 124.603
Accel: 0.305 0.251 0.900
Gyro: 113.830 -203.842 123.886
Accel: 0.361 0.282 0.891
Gyro: 136.016 -201.492 126.205
Accel: 0.427 0.284 0.852
Gyro: 145.477 -195.571 129.531
Accel: 0.484 0.283 0.802
Gyro: 152.099 -188.613 134.658
Accel: 0.565 0.271 0.774
Gyro: 152.999 -182.128 140.640
Accel: 0.684 0.285 0.777
Gyro: 150.695 -175.354 144.058
Accel: 0.775 0.315 0.760
Gyro: 147.918 -164.581 142.105
Accel: 0.823 0.350 0.739
Gyro: 144.653 -154.998 134.887
Accel: 0.834 0.385 0.710
Gyro: 139.968 -145.996 124.832
Accel: 0.824 0.394 0.676
Gyro: 134.048 -133.422 114.913
Accel: 0.820 0.365 0.658
Gyro: 128.219 -125.656 107.437
Accel: 0.859 0.325 0.652
Gyro: 121.124 -118.774 102.096
Accel: 0.896 0.289 0.643
Gyro: 124.374 -104.614 97.473
Accel: 0.971 0.264 0.625
Gyro: 122.879 -88.577 93.017
Accel: 1.040 0.260 0.590
Gyro: 118.072 -69.396 87.707
Accel: 1.049 0.268 0.546
Gyro: 109.558 -51.0010 80.688
Accel: 1.021 0.267 0.437
Gyro: 97.717 -37.429 70.388
Accel: 0.972 0.228 0.455
Gyro: 88.165 -23.864 69.839
Accel: 0.894 0.180 0.423
Gyro: 81.085 -27.374 67.871
Accel: 0.843 0.110 0.401
Gyro: 79.666 -32.180 69.229
Accel: 0.804 0.041 0.392
Gyro: 84.304 -39.733 73.364
Accel: 0.795 0.004 0.383
Gyro: 93.719 -46.691 77.865
Accel: 0.929 0.028 0.406
Gyro: 104.431 -55.511 80.642
Accel: 0.989 0.051 0.436
Gyro: 114.212 -63.034 78.842
Accel: 1.147 0.052 0.467
Gyro: 121.704 -65.216 73.120
Accel: 1.264 0.011 0.489
Gyro: 124.191 -60.241 59.494
Accel: 1.324 0.029 0.506
Gyro: 117.263 -45.654 51.025
Accel: 1.349 0.048 0.516
Gyro: 110.153 -17.730 38.833
Accel: 1.357 0.057 0.515
Gyro: 104.522 10.101 29.327
Accel: 1.364 0.066 0.510
Gyro: 93.276 48.233 21.057
Accel: 1.366 0.078 0.532
Gyro: 79.254 96.725 12.634
Accel: 1.360 0.077 0.535
Gyro: 61.264 151.611 4.974
Accel: 1.362 0.074 0.555
Gyro: 39.047 210.556 0.259
Accel: 1.335 0.054 0.547
Gyro: 16.372 272.521 -7.781
Accel: 1.275 0.021 0.531
Gyro: -4.089 327.880 0.167
Accel: 1.183 0.003 0.506
Gyro: -20.126 369.705 0.396
Accel: 1.105 0.017 0.476
Gyro: -38.452 401.580 8.392
Accel: 1.041 0.027 0.462
Gyro: -44.860 426.132 17.974
Accel: 0.995 0.014 0.472
Gyro: -50.552 441.085 26.626
Accel: 0.979 0.046 0.518
Gyro: -52.093 445.526 33.233
Accel: 0.986 0.105 0.585
Gyro: -50.308 437.515 39.718
Accel: 0.941 0.128 0.686
Gyro: -44.418 415.802 48.004
Accel: 0.919 0.163 0.794
Gyro: -33.187 387.985 55.709
Accel: 0.912 0.166 0.907
Gyro: -12.939 366.806 61.645
Accel: 0.889 0.128 0.977
Gyro: 10.253 342.712 63.400
Accel: 0.882 0.088 0.996
Gyro: 33.279 317.138 59.844
Accel: 0.871 0.034 1.007
Gyro: 53.756 289.489 50.949
Accel: 1.250 0.180 1.185
Gyro: 64.285 277.481 42.343
Accel: 1.514 0.484 1.320
Gyro: 64.895 300.750 10.757
Accel: 1.578 0.530 1.313
Gyro: 74.737 315.612 -27.862
Accel: 1.585 0.480 1.338
Gyro: 95.626 342.330 -59.860
Accel: 1.552 0.294 1.245
Gyro: 117.584 378.036 -84.976
Accel: 1.435 0.106 0.993
Gyro: 133.270 402.359 -101.074
Accel: 1.247 0.008 0.587
Gyro: 148.086 414.520 -106.857
Accel: 1.059 0.115 0.436
Gyro: 150.970 413.665 -111.923
Accel: 0.696 0.155 0.253
Gyro: 152.069 414.657 -113.800
Accel: 0.581 0.264 0.281
Gyro: 147.323 421.646 -116.180
Accel: 0.404 0.035 0.292
Gyro: 114.700 401.901 -129.272
Accel: 0.328 0.004 0.015
Gyro: 93.856 402.359 -118.087
Accel: 0.429 0.009 0.181
Gyro: 92.376 414.672 -93.597
Accel: 0.326 0.058 0.048
Gyro: 114.929 459.503 -62.164
Accel: 0.149 0.033 0.271
Gyro: 149.566 496.337 -45.104
Accel: 0.005 0.066 0.319
Gyro: 182.693 499.984 -43.991
Accel: 0.029 0.051 0.592
Gyro: 196.975 499.984 -52.551
Accel: 0.281 0.080 0.551
Gyro: 195.999 499.984 -60.668
Accel: 0.301 0.079 0.386
Gyro: 201.736 499.984 -66.253
Accel: 0.823 0.200 0.781
Gyro: 170.532 402.603 -69.229
Accel: 0.857 0.201 0.782
Gyro: 134.536 306.030 -76.217
Accel: -1.046 0.171 0.817
Gyro: 83.862 186.492 -96.496
Accel: -1.189 0.185 0.552
Gyro: 47.454 110.961 -109.817
Accel: -1.377 0.428 0.239
Gyro: 37.048 71.609 -97.763
Accel: -1.416 0.490 0.225
Gyro: 33.538 42.816 -73.074
Accel: -1.354 0.566 0.219
Gyro: 31.158 13.824 -38.711
Accel: -1.207 0.551 0.218
Gyro: 30.532 -1.861 -6.530
Accel: -1.118 0.416 0.317
Gyro: 34.729 -18.844 14.144
Accel: -1.031 0.302 0.380
Gyro: 43.029 -42.388 23.818
Accel: 0.970 0.251 0.380
Gyro: 54.977 -69.183 28.015
Accel: 0.947 0.236 0.336
Gyro: 63.796 -94.467 30.532
Accel: 0.946 0.230 0.296
Gyro: 64.559 -125.228 31.723
Accel: 0.936 0.263 0.257
Gyro: 57.342 -160.415 33.218
Accel: 0.915 0.323 0.195
Gyro: 40.557 -194.961 36.209
Accel: 0.917 0.408 0.144
Gyro: 24.658 -224.349 41.534
Accel: 0.893 0.475 0.166
Gyro: 10.330 -256.088 48.828
Accel: 0.903 0.497 0.162
Gyro: -12.725 -293.640 52.520
Accel: 0.885 0.481 0.135
Gyro: -39.871 -342.285 52.139
Accel: 0.901 0.454 0.103
Gyro: -73.013 -403.549 48.110
Accel: 0.892 0.463 0.123
Gyro: -105.239 -486.206 46.417
Accel: 0.897 0.453 0.142
Gyro: -139.465 -499.969 43.502
Accel: 0.699 0.317 0.263
Gyro: -162.322 -499.969 44.738
Accel: 0.345 0.427 0.429
Gyro: -171.981 -499.969 47.668
Accel: 0.0100 0.420 0.540
Gyro: -161.636 -499.969 35.705
Accel: 0.382 0.195 0.549
Gyro: -135.284 -499.969 -5.630
Accel: 0.383 0.002 0.797
Gyro: -87.478 -499.969 -18.463
Accel: 0.093 0.204 0.883
Gyro: -64.331 -499.969 -10.375
Accel: 0.305 0.414 1.078
Gyro: -58.090 -499.969 0.488
Accel: 0.483 0.611 1.354
Gyro: -20.355 -499.969 4.745
Accel: 0.730 0.803 2.039
Gyro: -9.750 -499.969 26.367
Accel: 1.030 0.645 1.884
Gyro: 0.320 -480.026 47.546
Accel: 1.515 0.161 1.788
Gyro: 18.798 -352.279 36.834
Accel: 1.787 0.596 1.666
Gyro: 38.330 -231.689 5.661
Accel: 1.571 0.674 1.513
Gyro: 70.236 -117.019 -17.913
Accel: 1.272 0.780 1.305
Gyro: 107.101 12.878 -34.652
Accel: 1.0000 0.827 0.968
Gyro: 134.582 138.076 -39.321
Accel: 1.0001 0.833 0.744
Gyro: 156.600 245.864 -50.125
Accel: 1.070 0.648 0.146
Gyro: 187.118 335.433 -70.114
Accel: 1.083 0.480 0.292
Gyro: 214.172 399.246 -94.680
Accel: 1.150 0.494 0.522
Gyro: 211.013 464.218 -120.681
Accel: 0.903 0.194 0.619
Gyro: 195.617 490.646 -147.384
Accel: 0.728 0.089 0.675
Gyro: 183.914 499.984 -181.488
Accel: 0.376 0.272 0.697
Gyro: 145.507 499.984 -235.397
Accel: 0.302 0.221 0.761
Gyro: 92.575 493.881 -271.850
Accel: 0.018 0.043 0.735
Gyro: 50.186 461.380 -273.452
Accel: 0.353 0.191 0.793
Gyro: 12.0100 397.171 -259.643
Accel: 0.787 0.470 0.786
Gyro: -28.640 301.864 -229.980
Accel: -1.431 0.801 0.533
Gyro: -98.815 160.522 -191.253
Accel: -2.093 0.902 0.187
Gyro: -216.644 -32.135 -143.020
Accel: -2.223 0.701 1.002
Gyro: -348.526 -232.009 -96.435
Accel: -1.836 0.254 1.754
Gyro: -430.007 -417.465 -68.038
Accel: -1.445 0.003 2.769
Gyro: -431.793 -499.969 -62.606
Accel: -1.212 0.248 3.790
Gyro: -241.134 -447.235 -45.104
Accel: 0.446 0.928 4.623
Gyro: 0.381 -346.939 -8.499
Accel: 0.697 0.986 4.333
Gyro: 176.986 -268.539 -14.709
Accel: 0.642 0.825 3.629
Gyro: 315.353 -212.493 -13.305
Accel: 0.204 0.796 2.607
Gyro: 416.336 -153.533 -1.647
Accel: 0.131 0.690 1.545
Gyro: 482.620 -94.833 9.597
Accel: 0.218 0.546 0.468
Gyro: 499.984 -54.885 14.297
Accel: 0.383 0.287 0.390
Gyro: 499.984 -20.843 12.161
Accel: 0.439 0.084 -1.232
Gyro: 491.134 -8.163 4.074
Accel: 0.374 0.077 -2.031
Gyro: 422.363 -19.332 -7.995
Accel: 0.257 0.312 -2.595
Gyro: 321.777 -47.088 -22.644
Accel: 0.162 0.542 -2.895
Gyro: 193.954 -74.996 -27.740
Accel: 0.111 0.517 -3.155
Gyro: 50.399 -90.316 -38.848
Accel: 0.030 0.501 -3.221
Gyro: -86.822 -97.229 -38.406
Accel: 0.184 0.385 -3.096
Gyro: -208.602 -88.897 -36.117
Accel: 0.317 0.277 -2.806
Gyro: -311.172 -68.054 -23.406
Accel: 0.301 0.098 -2.348
Gyro: -396.057 -28.808 -7.232
Accel: 0.125 0.110 -1.853
Gyro: -466.384 19.866 7.934
Accel: 0.137 0.327 -1.299
Gyro: -499.969 74.554 25.146
Accel: 0.178 0.566 0.729
Gyro: -499.969 136.016 46.661
Accel: 0.217 0.813 0.197
Gyro: -499.969 190.750 69.946
Accel: 0.349 -1.033 0.494
Gyro: -499.969 237.182 87.860
Accel: 0.598 -1.335 1.172
Gyro: -499.969 249.359 104.400
Accel: 0.533 -1.916 2.217
Gyro: -499.969 168.731 101.181
Accel: 0.316 -2.680 3.495
Gyro: -499.969 22.399 82.229
Accel: 0.151 -2.903 4.816
Gyro: -411.636 -85.586 53.787
Accel: 0.357 -2.259 5.255
Gyro: -229.095 -173.599 26.077
Accel: 0.330 -1.731 5.190
Gyro: -48.126 -232.498 8.087
Accel: 0.174 -1.385 4.612
Gyro: 99.288 -282.104 -2.807
Accel: 0.077 0.975 3.821
Gyro: 201.492 -323.654 -9.841
Accel: 0.081 0.757 2.762
Gyro: 263.610 -360.473 -13.229
Accel: 0.209 0.570 2.367
Gyro: 293.975 -397.750 -9.292
Accel: 0.233 0.472 1.733
Gyro: 314.224 -435.806 0.289
Accel: 0.216 0.311 1.202
Gyro: 326.538 -474.212 10.635
Accel: 0.164 0.217 0.886
Gyro: 325.775 -498.291 28.686
Accel: 0.027 0.182 0.567
Gyro: 307.754 -499.969 56.381
Accel: 0.411 0.062 0.337
Gyro: 271.301 -483.947 77.651
Accel: 0.675 0.232 0.066
Gyro: 227.645 -449.584 86.410
Accel: 0.975 0.312 0.196
Gyro: 191.329 -412.338 85.708
Accel: 1.127 0.316 0.204
Gyro: 180.068 -390.243 54.748
Accel: 1.229 0.322 0.238
Gyro: 181.228 -355.850 50.659
Accel: 1.143 0.318 0.395
Gyro: 156.845 -293.502 54.687
Accel: 1.306 0.545 0.459
Gyro: 130.325 -224.029 51.574
Accel: 1.424 0.610 0.515
Gyro: 104.324 -157.623 40.512
Accel: 1.384 0.652 0.607
Gyro: 80.642 -80.0001 30.075
Accel: 1.389 0.665 0.664
Gyro: 54.489 0.198 19.256
Accel: 1.382 0.632 0.676
Gyro: 29.296 81.085 0.686
Accel: 1.384 0.603 0.636
Gyro: 3.570 159.454 -18.646
Accel: 1.411 0.540 0.553
Gyro: -20.019 238.906 -36.254
Accel: 1.456 0.438 0.496
Gyro: -41.671 322.036 -59.020
Accel: 1.472 0.315 0.206
Gyro: -55.572 413.604 -81.771
Accel: 1.501 0.274 0.098
Gyro: -60.775 490.661 -104.690
Accel: 1.502 0.146 0.014
Gyro: -53.146 499.984 -127.395
Accel: 1.475 0.039 0.005
Gyro: -43.655 499.984 -149.093
Accel: 1.461 0.098 0.007
Gyro: -37.597 499.984 -166.915
Accel: 1.343 0.248 0.005
Gyro: -29.479 499.984 -184.509
Accel: 1.145 0.433 0.018
Gyro: -35.842 499.984 -195.358
Accel: 0.775 0.315 0.090
Gyro: -54.168 499.984 -212.982
Accel: 0.390 0.671 0.153
Gyro: -56.686 499.984 -221.252
Accel: 0.088 -1.049 0.276
Gyro: -26.046 499.984 -206.039
Accel: 0.733 -1.162 0.426
Gyro: 38.238 499.984 -170.501
Accel: 0.980 0.896 0.333
Gyro: 95.291 499.984 -151.947
Accel: -1.290 0.571 0.082
Gyro: 124.176 499.984 -158.630
Accel: -1.870 0.006 0.015
Gyro: 85.357 461.639 -162.811
Accel: -2.439 0.699 0.086
Gyro: 3.219 299.087 -155.471
Accel: -2.333 1.108 0.120
Gyro: -82.992 176.574 -148.147
Accel: -1.767 1.229 0.199
Gyro: -127.639 89.233 -147.262
Accel: -1.360 0.947 0.222
Gyro: -120.361 29.815 -140.579
Accel: -1.244 0.603 0.554
Gyro: -87.570 -33.874 -110.977
Accel: -1.286 0.472 0.732
Gyro: -52.963 -102.294 -86.898
Accel: -1.093 0.365 0.797
Gyro: -20.843 -174.758 -69.641
Accel: 0.943 0.307 0.857
Gyro: 1.205 -261.566 -51.498
Accel: 0.980 0.276 0.807
Gyro: 20.324 -355.575 -30.502
Accel: 0.817 0.166 0.706
Gyro: 36.666 -448.120 -14.038
Accel: 0.774 0.071 0.622
Gyro: 44.006 -499.969 -3.189
Accel: 0.652 0.079 0.601
Gyro: 46.676 -499.969 -2.960
Accel: 0.450 0.205 0.583
Gyro: 47.988 -499.969 -9.567
Accel: 0.296 0.412 0.625
Gyro: 47.622 -499.969 -10.467
Accel: 0.057 0.529 0.702
Gyro: 41.198 -499.969 -1.037
Accel: 0.118 0.553 0.726
Gyro: 34.194 -499.969 13.183
Accel: 0.102 0.749 0.763
Gyro: 20.919 -499.969 33.493
Accel: 0.103 0.747 0.875
Gyro: 22.705 -499.969 54.489
Accel: 0.222 0.615 0.963
Gyro: 27.465 -499.969 69.976
Accel: 0.463 0.510 0.861
Gyro: 29.891 -499.862 71.380
Accel: 0.624 0.337 0.832
Gyro: 33.081 -439.697 75.698
Accel: 0.699 0.320 0.975
Gyro: 43.304 -376.342 86.074
Accel: 0.789 0.209 0.964
Gyro: 55.419 -307.601 93.399
Accel: 0.881 0.027 0.934
Gyro: 71.411 -249.420 89.584
Accel: 0.900 0.103 0.780
Gyro: 93.460 -188.262 83.740
Accel: 0.864 0.130 0.583
Gyro: 110.260 -142.501 82.641
Accel: 0.846 0.081 0.373
Gyro: 127.105 -95.184 77.041
Accel: 0.872 0.199 0.270
Gyro: 131.027 -34.423 56.625
Accel: 0.919 0.432 0.158
Gyro: 118.713 34.332 30.639
Accel: 0.971 0.592 0.040
Gyro: 98.815 97.274 0.305
Accel: 0.996 0.502 0.027
Gyro: 76.904 163.162 -27.709
Accel: 1.023 0.487 0.155
Gyro: 48.416 228.820 -53.802
Accel: 1.020 0.447 0.342
Gyro: 22.216 298.309 -79.437
Accel: 0.971 0.394 0.500
Gyro: -4.501 357.208 -103.118
Accel: 0.903 0.310 0.600
Gyro: -39.642 410.598 -123.672
Accel: 0.773 0.282 0.618
Gyro: -82.946 459.579 -143.127
Accel: 0.657 0.149 0.599
Gyro: -138.046 496.643 -152.587
Accel: 0.514 0.020 0.519
Gyro: -205.444 499.984 -166.717
Accel: 0.219 0.182 0.495
Gyro: -294.769 499.984 -174.865
Accel: 0.152 0.149 0.308
Gyro: -400.909 499.984 -168.395
Accel: 0.648 0.423 0.109
Gyro: -499.603 472.229 -148.727
Accel: -1.078 0.888 0.482
Gyro: -499.969 382.980 -127.029
Accel: -1.266 -1.459 0.901
Gyro: -499.969 262.557 -112.136
Accel: -1.490 -1.710 1.350
Gyro: -499.969 163.208 -103.515
Accel: -1.574 -1.455 1.945
Gyro: -477.539 109.893 -94.390
Accel: -1.237 -1.204 2.335
Gyro: -362.716 66.223 -85.205
Accel: 0.634 -1.0001 2.626
Gyro: -277.740 41.717 -79.803
Accel: 0.204 0.881 2.837
Gyro: -202.713 36.880 -78.918
Accel: 0.061 0.989 2.772
Gyro: -112.243 34.408 -80.780
Accel: 0.134 0.936 2.451
Gyro: -8.483 8.331 -83.709
Accel: 0.273 0.896 2.175
Gyro: 67.138 -19.042 -80.581
Accel: 0.319 0.903 1.845
Gyro: 115.554 -42.587 -68.313
Accel: 0.396 0.882 1.534
Gyro: 140.335 -53.070 -53.710
Accel: 0.377 0.822 1.310
Gyro: 149.948 -55.618 -37.826
Accel: 0.350 0.717 1.123
Gyro: 146.865 -54.0000 -20.248
Accel: 0.304 0.608 0.989
Gyro: 135.223 -47.576 -11.169
Accel: 0.232 0.504 0.895
Gyro: 117.462 -44.311 -1.388
Accel: 0.150 0.427 0.827
Gyro: 99.822 -35.018 6.179
Accel: 0.067 0.364 0.801
Gyro: 81.558 -19.897 11.398
Accel: 0.014 0.329 0.774
Gyro: 66.207 -12.847 13.916
Accel: 0.022 0.307 0.748
Gyro: 53.421 -5.020 14.495
Accel: 0.028 0.282 0.724
Gyro: 43.136 0.198 14.572
Accel: 0.005 0.261 0.701
Gyro: 34.973 2.670 14.663
Accel: 0.023 0.263 0.679
Gyro: 27.496 4.898 15.136
Accel: 0.044 0.280 0.665
Gyro: 18.829 5.447 15.548
Accel: 0.049 0.296 0.663
Gyro: 9.552 3.890 14.617
Accel: 0.063 0.310 0.669
Gyro: 0.885 1.876 13.275
Accel: 0.094 0.318 0.687
Gyro: -9.323 1.190 13.183
Accel: 0.104 0.317 0.705
Gyro: -15.991 2.059 13.641
Accel: 0.104 0.307 0.717
Gyro: -21.423 3.005 13.412
Accel: 0.111 0.312 0.729
Gyro: -25.665 2.960 12.939
Accel: 0.124 0.315 0.745
Gyro: -27.923 1.190 12.420
Accel: 0.135 0.312 0.765
Gyro: -27.511 -2.319 11.947
Accel: 0.132 0.316 0.786
Gyro: -25.726 -6.240 10.940
Accel: 0.128 0.332 0.812
Gyro: -19.775 -10.330 9.201
Accel: 0.125 0.350 0.841
Gyro: -20.767 -12.084 7.202
Accel: 0.132 0.365 0.864
Gyro: -16.494 -11.459 5.065
Accel: 0.141 0.384 0.882
Gyro: -11.993 -9.277 3.158
Accel: 0.150 0.402 0.893
Gyro: -9.582 -5.920 1.312
Accel: 0.161 0.422 0.905
Gyro: -9.857 -1.861 0.274
Accel: 0.175 0.438 0.912
Gyro: -10.772 3.143 -1.892
Accel: 0.189 0.456 0.918
Gyro: -12.619 8.682 -3.433
Accel: 0.204 0.466 0.927
Gyro: -14.953 13.992 -4.699
Accel: 0.211 0.462 0.934
Gyro: -17.532 18.768 -5.844
Accel: 0.217 0.458 0.944
Gyro: -19.439 23.483 -6.790
Accel: 0.219 0.458 0.947
Gyro: -20.217 27.542 -7.629
Accel: 0.225 0.469 0.948
Gyro: -19.561 29.159 -8.483
Accel: 0.224 0.479 0.950
Gyro: -18.310 28.579 -10.086
Accel: 0.233 0.478 0.959
Gyro: -11.947 26.885 -11.566
Accel: 0.232 0.477 0.954
Gyro: -12.832 24.505 -11.947
Accel: 0.262 0.459 0.962
Gyro: -7.415 22.994 -11.230
Accel: 0.265 0.465 0.948
Gyro: -3.067 21.881 -9.796
Accel: 0.268 0.457 0.933
Gyro: 0.213 21.530 -7.797
