Accel: 0.067 0.125 1.0000
Gyro: 0.534 1.083 -4.226
Accel: 0.034 0.125 1.026
Gyro: 0.610 -3.860 -3.158
Accel: 0.034 0.186 0.985
Gyro: 1.296 0.503 -2.166
Accel: 0.039 0.134 0.968
Gyro: 0.122 0.579 -1.022
Accel: 0.007 0.114 1.038
Gyro: 0.305 0.091 0.976
Accel: 0.067 0.111 1.0010
Gyro: 0.320 0.762 0.762
Accel: 0.069 0.105 0.988
Gyro: 0.366 0.335 0.259
Accel: 0.071 0.103 0.999
Gyro: -1.373 0.122 0.076
Accel: 0.070 0.110 1.0010
Gyro: 0.991 0.137 0.320
Accel: 0.066 0.115 0.993
Gyro: 0.595 0.030 0.381
Accel: 0.063 0.120 0.990
Gyro: 0.656 0.305 0.030
Accel: 0.059 0.117 1.015
Gyro: 0.717 0.183 0.274
Accel: 0.037 0.097 1.008
Gyro: 0.335 0.350 0.747
Accel: 0.052 0.114 0.989
Gyro: 0.244 0.488 -1.220
Accel: 0.067 0.111 0.995
Gyro: 0.015 0.137 -1.037
Accel: 0.074 0.112 0.994
Gyro: 0.305 0.427 0.518
Accel: 0.072 0.109 1.0001
Gyro: 0.289 0.366 0.045
Accel: 0.002 0.095 1.016
Gyro: 0.015 0.473 0.488
Accel: 0.002 0.111 1.019
Gyro: 0.122 0.030 0.701
Accel: 0.061 0.124 0.997
Gyro: 0.610 0.091 0.381
Accel: 0.065 0.133 1.003
Gyro: 0.228 0.274 0.091
Accel: 0.070 0.133 0.981
Gyro: 0.320 0.213 0.289
Accel: 0.056 0.114 1.060
Gyro: 0.045 3.875 0.564
Accel: 0.060 0.116 1.019
Gyro: 0.259 0.198 0.549
Accel: 0.064 0.111 0.998
Gyro: 0.320 0.656 0.473
Accel: 0.066 0.111 0.988
Gyro: 0.167 0.427 0.305
Accel: 0.066 0.112 1.0010
Gyro: 0.106 0.473 0.122
Accel: 0.061 0.115 0.995
Gyro: 0.488 0.717 0.076
Accel: 0.060 0.116 0.982
Gyro: 0.076 0.564 0.213
Accel: 0.060 0.116 1.009
Gyro: 0.015 0.305 0.259
Accel: 0.063 0.117 1.015
Gyro: 0.915 0.808 0.213
Accel: 0.062 0.113 0.989
Gyro: 0.930 0.808 0.305
Accel: 0.060 0.117 0.998
Gyro: 0.701 0.610 0.549
Accel: 0.060 0.112 1.002
Gyro: 0.808 0.808 0.411
Accel: 0.069 0.102 0.989
Gyro: 0.411 0.823 0.106
Accel: 0.066 0.109 0.993
Gyro: 0.061 0.686 0.244
Accel: 0.066 0.187 1.009
Gyro: 0.320 0.854 0.076
Accel: 0.067 0.116 1.005
Gyro: 0.244 -1.007 0.228
Accel: 0.056 0.108 1.005
Gyro: 0.091 -1.007 0.106
Accel: 0.059 0.115 0.995
Gyro: 0.213 -1.068 0.152
Accel: 0.071 0.115 0.994
Gyro: 0.335 0.839 0.640
Accel: 0.084 0.116 1.0000
Gyro: 0.778 0.656 -1.342
Accel: 0.070 0.114 0.995
Gyro: 0.732 0.762 -1.510
Accel: 0.060 0.109 0.998
Gyro: -3.906 0.396 -1.266
Accel: 0.051 0.104 1.008
Gyro: 0.503 0.610 0.915
Accel: 0.053 0.109 1.0000
Gyro: 0.213 0.747 0.045
Accel: 0.066 0.114 0.992
Gyro: 0.091 0.793 0.488
Accel: 0.061 0.114 0.997
Gyro: 0.396 0.823 0.839
Accel: 0.059 0.116 1.002
Gyro: 0.381 0.640 0.747
Accel: 0.056 0.118 1.007
Gyro: 0.259 0.823 0.427
Accel: 0.058 0.121 1.007
Gyro: 0.274 0.793 0.061
Accel: 0.059 0.119 0.997
Gyro: 0.335 0.686 0.228
Accel: 0.058 0.117 1.0001
Gyro: 0.350 0.625 0.427
Accel: 0.061 0.114 0.990
Gyro: 0.457 0.595 0.411
Accel: 0.064 0.111 0.989
Gyro: 0.198 0.381 0.335
Accel: 0.074 0.117 1.006
Gyro: 0.335 0.595 3.890
Accel: 0.068 0.107 1.006
Gyro: 0.198 0.869 0.366
Accel: 0.059 0.105 0.994
Gyro: 0.381 0.976 0.473
Accel: 0.063 0.113 1.003
Gyro: 0.167 0.900 0.595
Accel: 0.057 0.0100 1.002
Gyro: 0.061 -1.144 1.144
Accel: 0.019 0.089 0.997
Gyro: 0.076 -1.129 2.426
Accel: 0.038 0.105 1.003
Gyro: 0.045 0.961 3.128
Accel: 0.058 0.103 1.007
Gyro: 0.152 -1.022 3.677
Accel: 0.063 0.109 0.999
Gyro: 0.0000 0.946 3.768
Accel: 0.071 0.117 1.0001
Gyro: 0.015 0.900 3.509
Accel: 0.071 0.122 0.997
Gyro: 0.335 0.930 2.960
Accel: 0.077 0.135 0.998
Gyro: 0.289 -1.174 1.998
Accel: 0.077 0.143 0.991
Gyro: 0.564 -1.144 0.915
Accel: 0.079 0.127 1.0000
Gyro: 1.190 0.183 0.381
Accel: 0.077 0.128 0.994
Gyro: 0.015 0.549 0.274
Accel: 0.062 0.121 1.008
Gyro: 0.656 0.579 0.274
Accel: 0.062 0.113 0.990
Gyro: 0.839 0.701 0.122
Accel: 0.065 0.135 0.991
Gyro: -3.860 0.610 0.045
Accel: 0.065 0.066 0.998
Gyro: 0.473 0.717 0.152
Accel: 0.062 0.110 1.0000
Gyro: 1.129 0.640 0.228
Accel: 0.068 0.122 0.993
Gyro: 0.259 0.457 0.442
Accel: 0.065 0.118 1.009
Gyro: 0.411 0.305 0.381
Accel: 0.060 0.109 1.007
Gyro: 0.762 0.518 0.488
Accel: 0.058 0.108 0.997
Gyro: 0.427 0.381 0.518
Accel: 0.054 0.106 1.0000
Gyro: 0.457 0.320 0.396
Accel: 0.058 0.107 0.993
Gyro: 0.488 0.473 0.427
Accel: 0.124 0.107 1.0000
Gyro: 0.259 0.442 0.167
Accel: 0.124 0.113 1.005
Gyro: 0.213 0.579 0.198
Accel: 0.061 0.115 1.002
Gyro: 0.427 0.656 0.152
Accel: 0.063 0.117 0.996
Gyro: 0.335 0.457 0.106
Accel: 0.060 0.114 0.999
Gyro: 0.183 0.488 0.122
Accel: 0.060 0.112 1.0001
Gyro: 0.244 0.717 0.244
Accel: 0.065 0.109 0.996
Gyro: 0.320 0.549 0.183
Accel: 0.065 0.110 1.0000
Gyro: 0.305 0.564 0.030
Accel: 0.064 0.114 0.994
Gyro: 0.488 0.625 0.122
Accel: 0.064 0.113 1.0000
Gyro: 0.228 0.518 0.228
Accel: 0.063 0.112 1.007
Gyro: 0.335 0.717 0.411
Accel: 0.049 0.108 0.999
Gyro: 0.442 0.762 0.839
Accel: 0.059 0.119 0.997
Gyro: 0.289 0.732 0.595
Accel: 0.067 0.119 1.0001
Gyro: 0.350 0.747 0.228
Accel: 0.0000 0.110 0.996
Gyro: 0.442 0.549 0.305
Accel: 0.063 0.112 1.004
Gyro: 0.335 0.625 0.289
Accel: 0.063 0.112 1.005
Gyro: 0.534 0.793 0.427
Accel: 0.064 0.116 0.996
Gyro: 0.854 0.717 0.427
Accel: 0.065 0.116 0.993
Gyro: 0.549 0.701 0.274
Accel: 0.060 0.112 1.0001
Gyro: 0.427 0.625 0.320
Accel: 0.062 0.113 1.004
Gyro: 0.625 0.839 0.320
Accel: 0.124 0.114 1.0000
Gyro: 0.625 0.900 0.305
Accel: 0.062 0.116 0.998
Gyro: 0.778 0.885 0.320
Accel: 0.062 0.115 0.997
Gyro: 0.595 0.778 0.244
Accel: 0.061 0.116 1.0001
Gyro: 0.473 0.656 0.061
Accel: 0.060 0.115 0.997
Gyro: 0.625 0.686 0.015
Accel: 0.060 0.116 0.999
Gyro: 0.488 0.564 0.137
Accel: 0.061 0.116 1.006
Gyro: 0.503 0.686 0.167
Accel: 0.061 0.115 0.999
Gyro: 0.732 0.671 0.259
Accel: 0.062 0.116 0.995
Gyro: 0.701 0.549 0.305
Accel: 0.089 0.125 0.997
Gyro: 0.579 0.457 -1.098
Accel: 0.067 0.116 0.938
Gyro: 0.747 0.656 0.930
Accel: 0.055 0.115 0.995
Gyro: 0.808 0.457 0.885
Accel: 0.056 0.114 1.004
Gyro: 0.762 0.549 0.778
Accel: 0.054 0.107 1.002
Gyro: 0.396 0.518 0.595
Accel: 0.056 0.109 0.997
Gyro: 0.427 0.427 0.473
Accel: 0.059 0.114 1.0000
Gyro: 0.183 0.442 0.427
Accel: 0.062 0.115 0.998
Gyro: 0.320 0.259 0.442
Accel: 0.061 0.110 1.0000
Gyro: 0.106 0.411 0.305
Accel: 0.063 0.113 1.0001
Gyro: 0.137 0.381 0.259
Accel: 0.063 0.114 0.997
Gyro: 0.152 0.457 0.213
Accel: 0.061 0.110 0.996
Gyro: 0.122 0.411 0.152
Accel: 0.061 0.110 1.008
Gyro: 0.061 0.503 0.076
Accel: 0.061 0.113 1.0000
Gyro: 0.427 0.701 0.045
Accel: 0.065 0.116 0.995
Gyro: 0.091 0.473 0.061
Accel: 0.066 0.119 1.0000
Gyro: 0.167 0.503 0.076
Accel: 0.063 0.114 1.003
Gyro: 0.488 0.549 0.122
Accel: 0.060 0.114 0.996
Gyro: 0.518 0.579 0.091
Accel: 0.056 0.113 1.006
Gyro: 0.274 0.427 0.030
Accel: 0.054 0.111 0.998
Gyro: 0.305 0.656 0.045
Accel: 0.060 0.108 0.997
Gyro: 0.244 0.549 3.875
Accel: 0.009 0.161 1.068
Gyro: 28.411 3.067 -3.234
Accel: 0.037 0.154 1.062
Gyro: 35.995 3.906 -2.868
Accel: 0.064 0.143 1.035
Gyro: 40.679 8.438 -3.097
Accel: 0.060 0.113 1.035
Gyro: 42.617 12.741 -3.890
Accel: 0.037 0.113 0.993
Gyro: 42.831 18.875 -5.981
Accel: 0.004 0.090 0.994
Gyro: 39.230 21.881 -5.813
Accel: 0.004 0.070 0.942
Gyro: 30.868 23.025 -4.837
Accel: 0.018 0.081 0.941
Gyro: 21.102 19.027 -5.554
Accel: 0.028 0.095 0.927
Gyro: 15.289 9.826 -7.003
Accel: 0.040 0.040 0.930
Gyro: 12.420 4.638 -10.177
Accel: 0.0010 0.040 0.960
Gyro: 9.475 2.197 -11.993
Accel: 0.011 0.125 0.881
Gyro: 4.638 3.234 -11.413
Accel: 0.056 0.091 0.891
Gyro: -2.502 7.568 -7.156
Accel: 0.024 0.085 0.901
Gyro: -12.161 16.342 -1.358
Accel: 0.025 0.073 0.925
Gyro: -20.370 21.621 3.784
Accel: 0.032 0.072 0.857
Gyro: -26.855 28.060 5.599
Accel: 0.008 0.083 0.907
Gyro: -34.179 23.422 6.072
Accel: 0.004 0.108 0.993
Gyro: -38.238 4.394 6.744
Accel: 0.033 0.161 0.972
Gyro: -36.712 -5.172 3.479
Accel: 0.020 0.157 1.102
Gyro: -30.654 -7.659 2.700
Accel: 0.017 0.065 1.105
Gyro: -22.964 -6.729 4.653
Accel: 0.021 0.125 1.126
Gyro: -17.257 -5.035 5.813
Accel: 0.016 0.158 1.146
Gyro: -12.939 -4.028 5.722
Accel: 0.009 0.158 1.185
Gyro: -7.751 -2.258 5.279
Accel: 0.025 0.121 1.240
Gyro: -2.670 -3.005 4.913
Accel: 0.031 0.094 1.294
Gyro: 2.471 -3.601 3.189
Accel: 0.007 0.083 1.334
Gyro: 11.260 -6.057 2.029
Accel: 0.006 0.111 1.299
Gyro: 13.366 -6.866 3.433
Accel: 0.013 0.095 1.317
Gyro: 19.622 -7.354 4.837
Accel: 0.006 0.115 1.357
Gyro: 26.748 -5.950 7.644
Accel: 0.040 0.101 1.373
Gyro: 34.454 -2.929 10.040
Accel: 0.025 0.081 1.375
Gyro: 41.275 2.136 15.457
Accel: 0.024 0.074 1.375
Gyro: 45.623 7.110 13.046
Accel: 0.052 0.050 1.385
Gyro: 46.981 9.857 11.505
Accel: 0.054 0.030 1.416
Gyro: 46.463 10.162 9.246
Accel: 0.047 0.011 1.441
Gyro: 46.279 8.514 6.683
Accel: 0.032 0.006 1.467
Gyro: 48.461 7.186 4.821
Accel: 0.020 0.013 1.471
Gyro: 54.321 7.522 4.104
Accel: 0.006 0.004 1.476
Gyro: 60.897 11.108 4.638
Accel: 0.027 0.012 1.477
Gyro: 64.422 14.953 4.867
Accel: 0.051 0.003 1.489
Gyro: 65.689 17.074 4.455
Accel: 0.059 0.008 1.521
Gyro: 68.161 17.608 4.867
Accel: 0.062 0.013 1.535
Gyro: 69.992 15.762 6.103
Accel: 0.046 0.013 1.533
Gyro: 70.236 14.541 6.530
Accel: 0.028 0.004 1.535
Gyro: 70.846 12.573 6.301
Accel: 0.005 0.031 1.553
Gyro: 72.952 12.145 5.462
Accel: 0.027 0.079 1.544
Gyro: 73.745 12.954 2.883
Accel: 0.013 0.119 1.525
Gyro: 74.264 12.771 0.900
Accel: 0.019 0.113 1.542
Gyro: 79.071 13.107 2.120
Accel: 0.018 0.085 1.540
Gyro: 86.257 13.870 4.302
Accel: 0.036 0.046 1.541
Gyro: 97.595 13.854 2.960
Accel: 0.024 0.044 1.516
Gyro: 100.524 15.243 3.448
Accel: 0.012 0.123 1.517
Gyro: 108.337 15.136 8.682
Accel: 0.114 0.082 1.508
Gyro: 117.538 15.609 15.472
Accel: 0.135 0.0100 1.466
Gyro: 125.976 16.143 20.095
Accel: 0.129 0.096 1.451
Gyro: 130.447 14.328 20.721
Accel: 0.116 0.109 1.448
Gyro: 128.494 13.122 19.790
Accel: 0.123 0.078 1.430
Gyro: 125.885 14.572 19.714
Accel: 0.051 0.101 1.437
Gyro: 136.672 14.358 20.812
Accel: 0.075 0.105 1.471
Gyro: 151.626 11.535 21.423
Accel: 0.101 0.137 1.425
Gyro: 161.849 10.635 20.523
Accel: 0.126 0.171 1.348
Gyro: 169.235 10.345 18.051
Accel: 0.114 0.186 1.250
Gyro: 168.823 10.681 14.083
Accel: 0.106 0.160 1.176
Gyro: 166.885 10.971 11.749
Accel: 0.102 0.131 1.104
Gyro: 169.479 11.093 13.183
Accel: 0.117 0.124 1.045
Gyro: 175.521 9.582 15.319
Accel: 0.124 0.082 0.985
Gyro: 178.955 8.499 16.647
Accel: 0.099 0.070 0.835
Gyro: 181.243 4.104 17.883
Accel: 0.088 0.104 0.827
Gyro: 183.731 6.179 19.058
Accel: 0.089 0.141 0.788
Gyro: 186.096 4.302 20.812
Accel: 0.091 0.155 0.732
Gyro: 188.919 1.678 22.140
Accel: 0.067 0.151 0.667
Gyro: 191.070 0.595 22.415
Accel: 0.038 0.147 0.592
Gyro: 190.994 -1.068 22.399
Accel: 0.030 0.160 0.510
Gyro: 189.071 -3.677 22.598
Accel: 0.029 0.193 0.429
Gyro: 184.326 -3.387 22.399
Accel: 0.037 0.232 0.364
Gyro: 172.027 -2.792 20.858
Accel: 0.063 0.277 0.307
Gyro: 163.833 0.427 18.554
Accel: 0.067 0.302 0.292
Gyro: 145.446 1.296 16.296
Accel: 0.062 0.324 0.276
Gyro: 134.567 0.152 13.122
Accel: 0.059 0.379 0.238
Gyro: 122.711 -1.968 9.918
Accel: 0.073 0.412 0.238
Gyro: 113.845 -4.669 6.668
Accel: 0.078 0.426 0.238
Gyro: 107.208 -5.844 3.128
Accel: 0.069 0.425 0.239
Gyro: 101.669 -5.538 -3.753
Accel: 0.050 0.438 0.248
Gyro: 96.237 0.152 -2.319
Accel: 0.025 0.469 0.233
Gyro: 86.364 0.885 -4.226
Accel: 0.0000 0.498 0.219
Gyro: 86.547 2.136 -4.974
Accel: 0.006 0.514 0.205
Gyro: 86.242 3.051 -4.074
Accel: 0.046 0.535 0.184
Gyro: 89.279 1.541 -2.059
Accel: 0.057 0.539 0.144
Gyro: 91.979 0.122 0.503
Accel: 0.061 0.531 0.106
Gyro: 93.032 -1.129 0.335
Accel: 0.059 0.554 0.040
Gyro: 88.668 -2.639 0.0000
Accel: 0.060 0.571 0.038
Gyro: 78.018 -4.714 -1.434
Accel: 0.054 0.591 0.096
Gyro: 64.498 -5.981 -1.922
Accel: 0.030 0.619 0.131
Gyro: 52.215 -4.196 -1.510
Accel: 0.008 0.657 0.144
Gyro: 40.527 -2.426 0.549
Accel: 0.018 0.677 0.157
Gyro: 27.847 0.183 3.875
Accel: 0.007 0.666 0.172
Gyro: 14.434 3.280 0.595
Accel: 0.0001 0.645 0.183
Gyro: 2.120 6.301 1.388
Accel: 0.012 0.637 0.179
Gyro: -11.123 8.880 2.120
Accel: 0.030 0.645 0.168
Gyro: -16.326 11.260 2.853
Accel: 0.038 0.659 0.146
Gyro: -24.017 12.161 3.067
Accel: 0.040 0.663 0.125
Gyro: -29.937 13.702 3.433
Accel: 0.040 0.650 0.099
Gyro: -34.713 15.747 3.997
Accel: 0.038 0.626 0.074
Gyro: -38.391 19.866 4.409
Accel: 0.034 0.603 0.065
Gyro: -40.145 27.206 4.806
Accel: 0.035 0.580 0.065
Gyro: -40.054 25.360 4.089
Accel: 0.035 0.579 0.062
Gyro: -40.512 26.473 2.105
Accel: 0.034 0.569 0.046
Gyro: -43.029 28.610 0.396
Accel: 0.018 0.555 0.043
Gyro: -46.997 31.036 -3.112
Accel: 0.0000 0.550 0.059
Gyro: -51.071 31.066 -7.156
Accel: 0.011 0.517 0.119
Gyro: -55.328 28.701 -11.428
Accel: 0.012 0.520 0.109
Gyro: -61.721 23.498 -14.541
Accel: 0.029 0.494 0.107
Gyro: -70.602 18.981 -17.486
Accel: 0.033 0.450 0.104
Gyro: -80.841 15.365 -20.416
Accel: 0.027 0.448 0.103
Gyro: -88.073 11.459 -21.423
Accel: 0.004 0.375 0.078
Gyro: -93.078 6.378 -21.804
Accel: 0.031 0.391 0.041
Gyro: -96.694 2.029 -22.171
Accel: 0.050 0.256 0.006
Gyro: -98.556 -2.624 -20.538
Accel: 0.064 0.266 0.014
Gyro: -98.449 -7.858 -17.120
Accel: 0.057 0.251 0.015
Gyro: -96.817 -12.466 -12.847
Accel: 0.032 0.195 0.0000
Gyro: -96.420 -14.572 -8.651
Accel: 0.012 0.147 0.027
Gyro: -100.402 -14.663 -4.516
Accel: 0.003 0.113 0.072
Gyro: -112.228 -14.907 0.686
Accel: 0.019 0.091 0.136
Gyro: -124.771 -18.554 2.426
Accel: 0.067 0.081 0.190
Gyro: -140.579 -28.549 5.722
Accel: 0.118 0.053 0.134
Gyro: -154.052 -43.548 9.109
Accel: 0.136 0.021 0.002
Gyro: -170.913 -59.204 11.032
Accel: 0.092 0.028 0.154
Gyro: -183.685 -68.145 13.229
Accel: 0.074 0.048 0.287
Gyro: -190.109 -68.527 15.167
Accel: 0.095 0.060 0.383
Gyro: -187.774 -63.690 17.547
Accel: 0.098 0.085 0.446
Gyro: -174.804 -57.556 22.460
Accel: 0.112 0.108 0.474
Gyro: -156.448 -53.054 24.719
Accel: 0.160 0.104 0.477
Gyro: -159.820 -56.747 23.040
Accel: 0.224 0.151 0.611
Gyro: -170.700 -64.529 18.905
Accel: 0.223 0.244 0.946
Gyro: -189.453 -68.283 11.322
Accel: 0.093 0.223 1.290
Gyro: -228.561 -52.429 6.072
Accel: 0.016 0.177 1.474
Gyro: -262.588 -29.129 0.823
Accel: 0.237 0.0100 1.806
Gyro: -280.899 0.976 3.601
Accel: 0.304 0.046 1.958
Gyro: -259.277 23.651 2.563
Accel: 0.254 0.084 1.937
Gyro: -196.502 39.810 2.639
Accel: 0.198 0.179 1.813
Gyro: -130.004 49.072 3.601
Accel: 0.120 0.373 1.624
Gyro: -90.606 56.320 0.289
Accel: 0.056 0.346 1.294
Gyro: -74.447 55.450 -3.555
Accel: 0.032 0.324 0.982
Gyro: -87.005 45.883 -4.821
Accel: 0.038 0.341 0.734
Gyro: -109.512 40.817 -8.544
Accel: 0.063 0.217 0.546
Gyro: -126.098 40.451 -9.460
Accel: 0.043 0.124 0.457
Gyro: -139.083 41.900 -7.446
Accel: 0.005 0.015 0.415
Gyro: -154.907 49.316 -5.142
Accel: 0.043 0.211 0.753
Gyro: -188.735 70.632 -3.341
Accel: 0.109 0.483 1.269
Gyro: -252.456 105.087 -4.898
Accel: 0.063 0.664 1.726
Gyro: -306.961 139.343 -10.192
Accel: 0.023 0.815 2.186
Gyro: -320.465 158.325 -16.342
Accel: 0.056 0.850 2.408
Gyro: -280.639 153.991 -28.717
Accel: -1.795 -1.264 4.260
Gyro: -274.261 -139.053 -84.030
Accel: -1.466 -1.044 7.999
Gyro: 263.931 -499.969 31.707
Accel: 0.0000 0.398 3.965
Gyro: 473.373 -268.386 17.501
Accel: 0.419 0.131 3.953
Gyro: 408.660 -4.257 7.980
Accel: 0.270 0.273 1.284
Gyro: 265.258 39.703 -27.587
Accel: 0.033 0.821 0.455
Gyro: 107.711 13.854 -40.252
Accel: 0.370 0.972 0.670
Gyro: -29.052 -18.753 -32.531
Accel: 0.569 0.402 0.284
Gyro: -123.794 -8.560 -29.800
Accel: 0.695 0.224 0.583
Gyro: -160.629 20.584 -30.792
Accel: 0.428 0.154 1.540
Gyro: -135.818 23.834 -15.426
Accel: 0.025 0.045 2.326
Gyro: -65.063 -8.941 7.110
Accel: 0.062 0.177 1.680
Gyro: 14.907 -6.378 8.819
Accel: 0.050 0.158 0.746
Gyro: 45.455 -2.243 7.110
Accel: 0.170 0.207 0.573
Gyro: 24.139 -4.531 3.616
Accel: 0.191 0.0100 0.827
Gyro: -5.218 0.198 0.244
Accel: 0.144 0.034 1.227
Gyro: -10.803 -1.617 2.883
Accel: 0.035 0.011 1.268
Gyro: 13.198 -1.098 2.975
Accel: 0.088 0.046 0.974
Gyro: 25.497 0.518 -3.723
Accel: 0.0010 0.081 0.901
Gyro: 10.726 0.213 -1.205
Accel: 0.048 0.089 0.932
Gyro: -8.285 1.098 0.228
Accel: 0.005 0.046 0.959
Gyro: -12.954 1.495 0.610
Accel: 0.062 0.028 1.124
Gyro: -4.241 1.358 0.549
Accel: 0.023 0.029 1.084
Gyro: -2.227 1.296 0.976
Accel: 0.013 0.023 0.971
Gyro: 1.037 1.129 0.381
Accel: 0.006 0.030 0.994
Gyro: 1.251 1.083 0.076
Accel: 0.003 0.045 1.041
Gyro: 0.930 1.022 0.808
Accel: 0.0000 0.045 1.013
Gyro: 2.075 1.129 1.678
Accel: 0.046 0.057 0.987
Gyro: -3.753 0.411 1.358
Accel: 0.025 0.068 1.006
Gyro: -3.479 0.671 0.717
Accel: 0.005 0.064 1.008
Gyro: -5.935 0.701 0.396
Accel: 0.0001 0.049 0.986
Gyro: -7.019 0.579 0.701
Accel: 0.006 0.040 1.003
Gyro: -7.034 0.244 0.793
Accel: 0.003 0.036 1.022
Gyro: -5.706 0.045 1.113
Accel: 0.016 0.017 1.0010
Gyro: -2.548 0.015 0.900
Accel: 0.008 0.016 1.027
Gyro: 0.534 0.579 0.457
Accel: 0.0001 0.020 1.031
Gyro: 2.655 0.549 0.289
Accel: 0.007 0.029 0.995
Gyro: 3.753 -1.068 0.213
Accel: 0.009 0.046 1.0000
Gyro: 2.838 -1.434 0.335
Accel: 0.004 0.054 1.0010
Gyro: 0.854 -1.480 0.610
Accel: 0.005 0.052 0.996
Gyro: 0.091 -1.174 0.701
Accel: 0.006 0.044 1.006
Gyro: 0.885 -1.556 0.640
Accel: 0.007 0.040 1.019
Gyro: 1.708 -1.220 0.534
Accel: 0.009 0.041 0.939
Gyro: 1.327 -1.205 0.289
Accel: 0.008 0.047 0.992
Gyro: -3.829 -1.251 0.289
Accel: 0.003 0.042 1.006
Gyro: 0.656 -1.358 0.213
Accel: 0.006 0.031 1.013
Gyro: 0.564 -1.144 0.213
Accel: 0.012 0.025 1.024
Gyro: 3.356 -1.312 0.045
Accel: 0.007 0.018 1.022
Gyro: 6.881 -1.266 0.045
Accel: 0.004 0.038 1.015
Gyro: 8.132 -1.205 0.228
Accel: 0.004 0.043 0.992
Gyro: 6.500 -1.342 0.137
Accel: 0.0000 0.057 0.996
Gyro: 4.196 -1.205 0.305
Accel: 0.0001 0.062 0.996
Gyro: 1.327 0.976 0.518
Accel: 0.0001 0.053 0.992
Gyro: 0.671 0.701 0.442
