Accel: 0.0001 0.034 1.0010
Gyro: 0.625 0.747 0.488
Accel: 0.002 0.044 1.003
Gyro: 0.228 0.732 0.457
Accel: 0.006 0.041 1.009
Gyro: 0.930 0.732 0.366
Accel: 0.009 0.038 0.998
Gyro: -1.312 0.701 0.442
Accel: 0.014 0.036 1.008
Gyro: 0.839 0.778 0.076
Accel: 0.0010 0.035 1.031
Gyro: 0.152 0.854 0.549
Accel: 0.0010 0.038 1.012
Gyro: 1.586 0.686 -1.129
Accel: 0.003 0.033 0.997
Gyro: 1.770 0.869 -1.312
Accel: 0.008 0.043 0.997
Gyro: 0.640 0.579 -1.144
Accel: 0.006 0.052 0.993
Gyro: 0.823 0.518 0.564
Accel: 0.0001 0.055 0.996
Gyro: -1.785 0.457 0.305
Accel: 0.062 0.047 1.006
Gyro: -2.227 0.350 0.030
Accel: 0.004 0.039 1.024
Gyro: -1.373 0.137 0.656
Accel: 0.006 0.044 1.005
Gyro: 0.274 0.137 1.007
Accel: 0.002 0.046 0.993
Gyro: 0.854 0.289 0.885
Accel: 0.004 0.053 0.998
Gyro: -2.944 0.167 0.869
Accel: 0.0000 0.046 0.987
Gyro: -4.562 0.152 0.823
Accel: 0.0001 0.041 1.004
Gyro: -4.852 0.106 0.823
Accel: 0.061 0.040 1.017
Gyro: -4.364 0.106 0.793
Accel: 0.003 0.037 1.007
Gyro: -3.448 0.152 1.052
Accel: 0.003 0.031 1.004
Gyro: -3.112 0.305 1.327
Accel: 0.005 0.031 1.005
Gyro: -2.609 0.335 1.663
Accel: 0.002 0.033 1.007
Gyro: -2.029 0.427 1.708
Accel: 0.005 0.041 1.009
Gyro: -1.602 0.457 1.647
Accel: 0.006 0.050 1.003
Gyro: -1.632 0.457 1.144
Accel: 0.006 0.050 1.007
Gyro: -2.288 0.610 0.671
Accel: 0.004 0.043 1.009
Gyro: -3.189 0.549 0.244
Accel: 0.004 0.034 1.003
Gyro: -3.250 0.610 0.213
Accel: 0.004 0.031 1.011
Gyro: -1.968 0.732 0.244
Accel: 0.0001 0.028 1.014
Gyro: 0.015 0.656 0.350
Accel: 0.002 0.026 1.0010
Gyro: 1.647 0.671 0.610
Accel: 0.0001 0.031 1.014
Gyro: 2.609 0.625 0.839
Accel: 0.002 0.039 1.011
Gyro: 2.563 0.656 1.098
Accel: 0.0001 0.041 0.994
Gyro: 1.327 0.473 0.915
Accel: 0.061 0.045 0.994
Gyro: 0.900 0.793 0.854
Accel: 0.0000 0.044 1.004
Gyro: -2.822 0.656 0.961
Accel: 0.012 0.026 1.008
Gyro: -2.975 0.518 0.640
Accel: 0.014 0.014 1.022
Gyro: 0.900 0.625 0.350
Accel: 0.0001 0.012 1.026
Gyro: 1.876 0.473 0.259
Accel: 0.012 0.020 1.005
Gyro: 3.494 0.549 0.305
Accel: 0.012 0.037 0.993
Gyro: 2.883 0.961 0.289
Accel: 0.006 0.049 1.0001
Gyro: 0.930 0.854 0.274
Accel: 0.005 0.047 0.997
Gyro: 0.610 0.808 0.061
Accel: 0.008 0.041 1.0001
Gyro: -1.205 0.686 0.167
Accel: 0.003 0.040 1.009
Gyro: -1.724 0.747 0.091
Accel: 0.007 0.040 1.003
Gyro: -1.907 0.518 0.381
Accel: 0.0000 0.038 1.006
Gyro: -1.846 0.656 0.396
Accel: 0.009 0.033 1.015
Gyro: -1.174 0.671 0.473
Accel: 0.005 0.034 1.0010
Gyro: 0.091 0.564 0.396
Accel: 0.0001 0.035 1.002
Gyro: 0.259 0.518 0.473
Accel: 0.009 0.039 0.998
Gyro: 0.534 0.579 0.564
Accel: 0.011 0.049 0.996
Gyro: -2.487 0.640 0.701
Accel: 0.003 0.047 1.004
Gyro: -5.111 0.549 0.747
Accel: 0.011 0.031 1.006
Gyro: -6.179 0.488 0.823
Accel: 0.020 0.016 1.016
Gyro: -4.562 0.503 0.930
Accel: 0.006 0.0010 1.028
Gyro: -1.525 0.289 1.022
Accel: 0.003 0.0010 1.018
Gyro: 1.296 0.442 1.098
Accel: 0.0001 0.012 1.008
Gyro: 3.051 0.686 0.686
Accel: 0.0001 0.024 1.016
Gyro: 3.631 0.564 0.305
Accel: 0.0000 0.032 1.006
Gyro: 3.479 0.595 0.106
Accel: 0.004 0.031 0.991
Gyro: 2.426 0.564 0.076
Accel: 0.008 0.039 1.0001
Gyro: 0.762 0.503 0.076
Accel: 0.002 0.039 1.006
Gyro: 0.259 0.579 0.213
Accel: 0.0000 0.033 1.007
Gyro: 0.503 0.625 0.335
Accel: 0.005 0.026 1.015
Gyro: 3.723 0.549 0.381
Accel: 0.007 0.022 1.015
Gyro: 1.159 0.686 0.259
Accel: 0.008 0.021 1.017
Gyro: 3.524 0.823 0.213
Accel: 0.002 0.029 1.017
Gyro: 5.416 0.900 0.167
Accel: 0.003 0.035 1.002
Gyro: 6.240 0.991 0.106
Accel: 0.0000 0.041 0.996
Gyro: 5.355 -1.235 0.030
Accel: 0.004 0.045 1.0001
Gyro: 3.753 -1.022 0.167
Accel: 0.0001 0.038 0.937
Gyro: 2.319 0.885 0.015
Accel: 0.002 0.038 1.003
Gyro: 1.663 0.930 0.183
Accel: 0.003 0.041 1.0010
Gyro: 1.174 0.991 0.152
Accel: 0.003 0.038 1.002
Gyro: 0.946 -1.007 0.076
Accel: 0.0001 0.035 1.0000
Gyro: 0.244 0.900 0.015
Accel: 0.002 0.030 1.015
Gyro: 0.015 0.900 0.0000
Accel: 0.006 0.033 1.016
Gyro: 0.976 0.732 0.106
Accel: 0.003 0.028 1.0010
Gyro: 2.212 0.839 0.0000
Accel: 0.0000 0.030 1.014
Gyro: 3.372 0.823 0.015
Accel: 0.002 0.036 1.007
Gyro: 4.165 0.854 0.076
Accel: 0.062 0.036 1.002
Gyro: 4.348 0.915 0.045
Accel: 0.003 0.048 0.999
Gyro: 3.219 0.839 0.091
Accel: 0.006 0.053 0.995
Gyro: 1.358 0.671 0.274
Accel: 0.0000 0.045 1.004
Gyro: 0.366 0.823 0.274
Accel: 0.011 0.028 1.016
Gyro: 0.183 0.686 0.305
Accel: 0.009 0.023 1.020
Gyro: 2.365 0.579 0.106
Accel: 0.0000 0.022 1.013
Gyro: 4.959 0.747 0.228
Accel: 0.003 0.033 1.009
Gyro: 5.905 0.686 0.457
Accel: 0.003 0.049 0.996
Gyro: 4.821 0.686 0.381
Accel: 0.002 0.054 0.997
Gyro: 2.990 0.564 0.503
Accel: 0.005 0.055 1.004
Gyro: 1.449 0.640 0.244
Accel: 0.006 0.047 1.003
Gyro: 0.885 0.671 0.381
Accel: 0.006 0.032 1.013
Gyro: 1.663 0.656 0.061
Accel: 0.003 0.033 1.018
Gyro: 3.219 0.732 0.152
Accel: 0.004 0.032 1.0010
Gyro: 4.760 0.839 0.244
Accel: 0.002 0.042 1.0010
Gyro: 5.355 0.854 0.579
Accel: 0.006 0.047 1.002
Gyro: 4.959 0.885 0.411
Accel: 0.009 0.058 0.995
Gyro: 3.494 0.839 0.228
Accel: 0.005 0.061 0.994
Gyro: 1.037 0.762 0.0000
Accel: 0.0000 0.057 0.998
Gyro: 0.686 0.686 0.228
Accel: 0.0001 0.051 1.002
Gyro: -1.235 0.610 0.350
Accel: 0.061 0.047 1.016
Gyro: 0.289 0.640 0.411
Accel: 0.0001 0.043 1.014
Gyro: 1.007 0.549 0.366
Accel: 0.0000 0.045 1.002
Gyro: 1.876 0.686 0.183
Accel: 0.0000 0.045 1.006
Gyro: 1.922 0.808 0.030
Accel: 0.0000 0.046 1.006
Gyro: 1.831 0.747 0.030
Accel: 0.002 0.048 1.003
Gyro: 1.754 0.976 0.061
Accel: 0.002 0.048 1.011
Gyro: 1.495 0.869 -3.906
Accel: 0.003 0.044 1.009
Gyro: 1.571 0.885 0.045
Accel: 0.003 0.042 1.004
Gyro: 1.876 0.839 0.213
Accel: 0.0001 0.042 1.0010
Gyro: 2.166 0.946 0.122
Accel: 0.002 0.049 1.006
Gyro: 2.334 0.762 0.137
Accel: 0.002 0.053 1.003
Gyro: 2.395 -1.068 0.061
Accel: 0.0000 0.052 1.008
Gyro: 2.090 0.991 0.015
Accel: 0.0000 0.057 1.003
Gyro: 1.419 0.885 0.030
Accel: 0.003 0.054 0.999
Gyro: 0.778 0.823 0.213
Accel: 0.004 0.052 1.007
Gyro: 0.183 0.640 0.457
Accel: 0.0001 0.046 1.009
Gyro: 0.366 0.579 0.640
Accel: 0.007 0.038 1.011
Gyro: 1.007 0.732 0.549
Accel: 0.004 0.041 1.018
Gyro: 2.029 0.640 0.396
Accel: 0.0001 0.043 1.008
Gyro: 3.234 0.473 0.473
Accel: 0.0000 0.045 1.006
Gyro: 4.364 0.762 0.518
Accel: 0.006 0.057 1.011
Gyro: 4.623 0.732 0.076
Accel: 0.005 0.057 1.0000
Gyro: 4.318 0.671 0.091
Accel: 0.004 0.058 0.998
Gyro: 3.677 0.762 0.152
Accel: 0.002 0.059 1.008
Gyro: 2.838 0.686 0.122
Accel: 0.004 0.056 1.003
Gyro: 2.151 0.625 0.122
Accel: 0.008 0.052 1.004
Gyro: 2.075 0.762 0.076
Accel: 0.0000 0.052 1.014
Gyro: 2.471 0.579 0.091
Accel: 0.0000 0.055 1.006
Gyro: 3.021 0.610 0.381
Accel: 0.0000 0.059 1.004
Gyro: 2.639 0.854 0.320
Accel: 0.574 0.406 0.887
Gyro: 56.579 -105.682 57.846
Accel: 0.595 0.395 0.881
Gyro: 58.166 -109.954 60.180
Accel: 0.593 0.364 0.856
Gyro: 61.004 -113.006 63.888
Accel: 0.597 0.314 0.827
Gyro: 64.987 -117.019 69.168
Accel: 0.630 0.278 0.800
Gyro: 69.335 -122.451 77.056
Accel: 0.687 0.255 0.787
Gyro: 74.295 -126.541 84.899
Accel: 0.725 0.252 0.777
Gyro: 79.040 -130.416 90.286
Accel: 0.755 0.273 0.760
Gyro: 84.350 -132.934 92.987
Accel: 0.717 0.337 0.731
Gyro: 90.133 -129.318 95.687
Accel: 0.773 0.362 0.736
Gyro: 95.611 -126.434 94.818
Accel: 0.797 0.341 0.697
Gyro: 99.716 -122.909 85.769
Accel: 0.773 0.347 0.657
Gyro: 101.821 -117.553 72.906
Accel: 0.734 0.368 0.628
Gyro: 103.118 -112.091 59.204
Accel: 0.707 0.371 0.599
Gyro: 105.209 -102.249 55.923
Accel: 0.725 0.365 0.572
Gyro: 107.070 -98.999 51.589
Accel: 0.739 0.370 0.537
Gyro: 106.658 -86.364 47.515
Accel: 0.740 0.387 0.507
Gyro: 102.767 -81.0100 41.793
Accel: 0.727 0.397 0.469
Gyro: 95.718 -71.792 35.552
Accel: 0.696 0.395 0.436
Gyro: 86.471 -63.568 30.456
Accel: 0.662 0.379 0.403
Gyro: 76.370 -56.716 27.969
Accel: 0.626 0.349 0.378
Gyro: 66.040 -51.925 28.442
Accel: 0.597 0.296 0.364
Gyro: 56.381 -49.163 30.426
Accel: 0.561 0.251 0.351
Gyro: 48.980 -47.622 38.574
Accel: 0.520 0.207 0.338
Gyro: 44.464 -47.576 41.625
Accel: 0.495 0.166 0.327
Gyro: 40.802 -49.575 50.643
Accel: 0.508 0.145 0.321
Gyro: 37.902 -53.710 60.241
Accel: 0.536 0.152 0.329
Gyro: 35.491 -58.776 67.016
Accel: 0.553 0.180 0.337
Gyro: 34.225 -62.637 68.984
Accel: 0.556 0.209 0.339
Gyro: 33.615 -64.178 67.642
Accel: 0.549 0.233 0.336
Gyro: 33.081 -65.383 64.468
Accel: 0.543 0.232 0.330
Gyro: 32.562 -66.146 60.485
Accel: 0.536 0.215 0.250
Gyro: 32.577 -66.513 56.961
Accel: 0.515 0.125 0.287
Gyro: 33.508 -67.840 54.870
Accel: 0.505 0.156 0.258
Gyro: 38.879 -70.312 54.916
Accel: 0.515 0.141 0.233
Gyro: 36.361 -72.921 56.396
Accel: 0.541 0.141 0.225
Gyro: 36.865 -75.408 56.854
Accel: 0.579 0.125 0.213
Gyro: 35.629 -76.477 50.903
Accel: 0.638 0.086 0.208
Gyro: 31.845 -77.697 46.920
Accel: 0.689 0.045 0.195
Gyro: 26.321 -79.910 46.447
Accel: 0.704 0.019 0.126
Gyro: 21.514 -84.182 42.663
Accel: 0.702 0.0010 0.177
Gyro: 18.295 -93.490 40.481
Accel: 0.685 0.038 0.167
Gyro: 18.112 -95.703 40.252
Accel: 0.656 0.061 0.158
Gyro: 20.904 -102.462 42.144
Accel: 0.632 0.078 0.153
Gyro: 25.772 -106.796 45.730
Accel: 0.615 0.083 0.138
Gyro: 31.524 -106.872 49.942
Accel: 0.585 0.073 0.121
Gyro: 35.705 -103.256 54.901
Accel: 0.552 0.062 0.098
Gyro: 37.322 -95.687 60.134
Accel: 0.522 0.059 0.077
Gyro: 36.453 -85.510 65.139
Accel: 0.493 0.072 0.046
Gyro: 33.279 -72.860 70.037
Accel: 0.460 0.0100 0.026
Gyro: 23.971 -59.890 75.744
Accel: 0.465 0.166 0.022
Gyro: 21.408 -47.805 82.397
Accel: 0.478 0.240 0.013
Gyro: 15.411 -35.369 89.996
Accel: 0.455 0.293 0.007
Gyro: 10.101 -23.742 97.763
Accel: 0.412 0.336 0.0001
Gyro: 5.310 -13.061 106.872
Accel: 0.365 0.385 0.014
Gyro: 1.022 -2.380 114.959
Accel: 0.316 0.441 0.033
Gyro: -2.853 9.780 121.841
Accel: 0.269 0.430 0.256
Gyro: 0.335 19.073 -429.885
Accel: 4.648 4.180 4.202
Gyro: -45.028 1.419 9.506
Accel: 1.289 0.177 -1.144
Gyro: -2.685 -11.199 0.228
Accel: 1.089 0.472 0.139
Gyro: 1.953 -23.712 0.503
Accel: 1.231 0.424 0.0000
Gyro: -5.783 -16.891 0.183
Accel: 0.871 0.041 0.133
Gyro: -8.651 -29.052 0.198
Accel: 0.954 0.142 0.113
Gyro: 2.273 -33.660 3.646
Accel: 1.134 0.155 0.036
Gyro: -1.403 -32.379 0.213
Accel: 1.069 0.032 0.0010
Gyro: -1.846 -30.746 0.183
Accel: 1.028 0.096 0.056
Gyro: 3.829 -28.579 0.122
Accel: 0.883 0.136 0.107
Gyro: 0.122 -25.070 0.091
Accel: 1.117 0.125 0.070
Gyro: 1.144 -22.186 0.152
Accel: 1.061 0.006 0.086
Gyro: 0.671 -18.218 0.259
Accel: 0.910 0.026 0.098
Gyro: 1.098 -15.045 0.350
Accel: 0.951 0.017 0.0100
Gyro: 1.022 -15.609 3.799
Accel: 1.089 0.018 0.102
Gyro: 0.564 -9.277 0.183
Accel: 1.005 0.034 0.071
Gyro: 0.854 -6.347 0.213
Accel: 0.941 0.012 0.071
Gyro: 0.854 -3.448 0.045
Accel: 1.059 0.038 0.107
Gyro: 0.488 0.717 0.122
Accel: 1.012 0.031 0.089
Gyro: 0.335 2.166 0.289
Accel: 1.017 0.007 0.062
Gyro: 0.152 4.745 0.137
Accel: 1.005 0.006 0.119
Gyro: 0.106 6.301 0.213
Accel: 1.002 0.002 0.0001
Gyro: 0.015 7.629 0.152
Accel: 1.0010 0.0001 0.044
Gyro: 0.106 8.544 0.183
Accel: 1.019 0.019 0.038
Gyro: 0.122 9.338 0.244
Accel: 0.992 0.003 0.042
Gyro: 0.076 10.055 0.259
Accel: 0.973 0.009 0.039
Gyro: 0.137 10.375 0.259
Accel: 0.996 0.0010 0.013
Gyro: 0.152 9.826 0.244
Accel: 1.013 0.003 0.005
Gyro: 0.122 9.262 0.213
Accel: 1.006 0.007 0.009
Gyro: 0.091 8.575 0.183
Accel: 0.988 0.003 0.018
Gyro: 0.106 8.117 0.198
Accel: 1.057 0.060 0.0010
Gyro: 0.091 7.690 0.152
Accel: 1.008 0.009 0.0001
Gyro: 3.890 6.896 0.213
Accel: 0.988 0.0000 0.0000
Gyro: 0.076 6.179 0.061
Accel: 1.004 0.006 0.003
Gyro: 0.030 5.111 0.122
Accel: 1.004 0.004 0.004
Gyro: 0.091 3.906 0.152
Accel: 1.012 0.008 0.034
Gyro: 0.076 2.227 0.213
Accel: 1.002 0.004 0.036
Gyro: -1.525 1.541 0.076
Accel: 0.994 0.004 0.062
Gyro: 0.823 1.464 0.015
Accel: 0.995 0.008 0.003
Gyro: 0.488 1.586 0.137
Accel: 0.939 0.007 0.002
Gyro: 0.671 1.602 0.228
Accel: 1.0010 0.006 0.036
Gyro: 0.488 2.685 0.213
Accel: 1.002 0.007 0.046
Gyro: 0.183 4.730 0.289
Accel: 1.008 0.006 0.037
Gyro: 0.244 6.698 0.427
Accel: 1.011 0.004 0.002
Gyro: 1.953 9.765 0.595
Accel: 1.003 0.003 0.028
Gyro: 5.081 12.832 0.503
Accel: 1.018 0.009 0.021
Gyro: 8.148 23.406 0.579
Accel: 1.023 0.038 0.030
Gyro: 19.180 28.198 0.534
Accel: 1.112 0.087 0.142
Gyro: 19.302 47.241 0.762
Accel: 1.076 0.057 0.296
Gyro: 15.045 79.147 0.534
Accel: 1.187 0.006 0.428
Gyro: 3.646 119.415 -5.676
Accel: 1.416 0.092 0.487
Gyro: -11.062 160.797 -16.357
Accel: 1.609 0.118 0.542
Gyro: -26.138 200.820 -22.964
Accel: 1.663 0.0100 0.648
Gyro: -37.765 240.890 -22.766
Accel: 1.674 0.062 0.626
Gyro: -54.611 288.696 -21.057
Accel: 1.635 0.046 0.616
Gyro: -63.690 321.731 -20.507
Accel: 1.552 0.038 0.613
Gyro: -76.309 352.523 -23.086
Accel: 1.468 0.009 0.622
Gyro: -87.066 373.733 -27.359
Accel: 1.368 0.0010 0.623
Gyro: -92.071 387.161 -31.097
Accel: 1.255 0.034 0.626
Gyro: -90.164 392.791 -33.935
Accel: 1.128 0.053 0.611
Gyro: -83.419 390.213 -37.597
Accel: 1.009 0.064 0.601
Gyro: -72.204 384.567 -41.885
Accel: 0.905 0.071 0.605
Gyro: -58.395 376.220 -50.781
Accel: 0.817 0.073 0.598
Gyro: -38.558 366.851 -52.673
Accel: 0.688 0.061 0.570
Gyro: -15.335 356.994 -59.783
Accel: 0.693 0.041 0.519
Gyro: 8.544 345.108 -68.038
Accel: 0.632 0.023 0.458
Gyro: 29.495 330.230 -76.766
Accel: 0.543 0.024 0.401
Gyro: 46.524 313.598 -85.281
Accel: 0.435 0.044 0.328
Gyro: 58.898 298.126 -92.132
Accel: 0.350 0.059 0.248
Gyro: 66.101 283.950 -98.083
Accel: 0.274 0.084 0.127
Gyro: 72.631 262.603 -98.724
Accel: 0.267 0.081 0.066
Gyro: 76.583 240.142 -99.685
Accel: 0.241 0.093 0.069
Gyro: 79.681 213.027 -100.250
Accel: 0.186 0.133 0.055
Gyro: 81.619 185.028 -99.166
Accel: 0.114 0.175 0.039
Gyro: 83.312 152.465 -95.245
Accel: 0.052 0.195 0.003
Gyro: 84.472 127.853 -86.608
Accel: 0.033 0.233 0.012
Gyro: 82.168 112.350 -76.278
Accel: 0.025 0.283 0.015
Gyro: 74.569 103.256 -63.949
Accel: 0.003 0.354 0.033
Gyro: 62.881 90.957 -52.0001
Accel: 0.012 0.389 0.244
Gyro: 49.774 81.832 -41.717
Accel: 0.296 0.243 0.029
Gyro: 32.577 69.259 -40.069
Accel: 0.165 0.244 0.083
Gyro: 25.375 61.004 -36.392
Accel: 0.042 0.054 0.014
Gyro: 15.014 43.609 -36.315
Accel: 0.026 0.0010 0.0010
Gyro: 5.294 21.911 -37.780
Accel: 0.0000 0.018 0.0000
Gyro: -6.271 1.708 -37.597
Accel: 0.004 0.017 0.031
Gyro: -10.559 -5.767 -37.475
Accel: 0.007 0.020 0.032
Gyro: -7.766 -4.730 -36.834
Accel: 0.009 0.014 0.021
Gyro: -4.989 -3.723 -36.193
Accel: 0.009 0.014 0.044
Gyro: -3.082 -2.593 -35.446
Accel: 0.012 0.0010 0.047
Gyro: -1.037 -1.235 -34.790
Accel: 0.011 0.008 0.059
Gyro: 0.320 0.152 -34.255
Accel: 0.002 0.0001 0.084
Gyro: 0.915 2.120 -33.828
Accel: 4.012 2.616 4.852
Gyro: -422.515 499.984 -20.980
Accel: -1.086 0.579 0.122
Gyro: -499.969 499.984 2.471
Accel: -4.006 0.704 -4.428
Gyro: -499.969 -499.969 -2.746
Accel: 0.872 2.526 2.285
Gyro: 324.050 -273.254 52.017
Accel: -2.329 1.798 -7.991
Gyro: 189.849 241.851 22.308
Accel: 0.844 0.537 2.794
Gyro: 222.976 299.057 35.858
Accel: 0.801 0.424 3.208
Gyro: 262.771 280.563 28.274
Accel: 0.638 0.208 -2.638
Gyro: 248.977 279.693 27.374
Accel: 0.280 0.165 0.503
Gyro: -11.062 -80.261 25.650
Accel: 0.073 0.043 0.367
Gyro: 30.654 -59.463 27.420
Accel: 0.034 0.017 0.065
Gyro: 51.101 -53.924 28.625
Accel: 0.196 0.019 0.033
Gyro: 66.757 -51.513 29.479
Accel: 0.135 0.015 0.142
Gyro: 77.758 -49.072 28.900
Accel: 0.057 0.013 0.075
Gyro: 83.938 -46.096 23.727
Accel: 0.094 0.498 0.040
Gyro: 23.345 -129.852 29.174
Accel: 0.457 0.301 0.140
Gyro: -126.205 -186.111 31.143
Accel: 0.197 0.307 0.711
Gyro: -218.063 -120.117 21.453
Accel: 0.231 0.105 0.542
Gyro: -314.0010 9.796 12.619
Accel: 0.090 0.229 2.273
Gyro: -284.286 10.772 11.978
Accel: 0.059 0.003 0.863
Gyro: -282.135 16.128 11.550
Accel: 0.086 0.020 0.132
Gyro: -275.955 40.542 8.026
Accel: -3.633 0.948 0.391
Gyro: 14.892 37.231 -2.105
Accel: 0.708 0.213 -3.413
Gyro: 7.553 -13.992 2.670
Accel: 0.120 0.087 3.566
Gyro: 29.861 10.116 3.540
Accel: 0.567 0.284 0.623
Gyro: 26.382 15.243 2.624
Accel: 0.525 0.169 -1.247
Gyro: 15.609 -19.210 -6.927
Accel: 0.484 0.191 2.063
Gyro: -40.802 -115.997 -7.766
Accel: 0.885 0.358 3.921
Gyro: -5.950 33.187 0.320
Accel: 0.102 0.120 2.133
Gyro: 16.265 42.694 0.0000
Accel: 0.130 0.210 0.291
Gyro: 27.954 -21.865 0.976
Accel: 0.238 0.102 0.472
Gyro: 22.247 -46.234 1.327
Accel: 0.286 0.0010 0.863
Gyro: 5.203 19.271 1.052
Accel: 0.056 0.0010 0.965
Gyro: -7.339 -4.531 1.296
Accel: 0.067 0.066 0.873
Gyro: -10.559 -8.758 1.388
Accel: 0.0001 0.025 0.825
Gyro: -9.490 2.258 1.159
Accel: 0.047 0.034 1.017
Gyro: 0.137 -6.393 0.915
Accel: 0.012 0.013 1.012
Gyro: 5.371 -3.112 0.701
Accel: 0.002 0.052 1.059
Gyro: 5.889 -1.861 0.518
Accel: 0.0010 0.014 1.008
Gyro: 1.632 -1.693 0.366
Accel: 0.011 0.0010 0.996
Gyro: -1.983 0.793 0.244
Accel: 0.006 0.007 0.983
Gyro: -2.639 -1.113 0.228
Accel: 0.0000 0.003 1.032
Gyro: -1.434 0.900 0.152
Accel: 0.003 0.007 1.015
Gyro: 0.183 0.595 0.183
Accel: 0.002 0.0001 1.016
Gyro: 1.007 -1.037 0.152
Accel: 0.004 0.0001 1.008
Gyro: 0.503 0.656 0.122
Accel: 0.004 0.003 0.998
Gyro: 0.091 0.595 0.167
Accel: 0.002 0.0000 0.994
Gyro: 0.137 0.808 0.152
Accel: 0.007 0.003 1.003
Gyro: 0.015 0.579 0.183
Accel: 0.003 0.0001 1.018
Gyro: 0.335 0.625 0.152
Accel: 0.012 0.022 1.011
Gyro: -1.647 0.488 0.152
Accel: 0.013 0.0010 1.020
Gyro: -1.892 -1.968 0.076
Accel: 0.008 0.004 1.016
Gyro: 0.106 0.213 0.091
Accel: 0.007 0.060 1.008
Gyro: 0.839 0.640 0.152
Accel: 0.002 0.062 0.988
Gyro: 1.296 0.823 0.198
Accel: 0.004 0.003 1.016
Gyro: 1.098 0.747 0.244
Accel: 0.002 0.0000 1.005
Gyro: 0.732 0.823 0.0000
Accel: 0.003 0.002 1.011
Gyro: 0.534 0.671 0.183
Accel: 0.004 0.0000 1.013
Gyro: 0.671 0.793 0.152
Accel: 0.003 0.0000 1.008
Gyro: 0.885 0.732 0.213
Accel: 0.003 0.0001 1.003
Gyro: 0.869 0.793 0.289
Accel: 0.003 0.0000 1.009
Gyro: 0.640 0.762 0.152
