Accel: 0.103 0.257 0.903
Gyro: -27.389 -16.159 -31.677
Accel: 0.095 0.248 0.950
Gyro: -31.326 -12.603 -31.341
Accel: 0.084 0.243 1.006
Gyro: -33.676 -8.193 -26.916
Accel: 0.082 0.230 1.046
Gyro: -33.096 -1.922 -21.987
Accel: 0.076 0.220 1.062
Gyro: -31.555 4.638 -16.448
Accel: 0.079 0.203 1.063
Gyro: -32.012 9.017 -10.681
Accel: 0.090 0.182 1.079
Gyro: -34.133 11.154 -5.798
Accel: 0.089 0.181 1.116
Gyro: -34.011 12.649 -1.220
Accel: 0.0100 0.188 1.162
Gyro: -29.861 15.686 1.708
Accel: 0.096 0.191 1.171
Gyro: -19.714 18.997 3.311
Accel: 0.098 0.189 1.162
Gyro: -16.677 20.385 4.364
Accel: 0.093 0.185 1.141
Gyro: -11.428 19.866 5.996
Accel: 0.096 0.179 1.123
Gyro: -8.0010 17.898 8.377
Accel: 0.101 0.186 1.114
Gyro: -5.447 15.884 10.665
Accel: 0.0100 0.192 1.103
Gyro: -3.051 14.114 11.596
Accel: 0.104 0.194 1.086
Gyro: 0.839 11.993 11.917
Accel: 0.103 0.195 1.071
Gyro: 0.640 9.582 12.283
Accel: 0.102 0.197 1.048
Gyro: 1.419 6.881 13.046
Accel: 0.106 0.194 1.034
Gyro: 2.502 5.172 14.053
Accel: 0.108 0.199 1.021
Gyro: 4.776 4.776 15.182
Accel: 0.112 0.208 1.0001
Gyro: 7.690 5.310 15.914
Accel: 0.117 0.215 0.975
Gyro: 10.498 5.813 16.143
Accel: 0.124 0.223 0.951
Gyro: 12.222 5.279 16.281
Accel: 0.130 0.234 0.925
Gyro: 13.290 4.959 16.403
Accel: 0.132 0.250 0.903
Gyro: 13.198 4.913 16.296
Accel: 0.132 0.268 0.880
Gyro: 11.276 5.340 15.930
Accel: 0.141 0.282 0.868
Gyro: 7.400 5.981 14.923
Accel: 0.145 0.301 0.863
Gyro: 2.655 7.919 13.427
Accel: 0.143 0.312 0.861
Gyro: -2.273 10.314 11.138
Accel: 0.143 0.316 0.864
Gyro: -6.530 12.664 8.0010
Accel: 0.143 0.313 0.870
Gyro: -10.040 14.495 5.050
Accel: 0.145 0.303 0.870
Gyro: -12.603 15.716 1.831
Accel: 0.146 0.290 0.868
Gyro: -15.136 15.960 -1.602
Accel: 0.143 0.279 0.864
Gyro: -17.807 14.984 -5.020
Accel: 0.139 0.269 0.865
Gyro: -20.965 13.839 -8.026
Accel: 0.132 0.258 0.872
Gyro: -24.307 12.695 -10.925
Accel: 0.125 0.247 0.879
Gyro: -27.725 12.084 -13.229
Accel: 0.120 0.237 0.883
Gyro: -31.021 12.741 -14.358
Accel: 0.115 0.214 0.894
Gyro: -35.354 13.290 -14.862
Accel: 0.110 0.197 0.910
Gyro: -39.459 14.053 -14.129
Accel: 0.097 0.189 0.930
Gyro: -41.641 15.762 -12.084
Accel: 0.094 0.177 0.942
Gyro: -42.175 18.142 -9.140
Accel: 0.095 0.166 0.946
Gyro: -42.022 20.492 -6.164
Accel: 0.093 0.160 0.942
Gyro: -42.282 22.293 -3.952
Accel: 0.082 0.165 0.938
Gyro: -42.510 24.063 -2.487
Accel: 0.071 0.163 0.936
Gyro: -42.984 25.146 -2.151
Accel: 0.069 0.142 0.941
Gyro: -43.502 24.566 -2.212
Accel: 0.060 0.126 0.949
Gyro: -43.487 22.537 -1.571
Accel: 0.046 0.110 0.959
Gyro: -41.778 19.134 0.122
Accel: 0.034 0.098 0.971
Gyro: -35.171 14.724 2.700
Accel: 0.026 0.087 0.979
Gyro: -35.675 10.452 5.325
Accel: 0.021 0.073 0.986
Gyro: -32.119 5.432 8.163
Accel: 0.023 0.062 0.998
Gyro: -28.320 0.381 11.383
Accel: 0.030 0.058 1.002
Gyro: -24.230 -4.211 14.266
Accel: 0.031 0.059 1.003
Gyro: -20.263 -8.148 15.991
Accel: 0.030 0.062 1.005
Gyro: -17.395 -12.039 17.135
Accel: 0.041 0.061 1.012
Gyro: -15.838 -15.762 17.501
Accel: 0.041 0.061 1.021
Gyro: -14.450 -19.134 18.142
Accel: 0.041 0.065 1.035
Gyro: -12.954 -22.109 18.814
Accel: 0.048 0.0000 1.046
Gyro: -11.566 -24.047 19.302
Accel: 0.053 0.059 1.059
Gyro: -10.055 -25.253 19.485
Accel: 0.061 0.053 1.069
Gyro: -8.102 -25.985 19.851
Accel: 0.070 0.045 1.075
Gyro: -5.554 -26.657 20.812
Accel: 0.077 0.043 1.074
Gyro: -2.883 -27.206 21.728
Accel: 0.080 0.046 1.073
Gyro: 0.320 -27.694 22.659
Accel: 0.087 0.048 1.066
Gyro: 3.463 -28.198 27.328
Accel: 0.094 0.052 1.053
Gyro: 6.103 -29.022 24.108
Accel: 0.107 0.059 1.039
Gyro: 8.148 -30.349 24.902
Accel: 0.111 0.070 1.027
Gyro: 9.689 -31.555 24.810
Accel: 0.119 0.083 1.018
Gyro: 10.864 -32.775 24.078
Accel: 0.127 0.087 1.009
Gyro: 11.367 -33.676 23.437
Accel: 0.139 0.092 1.005
Gyro: 11.383 -33.752 22.933
Accel: 0.147 0.103 1.006
Gyro: 11.322 -32.272 22.659
Accel: 0.154 0.111 1.0010
Gyro: 11.550 -30.075 22.125
Accel: 0.166 0.111 1.0010
Gyro: 11.627 -27.648 21.575
Accel: 0.176 0.117 1.009
Gyro: 11.352 -24.719 20.645
Accel: 0.175 0.127 1.005
Gyro: 11.138 -21.682 19.393
Accel: 0.177 0.132 0.995
Gyro: 10.681 -19.271 18.035
Accel: 0.176 0.132 0.984
Gyro: 9.750 -17.639 16.616
Accel: 0.173 0.133 0.973
Gyro: 8.407 -16.983 15.502
Accel: 0.167 0.138 0.960
Gyro: 6.866 -16.357 14.846
Accel: 0.164 0.132 0.956
Gyro: 4.867 -16.647 14.236
Accel: 0.168 0.128 0.953
Gyro: 2.990 -17.730 13.824
Accel: 0.171 0.125 0.958
Gyro: 1.495 -18.447 13.214
Accel: 0.168 0.127 0.959
Gyro: -3.906 -18.203 12.420
Accel: 0.171 0.127 0.972
Gyro: -1.205 -17.120 11.657
Accel: 0.179 0.115 0.984
Gyro: -1.968 -15.350 11.0001
Accel: 0.182 0.109 0.991
Gyro: -2.380 -12.695 10.589
Accel: 0.186 0.099 0.993
Gyro: -2.807 -9.735 10.803
Accel: 0.184 0.096 0.995
Gyro: -3.234 -7.110 11.383
Accel: 0.181 0.092 0.991
Gyro: -3.723 -4.562 12.191
Accel: 0.178 0.089 0.984
Gyro: -4.501 -2.914 13.259
Accel: 0.180 0.087 0.977
Gyro: -5.996 -2.258 14.404
Accel: 0.182 0.083 0.974
Gyro: -8.178 -2.029 15.258
Accel: 0.183 0.082 0.978
Gyro: -10.665 -2.151 15.899
Accel: 0.188 0.080 0.988
Gyro: -12.939 -1.968 16.281
Accel: 0.190 0.081 1.002
Gyro: -14.495 -1.159 16.082
Accel: 0.190 0.080 1.018
Gyro: -14.755 0.213 15.777
Accel: 0.195 0.073 1.026
Gyro: -13.717 1.327 15.731
Accel: 0.199 0.067 1.027
Gyro: -12.268 2.563 15.777
Accel: 0.194 0.064 1.021
Gyro: -10.833 3.158 15.838
Accel: 0.191 0.064 1.0010
Gyro: -9.506 3.097 15.838
Accel: 0.189 0.060 0.995
Gyro: -8.331 1.876 15.823
Accel: 0.126 0.057 0.986
Gyro: -7.507 0.915 16.021
Accel: 0.187 0.052 0.975
Gyro: -6.134 -4.653 16.067
Accel: 0.187 0.050 0.973
Gyro: -4.272 -10.559 15.716
Accel: 0.186 0.045 0.975
Gyro: -1.174 -16.555 14.984
Accel: 0.184 0.044 0.980
Gyro: 2.655 -22.689 14.328
Accel: 0.181 0.043 0.982
Gyro: 6.820 -27.755 14.526
Accel: 0.185 0.039 0.983
Gyro: 10.971 -31.799 15.289
Accel: 0.192 0.039 0.979
Gyro: 14.739 -34.561 16.418
Accel: 0.307 0.069 1.062
Gyro: 16.662 -28.213 16.113
Accel: 0.297 0.120 1.071
Gyro: 13.015 -15.930 14.511
Accel: 0.309 0.150 1.081
Gyro: 8.209 -4.394 10.864
Accel: 0.321 0.151 1.049
Gyro: 2.914 5.401 6.744
Accel: 0.313 0.146 1.022
Gyro: -2.166 12.588 4.180
Accel: 0.312 0.124 0.937
Gyro: -7.339 16.784 1.983
Accel: 0.291 0.110 0.980
Gyro: -15.472 17.074 0.045
Accel: 0.256 0.092 0.975
Gyro: -13.626 13.0000 -1.602
Accel: 0.214 0.068 0.974
Gyro: -12.680 6.515 -2.029
Accel: 0.176 0.038 0.977
Gyro: -9.307 0.259 0.900
Accel: 0.148 0.020 0.976
Gyro: -4.608 -6.500 2.212
Accel: 0.124 0.0001 0.968
Gyro: 0.122 -15.335 6.973
Accel: 0.116 0.014 0.945
Gyro: 2.960 -16.174 13.092
Accel: 0.117 0.061 0.915
Gyro: 5.783 -22.247 18.569
Accel: 0.143 0.0010 0.913
Gyro: 11.520 -28.640 22.521
Accel: 0.207 0.020 0.935
Gyro: 8.514 -35.339 24.703
Accel: 0.280 0.039 0.980
Gyro: 9.719 -40.222 24.353
Accel: 0.332 0.046 1.025
Gyro: 12.481 -41.824 21.774
Accel: 0.190 0.124 0.973
Gyro: 4.104 11.810 4.791
Accel: 0.183 0.123 0.973
Gyro: 3.372 13.763 5.187
Accel: 0.178 0.120 0.975
Gyro: 2.334 15.274 5.645
Accel: 0.177 0.099 0.974
Gyro: 1.281 16.693 5.706
Accel: 0.180 0.119 0.985
Gyro: 1.113 17.105 6.866
Accel: 0.173 0.129 0.990
Gyro: 1.739 16.815 8.255
Accel: 0.165 0.124 1.0001
Gyro: 2.166 15.609 9.338
Accel: 0.168 0.115 0.999
Gyro: 2.777 14.724 10.360
Accel: 0.167 0.109 0.992
Gyro: 3.479 14.465 10.848
Accel: 0.166 0.113 0.985
Gyro: 4.211 14.236 11.260
Accel: 0.165 0.120 0.979
Gyro: 4.440 14.511 11.459
Accel: 0.160 0.119 0.976
Gyro: 4.760 15.380 11.276
Accel: 0.152 0.115 0.966
Gyro: 5.462 17.211 10.864
Accel: 0.148 0.112 0.951
Gyro: 7.369 20.889 9.918
Accel: 0.128 0.130 0.967
Gyro: 7.873 21.209 9.414
Accel: 0.118 0.151 0.959
Gyro: 7.446 21.453 9.643
Accel: 0.103 0.164 0.933
Gyro: 6.164 23.284 9.796
Accel: 0.099 0.170 0.923
Gyro: 4.409 25.146 10.452
Accel: 0.101 0.141 0.880
Gyro: 2.471 32.226 9.445
Accel: 0.063 0.154 0.907
Gyro: 1.602 31.768 8.926
Accel: 0.106 0.173 0.954
Gyro: 0.167 30.151 9.399
Accel: 0.112 0.189 0.928
Gyro: 0.228 30.883 10.299
Accel: 0.097 0.187 0.934
Gyro: -1.281 30.944 11.260
Accel: 0.101 0.173 0.919
Gyro: -2.410 31.127 11.703
Accel: 0.090 0.170 0.928
Gyro: -4.135 29.693 11.596
Accel: 0.097 0.167 0.939
Gyro: -5.493 28.091 11.306
Accel: 0.097 0.169 0.962
Gyro: -6.057 25.558 11.489
Accel: 0.091 0.181 0.969
Gyro: -5.584 22.979 11.642
Accel: 0.089 0.186 0.973
Gyro: -4.302 20.904 11.749
Accel: 0.087 0.187 0.983
Gyro: -1.892 21.240 11.383
Accel: 0.076 0.192 0.967
Gyro: -1.159 21.514 10.864
Accel: 0.092 0.199 0.943
Gyro: 0.381 24.169 10.742
Accel: 0.081 0.171 0.911
Gyro: 2.716 28.732 8.987
Accel: 0.066 0.177 0.949
Gyro: 3.555 29.251 6.973
Accel: 0.121 0.175 0.959
Gyro: 3.280 29.998 5.233
Accel: 0.085 0.180 0.969
Gyro: 6.866 34.408 0.061
Accel: 0.046 0.199 0.969
Gyro: 8.102 36.0010 2.304
Accel: 0.036 0.202 0.924
Gyro: 7.766 38.757 1.052
Accel: 0.028 0.191 0.914
Gyro: 8.346 43.136 1.281
Accel: 0.011 0.128 0.876
Gyro: 3.952 50.598 2.151
Accel: 0.004 0.189 0.962
Gyro: 8.407 49.530 3.448
Accel: 0.012 0.197 0.946
Gyro: 7.934 49.697 4.943
Accel: 0.056 0.211 0.946
Gyro: 8.651 48.461 7.247
Accel: 0.098 0.230 0.962
Gyro: 5.187 41.473 9.780
Accel: 0.095 0.202 0.952
Gyro: 4.211 37.551 12.008
Accel: 0.069 0.194 0.958
Gyro: 6.271 33.309 13.748
Accel: 0.075 0.204 0.991
Gyro: 8.575 23.849 15.029
Accel: 0.087 0.199 1.062
Gyro: 8.361 19.485 15.777
Accel: 0.114 0.187 1.011
Gyro: 5.386 10.955 17.044
Accel: 0.130 0.190 1.0001
Gyro: 1.663 6.134 19.256
Accel: 0.142 0.192 0.999
Gyro: 0.595 5.279 23.0010
Accel: 0.155 0.170 1.020
Gyro: 2.655 7.431 27.862
Accel: 0.144 0.115 1.022
Gyro: 7.049 15.396 33.126
Accel: 0.145 0.0100 1.045
Gyro: 9.292 22.964 38.436
Accel: 0.112 0.136 1.061
Gyro: 11.016 26.977 35.095
Accel: 0.106 0.078 1.096
Gyro: 10.574 23.986 26.962
Accel: 0.172 0.036 1.139
Gyro: 6.790 19.332 22.109
Accel: 0.215 0.0010 1.107
Gyro: 2.029 16.342 17.639
Accel: 0.201 0.092 1.0100
Gyro: 0.0000 17.303 14.526
Accel: 0.150 0.245 1.155
Gyro: 2.426 20.141 16.281
Accel: 0.114 0.414 1.200
Gyro: 8.422 22.766 24.429
Accel: 0.094 0.543 1.213
Gyro: 14.617 31.051 36.483
Accel: 0.103 0.681 1.216
Gyro: 19.592 32.806 48.339
Accel: 0.132 0.767 1.070
Gyro: 26.092 29.586 53.802
Accel: 0.102 0.911 1.138
Gyro: 31.265 17.700 45.593
Accel: 0.083 0.693 1.219
Gyro: 35.461 10.589 29.937
Accel: 0.072 0.640 1.303
Gyro: 37.689 3.112 11.459
Accel: 0.088 0.490 1.342
Gyro: 40.695 -1.190 -3.173
Accel: 0.118 0.454 1.335
Gyro: 42.724 -2.807 -4.867
Accel: 0.152 0.481 1.337
Gyro: 41.107 -11.276 -5.187
Accel: 0.033 0.503 1.388
Gyro: 38.955 -11.154 -5.874
Accel: 0.061 0.531 1.533
Gyro: 38.543 -10.391 -8.743
Accel: 0.101 0.447 1.694
Gyro: 46.722 -6.988 -13.259
Accel: 0.063 0.393 1.881
Gyro: 51.910 0.381 -14.923
Accel: 0.088 0.331 2.102
Gyro: 57.052 6.729 -17.654
Accel: 0.064 0.293 2.203
Gyro: 63.995 12.634 -22.460
Accel: 0.146 0.325 2.294
Gyro: 72.967 25.527 -26.062
Accel: 0.171 0.292 2.179
Gyro: 90.957 34.179 -29.891
Accel: 0.019 0.281 2.015
Gyro: 117.614 37.414 -33.279
Accel: 0.005 0.206 1.865
Gyro: 155.029 44.418 -35.568
Accel: 0.015 0.108 1.685
Gyro: 176.834 46.783 -33.935
Accel: 0.017 0.067 1.498
Gyro: 193.130 42.831 -31.707
Accel: 0.016 0.062 1.294
Gyro: 203.765 35.324 -31.692
Accel: 0.031 0.046 1.101
Gyro: 210.556 25.650 -31.448
Accel: 0.040 0.0000 0.887
Gyro: 215.393 13.229 -31.723
Accel: 0.019 0.062 0.714
Gyro: 218.627 2.197 -34.011
Accel: 0.093 0.033 0.504
Gyro: 222.991 -10.787 -32.714
Accel: 0.114 0.030 0.484
Gyro: 215.515 -14.816 -25.344
Accel: 0.102 0.092 0.314
Gyro: 208.984 -21.530 -20.462
Accel: 0.113 0.161 0.296
Gyro: 193.405 -26.367 -15.319
Accel: 0.075 0.172 0.236
Gyro: 173.828 -29.418 -10.116
Accel: 0.055 0.223 0.218
Gyro: 152.893 -33.279 -9.277
Accel: 0.064 0.291 0.251
Gyro: 128.372 -33.950 -10.604
Accel: 0.111 0.315 0.238
Gyro: 103.530 -33.203 -11.947
Accel: 0.133 0.298 0.231
Gyro: 80.383 -23.971 -13.534
Accel: 0.163 0.211 0.161
Gyro: 60.012 -20.950 -17.730
Accel: 0.238 0.079 0.062
Gyro: 47.760 -9.307 -19.165
Accel: 0.153 0.008 0.067
Gyro: 37.933 -6.378 -16.693
Accel: 0.151 0.103 0.020
Gyro: 30.776 -7.476 -15.518
Accel: 0.116 0.243 0.278
Gyro: 32.318 -14.190 -17.318
Accel: 0.028 0.378 0.472
Gyro: 35.598 -27.984 -12.130
Accel: 0.009 0.449 0.792
Gyro: 36.315 -49.331 -7.690
Accel: 0.027 0.468 -1.177
Gyro: 35.736 -77.163 3.784
Accel: 0.055 0.450 -1.510
Gyro: 29.373 -100.265 1.647
Accel: 0.083 0.368 -1.822
Gyro: 0.473 -109.817 -1.205
Accel: 0.069 0.156 -2.077
Gyro: -56.991 -104.782 -3.067
Accel: 0.072 0.140 -2.186
Gyro: -132.095 -95.626 -2.822
Accel: 0.125 0.285 -2.210
Gyro: -214.950 -81.451 -2.014
Accel: 0.263 0.293 -2.152
Gyro: -313.842 -60.623 -4.928
Accel: 0.285 0.207 -2.0001
Gyro: -422.897 -36.865 -8.590
Accel: 0.231 0.305 -1.503
Gyro: -499.969 -7.659 -7.232
Accel: 0.317 0.517 0.672
Gyro: -499.969 31.829 -2.456
Accel: 0.513 0.670 0.836
Gyro: -499.969 74.935 3.723
Accel: 0.648 0.704 3.045
Gyro: -499.969 104.995 0.366
Accel: 0.592 -1.472 5.351
Gyro: -499.969 88.989 0.167
Accel: 0.128 -2.593 7.564
Gyro: -499.969 84.152 -11.062
Accel: 0.468 -3.073 7.999
Gyro: -337.799 73.883 6.973
Accel: 0.592 -2.413 7.999
Gyro: -27.297 53.710 10.299
Accel: 0.414 -1.091 7.969
Gyro: 230.270 21.240 -5.157
Accel: 0.495 0.501 5.933
Gyro: 398.605 -1.052 -18.295
Accel: 0.602 0.380 3.883
Gyro: 469.924 -22.628 -21.469
Accel: 0.562 0.145 2.492
Gyro: 468.887 -42.541 -17.120
Accel: 0.442 0.093 1.576
Gyro: 446.731 -62.454 -18.814
Accel: 0.259 0.182 0.967
Gyro: 423.370 -70.938 -22.430
Accel: 0.367 0.303 0.499
Gyro: 405.593 -77.423 -19.088
Accel: 0.334 0.379 0.031
Gyro: 380.996 -77.774 -13.870
Accel: 0.221 0.499 0.638
Gyro: 354.522 -73.287 -9.979
Accel: 0.046 0.490 -1.293
Gyro: 322.067 -69.305 -8.865
Accel: 0.145 0.480 -1.898
Gyro: 274.978 -68.283 -15.609
Accel: 0.263 0.502 -2.388
Gyro: 212.158 -67.077 -18.127
Accel: 0.316 0.490 -2.886
Gyro: 139.907 -54.702 -28.152
Accel: 0.364 0.498 -3.348
Gyro: 56.381 -46.875 -44.281
Accel: 0.290 0.505 -3.529
Gyro: -45.822 -37.368 -58.349
Accel: 0.295 0.476 -3.555
Gyro: -152.145 -25.955 -72.158
Accel: 0.319 0.484 -3.375
Gyro: -246.292 -13.259 -83.847
Accel: 0.303 0.517 -3.012
Gyro: -342.376 0.976 -90.576
Accel: 0.292 0.581 -2.456
Gyro: -424.484 12.435 -93.872
Accel: 0.262 0.666 -1.761
Gyro: -487.823 20.294 -94.650
Accel: 0.226 0.771 0.829
Gyro: -499.969 20.721 -92.788
Accel: 0.141 0.999 0.377
Gyro: -499.969 18.112 -88.989
Accel: 0.016 -1.297 2.196
Gyro: -499.969 13.214 -86.120
Accel: 0.153 -1.670 4.337
Gyro: -499.969 11.749 -86.975
Accel: 0.577 -2.273 6.250
Gyro: -460.983 21.316 -69.183
Accel: 0.942 -2.792 7.927
Gyro: -322.631 50.598 -37.292
Accel: 0.900 -2.135 7.999
Gyro: -111.526 76.309 -16.616
Accel: 0.858 -1.163 7.837
Gyro: 95.520 80.062 -5.706
Accel: 0.826 0.646 6.577
Gyro: 262.496 54.840 2.593
Accel: -1.025 0.387 4.481
Gyro: 346.069 16.326 16.036
Accel: 0.871 0.172 3.110
Gyro: 366.073 -20.141 28.839
Accel: 0.735 0.056 2.277
Gyro: 354.492 -51.208 37.918
Accel: 0.632 0.044 1.753
Gyro: 337.722 -82.885 44.189
Accel: 0.573 0.084 1.442
Gyro: 330.581 -109.237 49.804
Accel: 0.459 0.175 1.095
Gyro: 332.946 -125.228 53.787
Accel: 0.278 0.327 0.743
Gyro: 340.164 -129.058 54.885
Accel: 0.072 0.498 0.338
Gyro: 346.740 -123.245 51.086
Accel: 0.126 0.641 0.136
Gyro: 350.555 -108.352 39.520
Accel: 0.302 0.739 0.688
Gyro: 346.572 -86.898 32.531
Accel: 0.415 0.724 -1.314
Gyro: 325.866 -64.346 13.061
Accel: 0.507 0.606 -2.011
Gyro: 284.118 -37.017 -1.831
Accel: 0.483 0.511 -2.744
Gyro: 217.025 -6.103 -25.238
Accel: 0.401 0.489 -3.164
Gyro: 129.531 17.745 -45.837
Accel: 0.274 0.314 -3.510
Gyro: 43.060 36.285 -59.951
Accel: 0.210 0.327 -3.608
Gyro: -59.677 45.715 -75.225
Accel: 0.339 0.518 -3.733
Gyro: -169.921 51.025 -89.843
Accel: 0.239 0.397 -3.439
Gyro: -280.426 49.667 -95.504
Accel: 0.175 0.546 -2.961
Gyro: -376.480 50.888 -97.305
Accel: 0.137 0.650 -2.274
Gyro: -450.683 51.681 -97.351
Accel: 0.112 0.772 -1.538
Gyro: -498.916 45.028 -96.206
Accel: 0.023 0.938 0.516
Gyro: -499.969 31.097 -88.455
Accel: 0.127 -1.084 0.714
Gyro: -499.969 11.138 -79.376
Accel: 0.311 -1.414 2.608
Gyro: -499.969 -11.688 -71.594
Accel: 0.468 -1.982 4.886
Gyro: -499.969 -17.684 -58.258
Accel: 0.930 -2.488 7.110
Gyro: -451.339 -7.751 -34.164
Accel: 0.912 -2.445 7.999
Gyro: -266.403 2.410 -22.293
Accel: 0.817 -1.699 7.999
Gyro: -43.670 9.170 -10.665
Accel: 0.924 0.937 7.555
Gyro: 161.788 -2.761 9.048
Accel: 0.747 0.554 5.279
Gyro: 304.214 -20.874 28.213
Accel: 0.519 0.096 4.080
Gyro: 349.929 -39.413 47.729
Accel: 0.363 0.087 3.028
Gyro: 354.156 -51.437 62.164
Accel: 0.218 0.127 2.482
Gyro: 341.201 -67.443 65.994
Accel: 0.008 0.145 2.104
Gyro: 340.347 -80.383 63.461
Accel: 0.070 0.008 1.753
Gyro: 347.335 -90.072 54.672
Accel: 0.192 0.195 1.361
Gyro: 365.081 -92.575 44.799
Accel: 0.263 0.444 0.908
Gyro: 384.765 -93.994 31.921
Accel: 0.317 0.636 0.297
Gyro: 400.894 -95.306 26.138
Accel: 0.290 0.759 0.486
Gyro: 400.543 -101.593 8.361
Accel: 0.151 0.787 -1.155
Gyro: 371.185 -108.047 -3.524
Accel: 0.069 0.711 -1.805
Gyro: 321.044 -102.752 -20.935
Accel: 0.058 0.650 -2.307
Gyro: 259.002 -81.680 -40.664
Accel: 0.042 0.634 -2.829
Gyro: 192.657 -52.581 -63.766
Accel: 0.093 0.617 -3.317
Gyro: 113.739 -28.564 -83.908
Accel: 0.181 0.545 -3.683
Gyro: 23.620 -16.250 -98.648
Accel: 0.206 0.521 -3.853
Gyro: -77.468 -10.406 -110.351
Accel: 0.182 0.543 -3.824
Gyro: -181.503 -3.417 -114.318
Accel: 0.185 0.580 -3.608
Gyro: -282.852 6.149 -113.769
Accel: 0.233 0.676 -3.229
Gyro: -380.065 19.042 -108.413
Accel: 0.199 0.713 -2.602
Gyro: -464.828 27.038 -98.648
Accel: 0.198 0.919 -1.912
Gyro: -499.969 26.031 -88.699
Accel: 0.074 -1.116 0.927
Gyro: -499.969 14.266 -80.108
Accel: 0.055 -1.236 0.353
Gyro: -499.969 -19.577 -73.852
Accel: 0.106 -1.612 2.133
Gyro: -499.969 -55.892 -73.715
Accel: 0.337 -2.142 4.413
Gyro: -499.969 -73.730 -76.416
Accel: 0.729 -2.738 6.695
Gyro: -470.153 -47.729 -61.370
Accel: 0.684 -2.905 7.999
Gyro: -341.094 5.432 -36.453
Accel: 0.104 -2.224 7.999
Gyro: -142.761 55.526 -35.583
Accel: 0.271 -1.414 7.999
Gyro: 69.931 81.268 -24.337
Accel: 0.235 0.904 7.400
Gyro: 245.285 64.514 -10.147
Accel: 0.391 0.421 5.563
Gyro: 361.892 36.605 4.623
Accel: 0.207 0.119 3.933
Gyro: 406.555 16.021 21.820
Accel: 0.234 0.151 2.836
Gyro: 413.558 -5.981 35.675
Accel: 0.243 0.213 2.166
Gyro: 408.935 -31.723 43.487
Accel: 0.115 0.106 1.692
Gyro: 408.370 -61.782 44.433
Accel: 0.003 0.028 1.318
Gyro: 413.726 -85.266 38.299
Accel: 0.082 0.304 1.004
Gyro: 426.223 -94.039 24.490
Accel: 0.129 0.610 0.661
Gyro: 448.013 -97.137 16.113
Accel: 0.127 0.971 0.256
Gyro: 467.041 -97.961 5.554
Accel: 0.130 -1.127 0.413
Gyro: 474.838 -99.044 -3.494
Accel: 0.106 -1.135 -1.186
Gyro: 462.265 -98.007 -11.367
Accel: 0.056 -1.006 -2.049
Gyro: 416.046 -94.650 -20.568
Accel: 0.059 0.909 -2.912
Gyro: 333.786 -84.548 -31.570
Accel: 0.204 0.798 -3.600
Gyro: 220.565 -59.753 -47.149
Accel: 0.232 0.666 -4.063
Gyro: 97.015 -33.111 -59.844
Accel: 0.398 0.872 -4.539
Gyro: -31.677 -8.880 -81.085
Accel: 0.386 0.910 -4.501
Gyro: -171.997 8.880 -91.598
Accel: 0.370 0.890 -4.277
Gyro: -313.491 27.954 -97.229
Accel: 0.280 -1.003 -3.888
Gyro: -441.970 48.812 -95.657
Accel: 0.256 -1.049 -3.274
Gyro: -499.969 65.093 -90.988
Accel: 0.252 -1.046 -2.567
Gyro: -499.969 69.396 -84.274
Accel: 0.272 -1.104 -1.751
Gyro: -499.969 60.012 -76.187
Accel: 0.265 -1.260 0.592
Gyro: -499.969 29.449 -69.854
Accel: 0.202 -1.661 1.101
Gyro: -499.969 -29.418 -68.847
Accel: 0.160 -2.137 3.428
Gyro: -499.969 -102.020 -84.732
Accel: 0.021 -2.654 5.912
Gyro: -499.969 -161.132 -105.239
Accel: 0.341 -3.397 7.999
Gyro: -456.451 -152.297 -87.265
Accel: 0.132 -3.377 7.999
Gyro: -266.662 -81.680 -59.539
Accel: 0.144 -2.523 7.999
Gyro: -37.429 -17.547 -41.290
Accel: 0.049 -1.608 7.999
Gyro: 175.216 29.556 -16.616
Accel: 0.071 -1.390 6.828
Gyro: 352.813 36.422 -1.495
Accel: 0.074 0.767 4.758
Gyro: 468.521 23.529 12.420
Accel: 0.064 0.306 3.240
Gyro: 495.162 9.262 31.097
Accel: 0.016 0.149 2.204
Gyro: 484.191 -12.054 36.621
Accel: 0.015 0.102 1.489
Gyro: 467.803 -44.326 38.986
Accel: 0.014 0.147 0.889
Gyro: 455.093 -72.601 33.950
Accel: 0.070 0.399 0.382
Gyro: 446.929 -92.285 23.208
Accel: 0.061 0.697 0.127
Gyro: 448.165 -101.760 7.324
Accel: 0.016 0.836 0.912
Gyro: 450.820 -103.042 -9.552
Accel: 0.112 0.866 -1.870
Gyro: 436.294 -97.839 -24.307
Accel: 0.026 0.920 -2.871
Gyro: 385.528 -85.876 -40.039
Accel: 0.151 0.918 -3.723
Gyro: 287.872 -57.601 -63.598
Accel: 0.179 0.859 -4.341
Gyro: 158.874 -27.542 -95.367
Accel: 0.135 0.815 -4.736
Gyro: 15.655 -14.617 -115.234
Accel: 0.103 0.888 -4.678
Gyro: -132.263 -3.631 -130.249
Accel: 0.103 0.944 -4.340
Gyro: -266.937 5.203 -136.260
Accel: 0.020 -1.111 -3.876
Gyro: -390.213 11.291 -129.028
Accel: 0.007 -1.244 -3.176
Gyro: -483.825 16.387 -112.609
Accel: 0.047 -1.293 -2.319
Gyro: -499.969 19.149 -90.179
Accel: 0.099 -1.400 -1.332
Gyro: -499.969 15.197 -66.131
Accel: 0.069 -1.483 0.052
Gyro: -499.969 0.244 -39.947
Accel: 0.028 -1.761 1.716
Gyro: -499.969 -15.060 -20.416
Accel: 0.055 -1.970 3.849
Gyro: -499.969 -34.454 -18.661
Accel: 0.077 -2.334 5.784
Gyro: -499.969 -34.957 -18.157
Accel: 0.250 -2.548 7.747
Gyro: -418.273 -5.691 -8.743
Accel: 0.117 -2.258 7.999
Gyro: -230.758 12.374 -6.378
Accel: 0.087 -1.326 7.999
Gyro: -6.500 18.524 -18.280
Accel: 0.234 0.704 7.999
Gyro: 164.184 6.530 -23.742
Accel: 0.230 0.367 5.816
Gyro: 288.772 -17.669 -21.591
Accel: 0.157 0.134 4.195
Gyro: 353.881 -32.318 -15.060
Accel: 0.077 0.322 3.108
Gyro: 364.440 -40.802 -5.050
Accel: 0.048 0.333 2.469
Gyro: 357.742 -47.576 1.754
Accel: 0.157 0.276 2.062
Gyro: 357.528 -54.962 1.693
Accel: 0.245 0.069 1.811
Gyro: 361.557 -61.141 -3.204
Accel: 0.288 0.069 1.521
Gyro: 374.313 -63.552 -11.245
Accel: 0.273 0.362 1.346
Gyro: 394.149 -62.179 -21.118
Accel: 0.207 0.586 1.016
Gyro: 415.740 -57.693 -29.617
Accel: 0.088 0.964 0.606
Gyro: 442.611 -52.429 -36.499
Accel: 0.042 -1.427 0.003
Gyro: 474.807 -44.494 -41.809
Accel: 0.101 -1.555 0.880
Gyro: 495.346 -34.988 -45.837
Accel: 0.062 -1.595 -1.913
Gyro: 476.516 -19.683 -51.254
Accel: 0.052 -1.541 -2.898
Gyro: 407.379 -7.797 -65.795
Accel: 0.130 -1.145 -3.761
Gyro: 281.997 0.442 -75.180
Accel: 0.015 0.971 -4.419
Gyro: 137.756 -14.129 -88.195
Accel: 0.030 0.897 -4.685
Gyro: -9.368 -36.560 -98.587
Accel: 0.103 -1.0000 -4.943
Gyro: -146.362 -60.836 -106.750
Accel: 0.017 0.921 -4.808
Gyro: -314.834 -77.865 -99.868
Accel: 0.0000 -1.082 -4.325
Gyro: -470.397 -78.491 -87.844
Accel: 0.057 -1.264 -3.635
Gyro: -499.969 -77.255 -79.330
Accel: 0.086 -1.625 -2.660
Gyro: -499.969 -74.417 -66.940
Accel: 0.145 -2.034 -1.195
Gyro: -499.969 -52.200 -54.748
Accel: 0.178 -2.378 0.644
Gyro: -499.969 -10.299 -50.109
Accel: 0.076 -2.711 2.690
Gyro: -499.969 46.676 -45.974
Accel: 0.004 -3.217 4.625
Gyro: -499.969 69.778 -49.682
Accel: 0.218 -3.451 6.701
Gyro: -499.969 80.780 -47.531
Accel: 0.534 -2.862 7.999
Gyro: -367.202 90.637 -39.352
Accel: 0.390 -2.302 7.999
Gyro: -108.657 88.439 -47.485
Accel: 0.482 -1.350 7.541
Gyro: 95.291 83.694 -46.371
Accel: 0.596 0.630 5.846
Gyro: 215.362 67.016 -35.202
Accel: 0.713 0.229 4.197
Gyro: 260.620 28.457 -27.587
Accel: 0.568 0.149 3.373
Gyro: 269.393 -11.566 -21.881
Accel: 0.352 0.289 2.683
Gyro: 277.587 -27.725 -15.808
Accel: 0.118 0.202 2.310
Gyro: 283.523 -42.755 -15.869
Accel: 0.020 0.175 2.133
Gyro: 281.494 -41.870 -19.241
Accel: 0.079 0.134 2.006
Gyro: 292.297 -42.724 -27.389
Accel: 0.166 0.071 1.797
Gyro: 318.618 -45.379 -37.612
Accel: 0.165 0.016 1.535
Gyro: 348.144 -49.133 -47.836
Accel: 0.132 0.147 1.202
Gyro: 377.944 -52.780 -55.572
Accel: 0.059 0.353 0.805
Gyro: 404.129 -57.174 -61.096
Accel: 0.006 0.667 0.278
Gyro: 428.237 -73.532 -61.248
Accel: 0.019 0.930 0.472
Gyro: 451.004 -100.692 -59.677
Accel: 0.049 -1.050 -1.452
Gyro: 453.201 -129.730 -60.684
Accel: 0.222 0.933 -2.461
Gyro: 405.654 -137.664 -64.086
Accel: 0.074 0.686 -3.495
Gyro: 288.406 -129.486 -75.424
Accel: 0.167 0.269 -4.110
Gyro: 132.553 -112.518 -98.892
Accel: 0.227 0.394 -4.430
Gyro: -53.848 -92.803 -115.341
Accel: 0.266 0.420 -4.364
Gyro: -240.219 -74.905 -125.427
Accel: 0.255 0.617 -4.012
Gyro: -409.774 -61.096 -130.584
Accel: 0.273 0.939 -3.403
Gyro: -499.969 -49.133 -128.677
Accel: 0.231 -1.352 -2.505
Gyro: -499.969 -24.353 -120.849
Accel: 0.267 -1.855 -1.411
Gyro: -499.969 17.105 -110.153
Accel: 0.097 -2.236 0.049
Gyro: -499.969 77.774 -93.566
Accel: 0.025 -2.674 1.307
Gyro: -499.969 108.749 -77.865
Accel: 0.397 -3.160 2.855
Gyro: -499.969 86.395 -77.453
Accel: 0.539 -3.258 4.373
Gyro: -499.969 33.096 -71.609
Accel: 0.751 -2.895 5.605
Gyro: -454.818 9.368 -70.007
Accel: 0.803 -2.242 5.995
Gyro: -255.615 23.162 -73.089
Accel: 0.708 -1.729 5.422
Gyro: -72.570 36.926 -61.630
Accel: 0.636 -1.251 4.388
Gyro: 48.843 39.764 -43.273
Accel: 0.470 0.832 3.932
Gyro: 116.683 30.288 -38.604
Accel: 0.641 0.673 2.842
Gyro: 146.789 10.742 -31.387
Accel: 0.510 0.341 2.169
Gyro: 157.241 -7.919 -26.031
Accel: 0.407 0.185 1.769
Gyro: 156.295 -22.705 -20.980
Accel: 0.334 0.027 1.436
Gyro: 157.043 -33.447 -19.409
Accel: 0.293 0.075 1.184
Gyro: 150.878 -38.528 -18.783
Accel: 0.259 0.140 0.979
Gyro: 142.837 -39.382 -18.859
Accel: 0.218 0.200 0.819
Gyro: 132.064 -37.918 -20.065
Accel: 0.166 0.249 0.701
Gyro: 117.538 -35.934 -22.445
Accel: 0.128 0.281 0.607
Gyro: 101.425 -32.608 -25.588
Accel: 0.111 0.279 0.548
Gyro: 81.0100 -23.590 -27.343
Accel: 0.102 0.275 0.518
Gyro: 58.319 -22.583 -27.908
Accel: 0.079 0.266 0.529
Gyro: 31.356 -19.607 -28.625
Accel: 0.052 0.222 0.597
Gyro: 17.410 -18.280 -29.907
Accel: 0.042 0.167 0.674
Gyro: 2.014 -16.372 -30.288
Accel: 0.034 0.102 0.791
Gyro: -10.574 -14.770 -30.731
Accel: 0.025 0.037 0.917
Gyro: -14.953 -12.832 -31.097
Accel: 0.032 0.020 1.008
Gyro: -9.735 -8.956 -31.143
Accel: 0.045 0.120 1.091
Gyro: 3.326 -4.760 -30.456
Accel: 0.041 0.081 1.140
Gyro: 15.396 0.152 -28.961
Accel: 0.035 0.081 1.156
Gyro: 23.498 5.325 -26.473
Accel: 0.033 0.072 1.133
Gyro: 33.950 9.994 -23.162
Accel: 0.031 0.059 1.091
Gyro: 40.390 13.778 -19.546
Accel: 0.030 0.052 1.058
Gyro: 41.793 16.769 -11.749
Accel: 0.044 0.037 1.032
Gyro: 40.313 19.317 -10.498
Accel: 0.043 0.026 1.015
Gyro: 38.055 26.840 -4.714
Accel: 0.049 0.0010 1.015
Gyro: 36.697 25.833 0.778
Accel: 0.050 0.007 1.013
Gyro: 34.774 24.765 4.943
Accel: 0.060 0.005 1.008
Gyro: 33.386 21.621 8.514
Accel: 0.074 0.004 0.999
Gyro: 33.386 18.905 11.596
Accel: 0.087 0.008 0.983
Gyro: 33.920 16.006 14.404
Accel: 0.104 0.004 0.977
Gyro: 35.125 13.046 17.044
Accel: 0.091 0.008 0.972
Gyro: 36.682 10.391 18.371
Accel: 0.083 0.006 0.959
Gyro: 37.353 6.576 19.027
Accel: 0.080 0.002 0.940
Gyro: 37.002 1.937 19.073
Accel: 0.087 0.008 0.927
Gyro: 31.402 0.976 19.241
Accel: 0.091 0.011 0.918
Gyro: 32.394 -2.273 19.851
Accel: 0.085 0.026 0.909
Gyro: 29.129 -1.647 19.500
Accel: 0.066 0.045 0.906
Gyro: 24.902 -1.052 17.837
Accel: 0.059 0.060 0.899
Gyro: 20.645 0.762 15.411
Accel: 0.061 0.070 0.890
Gyro: 17.456 0.335 13.092
