Accel: 0.0001 0.005 1.006
Gyro: 0.320 0.839 0.213
Accel: 0.002 0.006 1.004
Gyro: 0.335 0.717 0.122
Accel: 0.004 0.005 1.007
Gyro: 0.259 0.823 0.045
Accel: 0.003 0.004 1.008
Gyro: 0.274 0.778 0.183
Accel: 0.005 0.006 1.006
Gyro: 0.274 0.839 0.198
Accel: 0.004 0.007 1.008
Gyro: 0.244 0.762 0.106
Accel: 0.003 0.006 1.008
Gyro: 0.183 0.686 0.152
Accel: 0.004 0.006 1.004
Gyro: 0.320 0.701 0.106
Accel: 0.004 0.006 1.007
Gyro: 0.305 0.793 0.213
Accel: 0.003 0.006 1.008
Gyro: 0.305 0.671 0.045
Accel: 0.003 0.007 1.007
Gyro: 0.259 0.686 0.122
Accel: 0.003 0.006 1.008
Gyro: 0.335 0.671 0.152
Accel: 0.003 0.005 1.008
Gyro: 0.289 0.686 0.137
Accel: 0.003 0.005 1.008
Gyro: 0.259 0.808 0.183
Accel: 0.005 0.007 1.009
Gyro: 0.259 0.671 0.152
Accel: 0.003 0.008 1.005
Gyro: 0.289 0.717 0.183
Accel: 0.004 0.009 1.008
Gyro: 0.274 0.854 0.152
Accel: 0.004 0.006 1.0010
Gyro: 0.274 0.686 0.045
Accel: 0.005 0.006 1.007
Gyro: 0.320 0.686 0.183
Accel: 0.003 0.007 1.008
Gyro: 0.335 0.778 0.076
Accel: 0.003 0.006 1.0010
Gyro: 0.305 0.717 0.213
Accel: 0.004 0.008 1.008
Gyro: 0.335 0.717 0.076
Accel: 0.004 0.006 1.008
Gyro: 0.244 0.747 0.152
Accel: 0.002 0.006 1.008
Gyro: 0.228 0.747 0.167
Accel: 0.004 0.004 1.006
Gyro: 0.366 0.686 0.183
Accel: 0.003 0.008 1.009
Gyro: 0.244 0.671 0.106
Accel: 0.004 0.005 1.0010
Gyro: 0.289 0.793 0.183
Accel: 0.004 0.004 1.006
Gyro: 0.228 0.839 0.198
Accel: 0.005 0.007 1.008
Gyro: 0.320 0.778 0.106
Accel: 0.003 0.005 1.0010
Gyro: 0.244 0.671 0.198
Accel: 0.003 0.006 1.007
Gyro: 0.320 0.762 0.122
Accel: 0.003 0.006 1.009
Gyro: 0.366 0.717 0.122
Accel: 0.004 0.008 1.0010
Gyro: 0.350 0.747 0.167
Accel: 0.004 0.007 1.006
Gyro: 0.366 0.686 0.228
Accel: 0.004 0.009 1.009
Gyro: 0.213 0.793 0.061
Accel: 0.002 0.006 1.009
Gyro: 0.320 0.762 0.213
Accel: 0.004 0.006 1.004
Gyro: 0.259 0.762 0.122
Accel: 0.003 0.006 1.0010
Gyro: 0.381 0.717 0.122
Accel: 0.003 0.008 1.009
Gyro: 0.366 0.793 0.122
Accel: 0.004 0.007 1.007
Gyro: 0.274 0.717 0.183
Accel: 0.004 0.007 1.0010
Gyro: 0.274 0.808 0.198
Accel: 0.003 0.005 1.008
Gyro: 0.198 0.762 0.183
Accel: 0.004 0.007 1.008
Gyro: 0.366 0.854 0.106
Accel: 0.003 0.005 1.009
Gyro: 0.259 0.717 0.167
Accel: 0.003 0.006 1.007
Gyro: 0.289 0.686 0.167
Accel: 0.003 0.008 1.006
Gyro: 0.244 0.808 0.198
Accel: 0.002 0.008 1.008
Gyro: 0.320 0.610 0.152
Accel: 0.004 0.005 1.008
Gyro: 0.335 0.579 0.106
Accel: 0.0001 0.004 1.006
Gyro: 0.335 0.717 0.152
Accel: 0.003 0.006 1.008
Gyro: 0.381 0.671 0.122
Accel: 0.005 0.008 1.007
Gyro: 0.335 0.732 0.137
Accel: 0.003 0.006 1.006
Gyro: 0.335 0.656 0.198
Accel: 0.005 0.005 1.0010
Gyro: 0.244 0.564 0.228
Accel: 0.004 0.005 1.007
Gyro: 0.320 0.686 0.167
Accel: 0.002 0.006 1.009
Gyro: 0.274 0.793 0.122
Accel: 0.003 0.008 1.0010
Gyro: 0.305 0.640 0.183
Accel: 0.003 0.005 1.007
Gyro: 0.259 0.793 0.167
Accel: 0.003 0.006 1.007
Gyro: 0.305 0.823 0.106
Accel: 0.004 0.004 1.009
Gyro: 0.244 0.885 0.137
Accel: 0.003 0.006 1.008
Gyro: 0.152 0.854 0.167
Accel: 0.004 0.005 1.007
Gyro: 0.259 0.854 0.244
Accel: 0.003 0.007 1.009
Gyro: 0.259 0.762 0.213
Accel: 0.003 0.006 1.004
Gyro: 0.274 0.808 0.228
Accel: 0.004 0.006 1.009
Gyro: 0.289 0.854 0.106
Accel: 0.004 0.004 1.0010
Gyro: 0.396 0.793 0.152
Accel: 0.004 0.007 1.006
Gyro: 0.381 0.854 0.152
Accel: 0.003 0.007 1.007
Gyro: 0.350 0.793 0.106
Accel: 0.004 0.006 1.009
Gyro: 0.305 0.808 0.167
Accel: 0.003 0.006 1.005
Gyro: 0.335 0.854 0.213
Accel: 0.006 0.005 1.009
Gyro: 0.228 0.976 0.198
Accel: 0.004 0.006 1.009
Gyro: 0.213 0.900 0.183
Accel: 0.0010 0.007 1.004
Gyro: 0.289 0.808 0.198
Accel: 0.006 0.007 1.0010
Gyro: 0.152 0.946 0.244
Accel: 0.019 0.0001 1.012
Gyro: 0.076 0.640 0.274
Accel: 0.0000 0.005 1.0000
Gyro: 0.045 -1.022 0.198
Accel: 0.006 0.006 1.0010
Gyro: 0.198 0.900 0.137
Accel: 0.005 0.006 1.009
Gyro: 0.228 0.930 0.213
Accel: 0.002 0.004 1.003
Gyro: 0.122 0.900 0.213
Accel: 0.007 0.008 1.007
Gyro: 0.198 0.732 0.213
Accel: 0.004 0.007 1.0010
Gyro: 0.152 0.930 0.137
Accel: 0.005 0.006 1.006
Gyro: 0.244 0.823 0.228
Accel: 0.008 0.006 1.009
Gyro: 0.152 0.762 0.183
Accel: 0.007 0.004 1.011
Gyro: 0.213 0.778 0.076
Accel: 0.003 0.007 1.009
Gyro: 0.259 0.732 0.122
Accel: 0.006 0.008 1.008
Gyro: 0.122 0.717 0.122
Accel: 0.004 0.005 1.011
Gyro: 0.274 0.762 0.228
Accel: 0.004 0.007 1.009
Gyro: 0.274 0.732 0.152
Accel: 0.005 0.005 1.009
Gyro: 0.289 0.564 0.183
Accel: 0.003 0.006 1.007
Gyro: 0.198 0.747 0.198
Accel: 0.005 0.006 1.008
Gyro: 0.213 0.747 0.167
Accel: 0.006 0.007 1.012
Gyro: 0.289 0.732 0.198
Accel: 0.002 0.005 1.007
Gyro: 0.381 0.778 0.198
Accel: 0.006 0.005 1.008
Gyro: 0.320 0.686 0.259
Accel: 0.005 0.005 1.006
Gyro: 0.350 0.732 0.152
Accel: 0.002 0.009 1.011
Gyro: 0.411 0.808 0.106
Accel: 0.008 0.007 1.017
Gyro: 0.350 0.747 0.183
Accel: 0.014 0.057 1.006
Gyro: -3.555 0.991 0.167
Accel: 0.006 0.0000 1.055
Gyro: 0.198 0.793 0.183
Accel: 0.003 0.003 1.0001
Gyro: 0.213 0.808 0.183
Accel: 0.008 0.005 1.009
Gyro: 0.244 0.762 0.106
Accel: 0.003 0.006 1.009
Gyro: 0.335 0.732 0.198
Accel: 0.006 0.007 1.008
Gyro: 0.320 0.671 0.152
Accel: 0.006 0.007 1.011
Gyro: 0.289 0.686 0.213
Accel: 0.004 0.005 1.005
Gyro: 0.335 0.732 0.122
Accel: 0.005 0.005 1.008
Gyro: 0.228 0.701 0.122
Accel: 0.0001 0.006 1.008
Gyro: 0.381 0.686 0.183
Accel: 0.003 0.008 1.008
Gyro: 0.259 0.701 0.213
Accel: 0.005 0.008 1.008
Gyro: 0.350 0.686 0.152
Accel: 0.007 0.009 1.003
Gyro: 0.457 0.747 0.198
Accel: 0.005 0.007 1.008
Gyro: 0.381 0.823 0.122
Accel: 0.004 0.005 1.012
Gyro: 0.152 0.778 0.198
Accel: 0.002 0.0001 1.035
Gyro: 0.152 0.808 0.350
Accel: 0.005 0.006 1.055
Gyro: 0.289 0.854 0.381
Accel: 0.004 0.009 1.005
Gyro: 0.335 0.808 0.381
Accel: 0.004 0.008 1.012
Gyro: 0.396 0.732 0.350
Accel: 0.003 0.0010 1.011
Gyro: 0.289 0.839 0.503
Accel: 0.004 0.008 1.008
Gyro: 0.259 0.701 0.671
Accel: 0.0000 0.014 1.009
Gyro: 0.183 0.701 0.854
Accel: 0.0000 0.017 1.006
Gyro: 0.244 0.900 0.976
Accel: 0.0010 0.052 1.015
Gyro: 0.350 0.671 2.792
Accel: 0.003 0.028 1.0001
Gyro: 0.0000 -1.022 1.708
Accel: 0.0001 0.011 0.993
Gyro: 0.305 0.823 1.403
Accel: 0.0000 0.014 0.999
Gyro: 0.259 0.823 1.434
Accel: 0.004 0.005 1.008
Gyro: 0.030 0.640 1.480
Accel: 0.021 0.0000 1.006
Gyro: 0.091 0.045 1.129
Accel: 0.004 0.045 1.027
Gyro: 0.549 -1.358 0.747
Accel: 0.007 0.121 1.007
Gyro: 0.183 -1.129 -2.197
Accel: 0.006 0.019 0.990
Gyro: 0.122 0.808 -1.174
Accel: 0.016 0.021 1.023
Gyro: 0.106 0.854 0.564
Accel: 0.005 0.018 1.004
Gyro: 0.076 0.701 1.220
Accel: 0.006 0.0010 1.006
Gyro: 0.061 0.350 1.358
Accel: 0.0001 0.007 1.0010
Gyro: 0.106 0.503 1.663
Accel: 0.007 0.007 1.0010
Gyro: 0.213 0.427 1.754
Accel: 0.262 0.0001 1.019
Gyro: 11.596 -38.925 0.518
Accel: 0.306 0.007 1.023
Gyro: 12.374 -37.796 4.669
Accel: 0.322 0.008 1.044
Gyro: 12.619 -44.281 12.603
Accel: 0.362 0.120 1.004
Gyro: 8.575 -54.611 23.391
Accel: 0.347 0.105 1.033
Gyro: 14.083 -54.473 28.976
Accel: 0.299 0.113 1.099
Gyro: 26.046 -44.982 30.075
Accel: 0.264 0.067 1.177
Gyro: 41.137 -28.518 31.433
Accel: 0.243 0.020 1.191
Gyro: 51.879 -10.467 34.393
Accel: 0.273 0.051 1.191
Gyro: 59.478 9.109 35.980
Accel: 0.340 0.071 1.146
Gyro: 64.529 19.912 31.951
Accel: 0.390 0.118 1.062
Gyro: 68.237 29.113 24.459
Accel: 0.427 0.142 1.113
Gyro: 68.405 36.758 15.960
Accel: 0.408 0.122 1.140
Gyro: 65.795 47.531 9.994
Accel: 0.348 0.074 1.154
Gyro: 60.317 61.630 7.781
Accel: 0.295 0.045 1.107
Gyro: 51.254 72.174 7.598
Accel: 0.266 0.022 1.095
Gyro: 40.542 76.004 6.958
Accel: 0.265 0.0001 1.102
Gyro: 32.302 78.186 6.866
Accel: 0.258 0.009 1.099
Gyro: 29.403 85.784 8.255
Accel: 0.228 0.005 1.113
Gyro: 30.563 87.295 10.421
Accel: 0.225 0.036 1.246
Gyro: 38.818 101.608 12.222
Accel: 0.169 0.073 1.272
Gyro: 40.725 112.197 13.320
Accel: 0.162 0.075 1.225
Gyro: 48.950 112.442 12.527
Accel: 0.120 0.068 1.161
Gyro: 62.026 101.470 11.215
Accel: 0.086 0.024 1.095
Gyro: 82.824 70.831 10.940
Accel: 0.080 0.024 1.076
Gyro: 109.802 20.248 11.596
Accel: 0.125 0.041 1.178
Gyro: 132.598 -18.905 17.211
Accel: 0.854 0.101 1.754
Gyro: 109.0100 12.817 39.520
Accel: 0.252 0.291 1.445
Gyro: 79.101 33.370 32.623
Accel: 0.432 0.257 1.513
Gyro: 60.806 55.633 16.845
Accel: 0.341 0.294 1.682
Gyro: 51.315 73.013 8.850
Accel: 0.236 0.093 1.808
Gyro: 56.869 81.039 9.536
Accel: 0.182 0.156 1.908
Gyro: 67.977 77.819 11.489
Accel: 0.089 0.264 1.972
Gyro: 83.496 72.463 11.642
Accel: 0.038 0.316 2.120
Gyro: 99.288 56.640 10.284
Accel: 0.020 0.348 2.162
Gyro: 120.651 23.498 3.356
Accel: 0.023 0.413 2.097
Gyro: 159.927 2.777 -7.797
Accel: 0.021 0.446 1.885
Gyro: 191.558 -20.599 -15.945
Accel: 0.014 0.420 1.589
Gyro: 217.742 -31.539 -19.287
Accel: 0.0001 0.208 1.205
Gyro: 232.910 -47.653 -18.157
Accel: 0.042 0.129 0.826
Gyro: 255.187 -58.425 -16.860
Accel: 0.077 0.204 0.482
Gyro: 281.158 -57.525 -21.987
Accel: 0.070 0.050 0.092
Gyro: 307.907 -55.480 -15.884
Accel: 0.050 0.119 0.238
Gyro: 318.710 -53.558 -6.973
Accel: 0.009 0.171 0.562
Gyro: 311.996 -51.925 2.365
Accel: 0.013 0.132 0.736
Gyro: 292.083 -42.602 9.552
Accel: 0.125 0.228 -1.045
Gyro: 261.505 -35.171 10.208
Accel: 0.136 0.347 -1.199
Gyro: 220.245 -12.817 6.179
Accel: 0.131 0.393 -1.414
Gyro: 173.782 17.562 6.240
Accel: 0.093 0.503 -1.717
Gyro: 127.319 50.445 6.347
Accel: 0.0001 0.581 -2.063
Gyro: 82.992 77.636 -2.212
Accel: 0.154 0.613 -2.495
Gyro: 36.804 83.374 -12.893
Accel: 0.235 0.739 -2.697
Gyro: -28.884 75.469 -16.860
Accel: 0.143 0.928 -2.789
Gyro: -118.133 64.025 -19.927
Accel: 0.054 1.123 -2.702
Gyro: -201.293 47.760 -27.359
Accel: 0.026 0.988 -2.362
Gyro: -291.320 34.225 -28.518
Accel: 0.083 0.829 -1.857
Gyro: -373.855 22.613 -27.008
Accel: 0.148 0.616 -1.151
Gyro: -432.922 8.224 -31.204
Accel: 0.086 0.281 0.204
Gyro: -467.071 -10.833 -34.545
Accel: 0.027 0.207 1.210
Gyro: -463.821 -38.711 -39.993
Accel: 0.093 0.872 2.896
Gyro: -420.272 -69.168 -52.0001
Accel: 0.216 -1.546 4.615
Gyro: -350.158 -76.049 -48.812
Accel: 0.174 -2.082 6.019
Gyro: -272.018 -70.556 -23.971
Accel: 0.025 -2.075 6.740
Gyro: -165.359 -48.828 -1.052
Accel: 0.079 -1.550 7.113
Gyro: -50.338 -22.613 10.574
Accel: 0.119 0.924 6.291
Gyro: 101.119 -1.831 15.960
Accel: 0.093 0.621 4.915
Gyro: 246.429 10.406 17.044
Accel: 0.025 0.365 3.417
Gyro: 337.722 13.504 15.777
Accel: 0.017 0.055 2.146
Gyro: 372.909 12.191 18.310
Accel: 0.007 0.157 1.145
Gyro: 370.681 6.774 20.446
Accel: 0.031 0.277 0.419
Gyro: 343.795 1.358 21.179
Accel: 0.048 0.346 0.101
Gyro: 308.685 -3.677 20.339
Accel: 0.024 0.402 0.637
Gyro: 276.260 -8.132 16.067
Accel: 0.007 0.549 -1.128
Gyro: 241.775 -12.802 10.055
Accel: 0.019 0.633 -1.601
Gyro: 205.123 -16.403 2.365
Accel: 0.044 0.629 -2.026
Gyro: 164.520 -23.635 -10.910
Accel: 0.045 0.606 -2.373
Gyro: 115.905 -30.105 -19.775
Accel: 0.047 0.613 -2.532
Gyro: 59.753 -29.312 -32.501
Accel: 0.051 0.651 -2.700
Gyro: 0.122 -16.311 -43.045
Accel: 0.028 0.671 -2.772
Gyro: -55.999 -9.674 -48.522
Accel: 0.020 0.690 -2.706
Gyro: -121.704 -1.113 -49.209
Accel: 0.041 0.707 -2.505
Gyro: -188.537 7.583 -47.882
Accel: 0.041 0.645 -2.143
Gyro: -260.482 16.860 -45.700
Accel: 0.026 0.519 -1.632
Gyro: -325.103 20.812 -42.343
Accel: 0.039 0.326 0.946
Gyro: -375.595 19.561 -31.860
Accel: 0.042 0.037 0.060
Gyro: -410.507 18.814 -26.412
Accel: 0.050 0.355 1.220
Gyro: -428.741 19.058 -18.020
Accel: 0.093 0.810 2.588
Gyro: -419.845 13.275 -13.092
Accel: 0.096 -1.339 3.837
Gyro: -371.826 1.464 -6.622
Accel: 0.012 -1.712 4.793
Gyro: -300.109 -8.224 1.449
Accel: 0.074 -1.854 5.566
Gyro: -213.928 -10.467 9.613
Accel: 0.051 -1.583 5.975
Gyro: -97.915 -14.984 15.853
Accel: 0.0000 -1.048 5.307
Gyro: 22.109 -17.288 14.541
Accel: 0.041 0.568 4.398
Gyro: 135.208 -23.666 12.466
Accel: 0.0100 0.248 3.203
Gyro: 218.902 -33.172 13.885
Accel: 0.091 0.058 2.333
Gyro: 250.991 -39.749 17.257
Accel: 0.072 0.092 1.654
Gyro: 251.663 -42.282 22.827
Accel: 0.031 0.171 1.213
Gyro: 228.408 -39.672 27.130
Accel: 0.014 0.212 0.804
Gyro: 206.741 -35.415 27.053
Accel: 0.048 0.281 0.442
Gyro: 182.846 -28.640 25.222
Accel: 0.119 0.306 0.167
Gyro: 161.041 -15.625 21.560
Accel: 0.189 0.330 0.084
Gyro: 142.181 3.143 14.801
Accel: 0.149 0.390 0.371
Gyro: 126.892 20.309 9.582
Accel: 0.096 0.435 0.608
Gyro: 114.974 36.941 5.966
Accel: 0.097 0.437 0.842
Gyro: 107.498 44.433 -1.785
Accel: 0.077 0.466 -1.183
Gyro: 104.675 43.991 -12.283
Accel: 0.032 0.521 -1.524
Gyro: 93.673 41.305 -22.293
Accel: 0.023 0.583 -1.896
Gyro: 67.993 40.130 -31.555
Accel: 0.093 0.711 -2.291
Gyro: 26.885 44.174 -39.932
Accel: 0.142 0.933 -2.552
Gyro: -33.248 46.691 -50.720
Accel: 0.144 1.135 -2.643
Gyro: -110.504 44.113 -52.490
Accel: 0.128 1.197 -2.444
Gyro: -200.057 41.213 -55.892
Accel: 0.064 1.160 -1.990
Gyro: -293.487 38.299 -55.587
Accel: 0.019 0.876 -1.154
Gyro: -377.441 30.960 -52.337
Accel: 0.022 0.385 0.015
Gyro: -435.028 17.578 -50.201
Accel: 0.182 0.386 1.855
Gyro: -467.712 4.547 -48.797
Accel: 0.327 -1.293 4.071
Gyro: -460.449 2.685 -37.338
Accel: 0.600 -2.247 5.934
Gyro: -383.819 13.137 -8.743
Accel: 0.708 -2.624 7.280
Gyro: -247.375 26.763 16.693
Accel: 0.617 -2.442 7.655
Gyro: -67.459 40.924 36.544
Accel: 0.492 -1.691 6.742
Gyro: 129.302 43.563 43.746
Accel: 0.402 -1.205 5.353
Gyro: 296.432 24.291 47.683
Accel: 0.436 0.928 3.654
Gyro: 396.804 1.068 56.045
Accel: 0.281 0.654 2.308
Gyro: 423.217 -23.773 62.423
Accel: 0.205 0.478 1.135
Gyro: 402.603 -53.527 66.452
Accel: 0.117 0.401 0.354
Gyro: 367.752 -78.018 67.764
Accel: 0.015 0.321 0.290
Gyro: 338.241 -89.080 65.933
Accel: 0.086 0.153 0.880
Gyro: 318.069 -86.486 61.386
Accel: 0.193 0.037 -1.457
Gyro: 294.830 -77.987 46.920
Accel: 0.265 0.163 -1.943
Gyro: 259.765 -64.849 29.220
Accel: 0.265 0.367 -2.557
Gyro: 212.875 -53.344 11.413
Accel: 0.203 0.500 -3.090
Gyro: 155.746 -41.275 -7.385
Accel: 0.118 0.647 -3.459
Gyro: 83.557 -22.872 -20.660
Accel: 0.111 0.733 -3.726
Gyro: 7.751 -4.562 -33.142
Accel: 0.148 0.735 -3.785
Gyro: -87.280 11.383 -44.555
Accel: 0.130 0.734 -3.583
Gyro: -187.225 25.573 -49.667
Accel: 0.061 0.702 -3.127
Gyro: -285.797 37.673 -50.064
Accel: 0.042 0.604 -2.387
Gyro: -378.555 48.400 -49.163
Accel: 0.058 0.421 -1.461
Gyro: -453.857 50.552 -48.645
Accel: 0.062 0.005 0.218
Gyro: -499.969 36.026 -47.775
Accel: 0.005 0.596 1.226
Gyro: -499.969 22.186 -43.762
Accel: 0.195 -1.499 3.147
Gyro: -499.969 8.941 -31.204
Accel: 0.397 -2.288 5.109
Gyro: -450.958 -3.356 -11.627
Accel: 0.481 -3.034 6.689
Gyro: -356.109 -22.003 2.563
Accel: 0.382 -3.078 7.614
Gyro: -203.445 -30.944 8.575
Accel: 0.479 -2.421 7.738
Gyro: -20.019 -35.446 13.870
Accel: 0.450 -1.546 6.572
Gyro: 165.466 -38.131 22.384
Accel: 0.436 0.953 5.057
Gyro: 312.728 -44.235 32.089
Accel: 0.283 0.668 3.338
Gyro: 392.150 -53.512 38.635
Accel: 0.138 0.400 2.113
Gyro: 405.212 -62.881 41.305
Accel: 0.026 0.282 1.242
Gyro: 389.282 -65.338 44.784
Accel: 0.101 0.261 0.463
Gyro: 365.798 -50.750 47.241
Accel: 0.176 0.218 0.213
Gyro: 345.062 -25.222 48.400
Accel: 0.231 0.066 0.848
Gyro: 320.602 2.807 46.493
Accel: 0.293 0.072 -1.451
Gyro: 287.048 24.948 38.513
Accel: 0.322 0.116 -1.996
Gyro: 243.347 43.548 22.888
Accel: 0.325 0.147 -2.488
Gyro: 188.980 57.067 5.706
Accel: 0.287 0.355 -2.918
Gyro: 129.745 64.804 -8.453
Accel: 0.258 0.482 -3.186
Gyro: 59.631 58.715 -20.706
Accel: 0.293 0.628 -3.369
Gyro: -8.041 36.636 -33.248
Accel: 0.436 0.745 -3.353
Gyro: -83.709 8.544 -45.120
Accel: 0.395 0.854 -3.173
Gyro: -160.018 -19.714 -55.084
Accel: 0.332 0.855 -2.803
Gyro: -237.335 -47.805 -63.507
Accel: 0.284 0.825 -2.241
Gyro: -313.552 -70.724 -69.030
Accel: 0.263 0.791 -1.439
Gyro: -385.375 -90.515 -77.941
Accel: 0.094 0.599 0.448
Gyro: -445.983 -100.234 -72.525
Accel: 0.111 0.0001 0.822
Gyro: -492.172 -97.412 -61.538
Accel: 0.142 0.748 2.340
Gyro: -499.969 -71.609 -44.448
Accel: 0.061 -1.564 4.147
Gyro: -499.420 -33.935 -15.518
Accel: 0.016 -2.587 5.843
Gyro: -441.101 -17.181 16.540
Accel: 0.183 -3.205 7.116
Gyro: -327.362 -17.288 29.556
Accel: 0.266 -2.900 7.792
Gyro: -151.0000 -18.203 30.334
Accel: 0.288 -2.375 7.846
Gyro: 69.503 -14.175 25.222
Accel: 0.008 -1.634 6.343
Gyro: 270.477 -8.666 22.338
Accel: 0.043 -1.356 4.508
Gyro: 415.252 -4.470 21.331
Accel: 0.031 -1.130 2.873
Gyro: 481.658 -3.265 23.239
Accel: 0.027 -1.0001 1.789
Gyro: 487.075 0.610 24.520
Accel: 0.025 0.936 0.907
Gyro: 462.097 -2.258 25.802
Accel: 0.087 0.928 0.201
Gyro: 440.719 -2.410 22.766
Accel: 0.145 0.919 0.429
Gyro: 418.472 2.227 18.218
Accel: 0.184 0.734 -1.002
Gyro: 390.869 7.705 14.846
Accel: 0.213 0.462 -1.626
Gyro: 354.492 7.293 9.979
Accel: 0.272 0.179 -2.260
Gyro: 308.593 5.355 -2.944
Accel: 0.349 0.074 -2.897
Gyro: 252.944 1.388 -12.359
Accel: 0.341 0.391 -3.468
Gyro: 179.397 -13.076 -27.282
Accel: 0.229 0.513 -3.891
Gyro: 96.710 -31.036 -39.489
Accel: 0.004 0.789 -4.090
Gyro: 9.582 -45.578 -44.860
Accel: 0.003 0.852 -4.048
Gyro: -92.437 -49.514 -45.349
Accel: 0.059 0.838 -3.874
Gyro: -199.188 -43.228 -43.609
Accel: 0.120 0.722 -3.413
Gyro: -306.533 -25.756 -35.247
Accel: 0.197 0.552 -2.663
Gyro: -402.038 -6.332 -33.203
Accel: 0.267 0.251 -1.691
Gyro: -472.686 22.903 -25.894
Accel: 0.253 0.167 0.583
Gyro: -499.969 54.122 -17.578
Accel: 0.064 0.719 0.825
Gyro: -499.969 86.181 -12.405
Accel: 0.066 -1.468 2.493
Gyro: -499.969 112.533 -4.791
Accel: 0.023 -2.359 4.400
Gyro: -499.969 107.543 16.983
Accel: 0.164 -3.257 6.094
Gyro: -434.829 87.371 23.086
Accel: 0.164 -3.433 7.379
Gyro: -286.956 51.040 23.773
Accel: 0.142 -2.850 7.792
Gyro: -99.899 29.663 22.933
Accel: 0.284 -1.890 6.899
Gyro: 110.565 8.270 19.073
Accel: 0.392 -1.237 5.642
Gyro: 274.398 -13.763 17.929
Accel: 0.348 0.876 4.002
Gyro: 376.602 -25.573 21.194
Accel: 0.314 0.661 2.705
Gyro: 409.896 -37.094 22.140
Accel: 0.238 0.426 1.873
Gyro: 394.165 -47.882 27.648
Accel: 0.129 0.291 1.250
Gyro: 367.172 -52.429 35.842
Accel: 0.087 0.267 0.743
Gyro: 349.044 -51.376 40.390
Accel: 0.007 0.262 0.257
Gyro: 342.086 -49.911 40.054
Accel: 0.069 0.204 0.159
Gyro: 335.006 -48.294 36.987
Accel: 0.097 0.167 0.593
Gyro: 322.204 -42.663 33.691
Accel: 0.084 0.166 0.956
Gyro: 303.421 -37.933 31.082
Accel: 0.074 0.142 -1.426
Gyro: 269.653 -37.429 27.160
Accel: 0.092 0.054 -1.938
Gyro: 236.038 -42.510 20.446
Accel: 0.115 0.240 -2.531
Gyro: 203.826 -48.660 8.270
Accel: 0.077 0.522 -3.313
Gyro: 172.805 -69.793 -11.657
Accel: 0.067 0.729 -4.052
Gyro: 120.559 -89.935 -30.548
Accel: 0.179 0.787 -4.486
Gyro: 26.382 -100.662 -41.229
Accel: 0.137 0.774 -4.584
Gyro: -110.870 -94.238 -52.444
Accel: 0.116 0.584 -4.263
Gyro: -265.914 -76.705 -59.661
Accel: 0.148 0.322 -3.613
Gyro: -410.552 -45.516 -59.524
Accel: 0.169 0.095 -2.560
Gyro: -499.969 -16.265 -52.429
Accel: 0.084 0.571 -1.127
Gyro: -499.969 5.950 -38.345
Accel: 0.076 -1.163 0.297
Gyro: -499.969 19.439 -17.974
Accel: 0.320 -1.731 2.062
Gyro: -499.969 32.592 11.703
Accel: 0.508 -2.310 3.741
Gyro: -499.969 52.490 33.660
Accel: 0.666 -2.888 5.067
Gyro: -493.820 60.882 39.962
Accel: 0.584 -3.064 5.768
Gyro: -374.603 62.393 45.654
Accel: 0.257 -2.586 5.892
Gyro: -227.722 64.056 49.392
Accel: 0.038 -1.856 5.512
Gyro: -73.425 62.088 44.296
Accel: 0.081 -1.205 4.803
Gyro: 57.662 50.888 34.713
Accel: 0.141 0.723 3.599
Gyro: 140.304 28.533 22.872
Accel: 0.133 0.316 2.530
Gyro: 184.844 11.459 10.116
Accel: 0.140 0.033 1.690
Gyro: 195.709 -7.019 1.739
Accel: 0.165 0.201 1.059
Gyro: 183.578 -21.224 -1.052
Accel: 0.168 0.322 0.610
Gyro: 154.205 -33.248 0.122
Accel: 0.099 0.422 0.335
Gyro: 115.188 -41.992 0.061
Accel: 0.020 0.532 0.212
Gyro: 71.716 -46.508 -1.861
Accel: 0.048 0.612 0.181
Gyro: 29.449 -46.478 -4.226
Accel: 0.082 0.664 0.303
Gyro: -6.881 -35.842 -5.416
Accel: 0.082 0.660 0.338
Gyro: -27.801 -27.786 -4.745
Accel: 0.0001 0.602 0.457
Gyro: -41.778 -12.664 -1.037
Accel: 0.034 0.522 0.576
Gyro: -49.087 4.302 5.462
Accel: 0.013 0.425 0.677
Gyro: -52.520 20.660 12.786
Accel: 0.0010 0.314 0.767
Gyro: -53.131 37.902 20.690
Accel: 0.035 0.206 0.834
Gyro: -51.162 47.729 30.868
Accel: 0.069 0.117 0.993
Gyro: -48.049 61.691 30.563
Accel: 0.110 0.002 0.968
Gyro: -43.167 62.103 28.976
Accel: 0.122 0.093 1.028
Gyro: -46.722 58.166 22.674
Accel: 0.098 0.141 1.091
Gyro: -46.722 48.477 14.938
Accel: 0.0001 0.152 1.143
Gyro: -44.387 37.673 7.705
Accel: 0.022 0.129 1.185
Gyro: -37.887 28.060 2.029
Accel: 0.025 0.112 1.205
Gyro: -28.610 19.821 -3.112
Accel: 0.086 0.108 1.199
Gyro: -18.966 13.778 -5.767
Accel: 0.107 0.096 1.178
Gyro: -11.444 9.078 -6.698
Accel: 0.089 0.073 1.136
Gyro: -4.531 5.584 -7.995
Accel: 0.061 0.050 1.093
Gyro: -1.205 1.968 -9.567
Accel: 0.036 0.037 1.061
Gyro: -1.312 0.885 -10.330
Accel: 0.019 0.002 1.032
Gyro: -3.677 -2.487 -10.269
Accel: 0.004 0.036 1.018
Gyro: -6.378 -1.861 -9.704
Accel: 0.004 0.061 1.013
Gyro: -7.873 0.015 -4.043
Accel: 0.011 0.071 1.009
Gyro: -8.407 2.349 -4.791
Accel: 0.003 0.068 0.999
Gyro: -8.651 3.768 -2.151
Accel: 0.020 0.068 1.003
Gyro: -9.201 4.623 0.366
Accel: 0.029 0.077 1.009
Gyro: -9.872 5.004 0.778
Accel: 0.033 0.079 1.014
Gyro: -9.689 4.852 1.251
Accel: 0.025 0.070 1.017
Gyro: -8.102 4.882 1.678
Accel: 0.020 0.055 1.021
Gyro: -7.003 5.035 1.831
Accel: 0.021 0.029 1.017
Gyro: -6.835 3.128 0.411
Accel: 0.018 0.002 1.025
Gyro: -8.300 0.747 -1.449
