Accel: 0.022 0.090 1.002
Gyro: 5.294 1.037 1.098
Accel: 0.024 0.086 0.996
Gyro: 4.302 0.656 1.281
Accel: 0.028 0.079 0.990
Gyro: 2.960 0.427 1.541
Accel: 0.031 0.074 0.990
Gyro: 1.296 0.015 1.846
Accel: 0.036 0.074 1.0000
Gyro: 0.106 0.335 2.014
Accel: 0.039 0.073 1.007
Gyro: -1.022 0.686 2.288
Accel: 0.039 0.077 1.004
Gyro: 0.595 0.045 2.548
Accel: 0.035 0.084 1.0010
Gyro: 0.137 0.366 2.487
Accel: 0.040 0.091 1.017
Gyro: 0.381 0.961 2.243
Accel: 0.044 0.096 1.012
Gyro: 0.473 -1.373 2.227
Accel: 0.043 0.093 1.002
Gyro: 0.137 -1.113 2.182
Accel: 0.039 0.089 1.0000
Gyro: 0.183 0.595 1.876
Accel: 0.037 0.091 1.002
Gyro: 0.457 0.579 1.647
Accel: 0.039 0.091 1.0010
Gyro: 0.198 0.823 1.464
Accel: 0.041 0.089 1.008
Gyro: 0.137 0.976 1.281
Accel: 0.043 0.089 0.996
Gyro: 0.350 -1.037 1.113
Accel: 0.044 0.090 0.995
Gyro: 0.473 0.854 0.701
Accel: 0.046 0.095 1.061
Gyro: 0.717 0.610 0.228
Accel: 0.046 0.095 1.0000
Gyro: 0.885 0.656 0.228
Accel: 0.048 0.093 1.002
Gyro: 0.808 0.366 0.640
Accel: 0.048 0.091 1.005
Gyro: 0.564 0.015 0.762
Accel: 0.044 0.090 1.0001
Gyro: 0.167 0.183 0.854
Accel: 0.039 0.087 0.997
Gyro: 1.022 0.915 0.518
Accel: 0.031 0.089 1.0010
Gyro: 0.717 0.320 0.411
Accel: 0.029 0.085 1.0010
Gyro: 0.411 0.518 0.183
Accel: 0.028 0.081 1.004
Gyro: -1.159 -1.052 0.900
Accel: 0.032 0.075 1.005
Gyro: -1.373 0.915 1.586
Accel: 0.035 0.075 1.008
Gyro: -1.052 0.961 1.876
Accel: 0.037 0.082 1.007
Gyro: 0.366 0.885 2.014
Accel: 0.037 0.086 1.007
Gyro: 0.488 0.549 1.983
Accel: 0.039 0.089 1.005
Gyro: 1.113 0.396 1.983
Accel: 0.040 0.089 1.006
Gyro: 1.480 0.259 1.907
Accel: 0.042 0.089 1.009
Gyro: 1.708 0.259 1.907
Accel: 0.042 0.090 1.006
Gyro: 1.678 0.457 1.983
Accel: 0.041 0.090 1.002
Gyro: 1.815 0.518 1.953
Accel: 0.042 0.092 1.002
Gyro: 1.815 0.442 1.937
Accel: 0.041 0.093 1.0001
Gyro: 1.586 0.366 1.831
Accel: 0.040 0.093 1.003
Gyro: 1.464 0.457 2.014
Accel: 0.041 0.090 1.005
Gyro: 1.602 0.320 2.197
Accel: 0.041 0.086 1.003
Gyro: 1.449 0.411 2.014
Accel: 0.039 0.086 1.002
Gyro: 0.991 0.518 1.861
Accel: 0.036 0.084 0.998
Gyro: 0.259 0.671 1.693
Accel: 0.036 0.085 0.999
Gyro: 0.534 0.793 1.724
Accel: 0.036 0.088 1.003
Gyro: 0.793 0.747 1.815
Accel: 0.040 0.091 1.006
Gyro: 0.823 -1.007 1.785
Accel: 0.040 0.092 1.007
Gyro: 0.473 0.747 1.632
Accel: 0.040 0.092 1.009
Gyro: 0.167 0.625 1.602
Accel: 0.038 0.092 1.007
Gyro: 0.427 0.640 1.541
Accel: 0.040 0.092 1.005
Gyro: 0.839 0.427 1.541
Accel: 0.042 0.093 1.005
Gyro: 1.007 0.381 1.464
Accel: 0.043 0.092 1.004
Gyro: 1.022 0.488 1.434
Accel: 0.044 0.093 1.004
Gyro: 1.220 0.473 1.419
Accel: 0.043 0.094 1.004
Gyro: 1.296 0.442 1.190
Accel: 0.042 0.095 1.004
Gyro: 1.480 0.335 0.946
Accel: 0.040 0.095 1.003
Gyro: 1.754 0.213 0.747
Accel: 0.040 0.092 1.005
Gyro: 1.754 0.122 0.503
Accel: 0.039 0.089 1.005
Gyro: 1.647 0.274 0.335
Accel: 0.040 0.086 1.005
Gyro: 1.800 0.305 0.183
Accel: 0.041 0.085 1.003
Gyro: 1.785 0.244 0.076
Accel: 0.042 0.086 1.002
Gyro: 1.785 0.335 0.320
Accel: 0.040 0.089 1.002
Gyro: 1.785 0.030 0.503
Accel: 0.038 0.087 1.004
Gyro: 1.770 0.045 0.411
Accel: 0.036 0.085 1.005
Gyro: 1.525 0.091 0.350
Accel: 0.036 0.085 1.004
Gyro: 1.327 0.320 0.152
Accel: 0.036 0.085 1.004
Gyro: 1.174 0.350 0.045
Accel: 0.035 0.087 1.003
Gyro: 1.190 0.457 0.152
Accel: 0.039 0.088 1.003
Gyro: 1.007 0.411 0.228
Accel: 0.037 0.086 1.004
Gyro: 0.961 0.579 0.213
Accel: 0.038 0.083 1.003
Gyro: 1.113 0.473 0.213
Accel: 0.037 0.086 1.004
Gyro: 1.113 0.411 0.122
Accel: 0.037 0.085 1.006
Gyro: 0.976 0.488 0.061
Accel: 0.036 0.085 1.004
Gyro: 0.946 0.656 0.122
Accel: 0.034 0.084 1.005
Gyro: 0.717 0.564 0.244
Accel: 0.033 0.086 1.006
Gyro: 0.656 0.549 0.335
Accel: 0.037 0.086 1.004
Gyro: 0.778 0.701 0.457
Accel: 0.038 0.085 1.006
Gyro: 0.747 0.534 0.610
Accel: 0.037 0.083 1.007
Gyro: 0.854 0.534 0.717
Accel: 0.034 0.082 1.004
Gyro: 0.762 0.549 0.732
Accel: 0.037 0.080 1.002
Gyro: 0.625 0.473 0.854
Accel: 0.041 0.083 1.002
Gyro: 0.457 0.747 0.961
Accel: 0.040 0.082 1.0001
Gyro: 0.244 0.717 1.052
Accel: 0.039 0.082 1.007
Gyro: 0.045 0.701 1.037
Accel: 0.039 0.080 1.007
Gyro: 0.030 0.808 1.113
Accel: 0.038 0.085 1.004
Gyro: 0.137 0.885 1.144
Accel: 0.038 0.086 1.003
Gyro: 0.427 0.717 0.915
Accel: 0.035 0.089 1.003
Gyro: 0.488 0.793 0.793
Accel: 0.037 0.088 1.004
Gyro: 0.442 0.762 0.640
Accel: 0.039 0.085 1.007
Gyro: 0.289 0.839 0.534
Accel: 0.041 0.085 1.004
Gyro: 0.427 0.762 0.289
Accel: 0.038 0.084 1.0001
Gyro: 0.457 0.701 0.030
Accel: 0.038 0.082 1.006
Gyro: 0.091 0.778 0.106
Accel: 0.039 0.081 1.003
Gyro: 0.228 0.930 0.076
Accel: 0.040 0.082 1.004
Gyro: 0.259 0.885 0.137
Accel: 0.038 0.084 1.005
Gyro: 0.137 0.640 0.274
Accel: 0.038 0.085 1.006
Gyro: 0.122 0.686 0.305
Accel: 0.041 0.085 1.007
Gyro: 0.045 0.854 0.320
Accel: 0.041 0.084 1.006
Gyro: 0.183 0.839 0.228
Accel: 0.040 0.083 1.004
Gyro: 0.381 0.732 0.091
Accel: 0.039 0.085 1.002
Gyro: 0.534 0.427 0.152
Accel: 0.037 0.083 1.006
Gyro: 0.488 0.640 0.076
Accel: 0.038 0.081 1.006
Gyro: 0.350 0.900 0.015
Accel: 0.036 0.079 1.003
Gyro: 0.091 0.839 0.244
Accel: 0.037 0.080 1.003
Gyro: 0.427 0.885 0.213
Accel: 0.039 0.084 1.003
Gyro: 0.228 0.885 0.244
Accel: 0.036 0.085 1.006
Gyro: 0.091 0.671 0.167
Accel: 0.034 0.082 1.006
Gyro: 0.152 0.747 0.0000
Accel: 0.033 0.082 1.006
Gyro: 0.152 0.915 0.152
Accel: 0.035 0.082 1.003
Gyro: 0.045 0.778 0.305
Accel: 0.037 0.082 1.005
Gyro: 0.015 0.747 0.396
Accel: 0.040 0.083 1.004
Gyro: 0.106 0.900 0.427
Accel: 0.038 0.086 1.004
Gyro: 0.198 0.885 0.457
Accel: 0.039 0.087 1.007
Gyro: 0.152 0.854 0.442
Accel: 0.039 0.088 1.005
Gyro: 0.167 0.900 0.335
Accel: 0.041 0.089 1.007
Gyro: 0.335 0.686 0.259
Accel: 0.042 0.087 1.004
Gyro: 0.564 0.747 0.030
Accel: 0.043 0.088 1.004
Gyro: 0.595 0.549 0.274
Accel: 0.042 0.085 1.004
Gyro: 0.595 0.518 0.366
Accel: 0.040 0.086 1.006
Gyro: 0.411 0.579 0.473
Accel: 0.039 0.084 1.003
Gyro: 0.335 0.701 0.442
Accel: 0.038 0.084 1.007
Gyro: 0.213 0.503 0.366
Accel: 0.036 0.084 1.007
Gyro: 0.350 0.579 0.259
Accel: 0.037 0.083 1.006
Gyro: 0.595 0.549 0.259
Accel: 0.036 0.083 1.007
Gyro: 0.778 0.427 0.228
Accel: 0.039 0.084 1.006
Gyro: 0.793 0.518 0.244
Accel: 0.039 0.084 1.004
Gyro: 0.808 0.411 0.335
Accel: 0.039 0.081 1.004
Gyro: 0.778 0.274 0.335
Accel: 0.037 0.080 1.007
Gyro: 0.778 0.427 0.198
Accel: 0.036 0.082 1.003
Gyro: 0.640 0.411 0.045
Accel: 0.038 0.086 1.003
Gyro: 0.564 0.549 0.228
Accel: 0.038 0.086 1.003
Gyro: 0.350 0.564 0.274
Accel: 0.037 0.088 1.005
Gyro: 0.259 0.564 0.305
Accel: 0.039 0.088 1.007
Gyro: 0.366 0.595 0.259
Accel: 0.036 0.086 1.008
Gyro: 0.457 0.549 0.152
Accel: 0.038 0.086 1.004
Gyro: 0.549 0.549 0.045
Accel: 0.052 0.133 1.061
Gyro: 9.552 -23.880 -10.330
Accel: 0.061 0.116 1.057
Gyro: 16.983 -20.980 -7.049
Accel: 0.041 0.123 1.052
Gyro: 22.705 -18.722 -3.646
Accel: 0.017 0.141 1.046
Gyro: 27.236 -16.189 0.656
Accel: 0.009 0.149 1.037
Gyro: 29.312 -14.511 2.334
Accel: 0.017 0.175 1.047
Gyro: 28.320 -14.526 5.249
Accel: 0.036 0.201 1.064
Gyro: 19.989 -17.745 8.773
Accel: 0.037 0.218 1.073
Gyro: 20.019 -23.254 11.840
Accel: 0.020 0.215 1.072
Gyro: 19.683 -27.496 14.022
Accel: 0.004 0.203 1.062
Gyro: 21.560 -29.083 15.579
Accel: 0.011 0.197 1.048
Gyro: 23.483 -28.823 16.281
Accel: 0.032 0.189 1.045
Gyro: 25.955 -23.651 11.734
Accel: 0.057 0.183 1.039
Gyro: 29.052 -25.268 14.007
Accel: 0.077 0.178 1.044
Gyro: 32.516 -22.552 11.978
Accel: 0.092 0.165 1.124
Gyro: 37.292 -19.790 7.919
Accel: 0.107 0.169 1.080
Gyro: 43.731 -16.815 1.113
Accel: 0.123 0.175 1.085
Gyro: 51.589 -11.795 -6.820
Accel: 0.132 0.166 1.074
Gyro: 58.837 -4.638 -14.968
Accel: 0.113 0.147 1.059
Gyro: 65.032 3.463 -26.916
Accel: 0.139 0.135 1.042
Gyro: 73.669 13.076 -29.724
Accel: 0.156 0.127 1.040
Gyro: 82.489 26.733 -33.752
Accel: 0.158 0.156 1.036
Gyro: 88.912 34.942 -35.018
Accel: 0.123 0.192 1.047
Gyro: 94.390 37.124 -34.637
Accel: 0.094 0.209 1.043
Gyro: 99.258 43.823 -32.989
Accel: 0.090 0.220 1.030
Gyro: 105.834 51.147 -31.997
Accel: 0.106 0.232 1.006
Gyro: 112.014 58.425 -32.058
Accel: 0.135 0.224 1.009
Gyro: 115.280 67.077 -33.340
Accel: 0.181 0.218 1.031
Gyro: 117.553 77.056 -36.987
Accel: 0.245 0.204 1.102
Gyro: 119.873 81.481 -43.655
Accel: 0.265 0.221 1.160
Gyro: 120.269 79.925 -58.227
Accel: 0.215 0.276 1.233
Gyro: 118.698 67.474 -64.849
Accel: 0.139 0.364 1.283
Gyro: 116.317 51.132 -70.053
Accel: 0.098 0.439 1.313
Gyro: 112.609 33.142 -71.060
Accel: 0.083 0.451 1.295
Gyro: 105.545 12.039 -70.709
Accel: 0.109 0.440 1.255
Gyro: 108.016 -6.118 -70.785
Accel: 0.135 0.431 1.210
Gyro: 107.650 -19.775 -71.289
Accel: 0.148 0.441 1.176
Gyro: 107.238 -26.794 -70.709
Accel: 0.152 0.463 1.145
Gyro: 108.0001 -29.449 -68.603
Accel: 0.147 0.496 1.066
Gyro: 109.893 -31.265 -66.406
Accel: 0.178 0.487 1.099
Gyro: 110.916 -28.442 -64.895
Accel: 0.156 0.495 1.084
Gyro: 111.389 -21.697 -65.063
Accel: 0.046 0.570 1.120
Gyro: 111.785 -14.648 -62.759
Accel: 0.320 0.830 1.258
Gyro: 112.548 -13.656 -46.752
Accel: 0.465 0.991 1.273
Gyro: 119.934 -12.252 -21.926
Accel: 0.367 0.921 1.202
Gyro: 132.659 -10.528 0.686
Accel: 0.272 0.771 1.088
Gyro: 146.255 -8.712 13.549
Accel: 0.216 0.633 0.949
Gyro: 158.325 -8.621 19.714
Accel: 0.171 0.523 0.805
Gyro: 168.518 -10.025 18.798
Accel: 0.119 0.434 0.667
Gyro: 174.591 -12.0100 13.320
Accel: 0.082 0.379 0.537
Gyro: 178.070 -16.571 5.981
Accel: 0.084 0.384 0.406
Gyro: 180.313 -19.699 0.320
Accel: 0.120 0.390 0.294
Gyro: 180.313 -23.391 -3.677
Accel: 0.106 0.368 0.190
Gyro: 177.383 -28.533 -7.263
Accel: 0.041 0.356 0.065
Gyro: 171.936 -32.409 -10.284
Accel: 0.014 0.349 0.059
Gyro: 162.933 -34.271 -14.236
Accel: 0.031 0.341 0.160
Gyro: 150.115 -36.270 -18.402
Accel: 0.048 0.354 0.268
Gyro: 135.528 -39.611 -22.232
Accel: 0.078 0.384 0.378
Gyro: 111.297 -42.434 -25.146
Accel: 0.105 0.381 0.482
Gyro: 87.280 -42.938 -27.343
Accel: 0.112 0.364 0.605
Gyro: 64.727 -41.824 -29.357
Accel: 0.117 0.365 0.751
Gyro: 38.497 -36.041 -30.715
Accel: 0.109 0.416 0.913
Gyro: 4.928 -30.853 -30.578
Accel: 0.093 0.475 -1.053
Gyro: -40.298 -26.748 -29.129
Accel: 0.087 0.506 -1.181
Gyro: -94.467 -21.667 -28.274
Accel: 0.065 0.491 -1.150
Gyro: -153.366 -20.019 -28.182
Accel: 0.053 0.375 -1.116
Gyro: -218.719 -21.163 -28.259
Accel: 0.012 0.383 -1.064
Gyro: -275.894 -22.491 -28.076
Accel: 0.042 0.289 0.927
Gyro: -326.065 -22.293 -27.297
Accel: 0.092 0.068 0.524
Gyro: -373.443 -24.017 -25.634
Accel: 0.286 0.123 0.300
Gyro: -426.269 -39.840 -26.275
Accel: 0.179 0.165 1.415
Gyro: -463.119 -58.715 -13.244
Accel: 0.007 0.190 3.379
Gyro: -459.869 -68.038 2.182
Accel: 0.250 0.207 5.244
Gyro: -388.534 -61.721 10.681
Accel: 0.316 0.805 6.599
Gyro: -199.951 -43.228 4.150
Accel: 0.118 0.805 6.987
Gyro: 47.882 -17.333 1.922
Accel: 0.041 0.262 6.180
Gyro: 264.862 -8.911 -4.577
Accel: 0.101 0.065 4.851
Gyro: 398.376 -9.536 -12.481
Accel: 0.054 0.294 3.349
Gyro: 459.960 -15.243 -17.837
Accel: 0.052 0.471 1.975
Gyro: 490.310 -21.774 -22.369
Accel: 0.103 0.601 0.845
Gyro: 486.434 -29.220 -27.084
Accel: 0.132 0.716 0.018
Gyro: 446.441 -30.426 -27.755
Accel: 0.013 0.664 0.618
Gyro: 378.875 -27.862 -34.179
Accel: 0.109 0.774 -1.038
Gyro: 299.133 -35.003 -24.658
Accel: 0.189 0.814 -1.251
Gyro: 221.313 -42.083 -10.726
Accel: 0.296 0.801 -1.385
Gyro: 162.979 -44.128 11.795
Accel: 0.237 0.522 -1.453
Gyro: 114.639 -46.203 25.558
Accel: 0.168 0.355 -1.443
Gyro: 75.592 -54.626 30.532
Accel: 0.146 0.208 -1.440
Gyro: 36.941 -69.641 31.433
Accel: 0.098 0.080 -1.463
Gyro: 6.561 -83.160 28.625
Accel: 0.013 0.021 -1.519
Gyro: -16.357 -88.653 20.629
Accel: 0.056 0.074 -1.573
Gyro: -35.858 -85.403 5.096
Accel: 0.082 0.121 -1.658
Gyro: -51.391 -72.799 -4.028
Accel: 0.095 0.132 -1.728
Gyro: -70.327 -54.138 -17.166
Accel: 0.102 0.071 -1.767
Gyro: -103.378 -38.803 -28.503
Accel: 0.111 0.015 -1.732
Gyro: -143.005 -25.955 -37.979
Accel: 0.113 0.002 -1.684
Gyro: -184.631 -12.969 -43.655
Accel: 0.116 0.006 -1.578
Gyro: -233.917 -1.785 -46.264
Accel: 0.121 0.033 -1.409
Gyro: -285.888 3.982 -46.249
Accel: 0.087 0.105 -1.139
Gyro: -338.394 4.562 -44.692
Accel: 0.005 0.179 0.656
Gyro: -388.153 -3.875 -40.451
Accel: 0.108 0.249 0.217
Gyro: -430.801 -18.981 -32.516
Accel: 0.102 0.338 1.748
Gyro: -466.812 -45.150 -14.968
Accel: 0.087 0.560 3.742
Gyro: -486.572 -84.838 7.659
Accel: 0.458 -1.031 5.113
Gyro: -475.738 -105.682 14.602
Accel: 0.702 -1.509 5.896
Gyro: -379.791 -79.238 6.408
Accel: 0.313 0.998 6.705
Gyro: -205.551 -10.009 17.349
Accel: 0.249 0.453 6.270
Gyro: -14.556 25.146 20.599
Accel: 0.306 0.252 5.107
Gyro: 135.604 27.694 4.150
Accel: 0.221 0.041 3.819
Gyro: 230.560 20.782 -8.453
Accel: 0.185 0.348 2.717
Gyro: 281.082 18.463 -22.766
Accel: 0.143 0.523 1.830
Gyro: 301.620 12.069 -25.207
Accel: 0.085 0.619 1.042
Gyro: 307.312 7.797 -30.822
Accel: 0.097 0.657 0.529
Gyro: 299.468 -3.036 -37.109
Accel: 0.090 0.640 0.039
Gyro: 280.395 -13.687 -42.053
Accel: 0.066 0.621 0.386
Gyro: 257.354 -25.497 -45.562
Accel: 0.049 0.624 0.767
Gyro: 231.552 -36.132 -48.065
Accel: 0.034 0.593 -1.079
Gyro: 199.279 -40.771 -47.531
Accel: 0.0010 0.520 -1.369
Gyro: 161.224 -42.297 -43.655
Accel: 0.008 0.435 -1.527
Gyro: 118.698 -44.982 -39.703
Accel: 0.003 0.360 -1.799
Gyro: 71.792 -51.620 -37.429
Accel: 0.005 0.273 -1.956
Gyro: 24.612 -57.983 -38.330
Accel: 0.016 0.217 -2.189
Gyro: -26.580 -57.067 -41.793
Accel: 0.018 0.220 -2.368
Gyro: -77.194 -52.413 -45.837
Accel: 0.050 0.240 -2.419
Gyro: -152.236 -49.255 -49.713
Accel: 0.036 0.206 -2.303
Gyro: -234.573 -48.400 -52.490
Accel: 0.002 0.088 -2.028
Gyro: -312.545 -49.346 -54.489
Accel: 0.033 0.089 -1.582
Gyro: -381.210 -51.879 -56.198
Accel: 0.036 0.294 0.956
Gyro: -439.056 -53.039 -58.181
Accel: 0.0010 0.495 0.040
Gyro: -481.414 -53.710 -58.944
Accel: 0.052 0.645 1.626
Gyro: -499.969 -51.742 -57.235
Accel: 0.156 0.989 3.619
Gyro: -499.969 -47.714 -49.285
Accel: 0.425 -1.462 5.574
Gyro: -475.738 -28.213 -37.139
Accel: 0.437 -1.705 6.812
Gyro: -361.236 6.942 -36.956
Accel: 0.316 -1.316 7.105
Gyro: -161.041 39.352 -44.403
Accel: 0.011 0.918 6.976
Gyro: 30.075 50.277 -45.532
Accel: 0.005 0.627 5.666
Gyro: 197.097 44.769 -49.713
Accel: 0.059 0.308 4.156
Gyro: 301.544 34.164 -55.999
Accel: 0.046 0.043 2.773
Gyro: 356.460 25.024 -60.089
Accel: 0.0000 0.207 1.851
Gyro: 372.619 17.272 -62.011
Accel: 0.085 0.386 1.105
Gyro: 366.500 0.549 -61.645
Accel: 0.153 0.500 0.541
Gyro: 347.183 -21.072 -59.906
Accel: 0.179 0.562 0.074
Gyro: 321.197 -41.976 -57.373
Accel: 0.157 0.547 0.300
Gyro: 288.925 -56.137 -54.428
Accel: 0.171 0.513 0.627
Gyro: 254.455 -66.177 -48.156
Accel: 0.143 0.469 0.974
Gyro: 221.740 -76.904 -41.717
Accel: 0.075 0.397 -1.235
Gyro: 187.026 -81.359 -37.033
Accel: 0.054 0.308 -1.474
Gyro: 150.222 -70.892 -31.707
Accel: 0.055 0.188 -1.648
Gyro: 114.013 -67.276 -26.916
Accel: 0.065 0.229 -1.872
Gyro: 76.904 -63.140 -24.368
Accel: 0.072 0.231 -2.047
Gyro: 35.598 -62.057 -24.505
Accel: 0.049 0.227 -2.154
Gyro: -19.271 -59.722 -27.084
Accel: 0.025 0.226 -2.174
Gyro: -81.314 -54.458 -30.624
Accel: 0.025 0.232 -2.107
Gyro: -147.994 -48.828 -33.615
Accel: 0.023 0.183 -1.950
Gyro: -216.308 -45.089 -36.788
Accel: 0.030 0.089 -1.726
Gyro: -283.187 -42.953 -42.877
Accel: 0.059 0.030 -1.313
Gyro: -344.589 -42.770 -35.247
Accel: 0.099 0.237 0.765
Gyro: -403.289 -43.594 -35.949
Accel: 0.108 0.420 0.104
Gyro: -453.353 -45.623 -29.312
Accel: 0.011 0.682 1.155
Gyro: -481.933 -40.267 -20.187
Accel: 0.222 0.927 2.507
Gyro: -478.485 -27.816 -9.613
Accel: 0.379 -1.280 3.613
Gyro: -429.595 -7.797 0.381
Accel: 0.309 -1.473 4.351
Gyro: -349.197 14.099 1.052
Accel: 0.041 -1.320 4.722
Gyro: -240.203 16.433 -2.639
Accel: 0.144 -1.034 4.515
Gyro: -132.629 8.850 -3.250
Accel: 0.015 0.762 4.152
Gyro: -40.832 2.059 -7.705
Accel: 0.008 0.611 3.604
Gyro: 33.905 -4.470 -5.264
Accel: 0.0010 0.394 2.965
Gyro: 87.905 -14.587 -7.965
Accel: 0.016 0.199 2.282
Gyro: 126.617 -20.828 -12.802
Accel: 0.059 0.030 1.663
Gyro: 154.602 -26.947 -18.417
Accel: 0.029 0.134 1.172
Gyro: 168.426 -31.448 -23.590
Accel: 0.003 0.263 0.787
Gyro: 167.510 -33.828 -27.496
Accel: 0.007 0.382 0.531
Gyro: 152.008 -33.508 -29.846
Accel: 0.0010 0.467 0.305
Gyro: 125.457 -29.815 -29.983
Accel: 0.017 0.512 0.143
Gyro: 91.293 -23.147 -28.854
Accel: 0.020 0.532 0.062
Gyro: 53.771 -16.448 -25.680
Accel: 0.012 0.562 0.051
Gyro: 18.569 -9.735 -20.446
Accel: 0.026 0.549 0.076
Gyro: -7.171 -4.089 -15.365
Accel: 0.016 0.501 0.135
Gyro: -31.036 -1.602 -12.481
Accel: 0.0000 0.453 0.212
Gyro: -50.399 0.091 -11.459
Accel: 0.007 0.416 0.302
Gyro: -64.254 2.288 -11.032
Accel: 0.0010 0.383 0.407
Gyro: -73.379 7.766 -11.199
Accel: 0.020 0.352 0.528
Gyro: -78.918 3.875 -12.435
Accel: 0.030 0.320 0.648
Gyro: -81.741 3.463 -14.389
Accel: 0.024 0.287 0.776
Gyro: -81.481 2.609 -16.235
Accel: 0.002 0.254 0.913
Gyro: -78.292 0.839 -17.791
Accel: 0.004 0.223 1.047
Gyro: -73.440 0.015 -18.676
Accel: 0.0001 0.185 1.166
Gyro: -67.276 0.808 -18.234
Accel: 0.0000 0.149 1.271
Gyro: -59.005 0.869 -16.296
Accel: 0.002 0.115 1.350
Gyro: -49.957 0.213 -14.297
Accel: 0.002 0.084 1.410
Gyro: -42.388 0.045 -11.947
Accel: 0.011 0.072 1.447
Gyro: -34.225 0.137 -8.865
Accel: 0.006 0.075 1.462
Gyro: -25.772 -1.327 -6.301
Accel: 0.0010 0.078 1.449
Gyro: -16.815 -3.143 -4.302
Accel: 0.020 0.082 1.417
Gyro: -7.156 -4.028 -2.517
Accel: 0.026 0.103 1.358
Gyro: 2.960 -3.936 0.793
Accel: 0.022 0.122 1.281
Gyro: 12.069 -3.967 0.518
Accel: 0.012 0.137 1.206
Gyro: 19.165 -4.699 0.946
Accel: 0.0001 0.153 1.115
Gyro: 23.0010 -5.676 0.640
Accel: 0.002 0.171 1.030
Gyro: 25.009 -6.668 0.091
Accel: 0.006 0.191 0.955
Gyro: 24.185 -6.988 0.762
Accel: 0.0010 0.210 0.889
Gyro: 21.011 -6.668 -1.205
Accel: 0.014 0.227 0.840
Gyro: 16.464 -5.661 -1.434
Accel: 0.017 0.235 0.814
Gyro: 11.016 -3.692 -1.205
Accel: 0.022 0.233 0.807
Gyro: 4.379 -2.136 0.671
Accel: 0.036 0.229 0.806
Gyro: -2.273 -1.876 0.518
Accel: 0.047 0.223 0.874
Gyro: -7.339 -1.373 0.183
Accel: 0.050 0.226 0.818
Gyro: -15.579 0.289 0.701
Accel: 0.047 0.222 0.830
Gyro: -15.075 1.525 1.998
Accel: 0.046 0.214 0.839
Gyro: -18.463 1.907 2.807
Accel: 0.037 0.205 0.850
Gyro: -21.789 3.005 7.644
Accel: 0.029 0.193 0.866
Gyro: -25.146 4.699 5.203
Accel: 0.020 0.182 0.883
Gyro: -28.259 6.652 7.217
Accel: 0.014 0.168 0.910
Gyro: -30.715 7.705 9.048
Accel: 0.014 0.140 0.960
Gyro: -32.699 7.888 10.940
Accel: 0.016 0.106 1.025
Gyro: -33.050 8.392 13.031
Accel: 0.018 0.081 1.098
Gyro: -30.014 8.239 14.770
Accel: 0.019 0.059 1.141
Gyro: -22.827 7.278 15.747
Accel: 0.0010 0.051 1.162
Gyro: -14.373 4.760 15.762
Accel: 0.008 0.055 1.163
Gyro: -8.682 2.166 15.899
Accel: 0.012 0.070 1.153
Gyro: -5.523 0.198 15.991
Accel: 0.014 0.086 1.133
Gyro: -4.089 -2.426 16.265
Accel: 0.019 0.098 1.116
Gyro: -3.585 -4.287 16.693
Accel: 0.023 0.108 1.099
Gyro: -3.112 -5.706 17.456
Accel: 0.036 0.116 1.080
Gyro: -1.785 -6.271 18.127
Accel: 0.043 0.117 1.059
Gyro: 0.122 -5.767 18.844
Accel: 0.047 0.124 1.043
Gyro: 1.281 -4.608 19.561
Accel: 0.060 0.134 1.026
Gyro: 2.212 -3.463 20.248
Accel: 0.070 0.139 1.0010
Gyro: 2.731 -2.975 20.462
Accel: 0.075 0.145 0.992
Gyro: 2.288 -2.426 20.446
Accel: 0.076 0.148 0.985
Gyro: 1.220 -1.571 20.599
Accel: 0.082 0.149 0.979
Gyro: 0.244 0.579 20.751
Accel: 0.088 0.150 0.974
Gyro: -1.129 0.473 20.751
Accel: 0.085 0.151 0.971
Gyro: -1.144 1.907 20.736
Accel: 0.083 0.151 0.974
Gyro: 0.762 3.509 20.751
Accel: 0.086 0.148 0.974
Gyro: 0.625 5.035 20.812
Accel: 0.086 0.151 0.976
Gyro: 0.167 6.271 20.568
Accel: 0.085 0.150 0.975
Gyro: 0.396 7.354 20.080
