Accel: 0.028 0.042 0.861
Gyro: 16.891 3.616 16.387
Accel: 0.041 0.052 0.864
Gyro: 15.365 1.113 16.128
Accel: 0.037 0.055 0.875
Gyro: 13.702 -3.250 15.304
Accel: 0.022 0.051 0.887
Gyro: 12.374 -8.117 14.160
Accel: 0.061 0.052 0.898
Gyro: 10.971 -12.161 13.259
Accel: 0.031 0.052 0.899
Gyro: 8.300 -16.571 12.405
Accel: 0.073 0.051 0.904
Gyro: 4.196 -20.385 11.352
Accel: 0.105 0.053 0.911
Gyro: 0.350 -22.415 10.635
Accel: 0.124 0.057 0.930
Gyro: -4.333 -22.048 10.574
Accel: 0.137 0.058 0.948
Gyro: -7.247 -18.951 11.093
Accel: 0.152 0.064 0.960
Gyro: -8.300 -14.953 11.459
Accel: 0.160 0.062 0.964
Gyro: -8.804 -11.352 11.444
Accel: 0.151 0.039 0.973
Gyro: -8.834 -8.529 11.550
Accel: 0.137 0.021 0.968
Gyro: -8.499 -5.661 11.886
Accel: 0.127 0.005 0.964
Gyro: -7.980 -2.609 12.588
Accel: 0.128 0.0000 0.963
Gyro: -7.644 0.030 13.427
Accel: 0.126 0.0000 0.958
Gyro: -8.102 1.342 14.465
Accel: 0.124 0.021 0.962
Gyro: -8.789 2.990 15.686
Accel: 0.118 0.036 0.960
Gyro: -9.475 5.264 16.937
Accel: 0.111 0.045 0.959
Gyro: -9.963 7.873 17.913
Accel: 0.102 0.044 0.966
Gyro: -10.147 10.314 18.310
Accel: 0.096 0.038 0.984
Gyro: -10.498 11.596 18.035
Accel: 0.084 0.035 0.994
Gyro: -9.994 11.306 17.272
Accel: 0.066 0.035 1.004
Gyro: -9.063 9.750 16.433
Accel: 0.056 0.035 1.005
Gyro: -8.392 8.377 15.487
Accel: 0.055 0.032 1.0010
Gyro: -7.904 7.339 14.556
Accel: 0.052 0.023 1.015
Gyro: -7.507 5.706 13.717
Accel: 0.050 0.006 1.016
Gyro: -7.232 0.106 13.0000
Accel: 0.047 0.005 1.022
Gyro: -7.247 2.166 12.817
Accel: 0.048 0.017 1.024
Gyro: -7.629 1.327 12.878
Accel: 0.049 0.030 1.031
Gyro: -8.193 0.869 12.786
Accel: 0.046 0.041 1.040
Gyro: -9.307 0.595 12.680
Accel: 0.043 0.057 1.062
Gyro: -10.665 0.244 12.435
Accel: 0.040 0.073 1.073
Gyro: -10.925 0.320 12.191
Accel: 0.031 0.082 1.082
Gyro: -10.314 0.549 12.145
Accel: 0.028 0.082 1.077
Gyro: -9.201 0.869 12.466
Accel: 0.028 0.082 1.070
Gyro: -7.766 1.815 12.664
Accel: 0.032 0.086 1.067
Gyro: -6.515 2.655 12.695
Accel: 0.034 0.086 1.067
Gyro: -5.020 3.692 12.908
Accel: 0.033 0.086 1.062
Gyro: -3.448 4.440 13.244
Accel: 0.037 0.080 1.048
Gyro: -1.861 5.538 13.610
Accel: 0.040 0.072 1.033
Gyro: 0.610 6.790 14.404
Accel: 0.042 0.068 1.015
Gyro: 0.228 7.843 15.029
Accel: 0.036 0.065 1.005
Gyro: 0.747 8.071 15.258
Accel: 0.028 0.061 0.999
Gyro: -1.556 8.316 15.502
Accel: 0.020 0.061 0.995
Gyro: -2.243 8.651 15.930
Accel: 0.016 0.060 0.991
Gyro: -2.548 9.140 16.174
Accel: 0.015 0.061 0.983
Gyro: -3.036 9.811 16.372
Accel: 0.0010 0.065 0.975
Gyro: -3.677 10.543 16.555
Accel: 0.005 0.072 0.973
Gyro: -4.638 10.696 16.723
Accel: 0.002 0.084 0.982
Gyro: -6.134 10.925 16.738
Accel: 0.0001 0.093 0.988
Gyro: -7.507 15.502 16.830
Accel: 0.005 0.106 0.995
Gyro: -8.438 12.832 17.013
Accel: 0.0010 0.110 1.0001
Gyro: -8.560 14.373 17.028
Accel: 0.016 0.113 1.007
Gyro: -7.324 15.716 17.105
Accel: 0.023 0.118 1.0010
Gyro: -5.279 16.540 17.181
Accel: 0.028 0.122 1.009
Gyro: -3.128 16.616 17.135
Accel: 0.033 0.121 1.0001
Gyro: -1.220 11.856 17.028
Accel: 0.032 0.115 0.987
Gyro: 0.244 13.961 16.845
Accel: 0.030 0.113 0.973
Gyro: 0.122 11.352 16.647
Accel: 0.028 0.114 0.967
Gyro: -2.029 8.499 16.250
Accel: 0.020 0.112 0.968
Gyro: -5.462 5.493 15.930
Accel: 0.013 0.103 0.974
Gyro: -8.880 3.433 15.930
Accel: 0.0010 0.086 0.990
Gyro: -11.703 1.586 16.403
Accel: 0.011 0.092 1.004
Gyro: -13.854 0.656 16.372
Accel: 0.008 0.094 1.019
Gyro: -15.045 -2.914 16.525
Accel: 0.004 0.090 1.033
Gyro: -15.457 -5.126 17.471
Accel: 0.0000 0.086 1.046
Gyro: -15.060 -7.034 18.463
Accel: 0.002 0.088 1.058
Gyro: -13.961 -8.956 18.966
Accel: 0.006 0.098 1.070
Gyro: -12.542 -11.138 19.149
Accel: 0.009 0.0100 1.072
Gyro: -10.986 -12.969 19.104
Accel: 0.004 0.104 1.071
Gyro: -8.956 -14.526 18.630
Accel: 0.003 0.113 1.070
Gyro: -7.095 -15.899 17.837
Accel: 0.005 0.120 1.069
Gyro: -5.065 -16.937 16.830
Accel: 0.007 0.126 1.0000
Gyro: -2.548 -17.684 15.487
Accel: 0.004 0.125 1.052
Gyro: 0.137 -18.966 14.114
Accel: 0.005 0.126 1.042
Gyro: 2.029 -20.706 12.939
Accel: 0.007 0.131 1.032
Gyro: 3.646 -21.743 11.764
Accel: 0.011 0.132 1.019
Gyro: 4.837 -22.323 10.726
Accel: 0.020 0.133 1.006
Gyro: 5.554 -22.384 9.857
Accel: 0.027 0.138 0.998
Gyro: 5.340 -21.820 9.185
Accel: 0.031 0.144 1.002
Gyro: 4.943 -20.935 8.941
Accel: 0.030 0.154 1.005
Gyro: 5.035 -19.195 9.262
Accel: 0.031 0.156 1.008
Gyro: 5.386 -16.662 9.918
Accel: 0.035 0.166 1.024
Gyro: 5.645 -14.114 10.787
Accel: 0.036 0.178 1.043
Gyro: 7.125 -12.237 11.856
Accel: 0.036 0.182 1.049
Gyro: 9.719 -9.613 13.092
Accel: 0.039 0.177 1.045
Gyro: 12.725 -6.561 14.526
Accel: 0.044 0.168 1.036
Gyro: 15.502 -3.372 15.716
Accel: 0.046 0.169 1.031
Gyro: 16.815 -1.785 16.052
Accel: 0.042 0.166 1.030
Gyro: 17.257 -1.342 16.098
Accel: 0.035 0.161 1.030
Gyro: 17.517 0.961 16.784
Accel: 0.024 0.158 1.024
Gyro: 17.791 0.015 17.654
Accel: 0.016 0.150 1.019
Gyro: 18.371 1.190 18.798
Accel: 0.011 0.147 1.013
Gyro: 18.829 2.258 19.973
Accel: 0.006 0.143 1.006
Gyro: 19.256 3.204 21.301
Accel: 0.062 0.136 0.998
Gyro: 19.363 3.814 22.552
Accel: 0.004 0.132 0.988
Gyro: 19.500 4.074 23.666
Accel: 0.006 0.129 0.979
Gyro: 19.042 3.921 24.765
Accel: 0.009 0.124 0.973
Gyro: 18.539 3.509 25.833
Accel: 0.008 0.119 0.969
Gyro: 17.761 2.838 27.435
Accel: 0.011 0.116 0.967
Gyro: 16.921 2.471 28.198
Accel: 0.0010 0.114 0.967
Gyro: 15.380 1.647 29.205
Accel: 0.006 0.105 0.966
Gyro: 13.214 0.564 29.830
Accel: 0.009 0.101 0.963
Gyro: 10.787 0.595 30.380
Accel: 0.011 0.094 0.965
Gyro: 8.483 -1.068 30.914
Accel: 0.011 0.093 0.963
Gyro: 7.049 -1.022 31.372
Accel: 0.009 0.095 0.968
Gyro: 6.072 -1.174 31.402
Accel: 0.012 0.098 0.978
Gyro: 5.249 -1.831 31.158
Accel: 0.011 0.106 0.980
Gyro: 4.150 -2.639 30.807
Accel: 0.013 0.105 0.978
Gyro: 3.280 -3.570 30.624
Accel: 0.009 0.109 0.981
Gyro: 2.899 -4.623 29.754
Accel: 0.004 0.102 0.984
Gyro: 2.685 -5.065 29.174
Accel: 0.007 0.104 0.985
Gyro: 2.838 -4.669 28.579
Accel: 0.009 0.108 0.982
Gyro: 3.021 -4.074 27.832
Accel: 0.0010 0.101 0.973
Gyro: 3.204 -2.990 27.069
Accel: 0.013 0.102 0.970
Gyro: 2.838 -1.907 26.214
Accel: 0.014 0.105 0.975
Gyro: 1.953 -1.342 25.329
Accel: 0.017 0.111 0.994
Gyro: 1.312 -1.937 24.520
Accel: 0.022 0.111 1.002
Gyro: 1.266 -2.029 23.834
Accel: 0.020 0.108 1.005
Gyro: 1.785 -1.541 23.452
Accel: 0.019 0.108 1.003
Gyro: 2.456 0.015 23.727
Accel: 0.020 0.109 1.004
Gyro: 2.517 0.366 24.032
Accel: 0.028 0.112 1.011
Gyro: 2.182 0.518 23.925
Accel: 0.032 0.109 1.018
Gyro: 2.105 -1.098 24.108
Accel: 0.029 0.107 1.023
Gyro: 2.471 0.595 24.810
Accel: 0.024 0.103 1.020
Gyro: 3.234 0.717 25.848
Accel: 0.021 0.101 1.016
Gyro: 3.921 1.663 26.947
Accel: 0.020 0.095 1.012
Gyro: 4.959 2.365 28.076
Accel: 0.076 0.0000 0.998
Gyro: 12.481 11.093 -9.368
Accel: 0.086 0.0001 0.990
Gyro: 11.657 11.535 -9.490
Accel: 0.0100 0.004 0.990
Gyro: 9.811 11.688 -9.674
Accel: 0.118 0.006 0.993
Gyro: 7.339 11.245 -9.521
Accel: 0.131 0.007 1.002
Gyro: 4.852 10.375 -9.201
Accel: 0.146 0.006 1.015
Gyro: 2.410 9.429 -8.392
Accel: 0.155 0.0000 1.031
Gyro: 0.366 8.605 -7.202
Accel: 0.160 0.003 1.043
Gyro: 0.885 7.324 -5.920
Accel: 0.162 0.009 1.057
Gyro: 0.930 5.706 -4.669
Accel: 0.161 0.019 1.067
Gyro: 0.442 3.829 -3.463
Accel: 0.160 0.030 1.075
Gyro: 1.159 2.105 -2.334
Accel: 0.157 0.033 1.076
Gyro: 3.814 0.442 -1.434
Accel: 0.155 0.030 1.071
Gyro: 6.973 -1.037 0.900
Accel: 0.147 0.024 1.055
Gyro: 9.994 -2.044 0.762
Accel: 0.141 0.019 1.037
Gyro: 12.313 -2.380 0.778
Accel: 0.132 0.012 1.023
Gyro: 13.656 -1.998 0.717
Accel: 0.129 0.004 1.005
Gyro: 14.144 -1.068 0.961
Accel: 0.125 0.002 0.989
Gyro: 13.854 0.564 -1.068
Accel: 0.128 0.007 0.976
Gyro: 12.649 2.853 -1.281
Accel: 0.123 0.0010 0.968
Gyro: 11.184 5.172 -1.586
Accel: 0.125 0.0010 0.963
Gyro: 9.857 7.110 -1.968
Accel: 0.134 0.004 0.967
Gyro: 8.651 8.407 -2.639
Accel: 0.145 0.0000 0.970
Gyro: 8.148 9.185 -2.792
Accel: 0.163 0.014 0.986
Gyro: 8.865 10.360 3.860
Accel: 0.166 0.013 0.988
Gyro: 10.055 12.222 0.793
Accel: 0.174 0.017 0.988
Gyro: 11.718 13.809 0.350
Accel: 0.188 0.011 0.984
Gyro: 13.366 15.365 1.449
Accel: 0.193 0.002 0.980
Gyro: 14.648 17.196 3.631
Accel: 0.195 0.003 0.970
Gyro: 15.548 19.042 5.706
Accel: 0.208 0.009 0.965
Gyro: 15.716 20.095 8.163
Accel: 0.214 0.011 0.966
Gyro: 15.472 20.751 10.757
Accel: 0.228 0.014 0.968
Gyro: 14.785 21.469 13.381
Accel: 0.237 0.024 0.976
Gyro: 14.617 22.598 15.930
Accel: 0.252 0.024 0.976
Gyro: 14.266 23.071 18.600
Accel: 0.273 0.017 0.976
Gyro: 13.961 23.269 21.713
Accel: 0.284 0.014 0.986
Gyro: 14.434 24.581 25.772
Accel: 0.261 0.072 0.963
Gyro: 15.441 28.442 28.198
Accel: 0.291 0.006 0.967
Gyro: 16.601 30.426 32.958
Accel: 0.337 0.013 0.956
Gyro: 15.853 31.570 37.460
Accel: 0.357 0.014 0.938
Gyro: 13.977 27.465 40.969
Accel: 0.365 0.014 0.911
Gyro: 10.498 30.242 42.724
Accel: 0.374 0.034 0.907
Gyro: 4.089 29.983 43.334
Accel: 0.412 0.008 0.902
Gyro: 5.691 25.466 46.508
Accel: 0.451 0.005 0.910
Gyro: 4.318 22.369 52.124
Accel: 0.467 0.020 0.905
Gyro: 4.714 21.286 56.579
Accel: 0.437 0.043 0.897
Gyro: 9.140 21.865 61.065
Accel: 0.436 0.072 0.914
Gyro: 13.214 24.063 67.077
Accel: 0.457 0.102 0.935
Gyro: 13.381 25.878 77.590
Accel: 0.452 0.098 0.986
Gyro: 7.293 27.816 80.017
Accel: 0.419 0.078 0.970
Gyro: 1.693 32.104 83.541
Accel: 0.357 0.003 1.094
Gyro: -5.569 35.964 82.565
Accel: 0.473 0.144 1.173
Gyro: -22.125 34.072 87.203
Accel: 0.524 0.213 1.208
Gyro: -26.336 31.829 97.534
Accel: 0.531 0.206 1.263
Gyro: -15.365 28.793 101.394
Accel: 0.541 0.138 1.268
Gyro: 2.838 27.618 100.433
Accel: 0.517 0.178 1.237
Gyro: 22.369 27.557 102.005
Accel: 0.482 0.200 1.200
Gyro: 28.381 25.802 101.654
Accel: 0.457 0.187 1.164
Gyro: 29.418 22.064 102.539
Accel: 0.423 0.156 1.113
Gyro: 30.792 15.609 102.691
Accel: 0.361 0.215 1.073
Gyro: 31.967 10.025 102.630
Accel: 0.349 0.301 1.027
Gyro: 32.806 4.013 103.378
Accel: 0.329 0.345 0.932
Gyro: 33.828 -5.508 103.698
Accel: 0.233 0.313 0.898
Gyro: 35.369 -13.259 101.242
Accel: 0.201 0.234 0.847
Gyro: 34.912 -17.745 98.892
Accel: 0.171 0.229 0.694
Gyro: 34.515 -27.099 96.908
Accel: 0.098 0.242 0.713
Gyro: 35.812 -29.373 94.024
Accel: 0.104 0.193 0.622
Gyro: 38.391 -35.064 89.996
Accel: 0.007 0.211 0.613
Gyro: 40.161 -35.980 85.479
Accel: 0.061 0.199 0.589
Gyro: 39.581 -35.614 81.024
Accel: 0.057 0.173 0.609
Gyro: 37.628 -31.997 70.617
Accel: 0.106 0.147 0.640
Gyro: 33.401 -23.376 62.606
Accel: 0.143 0.111 0.694
Gyro: 26.870 -13.458 54.962
Accel: 0.162 0.070 0.815
Gyro: 17.181 2.899 51.742
Accel: 0.167 0.053 0.952
Gyro: -3.631 10.589 46.203
Accel: 0.162 0.065 1.090
Gyro: -25.497 16.189 41.412
Accel: 0.211 0.091 1.300
Gyro: -40.908 23.773 36.453
Accel: 0.224 0.119 1.456
Gyro: -47.409 37.399 33.660
Accel: 0.244 0.078 1.539
Gyro: -39.047 49.346 32.623
Accel: 0.217 0.011 1.575
Gyro: -10.803 48.950 28.076
Accel: 0.150 0.026 1.470
Gyro: 27.221 43.258 24.688
Accel: 0.129 0.026 1.371
Gyro: 63.583 40.817 22.628
Accel: 0.141 0.007 1.138
Gyro: 85.754 32.531 17.639
Accel: 0.132 0.028 0.968
Gyro: 89.172 24.002 12.817
Accel: 0.121 0.033 0.710
Gyro: 79.086 15.396 9.155
Accel: 0.097 0.049 0.489
Gyro: 68.283 5.218 6.423
Accel: 0.093 0.054 0.316
Gyro: 50.872 -6.866 5.569
Accel: 0.121 0.074 0.156
Gyro: 34.759 -21.636 5.722
Accel: 0.105 0.106 0.011
Gyro: 21.087 -45.837 3.173
Accel: 0.067 0.116 0.216
Gyro: 1.388 -72.921 0.625
Accel: 0.040 0.032 0.263
Gyro: -21.347 -97.259 -4.837
Accel: 0.093 0.121 0.392
Gyro: -44.036 -110.916 -10.971
Accel: 0.138 0.149 0.369
Gyro: -70.739 -122.955 -15.487
Accel: 0.177 0.141 0.322
Gyro: -94.512 -128.265 -22.430
Accel: 0.185 0.154 0.247
Gyro: -113.082 -127.426 -25.558
Accel: 0.182 0.176 0.181
Gyro: -120.788 -124.618 -27.069
Accel: 0.171 0.222 0.060
Gyro: -121.948 -113.540 -26.870
Accel: 0.171 0.280 0.083
Gyro: -126.510 -95.245 -24.795
Accel: 0.200 0.330 0.193
Gyro: -138.305 -68.603 -24.566
Accel: 0.274 0.374 0.294
Gyro: -169.113 -32.455 -26.321
Accel: 0.323 0.354 0.494
Gyro: -201.950 9.963 -23.406
Accel: 0.367 0.476 0.786
Gyro: -217.849 59.066 -18.112
Accel: 0.344 0.471 1.151
Gyro: -222.778 92.147 -16.418
Accel: 0.278 0.576 1.392
Gyro: -224.243 106.811 -21.438
Accel: 0.232 0.522 1.534
Gyro: -223.495 109.680 -25.970
Accel: -1.468 0.093 3.904
Gyro: -348.861 -155.380 -62.973
Accel: -3.110 -5.917 7.999
Gyro: 288.803 95.184 -3.692
Accel: -3.030 1.733 -4.330
Gyro: 243.682 -43.624 -21.194
Accel: 0.356 0.679 0.708
Gyro: 277.084 -44.052 -29.602
Accel: 0.238 0.009 2.063
Gyro: 252.792 -23.040 -31.707
Accel: 0.005 0.077 0.864
Gyro: 206.085 5.004 -17.745
Accel: 0.062 0.018 0.809
Gyro: 156.600 19.149 -9.429
Accel: 0.187 0.088 1.073
Gyro: 89.279 15.411 -12.115
Accel: 0.176 0.035 1.323
Gyro: 36.453 14.785 -11.322
Accel: 0.166 0.129 1.448
Gyro: 18.020 13.427 -9.521
Accel: 0.093 0.260 1.450
Gyro: 28.854 14.236 -7.064
Accel: 0.031 0.283 1.383
Gyro: 56.854 14.434 -6.439
Accel: 0.006 0.241 1.274
Gyro: 82.473 14.938 -7.720
Accel: 0.015 0.255 1.057
Gyro: 119.094 11.322 -9.124
Accel: 0.123 0.230 0.716
Gyro: 153.961 3.982 -7.583
Accel: 0.062 0.208 0.307
Gyro: 186.019 -6.134 -3.784
Accel: 0.074 0.170 0.119
Gyro: 197.387 -16.525 0.320
Accel: 0.117 0.149 0.500
Gyro: 182.174 -25.817 4.592
Accel: 0.114 0.103 0.888
Gyro: 146.072 -35.369 2.258
Accel: 0.047 0.104 -1.289
Gyro: 102.157 -45.150 0.793
Accel: 0.038 0.061 -1.477
Gyro: 57.968 -58.273 -3.433
Accel: 0.030 0.060 -1.542
Gyro: 7.690 -58.380 -4.165
Accel: 0.039 0.009 -1.459
Gyro: -59.722 -55.236 -1.266
Accel: 0.041 0.037 -1.282
Gyro: -124.832 -46.035 3.372
Accel: 0.040 0.129 0.872
Gyro: -195.709 -32.882 5.157
Accel: 0.130 0.184 0.394
Gyro: -251.617 -16.448 4.592
Accel: 0.209 0.306 0.132
Gyro: -279.541 7.446 5.050
Accel: 0.367 0.376 0.692
Gyro: -299.240 53.649 4.562
Accel: 0.421 0.393 1.310
Gyro: -304.229 115.051 -1.464
Accel: 0.347 0.355 1.637
Gyro: -311.798 173.385 -10.650
Accel: -1.217 0.017 3.326
Gyro: -464.477 35.827 -61.111
Accel: 0.765 0.582 5.860
Gyro: -482.910 -99.212 13.809
Accel: 1.993 -1.841 7.999
Gyro: 218.109 17.410 31.143
Accel: 0.326 0.496 3.322
Gyro: 198.196 12.0100 24.581
Accel: 0.253 0.187 1.412
Gyro: 233.184 16.937 25.924
Accel: 0.144 0.460 1.091
Gyro: 258.316 12.420 30.075
Accel: 0.043 0.427 1.389
Gyro: 248.199 38.467 21.560
Accel: 0.107 0.097 1.272
Gyro: 217.468 35.064 5.584
Accel: 0.029 0.057 0.982
Gyro: 185.791 20.675 -1.663
Accel: 0.003 0.122 0.670
Gyro: 171.051 10.162 -3.723
Accel: 0.020 0.178 0.371
Gyro: 167.449 -6.195 -7.339
Accel: 0.016 0.138 0.128
Gyro: 162.490 -23.300 -10.635
Accel: 0.019 0.104 0.143
Gyro: 150.314 -38.879 -9.536
Accel: 0.065 0.145 0.447
Gyro: 133.804 -57.586 -6.195
Accel: 0.080 0.197 0.706
Gyro: 114.044 -68.557 -3.890
Accel: 0.082 0.246 -1.003
Gyro: 96.374 -83.480 -2.212
Accel: 0.066 0.271 -1.273
Gyro: 68.725 -93.933 0.885
Accel: 0.030 0.301 -1.493
Gyro: 42.663 -95.077 -1.510
Accel: 0.012 0.235 -1.550
Gyro: 0.457 -88.333 1.052
Accel: 0.116 0.250 -1.526
Gyro: -60.531 -68.023 0.244
Accel: 0.151 0.270 -1.306
Gyro: -140.289 -32.379 -5.294
Accel: 0.184 0.302 0.981
Gyro: -226.242 9.124 -10.055
Accel: 0.274 0.346 0.427
Gyro: -307.907 49.942 -18.310
Accel: 0.361 0.404 0.483
Gyro: -380.645 92.605 -28.411
Accel: 0.316 0.456 1.441
Gyro: -431.579 134.078 -40.008
Accel: 0.373 0.386 3.999
Gyro: -499.969 45.578 -65.322
Accel: 0.971 0.567 7.999
Gyro: -499.969 198.577 -21.301
Accel: -2.098 1.327 0.223
Gyro: 160.247 68.191 30.181
Accel: 0.027 0.670 0.291
Gyro: 222.686 60.272 5.493
Accel: 0.030 0.458 2.719
Gyro: 243.835 65.383 19.439
Accel: 0.169 0.480 2.212
Gyro: 228.149 84.335 42.602
Accel: 0.276 0.087 1.325
Gyro: 205.368 100.296 17.089
Accel: 0.008 0.0000 0.964
Gyro: 172.210 81.161 -2.929
Accel: 0.116 0.060 0.810
Gyro: 156.219 62.011 0.503
Accel: 0.112 0.089 0.629
Gyro: 139.343 46.234 2.334
Accel: 0.031 0.135 0.507
Gyro: 111.145 38.177 -3.921
Accel: 0.052 0.138 0.358
Gyro: 86.883 29.159 -7.141
Accel: 0.087 0.136 0.257
Gyro: 63.308 21.362 -3.982
Accel: 0.077 0.060 0.213
Gyro: 51.666 19.409 0.350
Accel: 0.060 0.082 0.179
Gyro: 41.900 21.377 0.228
Accel: 0.026 0.085 0.130
Gyro: 32.897 23.986 -4.211
Accel: 0.005 0.036 0.090
Gyro: 20.416 23.742 -7.904
Accel: 0.011 0.241 0.013
Gyro: 13.076 24.536 -5.630
Accel: 0.064 0.202 0.072
Gyro: 1.388 23.696 0.625
Accel: 0.064 0.255 0.268
Gyro: -12.603 16.372 6.256
Accel: 0.113 0.185 0.365
Gyro: -29.129 11.901 9.567
Accel: 0.105 0.137 0.402
Gyro: -45.196 10.681 12.252
Accel: 0.081 0.133 0.433
Gyro: -55.145 13.381 16.876
Accel: 0.005 0.128 0.445
Gyro: -56.838 21.820 18.173
Accel: 0.084 0.201 0.534
Gyro: -48.889 18.417 17.196
Accel: 0.045 0.294 0.556
Gyro: -28.442 6.256 18.936
Accel: 0.102 0.294 0.697
Gyro: -5.966 3.936 8.880
Accel: 0.105 0.193 0.662
Gyro: 13.214 13.107 -3.143
Accel: 0.014 0.221 0.939
Gyro: 27.786 11.642 -10.925
Accel: 0.122 0.299 0.876
Gyro: 41.030 -3.417 -15.289
Accel: 0.217 0.417 0.713
Gyro: 56.808 -15.945 -14.251
Accel: 0.197 0.603 0.625
Gyro: 73.181 -17.944 -1.922
Accel: -1.956 7.984 2.190
Gyro: -499.282 -415.283 44.677
Accel: 2.615 -3.991 3.246
Gyro: -499.969 -443.389 50.231
Accel: -1.641 -3.583 -7.999
Gyro: 499.984 -491.851 10.482
Accel: 5.459 -7.373 7.999
Gyro: -143.585 22.628 21.682
Accel: 0.752 0.818 -7.999
Gyro: 39.855 -264.190 -43.136
Accel: 1.177 0.977 3.365
Gyro: 55.084 -59.051 5.752
Accel: 0.427 0.496 0.282
Gyro: -10.696 13.763 4.058
Accel: 0.147 0.015 0.735
Gyro: -11.444 19.226 1.602
Accel: 0.078 0.245 1.296
Gyro: 7.293 -15.228 3.845
Accel: 0.079 0.064 0.884
Gyro: 7.400 3.295 12.023
Accel: 0.0010 0.009 1.264
Gyro: 3.753 0.732 15.930
Accel: 0.0001 0.034 0.957
Gyro: 6.423 -2.532 17.532
Accel: 0.044 0.109 1.033
Gyro: -1.708 8.0010 12.771
Accel: 0.071 0.192 1.164
Gyro: -1.480 5.798 6.210
Accel: 0.004 0.076 0.969
Gyro: 1.892 0.335 1.708
Accel: 0.065 0.009 0.986
Gyro: -1.464 3.295 0.259
Accel: 0.003 0.031 1.063
Gyro: 0.0000 0.350 0.213
Accel: 0.013 0.0000 1.049
Gyro: 0.244 -1.037 0.457
Accel: 0.007 0.014 0.980
Gyro: 0.213 0.732 1.571
Accel: 0.0010 0.002 1.017
Gyro: 0.656 0.564 2.197
Accel: 0.012 0.005 1.0001
Gyro: 1.174 0.915 2.624
Accel: 0.006 0.0000 0.984
Gyro: 0.900 0.885 3.341
Accel: 0.013 0.0010 1.009
Gyro: 0.869 0.244 4.302
Accel: 0.012 0.022 1.048
Gyro: 1.388 -1.510 6.256
Accel: 0.008 0.0010 1.019
Gyro: 3.280 -3.112 6.958
Accel: 0.029 0.005 1.058
Gyro: 2.593 -1.205 7.186
Accel: 0.023 0.042 1.007
Gyro: 1.983 -1.312 5.645
Accel: 0.026 0.059 1.015
Gyro: 2.334 -3.219 3.585
Accel: 0.038 0.087 1.022
Gyro: 2.456 -4.592 0.411
Accel: 0.0010 0.002 1.022
Gyro: 2.426 -5.065 0.320
Accel: 0.004 0.003 1.041
Gyro: 2.655 -5.584 0.213
Accel: 0.021 0.033 1.012
Gyro: 3.051 -6.134 0.274
Accel: 0.030 0.015 0.976
Gyro: 2.349 -4.562 0.213
Accel: 0.033 0.007 0.950
Gyro: 0.244 0.839 0.213
Accel: 0.029 0.006 0.994
Gyro: 0.793 1.083 0.198
Accel: 0.017 0.015 1.039
Gyro: 0.076 0.305 0.228
Accel: 0.017 0.014 1.035
Gyro: 0.808 -2.014 0.213
Accel: 0.025 0.008 0.998
Gyro: 1.007 -1.983 0.259
Accel: 0.030 0.006 0.988
Gyro: 0.244 0.717 0.320
Accel: 0.022 0.008 1.008
Gyro: 0.228 3.845 0.228
Accel: 0.014 0.008 1.017
Gyro: 0.213 0.854 0.259
Accel: 0.022 0.012 1.008
Gyro: 0.579 -1.174 0.350
Accel: 0.023 0.011 1.005
Gyro: 0.106 0.488 0.213
Accel: 0.027 0.009 0.995
Gyro: 0.091 0.0000 0.213
Accel: 0.020 0.016 1.022
Gyro: 0.610 -1.373 0.381
Accel: 0.021 0.0010 1.013
Gyro: 0.732 -1.586 0.457
Accel: 0.026 0.0010 0.991
Gyro: 0.335 0.686 0.396
Accel: 0.024 0.011 1.002
Gyro: 0.015 0.259 0.564
Accel: 0.022 0.013 1.017
Gyro: 0.015 0.228 0.488
Accel: 0.020 0.014 1.018
Gyro: 0.350 0.793 0.488
Accel: 0.021 0.0010 1.0010
Gyro: 0.625 -1.296 0.549
Accel: 0.026 0.008 0.997
Gyro: 0.350 0.747 0.625
Accel: 0.023 0.008 1.007
Gyro: 0.183 0.457 0.778
Accel: 0.018 0.011 1.007
Gyro: 0.427 0.869 0.823
Accel: 0.020 0.011 1.009
Gyro: 0.396 0.686 0.747
Accel: 0.020 0.014 1.012
Gyro: 0.244 0.442 0.396
Accel: 0.021 0.009 1.019
Gyro: 0.335 0.686 0.366
Accel: 0.020 0.011 1.0010
Gyro: 0.396 0.793 0.213
Accel: 0.023 0.008 1.003
Gyro: 0.152 0.457 0.274
Accel: 0.020 0.009 1.006
Gyro: 0.289 0.564 0.350
Accel: 0.020 0.0010 1.007
Gyro: 0.259 0.579 0.396
Accel: 0.022 0.011 1.013
Gyro: 0.091 0.610 0.350
Accel: 0.022 0.011 1.015
Gyro: 0.350 0.747 0.396
Accel: 0.022 0.012 1.007
Gyro: 0.381 0.793 0.396
Accel: 0.021 0.0010 1.007
Gyro: 0.198 0.656 0.396
Accel: 0.021 0.012 1.004
Gyro: 0.198 0.564 0.518
Accel: 0.019 0.012 1.006
Gyro: 0.259 0.610 0.411
Accel: 0.021 0.012 1.008
Gyro: 0.228 0.381 0.366
Accel: 0.021 0.013 1.013
Gyro: 0.152 0.259 0.366
Accel: 0.020 0.012 1.015
Gyro: 0.244 0.518 0.305
Accel: 0.021 0.009 1.009
Gyro: 0.350 0.671 0.305
Accel: 0.022 0.009 1.003
Gyro: 0.244 0.503 0.244
Accel: 0.021 0.009 1.004
Gyro: 0.045 0.289 0.259
Accel: 0.020 0.0010 1.0010
Gyro: 0.045 0.381 0.320
Accel: 0.021 0.008 1.012
Gyro: 0.183 0.305 0.228
Accel: 0.019 0.011 1.012
Gyro: 0.061 0.366 0.305
Accel: 0.018 0.011 1.011
Gyro: 0.305 0.732 0.167
Accel: 0.021 0.012 1.005
Gyro: 0.305 0.610 0.274
Accel: 0.023 0.0010 1.006
Gyro: 0.213 0.488 0.305
Accel: 0.021 0.0010 1.0010
Gyro: 0.167 0.366 0.350
Accel: 0.021 0.011 1.011
Gyro: 0.106 0.534 0.411
Accel: 0.022 0.011 1.008
Gyro: 0.106 0.442 0.396
Accel: 0.020 0.0010 1.009
Gyro: 0.076 0.442 0.564
Accel: 0.020 0.014 1.006
Gyro: 0.289 0.457 0.411
Accel: 0.019 0.0010 1.011
Gyro: 0.198 0.488 0.320
Accel: 0.019 0.011 1.011
Gyro: 0.350 0.701 0.289
Accel: 0.021 0.0010 1.009
Gyro: 0.320 0.808 0.259
Accel: 0.022 0.009 1.008
Gyro: 0.228 0.534 0.244
Accel: 0.019 0.0010 1.0010
Gyro: 0.259 0.610 0.320
Accel: 0.019 0.012 1.0010
Gyro: 0.366 0.854 0.274
Accel: 0.019 0.011 1.0010
Gyro: 0.320 0.762 0.228
Accel: 0.020 0.0010 1.009
Gyro: 0.335 0.869 0.244
Accel: 0.019 0.011 1.011
Gyro: 0.427 0.961 0.274
Accel: 0.020 0.012 1.0010
Gyro: 0.411 -1.022 0.213
Accel: 0.021 0.011 1.0010
Gyro: 0.381 -1.037 0.289
Accel: 0.019 0.007 1.009
Gyro: 0.442 -1.235 0.335
