Accel: 0.021 0.011 1.006
Gyro: 0.320 -1.052 0.244
Accel: 0.021 0.0010 1.0010
Gyro: 0.244 0.900 0.320
Accel: 0.017 0.0010 1.006
Gyro: 0.457 0.991 0.213
Accel: 0.025 0.0010 1.003
Gyro: 0.289 0.686 0.320
Accel: 0.021 0.0010 1.008
Gyro: 0.061 0.411 0.289
Accel: 0.021 0.0010 1.013
Gyro: 0.274 0.839 0.289
Accel: 0.021 0.009 1.0010
Gyro: 0.396 0.808 0.274
Accel: 0.022 0.009 1.007
Gyro: 0.091 0.488 0.244
Accel: 0.021 0.0010 1.008
Gyro: 0.106 0.625 0.320
Accel: 0.022 0.007 1.011
Gyro: 0.167 0.549 0.396
Accel: 0.022 0.0010 1.011
Gyro: 0.244 0.457 0.335
Accel: 0.020 0.012 1.009
Gyro: 0.167 0.442 0.381
Accel: 0.020 0.015 1.007
Gyro: 0.289 0.411 0.152
Accel: 0.020 0.012 1.0010
Gyro: 0.213 0.534 0.213
Accel: 0.022 0.011 1.009
Gyro: 0.183 0.518 0.244
Accel: 0.020 0.009 1.009
Gyro: 0.152 0.350 0.244
Accel: 0.021 0.0010 1.012
Gyro: 0.152 0.457 0.289
Accel: 0.020 0.012 1.008
Gyro: 0.259 0.732 0.289
Accel: 0.020 0.0010 1.006
Gyro: 0.198 0.579 0.228
Accel: 0.019 0.0010 1.0010
Gyro: 0.076 0.411 0.350
Accel: 0.021 0.0010 1.012
Gyro: 0.305 0.579 0.244
Accel: 0.020 0.0010 1.011
Gyro: 0.228 0.656 0.305
Accel: 0.020 0.008 1.008
Gyro: 0.167 0.717 0.259
Accel: 0.020 0.011 1.008
Gyro: 0.350 0.656 0.259
Accel: 0.020 0.0010 1.011
Gyro: 0.259 0.656 0.274
Accel: 0.020 0.008 1.013
Gyro: 0.228 0.762 0.259
Accel: 0.020 0.009 1.012
Gyro: 0.411 -1.052 0.350
Accel: 0.020 0.012 1.011
Gyro: 0.320 0.930 0.396
Accel: 0.021 0.013 1.0010
Gyro: 0.366 0.946 0.305
Accel: 0.023 0.014 1.009
Gyro: 0.396 -1.113 0.244
Accel: 0.020 0.012 1.0010
Gyro: 0.427 -1.235 0.259
Accel: 0.020 0.011 1.011
Gyro: 0.488 -1.251 0.228
Accel: 0.020 0.0010 1.007
Gyro: 0.396 -1.159 0.228
Accel: 0.026 0.012 1.0001
Gyro: 0.366 0.350 0.122
Accel: 0.024 0.002 1.014
Gyro: -1.312 1.464 0.259
Accel: 0.012 0.007 1.028
Gyro: 0.747 0.503 0.289
Accel: 0.0010 0.008 1.026
Gyro: 0.350 -1.205 0.289
Accel: 0.019 0.006 0.992
Gyro: 0.579 -1.571 0.320
Accel: 0.025 0.005 0.980
Gyro: 0.152 3.890 0.259
Accel: 0.020 0.005 1.012
Gyro: 0.381 0.274 0.228
Accel: 0.015 0.011 1.028
Gyro: 0.289 0.961 0.305
Accel: 0.020 0.0010 1.006
Gyro: 0.564 -1.251 0.274
Accel: 0.024 0.009 0.990
Gyro: 0.122 0.274 0.213
Accel: 0.023 0.0010 1.004
Gyro: 0.167 0.106 0.320
Accel: 0.016 0.011 1.019
Gyro: 0.091 0.534 0.320
Accel: 0.020 0.011 1.025
Gyro: 0.564 -1.312 0.320
Accel: 0.027 0.009 0.997
Gyro: 0.381 0.900 0.274
Accel: 0.025 0.011 1.004
Gyro: 0.091 0.228 0.274
Accel: 0.019 0.013 1.018
Gyro: 0.0000 0.335 0.244
Accel: 0.019 0.012 1.016
Gyro: 0.350 -1.007 0.320
Accel: 0.021 0.011 1.008
Gyro: 0.411 0.823 0.244
Accel: 0.021 0.008 1.005
Gyro: 0.183 0.579 0.244
Accel: 0.020 0.0010 1.0010
Gyro: 0.137 0.610 0.274
Accel: 0.017 0.012 1.016
Gyro: 0.259 -1.037 0.366
Accel: 0.020 0.0010 1.0010
Gyro: 0.137 -1.205 0.289
Accel: 0.021 0.003 1.011
Gyro: 0.198 -1.281 0.366
Accel: 0.020 0.002 1.021
Gyro: 0.442 -1.159 0.213
Accel: 0.016 0.013 1.013
Gyro: 0.595 -1.663 0.274
Accel: 0.020 0.016 1.017
Gyro: 0.778 -2.090 0.244
Accel: 0.021 0.014 1.011
Gyro: 0.717 -2.319 0.228
Accel: 0.021 0.0010 1.012
Gyro: 0.808 -2.487 0.076
Accel: 0.016 0.018 1.0010
Gyro: 0.915 -3.082 0.289
Accel: 0.018 0.020 1.017
Gyro: 0.839 -3.463 0.762
Accel: 0.017 0.016 1.024
Gyro: 1.205 -4.318 0.991
Accel: 0.025 0.006 1.019
Gyro: 1.846 -5.004 0.137
Accel: 0.028 0.012 0.937
Gyro: 0.579 -1.937 0.244
Accel: 0.034 0.013 0.981
Gyro: 0.808 0.717 0.183
Accel: 0.018 0.017 1.051
Gyro: 0.015 0.778 0.259
Accel: 0.020 0.014 1.033
Gyro: 1.159 -3.051 0.305
Accel: 0.027 0.0010 0.989
Gyro: 0.915 -2.487 0.289
Accel: 0.030 0.006 0.989
Gyro: 0.015 -1.144 0.152
Accel: 0.013 0.024 1.028
Gyro: 0.061 -1.510 0.885
Accel: 0.0010 0.051 1.073
Gyro: 0.305 -4.913 -3.341
Accel: 0.004 0.037 1.074
Gyro: 1.083 -9.002 -5.218
Accel: 0.058 0.113 1.029
Gyro: 2.929 -11.184 -10.513
Accel: 0.004 0.051 0.983
Gyro: 0.228 -10.192 -13.900
Accel: 0.036 0.039 0.990
Gyro: 0.823 -8.560 -12.771
Accel: 0.078 0.056 1.031
Gyro: 0.579 -8.590 -7.812
Accel: 0.088 0.080 1.020
Gyro: 0.640 -9.384 -2.197
Accel: 0.037 0.016 1.046
Gyro: 0.839 -10.818 0.350
Accel: 0.026 0.008 1.033
Gyro: 0.335 -12.512 0.350
Accel: 0.032 0.003 1.032
Gyro: -1.098 -13.366 0.244
Accel: 0.037 0.006 1.022
Gyro: 0.579 -14.495 0.167
Accel: 0.033 0.014 1.020
Gyro: -1.556 -14.770 0.671
Accel: 0.017 0.052 1.035
Gyro: -1.266 -16.067 -3.265
Accel: 0.016 0.039 1.070
Gyro: -2.365 -19.348 -5.706
Accel: 0.023 0.024 1.136
Gyro: -2.426 -26.535 -6.546
Accel: 0.045 0.019 1.146
Gyro: -2.578 -35.858 -4.699
Accel: 0.072 0.057 1.138
Gyro: -3.189 -44.860 0.717
Accel: 0.078 0.007 1.102
Gyro: -3.234 -52.261 1.495
Accel: 0.089 0.030 1.033
Gyro: -3.631 -55.831 3.921
Accel: 0.107 0.025 0.994
Gyro: -3.356 -56.091 6.988
Accel: 0.077 0.033 0.959
Gyro: -3.555 -53.558 9.628
Accel: 0.121 0.016 0.961
Gyro: -3.387 -50.338 10.803
Accel: 0.112 0.040 0.983
Gyro: -2.716 -48.004 9.979
Accel: 0.106 0.067 0.941
Gyro: 0.823 -43.762 7.186
Accel: 0.155 0.0100 0.869
Gyro: 2.685 -37.277 2.868
Accel: 0.063 0.136 0.959
Gyro: -6.927 -33.096 -11.398
Accel: 0.052 0.098 0.809
Gyro: -2.639 -25.375 -14.038
Accel: 0.063 0.051 0.999
Gyro: 3.952 -15.457 -13.961
Accel: 0.046 0.043 0.998
Gyro: -1.647 -10.055 -7.446
Accel: 0.079 0.057 1.025
Gyro: -5.722 -9.796 0.656
Accel: 0.148 0.021 1.136
Gyro: 0.350 -17.639 3.631
Accel: 0.198 0.0000 1.172
Gyro: 5.401 -28.472 4.379
Accel: 0.239 0.008 1.137
Gyro: 2.731 -38.726 4.486
Accel: 0.297 0.029 1.088
Gyro: 1.632 -46.249 3.662
Accel: 0.318 0.015 1.024
Gyro: 4.135 -49.911 2.456
Accel: 0.246 0.011 0.924
Gyro: 2.166 -48.721 2.899
Accel: 0.229 0.027 0.914
Gyro: 0.228 -44.616 4.760
Accel: 0.181 0.018 0.974
Gyro: 1.205 -41.641 3.067
Accel: 0.171 0.0000 0.974
Gyro: 0.167 -40.939 1.464
Accel: 0.205 0.021 1.0001
Gyro: -1.037 -41.198 0.366
Accel: 0.211 0.030 1.0000
Gyro: 0.534 -42.251 0.900
Accel: 0.214 0.050 0.980
Gyro: 0.137 -42.236 -2.746
Accel: 0.224 0.059 1.042
Gyro: -4.638 -42.022 -5.783
Accel: 0.200 0.079 0.833
Gyro: 2.288 -42.327 -6.912
Accel: 0.158 0.053 1.020
Gyro: 7.049 -36.270 -5.645
Accel: 0.214 0.022 0.846
Gyro: 3.265 -29.846 -1.449
Accel: 0.281 0.028 0.734
Gyro: 0.335 -18.783 1.861
Accel: 0.300 0.067 0.767
Gyro: 1.144 -6.286 5.538
Accel: 0.271 0.099 0.794
Gyro: 2.120 5.081 10.330
Accel: 0.231 0.063 0.744
Gyro: 5.187 19.943 14.907
Accel: 0.240 0.030 0.675
Gyro: 5.401 36.361 17.822
Accel: 0.261 0.005 0.664
Gyro: 2.136 54.809 18.753
Accel: 0.274 0.003 0.724
Gyro: 0.534 71.502 18.127
Accel: 0.285 0.031 0.799
Gyro: 1.464 83.557 16.082
Accel: 0.287 0.067 0.879
Gyro: 0.488 88.623 11.810
Accel: 0.234 0.042 1.295
Gyro: -14.877 78.460 5.752
Accel: 0.165 0.019 1.780
Gyro: -25.131 44.174 5.859
Accel: 0.180 0.098 1.727
Gyro: -10.070 -5.996 11.825
Accel: 0.219 0.083 0.994
Gyro: -24.063 20.507 -5.050
Accel: 0.250 0.092 1.011
Gyro: -25.802 19.271 -5.187
Accel: 0.272 0.101 1.034
Gyro: -31.143 17.913 -4.943
Accel: 0.406 0.191 1.127
Gyro: -34.927 10.147 0.427
Accel: 0.393 0.078 1.098
Gyro: -36.544 -4.257 7.156
Accel: 0.348 0.059 1.082
Gyro: -40.328 -17.715 11.947
Accel: 0.251 0.008 1.095
Gyro: -41.519 -28.701 15.731
Accel: 0.294 0.032 1.104
Gyro: -40.740 -39.047 20.858
Accel: 0.262 0.031 1.096
Gyro: -39.0001 -46.356 25.283
Accel: 0.242 0.021 1.082
Gyro: -36.499 -50.476 28.976
Accel: 0.228 0.0001 1.0001
Gyro: -33.798 -52.032 31.890
Accel: 0.198 0.026 1.048
Gyro: -31.753 -50.262 34.545
Accel: 0.149 0.055 1.039
Gyro: -28.976 -45.898 37.094
Accel: 0.099 0.073 1.030
Gyro: -25.650 -38.681 39.138
Accel: 0.068 0.077 1.027
Gyro: -21.636 -29.953 40.679
Accel: 0.053 0.088 1.022
Gyro: -17.303 -20.355 41.595
Accel: 0.042 0.094 1.017
Gyro: -13.183 -11.459 41.625
Accel: 0.034 0.102 1.021
Gyro: -9.338 -2.883 41.137
Accel: 0.020 0.105 1.018
Gyro: -5.813 7.736 40.710
Accel: 0.008 0.107 1.022
Gyro: -1.937 10.360 40.878
Accel: 0.002 0.113 1.019
Gyro: 1.708 19.424 40.847
Accel: 0.005 0.119 1.019
Gyro: 5.401 19.546 40.328
Accel: 0.009 0.129 1.019
Gyro: 8.300 22.842 39.108
Accel: 0.009 0.141 1.021
Gyro: 10.345 24.993 37.597
Accel: 0.013 0.142 1.027
Gyro: 11.871 26.046 35.552
Accel: 0.012 0.131 1.041
Gyro: 12.954 26.596 33.905
Accel: 0.009 0.112 1.055
Gyro: 14.236 27.099 32.958
Accel: 0.0000 0.091 1.064
Gyro: 16.464 27.236 32.318
Accel: 0.012 0.078 1.067
Gyro: 23.208 26.351 27.343
Accel: 0.028 0.070 1.071
Gyro: 22.415 24.337 29.266
Accel: 0.033 0.067 1.070
Gyro: 25.360 21.179 26.473
Accel: 0.027 0.055 1.068
Gyro: 27.511 17.791 22.781
Accel: 0.013 0.031 1.065
Gyro: 28.717 14.678 18.264
Accel: 0.016 0.005 1.070
Gyro: 28.152 11.703 13.580
Accel: 0.024 0.018 1.075
Gyro: 25.711 6.973 9.613
Accel: 0.022 0.043 1.072
Gyro: 22.827 1.358 6.607
Accel: 0.015 0.077 1.063
Gyro: 21.102 -3.402 5.691
Accel: 0.020 0.105 1.054
Gyro: 21.072 -4.745 6.607
Accel: 0.026 0.132 1.038
Gyro: 21.972 -2.944 8.575
Accel: 0.029 0.154 1.039
Gyro: 22.369 1.846 9.826
Accel: 0.119 0.188 1.075
Gyro: 20.370 8.804 11.413
Accel: 0.092 0.214 1.144
Gyro: 16.860 18.371 13.153
Accel: 0.119 0.244 1.244
Gyro: 13.748 30.349 15.304
Accel: 0.146 0.268 1.340
Gyro: 14.572 42.785 19.042
Accel: 0.176 0.291 1.417
Gyro: 21.072 46.813 24.291
Accel: 0.209 0.305 1.469
Gyro: 34.149 41.793 29.541
Accel: 0.263 0.297 1.520
Gyro: 45.867 33.096 32.791
Accel: 0.302 0.267 1.525
Gyro: 51.177 20.751 33.508
Accel: 0.308 0.228 1.519
Gyro: 57.159 5.203 31.600
Accel: 0.256 0.232 1.493
Gyro: 63.217 -4.959 29.678
Accel: 0.228 0.217 1.478
Gyro: 66.223 -13.732 28.472
Accel: 0.189 0.196 1.449
Gyro: 70.068 -19.470 26.809
Accel: 0.174 0.196 1.440
Gyro: 74.768 -21.301 25.222
Accel: 0.170 0.184 1.416
Gyro: 79.589 -20.721 24.291
Accel: 0.157 0.176 1.385
Gyro: 86.425 -18.127 23.620
Accel: 0.140 0.153 1.378
Gyro: 92.697 -12.756 22.781
Accel: 0.125 0.111 1.392
Gyro: 98.281 -3.707 23.086
Accel: 0.116 0.077 1.417
Gyro: 107.101 6.072 24.017
Accel: 0.107 0.060 1.483
Gyro: 118.560 16.418 25.772
Accel: 0.108 0.078 1.551
Gyro: 132.843 23.757 29.449
Accel: 0.127 0.105 1.588
Gyro: 149.673 25.039 34.072
Accel: 0.155 0.122 1.594
Gyro: 165.679 22.628 42.724
Accel: 0.200 0.122 1.540
Gyro: 181.137 11.886 42.327
Accel: 0.227 0.105 1.377
Gyro: 196.762 10.345 44.570
Accel: 0.227 0.101 1.319
Gyro: 214.370 7.186 45.043
Accel: 0.213 0.117 1.216
Gyro: 219.970 5.325 44.555
Accel: 0.125 0.126 1.102
Gyro: 224.304 4.699 42.556
Accel: 0.150 0.133 0.979
Gyro: 224.533 5.706 38.604
Accel: 0.117 0.146 0.869
Gyro: 222.747 8.331 34.362
Accel: 0.106 0.183 0.779
Gyro: 219.696 10.345 30.410
Accel: 0.125 0.254 0.627
Gyro: 215.545 11.444 29.113
Accel: 0.120 0.295 0.614
Gyro: 209.045 11.108 29.174
Accel: 0.102 0.324 0.530
Gyro: 201.385 9.857 29.052
Accel: 0.096 0.345 0.463
Gyro: 187.973 7.110 29.327
Accel: 0.103 0.363 0.409
Gyro: 179.458 2.716 29.769
Accel: 0.095 0.383 0.356
Gyro: 165.679 -2.700 30.532
Accel: 0.075 0.399 0.309
Gyro: 151.367 -8.514 30.868
Accel: 0.068 0.423 0.274
Gyro: 137.115 -14.862 31.219
Accel: 0.047 0.422 0.279
Gyro: 123.641 -21.881 31.204
Accel: 0.014 0.412 0.283
Gyro: 107.406 -29.571 30.624
Accel: 0.019 0.372 0.265
Gyro: 87.005 -36.163 27.008
Accel: 0.036 0.368 0.257
Gyro: 73.348 -40.817 23.239
Accel: 0.102 0.331 0.199
Gyro: 63.949 -39.215 22.445
Accel: 0.108 0.389 0.185
Gyro: 59.692 -31.143 21.911
Accel: 0.180 0.478 0.191
Gyro: 55.801 -21.270 21.591
Accel: 0.162 0.368 0.249
Gyro: 52.963 -8.071 20.431
Accel: 0.137 0.369 0.231
Gyro: 56.228 -1.480 21.331
Accel: 0.164 0.398 0.207
Gyro: 65.002 14.785 22.033
Accel: 0.139 0.470 0.215
Gyro: 74.768 21.087 21.774
Accel: 0.088 0.517 0.225
Gyro: 77.453 23.284 18.066
Accel: 0.114 0.518 0.166
Gyro: 68.710 15.365 11.550
Accel: 0.139 0.567 0.126
Gyro: 47.485 0.122 7.781
Accel: 0.179 0.593 0.131
Gyro: 20.385 -16.296 5.767
Accel: 0.235 0.601 0.112
Gyro: -1.449 -24.444 2.410
Accel: 0.296 0.615 0.052
Gyro: -16.754 -21.499 -1.907
Accel: 0.223 0.634 0.055
Gyro: -29.357 -16.601 -6.927
Accel: 0.193 0.615 0.122
Gyro: -50.643 -23.925 -6.393
Accel: 0.340 0.661 0.108
Gyro: -53.558 -40.054 2.548
Accel: 0.379 0.802 0.148
Gyro: -58.593 -50.628 19.927
Accel: 0.394 0.755 0.220
Gyro: -67.550 -71.640 50.750
Accel: 0.513 0.641 0.331
Gyro: -81.558 -92.453 83.953
Accel: 0.584 0.662 0.398
Gyro: -95.092 -110.351 99.395
Accel: 0.606 0.851 0.458
Gyro: -97.442 -127.182 99.075
Accel: 0.816 1.088 0.651
Gyro: -85.464 -138.229 71.334
Accel: 1.281 1.249 0.927
Gyro: -59.371 -158.523 32.882
Accel: 1.568 1.314 1.007
Gyro: -32.287 -168.823 -24.597
Accel: 1.664 1.478 1.067
Gyro: -4.394 -179.595 -80.0001
Accel: 1.709 1.494 1.034
Gyro: 7.064 -187.438 -123.596
Accel: 1.687 1.500 1.024
Gyro: 5.050 -195.022 -155.029
Accel: 1.615 1.482 1.105
Gyro: -2.410 -203.659 -174.743
Accel: 1.548 1.432 1.262
Gyro: -2.426 -209.930 -190.780
Accel: 1.457 1.389 1.406
Gyro: 10.772 -209.564 -195.816
Accel: 1.429 1.328 1.554
Gyro: 31.753 -209.335 -204.162
Accel: 1.373 1.295 1.540
Gyro: 55.892 -213.821 -218.780
Accel: 1.282 1.221 1.564
Gyro: 85.617 -229.324 -237.854
Accel: 1.153 1.098 1.540
Gyro: 122.543 -242.828 -257.034
Accel: 0.973 0.976 1.464
Gyro: 163.543 -270.996 -274.444
Accel: 0.781 0.829 1.341
Gyro: 201.202 -300.476 -284.835
Accel: 0.605 0.700 1.190
Gyro: 226.028 -327.362 -286.819
Accel: 0.451 0.592 1.034
Gyro: 240.081 -350.418 -283.294
Accel: 0.315 0.509 0.904
Gyro: 238.037 -365.447 -277.008
Accel: 0.172 0.423 0.810
Gyro: 223.342 -370.605 -262.557
Accel: 0.038 0.325 0.675
Gyro: 198.165 -368.087 -252.944
Accel: 0.082 0.186 0.605
Gyro: 163.482 -359.176 -236.648
Accel: 0.191 0.036 0.559
Gyro: 125.961 -340.942 -216.522
Accel: 0.315 0.095 0.543
Gyro: 90.957 -328.109 -191.970
Accel: 0.417 0.309 0.499
Gyro: 59.463 -313.323 -166.030
Accel: 0.519 0.405 0.482
Gyro: 38.589 -302.642 -139.083
Accel: 0.642 0.575 0.480
Gyro: 24.169 -296.386 -108.322
Accel: 0.874 0.763 0.527
Gyro: 22.750 -302.780 -76.812
Accel: 0.985 0.969 0.592
Gyro: 36.148 -322.219 -44.967
Accel: -1.103 -1.124 0.676
Gyro: 60.134 -349.517 -18.676
Accel: -1.230 -1.170 0.809
Gyro: 87.631 -373.718 14.938
Accel: -1.286 -1.182 0.858
Gyro: 110.687 -385.101 39.749
Accel: -1.297 -1.212 1.007
Gyro: 131.958 -382.110 69.915
Accel: -1.129 -1.285 1.228
Gyro: 132.492 -359.649 107.025
Accel: -1.171 -1.348 1.359
Gyro: 118.453 -313.659 155.258
Accel: -1.034 -1.378 1.557
Gyro: 102.630 -248.703 215.957
Accel: 0.791 -1.424 1.737
Gyro: 76.141 -163.452 279.678
Accel: 0.545 -1.220 1.932
Gyro: 35.125 -59.265 349.609
Accel: 0.123 -1.049 2.038
Gyro: -25.726 70.404 419.448
Accel: 0.187 0.849 2.131
Gyro: -98.144 205.718 477.691
Accel: 0.384 0.708 2.149
Gyro: -169.967 322.235 499.984
Accel: 0.689 0.684 2.209
Gyro: -227.142 403.778 499.984
Accel: 1.143 0.695 2.372
Gyro: -262.405 442.138 499.984
Accel: 1.714 0.595 2.546
Gyro: -275.436 456.0100 499.984
Accel: 2.073 0.306 2.688
Gyro: -253.204 458.663 499.984
Accel: 2.429 0.065 2.852
Gyro: -210.006 446.411 499.984
Accel: 2.583 0.340 2.900
Gyro: -147.888 404.968 499.984
Accel: 2.820 0.526 2.891
Gyro: -71.838 333.602 491.439
Accel: 3.141 0.797 2.827
Gyro: 13.732 250.061 438.766
Accel: 3.422 1.212 2.705
Gyro: 93.734 171.798 372.436
Accel: 3.684 1.679 2.596
Gyro: 158.813 108.459 285.797
Accel: 3.883 2.064 2.487
Gyro: 205.093 87.539 202.575
Accel: 3.907 2.265 2.180
Gyro: 230.773 101.654 131.637
Accel: 3.905 2.208 1.875
Gyro: 240.676 147.628 62.179
Accel: 3.865 2.0010 1.650
Gyro: 238.189 195.190 9.017
Accel: 3.746 1.919 1.292
Gyro: 222.229 258.743 -32.882
Accel: 3.441 1.803 0.952
Gyro: 190.704 313.964 -65.658
Accel: 3.209 1.664 0.677
Gyro: 150.146 354.385 -93.215
Accel: 2.853 1.473 0.452
Gyro: 114.639 375.091 -114.364
Accel: 2.478 1.217 0.298
Gyro: 94.665 363.861 -133.758
Accel: 2.126 0.975 0.213
Gyro: 93.276 331.207 -152.008
Accel: 1.785 0.716 0.066
Gyro: 106.216 280.853 -158.096
Accel: 1.503 0.450 0.120
Gyro: 135.650 217.254 -168.045
Accel: 1.247 0.325 0.020
Gyro: 164.306 160.079 -177.368
Accel: 0.979 0.128 0.123
Gyro: 201.858 96.359 -185.592
Accel: 0.693 0.067 0.219
Gyro: 230.438 40.390 -191.177
Accel: 0.593 0.094 0.353
Gyro: 256.790 -2.868 -196.105
Accel: 0.419 0.271 0.537
Gyro: 269.271 -34.454 -199.600
Accel: 0.238 0.440 0.745
Gyro: 259.628 -52.703 -203.201
Accel: 0.198 0.652 0.987
Gyro: 223.266 -43.426 -209.609
Accel: 0.290 0.943 -1.137
Gyro: 160.217 -11.0001 -223.281
Accel: 0.206 -1.227 -1.341
Gyro: 71.334 27.450 -236.343
Accel: 0.039 -1.494 -1.504
Gyro: -20.462 73.989 -235.549
Accel: 0.229 -1.701 -1.622
Gyro: -110.153 109.146 -214.141
Accel: 0.531 -1.810 -1.756
Gyro: -180.450 140.563 -170.700
Accel: 0.672 -1.899 -1.855
Gyro: -241.195 157.592 -123.657
Accel: 0.777 -1.916 -2.052
Gyro: -289.016 155.258 -77.987
Accel: 0.848 -1.863 -2.146
Gyro: -324.172 135.482 -37.796
Accel: 0.824 -1.827 -2.198
Gyro: -351.837 96.176 -4.669
Accel: 0.665 -1.816 -2.180
Gyro: -375.915 32.699 22.598
Accel: 0.472 -1.760 -2.041
Gyro: -391.479 -49.209 36.224
Accel: 0.160 -1.699 -1.650
Gyro: -402.038 -149.124 40.924
Accel: 0.134 -1.597 -1.116
Gyro: -401.229 -266.510 38.162
Accel: 0.335 -1.389 0.522
Gyro: -407.897 -365.417 35.324
Accel: 0.426 -1.260 0.241
Gyro: -427.154 -461.242 39.932
Accel: 0.705 -1.223 1.185
Gyro: -455.078 -499.969 58.898
Accel: 1.072 -1.250 2.254
Gyro: -484.024 -499.969 88.058
Accel: 1.677 -1.402 3.456
Gyro: -499.969 -499.969 117.828
Accel: 1.828 -1.156 4.532
Gyro: -486.495 -410.278 144.363
Accel: 2.117 -1.047 5.436
Gyro: -447.494 -270.111 148.727
Accel: 2.139 0.901 6.088
Gyro: -384.017 -126.068 137.481
Accel: 1.991 0.609 6.418
Gyro: -311.096 13.900 112.747
Accel: 1.739 0.416 6.286
Gyro: -217.681 122.497 82.351
Accel: 1.513 0.450 5.958
Gyro: -131.042 175.338 55.984
Accel: 1.114 0.552 5.224
Gyro: -40.771 186.630 40.725
Accel: 0.823 0.558 4.708
Gyro: 37.399 160.308 38.604
Accel: 0.728 0.590 4.214
Gyro: 119.369 117.584 42.556
Accel: 0.712 0.543 3.805
Gyro: 195.022 79.101 43.579
Accel: 0.726 0.435 3.404
Gyro: 258.712 54.382 36.743
Accel: 0.779 0.358 2.968
Gyro: 309.677 46.478 20.385
Accel: 0.817 0.294 2.568
Gyro: 347.457 51.254 6.225
Accel: 0.812 0.244 2.147
Gyro: 361.267 64.361 -13.992
Accel: 0.778 0.216 1.787
Gyro: 356.155 82.885 -33.111
Accel: 0.717 0.215 1.527
Gyro: 344.879 104.751 -49.285
Accel: 0.652 0.228 1.255
Gyro: 332.199 126.083 -61.904
Accel: 0.582 0.258 1.018
Gyro: 315.093 143.936 -71.884
Accel: 0.503 0.306 0.800
Gyro: 300.842 156.066 -78.308
Accel: 0.427 0.374 0.597
Gyro: 289.672 162.475 -81.848
Accel: 0.370 0.434 0.407
Gyro: 279.785 164.306 -81.115
Accel: 0.312 0.464 0.212
Gyro: 268.600 162.963 -71.273
Accel: 0.236 0.496 0.014
Gyro: 260.009 162.994 -66.238
Accel: 0.181 0.442 0.176
Gyro: 239.761 152.938 -57.464
Accel: 0.089 0.473 0.334
Gyro: 215.972 136.260 -49.942
Accel: 0.049 0.483 0.467
Gyro: 195.053 122.436 -47.882
Accel: 0.002 0.484 0.565
Gyro: 170.867 111.770 -49.758
Accel: 0.067 0.483 0.658
Gyro: 147.811 103.866 -51.910
Accel: 0.102 0.510 0.750
Gyro: 128.860 102.966 -54.275
Accel: 0.122 0.537 0.843
Gyro: 112.121 109.268 -57.113
Accel: 0.161 0.527 0.961
Gyro: 93.200 105.361 -59.082
Accel: 0.246 0.529 -1.084
Gyro: 61.050 103.042 -58.120
Accel: 0.206 0.622 -1.201
Gyro: 31.738 100.112 -54.382
Accel: 0.239 0.581 -1.302
Gyro: 2.334 91.461 -45.715
Accel: 0.258 0.607 -1.406
Gyro: -31.829 83.389 -30.410
Accel: 0.264 0.614 -1.520
Gyro: -67.718 72.113 -13.732
Accel: 0.284 0.617 -1.636
Gyro: -113.021 49.987 5.081
Accel: 0.280 0.619 -1.701
Gyro: -161.270 22.003 26.718
Accel: 0.245 0.633 -1.705
Gyro: -211.151 -11.917 42.648
Accel: 0.181 0.665 -1.656
Gyro: -256.607 -49.591 50.292
Accel: 0.103 0.707 -1.533
Gyro: -296.768 -90.637 58.151
Accel: 0.031 0.759 -1.315
Gyro: -330.062 -132.965 63.415
Accel: 0.071 0.815 -1.007
Gyro: -349.456 -181.747 69.824
Accel: 0.205 0.845 0.637
Gyro: -364.898 -231.719 78.765
Accel: 0.388 0.863 0.171
Gyro: -379.913 -285.675 87.814
Accel: 0.650 0.920 0.360
Gyro: -397.247 -338.806 91.354
Accel: 0.895 0.953 0.982
Gyro: -419.342 -380.355 87.936
Accel: 1.242 -1.023 1.627
Gyro: -447.967 -411.437 71.624
Accel: 1.573 -1.229 2.496
Gyro: -464.889 -406.570 57.617
Accel: 1.770 -1.350 3.088
Gyro: -461.166 -378.234 42.800
Accel: 1.544 -1.253 3.590
Gyro: -425.079 -315.322 38.269
Accel: 1.495 -1.266 3.922
Gyro: -385.910 -242.523 43.441
Accel: 1.344 -1.242 4.127
Gyro: -330.230 -158.020 57.067
Accel: 1.262 -1.085 4.270
Gyro: -263.519 -65.093 64.880
Accel: 1.184 0.923 4.238
Gyro: -203.094 12.252 62.866
Accel: 1.070 0.806 4.015
Gyro: -144.546 72.555 51.467
Accel: 0.925 0.686 3.664
Gyro: -85.220 114.044 45.822
Accel: 0.781 0.593 3.212
Gyro: -33.233 132.934 31.982
Accel: 0.639 0.509 2.784
Gyro: 7.476 132.949 26.702
Accel: 0.517 0.437 2.388
Gyro: 37.536 128.814 18.112
Accel: 0.399 0.359 2.124
Gyro: 55.526 114.456 10.101
Accel: 0.283 0.301 1.853
Gyro: 77.194 97.473 3.463
Accel: 0.176 0.258 1.627
Gyro: 89.447 81.527 0.549
Accel: 0.110 0.245 1.431
Gyro: 104.125 67.840 -3.005
Accel: 0.056 0.230 1.263
Gyro: 116.378 57.632 -1.937
Accel: 0.058 0.243 1.068
Gyro: 123.641 50.079 0.732
Accel: 0.048 0.238 0.941
Gyro: 126.419 39.443 1.785
Accel: 0.048 0.234 0.898
Gyro: 126.571 39.672 5.004
Accel: 0.057 0.236 0.751
Gyro: 123.916 37.582 7.522
Accel: 0.078 0.242 0.752
Gyro: 118.576 35.446 8.514
Accel: 0.085 0.226 0.676
Gyro: 110.961 33.905 7.781
Accel: 0.072 0.214 0.635
Gyro: 102.172 32.836 6.515
Accel: 0.068 0.214 0.600
Gyro: 92.880 32.638 5.401
Accel: 0.068 0.220 0.578
Gyro: 81.604 32.012 5.065
Accel: 0.053 0.212 0.560
Gyro: 69.824 30.776 6.240
Accel: 0.041 0.208 0.549
Gyro: 56.152 29.052 8.087
Accel: 0.055 0.216 0.552
Gyro: 42.663 26.718 9.124
Accel: 0.049 0.208 0.572
Gyro: 30.609 23.773 8.026
Accel: 0.029 0.195 0.597
Gyro: 21.499 20.660 5.081
Accel: 0.015 0.189 0.623
Gyro: 15.411 17.517 0.946
Accel: 0.007 0.185 0.645
Gyro: 10.955 13.854 -2.792
Accel: 0.012 0.191 0.666
Gyro: 5.371 9.719 -7.247
Accel: 0.008 0.195 0.704
Gyro: 0.152 4.928 -11.978
Accel: 0.007 0.204 0.765
Gyro: -5.935 0.579 -16.220
Accel: 0.016 0.218 0.825
Gyro: -8.468 -4.531 -18.783
Accel: 0.031 0.236 0.871
Gyro: -7.156 -6.759 -19.409
Accel: 0.042 0.247 0.901
Gyro: -2.838 -7.598 -17.852
Accel: 0.052 0.253 0.915
Gyro: 2.563 -7.537 -14.572
Accel: 0.053 0.251 0.913
Gyro: 6.759 -7.400 -9.597
Accel: 0.035 0.250 0.915
Gyro: 7.797 -7.843 0.335
Accel: 0.020 0.242 0.923
Gyro: 5.950 -8.911 0.396
Accel: 0.015 0.229 0.938
Gyro: 2.227 -9.368 4.302
Accel: 0.014 0.214 0.951
Gyro: -1.922 -8.071 7.965
Accel: 0.017 0.200 0.959
Gyro: -5.462 -5.813 11.550
Accel: 0.016 0.189 0.961
Gyro: -8.621 -3.356 15.182
Accel: 0.015 0.178 0.959
Gyro: -11.428 0.961 18.325
Accel: 0.0010 0.168 0.954
Gyro: -13.580 0.610 21.255
Accel: 0.0000 0.163 0.949
Gyro: -15.197 1.571 23.147
Accel: 0.015 0.164 0.948
Gyro: -16.479 0.869 23.620
Accel: 0.027 0.166 0.953
Gyro: -16.738 -1.602 22.659
Accel: 0.032 0.169 0.960
Gyro: -14.953 -5.233 20.782
Accel: 0.029 0.169 0.963
Gyro: -11.367 -9.246 18.600
Accel: 0.033 0.170 0.965
Gyro: -6.988 -13.473 16.921
Accel: 0.042 0.176 0.956
Gyro: -3.051 -17.181 15.197
Accel: 0.054 0.178 0.947
Gyro: -1.510 -20.095 13.580
Accel: 0.060 0.177 0.941
Gyro: -2.426 -22.766 12.313
Accel: 0.060 0.180 0.945
Gyro: -4.974 -25.054 11.428
Accel: 0.065 0.181 0.957
Gyro: -11.535 -26.077 11.245
Accel: 0.066 0.181 0.972
Gyro: -9.063 -25.390 11.795
Accel: 0.065 0.181 0.983
Gyro: -9.384 -23.681 12.451
Accel: 0.069 0.182 0.987
Gyro: -8.773 -21.575 12.847
Accel: 0.072 0.180 0.987
Gyro: -7.598 -19.271 13.031
Accel: 0.078 0.183 0.981
Gyro: -6.271 -17.181 13.183
Accel: 0.097 0.180 0.982
Gyro: -5.493 -16.784 13.168
Accel: 0.108 0.182 0.985
Gyro: -5.844 -18.508 12.695
Accel: 0.109 0.171 0.996
Gyro: -6.240 -21.591 12.054
Accel: 0.104 0.160 1.0010
Gyro: -6.301 -24.856 11.245
Accel: 0.110 0.156 1.018
Gyro: -4.989 -27.191 10.040
Accel: 0.114 0.150 1.028
Gyro: -3.448 -28.884 8.682
Accel: 0.118 0.145 1.030
Gyro: 0.885 -29.510 6.881
Accel: 0.128 0.143 1.026
Gyro: 1.541 -24.276 4.776
Accel: 0.201 0.109 1.074
Gyro: 0.030 -17.807 1.739
Accel: 0.189 0.089 1.087
Gyro: -2.334 -10.635 -2.243
Accel: 0.213 0.090 1.086
Gyro: -6.515 -1.083 -6.271
Accel: 0.228 0.097 1.071
Gyro: -11.764 6.729 -9.567
Accel: 0.230 0.114 1.059
Gyro: -17.288 12.359 -12.145
Accel: 0.210 0.136 1.050
Gyro: -21.377 16.128 -13.336
Accel: 0.187 0.160 1.048
Gyro: -23.117 18.142 -13.198
Accel: 0.161 0.180 1.038
Gyro: -23.742 18.280 -12.115
Accel: 0.131 0.199 1.019
Gyro: -22.842 17.364 -10.101
Accel: 0.108 0.216 0.939
Gyro: -20.614 15.060 -7.827
Accel: 0.095 0.229 0.983
Gyro: -17.700 11.489 -5.844
Accel: 0.089 0.238 0.970
Gyro: -14.328 7.110 -4.745
Accel: 0.090 0.240 0.960
Gyro: -11.047 2.517 -4.760
Accel: 0.090 0.243 0.953
Gyro: -8.178 -1.693 -5.752
Accel: 0.098 0.238 0.955
Gyro: -5.645 -4.776 -7.171
Accel: 0.105 0.232 0.958
Gyro: -4.196 -6.057 -9.033
Accel: 0.104 0.231 0.962
Gyro: -2.731 -7.003 -11.016
Accel: 0.101 0.241 0.975
Gyro: 0.625 -3.936 -13.137
Accel: 0.093 0.246 0.977
Gyro: 1.647 -8.087 -14.617
Accel: 0.088 0.254 0.986
Gyro: 7.705 -7.431 -15.640
Accel: 0.084 0.260 0.990
Gyro: 5.355 -5.661 -16.006
Accel: 0.082 0.263 0.988
Gyro: 6.149 -3.494 -15.762
Accel: 0.075 0.262 0.978
Gyro: 5.844 -1.861 -15.243
Accel: 0.075 0.262 0.976
Gyro: 4.348 0.381 -14.663
Accel: 0.077 0.255 0.979
Gyro: 2.258 1.586 -13.595
Accel: 0.073 0.264 0.981
Gyro: 0.106 3.341 -11.138
Accel: 0.080 0.242 0.976
Gyro: -2.075 4.913 -8.895
Accel: 0.089 0.234 0.974
Gyro: -4.425 6.072 -7.461
Accel: 0.094 0.231 0.974
Gyro: -7.492 5.889 -6.698
Accel: 0.082 0.221 0.981
Gyro: -9.963 6.195 -6.118
Accel: 0.079 0.217 0.993
Gyro: -11.138 7.202 -5.477
Accel: 0.074 0.219 1.002
Gyro: -11.383 9.124 -5.081
Accel: 0.068 0.219 1.006
Gyro: -11.199 11.444 -4.226
Accel: 0.064 0.224 1.002
Gyro: -11.184 12.847 -2.761
Accel: 0.060 0.234 1.002
Gyro: -11.520 13.183 -1.388
Accel: 0.052 0.225 1.014
Gyro: -12.252 13.473 0.747
Accel: 0.031 0.221 1.023
Gyro: -13.198 13.900 0.564
Accel: 0.013 0.229 1.021
Gyro: -14.526 15.502 0.473
Accel: 0.0000 0.251 1.016
Gyro: -16.357 17.181 0.411
Accel: 0.057 0.309 1.002
Gyro: -13.549 14.862 2.273
Accel: 0.097 0.339 1.006
Gyro: -5.722 6.256 5.554
Accel: 0.096 0.256 1.039
Gyro: 6.362 -7.522 7.003
Accel: 0.061 0.283 1.066
Gyro: 23.269 -9.796 5.279
Accel: 0.046 0.254 1.083
Gyro: 34.637 -12.725 2.639
Accel: 0.036 0.241 1.112
Gyro: 39.718 -14.221 1.693
Accel: 0.035 0.245 1.105
Gyro: 47.592 -14.343 2.410
Accel: 0.027 0.246 1.091
Gyro: 54.321 -12.985 3.692
Accel: 0.021 0.239 1.081
Gyro: 58.792 -11.093 5.340
Accel: 0.025 0.225 1.0001
Gyro: 62.011 -9.048 6.668
Accel: 0.027 0.212 1.033
Gyro: 64.514 -4.028 7.965
Accel: 0.025 0.208 1.003
Gyro: 66.726 -6.362 9.536
Accel: 0.023 0.203 0.979
Gyro: 67.413 -4.013 11.688
Accel: 0.006 0.188 0.963
Gyro: 66.482 -1.174 13.870
Accel: 0.025 0.156 0.955
Gyro: 64.819 3.555 15.625
Accel: 0.053 0.135 0.952
Gyro: 63.034 9.155 16.326
Accel: 0.077 0.133 0.946
Gyro: 61.248 12.725 16.235
Accel: 0.096 0.136 0.943
Gyro: 58.502 14.495 15.441
Accel: 0.0100 0.116 0.934
Gyro: 53.268 13.916 14.007
Accel: 0.038 0.051 0.934
Gyro: 45.486 11.596 13.565
Accel: 0.090 0.045 0.880
Gyro: 31.082 0.625 17.761
Accel: 0.0000 0.027 0.858
Gyro: 17.578 -6.652 19.226
Accel: 0.047 0.070 0.879
Gyro: 6.011 -12.664 17.700
Accel: 0.097 0.107 0.872
Gyro: -3.936 -15.747 14.328
Accel: 0.125 0.128 0.882
Gyro: -11.886 -18.234 9.887
Accel: 0.156 0.135 0.882
Gyro: -18.066 -20.431 5.401
Accel: 0.173 0.133 0.891
Gyro: -23.910 -21.759 1.190
Accel: 0.191 0.123 0.904
Gyro: -28.640 -21.972 -2.380
Accel: 0.194 0.119 0.920
Gyro: -31.768 -22.033 -5.477
Accel: 0.180 0.136 0.943
Gyro: -34.851 -23.162 -9.414
Accel: 0.218 0.159 0.944
Gyro: -34.423 -23.605 -8.438
Accel: 0.229 0.130 0.971
Gyro: -33.035 -21.011 -7.797
Accel: 0.215 0.130 0.992
Gyro: -30.532 -17.623 -7.049
Accel: 0.195 0.132 0.993
Gyro: -26.550 -14.404 -5.294
Accel: 0.185 0.129 1.003
Gyro: -22.979 -10.986 -3.448
Accel: 0.143 0.128 1.003
Gyro: -15.869 -7.751 -3.097
Accel: 0.192 0.142 1.011
Gyro: -12.176 -6.652 -1.296
Accel: 0.223 0.140 1.017
Gyro: -12.039 -5.844 0.549
Accel: 0.227 0.140 1.031
Gyro: -8.453 -4.928 1.434
Accel: 0.216 0.144 1.036
Gyro: -5.233 -3.768 1.663
Accel: 0.199 0.147 1.036
Gyro: -2.075 -2.609 1.434
Accel: 0.176 0.142 1.033
Gyro: 0.625 -1.251 0.854
Accel: 0.158 0.130 1.031
Gyro: 2.975 0.228 0.289
Accel: 0.145 0.117 1.029
Gyro: 5.081 1.876 0.396
Accel: 0.139 0.102 1.024
Gyro: 7.476 3.204 1.007
Accel: 0.134 0.097 1.018
Gyro: 9.582 4.409 1.663
Accel: 0.152 0.113 1.017
Gyro: 11.184 4.425 1.571
Accel: 0.146 0.109 1.006
Gyro: 12.695 4.547 1.281
Accel: 0.138 0.110 1.004
Gyro: 13.885 0.0000 0.976
Accel: 0.130 0.102 1.006
Gyro: 14.190 2.197 -3.860
Accel: 0.120 0.0100 1.005
Gyro: 13.183 -3.723 0.930
Accel: 0.118 0.103 1.025
Gyro: 10.665 -2.166 -1.922
Accel: 0.111 0.103 1.019
Gyro: 8.880 -4.470 -2.426
Accel: 0.110 0.093 1.004
Gyro: 7.537 -5.264 -2.670
Accel: 0.114 0.087 0.998
Gyro: 6.011 -5.264 -3.005
Accel: 0.115 0.093 0.996
Gyro: 4.486 -5.950 -2.655
Accel: 0.122 0.099 0.996
Gyro: 3.128 -6.942 -2.136
Accel: 0.128 0.106 1.0000
Gyro: 1.480 -7.019 -1.617
Accel: 0.136 0.115 1.0001
Gyro: 0.259 -6.500 -1.495
Accel: 0.136 0.128 1.0001
Gyro: 0.488 -5.264 -1.174
Accel: 0.143 0.135 1.005
Gyro: 0.885 -3.662 0.885
Accel: 0.147 0.140 1.013
Gyro: 0.839 -2.090 0.915
Accel: 0.145 0.142 1.019
Gyro: 0.793 -1.022 -1.113
Accel: 0.141 0.141 1.018
Gyro: 0.137 0.350 -1.373
Accel: 0.137 0.141 1.019
Gyro: 0.778 0.183 -1.419
Accel: 0.134 0.137 1.013
Gyro: 1.571 0.991 -1.525
Accel: 0.128 0.128 1.0010
Gyro: 2.716 1.953 -1.815
Accel: 0.123 0.126 1.005
Gyro: 7.690 3.372 -2.044
Accel: 0.116 0.121 1.004
Gyro: 4.684 4.501 -1.998
Accel: 0.105 0.117 0.999
Gyro: 5.111 5.447 -1.861
Accel: 0.098 0.112 0.995
Gyro: 5.401 5.401 -2.166
Accel: 0.091 0.104 0.994
Gyro: 5.416 4.272 -2.319
Accel: 0.084 0.0100 0.993
Gyro: 4.928 2.288 -2.517
Accel: 0.084 0.095 0.989
Gyro: 4.196 0.610 -2.334
Accel: 0.080 0.085 0.998
Gyro: 3.204 -2.655 -1.266
Accel: 0.044 0.061 0.973
Gyro: 3.402 -3.128 0.839
Accel: 0.047 0.066 0.977
Gyro: 3.540 -3.692 2.792
Accel: 0.047 0.071 0.975
Gyro: 2.990 -3.311 4.226
Accel: 0.044 0.074 0.973
Gyro: 1.907 -2.838 5.386
Accel: 0.047 0.074 0.971
Gyro: 0.595 -2.716 6.820
Accel: 0.050 0.072 0.973
Gyro: 0.503 -3.372 8.224
Accel: 0.054 0.072 0.977
Gyro: -1.770 -4.211 9.826
Accel: 0.055 0.078 0.981
Gyro: -2.593 -4.669 11.428
Accel: 0.052 0.081 0.980
Gyro: -2.792 -5.706 12.832
Accel: 0.050 0.092 0.979
Gyro: -2.868 -6.301 14.205
Accel: 0.039 0.104 0.976
Gyro: -2.944 -6.484 19.454
Accel: 0.030 0.109 0.971
Gyro: -3.295 -6.576 16.616
Accel: 0.023 0.115 0.968
Gyro: -3.631 -6.240 17.395
Accel: 0.015 0.118 0.966
Gyro: -3.936 -5.905 18.112
Accel: 0.0010 0.115 0.969
Gyro: -4.028 -4.501 19.073
Accel: 0.007 0.115 0.969
Gyro: -3.250 -3.417 20.507
Accel: 0.004 0.117 0.966
Gyro: -1.831 -2.731 22.186
Accel: 0.006 0.116 0.966
Gyro: 0.030 -1.510 23.773
Accel: 0.004 0.116 0.958
Gyro: 1.800 0.122 25.451
Accel: 0.002 0.118 0.955
Gyro: 3.509 1.922 31.204
Accel: 0.006 0.116 0.946
Gyro: 4.989 4.486 28.869
Accel: 0.004 0.123 0.940
Gyro: 6.286 11.566 30.487
Accel: 0.0000 0.186 0.935
Gyro: 7.247 11.383 31.372
Accel: 0.0010 0.126 0.933
Gyro: 8.087 15.579 31.738
Accel: 0.017 0.125 0.932
Gyro: 9.658 19.332 31.890
Accel: 0.027 0.121 0.933
Gyro: 11.581 23.742 31.860
Accel: 0.035 0.116 0.932
Gyro: 13.580 31.097 32.211
Accel: 0.043 0.107 0.931
Gyro: 15.380 30.487 33.233
Accel: 0.050 0.098 0.927
Gyro: 16.967 32.684 34.820
Accel: 0.053 0.091 0.924
Gyro: 17.639 33.782 37.094
Accel: 0.054 0.086 0.918
Gyro: 16.876 33.706 40.023
Accel: 0.052 0.079 0.915
Gyro: 15.029 32.424 43.228
Accel: 0.051 0.077 0.912
Gyro: 12.512 30.807 46.081
Accel: 0.058 0.082 0.911
Gyro: 9.689 29.190 48.034
Accel: 0.064 0.087 0.912
Gyro: 7.247 27.404 49.362
Accel: 0.071 0.090 0.911
Gyro: 5.752 25.482 50.033
Accel: 0.077 0.094 0.911
Gyro: 5.279 23.193 50.674
Accel: 0.079 0.094 0.911
Gyro: 4.791 20.980 51.864
Accel: 0.075 0.089 0.911
Gyro: 4.257 18.417 53.787
Accel: 0.071 0.090 0.914
Gyro: 2.731 16.067 56.213
Accel: 0.066 0.092 0.918
Gyro: 1.113 13.977 58.547
Accel: 0.056 0.095 0.919
Gyro: 0.396 11.398 60.317
Accel: 0.050 0.101 0.923
Gyro: -1.968 9.658 61.584
Accel: 0.046 0.110 0.925
Gyro: -4.180 8.331 62.194
Accel: 0.040 0.117 0.927
Gyro: -6.576 7.873 62.576
Accel: 0.034 0.125 0.931
Gyro: -8.895 8.087 62.774
Accel: 0.030 0.133 0.935
Gyro: -10.391 9.140 62.759
Accel: 0.022 0.139 0.943
Gyro: -11.291 10.543 62.759
Accel: 0.015 0.143 0.950
Gyro: -11.489 12.161 62.301
Accel: 0.014 0.152 0.955
Gyro: -11.276 13.122 61.660
Accel: 0.008 0.155 0.961
Gyro: -11.566 13.793 60.714
Accel: 0.002 0.158 0.967
Gyro: -11.978 14.053 58.929
Accel: 0.006 0.159 0.972
Gyro: -12.786 13.473 56.671
Accel: 0.003 0.161 0.975
Gyro: -13.595 11.611 54.977
Accel: 0.0001 0.163 0.976
Gyro: -14.846 9.246 54.168
Accel: 0.005 0.170 0.973
Gyro: -16.098 6.774 53.359
Accel: 0.005 0.173 0.966
Gyro: -16.738 4.379 52.337
Accel: 0.019 0.189 0.967
Gyro: -17.959 3.356 51.330
Accel: 0.020 0.190 0.974
Gyro: -19.546 3.326 50.613
Accel: 0.011 0.189 0.988
Gyro: -22.003 4.135 50.598
Accel: 0.006 0.192 1.003
Gyro: -24.826 5.645 51.025
Accel: 0.0001 0.197 1.020
Gyro: -27.526 7.492 51.910
Accel: 0.0010 0.203 1.036
Gyro: -29.373 8.880 52.505
Accel: 0.011 0.217 1.053
Gyro: -29.251 9.582 52.383
Accel: 0.004 0.235 1.062
Gyro: -27.313 9.826 51.116
Accel: 0.004 0.244 1.065
Gyro: -23.773 8.773 49.072
Accel: 0.0000 0.251 1.060
Gyro: -19.683 7.614 46.035
Accel: 0.0010 0.255 1.049
Gyro: -15.625 6.408 42.800
Accel: 0.032 0.261 1.045
Gyro: -12.954 6.668 39.871
Accel: 0.031 0.248 1.044
Gyro: -7.888 8.605 38.681
Accel: 0.026 0.229 1.043
Gyro: -11.779 10.131 38.818
Accel: 0.021 0.218 1.043
Gyro: -12.603 10.742 39.779
Accel: 0.015 0.205 1.049
Gyro: -14.114 10.833 41.061
Accel: 0.014 0.203 1.044
Gyro: -15.350 9.475 41.900
Accel: 0.022 0.212 1.036
Gyro: -15.670 7.186 42.037
Accel: 0.029 0.221 1.022
Gyro: -15.625 4.699 41.458
Accel: 0.037 0.226 1.006
Gyro: -15.396 1.846 40.405
Accel: 0.041 0.223 0.937
Gyro: -15.609 0.091 39.031
Accel: 0.045 0.221 0.993
Gyro: -17.074 0.640 38.131
Accel: 0.038 0.211 0.994
Gyro: -19.622 0.549 38.330
Accel: 0.017 0.200 1.002
Gyro: -22.644 0.778 39.794
Accel: 0.0000 0.194 1.015
Gyro: -25.466 0.305 41.549
Accel: 0.011 0.196 1.027
Gyro: -27.114 0.457 42.556
Accel: 0.016 0.209 1.033
Gyro: -27.145 1.388 42.739
Accel: 0.015 0.227 1.036
Gyro: -25.924 2.548 41.641
Accel: 0.013 0.244 1.037
Gyro: -23.437 3.936 39.627
Accel: 0.015 0.255 1.036
Gyro: -20.065 5.661 36.849
Accel: 0.004 0.273 1.037
Gyro: -17.562 9.094 33.843
Accel: 0.005 0.276 1.038
Gyro: -14.892 11.489 30.593
Accel: 0.012 0.275 1.035
Gyro: -12.390 13.580 27.603
Accel: 0.023 0.279 1.036
Gyro: -11.352 15.716 25.634
Accel: 0.024 0.274 1.030
Gyro: -11.123 16.693 24.139
Accel: 0.037 0.734 2.011
Gyro: 46.768 -27.114 16.983
Accel: 0.107 0.362 1.384
Gyro: 55.984 -3.082 11.627
Accel: 0.016 0.122 0.887
Gyro: 45.761 -4.455 10.131
Accel: 0.103 0.207 0.898
Gyro: 37.261 -14.739 15.258
Accel: 0.060 0.174 0.855
Gyro: 17.135 -7.003 15.304
Accel: 0.020 0.132 0.833
Gyro: 1.190 -3.433 13.458
Accel: 0.006 0.301 1.241
Gyro: 7.812 -16.098 12.557
Accel: 0.014 0.275 1.332
Gyro: 16.372 -11.734 10.757
Accel: 0.014 0.168 1.017
Gyro: 13.122 -10.848 8.926
Accel: 0.018 0.158 0.825
Gyro: 3.952 -9.979 10.452
Accel: 0.018 0.248 0.920
Gyro: 3.814 -8.239 11.611
Accel: 0.019 0.224 1.023
Gyro: 6.835 -5.630 9.567
Accel: 0.020 0.231 1.024
Gyro: 13.748 -1.495 6.500
Accel: 0.020 0.222 0.937
Gyro: 21.072 3.356 1.647
Accel: 0.0000 0.188 0.867
Gyro: 28.686 8.224 -4.180
Accel: 0.0010 0.216 0.859
Gyro: 38.314 13.504 -12.252
Accel: 0.069 0.280 0.848
Gyro: 52.612 16.586 -13.290
Accel: 0.075 0.194 0.762
Gyro: 63.507 21.408 -11.886
Accel: 0.095 0.193 0.845
Gyro: 74.462 27.923 -11.627
Accel: 0.111 0.203 0.911
Gyro: 92.590 36.712 -11.779
Accel: 0.120 0.198 0.952
Gyro: 102.767 48.889 -11.749
Accel: 0.111 0.162 1.012
Gyro: 114.791 64.208 -11.322
Accel: 0.106 0.106 1.128
Gyro: 127.655 82.504 -11.154
Accel: 0.176 0.060 1.266
Gyro: 144.638 107.528 -14.480
Accel: 0.142 0.148 1.561
Gyro: 190.231 64.208 -6.835
Accel: 0.924 0.527 0.230
Gyro: 37.567 -122.802 1.663
Accel: 0.099 0.078 0.401
Gyro: -16.815 -55.145 -10.604
Accel: 0.021 0.094 0.530
Gyro: -61.401 20.828 -21.255
Accel: -1.257 0.188 4.147
Gyro: -17.044 -106.002 -2.792
Accel: 0.120 0.252 0.640
Gyro: -54.138 -40.115 1.251
Accel: 0.078 0.124 1.534
Gyro: -24.642 -24.017 -3.692
Accel: 0.057 0.101 1.438
Gyro: -2.410 12.771 -1.159
Accel: 0.027 0.070 1.146
Gyro: 17.288 45.867 0.854
Accel: 0.059 0.041 1.154
Gyro: 33.309 56.884 0.976
Accel: 0.123 0.023 1.042
Gyro: 37.429 56.579 -1.815
Accel: 0.003 0.008 1.015
Gyro: 0.198 0.610 0.289
Accel: 0.004 0.008 1.007
Gyro: 0.228 0.717 0.289
Accel: 0.006 0.0010 1.0010
Gyro: 0.244 0.640 0.259
Accel: 0.005 0.008 1.0010
Gyro: 0.167 0.640 0.335
Accel: 0.003 0.009 1.008
Gyro: 0.167 0.701 0.289
