Accel: 0.999 0.002 0.083
Gyro: 0.015 1.892 0.167
Accel: 0.996 0.003 0.090
Gyro: 0.061 1.419 0.183
Accel: 0.995 0.003 0.094
Gyro: 0.167 0.762 0.183
Accel: 0.996 0.0000 0.101
Gyro: 0.152 0.289 0.198
Accel: 0.992 0.002 0.108
Gyro: 0.289 -1.815 0.244
Accel: 0.994 0.003 0.103
Gyro: 0.366 -3.219 0.152
Accel: 0.996 0.003 0.097
Gyro: 0.534 -4.440 0.167
Accel: 0.993 0.004 0.089
Gyro: 0.564 -5.096 0.244
Accel: 0.998 0.004 0.084
Gyro: 0.595 -5.447 0.244
Accel: 0.999 0.004 0.078
Gyro: 0.457 -5.630 0.305
Accel: 0.996 0.0001 0.076
Gyro: 0.350 -5.676 0.366
Accel: 0.998 0.0001 0.079
Gyro: 0.350 -5.706 0.335
Accel: 0.997 0.004 0.077
Gyro: 0.427 -5.844 0.335
Accel: 0.995 0.0000 0.075
Gyro: 0.366 -5.859 0.259
Accel: 1.0001 0.0000 0.073
Gyro: 0.442 -5.981 0.244
Accel: 1.0000 0.0001 0.073
Gyro: 0.305 -5.966 0.198
Accel: 0.996 0.003 0.073
Gyro: 0.534 -5.920 0.228
Accel: 1.0000 0.003 0.063
Gyro: 0.564 -5.386 0.259
Accel: 1.0000 0.004 0.053
Gyro: 0.701 -4.791 0.305
Accel: 1.0000 0.004 0.052
Gyro: 0.427 -3.967 0.335
Accel: 1.003 0.0001 0.053
Gyro: 0.366 -3.067 0.244
Accel: 1.003 0.002 0.052
Gyro: 0.320 -2.136 0.289
Accel: 1.0000 0.002 0.051
Gyro: 0.289 -1.174 0.122
Accel: 1.0001 0.003 0.053
Gyro: 0.106 0.244 0.198
Accel: 1.0000 0.002 0.058
Gyro: 0.061 0.442 0.213
Accel: 1.0000 0.002 0.063
Gyro: 0.244 0.885 0.167
Accel: 1.003 0.0001 0.060
Gyro: 0.411 1.525 0.198
Accel: 1.0000 0.004 0.054
Gyro: 0.152 2.243 0.167
Accel: 1.0000 0.004 0.057
Gyro: 0.122 2.731 0.213
Accel: 1.0001 0.004 0.065
Gyro: 0.076 3.372 0.213
Accel: 0.996 0.002 0.075
Gyro: 0.030 3.067 0.183
Accel: 0.998 0.0001 0.081
Gyro: 0.061 2.746 0.244
Accel: 0.996 0.0000 0.083
Gyro: 0.259 2.197 0.183
Accel: 0.997 0.0001 0.083
Gyro: 0.244 1.708 0.152
Accel: 0.996 0.003 0.077
Gyro: 0.457 0.991 0.213
Accel: 1.0000 0.003 0.074
Gyro: 0.259 0.808 0.137
Accel: 0.997 0.004 0.073
Gyro: 0.213 0.976 0.198
Accel: 0.998 0.0001 0.073
Gyro: 0.213 0.991 0.228
Accel: 1.0000 0.003 0.080
Gyro: 0.137 0.961 0.289
Accel: 0.997 0.004 0.079
Gyro: 0.244 0.564 0.274
Accel: 0.998 0.002 0.078
Gyro: 0.259 0.350 0.381
Accel: 1.0001 0.003 0.073
Gyro: 0.183 0.457 0.396
Accel: 0.998 0.002 0.066
Gyro: 0.427 0.839 0.335
Accel: 1.0001 0.0001 0.060
Gyro: 0.183 1.495 0.350
Accel: 1.005 0.003 0.058
Gyro: 0.167 2.502 0.350
Accel: 0.999 0.004 0.061
Gyro: 0.137 3.295 0.381
Accel: 1.0001 0.003 0.056
Gyro: 0.122 4.470 0.396
Accel: 1.0001 0.003 0.061
Gyro: 0.244 5.493 0.320
Accel: 0.999 0.002 0.073
Gyro: 0.274 6.042 0.289
Accel: 0.937 0.0001 0.077
Gyro: 0.152 6.195 0.274
Accel: 0.999 0.0001 0.083
Gyro: 0.137 6.286 0.289
Accel: 0.992 0.0000 0.088
Gyro: 0.091 5.981 0.244
Accel: 0.997 0.003 0.090
Gyro: 0.152 5.798 0.198
Accel: 0.998 0.002 0.089
Gyro: 0.335 5.477 0.183
Accel: 0.995 0.003 0.089
Gyro: 0.320 5.279 0.213
Accel: 0.997 0.002 0.093
Gyro: 0.289 4.852 0.228
Accel: 0.996 0.002 0.099
Gyro: 0.228 4.302 0.213
Accel: 0.993 0.003 0.093
Gyro: 0.366 3.967 0.213
Accel: 0.997 0.004 0.088
Gyro: 0.244 3.845 0.244
Accel: 0.999 0.003 0.089
Gyro: 0.183 3.875 0.350
Accel: 0.993 0.002 0.093
Gyro: 0.167 3.829 0.305
Accel: 0.998 0.0001 0.094
Gyro: 0.106 3.540 0.274
Accel: 0.995 0.003 0.0100
Gyro: 0.152 3.128 0.320
Accel: 0.993 0.002 0.105
Gyro: 0.045 2.609 0.350
Accel: 0.994 0.002 0.111
Gyro: 0.335 1.663 0.213
Accel: 0.996 0.003 0.109
Gyro: 0.381 0.823 0.259
Accel: 0.994 0.002 0.102
Gyro: 0.381 0.259 0.259
Accel: 0.999 0.003 0.095
Gyro: 0.350 0.167 0.244
Accel: 0.997 0.0000 0.092
Gyro: 0.259 0.274 0.213
Accel: 0.994 0.003 0.090
Gyro: 0.411 0.381 0.244
Accel: 1.0000 0.003 0.088
Gyro: 0.244 0.671 0.228
Accel: 0.999 0.002 0.089
Gyro: 0.183 1.083 0.305
Accel: 0.997 0.002 0.094
Gyro: 0.045 1.037 0.350
Accel: 0.997 0.0001 0.098
Gyro: 0.213 0.991 0.244
Accel: 0.997 0.002 0.101
Gyro: 0.228 0.778 0.152
Accel: 0.993 0.002 0.108
Gyro: 0.213 0.167 0.122
Accel: 0.995 0.002 0.110
Gyro: 0.427 0.717 0.213
Accel: 0.992 0.002 0.110
Gyro: 0.457 -1.480 0.213
Accel: 0.995 0.002 0.106
Gyro: 0.442 -2.105 0.152
Accel: 0.998 0.003 0.102
Gyro: 0.335 -2.456 0.183
Accel: 0.996 0.004 0.101
Gyro: 0.305 -2.944 0.198
Accel: 0.993 0.003 0.108
Gyro: 0.381 -3.631 0.244
Accel: 0.995 0.002 0.112
Gyro: 0.396 -4.776 0.244
Accel: 0.992 0.0000 0.108
Gyro: 0.396 -5.752 0.198
Accel: 0.992 0.002 0.111
Gyro: 0.671 -6.759 0.259
Accel: 0.997 0.003 0.103
Gyro: 0.595 -7.583 0.244
Accel: 0.994 0.004 0.0100
Gyro: 0.534 -8.071 0.259
Accel: 0.993 0.003 0.096
Gyro: 0.671 -8.712 0.320
Accel: 0.997 0.002 0.092
Gyro: 0.640 -8.956 0.244
Accel: 0.996 0.003 0.091
Gyro: 0.488 -9.170 0.259
Accel: 0.996 0.002 0.085
Gyro: 0.595 -9.399 0.106
Accel: 1.0000 0.002 0.078
Gyro: 0.564 -9.216 0.259
Accel: 0.999 0.003 0.069
Gyro: 0.534 -8.514 0.228
Accel: 1.0000 0.004 0.062
Gyro: 0.259 -7.675 0.305
Accel: 1.0001 0.0001 0.064
Gyro: 0.122 -6.652 0.289
Accel: 0.997 0.0001 0.066
Gyro: 0.137 -5.981 0.259
Accel: 1.0000 0.0001 0.066
Gyro: 0.259 -5.233 0.366
Accel: 1.002 0.002 0.064
Gyro: 0.335 -4.318 0.320
Accel: 0.999 0.002 0.063
Gyro: 0.244 -3.540 0.320
Accel: 1.0001 0.002 0.061
Gyro: 0.305 -2.639 0.228
Accel: 1.0001 0.002 0.062
Gyro: 0.274 -1.892 0.183
Accel: 0.998 0.0001 0.064
Gyro: 0.427 -1.159 0.152
Accel: 1.004 0.002 0.061
Gyro: 0.350 0.320 0.167
Accel: 1.0000 0.002 0.065
Gyro: 0.213 0.366 0.167
Accel: 0.998 0.004 0.065
Gyro: 0.183 1.052 0.091
Accel: 1.0001 0.003 0.066
Gyro: 0.091 1.770 0.091
Accel: 1.0000 0.003 0.069
Gyro: 0.122 2.197 0.183
Accel: 0.996 0.003 0.074
Gyro: 0.015 2.273 0.259
Accel: 0.999 0.004 0.078
Gyro: 0.076 2.517 0.335
Accel: 0.999 0.0001 0.081
Gyro: 0.076 2.258 0.259
Accel: 0.996 0.0001 0.082
Gyro: 0.106 1.968 0.228
Accel: 0.998 0.0001 0.082
Gyro: 0.061 1.693 0.183
Accel: 0.997 0.002 0.086
Gyro: 0.061 1.358 0.244
Accel: 0.996 0.0001 0.089
Gyro: 0.076 0.793 0.244
Accel: 0.999 0.004 0.085
Gyro: 0.228 0.473 0.213
Accel: 0.998 0.004 0.082
Gyro: 0.259 0.289 0.244
Accel: 0.997 0.005 0.088
Gyro: 0.061 0.0000 0.167
Accel: 0.999 0.0001 0.091
Gyro: 0.213 0.732 0.350
Accel: 0.995 0.0001 0.089
Gyro: 0.152 -1.037 0.320
Accel: 0.996 0.003 0.088
Gyro: 0.152 -1.495 0.259
Accel: 0.998 0.0001 0.086
Gyro: 0.183 -2.014 0.244
Accel: 0.996 0.003 0.086
Gyro: 0.213 -2.380 0.228
Accel: 0.995 0.003 0.085
Gyro: 0.320 -2.853 0.183
Accel: 0.998 0.002 0.085
Gyro: 0.228 -3.082 0.213
Accel: 0.996 0.003 0.084
Gyro: 0.320 -3.524 0.198
Accel: 0.996 0.002 0.078
Gyro: 0.457 -3.646 0.198
Accel: 0.999 0.005 0.074
Gyro: 0.442 -3.494 0.274
Accel: 0.998 0.004 0.071
Gyro: 0.366 -3.189 0.259
Accel: 0.937 0.004 0.069
Gyro: 0.228 -2.716 0.366
Accel: 1.003 0.0001 0.069
Gyro: 0.274 -2.212 0.289
Accel: 0.999 0.003 0.072
Gyro: 0.244 -1.754 0.274
Accel: 0.997 0.002 0.074
Gyro: 0.244 -1.617 0.289
Accel: 1.0000 0.005 0.007
Gyro: 0.457 1.846 0.061
Accel: 0.995 0.003 0.005
Gyro: 0.213 2.639 0.045
Accel: 1.006 0.003 0.009
Gyro: 0.015 3.402 0.030
Accel: 1.005 0.002 0.016
Gyro: 0.152 3.829 0.045
Accel: 1.0000 0.004 0.028
Gyro: 0.137 3.784 0.030
Accel: 1.0000 0.0001 0.036
Gyro: 0.274 3.631 0.289
Accel: 1.003 0.0000 0.032
Gyro: 0.625 3.158 0.488
Accel: 1.007 0.002 0.031
Gyro: 0.656 2.914 0.747
Accel: 1.0001 0.0001 0.031
Gyro: 0.427 2.517 -1.022
Accel: 1.005 0.0001 0.033
Gyro: 0.503 2.090 -1.281
Accel: 1.011 0.006 0.039
Gyro: 0.869 1.708 -1.861
Accel: 1.006 0.005 0.038
Gyro: 1.571 1.632 -2.304
Accel: 1.018 0.0010 0.034
Gyro: 2.090 1.464 -2.975
Accel: 1.030 0.016 0.032
Gyro: 3.173 2.578 -4.058
Accel: 1.019 0.079 0.039
Gyro: 5.157 5.828 -4.257
Accel: 1.030 0.050 0.069
Gyro: 9.780 9.384 -4.882
Accel: 1.056 0.049 0.101
Gyro: 14.785 13.641 -6.729
Accel: 1.071 0.056 0.116
Gyro: 20.385 16.723 -9.613
Accel: 1.090 0.083 0.121
Gyro: 26.397 21.148 -13.122
Accel: 1.103 0.079 0.121
Gyro: 33.477 26.046 -17.166
Accel: 1.142 0.119 0.002
Gyro: 39.627 29.891 -20.919
Accel: 1.171 0.092 0.040
Gyro: 42.449 32.501 -28.350
Accel: 1.207 0.109 0.050
Gyro: 44.296 32.119 -37.384
Accel: 1.189 0.002 0.056
Gyro: 43.395 30.136 -50.384
Accel: 1.168 0.025 0.063
Gyro: 41.198 25.512 -54.626
Accel: 1.130 0.034 0.089
Gyro: 35.324 22.247 -61.508
Accel: 1.200 0.020 0.128
Gyro: 37.002 24.368 -69.778
Accel: 1.298 0.084 0.153
Gyro: 30.395 39.855 -81.039
Accel: 1.329 0.168 0.197
Gyro: 18.081 61.569 -91.491
Accel: 1.362 0.195 0.247
Gyro: 8.026 78.308 -92.559
Accel: 1.392 0.197 0.257
Gyro: 0.320 92.224 -93.124
Accel: 1.416 0.177 0.263
Gyro: -5.157 106.063 -99.151
Accel: 1.421 0.129 0.277
Gyro: -9.658 115.036 -107.116
Accel: 1.420 0.221 0.295
Gyro: -13.702 122.039 -114.501
Accel: 1.397 0.262 0.333
Gyro: -13.809 125.793 -121.582
Accel: 1.376 0.308 0.338
Gyro: -10.498 127.853 -129.394
Accel: 1.361 0.325 0.350
Gyro: -4.058 128.433 -138.198
Accel: 1.337 0.344 0.355
Gyro: 3.540 126.571 -145.965
Accel: 1.312 0.348 0.361
Gyro: 11.917 121.826 -154.403
Accel: 1.318 0.352 0.368
Gyro: 21.133 116.317 -162.658
Accel: 1.279 0.377 0.356
Gyro: 28.228 111.328 -175.384
Accel: 1.238 0.389 0.334
Gyro: 33.905 105.163 -180.480
Accel: 1.167 0.387 0.312
Gyro: 36.422 97.976 -189.544
Accel: 1.087 0.313 0.284
Gyro: 36.422 90.499 -197.006
Accel: 0.989 0.373 0.294
Gyro: 34.027 82.290 -200.393
Accel: 0.928 0.366 0.270
Gyro: 30.776 72.219 -199.752
Accel: 0.844 0.377 0.280
Gyro: 28.732 61.981 -197.860
Accel: 0.753 0.375 0.283
Gyro: 28.961 52.734 -195.068
Accel: 0.686 0.355 0.296
Gyro: 31.570 42.465 -187.820
Accel: 0.641 0.326 0.374
Gyro: 35.446 33.126 -187.500
Accel: 0.631 0.318 0.341
Gyro: 41.046 22.628 -181.274
Accel: 0.652 0.429 0.376
Gyro: 47.943 11.703 -174.682
Accel: 0.635 0.462 0.393
Gyro: 56.518 4.074 -173.034
Accel: 0.577 0.521 0.397
Gyro: 66.207 0.564 -177.795
Accel: 0.535 0.543 0.385
Gyro: 75.057 -4.730 -182.723
Accel: 0.504 0.530 0.352
Gyro: 81.283 -7.949 -184.722
Accel: 0.479 0.499 0.319
Gyro: 83.206 -10.192 -181.945
Accel: 0.455 0.501 0.292
Gyro: 81.542 -12.908 -173.889
Accel: 0.413 0.539 0.277
Gyro: 76.858 -14.236 -162.429
Accel: 0.393 0.578 0.269
Gyro: 66.818 -11.978 -149.353
Accel: 0.390 0.612 0.253
Gyro: 63.507 -7.858 -136.947
Accel: 0.313 0.651 0.233
Gyro: 53.970 -2.349 -126.708
Accel: 0.348 0.669 0.230
Gyro: 42.617 1.480 -119.628
Accel: 0.389 0.666 0.250
Gyro: 32.455 1.953 -113.006
Accel: 0.414 0.685 0.268
Gyro: 25.665 2.059 -109.176
Accel: 0.383 0.716 0.279
Gyro: 23.483 4.058 -108.245
Accel: 0.351 0.724 0.374
Gyro: 24.200 7.003 -108.703
Accel: 0.324 0.726 0.316
Gyro: 27.420 11.566 -108.169
Accel: 0.298 0.720 0.314
Gyro: 30.197 16.204 -105.651
Accel: 0.288 0.729 0.303
Gyro: 31.692 21.011 -101.913
Accel: 0.246 0.761 0.270
Gyro: 32.119 27.526 -98.480
Accel: 0.195 0.777 0.231
Gyro: 31.433 33.309 -95.718
Accel: 0.172 0.777 0.197
Gyro: 29.647 35.385 -93.215
Accel: 0.157 0.760 0.170
Gyro: 27.969 35.491 -91.812
Accel: 0.149 0.744 0.158
Gyro: 27.038 32.669 -90.270
Accel: 0.179 0.735 0.161
Gyro: 27.130 28.442 -87.951
Accel: 0.210 0.810 0.176
Gyro: 28.793 25.466 -87.142
Accel: 0.201 0.779 0.181
Gyro: 31.951 25.070 -88.775
Accel: 0.152 0.799 0.174
Gyro: 34.881 26.229 -91.232
Accel: 0.105 0.806 0.149
Gyro: 35.644 27.923 -91.140
Accel: 0.059 0.797 0.117
Gyro: 33.920 29.312 -88.027
Accel: 0.064 0.797 0.098
Gyro: 30.380 28.854 -83.206
Accel: 0.073 0.873 0.083
Gyro: 26.351 28.991 -78.903
Accel: 0.098 0.828 0.086
Gyro: 20.812 28.823 -76.141
Accel: 0.136 0.856 0.091
Gyro: 14.144 27.359 -75.759
Accel: 0.114 0.886 0.106
Gyro: 8.285 26.016 -77.667
Accel: 0.004 0.914 0.116
Gyro: 5.310 26.077 -80.307
Accel: 0.008 0.911 0.115
Gyro: 5.523 27.511 -85.815
Accel: 0.0000 0.886 0.125
Gyro: 7.278 27.130 -82.901
Accel: 0.007 0.866 0.111
Gyro: 8.880 27.908 -89.508
Accel: 0.029 0.840 0.083
Gyro: 15.487 30.075 -90.484
Accel: 0.034 0.810 0.059
Gyro: 13.0000 28.274 -95.718
Accel: 0.029 0.791 0.023
Gyro: 12.451 25.360 -101.867
Accel: 0.053 0.773 0.003
Gyro: 11.474 21.301 -107.940
Accel: 0.187 0.763 0.0010
Gyro: 11.016 14.541 -112.594
Accel: 0.222 0.746 0.017
Gyro: 13.397 7.141 -114.639
Accel: 0.272 0.718 0.017
Gyro: 18.203 0.137 -114.425
Accel: 0.315 0.684 0.020
Gyro: 23.880 -4.928 -113.571
Accel: 0.350 0.648 0.025
Gyro: 28.442 -8.804 -112.930
Accel: 0.387 0.602 0.050
Gyro: 31.188 -10.818 -111.724
Accel: 0.414 0.500 0.076
Gyro: 28.076 -13.458 -108.810
Accel: 0.411 0.536 0.098
Gyro: 17.532 -17.028 -103.042
Accel: 0.396 0.533 0.095
Gyro: 2.197 -19.866 -93.566
Accel: 0.397 0.534 0.082
Gyro: -14.892 -22.109 -81.512
Accel: 0.460 0.527 0.062
Gyro: -31.570 -22.918 -69.869
Accel: 0.475 0.522 0.020
Gyro: -46.783 -22.048 -51.116
Accel: 0.443 0.523 0.019
Gyro: -59.219 -17.044 -38.055
Accel: 0.467 0.524 0.056
Gyro: -67.535 -7.629 -21.545
Accel: 0.481 0.540 0.068
Gyro: -74.615 7.278 -5.645
Accel: 0.497 0.559 0.066
Gyro: -80.612 12.619 8.773
Accel: 0.485 0.589 0.051
Gyro: -88.134 20.889 21.270
Accel: 0.468 0.631 0.029
Gyro: -101.150 29.342 33.401
Accel: 0.402 0.645 0.019
Gyro: -120.529 35.522 44.235
Accel: 0.265 0.665 0.059
Gyro: -142.471 38.269 56.106
Accel: 0.187 0.673 0.068
Gyro: -161.727 37.582 64.178
Accel: 0.184 0.705 0.076
Gyro: -172.714 34.454 66.116
Accel: 0.218 0.706 0.083
Gyro: -177.536 25.207 63.064
Accel: 0.267 0.679 0.042
Gyro: -178.756 10.665 58.227
Accel: 0.373 0.630 0.0001
Gyro: -183.883 -10.330 57.815
Accel: 0.320 0.556 0.056
Gyro: -198.562 -30.532 62.942
Accel: 0.291 0.491 0.095
Gyro: -225.158 -43.930 74.356
Accel: 0.176 0.490 0.083
Gyro: -261.749 -52.291 92.956
Accel: 0.119 0.480 0.067
Gyro: -295.150 -52.703 102.157
Accel: 0.178 0.501 0.071
Gyro: -320.587 -47.821 101.638
Accel: 0.265 0.507 0.112
Gyro: -346.771 -51.315 101.501
Accel: 0.263 0.420 0.176
Gyro: -371.063 -58.822 94.543
Accel: 0.241 0.286 0.218
Gyro: -391.601 -68.176 91.278
Accel: 0.172 0.148 0.293
Gyro: -416.702 -79.071 96.618
Accel: 0.022 0.053 0.245
Gyro: -438.400 -93.734 107.528
Accel: 0.080 0.004 0.158
Gyro: -453.262 -122.894 113.403
Accel: 0.156 0.044 0.025
Gyro: -455.078 -161.499 109.024
Accel: 0.309 0.165 0.172
Gyro: -451.156 -214.660 93.765
Accel: 0.600 0.434 0.443
Gyro: -447.189 -271.118 87.249
Accel: 0.982 0.695 0.880
Gyro: -434.814 -323.638 80.459
Accel: 1.282 0.900 1.304
Gyro: -401.611 -390.014 94.161
Accel: 3.607 -1.083 7.999
Gyro: -499.969 342.056 93.246
Accel: -4.455 -1.102 7.527
Gyro: -238.815 499.984 60.394
Accel: 0.256 -1.170 -7.999
Gyro: 326.431 -189.132 62.057
Accel: 2.875 -2.149 1.802
Gyro: 489.776 -176.223 -40.603
Accel: 4.244 0.998 7.999
Gyro: 203.536 148.971 -27.328
Accel: -1.423 0.504 0.956
Gyro: -74.737 42.449 -6.698
Accel: 0.092 0.078 -1.244
Gyro: -100.540 -57.861 -47.393
Accel: 0.099 0.151 0.551
Gyro: -59.417 -133.316 -51.803
Accel: 0.205 0.030 0.071
Gyro: -32.760 -182.586 -41.580
Accel: 0.269 0.267 0.550
Gyro: -184.646 13.336 -12.191
Accel: 0.417 0.108 0.680
Gyro: -165.161 37.704 -2.441
Accel: 1.147 0.979 3.647
Gyro: -12.283 139.328 0.427
Accel: 0.602 0.310 0.434
Gyro: 60.287 42.083 16.387
Accel: 0.822 0.075 2.421
Gyro: 31.433 0.946 16.082
Accel: 0.732 0.410 0.586
Gyro: 49.652 18.539 0.305
Accel: 0.136 0.169 0.715
Gyro: 11.947 19.363 -10.162
Accel: 0.222 0.173 0.647
Gyro: -13.061 -15.640 -9.445
Accel: 0.026 0.023 1.094
Gyro: -31.677 -11.337 -9.140
Accel: 0.021 0.040 1.116
Gyro: -18.615 -12.466 -4.486
Accel: 0.014 0.039 1.201
Gyro: -6.088 -1.983 1.205
Accel: 0.017 0.011 0.996
Gyro: 5.172 1.464 3.662
Accel: 0.084 0.009 1.041
Gyro: 5.981 3.860 3.799
Accel: 0.141 0.012 1.021
Gyro: 7.644 4.211 3.860
Accel: 0.183 0.015 1.029
Gyro: 9.704 4.791 4.272
Accel: 0.131 0.020 0.997
Gyro: 9.658 5.401 3.433
Accel: 0.122 0.005 0.991
Gyro: 9.796 4.898 2.716
Accel: 0.129 0.009 1.0000
Gyro: 9.292 5.416 1.754
Accel: 0.104 0.012 0.977
Gyro: 7.843 3.875 1.510
Accel: 0.099 0.025 0.968
Gyro: 3.143 2.059 1.571
Accel: 0.098 0.013 0.953
Gyro: -1.220 -1.159 1.419
Accel: 0.143 0.030 0.995
Gyro: -4.531 -2.380 2.487
Accel: 0.142 0.0000 1.013
Gyro: -2.868 -1.708 3.234
Accel: 0.111 0.013 1.038
Gyro: 0.213 0.152 1.876
Accel: 0.098 0.023 1.041
Gyro: 3.433 1.296 0.122
Accel: 0.089 0.019 1.005
Gyro: 4.776 2.487 -1.388
Accel: 0.105 0.0010 1.008
Gyro: 3.829 2.120 -1.647
Accel: 0.084 0.023 0.978
Gyro: 2.029 1.007 -1.098
Accel: 0.086 0.026 0.996
Gyro: 1.022 0.579 0.152
Accel: 0.111 0.008 1.0010
Gyro: 1.205 0.274 1.800
Accel: 0.128 0.007 0.999
Gyro: 1.464 0.534 3.952
Accel: 0.093 0.0010 0.990
Gyro: 0.991 0.122 3.204
Accel: 0.083 0.026 1.021
Gyro: 0.305 0.396 0.045
Accel: 0.096 0.022 1.017
Gyro: 1.632 0.259 0.335
Accel: 0.0100 0.018 1.007
Gyro: 2.365 1.052 0.0000
Accel: 0.087 0.026 0.997
Gyro: 1.754 0.381 0.579
Accel: 0.096 0.017 0.984
Gyro: 0.213 0.381 0.839
Accel: 0.105 0.011 1.061
Gyro: 0.518 0.976 0.595
Accel: 0.113 0.0000 1.011
Gyro: 0.564 0.869 0.106
Accel: 0.116 0.002 1.025
Gyro: 0.839 0.152 0.457
Accel: 0.113 0.0000 1.017
Gyro: 2.609 0.900 0.854
Accel: 0.114 0.002 1.013
Gyro: 3.204 1.358 -1.342
Accel: 0.103 0.0010 0.999
Gyro: 3.784 1.708 -1.464
Accel: 0.093 0.021 0.999
Gyro: 3.204 1.434 -1.266
Accel: 0.091 0.021 0.988
Gyro: 1.907 0.808 0.915
Accel: 0.083 0.027 0.989
Gyro: 0.228 0.656 0.503
Accel: 0.052 0.014 0.989
Gyro: -2.349 -2.243 0.076
Accel: 0.098 0.025 1.004
Gyro: -3.219 -2.655 0.701
Accel: 0.130 0.027 1.006
Gyro: -2.563 -2.120 0.549
Accel: 0.107 0.0001 1.0010
Gyro: -1.586 -1.449 0.076
Accel: 0.119 0.005 1.019
Gyro: 0.457 0.701 0.686
Accel: 0.120 0.004 1.022
Gyro: 1.144 3.890 -1.495
Accel: 0.117 0.0000 1.016
Gyro: 2.380 0.915 -1.998
Accel: 0.107 0.004 1.017
Gyro: 3.631 1.556 -2.349
Accel: 0.089 0.006 1.0010
Gyro: 4.470 2.517 -2.731
Accel: 0.073 0.009 1.002
Gyro: 4.638 2.014 -3.173
Accel: 0.104 0.018 0.997
Gyro: 3.753 1.785 -3.143
Accel: 0.104 0.022 0.988
Gyro: 2.777 0.930 -2.792
Accel: 0.090 0.026 1.004
Gyro: 1.541 0.442 -2.563
Accel: 0.090 0.022 1.013
Gyro: 2.136 0.625 -2.044
Accel: 0.0100 0.023 1.020
Gyro: 3.540 1.632 -1.205
Accel: 0.098 0.022 1.0010
Gyro: 4.577 2.258 0.671
Accel: 0.095 0.021 0.998
Gyro: 4.653 2.166 0.411
Accel: 0.094 0.021 0.986
Gyro: 3.402 1.403 0.610
Accel: 0.093 0.025 0.989
Gyro: 1.190 0.030 0.869
Accel: 0.092 0.024 0.994
Gyro: 0.625 0.915 -1.129
Accel: 0.090 0.022 1.0001
Gyro: 0.778 -1.403 0.808
Accel: 0.091 0.021 1.009
Gyro: 0.656 -1.296 0.503
Accel: 0.091 0.022 1.011
Gyro: 0.122 0.946 0.320
Accel: 0.089 0.023 1.0010
Gyro: 1.174 0.228 0.366
Accel: 0.096 0.019 1.0010
Gyro: 1.373 0.076 0.244
Accel: 0.101 0.017 1.0000
Gyro: 0.732 0.167 0.091
Accel: 0.102 0.016 0.996
Gyro: 0.076 0.442 0.564
Accel: 0.097 0.021 1.0001
Gyro: 0.610 0.961 0.366
Accel: 0.103 0.016 0.999
Gyro: 0.991 -1.113 0.106
Accel: 0.094 0.018 1.003
Gyro: -1.022 -1.342 0.091
Accel: 0.099 0.015 1.012
Gyro: 0.549 0.976 0.076
Accel: 0.099 0.011 1.020
Gyro: 0.350 0.381 0.122
Accel: 0.0100 0.015 1.015
Gyro: 1.708 0.381 0.305
Accel: 0.0100 0.014 1.009
Gyro: 2.334 0.686 0.381
Accel: 0.104 0.016 1.003
Gyro: 2.273 0.747 0.656
Accel: 0.099 0.018 0.995
Gyro: 1.495 0.396 0.991
Accel: 0.095 0.022 0.992
Gyro: 0.427 0.228 -1.007
Accel: 0.092 0.022 0.990
Gyro: -1.022 -1.312 -1.052
Accel: 0.090 0.027 0.994
Gyro: -2.044 -1.998 0.976
Accel: 0.070 0.037 1.007
Gyro: -2.777 -2.319 -1.953
Accel: 0.086 0.038 1.006
Gyro: -2.243 -2.380 -2.136
Accel: 0.101 0.025 0.999
Gyro: -2.456 -2.548 -1.861
Accel: 0.090 0.023 0.995
Gyro: -3.570 -3.005 -1.480
Accel: 0.096 0.019 0.995
Gyro: -4.531 -3.662 -1.541
Accel: 0.104 0.016 1.007
Gyro: -4.806 -3.646 -1.693
Accel: 0.104 0.014 1.020
Gyro: -4.165 -3.173 -1.785
Accel: 0.107 0.005 1.023
Gyro: -2.365 -2.197 -1.739
Accel: 0.107 0.004 1.017
Gyro: 0.564 -1.022 -1.129
Accel: 0.0100 0.0010 1.016
Gyro: 0.640 0.305 0.152
Accel: 0.108 0.012 1.012
Gyro: 1.708 0.396 0.305
Accel: 0.099 0.016 1.007
Gyro: 2.075 0.671 0.289
Accel: 0.0100 0.016 1.004
Gyro: 1.937 0.427 0.091
Accel: 0.097 0.016 1.062
Gyro: 1.586 0.228 0.183
Accel: 0.097 0.017 0.997
Gyro: 0.961 0.167 0.061
Accel: 0.093 0.018 1.004
Gyro: 0.518 0.335 0.030
Accel: 0.097 0.015 1.007
Gyro: 0.732 0.122 0.167
Accel: 0.098 0.014 1.009
Gyro: 1.083 0.076 0.183
Accel: 0.104 0.013 1.006
Gyro: 1.220 0.061 0.030
Accel: 0.0100 0.011 1.006
Gyro: 1.388 0.015 0.167
Accel: 0.097 0.017 1.007
Gyro: 1.525 0.350 0.183
Accel: 0.094 0.018 1.007
Gyro: 1.632 0.488 0.106
Accel: 0.094 0.018 0.999
Gyro: 1.525 0.350 0.045
Accel: 0.097 0.020 0.996
Gyro: 0.595 0.259 0.106
Accel: 0.095 0.022 0.997
Gyro: 0.473 0.869 0.564
Accel: 0.091 0.034 1.0000
Gyro: 0.991 -1.358 -2.548
Accel: 0.116 0.026 1.008
Gyro: -1.083 0.991 -3.494
Accel: 0.111 0.019 1.006
Gyro: 0.579 0.793 -3.738
Accel: 0.101 0.012 1.006
Gyro: 0.213 0.411 -3.936
Accel: 0.103 0.013 1.006
Gyro: 0.015 0.183 -3.814
Accel: 0.104 0.008 1.002
Gyro: 0.137 0.213 -3.738
Accel: 0.094 0.014 0.993
Gyro: 0.625 0.900 -3.860
Accel: 0.086 0.024 0.994
Gyro: -1.876 -1.800 -4.516
Accel: 0.090 0.019 0.994
Gyro: -3.021 -2.548 -4.791
Accel: 0.086 0.031 0.992
Gyro: -4.226 -3.265 -5.569
Accel: 0.094 0.034 0.995
Gyro: -5.477 -4.150 -6.469
Accel: 0.101 0.028 0.992
Gyro: -6.576 -4.806 -7.217
Accel: 0.0100 0.025 1.002
Gyro: -7.095 -5.065 -7.827
Accel: 0.098 0.022 1.011
Gyro: -7.186 -4.852 -8.514
Accel: 0.095 0.017 1.011
Gyro: -6.256 -4.547 -8.621
Accel: 0.103 0.011 1.009
Gyro: -5.187 -3.768 -7.766
Accel: 0.101 0.0000 1.014
Gyro: -4.394 -3.311 -6.256
Accel: 0.101 0.008 1.012
Gyro: -3.326 -2.761 -4.364
Accel: 0.099 0.009 1.0010
Gyro: -2.456 -1.998 -2.883
Accel: 0.099 0.009 1.017
Gyro: -1.419 -1.525 -1.571
Accel: 0.111 0.013 1.013
Gyro: 0.259 0.625 0.610
Accel: 0.108 0.005 1.008
Gyro: 0.473 0.305 0.534
Accel: 0.105 0.006 1.009
Gyro: 0.701 0.137 0.335
Accel: 0.109 0.005 1.005
Gyro: 1.083 0.015 0.411
Accel: 0.102 0.006 1.005
Gyro: 1.235 0.213 0.427
Accel: 0.106 0.009 1.011
Gyro: 1.770 0.503 0.686
Accel: 0.102 0.0010 1.014
Gyro: 2.532 0.991 0.885
Accel: 0.107 0.007 1.009
Gyro: 3.112 1.159 -1.098
Accel: 0.104 0.009 1.007
Gyro: 3.097 1.358 -1.281
Accel: 0.103 0.008 1.003
Gyro: 3.341 1.449 -1.449
Accel: 0.101 0.004 1.008
Gyro: 3.479 1.724 -1.220
Accel: 0.103 0.008 1.0010
Gyro: 3.875 1.770 -1.541
Accel: 0.106 0.012 1.004
Gyro: 4.028 1.937 -2.456
Accel: 0.101 0.007 0.998
Gyro: 3.570 1.525 -2.578
Accel: 0.093 0.006 1.062
Gyro: 2.685 1.007 -2.609
Accel: 0.090 0.017 0.995
Gyro: 1.907 0.274 -3.341
Accel: 0.095 0.023 0.995
Gyro: 0.930 0.473 -3.509
Accel: 0.103 0.021 0.995
Gyro: 0.473 -1.098 -3.143
Accel: 0.096 0.021 0.993
Gyro: -1.281 -1.632 -2.746
Accel: 0.085 0.015 0.998
Gyro: -2.044 -2.075 -1.968
Accel: 0.091 0.016 1.003
Gyro: -2.365 -2.410 -1.037
Accel: 0.092 0.0010 1.005
Gyro: -2.258 -2.212 0.244
Accel: 0.094 0.015 1.007
Gyro: -1.998 -2.288 0.747
Accel: 0.0100 0.013 1.008
Gyro: -1.785 -1.907 0.869
Accel: 0.101 0.006 1.006
Gyro: -1.174 -1.586 0.869
Accel: 0.106 0.005 1.006
Gyro: -1.037 -1.525 0.579
Accel: 0.108 0.005 1.004
Gyro: -1.174 -1.632 0.259
Accel: 0.109 0.005 1.011
Gyro: 0.656 -1.373 -3.906
Accel: 0.106 0.008 1.012
Gyro: 0.137 0.411 0.183
Accel: 0.097 0.011 1.015
Gyro: 1.144 0.228 0.015
Accel: 0.102 0.009 0.992
Gyro: 0.427 0.549 0.076
