Accel: 0.144 0.967 0.221
Gyro: -37.582 22.583 5.798
Accel: 0.134 0.964 0.230
Gyro: -44.555 27.008 5.111
Accel: 0.131 0.965 0.258
Gyro: -48.156 29.342 4.058
Accel: 0.130 0.958 0.272
Gyro: -49.026 30.395 0.015
Accel: 0.130 0.959 0.275
Gyro: -49.591 31.494 3.479
Accel: 0.135 0.979 0.271
Gyro: -53.436 34.454 2.822
Accel: 0.142 0.977 0.268
Gyro: -60.913 39.398 2.990
Accel: 0.141 0.963 0.275
Gyro: -69.274 44.891 3.234
Accel: 0.136 0.951 0.302
Gyro: -74.829 48.400 3.570
Accel: 0.121 0.932 0.356
Gyro: -75.485 48.431 3.982
Accel: 0.112 0.922 0.394
Gyro: -71.136 45.288 4.806
Accel: 0.110 0.919 0.418
Gyro: -64.743 39.733 5.798
Accel: 0.107 0.913 0.438
Gyro: -58.013 34.072 6.988
Accel: 0.103 0.904 0.442
Gyro: -51.879 28.503 7.598
Accel: 0.099 0.891 0.447
Gyro: -44.723 22.644 7.492
Accel: 0.093 0.878 0.456
Gyro: -36.499 16.418 7.186
Accel: 0.093 0.875 0.473
Gyro: -27.633 9.735 6.881
Accel: 0.092 0.875 0.475
Gyro: -18.676 3.097 6.530
Accel: 0.099 0.882 0.461
Gyro: -10.635 -2.197 6.576
Accel: 0.109 0.893 0.445
Gyro: 0.106 -6.988 7.217
Accel: 0.113 0.892 0.444
Gyro: 2.120 -10.711 7.720
Accel: 0.111 0.893 0.433
Gyro: 6.973 -13.854 7.873
Accel: 0.118 0.895 0.432
Gyro: 10.696 -15.991 7.995
Accel: 0.120 0.893 0.426
Gyro: 13.488 -17.471 7.843
Accel: 0.121 0.885 0.421
Gyro: 15.213 -18.463 7.598
Accel: 0.131 0.862 0.407
Gyro: 16.464 -19.165 7.507
Accel: 0.137 0.879 0.405
Gyro: 17.471 -19.470 8.163
Accel: 0.132 0.898 0.399
Gyro: 18.157 -19.577 8.132
Accel: 0.136 0.903 0.402
Gyro: 18.386 -19.592 7.736
Accel: 0.137 0.899 0.402
Gyro: 17.990 -19.592 7.492
Accel: 0.136 0.898 0.397
Gyro: 17.333 -19.531 7.049
Accel: 0.148 0.899 0.390
Gyro: 16.036 -18.692 6.149
Accel: 0.147 0.906 0.386
Gyro: 15.167 -17.364 5.371
Accel: 0.144 0.912 0.358
Gyro: 15.228 -16.494 4.409
Accel: 0.147 0.923 0.353
Gyro: 16.281 -15.548 3.692
Accel: 0.149 0.926 0.356
Gyro: 17.379 -14.389 3.280
Accel: 0.152 0.923 0.355
Gyro: 16.952 -12.878 3.082
Accel: 0.160 0.928 0.359
Gyro: 13.931 -10.452 2.990
Accel: 0.159 0.922 0.363
Gyro: 9.338 -7.965 2.731
Accel: 0.156 0.912 0.364
Gyro: 5.233 -5.859 2.090
Accel: 0.153 0.907 0.361
Gyro: 2.792 -4.470 0.976
Accel: 0.153 0.904 0.362
Gyro: 2.578 -3.936 0.106
Accel: 0.155 0.909 0.371
Gyro: 3.692 -4.364 0.030
Accel: 0.156 0.916 0.375
Gyro: 5.584 -5.691 0.106
Accel: 0.156 0.915 0.386
Gyro: 11.703 -7.293 0.427
Accel: 0.154 0.914 0.393
Gyro: 9.780 -9.246 0.656
Accel: 0.154 0.914 0.372
Gyro: 11.428 -10.681 0.503
Accel: 0.155 0.914 0.353
Gyro: 13.885 -11.657 0.427
Accel: 0.156 0.916 0.338
Gyro: 17.318 -12.054 0.839
Accel: 0.162 0.916 0.335
Gyro: 20.629 -12.344 1.266
Accel: 0.159 0.894 0.345
Gyro: 24.658 -13.885 1.419
Accel: 0.142 0.872 0.377
Gyro: 34.591 -17.425 0.366
Accel: 0.127 0.852 0.407
Gyro: 40.222 -24.673 -2.120
Accel: 0.114 0.834 0.416
Gyro: 54.733 -35.095 -4.852
Accel: 0.110 0.833 0.408
Gyro: 73.135 -47.805 -7.339
Accel: 0.118 0.866 0.372
Gyro: 91.613 -58.609 -9.704
Accel: 0.138 0.899 0.339
Gyro: 103.897 -67.108 -10.513
Accel: 0.161 0.934 0.297
Gyro: 107.391 -70.983 -9.994
Accel: 0.177 0.961 0.258
Gyro: 104.034 -70.587 -8.804
Accel: 0.190 0.978 0.213
Gyro: 90.286 -66.360 -7.019
Accel: 0.201 0.992 0.184
Gyro: 80.841 -59.448 -4.806
Accel: 0.210 1.002 0.155
Gyro: 65.719 -51.269 -2.456
Accel: 0.210 1.0010 0.130
Gyro: 50.277 -42.114 0.854
Accel: 0.205 1.028 0.098
Gyro: 35.171 -32.714 0.183
Accel: 0.212 1.041 0.083
Gyro: 20.462 -21.835 0.640
Accel: 0.190 1.034 0.044
Gyro: 8.850 -10.742 2.014
Accel: 0.212 1.024 0.075
Gyro: -2.532 0.900 3.662
Accel: 0.214 1.020 0.089
Gyro: -12.680 8.132 4.165
Accel: 0.195 1.018 0.132
Gyro: -19.760 14.923 3.814
Accel: 0.188 1.003 0.151
Gyro: -23.620 18.630 3.326
Accel: 0.187 0.985 0.168
Gyro: -24.475 20.263 3.585
Accel: 0.191 0.990 0.187
Gyro: -23.391 20.401 5.187
Accel: 0.198 0.986 0.197
Gyro: -21.667 19.882 11.566
Accel: 0.201 0.973 0.207
Gyro: -21.072 19.332 10.818
Accel: 0.202 0.964 0.226
Gyro: -22.766 19.042 14.144
Accel: 0.206 0.946 0.260
Gyro: -25.436 17.532 17.700
Accel: 0.203 0.892 0.322
Gyro: -23.757 11.352 22.109
Accel: 0.187 0.843 0.364
Gyro: -14.205 0.442 26.885
Accel: 0.194 0.825 0.379
Gyro: 0.701 -14.785 32.165
Accel: 0.239 0.816 0.336
Gyro: 10.681 -30.471 41.015
Accel: 0.296 0.797 0.279
Gyro: 17.150 -33.203 53.192
Accel: 0.330 0.780 0.203
Gyro: 17.700 -34.744 66.986
Accel: 0.359 0.765 0.215
Gyro: 13.702 -28.625 80.383
Accel: 0.324 0.747 0.310
Gyro: 6.835 -14.999 95.382
Accel: 0.392 0.702 0.349
Gyro: -3.814 0.610 108.062
Accel: 0.549 0.720 0.391
Gyro: -17.379 14.495 114.135
Accel: 0.485 0.705 0.312
Gyro: -29.098 32.516 115.036
Accel: 0.534 0.764 0.382
Gyro: -30.654 53.192 103.713
Accel: 0.589 0.858 0.497
Gyro: -26.977 67.871 85.906
Accel: 0.640 0.932 0.485
Gyro: -20.477 82.626 66.452
Accel: 0.674 0.854 0.457
Gyro: -8.056 92.437 48.461
Accel: 0.627 0.818 0.399
Gyro: 0.411 97.457 34.118
Accel: 0.637 0.812 0.366
Gyro: 1.129 97.045 23.910
Accel: 0.584 0.792 0.343
Gyro: 5.111 92.697 16.525
Accel: 0.545 0.769 0.329
Gyro: 9.277 87.844 12.207
Accel: 0.493 0.781 0.322
Gyro: 13.778 84.091 10.192
Accel: 0.466 0.787 0.306
Gyro: 18.127 82.305 9.033
Accel: 0.448 0.797 0.284
Gyro: 21.804 82.962 8.071
Accel: 0.420 0.826 0.257
Gyro: 22.445 84.442 7.629
Accel: 0.408 0.926 0.198
Gyro: 15.625 87.295 7.690
Accel: 0.420 0.846 0.182
Gyro: 13.702 92.407 7.003
Accel: 0.397 0.871 0.175
Gyro: 5.828 95.367 5.432
Accel: 0.353 0.895 0.182
Gyro: -1.525 94.573 2.944
Accel: 0.324 0.897 0.194
Gyro: -4.333 90.881 -1.495
Accel: 0.302 0.890 0.210
Gyro: -2.243 85.189 -5.187
Accel: 0.302 0.871 0.228
Gyro: 4.089 74.356 -6.622
Accel: 0.302 0.858 0.231
Gyro: 12.420 71.472 -6.225
Accel: 0.264 0.879 0.230
Gyro: 20.217 64.086 -4.608
Accel: 0.262 0.865 0.221
Gyro: 26.611 56.808 -3.417
Accel: 0.272 0.854 0.210
Gyro: 31.555 50.628 -2.838
Accel: 0.243 0.879 0.196
Gyro: 33.493 44.692 -1.937
Accel: 0.254 0.874 0.192
Gyro: 33.584 40.740 -1.480
Accel: 0.288 0.861 0.192
Gyro: 32.745 39.108 -1.296
Accel: 0.293 0.880 0.125
Gyro: 30.166 39.352 0.595
Accel: 0.300 0.903 0.184
Gyro: 25.527 41.381 0.045
Accel: 0.306 0.914 0.185
Gyro: 19.332 44.189 0.762
Accel: 0.306 0.914 0.188
Gyro: 12.985 46.432 -3.250
Accel: 0.310 0.898 0.194
Gyro: 7.019 48.278 -6.103
Accel: 0.290 0.887 0.209
Gyro: 1.754 48.080 -9.185
Accel: 0.243 0.887 0.232
Gyro: 0.442 46.127 -10.742
Accel: 0.209 0.878 0.259
Gyro: 2.197 43.487 -9.567
Accel: 0.176 0.885 0.269
Gyro: 8.956 40.725 -5.508
Accel: 0.168 0.886 0.267
Gyro: 16.510 37.231 0.274
Accel: 0.182 0.892 0.257
Gyro: 23.193 34.194 4.486
Accel: 0.177 0.921 0.241
Gyro: 27.435 31.906 8.056
Accel: 0.183 0.934 0.222
Gyro: 29.693 30.090 9.826
Accel: 0.195 0.943 0.210
Gyro: 29.937 28.640 10.604
Accel: 0.193 0.958 0.194
Gyro: 28.350 27.053 11.489
Accel: 0.207 0.958 0.184
Gyro: 25.527 25.283 12.390
Accel: 0.348 0.903 0.534
Gyro: -13.229 4.241 -15.869
Accel: 0.339 0.904 0.539
Gyro: -13.198 3.906 -19.058
Accel: 0.331 0.904 0.540
Gyro: -13.793 3.982 -21.179
Accel: 0.320 0.902 0.544
Gyro: -15.365 3.768 -22.598
Accel: 0.305 0.905 0.554
Gyro: -16.586 3.112 -23.178
Accel: 0.298 0.912 0.570
Gyro: -16.983 2.532 -23.651
Accel: 0.289 0.919 0.583
Gyro: -16.754 2.502 -24.902
Accel: 0.281 0.930 0.603
Gyro: -16.876 2.548 -26.931
Accel: 0.283 0.940 0.619
Gyro: -17.761 3.250 -29.876
Accel: 0.293 0.956 0.650
Gyro: -19.836 4.257 -34.072
Accel: 0.295 0.974 0.694
Gyro: -22.109 5.630 -39.428
Accel: 0.292 0.983 0.744
Gyro: -22.354 8.666 -46.920
Accel: 0.276 0.981 0.780
Gyro: -20.339 12.603 -57.998
Accel: 0.252 0.969 0.806
Gyro: -17.242 17.974 -59.585
Accel: 0.234 0.947 0.814
Gyro: -13.122 26.947 -63.339
Accel: 0.223 0.926 0.816
Gyro: -9.323 27.999 -65.261
Accel: 0.218 0.916 0.820
Gyro: -6.652 32.562 -66.436
Accel: 0.214 0.913 0.826
Gyro: -4.364 36.849 -67.901
Accel: 0.197 0.914 0.839
Gyro: -1.419 41.046 -69.686
Accel: 0.187 0.901 0.847
Gyro: 2.380 45.272 -72.021
Accel: 0.189 0.893 0.857
Gyro: 6.286 49.346 -74.295
Accel: 0.185 0.886 0.864
Gyro: 10.116 55.557 -76.812
Accel: 0.173 0.889 0.858
Gyro: 14.389 63.400 -78.979
Accel: 0.171 0.877 0.843
Gyro: 17.990 71.731 -80.902
Accel: 0.174 0.858 0.822
Gyro: 21.179 80.581 -82.672
Accel: 0.171 0.841 0.789
Gyro: 23.864 89.401 -84.014
Accel: 0.195 0.819 0.757
Gyro: 24.581 96.801 -83.908
Accel: 0.219 0.811 0.732
Gyro: 24.108 102.935 -78.384
Accel: 0.269 0.803 0.725
Gyro: 22.628 106.781 -77.880
Accel: 0.328 0.790 0.722
Gyro: 21.652 113.845 -70.434
Accel: 0.343 0.794 0.715
Gyro: 23.498 122.756 -75.149
Accel: 0.341 0.795 0.687
Gyro: 26.855 130.981 -81.329
Accel: 0.325 0.776 0.640
Gyro: 29.571 139.755 -90.744
Accel: 0.301 0.731 0.584
Gyro: 32.424 148.406 -101.318
Accel: 0.255 0.686 0.513
Gyro: 34.683 157.485 -110.946
Accel: 0.185 0.647 0.435
Gyro: 34.027 166.015 -117.691
Accel: 0.068 0.639 0.360
Gyro: 31.311 171.066 -123.168
Accel: 0.011 0.626 0.310
Gyro: 27.328 171.585 -125.320
Accel: 0.065 0.601 0.267
Gyro: 19.592 170.013 -126.251
Accel: 0.153 0.583 0.234
Gyro: 21.682 166.198 -127.166
Accel: 0.224 0.561 0.200
Gyro: 23.437 160.766 -127.212
Accel: 0.283 0.519 0.166
Gyro: 27.053 153.060 -126.190
Accel: 0.354 0.492 0.136
Gyro: 32.409 142.440 -123.733
Accel: 0.430 0.477 0.104
Gyro: 40.191 130.233 -119.537
Accel: 0.498 0.460 0.077
Gyro: 48.919 116.729 -113.937
Accel: 0.551 0.438 0.050
Gyro: 58.273 105.178 -108.825
Accel: 0.608 0.438 0.017
Gyro: 65.170 94.711 -103.561
Accel: 0.666 0.436 0.014
Gyro: 70.327 87.753 -99.075
Accel: 0.720 0.426 0.044
Gyro: 74.829 85.571 -96.359
Accel: 0.785 0.403 0.104
Gyro: 80.307 90.133 -93.917
Accel: 0.820 0.337 0.206
Gyro: 87.097 98.388 -89.340
Accel: 0.836 0.259 0.355
Gyro: 93.902 104.568 -81.130
Accel: 0.862 0.218 0.532
Gyro: 95.489 107.345 -71.487
Accel: 0.875 0.184 0.714
Gyro: 86.669 107.620 -62.271
Accel: 0.854 0.135 0.841
Gyro: 67.398 106.613 -56.213
Accel: 0.813 0.095 -1.057
Gyro: 41.336 106.567 -54.611
Accel: 0.822 0.0000 -1.138
Gyro: 17.562 109.924 -57.418
Accel: 0.932 0.024 -1.280
Gyro: 1.876 113.647 -63.201
Accel: 0.899 0.120 -1.436
Gyro: -12.252 118.927 -68.786
Accel: 0.943 0.143 -1.596
Gyro: -25.939 124.755 -70.144
Accel: 0.948 0.273 -1.788
Gyro: -44.097 129.547 -67.749
Accel: 0.929 0.415 -1.993
Gyro: -68.756 128.295 -64.193
Accel: 0.920 0.503 -2.253
Gyro: -102.706 112.426 -60.302
Accel: 0.867 0.628 -2.463
Gyro: -146.316 75.164 -57.357
Accel: 0.804 0.768 -2.681
Gyro: -192.703 24.093 -52.520
Accel: 0.734 -1.052 -2.699
Gyro: -237.915 -33.401 -42.648
Accel: 0.653 -1.224 -2.701
Gyro: -266.052 -86.807 -22.018
Accel: 0.586 -1.415 -2.629
Gyro: -287.261 -158.630 11.596
Accel: 0.322 -1.679 -2.532
Gyro: -298.156 -236.083 59.036
Accel: 0.112 -1.695 -2.327
Gyro: -306.991 -330.032 117.492
Accel: 0.345 -1.723 -2.040
Gyro: -315.338 -436.218 177.413
Accel: 0.728 -1.605 -1.616
Gyro: -321.243 -499.969 232.284
Accel: 1.294 -1.428 0.949
Gyro: -326.156 -499.969 288.513
Accel: 2.162 -1.201 0.118
Gyro: -321.945 -499.969 332.565
Accel: 2.781 0.719 0.892
Gyro: -297.912 -499.969 345.672
Accel: 3.209 0.055 1.883
Gyro: -251.113 -499.969 294.631
Accel: 3.688 0.395 2.820
Gyro: -233.062 -499.969 215.972
Accel: 3.693 0.537 3.521
Gyro: -250.076 -481.552 157.379
Accel: 3.252 0.525 3.805
Gyro: -283.386 -388.793 120.071
Accel: 3.291 0.403 4.595
Gyro: -307.037 -283.874 100.021
Accel: 2.859 0.365 5.033
Gyro: -310.852 -174.652 84.411
Accel: 2.609 0.510 5.102
Gyro: -303.634 -61.004 66.650
Accel: 2.176 0.580 5.281
Gyro: -273.239 39.077 49.209
Accel: 1.773 0.573 5.103
Gyro: -227.249 109.939 33.172
Accel: 1.427 0.562 4.892
Gyro: -156.799 151.412 15.747
Accel: 1.170 0.580 4.648
Gyro: -65.750 162.307 4.379
Accel: 1.018 0.616 4.139
Gyro: 35.812 166.015 -5.752
Accel: 0.816 0.556 3.657
Gyro: 132.308 153.350 -23.880
Accel: 0.731 0.514 3.175
Gyro: 200.500 130.569 -43.029
Accel: 0.554 0.477 2.637
Gyro: 249.114 100.723 -57.800
Accel: 0.411 0.444 2.168
Gyro: 277.206 69.091 -67.474
Accel: 0.305 0.440 1.827
Gyro: 287.628 42.251 -70.159
Accel: 0.222 0.423 1.591
Gyro: 288.925 23.834 -69.030
Accel: 0.186 0.388 1.420
Gyro: 285.430 15.106 -67.031
Accel: 0.183 0.351 1.291
Gyro: 274.230 12.527 -66.131
Accel: 0.210 0.333 1.152
Gyro: 265.441 18.432 -66.177
Accel: 0.256 0.295 1.055
Gyro: 253.417 24.765 -71.243
Accel: 0.202 0.239 0.955
Gyro: 242.202 27.603 -82.504
Accel: 0.117 0.142 0.857
Gyro: 246.109 28.823 -91.674
Accel: 0.073 0.029 0.747
Gyro: 254.058 27.221 -96.023
Accel: 0.015 0.091 0.639
Gyro: 269.744 14.190 -99.761
Accel: 0.096 0.221 0.477
Gyro: 292.037 -4.913 -103.744
Accel: 0.252 0.321 0.305
Gyro: 318.893 -37.719 -100.418
Accel: 0.397 0.370 0.070
Gyro: 343.719 -79.666 -88.958
Accel: 0.464 0.469 0.017
Gyro: 359.924 -129.837 -79.086
Accel: 0.564 0.421 0.187
Gyro: 375.228 -174.987 -71.395
Accel: 0.661 0.342 0.189
Gyro: 385.253 -221.939 -63.598
Accel: 0.777 0.300 0.203
Gyro: 392.608 -268.035 -59.631
Accel: 0.886 0.275 0.191
Gyro: 401.763 -306.655 -51.956
Accel: 0.963 0.258 0.164
Gyro: 420.043 -343.276 -38.833
Accel: -1.029 0.247 0.137
Gyro: 452.178 -384.689 -22.415
Accel: -1.080 0.212 0.154
Gyro: 489.578 -424.667 -10.742
Accel: -1.126 0.108 0.166
Gyro: 499.984 -458.053 1.373
Accel: -1.178 0.030 0.180
Gyro: 499.984 -474.929 14.770
Accel: -1.104 0.037 0.132
Gyro: 499.984 -477.951 28.091
Accel: -1.059 0.113 0.105
Gyro: 499.984 -465.682 40.756
Accel: 0.988 0.223 0.090
Gyro: 499.984 -435.562 52.612
Accel: 0.932 0.372 0.057
Gyro: 499.984 -398.086 61.492
Accel: 0.915 0.498 0.017
Gyro: 484.619 -354.721 62.194
Accel: 0.849 0.558 0.085
Gyro: 439.514 -298.965 52.551
Accel: 0.749 0.558 0.208
Gyro: 386.352 -224.288 31.829
Accel: 0.593 0.529 0.331
Gyro: 324.218 -116.058 16.525
Accel: 0.426 0.510 0.405
Gyro: 262.741 8.926 12.084
Accel: 0.268 0.512 0.427
Gyro: 200.057 138.717 9.017
Accel: 0.071 0.480 0.395
Gyro: 139.984 253.570 5.065
Accel: 0.054 0.350 0.413
Gyro: 85.632 363.311 0.503
Accel: 0.153 0.236 0.407
Gyro: 41.778 451.660 0.228
Accel: 0.219 0.165 0.404
Gyro: 20.584 499.984 10.971
Accel: 0.325 0.084 0.428
Gyro: 24.688 499.984 19.836
Accel: 0.517 0.050 0.397
Gyro: 52.169 499.984 29.418
Accel: 0.680 0.194 0.189
Gyro: 98.968 499.984 32.531
Accel: 0.845 0.268 0.015
Gyro: 158.966 499.984 36.483
Accel: 1.114 0.395 0.145
Gyro: 218.872 462.753 39.062
Accel: 1.422 0.556 0.362
Gyro: 290.969 396.408 37.704
Accel: 1.558 0.486 0.874
Gyro: 358.062 324.600 42.633
Accel: 1.618 0.385 -1.529
Gyro: 420.486 237.274 60.394
Accel: 1.680 0.253 -1.871
Gyro: 451.629 120.559 90.652
Accel: 1.654 0.176 -2.322
Gyro: 454.666 0.259 124.435
Accel: 1.757 0.052 -2.587
Gyro: 437.149 -83.480 159.286
Accel: 1.763 0.039 -3.044
Gyro: 379.287 -115.097 172.027
Accel: 1.851 0.149 -3.198
Gyro: 283.798 -122.573 163.619
Accel: 1.982 0.272 -3.274
Gyro: 166.152 -120.056 128.829
Accel: 2.109 0.358 -3.241
Gyro: 46.051 -102.600 70.175
Accel: 2.119 0.392 -3.091
Gyro: -50.765 -89.721 -5.859
Accel: 2.063 0.339 -2.910
Gyro: -135.040 -77.636 -88.470
Accel: 2.053 0.219 -2.675
Gyro: -193.359 -72.540 -161.590
Accel: 1.897 0.050 -2.418
Gyro: -231.414 -76.828 -212.997
Accel: 1.740 0.134 -2.158
Gyro: -252.075 -82.611 -234.481
Accel: 1.560 0.252 -1.893
Gyro: -252.731 -95.321 -231.353
Accel: 1.368 0.286 -1.702
Gyro: -232.559 -131.072 -218.505
Accel: 1.225 0.189 -1.638
Gyro: -206.542 -179.885 -192.611
Accel: 1.148 0.125 -1.559
Gyro: -169.631 -234.985 -167.694
Accel: 1.104 0.105 -1.511
Gyro: -150.207 -287.124 -151.412
Accel: 1.107 0.020 -1.440
Gyro: -144.958 -338.867 -145.858
Accel: 1.087 0.004 -1.311
Gyro: -155.441 -382.263 -152.328
Accel: 1.038 0.028 -1.118
Gyro: -179.977 -408.126 -163.848
Accel: 1.040 0.033 0.883
Gyro: -215.240 -410.705 -176.040
Accel: 1.039 0.142 0.648
Gyro: -257.507 -395.339 -192.535
Accel: 0.965 0.264 0.439
Gyro: -307.464 -365.722 -214.752
Accel: 0.856 0.399 0.288
Gyro: -365.951 -316.665 -232.742
Accel: 0.776 0.612 0.173
Gyro: -426.330 -255.783 -245.529
Accel: 0.641 0.703 0.065
Gyro: -490.493 -194.274 -259.979
Accel: 0.440 0.852 0.022
Gyro: -499.969 -131.149 -272.293
Accel: 0.342 -1.090 0.023
Gyro: -499.969 -74.523 -283.767
Accel: 0.0001 -1.268 0.096
Gyro: -499.969 -42.541 -291.915
Accel: 0.292 -1.345 0.051
Gyro: -499.969 -29.159 -288.162
Accel: 0.519 -1.512 0.072
Gyro: -499.969 -19.393 -270.950
Accel: 0.753 -1.582 0.264
Gyro: -499.969 -2.807 -243.026
Accel: 0.922 -1.647 0.358
Gyro: -499.969 16.571 -205.230
Accel: -1.069 -1.694 0.408
Gyro: -499.969 35.202 -165.847
Accel: -1.212 -1.695 0.412
Gyro: -499.969 38.116 -134.460
Accel: -1.441 -1.695 0.313
Gyro: -485.229 20.355 -114.715
Accel: -1.679 -1.734 0.335
Gyro: -452.026 -2.243 -85.510
Accel: -1.774 -1.871 0.382
Gyro: -426.132 -31.173 -42.480
Accel: -1.879 -1.919 0.421
Gyro: -412.475 -46.875 11.993
Accel: -1.971 -1.897 0.481
Gyro: -404.663 -56.198 82.489
Accel: -2.014 -1.930 0.495
Gyro: -405.609 -59.371 159.744
Accel: -1.957 -1.993 0.535
Gyro: -414.581 -57.983 236.114
Accel: -1.887 -2.022 0.580
Gyro: -430.023 -56.182 313.308
Accel: -1.750 -2.081 0.648
Gyro: -446.975 -55.664 391.250
Accel: -1.488 -2.159 0.808
Gyro: -464.752 -57.601 467.758
Accel: -1.094 -2.234 0.875
Gyro: -476.425 -59.783 499.984
Accel: 0.577 -2.292 0.968
Gyro: -484.237 -62.301 499.984
Accel: 0.052 -2.315 1.081
Gyro: -495.468 -63.507 499.984
Accel: 0.896 -2.345 1.426
Gyro: -499.969 -68.435 499.984
Accel: 1.596 -2.249 1.688
Gyro: -499.969 -77.133 499.984
Accel: 2.143 -1.984 1.829
Gyro: -499.969 -84.854 499.984
Accel: 2.144 -1.720 2.305
Gyro: -499.969 -78.857 499.984
Accel: 1.785 -1.246 2.885
Gyro: -499.969 -41.015 499.984
Accel: 1.460 0.581 3.348
Gyro: -478.561 0.320 382.507
Accel: 1.278 0.143 3.581
Gyro: -397.872 45.181 281.158
Accel: 1.106 0.094 3.504
Gyro: -310.089 75.119 227.157
Accel: 0.848 0.074 3.239
Gyro: -223.480 81.481 193.405
Accel: 0.736 0.065 2.962
Gyro: -155.120 60.043 180.221
Accel: 0.759 0.059 2.762
Gyro: -97.564 27.679 178.070
Accel: 0.829 0.0000 2.674
Gyro: -52.474 -2.075 178.466
Accel: 0.883 0.111 2.630
Gyro: -6.683 -19.500 175.399
Accel: 0.938 0.251 2.576
Gyro: 38.909 -22.079 166.076
Accel: 1.007 0.403 2.465
Gyro: 82.916 -13.671 142.791
Accel: 1.003 0.579 2.300
Gyro: 117.782 2.685 116.790
Accel: 0.978 0.674 2.006
Gyro: 137.695 13.046 74.172
Accel: 0.946 0.724 1.836
Gyro: 146.026 22.048 38.513
Accel: 0.906 0.723 1.568
Gyro: 142.684 24.215 4.272
Accel: 0.841 0.691 1.484
Gyro: 134.124 19.851 -23.071
Accel: 0.826 0.645 1.389
Gyro: 124.923 10.971 -45.166
Accel: 0.780 0.606 1.347
Gyro: 116.958 -3.143 -66.635
Accel: 0.706 0.562 1.334
Gyro: 115.219 -20.111 -89.843
Accel: 0.646 0.510 1.328
Gyro: 121.704 -38.177 -109.191
Accel: 0.639 0.437 1.323
Gyro: 132.888 -50.796 -128.295
Accel: 0.619 0.384 1.328
Gyro: 144.805 -70.602 -150.451
Accel: 0.583 0.331 1.338
Gyro: 160.736 -94.360 -171.997
Accel: 0.675 0.264 1.398
Gyro: 183.776 -126.708 -203.094
Accel: 0.625 0.187 1.476
Gyro: 222.702 -170.394 -247.940
Accel: 0.578 0.213 1.546
Gyro: 269.866 -225.082 -300.888
Accel: 0.491 0.137 1.588
Gyro: 334.487 -286.331 -343.582
Accel: 0.481 0.020 1.614
Gyro: 408.554 -350.952 -368.774
Accel: 0.589 0.047 1.662
Gyro: 485.397 -428.497 -393.524
Accel: 0.554 0.057 1.629
Gyro: 499.984 -498.229 -421.493
Accel: 0.447 0.0010 1.600
Gyro: 499.984 -499.969 -445.983
Accel: 0.439 0.046 1.515
Gyro: 499.984 -499.969 -467.300
Accel: 0.471 0.068 1.401
Gyro: 499.984 -499.969 -481.414
Accel: 0.437 0.149 1.269
Gyro: 499.984 -499.969 -487.792
Accel: 0.345 0.219 1.134
Gyro: 499.984 -499.969 -487.655
Accel: 0.219 0.263 0.992
Gyro: 499.984 -499.969 -481.857
Accel: 0.121 0.276 0.906
Gyro: 499.984 -499.969 -468.063
Accel: 0.0001 0.285 0.889
Gyro: 499.984 -499.969 -449.218
Accel: 0.183 0.295 0.907
Gyro: 499.984 -499.969 -418.914
Accel: 0.366 0.296 0.933
Gyro: 499.984 -499.969 -382.583
Accel: 0.398 0.269 1.038
Gyro: 499.984 -446.212 -335.510
Accel: 0.506 0.283 1.028
Gyro: 458.892 -355.636 -286.758
Accel: 0.589 0.302 0.940
Gyro: 416.381 -258.331 -233.581
Accel: 0.598 0.309 0.921
Gyro: 377.075 -188.018 -185.699
Accel: 0.690 0.330 0.763
Gyro: 328.933 -123.504 -141.967
Accel: 0.815 0.294 0.577
Gyro: 290.817 -68.725 -104.827
Accel: 0.922 0.294 0.475
Gyro: 253.707 -29.861 -68.649
Accel: 0.983 0.287 0.365
Gyro: 224.090 0.503 -38.833
Accel: 0.991 0.263 0.265
Gyro: 196.792 25.390 -8.285
Accel: 0.943 0.251 0.173
Gyro: 168.701 40.466 9.674
Accel: 0.887 0.264 0.072
Gyro: 141.693 61.584 27.069
Accel: 0.852 0.286 0.003
Gyro: 120.727 73.501 41.976
Accel: 0.790 0.292 0.023
Gyro: 90.438 77.117 54.855
Accel: 0.738 0.309 0.043
Gyro: 67.260 86.471 65.063
Accel: 0.720 0.358 0.020
Gyro: 31.219 108.200 75.164
Accel: 0.695 0.450 0.075
Gyro: -15.136 148.788 88.027
Accel: 0.687 0.561 0.171
Gyro: -80.123 213.348 112.426
Accel: 0.668 0.674 0.281
Gyro: -174.392 300.491 136.947
Accel: 0.590 0.780 0.482
Gyro: -303.939 398.178 180.557
Accel: 0.433 0.857 0.547
Gyro: -460.617 495.620 226.135
Accel: 0.200 0.852 0.616
Gyro: -499.969 499.984 276.733
Accel: 0.053 0.764 0.614
Gyro: -499.969 499.984 318.389
Accel: 0.188 0.676 0.513
Gyro: -499.969 499.984 345.993
Accel: 0.241 0.600 0.237
Gyro: -499.969 499.984 350.982
Accel: 0.234 0.560 0.045
Gyro: -499.969 499.984 324.569
Accel: 0.177 0.613 0.336
Gyro: -499.969 499.984 276.428
Accel: 0.038 0.622 0.555
Gyro: -499.969 499.984 226.303
Accel: 0.047 0.499 0.735
Gyro: -499.969 499.984 191.955
Accel: 0.191 0.255 1.039
Gyro: -499.969 499.984 174.255
Accel: 0.291 0.175 1.328
Gyro: -499.969 499.984 153.091
Accel: 0.247 0.124 1.421
Gyro: -499.969 499.984 128.677
Accel: 0.207 0.125 1.503
Gyro: -484.146 454.757 100.830
Accel: 0.195 0.165 1.420
Gyro: -355.453 368.881 71.044
Accel: 0.229 0.239 1.309
Gyro: -241.561 282.287 42.114
Accel: 0.208 0.235 1.173
Gyro: -156.250 197.509 18.798
Accel: 0.205 0.257 1.089
Gyro: -85.845 114.089 0.823
Accel: 0.292 0.308 1.090
Gyro: -20.996 29.541 -18.585
Accel: 0.322 0.343 1.114
Gyro: 39.611 -48.629 -23.941
Accel: 0.298 0.377 1.114
Gyro: 99.044 -112.045 -28.427
Accel: 0.261 0.437 1.094
Gyro: 149.520 -152.801 -30.364
Accel: 0.246 0.520 1.056
Gyro: 186.645 -184.753 -32.257
Accel: 0.236 0.603 1.016
Gyro: 205.337 -202.316 -34.439
Accel: 0.197 0.642 0.987
Gyro: 213.912 -207.962 -37.933
Accel: 0.149 0.663 0.955
Gyro: 210.342 -203.186 -42.175
Accel: 0.113 0.677 0.909
Gyro: 195.877 -188.629 -45.623
Accel: 0.080 0.720 0.809
Gyro: 171.737 -172.988 -45.516
Accel: 0.014 0.728 0.895
Gyro: 137.527 -146.911 -42.404
Accel: 0.005 0.715 0.879
Gyro: 98.754 -118.453 -37.872
Accel: 0.029 0.719 0.963
Gyro: 56.427 -90.087 -33.981
Accel: 0.082 0.697 0.851
Gyro: 19.805 -54.351 -29.815
Accel: 0.072 0.663 0.954
Gyro: -19.378 -15.533 -24.459
Accel: 0.079 0.594 0.912
Gyro: -51.635 22.277 -17.471
Accel: 0.079 0.513 0.922
Gyro: -77.789 55.740 -4.028
Accel: 0.107 0.470 0.923
Gyro: -98.907 79.025 6.973
Accel: 0.121 0.406 0.924
Gyro: -116.622 104.537 12.268
Accel: 0.123 0.352 0.931
Gyro: -118.896 126.800 18.951
Accel: 0.135 0.302 0.895
Gyro: -115.570 145.919 23.452
Accel: 0.154 0.276 0.840
Gyro: -107.940 164.337 28.274
Accel: 0.189 0.280 0.774
Gyro: -100.753 172.592 37.658
Accel: 0.220 0.289 0.713
Gyro: -94.421 171.676 52.276
Accel: 0.224 0.283 0.701
Gyro: -89.157 163.711 67.810
Accel: 0.186 0.260 0.741
Gyro: -80.139 156.997 89.035
Accel: 0.146 0.239 0.776
Gyro: -58.746 162.216 104.827
Accel: 0.106 0.233 0.742
Gyro: -27.664 177.581 116.073
Accel: 0.025 0.247 0.616
Gyro: 1.968 193.466 130.493
Accel: 0.064 0.283 0.458
Gyro: 25.924 205.154 140.792
Accel: 0.186 0.416 0.249
Gyro: 30.670 202.316 147.354
Accel: 0.053 0.632 0.042
Gyro: 17.440 176.620 140.670
Accel: 0.198 0.910 0.080
Gyro: -27.770 110.534 104.339
Accel: 0.345 1.044 0.185
Gyro: -92.773 14.602 45.867
Accel: 0.215 0.948 0.069
Gyro: -143.692 -71.212 -15.075
Accel: 0.159 0.855 0.113
Gyro: -173.843 -142.456 -50.201
Accel: 0.143 0.747 0.261
Gyro: -185.470 -198.684 -72.952
Accel: 0.054 0.507 0.473
Gyro: -185.791 -238.204 -91.613
Accel: 0.118 0.373 0.661
Gyro: -178.253 -265.640 -101.547
Accel: 0.169 0.135 0.854
Gyro: -167.358 -286.239 -104.370
