Accel: 0.095 0.754 0.581
Gyro: -8.956 41.687 -3.585
Accel: 0.102 0.751 0.580
Gyro: -12.603 46.264 -1.815
Accel: 0.107 0.744 0.579
Gyro: -16.662 54.336 0.823
Accel: 0.114 0.737 0.577
Gyro: -20.645 58.334 3.341
Accel: 0.114 0.732 0.573
Gyro: -23.788 62.286 5.798
Accel: 0.122 0.740 0.573
Gyro: -26.824 61.828 7.705
Accel: 0.187 0.743 0.568
Gyro: -29.174 64.193 9.140
Accel: 0.119 0.747 0.567
Gyro: -31.494 65.277 10.574
Accel: 0.118 0.745 0.568
Gyro: -33.645 65.551 11.795
Accel: 0.122 0.752 0.579
Gyro: -34.759 65.979 12.985
Accel: 0.137 0.756 0.583
Gyro: -34.805 67.138 14.877
Accel: 0.135 0.753 0.588
Gyro: -34.545 68.313 17.181
Accel: 0.135 0.757 0.592
Gyro: -34.515 69.976 19.653
Accel: 0.131 0.766 0.594
Gyro: -34.744 71.533 21.987
Accel: 0.126 0.777 0.592
Gyro: -35.339 71.929 23.498
Accel: 0.124 0.787 0.594
Gyro: -35.446 70.983 24.093
Accel: 0.129 0.797 0.595
Gyro: -34.301 68.710 24.002
Accel: 0.133 0.806 0.594
Gyro: -32.424 65.048 23.513
Accel: 0.135 0.807 0.598
Gyro: -30.166 60.455 22.796
Accel: 0.136 0.813 0.604
Gyro: -27.343 55.282 21.469
Accel: 0.136 0.818 0.613
Gyro: -23.956 49.636 19.775
Accel: 0.130 0.825 0.618
Gyro: -20.568 44.479 17.623
Accel: 0.130 0.832 0.630
Gyro: -16.052 40.161 15.548
Accel: 0.139 0.830 0.633
Gyro: -10.284 35.705 13.565
Accel: 0.140 0.831 0.639
Gyro: -4.074 31.112 7.919
Accel: 0.144 0.832 0.641
Gyro: 2.075 27.374 9.750
Accel: 0.152 0.831 0.638
Gyro: 7.781 24.902 8.132
Accel: 0.161 0.831 0.626
Gyro: 11.764 22.216 7.354
Accel: 0.162 0.832 0.619
Gyro: 14.236 19.256 6.912
Accel: 0.173 0.838 0.614
Gyro: 15.670 16.342 6.164
Accel: 0.175 0.842 0.614
Gyro: 16.540 14.328 5.310
Accel: 0.175 0.840 0.612
Gyro: 16.860 13.366 4.379
Accel: 0.177 0.839 0.614
Gyro: 16.906 12.741 3.601
Accel: 0.179 0.835 0.618
Gyro: 16.860 13.504 2.685
Accel: 0.185 0.829 0.618
Gyro: 16.906 19.485 1.907
Accel: 0.193 0.823 0.608
Gyro: 16.311 18.341 1.663
Accel: 0.190 0.820 0.605
Gyro: 14.389 19.897 1.800
Accel: 0.198 0.822 0.607
Gyro: 12.0100 21.362 1.373
Accel: 0.204 0.822 0.613
Gyro: 10.940 23.147 0.946
Accel: 0.210 0.813 0.609
Gyro: 11.0001 25.558 0.534
Accel: 0.220 0.803 0.598
Gyro: 11.535 27.877 0.305
Accel: 0.237 0.789 0.581
Gyro: 11.703 29.449 0.854
Accel: 0.241 0.780 0.573
Gyro: 10.665 29.006 2.288
Accel: 0.216 0.776 0.595
Gyro: 8.941 27.084 2.868
Accel: 0.210 0.785 0.624
Gyro: 9.643 27.145 1.602
Accel: 0.214 0.796 0.638
Gyro: 12.603 29.174 0.396
Accel: 0.216 0.790 0.631
Gyro: 15.731 31.784 -2.120
Accel: 0.225 0.785 0.611
Gyro: 17.547 33.966 -2.960
Accel: 0.236 0.784 0.591
Gyro: 17.578 34.683 -2.838
Accel: 0.255 0.789 0.572
Gyro: 16.052 34.454 -2.304
Accel: 0.269 0.787 0.560
Gyro: 13.931 34.790 -1.571
Accel: 0.278 0.784 0.545
Gyro: 11.566 35.263 0.198
Accel: 0.294 0.776 0.525
Gyro: 9.582 35.705 1.770
Accel: 0.294 0.767 0.520
Gyro: 7.446 35.018 4.180
Accel: 0.270 0.766 0.531
Gyro: 5.920 32.196 5.447
Accel: 0.270 0.783 0.546
Gyro: 6.729 30.120 4.409
Accel: 0.269 0.785 0.551
Gyro: 9.155 28.686 2.670
Accel: 0.261 0.779 0.544
Gyro: 11.459 27.206 1.266
Accel: 0.271 0.779 0.529
Gyro: 12.496 26.016 0.671
Accel: 0.275 0.778 0.521
Gyro: 11.566 24.124 0.808
Accel: 0.272 0.778 0.524
Gyro: 10.452 23.361 0.778
Accel: 0.275 0.783 0.527
Gyro: 9.735 24.612 0.762
Accel: 0.277 0.785 0.524
Gyro: 8.682 26.794 1.083
Accel: 0.280 0.785 0.521
Gyro: 6.454 28.839 1.953
Accel: 0.285 0.786 0.516
Gyro: 0.106 30.761 3.021
Accel: 0.289 0.788 0.512
Gyro: 1.037 32.592 4.119
Accel: 0.291 0.789 0.508
Gyro: -1.312 33.996 4.974
Accel: 0.293 0.789 0.502
Gyro: -3.448 34.164 5.630
Accel: 0.291 0.788 0.506
Gyro: -5.355 33.416 5.538
Accel: 0.291 0.791 0.510
Gyro: -6.286 32.699 5.111
Accel: 0.293 0.789 0.510
Gyro: -6.332 32.394 4.699
Accel: 0.296 0.784 0.508
Gyro: -6.561 31.524 4.592
Accel: 0.305 0.784 0.500
Gyro: -7.064 30.975 4.821
Accel: 0.312 0.780 0.492
Gyro: -8.071 30.670 5.355
Accel: 0.319 0.771 0.481
Gyro: -9.597 30.685 6.454
Accel: 0.324 0.762 0.471
Gyro: -12.313 31.356 8.773
Accel: 0.335 0.755 0.460
Gyro: -16.235 33.309 12.557
Accel: 0.344 0.746 0.448
Gyro: -20.812 35.018 17.456
Accel: 0.352 0.743 0.440
Gyro: -25.665 36.270 23.727
Accel: 0.347 0.727 0.440
Gyro: -30.075 35.385 27.801
Accel: 0.303 0.728 0.441
Gyro: -34.484 32.135 30.929
Accel: 0.285 0.759 0.497
Gyro: -31.234 24.597 33.767
Accel: 0.298 0.782 0.518
Gyro: -22.994 15.869 29.617
Accel: 0.264 0.788 0.530
Gyro: -11.489 7.720 22.201
Accel: 0.241 0.793 0.544
Gyro: -1.251 -3.845 15.304
Accel: 0.266 0.740 0.584
Gyro: 6.729 -13.168 7.385
Accel: 0.231 0.823 0.538
Gyro: 12.969 -14.709 7.324
Accel: 0.242 0.772 0.556
Gyro: 23.132 -17.730 9.277
Accel: 0.243 0.780 0.551
Gyro: 21.179 -20.507 10.833
Accel: 0.266 0.785 0.544
Gyro: 18.585 -19.470 12.420
Accel: 0.270 0.805 0.561
Gyro: 14.816 -16.845 15.914
Accel: 0.265 0.803 0.575
Gyro: 12.222 -12.542 19.287
Accel: 0.255 0.811 0.598
Gyro: 9.750 -6.072 21.621
Accel: 0.222 0.802 0.603
Gyro: 8.621 1.022 23.971
Accel: 0.213 0.805 0.616
Gyro: 7.675 6.042 25.024
Accel: 0.212 0.818 0.609
Gyro: 6.576 15.228 25.360
Accel: 0.218 0.831 0.604
Gyro: 5.126 19.515 25.344
Accel: 0.224 0.835 0.592
Gyro: 2.868 19.607 24.963
Accel: 0.225 0.840 0.583
Gyro: 0.030 23.162 24.658
Accel: 0.226 0.843 0.574
Gyro: -3.677 26.092 24.444
Accel: 0.228 0.852 0.573
Gyro: -6.896 28.472 23.971
Accel: 0.229 0.861 0.573
Gyro: -9.109 30.532 22.674
Accel: 0.231 0.868 0.574
Gyro: -10.147 32.241 20.812
Accel: 0.230 0.864 0.566
Gyro: -10.528 33.828 18.875
Accel: 0.227 0.860 0.560
Gyro: -10.681 34.652 17.349
Accel: 0.231 0.858 0.548
Gyro: -10.742 35.675 15.747
Accel: 0.238 0.853 0.539
Gyro: -11.398 36.422 14.755
Accel: 0.238 0.847 0.534
Gyro: -11.474 36.148 14.739
Accel: 0.238 0.845 0.528
Gyro: -10.559 35.797 15.167
Accel: 0.243 0.842 0.523
Gyro: -9.185 35.339 15.823
Accel: 0.247 0.839 0.516
Gyro: -7.431 33.996 16.693
Accel: 0.243 0.837 0.511
Gyro: -5.828 32.119 17.349
Accel: 0.247 0.836 0.509
Gyro: -3.707 30.105 17.883
Accel: 0.250 0.837 0.503
Gyro: -1.464 27.786 18.310
Accel: 0.245 0.841 0.498
Gyro: 0.289 24.688 18.630
Accel: 0.247 0.848 0.499
Gyro: 1.861 20.919 18.493
Accel: 0.244 0.848 0.500
Gyro: 4.028 17.318 18.188
Accel: 0.241 0.848 0.562
Gyro: 6.332 14.816 18.096
Accel: 0.234 0.851 0.501
Gyro: 8.270 12.329 17.913
Accel: 0.230 0.856 0.498
Gyro: 10.421 10.711 17.410
Accel: 0.227 0.859 0.492
Gyro: 12.466 9.094 16.662
Accel: 0.226 0.863 0.484
Gyro: 13.366 7.247 15.914
Accel: 0.219 0.867 0.481
Gyro: 13.076 5.584 14.877
Accel: 0.218 0.875 0.479
Gyro: 12.893 5.020 13.839
Accel: 0.218 0.882 0.479
Gyro: 12.283 5.157 13.046
Accel: 0.215 0.884 0.480
Gyro: 11.108 4.821 12.741
Accel: 0.220 0.894 0.481
Gyro: 10.192 4.196 12.527
Accel: 0.222 0.903 0.481
Gyro: 9.552 3.646 12.664
Accel: 0.220 0.913 0.481
Gyro: 8.941 2.685 12.756
Accel: 0.217 0.925 0.482
Gyro: 8.407 0.915 12.283
Accel: 0.206 0.928 0.484
Gyro: 8.163 -1.571 11.398
Accel: 0.115 0.818 0.508
Gyro: 2.777 -13.793 37.048
Accel: 0.105 0.808 0.504
Gyro: 1.785 -14.755 39.978
Accel: 0.085 0.798 0.504
Gyro: 1.190 -16.525 42.831
Accel: 0.076 0.796 0.512
Gyro: 1.800 -18.920 44.677
Accel: 0.063 0.803 0.520
Gyro: 4.119 -20.965 46.157
Accel: 0.050 0.806 0.526
Gyro: 8.224 -22.750 47.241
Accel: 0.042 0.807 0.525
Gyro: 12.634 -25.344 48.080
Accel: 0.031 0.808 0.521
Gyro: 16.586 -28.015 49.087
Accel: 0.012 0.810 0.520
Gyro: 19.943 -31.265 50.506
Accel: 0.004 0.811 0.519
Gyro: 22.872 -34.149 51.910
Accel: 0.015 0.821 0.512
Gyro: 26.092 -36.392 53.283
Accel: 0.024 0.834 0.500
Gyro: 28.244 -38.543 54.901
Accel: 0.042 0.844 0.489
Gyro: 28.564 -39.794 56.655
Accel: 0.066 0.851 0.481
Gyro: 27.328 -39.916 58.105
Accel: 0.084 0.855 0.475
Gyro: 25.390 -38.543 58.868
Accel: 0.098 0.856 0.470
Gyro: 23.391 -36.422 59.097
Accel: 0.121 0.854 0.466
Gyro: 21.453 -33.660 58.959
Accel: 0.138 0.851 0.463
Gyro: 19.851 -30.151 57.891
Accel: 0.152 0.853 0.458
Gyro: 18.127 -26.184 56.045
Accel: 0.162 0.851 0.447
Gyro: 16.418 -21.545 53.985
Accel: 0.165 0.852 0.427
Gyro: 14.297 -16.738 52.291
Accel: 0.163 0.854 0.400
Gyro: 10.681 -12.435 50.827
Accel: 0.154 0.848 0.378
Gyro: 5.462 -9.414 50.003
Accel: 0.145 0.838 0.357
Gyro: 0.244 -7.003 49.942
Accel: 0.138 0.835 0.344
Gyro: -6.042 -4.547 51.528
Accel: 0.136 0.807 0.346
Gyro: -11.154 -2.838 52.398
Accel: 0.180 0.787 0.359
Gyro: -15.914 -2.670 53.314
Accel: 0.200 0.779 0.375
Gyro: -18.371 -4.409 52.856
Accel: 0.204 0.788 0.390
Gyro: -18.585 -7.629 51.177
Accel: 0.201 0.788 0.393
Gyro: -16.372 -10.818 48.568
Accel: 0.192 0.778 0.395
Gyro: -12.664 -13.961 46.051
Accel: 0.182 0.762 0.387
Gyro: -7.141 -17.395 43.914
Accel: 0.163 0.750 0.370
Gyro: -1.403 -20.767 42.938
Accel: 0.144 0.740 0.352
Gyro: 5.218 -25.924 42.373
Accel: 0.142 0.717 0.344
Gyro: 12.359 -33.889 41.763
Accel: 0.137 0.694 0.322
Gyro: 19.882 -42.831 41.549
Accel: 0.135 0.689 0.299
Gyro: 27.542 -50.628 42.877
Accel: 0.077 0.697 0.263
Gyro: 32.302 -57.678 44.631
Accel: 0.040 0.696 0.241
Gyro: 31.036 -63.171 50.704
Accel: 0.052 0.675 0.211
Gyro: 23.788 -66.986 49.545
Accel: 0.058 0.646 0.205
Gyro: 9.933 -72.311 52.917
Accel: 0.081 0.613 0.184
Gyro: -4.531 -76.416 58.715
Accel: 0.087 0.600 0.238
Gyro: -16.860 -77.011 66.543
Accel: 0.077 0.517 0.291
Gyro: -18.035 -70.510 72.463
Accel: 0.150 0.499 0.310
Gyro: -24.810 -67.031 74.859
Accel: 0.245 0.107 0.228
Gyro: -30.853 -65.353 76.843
Accel: 0.126 0.254 0.337
Gyro: -49.087 -81.069 93.704
Accel: 0.131 0.374 0.381
Gyro: -78.430 -92.544 116.973
Accel: 0.040 0.337 0.275
Gyro: -88.714 -74.951 146.820
Accel: 0.225 0.232 0.599
Gyro: -97.717 -71.640 167.709
Accel: 0.406 0.007 0.712
Gyro: -108.261 -68.740 186.920
Accel: 0.409 0.003 0.825
Gyro: -112.030 -67.520 212.387
Accel: 0.378 0.054 0.963
Gyro: -108.779 -67.398 244.522
Accel: 0.414 0.043 1.112
Gyro: -98.312 -65.155 271.118
Accel: 0.514 0.047 1.285
Gyro: -79.269 -60.684 284.194
Accel: 0.665 0.093 1.469
Gyro: -52.780 -56.808 286.834
Accel: 0.834 0.123 1.684
Gyro: -18.615 -53.436 279.968
Accel: 1.009 0.133 1.751
Gyro: 23.651 -49.377 266.647
Accel: 1.151 0.151 1.751
Gyro: 70.419 -45.181 248.672
Accel: 1.306 0.188 1.836
Gyro: 114.364 -44.357 227.890
Accel: 1.341 0.231 1.826
Gyro: 145.614 -40.893 204.330
Accel: 1.385 0.297 1.801
Gyro: 171.005 -32.730 181.030
Accel: 1.401 0.328 1.740
Gyro: 186.676 -14.205 159.881
Accel: 1.425 0.331 1.672
Gyro: 190.399 13.565 141.128
Accel: 1.453 0.334 1.588
Gyro: 182.159 50.064 132.415
Accel: 1.489 0.329 1.525
Gyro: 165.939 91.476 122.451
Accel: 1.523 0.334 1.436
Gyro: 150.680 135.070 109.680
Accel: 1.539 0.332 1.350
Gyro: 138.061 179.061 105.163
Accel: 1.558 0.306 1.249
Gyro: 132.110 214.843 98.297
Accel: 1.571 0.282 1.129
Gyro: 133.087 248.962 93.460
Accel: 1.568 0.274 0.976
Gyro: 137.161 274.139 88.897
Accel: 1.565 0.277 0.808
Gyro: 141.006 290.893 83.007
Accel: 1.548 0.287 0.618
Gyro: 141.052 299.041 75.469
Accel: 1.546 0.264 0.450
Gyro: 134.811 298.110 63.995
Accel: 1.540 0.211 0.323
Gyro: 124.267 290.817 47.637
Accel: 1.520 0.156 0.213
Gyro: 114.700 279.418 42.205
Accel: 1.490 0.117 0.063
Gyro: 101.867 262.359 38.269
Accel: 1.463 0.081 0.056
Gyro: 99.029 250.503 39.077
Accel: 1.450 0.059 0.018
Gyro: 89.904 234.405 43.121
Accel: 1.431 0.060 0.0100
Gyro: 88.119 217.163 48.629
Accel: 1.424 0.063 0.178
Gyro: 80.459 196.975 53.009
Accel: 1.405 0.082 0.256
Gyro: 71.197 175.537 56.243
Accel: 1.393 0.107 0.324
Gyro: 60.897 153.106 58.853
Accel: 1.427 0.129 0.436
Gyro: 51.391 126.129 59.616
Accel: 1.465 0.177 0.427
Gyro: 44.616 96.435 57.373
Accel: 1.428 0.271 0.489
Gyro: 37.811 64.086 50.140
Accel: 1.423 0.365 0.561
Gyro: 29.632 33.813 36.926
Accel: 1.455 0.478 0.645
Gyro: 18.798 -4.257 19.653
Accel: 1.438 0.602 0.708
Gyro: 4.211 -49.926 0.823
Accel: 1.434 0.663 0.740
Gyro: -7.812 -97.0000 -26.351
Accel: 1.588 0.677 0.705
Gyro: -15.258 -152.786 -47.332
Accel: 1.555 0.737 0.668
Gyro: -23.773 -218.383 -76.461
Accel: 1.612 0.768 0.503
Gyro: -34.927 -266.128 -100.463
Accel: 1.665 0.792 0.437
Gyro: -46.035 -308.959 -117.706
Accel: 1.803 0.792 0.287
Gyro: -54.992 -336.898 -135.238
Accel: 1.848 0.778 0.134
Gyro: -67.901 -356.552 -150.283
Accel: 1.942 0.771 0.005
Gyro: -81.939 -368.179 -165.817
Accel: 2.030 0.747 0.128
Gyro: -101.226 -374.206 -183.517
Accel: 2.127 0.678 0.240
Gyro: -127.059 -372.314 -200.500
Accel: 2.193 0.562 0.367
Gyro: -158.279 -362.701 -219.390
Accel: 2.204 0.408 0.509
Gyro: -191.268 -342.178 -235.717
Accel: 2.162 0.225 0.743
Gyro: -221.450 -313.079 -246.505
Accel: 2.038 0.089 0.845
Gyro: -245.605 -274.871 -251.190
Accel: 1.833 0.033 0.864
Gyro: -252.258 -237.045 -252.273
Accel: 1.649 0.180 1.061
Gyro: -256.027 -204.635 -253.356
Accel: 1.379 0.225 1.227
Gyro: -249.084 -177.413 -254.425
Accel: 1.235 0.307 1.282
Gyro: -230.499 -155.624 -253.555
Accel: 1.041 0.396 1.305
Gyro: -203.155 -140.426 -250.961
Accel: 0.875 0.485 1.310
Gyro: -172.317 -134.033 -242.340
Accel: 0.675 0.568 1.280
Gyro: -141.983 -136.581 -237.182
Accel: 0.481 0.661 1.290
Gyro: -113.388 -151.519 -218.795
Accel: 0.297 0.738 1.302
Gyro: -84.671 -168.304 -201.934
Accel: 0.138 0.781 1.355
Gyro: -53.344 -194.519 -178.070
Accel: 0.018 0.800 1.423
Gyro: -27.130 -211.502 -154.312
Accel: 0.142 0.806 1.528
Gyro: 5.783 -228.302 -130.767
Accel: 0.307 0.802 1.655
Gyro: 34.988 -236.389 -105.590
Accel: 0.314 0.777 1.790
Gyro: 63.476 -231.170 -76.553
Accel: 0.358 0.757 1.898
Gyro: 100.158 -213.745 -44.067
Accel: 0.364 0.718 1.956
Gyro: 131.118 -183.624 -7.522
Accel: 0.277 0.680 1.991
Gyro: 150.741 -142.745 31.448
Accel: 0.204 0.635 1.980
Gyro: 161.727 -90.789 71.685
Accel: 0.093 0.586 1.946
Gyro: 160.263 -41.503 108.032
Accel: 0.070 0.518 1.910
Gyro: 157.592 17.196 148.452
Accel: 0.253 0.381 1.865
Gyro: 142.990 76.080 186.965
Accel: 0.516 0.364 1.834
Gyro: 122.970 143.295 219.909
Accel: 0.856 0.277 1.801
Gyro: 100.570 214.263 244.964
Accel: 1.045 0.191 1.751
Gyro: 80.184 282.699 261.489
Accel: 1.261 0.117 1.676
Gyro: 62.561 340.545 269.546
Accel: 1.489 0.0100 1.610
Gyro: 50.949 380.233 273.971
Accel: 1.666 0.077 1.575
Gyro: 48.446 401.992 275.009
Accel: 1.794 0.049 1.547
Gyro: 53.161 406.326 270.721
Accel: 1.906 0.042 1.521
Gyro: 63.751 408.004 261.932
Accel: 1.987 0.123 1.477
Gyro: 85.006 404.357 253.585
Accel: 2.064 0.079 1.386
Gyro: 106.216 391.983 247.238
Accel: 2.111 0.104 1.277
Gyro: 134.521 360.656 240.325
Accel: 2.135 0.112 1.175
Gyro: 165.802 313.171 231.887
Accel: 2.106 0.076 1.101
Gyro: 202.102 259.475 221.847
Accel: 2.059 0.022 1.047
Gyro: 241.699 207.626 206.542
Accel: 2.045 0.025 0.979
Gyro: 283.767 168.212 185.028
Accel: 2.041 0.080 0.854
Gyro: 322.509 147.628 165.817
Accel: 2.0001 0.133 0.637
Gyro: 350.418 126.327 147.842
Accel: 1.985 0.156 0.527
Gyro: 362.686 119.140 122.695
Accel: 1.936 0.158 0.424
Gyro: 360.061 111.801 97.076
Accel: 1.818 0.141 0.322
Gyro: 354.232 109.542 72.402
Accel: 1.758 0.107 0.253
Gyro: 345.977 108.261 52.047
Accel: 1.729 0.083 0.207
Gyro: 338.684 108.901 37.918
Accel: 1.645 0.051 0.148
Gyro: 332.214 112.686 28.533
Accel: 1.583 0.023 0.083
Gyro: 324.020 116.226 21.148
Accel: 1.468 0.069 0.004
Gyro: 311.126 119.171 20.111
Accel: 1.324 0.185 0.049
Gyro: 291.824 116.241 23.330
Accel: 1.242 0.140 0.066
Gyro: 264.739 109.237 27.313
Accel: 1.156 0.150 0.021
Gyro: 231.506 101.623 30.670
Accel: 1.083 0.151 0.015
Gyro: 207.702 94.863 32.409
Accel: 1.018 0.142 0.087
Gyro: 184.844 90.087 32.302
Accel: 0.934 0.137 0.153
Gyro: 168.273 87.753 31.219
Accel: 0.833 0.143 0.206
Gyro: 157.196 89.569 30.151
Accel: 0.741 0.146 0.235
Gyro: 147.949 94.024 29.708
Accel: 0.656 0.139 0.311
Gyro: 139.083 100.662 30.426
Accel: 0.566 0.128 0.248
Gyro: 126.419 108.215 33.264
Accel: 0.478 0.131 0.254
Gyro: 106.689 115.097 38.955
Accel: 0.312 0.143 0.262
Gyro: 93.856 120.239 47.103
Accel: 0.287 0.158 0.247
Gyro: 78.247 126.373 56.503
Accel: 0.203 0.168 0.233
Gyro: 62.820 133.560 65.124
Accel: 0.148 0.157 0.222
Gyro: 47.317 138.763 78.109
Accel: 0.106 0.145 0.208
Gyro: 32.226 142.196 82.412
Accel: 0.080 0.064 0.192
Gyro: 20.874 145.553 90.423
Accel: 0.062 0.093 0.173
Gyro: 8.255 148.651 100.036
Accel: 0.088 0.072 0.179
Gyro: 5.599 149.826 113.052
Accel: 0.155 0.076 0.190
Gyro: 0.030 149.276 129.287
Accel: 0.199 0.125 0.188
Gyro: -5.920 150.451 145.523
Accel: 0.263 0.160 0.172
Gyro: -13.336 153.991 156.845
Accel: 0.394 0.145 0.162
Gyro: -22.506 156.417 164.474
Accel: 0.552 0.129 0.161
Gyro: -32.318 156.219 169.281
Accel: 0.735 0.125 0.168
Gyro: -40.222 153.671 172.470
Accel: 0.918 0.137 0.189
Gyro: -47.058 144.683 171.813
Accel: 1.068 0.243 0.205
Gyro: -52.871 142.913 164.535
Accel: 1.197 0.261 0.218
Gyro: -60.760 137.802 150.192
Accel: 1.326 0.334 0.228
Gyro: -72.631 132.629 130.050
Accel: 1.451 0.372 0.242
Gyro: -87.799 126.617 105.178
Accel: 1.535 0.388 0.269
Gyro: -103.851 116.195 76.461
Accel: 1.601 0.340 0.321
Gyro: -115.646 97.732 48.294
Accel: 1.687 0.257 0.386
Gyro: -119.171 81.939 27.297
Accel: 1.759 0.182 0.468
Gyro: -113.479 58.425 4.776
Accel: 1.785 0.119 0.546
Gyro: -111.984 33.752 -16.983
Accel: 1.783 0.061 0.617
Gyro: -103.073 11.703 -37.689
Accel: 1.688 0.005 0.676
Gyro: -90.988 -6.240 -56.442
Accel: 1.718 0.062 0.715
Gyro: -78.018 -19.638 -71.502
Accel: 1.677 0.121 0.741
Gyro: -65.460 -27.191 -85.464
Accel: 1.621 0.168 0.750
Gyro: -53.161 -29.663 -89.965
Accel: 1.549 0.208 0.739
Gyro: -41.198 -23.635 -96.267
Accel: 1.474 0.240 0.712
Gyro: -27.679 -21.209 -99.456
Accel: 1.395 0.274 0.670
Gyro: -23.284 -8.422 -99.441
Accel: 1.338 0.372 0.617
Gyro: -19.271 -2.365 -96.878
Accel: 1.266 0.337 0.565
Gyro: -19.363 7.049 -92.391
Accel: 1.203 0.359 0.514
Gyro: -21.865 15.853 -86.105
Accel: 1.173 0.401 0.483
Gyro: -26.535 21.820 -80.535
Accel: 1.130 0.443 0.451
Gyro: -33.279 25.619 -76.644
Accel: 1.053 0.456 0.444
Gyro: -40.161 28.045 -72.921
Accel: 0.974 0.466 0.436
Gyro: -45.761 30.151 -70.144
Accel: 0.886 0.475 0.431
Gyro: -48.141 31.295 -68.557
Accel: 0.805 0.482 0.423
Gyro: -47.821 32.424 -67.443
Accel: 0.742 0.509 0.417
Gyro: -46.112 33.508 -67.138
Accel: 0.721 0.575 0.434
Gyro: -46.203 32.196 -68.161
Accel: 0.699 0.642 0.459
Gyro: -49.438 28.640 -68.832
Accel: 0.635 0.659 0.485
Gyro: -54.779 25.207 -67.428
Accel: 0.537 0.663 0.505
Gyro: -60.592 23.208 -63.980
Accel: 0.460 0.676 0.529
Gyro: -64.605 22.094 -59.539
Accel: 0.413 0.681 0.624
Gyro: -67.916 20.278 -54.412
Accel: 0.445 0.701 0.643
Gyro: -71.365 10.925 -51.284
Accel: 0.485 0.701 0.752
Gyro: -74.722 -7.781 -53.390
Accel: 0.416 0.633 0.860
Gyro: -73.928 -27.206 -59.753
Accel: 0.251 0.528 0.976
Gyro: -68.817 -44.662 -68.664
Accel: 0.164 0.348 1.076
Gyro: -61.981 -60.104 -75.271
Accel: 0.094 0.209 1.182
Gyro: -52.612 -75.592 -82.519
Accel: 0.113 0.150 1.260
Gyro: -43.045 -97.915 -94.924
Accel: 0.182 0.114 1.321
Gyro: -35.842 -128.311 -110.122
Accel: 0.292 0.090 1.378
Gyro: -30.197 -160.049 -125.869
Accel: 0.377 0.069 1.419
Gyro: -19.760 -187.805 -140.533
Accel: 0.478 0.068 1.425
Gyro: -12.435 -209.503 -148.605
Accel: 0.587 0.056 1.394
Gyro: 1.724 -226.181 -149.215
Accel: 0.645 0.007 1.316
Gyro: 15.396 -243.408 -145.797
Accel: 0.675 0.076 1.215
Gyro: 28.549 -260.513 -143.234
Accel: 0.704 0.134 1.095
Gyro: 40.313 -274.673 -141.418
Accel: 0.695 0.178 0.966
Gyro: 46.798 -292.556 -138.671
Accel: 0.675 0.193 0.806
Gyro: 46.020 -299.636 -133.499
Accel: 0.656 0.189 0.671
Gyro: 37.170 -311.050 -125.030
Accel: 0.653 0.166 0.560
Gyro: 17.288 -323.989 -113.464
Accel: 0.662 0.122 0.477
Gyro: 0.106 -337.173 -99.426
Accel: 0.678 0.073 0.428
Gyro: -23.162 -349.014 -82.427
Accel: 0.707 0.013 0.388
Gyro: -45.944 -358.016 -60.546
Accel: 0.744 0.057 0.360
Gyro: -68.145 -364.425 -42.205
Accel: 0.776 0.141 0.340
Gyro: -92.163 -367.523 -13.656
Accel: 0.822 0.237 0.337
Gyro: -119.476 -366.333 13.656
Accel: 0.891 0.323 0.364
Gyro: -144.256 -355.667 39.688
Accel: 0.944 0.397 0.391
Gyro: -161.132 -347.412 70.449
Accel: 0.991 0.449 0.416
Gyro: -176.071 -331.253 99.914
Accel: 1.047 0.480 0.413
Gyro: -188.079 -313.644 126.678
Accel: 1.092 0.498 0.342
Gyro: -195.175 -289.916 148.223
Accel: 1.248 0.443 0.438
Gyro: -199.813 -266.647 164.199
Accel: 1.437 0.436 0.393
Gyro: -213.729 -246.383 177.932
Accel: 1.570 0.365 0.336
Gyro: -232.543 -220.886 186.218
Accel: 1.633 0.250 0.271
Gyro: -254.058 -190.460 190.414
Accel: 1.748 0.205 0.253
Gyro: -287.811 -157.440 187.591
Accel: 1.985 0.207 0.300
Gyro: -319.046 -136.047 180.694
Accel: 2.182 0.186 0.366
Gyro: -340.835 -118.942 172.836
Accel: 2.273 0.140 0.449
Gyro: -355.194 -104.461 162.078
Accel: 2.435 0.026 0.499
Gyro: -357.421 -86.074 145.004
Accel: 2.450 0.108 0.544
Gyro: -353.652 -65.490 118.957
Accel: 2.586 0.212 0.576
Gyro: -348.876 -46.005 86.318
Accel: 2.689 0.298 0.587
Gyro: -346.954 -27.679 53.131
Accel: 2.762 0.333 0.597
Gyro: -349.105 -15.960 20.172
Accel: 2.763 0.341 0.622
Gyro: -351.821 -9.735 -7.843
Accel: 2.751 0.320 0.661
Gyro: -352.279 -2.471 -37.612
Accel: 2.703 0.333 0.681
Gyro: -348.541 5.111 -64.666
Accel: 2.600 0.432 0.679
Gyro: -343.170 17.364 -90.408
Accel: 2.473 0.422 0.674
Gyro: -341.567 30.441 -114.395
Accel: 2.349 0.441 0.677
Gyro: -342.971 48.065 -136.566
Accel: 2.259 0.470 0.718
Gyro: -346.252 68.420 -148.895
Accel: 2.228 0.505 0.824
Gyro: -349.319 83.541 -166.0000
Accel: 2.195 0.556 0.982
Gyro: -344.055 104.034 -190.856
Accel: 2.180 0.576 1.161
Gyro: -325.119 118.164 -217.086
Accel: 2.130 0.597 1.324
Gyro: -299.652 133.560 -243.804
Accel: 2.026 0.613 1.438
Gyro: -266.342 147.872 -274.719
Accel: 1.816 0.599 1.468
Gyro: -229.461 163.391 -302.383
Accel: 1.679 0.577 1.424
Gyro: -199.035 175.308 -323.257
Accel: 1.378 0.473 1.375
Gyro: -167.633 175.292 -336.990
Accel: 1.202 0.290 1.362
Gyro: -133.865 162.338 -343.032
Accel: 0.978 0.094 1.402
Gyro: -94.909 140.335 -342.254
Accel: 0.777 0.102 1.458
Gyro: -55.099 114.898 -335.601
Accel: 0.589 0.244 1.559
Gyro: -16.098 97.274 -320.175
Accel: 0.434 0.336 1.512
Gyro: 21.926 80.886 -298.645
Accel: 0.269 0.396 1.473
Gyro: 59.753 69.107 -274.551
Accel: 0.158 0.433 1.403
Gyro: 97.0000 58.135 -249.969
Accel: 0.0001 0.409 1.299
Gyro: 127.090 46.493 -224.731
Accel: 0.012 0.379 1.198
Gyro: 160.629 39.627 -201.568
Accel: 0.060 0.327 1.084
Gyro: 187.637 36.590 -182.983
Accel: 0.077 0.259 0.958
Gyro: 201.446 33.599 -169.387
Accel: 0.054 0.214 0.860
Gyro: 201.751 31.143 -158.218
Accel: 0.024 0.162 0.767
Gyro: 190.811 32.272 -149.932
Accel: 0.016 0.0100 0.684
Gyro: 175.064 37.490 -143.142
Accel: 0.0010 0.032 0.634
Gyro: 155.090 44.570 -138.565
Accel: 0.016 0.045 0.607
Gyro: 135.253 52.505 -136.688
Accel: 0.0010 0.114 0.598
Gyro: 118.240 62.118 -138.031
Accel: 0.0001 0.180 0.584
Gyro: 103.302 75.149 -141.754
Accel: 0.0001 0.226 0.570
Gyro: 88.134 91.690 -146.545
Accel: 0.0000 0.245 0.522
Gyro: 70.938 111.221 -155.899
Accel: 0.019 0.258 0.478
Gyro: 53.176 130.172 -155.181
Accel: 0.058 0.278 0.435
Gyro: 33.004 154.525 -155.731
Accel: 0.098 0.293 0.401
Gyro: 19.515 175.125 -155.136
Accel: 0.121 0.286 0.370
Gyro: 5.279 192.077 -153.167
Accel: 0.129 0.273 0.348
Gyro: -5.752 213.363 -148.361
Accel: 0.128 0.266 0.323
Gyro: -14.617 235.336 -140.228
Accel: 0.138 0.263 0.299
Gyro: -22.384 256.805 -131.240
Accel: 0.141 0.256 0.281
Gyro: -27.603 276.062 -119.979
Accel: 0.127 0.264 0.257
Gyro: -30.044 296.432 -107.650
Accel: 0.135 0.287 0.227
Gyro: -31.265 309.951 -95.977
Accel: 0.153 0.298 0.193
Gyro: -32.806 325.210 -85.296
Accel: 0.156 0.289 0.153
Gyro: -34.393 338.607 -74.768
Accel: 0.159 0.282 0.105
Gyro: -36.895 350.021 -63.369
Accel: 0.172 0.286 0.053
Gyro: -43.228 358.627 -49.423
Accel: 0.125 0.301 0.011
Gyro: -54.840 364.105 -32.821
Accel: 0.181 0.306 0.018
Gyro: -70.068 364.852 -13.214
Accel: 0.176 0.309 0.030
Gyro: -85.479 362.503 3.524
Accel: 0.180 0.311 0.038
Gyro: -98.922 358.016 18.402
Accel: 0.188 0.312 0.039
Gyro: -112.823 352.630 27.984
Accel: 0.199 0.309 0.039
Gyro: -118.225 345.733 39.688
Accel: 0.206 0.296 0.038
Gyro: -125.259 337.158 49.560
Accel: 0.214 0.279 0.032
Gyro: -129.852 327.255 56.915
Accel: 0.211 0.242 0.028
Gyro: -129.913 316.513 61.691
Accel: 0.205 0.208 0.028
Gyro: -126.510 306.274 64.544
Accel: 0.212 0.176 0.027
Gyro: -120.742 295.272 67.733
Accel: 0.207 0.122 0.031
Gyro: -112.121 284.729 71.014
Accel: 0.206 0.075 0.030
Gyro: -98.266 271.713 75.469
Accel: 0.200 0.045 0.030
Gyro: -89.309 257.568 81.924
Accel: 0.180 0.012 0.032
Gyro: -71.258 242.431 90.789
Accel: 0.155 0.011 0.042
Gyro: -56.137 226.776 103.683
Accel: 0.096 0.068 0.056
Gyro: -46.356 208.633 115.386
Accel: 0.047 0.089 0.081
Gyro: -36.117 186.996 128.341
Accel: 0.011 0.092 0.117
Gyro: -30.578 162.582 141.326
Accel: 0.020 0.095 0.162
Gyro: -32.211 134.841 156.372
Accel: 0.060 0.099 0.198
Gyro: -42.465 104.446 172.439
Accel: 0.144 0.095 0.191
Gyro: -59.890 65.933 191.406
Accel: 0.258 0.112 0.158
Gyro: -89.385 21.881 212.524
Accel: 0.375 0.064 0.103
Gyro: -114.013 -17.501 233.917
Accel: 0.471 0.115 0.035
Gyro: -142.395 -52.566 252.166
Accel: 0.523 0.077 0.056
Gyro: -167.861 -76.202 264.160
Accel: 0.574 0.017 0.176
Gyro: -191.070 -92.437 270.462
Accel: 0.672 0.014 0.332
Gyro: -209.442 -104.110 274.185
Accel: 0.870 0.002 0.514
Gyro: -218.566 -110.275 277.496
Accel: 1.250 0.0000 0.755
Gyro: -219.345 -114.883 281.951
Accel: 1.538 0.093 1.046
Gyro: -212.936 -111.038 280.059
Accel: 1.588 0.407 1.143
Gyro: -195.388 -83.404 260.208
Accel: 1.592 0.632 1.254
Gyro: -179.946 -49.758 223.602
Accel: 1.799 0.733 1.374
Gyro: -173.675 -13.687 187.728
Accel: 1.873 0.766 1.332
Gyro: -172.470 21.316 162.979
Accel: 1.910 0.785 1.305
Gyro: -175.323 48.171 148.391
Accel: 2.021 0.845 1.291
Gyro: -179.412 64.529 136.184
Accel: 2.119 0.918 1.312
Gyro: -179.275 74.310 116.500
Accel: 2.184 1.002 1.316
Gyro: -173.568 82.122 84.259
Accel: 2.188 1.064 1.293
Gyro: -164.459 85.174 47.515
Accel: 2.118 1.110 1.274
Gyro: -163.955 79.757 8.270
Accel: 2.046 1.008 1.273
Gyro: -154.998 66.131 -33.004
Accel: 1.979 0.965 1.293
Gyro: -133.728 45.669 -66.299
Accel: 1.917 0.854 1.304
Gyro: -114.379 23.147 -89.294
Accel: 1.919 0.765 1.307
Gyro: -88.638 2.822 -104.751
Accel: 1.917 0.726 1.291
Gyro: -64.636 -16.281 -117.507
Accel: 1.884 0.718 1.271
Gyro: -42.205 -32.989 -134.017
Accel: 1.839 0.704 1.225
Gyro: -21.820 -50.354 -153.457
Accel: 1.768 0.674 1.138
Gyro: -9.353 -65.536 -176.681
Accel: 1.678 0.642 1.052
Gyro: -3.677 -75.271 -200.561
Accel: 1.621 0.583 0.962
Gyro: -6.973 -84.259 -222.778
Accel: 1.522 0.446 0.905
Gyro: -19.210 -90.332 -242.202
Accel: 1.407 0.409 0.846
Gyro: -24.169 -95.138 -257.415
Accel: 1.255 0.300 0.795
Gyro: -30.532 -101.272 -268.554
Accel: 1.242 0.197 0.765
Gyro: -32.562 -108.978 -274.398
Accel: 1.211 0.110 0.722
Gyro: -30.807 -120.178 -276.168
Accel: 1.172 0.055 0.669
Gyro: -26.580 -131.988 -276.580
Accel: 1.132 0.011 0.581
Gyro: -20.538 -147.262 -278.884
Accel: 1.092 0.042 0.437
Gyro: -13.275 -171.463 -284.179
Accel: 0.947 0.111 0.460
Gyro: -5.416 -207.260 -290.908
Accel: 0.897 0.220 0.456
Gyro: 9.277 -260.559 -295.608
Accel: 0.769 0.347 0.484
Gyro: 36.727 -321.929 -293.029
Accel: 0.658 0.459 0.524
Gyro: 72.998 -383.087 -279.541
Accel: 0.610 0.556 0.539
Gyro: 104.476 -433.883 -252.227
Accel: 0.584 0.592 0.578
Gyro: 130.493 -457.611 -213.302
Accel: 0.598 0.575 0.625
Gyro: 140.029 -467.895 -162.826
Accel: 0.709 0.578 0.704
Gyro: 131.713 -468.643 -110.885
Accel: 0.783 0.556 0.776
Gyro: 101.913 -465.408 -56.030
Accel: 0.874 0.524 0.814
Gyro: 66.467 -459.136 -6.195
Accel: 0.840 0.467 0.816
Gyro: 34.606 -440.093 37.139
Accel: 0.885 0.363 0.819
Gyro: -3.768 -410.095 72.814
Accel: 0.978 0.267 0.804
Gyro: -50.445 -379.425 98.297
Accel: 1.050 0.187 0.862
Gyro: -113.479 -342.269 111.297
Accel: 1.171 0.162 0.958
Gyro: -181.549 -303.863 116.622
Accel: 1.194 0.123 1.035
Gyro: -242.980 -262.222 112.655
Accel: 1.169 0.096 1.003
Gyro: -293.243 -222.198 98.327
Accel: 1.032 0.068 0.982
Gyro: -334.045 -188.522 73.013
Accel: 0.894 0.105 0.951
Gyro: -363.235 -170.135 39.215
Accel: 0.689 0.244 0.883
Gyro: -376.083 -156.143 4.287
Accel: 0.569 0.259 0.806
Gyro: -384.643 -151.840 -27.343
Accel: 0.478 0.374 0.783
Gyro: -386.672 -161.056 -55.343
Accel: 0.379 0.507 0.744
Gyro: -375.045 -171.493 -71.716
Accel: 0.289 0.612 0.648
Gyro: -355.697 -179.931 -78.842
Accel: 0.214 0.656 0.548
Gyro: -339.797 -195.785 -67.153
Accel: 0.274 0.715 0.501
Gyro: -331.939 -224.136 -49.453
Accel: 0.531 0.752 0.566
Gyro: -327.758 -250.137 -15.731
Accel: 0.752 0.672 0.696
Gyro: -318.237 -273.254 27.404
Accel: 1.060 0.517 0.854
Gyro: -294.891 -280.303 69.808
Accel: 1.312 0.301 1.008
Gyro: -259.490 -282.470 98.876
Accel: 1.562 0.014 1.156
Gyro: -217.956 -283.782 107.559
Accel: 2.052 0.294 1.288
Gyro: -176.757 -281.066 91.583
Accel: 2.544 0.664 1.343
Gyro: -147.125 -267.837 58.013
Accel: 2.917 0.945 1.374
Gyro: -135.406 -242.568 5.126
Accel: 3.154 1.119 1.348
Gyro: -142.318 -201.644 -46.539
Accel: 3.263 1.183 1.338
Gyro: -169.860 -142.349 -82.351
Accel: 3.244 1.155 1.334
Gyro: -200.302 -81.909 -115.859
Accel: 3.200 1.021 1.338
Gyro: -230.224 -26.519 -140.579
Accel: 3.060 0.826 1.328
Gyro: -250.335 16.464 -156.814
Accel: 2.830 0.760 1.342
Gyro: -261.047 46.798 -167.373
Accel: 2.689 0.679 1.363
Gyro: -256.622 61.904 -178.375
Accel: 2.437 0.635 1.386
Gyro: -235.946 64.483 -194.854
Accel: 2.175 0.581 1.399
Gyro: -201.034 60.028 -208.114
Accel: 1.905 0.511 1.386
Gyro: -158.081 48.645 -229.370
Accel: 1.647 0.409 1.356
Gyro: -113.250 28.594 -241.851
Accel: 1.426 0.187 1.339
Gyro: -71.029 8.529 -254.913
Accel: 1.199 0.114 1.341
Gyro: -38.696 -7.095 -259.140
Accel: 1.117 0.014 1.361
Gyro: -4.013 -22.537 -255.050
Accel: 0.980 0.062 1.391
Gyro: 19.912 -34.790 -246.002
Accel: 0.842 0.108 1.415
Gyro: 47.653 -41.488 -233.398
Accel: 0.721 0.142 1.413
Gyro: 75.515 -42.175 -220.611
Accel: 0.595 0.175 1.375
Gyro: 100.173 -40.649 -206.909
Accel: 0.483 0.207 1.377
Gyro: 120.727 -38.787 -194.091
Accel: 0.398 0.250 1.296
Gyro: 136.322 -31.555 -179.809
Accel: 0.319 0.291 1.228
Gyro: 137.786 -30.212 -175.155
Accel: 0.241 0.334 1.200
Gyro: 132.843 -20.965 -167.282
Accel: 0.153 0.387 1.188
Gyro: 129.104 -6.408 -157.882
Accel: 0.052 0.462 1.168
Gyro: 129.302 13.122 -146.438
Accel: 0.066 0.548 1.132
Gyro: 129.745 38.543 -135.482
Accel: 0.208 0.658 1.057
Gyro: 135.192 63.980 -128.067
Accel: 0.358 0.778 0.960
Gyro: 141.403 79.269 -117.248
Accel: 0.476 0.885 0.864
Gyro: 147.857 93.353 -103.424
Accel: 0.555 0.952 0.694
Gyro: 155.044 96.527 -81.207
Accel: 0.597 -1.004 0.648
Gyro: 162.139 101.058 -45.745
Accel: 0.612 -1.035 0.543
Gyro: 164.733 102.249 -5.386
Accel: 0.579 -1.053 0.464
Gyro: 161.865 98.739 38.360
Accel: 0.497 -1.061 0.418
Gyro: 154.220 92.315 84.442
Accel: 0.397 -1.032 0.405
Gyro: 143.890 86.700 130.966
Accel: 0.252 0.988 0.429
Gyro: 132.675 84.304 177.215
Accel: 0.064 0.916 0.480
Gyro: 121.139 85.220 219.848
Accel: 0.146 0.831 0.582
Gyro: 112.533 96.679 254.058
Accel: 0.385 0.691 0.697
Gyro: 108.673 111.419 286.514
Accel: 0.591 0.670 0.869
Gyro: 114.959 127.716 311.538
Accel: 0.861 0.584 0.886
Gyro: 133.117 148.788 327.239
Accel: 1.005 0.496 0.933
Gyro: 159.393 169.662 332.366
Accel: 1.200 0.405 0.945
Gyro: 188.385 190.368 327.163
Accel: 1.370 0.287 0.920
Gyro: 217.056 212.173 316.009
Accel: 1.547 0.189 0.865
Gyro: 243.469 232.330 294.464
Accel: 1.709 0.123 0.782
Gyro: 266.448 247.894 277.206
Accel: 1.812 0.062 0.650
Gyro: 282.409 263.015 251.281
Accel: 1.885 0.026 0.516
Gyro: 290.802 270.324 233.169
Accel: 1.923 0.020 0.317
Gyro: 281.829 271.362 211.135
Accel: 1.923 0.098 0.255
Gyro: 264.724 265.792 190.307
Accel: 1.913 0.185 0.187
Gyro: 232.192 252.273 172.302
Accel: 1.888 0.239 0.171
Gyro: 198.867 234.710 157.119
Accel: 1.861 0.277 0.195
Gyro: 172.195 220.062 146.636
Accel: 1.854 0.299 0.239
Gyro: 155.426 209.793 138.397
Accel: 1.847 0.312 0.279
Gyro: 146.209 201.965 130.737
Accel: 1.866 0.304 0.340
Gyro: 148.284 192.962 122.802
Accel: 1.903 0.287 0.388
Gyro: 152.908 186.721 116.699
Accel: 1.921 0.281 0.427
Gyro: 168.716 180.160 110.229
Accel: 1.927 0.279 0.464
Gyro: 190.902 169.204 100.357
Accel: 1.930 0.281 0.474
Gyro: 206.451 158.523 87.646
Accel: 1.912 0.289 0.471
Gyro: 225.570 149.536 71.777
Accel: 1.913 0.285 0.468
Gyro: 242.553 139.511 51.788
Accel: 1.910 0.281 0.455
Gyro: 258.422 131.759 37.734
Accel: 1.899 0.273 0.431
Gyro: 272.232 125.686 16.189
Accel: 1.875 0.266 0.395
Gyro: 284.637 119.445 2.655
Accel: 1.844 0.269 0.362
Gyro: 284.576 111.877 -14.251
Accel: 1.802 0.282 0.331
Gyro: 283.126 104.003 -30.807
Accel: 1.748 0.301 0.303
Gyro: 276.626 97.396 -46.875
Accel: 1.681 0.324 0.272
Gyro: 265.197 93.566 -62.454
Accel: 1.609 0.334 0.244
Gyro: 248.748 92.254 -75.592
Accel: 1.543 0.326 0.232
Gyro: 227.951 92.575 -88.348
Accel: 1.497 0.311 0.228
Gyro: 203.887 93.795 -98.449
Accel: 1.460 0.288 0.235
Gyro: 177.169 96.389 -105.789
Accel: 1.435 0.243 0.279
Gyro: 158.554 100.723 -110.504
Accel: 1.416 0.185 0.260
Gyro: 142.608 107.345 -112.075
Accel: 1.386 0.141 0.282
Gyro: 132.385 117.980 -110.183
Accel: 1.335 0.126 0.278
Gyro: 125.625 128.967 -105.636
Accel: 1.262 0.138 0.241
Gyro: 118.301 137.725 -98.922
Accel: 1.179 0.161 0.215
Gyro: 107.772 145.324 -91.369
Accel: 1.119 0.181 0.189
Gyro: 91.415 152.725 -80.596
Accel: 1.075 0.195 0.193
Gyro: 71.533 164.520 -63.369
Accel: 1.030 0.222 0.201
Gyro: 55.725 181.793 -54.443
Accel: 0.995 0.254 0.141
Gyro: 41.641 190.338 -42.144
Accel: 0.984 0.256 0.202
Gyro: 20.645 193.923 -31.051
Accel: 0.949 0.293 0.196
Gyro: 12.771 197.235 -19.912
Accel: 0.914 0.328 0.194
Gyro: 6.210 200.103 -9.414
Accel: 0.886 0.360 0.184
Gyro: 2.548 200.119 -2.456
Accel: 0.838 0.401 0.174
Gyro: 0.183 191.970 1.953
Accel: 0.795 0.449 0.171
Gyro: -1.602 187.255 3.448
Accel: 0.759 0.556 0.171
Gyro: -2.655 172.592 2.777
Accel: 0.707 0.546 0.173
Gyro: -3.280 165.573 0.488
Accel: 0.656 0.589 0.176
Gyro: -7.797 153.839 -2.975
Accel: 0.616 0.622 0.188
Gyro: -4.669 141.067 -7.354
Accel: 0.565 0.645 0.200
Gyro: -5.386 128.494 -12.252
Accel: 0.526 0.650 0.214
Gyro: -5.874 116.592 -16.021
Accel: 0.505 0.648 0.231
Gyro: -7.110 101.623 -18.768
Accel: 0.483 0.649 0.258
Gyro: -8.941 93.215 -19.775
Accel: 0.481 0.663 0.281
Gyro: -13.854 83.190 -18.188
Accel: 0.445 0.658 0.258
Gyro: -16.815 75.134 -16.693
Accel: 0.410 0.664 0.342
Gyro: -17.166 66.543 -15.350
Accel: 0.387 0.647 0.356
Gyro: -18.249 58.441 -12.985
Accel: 0.375 0.635 0.375
Gyro: -18.341 50.643 -10.253
Accel: 0.361 0.642 0.397
Gyro: -17.807 43.457 -7.568
Accel: 0.354 0.642 0.422
Gyro: -18.783 38.818 -5.050
Accel: 0.358 0.632 0.444
Gyro: -21.240 35.751 -2.929
Accel: 0.367 0.622 0.469
Gyro: -23.818 33.767 -1.068
Accel: 0.366 0.608 0.489
Gyro: -24.169 31.951 0.289
Accel: 0.360 0.593 0.508
Gyro: -21.286 29.174 0.686
Accel: 0.362 0.581 0.525
Gyro: -15.533 24.124 0.762
Accel: 0.365 0.569 0.535
Gyro: -6.835 16.418 0.473
Accel: 0.357 0.566 0.538
Gyro: 4.379 3.952 0.030
Accel: 0.341 0.561 0.533
Gyro: 16.235 -6.774 0.228
Accel: 0.340 0.558 0.527
Gyro: 30.517 -18.508 0.534
Accel: 0.353 0.559 0.521
Gyro: 35.980 -26.504 2.578
Accel: 0.436 0.573 0.520
Gyro: 41.671 -35.583 5.020
Accel: 0.392 0.577 0.525
Gyro: 44.326 -41.885 7.705
Accel: 0.412 0.586 0.533
Gyro: 44.799 -44.784 10.711
Accel: 0.428 0.600 0.539
Gyro: 42.602 -44.479 13.870
Accel: 0.435 0.608 0.539
Gyro: 37.948 -41.687 17.364
Accel: 0.440 0.621 0.543
Gyro: 32.165 -36.468 21.453
Accel: 0.493 0.641 0.554
Gyro: 23.345 -30.746 24.948
Accel: 0.506 0.746 0.561
Gyro: 8.850 -23.422 26.031
Accel: 0.499 0.718 0.566
Gyro: 1.998 -14.907 24.169
Accel: 0.493 0.736 0.567
Gyro: -7.934 -5.645 20.385
Accel: 0.475 0.738 0.564
Gyro: -16.632 3.799 17.364
Accel: 0.487 0.725 0.573
Gyro: -24.398 11.0001 15.045
Accel: 0.519 0.716 0.581
Gyro: -31.585 14.373 12.374
Accel: 0.520 0.724 0.597
Gyro: -36.361 16.998 8.651
Accel: 0.494 0.733 0.605
Gyro: -42.953 19.226 3.875
Accel: 0.471 0.727 0.609
Gyro: -35.217 21.514 0.946
Accel: 0.375 0.718 0.606
Gyro: -38.146 23.071 -4.440
Accel: 0.411 0.705 0.596
Gyro: -38.085 23.269 -5.157
Accel: 0.424 0.684 0.593
Gyro: -40.267 20.446 -4.135
Accel: 0.421 0.679 0.597
Gyro: -42.877 15.472 -2.777
Accel: 0.396 0.684 0.607
Gyro: -43.899 10.986 -2.212
Accel: 0.376 0.682 0.621
Gyro: -42.770 6.515 -2.670
Accel: 0.374 0.667 0.643
Gyro: -39.581 1.571 -3.250
Accel: 0.375 0.655 0.664
Gyro: -34.561 -3.509 -3.936
Accel: 0.370 0.646 0.680
Gyro: -27.694 -7.415 -4.745
Accel: 0.361 0.651 0.690
Gyro: -20.629 -10.955 -5.187
Accel: 0.371 0.654 0.696
Gyro: -15.487 -14.938 -5.538
Accel: 0.380 0.655 0.701
Gyro: -11.840 -17.715 -6.637
Accel: 0.373 0.663 0.706
Gyro: -9.170 -19.073 -8.529
Accel: 0.363 0.664 0.705
Gyro: -6.805 -18.859 -10.528
Accel: 0.364 0.660 0.703
Gyro: -6.164 -17.944 -11.444
Accel: 0.364 0.656 0.706
Gyro: -7.171 -16.891 -11.062
Accel: 0.358 0.652 0.707
Gyro: -8.926 -14.739 -10.009
Accel: 0.345 0.645 0.703
Gyro: -11.032 -11.718 -8.346
Accel: 0.329 0.635 0.697
Gyro: -13.534 -7.736 -6.668
