Accel: 0.009 0.061 1.007
Gyro: 0.427 0.701 0.183
Accel: 0.007 0.056 1.013
Gyro: 0.015 0.518 0.198
Accel: 0.008 0.055 1.0010
Gyro: 0.091 0.549 0.122
Accel: 0.006 0.058 1.006
Gyro: 0.137 0.625 0.152
Accel: 0.007 0.056 1.008
Gyro: 0.106 0.701 0.091
Accel: 0.009 0.055 1.002
Gyro: 0.564 0.686 0.137
Accel: 0.006 0.059 1.005
Gyro: 0.793 0.717 0.122
Accel: 0.008 0.053 1.0010
Gyro: 0.717 0.610 0.167
Accel: 0.007 0.057 1.006
Gyro: 0.793 0.549 0.152
Accel: 0.009 0.056 1.008
Gyro: 0.518 0.640 0.122
Accel: 0.009 0.054 1.0010
Gyro: 0.579 0.640 0.122
Accel: 0.009 0.055 1.008
Gyro: 0.488 0.579 0.152
Accel: 0.008 0.055 1.006
Gyro: 0.503 0.778 0.183
Accel: 0.007 0.055 1.003
Gyro: 0.396 0.610 0.167
Accel: 0.0010 0.058 1.008
Gyro: 0.656 0.732 0.137
Accel: 0.009 0.055 1.012
Gyro: -1.388 0.656 0.259
Accel: 0.008 0.055 1.006
Gyro: -2.059 0.503 0.213
Accel: 0.009 0.053 1.009
Gyro: -2.197 0.656 0.305
Accel: 0.007 0.053 1.006
Gyro: -2.349 0.701 0.228
Accel: 0.008 0.054 1.008
Gyro: -2.182 0.671 0.228
Accel: 0.009 0.050 1.002
Gyro: -1.739 0.595 0.244
Accel: 0.008 0.048 1.008
Gyro: 0.869 0.717 0.137
Accel: 0.008 0.050 1.005
Gyro: 0.213 0.640 0.152
Accel: 0.008 0.051 1.007
Gyro: 0.015 0.823 0.076
Accel: 0.007 0.054 1.006
Gyro: 0.457 0.747 0.152
Accel: 0.008 0.052 1.008
Gyro: 0.976 0.610 0.122
Accel: 0.009 0.054 1.006
Gyro: -1.571 0.640 0.213
Accel: 0.006 0.053 1.007
Gyro: -2.029 0.579 0.183
Accel: 0.007 0.050 1.012
Gyro: -1.861 0.549 0.213
Accel: 0.006 0.049 1.004
Gyro: -1.754 0.640 0.137
Accel: 0.007 0.048 1.007
Gyro: -1.876 0.656 0.198
Accel: 0.0010 0.050 1.011
Gyro: -1.602 0.518 0.122
Accel: 0.008 0.051 1.008
Gyro: -1.937 0.442 0.213
Accel: 0.007 0.050 1.008
Gyro: -2.136 0.549 0.244
Accel: 0.008 0.047 1.009
Gyro: -1.937 0.457 0.213
Accel: 0.007 0.045 1.003
Gyro: -1.785 0.488 0.183
Accel: 0.007 0.045 1.008
Gyro: -1.480 0.579 0.244
Accel: 0.007 0.047 1.009
Gyro: -1.373 0.534 0.122
Accel: 0.008 0.047 1.007
Gyro: -1.174 0.579 0.167
Accel: 0.006 0.046 1.007
Gyro: 0.930 0.778 0.122
Accel: 0.006 0.046 1.008
Gyro: 0.915 0.732 0.106
Accel: 0.009 0.048 1.009
Gyro: -1.800 0.671 0.122
Accel: 0.007 0.047 1.011
Gyro: -2.258 0.640 0.106
Accel: 0.0010 0.050 1.0010
Gyro: -2.960 0.381 0.106
Accel: 0.007 0.046 1.008
Gyro: -3.860 0.350 0.152
Accel: 0.006 0.044 1.0010
Gyro: -4.257 0.350 0.152
Accel: 0.007 0.044 1.006
Gyro: -4.333 0.350 0.091
Accel: 0.008 0.041 1.007
Gyro: -3.997 0.106 0.045
Accel: 0.007 0.038 1.003
Gyro: -2.807 0.122 0.167
Accel: 0.008 0.040 1.004
Gyro: -1.937 0.335 0.167
Accel: 0.008 0.040 1.003
Gyro: -1.434 0.457 0.122
Accel: 0.006 0.038 1.005
Gyro: -1.022 0.381 0.167
Accel: 0.014 0.047 1.003
Gyro: 0.488 0.381 0.167
Accel: 0.011 0.042 1.023
Gyro: 0.228 0.549 0.198
Accel: 0.006 0.045 1.014
Gyro: 0.396 0.503 0.167
Accel: 0.003 0.040 1.014
Gyro: 0.411 0.503 0.183
Accel: 0.005 0.046 1.009
Gyro: 0.762 0.259 0.076
Accel: 0.008 0.042 1.015
Gyro: -1.342 0.167 0.198
Accel: 0.007 0.044 1.011
Gyro: -1.754 0.244 0.061
Accel: 0.008 0.042 1.012
Gyro: -2.593 0.015 0.198
Accel: 0.006 0.036 1.005
Gyro: -2.944 0.137 0.656
Accel: 0.002 0.044 1.0000
Gyro: -2.273 0.213 -1.220
Accel: 0.006 0.036 1.007
Gyro: -1.937 0.274 -1.205
Accel: 0.0001 0.029 1.011
Gyro: -1.342 0.701 -1.007
Accel: 0.006 0.029 1.009
Gyro: 0.778 0.717 0.549
Accel: 0.009 0.030 1.008
Gyro: 0.259 0.778 0.198
Accel: 0.006 0.033 1.006
Gyro: 0.244 0.518 0.0000
Accel: 0.005 0.036 1.005
Gyro: 0.183 0.610 0.152
Accel: 0.007 0.034 1.009
Gyro: 0.289 0.625 0.259
Accel: 0.004 0.036 1.007
Gyro: 0.259 0.656 0.213
Accel: 0.007 0.033 1.007
Gyro: 0.137 0.656 0.152
Accel: 0.007 0.037 1.002
Gyro: 0.381 0.503 0.137
Accel: 0.006 0.035 1.004
Gyro: 0.076 0.671 0.183
Accel: 0.015 0.033 1.009
Gyro: 0.350 0.915 0.167
Accel: 0.008 0.038 1.023
Gyro: 0.793 0.930 0.152
Accel: 0.004 0.040 1.0010
Gyro: 1.296 0.961 0.106
Accel: 0.005 0.041 1.0010
Gyro: 1.373 -1.052 -3.875
Accel: 0.003 0.039 1.011
Gyro: 1.647 0.900 0.488
Accel: 0.011 0.042 1.005
Gyro: 1.525 0.915 0.717
Accel: 0.002 0.036 1.020
Gyro: 1.266 -1.007 0.885
Accel: 0.012 0.040 1.012
Gyro: 0.259 0.732 0.885
Accel: 0.006 0.034 1.024
Gyro: -1.068 0.534 0.793
Accel: 0.007 0.046 1.0000
Gyro: -2.288 0.320 0.564
Accel: 0.008 0.038 1.016
Gyro: -3.463 0.045 0.640
Accel: 0.006 0.038 1.013
Gyro: -3.616 0.045 0.778
Accel: 0.007 0.039 1.020
Gyro: -3.753 0.076 -1.098
Accel: 0.004 0.038 1.004
Gyro: -3.051 0.213 -1.647
Accel: 0.008 0.034 0.993
Gyro: -1.586 0.473 -1.968
Accel: 0.002 0.031 0.997
Gyro: 3.753 0.762 -2.182
Accel: 0.006 0.033 1.0001
Gyro: 1.373 -1.129 -2.029
Accel: 0.062 0.043 1.007
Gyro: 1.800 -1.129 -2.441
Accel: 0.0001 0.033 1.006
Gyro: 2.212 0.976 -2.639
Accel: 0.005 0.032 1.0010
Gyro: 2.685 -1.235 -2.410
Accel: 0.009 0.036 1.013
Gyro: 2.456 -1.129 -2.319
Accel: 0.011 0.032 1.0010
Gyro: 2.090 0.930 -1.892
Accel: 0.011 0.036 1.009
Gyro: 1.678 0.854 -1.663
Accel: 0.008 0.044 1.015
Gyro: 0.473 0.747 -1.831
Accel: 0.006 0.042 1.012
Gyro: -1.281 0.518 -2.090
Accel: 0.002 0.037 1.018
Gyro: -2.609 0.213 -2.548
Accel: 0.0000 0.039 1.011
Gyro: -3.631 0.076 -3.112
Accel: 0.0001 0.033 1.006
Gyro: -4.104 0.091 -3.540
Accel: 0.006 0.035 1.004
Gyro: -3.540 0.167 -3.387
Accel: 0.008 0.037 0.999
Gyro: -2.746 -3.875 -2.883
Accel: 0.012 0.028 1.003
Gyro: -1.647 0.381 -2.227
Accel: 0.008 0.028 1.004
Gyro: 0.564 0.640 -1.861
Accel: 0.009 0.026 1.004
Gyro: 0.579 0.839 -1.373
Accel: 0.008 0.024 1.003
Gyro: 1.159 0.869 0.869
Accel: 0.0010 0.025 1.009
Gyro: 1.190 0.900 0.411
Accel: 0.009 0.031 1.011
Gyro: 0.289 0.823 3.890
Accel: 0.007 0.035 1.016
Gyro: 0.991 0.701 0.122
Accel: 0.006 0.035 1.014
Gyro: -1.831 0.442 0.152
Accel: 0.006 0.036 1.009
Gyro: -2.593 0.183 0.152
Accel: 0.006 0.032 1.007
Gyro: -2.716 0.137 0.228
Accel: 0.005 0.029 1.002
Gyro: -2.410 0.198 0.244
Accel: 0.003 0.027 1.002
Gyro: -1.358 0.427 0.198
Accel: 0.004 0.026 0.999
Gyro: 0.167 0.549 0.183
Accel: 0.003 0.025 0.997
Gyro: 1.373 0.747 0.061
Accel: 0.003 0.025 0.994
Gyro: 3.036 -1.007 0.106
Accel: 0.006 0.031 1.008
Gyro: 3.677 -1.327 0.076
Accel: 0.007 0.031 1.013
Gyro: 3.784 -1.373 0.045
Accel: 0.011 0.038 1.021
Gyro: 2.731 0.854 0.122
Accel: 0.008 0.041 1.027
Gyro: 0.411 0.228 0.274
Accel: 0.006 0.041 1.020
Gyro: -3.112 0.259 0.228
Accel: 0.006 0.033 1.0010
Gyro: -4.348 0.549 0.350
Accel: 0.007 0.035 1.006
Gyro: -4.577 0.595 0.518
Accel: 0.005 0.029 1.015
Gyro: -5.477 0.747 0.701
Accel: 0.007 0.025 1.005
Gyro: -5.142 0.686 0.747
Accel: 0.028 0.015 1.016
Gyro: -3.921 0.289 2.471
Accel: 0.009 0.021 0.999
Gyro: -3.326 0.076 3.295
Accel: 0.0010 0.025 1.003
Gyro: -2.578 0.076 4.211
Accel: 0.026 0.015 1.006
Gyro: -2.014 0.808 6.439
Accel: 0.003 0.016 0.993
Gyro: 0.0000 0.259 5.752
Accel: 0.006 0.151 1.016
Gyro: 41.717 8.911 12.649
Accel: 0.011 0.168 0.997
Gyro: 42.465 8.468 12.207
Accel: 0.006 0.173 0.981
Gyro: 43.273 8.468 11.947
Accel: 0.002 0.170 0.955
Gyro: 43.457 7.797 11.962
Accel: 0.0000 0.168 0.928
Gyro: 42.602 7.019 12.069
Accel: 0.005 0.183 0.891
Gyro: 40.725 6.347 11.886
Accel: 0.007 0.189 0.870
Gyro: 37.734 5.203 11.489
Accel: 0.003 0.195 0.855
Gyro: 33.767 3.555 11.138
Accel: 0.008 0.193 0.851
Gyro: 29.098 2.639 10.742
Accel: 0.013 0.194 0.851
Gyro: 24.475 2.029 10.177
Accel: 0.019 0.197 0.864
Gyro: 15.945 1.541 9.490
Accel: 0.020 0.203 0.878
Gyro: 16.601 1.632 8.987
Accel: 0.008 0.208 0.897
Gyro: 15.335 1.113 8.590
Accel: 0.002 0.217 0.908
Gyro: 16.067 0.289 8.071
Accel: 0.003 0.212 0.919
Gyro: 17.181 0.442 7.629
Accel: 0.013 0.209 0.923
Gyro: 17.929 -1.281 6.713
Accel: 0.017 0.209 0.919
Gyro: 17.578 -1.068 5.508
Accel: 0.011 0.205 0.930
Gyro: 15.228 0.427 5.645
Accel: 0.003 0.225 0.940
Gyro: 11.291 2.822 5.187
Accel: 0.012 0.240 0.966
Gyro: 7.110 6.286 4.867
Accel: 0.025 0.236 0.991
Gyro: 5.294 8.514 4.974
Accel: 0.026 0.225 1.019
Gyro: 6.896 9.323 4.531
Accel: 0.009 0.220 1.035
Gyro: 10.971 10.253 2.914
Accel: 0.007 0.221 1.023
Gyro: 15.808 10.620 1.617
Accel: 0.014 0.214 1.008
Gyro: 19.699 9.750 3.295
Accel: 0.036 0.224 1.021
Gyro: 21.286 11.077 3.311
Accel: 0.042 0.230 1.032
Gyro: 21.957 12.329 2.334
Accel: 0.035 0.233 1.029
Gyro: 21.194 13.473 2.502
Accel: 0.022 0.232 1.016
Gyro: 20.660 12.283 3.417
Accel: 0.006 0.240 1.008
Gyro: 21.408 9.918 3.204
Accel: 0.017 0.250 1.020
Gyro: 24.108 7.507 2.944
Accel: 0.028 0.265 1.020
Gyro: 27.862 5.355 3.036
Accel: 0.036 0.277 1.014
Gyro: 31.219 4.684 3.616
Accel: 0.035 0.285 1.008
Gyro: 33.203 5.004 4.623
Accel: 0.041 0.289 0.989
Gyro: 33.798 4.867 5.050
Accel: 0.050 0.272 0.974
Gyro: 32.745 3.448 5.355
Accel: 0.061 0.270 0.958
Gyro: 30.410 1.129 5.187
Accel: 0.053 0.271 0.940
Gyro: 28.762 -1.358 5.477
Accel: 0.038 0.276 0.939
Gyro: 27.816 -2.426 5.599
Accel: 0.027 0.273 0.935
Gyro: 27.496 -2.624 5.172
Accel: 0.022 0.270 0.933
Gyro: 26.809 -2.731 4.638
Accel: 0.037 0.275 0.924
Gyro: 26.443 -3.112 3.967
Accel: 0.052 0.277 0.931
Gyro: 26.824 -3.616 4.119
Accel: 0.050 0.296 0.906
Gyro: 27.679 -4.669 5.126
Accel: 0.039 0.320 0.886
Gyro: 27.694 -6.988 5.615
Accel: 0.017 0.338 0.857
Gyro: 26.275 -10.101 4.989
Accel: 0.016 0.348 0.833
Gyro: 23.651 -12.0100 3.555
Accel: 0.017 0.361 0.813
Gyro: 20.141 -12.710 1.922
Accel: 0.0010 0.373 0.806
Gyro: 15.274 -13.351 0.885
Accel: 0.0001 0.378 0.802
Gyro: 11.428 -14.526 0.564
Accel: 0.014 0.387 0.804
Gyro: 3.906 -15.853 0.366
Accel: 0.007 0.392 0.809
Gyro: 4.943 -15.487 0.625
Accel: 0.009 0.390 0.816
Gyro: 2.548 -12.680 0.244
Accel: 0.017 0.398 0.842
Gyro: 0.747 -11.077 0.366
Accel: 0.022 0.389 0.853
Gyro: 1.373 -8.087 0.213
Accel: 0.024 0.350 0.650
Gyro: 2.502 12.496 -1.113
Accel: 0.200 0.409 0.574
Gyro: -4.516 25.863 0.015
Accel: 0.198 0.516 0.782
Gyro: -19.638 12.222 2.578
Accel: 0.116 0.476 0.839
Gyro: -33.737 1.602 0.671
Accel: 0.148 0.406 0.928
Gyro: -35.125 -9.811 -1.693
Accel: 0.077 0.332 0.823
Gyro: -27.084 -6.805 -3.234
Accel: 0.029 0.340 0.728
Gyro: -22.872 0.381 -3.112
Accel: 0.0000 0.398 0.675
Gyro: -28.579 1.815 -2.166
Accel: 0.020 0.414 0.653
Gyro: -38.482 0.900 0.106
Accel: 0.015 0.409 0.643
Gyro: -45.013 1.495 2.685
Accel: 0.005 0.382 0.601
Gyro: -47.622 0.473 4.150
Accel: 0.0000 0.363 0.558
Gyro: -47.561 -6.347 5.584
Accel: 0.012 0.362 0.453
Gyro: -47.256 -14.968 6.149
Accel: 0.025 0.364 0.347
Gyro: -49.697 -23.849 3.890
Accel: 0.0001 0.409 0.322
Gyro: -57.205 -25.161 0.946
Accel: 0.042 0.456 0.324
Gyro: -67.367 -28.839 0.808
Accel: 0.040 0.431 0.277
Gyro: -77.545 -30.700 -2.288
Accel: 0.050 0.373 0.258
Gyro: -86.456 -23.895 -5.844
Accel: 0.038 0.251 0.197
Gyro: -96.099 -18.371 -8.941
Accel: 0.026 0.269 0.119
Gyro: -105.865 -11.642 -9.078
Accel: 0.029 0.238 0.025
Gyro: -113.967 -5.752 -11.596
Accel: 0.040 0.189 0.043
Gyro: -120.0010 0.366 -16.845
Accel: 0.039 0.147 0.081
Gyro: -124.862 4.104 -21.423
Accel: 0.016 0.092 0.102
Gyro: -129.272 5.996 -25.177
Accel: 0.055 0.030 0.139
Gyro: -134.262 -1.892 -32.424
Accel: 0.120 0.088 0.091
Gyro: -145.996 -3.341 -41.519
Accel: 0.145 0.275 0.104
Gyro: -145.996 7.461 -55.755
Accel: 0.160 0.328 0.0000
Gyro: -139.678 12.908 -64.956
Accel: 0.014 0.197 0.008
Gyro: -130.187 14.755 -70.434
Accel: 0.027 0.101 0.047
Gyro: -121.856 15.029 -71.380
Accel: 0.026 0.068 0.217
Gyro: -112.731 20.507 -70.877
Accel: 0.102 -5.457 7.999
Gyro: 334.564 105.575 -19.287
Accel: 0.774 1.548 -5.622
Gyro: -3.372 177.215 10.040
Accel: -1.694 1.926 -4.130
Gyro: 61.141 -39.474 -40.084
Accel: 0.408 0.338 0.283
Gyro: -91.049 62.042 -18.402
Accel: 0.327 0.122 2.867
Gyro: 12.939 3.982 -3.875
Accel: 0.070 0.135 0.826
Gyro: -8.666 -5.371 0.106
Accel: 0.014 0.020 1.038
Gyro: -4.608 2.273 0.946
Accel: 0.0010 0.056 1.008
Gyro: 0.808 1.968 2.685
Accel: 0.0010 0.016 1.090
Gyro: 0.366 1.266 5.905
Accel: 0.017 0.005 1.015
Gyro: 0.015 0.595 6.530
Accel: 0.062 0.041 0.887
Gyro: 0.671 0.473 0.167
Accel: 0.092 0.018 1.108
Gyro: 0.930 0.259 0.320
Accel: 0.0001 0.011 0.977
Gyro: 0.549 -1.220 0.244
Accel: 0.015 0.009 0.949
Gyro: -3.646 0.961 0.244
Accel: 0.009 0.015 1.031
Gyro: 0.030 -1.235 0.228
Accel: 0.055 0.007 1.046
Gyro: 0.183 -1.022 0.213
Accel: 0.018 0.016 0.946
Gyro: 0.762 0.823 0.213
Accel: 0.013 0.023 1.043
Gyro: 0.564 0.579 0.198
Accel: 0.004 0.013 1.045
Gyro: 0.305 0.717 0.152
Accel: 0.009 0.0010 0.985
Gyro: 0.213 -1.037 0.244
Accel: 0.007 0.021 1.002
Gyro: 0.106 0.503 0.183
Accel: 0.008 0.008 1.043
Gyro: 0.244 0.442 0.228
Accel: 0.062 0.0010 0.991
Gyro: 0.274 0.885 0.228
Accel: 0.0000 0.014 1.002
Gyro: 0.381 0.854 0.228
Accel: 0.007 0.004 1.020
Gyro: 0.335 0.656 0.259
Accel: 0.004 0.012 1.007
Gyro: 0.244 0.762 0.305
Accel: 0.003 0.0010 0.992
Gyro: 0.106 0.854 0.213
Accel: 0.0001 0.058 1.0010
Gyro: 0.320 0.839 0.213
Accel: 0.004 0.0010 1.009
Gyro: 0.518 0.701 0.244
Accel: 0.005 0.008 1.011
Gyro: 0.396 0.732 0.289
Accel: 0.005 0.006 1.004
Gyro: 0.183 0.656 0.259
Accel: 0.005 0.008 1.005
Gyro: 0.289 0.854 0.213
Accel: 0.004 0.006 1.0010
Gyro: 0.061 -1.007 0.228
Accel: 0.006 0.005 1.003
Gyro: 0.122 0.793 0.213
Accel: 0.008 0.006 1.020
Gyro: 0.061 0.778 0.244
Accel: 0.002 0.0000 1.008
Gyro: 0.152 0.808 0.244
Accel: 0.005 0.011 1.0000
Gyro: 0.091 0.946 0.213
Accel: 0.002 0.007 1.018
Gyro: 0.244 0.717 0.183
Accel: 0.007 0.002 1.005
Gyro: 0.259 0.717 0.274
Accel: 0.007 0.009 1.005
Gyro: 0.244 0.686 0.274
Accel: 0.007 0.006 1.0010
Gyro: 0.167 0.793 0.228
Accel: 0.006 0.006 1.019
Gyro: 0.213 0.732 0.213
Accel: 0.003 0.008 1.005
Gyro: 0.198 0.885 0.213
Accel: 0.006 0.003 1.009
Gyro: 0.183 0.793 0.198
Accel: 0.005 0.009 1.0010
Gyro: 0.320 0.656 0.228
Accel: 0.004 0.004 1.003
Gyro: 0.213 0.686 0.228
Accel: 0.006 0.005 1.006
Gyro: 0.228 0.732 0.213
Accel: 0.002 0.008 1.015
Gyro: 0.244 0.610 0.259
Accel: 0.006 0.007 1.006
Gyro: 0.274 0.671 0.228
Accel: 0.006 0.007 1.008
Gyro: 0.244 0.549 0.289
Accel: 0.007 0.006 1.009
Gyro: 0.259 0.473 0.289
Accel: 0.005 0.003 1.008
Gyro: 0.289 0.671 0.244
Accel: 0.004 0.005 1.006
Gyro: 0.228 0.564 0.228
Accel: 0.007 0.008 1.016
Gyro: 0.244 0.503 0.228
Accel: 0.005 0.004 1.013
Gyro: 0.198 0.610 0.244
Accel: 0.005 0.007 1.005
Gyro: 0.244 0.671 0.244
Accel: 0.005 0.005 1.012
Gyro: 0.244 0.610 0.167
Accel: 0.003 0.004 1.002
Gyro: 0.305 0.717 0.289
Accel: 0.005 0.005 1.009
Gyro: 0.289 0.625 0.244
Accel: 0.004 0.007 1.011
Gyro: 0.305 0.595 0.289
Accel: 0.006 0.008 1.0010
Gyro: 0.289 0.488 0.244
Accel: 0.005 0.008 1.008
Gyro: 0.305 0.686 0.289
Accel: 0.006 0.004 1.009
Gyro: 0.320 0.595 0.213
Accel: 0.005 0.006 1.0010
Gyro: 0.289 0.549 0.244
Accel: 0.004 0.006 1.004
Gyro: 0.289 0.625 0.152
Accel: 0.004 0.004 1.009
Gyro: 0.228 0.610 0.228
Accel: 0.004 0.007 1.013
Gyro: 0.366 0.640 0.289
Accel: 0.005 0.006 1.009
Gyro: 0.213 0.656 0.244
Accel: 0.005 0.006 1.011
Gyro: 0.259 0.656 0.228
Accel: 0.005 0.005 1.009
Gyro: 0.259 0.762 0.213
Accel: 0.005 0.004 1.003
Gyro: 0.152 0.686 0.244
Accel: 0.005 0.007 1.012
Gyro: 0.213 0.579 0.244
Accel: 0.005 0.005 1.008
Gyro: 0.152 0.854 0.213
Accel: 0.007 0.006 1.014
Gyro: 0.259 0.686 0.213
Accel: 0.004 0.008 1.008
Gyro: 0.274 0.778 0.198
Accel: 0.005 0.007 1.008
Gyro: 0.167 0.717 0.274
Accel: 0.004 0.007 1.008
Gyro: 0.198 0.656 0.259
Accel: 0.006 0.007 1.008
Gyro: 0.289 0.732 0.289
Accel: 0.006 0.007 1.007
Gyro: 0.289 0.656 0.213
Accel: 0.005 0.006 1.011
Gyro: 0.259 0.610 0.228
Accel: 0.006 0.008 1.0010
Gyro: 0.244 0.747 0.244
Accel: 0.004 0.006 1.004
Gyro: 0.152 0.671 0.183
Accel: 0.005 0.006 1.012
Gyro: 0.320 0.656 0.167
Accel: 0.005 0.006 1.008
Gyro: 0.274 0.610 0.244
Accel: 0.005 0.006 1.005
Gyro: 0.198 0.564 0.213
Accel: 0.004 0.007 1.013
Gyro: 0.167 0.671 0.228
Accel: 0.005 0.004 1.012
Gyro: 0.213 0.717 0.289
Accel: 0.006 0.009 1.006
Gyro: 0.137 0.778 0.213
Accel: 0.005 0.007 1.0010
Gyro: 0.289 0.656 0.213
Accel: 0.005 0.005 1.008
Gyro: 0.167 0.610 0.228
Accel: 0.006 0.006 1.007
Gyro: 0.228 0.732 0.198
Accel: 0.006 0.007 1.007
Gyro: 0.244 0.564 0.228
Accel: 0.004 0.006 1.011
Gyro: 0.167 0.640 0.305
Accel: 0.005 0.0010 1.007
Gyro: 0.198 0.686 0.213
Accel: 0.007 0.009 1.0010
Gyro: 0.259 0.686 0.228
Accel: 0.004 0.005 1.008
Gyro: 0.350 0.686 0.213
Accel: 0.005 0.006 1.006
Gyro: 0.228 0.640 0.305
Accel: 0.006 0.005 1.0010
Gyro: 0.350 0.518 0.228
Accel: 0.002 0.005 1.0010
Gyro: 0.228 0.747 0.259
Accel: 0.005 0.005 1.011
Gyro: 0.244 0.488 0.213
Accel: 0.005 0.005 1.009
Gyro: 0.350 0.549 0.183
Accel: 0.004 0.005 1.007
Gyro: 0.183 0.549 0.244
Accel: 0.005 0.005 1.008
Gyro: 0.228 0.656 0.289
Accel: 0.003 0.005 1.0010
Gyro: 0.244 0.625 0.289
Accel: 0.003 0.007 1.007
Gyro: 0.320 0.625 0.244
Accel: 0.004 0.004 1.008
Gyro: 0.259 0.701 0.198
Accel: 0.003 0.007 1.013
Gyro: 0.335 0.717 0.244
Accel: 0.005 0.007 1.007
Gyro: 0.228 0.717 0.228
Accel: 0.005 0.005 1.007
Gyro: 0.350 0.625 0.213
Accel: 0.004 0.006 1.0010
Gyro: 0.320 0.610 0.274
Accel: 0.005 0.008 1.008
Gyro: 0.244 0.686 0.244
Accel: 0.005 0.005 1.009
Gyro: 0.183 0.610 0.244
Accel: 0.006 0.005 1.011
Gyro: 0.244 0.610 0.244
Accel: 0.005 0.004 1.007
Gyro: 0.305 0.671 0.213
Accel: 0.006 0.005 1.009
Gyro: 0.183 0.595 0.259
Accel: 0.006 0.006 1.008
Gyro: 0.244 0.595 0.259
Accel: 0.005 0.005 1.008
Gyro: 0.259 0.656 0.259
Accel: 0.006 0.005 1.0010
Gyro: 0.244 0.671 0.274
